<?xml version="1.0" encoding="UTF-8"?>
<testsuites name="All" time="390" tests="50" failures="5" errors="0">
   <testsuite name="All" tests="50" failures="5" errors="0" time="390" timestamp="2018-10-29 15:35:36" hostname="AAYENDLURI - AnuradhaYend1IN.amr.smtf.ds" id="Test Suites/All">
      <properties>
         <property name="deviceName" value=""/>
         <property name="devicePlatform" value=""/>
         <property name="logFolder" value="D:\\KatalonAPI\\KatalonAPITesting\\Reports\\All\\20181029_153533"/>
         <property name="logFiles" value="D:\\KatalonAPI\\KatalonAPITesting\\Reports\\All\\20181029_153533\\execution0.log"/>
         <property name="attachments" value=""/>
         <property name="hostName" value="AAYENDLURI - AnuradhaYend1IN.amr.smtf.ds"/>
         <property name="os" value="Windows 8.1 64bit"/>
         <property name="katalonVersion" value="5.8.3.2"/>
         <property name="browser" value="Chrome 69.0.3497.100"/>
         <property name="hostAddress" value="10.144.23.34"/>
         <property name="sessionId" value="f91100402d4cf50145c195fd043a1c11"/>
         <property name="seleniumVersion" value="3.7.1"/>
         <property name="proxyInformation" value="ProxyInformation{proxyOption=NO_PROXY, proxyServerType=HTTP, password=, proxyServerAddress=, proxyServerPort=0}"/>
         <property name="platform" value="Windows 8.1"/>
      </properties>
      <testcase name="Test Cases/Common/ContributerEsbToken" classname="Test Cases/Common/ContributerEsbToken" status="PASSED">
         <system-out><![CDATA[2018-10-29 15:35:37 - [TEST_CASE][PASSED] - Test Cases/Common/ContributerEsbToken: Test Cases/Common/ContributerEsbToken

2018-10-29 15:35:38 - [TEST_STEP][PASSED] - dbConnectionPackage.DBConnectionKeyword.CloseConnections: dbConnectionPackage.DBConnectionKeyword.CloseConnections is PASSED

2018-10-29 15:35:48 - [MESSAGE][PASSED] - Delayed 10 second(s)

2018-10-29 15:35:48 - [MESSAGE][PASSED] - dbConnectionPackage.DBConnectionKeyword.CloseConnections is PASSED

2018-10-29 15:35:48 - [TEST_STEP][PASSED] - openBrowser: Browser is opened with url: ''

2018-10-29 15:35:55 - [MESSAGE][PASSED] - Browser is opened with url: ''

2018-10-29 15:35:55 - [TEST_STEP][PASSED] - navigateToUrl: Navigate to 'https://cl08sales.sumtotaldevelopment.net' successfully

2018-10-29 15:35:56 - [MESSAGE][PASSED] - Navigate to 'https://cl08sales.sumtotaldevelopment.net' successfully

2018-10-29 15:35:56 - [TEST_STEP][PASSED] - setText: Text 'Contributer' is set on object 'Object Repository/EsbToken/Page_Sign In/input_ctl00ctl00ctl00BodyConte'

2018-10-29 15:35:57 - [MESSAGE][PASSED] - Text 'Contributer' is set on object 'Object Repository/EsbToken/Page_Sign In/input_ctl00ctl00ctl00BodyConte'

2018-10-29 15:35:57 - [TEST_STEP][PASSED] - setText: Text 'p' is set on object 'Object Repository/EsbToken/Page_Sign In/input_ctl00ctl00ctl00BodyConte_1'

2018-10-29 15:35:57 - [MESSAGE][PASSED] - Text 'p' is set on object 'Object Repository/EsbToken/Page_Sign In/input_ctl00ctl00ctl00BodyConte_1'

2018-10-29 15:35:57 - [TEST_STEP][PASSED] - click: Object: 'Object Repository/EsbToken/Page_Sign In/input_ctl00ctl00ctl00BodyConte_2' is clicked on

2018-10-29 15:35:58 - [MESSAGE][PASSED] - Object: 'Object Repository/EsbToken/Page_Sign In/input_ctl00ctl00ctl00BodyConte_2' is clicked on

2018-10-29 15:35:58 - [TEST_STEP][PASSED] - waitForPageLoad: Wait for page load successfully

2018-10-29 15:36:01 - [MESSAGE][PASSED] - Wait for page load successfully

2018-10-29 15:36:01 - [TEST_STEP][PASSED] - waitForElementPresent: Object 'Object Repository/EsbToken/Page_Home - SumTotal/i_fa fa-user' is present

2018-10-29 15:36:02 - [MESSAGE][PASSED] - Object 'Object Repository/EsbToken/Page_Home - SumTotal/i_fa fa-user' is present

2018-10-29 15:36:02 - [TEST_STEP][PASSED] - Statement - s = com.kms.katalon.core.webui.keyword.WebUiBuiltInKeywords.executeJavaScript("return document.documentElement.innerHTML;", null): Execute JavaScript 'return document.documentElement.innerHTML;' successfully

2018-10-29 15:36:03 - [MESSAGE][PASSED] - Execute JavaScript 'return document.documentElement.innerHTML;' successfully

2018-10-29 15:36:03 - [TEST_STEP][PASSED] - comment: <head><style type="text/css">@charset "UTF-8";[ng\:cloak],[ng-cloak],[data-ng-cloak],[x-ng-cloak],.ng-cloak,.x-ng-cloak,.ng-hide:not(.ng-hide-animate){display:none !important;}ng\:form{display:block;}.ng-animate-shim{visibility:hidden;}.ng-anchor{position:absolute;}</style>
  <!--
    ElixHR_18.3.0.0_2018.9.10.1;
  -->

  <title aria-atomic="true" aria-live="assertive">Home - SumTotal</title>
  <meta name="viewport" content="width=device-width, initial-scale=1, minimum-scale=1, maximum-scale=1">
  <meta name="apple-mobile-web-app-capable" content="yes">
  <meta name="format-detection" content="telephone=yes">
  <meta charset="utf-8">
  <base href="/core/">
  <link rel="shortcut icon" href="https://cl08sales.sumtotaldevelopment.net/Core/favicon.sumttheme?img&amp;themekey=DEFAULT&amp;v=-1815458024" type="image/x-icon">
  <link rel="icon" href="https://cl08sales.sumtotaldevelopment.net/Core/favicon.sumttheme?img&amp;themekey=DEFAULT&amp;v=-1815458024" type="image/ico">
  
  
    <!-- core:css -->
    <link rel="stylesheet" href="/Core/Content/Common/core.css?hash=ElixHR_18.3.0.0_2018.9.10.1" type="text/css">
    <!-- endinject -->
  <link rel="stylesheet" href="/Core/bower_components/gridstack/dist/gridstack.min.css?hash=ElixHR_18.3.0.0_2018.9.10.1" type="text/css">
  <link rel="stylesheet" href="/Core/Content/Common/colorpicker.min.css?hash=ElixHR_18.3.0.0_2018.9.10.1" type="text/css">
  <link rel="stylesheet" href="https://cl08sales.sumtotaldevelopment.net/Core/bootstrap.sumttheme?css&amp;themekey=DEFAULT&amp;v=-1815458024" type="text/css">
  <link rel="stylesheet" href="https://cl08sales.sumtotaldevelopment.net/Core/foundation.sumttheme?css&amp;themekey=DEFAULT&amp;v=-1815458024" type="text/css">
  <style id="bootstrapThemePreviewStyle" type="text/css">
  </style>
  <style id="foundationThemePreviewStyle" type="text/css">
  </style>

  <link rel="stylesheet" href="https://cl08sales.sumtotaldevelopment.net/Core/elixHR.sumttheme?css&amp;themekey=DEFAULT&amp;v=-1815458024" type="text/css">
  <style id="elixHRThemePreviewStyle" type="text/css">
    .showRightSection {
      margin-left: 26%;
    }

    .hideRightSection {
      margin-left: 0px;
    }

    .showLeftSection {
      display: block;
    }

    .hideLeftSection {
      display: none;
    }
  </style>
  <script type="text/javascript">
    (function (root, factory) {
      factory(root);
    }(this, function (root) {
      root['modulesPath'] = '/Core/dist/app/modules/';

      // root should be the window object. there will need to be some items that we place there right off the bat.
      // temp static data is a method which in the future will prepare all of our static data for client consumption.
      root['tempStaticData'] = {"dashboards":{"Hash":"-774117504","Dashboards":[{"Id":-19,"DefaultPage":{"Id":-200,"title":"Learning Focus","Description":"Learning Focus","IsSystemLocked":false,"Name":"Learning Focus","IsGuestPage":false,"ParameterJSON":null,"Personalization":null,"Url":"#/dash/learningfocus/initial","path":"dash/learningfocus","WebPartPageKey":null,"IsEnabled":false,"RPKey":"LM","Priority":20,"WebParts":[{"Id":-8,"ChromeStyle":0,"Definition":{"WebPartDefinitionKey":"LM_RecommendedActivities","Title":"Recommended Activities","Description":"Displays recommended activities based on your interests, your required skills, and suggestions from others in your organization in a carousel.","SubTitle":null,"WebPartIconName":null,"WidgetNotificationMode":0,"WidgetDeeplinkUrlText":null,"CategoryName":"Learning","IsWebPartEnabled":true,"TypeName":null,"WebPartServiceAgentInterfaceTypeName":null,"WebPartDefinitionXml":null,"HideWebPartHeader":true,"HideWebPartFooter":true,"IsFreeFlowing":false,"PillarKey":"LM","ChromeStyle":6,"ParameterJSON":"{\"HeaderLinkIcon\":\"\",\"IsCustomEditor\":false,\"PreviewType\":\"table\"}","TemplatePath":"app/modules/dashboard/views/webparts/widgetRecommendedActivitiesCarousel.html","IsSystemLocked":false,"Category":{"Id":8,"Name":"Learning","CategoryKey":"WebPartDefinition_Learning","Description":"Learning","ParentId":1,"OrdinalPosition":null},"Id":115},"HeaderColor":null,"IsHidden":false,"Layout":"{\"x\":0,\"y\":52,\"width\":100,\"height\":19,\"marginBottom\":1.8125}","OverrideTemplate":null,"ParameterJSON":"{\"HeaderLinkIcon\":\"\",\"IsCustomEditor\":false,\"PreviewType\":\"table\"}","SubTitle":null,"SupportsFullScreen":true,"Title":null},{"Id":-7,"ChromeStyle":7,"Definition":{"WebPartDefinitionKey":"LM_ResumeLearning","Title":"Resume Learning","Description":"Provides user with quick access to all recently launched non-completed training items.","SubTitle":"List of recently launched activities","WebPartIconName":null,"WidgetNotificationMode":0,"WidgetDeeplinkUrlText":"View All Recently Launched Activities","CategoryName":"Learning","IsWebPartEnabled":true,"TypeName":"SumTotal.SPPortal.WebParts.Core.Learning.RecentlyLaunched.RecentlyLaunched, SumTotal.SPPortal.WebParts, Version=1.0.0.0, Culture=neutral, PublicKeyToken=6b7f90fbd13cce01","WebPartServiceAgentInterfaceTypeName":"ILMWebPartContractAsync","WebPartDefinitionXml":null,"HideWebPartHeader":false,"HideWebPartFooter":true,"IsFreeFlowing":false,"PillarKey":"LM","ChromeStyle":7,"ParameterJSON":"{\"HeaderLinkIcon\":\"\",\"IsCustomEditor\":false,\"PreviewType\":\"table\"}","TemplatePath":"app/modules/dashboard/views/webparts/widgetRecentlyLaunchedActivitiesList.html","IsSystemLocked":false,"Category":{"Id":8,"Name":"Learning","CategoryKey":"WebPartDefinition_Learning","Description":"Learning","ParentId":1,"OrdinalPosition":null},"Id":114},"HeaderColor":null,"IsHidden":false,"Layout":"{\"x\":41,\"y\":15,\"width\":59,\"height\":17,\"marginBottom\":0}","OverrideTemplate":null,"ParameterJSON":"{\"HeaderLinkIcon\":\"\",\"IsCustomEditor\":false,\"PreviewType\":\"table\"}","SubTitle":"List of recently launched activities","SupportsFullScreen":true,"Title":null},{"Id":-6,"ChromeStyle":0,"Definition":{"WebPartDefinitionKey":"Common_SearchWidget","Title":"Search","Description":"Quick Search for Courses, Training, Videos, Books and Audiobooks","SubTitle":"Search for Courses, Training, Videos, Books and Audiobooks","WebPartIconName":null,"WidgetNotificationMode":0,"WidgetDeeplinkUrlText":null,"CategoryName":"Learning","IsWebPartEnabled":true,"TypeName":null,"WebPartServiceAgentInterfaceTypeName":null,"WebPartDefinitionXml":null,"HideWebPartHeader":true,"HideWebPartFooter":false,"IsFreeFlowing":false,"PillarKey":null,"ChromeStyle":6,"ParameterJSON":"{\"HeaderLinkIcon\":\"\",\"IsCustomEditor\":false,\"PreviewType\":\"table\"}","TemplatePath":"app/modules/dashboard/views/webparts/widgetEnterpriseSearch.html","IsSystemLocked":false,"Category":{"Id":8,"Name":"Learning","CategoryKey":"WebPartDefinition_Learning","Description":"Learning","ParentId":1,"OrdinalPosition":null},"Id":113},"HeaderColor":null,"IsHidden":false,"Layout":"{\"x\":0,\"y\":0,\"width\":100,\"height\":13,\"marginBottom\":0.8125}","OverrideTemplate":null,"ParameterJSON":"{\"HeaderLinkIcon\":\"\",\"IsCustomEditor\":false,\"PreviewType\":\"table\",\"showBackground\":true,\"showBorder\":false,\"showShadow\":false,\"noScroll\":true}","SubTitle":"Search for Courses, Training, Videos, Books and Audiobooks","SupportsFullScreen":true,"Title":null},{"Id":-5,"ChromeStyle":7,"Definition":{"WebPartDefinitionKey":"LM_FavouritesCarousel","Title":"My Favorites","Description":"Supports quick access to content marked as a favorite by the user in a carousel.","SubTitle":"Activities, Categories, Collaboration Centers","WebPartIconName":null,"WidgetNotificationMode":1,"WidgetDeeplinkUrlText":"More...","CategoryName":"Learning","IsWebPartEnabled":true,"TypeName":"SumTotal.SPPortal.WebParts.Core.Learning.Favorites.Favorites, SumTotal.SPPortal.WebParts, Version=1.0.0.0, Culture=neutral, PublicKeyToken=6b7f90fbd13cce01","WebPartServiceAgentInterfaceTypeName":"ILMWebPartContractAsync","WebPartDefinitionXml":null,"HideWebPartHeader":false,"HideWebPartFooter":true,"IsFreeFlowing":false,"PillarKey":"LM","ChromeStyle":7,"ParameterJSON":"{\"HeaderLinkIcon\":\"\",\"IsCustomEditor\":false,\"PreviewType\":\"table\"}","TemplatePath":"app/modules/dashboard/views/webparts/widgetFavoritesCarousel.html","IsSystemLocked":false,"Category":{"Id":8,"Name":"Learning","CategoryKey":"WebPartDefinition_Learning","Description":"Learning","ParentId":1,"OrdinalPosition":null},"Id":112},"HeaderColor":null,"IsHidden":false,"Layout":"{\"x\":0,\"y\":34,\"width\":100,\"height\":17,\"marginBottom\":0}","OverrideTemplate":null,"ParameterJSON":"{\"HeaderLinkIcon\":\"\",\"IsCustomEditor\":false,\"PreviewType\":\"table\"}","SubTitle":"Activities, Categories, Collaboration Centers","SupportsFullScreen":true,"Title":null},{"Id":-4,"ChromeStyle":7,"Definition":{"WebPartDefinitionKey":"LM_MyLearning","Title":"My Learning","Description":"Provides user with graphical summary of their assigned training compliance status.","SubTitle":null,"WebPartIconName":null,"WidgetNotificationMode":0,"WidgetDeeplinkUrlText":null,"CategoryName":"Learning","IsWebPartEnabled":true,"TypeName":"SumTotal.SPPortal.WebParts.Core.Learning.MyLearning.MyLearning, SumTotal.SPPortal.WebParts, Version=1.0.0.0, Culture=neutral, PublicKeyToken=6b7f90fbd13cce01","WebPartServiceAgentInterfaceTypeName":"ILMWebPartContractAsync","WebPartDefinitionXml":null,"HideWebPartHeader":false,"HideWebPartFooter":true,"IsFreeFlowing":false,"PillarKey":"LM","ChromeStyle":7,"ParameterJSON":"{\"HeaderLinkIcon\":\"\",\"IsCustomEditor\":false,\"PreviewType\":\"html\"}","TemplatePath":"app/modules/dashboard/views/webparts/widgetMyLearning.html","IsSystemLocked":false,"Category":{"Id":8,"Name":"Learning","CategoryKey":"WebPartDefinition_Learning","Description":"Learning","ParentId":1,"OrdinalPosition":null},"Id":67},"HeaderColor":null,"IsHidden":false,"Layout":"{\"x\":0,\"y\":15,\"width\":40,\"height\":17,\"marginBottom\":0}","OverrideTemplate":null,"ParameterJSON":"{\"HeaderLinkIcon\":\"\",\"IsCustomEditor\":false,\"PreviewType\":\"html\"}","SubTitle":null,"SupportsFullScreen":true,"Title":null}],"CanAddPage":false,"CanEditPage":false,"CanDeletePage":false,"CanPersonalizePage":false},"Description":"Displays learning related widgets","Name":"Learning Focused Dashboard","Url":"#/dash/learningfocus","WebPartPageDefinitionKey":null,"WebPartPages":[{"Id":-200,"title":"Learning Focus","Description":"Learning Focus","IsSystemLocked":false,"Name":"Learning Focus","IsGuestPage":false,"ParameterJSON":null,"Personalization":null,"Url":"#/dash/learningfocus/initial","path":"dash/learningfocus/initial","WebPartPageKey":null,"IsEnabled":false,"RPKey":"LM","Priority":20,"WebParts":[{"Id":-8,"ChromeStyle":0,"Definition":{"WebPartDefinitionKey":"LM_RecommendedActivities","Title":"Recommended Activities","Description":"Displays recommended activities based on your interests, your required skills, and suggestions from others in your organization in a carousel.","SubTitle":null,"WebPartIconName":null,"WidgetNotificationMode":0,"WidgetDeeplinkUrlText":null,"CategoryName":"Learning","IsWebPartEnabled":true,"TypeName":null,"WebPartServiceAgentInterfaceTypeName":null,"WebPartDefinitionXml":null,"HideWebPartHeader":true,"HideWebPartFooter":true,"IsFreeFlowing":false,"PillarKey":"LM","ChromeStyle":6,"ParameterJSON":"{\"HeaderLinkIcon\":\"\",\"IsCustomEditor\":false,\"PreviewType\":\"table\"}","TemplatePath":"app/modules/dashboard/views/webparts/widgetRecommendedActivitiesCarousel.html","IsSystemLocked":false,"Category":{"Id":8,"Name":"Learning","CategoryKey":"WebPartDefinition_Learning","Description":"Learning","ParentId":1,"OrdinalPosition":null},"Id":115},"HeaderColor":null,"IsHidden":false,"Layout":"{\"x\":0,\"y\":52,\"width\":100,\"height\":19,\"marginBottom\":1.8125}","OverrideTemplate":null,"ParameterJSON":"{\"HeaderLinkIcon\":\"\",\"IsCustomEditor\":false,\"PreviewType\":\"table\"}","SubTitle":null,"SupportsFullScreen":true,"Title":null},{"Id":-7,"ChromeStyle":7,"Definition":{"WebPartDefinitionKey":"LM_ResumeLearning","Title":"Resume Learning","Description":"Provides user with quick access to all recently launched non-completed training items.","SubTitle":"List of recently launched activities","WebPartIconName":null,"WidgetNotificationMode":0,"WidgetDeeplinkUrlText":"View All Recently Launched Activities","CategoryName":"Learning","IsWebPartEnabled":true,"TypeName":"SumTotal.SPPortal.WebParts.Core.Learning.RecentlyLaunched.RecentlyLaunched, SumTotal.SPPortal.WebParts, Version=1.0.0.0, Culture=neutral, PublicKeyToken=6b7f90fbd13cce01","WebPartServiceAgentInterfaceTypeName":"ILMWebPartContractAsync","WebPartDefinitionXml":null,"HideWebPartHeader":false,"HideWebPartFooter":true,"IsFreeFlowing":false,"PillarKey":"LM","ChromeStyle":7,"ParameterJSON":"{\"HeaderLinkIcon\":\"\",\"IsCustomEditor\":false,\"PreviewType\":\"table\"}","TemplatePath":"app/modules/dashboard/views/webparts/widgetRecentlyLaunchedActivitiesList.html","IsSystemLocked":false,"Category":{"Id":8,"Name":"Learning","CategoryKey":"WebPartDefinition_Learning","Description":"Learning","ParentId":1,"OrdinalPosition":null},"Id":114},"HeaderColor":null,"IsHidden":false,"Layout":"{\"x\":41,\"y\":15,\"width\":59,\"height\":17,\"marginBottom\":0}","OverrideTemplate":null,"ParameterJSON":"{\"HeaderLinkIcon\":\"\",\"IsCustomEditor\":false,\"PreviewType\":\"table\"}","SubTitle":"List of recently launched activities","SupportsFullScreen":true,"Title":null},{"Id":-6,"ChromeStyle":0,"Definition":{"WebPartDefinitionKey":"Common_SearchWidget","Title":"Search","Description":"Quick Search for Courses, Training, Videos, Books and Audiobooks","SubTitle":"Search for Courses, Training, Videos, Books and Audiobooks","WebPartIconName":null,"WidgetNotificationMode":0,"WidgetDeeplinkUrlText":null,"CategoryName":"Learning","IsWebPartEnabled":true,"TypeName":null,"WebPartServiceAgentInterfaceTypeName":null,"WebPartDefinitionXml":null,"HideWebPartHeader":true,"HideWebPartFooter":false,"IsFreeFlowing":false,"PillarKey":null,"ChromeStyle":6,"ParameterJSON":"{\"HeaderLinkIcon\":\"\",\"IsCustomEditor\":false,\"PreviewType\":\"table\"}","TemplatePath":"app/modules/dashboard/views/webparts/widgetEnterpriseSearch.html","IsSystemLocked":false,"Category":{"Id":8,"Name":"Learning","CategoryKey":"WebPartDefinition_Learning","Description":"Learning","ParentId":1,"OrdinalPosition":null},"Id":113},"HeaderColor":null,"IsHidden":false,"Layout":"{\"x\":0,\"y\":0,\"width\":100,\"height\":13,\"marginBottom\":0.8125}","OverrideTemplate":null,"ParameterJSON":"{\"HeaderLinkIcon\":\"\",\"IsCustomEditor\":false,\"PreviewType\":\"table\",\"showBackground\":true,\"showBorder\":false,\"showShadow\":false,\"noScroll\":true}","SubTitle":"Search for Courses, Training, Videos, Books and Audiobooks","SupportsFullScreen":true,"Title":null},{"Id":-5,"ChromeStyle":7,"Definition":{"WebPartDefinitionKey":"LM_FavouritesCarousel","Title":"My Favorites","Description":"Supports quick access to content marked as a favorite by the user in a carousel.","SubTitle":"Activities, Categories, Collaboration Centers","WebPartIconName":null,"WidgetNotificationMode":1,"WidgetDeeplinkUrlText":"More...","CategoryName":"Learning","IsWebPartEnabled":true,"TypeName":"SumTotal.SPPortal.WebParts.Core.Learning.Favorites.Favorites, SumTotal.SPPortal.WebParts, Version=1.0.0.0, Culture=neutral, PublicKeyToken=6b7f90fbd13cce01","WebPartServiceAgentInterfaceTypeName":"ILMWebPartContractAsync","WebPartDefinitionXml":null,"HideWebPartHeader":false,"HideWebPartFooter":true,"IsFreeFlowing":false,"PillarKey":"LM","ChromeStyle":7,"ParameterJSON":"{\"HeaderLinkIcon\":\"\",\"IsCustomEditor\":false,\"PreviewType\":\"table\"}","TemplatePath":"app/modules/dashboard/views/webparts/widgetFavoritesCarousel.html","IsSystemLocked":false,"Category":{"Id":8,"Name":"Learning","CategoryKey":"WebPartDefinition_Learning","Description":"Learning","ParentId":1,"OrdinalPosition":null},"Id":112},"HeaderColor":null,"IsHidden":false,"Layout":"{\"x\":0,\"y\":34,\"width\":100,\"height\":17,\"marginBottom\":0}","OverrideTemplate":null,"ParameterJSON":"{\"HeaderLinkIcon\":\"\",\"IsCustomEditor\":false,\"PreviewType\":\"table\"}","SubTitle":"Activities, Categories, Collaboration Centers","SupportsFullScreen":true,"Title":null},{"Id":-4,"ChromeStyle":7,"Definition":{"WebPartDefinitionKey":"LM_MyLearning","Title":"My Learning","Description":"Provides user with graphical summary of their assigned training compliance status.","SubTitle":null,"WebPartIconName":null,"WidgetNotificationMode":0,"WidgetDeeplinkUrlText":null,"CategoryName":"Learning","IsWebPartEnabled":true,"TypeName":"SumTotal.SPPortal.WebParts.Core.Learning.MyLearning.MyLearning, SumTotal.SPPortal.WebParts, Version=1.0.0.0, Culture=neutral, PublicKeyToken=6b7f90fbd13cce01","WebPartServiceAgentInterfaceTypeName":"ILMWebPartContractAsync","WebPartDefinitionXml":null,"HideWebPartHeader":false,"HideWebPartFooter":true,"IsFreeFlowing":false,"PillarKey":"LM","ChromeStyle":7,"ParameterJSON":"{\"HeaderLinkIcon\":\"\",\"IsCustomEditor\":false,\"PreviewType\":\"html\"}","TemplatePath":"app/modules/dashboard/views/webparts/widgetMyLearning.html","IsSystemLocked":false,"Category":{"Id":8,"Name":"Learning","CategoryKey":"WebPartDefinition_Learning","Description":"Learning","ParentId":1,"OrdinalPosition":null},"Id":67},"HeaderColor":null,"IsHidden":false,"Layout":"{\"x\":0,\"y\":15,\"width\":40,\"height\":17,\"marginBottom\":0}","OverrideTemplate":null,"ParameterJSON":"{\"HeaderLinkIcon\":\"\",\"IsCustomEditor\":false,\"PreviewType\":\"html\"}","SubTitle":null,"SupportsFullScreen":true,"Title":null}],"CanAddPage":false,"CanEditPage":false,"CanDeletePage":false,"CanPersonalizePage":true}],"IsSystemLocked":false,"IsEnabled":false,"RPKey":"LM","CanViewDashboard":true,"CanAddDashboard":false,"CanEditDashboard":false,"CanDeleteDashboard":false,"CanPersonalizeDashboard":true},{"Id":1,"DefaultPage":{"Id":196,"title":null,"Description":"Home LM","IsSystemLocked":true,"Name":"Home LM","IsGuestPage":false,"ParameterJSON":null,"Personalization":null,"Url":"#/dash/home/LM","path":null,"WebPartPageKey":null,"IsEnabled":true,"RPKey":null,"Priority":2,"WebParts":[{"Id":325,"ChromeStyle":0,"Definition":{"WebPartDefinitionKey":"Common_ContentEditor","Title":"Content Editor","Description":"Enables users to add custom HTML to a dashboard.","SubTitle":"Content Editor Widget","WebPartIconName":null,"WidgetNotificationMode":0,"WidgetDeeplinkUrlText":null,"CategoryName":"Common","IsWebPartEnabled":true,"TypeName":null,"WebPartServiceAgentInterfaceTypeName":null,"WebPartDefinitionXml":null,"HideWebPartHeader":false,"HideWebPartFooter":true,"IsFreeFlowing":false,"PillarKey":null,"ChromeStyle":7,"ParameterJSON":"{\"HeaderLinkIcon\":\"\",\"IsCustomEditor\":true,\"PreviewType\":\"iframe\"}","TemplatePath":"app/modules/dashboard/views/webparts/widgetContentEditor.html","IsSystemLocked":false,"Category":{"Id":5,"Name":"Common","CategoryKey":"WebPartDefinition_Common","Description":"Common","ParentId":1,"OrdinalPosition":null},"Id":60},"HeaderColor":null,"IsHidden":false,"Layout":"{\"x\":0,\"y\":0,\"width\":83,\"height\":64}","OverrideTemplate":"\n\t&lt;!doctype html&gt; &lt;html&gt; &lt;head&gt; &lt;meta charset=&quot;utf-8&quot;&gt; &lt;title&gt;Untitled Document&lt;/title&gt; &lt;style&gt; div.news-container {  background-color:#e9ede5;  background-image:url(./Content/Common/assets/images/personBackground.jpg?1);  height:270px;  background-position: center;  background-repeat:no-repeat; border-radius: 10px 10px 0 0; } div.grad {  max-width:96%;  width:100%;  border:0px solid blue; } table.banner {  height:270px;  border:0px solid red;  max-width:100%;  width:100%; } .banner td {  text-align:center;  border:0px solid red;   } table.subnav {  max-width:96%;  width:100%;  border:0px solid green;  padding-top:15px;  font-family:&#39;Open Sans&#39; Tahoma;  font-weight:600; } .subnav td {  text-align:center;  width:25%;  padding:5px 20px;  font-weight:400;    } .subnav td.icon {  text-align:center;  width:25%;  padding:15px 0 5px 0;  font-weight:400;         height: 60px; } .subnav td.subnavtitle {         font-weight:700; } .subnav td.subnav-text {  text-align:left;  color: #606060;  font-family:Arial;  font-size:12px;  line-height:16px;  font-family:&#39;Open Sans&#39; Tahoma;         vertical-align:top; } &lt;/style&gt; &lt;/head&gt;  &lt;body&gt;  &lt;div class=&quot;news-container&quot;&gt;      &lt;center&gt;         &lt;div class=&quot;grad&quot;&gt;             &lt;table class=&quot;banner&quot;&gt;                 &lt;tr&gt;                     &lt;td colspan=&quot;2&quot; style=&quot;width:50%;&quot;&gt;                                           &lt;/td&gt;                     &lt;td&gt;&lt;/td&gt;                     &lt;td&gt;&lt;/td&gt;                 &lt;/tr&gt;             &lt;/table&gt;          &lt;/div&gt;          &lt;div style=&quot;background-color:#00aed3; text-align:left; border:0px solid orange; padding:5px 20px; font-family:&#39;Open Sans&#39; Tahoma;&quot;&gt;                         &lt;p style=&quot;font-size:14px; color:white; text-transform:uppercase; padding:15px 0px 10px 0px; margin:0px; font-family:&#39;Open Sans&#39; Tahoma;&quot;&gt;BUILDING A BETTER TEAM&lt;/p&gt;&lt;p style=&quot;font-size:30px; color:white; padding-bottom:20px; margin:0px; line-height:30px;&quot;&gt;Developing Individual and Team Talent Drives Company Performance&lt;/p&gt;&lt;p style=&quot;font-size:14px; color:white; font-family:&#39;Open Sans&#39; Tahoma; padding-bottom:20px; max-width:700px;&quot;&gt;Our long term success is fundamentally tied to our ability to develop leaders and more effective employees. As our most vital resource, we are committed to helping you improve in your current, next and long term role. &lt;/p&gt;                          &lt;/div&gt;                      &lt;/center&gt;     &lt;/div&gt; &lt;/body&gt; &lt;/html&gt;\n\t","ParameterJSON":"{\"HeaderLinkIcon\":\"\",\"IsCustomEditor\":true,\"PreviewType\":\"iframe\"}","SubTitle":"Content Editor Webpart","SupportsFullScreen":true,"Title":null},{"Id":326,"ChromeStyle":0,"Definition":{"WebPartDefinitionKey":"Common_ContentEditor","Title":"Content Editor","Description":"Enables users to add custom HTML to a dashboard.","SubTitle":"Content Editor Widget","WebPartIconName":null,"WidgetNotificationMode":0,"WidgetDeeplinkUrlText":null,"CategoryName":"Common","IsWebPartEnabled":true,"TypeName":null,"WebPartServiceAgentInterfaceTypeName":null,"WebPartDefinitionXml":null,"HideWebPartHeader":false,"HideWebPartFooter":true,"IsFreeFlowing":false,"PillarKey":null,"ChromeStyle":7,"ParameterJSON":"{\"HeaderLinkIcon\":\"\",\"IsCustomEditor\":true,\"PreviewType\":\"iframe\"}","TemplatePath":"app/modules/dashboard/views/webparts/widgetContentEditor.html","IsSystemLocked":false,"Category":{"Id":5,"Name":"Common","CategoryKey":"WebPartDefinition_Common","Description":"Common","ParentId":1,"OrdinalPosition":null},"Id":60},"HeaderColor":null,"IsHidden":false,"Layout":"{\"x\":83,\"y\":0,\"width\":17,\"height\":66}","OverrideTemplate":"\n\t&lt;!doctype html&gt; &lt;html&gt; &lt;head&gt; &lt;meta charset=&quot;utf-8&quot;&gt; &lt;title&gt;Untitled Document&lt;/title&gt; &lt;style&gt; div.news-container {  background-color:#e9ede5;  height:371px;  background-position:center;  background-repeat:no-repeat; } div.grad {  max-width:96%;  width:100%;  border:0px solid blue; } table.banner {  height:371px;  border:0px solid red;  max-width:100%;  width:100%; }  table.subnav {  max-width:96%;  width:100%;  border:0px solid green;  padding-top:15px;  font-family:&#39;Open Sans&#39; Tahoma;  font-weight:600; } .subnav td {  text-align:center;  width:25%;  padding:5px 20px;  font-weight:400;    } .subnav td.icon {  text-align:center;  width:25%;  padding:15px 0 5px 0;  font-weight:400;         height: 60px; } .subnav td.subnavtitle {         font-weight:700; } .subnav td.subnav-text {  text-align:left;  color: #606060;  font-family:Arial;  font-size:12px;  line-height:16px;  font-family:&#39;Open Sans&#39; Tahoma;         vertical-align:top; padding-bottom:40px; } &lt;/style&gt; &lt;/head&gt;  &lt;body&gt;        &lt;center&gt;                      &lt;table class=&quot;subnav&quot;&gt;              &lt;tr&gt;                     &lt;td class=&quot;icon&quot;&gt;&lt;a href=&quot;./dash/learning&quot;&gt;&lt;img src=&quot;./Content/Common/assets/images/dashboardLearn.jpg&quot; /&gt;&lt;/a&gt;&lt;/td&gt;                 &lt;/tr&gt;                 &lt;tr&gt;                     &lt;td class=&quot;subnavtitle&quot;&gt;Learner Dashboard&lt;/td&gt;                 &lt;/tr&gt;                 &lt;tr&gt;                     &lt;td class=&quot;subnav-text&quot;&gt;&lt;!--Browse the library for interesting activities relevant to your career.--&gt;&lt;/td&gt;                 &lt;/tr&gt;              &lt;tr&gt;                     &lt;td class=&quot;icon&quot;&gt;&lt;a href=&quot;./dash/profile&quot;&gt;&lt;img src=&quot;./Content/Common/assets/images/dashboardProfile.jpg&quot; /&gt;&lt;/a&gt;&lt;/td&gt;                 &lt;/tr&gt;                 &lt;tr&gt;                  &lt;td class=&quot;subnavtitle&quot;&gt;Profile&lt;/td&gt;                 &lt;/tr&gt;                 &lt;tr&gt;                     &lt;td class=&quot;subnav-text&quot;&gt;&lt;!--View up to the second information about your current tasks, goals and compensation.--&gt; &lt;/td&gt;                 &lt;/tr&gt;                                                                    &lt;tr&gt;                         &lt;td class=&quot;icon&quot;&gt;&lt;a href=&quot;./search&quot;&gt;&lt;img src=&quot;./Content/Common/assets/images/dashboardSearch.jpg&quot; /&gt;&lt;/a&gt;&lt;/td&gt;                 &lt;/tr&gt;                                                                    &lt;tr&gt;                     &lt;td class=&quot;subnavtitle&quot;&gt;Search&lt;/td&gt;                 &lt;/tr&gt;                                                                    &lt;tr&gt;                     &lt;td class=&quot;subnav-text&quot;&gt;&lt;!--Explore all of the latest social media events and relevant connections.--&gt;&lt;/td&gt;                 &lt;/tr&gt;             &lt;/table&gt;         &lt;/center&gt; &lt;/body&gt; &lt;/html&gt;\n\t","ParameterJSON":"{\"HeaderLinkIcon\":\"\",\"IsCustomEditor\":true,\"PreviewType\":\"iframe\"}","SubTitle":"Content Editor Webpart","SupportsFullScreen":true,"Title":null}],"CanAddPage":false,"CanEditPage":false,"CanDeletePage":false,"CanPersonalizePage":false},"Description":"Home page","Name":"Home","Url":"#/dash/home","WebPartPageDefinitionKey":null,"WebPartPages":[{"Id":1,"title":"Dashboard","Description":"Default dashboard.","IsSystemLocked":true,"Name":"Dashboard","IsGuestPage":false,"ParameterJSON":null,"Personalization":null,"Url":"#/dash/home","path":"dash/home","WebPartPageKey":null,"IsEnabled":true,"RPKey":null,"Priority":9,"WebParts":[{"Id":438,"ChromeStyle":1,"Definition":{"WebPartDefinitionKey":"Common_ContentEditor","Title":"Content Editor","Description":"Enables users to add custom HTML to a dashboard.","SubTitle":"Content Editor Widget","WebPartIconName":null,"WidgetNotificationMode":0,"WidgetDeeplinkUrlText":null,"CategoryName":"Common","IsWebPartEnabled":true,"TypeName":null,"WebPartServiceAgentInterfaceTypeName":null,"WebPartDefinitionXml":null,"HideWebPartHeader":false,"HideWebPartFooter":true,"IsFreeFlowing":false,"PillarKey":null,"ChromeStyle":7,"ParameterJSON":"{\"HeaderLinkIcon\":\"\",\"IsCustomEditor\":true,\"PreviewType\":\"iframe\"}","TemplatePath":"app/modules/dashboard/views/webparts/widgetContentEditor.html","IsSystemLocked":false,"Category":{"Id":5,"Name":"Common","CategoryKey":"WebPartDefinition_Common","Description":"Common","ParentId":1,"OrdinalPosition":null},"Id":60},"HeaderColor":"","IsHidden":false,"Layout":"{\"x\":0,\"y\":0,\"width\":20,\"height\":20}","OverrideTemplate":"&lt;iframe src=&quot;https://supp-saux.sumtotaldemo.net/SA_UX/Master/17_1_2/Standard/index.html?lm=yes&amp;tm=yes&amp;wfm=no&quot; class=&quot;sumt-webpart-iframe&quot;&gt;&lt;/iframe&gt;","ParameterJSON":"{\"HeaderLinkIcon\":\"\",\"IsCustomEditor\":true,\"PreviewType\":\"iframe\",\"fullScreen\":false}","SubTitle":"Content Editor Widget","SupportsFullScreen":true,"Title":null},{"Id":519,"ChromeStyle":7,"Definition":{"WebPartDefinitionKey":"Social_CommunityFeed","Title":"My Social Community Feed","Description":"Displays the social activities of communities I am a member of","SubTitle":null,"WebPartIconName":null,"WidgetNotificationMode":1,"WidgetDeeplinkUrlText":"View All","CategoryName":"Social","IsWebPartEnabled":true,"TypeName":null,"WebPartServiceAgentInterfaceTypeName":null,"WebPartDefinitionXml":null,"HideWebPartHeader":false,"HideWebPartFooter":false,"IsFreeFlowing":false,"PillarKey":"ELIXHRUI","ChromeStyle":7,"ParameterJSON":"{\"HeaderLinkIcon\":\"\",\"IsCustomEditor\":false,\"PreviewType\":\"table\"}","TemplatePath":"app/modules/dashboard/views/webparts/widgetSocialCommunityFeed.html","IsSystemLocked":false,"Category":{"Id":11,"Name":"Social","CategoryKey":"WebPartDefinition_Social","Description":"Social","ParentId":1,"OrdinalPosition":null},"Id":117},"HeaderColor":"","IsHidden":false,"Layout":"{\"x\":20,\"y\":0,\"width\":25,\"height\":20}","OverrideTemplate":null,"ParameterJSON":"{\"HeaderLinkIcon\":\"\",\"IsCustomEditor\":false,\"PreviewType\":\"table\"}","SubTitle":null,"SupportsFullScreen":true,"Title":null},{"Id":520,"ChromeStyle":7,"Definition":{"WebPartDefinitionKey":"Social_MyCommunities","Title":"My Social Communities","Description":"Displays social communities that I am a member of","SubTitle":null,"WebPartIconName":null,"WidgetNotificationMode":1,"WidgetDeeplinkUrlText":"View All","CategoryName":"Social","IsWebPartEnabled":true,"TypeName":null,"WebPartServiceAgentInterfaceTypeName":null,"WebPartDefinitionXml":null,"HideWebPartHeader":false,"HideWebPartFooter":false,"IsFreeFlowing":false,"PillarKey":"ELIXHRUI","ChromeStyle":7,"ParameterJSON":"{\"HeaderLinkIcon\":\"\",\"IsCustomEditor\":false,\"PreviewType\":\"table\"}","TemplatePath":"app/modules/dashboard/views/webparts/widgetSocialMyCommunities.html","IsSystemLocked":false,"Category":{"Id":11,"Name":"Social","CategoryKey":"WebPartDefinition_Social","Description":"Social","ParentId":1,"OrdinalPosition":null},"Id":116},"HeaderColor":"","IsHidden":false,"Layout":"{\"x\":45,\"y\":0,\"width\":25,\"height\":20}","OverrideTemplate":null,"ParameterJSON":"{\"HeaderLinkIcon\":\"\",\"IsCustomEditor\":false,\"PreviewType\":\"table\"}","SubTitle":null,"SupportsFullScreen":true,"Title":null},{"Id":527,"ChromeStyle":7,"Definition":{"WebPartDefinitionKey":"Timeline","Title":"Timeline","Description":"Displays tasks, approvals, and other updates in a timeline view.","SubTitle":"Activity timeline","WebPartIconName":null,"WidgetNotificationMode":0,"WidgetDeeplinkUrlText":null,"CategoryName":"Common","IsWebPartEnabled":true,"TypeName":null,"WebPartServiceAgentInterfaceTypeName":null,"WebPartDefinitionXml":null,"HideWebPartHeader":false,"HideWebPartFooter":false,"IsFreeFlowing":false,"PillarKey":null,"ChromeStyle":7,"ParameterJSON":"{\"HeaderLinkIcon\":\"\",\"IsCustomEditor\":false,\"PreviewType\":\"timeline\"}","TemplatePath":"app/modules/dashboard/views/webparts/widgetTimeline.html","IsSystemLocked":false,"Category":{"Id":5,"Name":"Common","CategoryKey":"WebPartDefinition_Common","Description":"Common","ParentId":1,"OrdinalPosition":null},"Id":61},"HeaderColor":"","IsHidden":false,"Layout":"{\"x\":70,\"y\":0,\"width\":25,\"height\":20}","OverrideTemplate":null,"ParameterJSON":"{\"HeaderLinkIcon\":\"\",\"IsCustomEditor\":false,\"PreviewType\":\"timeline\"}","SubTitle":"Activity timeline","SupportsFullScreen":true,"Title":null},{"Id":528,"ChromeStyle":7,"Definition":{"WebPartDefinitionKey":"Common_SumtIFrameWebPart","Title":"iFrame","Description":"Enables users to configure a URL to display within the widget.","SubTitle":"IFrame Widget","WebPartIconName":null,"WidgetNotificationMode":0,"WidgetDeeplinkUrlText":null,"CategoryName":"Common","IsWebPartEnabled":true,"TypeName":"SumTotal.SPPortal.WebParts.Core.Common.SumtIFrameWebPart.SumtIFrameWebPart, SumTotal.SPPortal.WebParts, Version=1.0.0.0, Culture=neutral, PublicKeyToken=6b7f90fbd13cce01","WebPartServiceAgentInterfaceTypeName":null,"WebPartDefinitionXml":null,"HideWebPartHeader":false,"HideWebPartFooter":true,"IsFreeFlowing":false,"PillarKey":null,"ChromeStyle":7,"ParameterJSON":"{\"HeaderLinkIcon\":\"\",\"IsCustomEditor\":false,\"PreviewType\":\"iframe\",\"iFrameUrl\":\"http://www.google.com\"}","TemplatePath":"app/modules/dashboard/views/webparts/widgetIFrame.html","IsSystemLocked":false,"Category":{"Id":5,"Name":"Common","CategoryKey":"WebPartDefinition_Common","Description":"Common","ParentId":1,"OrdinalPosition":null},"Id":3},"HeaderColor":"","IsHidden":false,"Layout":"{\"x\":0,\"y\":20,\"width\":25,\"height\":20}","OverrideTemplate":null,"ParameterJSON":"{\"HeaderLinkIcon\":\"\",\"IsCustomEditor\":false,\"PreviewType\":\"iframe\",\"iFrameUrl\":\"http://www.google.com\"}","SubTitle":"IFrame Widget","SupportsFullScreen":true,"Title":null},{"Id":529,"ChromeStyle":7,"Definition":{"WebPartDefinitionKey":"Common_ContentEditor","Title":"Content Editor","Description":"Enables users to add custom HTML to a dashboard.","SubTitle":"Content Editor Widget","WebPartIconName":null,"WidgetNotificationMode":0,"WidgetDeeplinkUrlText":null,"CategoryName":"Common","IsWebPartEnabled":true,"TypeName":null,"WebPartServiceAgentInterfaceTypeName":null,"WebPartDefinitionXml":null,"HideWebPartHeader":false,"HideWebPartFooter":true,"IsFreeFlowing":false,"PillarKey":null,"ChromeStyle":7,"ParameterJSON":"{\"HeaderLinkIcon\":\"\",\"IsCustomEditor\":true,\"PreviewType\":\"iframe\"}","TemplatePath":"app/modules/dashboard/views/webparts/widgetContentEditor.html","IsSystemLocked":false,"Category":{"Id":5,"Name":"Common","CategoryKey":"WebPartDefinition_Common","Description":"Common","ParentId":1,"OrdinalPosition":null},"Id":60},"HeaderColor":"","IsHidden":false,"Layout":"{\"x\":25,\"y\":20,\"width\":25,\"height\":20}","OverrideTemplate":null,"ParameterJSON":"{\"HeaderLinkIcon\":\"\",\"IsCustomEditor\":true,\"PreviewType\":\"iframe\"}","SubTitle":"Content Editor Widget","SupportsFullScreen":true,"Title":null}],"CanAddPage":false,"CanEditPage":false,"CanDeletePage":false,"CanPersonalizePage":true},{"Id":196,"title":"Home LM","Description":"Home LM","IsSystemLocked":true,"Name":"Home LM","IsGuestPage":false,"ParameterJSON":null,"Personalization":null,"Url":"#/dash/home/LM","path":"dash/home/LM","WebPartPageKey":null,"IsEnabled":true,"RPKey":null,"Priority":2,"WebParts":[{"Id":325,"ChromeStyle":0,"Definition":{"WebPartDefinitionKey":"Common_ContentEditor","Title":"Content Editor","Description":"Enables users to add custom HTML to a dashboard.","SubTitle":"Content Editor Widget","WebPartIconName":null,"WidgetNotificationMode":0,"WidgetDeeplinkUrlText":null,"CategoryName":"Common","IsWebPartEnabled":true,"TypeName":null,"WebPartServiceAgentInterfaceTypeName":null,"WebPartDefinitionXml":null,"HideWebPartHeader":false,"HideWebPartFooter":true,"IsFreeFlowing":false,"PillarKey":null,"ChromeStyle":7,"ParameterJSON":"{\"HeaderLinkIcon\":\"\",\"IsCustomEditor\":true,\"PreviewType\":\"iframe\"}","TemplatePath":"app/modules/dashboard/views/webparts/widgetContentEditor.html","IsSystemLocked":false,"Category":{"Id":5,"Name":"Common","CategoryKey":"WebPartDefinition_Common","Description":"Common","ParentId":1,"OrdinalPosition":null},"Id":60},"HeaderColor":null,"IsHidden":false,"Layout":"{\"x\":0,\"y\":0,\"width\":83,\"height\":64}","OverrideTemplate":"\n\t&lt;!doctype html&gt; &lt;html&gt; &lt;head&gt; &lt;meta charset=&quot;utf-8&quot;&gt; &lt;title&gt;Untitled Document&lt;/title&gt; &lt;style&gt; div.news-container {  background-color:#e9ede5;  background-image:url(./Content/Common/assets/images/personBackground.jpg?1);  height:270px;  background-position: center;  background-repeat:no-repeat; border-radius: 10px 10px 0 0; } div.grad {  max-width:96%;  width:100%;  border:0px solid blue; } table.banner {  height:270px;  border:0px solid red;  max-width:100%;  width:100%; } .banner td {  text-align:center;  border:0px solid red;   } table.subnav {  max-width:96%;  width:100%;  border:0px solid green;  padding-top:15px;  font-family:&#39;Open Sans&#39; Tahoma;  font-weight:600; } .subnav td {  text-align:center;  width:25%;  padding:5px 20px;  font-weight:400;    } .subnav td.icon {  text-align:center;  width:25%;  padding:15px 0 5px 0;  font-weight:400;         height: 60px; } .subnav td.subnavtitle {         font-weight:700; } .subnav td.subnav-text {  text-align:left;  color: #606060;  font-family:Arial;  font-size:12px;  line-height:16px;  font-family:&#39;Open Sans&#39; Tahoma;         vertical-align:top; } &lt;/style&gt; &lt;/head&gt;  &lt;body&gt;  &lt;div class=&quot;news-container&quot;&gt;      &lt;center&gt;         &lt;div class=&quot;grad&quot;&gt;             &lt;table class=&quot;banner&quot;&gt;                 &lt;tr&gt;                     &lt;td colspan=&quot;2&quot; style=&quot;width:50%;&quot;&gt;                                           &lt;/td&gt;                     &lt;td&gt;&lt;/td&gt;                     &lt;td&gt;&lt;/td&gt;                 &lt;/tr&gt;             &lt;/table&gt;          &lt;/div&gt;          &lt;div style=&quot;background-color:#00aed3; text-align:left; border:0px solid orange; padding:5px 20px; font-family:&#39;Open Sans&#39; Tahoma;&quot;&gt;                         &lt;p style=&quot;font-size:14px; color:white; text-transform:uppercase; padding:15px 0px 10px 0px; margin:0px; font-family:&#39;Open Sans&#39; Tahoma;&quot;&gt;BUILDING A BETTER TEAM&lt;/p&gt;&lt;p style=&quot;font-size:30px; color:white; padding-bottom:20px; margin:0px; line-height:30px;&quot;&gt;Developing Individual and Team Talent Drives Company Performance&lt;/p&gt;&lt;p style=&quot;font-size:14px; color:white; font-family:&#39;Open Sans&#39; Tahoma; padding-bottom:20px; max-width:700px;&quot;&gt;Our long term success is fundamentally tied to our ability to develop leaders and more effective employees. As our most vital resource, we are committed to helping you improve in your current, next and long term role. &lt;/p&gt;                          &lt;/div&gt;                      &lt;/center&gt;     &lt;/div&gt; &lt;/body&gt; &lt;/html&gt;\n\t","ParameterJSON":"{\"HeaderLinkIcon\":\"\",\"IsCustomEditor\":true,\"PreviewType\":\"iframe\"}","SubTitle":"Content Editor Webpart","SupportsFullScreen":true,"Title":null},{"Id":326,"ChromeStyle":0,"Definition":{"WebPartDefinitionKey":"Common_ContentEditor","Title":"Content Editor","Description":"Enables users to add custom HTML to a dashboard.","SubTitle":"Content Editor Widget","WebPartIconName":null,"WidgetNotificationMode":0,"WidgetDeeplinkUrlText":null,"CategoryName":"Common","IsWebPartEnabled":true,"TypeName":null,"WebPartServiceAgentInterfaceTypeName":null,"WebPartDefinitionXml":null,"HideWebPartHeader":false,"HideWebPartFooter":true,"IsFreeFlowing":false,"PillarKey":null,"ChromeStyle":7,"ParameterJSON":"{\"HeaderLinkIcon\":\"\",\"IsCustomEditor\":true,\"PreviewType\":\"iframe\"}","TemplatePath":"app/modules/dashboard/views/webparts/widgetContentEditor.html","IsSystemLocked":false,"Category":{"Id":5,"Name":"Common","CategoryKey":"WebPartDefinition_Common","Description":"Common","ParentId":1,"OrdinalPosition":null},"Id":60},"HeaderColor":null,"IsHidden":false,"Layout":"{\"x\":83,\"y\":0,\"width\":17,\"height\":66}","OverrideTemplate":"\n\t&lt;!doctype html&gt; &lt;html&gt; &lt;head&gt; &lt;meta charset=&quot;utf-8&quot;&gt; &lt;title&gt;Untitled Document&lt;/title&gt; &lt;style&gt; div.news-container {  background-color:#e9ede5;  height:371px;  background-position:center;  background-repeat:no-repeat; } div.grad {  max-width:96%;  width:100%;  border:0px solid blue; } table.banner {  height:371px;  border:0px solid red;  max-width:100%;  width:100%; }  table.subnav {  max-width:96%;  width:100%;  border:0px solid green;  padding-top:15px;  font-family:&#39;Open Sans&#39; Tahoma;  font-weight:600; } .subnav td {  text-align:center;  width:25%;  padding:5px 20px;  font-weight:400;    } .subnav td.icon {  text-align:center;  width:25%;  padding:15px 0 5px 0;  font-weight:400;         height: 60px; } .subnav td.subnavtitle {         font-weight:700; } .subnav td.subnav-text {  text-align:left;  color: #606060;  font-family:Arial;  font-size:12px;  line-height:16px;  font-family:&#39;Open Sans&#39; Tahoma;         vertical-align:top; padding-bottom:40px; } &lt;/style&gt; &lt;/head&gt;  &lt;body&gt;        &lt;center&gt;                      &lt;table class=&quot;subnav&quot;&gt;              &lt;tr&gt;                     &lt;td class=&quot;icon&quot;&gt;&lt;a href=&quot;./dash/learning&quot;&gt;&lt;img src=&quot;./Content/Common/assets/images/dashboardLearn.jpg&quot; /&gt;&lt;/a&gt;&lt;/td&gt;                 &lt;/tr&gt;                 &lt;tr&gt;                     &lt;td class=&quot;subnavtitle&quot;&gt;Learner Dashboard&lt;/td&gt;                 &lt;/tr&gt;                 &lt;tr&gt;                     &lt;td class=&quot;subnav-text&quot;&gt;&lt;!--Browse the library for interesting activities relevant to your career.--&gt;&lt;/td&gt;                 &lt;/tr&gt;              &lt;tr&gt;                     &lt;td class=&quot;icon&quot;&gt;&lt;a href=&quot;./dash/profile&quot;&gt;&lt;img src=&quot;./Content/Common/assets/images/dashboardProfile.jpg&quot; /&gt;&lt;/a&gt;&lt;/td&gt;                 &lt;/tr&gt;                 &lt;tr&gt;                  &lt;td class=&quot;subnavtitle&quot;&gt;Profile&lt;/td&gt;                 &lt;/tr&gt;                 &lt;tr&gt;                     &lt;td class=&quot;subnav-text&quot;&gt;&lt;!--View up to the second information about your current tasks, goals and compensation.--&gt; &lt;/td&gt;                 &lt;/tr&gt;                                                                    &lt;tr&gt;                         &lt;td class=&quot;icon&quot;&gt;&lt;a href=&quot;./search&quot;&gt;&lt;img src=&quot;./Content/Common/assets/images/dashboardSearch.jpg&quot; /&gt;&lt;/a&gt;&lt;/td&gt;                 &lt;/tr&gt;                                                                    &lt;tr&gt;                     &lt;td class=&quot;subnavtitle&quot;&gt;Search&lt;/td&gt;                 &lt;/tr&gt;                                                                    &lt;tr&gt;                     &lt;td class=&quot;subnav-text&quot;&gt;&lt;!--Explore all of the latest social media events and relevant connections.--&gt;&lt;/td&gt;                 &lt;/tr&gt;             &lt;/table&gt;         &lt;/center&gt; &lt;/body&gt; &lt;/html&gt;\n\t","ParameterJSON":"{\"HeaderLinkIcon\":\"\",\"IsCustomEditor\":true,\"PreviewType\":\"iframe\"}","SubTitle":"Content Editor Webpart","SupportsFullScreen":true,"Title":null}],"CanAddPage":false,"CanEditPage":false,"CanDeletePage":false,"CanPersonalizePage":true},{"Id":197,"title":"Home TM","Description":"Home TM","IsSystemLocked":true,"Name":"Home TM","IsGuestPage":false,"ParameterJSON":null,"Personalization":null,"Url":"#/dash/home/TM","path":"dash/home/TM","WebPartPageKey":null,"IsEnabled":true,"RPKey":null,"Priority":3,"WebParts":[{"Id":327,"ChromeStyle":0,"Definition":{"WebPartDefinitionKey":"Common_ContentEditor","Title":"Content Editor","Description":"Enables users to add custom HTML to a dashboard.","SubTitle":"Content Editor Widget","WebPartIconName":null,"WidgetNotificationMode":0,"WidgetDeeplinkUrlText":null,"CategoryName":"Common","IsWebPartEnabled":true,"TypeName":null,"WebPartServiceAgentInterfaceTypeName":null,"WebPartDefinitionXml":null,"HideWebPartHeader":false,"HideWebPartFooter":true,"IsFreeFlowing":false,"PillarKey":null,"ChromeStyle":7,"ParameterJSON":"{\"HeaderLinkIcon\":\"\",\"IsCustomEditor\":true,\"PreviewType\":\"iframe\"}","TemplatePath":"app/modules/dashboard/views/webparts/widgetContentEditor.html","IsSystemLocked":false,"Category":{"Id":5,"Name":"Common","CategoryKey":"WebPartDefinition_Common","Description":"Common","ParentId":1,"OrdinalPosition":null},"Id":60},"HeaderColor":null,"IsHidden":false,"Layout":"{\"x\":0,\"y\":0,\"width\":83,\"height\":64}","OverrideTemplate":"\r\n\t&lt;!doctype html&gt; &lt;html&gt; &lt;head&gt; &lt;meta charset=&quot;utf-8&quot;&gt; &lt;title&gt;Untitled Document&lt;/title&gt; &lt;style&gt; div.news-container {  background-color:#e9ede5;  background-image:url(./Content/Common/assets/images/personBackground.jpg?1);  height:270px;  background-position: center;  background-repeat:no-repeat; border-radius: 10px 10px 0 0; } div.grad {  max-width:96%;  width:100%;  border:0px solid blue; } table.banner {  height:270px;  border:0px solid red;  max-width:100%;  width:100%; } .banner td {  text-align:center;  border:0px solid red;   } table.subnav {  max-width:96%;  width:100%;  border:0px solid green;  padding-top:15px;  font-family:&#39;Open Sans&#39; Tahoma;  font-weight:600; } .subnav td {  text-align:center;  width:25%;  padding:5px 20px;  font-weight:400;    } .subnav td.icon {  text-align:center;  width:25%;  padding:15px 0 5px 0;  font-weight:400;         height: 60px; } .subnav td.subnavtitle {         font-weight:700; } .subnav td.subnav-text {  text-align:left;  color: #606060;  font-family:Arial;  font-size:12px;  line-height:16px;  font-family:&#39;Open Sans&#39; Tahoma;         vertical-align:top; } &lt;/style&gt; &lt;/head&gt;  &lt;body&gt;  &lt;div class=&quot;news-container&quot;&gt;      &lt;center&gt;         &lt;div class=&quot;grad&quot;&gt;             &lt;table class=&quot;banner&quot;&gt;                 &lt;tr&gt;                     &lt;td colspan=&quot;2&quot; style=&quot;width:50%;&quot;&gt;                                           &lt;/td&gt;                     &lt;td&gt;&lt;/td&gt;                     &lt;td&gt;&lt;/td&gt;                 &lt;/tr&gt;             &lt;/table&gt;          &lt;/div&gt;          &lt;div style=&quot;background-color:#00aed3; text-align:left; border:0px solid orange; padding:5px 20px; font-family:&#39;Open Sans&#39; Tahoma;&quot;&gt;                         &lt;p style=&quot;font-size:14px; color:white; text-transform:uppercase; padding:15px 0px 10px 0px; margin:0px; font-family:&#39;Open Sans&#39; Tahoma;&quot;&gt;BUILDING A BETTER TEAM&lt;/p&gt;&lt;p style=&quot;font-size:30px; color:white; padding-bottom:20px; margin:0px; line-height:30px;&quot;&gt;Developing Individual and Team Talent Drives Company Performance&lt;/p&gt;&lt;p style=&quot;font-size:14px; color:white; font-family:&#39;Open Sans&#39; Tahoma; padding-bottom:20px; max-width:700px;&quot;&gt;Our long term success is fundamentally tied to our ability to develop leaders and more effective employees. As our most vital resource, we are committed to helping you improve in your current, next and long term role. &lt;/p&gt;                          &lt;/div&gt;                      &lt;/center&gt;     &lt;/div&gt; &lt;/body&gt; &lt;/html&gt;\r\n\t","ParameterJSON":"{\"HeaderLinkIcon\":\"\",\"IsCustomEditor\":true,\"PreviewType\":\"iframe\"}","SubTitle":"Content Editor Webpart","SupportsFullScreen":true,"Title":null},{"Id":328,"ChromeStyle":0,"Definition":{"WebPartDefinitionKey":"Common_ContentEditor","Title":"Content Editor","Description":"Enables users to add custom HTML to a dashboard.","SubTitle":"Content Editor Widget","WebPartIconName":null,"WidgetNotificationMode":0,"WidgetDeeplinkUrlText":null,"CategoryName":"Common","IsWebPartEnabled":true,"TypeName":null,"WebPartServiceAgentInterfaceTypeName":null,"WebPartDefinitionXml":null,"HideWebPartHeader":false,"HideWebPartFooter":true,"IsFreeFlowing":false,"PillarKey":null,"ChromeStyle":7,"ParameterJSON":"{\"HeaderLinkIcon\":\"\",\"IsCustomEditor\":true,\"PreviewType\":\"iframe\"}","TemplatePath":"app/modules/dashboard/views/webparts/widgetContentEditor.html","IsSystemLocked":false,"Category":{"Id":5,"Name":"Common","CategoryKey":"WebPartDefinition_Common","Description":"Common","ParentId":1,"OrdinalPosition":null},"Id":60},"HeaderColor":null,"IsHidden":false,"Layout":"{\"x\":83,\"y\":0,\"width\":17,\"height\":66}","OverrideTemplate":"\r\n\t&lt;!doctype html&gt; &lt;html&gt; &lt;head&gt; &lt;meta charset=&quot;utf-8&quot;&gt; &lt;title&gt;Untitled Document&lt;/title&gt; &lt;style&gt; div.news-container {  background-color:#e9ede5;  height:371px;  background-position:center;  background-repeat:no-repeat; } div.grad {  max-width:96%;  width:100%;  border:0px solid blue; } table.banner {  height:371px;  border:0px solid red;  max-width:100%;  width:100%; }  table.subnav {  max-width:96%;  width:100%;  border:0px solid green;  padding-top:15px;  font-family:&#39;Open Sans&#39; Tahoma;  font-weight:600; } .subnav td {  text-align:center;  width:25%;  padding:5px 20px;  font-weight:400;    } .subnav td.icon {  text-align:center;  width:25%;  padding:15px 0 5px 0;  font-weight:400;         height: 60px; } .subnav td.subnavtitle {         font-weight:700; } .subnav td.subnav-text {  text-align:left;  color: #606060;  font-family:Arial;  font-size:12px;  line-height:16px;  font-family:&#39;Open Sans&#39; Tahoma;         vertical-align:top; padding-bottom:40px; } &lt;/style&gt; &lt;/head&gt;  &lt;body&gt;        &lt;center&gt;                      &lt;table class=&quot;subnav&quot;&gt;              &lt;tr&gt;                     &lt;td class=&quot;icon&quot;&gt;&lt;a href=&quot;./dash/profile&quot;&gt;&lt;img src=&quot;./Content/Common/assets/images/dashboardProfile.jpg&quot; /&gt;&lt;/a&gt;&lt;/td&gt;                 &lt;/tr&gt;                 &lt;tr&gt;                  &lt;td class=&quot;subnavtitle&quot;&gt;Profile&lt;/td&gt;                 &lt;/tr&gt;                 &lt;tr&gt;                     &lt;td class=&quot;subnav-text&quot;&gt;&lt;!--View up to the second information about your current tasks, goals and compensation.--&gt; &lt;/td&gt;                 &lt;/tr&gt;                                                                    &lt;tr&gt;                         &lt;td class=&quot;icon&quot;&gt;&lt;a href=&quot;./search&quot;&gt;&lt;img src=&quot;./Content/Common/assets/images/dashboardSearch.jpg&quot; /&gt;&lt;/a&gt;&lt;/td&gt;                 &lt;/tr&gt;                                                                    &lt;tr&gt;                     &lt;td class=&quot;subnavtitle&quot;&gt;Search&lt;/td&gt;                 &lt;/tr&gt;                                                                    &lt;tr&gt;                     &lt;td class=&quot;subnav-text&quot;&gt;&lt;!--Explore all of the latest social media events and relevant connections.--&gt;&lt;/td&gt;                 &lt;/tr&gt;             &lt;/table&gt;         &lt;/center&gt; &lt;/body&gt; &lt;/html&gt;\r\n\t","ParameterJSON":"{\"HeaderLinkIcon\":\"\",\"IsCustomEditor\":true,\"PreviewType\":\"iframe\"}","SubTitle":"Content Editor Webpart","SupportsFullScreen":true,"Title":null}],"CanAddPage":false,"CanEditPage":false,"CanDeletePage":false,"CanPersonalizePage":true},{"Id":198,"title":"Home WFM","Description":"Home WFM","IsSystemLocked":true,"Name":"Home WFM","IsGuestPage":false,"ParameterJSON":null,"Personalization":null,"Url":"#/dash/home/WFM","path":"dash/home/WFM","WebPartPageKey":null,"IsEnabled":true,"RPKey":null,"Priority":11,"WebParts":[{"Id":336,"ChromeStyle":0,"Definition":{"WebPartDefinitionKey":"Common_ContentEditor","Title":"Content Editor","Description":"Enables users to add custom HTML to a dashboard.","SubTitle":"Content Editor Widget","WebPartIconName":null,"WidgetNotificationMode":0,"WidgetDeeplinkUrlText":null,"CategoryName":"Common","IsWebPartEnabled":true,"TypeName":null,"WebPartServiceAgentInterfaceTypeName":null,"WebPartDefinitionXml":null,"HideWebPartHeader":false,"HideWebPartFooter":true,"IsFreeFlowing":false,"PillarKey":null,"ChromeStyle":7,"ParameterJSON":"{\"HeaderLinkIcon\":\"\",\"IsCustomEditor\":true,\"PreviewType\":\"iframe\"}","TemplatePath":"app/modules/dashboard/views/webparts/widgetContentEditor.html","IsSystemLocked":false,"Category":{"Id":5,"Name":"Common","CategoryKey":"WebPartDefinition_Common","Description":"Common","ParentId":1,"OrdinalPosition":null},"Id":60},"HeaderColor":null,"IsHidden":false,"Layout":"{\"x\":0,\"y\":0,\"width\":83,\"height\":64}","OverrideTemplate":"&lt;iframe src=&quot;https://supp-saux.sumtotaldemo.net/SA_FTP/LocalUser/wfm_ftp/2017_Standalone/index.html&quot; class=&quot;sumt-webpart-iframe&quot;&gt;&lt;/iframe&gt;","ParameterJSON":"{\"HeaderLinkIcon\":\"\",\"IsCustomEditor\":true,\"PreviewType\":\"iframe\",\"fullScreen\":true}","SubTitle":"Content Editor Webpart","SupportsFullScreen":true,"Title":"Content Editor Webpart"}],"CanAddPage":false,"CanEditPage":false,"CanDeletePage":false,"CanPersonalizePage":true},{"Id":287,"title":"DBP_195646_12pm","Description":"About DashBoard","IsSystemLocked":false,"Name":"DBP_195646_12pm","IsGuestPage":false,"ParameterJSON":null,"Personalization":null,"Url":"#/dash/home/DBP_195646_12pm","path":"dash/home/DBP_195646_12pm","WebPartPageKey":null,"IsEnabled":true,"RPKey":null,"Priority":64,"WebParts":[],"CanAddPage":false,"CanEditPage":false,"CanDeletePage":false,"CanPersonalizePage":true},{"Id":309,"title":"DB1_224641_12pm","Description":"DashBoard1","IsSystemLocked":false,"Name":"DB1_224641_12pm","IsGuestPage":false,"ParameterJSON":null,"Personalization":null,"Url":"#/dash/home/DB1_224641_12pm","path":"dash/home/DB1_224641_12pm","WebPartPageKey":null,"IsEnabled":true,"RPKey":null,"Priority":85,"WebParts":[],"CanAddPage":false,"CanEditPage":false,"CanDeletePage":false,"CanPersonalizePage":true},{"Id":310,"title":"DB2_224641_12pm","Description":"DashBoard1","IsSystemLocked":false,"Name":"DB2_224641_12pm","IsGuestPage":false,"ParameterJSON":null,"Personalization":null,"Url":"#/dash/home/DB2_224641_12pm","path":"dash/home/DB2_224641_12pm","WebPartPageKey":null,"IsEnabled":true,"RPKey":null,"Priority":86,"WebParts":[],"CanAddPage":false,"CanEditPage":false,"CanDeletePage":false,"CanPersonalizePage":true}],"IsSystemLocked":true,"IsEnabled":true,"RPKey":null,"CanViewDashboard":true,"CanAddDashboard":false,"CanEditDashboard":false,"CanDeleteDashboard":false,"CanPersonalizeDashboard":true},{"Id":2,"DefaultPage":{"Id":2,"title":null,"Description":"Learning Dashboard","IsSystemLocked":true,"Name":"Learning","IsGuestPage":false,"ParameterJSON":null,"Personalization":null,"Url":"#/dash/learning","path":null,"WebPartPageKey":null,"IsEnabled":true,"RPKey":null,"Priority":12,"WebParts":[{"Id":310,"ChromeStyle":7,"Definition":{"WebPartDefinitionKey":"Timeline","Title":"Timeline","Description":"Displays tasks, approvals, and other updates in a timeline view.","SubTitle":"Activity timeline","WebPartIconName":null,"WidgetNotificationMode":0,"WidgetDeeplinkUrlText":null,"CategoryName":"Common","IsWebPartEnabled":true,"TypeName":null,"WebPartServiceAgentInterfaceTypeName":null,"WebPartDefinitionXml":null,"HideWebPartHeader":false,"HideWebPartFooter":false,"IsFreeFlowing":false,"PillarKey":null,"ChromeStyle":7,"ParameterJSON":"{\"HeaderLinkIcon\":\"\",\"IsCustomEditor\":false,\"PreviewType\":\"timeline\"}","TemplatePath":"app/modules/dashboard/views/webparts/widgetTimeline.html","IsSystemLocked":false,"Category":{"Id":5,"Name":"Common","CategoryKey":"WebPartDefinition_Common","Description":"Common","ParentId":1,"OrdinalPosition":null},"Id":61},"HeaderColor":null,"IsHidden":false,"Layout":"{\"x\":33,\"y\":10,\"width\":50,\"height\":68,\"max-width\":10,\"max-height\":10}","OverrideTemplate":null,"ParameterJSON":"{\"HeaderLinkIcon\":\"\",\"IsCustomEditor\":false,\"PreviewType\":\"timeline\"}","SubTitle":"Activity timeline","SupportsFullScreen":true,"Title":"Timeline"},{"Id":487,"ChromeStyle":7,"Definition":{"WebPartDefinitionKey":"LM_MyLearning","Title":"My Learning","Description":"Provides user with graphical summary of their assigned training compliance status.","SubTitle":null,"WebPartIconName":null,"WidgetNotificationMode":0,"WidgetDeeplinkUrlText":null,"CategoryName":"Learning","IsWebPartEnabled":true,"TypeName":"SumTotal.SPPortal.WebParts.Core.Learning.MyLearning.MyLearning, SumTotal.SPPortal.WebParts, Version=1.0.0.0, Culture=neutral, PublicKeyToken=6b7f90fbd13cce01","WebPartServiceAgentInterfaceTypeName":"ILMWebPartContractAsync","WebPartDefinitionXml":null,"HideWebPartHeader":false,"HideWebPartFooter":true,"IsFreeFlowing":false,"PillarKey":"LM","ChromeStyle":7,"ParameterJSON":"{\"HeaderLinkIcon\":\"\",\"IsCustomEditor\":false,\"PreviewType\":\"html\"}","TemplatePath":"app/modules/dashboard/views/webparts/widgetMyLearning.html","IsSystemLocked":false,"Category":{"Id":8,"Name":"Learning","CategoryKey":"WebPartDefinition_Learning","Description":"Learning","ParentId":1,"OrdinalPosition":null},"Id":67},"HeaderColor":"","IsHidden":false,"Layout":"{\"x\":0,\"y\":0,\"width\":33,\"height\":16,\"max-width\":10,\"max-height\":10}","OverrideTemplate":null,"ParameterJSON":"{\"HeaderLinkIcon\":\"\",\"IsCustomEditor\":false,\"PreviewType\":\"html\"}","SubTitle":null,"SupportsFullScreen":true,"Title":null},{"Id":488,"ChromeStyle":7,"Definition":{"WebPartDefinitionKey":"LM_LearningTasks","Title":"Learning Tasks","Description":"Displays the user's pending tasks.","SubTitle":"Learning Tasks","WebPartIconName":null,"WidgetNotificationMode":0,"WidgetDeeplinkUrlText":null,"CategoryName":"Learning","IsWebPartEnabled":true,"TypeName":"SSumTotal.SPPortal.WebParts.Core.Learning.LearningTasks.LearningTasks, SumTotal.SPPortal.WebParts, Version=1.0.0.0, Culture=neutral, PublicKeyToken=6b7f90fbd13cce01","WebPartServiceAgentInterfaceTypeName":"ILMWebPartContractAsync","WebPartDefinitionXml":null,"HideWebPartHeader":false,"HideWebPartFooter":true,"IsFreeFlowing":false,"PillarKey":"LM","ChromeStyle":7,"ParameterJSON":"{\"HeaderLinkIcon\": \"\", \"IsCustomEditor\": false, \"PreviewType\" : \"table\"}","TemplatePath":"app/modules/dashboard/views/webparts/widgetLearningTasks.html","IsSystemLocked":false,"Category":{"Id":8,"Name":"Learning","CategoryKey":"WebPartDefinition_Learning","Description":"Learning","ParentId":1,"OrdinalPosition":null},"Id":68},"HeaderColor":"","IsHidden":false,"Layout":"{\"x\":33,\"y\":0,\"width\":50,\"height\":10}","OverrideTemplate":null,"ParameterJSON":"{\"HeaderLinkIcon\":\"\",\"IsCustomEditor\":false,\"MessagesConfig\":{\"MessageCount\":\"count\",\"MessageData\":[\"date\",\"subject\",\"url\"]},\"PreviewType\":\"table\"}","SubTitle":"Learning Tasks","SupportsFullScreen":true,"Title":null},{"Id":491,"ChromeStyle":7,"Definition":{"WebPartDefinitionKey":"LM_MyMessages","Title":"My Messages","Description":"Highlights the five most recent unread learning  notifications.","SubTitle":"Recent messages I have received","WebPartIconName":null,"WidgetNotificationMode":1,"WidgetDeeplinkUrlText":"View All Messages","CategoryName":"Learning","IsWebPartEnabled":true,"TypeName":"SumTotal.SPPortal.WebParts.Core.Learning.MyMessages.MyMessages, SumTotal.SPPortal.WebParts, Version=1.0.0.0, Culture=neutral, PublicKeyToken=6b7f90fbd13cce01","WebPartServiceAgentInterfaceTypeName":"ILMWebPartContractAsync","WebPartDefinitionXml":null,"HideWebPartHeader":false,"HideWebPartFooter":true,"IsFreeFlowing":false,"PillarKey":"LM","ChromeStyle":7,"ParameterJSON":"{\"HeaderLinkIcon\": \"\", \"IsCustomEditor\": false, \"MessagesConfig\":{ \"MessageCount\":\"count\", \"MessageData\":[\"date\", \"subject\", \"url\"]}, \"PreviewType\":\"messages\"}","TemplatePath":"app/modules/dashboard/views/webparts/widgetMyMessages.html","IsSystemLocked":false,"Category":{"Id":8,"Name":"Learning","CategoryKey":"WebPartDefinition_Learning","Description":"Learning","ParentId":1,"OrdinalPosition":null},"Id":4},"HeaderColor":"","IsHidden":false,"Layout":"{\"x\":0,\"y\":16,\"width\":33,\"height\":20,\"max-width\":10,\"max-height\":10}","OverrideTemplate":null,"ParameterJSON":"{\"HeaderLinkIcon\":\"\",\"IsCustomEditor\":false,\"PreviewType\":\"messages\",\"MessagesConfig\":{\"MessageCount\":\"count\",\"MessageData\":[\"date\",\"subject\",\"url\"]}}","SubTitle":"Recent messages I have received","SupportsFullScreen":true,"Title":null}],"CanAddPage":false,"CanEditPage":false,"CanDeletePage":false,"CanPersonalizePage":false},"Description":"Learning Dashboard","Name":"LM","Url":"#/dash/learning","WebPartPageDefinitionKey":null,"WebPartPages":[{"Id":2,"title":"Learning","Description":"Learning Dashboard","IsSystemLocked":true,"Name":"Learning","IsGuestPage":false,"ParameterJSON":null,"Personalization":null,"Url":"#/dash/learning","path":"dash/learning","WebPartPageKey":null,"IsEnabled":true,"RPKey":null,"Priority":12,"WebParts":[{"Id":310,"ChromeStyle":7,"Definition":{"WebPartDefinitionKey":"Timeline","Title":"Timeline","Description":"Displays tasks, approvals, and other updates in a timeline view.","SubTitle":"Activity timeline","WebPartIconName":null,"WidgetNotificationMode":0,"WidgetDeeplinkUrlText":null,"CategoryName":"Common","IsWebPartEnabled":true,"TypeName":null,"WebPartServiceAgentInterfaceTypeName":null,"WebPartDefinitionXml":null,"HideWebPartHeader":false,"HideWebPartFooter":false,"IsFreeFlowing":false,"PillarKey":null,"ChromeStyle":7,"ParameterJSON":"{\"HeaderLinkIcon\":\"\",\"IsCustomEditor\":false,\"PreviewType\":\"timeline\"}","TemplatePath":"app/modules/dashboard/views/webparts/widgetTimeline.html","IsSystemLocked":false,"Category":{"Id":5,"Name":"Common","CategoryKey":"WebPartDefinition_Common","Description":"Common","ParentId":1,"OrdinalPosition":null},"Id":61},"HeaderColor":null,"IsHidden":false,"Layout":"{\"x\":33,\"y\":10,\"width\":50,\"height\":68,\"max-width\":10,\"max-height\":10}","OverrideTemplate":null,"ParameterJSON":"{\"HeaderLinkIcon\":\"\",\"IsCustomEditor\":false,\"PreviewType\":\"timeline\"}","SubTitle":"Activity timeline","SupportsFullScreen":true,"Title":"Timeline"},{"Id":487,"ChromeStyle":7,"Definition":{"WebPartDefinitionKey":"LM_MyLearning","Title":"My Learning","Description":"Provides user with graphical summary of their assigned training compliance status.","SubTitle":null,"WebPartIconName":null,"WidgetNotificationMode":0,"WidgetDeeplinkUrlText":null,"CategoryName":"Learning","IsWebPartEnabled":true,"TypeName":"SumTotal.SPPortal.WebParts.Core.Learning.MyLearning.MyLearning, SumTotal.SPPortal.WebParts, Version=1.0.0.0, Culture=neutral, PublicKeyToken=6b7f90fbd13cce01","WebPartServiceAgentInterfaceTypeName":"ILMWebPartContractAsync","WebPartDefinitionXml":null,"HideWebPartHeader":false,"HideWebPartFooter":true,"IsFreeFlowing":false,"PillarKey":"LM","ChromeStyle":7,"ParameterJSON":"{\"HeaderLinkIcon\":\"\",\"IsCustomEditor\":false,\"PreviewType\":\"html\"}","TemplatePath":"app/modules/dashboard/views/webparts/widgetMyLearning.html","IsSystemLocked":false,"Category":{"Id":8,"Name":"Learning","CategoryKey":"WebPartDefinition_Learning","Description":"Learning","ParentId":1,"OrdinalPosition":null},"Id":67},"HeaderColor":"","IsHidden":false,"Layout":"{\"x\":0,\"y\":0,\"width\":33,\"height\":16,\"max-width\":10,\"max-height\":10}","OverrideTemplate":null,"ParameterJSON":"{\"HeaderLinkIcon\":\"\",\"IsCustomEditor\":false,\"PreviewType\":\"html\"}","SubTitle":null,"SupportsFullScreen":true,"Title":null},{"Id":488,"ChromeStyle":7,"Definition":{"WebPartDefinitionKey":"LM_LearningTasks","Title":"Learning Tasks","Description":"Displays the user's pending tasks.","SubTitle":"Learning Tasks","WebPartIconName":null,"WidgetNotificationMode":0,"WidgetDeeplinkUrlText":null,"CategoryName":"Learning","IsWebPartEnabled":true,"TypeName":"SSumTotal.SPPortal.WebParts.Core.Learning.LearningTasks.LearningTasks, SumTotal.SPPortal.WebParts, Version=1.0.0.0, Culture=neutral, PublicKeyToken=6b7f90fbd13cce01","WebPartServiceAgentInterfaceTypeName":"ILMWebPartContractAsync","WebPartDefinitionXml":null,"HideWebPartHeader":false,"HideWebPartFooter":true,"IsFreeFlowing":false,"PillarKey":"LM","ChromeStyle":7,"ParameterJSON":"{\"HeaderLinkIcon\": \"\", \"IsCustomEditor\": false, \"PreviewType\" : \"table\"}","TemplatePath":"app/modules/dashboard/views/webparts/widgetLearningTasks.html","IsSystemLocked":false,"Category":{"Id":8,"Name":"Learning","CategoryKey":"WebPartDefinition_Learning","Description":"Learning","ParentId":1,"OrdinalPosition":null},"Id":68},"HeaderColor":"","IsHidden":false,"Layout":"{\"x\":33,\"y\":0,\"width\":50,\"height\":10}","OverrideTemplate":null,"ParameterJSON":"{\"HeaderLinkIcon\":\"\",\"IsCustomEditor\":false,\"MessagesConfig\":{\"MessageCount\":\"count\",\"MessageData\":[\"date\",\"subject\",\"url\"]},\"PreviewType\":\"table\"}","SubTitle":"Learning Tasks","SupportsFullScreen":true,"Title":null},{"Id":491,"ChromeStyle":7,"Definition":{"WebPartDefinitionKey":"LM_MyMessages","Title":"My Messages","Description":"Highlights the five most recent unread learning  notifications.","SubTitle":"Recent messages I have received","WebPartIconName":null,"WidgetNotificationMode":1,"WidgetDeeplinkUrlText":"View All Messages","CategoryName":"Learning","IsWebPartEnabled":true,"TypeName":"SumTotal.SPPortal.WebParts.Core.Learning.MyMessages.MyMessages, SumTotal.SPPortal.WebParts, Version=1.0.0.0, Culture=neutral, PublicKeyToken=6b7f90fbd13cce01","WebPartServiceAgentInterfaceTypeName":"ILMWebPartContractAsync","WebPartDefinitionXml":null,"HideWebPartHeader":false,"HideWebPartFooter":true,"IsFreeFlowing":false,"PillarKey":"LM","ChromeStyle":7,"ParameterJSON":"{\"HeaderLinkIcon\": \"\", \"IsCustomEditor\": false, \"MessagesConfig\":{ \"MessageCount\":\"count\", \"MessageData\":[\"date\", \"subject\", \"url\"]}, \"PreviewType\":\"messages\"}","TemplatePath":"app/modules/dashboard/views/webparts/widgetMyMessages.html","IsSystemLocked":false,"Category":{"Id":8,"Name":"Learning","CategoryKey":"WebPartDefinition_Learning","Description":"Learning","ParentId":1,"OrdinalPosition":null},"Id":4},"HeaderColor":"","IsHidden":false,"Layout":"{\"x\":0,\"y\":16,\"width\":33,\"height\":20,\"max-width\":10,\"max-height\":10}","OverrideTemplate":null,"ParameterJSON":"{\"HeaderLinkIcon\":\"\",\"IsCustomEditor\":false,\"PreviewType\":\"messages\",\"MessagesConfig\":{\"MessageCount\":\"count\",\"MessageData\":[\"date\",\"subject\",\"url\"]}}","SubTitle":"Recent messages I have received","SupportsFullScreen":true,"Title":null}],"CanAddPage":false,"CanEditPage":false,"CanDeletePage":false,"CanPersonalizePage":true}],"IsSystemLocked":true,"IsEnabled":true,"RPKey":null,"CanViewDashboard":true,"CanAddDashboard":false,"CanEditDashboard":false,"CanDeleteDashboard":false,"CanPersonalizeDashboard":true},{"Id":14,"DefaultPage":{"Id":4,"title":null,"Description":"Profile","IsSystemLocked":true,"Name":"Profile","IsGuestPage":false,"ParameterJSON":null,"Personalization":null,"Url":"#/dash/profile","path":null,"WebPartPageKey":null,"IsEnabled":true,"RPKey":null,"Priority":0,"WebParts":[],"CanAddPage":false,"CanEditPage":false,"CanDeletePage":false,"CanPersonalizePage":false},"Description":"Profile","Name":"Profile","Url":"#/dash/profile","WebPartPageDefinitionKey":null,"WebPartPages":[{"Id":4,"title":"Profile","Description":"Profile","IsSystemLocked":true,"Name":"Profile","IsGuestPage":false,"ParameterJSON":null,"Personalization":null,"Url":"#/dash/profile","path":"dash/profile","WebPartPageKey":null,"IsEnabled":true,"RPKey":null,"Priority":0,"WebParts":[],"CanAddPage":false,"CanEditPage":false,"CanDeletePage":false,"CanPersonalizePage":true},{"Id":191,"title":"Public Profile View - Manager","Description":"Public Profile View - Manager","IsSystemLocked":true,"Name":"Public Profile View - Manager","IsGuestPage":false,"ParameterJSON":null,"Personalization":null,"Url":"#/dash/profile/publicProfileManager","path":"dash/profile/publicProfileManager","WebPartPageKey":null,"IsEnabled":true,"RPKey":null,"Priority":0,"WebParts":[{"Id":319,"ChromeStyle":0,"Definition":{"WebPartDefinitionKey":"About_Me","Title":"About Me","Description":"Displays key profile information about the employee.","SubTitle":"Photo, email and employment information","WebPartIconName":null,"WidgetNotificationMode":0,"WidgetDeeplinkUrlText":"View my profile","CategoryName":"Common","IsWebPartEnabled":true,"TypeName":"SumTotal.SPPortal.WebParts.Core.MySelf.AboutMe.AboutMe, SumTotal.SPPortal.WebParts, Version=1.0.0.0, Culture=neutral, PublicKeyToken=6b7f90fbd13cce01","WebPartServiceAgentInterfaceTypeName":null,"WebPartDefinitionXml":null,"HideWebPartHeader":true,"HideWebPartFooter":true,"IsFreeFlowing":false,"PillarKey":null,"ChromeStyle":7,"ParameterJSON":"{\"HeaderLinkIcon\":\"\",\"IsCustomEditor\":false,\"PreviewType\":\"aboutme\"}","TemplatePath":"app/modules/dashboard/views/webparts/widgetAboutMe.html","IsSystemLocked":false,"Category":{"Id":5,"Name":"Common","CategoryKey":"WebPartDefinition_Common","Description":"Common","ParentId":1,"OrdinalPosition":null},"Id":43},"HeaderColor":null,"IsHidden":false,"Layout":"{\"x\":0,\"y\":\"0\",\"width\":33,\"height\":20}","OverrideTemplate":null,"ParameterJSON":"{\"HeaderLinkIcon\":\"\",\"IsCustomEditor\":false,\"PreviewType\":\"aboutme\"}","SubTitle":"Photo, email and employment information","SupportsFullScreen":true,"Title":null},{"Id":320,"ChromeStyle":7,"Definition":{"WebPartDefinitionKey":"Timeline","Title":"Timeline","Description":"Displays tasks, approvals, and other updates in a timeline view.","SubTitle":"Activity timeline","WebPartIconName":null,"WidgetNotificationMode":0,"WidgetDeeplinkUrlText":null,"CategoryName":"Common","IsWebPartEnabled":true,"TypeName":null,"WebPartServiceAgentInterfaceTypeName":null,"WebPartDefinitionXml":null,"HideWebPartHeader":false,"HideWebPartFooter":false,"IsFreeFlowing":false,"PillarKey":null,"ChromeStyle":7,"ParameterJSON":"{\"HeaderLinkIcon\":\"\",\"IsCustomEditor\":false,\"PreviewType\":\"timeline\"}","TemplatePath":"app/modules/dashboard/views/webparts/widgetTimeline.html","IsSystemLocked":false,"Category":{"Id":5,"Name":"Common","CategoryKey":"WebPartDefinition_Common","Description":"Common","ParentId":1,"OrdinalPosition":null},"Id":61},"HeaderColor":null,"IsHidden":false,"Layout":"{\"x\":0,\"y\":33,\"width\":33,\"height\":62,\"max-width\":10,\"max-height\":10}","OverrideTemplate":null,"ParameterJSON":"{\"HeaderLinkIcon\":\"\",\"IsCustomEditor\":false,\"PreviewType\":\"timeline\"}","SubTitle":"Activity timeline","SupportsFullScreen":true,"Title":null},{"Id":321,"ChromeStyle":7,"Definition":{"WebPartDefinitionKey":"Direct_Reports","Title":"Direct Reports","Description":"Listing of your direct reports.","SubTitle":"Direct Reports","WebPartIconName":null,"WidgetNotificationMode":0,"WidgetDeeplinkUrlText":null,"CategoryName":"Common","IsWebPartEnabled":true,"TypeName":null,"WebPartServiceAgentInterfaceTypeName":null,"WebPartDefinitionXml":null,"HideWebPartHeader":false,"HideWebPartFooter":true,"IsFreeFlowing":false,"PillarKey":null,"ChromeStyle":7,"ParameterJSON":"{\"HeaderLinkIcon\":\"DirectReports\",\"IsCustomEditor\":false,\"PreviewType\":\"table\"}","TemplatePath":"app/modules/dashboard/views/webparts/widgetDirectReports.html","IsSystemLocked":false,"Category":{"Id":5,"Name":"Common","CategoryKey":"WebPartDefinition_Common","Description":"Common","ParentId":1,"OrdinalPosition":null},"Id":63},"HeaderColor":null,"IsHidden":false,"Layout":"{\"x\":34,\"y\":0,\"width\":66,\"height\":33}","OverrideTemplate":null,"ParameterJSON":"{\"HeaderLinkIcon\":\"DirectReports\",\"IsCustomEditor\":false,\"PreviewType\":\"table\"}","SubTitle":"Direct Reports","SupportsFullScreen":true,"Title":null}],"CanAddPage":false,"CanEditPage":false,"CanDeletePage":false,"CanPersonalizePage":true},{"Id":192,"title":"Public Profile View - Employee","Description":"Public Profile View - Employee","IsSystemLocked":true,"Name":"Public Profile View - Employee","IsGuestPage":false,"ParameterJSON":null,"Personalization":null,"Url":"#/dash/profile/publicProfileEmployee","path":"dash/profile/publicProfileEmployee","WebPartPageKey":null,"IsEnabled":true,"RPKey":null,"Priority":0,"WebParts":[{"Id":317,"ChromeStyle":7,"Definition":{"WebPartDefinitionKey":"Timeline","Title":"Timeline","Description":"Displays tasks, approvals, and other updates in a timeline view.","SubTitle":"Activity timeline","WebPartIconName":null,"WidgetNotificationMode":0,"WidgetDeeplinkUrlText":null,"CategoryName":"Common","IsWebPartEnabled":true,"TypeName":null,"WebPartServiceAgentInterfaceTypeName":null,"WebPartDefinitionXml":null,"HideWebPartHeader":false,"HideWebPartFooter":false,"IsFreeFlowing":false,"PillarKey":null,"ChromeStyle":7,"ParameterJSON":"{\"HeaderLinkIcon\":\"\",\"IsCustomEditor\":false,\"PreviewType\":\"timeline\"}","TemplatePath":"app/modules/dashboard/views/webparts/widgetTimeline.html","IsSystemLocked":false,"Category":{"Id":5,"Name":"Common","CategoryKey":"WebPartDefinition_Common","Description":"Common","ParentId":1,"OrdinalPosition":null},"Id":61},"HeaderColor":null,"IsHidden":false,"Layout":"{\"x\":0,\"y\":33,\"width\":33,\"height\":62,\"max-width\":10,\"max-height\":10}","OverrideTemplate":null,"ParameterJSON":"{\"HeaderLinkIcon\":\"\",\"IsCustomEditor\":false,\"PreviewType\":\"timeline\"}","SubTitle":"Activity timeline","SupportsFullScreen":true,"Title":null},{"Id":318,"ChromeStyle":0,"Definition":{"WebPartDefinitionKey":"About_Me","Title":"About Me","Description":"Displays key profile information about the employee.","SubTitle":"Photo, email and employment information","WebPartIconName":null,"WidgetNotificationMode":0,"WidgetDeeplinkUrlText":"View my profile","CategoryName":"Common","IsWebPartEnabled":true,"TypeName":"SumTotal.SPPortal.WebParts.Core.MySelf.AboutMe.AboutMe, SumTotal.SPPortal.WebParts, Version=1.0.0.0, Culture=neutral, PublicKeyToken=6b7f90fbd13cce01","WebPartServiceAgentInterfaceTypeName":null,"WebPartDefinitionXml":null,"HideWebPartHeader":true,"HideWebPartFooter":true,"IsFreeFlowing":false,"PillarKey":null,"ChromeStyle":7,"ParameterJSON":"{\"HeaderLinkIcon\":\"\",\"IsCustomEditor\":false,\"PreviewType\":\"aboutme\"}","TemplatePath":"app/modules/dashboard/views/webparts/widgetAboutMe.html","IsSystemLocked":false,"Category":{"Id":5,"Name":"Common","CategoryKey":"WebPartDefinition_Common","Description":"Common","ParentId":1,"OrdinalPosition":null},"Id":43},"HeaderColor":null,"IsHidden":false,"Layout":"{\"x\":0,\"y\":\"0\",\"width\":33,\"height\":20}","OverrideTemplate":null,"ParameterJSON":"{\"HeaderLinkIcon\":\"\",\"IsCustomEditor\":false,\"PreviewType\":\"aboutme\"}","SubTitle":"Photo, email and employment information","SupportsFullScreen":true,"Title":null}],"CanAddPage":false,"CanEditPage":false,"CanDeletePage":false,"CanPersonalizePage":true},{"Id":193,"title":"Personal Profile View - Employee","Description":"Personal Profile View - Employee","IsSystemLocked":true,"Name":"Personal Profile View - Employee","IsGuestPage":false,"ParameterJSON":null,"Personalization":null,"Url":"#/dash/profile/personalProfileEmployee","path":"dash/profile/personalProfileEmployee","WebPartPageKey":null,"IsEnabled":true,"RPKey":null,"Priority":34,"WebParts":[{"Id":315,"ChromeStyle":7,"Definition":{"WebPartDefinitionKey":"Timeline","Title":"Timeline","Description":"Displays tasks, approvals, and other updates in a timeline view.","SubTitle":"Activity timeline","WebPartIconName":null,"WidgetNotificationMode":0,"WidgetDeeplinkUrlText":null,"CategoryName":"Common","IsWebPartEnabled":true,"TypeName":null,"WebPartServiceAgentInterfaceTypeName":null,"WebPartDefinitionXml":null,"HideWebPartHeader":false,"HideWebPartFooter":false,"IsFreeFlowing":false,"PillarKey":null,"ChromeStyle":7,"ParameterJSON":"{\"HeaderLinkIcon\":\"\",\"IsCustomEditor\":false,\"PreviewType\":\"timeline\"}","TemplatePath":"app/modules/dashboard/views/webparts/widgetTimeline.html","IsSystemLocked":false,"Category":{"Id":5,"Name":"Common","CategoryKey":"WebPartDefinition_Common","Description":"Common","ParentId":1,"OrdinalPosition":null},"Id":61},"HeaderColor":null,"IsHidden":false,"Layout":"{\"x\":0,\"y\":41,\"width\":28,\"height\":27,\"max-width\":10,\"max-height\":10}","OverrideTemplate":null,"ParameterJSON":"{\"HeaderLinkIcon\":\"\",\"IsCustomEditor\":false,\"PreviewType\":\"timeline\"}","SubTitle":"Activity timeline","SupportsFullScreen":true,"Title":null},{"Id":316,"ChromeStyle":7,"Definition":{"WebPartDefinitionKey":"Key_Measures","Title":"Key Measures","Description":"Displays key performance measures for a user.","SubTitle":"Key Measures","WebPartIconName":null,"WidgetNotificationMode":0,"WidgetDeeplinkUrlText":null,"CategoryName":"Common","IsWebPartEnabled":true,"TypeName":null,"WebPartServiceAgentInterfaceTypeName":null,"WebPartDefinitionXml":null,"HideWebPartHeader":false,"HideWebPartFooter":true,"IsFreeFlowing":false,"PillarKey":null,"ChromeStyle":7,"ParameterJSON":"{\"HeaderLinkIcon\":\"\",\"IsCustomEditor\":false,\"PreviewType\":\"claw\"}","TemplatePath":"app/modules/dashboard/views/webparts/widgetKeyMeasures.html","IsSystemLocked":false,"Category":{"Id":5,"Name":"Common","CategoryKey":"WebPartDefinition_Common","Description":"Common","ParentId":1,"OrdinalPosition":null},"Id":62},"HeaderColor":null,"IsHidden":false,"Layout":"{\"x\":33,\"y\":0,\"width\":67,\"height\":20,\"max-width\":10,\"max-height\":10}","OverrideTemplate":null,"ParameterJSON":"{\"HeaderLinkIcon\":\"\",\"IsCustomEditor\":false,\"PreviewType\":\"claw\"}","SubTitle":"Key Measures","SupportsFullScreen":true,"Title":null},{"Id":415,"ChromeStyle":7,"Definition":{"WebPartDefinitionKey":"About_Me","Title":"About Me","Description":"Displays key profile information about the employee.","SubTitle":"Photo, email and employment information","WebPartIconName":null,"WidgetNotificationMode":0,"WidgetDeeplinkUrlText":"View my profile","CategoryName":"Common","IsWebPartEnabled":true,"TypeName":"SumTotal.SPPortal.WebParts.Core.MySelf.AboutMe.AboutMe, SumTotal.SPPortal.WebParts, Version=1.0.0.0, Culture=neutral, PublicKeyToken=6b7f90fbd13cce01","WebPartServiceAgentInterfaceTypeName":null,"WebPartDefinitionXml":null,"HideWebPartHeader":true,"HideWebPartFooter":true,"IsFreeFlowing":false,"PillarKey":null,"ChromeStyle":7,"ParameterJSON":"{\"HeaderLinkIcon\":\"\",\"IsCustomEditor\":false,\"PreviewType\":\"aboutme\"}","TemplatePath":"app/modules/dashboard/views/webparts/widgetAboutMe.html","IsSystemLocked":false,"Category":{"Id":5,"Name":"Common","CategoryKey":"WebPartDefinition_Common","Description":"Common","ParentId":1,"OrdinalPosition":null},"Id":43},"HeaderColor":"","IsHidden":false,"Layout":"{\"x\":0,\"y\":0,\"width\":30,\"height\":21}","OverrideTemplate":null,"ParameterJSON":"{\"HeaderLinkIcon\":\"\",\"IsCustomEditor\":false,\"PreviewType\":\"aboutme\"}","SubTitle":"Photo, email and employment information","SupportsFullScreen":true,"Title":null},{"Id":416,"ChromeStyle":7,"Definition":{"WebPartDefinitionKey":"LM_Recommendation","Title":"Recommended Courses","Description":"Displays recommended learning based on your interests, your required skills, and suggestions from others in your organization.","SubTitle":null,"WebPartIconName":null,"WidgetNotificationMode":0,"WidgetDeeplinkUrlText":null,"CategoryName":"Learning","IsWebPartEnabled":true,"TypeName":null,"WebPartServiceAgentInterfaceTypeName":null,"WebPartDefinitionXml":null,"HideWebPartHeader":false,"HideWebPartFooter":true,"IsFreeFlowing":false,"PillarKey":"LM","ChromeStyle":7,"ParameterJSON":"{\"HeaderLinkIcon\":\"\",\"IsCustomEditor\":false,\"PreviewType\":\"table\"}","TemplatePath":"app/modules/dashboard/views/webparts/widgetRecommendation.html","IsSystemLocked":false,"Category":{"Id":8,"Name":"Learning","CategoryKey":"WebPartDefinition_Learning","Description":"Learning","ParentId":1,"OrdinalPosition":null},"Id":70},"HeaderColor":"","IsHidden":false,"Layout":"{\"x\":33,\"y\":41,\"width\":66,\"height\":20}","OverrideTemplate":null,"ParameterJSON":"{\"HeaderLinkIcon\":\"\",\"IsCustomEditor\":false,\"PreviewType\":\"table\"}","SubTitle":null,"SupportsFullScreen":true,"Title":null},{"Id":505,"ChromeStyle":7,"Definition":{"WebPartDefinitionKey":"HRMS_AddrInfo","Title":"HR Management Address Information","Description":"Displays address information of current user","SubTitle":"Get address information of current user","WebPartIconName":null,"WidgetNotificationMode":0,"WidgetDeeplinkUrlText":null,"CategoryName":"Talent","IsWebPartEnabled":true,"TypeName":"SumTotal.SPPortal.WebParts.Core.HRMS.HRMSAddrInfo.HRMSAddrInfo, SumTotal.SPPortal.WebParts, Version=1.0.0.0, Culture=neutral, PublicKeyToken=6b7f90fbd13cce01","WebPartServiceAgentInterfaceTypeName":"IHRMSWebPartContractAsync","WebPartDefinitionXml":null,"HideWebPartHeader":false,"HideWebPartFooter":true,"IsFreeFlowing":false,"PillarKey":"TM","ChromeStyle":7,"ParameterJSON":"{\"HeaderLinkIcon\":\"\",\"IsCustomEditor\":false,\"PreviewType\":\"table\"}","TemplatePath":"app/modules/dashboard/views/webparts/widgetHRMSAddressInfo.html","IsSystemLocked":false,"Category":{"Id":6,"Name":"Talent","CategoryKey":"WebPartDefinition_Talent","Description":"Talent","ParentId":1,"OrdinalPosition":null},"Id":57},"HeaderColor":"","IsHidden":false,"Layout":"{\"x\":55,\"y\":20,\"width\":45,\"height\":20}","OverrideTemplate":null,"ParameterJSON":"{\"HeaderLinkIcon\":\"\",\"IsCustomEditor\":false,\"PreviewType\":\"table\"}","SubTitle":"Get address information of current user","SupportsFullScreen":true,"Title":null},{"Id":506,"ChromeStyle":7,"Definition":{"WebPartDefinitionKey":"HRMS_Demographics","Title":"HR Management Demographics","Description":"Displays basic personal information of the current user.","SubTitle":"Get HRMS demographics of current user","WebPartIconName":null,"WidgetNotificationMode":0,"WidgetDeeplinkUrlText":null,"CategoryName":"Talent","IsWebPartEnabled":true,"TypeName":"SumTotal.SPPortal.WebParts.Core.HRMS.HRMSDemographics.HRMSDemographics, SumTotal.SPPortal.WebParts, Version=1.0.0.0, Culture=neutral, PublicKeyToken=6b7f90fbd13cce01","WebPartServiceAgentInterfaceTypeName":"IHRMSWebPartContractAsync","WebPartDefinitionXml":null,"HideWebPartHeader":false,"HideWebPartFooter":true,"IsFreeFlowing":false,"PillarKey":"TM","ChromeStyle":7,"ParameterJSON":"{\"HeaderLinkIcon\":\"\",\"IsCustomEditor\":false,\"PreviewType\":\"table\"}","TemplatePath":"app/modules/dashboard/views/webparts/widgetHRMSDemographics.html","IsSystemLocked":false,"Category":{"Id":6,"Name":"Talent","CategoryKey":"WebPartDefinition_Talent","Description":"Talent","ParentId":1,"OrdinalPosition":null},"Id":56},"HeaderColor":"","IsHidden":false,"Layout":"{\"x\":1,\"y\":21,\"width\":45,\"height\":20}","OverrideTemplate":null,"ParameterJSON":"{\"HeaderLinkIcon\":\"\",\"IsCustomEditor\":false,\"PreviewType\":\"table\"}","SubTitle":"Get HRMS demographics of current user","SupportsFullScreen":true,"Title":null},{"Id":510,"ChromeStyle":7,"Definition":{"WebPartDefinitionKey":"LM_Categories","Title":"Browse By Topic","Description":"Display all topics, can browse activities through selected topic.","SubTitle":"Browse By Topic","WebPartIconName":null,"WidgetNotificationMode":0,"WidgetDeeplinkUrlText":"View All Categories","CategoryName":"Learning","IsWebPartEnabled":true,"TypeName":null,"WebPartServiceAgentInterfaceTypeName":"ILMWebPartContractAsync","WebPartDefinitionXml":null,"HideWebPartHeader":false,"HideWebPartFooter":false,"IsFreeFlowing":false,"PillarKey":"LM","ChromeStyle":7,"ParameterJSON":"{\"HeaderLinkIcon\":\"\",\"IsCustomEditor\":false,\"PreviewType\":\"table\"}","TemplatePath":"app/modules/dashboard/views/webparts/widgetCatalogBrowseByCategory.html","IsSystemLocked":false,"Category":{"Id":8,"Name":"Learning","CategoryKey":"WebPartDefinition_Learning","Description":"Learning","ParentId":1,"OrdinalPosition":null},"Id":80},"HeaderColor":"","IsHidden":false,"Layout":"{\"x\":30,\"y\":61,\"width\":25,\"height\":20}","OverrideTemplate":null,"ParameterJSON":"{\"HeaderLinkIcon\":\"\",\"IsCustomEditor\":false,\"PreviewType\":\"table\",\"noScroll\":true}","SubTitle":"Browse By Topic","SupportsFullScreen":true,"Title":null},{"Id":516,"ChromeStyle":7,"Definition":{"WebPartDefinitionKey":"LM_Categories","Title":"Browse By Topic","Description":"Display all topics, can browse activities through selected topic.","SubTitle":"Browse By Topic","WebPartIconName":null,"WidgetNotificationMode":0,"WidgetDeeplinkUrlText":"View All Categories","CategoryName":"Learning","IsWebPartEnabled":true,"TypeName":null,"WebPartServiceAgentInterfaceTypeName":"ILMWebPartContractAsync","WebPartDefinitionXml":null,"HideWebPartHeader":false,"HideWebPartFooter":false,"IsFreeFlowing":false,"PillarKey":"LM","ChromeStyle":7,"ParameterJSON":"{\"HeaderLinkIcon\":\"\",\"IsCustomEditor\":false,\"PreviewType\":\"table\"}","TemplatePath":"app/modules/dashboard/views/webparts/widgetCatalogBrowseByCategory.html","IsSystemLocked":false,"Category":{"Id":8,"Name":"Learning","CategoryKey":"WebPartDefinition_Learning","Description":"Learning","ParentId":1,"OrdinalPosition":null},"Id":80},"HeaderColor":"","IsHidden":false,"Layout":"{\"x\":0,\"y\":68,\"width\":25,\"height\":20}","OverrideTemplate":null,"ParameterJSON":"{\"HeaderLinkIcon\":\"\",\"IsCustomEditor\":false,\"PreviewType\":\"table\"}","SubTitle":"Browse By Topic","SupportsFullScreen":true,"Title":null},{"Id":518,"ChromeStyle":7,"Definition":{"WebPartDefinitionKey":"LM_Categories","Title":"Browse By Topic","Description":"Display all topics, can browse activities through selected topic.","SubTitle":"Browse By Topic","WebPartIconName":null,"WidgetNotificationMode":0,"WidgetDeeplinkUrlText":"View All Categories","CategoryName":"Learning","IsWebPartEnabled":true,"TypeName":null,"WebPartServiceAgentInterfaceTypeName":"ILMWebPartContractAsync","WebPartDefinitionXml":null,"HideWebPartHeader":false,"HideWebPartFooter":false,"IsFreeFlowing":false,"PillarKey":"LM","ChromeStyle":7,"ParameterJSON":"{\"HeaderLinkIcon\":\"\",\"IsCustomEditor\":false,\"PreviewType\":\"table\"}","TemplatePath":"app/modules/dashboard/views/webparts/widgetCatalogBrowseByCategory.html","IsSystemLocked":false,"Category":{"Id":8,"Name":"Learning","CategoryKey":"WebPartDefinition_Learning","Description":"Learning","ParentId":1,"OrdinalPosition":null},"Id":80},"HeaderColor":"","IsHidden":false,"Layout":"{\"x\":null,\"y\":null,\"width\":25,\"height\":20}","OverrideTemplate":null,"ParameterJSON":"{\"HeaderLinkIcon\":\"\",\"IsCustomEditor\":false,\"PreviewType\":\"table\"}","SubTitle":"Browse By Topic","SupportsFullScreen":true,"Title":null}],"CanAddPage":false,"CanEditPage":false,"CanDeletePage":false,"CanPersonalizePage":true},{"Id":194,"title":"Personal Profile View - Manager","Description":"Personal Profile View - Manager","IsSystemLocked":true,"Name":"Personal Profile View - Manager","IsGuestPage":false,"ParameterJSON":null,"Personalization":null,"Url":"#/dash/profile/personalProfileManager","path":"dash/profile/personalProfileManager","WebPartPageKey":null,"IsEnabled":true,"RPKey":null,"Priority":20,"WebParts":[{"Id":532,"ChromeStyle":7,"Definition":{"WebPartDefinitionKey":"Common_ContentEditor","Title":"Content Editor","Description":"Enables users to add custom HTML to a dashboard.","SubTitle":"Content Editor Widget","WebPartIconName":null,"WidgetNotificationMode":0,"WidgetDeeplinkUrlText":null,"CategoryName":"Common","IsWebPartEnabled":true,"TypeName":null,"WebPartServiceAgentInterfaceTypeName":null,"WebPartDefinitionXml":null,"HideWebPartHeader":false,"HideWebPartFooter":true,"IsFreeFlowing":false,"PillarKey":null,"ChromeStyle":7,"ParameterJSON":"{\"HeaderLinkIcon\":\"\",\"IsCustomEditor\":true,\"PreviewType\":\"iframe\"}","TemplatePath":"app/modules/dashboard/views/webparts/widgetContentEditor.html","IsSystemLocked":false,"Category":{"Id":5,"Name":"Common","CategoryKey":"WebPartDefinition_Common","Description":"Common","ParentId":1,"OrdinalPosition":null},"Id":60},"HeaderColor":"","IsHidden":false,"Layout":"{\"x\":0,\"y\":0,\"width\":25,\"height\":20}","OverrideTemplate":null,"ParameterJSON":"{\"HeaderLinkIcon\":\"\",\"IsCustomEditor\":true,\"PreviewType\":\"iframe\"}","SubTitle":"Content Editor Widget","SupportsFullScreen":true,"Title":null}],"CanAddPage":false,"CanEditPage":false,"CanDeletePage":false,"CanPersonalizePage":true}],"IsSystemLocked":true,"IsEnabled":true,"RPKey":null,"CanViewDashboard":true,"CanAddDashboard":false,"CanEditDashboard":false,"CanDeleteDashboard":false,"CanPersonalizeDashboard":true},{"Id":17,"DefaultPage":{"Id":190,"title":null,"Description":"First Time Experience desc","IsSystemLocked":true,"Name":"First Time Experience","IsGuestPage":false,"ParameterJSON":null,"Personalization":null,"Url":"#/dash/fte","path":null,"WebPartPageKey":null,"IsEnabled":true,"RPKey":null,"Priority":59,"WebParts":[{"Id":301,"ChromeStyle":7,"Definition":{"WebPartDefinitionKey":"Find_Video","Title":"Find a Video","Description":"Provides a launching point to search for videos in the learning library.","SubTitle":null,"WebPartIconName":null,"WidgetNotificationMode":0,"WidgetDeeplinkUrlText":null,"CategoryName":"Enterprise Search Configuration","IsWebPartEnabled":true,"TypeName":null,"WebPartServiceAgentInterfaceTypeName":null,"WebPartDefinitionXml":null,"HideWebPartHeader":false,"HideWebPartFooter":false,"IsFreeFlowing":false,"PillarKey":null,"ChromeStyle":7,"ParameterJSON":"{\"HeaderLinkIcon\":\"\",\"IsCustomEditor\":false,\"PreviewType\":\"search\",\"WidgetContent\":[{\"contentItem\":\"ENTERPRISE_SEARCH_FIND_VIDEO_CONTENT_ITEM\",\"contentDescription\":\"ENTERPRISE_SEARCH_FIND_VIDEO_CONTENT_DESC\",\"isLink\":false},{\"contentItem\":\"ENTERPRISE_SEARCH_FIND_VIDEO_CONTENT_ITEM_TWO\",\"contentDescription\":\"ENTERPRISE_SEARCH_FIND_VIDEO_CONTENT_DESC_TWO\",\"contentLink\":\"ENTERPRISE_SEARCH_LEARNER_DASHBOARD_LINK\",\"isLink\":true,\"link\":\"/dash/learning\"}],\"icon\":\"fa-video-camera\",\"catalogItem\":\"Video\"}","TemplatePath":"app/modules/dashboard/views/searchWidgets/findVideo.html","IsSystemLocked":false,"Category":{"Id":28,"Name":"Enterprise Search Configuration","CategoryKey":"ENTERPRISE_SEARCH","Description":"The category for enterprise search settings","ParentId":0,"OrdinalPosition":"1"},"Id":73},"HeaderColor":null,"IsHidden":false,"Layout":"{\"y\":0,\"x\":1,\"row\":1,\"col\":1}","OverrideTemplate":null,"ParameterJSON":"{\"HeaderLinkIcon\":\"\",\"IsCustomEditor\":false,\"PreviewType\":\"search\",\"WidgetContent\":[{\"contentItem\":\"translationFactory.current.ENTERPRISE_SEARCH_FIND_VIDEO_CONTENT_ITEM\",\"contentDescription\":\"translationFactory.current.ENTERPRISE_SEARCH_FIND_VIDEO_CONTENT_DESC\",\"isLink\":false},{\"contentItem\":\"translationFactory.current.ENTERPRISE_SEARCH_FIND_VIDEO_CONTENT_ITEM_TWO\",\"contentDescription\":\"translationFactory.current.ENTERPRISE_SEARCH_FIND_VIDEO_CONTENT_DESC_TWO\",\"contentLink\":\"translationFactory.current.ENTERPRISE_SEARCH_LEARNER_DASHBOARD_LINK\",\"isLink\":true,\"link\":\"/dash/learning\"}],\"icon\":\"fa-video-camera\",\"catalogItem\":\"Video\"}","SubTitle":null,"SupportsFullScreen":true,"Title":null},{"Id":302,"ChromeStyle":7,"Definition":{"WebPartDefinitionKey":"Find_Person","Title":"Find another Person","Description":"Provides a launching point to search for people.","SubTitle":null,"WebPartIconName":null,"WidgetNotificationMode":0,"WidgetDeeplinkUrlText":null,"CategoryName":"Enterprise Search Configuration","IsWebPartEnabled":true,"TypeName":null,"WebPartServiceAgentInterfaceTypeName":null,"WebPartDefinitionXml":null,"HideWebPartHeader":false,"HideWebPartFooter":false,"IsFreeFlowing":false,"PillarKey":null,"ChromeStyle":7,"ParameterJSON":"{\"HeaderLinkIcon\":\"\",\"IsCustomEditor\":false,\"PreviewType\":\"search\",\"WidgetContent\":[{\"contentItem\":\"ENTERPRISE_SEARCH_FIND_PERSON_CONTENT_ITEM\",\"contentDescription\":\"ENTERPRISE_SEARCH_FIND_PERSON_CONTENT_DESC\",\"isLink\":false}],\"icon\":\"fa-users\"}","TemplatePath":"app/modules/dashboard/views/searchWidgets/findPerson.html","IsSystemLocked":false,"Category":{"Id":28,"Name":"Enterprise Search Configuration","CategoryKey":"ENTERPRISE_SEARCH","Description":"The category for enterprise search settings","ParentId":0,"OrdinalPosition":"1"},"Id":74},"HeaderColor":null,"IsHidden":false,"Layout":"{\"y\":0,\"x\":2,\"row\":0,\"col\":2}","OverrideTemplate":null,"ParameterJSON":"{\"HeaderLinkIcon\":\"\",\"IsCustomEditor\":false,\"PreviewType\":\"search\",\"WidgetContent\":[{\"contentItem\":\"translationFactory.current.ENTERPRISE_SEARCH_FIND_PERSON_CONTENT_ITEM\",\"contentDescription\":\"translationFactory.current.ENTERPRISE_SEARCH_FIND_PERSON_CONTENT_DESC\",\"isLink\":false}],\"icon\":\"fa-users\"}","SubTitle":null,"SupportsFullScreen":true,"Title":null},{"Id":329,"ChromeStyle":7,"Definition":{"WebPartDefinitionKey":"Find_Job","Title":"Find A Job","Description":"Here are a few different ways to find a job:","SubTitle":null,"WebPartIconName":null,"WidgetNotificationMode":0,"WidgetDeeplinkUrlText":null,"CategoryName":"Enterprise Search Configuration","IsWebPartEnabled":true,"TypeName":null,"WebPartServiceAgentInterfaceTypeName":null,"WebPartDefinitionXml":null,"HideWebPartHeader":false,"HideWebPartFooter":false,"IsFreeFlowing":false,"PillarKey":null,"ChromeStyle":7,"ParameterJSON":"{\"HeaderLinkIcon\":\"\",\"IsCustomEditor\":false,\"PreviewType\":\"search\",\"WidgetContent\":[{\"contentItem\":\"ENTERPRISE_SEARCH_FIND_JOB_CONTENT_ITEM\",\"isLink\":true},{\"contentItem\":\"ENTERPRISE_SEARCH_FIND_JOB_CONTENT_ITEM_TWO\",\"contentDescription\":\"ENTERPRISE_SEARCH_FIND_JOB_CONTENT_DESC_TWO\",\"isLink\":false}],\"icon\":\"fa-search\"}","TemplatePath":"app/modules/dashboard/views/searchWidgets/findJob.html","IsSystemLocked":false,"Category":{"Id":28,"Name":"Enterprise Search Configuration","CategoryKey":"ENTERPRISE_SEARCH","Description":"The category for enterprise search settings","ParentId":0,"OrdinalPosition":"1"},"Id":86},"HeaderColor":null,"IsHidden":false,"Layout":"{\"y\":1,\"x\":1,\"row\":1,\"col\":0}","OverrideTemplate":null,"ParameterJSON":"{\"HeaderLinkIcon\":\"\",\"IsCustomEditor\":false,\"PreviewType\":\"search\",\"WidgetContent\":[{\"contentItem\":\"translationFactory.current.ENTERPRISE_SEARCH_FIND_JOB_CONTENT_ITEM\",\"isLink\":true},{\"contentItem\":\"translationFactory.current.ENTERPRISE_SEARCH_FIND_JOB_CONTENT_ITEM_TWO\",\"contentDescription\":\"translationFactory.current.ENTERPRISE_SEARCH_FIND_JOB_CONTENT_DESC_TWO\",\"isLink\":false}],\"icon\":\"fa-search\"}","SubTitle":null,"SupportsFullScreen":true,"Title":"Find A Job"},{"Id":383,"ChromeStyle":7,"Definition":{"WebPartDefinitionKey":"Edit_Profile","Title":"Edit Your Profile","Description":"Edit your profile.","SubTitle":null,"WebPartIconName":null,"WidgetNotificationMode":0,"WidgetDeeplinkUrlText":null,"CategoryName":"Enterprise Search Configuration","IsWebPartEnabled":true,"TypeName":null,"WebPartServiceAgentInterfaceTypeName":null,"WebPartDefinitionXml":null,"HideWebPartHeader":false,"HideWebPartFooter":false,"IsFreeFlowing":false,"PillarKey":null,"ChromeStyle":7,"ParameterJSON":"{\"HeaderLinkIcon\":\"\",\"IsCustomEditor\":false,\"PreviewType\":\"search\",\"WidgetContent\":[{\"contentItem\":\"ENTERPRISE_SEARCH_EDIT_PROFILE_CONTENT_ITEM\",\"isLink\":true,\"link\":\"/dash/profile\"}],\"icon\":\"fa-user\"}","TemplatePath":"app/modules/dashboard/views/searchWidgets/editProfile.html","IsSystemLocked":false,"Category":{"Id":28,"Name":"Enterprise Search Configuration","CategoryKey":"ENTERPRISE_SEARCH","Description":"The category for enterprise search settings","ParentId":0,"OrdinalPosition":"1"},"Id":77},"HeaderColor":"","IsHidden":false,"Layout":"{\"x\":2,\"y\":1,\"width\":1,\"height\":1,\"max-width\":1,\"max-height\":1,\"row\":0,\"col\":1}","OverrideTemplate":null,"ParameterJSON":"{\"HeaderLinkIcon\":\"\",\"IsCustomEditor\":false,\"PreviewType\":\"search\",\"WidgetContent\":[{\"contentItem\":\"translationFactory.current.ENTERPRISE_SEARCH_EDIT_PROFILE_CONTENT_ITEM\",\"isLink\":true,\"link\":\"/dash/profile\"}],\"icon\":\"fa-user\"}","SubTitle":null,"SupportsFullScreen":false,"Title":null},{"Id":427,"ChromeStyle":7,"Definition":{"WebPartDefinitionKey":"Find_Report","Title":"Find a Report","Description":"Provides a launching point to search for reports.","SubTitle":null,"WebPartIconName":null,"WidgetNotificationMode":0,"WidgetDeeplinkUrlText":null,"CategoryName":"Enterprise Search Configuration","IsWebPartEnabled":true,"TypeName":null,"WebPartServiceAgentInterfaceTypeName":null,"WebPartDefinitionXml":null,"HideWebPartHeader":false,"HideWebPartFooter":false,"IsFreeFlowing":false,"PillarKey":null,"ChromeStyle":7,"ParameterJSON":"{\"HeaderLinkIcon\":\"\",\"IsCustomEditor\":false,\"PreviewType\":\"search\",\"WidgetContent\":[{\"contentItem\":\"ENTERPRISE_SEARCH_FIND_REPORT_CONTENT_ITEM\",\"isLink\":true},{\"contentItem\":\"ENTERPRISE_SEARCH_FIND_REPORT_CONTENT_ITEM_TWO\",\"contentDescription\":\"ENTERPRISE_SEARCH_FIND_REPORT_CONTENT_DESC_TWO\",\"isLink\":false}],\"icon\":\"fa-file-text-o\"}","TemplatePath":"app/modules/dashboard/views/searchWidgets/findReport.html","IsSystemLocked":false,"Category":{"Id":28,"Name":"Enterprise Search Configuration","CategoryKey":"ENTERPRISE_SEARCH","Description":"The category for enterprise search settings","ParentId":0,"OrdinalPosition":"1"},"Id":75},"HeaderColor":"","IsHidden":false,"Layout":"{\"col\":2,\"row\":1,\"size_x\":1,\"size_y\":1,\"max_sizex\":1,\"max_sizey\":1}","OverrideTemplate":null,"ParameterJSON":"{\"HeaderLinkIcon\":\"\",\"IsCustomEditor\":false,\"PreviewType\":\"search\",\"WidgetContent\":[{\"contentItem\":\"translationFactory.current.ENTERPRISE_SEARCH_FIND_REPORT_CONTENT_ITEM\",\"isLink\":true},{\"contentItem\":\"translationFactory.current.ENTERPRISE_SEARCH_FIND_REPORT_CONTENT_ITEM_TWO\",\"contentDescription\":\"translationFactory.current.ENTERPRISE_SEARCH_FIND_REPORT_CONTENT_DESC_TWO\",\"isLink\":false}],\"icon\":\"fa-file-text-o\"}","SubTitle":null,"SupportsFullScreen":false,"Title":"Find a Report"},{"Id":428,"ChromeStyle":7,"Definition":{"WebPartDefinitionKey":"Find_Activity","Title":"Find an Activity","Description":"Provides a launching point to search for courses.","SubTitle":null,"WebPartIconName":null,"WidgetNotificationMode":0,"WidgetDeeplinkUrlText":null,"CategoryName":"Enterprise Search Configuration","IsWebPartEnabled":true,"TypeName":null,"WebPartServiceAgentInterfaceTypeName":null,"WebPartDefinitionXml":null,"HideWebPartHeader":false,"HideWebPartFooter":false,"IsFreeFlowing":false,"PillarKey":null,"ChromeStyle":7,"ParameterJSON":"{\"HeaderLinkIcon\":\"\",\"IsCustomEditor\":false,\"PreviewType\":\"search\",\"WidgetContent\":[{\"contentItem\":\"ENTERPRISE_SEARCH_FIND_ACTIVITY_CONTENT_ITEM\",\"contentDescription\":\"ENTERPRISE_SEARCH_FIND_ACTIVITY_CONTENT_DESC\",\"isLink\":false},{\"contentItem\":\"ENTERPRISE_SEARCH_FIND_ACTIVITY_CONTENT_ITEM_TWO\",\"contentDescription\":\"ENTERPRISE_SEARCH_FIND_ACTIVITY_CONTENT_DESC_TWO\",\"contentLink\":\"ENTERPRISE_SEARCH_LEARNER_DASHBOARD_LINK\",\"isLink\":true,\"link\":\"/dash/learning\"}],\"icon\":\"fa-edit\",\"catalogItem\":\"Activity\"}","TemplatePath":"app/modules/dashboard/views/searchWidgets/findActivity.html","IsSystemLocked":false,"Category":{"Id":28,"Name":"Enterprise Search Configuration","CategoryKey":"ENTERPRISE_SEARCH","Description":"The category for enterprise search settings","ParentId":0,"OrdinalPosition":"1"},"Id":78},"HeaderColor":"","IsHidden":false,"Layout":"{\"col\":0,\"row\":0,\"size_x\":1,\"size_y\":1,\"max_sizex\":1,\"max_sizey\":1}","OverrideTemplate":null,"ParameterJSON":"{\"HeaderLinkIcon\":\"\",\"IsCustomEditor\":false,\"PreviewType\":\"search\",\"WidgetContent\":[{\"contentItem\":\"translationFactory.current.ENTERPRISE_SEARCH_FIND_ACTIVITY_CONTENT_ITEM\",\"contentDescription\":\"translationFactory.current.ENTERPRISE_SEARCH_FIND_ACTIVITY_CONTENT_DESC\",\"isLink\":false},{\"contentItem\":\"translationFactory.current.ENTERPRISE_SEARCH_FIND_ACTIVITY_CONTENT_ITEM_TWO\",\"contentDescription\":\"translationFactory.current.ENTERPRISE_SEARCH_FIND_ACTIVITY_CONTENT_DESC_TWO\",\"contentLink\":\"translationFactory.current.ENTERPRISE_SEARCH_LEARNER_DASHBOARD_LINK\",\"isLink\":true,\"link\":\"/dash/learning\"}],\"icon\":\"fa-desktop\",\"catalogItem\":\"Activity\"}","SubTitle":null,"SupportsFullScreen":false,"Title":"Find an Activity"}],"CanAddPage":false,"CanEditPage":false,"CanDeletePage":false,"CanPersonalizePage":false},"Description":"First Time Experience desc","Name":"First Time Experience","Url":"#/dash/fte","WebPartPageDefinitionKey":null,"WebPartPages":[{"Id":190,"title":"First Time Experience","Description":"First Time Experience desc","IsSystemLocked":true,"Name":"First Time Experience","IsGuestPage":false,"ParameterJSON":null,"Personalization":null,"Url":"#/dash/fte","path":"dash/fte","WebPartPageKey":null,"IsEnabled":true,"RPKey":null,"Priority":59,"WebParts":[{"Id":301,"ChromeStyle":7,"Definition":{"WebPartDefinitionKey":"Find_Video","Title":"Find a Video","Description":"Provides a launching point to search for videos in the learning library.","SubTitle":null,"WebPartIconName":null,"WidgetNotificationMode":0,"WidgetDeeplinkUrlText":null,"CategoryName":"Enterprise Search Configuration","IsWebPartEnabled":true,"TypeName":null,"WebPartServiceAgentInterfaceTypeName":null,"WebPartDefinitionXml":null,"HideWebPartHeader":false,"HideWebPartFooter":false,"IsFreeFlowing":false,"PillarKey":null,"ChromeStyle":7,"ParameterJSON":"{\"HeaderLinkIcon\":\"\",\"IsCustomEditor\":false,\"PreviewType\":\"search\",\"WidgetContent\":[{\"contentItem\":\"ENTERPRISE_SEARCH_FIND_VIDEO_CONTENT_ITEM\",\"contentDescription\":\"ENTERPRISE_SEARCH_FIND_VIDEO_CONTENT_DESC\",\"isLink\":false},{\"contentItem\":\"ENTERPRISE_SEARCH_FIND_VIDEO_CONTENT_ITEM_TWO\",\"contentDescription\":\"ENTERPRISE_SEARCH_FIND_VIDEO_CONTENT_DESC_TWO\",\"contentLink\":\"ENTERPRISE_SEARCH_LEARNER_DASHBOARD_LINK\",\"isLink\":true,\"link\":\"/dash/learning\"}],\"icon\":\"fa-video-camera\",\"catalogItem\":\"Video\"}","TemplatePath":"app/modules/dashboard/views/searchWidgets/findVideo.html","IsSystemLocked":false,"Category":{"Id":28,"Name":"Enterprise Search Configuration","CategoryKey":"ENTERPRISE_SEARCH","Description":"The category for enterprise search settings","ParentId":0,"OrdinalPosition":"1"},"Id":73},"HeaderColor":null,"IsHidden":false,"Layout":"{\"y\":0,\"x\":1,\"row\":1,\"col\":1}","OverrideTemplate":null,"ParameterJSON":"{\"HeaderLinkIcon\":\"\",\"IsCustomEditor\":false,\"PreviewType\":\"search\",\"WidgetContent\":[{\"contentItem\":\"translationFactory.current.ENTERPRISE_SEARCH_FIND_VIDEO_CONTENT_ITEM\",\"contentDescription\":\"translationFactory.current.ENTERPRISE_SEARCH_FIND_VIDEO_CONTENT_DESC\",\"isLink\":false},{\"contentItem\":\"translationFactory.current.ENTERPRISE_SEARCH_FIND_VIDEO_CONTENT_ITEM_TWO\",\"contentDescription\":\"translationFactory.current.ENTERPRISE_SEARCH_FIND_VIDEO_CONTENT_DESC_TWO\",\"contentLink\":\"translationFactory.current.ENTERPRISE_SEARCH_LEARNER_DASHBOARD_LINK\",\"isLink\":true,\"link\":\"/dash/learning\"}],\"icon\":\"fa-video-camera\",\"catalogItem\":\"Video\"}","SubTitle":null,"SupportsFullScreen":true,"Title":null},{"Id":302,"ChromeStyle":7,"Definition":{"WebPartDefinitionKey":"Find_Person","Title":"Find another Person","Description":"Provides a launching point to search for people.","SubTitle":null,"WebPartIconName":null,"WidgetNotificationMode":0,"WidgetDeeplinkUrlText":null,"CategoryName":"Enterprise Search Configuration","IsWebPartEnabled":true,"TypeName":null,"WebPartServiceAgentInterfaceTypeName":null,"WebPartDefinitionXml":null,"HideWebPartHeader":false,"HideWebPartFooter":false,"IsFreeFlowing":false,"PillarKey":null,"ChromeStyle":7,"ParameterJSON":"{\"HeaderLinkIcon\":\"\",\"IsCustomEditor\":false,\"PreviewType\":\"search\",\"WidgetContent\":[{\"contentItem\":\"ENTERPRISE_SEARCH_FIND_PERSON_CONTENT_ITEM\",\"contentDescription\":\"ENTERPRISE_SEARCH_FIND_PERSON_CONTENT_DESC\",\"isLink\":false}],\"icon\":\"fa-users\"}","TemplatePath":"app/modules/dashboard/views/searchWidgets/findPerson.html","IsSystemLocked":false,"Category":{"Id":28,"Name":"Enterprise Search Configuration","CategoryKey":"ENTERPRISE_SEARCH","Description":"The category for enterprise search settings","ParentId":0,"OrdinalPosition":"1"},"Id":74},"HeaderColor":null,"IsHidden":false,"Layout":"{\"y\":0,\"x\":2,\"row\":0,\"col\":2}","OverrideTemplate":null,"ParameterJSON":"{\"HeaderLinkIcon\":\"\",\"IsCustomEditor\":false,\"PreviewType\":\"search\",\"WidgetContent\":[{\"contentItem\":\"translationFactory.current.ENTERPRISE_SEARCH_FIND_PERSON_CONTENT_ITEM\",\"contentDescription\":\"translationFactory.current.ENTERPRISE_SEARCH_FIND_PERSON_CONTENT_DESC\",\"isLink\":false}],\"icon\":\"fa-users\"}","SubTitle":null,"SupportsFullScreen":true,"Title":null},{"Id":329,"ChromeStyle":7,"Definition":{"WebPartDefinitionKey":"Find_Job","Title":"Find A Job","Description":"Here are a few different ways to find a job:","SubTitle":null,"WebPartIconName":null,"WidgetNotificationMode":0,"WidgetDeeplinkUrlText":null,"CategoryName":"Enterprise Search Configuration","IsWebPartEnabled":true,"TypeName":null,"WebPartServiceAgentInterfaceTypeName":null,"WebPartDefinitionXml":null,"HideWebPartHeader":false,"HideWebPartFooter":false,"IsFreeFlowing":false,"PillarKey":null,"ChromeStyle":7,"ParameterJSON":"{\"HeaderLinkIcon\":\"\",\"IsCustomEditor\":false,\"PreviewType\":\"search\",\"WidgetContent\":[{\"contentItem\":\"ENTERPRISE_SEARCH_FIND_JOB_CONTENT_ITEM\",\"isLink\":true},{\"contentItem\":\"ENTERPRISE_SEARCH_FIND_JOB_CONTENT_ITEM_TWO\",\"contentDescription\":\"ENTERPRISE_SEARCH_FIND_JOB_CONTENT_DESC_TWO\",\"isLink\":false}],\"icon\":\"fa-search\"}","TemplatePath":"app/modules/dashboard/views/searchWidgets/findJob.html","IsSystemLocked":false,"Category":{"Id":28,"Name":"Enterprise Search Configuration","CategoryKey":"ENTERPRISE_SEARCH","Description":"The category for enterprise search settings","ParentId":0,"OrdinalPosition":"1"},"Id":86},"HeaderColor":null,"IsHidden":false,"Layout":"{\"y\":1,\"x\":1,\"row\":1,\"col\":0}","OverrideTemplate":null,"ParameterJSON":"{\"HeaderLinkIcon\":\"\",\"IsCustomEditor\":false,\"PreviewType\":\"search\",\"WidgetContent\":[{\"contentItem\":\"translationFactory.current.ENTERPRISE_SEARCH_FIND_JOB_CONTENT_ITEM\",\"isLink\":true},{\"contentItem\":\"translationFactory.current.ENTERPRISE_SEARCH_FIND_JOB_CONTENT_ITEM_TWO\",\"contentDescription\":\"translationFactory.current.ENTERPRISE_SEARCH_FIND_JOB_CONTENT_DESC_TWO\",\"isLink\":false}],\"icon\":\"fa-search\"}","SubTitle":null,"SupportsFullScreen":true,"Title":"Find A Job"},{"Id":383,"ChromeStyle":7,"Definition":{"WebPartDefinitionKey":"Edit_Profile","Title":"Edit Your Profile","Description":"Edit your profile.","SubTitle":null,"WebPartIconName":null,"WidgetNotificationMode":0,"WidgetDeeplinkUrlText":null,"CategoryName":"Enterprise Search Configuration","IsWebPartEnabled":true,"TypeName":null,"WebPartServiceAgentInterfaceTypeName":null,"WebPartDefinitionXml":null,"HideWebPartHeader":false,"HideWebPartFooter":false,"IsFreeFlowing":false,"PillarKey":null,"ChromeStyle":7,"ParameterJSON":"{\"HeaderLinkIcon\":\"\",\"IsCustomEditor\":false,\"PreviewType\":\"search\",\"WidgetContent\":[{\"contentItem\":\"ENTERPRISE_SEARCH_EDIT_PROFILE_CONTENT_ITEM\",\"isLink\":true,\"link\":\"/dash/profile\"}],\"icon\":\"fa-user\"}","TemplatePath":"app/modules/dashboard/views/searchWidgets/editProfile.html","IsSystemLocked":false,"Category":{"Id":28,"Name":"Enterprise Search Configuration","CategoryKey":"ENTERPRISE_SEARCH","Description":"The category for enterprise search settings","ParentId":0,"OrdinalPosition":"1"},"Id":77},"HeaderColor":"","IsHidden":false,"Layout":"{\"x\":2,\"y\":1,\"width\":1,\"height\":1,\"max-width\":1,\"max-height\":1,\"row\":0,\"col\":1}","OverrideTemplate":null,"ParameterJSON":"{\"HeaderLinkIcon\":\"\",\"IsCustomEditor\":false,\"PreviewType\":\"search\",\"WidgetContent\":[{\"contentItem\":\"translationFactory.current.ENTERPRISE_SEARCH_EDIT_PROFILE_CONTENT_ITEM\",\"isLink\":true,\"link\":\"/dash/profile\"}],\"icon\":\"fa-user\"}","SubTitle":null,"SupportsFullScreen":false,"Title":null},{"Id":427,"ChromeStyle":7,"Definition":{"WebPartDefinitionKey":"Find_Report","Title":"Find a Report","Description":"Provides a launching point to search for reports.","SubTitle":null,"WebPartIconName":null,"WidgetNotificationMode":0,"WidgetDeeplinkUrlText":null,"CategoryName":"Enterprise Search Configuration","IsWebPartEnabled":true,"TypeName":null,"WebPartServiceAgentInterfaceTypeName":null,"WebPartDefinitionXml":null,"HideWebPartHeader":false,"HideWebPartFooter":false,"IsFreeFlowing":false,"PillarKey":null,"ChromeStyle":7,"ParameterJSON":"{\"HeaderLinkIcon\":\"\",\"IsCustomEditor\":false,\"PreviewType\":\"search\",\"WidgetContent\":[{\"contentItem\":\"ENTERPRISE_SEARCH_FIND_REPORT_CONTENT_ITEM\",\"isLink\":true},{\"contentItem\":\"ENTERPRISE_SEARCH_FIND_REPORT_CONTENT_ITEM_TWO\",\"contentDescription\":\"ENTERPRISE_SEARCH_FIND_REPORT_CONTENT_DESC_TWO\",\"isLink\":false}],\"icon\":\"fa-file-text-o\"}","TemplatePath":"app/modules/dashboard/views/searchWidgets/findReport.html","IsSystemLocked":false,"Category":{"Id":28,"Name":"Enterprise Search Configuration","CategoryKey":"ENTERPRISE_SEARCH","Description":"The category for enterprise search settings","ParentId":0,"OrdinalPosition":"1"},"Id":75},"HeaderColor":"","IsHidden":false,"Layout":"{\"col\":2,\"row\":1,\"size_x\":1,\"size_y\":1,\"max_sizex\":1,\"max_sizey\":1}","OverrideTemplate":null,"ParameterJSON":"{\"HeaderLinkIcon\":\"\",\"IsCustomEditor\":false,\"PreviewType\":\"search\",\"WidgetContent\":[{\"contentItem\":\"translationFactory.current.ENTERPRISE_SEARCH_FIND_REPORT_CONTENT_ITEM\",\"isLink\":true},{\"contentItem\":\"translationFactory.current.ENTERPRISE_SEARCH_FIND_REPORT_CONTENT_ITEM_TWO\",\"contentDescription\":\"translationFactory.current.ENTERPRISE_SEARCH_FIND_REPORT_CONTENT_DESC_TWO\",\"isLink\":false}],\"icon\":\"fa-file-text-o\"}","SubTitle":null,"SupportsFullScreen":false,"Title":"Find a Report"},{"Id":428,"ChromeStyle":7,"Definition":{"WebPartDefinitionKey":"Find_Activity","Title":"Find an Activity","Description":"Provides a launching point to search for courses.","SubTitle":null,"WebPartIconName":null,"WidgetNotificationMode":0,"WidgetDeeplinkUrlText":null,"CategoryName":"Enterprise Search Configuration","IsWebPartEnabled":true,"TypeName":null,"WebPartServiceAgentInterfaceTypeName":null,"WebPartDefinitionXml":null,"HideWebPartHeader":false,"HideWebPartFooter":false,"IsFreeFlowing":false,"PillarKey":null,"ChromeStyle":7,"ParameterJSON":"{\"HeaderLinkIcon\":\"\",\"IsCustomEditor\":false,\"PreviewType\":\"search\",\"WidgetContent\":[{\"contentItem\":\"ENTERPRISE_SEARCH_FIND_ACTIVITY_CONTENT_ITEM\",\"contentDescription\":\"ENTERPRISE_SEARCH_FIND_ACTIVITY_CONTENT_DESC\",\"isLink\":false},{\"contentItem\":\"ENTERPRISE_SEARCH_FIND_ACTIVITY_CONTENT_ITEM_TWO\",\"contentDescription\":\"ENTERPRISE_SEARCH_FIND_ACTIVITY_CONTENT_DESC_TWO\",\"contentLink\":\"ENTERPRISE_SEARCH_LEARNER_DASHBOARD_LINK\",\"isLink\":true,\"link\":\"/dash/learning\"}],\"icon\":\"fa-edit\",\"catalogItem\":\"Activity\"}","TemplatePath":"app/modules/dashboard/views/searchWidgets/findActivity.html","IsSystemLocked":false,"Category":{"Id":28,"Name":"Enterprise Search Configuration","CategoryKey":"ENTERPRISE_SEARCH","Description":"The category for enterprise search settings","ParentId":0,"OrdinalPosition":"1"},"Id":78},"HeaderColor":"","IsHidden":false,"Layout":"{\"col\":0,\"row\":0,\"size_x\":1,\"size_y\":1,\"max_sizex\":1,\"max_sizey\":1}","OverrideTemplate":null,"ParameterJSON":"{\"HeaderLinkIcon\":\"\",\"IsCustomEditor\":false,\"PreviewType\":\"search\",\"WidgetContent\":[{\"contentItem\":\"translationFactory.current.ENTERPRISE_SEARCH_FIND_ACTIVITY_CONTENT_ITEM\",\"contentDescription\":\"translationFactory.current.ENTERPRISE_SEARCH_FIND_ACTIVITY_CONTENT_DESC\",\"isLink\":false},{\"contentItem\":\"translationFactory.current.ENTERPRISE_SEARCH_FIND_ACTIVITY_CONTENT_ITEM_TWO\",\"contentDescription\":\"translationFactory.current.ENTERPRISE_SEARCH_FIND_ACTIVITY_CONTENT_DESC_TWO\",\"contentLink\":\"translationFactory.current.ENTERPRISE_SEARCH_LEARNER_DASHBOARD_LINK\",\"isLink\":true,\"link\":\"/dash/learning\"}],\"icon\":\"fa-desktop\",\"catalogItem\":\"Activity\"}","SubTitle":null,"SupportsFullScreen":false,"Title":"Find an Activity"}],"CanAddPage":false,"CanEditPage":false,"CanDeletePage":false,"CanPersonalizePage":true}],"IsSystemLocked":true,"IsEnabled":true,"RPKey":null,"CanViewDashboard":true,"CanAddDashboard":false,"CanEditDashboard":false,"CanDeleteDashboard":false,"CanPersonalizeDashboard":true},{"Id":23,"DefaultPage":{"Id":203,"title":"Team Metrics","Description":"BSD Test","IsSystemLocked":false,"Name":"Team Metrics","IsGuestPage":false,"ParameterJSON":null,"Personalization":null,"Url":"#/dash/BSDTest/initial","path":"dash/BSDTest","WebPartPageKey":null,"IsEnabled":true,"RPKey":null,"Priority":16,"WebParts":[],"CanAddPage":false,"CanEditPage":false,"CanDeletePage":false,"CanPersonalizePage":false},"Description":"Safe to delete","Name":"Embedded Reporting","Url":"#/dash/BSDTest","WebPartPageDefinitionKey":null,"WebPartPages":[{"Id":238,"title":"Position Status","Description":"Position Status","IsSystemLocked":false,"Name":"Position Status","IsGuestPage":false,"ParameterJSON":null,"Personalization":null,"Url":"#/dash/BSDTest/Position_Status","path":"dash/BSDTest/Position_Status","WebPartPageKey":null,"IsEnabled":true,"RPKey":null,"Priority":13,"WebParts":[{"Id":435,"ChromeStyle":7,"Definition":{"WebPartDefinitionKey":"my_reports","Title":"Embedded Report","Description":"Pins a report from Advanced Reporting on the dashboard.","SubTitle":"Advanced Reporting","WebPartIconName":null,"WidgetNotificationMode":0,"WidgetDeeplinkUrlText":null,"CategoryName":"Portal","IsWebPartEnabled":true,"TypeName":null,"WebPartServiceAgentInterfaceTypeName":null,"WebPartDefinitionXml":null,"HideWebPartHeader":false,"HideWebPartFooter":false,"IsFreeFlowing":false,"PillarKey":"AdvancedReport","ChromeStyle":7,"ParameterJSON":"{\"HeaderLinkIcon\": \"\", \"IsCustomEditor\": false, \"PreviewType\" : \"report\", \"reportUrl\": \"\", \"showToolbar\":\"\"}","TemplatePath":"app/modules/dashboard/views/webparts/MyReport.html","IsSystemLocked":false,"Category":{"Id":1,"Name":"Portal","CategoryKey":"TRANSLATIONS_PORTAL","Description":"The root category to store translation strings for the Portal.","ParentId":0,"OrdinalPosition":"1"},"Id":88},"HeaderColor":"","IsHidden":false,"Layout":"{\"x\":0,\"y\":23,\"width\":97,\"height\":20}","OverrideTemplate":null,"ParameterJSON":"{\"HeaderLinkIcon\":\"\",\"IsCustomEditor\":false,\"PreviewType\":\"report\",\"reportUrl\":\"/Custom/Reports/2017_LATAM_Internal_Readiness_Report\",\"showToolbar\":\"\"}","SubTitle":"Advanced Reporting","SupportsFullScreen":true,"Title":"APAC Internal Candidate Readiness"},{"Id":436,"ChromeStyle":7,"Definition":{"WebPartDefinitionKey":"my_reports","Title":"Embedded Report","Description":"Pins a report from Advanced Reporting on the dashboard.","SubTitle":"Advanced Reporting","WebPartIconName":null,"WidgetNotificationMode":0,"WidgetDeeplinkUrlText":null,"CategoryName":"Portal","IsWebPartEnabled":true,"TypeName":null,"WebPartServiceAgentInterfaceTypeName":null,"WebPartDefinitionXml":null,"HideWebPartHeader":false,"HideWebPartFooter":false,"IsFreeFlowing":false,"PillarKey":"AdvancedReport","ChromeStyle":7,"ParameterJSON":"{\"HeaderLinkIcon\": \"\", \"IsCustomEditor\": false, \"PreviewType\" : \"report\", \"reportUrl\": \"\", \"showToolbar\":\"\"}","TemplatePath":"app/modules/dashboard/views/webparts/MyReport.html","IsSystemLocked":false,"Category":{"Id":1,"Name":"Portal","CategoryKey":"TRANSLATIONS_PORTAL","Description":"The root category to store translation strings for the Portal.","ParentId":0,"OrdinalPosition":"1"},"Id":88},"HeaderColor":"","IsHidden":false,"Layout":"{\"x\":0,\"y\":0,\"width\":23,\"height\":23}","OverrideTemplate":null,"ParameterJSON":"{\"HeaderLinkIcon\":\"\",\"IsCustomEditor\":false,\"PreviewType\":\"report\",\"reportUrl\":\"/Custom/Reports/2016_Successors\",\"showToolbar\":\"\"}","SubTitle":"Advanced Reporting","SupportsFullScreen":true,"Title":"Successor Readiness"},{"Id":437,"ChromeStyle":7,"Definition":{"WebPartDefinitionKey":"my_reports","Title":"Embedded Report","Description":"Pins a report from Advanced Reporting on the dashboard.","SubTitle":"Advanced Reporting","WebPartIconName":null,"WidgetNotificationMode":0,"WidgetDeeplinkUrlText":null,"CategoryName":"Portal","IsWebPartEnabled":true,"TypeName":null,"WebPartServiceAgentInterfaceTypeName":null,"WebPartDefinitionXml":null,"HideWebPartHeader":false,"HideWebPartFooter":false,"IsFreeFlowing":false,"PillarKey":"AdvancedReport","ChromeStyle":7,"ParameterJSON":"{\"HeaderLinkIcon\": \"\", \"IsCustomEditor\": false, \"PreviewType\" : \"report\", \"reportUrl\": \"\", \"showToolbar\":\"\"}","TemplatePath":"app/modules/dashboard/views/webparts/MyReport.html","IsSystemLocked":false,"Category":{"Id":1,"Name":"Portal","CategoryKey":"TRANSLATIONS_PORTAL","Description":"The root category to store translation strings for the Portal.","ParentId":0,"OrdinalPosition":"1"},"Id":88},"HeaderColor":"","IsHidden":false,"Layout":"{\"x\":23,\"y\":0,\"width\":74,\"height\":23}","OverrideTemplate":null,"ParameterJSON":"{\"HeaderLinkIcon\":\"\",\"IsCustomEditor\":false,\"PreviewType\":\"report\",\"reportUrl\":\"/Custom/Reports/2016_Position_Fill\",\"showToolbar\":\"\"}","SubTitle":"Advanced Reporting","SupportsFullScreen":true,"Title":"Position Fill"}],"CanAddPage":false,"CanEditPage":false,"CanDeletePage":false,"CanPersonalizePage":true},{"Id":240,"title":"Compliance","Description":"Compliance Information by Organization and Critical Certifications","IsSystemLocked":false,"Name":"Compliance","IsGuestPage":false,"ParameterJSON":null,"Personalization":null,"Url":"#/dash/BSDTest/Compliance_Metrics","path":"dash/BSDTest/Compliance_Metrics","WebPartPageKey":null,"IsEnabled":true,"RPKey":null,"Priority":8,"WebParts":[{"Id":448,"ChromeStyle":7,"Definition":{"WebPartDefinitionKey":"my_reports","Title":"Embedded Report","Description":"Pins a report from Advanced Reporting on the dashboard.","SubTitle":"Advanced Reporting","WebPartIconName":null,"WidgetNotificationMode":0,"WidgetDeeplinkUrlText":null,"CategoryName":"Portal","IsWebPartEnabled":true,"TypeName":null,"WebPartServiceAgentInterfaceTypeName":null,"WebPartDefinitionXml":null,"HideWebPartHeader":false,"HideWebPartFooter":false,"IsFreeFlowing":false,"PillarKey":"AdvancedReport","ChromeStyle":7,"ParameterJSON":"{\"HeaderLinkIcon\": \"\", \"IsCustomEditor\": false, \"PreviewType\" : \"report\", \"reportUrl\": \"\", \"showToolbar\":\"\"}","TemplatePath":"app/modules/dashboard/views/webparts/MyReport.html","IsSystemLocked":false,"Category":{"Id":1,"Name":"Portal","CategoryKey":"TRANSLATIONS_PORTAL","Description":"The root category to store translation strings for the Portal.","ParentId":0,"OrdinalPosition":"1"},"Id":88},"HeaderColor":"","IsHidden":false,"Layout":"{\"x\":0,\"y\":0,\"width\":37,\"height\":39}","OverrideTemplate":null,"ParameterJSON":"{\"HeaderLinkIcon\":\"\",\"IsCustomEditor\":false,\"PreviewType\":\"report\",\"reportUrl\":\"/Custom/Reports/2017_Organization_Certification_Compliance\",\"showToolbar\":\"\"}","SubTitle":"Advanced Reporting","SupportsFullScreen":true,"Title":"Certification Exceptions by Organization"},{"Id":449,"ChromeStyle":7,"Definition":{"WebPartDefinitionKey":"my_reports","Title":"Embedded Report","Description":"Pins a report from Advanced Reporting on the dashboard.","SubTitle":"Advanced Reporting","WebPartIconName":null,"WidgetNotificationMode":0,"WidgetDeeplinkUrlText":null,"CategoryName":"Portal","IsWebPartEnabled":true,"TypeName":null,"WebPartServiceAgentInterfaceTypeName":null,"WebPartDefinitionXml":null,"HideWebPartHeader":false,"HideWebPartFooter":false,"IsFreeFlowing":false,"PillarKey":"AdvancedReport","ChromeStyle":7,"ParameterJSON":"{\"HeaderLinkIcon\": \"\", \"IsCustomEditor\": false, \"PreviewType\" : \"report\", \"reportUrl\": \"\", \"showToolbar\":\"\"}","TemplatePath":"app/modules/dashboard/views/webparts/MyReport.html","IsSystemLocked":false,"Category":{"Id":1,"Name":"Portal","CategoryKey":"TRANSLATIONS_PORTAL","Description":"The root category to store translation strings for the Portal.","ParentId":0,"OrdinalPosition":"1"},"Id":88},"HeaderColor":"","IsHidden":false,"Layout":"{\"x\":38,\"y\":0,\"width\":61,\"height\":39}","OverrideTemplate":null,"ParameterJSON":"{\"HeaderLinkIcon\":\"\",\"IsCustomEditor\":false,\"PreviewType\":\"report\",\"reportUrl\":\"/Custom/Reports/2017_Critical_Certification_Compliance_Report\",\"showToolbar\":\"\"}","SubTitle":"Advanced Reporting","SupportsFullScreen":true,"Title":"Days Until Expiration"}],"CanAddPage":false,"CanEditPage":false,"CanDeletePage":false,"CanPersonalizePage":true}],"IsSystemLocked":false,"IsEnabled":true,"RPKey":null,"CanViewDashboard":true,"CanAddDashboard":false,"CanEditDashboard":false,"CanDeleteDashboard":false,"CanPersonalizeDashboard":true},{"Id":26,"DefaultPage":{"Id":233,"title":"What's New","Description":"What's New","IsSystemLocked":false,"Name":"What's New","IsGuestPage":false,"ParameterJSON":null,"Personalization":null,"Url":"#/dash/wn-pe/initial","path":"dash/wn-pe","WebPartPageKey":null,"IsEnabled":true,"RPKey":null,"Priority":19,"WebParts":[{"Id":419,"ChromeStyle":7,"Definition":{"WebPartDefinitionKey":"LM_PromotedActivities","Title":"Promoted Activities","Description":"This is a legacy widget. Please use “Promoted Learning Activities” instead.","SubTitle":null,"WebPartIconName":null,"WidgetNotificationMode":0,"WidgetDeeplinkUrlText":null,"CategoryName":"Learning","IsWebPartEnabled":true,"TypeName":"SumTotal.SPPortal.WebParts.Core.Learning.PromotedActivities.PromotedActivities, SumTotal.SPPortal.WebParts, Version=1.0.0.0, Culture=neutral, PublicKeyToken=6b7f90fbd13cce01","WebPartServiceAgentInterfaceTypeName":"ILMWebPartContractAsync","WebPartDefinitionXml":null,"HideWebPartHeader":false,"HideWebPartFooter":false,"IsFreeFlowing":false,"PillarKey":"LM","ChromeStyle":7,"ParameterJSON":"{\"HeaderLinkIcon\":\"\",\"IsCustomEditor\":false,\"PreviewType\":\"configTextField\",\"Config\":{\"Name\":\"LearningActivityCodes\",\"Value\":\"\"}}","TemplatePath":"app/modules/dashboard/views/webparts/widgetPromotedActivities.html","IsSystemLocked":false,"Category":{"Id":8,"Name":"Learning","CategoryKey":"WebPartDefinition_Learning","Description":"Learning","ParentId":1,"OrdinalPosition":null},"Id":79},"HeaderColor":"","IsHidden":false,"Layout":"{\"x\":0,\"y\":0,\"width\":98,\"height\":26}","OverrideTemplate":null,"ParameterJSON":"{\"HeaderLinkIcon\":\"\",\"IsCustomEditor\":false,\"PreviewType\":\"configTextField\",\"Config\":{\"Name\":\"LearningActivityCodes\",\"Value\":\"aba_01_a02_bs_enus,pd_32_a03_bs_enus,apd_14_a02_bs_enus\"}}","SubTitle":null,"SupportsFullScreen":true,"Title":null},{"Id":422,"ChromeStyle":7,"Definition":{"WebPartDefinitionKey":"LM_TopRatedContent","Title":"Top Rated Content","Description":"Displays the five highest rated learning activities available to the user.","SubTitle":"Top rated learning activities","WebPartIconName":null,"WidgetNotificationMode":1,"WidgetDeeplinkUrlText":"View All Top Rated Content","CategoryName":"Learning","IsWebPartEnabled":true,"TypeName":"SumTotal.SPPortal.WebParts.Core.Learning.TopRatedContent.TopRatedContent, SumTotal.SPPortal.WebParts, Version=1.0.0.0, Culture=neutral, PublicKeyToken=6b7f90fbd13cce01","WebPartServiceAgentInterfaceTypeName":"ILMWebPartContractAsync","WebPartDefinitionXml":null,"HideWebPartHeader":false,"HideWebPartFooter":true,"IsFreeFlowing":false,"PillarKey":"LM","ChromeStyle":7,"ParameterJSON":"{\"HeaderLinkIcon\":\"\",\"IsCustomEditor\":false,\"PreviewType\":\"table\"}","TemplatePath":"app/modules/dashboard/views/webparts/widgetTopRatedContent.html","IsSystemLocked":false,"Category":{"Id":8,"Name":"Learning","CategoryKey":"WebPartDefinition_Learning","Description":"Learning","ParentId":1,"OrdinalPosition":null},"Id":7},"HeaderColor":"","IsHidden":false,"Layout":"{\"x\":0,\"y\":26,\"width\":98,\"height\":25}","OverrideTemplate":null,"ParameterJSON":"{\"HeaderLinkIcon\":\"\",\"IsCustomEditor\":false,\"PreviewType\":\"table\"}","SubTitle":"Top rated learning activities","SupportsFullScreen":true,"Title":null}],"CanAddPage":false,"CanEditPage":false,"CanDeletePage":false,"CanPersonalizePage":false},"Description":"Promoted Activities","Name":"What's New","Url":"#/dash/wn-pe","WebPartPageDefinitionKey":null,"WebPartPages":[{"Id":233,"title":"What's New","Description":"What's New","IsSystemLocked":false,"Name":"What's New","IsGuestPage":false,"ParameterJSON":null,"Personalization":null,"Url":"#/dash/wn-pe/initial","path":"dash/wn-pe/initial","WebPartPageKey":null,"IsEnabled":true,"RPKey":null,"Priority":19,"WebParts":[{"Id":419,"ChromeStyle":7,"Definition":{"WebPartDefinitionKey":"LM_PromotedActivities","Title":"Promoted Activities","Description":"This is a legacy widget. Please use “Promoted Learning Activities” instead.","SubTitle":null,"WebPartIconName":null,"WidgetNotificationMode":0,"WidgetDeeplinkUrlText":null,"CategoryName":"Learning","IsWebPartEnabled":true,"TypeName":"SumTotal.SPPortal.WebParts.Core.Learning.PromotedActivities.PromotedActivities, SumTotal.SPPortal.WebParts, Version=1.0.0.0, Culture=neutral, PublicKeyToken=6b7f90fbd13cce01","WebPartServiceAgentInterfaceTypeName":"ILMWebPartContractAsync","WebPartDefinitionXml":null,"HideWebPartHeader":false,"HideWebPartFooter":false,"IsFreeFlowing":false,"PillarKey":"LM","ChromeStyle":7,"ParameterJSON":"{\"HeaderLinkIcon\":\"\",\"IsCustomEditor\":false,\"PreviewType\":\"configTextField\",\"Config\":{\"Name\":\"LearningActivityCodes\",\"Value\":\"\"}}","TemplatePath":"app/modules/dashboard/views/webparts/widgetPromotedActivities.html","IsSystemLocked":false,"Category":{"Id":8,"Name":"Learning","CategoryKey":"WebPartDefinition_Learning","Description":"Learning","ParentId":1,"OrdinalPosition":null},"Id":79},"HeaderColor":"","IsHidden":false,"Layout":"{\"x\":0,\"y\":0,\"width\":98,\"height\":26}","OverrideTemplate":null,"ParameterJSON":"{\"HeaderLinkIcon\":\"\",\"IsCustomEditor\":false,\"PreviewType\":\"configTextField\",\"Config\":{\"Name\":\"LearningActivityCodes\",\"Value\":\"aba_01_a02_bs_enus,pd_32_a03_bs_enus,apd_14_a02_bs_enus\"}}","SubTitle":null,"SupportsFullScreen":true,"Title":null},{"Id":422,"ChromeStyle":7,"Definition":{"WebPartDefinitionKey":"LM_TopRatedContent","Title":"Top Rated Content","Description":"Displays the five highest rated learning activities available to the user.","SubTitle":"Top rated learning activities","WebPartIconName":null,"WidgetNotificationMode":1,"WidgetDeeplinkUrlText":"View All Top Rated Content","CategoryName":"Learning","IsWebPartEnabled":true,"TypeName":"SumTotal.SPPortal.WebParts.Core.Learning.TopRatedContent.TopRatedContent, SumTotal.SPPortal.WebParts, Version=1.0.0.0, Culture=neutral, PublicKeyToken=6b7f90fbd13cce01","WebPartServiceAgentInterfaceTypeName":"ILMWebPartContractAsync","WebPartDefinitionXml":null,"HideWebPartHeader":false,"HideWebPartFooter":true,"IsFreeFlowing":false,"PillarKey":"LM","ChromeStyle":7,"ParameterJSON":"{\"HeaderLinkIcon\":\"\",\"IsCustomEditor\":false,\"PreviewType\":\"table\"}","TemplatePath":"app/modules/dashboard/views/webparts/widgetTopRatedContent.html","IsSystemLocked":false,"Category":{"Id":8,"Name":"Learning","CategoryKey":"WebPartDefinition_Learning","Description":"Learning","ParentId":1,"OrdinalPosition":null},"Id":7},"HeaderColor":"","IsHidden":false,"Layout":"{\"x\":0,\"y\":26,\"width\":98,\"height\":25}","OverrideTemplate":null,"ParameterJSON":"{\"HeaderLinkIcon\":\"\",\"IsCustomEditor\":false,\"PreviewType\":\"table\"}","SubTitle":"Top rated learning activities","SupportsFullScreen":true,"Title":null}],"CanAddPage":false,"CanEditPage":false,"CanDeletePage":false,"CanPersonalizePage":true}],"IsSystemLocked":false,"IsEnabled":true,"RPKey":null,"CanViewDashboard":true,"CanAddDashboard":false,"CanEditDashboard":false,"CanDeleteDashboard":false,"CanPersonalizeDashboard":true},{"Id":27,"DefaultPage":{"Id":234,"title":"Recommended Training","Description":"Recommended Training","IsSystemLocked":false,"Name":"Recommended Training","IsGuestPage":false,"ParameterJSON":null,"Personalization":null,"Url":"#/dash/rl/initial","path":"dash/rl","WebPartPageKey":null,"IsEnabled":true,"RPKey":null,"Priority":14,"WebParts":[{"Id":421,"ChromeStyle":7,"Definition":{"WebPartDefinitionKey":"LM_Recommendation","Title":"Recommended Courses","Description":"Displays recommended learning based on your interests, your required skills, and suggestions from others in your organization.","SubTitle":null,"WebPartIconName":null,"WidgetNotificationMode":0,"WidgetDeeplinkUrlText":null,"CategoryName":"Learning","IsWebPartEnabled":true,"TypeName":null,"WebPartServiceAgentInterfaceTypeName":null,"WebPartDefinitionXml":null,"HideWebPartHeader":false,"HideWebPartFooter":true,"IsFreeFlowing":false,"PillarKey":"LM","ChromeStyle":7,"ParameterJSON":"{\"HeaderLinkIcon\":\"\",\"IsCustomEditor\":false,\"PreviewType\":\"table\"}","TemplatePath":"app/modules/dashboard/views/webparts/widgetRecommendation.html","IsSystemLocked":false,"Category":{"Id":8,"Name":"Learning","CategoryKey":"WebPartDefinition_Learning","Description":"Learning","ParentId":1,"OrdinalPosition":null},"Id":70},"HeaderColor":"","IsHidden":false,"Layout":"{\"x\":0,\"y\":0,\"width\":\"98\",\"height\":20}","OverrideTemplate":null,"ParameterJSON":"{\"HeaderLinkIcon\":\"\",\"IsCustomEditor\":false,\"PreviewType\":\"table\"}","SubTitle":null,"SupportsFullScreen":true,"Title":null}],"CanAddPage":false,"CanEditPage":false,"CanDeletePage":false,"CanPersonalizePage":false},"Description":"Recommended Learning","Name":"Recommendations","Url":"#/dash/rl","WebPartPageDefinitionKey":null,"WebPartPages":[{"Id":234,"title":"Recommended Training","Description":"Recommended Training","IsSystemLocked":false,"Name":"Recommended Training","IsGuestPage":false,"ParameterJSON":null,"Personalization":null,"Url":"#/dash/rl/initial","path":"dash/rl/initial","WebPartPageKey":null,"IsEnabled":true,"RPKey":null,"Priority":14,"WebParts":[{"Id":421,"ChromeStyle":7,"Definition":{"WebPartDefinitionKey":"LM_Recommendation","Title":"Recommended Courses","Description":"Displays recommended learning based on your interests, your required skills, and suggestions from others in your organization.","SubTitle":null,"WebPartIconName":null,"WidgetNotificationMode":0,"WidgetDeeplinkUrlText":null,"CategoryName":"Learning","IsWebPartEnabled":true,"TypeName":null,"WebPartServiceAgentInterfaceTypeName":null,"WebPartDefinitionXml":null,"HideWebPartHeader":false,"HideWebPartFooter":true,"IsFreeFlowing":false,"PillarKey":"LM","ChromeStyle":7,"ParameterJSON":"{\"HeaderLinkIcon\":\"\",\"IsCustomEditor\":false,\"PreviewType\":\"table\"}","TemplatePath":"app/modules/dashboard/views/webparts/widgetRecommendation.html","IsSystemLocked":false,"Category":{"Id":8,"Name":"Learning","CategoryKey":"WebPartDefinition_Learning","Description":"Learning","ParentId":1,"OrdinalPosition":null},"Id":70},"HeaderColor":"","IsHidden":false,"Layout":"{\"x\":0,\"y\":0,\"width\":\"98\",\"height\":20}","OverrideTemplate":null,"ParameterJSON":"{\"HeaderLinkIcon\":\"\",\"IsCustomEditor\":false,\"PreviewType\":\"table\"}","SubTitle":null,"SupportsFullScreen":true,"Title":null}],"CanAddPage":false,"CanEditPage":false,"CanDeletePage":false,"CanPersonalizePage":true}],"IsSystemLocked":false,"IsEnabled":true,"RPKey":null,"CanViewDashboard":true,"CanAddDashboard":false,"CanEditDashboard":false,"CanDeleteDashboard":false,"CanPersonalizeDashboard":true},{"Id":29,"DefaultPage":{"Id":236,"title":"Aggregation","Description":"Aggregation","IsSystemLocked":false,"Name":"Aggregation","IsGuestPage":false,"ParameterJSON":null,"Personalization":null,"Url":"#/dash/aggregation/initial","path":"dash/aggregation","WebPartPageKey":null,"IsEnabled":true,"RPKey":null,"Priority":6,"WebParts":[{"Id":423,"ChromeStyle":0,"Definition":{"WebPartDefinitionKey":"Common_ContentEditor","Title":"Content Editor","Description":"Enables users to add custom HTML to a dashboard.","SubTitle":"Content Editor Widget","WebPartIconName":null,"WidgetNotificationMode":0,"WidgetDeeplinkUrlText":null,"CategoryName":"Common","IsWebPartEnabled":true,"TypeName":null,"WebPartServiceAgentInterfaceTypeName":null,"WebPartDefinitionXml":null,"HideWebPartHeader":false,"HideWebPartFooter":true,"IsFreeFlowing":false,"PillarKey":null,"ChromeStyle":7,"ParameterJSON":"{\"HeaderLinkIcon\":\"\",\"IsCustomEditor\":true,\"PreviewType\":\"iframe\"}","TemplatePath":"app/modules/dashboard/views/webparts/widgetContentEditor.html","IsSystemLocked":false,"Category":{"Id":5,"Name":"Common","CategoryKey":"WebPartDefinition_Common","Description":"Common","ParentId":1,"OrdinalPosition":null},"Id":60},"HeaderColor":"","IsHidden":false,"Layout":"{\"x\":0,\"y\":0,\"width\":20,\"height\":20}","OverrideTemplate":"&lt;iframe src=&quot;https://supp-saux.sumtotaldemo.net/SA_UX/Master/Content-Aggregator/index.html&quot; class=&quot;sumt-webpart-iframe&quot;&gt;&lt;/iframe&gt;","ParameterJSON":"{\"HeaderLinkIcon\":\"\",\"IsCustomEditor\":true,\"PreviewType\":\"iframe\",\"fullScreen\":true}","SubTitle":"Content Editor Widget","SupportsFullScreen":true,"Title":null}],"CanAddPage":false,"CanEditPage":false,"CanDeletePage":false,"CanPersonalizePage":false},"Description":"Aggregation of External Content","Name":"Aggregation","Url":"#/dash/aggregation","WebPartPageDefinitionKey":null,"WebPartPages":[{"Id":236,"title":"Aggregation","Description":"Aggregation","IsSystemLocked":false,"Name":"Aggregation","IsGuestPage":false,"ParameterJSON":null,"Personalization":null,"Url":"#/dash/aggregation/initial","path":"dash/aggregation/initial","WebPartPageKey":null,"IsEnabled":true,"RPKey":null,"Priority":6,"WebParts":[{"Id":423,"ChromeStyle":0,"Definition":{"WebPartDefinitionKey":"Common_ContentEditor","Title":"Content Editor","Description":"Enables users to add custom HTML to a dashboard.","SubTitle":"Content Editor Widget","WebPartIconName":null,"WidgetNotificationMode":0,"WidgetDeeplinkUrlText":null,"CategoryName":"Common","IsWebPartEnabled":true,"TypeName":null,"WebPartServiceAgentInterfaceTypeName":null,"WebPartDefinitionXml":null,"HideWebPartHeader":false,"HideWebPartFooter":true,"IsFreeFlowing":false,"PillarKey":null,"ChromeStyle":7,"ParameterJSON":"{\"HeaderLinkIcon\":\"\",\"IsCustomEditor\":true,\"PreviewType\":\"iframe\"}","TemplatePath":"app/modules/dashboard/views/webparts/widgetContentEditor.html","IsSystemLocked":false,"Category":{"Id":5,"Name":"Common","CategoryKey":"WebPartDefinition_Common","Description":"Common","ParentId":1,"OrdinalPosition":null},"Id":60},"HeaderColor":"","IsHidden":false,"Layout":"{\"x\":0,\"y\":0,\"width\":20,\"height\":20}","OverrideTemplate":"&lt;iframe src=&quot;https://supp-saux.sumtotaldemo.net/SA_UX/Master/Content-Aggregator/index.html&quot; class=&quot;sumt-webpart-iframe&quot;&gt;&lt;/iframe&gt;","ParameterJSON":"{\"HeaderLinkIcon\":\"\",\"IsCustomEditor\":true,\"PreviewType\":\"iframe\",\"fullScreen\":true}","SubTitle":"Content Editor Widget","SupportsFullScreen":true,"Title":null}],"CanAddPage":false,"CanEditPage":false,"CanDeletePage":false,"CanPersonalizePage":true}],"IsSystemLocked":false,"IsEnabled":true,"RPKey":null,"CanViewDashboard":true,"CanAddDashboard":false,"CanEditDashboard":false,"CanDeleteDashboard":false,"CanPersonalizeDashboard":true},{"Id":30,"DefaultPage":{"Id":237,"title":"Branding","Description":"Branding","IsSystemLocked":false,"Name":"Branding","IsGuestPage":false,"ParameterJSON":null,"Personalization":null,"Url":"#/dash/Branding/initial","path":"dash/Branding","WebPartPageKey":null,"IsEnabled":true,"RPKey":null,"Priority":7,"WebParts":[{"Id":424,"ChromeStyle":0,"Definition":{"WebPartDefinitionKey":"Common_ContentEditor","Title":"Content Editor","Description":"Enables users to add custom HTML to a dashboard.","SubTitle":"Content Editor Widget","WebPartIconName":null,"WidgetNotificationMode":0,"WidgetDeeplinkUrlText":null,"CategoryName":"Common","IsWebPartEnabled":true,"TypeName":null,"WebPartServiceAgentInterfaceTypeName":null,"WebPartDefinitionXml":null,"HideWebPartHeader":false,"HideWebPartFooter":true,"IsFreeFlowing":false,"PillarKey":null,"ChromeStyle":7,"ParameterJSON":"{\"HeaderLinkIcon\":\"\",\"IsCustomEditor\":true,\"PreviewType\":\"iframe\"}","TemplatePath":"app/modules/dashboard/views/webparts/widgetContentEditor.html","IsSystemLocked":false,"Category":{"Id":5,"Name":"Common","CategoryKey":"WebPartDefinition_Common","Description":"Common","ParentId":1,"OrdinalPosition":null},"Id":60},"HeaderColor":"","IsHidden":false,"Layout":"{\"x\":0,\"y\":0,\"width\":20,\"height\":20}","OverrideTemplate":"&lt;iframe src=&quot;https://supp-saux.sumtotaldemo.net/SA_UX/Branding-homepage/index.html&quot; class=&quot;sumt-webpart-iframe&quot;&gt;&lt;/iframe&gt;","ParameterJSON":"{\"HeaderLinkIcon\":\"\",\"IsCustomEditor\":true,\"PreviewType\":\"iframe\",\"fullScreen\":true}","SubTitle":"Content Editor Widget","SupportsFullScreen":true,"Title":null}],"CanAddPage":false,"CanEditPage":false,"CanDeletePage":false,"CanPersonalizePage":false},"Description":"Branding","Name":"EditDB_195647_12pm","Url":"#/dash/Branding","WebPartPageDefinitionKey":null,"WebPartPages":[{"Id":237,"title":"Branding","Description":"Branding","IsSystemLocked":false,"Name":"Branding","IsGuestPage":false,"ParameterJSON":null,"Personalization":null,"Url":"#/dash/Branding/initial","path":"dash/Branding/initial","WebPartPageKey":null,"IsEnabled":true,"RPKey":null,"Priority":7,"WebParts":[{"Id":424,"ChromeStyle":0,"Definition":{"WebPartDefinitionKey":"Common_ContentEditor","Title":"Content Editor","Description":"Enables users to add custom HTML to a dashboard.","SubTitle":"Content Editor Widget","WebPartIconName":null,"WidgetNotificationMode":0,"WidgetDeeplinkUrlText":null,"CategoryName":"Common","IsWebPartEnabled":true,"TypeName":null,"WebPartServiceAgentInterfaceTypeName":null,"WebPartDefinitionXml":null,"HideWebPartHeader":false,"HideWebPartFooter":true,"IsFreeFlowing":false,"PillarKey":null,"ChromeStyle":7,"ParameterJSON":"{\"HeaderLinkIcon\":\"\",\"IsCustomEditor\":true,\"PreviewType\":\"iframe\"}","TemplatePath":"app/modules/dashboard/views/webparts/widgetContentEditor.html","IsSystemLocked":false,"Category":{"Id":5,"Name":"Common","CategoryKey":"WebPartDefinition_Common","Description":"Common","ParentId":1,"OrdinalPosition":null},"Id":60},"HeaderColor":"","IsHidden":false,"Layout":"{\"x\":0,\"y\":0,\"width\":20,\"height\":20}","OverrideTemplate":"&lt;iframe src=&quot;https://supp-saux.sumtotaldemo.net/SA_UX/Branding-homepage/index.html&quot; class=&quot;sumt-webpart-iframe&quot;&gt;&lt;/iframe&gt;","ParameterJSON":"{\"HeaderLinkIcon\":\"\",\"IsCustomEditor\":true,\"PreviewType\":\"iframe\",\"fullScreen\":true}","SubTitle":"Content Editor Widget","SupportsFullScreen":true,"Title":null}],"CanAddPage":false,"CanEditPage":false,"CanDeletePage":false,"CanPersonalizePage":true},{"Id":248,"title":"DB_194685_13pm","Description":"PageDescription","IsSystemLocked":false,"Name":"DB_194685_13pm","IsGuestPage":false,"ParameterJSON":null,"Personalization":null,"Url":"#/dash/Branding/DB_194685_13pm","path":"dash/Branding/DB_194685_13pm","WebPartPageKey":null,"IsEnabled":true,"RPKey":null,"Priority":26,"WebParts":[],"CanAddPage":false,"CanEditPage":false,"CanDeletePage":false,"CanPersonalizePage":true},{"Id":267,"title":"DB_194685_12pm","Description":"PageDescription","IsSystemLocked":false,"Name":"DB_194685_12pm","IsGuestPage":false,"ParameterJSON":null,"Personalization":null,"Url":"#/dash/Branding/DB_194685_12pm","path":"dash/Branding/DB_194685_12pm","WebPartPageKey":null,"IsEnabled":true,"RPKey":null,"Priority":44,"WebParts":[],"CanAddPage":false,"CanEditPage":false,"CanDeletePage":false,"CanPersonalizePage":true}],"IsSystemLocked":false,"IsEnabled":true,"RPKey":null,"CanViewDashboard":true,"CanAddDashboard":false,"CanEditDashboard":false,"CanDeleteDashboard":false,"CanPersonalizeDashboard":true},{"Id":31,"DefaultPage":{"Id":239,"title":"Time","Description":"Time","IsSystemLocked":false,"Name":"Time","IsGuestPage":false,"ParameterJSON":null,"Personalization":null,"Url":"#/dash/Time/initial","path":"dash/Time","WebPartPageKey":null,"IsEnabled":true,"RPKey":null,"Priority":17,"WebParts":[{"Id":498,"ChromeStyle":1,"Definition":{"WebPartDefinitionKey":"About_Me","Title":"About Me","Description":"Displays key profile information about the employee.","SubTitle":"Photo, email and employment information","WebPartIconName":null,"WidgetNotificationMode":0,"WidgetDeeplinkUrlText":"View my profile","CategoryName":"Common","IsWebPartEnabled":true,"TypeName":"SumTotal.SPPortal.WebParts.Core.MySelf.AboutMe.AboutMe, SumTotal.SPPortal.WebParts, Version=1.0.0.0, Culture=neutral, PublicKeyToken=6b7f90fbd13cce01","WebPartServiceAgentInterfaceTypeName":null,"WebPartDefinitionXml":null,"HideWebPartHeader":true,"HideWebPartFooter":true,"IsFreeFlowing":false,"PillarKey":null,"ChromeStyle":7,"ParameterJSON":"{\"HeaderLinkIcon\":\"\",\"IsCustomEditor\":false,\"PreviewType\":\"aboutme\"}","TemplatePath":"app/modules/dashboard/views/webparts/widgetAboutMe.html","IsSystemLocked":false,"Category":{"Id":5,"Name":"Common","CategoryKey":"WebPartDefinition_Common","Description":"Common","ParentId":1,"OrdinalPosition":null},"Id":43},"HeaderColor":"","IsHidden":false,"Layout":"{\"x\":0,\"y\":0,\"width\":25,\"height\":20}","OverrideTemplate":null,"ParameterJSON":"{\"HeaderLinkIcon\":\"\",\"IsCustomEditor\":false,\"PreviewType\":\"aboutme\",\"fullScreen\":false,\"noScroll\":true}","SubTitle":"Photo, email and employment information","SupportsFullScreen":true,"Title":null},{"Id":507,"ChromeStyle":7,"Definition":{"WebPartDefinitionKey":"Common_ContentEditor","Title":"Content Editor","Description":"Enables users to add custom HTML to a dashboard.","SubTitle":"Content Editor Widget","WebPartIconName":null,"WidgetNotificationMode":0,"WidgetDeeplinkUrlText":null,"CategoryName":"Common","IsWebPartEnabled":true,"TypeName":null,"WebPartServiceAgentInterfaceTypeName":null,"WebPartDefinitionXml":null,"HideWebPartHeader":false,"HideWebPartFooter":true,"IsFreeFlowing":false,"PillarKey":null,"ChromeStyle":7,"ParameterJSON":"{\"HeaderLinkIcon\":\"\",\"IsCustomEditor\":true,\"PreviewType\":\"iframe\"}","TemplatePath":"app/modules/dashboard/views/webparts/widgetContentEditor.html","IsSystemLocked":false,"Category":{"Id":5,"Name":"Common","CategoryKey":"WebPartDefinition_Common","Description":"Common","ParentId":1,"OrdinalPosition":null},"Id":60},"HeaderColor":"","IsHidden":false,"Layout":"{\"x\":25,\"y\":0,\"width\":34,\"height\":20}","OverrideTemplate":"&lt;p&gt;&lt;/p&gt;&lt;div class=&quot;w3-code notranslate htmlHigh&quot;&gt;&lt;span style=&quot;color: brown;&quot;&gt;&lt;span style=&quot;color: mediumblue;&quot;&gt;&amp;lt;&lt;/span&gt;!DOCTYPE&lt;span style=&quot;color: red;&quot;&gt; html&lt;/span&gt;&lt;span style=&quot;color: mediumblue;&quot;&gt;&amp;gt;&lt;/span&gt;&lt;/span&gt;&lt;br/&gt;&lt;span style=&quot;color: brown;&quot;&gt;&lt;span style=&quot;color: mediumblue;&quot;&gt;&amp;lt;&lt;/span&gt;html&lt;span style=&quot;color: mediumblue;&quot;&gt;&amp;gt;&lt;/span&gt;&lt;/span&gt;&lt;br/&gt;&lt;span style=&quot;color: brown;&quot;&gt;&lt;span style=&quot;color: mediumblue;&quot;&gt;&amp;lt;&lt;/span&gt;head&lt;span style=&quot;color: mediumblue;&quot;&gt;&amp;gt;&lt;/span&gt;&lt;/span&gt;&lt;br/&gt;&lt;span style=&quot;color: brown;&quot;&gt;&lt;span style=&quot;color: mediumblue;&quot;&gt;&amp;lt;&lt;/span&gt;title&lt;span style=&quot;color: mediumblue;&quot;&gt;&amp;gt;&lt;/span&gt;&lt;/span&gt;Title of the document&lt;span style=&quot;color: brown;&quot;&gt;&lt;span style=&quot;color: mediumblue;&quot;&gt;&amp;lt;&lt;/span&gt;/title&lt;span style=&quot;color: mediumblue;&quot;&gt;&amp;gt;&lt;/span&gt;&lt;/span&gt;&lt;br/&gt;&lt;span style=&quot;color: brown;&quot;&gt;&lt;span style=&quot;color: mediumblue;&quot;&gt;&amp;lt;&lt;/span&gt;/head&lt;span style=&quot;color: mediumblue;&quot;&gt;&amp;gt;&lt;/span&gt;&lt;/span&gt;&lt;br/&gt;&lt;br/&gt;&lt;span style=&quot;color: brown;&quot;&gt;&lt;span style=&quot;color: mediumblue;&quot;&gt;&amp;lt;&lt;/span&gt;body&lt;span style=&quot;color: mediumblue;&quot;&gt;&amp;gt;&lt;/span&gt;&lt;/span&gt;&lt;br/&gt;The content of the document......&lt;br/&gt;&lt;span style=&quot;color: brown;&quot;&gt;&lt;span style=&quot;color: mediumblue;&quot;&gt;&amp;lt;&lt;/span&gt;/body&lt;span style=&quot;color: mediumblue;&quot;&gt;&amp;gt;&lt;/span&gt;&lt;/span&gt;&lt;br/&gt;&lt;br/&gt;&lt;span style=&quot;color: brown;&quot;&gt;&lt;span style=&quot;color: mediumblue;&quot;&gt;&amp;lt;&lt;/span&gt;/html&lt;span style=&quot;color: mediumblue;&quot;&gt;&amp;gt;&lt;/span&gt;&lt;/span&gt; &lt;/div&gt;&lt;p&gt;&lt;/p&gt;","ParameterJSON":"{\"HeaderLinkIcon\":\"\",\"IsCustomEditor\":true,\"PreviewType\":\"iframe\"}","SubTitle":"Content Editor Widget","SupportsFullScreen":true,"Title":null}],"CanAddPage":false,"CanEditPage":false,"CanDeletePage":false,"CanPersonalizePage":false},"Description":"Time","Name":"Time","Url":"#/dash/Time","WebPartPageDefinitionKey":null,"WebPartPages":[{"Id":239,"title":"Time","Description":"Time","IsSystemLocked":false,"Name":"Time","IsGuestPage":false,"ParameterJSON":null,"Personalization":null,"Url":"#/dash/Time/initial","path":"dash/Time/initial","WebPartPageKey":null,"IsEnabled":true,"RPKey":null,"Priority":17,"WebParts":[{"Id":498,"ChromeStyle":1,"Definition":{"WebPartDefinitionKey":"About_Me","Title":"About Me","Description":"Displays key profile information about the employee.","SubTitle":"Photo, email and employment information","WebPartIconName":null,"WidgetNotificationMode":0,"WidgetDeeplinkUrlText":"View my profile","CategoryName":"Common","IsWebPartEnabled":true,"TypeName":"SumTotal.SPPortal.WebParts.Core.MySelf.AboutMe.AboutMe, SumTotal.SPPortal.WebParts, Version=1.0.0.0, Culture=neutral, PublicKeyToken=6b7f90fbd13cce01","WebPartServiceAgentInterfaceTypeName":null,"WebPartDefinitionXml":null,"HideWebPartHeader":true,"HideWebPartFooter":true,"IsFreeFlowing":false,"PillarKey":null,"ChromeStyle":7,"ParameterJSON":"{\"HeaderLinkIcon\":\"\",\"IsCustomEditor\":false,\"PreviewType\":\"aboutme\"}","TemplatePath":"app/modules/dashboard/views/webparts/widgetAboutMe.html","IsSystemLocked":false,"Category":{"Id":5,"Name":"Common","CategoryKey":"WebPartDefinition_Common","Description":"Common","ParentId":1,"OrdinalPosition":null},"Id":43},"HeaderColor":"","IsHidden":false,"Layout":"{\"x\":0,\"y\":0,\"width\":25,\"height\":20}","OverrideTemplate":null,"ParameterJSON":"{\"HeaderLinkIcon\":\"\",\"IsCustomEditor\":false,\"PreviewType\":\"aboutme\",\"fullScreen\":false,\"noScroll\":true}","SubTitle":"Photo, email and employment information","SupportsFullScreen":true,"Title":null},{"Id":507,"ChromeStyle":7,"Definition":{"WebPartDefinitionKey":"Common_ContentEditor","Title":"Content Editor","Description":"Enables users to add custom HTML to a dashboard.","SubTitle":"Content Editor Widget","WebPartIconName":null,"WidgetNotificationMode":0,"WidgetDeeplinkUrlText":null,"CategoryName":"Common","IsWebPartEnabled":true,"TypeName":null,"WebPartServiceAgentInterfaceTypeName":null,"WebPartDefinitionXml":null,"HideWebPartHeader":false,"HideWebPartFooter":true,"IsFreeFlowing":false,"PillarKey":null,"ChromeStyle":7,"ParameterJSON":"{\"HeaderLinkIcon\":\"\",\"IsCustomEditor\":true,\"PreviewType\":\"iframe\"}","TemplatePath":"app/modules/dashboard/views/webparts/widgetContentEditor.html","IsSystemLocked":false,"Category":{"Id":5,"Name":"Common","CategoryKey":"WebPartDefinition_Common","Description":"Common","ParentId":1,"OrdinalPosition":null},"Id":60},"HeaderColor":"","IsHidden":false,"Layout":"{\"x\":25,\"y\":0,\"width\":34,\"height\":20}","OverrideTemplate":"&lt;p&gt;&lt;/p&gt;&lt;div class=&quot;w3-code notranslate htmlHigh&quot;&gt;&lt;span style=&quot;color: brown;&quot;&gt;&lt;span style=&quot;color: mediumblue;&quot;&gt;&amp;lt;&lt;/span&gt;!DOCTYPE&lt;span style=&quot;color: red;&quot;&gt; html&lt;/span&gt;&lt;span style=&quot;color: mediumblue;&quot;&gt;&amp;gt;&lt;/span&gt;&lt;/span&gt;&lt;br/&gt;&lt;span style=&quot;color: brown;&quot;&gt;&lt;span style=&quot;color: mediumblue;&quot;&gt;&amp;lt;&lt;/span&gt;html&lt;span style=&quot;color: mediumblue;&quot;&gt;&amp;gt;&lt;/span&gt;&lt;/span&gt;&lt;br/&gt;&lt;span style=&quot;color: brown;&quot;&gt;&lt;span style=&quot;color: mediumblue;&quot;&gt;&amp;lt;&lt;/span&gt;head&lt;span style=&quot;color: mediumblue;&quot;&gt;&amp;gt;&lt;/span&gt;&lt;/span&gt;&lt;br/&gt;&lt;span style=&quot;color: brown;&quot;&gt;&lt;span style=&quot;color: mediumblue;&quot;&gt;&amp;lt;&lt;/span&gt;title&lt;span style=&quot;color: mediumblue;&quot;&gt;&amp;gt;&lt;/span&gt;&lt;/span&gt;Title of the document&lt;span style=&quot;color: brown;&quot;&gt;&lt;span style=&quot;color: mediumblue;&quot;&gt;&amp;lt;&lt;/span&gt;/title&lt;span style=&quot;color: mediumblue;&quot;&gt;&amp;gt;&lt;/span&gt;&lt;/span&gt;&lt;br/&gt;&lt;span style=&quot;color: brown;&quot;&gt;&lt;span style=&quot;color: mediumblue;&quot;&gt;&amp;lt;&lt;/span&gt;/head&lt;span style=&quot;color: mediumblue;&quot;&gt;&amp;gt;&lt;/span&gt;&lt;/span&gt;&lt;br/&gt;&lt;br/&gt;&lt;span style=&quot;color: brown;&quot;&gt;&lt;span style=&quot;color: mediumblue;&quot;&gt;&amp;lt;&lt;/span&gt;body&lt;span style=&quot;color: mediumblue;&quot;&gt;&amp;gt;&lt;/span&gt;&lt;/span&gt;&lt;br/&gt;The content of the document......&lt;br/&gt;&lt;span style=&quot;color: brown;&quot;&gt;&lt;span style=&quot;color: mediumblue;&quot;&gt;&amp;lt;&lt;/span&gt;/body&lt;span style=&quot;color: mediumblue;&quot;&gt;&amp;gt;&lt;/span&gt;&lt;/span&gt;&lt;br/&gt;&lt;br/&gt;&lt;span style=&quot;color: brown;&quot;&gt;&lt;span style=&quot;color: mediumblue;&quot;&gt;&amp;lt;&lt;/span&gt;/html&lt;span style=&quot;color: mediumblue;&quot;&gt;&amp;gt;&lt;/span&gt;&lt;/span&gt; &lt;/div&gt;&lt;p&gt;&lt;/p&gt;","ParameterJSON":"{\"HeaderLinkIcon\":\"\",\"IsCustomEditor\":true,\"PreviewType\":\"iframe\"}","SubTitle":"Content Editor Widget","SupportsFullScreen":true,"Title":null}],"CanAddPage":false,"CanEditPage":false,"CanDeletePage":false,"CanPersonalizePage":true}],"IsSystemLocked":false,"IsEnabled":true,"RPKey":null,"CanViewDashboard":true,"CanAddDashboard":false,"CanEditDashboard":false,"CanDeleteDashboard":false,"CanPersonalizeDashboard":true},{"Id":32,"DefaultPage":{"Id":241,"title":"Experience First","Description":"Experience First","IsSystemLocked":false,"Name":"Experience First","IsGuestPage":false,"ParameterJSON":null,"Personalization":null,"Url":"#/dash/engage/initial","path":"dash/engage","WebPartPageKey":null,"IsEnabled":true,"RPKey":null,"Priority":5,"WebParts":[{"Id":492,"ChromeStyle":6,"Definition":{"WebPartDefinitionKey":"Common_SearchWidget","Title":"Search","Description":"Quick Search for Courses, Training, Videos, Books and Audiobooks","SubTitle":"Search for Courses, Training, Videos, Books and Audiobooks","WebPartIconName":null,"WidgetNotificationMode":0,"WidgetDeeplinkUrlText":null,"CategoryName":"Learning","IsWebPartEnabled":true,"TypeName":null,"WebPartServiceAgentInterfaceTypeName":null,"WebPartDefinitionXml":null,"HideWebPartHeader":true,"HideWebPartFooter":false,"IsFreeFlowing":false,"PillarKey":null,"ChromeStyle":6,"ParameterJSON":"{\"HeaderLinkIcon\":\"\",\"IsCustomEditor\":false,\"PreviewType\":\"table\"}","TemplatePath":"app/modules/dashboard/views/webparts/widgetEnterpriseSearch.html","IsSystemLocked":false,"Category":{"Id":8,"Name":"Learning","CategoryKey":"WebPartDefinition_Learning","Description":"Learning","ParentId":1,"OrdinalPosition":null},"Id":113},"HeaderColor":"","IsHidden":false,"Layout":"{\"x\":0,\"y\":0,\"width\":99,\"height\":15}","OverrideTemplate":null,"ParameterJSON":"{\"HeaderLinkIcon\":\"\",\"IsCustomEditor\":false,\"PreviewType\":\"table\"}","SubTitle":"Search for Courses, Training, Videos, Books and Audiobooks","SupportsFullScreen":true,"Title":null},{"Id":493,"ChromeStyle":7,"Definition":{"WebPartDefinitionKey":"LM_MyLearning","Title":"My Learning","Description":"Provides user with graphical summary of their assigned training compliance status.","SubTitle":null,"WebPartIconName":null,"WidgetNotificationMode":0,"WidgetDeeplinkUrlText":null,"CategoryName":"Learning","IsWebPartEnabled":true,"TypeName":"SumTotal.SPPortal.WebParts.Core.Learning.MyLearning.MyLearning, SumTotal.SPPortal.WebParts, Version=1.0.0.0, Culture=neutral, PublicKeyToken=6b7f90fbd13cce01","WebPartServiceAgentInterfaceTypeName":"ILMWebPartContractAsync","WebPartDefinitionXml":null,"HideWebPartHeader":false,"HideWebPartFooter":true,"IsFreeFlowing":false,"PillarKey":"LM","ChromeStyle":7,"ParameterJSON":"{\"HeaderLinkIcon\":\"\",\"IsCustomEditor\":false,\"PreviewType\":\"html\"}","TemplatePath":"app/modules/dashboard/views/webparts/widgetMyLearning.html","IsSystemLocked":false,"Category":{"Id":8,"Name":"Learning","CategoryKey":"WebPartDefinition_Learning","Description":"Learning","ParentId":1,"OrdinalPosition":null},"Id":67},"HeaderColor":"","IsHidden":false,"Layout":"{\"x\":0,\"y\":15,\"width\":29,\"height\":20}","OverrideTemplate":null,"ParameterJSON":"{\"HeaderLinkIcon\":\"\",\"IsCustomEditor\":false,\"PreviewType\":\"html\"}","SubTitle":null,"SupportsFullScreen":true,"Title":null},{"Id":494,"ChromeStyle":7,"Definition":{"WebPartDefinitionKey":"LM_ResumeLearning","Title":"Resume Learning","Description":"Provides user with quick access to all recently launched non-completed training items.","SubTitle":"List of recently launched activities","WebPartIconName":null,"WidgetNotificationMode":0,"WidgetDeeplinkUrlText":"View All Recently Launched Activities","CategoryName":"Learning","IsWebPartEnabled":true,"TypeName":"SumTotal.SPPortal.WebParts.Core.Learning.RecentlyLaunched.RecentlyLaunched, SumTotal.SPPortal.WebParts, Version=1.0.0.0, Culture=neutral, PublicKeyToken=6b7f90fbd13cce01","WebPartServiceAgentInterfaceTypeName":"ILMWebPartContractAsync","WebPartDefinitionXml":null,"HideWebPartHeader":false,"HideWebPartFooter":true,"IsFreeFlowing":false,"PillarKey":"LM","ChromeStyle":7,"ParameterJSON":"{\"HeaderLinkIcon\":\"\",\"IsCustomEditor\":false,\"PreviewType\":\"table\"}","TemplatePath":"app/modules/dashboard/views/webparts/widgetRecentlyLaunchedActivitiesList.html","IsSystemLocked":false,"Category":{"Id":8,"Name":"Learning","CategoryKey":"WebPartDefinition_Learning","Description":"Learning","ParentId":1,"OrdinalPosition":null},"Id":114},"HeaderColor":"","IsHidden":false,"Layout":"{\"x\":29,\"y\":15,\"width\":70,\"height\":20}","OverrideTemplate":null,"ParameterJSON":"{\"HeaderLinkIcon\":\"\",\"IsCustomEditor\":false,\"PreviewType\":\"table\"}","SubTitle":"List of recently launched activities","SupportsFullScreen":true,"Title":null},{"Id":495,"ChromeStyle":7,"Definition":{"WebPartDefinitionKey":"LM_FavouritesCarousel","Title":"My Favorites","Description":"Supports quick access to content marked as a favorite by the user in a carousel.","SubTitle":"Activities, Categories, Collaboration Centers","WebPartIconName":null,"WidgetNotificationMode":1,"WidgetDeeplinkUrlText":"More...","CategoryName":"Learning","IsWebPartEnabled":true,"TypeName":"SumTotal.SPPortal.WebParts.Core.Learning.Favorites.Favorites, SumTotal.SPPortal.WebParts, Version=1.0.0.0, Culture=neutral, PublicKeyToken=6b7f90fbd13cce01","WebPartServiceAgentInterfaceTypeName":"ILMWebPartContractAsync","WebPartDefinitionXml":null,"HideWebPartHeader":false,"HideWebPartFooter":true,"IsFreeFlowing":false,"PillarKey":"LM","ChromeStyle":7,"ParameterJSON":"{\"HeaderLinkIcon\":\"\",\"IsCustomEditor\":false,\"PreviewType\":\"table\"}","TemplatePath":"app/modules/dashboard/views/webparts/widgetFavoritesCarousel.html","IsSystemLocked":false,"Category":{"Id":8,"Name":"Learning","CategoryKey":"WebPartDefinition_Learning","Description":"Learning","ParentId":1,"OrdinalPosition":null},"Id":112},"HeaderColor":"","IsHidden":false,"Layout":"{\"x\":0,\"y\":35,\"width\":99,\"height\":20}","OverrideTemplate":null,"ParameterJSON":"{\"HeaderLinkIcon\":\"\",\"IsCustomEditor\":false,\"PreviewType\":\"table\"}","SubTitle":"Activities, Categories, Collaboration Centers","SupportsFullScreen":true,"Title":null},{"Id":496,"ChromeStyle":6,"Definition":{"WebPartDefinitionKey":"LM_RecommendedActivities","Title":"Recommended Activities","Description":"Displays recommended activities based on your interests, your required skills, and suggestions from others in your organization in a carousel.","SubTitle":null,"WebPartIconName":null,"WidgetNotificationMode":0,"WidgetDeeplinkUrlText":null,"CategoryName":"Learning","IsWebPartEnabled":true,"TypeName":null,"WebPartServiceAgentInterfaceTypeName":null,"WebPartDefinitionXml":null,"HideWebPartHeader":true,"HideWebPartFooter":true,"IsFreeFlowing":false,"PillarKey":"LM","ChromeStyle":6,"ParameterJSON":"{\"HeaderLinkIcon\":\"\",\"IsCustomEditor\":false,\"PreviewType\":\"table\"}","TemplatePath":"app/modules/dashboard/views/webparts/widgetRecommendedActivitiesCarousel.html","IsSystemLocked":false,"Category":{"Id":8,"Name":"Learning","CategoryKey":"WebPartDefinition_Learning","Description":"Learning","ParentId":1,"OrdinalPosition":null},"Id":115},"HeaderColor":"","IsHidden":false,"Layout":"{\"x\":0,\"y\":55,\"width\":99,\"height\":20}","OverrideTemplate":null,"ParameterJSON":"{\"HeaderLinkIcon\":\"\",\"IsCustomEditor\":false,\"PreviewType\":\"table\"}","SubTitle":null,"SupportsFullScreen":true,"Title":null},{"Id":497,"ChromeStyle":7,"Definition":{"WebPartDefinitionKey":"My_Development_Plan","Title":"My Development Plan","Description":"Displays a user's Development Plan","SubTitle":"My Development Plan","WebPartIconName":null,"WidgetNotificationMode":0,"WidgetDeeplinkUrlText":null,"CategoryName":"Common","IsWebPartEnabled":true,"TypeName":null,"WebPartServiceAgentInterfaceTypeName":null,"WebPartDefinitionXml":null,"HideWebPartHeader":false,"HideWebPartFooter":true,"IsFreeFlowing":false,"PillarKey":null,"ChromeStyle":7,"ParameterJSON":"{\"HeaderLinkIcon\":\"\",\"IsCustomEditor\":false,\"PreviewType\":\"table\"}","TemplatePath":"app/modules/dashboard/views/webparts/widgetDevelopmentPlan.html","IsSystemLocked":false,"Category":{"Id":5,"Name":"Common","CategoryKey":"WebPartDefinition_Common","Description":"Common","ParentId":1,"OrdinalPosition":null},"Id":90},"HeaderColor":"","IsHidden":false,"Layout":"{\"x\":0,\"y\":75,\"width\":48,\"height\":21}","OverrideTemplate":null,"ParameterJSON":"{\"HeaderLinkIcon\":\"\",\"IsCustomEditor\":false,\"PreviewType\":\"table\"}","SubTitle":"My Development Plan","SupportsFullScreen":true,"Title":null}],"CanAddPage":false,"CanEditPage":false,"CanDeletePage":false,"CanPersonalizePage":false},"Description":"This engaging experience is unparalleled in the marketplace","Name":"Experience First","Url":"#/dash/engage","WebPartPageDefinitionKey":null,"WebPartPages":[{"Id":241,"title":"Experience First","Description":"Experience First","IsSystemLocked":false,"Name":"Experience First","IsGuestPage":false,"ParameterJSON":null,"Personalization":null,"Url":"#/dash/engage/initial","path":"dash/engage/initial","WebPartPageKey":null,"IsEnabled":true,"RPKey":null,"Priority":5,"WebParts":[{"Id":492,"ChromeStyle":6,"Definition":{"WebPartDefinitionKey":"Common_SearchWidget","Title":"Search","Description":"Quick Search for Courses, Training, Videos, Books and Audiobooks","SubTitle":"Search for Courses, Training, Videos, Books and Audiobooks","WebPartIconName":null,"WidgetNotificationMode":0,"WidgetDeeplinkUrlText":null,"CategoryName":"Learning","IsWebPartEnabled":true,"TypeName":null,"WebPartServiceAgentInterfaceTypeName":null,"WebPartDefinitionXml":null,"HideWebPartHeader":true,"HideWebPartFooter":false,"IsFreeFlowing":false,"PillarKey":null,"ChromeStyle":6,"ParameterJSON":"{\"HeaderLinkIcon\":\"\",\"IsCustomEditor\":false,\"PreviewType\":\"table\"}","TemplatePath":"app/modules/dashboard/views/webparts/widgetEnterpriseSearch.html","IsSystemLocked":false,"Category":{"Id":8,"Name":"Learning","CategoryKey":"WebPartDefinition_Learning","Description":"Learning","ParentId":1,"OrdinalPosition":null},"Id":113},"HeaderColor":"","IsHidden":false,"Layout":"{\"x\":0,\"y\":0,\"width\":99,\"height\":15}","OverrideTemplate":null,"ParameterJSON":"{\"HeaderLinkIcon\":\"\",\"IsCustomEditor\":false,\"PreviewType\":\"table\"}","SubTitle":"Search for Courses, Training, Videos, Books and Audiobooks","SupportsFullScreen":true,"Title":null},{"Id":493,"ChromeStyle":7,"Definition":{"WebPartDefinitionKey":"LM_MyLearning","Title":"My Learning","Description":"Provides user with graphical summary of their assigned training compliance status.","SubTitle":null,"WebPartIconName":null,"WidgetNotificationMode":0,"WidgetDeeplinkUrlText":null,"CategoryName":"Learning","IsWebPartEnabled":true,"TypeName":"SumTotal.SPPortal.WebParts.Core.Learning.MyLearning.MyLearning, SumTotal.SPPortal.WebParts, Version=1.0.0.0, Culture=neutral, PublicKeyToken=6b7f90fbd13cce01","WebPartServiceAgentInterfaceTypeName":"ILMWebPartContractAsync","WebPartDefinitionXml":null,"HideWebPartHeader":false,"HideWebPartFooter":true,"IsFreeFlowing":false,"PillarKey":"LM","ChromeStyle":7,"ParameterJSON":"{\"HeaderLinkIcon\":\"\",\"IsCustomEditor\":false,\"PreviewType\":\"html\"}","TemplatePath":"app/modules/dashboard/views/webparts/widgetMyLearning.html","IsSystemLocked":false,"Category":{"Id":8,"Name":"Learning","CategoryKey":"WebPartDefinition_Learning","Description":"Learning","ParentId":1,"OrdinalPosition":null},"Id":67},"HeaderColor":"","IsHidden":false,"Layout":"{\"x\":0,\"y\":15,\"width\":29,\"height\":20}","OverrideTemplate":null,"ParameterJSON":"{\"HeaderLinkIcon\":\"\",\"IsCustomEditor\":false,\"PreviewType\":\"html\"}","SubTitle":null,"SupportsFullScreen":true,"Title":null},{"Id":494,"ChromeStyle":7,"Definition":{"WebPartDefinitionKey":"LM_ResumeLearning","Title":"Resume Learning","Description":"Provides user with quick access to all recently launched non-completed training items.","SubTitle":"List of recently launched activities","WebPartIconName":null,"WidgetNotificationMode":0,"WidgetDeeplinkUrlText":"View All Recently Launched Activities","CategoryName":"Learning","IsWebPartEnabled":true,"TypeName":"SumTotal.SPPortal.WebParts.Core.Learning.RecentlyLaunched.RecentlyLaunched, SumTotal.SPPortal.WebParts, Version=1.0.0.0, Culture=neutral, PublicKeyToken=6b7f90fbd13cce01","WebPartServiceAgentInterfaceTypeName":"ILMWebPartContractAsync","WebPartDefinitionXml":null,"HideWebPartHeader":false,"HideWebPartFooter":true,"IsFreeFlowing":false,"PillarKey":"LM","ChromeStyle":7,"ParameterJSON":"{\"HeaderLinkIcon\":\"\",\"IsCustomEditor\":false,\"PreviewType\":\"table\"}","TemplatePath":"app/modules/dashboard/views/webparts/widgetRecentlyLaunchedActivitiesList.html","IsSystemLocked":false,"Category":{"Id":8,"Name":"Learning","CategoryKey":"WebPartDefinition_Learning","Description":"Learning","ParentId":1,"OrdinalPosition":null},"Id":114},"HeaderColor":"","IsHidden":false,"Layout":"{\"x\":29,\"y\":15,\"width\":70,\"height\":20}","OverrideTemplate":null,"ParameterJSON":"{\"HeaderLinkIcon\":\"\",\"IsCustomEditor\":false,\"PreviewType\":\"table\"}","SubTitle":"List of recently launched activities","SupportsFullScreen":true,"Title":null},{"Id":495,"ChromeStyle":7,"Definition":{"WebPartDefinitionKey":"LM_FavouritesCarousel","Title":"My Favorites","Description":"Supports quick access to content marked as a favorite by the user in a carousel.","SubTitle":"Activities, Categories, Collaboration Centers","WebPartIconName":null,"WidgetNotificationMode":1,"WidgetDeeplinkUrlText":"More...","CategoryName":"Learning","IsWebPartEnabled":true,"TypeName":"SumTotal.SPPortal.WebParts.Core.Learning.Favorites.Favorites, SumTotal.SPPortal.WebParts, Version=1.0.0.0, Culture=neutral, PublicKeyToken=6b7f90fbd13cce01","WebPartServiceAgentInterfaceTypeName":"ILMWebPartContractAsync","WebPartDefinitionXml":null,"HideWebPartHeader":false,"HideWebPartFooter":true,"IsFreeFlowing":false,"PillarKey":"LM","ChromeStyle":7,"ParameterJSON":"{\"HeaderLinkIcon\":\"\",\"IsCustomEditor\":false,\"PreviewType\":\"table\"}","TemplatePath":"app/modules/dashboard/views/webparts/widgetFavoritesCarousel.html","IsSystemLocked":false,"Category":{"Id":8,"Name":"Learning","CategoryKey":"WebPartDefinition_Learning","Description":"Learning","ParentId":1,"OrdinalPosition":null},"Id":112},"HeaderColor":"","IsHidden":false,"Layout":"{\"x\":0,\"y\":35,\"width\":99,\"height\":20}","OverrideTemplate":null,"ParameterJSON":"{\"HeaderLinkIcon\":\"\",\"IsCustomEditor\":false,\"PreviewType\":\"table\"}","SubTitle":"Activities, Categories, Collaboration Centers","SupportsFullScreen":true,"Title":null},{"Id":496,"ChromeStyle":6,"Definition":{"WebPartDefinitionKey":"LM_RecommendedActivities","Title":"Recommended Activities","Description":"Displays recommended activities based on your interests, your required skills, and suggestions from others in your organization in a carousel.","SubTitle":null,"WebPartIconName":null,"WidgetNotificationMode":0,"WidgetDeeplinkUrlText":null,"CategoryName":"Learning","IsWebPartEnabled":true,"TypeName":null,"WebPartServiceAgentInterfaceTypeName":null,"WebPartDefinitionXml":null,"HideWebPartHeader":true,"HideWebPartFooter":true,"IsFreeFlowing":false,"PillarKey":"LM","ChromeStyle":6,"ParameterJSON":"{\"HeaderLinkIcon\":\"\",\"IsCustomEditor\":false,\"PreviewType\":\"table\"}","TemplatePath":"app/modules/dashboard/views/webparts/widgetRecommendedActivitiesCarousel.html","IsSystemLocked":false,"Category":{"Id":8,"Name":"Learning","CategoryKey":"WebPartDefinition_Learning","Description":"Learning","ParentId":1,"OrdinalPosition":null},"Id":115},"HeaderColor":"","IsHidden":false,"Layout":"{\"x\":0,\"y\":55,\"width\":99,\"height\":20}","OverrideTemplate":null,"ParameterJSON":"{\"HeaderLinkIcon\":\"\",\"IsCustomEditor\":false,\"PreviewType\":\"table\"}","SubTitle":null,"SupportsFullScreen":true,"Title":null},{"Id":497,"ChromeStyle":7,"Definition":{"WebPartDefinitionKey":"My_Development_Plan","Title":"My Development Plan","Description":"Displays a user's Development Plan","SubTitle":"My Development Plan","WebPartIconName":null,"WidgetNotificationMode":0,"WidgetDeeplinkUrlText":null,"CategoryName":"Common","IsWebPartEnabled":true,"TypeName":null,"WebPartServiceAgentInterfaceTypeName":null,"WebPartDefinitionXml":null,"HideWebPartHeader":false,"HideWebPartFooter":true,"IsFreeFlowing":false,"PillarKey":null,"ChromeStyle":7,"ParameterJSON":"{\"HeaderLinkIcon\":\"\",\"IsCustomEditor\":false,\"PreviewType\":\"table\"}","TemplatePath":"app/modules/dashboard/views/webparts/widgetDevelopmentPlan.html","IsSystemLocked":false,"Category":{"Id":5,"Name":"Common","CategoryKey":"WebPartDefinition_Common","Description":"Common","ParentId":1,"OrdinalPosition":null},"Id":90},"HeaderColor":"","IsHidden":false,"Layout":"{\"x\":0,\"y\":75,\"width\":48,\"height\":21}","OverrideTemplate":null,"ParameterJSON":"{\"HeaderLinkIcon\":\"\",\"IsCustomEditor\":false,\"PreviewType\":\"table\"}","SubTitle":"My Development Plan","SupportsFullScreen":true,"Title":null}],"CanAddPage":false,"CanEditPage":false,"CanDeletePage":false,"CanPersonalizePage":true}],"IsSystemLocked":false,"IsEnabled":true,"RPKey":null,"CanViewDashboard":true,"CanAddDashboard":false,"CanEditDashboard":false,"CanDeleteDashboard":false,"CanPersonalizeDashboard":true},{"Id":35,"DefaultPage":{"Id":244,"title":"!!DB1_194703_12pm","Description":"!!DB1_194703_12pm","IsSystemLocked":false,"Name":"!!DB1_194703_12pm","IsGuestPage":false,"ParameterJSON":null,"Personalization":null,"Url":"#/dash/194703Description/initial","path":"dash/194703Description","WebPartPageKey":null,"IsEnabled":true,"RPKey":null,"Priority":22,"WebParts":[],"CanAddPage":false,"CanEditPage":false,"CanDeletePage":false,"CanPersonalizePage":false},"Description":"194703Description","Name":"!!DB1_194703_12pm","Url":"#/dash/194703Description","WebPartPageDefinitionKey":null,"WebPartPages":[{"Id":244,"title":"!!DB1_194703_12pm","Description":"!!DB1_194703_12pm","IsSystemLocked":false,"Name":"!!DB1_194703_12pm","IsGuestPage":false,"ParameterJSON":null,"Personalization":null,"Url":"#/dash/194703Description/initial","path":"dash/194703Description/initial","WebPartPageKey":null,"IsEnabled":true,"RPKey":null,"Priority":22,"WebParts":[],"CanAddPage":false,"CanEditPage":false,"CanDeletePage":false,"CanPersonalizePage":true}],"IsSystemLocked":false,"IsEnabled":true,"RPKey":null,"CanViewDashboard":true,"CanAddDashboard":false,"CanEditDashboard":false,"CanDeleteDashboard":false,"CanPersonalizeDashboard":true},{"Id":36,"DefaultPage":{"Id":245,"title":"DB_194688_3pm","Description":"DB_194688_3pm","IsSystemLocked":false,"Name":"DB_194688_3pm","IsGuestPage":false,"ParameterJSON":null,"Personalization":null,"Url":"#/dash/DB_194688_3pm/initial","path":"dash/DB_194688_3pm","WebPartPageKey":null,"IsEnabled":true,"RPKey":null,"Priority":23,"WebParts":[],"CanAddPage":false,"CanEditPage":false,"CanDeletePage":false,"CanPersonalizePage":false},"Description":"Test page description","Name":"DB_194688_3pm","Url":"#/dash/DB_194688_3pm","WebPartPageDefinitionKey":null,"WebPartPages":[{"Id":245,"title":"DB_194688_3pm","Description":"DB_194688_3pm","IsSystemLocked":false,"Name":"DB_194688_3pm","IsGuestPage":false,"ParameterJSON":null,"Personalization":null,"Url":"#/dash/DB_194688_3pm/initial","path":"dash/DB_194688_3pm/initial","WebPartPageKey":null,"IsEnabled":true,"RPKey":null,"Priority":23,"WebParts":[],"CanAddPage":false,"CanEditPage":false,"CanDeletePage":false,"CanPersonalizePage":true},{"Id":246,"title":"DBPage_194688_3pm","Description":"Test page description","IsSystemLocked":false,"Name":"DBPage_194688_3pm","IsGuestPage":false,"ParameterJSON":null,"Personalization":null,"Url":"#/dash/DB_194688_3pm/DBPage_194688_3pm","path":"dash/DB_194688_3pm/DBPage_194688_3pm","WebPartPageKey":null,"IsEnabled":true,"RPKey":null,"Priority":24,"WebParts":[],"CanAddPage":false,"CanEditPage":false,"CanDeletePage":false,"CanPersonalizePage":true}],"IsSystemLocked":false,"IsEnabled":true,"RPKey":null,"CanViewDashboard":true,"CanAddDashboard":false,"CanEditDashboard":false,"CanDeleteDashboard":false,"CanPersonalizeDashboard":true},{"Id":37,"DefaultPage":{"Id":247,"title":"!!DB_194651_12pm","Description":"!!DB_194651_12pm","IsSystemLocked":false,"Name":"!!DB_194651_12pm","IsGuestPage":false,"ParameterJSON":null,"Personalization":null,"Url":"#/dash/Dashboard_12pmDescription/initial","path":"dash/Dashboard_12pmDescription","WebPartPageKey":null,"IsEnabled":true,"RPKey":null,"Priority":25,"WebParts":[{"Id":500,"ChromeStyle":7,"Definition":{"WebPartDefinitionKey":"LM_MyCommunities","Title":"My Communities","Description":"Recent posts for the communities which the logged in user is a member, supported by an option to view all updates.","SubTitle":"Favorite discussion forums","WebPartIconName":null,"WidgetNotificationMode":1,"WidgetDeeplinkUrlText":"View All Communities","CategoryName":"Social","IsWebPartEnabled":true,"TypeName":"SumTotal.SPPortal.WebParts.Core.Social.MyCommunities.MyCommunities, SumTotal.SPPortal.WebParts, Version=1.0.0.0, Culture=neutral, PublicKeyToken=6b7f90fbd13cce01","WebPartServiceAgentInterfaceTypeName":"ILMWebPartContractAsync","WebPartDefinitionXml":null,"HideWebPartHeader":false,"HideWebPartFooter":true,"IsFreeFlowing":false,"PillarKey":"LM","ChromeStyle":7,"ParameterJSON":"{\"HeaderLinkIcon\": \"\", \"IsCustomEditor\": false, \"PreviewType\" : \"table\"}","TemplatePath":"app/modules/dashboard/views/webparts/widgetMyCommunities.html","IsSystemLocked":false,"Category":{"Id":11,"Name":"Social","CategoryKey":"WebPartDefinition_Social","Description":"Social","ParentId":1,"OrdinalPosition":null},"Id":5},"HeaderColor":"","IsHidden":false,"Layout":"{\"x\":0,\"y\":0,\"width\":25,\"height\":20}","OverrideTemplate":null,"ParameterJSON":"{\"HeaderLinkIcon\":\"\",\"IsCustomEditor\":false,\"PreviewType\":\"table\"}","SubTitle":"Favorite discussion forums","SupportsFullScreen":true,"Title":null}],"CanAddPage":false,"CanEditPage":false,"CanDeletePage":false,"CanPersonalizePage":false},"Description":"Dashboard_12pmDescription","Name":"!!DB_194651_12pm","Url":"#/dash/Dashboard_12pmDescription","WebPartPageDefinitionKey":null,"WebPartPages":[{"Id":247,"title":"!!DB_194651_12pm","Description":"!!DB_194651_12pm","IsSystemLocked":false,"Name":"!!DB_194651_12pm","IsGuestPage":false,"ParameterJSON":null,"Personalization":null,"Url":"#/dash/Dashboard_12pmDescription/initial","path":"dash/Dashboard_12pmDescription/initial","WebPartPageKey":null,"IsEnabled":true,"RPKey":null,"Priority":25,"WebParts":[{"Id":500,"ChromeStyle":7,"Definition":{"WebPartDefinitionKey":"LM_MyCommunities","Title":"My Communities","Description":"Recent posts for the communities which the logged in user is a member, supported by an option to view all updates.","SubTitle":"Favorite discussion forums","WebPartIconName":null,"WidgetNotificationMode":1,"WidgetDeeplinkUrlText":"View All Communities","CategoryName":"Social","IsWebPartEnabled":true,"TypeName":"SumTotal.SPPortal.WebParts.Core.Social.MyCommunities.MyCommunities, SumTotal.SPPortal.WebParts, Version=1.0.0.0, Culture=neutral, PublicKeyToken=6b7f90fbd13cce01","WebPartServiceAgentInterfaceTypeName":"ILMWebPartContractAsync","WebPartDefinitionXml":null,"HideWebPartHeader":false,"HideWebPartFooter":true,"IsFreeFlowing":false,"PillarKey":"LM","ChromeStyle":7,"ParameterJSON":"{\"HeaderLinkIcon\": \"\", \"IsCustomEditor\": false, \"PreviewType\" : \"table\"}","TemplatePath":"app/modules/dashboard/views/webparts/widgetMyCommunities.html","IsSystemLocked":false,"Category":{"Id":11,"Name":"Social","CategoryKey":"WebPartDefinition_Social","Description":"Social","ParentId":1,"OrdinalPosition":null},"Id":5},"HeaderColor":"","IsHidden":false,"Layout":"{\"x\":0,\"y\":0,\"width\":25,\"height\":20}","OverrideTemplate":null,"ParameterJSON":"{\"HeaderLinkIcon\":\"\",\"IsCustomEditor\":false,\"PreviewType\":\"table\"}","SubTitle":"Favorite discussion forums","SupportsFullScreen":true,"Title":null}],"CanAddPage":false,"CanEditPage":false,"CanDeletePage":false,"CanPersonalizePage":true}],"IsSystemLocked":false,"IsEnabled":true,"RPKey":null,"CanViewDashboard":true,"CanAddDashboard":false,"CanEditDashboard":false,"CanDeleteDashboard":false,"CanPersonalizeDashboard":true},{"Id":38,"DefaultPage":{"Id":249,"title":"DB1_194688_3pm","Description":"DB1_194688_3pm","IsSystemLocked":false,"Name":"DB1_194688_3pm","IsGuestPage":false,"ParameterJSON":null,"Personalization":null,"Url":"#/dash/DB1_194688_3pm/initial","path":"dash/DB1_194688_3pm","WebPartPageKey":null,"IsEnabled":true,"RPKey":null,"Priority":27,"WebParts":[],"CanAddPage":false,"CanEditPage":false,"CanDeletePage":false,"CanPersonalizePage":false},"Description":"Test page description","Name":"DB1_194688_3pm","Url":"#/dash/DB1_194688_3pm","WebPartPageDefinitionKey":null,"WebPartPages":[{"Id":249,"title":"DB1_194688_3pm","Description":"DB1_194688_3pm","IsSystemLocked":false,"Name":"DB1_194688_3pm","IsGuestPage":false,"ParameterJSON":null,"Personalization":null,"Url":"#/dash/DB1_194688_3pm/initial","path":"dash/DB1_194688_3pm/initial","WebPartPageKey":null,"IsEnabled":true,"RPKey":null,"Priority":27,"WebParts":[],"CanAddPage":false,"CanEditPage":false,"CanDeletePage":false,"CanPersonalizePage":true},{"Id":250,"title":"DBPage1_194688_3pm","Description":"Test page description","IsSystemLocked":false,"Name":"DBPage1_194688_3pm","IsGuestPage":false,"ParameterJSON":null,"Personalization":null,"Url":"#/dash/DB1_194688_3pm/DBPage1_194688_3pm","path":"dash/DB1_194688_3pm/DBPage1_194688_3pm","WebPartPageKey":null,"IsEnabled":true,"RPKey":null,"Priority":28,"WebParts":[],"CanAddPage":false,"CanEditPage":false,"CanDeletePage":false,"CanPersonalizePage":true}],"IsSystemLocked":false,"IsEnabled":true,"RPKey":null,"CanViewDashboard":true,"CanAddDashboard":false,"CanEditDashboard":false,"CanDeleteDashboard":false,"CanPersonalizeDashboard":true},{"Id":39,"DefaultPage":{"Id":251,"title":"!!DB_224639_12pm","Description":"!!DB_224639_12pm","IsSystemLocked":false,"Name":"!!DB_224639_12pm","IsGuestPage":false,"ParameterJSON":null,"Personalization":null,"Url":"#/dash/224639Dashboard_12pmDescription/initial","path":"dash/224639Dashboard_12pmDescription","WebPartPageKey":null,"IsEnabled":true,"RPKey":null,"Priority":29,"WebParts":[],"CanAddPage":false,"CanEditPage":false,"CanDeletePage":false,"CanPersonalizePage":false},"Description":"224639Dashboard_12pmDescription","Name":"!!DB_224639_12pm","Url":"#/dash/224639Dashboard_12pmDescription","WebPartPageDefinitionKey":null,"WebPartPages":[{"Id":251,"title":"!!DB_224639_12pm","Description":"!!DB_224639_12pm","IsSystemLocked":false,"Name":"!!DB_224639_12pm","IsGuestPage":false,"ParameterJSON":null,"Personalization":null,"Url":"#/dash/224639Dashboard_12pmDescription/initial","path":"dash/224639Dashboard_12pmDescription/initial","WebPartPageKey":null,"IsEnabled":true,"RPKey":null,"Priority":29,"WebParts":[],"CanAddPage":false,"CanEditPage":false,"CanDeletePage":false,"CanPersonalizePage":true},{"Id":253,"title":"!!DBP_224639_12pm","Description":"Dashboardpage_12pmDescription","IsSystemLocked":false,"Name":"!!DBP_224639_12pm","IsGuestPage":false,"ParameterJSON":null,"Personalization":null,"Url":"#/dash/224639Dashboard_12pmDescription/Dashboardpage_12pmDescription","path":"dash/224639Dashboard_12pmDescription/Dashboardpage_12pmDescription","WebPartPageKey":null,"IsEnabled":true,"RPKey":null,"Priority":30,"WebParts":[],"CanAddPage":false,"CanEditPage":false,"CanDeletePage":false,"CanPersonalizePage":true}],"IsSystemLocked":false,"IsEnabled":true,"RPKey":null,"CanViewDashboard":true,"CanAddDashboard":false,"CanEditDashboard":false,"CanDeleteDashboard":false,"CanPersonalizeDashboard":true},{"Id":40,"DefaultPage":null,"Description":"This Dashboard is related to Sumtotal Dashboardpage","Name":"DB_194657_13pm","Url":"#/dash/DB_194657_13pm","WebPartPageDefinitionKey":null,"WebPartPages":[{"Id":254,"title":"DBP_194657_13pm","Description":"This Dashboard is related to Sumtotal Dashboardpage","IsSystemLocked":false,"Name":"DBP_194657_13pm","IsGuestPage":false,"ParameterJSON":null,"Personalization":null,"Url":"#/dash/DB_194657_13pm/DBP_194657_13pm","path":"dash/DB_194657_13pm/DBP_194657_13pm","WebPartPageKey":null,"IsEnabled":true,"RPKey":null,"Priority":31,"WebParts":[],"CanAddPage":false,"CanEditPage":false,"CanDeletePage":false,"CanPersonalizePage":true}],"IsSystemLocked":false,"IsEnabled":true,"RPKey":null,"CanViewDashboard":true,"CanAddDashboard":false,"CanEditDashboard":false,"CanDeleteDashboard":false,"CanPersonalizeDashboard":true},{"Id":41,"DefaultPage":{"Id":255,"title":"DB_195640_13pm","Description":"DB_195640_13pm","IsSystemLocked":false,"Name":"DB_195640_13pm","IsGuestPage":false,"ParameterJSON":null,"Personalization":null,"Url":"#/dash/DB_195640_13pm/initial","path":"dash/DB_195640_13pm","WebPartPageKey":null,"IsEnabled":true,"RPKey":null,"Priority":32,"WebParts":[],"CanAddPage":false,"CanEditPage":false,"CanDeletePage":false,"CanPersonalizePage":false},"Description":"This Dashboard is related to Sumtotal Dashboardpage","Name":"DB_195640_13pm","Url":"#/dash/DB_195640_13pm","WebPartPageDefinitionKey":null,"WebPartPages":[{"Id":255,"title":"DB_195640_13pm","Description":"DB_195640_13pm","IsSystemLocked":false,"Name":"DB_195640_13pm","IsGuestPage":false,"ParameterJSON":null,"Personalization":null,"Url":"#/dash/DB_195640_13pm/initial","path":"dash/DB_195640_13pm/initial","WebPartPageKey":null,"IsEnabled":true,"RPKey":null,"Priority":32,"WebParts":[],"CanAddPage":false,"CanEditPage":false,"CanDeletePage":false,"CanPersonalizePage":true},{"Id":256,"title":"DBP_195640_13pm","Description":"This Dashboard is related to Sumtotal Dashboardpage","IsSystemLocked":false,"Name":"DBP_195640_13pm","IsGuestPage":false,"ParameterJSON":null,"Personalization":null,"Url":"#/dash/DB_195640_13pm/DBP_195640_13pm","path":"dash/DB_195640_13pm/DBP_195640_13pm","WebPartPageKey":null,"IsEnabled":true,"RPKey":null,"Priority":33,"WebParts":[],"CanAddPage":false,"CanEditPage":false,"CanDeletePage":false,"CanPersonalizePage":true},{"Id":257,"title":"DBP11_195640_13pm","Description":"This Dashboard is related to Sumtotal Dashboardpage","IsSystemLocked":false,"Name":"DBP11_195640_13pm","IsGuestPage":false,"ParameterJSON":null,"Personalization":null,"Url":"#/dash/DB_195640_13pm/DBP11_195640_13pm","path":"dash/DB_195640_13pm/DBP11_195640_13pm","WebPartPageKey":null,"IsEnabled":true,"RPKey":null,"Priority":34,"WebParts":[],"CanAddPage":false,"CanEditPage":false,"CanDeletePage":false,"CanPersonalizePage":true}],"IsSystemLocked":false,"IsEnabled":true,"RPKey":null,"CanViewDashboard":true,"CanAddDashboard":false,"CanEditDashboard":false,"CanDeleteDashboard":false,"CanPersonalizeDashboard":true},{"Id":42,"DefaultPage":{"Id":258,"title":"DB_195648_12pm","Description":"DB_195648_12pm","IsSystemLocked":false,"Name":"DB_195648_12pm","IsGuestPage":false,"ParameterJSON":null,"Personalization":null,"Url":"#/dash/DB_195648_12pm/initial","path":"dash/DB_195648_12pm","WebPartPageKey":null,"IsEnabled":true,"RPKey":null,"Priority":35,"WebParts":[],"CanAddPage":false,"CanEditPage":false,"CanDeletePage":false,"CanPersonalizePage":false},"Description":"Verifying the copy of the dashboard page","Name":"DB_195648_12pm","Url":"#/dash/DB_195648_12pm","WebPartPageDefinitionKey":null,"WebPartPages":[{"Id":258,"title":"DB_195648_12pm","Description":"DB_195648_12pm","IsSystemLocked":false,"Name":"DB_195648_12pm","IsGuestPage":false,"ParameterJSON":null,"Personalization":null,"Url":"#/dash/DB_195648_12pm/initial","path":"dash/DB_195648_12pm/initial","WebPartPageKey":null,"IsEnabled":true,"RPKey":null,"Priority":35,"WebParts":[],"CanAddPage":false,"CanEditPage":false,"CanDeletePage":false,"CanPersonalizePage":true},{"Id":259,"title":"DBP_195648_12pm","Description":"Verifying the copy of the dashboard page","IsSystemLocked":false,"Name":"DBP_195648_12pm","IsGuestPage":false,"ParameterJSON":null,"Personalization":null,"Url":"#/dash/DB_195648_12pm/DBP_195648_12pm","path":"dash/DB_195648_12pm/DBP_195648_12pm","WebPartPageKey":null,"IsEnabled":true,"RPKey":null,"Priority":36,"WebParts":[],"CanAddPage":false,"CanEditPage":false,"CanDeletePage":false,"CanPersonalizePage":true},{"Id":260,"title":"DBP1_195648_12pm","Description":"Verifying the copy of the dashboard page","IsSystemLocked":false,"Name":"DBP1_195648_12pm","IsGuestPage":false,"ParameterJSON":null,"Personalization":null,"Url":"#/dash/DB_195648_12pm/DBP1_195648_12pm","path":"dash/DB_195648_12pm/DBP1_195648_12pm","WebPartPageKey":null,"IsEnabled":true,"RPKey":null,"Priority":37,"WebParts":[{"Id":508,"ChromeStyle":7,"Definition":{"WebPartDefinitionKey":"About_Me","Title":"About Me","Description":"Displays key profile information about the employee.","SubTitle":"Photo, email and employment information","WebPartIconName":null,"WidgetNotificationMode":0,"WidgetDeeplinkUrlText":"View my profile","CategoryName":"Common","IsWebPartEnabled":true,"TypeName":"SumTotal.SPPortal.WebParts.Core.MySelf.AboutMe.AboutMe, SumTotal.SPPortal.WebParts, Version=1.0.0.0, Culture=neutral, PublicKeyToken=6b7f90fbd13cce01","WebPartServiceAgentInterfaceTypeName":null,"WebPartDefinitionXml":null,"HideWebPartHeader":true,"HideWebPartFooter":true,"IsFreeFlowing":false,"PillarKey":null,"ChromeStyle":7,"ParameterJSON":"{\"HeaderLinkIcon\":\"\",\"IsCustomEditor\":false,\"PreviewType\":\"aboutme\"}","TemplatePath":"app/modules/dashboard/views/webparts/widgetAboutMe.html","IsSystemLocked":false,"Category":{"Id":5,"Name":"Common","CategoryKey":"WebPartDefinition_Common","Description":"Common","ParentId":1,"OrdinalPosition":null},"Id":43},"HeaderColor":"","IsHidden":false,"Layout":"{\"x\":0,\"y\":0,\"width\":25,\"height\":20}","OverrideTemplate":null,"ParameterJSON":"{\"HeaderLinkIcon\":\"\",\"IsCustomEditor\":false,\"PreviewType\":\"aboutme\"}","SubTitle":"Photo, email and employment information","SupportsFullScreen":true,"Title":null}],"CanAddPage":false,"CanEditPage":false,"CanDeletePage":false,"CanPersonalizePage":true}],"IsSystemLocked":false,"IsEnabled":true,"RPKey":null,"CanViewDashboard":true,"CanAddDashboard":false,"CanEditDashboard":false,"CanDeleteDashboard":false,"CanPersonalizeDashboard":true},{"Id":43,"DefaultPage":{"Id":261,"title":"DB_194664_12pm","Description":"DB_194664_12pm","IsSystemLocked":false,"Name":"DB_194664_12pm","IsGuestPage":false,"ParameterJSON":null,"Personalization":null,"Url":"#/dash/DB_194664_12pm/initial","path":"dash/DB_194664_12pm","WebPartPageKey":null,"IsEnabled":true,"RPKey":null,"Priority":38,"WebParts":[],"CanAddPage":false,"CanEditPage":false,"CanDeletePage":false,"CanPersonalizePage":false},"Description":"About DashBoard","Name":"DB_195644_12pm","Url":"#/dash/DB_194664_12pm","WebPartPageDefinitionKey":null,"WebPartPages":[{"Id":261,"title":"DB_194664_12pm","Description":"DB_194664_12pm","IsSystemLocked":false,"Name":"DB_194664_12pm","IsGuestPage":false,"ParameterJSON":null,"Personalization":null,"Url":"#/dash/DB_194664_12pm/initial","path":"dash/DB_194664_12pm/initial","WebPartPageKey":null,"IsEnabled":true,"RPKey":null,"Priority":38,"WebParts":[],"CanAddPage":false,"CanEditPage":false,"CanDeletePage":false,"CanPersonalizePage":true},{"Id":262,"title":"DBP_195645_12pm","Description":"About DashBoard","IsSystemLocked":false,"Name":"DBP_195645_12pm","IsGuestPage":false,"ParameterJSON":null,"Personalization":null,"Url":"#/dash/DB_194664_12pm/DBP_194665_12pm","path":"dash/DB_194664_12pm/DBP_194665_12pm","WebPartPageKey":null,"IsEnabled":true,"RPKey":null,"Priority":39,"WebParts":[],"CanAddPage":false,"CanEditPage":false,"CanDeletePage":false,"CanPersonalizePage":true}],"IsSystemLocked":false,"IsEnabled":true,"RPKey":null,"CanViewDashboard":true,"CanAddDashboard":false,"CanEditDashboard":false,"CanDeleteDashboard":false,"CanPersonalizeDashboard":true},{"Id":44,"DefaultPage":{"Id":263,"title":"DB_194688_12pm","Description":"DB_194688_12pm","IsSystemLocked":false,"Name":"DB_194688_12pm","IsGuestPage":false,"ParameterJSON":null,"Personalization":null,"Url":"#/dash/DB_194688_12pm/initial","path":"dash/DB_194688_12pm","WebPartPageKey":null,"IsEnabled":true,"RPKey":null,"Priority":40,"WebParts":[],"CanAddPage":false,"CanEditPage":false,"CanDeletePage":false,"CanPersonalizePage":false},"Description":"Test page description","Name":"DB_194688_12pm","Url":"#/dash/DB_194688_12pm","WebPartPageDefinitionKey":null,"WebPartPages":[{"Id":263,"title":"DB_194688_12pm","Description":"DB_194688_12pm","IsSystemLocked":false,"Name":"DB_194688_12pm","IsGuestPage":false,"ParameterJSON":null,"Personalization":null,"Url":"#/dash/DB_194688_12pm/initial","path":"dash/DB_194688_12pm/initial","WebPartPageKey":null,"IsEnabled":true,"RPKey":null,"Priority":40,"WebParts":[],"CanAddPage":false,"CanEditPage":false,"CanDeletePage":false,"CanPersonalizePage":true},{"Id":264,"title":"DBPage_194688_12pm","Description":"Test page description","IsSystemLocked":false,"Name":"DBPage_194688_12pm","IsGuestPage":false,"ParameterJSON":null,"Personalization":null,"Url":"#/dash/DB_194688_12pm/DBPage_194688_12pm","path":"dash/DB_194688_12pm/DBPage_194688_12pm","WebPartPageKey":null,"IsEnabled":true,"RPKey":null,"Priority":41,"WebParts":[],"CanAddPage":false,"CanEditPage":false,"CanDeletePage":false,"CanPersonalizePage":true}],"IsSystemLocked":false,"IsEnabled":true,"RPKey":null,"CanViewDashboard":true,"CanAddDashboard":false,"CanEditDashboard":false,"CanDeleteDashboard":false,"CanPersonalizeDashboard":true},{"Id":45,"DefaultPage":{"Id":265,"title":"DB_194700_12pm","Description":"DB_194700_12pm","IsSystemLocked":false,"Name":"DB_194700_12pm","IsGuestPage":false,"ParameterJSON":null,"Personalization":null,"Url":"#/dash/DB_194700_12pm/initial","path":"dash/DB_194700_12pm","WebPartPageKey":null,"IsEnabled":true,"RPKey":null,"Priority":42,"WebParts":[],"CanAddPage":false,"CanEditPage":false,"CanDeletePage":false,"CanPersonalizePage":false},"Description":"Verifying the copy of the dashboard page","Name":"DB_194700_12pm","Url":"#/dash/DB_194700_12pm","WebPartPageDefinitionKey":null,"WebPartPages":[{"Id":265,"title":"DB_194700_12pm","Description":"DB_194700_12pm","IsSystemLocked":false,"Name":"DB_194700_12pm","IsGuestPage":false,"ParameterJSON":null,"Personalization":null,"Url":"#/dash/DB_194700_12pm/initial","path":"dash/DB_194700_12pm/initial","WebPartPageKey":null,"IsEnabled":true,"RPKey":null,"Priority":42,"WebParts":[],"CanAddPage":false,"CanEditPage":false,"CanDeletePage":false,"CanPersonalizePage":true}],"IsSystemLocked":false,"IsEnabled":true,"RPKey":null,"CanViewDashboard":true,"CanAddDashboard":false,"CanEditDashboard":false,"CanDeleteDashboard":false,"CanPersonalizeDashboard":true},{"Id":46,"DefaultPage":{"Id":266,"title":"DB1_194688_12pm","Description":"DB1_194688_12pm","IsSystemLocked":false,"Name":"DB1_194688_12pm","IsGuestPage":false,"ParameterJSON":null,"Personalization":null,"Url":"#/dash/DB1_194688_12pm/initial","path":"dash/DB1_194688_12pm","WebPartPageKey":null,"IsEnabled":true,"RPKey":null,"Priority":43,"WebParts":[],"CanAddPage":false,"CanEditPage":false,"CanDeletePage":false,"CanPersonalizePage":false},"Description":"Test page description","Name":"DB1_194688_12pm","Url":"#/dash/DB1_194688_12pm","WebPartPageDefinitionKey":null,"WebPartPages":[{"Id":266,"title":"DB1_194688_12pm","Description":"DB1_194688_12pm","IsSystemLocked":false,"Name":"DB1_194688_12pm","IsGuestPage":false,"ParameterJSON":null,"Personalization":null,"Url":"#/dash/DB1_194688_12pm/initial","path":"dash/DB1_194688_12pm/initial","WebPartPageKey":null,"IsEnabled":true,"RPKey":null,"Priority":43,"WebParts":[],"CanAddPage":false,"CanEditPage":false,"CanDeletePage":false,"CanPersonalizePage":true},{"Id":269,"title":"DBPage1_194688_12pm","Description":"Test page description","IsSystemLocked":false,"Name":"DBPage1_194688_12pm","IsGuestPage":false,"ParameterJSON":null,"Personalization":null,"Url":"#/dash/DB1_194688_12pm/DBPage1_194688_12pm","path":"dash/DB1_194688_12pm/DBPage1_194688_12pm","WebPartPageKey":null,"IsEnabled":true,"RPKey":null,"Priority":45,"WebParts":[],"CanAddPage":false,"CanEditPage":false,"CanDeletePage":false,"CanPersonalizePage":true}],"IsSystemLocked":false,"IsEnabled":true,"RPKey":null,"CanViewDashboard":true,"CanAddDashboard":false,"CanEditDashboard":false,"CanDeleteDashboard":false,"CanPersonalizeDashboard":true},{"Id":47,"DefaultPage":null,"Description":"This Dashboard is related to Sumtotal Dashboardpage","Name":"DB_194657_12pm","Url":"#/dash/DB_194657_12pm","WebPartPageDefinitionKey":null,"WebPartPages":[{"Id":270,"title":"DBP_194657_12pm","Description":"This Dashboard is related to Sumtotal Dashboardpage","IsSystemLocked":false,"Name":"DBP_194657_12pm","IsGuestPage":false,"ParameterJSON":null,"Personalization":null,"Url":"#/dash/DB_194657_12pm/DBP_194657_12pm","path":"dash/DB_194657_12pm/DBP_194657_12pm","WebPartPageKey":null,"IsEnabled":true,"RPKey":null,"Priority":46,"WebParts":[],"CanAddPage":false,"CanEditPage":false,"CanDeletePage":false,"CanPersonalizePage":true}],"IsSystemLocked":false,"IsEnabled":true,"RPKey":null,"CanViewDashboard":true,"CanAddDashboard":false,"CanEditDashboard":false,"CanDeleteDashboard":false,"CanPersonalizeDashboard":true},{"Id":48,"DefaultPage":{"Id":271,"title":"DB_194702_12pm","Description":"DB_194702_12pm","IsSystemLocked":false,"Name":"DB_194702_12pm","IsGuestPage":false,"ParameterJSON":null,"Personalization":null,"Url":"#/dash/DB_194702_12pm/initial","path":"dash/DB_194702_12pm","WebPartPageKey":null,"IsEnabled":true,"RPKey":null,"Priority":48,"WebParts":[{"Id":509,"ChromeStyle":7,"Definition":{"WebPartDefinitionKey":"About_Me","Title":"About Me","Description":"Displays key profile information about the employee.","SubTitle":"Photo, email and employment information","WebPartIconName":null,"WidgetNotificationMode":0,"WidgetDeeplinkUrlText":"View my profile","CategoryName":"Common","IsWebPartEnabled":true,"TypeName":"SumTotal.SPPortal.WebParts.Core.MySelf.AboutMe.AboutMe, SumTotal.SPPortal.WebParts, Version=1.0.0.0, Culture=neutral, PublicKeyToken=6b7f90fbd13cce01","WebPartServiceAgentInterfaceTypeName":null,"WebPartDefinitionXml":null,"HideWebPartHeader":true,"HideWebPartFooter":true,"IsFreeFlowing":false,"PillarKey":null,"ChromeStyle":7,"ParameterJSON":"{\"HeaderLinkIcon\":\"\",\"IsCustomEditor\":false,\"PreviewType\":\"aboutme\"}","TemplatePath":"app/modules/dashboard/views/webparts/widgetAboutMe.html","IsSystemLocked":false,"Category":{"Id":5,"Name":"Common","CategoryKey":"WebPartDefinition_Common","Description":"Common","ParentId":1,"OrdinalPosition":null},"Id":43},"HeaderColor":"","IsHidden":false,"Layout":"{\"x\":0,\"y\":0,\"width\":25,\"height\":20}","OverrideTemplate":null,"ParameterJSON":"{\"HeaderLinkIcon\":\"\",\"IsCustomEditor\":false,\"PreviewType\":\"aboutme\"}","SubTitle":"Photo, email and employment information","SupportsFullScreen":true,"Title":null}],"CanAddPage":false,"CanEditPage":false,"CanDeletePage":false,"CanPersonalizePage":false},"Description":"Verifying the copy of the dashboard page","Name":"DB_194702_12pm","Url":"#/dash/DB_194702_12pm","WebPartPageDefinitionKey":null,"WebPartPages":[{"Id":271,"title":"DB_194702_12pm","Description":"DB_194702_12pm","IsSystemLocked":false,"Name":"DB_194702_12pm","IsGuestPage":false,"ParameterJSON":null,"Personalization":null,"Url":"#/dash/DB_194702_12pm/initial","path":"dash/DB_194702_12pm/initial","WebPartPageKey":null,"IsEnabled":true,"RPKey":null,"Priority":48,"WebParts":[{"Id":509,"ChromeStyle":7,"Definition":{"WebPartDefinitionKey":"About_Me","Title":"About Me","Description":"Displays key profile information about the employee.","SubTitle":"Photo, email and employment information","WebPartIconName":null,"WidgetNotificationMode":0,"WidgetDeeplinkUrlText":"View my profile","CategoryName":"Common","IsWebPartEnabled":true,"TypeName":"SumTotal.SPPortal.WebParts.Core.MySelf.AboutMe.AboutMe, SumTotal.SPPortal.WebParts, Version=1.0.0.0, Culture=neutral, PublicKeyToken=6b7f90fbd13cce01","WebPartServiceAgentInterfaceTypeName":null,"WebPartDefinitionXml":null,"HideWebPartHeader":true,"HideWebPartFooter":true,"IsFreeFlowing":false,"PillarKey":null,"ChromeStyle":7,"ParameterJSON":"{\"HeaderLinkIcon\":\"\",\"IsCustomEditor\":false,\"PreviewType\":\"aboutme\"}","TemplatePath":"app/modules/dashboard/views/webparts/widgetAboutMe.html","IsSystemLocked":false,"Category":{"Id":5,"Name":"Common","CategoryKey":"WebPartDefinition_Common","Description":"Common","ParentId":1,"OrdinalPosition":null},"Id":43},"HeaderColor":"","IsHidden":false,"Layout":"{\"x\":0,\"y\":0,\"width\":25,\"height\":20}","OverrideTemplate":null,"ParameterJSON":"{\"HeaderLinkIcon\":\"\",\"IsCustomEditor\":false,\"PreviewType\":\"aboutme\"}","SubTitle":"Photo, email and employment information","SupportsFullScreen":true,"Title":null}],"CanAddPage":false,"CanEditPage":false,"CanDeletePage":false,"CanPersonalizePage":true}],"IsSystemLocked":false,"IsEnabled":true,"RPKey":null,"CanViewDashboard":true,"CanAddDashboard":false,"CanEditDashboard":false,"CanDeleteDashboard":false,"CanPersonalizeDashboard":true},{"Id":49,"DefaultPage":{"Id":272,"title":"DB_224637_12pm","Description":"DB_224637_12pm","IsSystemLocked":false,"Name":"DB_224637_12pm","IsGuestPage":false,"ParameterJSON":null,"Personalization":null,"Url":"#/dash/224637_DB_12pm/initial","path":"dash/224637_DB_12pm","WebPartPageKey":null,"IsEnabled":true,"RPKey":null,"Priority":49,"WebParts":[],"CanAddPage":false,"CanEditPage":false,"CanDeletePage":false,"CanPersonalizePage":false},"Description":"194704Description","Name":"DB_224637_12pm","Url":"#/dash/224637_DB_12pm","WebPartPageDefinitionKey":null,"WebPartPages":[{"Id":272,"title":"DB_224637_12pm","Description":"DB_224637_12pm","IsSystemLocked":false,"Name":"DB_224637_12pm","IsGuestPage":false,"ParameterJSON":null,"Personalization":null,"Url":"#/dash/224637_DB_12pm/initial","path":"dash/224637_DB_12pm/initial","WebPartPageKey":null,"IsEnabled":true,"RPKey":null,"Priority":49,"WebParts":[],"CanAddPage":false,"CanEditPage":false,"CanDeletePage":false,"CanPersonalizePage":true}],"IsSystemLocked":false,"IsEnabled":true,"RPKey":null,"CanViewDashboard":true,"CanAddDashboard":false,"CanEditDashboard":false,"CanDeleteDashboard":false,"CanPersonalizeDashboard":true},{"Id":50,"DefaultPage":{"Id":273,"title":"DB_195647_12pm","Description":"DB_195647_12pm","IsSystemLocked":false,"Name":"DB_195647_12pm","IsGuestPage":false,"ParameterJSON":null,"Personalization":null,"Url":"#/dash/DB_195647_12pm/initial","path":"dash/DB_195647_12pm","WebPartPageKey":null,"IsEnabled":true,"RPKey":null,"Priority":50,"WebParts":[],"CanAddPage":false,"CanEditPage":false,"CanDeletePage":false,"CanPersonalizePage":false},"Description":"DashBoard","Name":"DB_195647_12pm","Url":"#/dash/DB_195647_12pm","WebPartPageDefinitionKey":null,"WebPartPages":[{"Id":273,"title":"DB_195647_12pm","Description":"DB_195647_12pm","IsSystemLocked":false,"Name":"DB_195647_12pm","IsGuestPage":false,"ParameterJSON":null,"Personalization":null,"Url":"#/dash/DB_195647_12pm/initial","path":"dash/DB_195647_12pm/initial","WebPartPageKey":null,"IsEnabled":true,"RPKey":null,"Priority":50,"WebParts":[],"CanAddPage":false,"CanEditPage":false,"CanDeletePage":false,"CanPersonalizePage":true}],"IsSystemLocked":false,"IsEnabled":true,"RPKey":null,"CanViewDashboard":true,"CanAddDashboard":false,"CanEditDashboard":false,"CanDeleteDashboard":false,"CanPersonalizeDashboard":true},{"Id":51,"DefaultPage":{"Id":274,"title":"DB_240567_12pm","Description":"DB_240567_12pm","IsSystemLocked":false,"Name":"DB_240567_12pm","IsGuestPage":false,"ParameterJSON":null,"Personalization":null,"Url":"#/dash/240567_DB_12pm/initial","path":"dash/240567_DB_12pm","WebPartPageKey":null,"IsEnabled":true,"RPKey":null,"Priority":51,"WebParts":[],"CanAddPage":false,"CanEditPage":false,"CanDeletePage":false,"CanPersonalizePage":false},"Description":"194704Description","Name":"DB_240567_12pm","Url":"#/dash/240567_DB_12pm","WebPartPageDefinitionKey":null,"WebPartPages":[{"Id":274,"title":"DB_240567_12pm","Description":"DB_240567_12pm","IsSystemLocked":false,"Name":"DB_240567_12pm","IsGuestPage":false,"ParameterJSON":null,"Personalization":null,"Url":"#/dash/240567_DB_12pm/initial","path":"dash/240567_DB_12pm/initial","WebPartPageKey":null,"IsEnabled":true,"RPKey":null,"Priority":51,"WebParts":[],"CanAddPage":false,"CanEditPage":false,"CanDeletePage":false,"CanPersonalizePage":true}],"IsSystemLocked":false,"IsEnabled":true,"RPKey":null,"CanViewDashboard":true,"CanAddDashboard":false,"CanEditDashboard":false,"CanDeleteDashboard":false,"CanPersonalizeDashboard":true},{"Id":52,"DefaultPage":null,"Description":"This Dashboard is related to Sumtotal Dashboardpage","Name":"DB_195640_12pm","Url":"#/dash/DB_195640_12pm","WebPartPageDefinitionKey":null,"WebPartPages":[{"Id":276,"title":"DBP_195640_12pm","Description":"This Dashboard is related to Sumtotal Dashboardpage","IsSystemLocked":false,"Name":"DBP_195640_12pm","IsGuestPage":false,"ParameterJSON":null,"Personalization":null,"Url":"#/dash/DB_195640_12pm/DBP_195640_12pm","path":"dash/DB_195640_12pm/DBP_195640_12pm","WebPartPageKey":null,"IsEnabled":true,"RPKey":null,"Priority":52,"WebParts":[],"CanAddPage":false,"CanEditPage":false,"CanDeletePage":false,"CanPersonalizePage":true},{"Id":277,"title":"DBP11_195640_12pm","Description":"This Dashboard is related to Sumtotal Dashboardpage","IsSystemLocked":false,"Name":"DBP11_195640_12pm","IsGuestPage":false,"ParameterJSON":null,"Personalization":null,"Url":"#/dash/DB_195640_12pm/DBP11_195640_12pm","path":"dash/DB_195640_12pm/DBP11_195640_12pm","WebPartPageKey":null,"IsEnabled":true,"RPKey":null,"Priority":53,"WebParts":[],"CanAddPage":false,"CanEditPage":false,"CanDeletePage":false,"CanPersonalizePage":true}],"IsSystemLocked":false,"IsEnabled":true,"RPKey":null,"CanViewDashboard":true,"CanAddDashboard":false,"CanEditDashboard":false,"CanDeleteDashboard":false,"CanPersonalizeDashboard":true},{"Id":53,"DefaultPage":{"Id":278,"title":"DB_224638_12pm","Description":"DB_224638_12pm","IsSystemLocked":false,"Name":"DB_224638_12pm","IsGuestPage":false,"ParameterJSON":null,"Personalization":null,"Url":"#/dash/DB_224638_12pm/initial","path":"dash/DB_224638_12pm","WebPartPageKey":null,"IsEnabled":true,"RPKey":null,"Priority":54,"WebParts":[],"CanAddPage":false,"CanEditPage":false,"CanDeletePage":false,"CanPersonalizePage":false},"Description":"Verifying the copy of the dashboard page","Name":"DB_224638_12pm","Url":"#/dash/DB_224638_12pm","WebPartPageDefinitionKey":null,"WebPartPages":[{"Id":278,"title":"DB_224638_12pm","Description":"DB_224638_12pm","IsSystemLocked":false,"Name":"DB_224638_12pm","IsGuestPage":false,"ParameterJSON":null,"Personalization":null,"Url":"#/dash/DB_224638_12pm/initial","path":"dash/DB_224638_12pm/initial","WebPartPageKey":null,"IsEnabled":true,"RPKey":null,"Priority":54,"WebParts":[],"CanAddPage":false,"CanEditPage":false,"CanDeletePage":false,"CanPersonalizePage":true},{"Id":280,"title":"DBP_224638_12pm","Description":"Verifying the copy of the dashboard page","IsSystemLocked":false,"Name":"DBP_224638_12pm","IsGuestPage":false,"ParameterJSON":null,"Personalization":null,"Url":"#/dash/DB_224638_12pm/DBP_224638_12pm","path":"dash/DB_224638_12pm/DBP_224638_12pm","WebPartPageKey":null,"IsEnabled":true,"RPKey":null,"Priority":56,"WebParts":[],"CanAddPage":false,"CanEditPage":false,"CanDeletePage":false,"CanPersonalizePage":true}],"IsSystemLocked":false,"IsEnabled":true,"RPKey":null,"CanViewDashboard":true,"CanAddDashboard":false,"CanEditDashboard":false,"CanDeleteDashboard":false,"CanPersonalizeDashboard":true},{"Id":54,"DefaultPage":{"Id":279,"title":"!!DB1_194703_12pm12","Description":"!!DB1_194703_12pm12","IsSystemLocked":false,"Name":"!!DB1_194703_12pm12","IsGuestPage":false,"ParameterJSON":null,"Personalization":null,"Url":"#/dash/194703Description12/initial","path":"dash/194703Description12","WebPartPageKey":null,"IsEnabled":true,"RPKey":null,"Priority":55,"WebParts":[],"CanAddPage":false,"CanEditPage":false,"CanDeletePage":false,"CanPersonalizePage":false},"Description":"194703Description","Name":"!!DB1_194703_12pm12","Url":"#/dash/194703Description12","WebPartPageDefinitionKey":null,"WebPartPages":[{"Id":279,"title":"!!DB1_194703_12pm12","Description":"!!DB1_194703_12pm12","IsSystemLocked":false,"Name":"!!DB1_194703_12pm12","IsGuestPage":false,"ParameterJSON":null,"Personalization":null,"Url":"#/dash/194703Description12/initial","path":"dash/194703Description12/initial","WebPartPageKey":null,"IsEnabled":true,"RPKey":null,"Priority":55,"WebParts":[],"CanAddPage":false,"CanEditPage":false,"CanDeletePage":false,"CanPersonalizePage":true}],"IsSystemLocked":false,"IsEnabled":true,"RPKey":null,"CanViewDashboard":true,"CanAddDashboard":false,"CanEditDashboard":false,"CanDeleteDashboard":false,"CanPersonalizeDashboard":true},{"Id":55,"DefaultPage":{"Id":281,"title":"DB_240568_12pm","Description":"DB_240568_12pm","IsSystemLocked":false,"Name":"DB_240568_12pm","IsGuestPage":false,"ParameterJSON":null,"Personalization":null,"Url":"#/dash/DB_240568_12pm/initial","path":"dash/DB_240568_12pm","WebPartPageKey":null,"IsEnabled":true,"RPKey":null,"Priority":57,"WebParts":[],"CanAddPage":false,"CanEditPage":false,"CanDeletePage":false,"CanPersonalizePage":false},"Description":"Verifying the copy of the dashboard page","Name":"DB_240568_12pm","Url":"#/dash/DB_240568_12pm","WebPartPageDefinitionKey":null,"WebPartPages":[{"Id":281,"title":"DB_240568_12pm","Description":"DB_240568_12pm","IsSystemLocked":false,"Name":"DB_240568_12pm","IsGuestPage":false,"ParameterJSON":null,"Personalization":null,"Url":"#/dash/DB_240568_12pm/initial","path":"dash/DB_240568_12pm/initial","WebPartPageKey":null,"IsEnabled":true,"RPKey":null,"Priority":57,"WebParts":[],"CanAddPage":false,"CanEditPage":false,"CanDeletePage":false,"CanPersonalizePage":true},{"Id":282,"title":"DBP_240568_12pm","Description":"Verifying the copy of the dashboard page","IsSystemLocked":false,"Name":"DBP_240568_12pm","IsGuestPage":false,"ParameterJSON":null,"Personalization":null,"Url":"#/dash/DB_240568_12pm/DBP_240568_12pm","path":"dash/DB_240568_12pm/DBP_240568_12pm","WebPartPageKey":null,"IsEnabled":true,"RPKey":null,"Priority":58,"WebParts":[],"CanAddPage":false,"CanEditPage":false,"CanDeletePage":false,"CanPersonalizePage":true}],"IsSystemLocked":false,"IsEnabled":true,"RPKey":null,"CanViewDashboard":true,"CanAddDashboard":false,"CanEditDashboard":false,"CanDeleteDashboard":false,"CanPersonalizeDashboard":true},{"Id":56,"DefaultPage":{"Id":283,"title":"DB_224642_12pm","Description":"DB_224642_12pm","IsSystemLocked":false,"Name":"DB_224642_12pm","IsGuestPage":false,"ParameterJSON":null,"Personalization":null,"Url":"#/dash/DB_224642_12pm/initial","path":"dash/DB_224642_12pm","WebPartPageKey":null,"IsEnabled":true,"RPKey":null,"Priority":60,"WebParts":[],"CanAddPage":false,"CanEditPage":false,"CanDeletePage":false,"CanPersonalizePage":false},"Description":"DashBoard","Name":"DB_224642_12pm","Url":"#/dash/DB_224642_12pm","WebPartPageDefinitionKey":null,"WebPartPages":[{"Id":283,"title":"DB_224642_12pm","Description":"DB_224642_12pm","IsSystemLocked":false,"Name":"DB_224642_12pm","IsGuestPage":false,"ParameterJSON":null,"Personalization":null,"Url":"#/dash/DB_224642_12pm/initial","path":"dash/DB_224642_12pm/initial","WebPartPageKey":null,"IsEnabled":true,"RPKey":null,"Priority":60,"WebParts":[],"CanAddPage":false,"CanEditPage":false,"CanDeletePage":false,"CanPersonalizePage":true},{"Id":284,"title":"DB_224641_12pm","Description":"DashBoard1","IsSystemLocked":false,"Name":"DB_224641_12pm","IsGuestPage":false,"ParameterJSON":null,"Personalization":null,"Url":"#/dash/DB_224642_12pm/DB_224641_12pm","path":"dash/DB_224642_12pm/DB_224641_12pm","WebPartPageKey":null,"IsEnabled":true,"RPKey":null,"Priority":61,"WebParts":[],"CanAddPage":false,"CanEditPage":false,"CanDeletePage":false,"CanPersonalizePage":true}],"IsSystemLocked":false,"IsEnabled":true,"RPKey":null,"CanViewDashboard":true,"CanAddDashboard":false,"CanEditDashboard":false,"CanDeleteDashboard":false,"CanPersonalizeDashboard":true},{"Id":57,"DefaultPage":{"Id":285,"title":"DB_9122_12pm","Description":"DB_9122_12pm","IsSystemLocked":false,"Name":"DB_9122_12pm","IsGuestPage":false,"ParameterJSON":null,"Personalization":null,"Url":"#/dash/DB_9122_12pm/initial","path":"dash/DB_9122_12pm","WebPartPageKey":null,"IsEnabled":true,"RPKey":null,"Priority":62,"WebParts":[],"CanAddPage":false,"CanEditPage":false,"CanDeletePage":false,"CanPersonalizePage":false},"Description":"DB_9122_12pm","Name":"DB_9122_12pm","Url":"#/dash/DB_9122_12pm","WebPartPageDefinitionKey":null,"WebPartPages":[{"Id":285,"title":"DB_9122_12pm","Description":"DB_9122_12pm","IsSystemLocked":false,"Name":"DB_9122_12pm","IsGuestPage":false,"ParameterJSON":null,"Personalization":null,"Url":"#/dash/DB_9122_12pm/initial","path":"dash/DB_9122_12pm/initial","WebPartPageKey":null,"IsEnabled":true,"RPKey":null,"Priority":62,"WebParts":[],"CanAddPage":false,"CanEditPage":false,"CanDeletePage":false,"CanPersonalizePage":true}],"IsSystemLocked":false,"IsEnabled":true,"RPKey":null,"CanViewDashboard":true,"CanAddDashboard":false,"CanEditDashboard":false,"CanDeleteDashboard":false,"CanPersonalizeDashboard":true},{"Id":58,"DefaultPage":{"Id":286,"title":"UserDB_9122_12pm","Description":"UserDB_9122_12pm","IsSystemLocked":false,"Name":"UserDB_9122_12pm","IsGuestPage":false,"ParameterJSON":null,"Personalization":null,"Url":"#/dash/UserDB_9122_12pm/initial","path":"dash/UserDB_9122_12pm","WebPartPageKey":null,"IsEnabled":true,"RPKey":null,"Priority":63,"WebParts":[],"CanAddPage":false,"CanEditPage":false,"CanDeletePage":false,"CanPersonalizePage":false},"Description":"UserDB_9122_12pm","Name":"UserDB_9122_12pm","Url":"#/dash/UserDB_9122_12pm","WebPartPageDefinitionKey":null,"WebPartPages":[{"Id":286,"title":"UserDB_9122_12pm","Description":"UserDB_9122_12pm","IsSystemLocked":false,"Name":"UserDB_9122_12pm","IsGuestPage":false,"ParameterJSON":null,"Personalization":null,"Url":"#/dash/UserDB_9122_12pm/initial","path":"dash/UserDB_9122_12pm/initial","WebPartPageKey":null,"IsEnabled":true,"RPKey":null,"Priority":63,"WebParts":[],"CanAddPage":false,"CanEditPage":false,"CanDeletePage":false,"CanPersonalizePage":true}],"IsSystemLocked":false,"IsEnabled":true,"RPKey":null,"CanViewDashboard":true,"CanAddDashboard":false,"CanEditDashboard":false,"CanDeleteDashboard":false,"CanPersonalizeDashboard":true},{"Id":59,"DefaultPage":{"Id":288,"title":"Test123","Description":"Test123","IsSystemLocked":false,"Name":"Test123","IsGuestPage":false,"ParameterJSON":null,"Personalization":null,"Url":"#/dash/Test123/initial","path":"dash/Test123","WebPartPageKey":null,"IsEnabled":true,"RPKey":null,"Priority":65,"WebParts":[],"CanAddPage":false,"CanEditPage":false,"CanDeletePage":false,"CanPersonalizePage":false},"Description":"Test123","Name":"Test123","Url":"#/dash/Test123","WebPartPageDefinitionKey":null,"WebPartPages":[{"Id":288,"title":"Test123","Description":"Test123","IsSystemLocked":false,"Name":"Test123","IsGuestPage":false,"ParameterJSON":null,"Personalization":null,"Url":"#/dash/Test123/initial","path":"dash/Test123/initial","WebPartPageKey":null,"IsEnabled":true,"RPKey":null,"Priority":65,"WebParts":[],"CanAddPage":false,"CanEditPage":false,"CanDeletePage":false,"CanPersonalizePage":true}],"IsSystemLocked":false,"IsEnabled":true,"RPKey":null,"CanViewDashboard":true,"CanAddDashboard":false,"CanEditDashboard":false,"CanDeleteDashboard":false,"CanPersonalizeDashboard":true},{"Id":60,"DefaultPage":{"Id":289,"title":"DB_194693_12pm","Description":"DB_194693_12pm","IsSystemLocked":false,"Name":"DB_194693_12pm","IsGuestPage":false,"ParameterJSON":null,"Personalization":null,"Url":"#/dash/DB_194693_12pm/initial","path":"dash/DB_194693_12pm","WebPartPageKey":null,"IsEnabled":true,"RPKey":null,"Priority":66,"WebParts":[],"CanAddPage":false,"CanEditPage":false,"CanDeletePage":false,"CanPersonalizePage":false},"Description":"Verifying the copy of the dashboard page","Name":"DB_194693_12pm","Url":"#/dash/DB_194693_12pm","WebPartPageDefinitionKey":null,"WebPartPages":[{"Id":289,"title":"DB_194693_12pm","Description":"DB_194693_12pm","IsSystemLocked":false,"Name":"DB_194693_12pm","IsGuestPage":false,"ParameterJSON":null,"Personalization":null,"Url":"#/dash/DB_194693_12pm/initial","path":"dash/DB_194693_12pm/initial","WebPartPageKey":null,"IsEnabled":true,"RPKey":null,"Priority":66,"WebParts":[],"CanAddPage":false,"CanEditPage":false,"CanDeletePage":false,"CanPersonalizePage":true},{"Id":290,"title":"DBP_194693_12pm","Description":"Verifying the copy of the dashboard page","IsSystemLocked":false,"Name":"DBP_194693_12pm","IsGuestPage":false,"ParameterJSON":null,"Personalization":null,"Url":"#/dash/DB_194693_12pm/DBP_194693_12pm","path":"dash/DB_194693_12pm/DBP_194693_12pm","WebPartPageKey":null,"IsEnabled":true,"RPKey":null,"Priority":67,"WebParts":[],"CanAddPage":false,"CanEditPage":false,"CanDeletePage":false,"CanPersonalizePage":true},{"Id":291,"title":"CDB_194693_12pm","Description":"Verifying the copy of the dashboard page","IsSystemLocked":false,"Name":"CDB_194693_12pm","IsGuestPage":false,"ParameterJSON":null,"Personalization":null,"Url":"#/dash/DB_194693_12pm/CDB_194693_12pm","path":"dash/DB_194693_12pm/CDB_194693_12pm","WebPartPageKey":null,"IsEnabled":true,"RPKey":null,"Priority":68,"WebParts":[],"CanAddPage":false,"CanEditPage":false,"CanDeletePage":false,"CanPersonalizePage":true}],"IsSystemLocked":false,"IsEnabled":true,"RPKey":null,"CanViewDashboard":true,"CanAddDashboard":false,"CanEditDashboard":false,"CanDeleteDashboard":false,"CanPersonalizeDashboard":true},{"Id":61,"DefaultPage":{"Id":292,"title":"DB_194708_12pm","Description":"DB_194708_12pm","IsSystemLocked":false,"Name":"DB_194708_12pm","IsGuestPage":false,"ParameterJSON":null,"Personalization":null,"Url":"#/dash/DB_194708_12pm/initial","path":"dash/DB_194708_12pm","WebPartPageKey":null,"IsEnabled":true,"RPKey":null,"Priority":69,"WebParts":[],"CanAddPage":false,"CanEditPage":false,"CanDeletePage":false,"CanPersonalizePage":false},"Description":"Verifying the copy of the dashboard page","Name":"DB_194708_12pm","Url":"#/dash/DB_194708_12pm","WebPartPageDefinitionKey":null,"WebPartPages":[{"Id":292,"title":"DB_194708_12pm","Description":"DB_194708_12pm","IsSystemLocked":false,"Name":"DB_194708_12pm","IsGuestPage":false,"ParameterJSON":null,"Personalization":null,"Url":"#/dash/DB_194708_12pm/initial","path":"dash/DB_194708_12pm/initial","WebPartPageKey":null,"IsEnabled":true,"RPKey":null,"Priority":69,"WebParts":[],"CanAddPage":false,"CanEditPage":false,"CanDeletePage":false,"CanPersonalizePage":true},{"Id":293,"title":"DBP_194708_12pm","Description":"Verifying the copy of the dashboard page","IsSystemLocked":false,"Name":"DBP_194708_12pm","IsGuestPage":false,"ParameterJSON":null,"Personalization":null,"Url":"#/dash/DB_194708_12pm/DBP_194708_12pm","path":"dash/DB_194708_12pm/DBP_194708_12pm","WebPartPageKey":null,"IsEnabled":true,"RPKey":null,"Priority":70,"WebParts":[{"Id":517,"ChromeStyle":7,"Definition":{"WebPartDefinitionKey":"About_Me","Title":"About Me","Description":"Displays key profile information about the employee.","SubTitle":"Photo, email and employment information","WebPartIconName":null,"WidgetNotificationMode":0,"WidgetDeeplinkUrlText":"View my profile","CategoryName":"Common","IsWebPartEnabled":true,"TypeName":"SumTotal.SPPortal.WebParts.Core.MySelf.AboutMe.AboutMe, SumTotal.SPPortal.WebParts, Version=1.0.0.0, Culture=neutral, PublicKeyToken=6b7f90fbd13cce01","WebPartServiceAgentInterfaceTypeName":null,"WebPartDefinitionXml":null,"HideWebPartHeader":true,"HideWebPartFooter":true,"IsFreeFlowing":false,"PillarKey":null,"ChromeStyle":7,"ParameterJSON":"{\"HeaderLinkIcon\":\"\",\"IsCustomEditor\":false,\"PreviewType\":\"aboutme\"}","TemplatePath":"app/modules/dashboard/views/webparts/widgetAboutMe.html","IsSystemLocked":false,"Category":{"Id":5,"Name":"Common","CategoryKey":"WebPartDefinition_Common","Description":"Common","ParentId":1,"OrdinalPosition":null},"Id":43},"HeaderColor":"","IsHidden":false,"Layout":"{\"x\":0,\"y\":0,\"width\":25,\"height\":20}","OverrideTemplate":null,"ParameterJSON":"{\"HeaderLinkIcon\":\"\",\"IsCustomEditor\":false,\"PreviewType\":\"aboutme\"}","SubTitle":"Photo, email and employment information","SupportsFullScreen":true,"Title":null}],"CanAddPage":false,"CanEditPage":false,"CanDeletePage":false,"CanPersonalizePage":true},{"Id":294,"title":"CDBP_194708_12pm","Description":"Verifying the copy of the dashboard page","IsSystemLocked":false,"Name":"CDBP_194708_12pm","IsGuestPage":false,"ParameterJSON":null,"Personalization":null,"Url":"#/dash/DB_194708_12pm/CDBP_194708_12pm","path":"dash/DB_194708_12pm/CDBP_194708_12pm","WebPartPageKey":null,"IsEnabled":true,"RPKey":null,"Priority":71,"WebParts":[],"CanAddPage":false,"CanEditPage":false,"CanDeletePage":false,"CanPersonalizePage":true},{"Id":301,"title":"CDBP1_194708_12pm","Description":"Verifying the copy of the dashboard page","IsSystemLocked":false,"Name":"CDBP1_194708_12pm","IsGuestPage":false,"ParameterJSON":null,"Personalization":null,"Url":"#/dash/DB_194708_12pm/CDBP1_194708_12pm","path":"dash/DB_194708_12pm/CDBP1_194708_12pm","WebPartPageKey":null,"IsEnabled":true,"RPKey":null,"Priority":77,"WebParts":[],"CanAddPage":false,"CanEditPage":false,"CanDeletePage":false,"CanPersonalizePage":true}],"IsSystemLocked":false,"IsEnabled":true,"RPKey":null,"CanViewDashboard":true,"CanAddDashboard":false,"CanEditDashboard":false,"CanDeleteDashboard":false,"CanPersonalizeDashboard":true},{"Id":62,"DefaultPage":{"Id":295,"title":"DB_194699_12pm","Description":"DB_194699_12pm","IsSystemLocked":false,"Name":"DB_194699_12pm","IsGuestPage":false,"ParameterJSON":null,"Personalization":null,"Url":"#/dash/DB_194699_12pm/initial","path":"dash/DB_194699_12pm","WebPartPageKey":null,"IsEnabled":true,"RPKey":null,"Priority":72,"WebParts":[],"CanAddPage":false,"CanEditPage":false,"CanDeletePage":false,"CanPersonalizePage":false},"Description":"Verifying copy of the dashboard page","Name":"DB_194699_12pm","Url":"#/dash/DB_194699_12pm","WebPartPageDefinitionKey":null,"WebPartPages":[{"Id":295,"title":"DB_194699_12pm","Description":"DB_194699_12pm","IsSystemLocked":false,"Name":"DB_194699_12pm","IsGuestPage":false,"ParameterJSON":null,"Personalization":null,"Url":"#/dash/DB_194699_12pm/initial","path":"dash/DB_194699_12pm/initial","WebPartPageKey":null,"IsEnabled":true,"RPKey":null,"Priority":72,"WebParts":[],"CanAddPage":false,"CanEditPage":false,"CanDeletePage":false,"CanPersonalizePage":true},{"Id":296,"title":"DBP_194699_12pm","Description":"Verifying copy of the dashboard page","IsSystemLocked":false,"Name":"DBP_194699_12pm","IsGuestPage":false,"ParameterJSON":null,"Personalization":null,"Url":"#/dash/DB_194699_12pm/DBP_194699_12pm","path":"dash/DB_194699_12pm/DBP_194699_12pm","WebPartPageKey":null,"IsEnabled":true,"RPKey":null,"Priority":73,"WebParts":[],"CanAddPage":false,"CanEditPage":false,"CanDeletePage":false,"CanPersonalizePage":true},{"Id":297,"title":"CDB_194699_12pm","Description":"Verifying copy of the dashboard page","IsSystemLocked":false,"Name":"CDB_194699_12pm","IsGuestPage":false,"ParameterJSON":null,"Personalization":null,"Url":"#/dash/DB_194699_12pm/CDB_194699_12pm","path":"dash/DB_194699_12pm/CDB_194699_12pm","WebPartPageKey":null,"IsEnabled":true,"RPKey":null,"Priority":74,"WebParts":[],"CanAddPage":false,"CanEditPage":false,"CanDeletePage":false,"CanPersonalizePage":true}],"IsSystemLocked":false,"IsEnabled":true,"RPKey":null,"CanViewDashboard":true,"CanAddDashboard":false,"CanEditDashboard":false,"CanDeleteDashboard":false,"CanPersonalizeDashboard":true},{"Id":63,"DefaultPage":{"Id":298,"title":"DB_194688_13pm","Description":"DB_194688_13pm","IsSystemLocked":false,"Name":"DB_194688_13pm","IsGuestPage":false,"ParameterJSON":null,"Personalization":null,"Url":"#/dash/DB_194688_13pm/initial","path":"dash/DB_194688_13pm","WebPartPageKey":null,"IsEnabled":true,"RPKey":null,"Priority":75,"WebParts":[],"CanAddPage":false,"CanEditPage":false,"CanDeletePage":false,"CanPersonalizePage":false},"Description":"Test page description","Name":"DB_194688_13pm","Url":"#/dash/DB_194688_13pm","WebPartPageDefinitionKey":null,"WebPartPages":[{"Id":298,"title":"DB_194688_13pm","Description":"DB_194688_13pm","IsSystemLocked":false,"Name":"DB_194688_13pm","IsGuestPage":false,"ParameterJSON":null,"Personalization":null,"Url":"#/dash/DB_194688_13pm/initial","path":"dash/DB_194688_13pm/initial","WebPartPageKey":null,"IsEnabled":true,"RPKey":null,"Priority":75,"WebParts":[],"CanAddPage":false,"CanEditPage":false,"CanDeletePage":false,"CanPersonalizePage":true},{"Id":299,"title":"DBPage_194688_13pm","Description":"Test page description","IsSystemLocked":false,"Name":"DBPage_194688_13pm","IsGuestPage":false,"ParameterJSON":null,"Personalization":null,"Url":"#/dash/DB_194688_13pm/DBPage_194688_13pm","path":"dash/DB_194688_13pm/DBPage_194688_13pm","WebPartPageKey":null,"IsEnabled":true,"RPKey":null,"Priority":76,"WebParts":[],"CanAddPage":false,"CanEditPage":false,"CanDeletePage":false,"CanPersonalizePage":true}],"IsSystemLocked":false,"IsEnabled":true,"RPKey":null,"CanViewDashboard":true,"CanAddDashboard":false,"CanEditDashboard":false,"CanDeleteDashboard":false,"CanPersonalizeDashboard":true},{"Id":65,"DefaultPage":{"Id":302,"title":"DB2_224642_12pm","Description":"DB2_224642_12pm","IsSystemLocked":false,"Name":"DB2_224642_12pm","IsGuestPage":false,"ParameterJSON":null,"Personalization":null,"Url":"#/dash/DB2_224642_Route_12pm/initial","path":"dash/DB2_224642_Route_12pm","WebPartPageKey":null,"IsEnabled":true,"RPKey":null,"Priority":78,"WebParts":[],"CanAddPage":false,"CanEditPage":false,"CanDeletePage":false,"CanPersonalizePage":false},"Description":"DB2_224642_12pm_Description","Name":"DB2_224642_12pm","Url":"#/dash/DB2_224642_Route_12pm","WebPartPageDefinitionKey":null,"WebPartPages":[{"Id":302,"title":"DB2_224642_12pm","Description":"DB2_224642_12pm","IsSystemLocked":false,"Name":"DB2_224642_12pm","IsGuestPage":false,"ParameterJSON":null,"Personalization":null,"Url":"#/dash/DB2_224642_Route_12pm/initial","path":"dash/DB2_224642_Route_12pm/initial","WebPartPageKey":null,"IsEnabled":true,"RPKey":null,"Priority":78,"WebParts":[],"CanAddPage":false,"CanEditPage":false,"CanDeletePage":false,"CanPersonalizePage":true}],"IsSystemLocked":false,"IsEnabled":true,"RPKey":null,"CanViewDashboard":true,"CanAddDashboard":false,"CanEditDashboard":false,"CanDeleteDashboard":false,"CanPersonalizeDashboard":true},{"Id":66,"DefaultPage":{"Id":303,"title":"DB21_224642_12pm","Description":"DB21_224642_12pm","IsSystemLocked":false,"Name":"DB21_224642_12pm","IsGuestPage":false,"ParameterJSON":null,"Personalization":null,"Url":"#/dash/DB21_224642_12pm/initial","path":"dash/DB21_224642_12pm","WebPartPageKey":null,"IsEnabled":true,"RPKey":null,"Priority":79,"WebParts":[],"CanAddPage":false,"CanEditPage":false,"CanDeletePage":false,"CanPersonalizePage":false},"Description":"DB2_224642_12pm_Description","Name":"DB21_224642_12pm","Url":"#/dash/DB21_224642_12pm","WebPartPageDefinitionKey":null,"WebPartPages":[{"Id":303,"title":"DB21_224642_12pm","Description":"DB21_224642_12pm","IsSystemLocked":false,"Name":"DB21_224642_12pm","IsGuestPage":false,"ParameterJSON":null,"Personalization":null,"Url":"#/dash/DB21_224642_12pm/initial","path":"dash/DB21_224642_12pm/initial","WebPartPageKey":null,"IsEnabled":true,"RPKey":null,"Priority":79,"WebParts":[],"CanAddPage":false,"CanEditPage":false,"CanDeletePage":false,"CanPersonalizePage":true}],"IsSystemLocked":false,"IsEnabled":true,"RPKey":null,"CanViewDashboard":true,"CanAddDashboard":false,"CanEditDashboard":false,"CanDeleteDashboard":false,"CanPersonalizeDashboard":true},{"Id":67,"DefaultPage":{"Id":304,"title":"DB_195648_12pm","Description":"DB_195648_12pm","IsSystemLocked":false,"Name":"DB_195648_12pm","IsGuestPage":false,"ParameterJSON":null,"Personalization":null,"Url":"#/dash/CDBP_195648_12pm/initial","path":"dash/CDBP_195648_12pm","WebPartPageKey":null,"IsEnabled":true,"RPKey":null,"Priority":80,"WebParts":[],"CanAddPage":false,"CanEditPage":false,"CanDeletePage":false,"CanPersonalizePage":false},"Description":"Verifying the copy of the dashboard page","Name":"CDBP_195648_12pm","Url":"#/dash/CDBP_195648_12pm","WebPartPageDefinitionKey":null,"WebPartPages":[{"Id":304,"title":"DB_195648_12pm","Description":"DB_195648_12pm","IsSystemLocked":false,"Name":"DB_195648_12pm","IsGuestPage":false,"ParameterJSON":null,"Personalization":null,"Url":"#/dash/CDBP_195648_12pm/initial","path":"dash/CDBP_195648_12pm/initial","WebPartPageKey":null,"IsEnabled":true,"RPKey":null,"Priority":80,"WebParts":[],"CanAddPage":false,"CanEditPage":false,"CanDeletePage":false,"CanPersonalizePage":true},{"Id":305,"title":"DBP_195648_12pm","Description":"Verifying the copy of the dashboard page","IsSystemLocked":false,"Name":"DBP_195648_12pm","IsGuestPage":false,"ParameterJSON":null,"Personalization":null,"Url":"#/dash/CDBP_195648_12pm/DBP_195648_12pm","path":"dash/CDBP_195648_12pm/DBP_195648_12pm","WebPartPageKey":null,"IsEnabled":true,"RPKey":null,"Priority":81,"WebParts":[],"CanAddPage":false,"CanEditPage":false,"CanDeletePage":false,"CanPersonalizePage":true},{"Id":306,"title":"DBP1_195648_12pm","Description":"Verifying the copy of the dashboard page","IsSystemLocked":false,"Name":"DBP1_195648_12pm","IsGuestPage":false,"ParameterJSON":null,"Personalization":null,"Url":"#/dash/CDBP_195648_12pm/DBP1_195648_12pm","path":"dash/CDBP_195648_12pm/DBP1_195648_12pm","WebPartPageKey":null,"IsEnabled":true,"RPKey":null,"Priority":82,"WebParts":[{"Id":521,"ChromeStyle":7,"Definition":{"WebPartDefinitionKey":"About_Me","Title":"About Me","Description":"Displays key profile information about the employee.","SubTitle":"Photo, email and employment information","WebPartIconName":null,"WidgetNotificationMode":0,"WidgetDeeplinkUrlText":"View my profile","CategoryName":"Common","IsWebPartEnabled":true,"TypeName":"SumTotal.SPPortal.WebParts.Core.MySelf.AboutMe.AboutMe, SumTotal.SPPortal.WebParts, Version=1.0.0.0, Culture=neutral, PublicKeyToken=6b7f90fbd13cce01","WebPartServiceAgentInterfaceTypeName":null,"WebPartDefinitionXml":null,"HideWebPartHeader":true,"HideWebPartFooter":true,"IsFreeFlowing":false,"PillarKey":null,"ChromeStyle":7,"ParameterJSON":"{\"HeaderLinkIcon\":\"\",\"IsCustomEditor\":false,\"PreviewType\":\"aboutme\"}","TemplatePath":"app/modules/dashboard/views/webparts/widgetAboutMe.html","IsSystemLocked":false,"Category":{"Id":5,"Name":"Common","CategoryKey":"WebPartDefinition_Common","Description":"Common","ParentId":1,"OrdinalPosition":null},"Id":43},"HeaderColor":"","IsHidden":false,"Layout":"{\"x\":0,\"y\":0,\"width\":25,\"height\":20}","OverrideTemplate":null,"ParameterJSON":"{\"HeaderLinkIcon\":\"\",\"IsCustomEditor\":false,\"PreviewType\":\"aboutme\"}","SubTitle":"Photo, email and employment information","SupportsFullScreen":true,"Title":null}],"CanAddPage":false,"CanEditPage":false,"CanDeletePage":false,"CanPersonalizePage":true}],"IsSystemLocked":false,"IsEnabled":true,"RPKey":null,"CanViewDashboard":true,"CanAddDashboard":false,"CanEditDashboard":false,"CanDeleteDashboard":false,"CanPersonalizeDashboard":true},{"Id":68,"DefaultPage":{"Id":307,"title":"DB_194700_12pm","Description":"DB_194700_12pm","IsSystemLocked":false,"Name":"DB_194700_12pm","IsGuestPage":false,"ParameterJSON":null,"Personalization":null,"Url":"#/dash/CDB_194700_12pm/initial","path":"dash/CDB_194700_12pm","WebPartPageKey":null,"IsEnabled":true,"RPKey":null,"Priority":83,"WebParts":[],"CanAddPage":false,"CanEditPage":false,"CanDeletePage":false,"CanPersonalizePage":false},"Description":"Verifying the copy of the dashboard page","Name":"CDB_194700_12pm","Url":"#/dash/CDB_194700_12pm","WebPartPageDefinitionKey":null,"WebPartPages":[{"Id":307,"title":"DB_194700_12pm","Description":"DB_194700_12pm","IsSystemLocked":false,"Name":"DB_194700_12pm","IsGuestPage":false,"ParameterJSON":null,"Personalization":null,"Url":"#/dash/CDB_194700_12pm/initial","path":"dash/CDB_194700_12pm/initial","WebPartPageKey":null,"IsEnabled":true,"RPKey":null,"Priority":83,"WebParts":[],"CanAddPage":false,"CanEditPage":false,"CanDeletePage":false,"CanPersonalizePage":true}],"IsSystemLocked":false,"IsEnabled":true,"RPKey":null,"CanViewDashboard":true,"CanAddDashboard":false,"CanEditDashboard":false,"CanDeleteDashboard":false,"CanPersonalizeDashboard":true},{"Id":69,"DefaultPage":{"Id":308,"title":"DB_194702_12pm","Description":"DB_194702_12pm","IsSystemLocked":false,"Name":"DB_194702_12pm","IsGuestPage":false,"ParameterJSON":null,"Personalization":null,"Url":"#/dash/CDB_194702_12pm/initial","path":"dash/CDB_194702_12pm","WebPartPageKey":null,"IsEnabled":true,"RPKey":null,"Priority":84,"WebParts":[{"Id":522,"ChromeStyle":7,"Definition":{"WebPartDefinitionKey":"About_Me","Title":"About Me","Description":"Displays key profile information about the employee.","SubTitle":"Photo, email and employment information","WebPartIconName":null,"WidgetNotificationMode":0,"WidgetDeeplinkUrlText":"View my profile","CategoryName":"Common","IsWebPartEnabled":true,"TypeName":"SumTotal.SPPortal.WebParts.Core.MySelf.AboutMe.AboutMe, SumTotal.SPPortal.WebParts, Version=1.0.0.0, Culture=neutral, PublicKeyToken=6b7f90fbd13cce01","WebPartServiceAgentInterfaceTypeName":null,"WebPartDefinitionXml":null,"HideWebPartHeader":true,"HideWebPartFooter":true,"IsFreeFlowing":false,"PillarKey":null,"ChromeStyle":7,"ParameterJSON":"{\"HeaderLinkIcon\":\"\",\"IsCustomEditor\":false,\"PreviewType\":\"aboutme\"}","TemplatePath":"app/modules/dashboard/views/webparts/widgetAboutMe.html","IsSystemLocked":false,"Category":{"Id":5,"Name":"Common","CategoryKey":"WebPartDefinition_Common","Description":"Common","ParentId":1,"OrdinalPosition":null},"Id":43},"HeaderColor":"","IsHidden":false,"Layout":"{\"x\":0,\"y\":0,\"width\":25,\"height\":20}","OverrideTemplate":null,"ParameterJSON":"{\"HeaderLinkIcon\":\"\",\"IsCustomEditor\":false,\"PreviewType\":\"aboutme\"}","SubTitle":"Photo, email and employment information","SupportsFullScreen":true,"Title":null}],"CanAddPage":false,"CanEditPage":false,"CanDeletePage":false,"CanPersonalizePage":false},"Description":"Verifying the copy of the dashboard page","Name":"CDB_194702_12pm","Url":"#/dash/CDB_194702_12pm","WebPartPageDefinitionKey":null,"WebPartPages":[{"Id":308,"title":"DB_194702_12pm","Description":"DB_194702_12pm","IsSystemLocked":false,"Name":"DB_194702_12pm","IsGuestPage":false,"ParameterJSON":null,"Personalization":null,"Url":"#/dash/CDB_194702_12pm/initial","path":"dash/CDB_194702_12pm/initial","WebPartPageKey":null,"IsEnabled":true,"RPKey":null,"Priority":84,"WebParts":[{"Id":522,"ChromeStyle":7,"Definition":{"WebPartDefinitionKey":"About_Me","Title":"About Me","Description":"Displays key profile information about the employee.","SubTitle":"Photo, email and employment information","WebPartIconName":null,"WidgetNotificationMode":0,"WidgetDeeplinkUrlText":"View my profile","CategoryName":"Common","IsWebPartEnabled":true,"TypeName":"SumTotal.SPPortal.WebParts.Core.MySelf.AboutMe.AboutMe, SumTotal.SPPortal.WebParts, Version=1.0.0.0, Culture=neutral, PublicKeyToken=6b7f90fbd13cce01","WebPartServiceAgentInterfaceTypeName":null,"WebPartDefinitionXml":null,"HideWebPartHeader":true,"HideWebPartFooter":true,"IsFreeFlowing":false,"PillarKey":null,"ChromeStyle":7,"ParameterJSON":"{\"HeaderLinkIcon\":\"\",\"IsCustomEditor\":false,\"PreviewType\":\"aboutme\"}","TemplatePath":"app/modules/dashboard/views/webparts/widgetAboutMe.html","IsSystemLocked":false,"Category":{"Id":5,"Name":"Common","CategoryKey":"WebPartDefinition_Common","Description":"Common","ParentId":1,"OrdinalPosition":null},"Id":43},"HeaderColor":"","IsHidden":false,"Layout":"{\"x\":0,\"y\":0,\"width\":25,\"height\":20}","OverrideTemplate":null,"ParameterJSON":"{\"HeaderLinkIcon\":\"\",\"IsCustomEditor\":false,\"PreviewType\":\"aboutme\"}","SubTitle":"Photo, email and employment information","SupportsFullScreen":true,"Title":null}],"CanAddPage":false,"CanEditPage":false,"CanDeletePage":false,"CanPersonalizePage":true}],"IsSystemLocked":false,"IsEnabled":true,"RPKey":null,"CanViewDashboard":true,"CanAddDashboard":false,"CanEditDashboard":false,"CanDeleteDashboard":false,"CanPersonalizeDashboard":true},{"Id":70,"DefaultPage":{"Id":311,"title":"SumtotalDashBoard_218635_12pm","Description":"SumtotalDashBoard_218635_12pm","IsSystemLocked":false,"Name":"SumtotalDashBoard_218635_12pm","IsGuestPage":false,"ParameterJSON":null,"Personalization":null,"Url":"#/dash/SumtotalDashBoard_218635_12pm/initial","path":"dash/SumtotalDashBoard_218635_12pm","WebPartPageKey":null,"IsEnabled":true,"RPKey":null,"Priority":87,"WebParts":[],"CanAddPage":false,"CanEditPage":false,"CanDeletePage":false,"CanPersonalizePage":false},"Description":"SumtotalDashBoard_218635_12pm","Name":"SumtotalDashBoard_218635_12pm","Url":"#/dash/SumtotalDashBoard_218635_12pm","WebPartPageDefinitionKey":null,"WebPartPages":[{"Id":311,"title":"SumtotalDashBoard_218635_12pm","Description":"SumtotalDashBoard_218635_12pm","IsSystemLocked":false,"Name":"SumtotalDashBoard_218635_12pm","IsGuestPage":false,"ParameterJSON":null,"Personalization":null,"Url":"#/dash/SumtotalDashBoard_218635_12pm/initial","path":"dash/SumtotalDashBoard_218635_12pm/initial","WebPartPageKey":null,"IsEnabled":true,"RPKey":null,"Priority":87,"WebParts":[],"CanAddPage":false,"CanEditPage":false,"CanDeletePage":false,"CanPersonalizePage":true}],"IsSystemLocked":false,"IsEnabled":true,"RPKey":null,"CanViewDashboard":true,"CanAddDashboard":false,"CanEditDashboard":false,"CanDeleteDashboard":false,"CanPersonalizeDashboard":true},{"Id":71,"DefaultPage":{"Id":312,"title":"SumTotal_DashBoard_12pm","Description":"SumTotal_DashBoard_12pm","IsSystemLocked":false,"Name":"SumTotal_DashBoard_12pm","IsGuestPage":false,"ParameterJSON":null,"Personalization":null,"Url":"#/dash/SumTotal_DashBoardPage_12pm/initial","path":"dash/SumTotal_DashBoardPage_12pm","WebPartPageKey":null,"IsEnabled":true,"RPKey":null,"Priority":88,"WebParts":[{"Id":523,"ChromeStyle":7,"Definition":{"WebPartDefinitionKey":"Key_Measures","Title":"Key Measures","Description":"Displays key performance measures for a user.","SubTitle":"Key Measures","WebPartIconName":null,"WidgetNotificationMode":0,"WidgetDeeplinkUrlText":null,"CategoryName":"Common","IsWebPartEnabled":true,"TypeName":null,"WebPartServiceAgentInterfaceTypeName":null,"WebPartDefinitionXml":null,"HideWebPartHeader":false,"HideWebPartFooter":true,"IsFreeFlowing":false,"PillarKey":null,"ChromeStyle":7,"ParameterJSON":"{\"HeaderLinkIcon\":\"\",\"IsCustomEditor\":false,\"PreviewType\":\"claw\"}","TemplatePath":"app/modules/dashboard/views/webparts/widgetKeyMeasures.html","IsSystemLocked":false,"Category":{"Id":5,"Name":"Common","CategoryKey":"WebPartDefinition_Common","Description":"Common","ParentId":1,"OrdinalPosition":null},"Id":62},"HeaderColor":"","IsHidden":false,"Layout":"{\"x\":0,\"y\":0,\"width\":25,\"height\":20}","OverrideTemplate":null,"ParameterJSON":"{\"HeaderLinkIcon\":\"\",\"IsCustomEditor\":false,\"PreviewType\":\"claw\"}","SubTitle":"Key Measures","SupportsFullScreen":true,"Title":null}],"CanAddPage":false,"CanEditPage":false,"CanDeletePage":false,"CanPersonalizePage":false},"Description":"SumTotal_DashBoardPage_12pm","Name":"SumTotal_DashBoard_12pm","Url":"#/dash/SumTotal_DashBoardPage_12pm","WebPartPageDefinitionKey":null,"WebPartPages":[{"Id":312,"title":"SumTotal_DashBoard_12pm","Description":"SumTotal_DashBoard_12pm","IsSystemLocked":false,"Name":"SumTotal_DashBoard_12pm","IsGuestPage":false,"ParameterJSON":null,"Personalization":null,"Url":"#/dash/SumTotal_DashBoardPage_12pm/initial","path":"dash/SumTotal_DashBoardPage_12pm/initial","WebPartPageKey":null,"IsEnabled":true,"RPKey":null,"Priority":88,"WebParts":[{"Id":523,"ChromeStyle":7,"Definition":{"WebPartDefinitionKey":"Key_Measures","Title":"Key Measures","Description":"Displays key performance measures for a user.","SubTitle":"Key Measures","WebPartIconName":null,"WidgetNotificationMode":0,"WidgetDeeplinkUrlText":null,"CategoryName":"Common","IsWebPartEnabled":true,"TypeName":null,"WebPartServiceAgentInterfaceTypeName":null,"WebPartDefinitionXml":null,"HideWebPartHeader":false,"HideWebPartFooter":true,"IsFreeFlowing":false,"PillarKey":null,"ChromeStyle":7,"ParameterJSON":"{\"HeaderLinkIcon\":\"\",\"IsCustomEditor\":false,\"PreviewType\":\"claw\"}","TemplatePath":"app/modules/dashboard/views/webparts/widgetKeyMeasures.html","IsSystemLocked":false,"Category":{"Id":5,"Name":"Common","CategoryKey":"WebPartDefinition_Common","Description":"Common","ParentId":1,"OrdinalPosition":null},"Id":62},"HeaderColor":"","IsHidden":false,"Layout":"{\"x\":0,\"y\":0,\"width\":25,\"height\":20}","OverrideTemplate":null,"ParameterJSON":"{\"HeaderLinkIcon\":\"\",\"IsCustomEditor\":false,\"PreviewType\":\"claw\"}","SubTitle":"Key Measures","SupportsFullScreen":true,"Title":null}],"CanAddPage":false,"CanEditPage":false,"CanDeletePage":false,"CanPersonalizePage":true}],"IsSystemLocked":false,"IsEnabled":true,"RPKey":null,"CanViewDashboard":true,"CanAddDashboard":false,"CanEditDashboard":false,"CanDeleteDashboard":false,"CanPersonalizeDashboard":true},{"Id":72,"DefaultPage":{"Id":313,"title":"Test321","Description":"Test321","IsSystemLocked":false,"Name":"Test321","IsGuestPage":false,"ParameterJSON":null,"Personalization":null,"Url":"#/dash/Test321/initial","path":"dash/Test321","WebPartPageKey":null,"IsEnabled":true,"RPKey":null,"Priority":89,"WebParts":[],"CanAddPage":false,"CanEditPage":false,"CanDeletePage":false,"CanPersonalizePage":false},"Description":"Test321","Name":"Test321","Url":"#/dash/Test321","WebPartPageDefinitionKey":null,"WebPartPages":[{"Id":313,"title":"Test321","Description":"Test321","IsSystemLocked":false,"Name":"Test321","IsGuestPage":false,"ParameterJSON":null,"Personalization":null,"Url":"#/dash/Test321/initial","path":"dash/Test321/initial","WebPartPageKey":null,"IsEnabled":true,"RPKey":null,"Priority":89,"WebParts":[],"CanAddPage":false,"CanEditPage":false,"CanDeletePage":false,"CanPersonalizePage":true}],"IsSystemLocked":false,"IsEnabled":true,"RPKey":null,"CanViewDashboard":true,"CanAddDashboard":false,"CanEditDashboard":false,"CanDeleteDashboard":false,"CanPersonalizeDashboard":true},{"Id":73,"DefaultPage":{"Id":314,"title":"CreateDashboard","Description":"CreateDashboard","IsSystemLocked":false,"Name":"CreateDashboard","IsGuestPage":false,"ParameterJSON":null,"Personalization":null,"Url":"#/dash/CreateDashboard/initial","path":"dash/CreateDashboard","WebPartPageKey":null,"IsEnabled":true,"RPKey":null,"Priority":90,"WebParts":[],"CanAddPage":false,"CanEditPage":false,"CanDeletePage":false,"CanPersonalizePage":false},"Description":"CreateDashboard","Name":"CreateDashboard","Url":"#/dash/CreateDashboard","WebPartPageDefinitionKey":null,"WebPartPages":[{"Id":314,"title":"CreateDashboard","Description":"CreateDashboard","IsSystemLocked":false,"Name":"CreateDashboard","IsGuestPage":false,"ParameterJSON":null,"Personalization":null,"Url":"#/dash/CreateDashboard/initial","path":"dash/CreateDashboard/initial","WebPartPageKey":null,"IsEnabled":true,"RPKey":null,"Priority":90,"WebParts":[],"CanAddPage":false,"CanEditPage":false,"CanDeletePage":false,"CanPersonalizePage":true}],"IsSystemLocked":false,"IsEnabled":true,"RPKey":null,"CanViewDashboard":true,"CanAddDashboard":false,"CanEditDashboard":false,"CanDeleteDashboard":false,"CanPersonalizeDashboard":true},{"Id":74,"DefaultPage":{"Id":315,"title":"DB1_224638_12pm","Description":"DB1_224638_12pm","IsSystemLocked":false,"Name":"DB1_224638_12pm","IsGuestPage":false,"ParameterJSON":null,"Personalization":null,"Url":"#/dash/DB1_224638_12pm/initial","path":"dash/DB1_224638_12pm","WebPartPageKey":null,"IsEnabled":true,"RPKey":null,"Priority":91,"WebParts":[],"CanAddPage":false,"CanEditPage":false,"CanDeletePage":false,"CanPersonalizePage":false},"Description":"Verifying the copy of the dashboard page","Name":"DB1_224638_12pm","Url":"#/dash/DB1_224638_12pm","WebPartPageDefinitionKey":null,"WebPartPages":[{"Id":315,"title":"DB1_224638_12pm","Description":"DB1_224638_12pm","IsSystemLocked":false,"Name":"DB1_224638_12pm","IsGuestPage":false,"ParameterJSON":null,"Personalization":null,"Url":"#/dash/DB1_224638_12pm/initial","path":"dash/DB1_224638_12pm/initial","WebPartPageKey":null,"IsEnabled":true,"RPKey":null,"Priority":91,"WebParts":[],"CanAddPage":false,"CanEditPage":false,"CanDeletePage":false,"CanPersonalizePage":true},{"Id":316,"title":"DBP_224638_12pm","Description":"Verifying the copy of the dashboard page","IsSystemLocked":false,"Name":"DBP_224638_12pm","IsGuestPage":false,"ParameterJSON":null,"Personalization":null,"Url":"#/dash/DB1_224638_12pm/DBP_224638_12pm","path":"dash/DB1_224638_12pm/DBP_224638_12pm","WebPartPageKey":null,"IsEnabled":true,"RPKey":null,"Priority":92,"WebParts":[],"CanAddPage":false,"CanEditPage":false,"CanDeletePage":false,"CanPersonalizePage":true}],"IsSystemLocked":false,"IsEnabled":true,"RPKey":null,"CanViewDashboard":true,"CanAddDashboard":false,"CanEditDashboard":false,"CanDeleteDashboard":false,"CanPersonalizeDashboard":true},{"Id":75,"DefaultPage":{"Id":317,"title":"DB_Personalization_12pm","Description":"DB_Personalization_12pm","IsSystemLocked":false,"Name":"DB_Personalization_12pm","IsGuestPage":false,"ParameterJSON":null,"Personalization":null,"Url":"#/dash/DB_Personalization_12pm/initial","path":"dash/DB_Personalization_12pm","WebPartPageKey":null,"IsEnabled":true,"RPKey":null,"Priority":93,"WebParts":[{"Id":524,"ChromeStyle":7,"Definition":{"WebPartDefinitionKey":"Timeline","Title":"Timeline","Description":"Displays tasks, approvals, and other updates in a timeline view.","SubTitle":"Activity timeline","WebPartIconName":null,"WidgetNotificationMode":0,"WidgetDeeplinkUrlText":null,"CategoryName":"Common","IsWebPartEnabled":true,"TypeName":null,"WebPartServiceAgentInterfaceTypeName":null,"WebPartDefinitionXml":null,"HideWebPartHeader":false,"HideWebPartFooter":false,"IsFreeFlowing":false,"PillarKey":null,"ChromeStyle":7,"ParameterJSON":"{\"HeaderLinkIcon\":\"\",\"IsCustomEditor\":false,\"PreviewType\":\"timeline\"}","TemplatePath":"app/modules/dashboard/views/webparts/widgetTimeline.html","IsSystemLocked":false,"Category":{"Id":5,"Name":"Common","CategoryKey":"WebPartDefinition_Common","Description":"Common","ParentId":1,"OrdinalPosition":null},"Id":61},"HeaderColor":"","IsHidden":false,"Layout":"{\"x\":0,\"y\":0,\"width\":25,\"height\":20}","OverrideTemplate":null,"ParameterJSON":"{\"HeaderLinkIcon\":\"\",\"IsCustomEditor\":false,\"PreviewType\":\"timeline\"}","SubTitle":"Activity timeline","SupportsFullScreen":true,"Title":null},{"Id":525,"ChromeStyle":7,"Definition":{"WebPartDefinitionKey":"Common_SumtIFrameWebPart","Title":"iFrame","Description":"Enables users to configure a URL to display within the widget.","SubTitle":"IFrame Widget","WebPartIconName":null,"WidgetNotificationMode":0,"WidgetDeeplinkUrlText":null,"CategoryName":"Common","IsWebPartEnabled":true,"TypeName":"SumTotal.SPPortal.WebParts.Core.Common.SumtIFrameWebPart.SumtIFrameWebPart, SumTotal.SPPortal.WebParts, Version=1.0.0.0, Culture=neutral, PublicKeyToken=6b7f90fbd13cce01","WebPartServiceAgentInterfaceTypeName":null,"WebPartDefinitionXml":null,"HideWebPartHeader":false,"HideWebPartFooter":true,"IsFreeFlowing":false,"PillarKey":null,"ChromeStyle":7,"ParameterJSON":"{\"HeaderLinkIcon\":\"\",\"IsCustomEditor\":false,\"PreviewType\":\"iframe\",\"iFrameUrl\":\"http://www.google.com\"}","TemplatePath":"app/modules/dashboard/views/webparts/widgetIFrame.html","IsSystemLocked":false,"Category":{"Id":5,"Name":"Common","CategoryKey":"WebPartDefinition_Common","Description":"Common","ParentId":1,"OrdinalPosition":null},"Id":3},"HeaderColor":"","IsHidden":false,"Layout":"{\"x\":25,\"y\":0,\"width\":25,\"height\":20}","OverrideTemplate":null,"ParameterJSON":"{\"HeaderLinkIcon\":\"\",\"IsCustomEditor\":false,\"PreviewType\":\"iframe\",\"iFrameUrl\":\"http://www.google.com\"}","SubTitle":"IFrame Widget","SupportsFullScreen":true,"Title":null},{"Id":526,"ChromeStyle":7,"Definition":{"WebPartDefinitionKey":"Common_ContentEditor","Title":"Content Editor","Description":"Enables users to add custom HTML to a dashboard.","SubTitle":"Content Editor Widget","WebPartIconName":null,"WidgetNotificationMode":0,"WidgetDeeplinkUrlText":null,"CategoryName":"Common","IsWebPartEnabled":true,"TypeName":null,"WebPartServiceAgentInterfaceTypeName":null,"WebPartDefinitionXml":null,"HideWebPartHeader":false,"HideWebPartFooter":true,"IsFreeFlowing":false,"PillarKey":null,"ChromeStyle":7,"ParameterJSON":"{\"HeaderLinkIcon\":\"\",\"IsCustomEditor\":true,\"PreviewType\":\"iframe\"}","TemplatePath":"app/modules/dashboard/views/webparts/widgetContentEditor.html","IsSystemLocked":false,"Category":{"Id":5,"Name":"Common","CategoryKey":"WebPartDefinition_Common","Description":"Common","ParentId":1,"OrdinalPosition":null},"Id":60},"HeaderColor":"","IsHidden":false,"Layout":"{\"x\":50,\"y\":0,\"width\":25,\"height\":20}","OverrideTemplate":null,"ParameterJSON":"{\"HeaderLinkIcon\":\"\",\"IsCustomEditor\":true,\"PreviewType\":\"iframe\"}","SubTitle":"Content Editor Widget","SupportsFullScreen":true,"Title":null}],"CanAddPage":false,"CanEditPage":false,"CanDeletePage":false,"CanPersonalizePage":false},"Description":"This Dashboard is related to Sumtotal Dashboardpage","Name":"DB_Personalization_12pm","Url":"#/dash/DB_Personalization_12pm","WebPartPageDefinitionKey":null,"WebPartPages":[{"Id":317,"title":"DB_Personalization_12pm","Description":"DB_Personalization_12pm","IsSystemLocked":false,"Name":"DB_Personalization_12pm","IsGuestPage":false,"ParameterJSON":null,"Personalization":null,"Url":"#/dash/DB_Personalization_12pm/initial","path":"dash/DB_Personalization_12pm/initial","WebPartPageKey":null,"IsEnabled":true,"RPKey":null,"Priority":93,"WebParts":[{"Id":524,"ChromeStyle":7,"Definition":{"WebPartDefinitionKey":"Timeline","Title":"Timeline","Description":"Displays tasks, approvals, and other updates in a timeline view.","SubTitle":"Activity timeline","WebPartIconName":null,"WidgetNotificationMode":0,"WidgetDeeplinkUrlText":null,"CategoryName":"Common","IsWebPartEnabled":true,"TypeName":null,"WebPartServiceAgentInterfaceTypeName":null,"WebPartDefinitionXml":null,"HideWebPartHeader":false,"HideWebPartFooter":false,"IsFreeFlowing":false,"PillarKey":null,"ChromeStyle":7,"ParameterJSON":"{\"HeaderLinkIcon\":\"\",\"IsCustomEditor\":false,\"PreviewType\":\"timeline\"}","TemplatePath":"app/modules/dashboard/views/webparts/widgetTimeline.html","IsSystemLocked":false,"Category":{"Id":5,"Name":"Common","CategoryKey":"WebPartDefinition_Common","Description":"Common","ParentId":1,"OrdinalPosition":null},"Id":61},"HeaderColor":"","IsHidden":false,"Layout":"{\"x\":0,\"y\":0,\"width\":25,\"height\":20}","OverrideTemplate":null,"ParameterJSON":"{\"HeaderLinkIcon\":\"\",\"IsCustomEditor\":false,\"PreviewType\":\"timeline\"}","SubTitle":"Activity timeline","SupportsFullScreen":true,"Title":null},{"Id":525,"ChromeStyle":7,"Definition":{"WebPartDefinitionKey":"Common_SumtIFrameWebPart","Title":"iFrame","Description":"Enables users to configure a URL to display within the widget.","SubTitle":"IFrame Widget","WebPartIconName":null,"WidgetNotificationMode":0,"WidgetDeeplinkUrlText":null,"CategoryName":"Common","IsWebPartEnabled":true,"TypeName":"SumTotal.SPPortal.WebParts.Core.Common.SumtIFrameWebPart.SumtIFrameWebPart, SumTotal.SPPortal.WebParts, Version=1.0.0.0, Culture=neutral, PublicKeyToken=6b7f90fbd13cce01","WebPartServiceAgentInterfaceTypeName":null,"WebPartDefinitionXml":null,"HideWebPartHeader":false,"HideWebPartFooter":true,"IsFreeFlowing":false,"PillarKey":null,"ChromeStyle":7,"ParameterJSON":"{\"HeaderLinkIcon\":\"\",\"IsCustomEditor\":false,\"PreviewType\":\"iframe\",\"iFrameUrl\":\"http://www.google.com\"}","TemplatePath":"app/modules/dashboard/views/webparts/widgetIFrame.html","IsSystemLocked":false,"Category":{"Id":5,"Name":"Common","CategoryKey":"WebPartDefinition_Common","Description":"Common","ParentId":1,"OrdinalPosition":null},"Id":3},"HeaderColor":"","IsHidden":false,"Layout":"{\"x\":25,\"y\":0,\"width\":25,\"height\":20}","OverrideTemplate":null,"ParameterJSON":"{\"HeaderLinkIcon\":\"\",\"IsCustomEditor\":false,\"PreviewType\":\"iframe\",\"iFrameUrl\":\"http://www.google.com\"}","SubTitle":"IFrame Widget","SupportsFullScreen":true,"Title":null},{"Id":526,"ChromeStyle":7,"Definition":{"WebPartDefinitionKey":"Common_ContentEditor","Title":"Content Editor","Description":"Enables users to add custom HTML to a dashboard.","SubTitle":"Content Editor Widget","WebPartIconName":null,"WidgetNotificationMode":0,"WidgetDeeplinkUrlText":null,"CategoryName":"Common","IsWebPartEnabled":true,"TypeName":null,"WebPartServiceAgentInterfaceTypeName":null,"WebPartDefinitionXml":null,"HideWebPartHeader":false,"HideWebPartFooter":true,"IsFreeFlowing":false,"PillarKey":null,"ChromeStyle":7,"ParameterJSON":"{\"HeaderLinkIcon\":\"\",\"IsCustomEditor\":true,\"PreviewType\":\"iframe\"}","TemplatePath":"app/modules/dashboard/views/webparts/widgetContentEditor.html","IsSystemLocked":false,"Category":{"Id":5,"Name":"Common","CategoryKey":"WebPartDefinition_Common","Description":"Common","ParentId":1,"OrdinalPosition":null},"Id":60},"HeaderColor":"","IsHidden":false,"Layout":"{\"x\":50,\"y\":0,\"width\":25,\"height\":20}","OverrideTemplate":null,"ParameterJSON":"{\"HeaderLinkIcon\":\"\",\"IsCustomEditor\":true,\"PreviewType\":\"iframe\"}","SubTitle":"Content Editor Widget","SupportsFullScreen":true,"Title":null}],"CanAddPage":false,"CanEditPage":false,"CanDeletePage":false,"CanPersonalizePage":true}],"IsSystemLocked":false,"IsEnabled":true,"RPKey":null,"CanViewDashboard":true,"CanAddDashboard":false,"CanEditDashboard":false,"CanDeleteDashboard":false,"CanPersonalizeDashboard":true},{"Id":76,"DefaultPage":{"Id":318,"title":"DB1_Personalization_12pm","Description":"DB1_Personalization_12pm","IsSystemLocked":false,"Name":"DB1_Personalization_12pm","IsGuestPage":false,"ParameterJSON":null,"Personalization":null,"Url":"#/dash/DB1_Personalization_12pm/initial","path":"dash/DB1_Personalization_12pm","WebPartPageKey":null,"IsEnabled":true,"RPKey":null,"Priority":94,"WebParts":[{"Id":530,"ChromeStyle":7,"Definition":{"WebPartDefinitionKey":"Timeline","Title":"Timeline","Description":"Displays tasks, approvals, and other updates in a timeline view.","SubTitle":"Activity timeline","WebPartIconName":null,"WidgetNotificationMode":0,"WidgetDeeplinkUrlText":null,"CategoryName":"Common","IsWebPartEnabled":true,"TypeName":null,"WebPartServiceAgentInterfaceTypeName":null,"WebPartDefinitionXml":null,"HideWebPartHeader":false,"HideWebPartFooter":false,"IsFreeFlowing":false,"PillarKey":null,"ChromeStyle":7,"ParameterJSON":"{\"HeaderLinkIcon\":\"\",\"IsCustomEditor\":false,\"PreviewType\":\"timeline\"}","TemplatePath":"app/modules/dashboard/views/webparts/widgetTimeline.html","IsSystemLocked":false,"Category":{"Id":5,"Name":"Common","CategoryKey":"WebPartDefinition_Common","Description":"Common","ParentId":1,"OrdinalPosition":null},"Id":61},"HeaderColor":"","IsHidden":false,"Layout":"{\"x\":0,\"y\":0,\"width\":25,\"height\":20}","OverrideTemplate":null,"ParameterJSON":"{\"HeaderLinkIcon\":\"\",\"IsCustomEditor\":false,\"PreviewType\":\"timeline\"}","SubTitle":"Activity timeline","SupportsFullScreen":true,"Title":null},{"Id":531,"ChromeStyle":7,"Definition":{"WebPartDefinitionKey":"Common_SumtIFrameWebPart","Title":"iFrame","Description":"Enables users to configure a URL to display within the widget.","SubTitle":"IFrame Widget","WebPartIconName":null,"WidgetNotificationMode":0,"WidgetDeeplinkUrlText":null,"CategoryName":"Common","IsWebPartEnabled":true,"TypeName":"SumTotal.SPPortal.WebParts.Core.Common.SumtIFrameWebPart.SumtIFrameWebPart, SumTotal.SPPortal.WebParts, Version=1.0.0.0, Culture=neutral, PublicKeyToken=6b7f90fbd13cce01","WebPartServiceAgentInterfaceTypeName":null,"WebPartDefinitionXml":null,"HideWebPartHeader":false,"HideWebPartFooter":true,"IsFreeFlowing":false,"PillarKey":null,"ChromeStyle":7,"ParameterJSON":"{\"HeaderLinkIcon\":\"\",\"IsCustomEditor\":false,\"PreviewType\":\"iframe\",\"iFrameUrl\":\"http://www.google.com\"}","TemplatePath":"app/modules/dashboard/views/webparts/widgetIFrame.html","IsSystemLocked":false,"Category":{"Id":5,"Name":"Common","CategoryKey":"WebPartDefinition_Common","Description":"Common","ParentId":1,"OrdinalPosition":null},"Id":3},"HeaderColor":"","IsHidden":false,"Layout":"{\"x\":25,\"y\":0,\"width\":25,\"height\":20}","OverrideTemplate":null,"ParameterJSON":"{\"HeaderLinkIcon\":\"\",\"IsCustomEditor\":false,\"PreviewType\":\"iframe\",\"iFrameUrl\":\"http://www.google.com\"}","SubTitle":"IFrame Widget","SupportsFullScreen":true,"Title":null}],"CanAddPage":false,"CanEditPage":false,"CanDeletePage":false,"CanPersonalizePage":false},"Description":"This Dashboard is related to Sumtotal Dashboardpage","Name":"DB1_Personalization_12pm","Url":"#/dash/DB1_Personalization_12pm","WebPartPageDefinitionKey":null,"WebPartPages":[{"Id":318,"title":"DB1_Personalization_12pm","Description":"DB1_Personalization_12pm","IsSystemLocked":false,"Name":"DB1_Personalization_12pm","IsGuestPage":false,"ParameterJSON":null,"Personalization":null,"Url":"#/dash/DB1_Personalization_12pm/initial","path":"dash/DB1_Personalization_12pm/initial","WebPartPageKey":null,"IsEnabled":true,"RPKey":null,"Priority":94,"WebParts":[{"Id":530,"ChromeStyle":7,"Definition":{"WebPartDefinitionKey":"Timeline","Title":"Timeline","Description":"Displays tasks, approvals, and other updates in a timeline view.","SubTitle":"Activity timeline","WebPartIconName":null,"WidgetNotificationMode":0,"WidgetDeeplinkUrlText":null,"CategoryName":"Common","IsWebPartEnabled":true,"TypeName":null,"WebPartServiceAgentInterfaceTypeName":null,"WebPartDefinitionXml":null,"HideWebPartHeader":false,"HideWebPartFooter":false,"IsFreeFlowing":false,"PillarKey":null,"ChromeStyle":7,"ParameterJSON":"{\"HeaderLinkIcon\":\"\",\"IsCustomEditor\":false,\"PreviewType\":\"timeline\"}","TemplatePath":"app/modules/dashboard/views/webparts/widgetTimeline.html","IsSystemLocked":false,"Category":{"Id":5,"Name":"Common","CategoryKey":"WebPartDefinition_Common","Description":"Common","ParentId":1,"OrdinalPosition":null},"Id":61},"HeaderColor":"","IsHidden":false,"Layout":"{\"x\":0,\"y\":0,\"width\":25,\"height\":20}","OverrideTemplate":null,"ParameterJSON":"{\"HeaderLinkIcon\":\"\",\"IsCustomEditor\":false,\"PreviewType\":\"timeline\"}","SubTitle":"Activity timeline","SupportsFullScreen":true,"Title":null},{"Id":531,"ChromeStyle":7,"Definition":{"WebPartDefinitionKey":"Common_SumtIFrameWebPart","Title":"iFrame","Description":"Enables users to configure a URL to display within the widget.","SubTitle":"IFrame Widget","WebPartIconName":null,"WidgetNotificationMode":0,"WidgetDeeplinkUrlText":null,"CategoryName":"Common","IsWebPartEnabled":true,"TypeName":"SumTotal.SPPortal.WebParts.Core.Common.SumtIFrameWebPart.SumtIFrameWebPart, SumTotal.SPPortal.WebParts, Version=1.0.0.0, Culture=neutral, PublicKeyToken=6b7f90fbd13cce01","WebPartServiceAgentInterfaceTypeName":null,"WebPartDefinitionXml":null,"HideWebPartHeader":false,"HideWebPartFooter":true,"IsFreeFlowing":false,"PillarKey":null,"ChromeStyle":7,"ParameterJSON":"{\"HeaderLinkIcon\":\"\",\"IsCustomEditor\":false,\"PreviewType\":\"iframe\",\"iFrameUrl\":\"http://www.google.com\"}","TemplatePath":"app/modules/dashboard/views/webparts/widgetIFrame.html","IsSystemLocked":false,"Category":{"Id":5,"Name":"Common","CategoryKey":"WebPartDefinition_Common","Description":"Common","ParentId":1,"OrdinalPosition":null},"Id":3},"HeaderColor":"","IsHidden":false,"Layout":"{\"x\":25,\"y\":0,\"width\":25,\"height\":20}","OverrideTemplate":null,"ParameterJSON":"{\"HeaderLinkIcon\":\"\",\"IsCustomEditor\":false,\"PreviewType\":\"iframe\",\"iFrameUrl\":\"http://www.google.com\"}","SubTitle":"IFrame Widget","SupportsFullScreen":true,"Title":null}],"CanAddPage":false,"CanEditPage":false,"CanDeletePage":false,"CanPersonalizePage":true}],"IsSystemLocked":false,"IsEnabled":true,"RPKey":null,"CanViewDashboard":true,"CanAddDashboard":false,"CanEditDashboard":false,"CanDeleteDashboard":false,"CanPersonalizeDashboard":true},{"Id":77,"DefaultPage":{"Id":319,"title":"DB_204051_12pm","Description":"DB_204051_12pm","IsSystemLocked":false,"Name":"DB_204051_12pm","IsGuestPage":false,"ParameterJSON":null,"Personalization":null,"Url":"#/dash/DB_204051_12pm/initial","path":"dash/DB_204051_12pm","WebPartPageKey":null,"IsEnabled":true,"RPKey":null,"Priority":95,"WebParts":[],"CanAddPage":false,"CanEditPage":false,"CanDeletePage":false,"CanPersonalizePage":false},"Description":"DB_204051_12pm","Name":"DB_204051_12pm","Url":"#/dash/DB_204051_12pm","WebPartPageDefinitionKey":null,"WebPartPages":[{"Id":319,"title":"DB_204051_12pm","Description":"DB_204051_12pm","IsSystemLocked":false,"Name":"DB_204051_12pm","IsGuestPage":false,"ParameterJSON":null,"Personalization":null,"Url":"#/dash/DB_204051_12pm/initial","path":"dash/DB_204051_12pm/initial","WebPartPageKey":null,"IsEnabled":true,"RPKey":null,"Priority":95,"WebParts":[],"CanAddPage":false,"CanEditPage":false,"CanDeletePage":false,"CanPersonalizePage":true}],"IsSystemLocked":false,"IsEnabled":true,"RPKey":null,"CanViewDashboard":true,"CanAddDashboard":false,"CanEditDashboard":false,"CanDeleteDashboard":false,"CanPersonalizeDashboard":true}],"EnableDashboards":false,"EnablePersonalization":true,"EnableView":true,"EnableAdd":false,"EnableEdit":false,"EnableDelete":false,"LandingDashboard":{"Name":"Dashboard","Description":"Default dashboard.","WebPartPageKey":null,"Url":"#/dash/home","ParameterJSON":null,"WebParts":[{"Definition":{"WebPartDefinitionKey":"Common_ContentEditor","Title":"Content Editor","Description":"Enables users to add custom HTML to a dashboard.","SubTitle":"Content Editor Widget","WebPartIconName":null,"WidgetNotificationMode":0,"WidgetDeeplinkUrlText":null,"CategoryName":"Common","IsWebPartEnabled":true,"TypeName":null,"WebPartServiceAgentInterfaceTypeName":null,"WebPartDefinitionXml":null,"HideWebPartHeader":false,"HideWebPartFooter":true,"IsFreeFlowing":false,"PillarKey":null,"ChromeStyle":7,"ParameterJSON":"{\"HeaderLinkIcon\":\"\",\"IsCustomEditor\":true,\"PreviewType\":\"iframe\"}","TemplatePath":"app/modules/dashboard/views/webparts/widgetContentEditor.html","IsSystemLocked":false,"Category":{"Id":5,"Name":"Common","CategoryKey":"WebPartDefinition_Common","Description":"Common","ParentId":1,"OrdinalPosition":null},"Id":60},"Title":null,"SubTitle":"Content Editor Widget","ChromeStyle":1,"SupportsFullScreen":true,"IsHidden":false,"HeaderColor":"","Layout":"{\"x\":0,\"y\":0,\"width\":20,\"height\":20}","ParameterJSON":"{\"HeaderLinkIcon\":\"\",\"IsCustomEditor\":true,\"PreviewType\":\"iframe\",\"fullScreen\":false}","OverrideTemplate":"<iframe src=\"https://supp-saux.sumtotaldemo.net/SA_UX/Master/17_1_2/Standard/index.html?lm=yes&tm=yes&wfm=no\" class=\"sumt-webpart-iframe\"></iframe>","Id":438},{"Definition":{"WebPartDefinitionKey":"Social_CommunityFeed","Title":"My Social Community Feed","Description":"Displays the social activities of communities I am a member of","SubTitle":null,"WebPartIconName":null,"WidgetNotificationMode":1,"WidgetDeeplinkUrlText":"View All","CategoryName":"Social","IsWebPartEnabled":true,"TypeName":null,"WebPartServiceAgentInterfaceTypeName":null,"WebPartDefinitionXml":null,"HideWebPartHeader":false,"HideWebPartFooter":false,"IsFreeFlowing":false,"PillarKey":"ELIXHRUI","ChromeStyle":7,"ParameterJSON":"{\"HeaderLinkIcon\":\"\",\"IsCustomEditor\":false,\"PreviewType\":\"table\"}","TemplatePath":"app/modules/dashboard/views/webparts/widgetSocialCommunityFeed.html","IsSystemLocked":false,"Category":{"Id":11,"Name":"Social","CategoryKey":"WebPartDefinition_Social","Description":"Social","ParentId":1,"OrdinalPosition":null},"Id":117},"Title":null,"SubTitle":null,"ChromeStyle":7,"SupportsFullScreen":true,"IsHidden":false,"HeaderColor":"","Layout":"{\"x\":20,\"y\":0,\"width\":25,\"height\":20}","ParameterJSON":"{\"HeaderLinkIcon\":\"\",\"IsCustomEditor\":false,\"PreviewType\":\"table\"}","OverrideTemplate":null,"Id":519},{"Definition":{"WebPartDefinitionKey":"Social_MyCommunities","Title":"My Social Communities","Description":"Displays social communities that I am a member of","SubTitle":null,"WebPartIconName":null,"WidgetNotificationMode":1,"WidgetDeeplinkUrlText":"View All","CategoryName":"Social","IsWebPartEnabled":true,"TypeName":null,"WebPartServiceAgentInterfaceTypeName":null,"WebPartDefinitionXml":null,"HideWebPartHeader":false,"HideWebPartFooter":false,"IsFreeFlowing":false,"PillarKey":"ELIXHRUI","ChromeStyle":7,"ParameterJSON":"{\"HeaderLinkIcon\":\"\",\"IsCustomEditor\":false,\"PreviewType\":\"table\"}","TemplatePath":"app/modules/dashboard/views/webparts/widgetSocialMyCommunities.html","IsSystemLocked":false,"Category":{"Id":11,"Name":"Social","CategoryKey":"WebPartDefinition_Social","Description":"Social","ParentId":1,"OrdinalPosition":null},"Id":116},"Title":null,"SubTitle":null,"ChromeStyle":7,"SupportsFullScreen":true,"IsHidden":false,"HeaderColor":"","Layout":"{\"x\":45,\"y\":0,\"width\":25,\"height\":20}","ParameterJSON":"{\"HeaderLinkIcon\":\"\",\"IsCustomEditor\":false,\"PreviewType\":\"table\"}","OverrideTemplate":null,"Id":520},{"Definition":{"WebPartDefinitionKey":"Timeline","Title":"Timeline","Description":"Displays tasks, approvals, and other updates in a timeline view.","SubTitle":"Activity timeline","WebPartIconName":null,"WidgetNotificationMode":0,"WidgetDeeplinkUrlText":null,"CategoryName":"Common","IsWebPartEnabled":true,"TypeName":null,"WebPartServiceAgentInterfaceTypeName":null,"WebPartDefinitionXml":null,"HideWebPartHeader":false,"HideWebPartFooter":false,"IsFreeFlowing":false,"PillarKey":null,"ChromeStyle":7,"ParameterJSON":"{\"HeaderLinkIcon\":\"\",\"IsCustomEditor\":false,\"PreviewType\":\"timeline\"}","TemplatePath":"app/modules/dashboard/views/webparts/widgetTimeline.html","IsSystemLocked":false,"Category":{"Id":5,"Name":"Common","CategoryKey":"WebPartDefinition_Common","Description":"Common","ParentId":1,"OrdinalPosition":null},"Id":61},"Title":null,"SubTitle":"Activity timeline","ChromeStyle":7,"SupportsFullScreen":true,"IsHidden":false,"HeaderColor":"","Layout":"{\"x\":70,\"y\":0,\"width\":25,\"height\":20}","ParameterJSON":"{\"HeaderLinkIcon\":\"\",\"IsCustomEditor\":false,\"PreviewType\":\"timeline\"}","OverrideTemplate":null,"Id":527},{"Definition":{"WebPartDefinitionKey":"Common_SumtIFrameWebPart","Title":"iFrame","Description":"Enables users to configure a URL to display within the widget.","SubTitle":"IFrame Widget","WebPartIconName":null,"WidgetNotificationMode":0,"WidgetDeeplinkUrlText":null,"CategoryName":"Common","IsWebPartEnabled":true,"TypeName":"SumTotal.SPPortal.WebParts.Core.Common.SumtIFrameWebPart.SumtIFrameWebPart, SumTotal.SPPortal.WebParts, Version=1.0.0.0, Culture=neutral, PublicKeyToken=6b7f90fbd13cce01","WebPartServiceAgentInterfaceTypeName":null,"WebPartDefinitionXml":null,"HideWebPartHeader":false,"HideWebPartFooter":true,"IsFreeFlowing":false,"PillarKey":null,"ChromeStyle":7,"ParameterJSON":"{\"HeaderLinkIcon\":\"\",\"IsCustomEditor\":false,\"PreviewType\":\"iframe\",\"iFrameUrl\":\"http://www.google.com\"}","TemplatePath":"app/modules/dashboard/views/webparts/widgetIFrame.html","IsSystemLocked":false,"Category":{"Id":5,"Name":"Common","CategoryKey":"WebPartDefinition_Common","Description":"Common","ParentId":1,"OrdinalPosition":null},"Id":3},"Title":null,"SubTitle":"IFrame Widget","ChromeStyle":7,"SupportsFullScreen":true,"IsHidden":false,"HeaderColor":"","Layout":"{\"x\":0,\"y\":20,\"width\":25,\"height\":20}","ParameterJSON":"{\"HeaderLinkIcon\":\"\",\"IsCustomEditor\":false,\"PreviewType\":\"iframe\",\"iFrameUrl\":\"http://www.google.com\"}","OverrideTemplate":null,"Id":528},{"Definition":{"WebPartDefinitionKey":"Common_ContentEditor","Title":"Content Editor","Description":"Enables users to add custom HTML to a dashboard.","SubTitle":"Content Editor Widget","WebPartIconName":null,"WidgetNotificationMode":0,"WidgetDeeplinkUrlText":null,"CategoryName":"Common","IsWebPartEnabled":true,"TypeName":null,"WebPartServiceAgentInterfaceTypeName":null,"WebPartDefinitionXml":null,"HideWebPartHeader":false,"HideWebPartFooter":true,"IsFreeFlowing":false,"PillarKey":null,"ChromeStyle":7,"ParameterJSON":"{\"HeaderLinkIcon\":\"\",\"IsCustomEditor\":true,\"PreviewType\":\"iframe\"}","TemplatePath":"app/modules/dashboard/views/webparts/widgetContentEditor.html","IsSystemLocked":false,"Category":{"Id":5,"Name":"Common","CategoryKey":"WebPartDefinition_Common","Description":"Common","ParentId":1,"OrdinalPosition":null},"Id":60},"Title":null,"SubTitle":"Content Editor Widget","ChromeStyle":7,"SupportsFullScreen":true,"IsHidden":false,"HeaderColor":"","Layout":"{\"x\":25,\"y\":20,\"width\":25,\"height\":20}","ParameterJSON":"{\"HeaderLinkIcon\":\"\",\"IsCustomEditor\":true,\"PreviewType\":\"iframe\"}","OverrideTemplate":null,"Id":529}],"IsSystemLocked":true,"Personalization":null,"Priority":9,"ParentId":1,"DashboardPageCount":8,"DashboardName":"Home","IsGuestPage":false,"IsEnabled":true,"RPKey":null,"CanAddPage":false,"CanEditPage":false,"CanDeletePage":false,"CanPersonalizePage":true,"CanViewPage":true,"IsPersonalization":false,"Id":1}},"sitemap":{"Hash":"-1053385421","IsChanged":true,"KeyedHomePages":{},"Nodes":[{"Id":6,"childNodes":[{"Id":187,"childNodes":[],"description":"Used to access your Profile.","iconPath":null,"integrationMode":3,"IsHidden":false,"helpUrl":"/Content/Core Platform/Core Platform Guide/My Profile.htm","IsPortalPage":false,"level":2,"name":"Profile","nodeKey":"Profile","ordinalPosition":"1","parentId":6,"RelyingPartyId":9,"RPKey":"ELIXHRUI","tooltip":"Used to access your Profile.","url":"#/dash/profile","activitiesCount":0,"IsEmulationEnabled":false},{"Id":864,"childNodes":[],"description":"Used to view personal details, change system preferences, and manage delegates. Managing delegates requires Talent.","iconPath":null,"integrationMode":3,"IsHidden":false,"helpUrl":"/Content/Core Platform/Core Platform Guide/View or Update Your Personal_1.htm","IsPortalPage":false,"level":2,"name":"Profile Details","nodeKey":"self_personaldetails","ordinalPosition":"2","parentId":6,"RelyingPartyId":9,"RPKey":"ELIXHRUI","tooltip":"Used to view personal details, change system preferences, and manage delegates. Managing delegates requires Talent.","url":"PROFILE_SLIDEOUT","activitiesCount":0,"IsEmulationEnabled":false},{"Id":667,"childNodes":[],"description":"A customizable dashboard for learners.","iconPath":null,"integrationMode":3,"IsHidden":false,"helpUrl":"/Content/Learn/User Guides/Role Based User Guides/Navigate the Learner Dashboard.htm","IsPortalPage":false,"level":2,"name":"Learner Dashboard","nodeKey":"Learner_Dashboard","ordinalPosition":"3","parentId":6,"RelyingPartyId":9,"RPKey":"ELIXHRUI","tooltip":"A customizable dashboard for learners.","url":"#/dash/learning","activitiesCount":0,"IsEmulationEnabled":false},{"Id":898,"childNodes":[],"description":"Initiatives","iconPath":null,"integrationMode":3,"IsHidden":false,"helpUrl":"/Content/Core Platform/Core Platform Guide/Configure an Onboarding Initiative.htm","IsPortalPage":false,"level":2,"name":"Initiatives","nodeKey":"self_initiatives","ordinalPosition":"4","parentId":6,"RelyingPartyId":9,"RPKey":"ELIXHRUI","tooltip":"Initiatives","url":"#/initiatives","activitiesCount":0,"IsEmulationEnabled":false},{"Id":636,"childNodes":[{"Id":176,"childNodes":[],"description":"Used to access and manage favorite learning activity and library Topics.","iconPath":null,"integrationMode":3,"IsHidden":false,"helpUrl":"/Content/Learn/WebHelp/Learner Help - Unique Topics/Manage Your Favorites.htm","IsPortalPage":false,"level":3,"name":"Favorites","nodeKey":"Learner_MenuViewFavorites","ordinalPosition":"0","parentId":636,"RelyingPartyId":2,"RPKey":"LM","tooltip":"Used to access and manage favorite learning activity and library Topics.","url":"app/taxonomy/TAX_Fav.aspx?UserMode=0","activitiesCount":0,"IsEmulationEnabled":false},{"Id":177,"childNodes":[],"description":"Used to upload or link to informational documents (such as manuals or reference materials) and share with others.","iconPath":null,"integrationMode":3,"IsHidden":false,"helpUrl":"/Content/Learn/User Guides/Role Based User Guides/Manage Knowledge Documents.htm","IsPortalPage":false,"level":3,"name":"Knowledge Documents","nodeKey":"Learner_MenuPublishKDoc","ordinalPosition":"1","parentId":636,"RelyingPartyId":2,"RPKey":"LM","tooltip":"Used to upload or link to informational documents (such as manuals or reference materials) and share with others.","url":"app/management/content/LMS_KdocList.aspx?UserMode=0","activitiesCount":0,"IsEmulationEnabled":false},{"Id":179,"childNodes":[],"description":"Used to view and complete evaluations.","iconPath":null,"integrationMode":3,"IsHidden":false,"helpUrl":"/Content/Learn/User Guides/Role Based User Guides/Complete Evaluations.htm","IsPortalPage":false,"level":3,"name":"Learning Activity Evaluations","nodeKey":"Learner_MenuEvaluations","ordinalPosition":"3","parentId":636,"RelyingPartyId":2,"RPKey":"LM","tooltip":"Used to view and complete evaluations.","url":"app/management/LMS_Evaluation.aspx?UserMode=0&Mode=0","activitiesCount":0,"IsEmulationEnabled":false},{"Id":180,"childNodes":[],"description":"Used to read and manage any Learn notifications sent to the learner.","iconPath":null,"integrationMode":3,"IsHidden":false,"helpUrl":"/Content/Learn/User Guides/Role Based User Guides/Manage E mail Messages.htm","IsPortalPage":false,"level":3,"name":"Messages","nodeKey":"Learner_MenuNotifEmails","ordinalPosition":"4","parentId":636,"RelyingPartyId":2,"RPKey":"LM","tooltip":"Used to read and manage any Learn notifications sent to the learner.","url":"app/management/LMS_ListNotifEmails.aspx?UserMode=0","activitiesCount":0,"IsEmulationEnabled":false},{"Id":183,"childNodes":[],"description":"Used to manually enter training completed outside of the Learn system.","iconPath":null,"integrationMode":3,"IsHidden":false,"helpUrl":"/Content/Learn/User Guides/Role Based User Guides/Enter Self Reported Training.htm","IsPortalPage":false,"level":3,"name":"Self-Reported Training","nodeKey":"Learner_MenuSelfReportedTraining","ordinalPosition":"7","parentId":636,"RelyingPartyId":2,"RPKey":"LM","tooltip":"Used to manually enter training completed outside of the Learn system.","url":"app/management/LMS_SelfReportedTraining.aspx?UserMode=0","activitiesCount":0,"IsEmulationEnabled":false},{"Id":185,"childNodes":[],"description":"Used to access all activities related to the learner (assigned and registered, pending, completed, and canceled).","iconPath":null,"integrationMode":3,"IsHidden":false,"helpUrl":"/Content/Learn/User Guides/Role Based User Guides/View Your Training Schedule.htm","IsPortalPage":false,"level":3,"name":"Training Schedule","nodeKey":"Learner_MenuTrainingSch","ordinalPosition":"8","parentId":636,"RelyingPartyId":2,"RPKey":"LM","tooltip":"Used to access all activities related to the learner (assigned and registered, pending, completed, and canceled).","url":"app/management/LMS_Training.aspx?UserMode=0","activitiesCount":0,"IsEmulationEnabled":false},{"Id":172,"childNodes":[],"description":"View your assigned observation checklists and, if applicable, self-asses each task and submit your assessment for approval.","iconPath":null,"integrationMode":3,"IsHidden":false,"helpUrl":"/Content/Learn/User Guides/Role Based User Guides/View and Self Assess My Observation.htm","IsPortalPage":false,"level":3,"name":"My Observation Checklists","nodeKey":"Learner_MyObservationCheckList","ordinalPosition":"11","parentId":636,"RelyingPartyId":2,"RPKey":"LM","tooltip":"View your assigned observation checklists and, if applicable, self-asses each task and submit your assessment for approval.","url":"app/../learner/observerChecklist/Index?UserMode=0","activitiesCount":0,"IsEmulationEnabled":false},{"Id":174,"childNodes":[],"description":"Used to approve or reject observation checklists to which the learner is an observer.","iconPath":null,"integrationMode":3,"IsHidden":false,"helpUrl":"/Content/Learn/User Guides/Role Based User Guides/View and Self Assess My Observation.htm","IsPortalPage":false,"level":3,"name":"Observer Checklists","nodeKey":"Learner_ObserverChecklist","ordinalPosition":"12","parentId":636,"RelyingPartyId":2,"RPKey":"LM","tooltip":"Used to approve or reject observation checklists to which the learner is an observer.","url":"app/../learner/observerChecklist/Observer?UserMode=0","activitiesCount":0,"IsEmulationEnabled":false},{"Id":1094,"childNodes":[],"description":"Provide views to learner whether EHRI request is approved or rejected.","iconPath":null,"integrationMode":3,"IsHidden":false,"helpUrl":"/Content/Learn/User Guides/Role Based User Guides/Manage Your Form Based Approvals.htm","IsPortalPage":false,"level":3,"name":"Form-Based Approval Requests","nodeKey":"Learner_MenuFormBasedApprovalRequests","ordinalPosition":"14","parentId":636,"RelyingPartyId":2,"RPKey":"LM","tooltip":"Provide views to learner whether EHRI request is approved or rejected.","url":"app/../learner/approvalworkflow/GetMyApprovalRequests","activitiesCount":0,"IsEmulationEnabled":false},{"Id":-2143,"childNodes":[],"description":"Training Requests","iconPath":null,"integrationMode":3,"IsHidden":false,"helpUrl":"/Content/Learn/WebHelp/Administrator Help/Manage Training Requests.htm","IsPortalPage":false,"level":3,"name":"Training Requests","nodeKey":"Learner_TrainingRequests","ordinalPosition":"15","parentId":636,"RelyingPartyId":2,"RPKey":"LM","tooltip":"Training Requests","url":"app/administrator/trainingrequest/ListTrainingRequest","activitiesCount":0,"IsEmulationEnabled":false}],"description":null,"iconPath":null,"integrationMode":3,"IsHidden":false,"helpUrl":null,"IsPortalPage":false,"level":2,"name":"Learning","nodeKey":"self_learning","ordinalPosition":"5","parentId":6,"RelyingPartyId":9,"RPKey":"ELIXHRUI","tooltip":null,"url":null,"activitiesCount":0,"IsEmulationEnabled":false},{"Id":637,"childNodes":[{"Id":308,"childNodes":[],"description":"Used to view Performance assessment history.","iconPath":null,"integrationMode":3,"IsHidden":false,"helpUrl":"/Content/Talent/Performance and Goals/Manage a User s Performance.htm","IsPortalPage":false,"level":3,"name":"My Assessments","nodeKey":"performance_myassessments","ordinalPosition":"1","parentId":637,"RelyingPartyId":5,"RPKey":"TM","tooltip":"Used to view Performance assessment history.","url":"scripts/lightyearisapi.dll?tasklst&crit_taskview_modulecd=performance&ttlnmcd=12507&employeepicker=portalgroupid%3dperformance%26portalitemid%3dmyassessments","activitiesCount":0,"IsEmulationEnabled":false},{"Id":309,"childNodes":[],"description":"Used to access observation checklists assigned to the learner.","iconPath":null,"integrationMode":3,"IsHidden":false,"helpUrl":"/Content/Talent/Performance and Goals/Manage personal Goals for_1.htm","IsPortalPage":false,"level":3,"name":"My Goals","nodeKey":"performance_mygoals","ordinalPosition":"2","parentId":637,"RelyingPartyId":5,"RPKey":"TM","tooltip":"Used to access observation checklists assigned to the learner.","url":"scripts/lightyearisapi.dll?matrixgoallist&sdatanavid=mygoals&sdatanavroot=1&sdatanavnmcd=61428&sdatatypcd=5005&sdataaction=view&matrixgoallist_sortcolumn=sdb_matrixgoal_goaldesctxt&matrixgoallist_sortorder=ASC&employeepicker=portalgroupid%3dperformance%26portalitemid%3dmygoals","activitiesCount":0,"IsEmulationEnabled":false},{"Id":286,"childNodes":[],"description":"Used to view and manage organization and personal goals, as well as the goals of any users to whom you have access.","iconPath":null,"integrationMode":3,"IsHidden":false,"helpUrl":"/Content/Talent/Performance and Goals/Manage Personal Goals for.htm","IsPortalPage":false,"level":3,"name":"Goal Explorer","nodeKey":"performance_goalexplorer","ordinalPosition":"4","parentId":637,"RelyingPartyId":5,"RPKey":"TM","tooltip":"Used to view and manage organization and personal goals, as well as the goals of any users to whom you have access.","url":"scripts/lightyearisapi.dll?webapicommand=processtask&sdataobjtyp=0&sdatatypcd=5100&sdatahierid=&sdatahierlevel=&sdatahiercode=&page=w&sdataevntid=0&employeepicker=portalgroupid%3dperformance%26portalitemid%3dgoalexplorer","activitiesCount":0,"IsEmulationEnabled":false},{"Id":186,"childNodes":[],"description":"Used to upload offline 360 Feedback forms.","iconPath":null,"integrationMode":3,"IsHidden":false,"helpUrl":"/Content/Talent/360 Feedback/Upload an Offline 360 Feedback.htm","IsPortalPage":false,"level":3,"name":"Upload Form","nodeKey":"performance_uploadform","ordinalPosition":"5","parentId":637,"RelyingPartyId":5,"RPKey":"TM","tooltip":"Used to upload offline 360 Feedback forms.","url":"scripts/lightyearisapi.dll?parsetemplate&template=home/upload.htm&employeepicker=portalgroupid%3dperformance%26portalitemid%3duploadform","activitiesCount":0,"IsEmulationEnabled":false},{"Id":-1115,"childNodes":[],"description":"Used to view Performance Snapshots","iconPath":null,"integrationMode":3,"IsHidden":false,"helpUrl":null,"IsPortalPage":false,"level":3,"name":"Performance Snapshots","nodeKey":"self_hrlyassessment","ordinalPosition":"6","parentId":637,"RelyingPartyId":9,"RPKey":"ELIXHRUI","tooltip":"Used to view Performance Snapshots","url":"#/administration/applications/common/hourlyassessment","activitiesCount":0,"IsEmulationEnabled":false}],"description":null,"iconPath":null,"integrationMode":3,"IsHidden":false,"helpUrl":null,"IsPortalPage":false,"level":2,"name":"Performance","nodeKey":"self_performance","ordinalPosition":"6","parentId":6,"RelyingPartyId":9,"RPKey":"ELIXHRUI","tooltip":null,"url":null,"activitiesCount":0,"IsEmulationEnabled":false},{"Id":634,"childNodes":[{"Id":242,"childNodes":[],"description":"Used to access the Development dashboard and reportlets.","iconPath":null,"integrationMode":3,"IsHidden":false,"helpUrl":"/Content/Talent/Common Functions/Manage Talent Module Dashboards.htm","IsPortalPage":false,"level":3,"name":"Dashboard","nodeKey":"development_developmentdashboard","ordinalPosition":"0","parentId":634,"RelyingPartyId":5,"RPKey":"TM","tooltip":"Used to access the Development dashboard and reportlets.","url":"scripts/lightyearisapi.dll?processtask&sdatatypcd=26022&sdataevntid=0&employeepicker=portalgroupid%3ddevelopment%26portalitemid%3ddevelopmentdashboard","activitiesCount":0,"IsEmulationEnabled":false},{"Id":1088,"childNodes":[],"description":"Used to manage career plan","iconPath":null,"integrationMode":3,"IsHidden":false,"helpUrl":"/Content/Core Platform/Core Platform Guide/Develop and Manage a Career.htm","IsPortalPage":false,"level":3,"name":"My Career Path","nodeKey":"development_careerplan","ordinalPosition":"2","parentId":634,"RelyingPartyId":9,"RPKey":"ELIXHRUI","tooltip":"Used to manage career plan","url":"#/careerplan","activitiesCount":0,"IsEmulationEnabled":false},{"Id":756,"childNodes":[],"description":"Used to access your Development Plan, used to track and assign tasks that can help you grow and develop in your career.","iconPath":null,"integrationMode":3,"IsHidden":false,"helpUrl":"/Content/Core Platform/Core Platform Guide/As an Individual Contributor.htm","IsPortalPage":false,"level":3,"name":"My Development Plan","nodeKey":"self_developmentplan","ordinalPosition":"3","parentId":634,"RelyingPartyId":9,"RPKey":"ELIXHRUI","tooltip":"Used to access your Development Plan, used to track and assign tasks that can help you grow and develop in your career.","url":"#/devplan","activitiesCount":0,"IsEmulationEnabled":false},{"Id":-1107,"childNodes":[],"description":"Competency Profile","iconPath":null,"integrationMode":3,"IsHidden":false,"helpUrl":"/Content/Core Platform/Core Platform Guide/View Your Competency Profile.htm","IsPortalPage":false,"level":3,"name":"Competency Profile","nodeKey":"Competency_Profile","ordinalPosition":"4","parentId":634,"RelyingPartyId":9,"RPKey":"ELIXHRUI","tooltip":"Competency Profile","url":"#/competencyprofile","activitiesCount":0,"IsEmulationEnabled":false},{"Id":238,"childNodes":[],"description":"Used to manage individual skill sets and requirements.","iconPath":null,"integrationMode":3,"IsHidden":false,"helpUrl":"/Content/Learn/User Guides/Role Based User Guides/Manage Your Skills.htm","IsPortalPage":false,"level":3,"name":"Skill Analysis","nodeKey":"Learner_MenuSkillAnalysis","ordinalPosition":"10","parentId":634,"RelyingPartyId":2,"RPKey":"LM","tooltip":"Used to manage individual skill sets and requirements.","url":"app/management/LMS_SkillGap.aspx?UserMode=0","activitiesCount":0,"IsEmulationEnabled":false},{"Id":162,"childNodes":[],"description":"Used to view your 360 Feedback assessment history.","iconPath":null,"integrationMode":3,"IsHidden":false,"helpUrl":"/Content/Talent/360 Feedback/Manage a User s 360 Feedback.htm","IsPortalPage":false,"level":3,"name":"My Assessments","nodeKey":"development_myassessments","ordinalPosition":"11","parentId":634,"RelyingPartyId":5,"RPKey":"TM","tooltip":"Used to view your 360 Feedback assessment history.","url":"scripts/lightyearisapi.dll?tasklst&crit_taskview_modulecd=360&ttlnmcd=80098&employeepicker=portalgroupid%3ddevelopment%26portalitemid%3dmyassessments","activitiesCount":0,"IsEmulationEnabled":false},{"Id":171,"childNodes":[],"description":"Used to view any continuing education requirements.","iconPath":null,"integrationMode":3,"IsHidden":false,"helpUrl":"/Content/Learn/User Guides/Continuing Education (CE) User Guide/Access Your CE Activities.htm","IsPortalPage":false,"level":3,"name":"CE Requirement Analysis","nodeKey":"Learner_MenuCERequirementAnalysis","ordinalPosition":"14","parentId":634,"RelyingPartyId":2,"RPKey":"LM","tooltip":"Used to view any continuing education requirements.","url":"app/management/LMS_CE_RequirementAnalysis.aspx?UserMode=0","activitiesCount":0,"IsEmulationEnabled":false},{"Id":175,"childNodes":[],"description":"Used to view assigned learning activities.","iconPath":null,"integrationMode":3,"IsHidden":false,"helpUrl":"/Content/Learn/User Guides/Role Based User Guides/Conduct a Training Analysis.htm","IsPortalPage":false,"level":3,"name":"Training Analysis","nodeKey":"Learner_MenuTrainingAnalysis","ordinalPosition":"16","parentId":634,"RelyingPartyId":2,"RPKey":"LM","tooltip":"Used to view assigned learning activities.","url":"app/management/LMS_TrainRequired.aspx?UserMode=0","activitiesCount":0,"IsEmulationEnabled":false}],"description":null,"iconPath":null,"integrationMode":3,"IsHidden":false,"helpUrl":null,"IsPortalPage":false,"level":2,"name":"Development","nodeKey":"self_development","ordinalPosition":"7","parentId":6,"RelyingPartyId":9,"RPKey":"ELIXHRUI","tooltip":null,"url":null,"activitiesCount":0,"IsEmulationEnabled":false},{"Id":639,"childNodes":[{"Id":311,"childNodes":[],"description":"Used to view Succession project assessment history.","iconPath":null,"integrationMode":3,"IsHidden":false,"helpUrl":"/Content/Talent/Succession/Manage a User s Succession.htm","IsPortalPage":false,"level":3,"name":"My Assessments","nodeKey":"succession_myassessments","ordinalPosition":"1","parentId":639,"RelyingPartyId":5,"RPKey":"TM","tooltip":"Used to view Succession project assessment history.","url":"scripts/lightyearisapi.dll?tasklst&crit_taskview_modulecd=succession&ttlnmcd=14116&employeepicker=portalgroupid%3dsuccession%26portalitemid%3dmyassessments","activitiesCount":0,"IsEmulationEnabled":false}],"description":"Used to manage Succession components, such as surveys, processes, and designers.","iconPath":null,"integrationMode":3,"IsHidden":false,"helpUrl":"/Content/Talent/Succession/Succession Overview.htm","IsPortalPage":false,"level":2,"name":"Succession","nodeKey":"self_succession","ordinalPosition":"12","parentId":6,"RelyingPartyId":9,"RPKey":"ELIXHRUI","tooltip":"Used to manage Succession components, such as surveys, processes, and designers.","url":null,"activitiesCount":0,"IsEmulationEnabled":false},{"Id":632,"childNodes":[{"Id":158,"childNodes":[],"description":"Collaboration Centers are an obsolete feature, so keep this page hidden.","iconPath":null,"integrationMode":3,"IsHidden":false,"helpUrl":null,"IsPortalPage":false,"level":3,"name":"Communities","nodeKey":"Learner_MenuCommunities","ordinalPosition":"0","parentId":632,"RelyingPartyId":2,"RPKey":"LM","tooltip":"Collaboration Centers are an obsolete feature, so keep this page hidden.","url":"app/social/CommunityList.aspx","activitiesCount":0,"IsEmulationEnabled":false},{"Id":159,"childNodes":[],"description":"Collaboration Centers are an obsolete feature, so keep this page hidden.","iconPath":null,"integrationMode":3,"IsHidden":false,"helpUrl":null,"IsPortalPage":false,"level":3,"name":"Community Updates","nodeKey":"Learner_MenuCommunityUpdates","ordinalPosition":"1","parentId":632,"RelyingPartyId":2,"RPKey":"LM","tooltip":"Collaboration Centers are an obsolete feature, so keep this page hidden.","url":"app/management/Social_CommunityUpdates.aspx","activitiesCount":0,"IsEmulationEnabled":false},{"Id":1101,"childNodes":[],"description":"Continuous review landing page.","iconPath":null,"integrationMode":3,"IsHidden":false,"helpUrl":"/Content/Core Platform/Core Platform Guide/Using Continuous Feedback.htm","IsPortalPage":false,"level":3,"name":"Continuous Feedback","nodeKey":"self_continuousreview","ordinalPosition":"2","parentId":632,"RelyingPartyId":9,"RPKey":"ELIXHRUI","tooltip":"Continuous review landing page.","url":"#/continuousfeedback/dashboard","activitiesCount":0,"IsEmulationEnabled":false},{"Id":-2179,"childNodes":[],"description":"Social Communities","iconPath":null,"integrationMode":3,"IsHidden":false,"helpUrl":"/Content/Core Platform/Core Platform Guide/Using Social.htm","IsPortalPage":false,"level":3,"name":"Social Communities","nodeKey":"SOCIAL_COMMUNITIES","ordinalPosition":"3","parentId":632,"RelyingPartyId":9,"RPKey":"ELIXHRUI","tooltip":"Social Communities","url":"#/socialCommunities","activitiesCount":0,"IsEmulationEnabled":false}],"description":null,"iconPath":null,"integrationMode":3,"IsHidden":false,"helpUrl":null,"IsPortalPage":false,"level":2,"name":"Collaboration","nodeKey":"self_collaboration","ordinalPosition":"14","parentId":6,"RelyingPartyId":9,"RPKey":"ELIXHRUI","tooltip":null,"url":null,"activitiesCount":0,"IsEmulationEnabled":false},{"Id":638,"childNodes":[{"Id":352,"childNodes":[],"description":"Used to access Advanced Reporting.","iconPath":null,"integrationMode":3,"IsHidden":false,"helpUrl":null,"IsPortalPage":false,"level":3,"name":"Advanced Reporting","nodeKey":"Advanced_Reporting","ordinalPosition":"0","parentId":638,"RelyingPartyId":10,"RPKey":"AdvancedReport","tooltip":"Used to access Advanced Reporting.","url":"https://CL08SALES.sumtotaldevelopment.net/jasperserver-pro","activitiesCount":0,"IsEmulationEnabled":false},{"Id":695,"childNodes":[],"description":"This is Learn legacy link and should remain hidden. Use the Self >Reporting >Training Transcript instead.","iconPath":null,"integrationMode":3,"IsHidden":false,"helpUrl":null,"IsPortalPage":false,"level":3,"name":"Training Transcript","nodeKey":"Learner_MenuTrainingTranscript","ordinalPosition":"3","parentId":638,"RelyingPartyId":2,"RPKey":"LM","tooltip":"This is Learn legacy link and should remain hidden. Use the Self >Reporting >Training Transcript instead.","url":"app/management/LMS_LearnerReports.aspx?UserMode=0&Mode=1","activitiesCount":0,"IsEmulationEnabled":false}],"description":null,"iconPath":null,"integrationMode":3,"IsHidden":false,"helpUrl":null,"IsPortalPage":false,"level":2,"name":"Reporting","nodeKey":"self_reporting","ordinalPosition":"15","parentId":6,"RelyingPartyId":9,"RPKey":"ELIXHRUI","tooltip":null,"url":null,"activitiesCount":0,"IsEmulationEnabled":false},{"Id":894,"childNodes":[],"description":"Used to display team hierarchy.","iconPath":null,"integrationMode":3,"IsHidden":false,"helpUrl":"/Content/Core Platform/Core Platform Guide/View My Team.htm","IsPortalPage":false,"level":2,"name":"My Team","nodeKey":"self_myteam","ordinalPosition":"16","parentId":6,"RelyingPartyId":9,"RPKey":"ELIXHRUI","tooltip":"Used to display team hierarchy.","url":"#/organization","activitiesCount":0,"IsEmulationEnabled":false},{"Id":701,"childNodes":[],"description":"Used to view and record personal notes.","iconPath":null,"integrationMode":3,"IsHidden":false,"helpUrl":"/Content/Talent/Common Functions/Record Personal Notes.htm","IsPortalPage":false,"level":2,"name":"Notes","nodeKey":"main_notes","ordinalPosition":"17","parentId":6,"RelyingPartyId":5,"RPKey":"TM","tooltip":"Used to view and record personal notes.","url":"scripts/lightyearisapi.dll?processtask&sdataobjtyp=0&sdataevntid=0&sdatatypcd=22&sdataacttypcd=23&sdataprnttypcd=&sdataprntactid=&sdatarecipid=#{personpk}&sdatarsrcid=#{personpk}&bmulti=0&bhasparent=0&employeepicker=portalgroupid%3dmain%26portalitemid%3dnotes","activitiesCount":0,"IsEmulationEnabled":false},{"Id":-1119,"childNodes":[],"description":"See the top Gamification scores","iconPath":null,"integrationMode":3,"IsHidden":false,"helpUrl":"/Content/Core Platform/Core Platform Guide/View the Leaderboard.htm","IsPortalPage":false,"level":2,"name":"Leaderboards","nodeKey":"self_leaderboard","ordinalPosition":"18","parentId":6,"RelyingPartyId":14,"RPKey":"GAM","tooltip":"See the top Gamification scores","url":"#/gamification/leaderBoard","activitiesCount":0,"IsEmulationEnabled":false},{"Id":651,"childNodes":[],"description":"Used to change questions and answers used to recover a forgotten password.","iconPath":null,"integrationMode":3,"IsHidden":false,"helpUrl":"/Content/Core Platform/Core Platform Guide/Change Answers to Your Password.htm","IsPortalPage":false,"level":2,"name":"Change Security Questions","nodeKey":"self_questions","ordinalPosition":"21","parentId":6,"RelyingPartyId":9,"RPKey":"ELIXHRUI","tooltip":"Used to change questions and answers used to recover a forgotten password.","url":"#/usersecurityquestion","activitiesCount":0,"IsEmulationEnabled":false},{"Id":8,"childNodes":[],"description":"Used to log out of the system.","iconPath":"fa fa-sign-out","integrationMode":3,"IsHidden":false,"helpUrl":null,"IsPortalPage":false,"level":2,"name":"Signout","nodeKey":"menu_signout","ordinalPosition":"23","parentId":6,"RelyingPartyId":9,"RPKey":"ELIXHRUI","tooltip":"Used to log out of the system.","url":"https://$HOST_NAME/Broker/Token/Saml11.ashx?wa=wsignout1.0&wtrealm=https://CL08SALES.sumtotaldevelopment.net/core/","activitiesCount":0,"IsEmulationEnabled":false}],"description":null,"iconPath":"fa-user","integrationMode":3,"IsHidden":false,"helpUrl":"/Content/Core Platform/Core Platform Guide/My Profile.htm","IsPortalPage":false,"level":1,"name":"Self","nodeKey":"self_header","ordinalPosition":"0","parentId":null,"RelyingPartyId":9,"RPKey":"ELIXHRUI","tooltip":null,"url":"#/dash/profile","activitiesCount":0,"IsEmulationEnabled":false},{"Id":332,"childNodes":[],"description":"Used to access the Learn content library.","iconPath":"fa-library-custom","integrationMode":3,"IsHidden":false,"helpUrl":"/Content/Learn/User Guides/Role Based User Guides/Access the Library to Find.htm","IsPortalPage":false,"level":1,"name":"Library","nodeKey":"Learner_MenuTaxonomy","ordinalPosition":"2","parentId":null,"RelyingPartyId":9,"RPKey":"ELIXHRUI","tooltip":"Used to access the Learn content library.","url":"#/library","activitiesCount":0,"IsEmulationEnabled":false},{"Id":3,"childNodes":[],"description":"Displays the log in the Header menu, used to access the home dashboard.","iconPath":null,"integrationMode":3,"IsHidden":false,"helpUrl":"/Content/Core Platform/Core Platform Guide/Dashboards.htm","IsPortalPage":false,"level":1,"name":"Home","nodeKey":"home_header","ordinalPosition":"4","parentId":null,"RelyingPartyId":9,"RPKey":"ELIXHRUI","tooltip":"Displays the log in the Header menu, used to access the home dashboard.","url":"#","activitiesCount":0,"IsEmulationEnabled":false},{"Id":5,"childNodes":[],"description":"Used to access Enterprise Search.","iconPath":"fa fa-search","integrationMode":3,"IsHidden":false,"helpUrl":"/Content/Core Platform/Core Platform Guide/Using Enterprise Search.htm","IsPortalPage":false,"level":1,"name":"Search","nodeKey":"search_header","ordinalPosition":"5","parentId":null,"RelyingPartyId":9,"RPKey":"ELIXHRUI","tooltip":"Used to access Enterprise Search.","url":"#/search","activitiesCount":0,"IsEmulationEnabled":false},{"Id":2,"childNodes":[],"description":"Used to open the personal Alerts Timeline.","iconPath":"fa fa-list-ul","integrationMode":3,"IsHidden":false,"helpUrl":"/Content/Core Platform/Core Platform Guide/View Your Timeline and Alerts.htm","IsPortalPage":false,"level":1,"name":"Alert","nodeKey":"alert_header","ordinalPosition":"6","parentId":null,"RelyingPartyId":9,"RPKey":"ELIXHRUI","tooltip":"Used to open the personal Alerts Timeline.","url":null,"activitiesCount":0,"IsEmulationEnabled":false},{"Id":668,"childNodes":[],"description":"Used to access online help.","iconPath":"fa fa-question-circle","integrationMode":3,"IsHidden":false,"helpUrl":null,"IsPortalPage":false,"level":1,"name":"Help","nodeKey":"help_header","ordinalPosition":"7","parentId":null,"RelyingPartyId":9,"RPKey":"ELIXHRUI","tooltip":"Used to access online help.","url":null,"activitiesCount":0,"IsEmulationEnabled":false},{"Id":880,"childNodes":[],"description":null,"iconPath":"fa fa-shoppingcart","integrationMode":3,"IsHidden":false,"helpUrl":"/Content/Learn/User Guides/E-Com and EE Guide/Shop for Extended Enterprise.htm","IsPortalPage":false,"level":1,"name":"Shopping Cart","nodeKey":"cart_header","ordinalPosition":"8","parentId":null,"RelyingPartyId":2,"RPKey":"LM","tooltip":null,"url":"app/core/shoppingcart/checkout","activitiesCount":0,"IsEmulationEnabled":false}],"PillarsByKey":{"Expense":{"changePasswordUrl":"http://cl08sales.sumtotaldevelopment.net/portalWS/services/passwordManagementService","forgotPasswordUrl":"http://cl08sales.sumtotaldevelopment.net/expense/session.do?method=forgotPassword","hasMyTasks":false,"hasPortalHomescreen":true,"hasSitemap":true,"homescreenPath":"Expense.aspx","id":1,"isEnabled":false,"isMaster":false,"isPillar":true,"loginEndpoint":"","logOffEndpoint":"","logOffUrl":"http://cl08sales.sumtotaldevelopment.net/LogOff.aspx","name":"Expense","realm":"SUMT:CL08_SALES_TEST_Expense","rpKey":"Expense","serviceUrl":null,"sitemapOrdinalPosition":6,"tenantKey":null,"url":"http://cl08sales.sumtotaldevelopment.net/","webServiceRootUrl":null,"requiresSeperateIFrame":false,"iframeUrl":null},"LM":{"changePasswordUrl":"https://CL08SALES.sumtotaldevelopment.net/learning/UserManagement.svc","forgotPasswordUrl":"https://CL08SALES.sumtotaldevelopment.net/learning/app/LMS_ForgottenPWD.aspx","hasMyTasks":false,"hasPortalHomescreen":true,"hasSitemap":true,"homescreenPath":"LM.aspx","id":2,"isEnabled":true,"isMaster":false,"isPillar":true,"loginEndpoint":"","logOffEndpoint":"","logOffUrl":"https://CL08SALES.sumtotaldevelopment.net/learning/app/SYS_login.aspx?Exit=1","name":"Learning","realm":"https://CL08SALES.sumtotaldevelopment.net/learning/","rpKey":"LM","serviceUrl":null,"sitemapOrdinalPosition":0,"tenantKey":null,"url":"https://CL08SALES.sumtotaldevelopment.net/learning/","webServiceRootUrl":null,"requiresSeperateIFrame":false,"iframeUrl":null},"MaestroLM":{"changePasswordUrl":"http://cl08sales.sumtotaldevelopment.net/ApplicationPillar/NotYetSupported","forgotPasswordUrl":"http://cl08sales.sumtotaldevelopment.net/ApplicationPillar/forgetpass.geo","hasMyTasks":false,"hasPortalHomescreen":false,"hasSitemap":true,"homescreenPath":"myhome.geo","id":3,"isEnabled":false,"isMaster":false,"isPillar":true,"loginEndpoint":"","logOffEndpoint":"","logOffUrl":"http://cl08sales.sumtotaldevelopment.net/ApplicationPillar/logout.geo","name":"Maestro","realm":"SUMT:CL08_SALES_TEST_MaestroLM","rpKey":"MaestroLM","serviceUrl":null,"sitemapOrdinalPosition":3,"tenantKey":null,"url":"http://cl08sales.sumtotaldevelopment.net/ApplicationPillar/","webServiceRootUrl":null,"requiresSeperateIFrame":false,"iframeUrl":null},"PayrollSS":{"changePasswordUrl":"http://cl08sales.sumtotaldevelopment.net/payroll/NotYetSupported","forgotPasswordUrl":"http://cl08sales.sumtotaldevelopment.net/payroll/SelfService?node=Login&direction=Reset","hasMyTasks":false,"hasPortalHomescreen":true,"hasSitemap":true,"homescreenPath":"PayrollSS.aspx","id":4,"isEnabled":false,"isMaster":false,"isPillar":true,"loginEndpoint":"","logOffEndpoint":"","logOffUrl":"http://cl08sales.sumtotaldevelopment.net/payroll/SelfService?node=logout","name":"Payroll Self Service","realm":"SUMT:CL08_SALES_TEST_PayrollSS","rpKey":"PayrollSS","serviceUrl":null,"sitemapOrdinalPosition":4,"tenantKey":null,"url":"http://cl08sales.sumtotaldevelopment.net/payroll/","webServiceRootUrl":null,"requiresSeperateIFrame":false,"iframeUrl":null},"TM":{"changePasswordUrl":"https://CL08SALES.sumtotaldevelopment.net/scripts/lightyearisapi.dll?soapprocess2","forgotPasswordUrl":"https://CL08SALES.sumtotaldevelopment.net/scripts/lightyearisapi.dll?webapicommand=outputresource&amp;resource=login/forgottenpassword.htm&amp;clientcd=47&amp;lngcd=0&amp;siteid=internal","hasMyTasks":false,"hasPortalHomescreen":true,"hasSitemap":true,"homescreenPath":"TM.aspx","id":5,"isEnabled":true,"isMaster":false,"isPillar":true,"loginEndpoint":"","logOffEndpoint":"","logOffUrl":"https://CL08SALES.sumtotaldevelopment.net/scripts/lightyearisapi.dll?logoff","name":"Talent","realm":"https://CL08SALES.sumtotaldevelopment.net/","rpKey":"TM","serviceUrl":null,"sitemapOrdinalPosition":1,"tenantKey":null,"url":"https://CL08SALES.sumtotaldevelopment.net/","webServiceRootUrl":null,"requiresSeperateIFrame":true,"iframeUrl":"https://CL08SALES.sumtotaldevelopment.net//scripts/lightyearisapi.dll?buildworkspaceframeset&portal=1&tenantkey=CL08_SALES_TEST"},"WFM":{"changePasswordUrl":"https://wfmrc182.sumtotaldemo.net/ws/soap/","forgotPasswordUrl":"https://wfmrc182.sumtotaldemo.net/wfm/forgotpassword","hasMyTasks":false,"hasPortalHomescreen":true,"hasSitemap":true,"homescreenPath":"WFM.aspx","id":6,"isEnabled":false,"isMaster":false,"isPillar":true,"loginEndpoint":"","logOffEndpoint":"","logOffUrl":"https://wfmrc182.sumtotaldemo.net/wfm/logout/?otherapps","name":"WFM","realm":"https://wfm.sumtotalsystems.com/MASTER_PROD","rpKey":"WFM","serviceUrl":null,"sitemapOrdinalPosition":2,"tenantKey":null,"url":"https://wfmrc182.sumtotaldemo.net/","webServiceRootUrl":null,"requiresSeperateIFrame":false,"iframeUrl":null},"Analytics":{"changePasswordUrl":"https://supp-bi-master.sumtotaldemo.net/ibmcognos/NotYetSupported","forgotPasswordUrl":"https://supp-bi-master.sumtotaldemo.net/ibmcognos/NotYetSupported","hasMyTasks":false,"hasPortalHomescreen":false,"hasSitemap":false,"homescreenPath":null,"id":7,"isEnabled":true,"isMaster":false,"isPillar":false,"loginEndpoint":"","logOffEndpoint":"","logOffUrl":"https://supp-bi-master.sumtotaldemo.net/ibmcognos/cgi-bin/cognosisapi.dll?b_action=xts.run&m=portal/logoff.xts&h_CAM_action=logoff","name":"Analytics","realm":"https://supp-bi-master.sumtotaldemo.net/ibmcognos/","rpKey":"Analytics","serviceUrl":null,"sitemapOrdinalPosition":-1,"tenantKey":null,"url":"https://supp-bi-master.sumtotaldemo.net/ibmcognos/cgi-bin/cognosisapi.dll","webServiceRootUrl":null,"requiresSeperateIFrame":false,"iframeUrl":null},"PayrollFF":{"changePasswordUrl":"http://cl08sales.sumtotaldevelopment.net/ApplicationPillar/NotYetSupported","forgotPasswordUrl":"http://cl08sales.sumtotaldevelopment.net/ApplicationPillar/NotYetSupported","hasMyTasks":false,"hasPortalHomescreen":false,"hasSitemap":false,"homescreenPath":null,"id":8,"isEnabled":false,"isMaster":false,"isPillar":false,"loginEndpoint":"","logOffEndpoint":"","logOffUrl":"http://cl08sales.sumtotaldevelopment.net:8080/LogOff.aspx","name":"Payroll Fast Forward","realm":"SUMT:CL08_SALES_TEST_PayrollFF","rpKey":"PayrollFF","serviceUrl":null,"sitemapOrdinalPosition":5,"tenantKey":null,"url":"http://cl08sales.sumtotaldevelopment.net:8080/","webServiceRootUrl":null,"requiresSeperateIFrame":false,"iframeUrl":null},"ELIXHRUI":{"changePasswordUrl":"https://CL08SALES.sumtotaldevelopment.net/core/NotYetSupported","forgotPasswordUrl":"https://CL08SALES.sumtotaldevelopment.net/core/NotYetSupported","hasMyTasks":false,"hasPortalHomescreen":false,"hasSitemap":false,"homescreenPath":null,"id":9,"isEnabled":true,"isMaster":true,"isPillar":false,"loginEndpoint":"","logOffEndpoint":"","logOffUrl":"https://CL08SALES.sumtotaldevelopment.net/core/publicaccess/logoff","name":"elixHR UI","realm":"https://CL08SALES.sumtotaldevelopment.net/core/","rpKey":"ELIXHRUI","serviceUrl":null,"sitemapOrdinalPosition":0,"tenantKey":null,"url":"https://CL08SALES.sumtotaldevelopment.net/core/","webServiceRootUrl":null,"requiresSeperateIFrame":false,"iframeUrl":null},"AdvancedReport":{"changePasswordUrl":"https://CL08SALES.sumtotaldevelopment.net/jasperserver-pro","forgotPasswordUrl":"https://CL08SALES.sumtotaldevelopment.net/jasperserver-pro","hasMyTasks":false,"hasPortalHomescreen":false,"hasSitemap":false,"homescreenPath":null,"id":10,"isEnabled":true,"isMaster":false,"isPillar":false,"loginEndpoint":"","logOffEndpoint":"","logOffUrl":"https://CL08SALES.sumtotaldevelopment.net/jasperserver-pro/exituser.html","name":"Advanced Reporting","realm":"https://CL08SALES.sumtotaldevelopment.net/jasperserver-pro","rpKey":"AdvancedReport","serviceUrl":null,"sitemapOrdinalPosition":0,"tenantKey":null,"url":"https://CL08SALES.sumtotaldevelopment.net/jasperserver-pro","webServiceRootUrl":null,"requiresSeperateIFrame":false,"iframeUrl":null},"JobBoard":{"changePasswordUrl":"https://CL08SALES.sumtotaldevelopment.net/Careers/reset","forgotPasswordUrl":"https://CL08SALES.sumtotaldevelopment.net/Careers/NotYetSupported","hasMyTasks":false,"hasPortalHomescreen":false,"hasSitemap":false,"homescreenPath":null,"id":11,"isEnabled":true,"isMaster":false,"isPillar":false,"loginEndpoint":"","logOffEndpoint":"","logOffUrl":"https://CL08SALES.sumtotaldevelopment.net/Careers/signout","name":"External Job Board","realm":"https://CL08SALES.sumtotaldevelopment.net/Careers/","rpKey":"JobBoard","serviceUrl":null,"sitemapOrdinalPosition":0,"tenantKey":null,"url":"https://CL08SALES.sumtotaldevelopment.net/Careers/","webServiceRootUrl":null,"requiresSeperateIFrame":false,"iframeUrl":null},"JobBoardPWA":{"changePasswordUrl":"https://CL08SALES.sumtotaldevelopment.net/PWA/reset","forgotPasswordUrl":"https://CL08SALES.sumtotaldevelopment.net/PWA/NotYetSupported","hasMyTasks":false,"hasPortalHomescreen":false,"hasSitemap":false,"homescreenPath":null,"id":12,"isEnabled":true,"isMaster":false,"isPillar":false,"loginEndpoint":"","logOffEndpoint":"","logOffUrl":"https://CL08SALES.sumtotaldevelopment.net/PWA/signout","name":"External Job Board PWA","realm":"https://CL08SALES.sumtotaldevelopment.net/PWA/","rpKey":"JobBoardPWA","serviceUrl":null,"sitemapOrdinalPosition":0,"tenantKey":null,"url":"https://CL08SALES.sumtotaldevelopment.net/PWA/","webServiceRootUrl":null,"requiresSeperateIFrame":false,"iframeUrl":null},"ContentEngine":{"changePasswordUrl":"https://CL08SALES.sumtotaldevelopment.net/core/NotYetSupported","forgotPasswordUrl":"https://CL08SALES.sumtotaldevelopment.net/core/NotYetSupported","hasMyTasks":false,"hasPortalHomescreen":false,"hasSitemap":false,"homescreenPath":null,"id":13,"isEnabled":true,"isMaster":false,"isPillar":true,"loginEndpoint":"","logOffEndpoint":"","logOffUrl":"https://CL08SALES.sumtotaldevelopment.net/contentengine/NotApplicable","name":"Content Engine","realm":"https://CL08SALES.sumtotaldevelopment.net/contentengine/","rpKey":"ContentEngine","serviceUrl":null,"sitemapOrdinalPosition":0,"tenantKey":null,"url":"https://CL08SALES.sumtotaldevelopment.net/contentengine/","webServiceRootUrl":null,"requiresSeperateIFrame":false,"iframeUrl":null},"GAM":{"changePasswordUrl":"http://CL-UGM08A:3000/api/gamification/NotYetSupported","forgotPasswordUrl":"http://CL-UGM08A:3000/api/gamification/NotYetSupported","hasMyTasks":false,"hasPortalHomescreen":false,"hasSitemap":false,"homescreenPath":null,"id":14,"isEnabled":true,"isMaster":false,"isPillar":false,"loginEndpoint":"","logOffEndpoint":"","logOffUrl":"http://CL-UGM08A:3000/api/gamification/NotYetSupported","name":"Gamification Service","realm":"http://CL-UGM08A:3000/api/gamification","rpKey":"GAM","serviceUrl":null,"sitemapOrdinalPosition":0,"tenantKey":null,"url":"http://CL-UGM08A:3000/api/gamification","webServiceRootUrl":null,"requiresSeperateIFrame":false,"iframeUrl":null},"BrowserExtension":{"changePasswordUrl":"https://CL08SALES.sumtotaldevelopment.net/core/NotYetSupported","forgotPasswordUrl":"https://CL08SALES.sumtotaldevelopment.net/core/NotYetSupported","hasMyTasks":false,"hasPortalHomescreen":false,"hasSitemap":false,"homescreenPath":null,"id":15,"isEnabled":true,"isMaster":false,"isPillar":true,"loginEndpoint":"","logOffEndpoint":"","logOffUrl":"https://CL08SALES.sumtotaldevelopment.net/browserextension/NotApplicable","name":"Browser Extension","realm":"https://CL08SALES.sumtotaldevelopment.net/browserextension/","rpKey":"BrowserExtension","serviceUrl":null,"sitemapOrdinalPosition":0,"tenantKey":null,"url":"https://CL08SALES.sumtotaldevelopment.net/browserextension/","webServiceRootUrl":null,"requiresSeperateIFrame":false,"iframeUrl":null}}},"dashboardSitemap":{"Hash":"2035283543","IsChanged":true,"KeyedHomePages":{},"Nodes":[{"Id":-1117,"childNodes":[{"Id":-1,"childNodes":[{"Id":-287,"childNodes":[],"description":"About DashBoard","iconPath":null,"integrationMode":1,"IsHidden":false,"helpUrl":null,"IsPortalPage":false,"level":3,"name":"DBP_195646_12pm","nodeKey":"dashboard_287_DBP_195646_12pm","ordinalPosition":null,"parentId":1,"RelyingPartyId":9,"RPKey":"ELIXHRUI","tooltip":null,"url":"#/dash/home/DBP_195646_12pm","activitiesCount":0,"IsEmulationEnabled":false},{"Id":-309,"childNodes":[],"description":"DashBoard1","iconPath":null,"integrationMode":1,"IsHidden":false,"helpUrl":null,"IsPortalPage":false,"level":3,"name":"DB1_224641_12pm","nodeKey":"dashboard_309_DB1_224641_12pm","ordinalPosition":null,"parentId":1,"RelyingPartyId":9,"RPKey":"ELIXHRUI","tooltip":null,"url":"#/dash/home/DB1_224641_12pm","activitiesCount":0,"IsEmulationEnabled":false},{"Id":-310,"childNodes":[],"description":"DashBoard1","iconPath":null,"integrationMode":1,"IsHidden":false,"helpUrl":null,"IsPortalPage":false,"level":3,"name":"DB2_224641_12pm","nodeKey":"dashboard_310_DB2_224641_12pm","ordinalPosition":null,"parentId":1,"RelyingPartyId":9,"RPKey":"ELIXHRUI","tooltip":null,"url":"#/dash/home/DB2_224641_12pm","activitiesCount":0,"IsEmulationEnabled":false}],"description":"Home page","iconPath":null,"integrationMode":1,"IsHidden":false,"helpUrl":null,"IsPortalPage":false,"level":2,"name":"Home","nodeKey":"dashboard_1_Home","ordinalPosition":null,"parentId":-1117,"RelyingPartyId":9,"RPKey":"ELIXHRUI","tooltip":null,"url":"","activitiesCount":0,"IsEmulationEnabled":false},{"Id":-23,"childNodes":[{"Id":-238,"childNodes":[],"description":"Position Status","iconPath":null,"integrationMode":1,"IsHidden":false,"helpUrl":null,"IsPortalPage":false,"level":3,"name":"Position Status","nodeKey":"dashboard_238_Position_Status","ordinalPosition":null,"parentId":23,"RelyingPartyId":9,"RPKey":"ELIXHRUI","tooltip":null,"url":"#/dash/BSDTest/Position_Status","activitiesCount":0,"IsEmulationEnabled":false},{"Id":-240,"childNodes":[],"description":"Compliance Information by Organization and Critical Certifications","iconPath":null,"integrationMode":1,"IsHidden":false,"helpUrl":null,"IsPortalPage":false,"level":3,"name":"Compliance","nodeKey":"dashboard_240_Compliance","ordinalPosition":null,"parentId":23,"RelyingPartyId":9,"RPKey":"ELIXHRUI","tooltip":null,"url":"#/dash/BSDTest/Compliance_Metrics","activitiesCount":0,"IsEmulationEnabled":false}],"description":"Safe to delete","iconPath":null,"integrationMode":1,"IsHidden":false,"helpUrl":null,"IsPortalPage":false,"level":2,"name":"Embedded Reporting","nodeKey":"dashboard_23_Embedded_Reporting","ordinalPosition":null,"parentId":-1117,"RelyingPartyId":9,"RPKey":"ELIXHRUI","tooltip":null,"url":"","activitiesCount":0,"IsEmulationEnabled":false},{"Id":-233,"childNodes":[],"description":"What's New","iconPath":null,"integrationMode":1,"IsHidden":false,"helpUrl":null,"IsPortalPage":false,"level":2,"name":"What's New","nodeKey":"dashboard_233_What's_New","ordinalPosition":null,"parentId":26,"RelyingPartyId":9,"RPKey":"ELIXHRUI","tooltip":null,"url":"#/dash/wn-pe/initial","activitiesCount":0,"IsEmulationEnabled":false},{"Id":-234,"childNodes":[],"description":"Recommended Training","iconPath":null,"integrationMode":1,"IsHidden":false,"helpUrl":null,"IsPortalPage":false,"level":2,"name":"Recommendations","nodeKey":"dashboard_234_Recommended_Training","ordinalPosition":null,"parentId":27,"RelyingPartyId":9,"RPKey":"ELIXHRUI","tooltip":null,"url":"#/dash/rl/initial","activitiesCount":0,"IsEmulationEnabled":false},{"Id":-236,"childNodes":[],"description":"Aggregation","iconPath":null,"integrationMode":1,"IsHidden":false,"helpUrl":null,"IsPortalPage":false,"level":2,"name":"Aggregation","nodeKey":"dashboard_236_Aggregation","ordinalPosition":null,"parentId":29,"RelyingPartyId":9,"RPKey":"ELIXHRUI","tooltip":null,"url":"#/dash/aggregation/initial","activitiesCount":0,"IsEmulationEnabled":false},{"Id":-30,"childNodes":[{"Id":-237,"childNodes":[],"description":"Branding","iconPath":null,"integrationMode":1,"IsHidden":false,"helpUrl":null,"IsPortalPage":false,"level":3,"name":"Branding","nodeKey":"dashboard_237_Branding","ordinalPosition":null,"parentId":30,"RelyingPartyId":9,"RPKey":"ELIXHRUI","tooltip":null,"url":"#/dash/Branding/initial","activitiesCount":0,"IsEmulationEnabled":false},{"Id":-248,"childNodes":[],"description":"PageDescription","iconPath":null,"integrationMode":1,"IsHidden":false,"helpUrl":null,"IsPortalPage":false,"level":3,"name":"DB_194685_13pm","nodeKey":"dashboard_248_DB_194685_13pm","ordinalPosition":null,"parentId":30,"RelyingPartyId":9,"RPKey":"ELIXHRUI","tooltip":null,"url":"#/dash/Branding/DB_194685_13pm","activitiesCount":0,"IsEmulationEnabled":false},{"Id":-267,"childNodes":[],"description":"PageDescription","iconPath":null,"integrationMode":1,"IsHidden":false,"helpUrl":null,"IsPortalPage":false,"level":3,"name":"DB_194685_12pm","nodeKey":"dashboard_267_DB_194685_12pm","ordinalPosition":null,"parentId":30,"RelyingPartyId":9,"RPKey":"ELIXHRUI","tooltip":null,"url":"#/dash/Branding/DB_194685_12pm","activitiesCount":0,"IsEmulationEnabled":false}],"description":"Branding","iconPath":null,"integrationMode":1,"IsHidden":false,"helpUrl":null,"IsPortalPage":false,"level":2,"name":"EditDB_195647_12pm","nodeKey":"dashboard_30_EditDB_195647_12pm","ordinalPosition":null,"parentId":-1117,"RelyingPartyId":9,"RPKey":"ELIXHRUI","tooltip":null,"url":"","activitiesCount":0,"IsEmulationEnabled":false},{"Id":-239,"childNodes":[],"description":"Time","iconPath":null,"integrationMode":1,"IsHidden":false,"helpUrl":null,"IsPortalPage":false,"level":2,"name":"Time","nodeKey":"dashboard_239_Time","ordinalPosition":null,"parentId":31,"RelyingPartyId":9,"RPKey":"ELIXHRUI","tooltip":null,"url":"#/dash/Time/initial","activitiesCount":0,"IsEmulationEnabled":false},{"Id":-241,"childNodes":[],"description":"Experience First","iconPath":null,"integrationMode":1,"IsHidden":false,"helpUrl":null,"IsPortalPage":false,"level":2,"name":"Experience First","nodeKey":"dashboard_241_Experience_First","ordinalPosition":null,"parentId":32,"RelyingPartyId":9,"RPKey":"ELIXHRUI","tooltip":null,"url":"#/dash/engage/initial","activitiesCount":0,"IsEmulationEnabled":false},{"Id":-244,"childNodes":[],"description":"!!DB1_194703_12pm","iconPath":null,"integrationMode":1,"IsHidden":false,"helpUrl":null,"IsPortalPage":false,"level":2,"name":"!!DB1_194703_12pm","nodeKey":"dashboard_244_!!DB1_194703_12pm","ordinalPosition":null,"parentId":35,"RelyingPartyId":9,"RPKey":"ELIXHRUI","tooltip":null,"url":"#/dash/194703Description/initial","activitiesCount":0,"IsEmulationEnabled":false},{"Id":-36,"childNodes":[{"Id":-245,"childNodes":[],"description":"DB_194688_3pm","iconPath":null,"integrationMode":1,"IsHidden":false,"helpUrl":null,"IsPortalPage":false,"level":3,"name":"DB_194688_3pm","nodeKey":"dashboard_245_DB_194688_3pm","ordinalPosition":null,"parentId":36,"RelyingPartyId":9,"RPKey":"ELIXHRUI","tooltip":null,"url":"#/dash/DB_194688_3pm/initial","activitiesCount":0,"IsEmulationEnabled":false},{"Id":-246,"childNodes":[],"description":"Test page description","iconPath":null,"integrationMode":1,"IsHidden":false,"helpUrl":null,"IsPortalPage":false,"level":3,"name":"DBPage_194688_3pm","nodeKey":"dashboard_246_DBPage_194688_3pm","ordinalPosition":null,"parentId":36,"RelyingPartyId":9,"RPKey":"ELIXHRUI","tooltip":null,"url":"#/dash/DB_194688_3pm/DBPage_194688_3pm","activitiesCount":0,"IsEmulationEnabled":false}],"description":"Test page description","iconPath":null,"integrationMode":1,"IsHidden":false,"helpUrl":null,"IsPortalPage":false,"level":2,"name":"DB_194688_3pm","nodeKey":"dashboard_36_DB_194688_3pm","ordinalPosition":null,"parentId":-1117,"RelyingPartyId":9,"RPKey":"ELIXHRUI","tooltip":null,"url":"","activitiesCount":0,"IsEmulationEnabled":false},{"Id":-247,"childNodes":[],"description":"!!DB_194651_12pm","iconPath":null,"integrationMode":1,"IsHidden":false,"helpUrl":null,"IsPortalPage":false,"level":2,"name":"!!DB_194651_12pm","nodeKey":"dashboard_247_!!DB_194651_12pm","ordinalPosition":null,"parentId":37,"RelyingPartyId":9,"RPKey":"ELIXHRUI","tooltip":null,"url":"#/dash/Dashboard_12pmDescription/initial","activitiesCount":0,"IsEmulationEnabled":false},{"Id":-38,"childNodes":[{"Id":-249,"childNodes":[],"description":"DB1_194688_3pm","iconPath":null,"integrationMode":1,"IsHidden":false,"helpUrl":null,"IsPortalPage":false,"level":3,"name":"DB1_194688_3pm","nodeKey":"dashboard_249_DB1_194688_3pm","ordinalPosition":null,"parentId":38,"RelyingPartyId":9,"RPKey":"ELIXHRUI","tooltip":null,"url":"#/dash/DB1_194688_3pm/initial","activitiesCount":0,"IsEmulationEnabled":false},{"Id":-250,"childNodes":[],"description":"Test page description","iconPath":null,"integrationMode":1,"IsHidden":false,"helpUrl":null,"IsPortalPage":false,"level":3,"name":"DBPage1_194688_3pm","nodeKey":"dashboard_250_DBPage1_194688_3pm","ordinalPosition":null,"parentId":38,"RelyingPartyId":9,"RPKey":"ELIXHRUI","tooltip":null,"url":"#/dash/DB1_194688_3pm/DBPage1_194688_3pm","activitiesCount":0,"IsEmulationEnabled":false}],"description":"Test page description","iconPath":null,"integrationMode":1,"IsHidden":false,"helpUrl":null,"IsPortalPage":false,"level":2,"name":"DB1_194688_3pm","nodeKey":"dashboard_38_DB1_194688_3pm","ordinalPosition":null,"parentId":-1117,"RelyingPartyId":9,"RPKey":"ELIXHRUI","tooltip":null,"url":"","activitiesCount":0,"IsEmulationEnabled":false},{"Id":-39,"childNodes":[{"Id":-251,"childNodes":[],"description":"!!DB_224639_12pm","iconPath":null,"integrationMode":1,"IsHidden":false,"helpUrl":null,"IsPortalPage":false,"level":3,"name":"!!DB_224639_12pm","nodeKey":"dashboard_251_!!DB_224639_12pm","ordinalPosition":null,"parentId":39,"RelyingPartyId":9,"RPKey":"ELIXHRUI","tooltip":null,"url":"#/dash/224639Dashboard_12pmDescription/initial","activitiesCount":0,"IsEmulationEnabled":false},{"Id":-253,"childNodes":[],"description":"Dashboardpage_12pmDescription","iconPath":null,"integrationMode":1,"IsHidden":false,"helpUrl":null,"IsPortalPage":false,"level":3,"name":"!!DBP_224639_12pm","nodeKey":"dashboard_253_!!DBP_224639_12pm","ordinalPosition":null,"parentId":39,"RelyingPartyId":9,"RPKey":"ELIXHRUI","tooltip":null,"url":"#/dash/224639Dashboard_12pmDescription/Dashboardpage_12pmDescription","activitiesCount":0,"IsEmulationEnabled":false}],"description":"224639Dashboard_12pmDescription","iconPath":null,"integrationMode":1,"IsHidden":false,"helpUrl":null,"IsPortalPage":false,"level":2,"name":"!!DB_224639_12pm","nodeKey":"dashboard_39_!!DB_224639_12pm","ordinalPosition":null,"parentId":-1117,"RelyingPartyId":9,"RPKey":"ELIXHRUI","tooltip":null,"url":"","activitiesCount":0,"IsEmulationEnabled":false},{"Id":-254,"childNodes":[],"description":"This Dashboard is related to Sumtotal Dashboardpage","iconPath":null,"integrationMode":1,"IsHidden":false,"helpUrl":null,"IsPortalPage":false,"level":2,"name":"DB_194657_13pm","nodeKey":"dashboard_254_DBP_194657_13pm","ordinalPosition":null,"parentId":40,"RelyingPartyId":9,"RPKey":"ELIXHRUI","tooltip":null,"url":"#/dash/DB_194657_13pm/DBP_194657_13pm","activitiesCount":0,"IsEmulationEnabled":false},{"Id":-41,"childNodes":[{"Id":-255,"childNodes":[],"description":"DB_195640_13pm","iconPath":null,"integrationMode":1,"IsHidden":false,"helpUrl":null,"IsPortalPage":false,"level":3,"name":"DB_195640_13pm","nodeKey":"dashboard_255_DB_195640_13pm","ordinalPosition":null,"parentId":41,"RelyingPartyId":9,"RPKey":"ELIXHRUI","tooltip":null,"url":"#/dash/DB_195640_13pm/initial","activitiesCount":0,"IsEmulationEnabled":false},{"Id":-256,"childNodes":[],"description":"This Dashboard is related to Sumtotal Dashboardpage","iconPath":null,"integrationMode":1,"IsHidden":false,"helpUrl":null,"IsPortalPage":false,"level":3,"name":"DBP_195640_13pm","nodeKey":"dashboard_256_DBP_195640_13pm","ordinalPosition":null,"parentId":41,"RelyingPartyId":9,"RPKey":"ELIXHRUI","tooltip":null,"url":"#/dash/DB_195640_13pm/DBP_195640_13pm","activitiesCount":0,"IsEmulationEnabled":false},{"Id":-257,"childNodes":[],"description":"This Dashboard is related to Sumtotal Dashboardpage","iconPath":null,"integrationMode":1,"IsHidden":false,"helpUrl":null,"IsPortalPage":false,"level":3,"name":"DBP11_195640_13pm","nodeKey":"dashboard_257_DBP11_195640_13pm","ordinalPosition":null,"parentId":41,"RelyingPartyId":9,"RPKey":"ELIXHRUI","tooltip":null,"url":"#/dash/DB_195640_13pm/DBP11_195640_13pm","activitiesCount":0,"IsEmulationEnabled":false}],"description":"This Dashboard is related to Sumtotal Dashboardpage","iconPath":null,"integrationMode":1,"IsHidden":false,"helpUrl":null,"IsPortalPage":false,"level":2,"name":"DB_195640_13pm","nodeKey":"dashboard_41_DB_195640_13pm","ordinalPosition":null,"parentId":-1117,"RelyingPartyId":9,"RPKey":"ELIXHRUI","tooltip":null,"url":"","activitiesCount":0,"IsEmulationEnabled":false},{"Id":-42,"childNodes":[{"Id":-258,"childNodes":[],"description":"DB_195648_12pm","iconPath":null,"integrationMode":1,"IsHidden":false,"helpUrl":null,"IsPortalPage":false,"level":3,"name":"DB_195648_12pm","nodeKey":"dashboard_258_DB_195648_12pm","ordinalPosition":null,"parentId":42,"RelyingPartyId":9,"RPKey":"ELIXHRUI","tooltip":null,"url":"#/dash/DB_195648_12pm/initial","activitiesCount":0,"IsEmulationEnabled":false},{"Id":-259,"childNodes":[],"description":"Verifying the copy of the dashboard page","iconPath":null,"integrationMode":1,"IsHidden":false,"helpUrl":null,"IsPortalPage":false,"level":3,"name":"DBP_195648_12pm","nodeKey":"dashboard_259_DBP_195648_12pm","ordinalPosition":null,"parentId":42,"RelyingPartyId":9,"RPKey":"ELIXHRUI","tooltip":null,"url":"#/dash/DB_195648_12pm/DBP_195648_12pm","activitiesCount":0,"IsEmulationEnabled":false},{"Id":-260,"childNodes":[],"description":"Verifying the copy of the dashboard page","iconPath":null,"integrationMode":1,"IsHidden":false,"helpUrl":null,"IsPortalPage":false,"level":3,"name":"DBP1_195648_12pm","nodeKey":"dashboard_260_DBP1_195648_12pm","ordinalPosition":null,"parentId":42,"RelyingPartyId":9,"RPKey":"ELIXHRUI","tooltip":null,"url":"#/dash/DB_195648_12pm/DBP1_195648_12pm","activitiesCount":0,"IsEmulationEnabled":false}],"description":"Verifying the copy of the dashboard page","iconPath":null,"integrationMode":1,"IsHidden":false,"helpUrl":null,"IsPortalPage":false,"level":2,"name":"DB_195648_12pm","nodeKey":"dashboard_42_DB_195648_12pm","ordinalPosition":null,"parentId":-1117,"RelyingPartyId":9,"RPKey":"ELIXHRUI","tooltip":null,"url":"","activitiesCount":0,"IsEmulationEnabled":false},{"Id":-43,"childNodes":[{"Id":-261,"childNodes":[],"description":"DB_194664_12pm","iconPath":null,"integrationMode":1,"IsHidden":false,"helpUrl":null,"IsPortalPage":false,"level":3,"name":"DB_194664_12pm","nodeKey":"dashboard_261_DB_194664_12pm","ordinalPosition":null,"parentId":43,"RelyingPartyId":9,"RPKey":"ELIXHRUI","tooltip":null,"url":"#/dash/DB_194664_12pm/initial","activitiesCount":0,"IsEmulationEnabled":false},{"Id":-262,"childNodes":[],"description":"About DashBoard","iconPath":null,"integrationMode":1,"IsHidden":false,"helpUrl":null,"IsPortalPage":false,"level":3,"name":"DBP_195645_12pm","nodeKey":"dashboard_262_DBP_195645_12pm","ordinalPosition":null,"parentId":43,"RelyingPartyId":9,"RPKey":"ELIXHRUI","tooltip":null,"url":"#/dash/DB_194664_12pm/DBP_194665_12pm","activitiesCount":0,"IsEmulationEnabled":false}],"description":"About DashBoard","iconPath":null,"integrationMode":1,"IsHidden":false,"helpUrl":null,"IsPortalPage":false,"level":2,"name":"DB_195644_12pm","nodeKey":"dashboard_43_DB_195644_12pm","ordinalPosition":null,"parentId":-1117,"RelyingPartyId":9,"RPKey":"ELIXHRUI","tooltip":null,"url":"","activitiesCount":0,"IsEmulationEnabled":false},{"Id":-44,"childNodes":[{"Id":-263,"childNodes":[],"description":"DB_194688_12pm","iconPath":null,"integrationMode":1,"IsHidden":false,"helpUrl":null,"IsPortalPage":false,"level":3,"name":"DB_194688_12pm","nodeKey":"dashboard_263_DB_194688_12pm","ordinalPosition":null,"parentId":44,"RelyingPartyId":9,"RPKey":"ELIXHRUI","tooltip":null,"url":"#/dash/DB_194688_12pm/initial","activitiesCount":0,"IsEmulationEnabled":false},{"Id":-264,"childNodes":[],"description":"Test page description","iconPath":null,"integrationMode":1,"IsHidden":false,"helpUrl":null,"IsPortalPage":false,"level":3,"name":"DBPage_194688_12pm","nodeKey":"dashboard_264_DBPage_194688_12pm","ordinalPosition":null,"parentId":44,"RelyingPartyId":9,"RPKey":"ELIXHRUI","tooltip":null,"url":"#/dash/DB_194688_12pm/DBPage_194688_12pm","activitiesCount":0,"IsEmulationEnabled":false}],"description":"Test page description","iconPath":null,"integrationMode":1,"IsHidden":false,"helpUrl":null,"IsPortalPage":false,"level":2,"name":"DB_194688_12pm","nodeKey":"dashboard_44_DB_194688_12pm","ordinalPosition":null,"parentId":-1117,"RelyingPartyId":9,"RPKey":"ELIXHRUI","tooltip":null,"url":"","activitiesCount":0,"IsEmulationEnabled":false},{"Id":-265,"childNodes":[],"description":"DB_194700_12pm","iconPath":null,"integrationMode":1,"IsHidden":false,"helpUrl":null,"IsPortalPage":false,"level":2,"name":"DB_194700_12pm","nodeKey":"dashboard_265_DB_194700_12pm","ordinalPosition":null,"parentId":45,"RelyingPartyId":9,"RPKey":"ELIXHRUI","tooltip":null,"url":"#/dash/DB_194700_12pm/initial","activitiesCount":0,"IsEmulationEnabled":false},{"Id":-46,"childNodes":[{"Id":-266,"childNodes":[],"description":"DB1_194688_12pm","iconPath":null,"integrationMode":1,"IsHidden":false,"helpUrl":null,"IsPortalPage":false,"level":3,"name":"DB1_194688_12pm","nodeKey":"dashboard_266_DB1_194688_12pm","ordinalPosition":null,"parentId":46,"RelyingPartyId":9,"RPKey":"ELIXHRUI","tooltip":null,"url":"#/dash/DB1_194688_12pm/initial","activitiesCount":0,"IsEmulationEnabled":false},{"Id":-269,"childNodes":[],"description":"Test page description","iconPath":null,"integrationMode":1,"IsHidden":false,"helpUrl":null,"IsPortalPage":false,"level":3,"name":"DBPage1_194688_12pm","nodeKey":"dashboard_269_DBPage1_194688_12pm","ordinalPosition":null,"parentId":46,"RelyingPartyId":9,"RPKey":"ELIXHRUI","tooltip":null,"url":"#/dash/DB1_194688_12pm/DBPage1_194688_12pm","activitiesCount":0,"IsEmulationEnabled":false}],"description":"Test page description","iconPath":null,"integrationMode":1,"IsHidden":false,"helpUrl":null,"IsPortalPage":false,"level":2,"name":"DB1_194688_12pm","nodeKey":"dashboard_46_DB1_194688_12pm","ordinalPosition":null,"parentId":-1117,"RelyingPartyId":9,"RPKey":"ELIXHRUI","tooltip":null,"url":"","activitiesCount":0,"IsEmulationEnabled":false},{"Id":-270,"childNodes":[],"description":"This Dashboard is related to Sumtotal Dashboardpage","iconPath":null,"integrationMode":1,"IsHidden":false,"helpUrl":null,"IsPortalPage":false,"level":2,"name":"DB_194657_12pm","nodeKey":"dashboard_270_DBP_194657_12pm","ordinalPosition":null,"parentId":47,"RelyingPartyId":9,"RPKey":"ELIXHRUI","tooltip":null,"url":"#/dash/DB_194657_12pm/DBP_194657_12pm","activitiesCount":0,"IsEmulationEnabled":false},{"Id":-271,"childNodes":[],"description":"DB_194702_12pm","iconPath":null,"integrationMode":1,"IsHidden":false,"helpUrl":null,"IsPortalPage":false,"level":2,"name":"DB_194702_12pm","nodeKey":"dashboard_271_DB_194702_12pm","ordinalPosition":null,"parentId":48,"RelyingPartyId":9,"RPKey":"ELIXHRUI","tooltip":null,"url":"#/dash/DB_194702_12pm/initial","activitiesCount":0,"IsEmulationEnabled":false},{"Id":-272,"childNodes":[],"description":"DB_224637_12pm","iconPath":null,"integrationMode":1,"IsHidden":false,"helpUrl":null,"IsPortalPage":false,"level":2,"name":"DB_224637_12pm","nodeKey":"dashboard_272_DB_224637_12pm","ordinalPosition":null,"parentId":49,"RelyingPartyId":9,"RPKey":"ELIXHRUI","tooltip":null,"url":"#/dash/224637_DB_12pm/initial","activitiesCount":0,"IsEmulationEnabled":false},{"Id":-273,"childNodes":[],"description":"DB_195647_12pm","iconPath":null,"integrationMode":1,"IsHidden":false,"helpUrl":null,"IsPortalPage":false,"level":2,"name":"DB_195647_12pm","nodeKey":"dashboard_273_DB_195647_12pm","ordinalPosition":null,"parentId":50,"RelyingPartyId":9,"RPKey":"ELIXHRUI","tooltip":null,"url":"#/dash/DB_195647_12pm/initial","activitiesCount":0,"IsEmulationEnabled":false},{"Id":-274,"childNodes":[],"description":"DB_240567_12pm","iconPath":null,"integrationMode":1,"IsHidden":false,"helpUrl":null,"IsPortalPage":false,"level":2,"name":"DB_240567_12pm","nodeKey":"dashboard_274_DB_240567_12pm","ordinalPosition":null,"parentId":51,"RelyingPartyId":9,"RPKey":"ELIXHRUI","tooltip":null,"url":"#/dash/240567_DB_12pm/initial","activitiesCount":0,"IsEmulationEnabled":false},{"Id":-52,"childNodes":[{"Id":-276,"childNodes":[],"description":"This Dashboard is related to Sumtotal Dashboardpage","iconPath":null,"integrationMode":1,"IsHidden":false,"helpUrl":null,"IsPortalPage":false,"level":3,"name":"DBP_195640_12pm","nodeKey":"dashboard_276_DBP_195640_12pm","ordinalPosition":null,"parentId":52,"RelyingPartyId":9,"RPKey":"ELIXHRUI","tooltip":null,"url":"#/dash/DB_195640_12pm/DBP_195640_12pm","activitiesCount":0,"IsEmulationEnabled":false},{"Id":-277,"childNodes":[],"description":"This Dashboard is related to Sumtotal Dashboardpage","iconPath":null,"integrationMode":1,"IsHidden":false,"helpUrl":null,"IsPortalPage":false,"level":3,"name":"DBP11_195640_12pm","nodeKey":"dashboard_277_DBP11_195640_12pm","ordinalPosition":null,"parentId":52,"RelyingPartyId":9,"RPKey":"ELIXHRUI","tooltip":null,"url":"#/dash/DB_195640_12pm/DBP11_195640_12pm","activitiesCount":0,"IsEmulationEnabled":false}],"description":"This Dashboard is related to Sumtotal Dashboardpage","iconPath":null,"integrationMode":1,"IsHidden":false,"helpUrl":null,"IsPortalPage":false,"level":2,"name":"DB_195640_12pm","nodeKey":"dashboard_52_DB_195640_12pm","ordinalPosition":null,"parentId":-1117,"RelyingPartyId":9,"RPKey":"ELIXHRUI","tooltip":null,"url":"","activitiesCount":0,"IsEmulationEnabled":false},{"Id":-53,"childNodes":[{"Id":-278,"childNodes":[],"description":"DB_224638_12pm","iconPath":null,"integrationMode":1,"IsHidden":false,"helpUrl":null,"IsPortalPage":false,"level":3,"name":"DB_224638_12pm","nodeKey":"dashboard_278_DB_224638_12pm","ordinalPosition":null,"parentId":53,"RelyingPartyId":9,"RPKey":"ELIXHRUI","tooltip":null,"url":"#/dash/DB_224638_12pm/initial","activitiesCount":0,"IsEmulationEnabled":false},{"Id":-280,"childNodes":[],"description":"Verifying the copy of the dashboard page","iconPath":null,"integrationMode":1,"IsHidden":false,"helpUrl":null,"IsPortalPage":false,"level":3,"name":"DBP_224638_12pm","nodeKey":"dashboard_280_DBP_224638_12pm","ordinalPosition":null,"parentId":53,"RelyingPartyId":9,"RPKey":"ELIXHRUI","tooltip":null,"url":"#/dash/DB_224638_12pm/DBP_224638_12pm","activitiesCount":0,"IsEmulationEnabled":false}],"description":"Verifying the copy of the dashboard page","iconPath":null,"integrationMode":1,"IsHidden":false,"helpUrl":null,"IsPortalPage":false,"level":2,"name":"DB_224638_12pm","nodeKey":"dashboard_53_DB_224638_12pm","ordinalPosition":null,"parentId":-1117,"RelyingPartyId":9,"RPKey":"ELIXHRUI","tooltip":null,"url":"","activitiesCount":0,"IsEmulationEnabled":false},{"Id":-279,"childNodes":[],"description":"!!DB1_194703_12pm12","iconPath":null,"integrationMode":1,"IsHidden":false,"helpUrl":null,"IsPortalPage":false,"level":2,"name":"!!DB1_194703_12pm12","nodeKey":"dashboard_279_!!DB1_194703_12pm12","ordinalPosition":null,"parentId":54,"RelyingPartyId":9,"RPKey":"ELIXHRUI","tooltip":null,"url":"#/dash/194703Description12/initial","activitiesCount":0,"IsEmulationEnabled":false},{"Id":-55,"childNodes":[{"Id":-281,"childNodes":[],"description":"DB_240568_12pm","iconPath":null,"integrationMode":1,"IsHidden":false,"helpUrl":null,"IsPortalPage":false,"level":3,"name":"DB_240568_12pm","nodeKey":"dashboard_281_DB_240568_12pm","ordinalPosition":null,"parentId":55,"RelyingPartyId":9,"RPKey":"ELIXHRUI","tooltip":null,"url":"#/dash/DB_240568_12pm/initial","activitiesCount":0,"IsEmulationEnabled":false},{"Id":-282,"childNodes":[],"description":"Verifying the copy of the dashboard page","iconPath":null,"integrationMode":1,"IsHidden":false,"helpUrl":null,"IsPortalPage":false,"level":3,"name":"DBP_240568_12pm","nodeKey":"dashboard_282_DBP_240568_12pm","ordinalPosition":null,"parentId":55,"RelyingPartyId":9,"RPKey":"ELIXHRUI","tooltip":null,"url":"#/dash/DB_240568_12pm/DBP_240568_12pm","activitiesCount":0,"IsEmulationEnabled":false}],"description":"Verifying the copy of the dashboard page","iconPath":null,"integrationMode":1,"IsHidden":false,"helpUrl":null,"IsPortalPage":false,"level":2,"name":"DB_240568_12pm","nodeKey":"dashboard_55_DB_240568_12pm","ordinalPosition":null,"parentId":-1117,"RelyingPartyId":9,"RPKey":"ELIXHRUI","tooltip":null,"url":"","activitiesCount":0,"IsEmulationEnabled":false},{"Id":-56,"childNodes":[{"Id":-283,"childNodes":[],"description":"DB_224642_12pm","iconPath":null,"integrationMode":1,"IsHidden":false,"helpUrl":null,"IsPortalPage":false,"level":3,"name":"DB_224642_12pm","nodeKey":"dashboard_283_DB_224642_12pm","ordinalPosition":null,"parentId":56,"RelyingPartyId":9,"RPKey":"ELIXHRUI","tooltip":null,"url":"#/dash/DB_224642_12pm/initial","activitiesCount":0,"IsEmulationEnabled":false},{"Id":-284,"childNodes":[],"description":"DashBoard1","iconPath":null,"integrationMode":1,"IsHidden":false,"helpUrl":null,"IsPortalPage":false,"level":3,"name":"DB_224641_12pm","nodeKey":"dashboard_284_DB_224641_12pm","ordinalPosition":null,"parentId":56,"RelyingPartyId":9,"RPKey":"ELIXHRUI","tooltip":null,"url":"#/dash/DB_224642_12pm/DB_224641_12pm","activitiesCount":0,"IsEmulationEnabled":false}],"description":"DashBoard","iconPath":null,"integrationMode":1,"IsHidden":false,"helpUrl":null,"IsPortalPage":false,"level":2,"name":"DB_224642_12pm","nodeKey":"dashboard_56_DB_224642_12pm","ordinalPosition":null,"parentId":-1117,"RelyingPartyId":9,"RPKey":"ELIXHRUI","tooltip":null,"url":"","activitiesCount":0,"IsEmulationEnabled":false},{"Id":-285,"childNodes":[],"description":"DB_9122_12pm","iconPath":null,"integrationMode":1,"IsHidden":false,"helpUrl":null,"IsPortalPage":false,"level":2,"name":"DB_9122_12pm","nodeKey":"dashboard_285_DB_9122_12pm","ordinalPosition":null,"parentId":57,"RelyingPartyId":9,"RPKey":"ELIXHRUI","tooltip":null,"url":"#/dash/DB_9122_12pm/initial","activitiesCount":0,"IsEmulationEnabled":false},{"Id":-286,"childNodes":[],"description":"UserDB_9122_12pm","iconPath":null,"integrationMode":1,"IsHidden":false,"helpUrl":null,"IsPortalPage":false,"level":2,"name":"UserDB_9122_12pm","nodeKey":"dashboard_286_UserDB_9122_12pm","ordinalPosition":null,"parentId":58,"RelyingPartyId":9,"RPKey":"ELIXHRUI","tooltip":null,"url":"#/dash/UserDB_9122_12pm/initial","activitiesCount":0,"IsEmulationEnabled":false},{"Id":-288,"childNodes":[],"description":"Test123","iconPath":null,"integrationMode":1,"IsHidden":false,"helpUrl":null,"IsPortalPage":false,"level":2,"name":"Test123","nodeKey":"dashboard_288_Test123","ordinalPosition":null,"parentId":59,"RelyingPartyId":9,"RPKey":"ELIXHRUI","tooltip":null,"url":"#/dash/Test123/initial","activitiesCount":0,"IsEmulationEnabled":false},{"Id":-60,"childNodes":[{"Id":-289,"childNodes":[],"description":"DB_194693_12pm","iconPath":null,"integrationMode":1,"IsHidden":false,"helpUrl":null,"IsPortalPage":false,"level":3,"name":"DB_194693_12pm","nodeKey":"dashboard_289_DB_194693_12pm","ordinalPosition":null,"parentId":60,"RelyingPartyId":9,"RPKey":"ELIXHRUI","tooltip":null,"url":"#/dash/DB_194693_12pm/initial","activitiesCount":0,"IsEmulationEnabled":false},{"Id":-290,"childNodes":[],"description":"Verifying the copy of the dashboard page","iconPath":null,"integrationMode":1,"IsHidden":false,"helpUrl":null,"IsPortalPage":false,"level":3,"name":"DBP_194693_12pm","nodeKey":"dashboard_290_DBP_194693_12pm","ordinalPosition":null,"parentId":60,"RelyingPartyId":9,"RPKey":"ELIXHRUI","tooltip":null,"url":"#/dash/DB_194693_12pm/DBP_194693_12pm","activitiesCount":0,"IsEmulationEnabled":false},{"Id":-291,"childNodes":[],"description":"Verifying the copy of the dashboard page","iconPath":null,"integrationMode":1,"IsHidden":false,"helpUrl":null,"IsPortalPage":false,"level":3,"name":"CDB_194693_12pm","nodeKey":"dashboard_291_CDB_194693_12pm","ordinalPosition":null,"parentId":60,"RelyingPartyId":9,"RPKey":"ELIXHRUI","tooltip":null,"url":"#/dash/DB_194693_12pm/CDB_194693_12pm","activitiesCount":0,"IsEmulationEnabled":false}],"description":"Verifying the copy of the dashboard page","iconPath":null,"integrationMode":1,"IsHidden":false,"helpUrl":null,"IsPortalPage":false,"level":2,"name":"DB_194693_12pm","nodeKey":"dashboard_60_DB_194693_12pm","ordinalPosition":null,"parentId":-1117,"RelyingPartyId":9,"RPKey":"ELIXHRUI","tooltip":null,"url":"","activitiesCount":0,"IsEmulationEnabled":false},{"Id":-61,"childNodes":[{"Id":-292,"childNodes":[],"description":"DB_194708_12pm","iconPath":null,"integrationMode":1,"IsHidden":false,"helpUrl":null,"IsPortalPage":false,"level":3,"name":"DB_194708_12pm","nodeKey":"dashboard_292_DB_194708_12pm","ordinalPosition":null,"parentId":61,"RelyingPartyId":9,"RPKey":"ELIXHRUI","tooltip":null,"url":"#/dash/DB_194708_12pm/initial","activitiesCount":0,"IsEmulationEnabled":false},{"Id":-293,"childNodes":[],"description":"Verifying the copy of the dashboard page","iconPath":null,"integrationMode":1,"IsHidden":false,"helpUrl":null,"IsPortalPage":false,"level":3,"name":"DBP_194708_12pm","nodeKey":"dashboard_293_DBP_194708_12pm","ordinalPosition":null,"parentId":61,"RelyingPartyId":9,"RPKey":"ELIXHRUI","tooltip":null,"url":"#/dash/DB_194708_12pm/DBP_194708_12pm","activitiesCount":0,"IsEmulationEnabled":false},{"Id":-294,"childNodes":[],"description":"Verifying the copy of the dashboard page","iconPath":null,"integrationMode":1,"IsHidden":false,"helpUrl":null,"IsPortalPage":false,"level":3,"name":"CDBP_194708_12pm","nodeKey":"dashboard_294_CDBP_194708_12pm","ordinalPosition":null,"parentId":61,"RelyingPartyId":9,"RPKey":"ELIXHRUI","tooltip":null,"url":"#/dash/DB_194708_12pm/CDBP_194708_12pm","activitiesCount":0,"IsEmulationEnabled":false},{"Id":-301,"childNodes":[],"description":"Verifying the copy of the dashboard page","iconPath":null,"integrationMode":1,"IsHidden":false,"helpUrl":null,"IsPortalPage":false,"level":3,"name":"CDBP1_194708_12pm","nodeKey":"dashboard_301_CDBP1_194708_12pm","ordinalPosition":null,"parentId":61,"RelyingPartyId":9,"RPKey":"ELIXHRUI","tooltip":null,"url":"#/dash/DB_194708_12pm/CDBP1_194708_12pm","activitiesCount":0,"IsEmulationEnabled":false}],"description":"Verifying the copy of the dashboard page","iconPath":null,"integrationMode":1,"IsHidden":false,"helpUrl":null,"IsPortalPage":false,"level":2,"name":"DB_194708_12pm","nodeKey":"dashboard_61_DB_194708_12pm","ordinalPosition":null,"parentId":-1117,"RelyingPartyId":9,"RPKey":"ELIXHRUI","tooltip":null,"url":"","activitiesCount":0,"IsEmulationEnabled":false},{"Id":-62,"childNodes":[{"Id":-295,"childNodes":[],"description":"DB_194699_12pm","iconPath":null,"integrationMode":1,"IsHidden":false,"helpUrl":null,"IsPortalPage":false,"level":3,"name":"DB_194699_12pm","nodeKey":"dashboard_295_DB_194699_12pm","ordinalPosition":null,"parentId":62,"RelyingPartyId":9,"RPKey":"ELIXHRUI","tooltip":null,"url":"#/dash/DB_194699_12pm/initial","activitiesCount":0,"IsEmulationEnabled":false},{"Id":-296,"childNodes":[],"description":"Verifying copy of the dashboard page","iconPath":null,"integrationMode":1,"IsHidden":false,"helpUrl":null,"IsPortalPage":false,"level":3,"name":"DBP_194699_12pm","nodeKey":"dashboard_296_DBP_194699_12pm","ordinalPosition":null,"parentId":62,"RelyingPartyId":9,"RPKey":"ELIXHRUI","tooltip":null,"url":"#/dash/DB_194699_12pm/DBP_194699_12pm","activitiesCount":0,"IsEmulationEnabled":false},{"Id":-297,"childNodes":[],"description":"Verifying copy of the dashboard page","iconPath":null,"integrationMode":1,"IsHidden":false,"helpUrl":null,"IsPortalPage":false,"level":3,"name":"CDB_194699_12pm","nodeKey":"dashboard_297_CDB_194699_12pm","ordinalPosition":null,"parentId":62,"RelyingPartyId":9,"RPKey":"ELIXHRUI","tooltip":null,"url":"#/dash/DB_194699_12pm/CDB_194699_12pm","activitiesCount":0,"IsEmulationEnabled":false}],"description":"Verifying copy of the dashboard page","iconPath":null,"integrationMode":1,"IsHidden":false,"helpUrl":null,"IsPortalPage":false,"level":2,"name":"DB_194699_12pm","nodeKey":"dashboard_62_DB_194699_12pm","ordinalPosition":null,"parentId":-1117,"RelyingPartyId":9,"RPKey":"ELIXHRUI","tooltip":null,"url":"","activitiesCount":0,"IsEmulationEnabled":false},{"Id":-63,"childNodes":[{"Id":-298,"childNodes":[],"description":"DB_194688_13pm","iconPath":null,"integrationMode":1,"IsHidden":false,"helpUrl":null,"IsPortalPage":false,"level":3,"name":"DB_194688_13pm","nodeKey":"dashboard_298_DB_194688_13pm","ordinalPosition":null,"parentId":63,"RelyingPartyId":9,"RPKey":"ELIXHRUI","tooltip":null,"url":"#/dash/DB_194688_13pm/initial","activitiesCount":0,"IsEmulationEnabled":false},{"Id":-299,"childNodes":[],"description":"Test page description","iconPath":null,"integrationMode":1,"IsHidden":false,"helpUrl":null,"IsPortalPage":false,"level":3,"name":"DBPage_194688_13pm","nodeKey":"dashboard_299_DBPage_194688_13pm","ordinalPosition":null,"parentId":63,"RelyingPartyId":9,"RPKey":"ELIXHRUI","tooltip":null,"url":"#/dash/DB_194688_13pm/DBPage_194688_13pm","activitiesCount":0,"IsEmulationEnabled":false}],"description":"Test page description","iconPath":null,"integrationMode":1,"IsHidden":false,"helpUrl":null,"IsPortalPage":false,"level":2,"name":"DB_194688_13pm","nodeKey":"dashboard_63_DB_194688_13pm","ordinalPosition":null,"parentId":-1117,"RelyingPartyId":9,"RPKey":"ELIXHRUI","tooltip":null,"url":"","activitiesCount":0,"IsEmulationEnabled":false},{"Id":-302,"childNodes":[],"description":"DB2_224642_12pm","iconPath":null,"integrationMode":1,"IsHidden":false,"helpUrl":null,"IsPortalPage":false,"level":2,"name":"DB2_224642_12pm","nodeKey":"dashboard_302_DB2_224642_12pm","ordinalPosition":null,"parentId":65,"RelyingPartyId":9,"RPKey":"ELIXHRUI","tooltip":null,"url":"#/dash/DB2_224642_Route_12pm/initial","activitiesCount":0,"IsEmulationEnabled":false},{"Id":-303,"childNodes":[],"description":"DB21_224642_12pm","iconPath":null,"integrationMode":1,"IsHidden":false,"helpUrl":null,"IsPortalPage":false,"level":2,"name":"DB21_224642_12pm","nodeKey":"dashboard_303_DB21_224642_12pm","ordinalPosition":null,"parentId":66,"RelyingPartyId":9,"RPKey":"ELIXHRUI","tooltip":null,"url":"#/dash/DB21_224642_12pm/initial","activitiesCount":0,"IsEmulationEnabled":false},{"Id":-67,"childNodes":[{"Id":-304,"childNodes":[],"description":"DB_195648_12pm","iconPath":null,"integrationMode":1,"IsHidden":false,"helpUrl":null,"IsPortalPage":false,"level":3,"name":"DB_195648_12pm","nodeKey":"dashboard_304_DB_195648_12pm","ordinalPosition":null,"parentId":67,"RelyingPartyId":9,"RPKey":"ELIXHRUI","tooltip":null,"url":"#/dash/CDBP_195648_12pm/initial","activitiesCount":0,"IsEmulationEnabled":false},{"Id":-305,"childNodes":[],"description":"Verifying the copy of the dashboard page","iconPath":null,"integrationMode":1,"IsHidden":false,"helpUrl":null,"IsPortalPage":false,"level":3,"name":"DBP_195648_12pm","nodeKey":"dashboard_305_DBP_195648_12pm","ordinalPosition":null,"parentId":67,"RelyingPartyId":9,"RPKey":"ELIXHRUI","tooltip":null,"url":"#/dash/CDBP_195648_12pm/DBP_195648_12pm","activitiesCount":0,"IsEmulationEnabled":false},{"Id":-306,"childNodes":[],"description":"Verifying the copy of the dashboard page","iconPath":null,"integrationMode":1,"IsHidden":false,"helpUrl":null,"IsPortalPage":false,"level":3,"name":"DBP1_195648_12pm","nodeKey":"dashboard_306_DBP1_195648_12pm","ordinalPosition":null,"parentId":67,"RelyingPartyId":9,"RPKey":"ELIXHRUI","tooltip":null,"url":"#/dash/CDBP_195648_12pm/DBP1_195648_12pm","activitiesCount":0,"IsEmulationEnabled":false}],"description":"Verifying the copy of the dashboard page","iconPath":null,"integrationMode":1,"IsHidden":false,"helpUrl":null,"IsPortalPage":false,"level":2,"name":"CDBP_195648_12pm","nodeKey":"dashboard_67_CDBP_195648_12pm","ordinalPosition":null,"parentId":-1117,"RelyingPartyId":9,"RPKey":"ELIXHRUI","tooltip":null,"url":"","activitiesCount":0,"IsEmulationEnabled":false},{"Id":-307,"childNodes":[],"description":"DB_194700_12pm","iconPath":null,"integrationMode":1,"IsHidden":false,"helpUrl":null,"IsPortalPage":false,"level":2,"name":"CDB_194700_12pm","nodeKey":"dashboard_307_DB_194700_12pm","ordinalPosition":null,"parentId":68,"RelyingPartyId":9,"RPKey":"ELIXHRUI","tooltip":null,"url":"#/dash/CDB_194700_12pm/initial","activitiesCount":0,"IsEmulationEnabled":false},{"Id":-308,"childNodes":[],"description":"DB_194702_12pm","iconPath":null,"integrationMode":1,"IsHidden":false,"helpUrl":null,"IsPortalPage":false,"level":2,"name":"CDB_194702_12pm","nodeKey":"dashboard_308_DB_194702_12pm","ordinalPosition":null,"parentId":69,"RelyingPartyId":9,"RPKey":"ELIXHRUI","tooltip":null,"url":"#/dash/CDB_194702_12pm/initial","activitiesCount":0,"IsEmulationEnabled":false},{"Id":-311,"childNodes":[],"description":"SumtotalDashBoard_218635_12pm","iconPath":null,"integrationMode":1,"IsHidden":false,"helpUrl":null,"IsPortalPage":false,"level":2,"name":"SumtotalDashBoard_218635_12pm","nodeKey":"dashboard_311_SumtotalDashBoard_218635_12pm","ordinalPosition":null,"parentId":70,"RelyingPartyId":9,"RPKey":"ELIXHRUI","tooltip":null,"url":"#/dash/SumtotalDashBoard_218635_12pm/initial","activitiesCount":0,"IsEmulationEnabled":false},{"Id":-312,"childNodes":[],"description":"SumTotal_DashBoard_12pm","iconPath":null,"integrationMode":1,"IsHidden":false,"helpUrl":null,"IsPortalPage":false,"level":2,"name":"SumTotal_DashBoard_12pm","nodeKey":"dashboard_312_SumTotal_DashBoard_12pm","ordinalPosition":null,"parentId":71,"RelyingPartyId":9,"RPKey":"ELIXHRUI","tooltip":null,"url":"#/dash/SumTotal_DashBoardPage_12pm/initial","activitiesCount":0,"IsEmulationEnabled":false},{"Id":-313,"childNodes":[],"description":"Test321","iconPath":null,"integrationMode":1,"IsHidden":false,"helpUrl":null,"IsPortalPage":false,"level":2,"name":"Test321","nodeKey":"dashboard_313_Test321","ordinalPosition":null,"parentId":72,"RelyingPartyId":9,"RPKey":"ELIXHRUI","tooltip":null,"url":"#/dash/Test321/initial","activitiesCount":0,"IsEmulationEnabled":false},{"Id":-314,"childNodes":[],"description":"CreateDashboard","iconPath":null,"integrationMode":1,"IsHidden":false,"helpUrl":null,"IsPortalPage":false,"level":2,"name":"CreateDashboard","nodeKey":"dashboard_314_CreateDashboard","ordinalPosition":null,"parentId":73,"RelyingPartyId":9,"RPKey":"ELIXHRUI","tooltip":null,"url":"#/dash/CreateDashboard/initial","activitiesCount":0,"IsEmulationEnabled":false},{"Id":-74,"childNodes":[{"Id":-315,"childNodes":[],"description":"DB1_224638_12pm","iconPath":null,"integrationMode":1,"IsHidden":false,"helpUrl":null,"IsPortalPage":false,"level":3,"name":"DB1_224638_12pm","nodeKey":"dashboard_315_DB1_224638_12pm","ordinalPosition":null,"parentId":74,"RelyingPartyId":9,"RPKey":"ELIXHRUI","tooltip":null,"url":"#/dash/DB1_224638_12pm/initial","activitiesCount":0,"IsEmulationEnabled":false},{"Id":-316,"childNodes":[],"description":"Verifying the copy of the dashboard page","iconPath":null,"integrationMode":1,"IsHidden":false,"helpUrl":null,"IsPortalPage":false,"level":3,"name":"DBP_224638_12pm","nodeKey":"dashboard_316_DBP_224638_12pm","ordinalPosition":null,"parentId":74,"RelyingPartyId":9,"RPKey":"ELIXHRUI","tooltip":null,"url":"#/dash/DB1_224638_12pm/DBP_224638_12pm","activitiesCount":0,"IsEmulationEnabled":false}],"description":"Verifying the copy of the dashboard page","iconPath":null,"integrationMode":1,"IsHidden":false,"helpUrl":null,"IsPortalPage":false,"level":2,"name":"DB1_224638_12pm","nodeKey":"dashboard_74_DB1_224638_12pm","ordinalPosition":null,"parentId":-1117,"RelyingPartyId":9,"RPKey":"ELIXHRUI","tooltip":null,"url":"","activitiesCount":0,"IsEmulationEnabled":false},{"Id":-317,"childNodes":[],"description":"DB_Personalization_12pm","iconPath":null,"integrationMode":1,"IsHidden":false,"helpUrl":null,"IsPortalPage":false,"level":2,"name":"DB_Personalization_12pm","nodeKey":"dashboard_317_DB_Personalization_12pm","ordinalPosition":null,"parentId":75,"RelyingPartyId":9,"RPKey":"ELIXHRUI","tooltip":null,"url":"#/dash/DB_Personalization_12pm/initial","activitiesCount":0,"IsEmulationEnabled":false},{"Id":-318,"childNodes":[],"description":"DB1_Personalization_12pm","iconPath":null,"integrationMode":1,"IsHidden":false,"helpUrl":null,"IsPortalPage":false,"level":2,"name":"DB1_Personalization_12pm","nodeKey":"dashboard_318_DB1_Personalization_12pm","ordinalPosition":null,"parentId":76,"RelyingPartyId":9,"RPKey":"ELIXHRUI","tooltip":null,"url":"#/dash/DB1_Personalization_12pm/initial","activitiesCount":0,"IsEmulationEnabled":false},{"Id":-319,"childNodes":[],"description":"DB_204051_12pm","iconPath":null,"integrationMode":1,"IsHidden":false,"helpUrl":null,"IsPortalPage":false,"level":2,"name":"DB_204051_12pm","nodeKey":"dashboard_319_DB_204051_12pm","ordinalPosition":null,"parentId":77,"RelyingPartyId":9,"RPKey":"ELIXHRUI","tooltip":null,"url":"#/dash/DB_204051_12pm/initial","activitiesCount":0,"IsEmulationEnabled":false}],"description":"Displays default home Dashboard page of user.","iconPath":null,"integrationMode":3,"IsHidden":false,"helpUrl":"/Content/Core Platform/Core Platform Guide/Configuring Dashboards.htm","IsPortalPage":false,"level":0,"name":"Dashboards","nodeKey":"manage_dashboard_listmenu","ordinalPosition":"0","parentId":6,"RelyingPartyId":9,"RPKey":"ELIXHRUI","tooltip":"Displays default home Dashboard page of user.","url":null,"activitiesCount":0,"IsEmulationEnabled":false}],"PillarsByKey":null},"identity":{"EmulatorUserId":null,"EmulatorUserName":null,"IsEmulating":false,"IsRequestLogEnabled":false,"LogLevel":8,"ProperName":"Contributer Contributer","UserId":"D6D3F6FB8D04FAF81E16B69BE72609DA","Id":101166,"UserName":"Contributer"},"culture":{"displayName":"English (United States)","englishName":"English (United States)","lcid":1033,"name":"en-US","nativeName":"English (United States)","isRTL":false,"DateFormat":"MM/dd/yyyy","TimeFormat":"hh:mm a"},"theme":{"hash":2133934744,"currentTheme":{"CanDelete":false,"CanPersonalize":false,"ClientJSON":null,"Description":null,"Id":0,"IsActive":false,"IsDefault":false,"IsUserEditable":false,"JSON":null,"Name":null,"PaletteJSON":null,"Precedence":0,"ThemeKey":"DEFAULT"},"defaultLessVariables":{"@IsThemed":"0","@fonts-path":"assets/fonts/","@fontawesome-version":"4.7.0","@opensans-version":"v10","@font-size-size12":"(@font-size-base * 0.75)","@font-size-size14":"(@font-size-base * 0.875)","@font-size-size18":"(@font-size-base * 1.125)","@sumt-webpart-bg":"transparent","@sumt-webpart-text":"@text-color","@sumt-webpart-header-bg":"transparent","@sumt-webpart-header-text":"inherit","@sumt-card-bg":"#f5f5f5","@sumt-card-height-base":"120px","@sumt-card-list-border":"#ccc","@sumt-card-list-header-border":"#999","@left-nav-width":"320px","@left-nav-header-height":"100px","@left-nav-parent-color":"#8fc9f2","@left-nav-body-background":"@left-nav-header-background","@left-nav-header-hover":"#2b9ded","@left-nav-header-background":"#0d446c","@left-nav-header-text-color":"#fff","@left-nav-childnode-background":"darken(@left-nav-body-background, 10%)","@left-nav-node-hover":"@left-nav-header-hover","@left-nav-text-color":"#fff","@left-nav-symbol-color":"#fff","@toolbar-background-hover":"#CCD0D6","@toolbar-border-color":"#ADADAD","@toolbar-vertical-margin":".3125rem","@toolbar-bg":"#fafbfb","@toolbar-line-height":"1.5625rem","@toolbar-text-color":"#333","@toolbar-button-vertical-margin":".5rem","@toolbar-hover":"#ccd0d6","@btn-disabled-color":"#999","@sumt-btn-default-color":"#227AB9","@slideout-close-btn-bg":"#f27c2a","@slideout-close-color":"#fff","@slideout-width":"22.1875rem","@slideout-leftside-width":"20.3125rem","@slideout-leftside-bg":"#eeeeee","@slideout-item-bordercolor":"#999","@step-height":"1.875rem","@step-width":"1.875rem","@step-border-thickness":".3125rem","@step-font-size":".9375rem","@step-font-weight":"700","@step-active-font-color":"#333","@step-disabled-font-color":"@toolbar-text-color","@step-todo-font-color":"#fff","@step-active-bg-color":"#fff","@step-disabled-bg-color":"@toolbar-hover","@step-todo-bg-color":"@brand-info","@h1-margin":"@line-height-computed 0 @line-height-computed 0","@h2-margin":"@line-height-computed 0 0.625rem 0","@h3-margin":"@line-height-computed 0 0.625rem 0","@h4-margin":"(@line-height-computed / 2) 0 (@line-height-computed / 2) 0","@h5-margin":"(@line-height-computed / 2) 0 (@line-height-computed / 2) 0","@h6-margin":"(@line-height-computed / 2) 0 (@line-height-computed / 2) 0","@timeline-one-rem":"1rem","@timeline-two-rem":"2rem","@timeline-three-rem":"3rem","@one-rem":"1rem","@one-and-half-rem":"1.5rem","@page-dot-size":".6875rem","@header-margins":".2rem","@notification-tile-bg":"#00aed3","@notificaiton-tile-white":"#fff","@loader-base":"#000","@loader-color-light":"lighten(@loader-base, 90%)","@loader-color-dark":"lighten(@loader-base, 65%)","@box-shadow-color":"#e5e5e5","@page-container-margin":"2rem","@table-header-border-color":"#adadad","@nav-pills-active-link-hover-border":"#227AB9","@margin-base":"1rem","@tree-title-box":"#428bca","@tree-title-border":"#e5e5e5","@tree-border-color":"#999","@tree-title-color":"#ffffff","@tree-text-color":"@brand-primary","@tree-complete-check":"#1fbba6","@tree-level-one":"#ffffff","@tree-level-two":"#f2f2f2","@tree-level-three":"#e1e1e1","@show-logo-outline":"True","@progress-background":"@progress-bg","@progress-bar-background":"@body-bg","@progress-bar-complete":"@brand-success","@progress-bar-ongoing":"@brand-info","@progress-bar-pending":"@brand-warning","@progress-bar-blank":"@body-bg","@progress-bar-text":"@gray-base","@gray-base":"#000","@gray-darker":"lighten(@gray-base, 13.5%)","@gray-dark":"lighten(@gray-base, 20%)","@gray":"lighten(@gray-base, 33.5%)","@gray-light":"lighten(@gray-base, 46.7%)","@gray-lighter":"lighten(@gray-base, 93.5%)","@brand-primary":"darken(#428bca, 6.5%)","@brand-success":"#1fbba6","@brand-info":"#00AED3","@brand-warning":"#ffc600","@brand-danger":"#f27c2a","@body-bg":"#fff","@text-color":"@gray-dark","@link-color":"@brand-primary","@link-hover-color":"darken(@link-color, 15%)","@link-hover-decoration":"underline","@font-family-sans-serif":"Open Sans, Tahoma, Geneva, sans-serif","@font-family-serif":"Georgia, Times New Roman, Times, serif","@font-family-monospace":"Menlo, Monaco, Consolas, Courier New, monospace","@font-family-base":"@font-family-sans-serif","@font-size-base":"1rem","@font-size-large":"(@font-size-base * 1.375)","@font-size-small":"(@font-size-base * 0.875)","@font-size-h1":"(@font-size-base * 1.375)","@font-size-h2":"(@font-size-base * 1.125)","@font-size-h3":"(@font-size-base * 1)","@font-size-h4":"(@font-size-base * 0.875)","@font-size-h5":"(@font-size-base * 0.75)","@font-size-h6":"(@font-size-base * 0.6875)","@line-height-base":"1rem","@line-height-computed":"(@font-size-base * @line-height-base)","@headings-font-family":"inherit","@headings-font-weight":"700","@headings-line-height":"1.1em","@headings-color":"inherit","@icon-font-path":"assets/fonts/","@icon-font-name":"glyphicons-halflings-regular","@icon-font-svg-id":"glyphicons_halflingsregular","@padding-base-vertical":".375rem","@padding-base-horizontal":".75rem","@padding-large-vertical":".625rem","@padding-large-horizontal":"1rem","@padding-small-vertical":".3125rem","@padding-small-horizontal":".625rem","@padding-xs-vertical":".0625rem","@padding-xs-horizontal":".3125rem","@line-height-large":"1.33rem","@line-height-small":".5rem","@border-radius-base":"4px","@border-radius-large":"6px","@border-radius-small":"3px","@component-active-color":"#fff","@component-active-bg":"@brand-primary","@caret-width-base":"4px","@caret-width-large":"5px","@table-cell-padding":".9375rem","@table-condensed-cell-padding":".5rem","@table-bg":"transparent","@table-bg-accent":"#fafbfb","@table-bg-hover":"#f4fbff","@table-bg-active":"@table-bg-hover","@table-border-color":"#dfe4e8","@btn-font-weight":"700","@btn-default-color":"#333","@btn-default-bg":"#fff","@btn-default-border":"#ccc","@btn-primary-color":"#fff","@btn-primary-bg":"#227AB9","@btn-primary-border":"transparent","@btn-success-color":"#fff","@btn-success-bg":"@brand-success","@btn-success-border":"darken(@btn-success-bg, 5%)","@btn-info-color":"#fff","@btn-info-bg":"@brand-info","@btn-info-border":"darken(@btn-info-bg, 5%)","@btn-warning-color":"#fff","@btn-warning-bg":"@brand-warning","@btn-warning-border":"darken(@btn-warning-bg, 5%)","@btn-danger-color":"#fff","@btn-danger-bg":"@brand-danger","@btn-danger-border":"darken(@btn-danger-bg, 5%)","@btn-link-disabled-color":"@gray-light","@btn-border-radius-base":"@border-radius-base","@btn-border-radius-large":"@border-radius-large","@btn-border-radius-small":"@border-radius-small","@input-bg":"#fff","@input-bg-disabled":"@gray-lighter","@input-color":"@gray","@input-border":"#ccc","@input-border-radius":"@border-radius-base","@input-border-radius-large":"@border-radius-large","@input-border-radius-small":"@border-radius-small","@input-border-focus":"#66afe9","@input-color-placeholder":"#999","@input-height-base":"2.1875rem","@input-height-large":"(ceil(@font-size-large * @line-height-large) + (@padding-large-vertical * 2) + 2)","@input-height-small":"(floor(@font-size-small * @line-height-small) + (@padding-small-vertical * 2) + 2)","@form-group-margin-bottom":"1rem","@legend-color":"@gray-dark","@legend-border-color":"#e5e5e5","@input-group-addon-bg":"@gray-lighter","@input-group-addon-border-color":"@input-border","@cursor-disabled":"not-allowed","@dropdown-bg":"#fff","@dropdown-border":"rgba(0,0,0,.15)","@dropdown-fallback-border":"#ccc","@dropdown-divider-bg":"#e5e5e5","@dropdown-link-color":"@gray-dark","@dropdown-link-hover-color":"darken(@gray-dark, 5%)","@dropdown-link-hover-bg":"#f5f5f5","@dropdown-link-active-color":"@component-active-color","@dropdown-link-active-bg":"@component-active-bg","@dropdown-link-disabled-color":"@gray-light","@dropdown-header-color":"@gray-light","@dropdown-caret-color":"#000","@zindex-navbar":"1000","@zindex-dropdown":"1060","@zindex-popover":"1060","@zindex-tooltip":"1070","@zindex-navbar-fixed":"1030","@zindex-modal-background":"1040","@zindex-modal":"1050","@screen-xs":"480px","@screen-xs-min":"@screen-xs","@screen-phone":"@screen-xs-min","@screen-sm":"768px","@screen-sm-min":"@screen-sm","@screen-tablet":"@screen-sm-min","@screen-md":"992px","@screen-md-min":"@screen-md","@screen-desktop":"@screen-md-min","@screen-lg":"1200px","@screen-lg-min":"@screen-lg","@screen-lg-desktop":"@screen-lg-min","@screen-xs-max":"(@screen-sm-min - 1)","@screen-sm-max":"(@screen-md-min - 1)","@screen-md-max":"(@screen-lg-min - 1)","@grid-columns":"12","@grid-gutter-width":"30px","@grid-float-breakpoint":"@screen-sm-min","@grid-float-breakpoint-max":"(@grid-float-breakpoint - 1)","@container-tablet":"(720px + @grid-gutter-width)","@container-sm":"@container-tablet","@container-desktop":"(940px + @grid-gutter-width)","@container-md":"@container-desktop","@container-large-desktop":"(1140px + @grid-gutter-width)","@container-lg":"@container-large-desktop","@navbar-height":"3.125rem","@navbar-margin-bottom":"@line-height-computed","@navbar-border-radius":"@border-radius-base","@navbar-padding-horizontal":"floor((@grid-gutter-width / 2))","@navbar-padding-vertical":"((@navbar-height - @line-height-computed) / 2)","@navbar-collapse-max-height":"340px","@navbar-default-color":"#777","@navbar-default-bg":"#f8f8f8","@navbar-default-border":"darken(@navbar-default-bg, 6.5%)","@navbar-default-link-color":"#777","@navbar-default-link-hover-color":"#333","@navbar-default-link-hover-bg":"transparent","@navbar-default-link-active-color":"#555","@navbar-default-link-active-bg":"darken(@navbar-default-bg, 6.5%)","@navbar-default-link-disabled-color":"#ccc","@navbar-default-link-disabled-bg":"transparent","@navbar-default-brand-color":"@navbar-default-link-color","@navbar-default-brand-hover-color":"darken(@navbar-default-brand-color, 10%)","@navbar-default-brand-hover-bg":"transparent","@navbar-default-toggle-hover-bg":"#ddd","@navbar-default-toggle-icon-bar-bg":"#888","@navbar-default-toggle-border-color":"#ddd","@navbar-inverse-color":"lighten(@gray-light, 15%)","@navbar-inverse-bg":"#222","@navbar-inverse-border":"darken(@navbar-inverse-bg, 10%)","@navbar-inverse-link-color":"lighten(@gray-light, 15%)","@navbar-inverse-link-hover-color":"#fff","@navbar-inverse-link-hover-bg":"transparent","@navbar-inverse-link-active-color":"@navbar-inverse-link-hover-color","@navbar-inverse-link-active-bg":"darken(@navbar-inverse-bg, 10%)","@navbar-inverse-link-disabled-color":"#444","@navbar-inverse-link-disabled-bg":"transparent","@navbar-inverse-brand-color":"@navbar-inverse-link-color","@navbar-inverse-brand-hover-color":"#fff","@navbar-inverse-brand-hover-bg":"transparent","@navbar-inverse-toggle-hover-bg":"#333","@navbar-inverse-toggle-icon-bar-bg":"#fff","@navbar-inverse-toggle-border-color":"#333","@nav-link-padding":"10px 15px","@nav-link-hover-bg":"@gray-lighter","@nav-disabled-link-color":"@gray-light","@nav-disabled-link-hover-color":"@gray-light","@nav-tabs-border-color":"#ddd","@nav-tabs-link-hover-border-color":"@gray-lighter","@nav-tabs-active-link-hover-bg":"@body-bg","@nav-tabs-active-link-hover-color":"@gray","@nav-tabs-active-link-hover-border-color":"#ddd","@nav-tabs-justified-link-border-color":"#ddd","@nav-tabs-justified-active-link-border-color":"@body-bg","@nav-pills-border-radius":"0px","@nav-pills-active-link-hover-bg":"#fff","@nav-pills-active-link-hover-color":"#333","@pagination-color":"@link-color","@pagination-bg":"#fff","@pagination-border":"#ddd","@pagination-hover-color":"@link-hover-color","@pagination-hover-bg":"@gray-lighter","@pagination-hover-border":"#ddd","@pagination-active-color":"#fff","@pagination-active-bg":"@brand-primary","@pagination-active-border":"@brand-primary","@pagination-disabled-color":"@gray-light","@pagination-disabled-bg":"#fff","@pagination-disabled-border":"#ddd","@pager-bg":"@pagination-bg","@pager-border":"@pagination-border","@pager-border-radius":"15px","@pager-hover-bg":"@pagination-hover-bg","@pager-active-bg":"@pagination-active-bg","@pager-active-color":"@pagination-active-color","@pager-disabled-color":"@pagination-disabled-color","@jumbotron-padding":"30px","@jumbotron-color":"inherit","@jumbotron-bg":"@gray-lighter","@jumbotron-heading-color":"inherit","@jumbotron-font-size":"ceil((@font-size-base * 1.5))","@jumbotron-heading-font-size":"ceil((@font-size-base * 4.5))","@state-success-text":"#3c763d","@state-success-bg":"@brand-success","@state-success-border":"@state-success-bg","@state-info-text":"#31708f","@state-info-bg":"@brand-info","@state-info-border":"@state-info-bg","@state-warning-text":"#8a6d3b","@state-warning-bg":"@brand-warning","@state-warning-border":"@state-warning-bg","@state-danger-text":"#a94442","@state-danger-bg":"@brand-danger","@state-danger-border":"@state-danger-bg","@tooltip-max-width":"200px","@tooltip-color":"#fff","@tooltip-bg":"#000","@tooltip-opacity":".9","@tooltip-arrow-width":"5px","@tooltip-arrow-color":"@tooltip-bg","@popover-bg":"#fff","@popover-max-width":"276px","@popover-border-color":"rgba(0,0,0,.2)","@popover-fallback-border-color":"#ccc","@popover-title-bg":"darken(@popover-bg, 3%)","@popover-arrow-width":"10px","@popover-arrow-color":"@popover-bg","@popover-arrow-outer-width":"(@popover-arrow-width + 1)","@popover-arrow-outer-color":"fadein(@popover-border-color, 5%)","@popover-arrow-outer-fallback-color":"darken(@popover-fallback-border-color, 20%)","@label-default-bg":"@gray-light","@label-primary-bg":"@brand-primary","@label-success-bg":"@brand-success","@label-info-bg":"@brand-info","@label-warning-bg":"@brand-warning","@label-danger-bg":"@brand-danger","@label-color":"#fff","@label-link-hover-color":"#fff","@modal-inner-padding":".9375rem","@modal-title-padding":".9375rem","@modal-title-line-height":"@line-height-base","@modal-content-bg":"#fff","@modal-content-border-color":"rgba(0,0,0,.2)","@modal-content-fallback-border-color":"#999","@modal-backdrop-bg":"#000","@modal-backdrop-opacity":".5","@modal-header-border-color":"#e5e5e5","@modal-footer-border-color":"@modal-header-border-color","@modal-lg":"900px","@modal-md":"600px","@modal-sm":"300px","@alert-padding":".9375rem","@alert-border-radius":"@border-radius-base","@alert-link-font-weight":"bold","@alert-success-bg":"@state-success-bg","@alert-success-text":"#ffffff","@alert-success-border":"@state-success-border","@alert-info-bg":"@state-info-bg","@alert-info-text":"#ffffff","@alert-info-border":"@state-info-border","@alert-warning-bg":"@state-warning-bg","@alert-warning-text":"#ffffff","@alert-warning-border":"@state-warning-border","@alert-danger-bg":"@state-danger-bg","@alert-danger-text":"#ffffff","@alert-danger-border":"@state-danger-border","@progress-bg":"#f5f5f5","@progress-bar-color":"#fff","@progress-border-radius":"@border-radius-base","@progress-bar-bg":"@brand-primary","@progress-bar-success-bg":"@brand-success","@progress-bar-warning-bg":"@brand-warning","@progress-bar-danger-bg":"@brand-danger","@progress-bar-info-bg":"@brand-info","@list-group-bg":"#fff","@list-group-border":"#ddd","@list-group-border-radius":"@border-radius-base","@list-group-hover-bg":"#f5f5f5","@list-group-active-color":"@component-active-color","@list-group-active-bg":"@component-active-bg","@list-group-active-border":"@list-group-active-bg","@list-group-active-text-color":"lighten(@list-group-active-bg, 40%)","@list-group-disabled-color":"@gray-light","@list-group-disabled-bg":"@gray-lighter","@list-group-disabled-text-color":"@list-group-disabled-color","@list-group-link-color":"#555","@list-group-link-hover-color":"@list-group-link-color","@list-group-link-heading-color":"#333","@panel-bg":"#fff","@panel-body-padding":".625rem .9375rem","@panel-heading-padding":".625rem .9375rem","@panel-footer-padding":"@panel-heading-padding","@panel-border-radius":"@border-radius-base","@panel-inner-border":"#ddd","@panel-footer-bg":"#f5f5f5","@panel-default-text":"@gray-dark","@panel-default-border":"#ddd","@panel-default-heading-bg":"#FFF","@panel-primary-text":"#FFF","@panel-primary-border":"@brand-primary","@panel-primary-heading-bg":"@brand-primary","@panel-success-text":"#FFF","@panel-success-border":"@state-success-border","@panel-success-heading-bg":"@state-success-bg","@panel-info-text":"#FFF","@panel-info-border":"@state-info-border","@panel-info-heading-bg":"@state-info-bg","@panel-warning-text":"#FFF","@panel-warning-border":"@state-warning-border","@panel-warning-heading-bg":"@state-warning-bg","@panel-danger-text":"#FFF","@panel-danger-border":"@state-danger-border","@panel-danger-heading-bg":"@state-danger-bg","@thumbnail-padding":".25rem","@thumbnail-bg":"@body-bg","@thumbnail-border":"#ddd","@thumbnail-border-radius":"@border-radius-base","@thumbnail-caption-color":"@text-color","@thumbnail-caption-padding":".5625rem","@well-bg":"#f5f5f5","@well-border":"darken(@well-bg, 7%)","@badge-color":"#fff","@badge-link-hover-color":"#fff","@badge-bg":"@gray-light","@badge-active-color":"@link-color","@badge-active-bg":"#fff","@badge-font-weight":"bold","@badge-line-height":"1","@badge-border-radius":"10px","@breadcrumb-padding-vertical":"1.25rem","@breadcrumb-padding-horizontal":"0","@breadcrumb-bg":"#fff","@breadcrumb-color":"#ccc","@breadcrumb-active-color":"@gray-light","@breadcrumb-separator":"/","@carousel-text-shadow":"0 1px 2px rgba(0,0,0,.6)","@carousel-control-color":"#fff","@carousel-control-width":"15%","@carousel-control-opacity":".5","@carousel-control-font-size":"20px","@carousel-indicator-active-bg":"#fff","@carousel-indicator-border-color":"#fff","@carousel-caption-color":"#fff","@close-font-weight":"bold","@close-color":"#000","@close-text-shadow":"0 1px 0 #fff","@code-color":"#c7254e","@code-bg":"#f9f2f4","@kbd-color":"#fff","@kbd-bg":"#333","@pre-bg":"#f5f5f5","@pre-color":"@gray-dark","@pre-border-color":"#ccc","@pre-scrollable-max-height":"340px","@component-offset-horizontal":"180px","@text-muted":"@gray-light","@abbr-border-color":"@gray-light","@headings-small-color":"@gray-light","@blockquote-small-color":"@gray-light","@blockquote-font-size":"(@font-size-base * 1.25)","@blockquote-border-color":"@gray-lighter","@page-header-border-color":"@gray-lighter","@dl-horizontal-offset":"@component-offset-horizontal","@dl-horizontal-breakpoint":"@grid-float-breakpoint","@hr-border":"@gray-lighter","@padding-medium-vertical":".5rem","@modal-top-offset":"80px","@focus-border-color":"#999"}},"debugEnabled":false,"modulesPath":"/Core/dist/app/modules","mustSetSecurityQuestions":false,"appUris":{"baseUri":"https://cl08sales.sumtotaldevelopment.net","root":"/Core/","tenantRoot":"https://cl08sales.sumtotaldevelopment.net/Core/","tenantSpecificWebPathsForRelyingParties":{"LM":"https://cl08sales.sumtotaldevelopment.net/learning/DataStore/CL08_SALES_TEST/Learning/","TM":"https://cl08sales.sumtotaldevelopment.net/DataStore/CL08_SALES_TEST/TM/","Analytics":"https://supp-bi-master.sumtotaldemo.net/ibmcognos/cgi-bin/DataStore/CL08_SALES_TEST/Analytics/","ELIXHRUI":"https://cl08sales.sumtotaldevelopment.net/core/DataStore/CL08_SALES_TEST/Core/","AdvancedReport":"https://cl08sales.sumtotaldevelopment.net/DataStore/CL08_SALES_TEST/AdvancedReport/","JobBoard":"https://cl08sales.sumtotaldevelopment.net/Careers/DataStore/CL08_SALES_TEST/JobBoard/","JobBoardPWA":"https://cl08sales.sumtotaldevelopment.net/PWA/DataStore/CL08_SALES_TEST/JobBoardPWA/","ContentEngine":"https://cl08sales.sumtotaldevelopment.net/contentengine/DataStore/CL08_SALES_TEST/ContentEngine/","GAM":"http://cl-ugm08a:3000/api/DataStore/CL08_SALES_TEST/GAM/","BrowserExtension":"https://cl08sales.sumtotaldevelopment.net/browserextension/DataStore/CL08_SALES_TEST/BrowserExtension/"}},"moduleTranslationInfo":{"TRANSLATIONS_PORTAL":"8C297DAC9A38D707C73E6F0EBB79FCA7","TRANSLATIONS_PORTAL_HOME":"2836C33417A46F1AAFA2F0263FEC144A","TRANSLATIONS_PORTAL_MYTASKS":"1D8F4AFD0290103C3DC85AAEDA814D05","TRANSLATIONS_WEBPARTS":"FC2F83E083D98F39E303299E45DD3834","TRANSLATIONS_WIDGETS_ADMIN":"6D3682B63699849B1E18FF0BE15F2D81","TRANSLATIONS_ELIXHR":"3A892542C3B43A744748875B1FB2471C","TRANSLATIONS_SLIDEOUTS":"B94DB24A5D1DC9637239DC42DCE35F16","TRANSLATIONS_ELIXHR_PROFILE":"7B6ADF3BA7D4590F19BF8E004A1AE302","TRANSLATIONS_CORE":"1EE1021021FA497E4301F2F3AA6B3AC5","TRANSLATIONS_ELIXHR_RESUME":"279DA0BC96D638AA953FCB908E189004","TRANSLATIONS_ELIXHR_MYTEAM":"520BE4BC3A1BE396790780E8B2013E64","TRANSLATIONS_ELIXHR_SOCIAL":"88572AC0E232D8920CBF269FE62F8B0D","TRANSLATIONS_SSO":"1DC2A4BC8CE10A7A6BA9FD0756D7AEE2","TRANSLATIONS_SSO_ATTESTATION":"02DDC423156B2A460E702176B36FB3BD","TRANSLATIONS_ENTERPRISESEARCH":"0ACF9D2FF4D9A76EC0AD7052DD2ABC28","TRANSLATIONS_ORGANIZATION":"B91B1226B932CB19D5E359F0C6591EA8","TRANSLATIONS_PASSWORD":"AB356BBA51A5A788FEC6B2FBD3684838","RECOMMENDATIONS":"621230A5561CF1F31C0FD7626570B2DB","TRANSLATIONS_RECOMMENDEDLEARNING":"6AA3C39EDEF35917253C3AEE345773E2","TRANSLATIONS_SECURITY":"95F430BD9B5A9FBC3BAB3A493AE588D2","TRANSLATIONS_DASHBOARD":"EDF675E084FCF3F6B712A356E4CB7FDE","TRANSLATIONS_CHANGEPASSWORD":"1DC60A9B5A16CC4D0D03DDA88A5BB7C0","TRANSLATIONS_TIMELINE":"C46704B4626FF7DD10752A4D10F9F51F","TRANSLATIONS_ADMINISTRATION_CODEMANAGEMENT":"02A3015A7F8A35E68A701F7237039211","TRANSLATIONS_ADMINISTRATION":"764BA3290319164C19AE47766374F4A8","TRANSLATIONS_ADMINISTRATION_CATCODEMANAGEMENT":"C18A3DA2AB6666FA9B9C434138AFB9A7","TRANSLATIONS_REQUISITION":"E3F9145430DD80FC7905A9707ED92778","TRANSLATIONS_MINI_PROFILE":"0D1A61A9227B3C3139CFA74C6466870C","TRANSLATIONS_USERSECURITYQUESTION":"DDBA59416C16C72CF2841E5C9D47370E","TRANSLATIONS_ADMINISTRATION_ADMINDEVPLAN":"14CAAEE303EDEDF17BAE12626F641164","TRANSLATIONS_DEVPLAN":"7E50C2923281882B098D40A750A0DD92","TRANSLATIONS_DEVPLAN_COMMON":"F8F27CD7C730E2389D78321D95133882","TRANSLATIONS_PERMISSIONLEVEL":"8F0268707E54BFA398F6A0EC93F750A2","TRANSLATIONS_THEMING":"8C4A9BBEE17D9EE343D66E70FFBAF7CD","Social_Kudos":"37EDE38901BEDF3527BF34B0CE33A2D0","TRANSLATIONS_ADMINDASHBOARD":"0F202DC4C400938B181D26CEBC0CD75A","ENTERPRISE_SEARCH":"C2736FC235A3A6CBA8C09EB3A0567B6A","TRANSLATIONS_WIDGETS_EDITOR_ADMIN":"C778CE61CCEB04297B66F29A5ED17C9C","WebPartDefinition_Common":"D126CAB236030AA04273D6CB0BB63561","TRANSLATIONS_SEARCHCONFIGURATION":"DCCFAFD9FD2E1D6E5EB2459BEFE08DC3","TRANSLATIONS_LOGONEVENTS":"B2B2E091A905517B49FA320261001711","TRANSLATIONS_SITEMAPCONFIGURATION":"C26BF2CCD2070C6182CD8F6BE9D65A25","TRANSLATIONS_FILEMANAGEMENT":"7B8558218B708372F9D5C8D97A18E503","TRANSLATIONS_CONTINUOUSFEEDBACK_CONFIGURATION":"D4CB346B6EE37149F7D975C8684C727C","TRANSLATIONS_INITIATIVES":"6AF4273AB2DE203030B5BEA16C8507D6","TRANSLATIONS_INITIATIVES_EDITINITIATIVE":"8D4BDFA04F8C37BD8F8CE4D6E93EF1EB","TRANSLATIONS_PERSON_RESUME":"B3D6573CD16056DE2DAB20E5756C45EF","TRANSLATIONS_ADMINISTRATION_CONFIG_DEVELOPMENTPLAN":"8E48F3BB43A56F63897AF729D0DCBF7A","TRANSLATIONS_REPORTING_WIDGET":"8EB62642D93CFD85420463A0667DCCE9","SETTINGS_ELIXHR":"266325C285678BF5894DE708BBCAE214","TRANSLATIONS_ADMINISTRATION_CONFIG_USERACCOUNT":"DCCD171769F7892F6D81C3D225BB088A","TRANSLATIONS_CAREERPLAN":"FC6EDB21EF6FD5208BF76107DD1E0356","TRANSLATIONS_ADMINISTRATION_CONFIG_CAREERPLANSETTINGS":"197B533746C6F74A0DCCE6C541A0B443","TRANSLATIONS_ADMINISTRATION_MANAGEPERIOD":"A687646E373D7EE2C410CB23A3488BC6","TRANSLATIONS_ADVANCEDSEARCHCONFIGURATION":"5B0823175B2502A42DDE735EA03609F2","TRANSLATIONS_ADMINISTRATION_CONFIG_EDITTRANSLATIONS":"C76BBDB05338ED55A83E3E1055000698","TRANSLATIONS_COMPETENCYPROFILE":"0191E1677CFBB203D4AC4A179E2EA8C2","TRANSLATIONS_ADMINISTRATION_TASK_NOTIFICATIONTEMPLATES":"AFF68DC8D4577B997541E59B20DB778A","TRANSLATIONS_ADMINISTRATION_SKILLCATEGORIES":"9786B66B1B56603B18DEAE5EE5F272B8","TRANSLATIONS_ADMINISTRATION_CONFIG_SKILLCATEGORIES":"4E8FAD2AC6B8A6E0D2620E7CE006C10A","TRANSLATIONS_ADMINISTRATION_CONFIG_EMPLOYEECOMPETENCYSETTINGS":"6BC7D8A02795DB32D62F419058B3A751","TRANSLATIONS_HOURLY_SURVEY":"638BAC9F5BE9750B0B74E96328E316D2","TRANSLATIONS_CONTINUOUSFEEDBACK":"F0381C7064D56B14E82A2A41578C973D","TRANSLATIONS_CAREER_CORE":"60DF57C4576C6ED682AC4CC8B96E5C80","TRANSLATIONS_REQUISITION_WORKSPACE":"97DD34BE9044CE32A645D72F5F88D36B","TRANSLATIONS_ONBOARDING":"3DBF21CE1CC689D7B92FC6778982F2A6","TRANSLATIONS_SOCIALCONFIGURATION":"1EB43C2CF6454D6CF0C4462CE0453D27","TRANSLATIONS_RECRUITING_APPROVAL":"003C24AABEE7DBF118F9F88B29AB6CEB","TRANSLATIONS_RECRUITING_CANDIDATEEXPLORER":"45CB318CE644DF237E05F49FD63165A9","TRANSLATIONS_ATTESTATION":"607652C9D1FD310F58D27750052B854B","TRANSLATIONS_COACHING":"747745A7131F63FAE0DDF1F8ECD39703","TRANSLATIONS_NBOX":"CB24EA8AA3E9FEC85E541BDF73ADBC7E","TRANSLATIONS_SOCIALCOMMUNITIES":"264631C4BC92DF0F3F5BED534B274658","TRANSLATIONS_LEARN_REGISTRATION":"8AC35DE641C9DE07DA4B4E11D2DD5E0E","TRANSLATIONS_REQUISITION_WORKSPACE_ADDCANDIDATE":"293EACBB5785CF8074FD513F278F7B00"},"enabledLanguages":[{"Id":0,"ItemCode":"1","ItemText":"English (United States)","IsUserLang":"1"},{"Id":0,"ItemCode":"2","ItemText":"English (United Kingdom)","IsUserLang":"0"},{"Id":0,"ItemCode":"3","ItemText":"French","IsUserLang":"0"},{"Id":0,"ItemCode":"6","ItemText":"German","IsUserLang":"0"},{"Id":0,"ItemCode":"7","ItemText":"Japanese","IsUserLang":"0"},{"Id":0,"ItemCode":"8","ItemText":"Danish","IsUserLang":"0"},{"Id":0,"ItemCode":"9","ItemText":"Italian","IsUserLang":"0"},{"Id":0,"ItemCode":"10","ItemText":"Swedish","IsUserLang":"0"},{"Id":0,"ItemCode":"11","ItemText":"Spanish","IsUserLang":"0"},{"Id":0,"ItemCode":"12","ItemText":"Spanish (Mexico)","IsUserLang":"0"},{"Id":0,"ItemCode":"13","ItemText":"Dutch","IsUserLang":"0"},{"Id":0,"ItemCode":"14","ItemText":"Portuguese","IsUserLang":"0"},{"Id":0,"ItemCode":"15","ItemText":"Portuguese (Brazilian)","IsUserLang":"0"},{"Id":0,"ItemCode":"16","ItemText":"Russian","IsUserLang":"0"},{"Id":0,"ItemCode":"17","ItemText":"Hungarian","IsUserLang":"0"},{"Id":0,"ItemCode":"18","ItemText":"Greek","IsUserLang":"0"},{"Id":0,"ItemCode":"19","ItemText":"Chinese (Simplified)","IsUserLang":"0"},{"Id":0,"ItemCode":"20","ItemText":"Chinese (Traditional)","IsUserLang":"0"},{"Id":0,"ItemCode":"21","ItemText":"Finnish","IsUserLang":"0"},{"Id":0,"ItemCode":"22","ItemText":"Norwegian","IsUserLang":"0"},{"Id":0,"ItemCode":"23","ItemText":"Polish","IsUserLang":"0"},{"Id":0,"ItemCode":"25","ItemText":"Arabic (Classical)","IsUserLang":"0"},{"Id":0,"ItemCode":"26","ItemText":"French (Canadian)","IsUserLang":"0"},{"Id":0,"ItemCode":"27","ItemText":"Korean","IsUserLang":"0"},{"Id":0,"ItemCode":"28","ItemText":"Thai","IsUserLang":"0"},{"Id":0,"ItemCode":"29","ItemText":"Turkish","IsUserLang":"0"},{"Id":0,"ItemCode":"30","ItemText":"Czech","IsUserLang":"0"},{"Id":0,"ItemCode":"31","ItemText":"Bulgarian","IsUserLang":"0"},{"Id":0,"ItemCode":"32","ItemText":"Ukrainian","IsUserLang":"0"},{"Id":0,"ItemCode":"33","ItemText":"Indonesian","IsUserLang":"0"},{"Id":0,"ItemCode":"35","ItemText":"Hindi","IsUserLang":"0"},{"Id":0,"ItemCode":"37","ItemText":"Slovenian","IsUserLang":"0"},{"Id":0,"ItemCode":"38","ItemText":"Vietnamese","IsUserLang":"0"},{"Id":0,"ItemCode":"39","ItemText":"Romanian","IsUserLang":"0"},{"Id":0,"ItemCode":"40","ItemText":"Albanian","IsUserLang":"0"},{"Id":0,"ItemCode":"41","ItemText":"Bengali(Bangladesh) ","IsUserLang":"0"},{"Id":0,"ItemCode":"42","ItemText":"Bosnian ","IsUserLang":"0"},{"Id":0,"ItemCode":"43","ItemText":"Croatian (Croatia)","IsUserLang":"0"},{"Id":0,"ItemCode":"44","ItemText":"Estonian (Estonia)","IsUserLang":"0"},{"Id":0,"ItemCode":"45","ItemText":"Latvian (Latvia)","IsUserLang":"0"},{"Id":0,"ItemCode":"46","ItemText":"Lithuanian (Lithuania)","IsUserLang":"0"},{"Id":0,"ItemCode":"47","ItemText":"Macedonian","IsUserLang":"0"},{"Id":0,"ItemCode":"48","ItemText":"Persian","IsUserLang":"0"},{"Id":0,"ItemCode":"49","ItemText":"Serbian(Cyrillic)","IsUserLang":"0"},{"Id":0,"ItemCode":"50","ItemText":"Slovakian (Slovakia)","IsUserLang":"0"}],"headerLogoUrl":"https://cl08sales.sumtotaldevelopment.net/Core/headerlogo.sumttheme?img&themekey=DEFAULT&v=-1815458024"};

      // place the debug enabled flag on the root
        root['debugEnabled'] = root.tempStaticData.debugEnabled;

       //Setup CKEditor
        root['CKEDITOR_BASEPATH'] = '/Core/bower_components/ckeditor/';

      root['versionNumber'] = 'ElixHR_18.3.0.0_2018.9.10.1';
    }));


    var $

    //guarantee there is a clobal console object with log and error functions (for IE when dev tools are closed)
    if (!window.console)
      window.console = {
        log: function () {
        }, error: function () {
        }, warn: function () {
        }, info: function () {
        }
      };

  </script>
  <!-- core:js -->
  <script src="/Core/dist/bower_components/jquery/dist/jquery.min.js?hash=ElixHR_18.3.0.0_2018.9.10.1" type="text/javascript" true=""></script>
  <script src="/Core/bower_components/foundation-controls/dist/scripts/vendor.js?hash=ElixHR_18.3.0.0_2018.9.10.1" type="text/javascript" true=""></script><style>.ngf-hide{display:none !important}</style><style></style>
  <script src="/Core/bower_components/foundation-controls/dist/scripts/foundation.min.js?hash=ElixHR_18.3.0.0_2018.9.10.1" type="text/javascript" true=""></script>
  <!-- endinject -->
  <!-- other:js -->
  <script src="/Core/dist/bundles/javascript/other.js?hash=ElixHR_18.3.0.0_2018.9.10.1" type="text/javascript" true=""></script><style>.cke{visibility:hidden;}</style>
  <!-- endinject -->
  <script src="/Core/dist/bower_components/angular-i18n/angular-locale_en-US.js?hash=ElixHR_18.3.0.0_2018.9.10.1" defer=""></script>
  
  
  <title></title>
</head>
<body pillar-facilitator="" dir="ltr" ng-class="{'editMode': dashboardFactory.isEditMode}">
  <div id="layoutContainer">
    <div ng-init="getTimelineAlertDetails();getShoppingCartAlertDetails();">
    <!-- ngIf: Globalvisib.isHeaderVisible --><header class="main clearfix container-fluid" ng-if="Globalvisib.isHeaderVisible">
        <div class="row" role="navigation">
            <!--Give screen readers the option of skipping the main menu -->
            <a role="menuitem" href="javascript:void(0);" class="sr-only skipLink" ng-click="setPageFocus()" ng-enter="setPageFocus()" ng-keydown="setSelectedRootNode('', $event, 1)" ng-mousedown="setSelectedRootNode('', $event, 1)" translate="DASHOBARD_SKIP_HEADER_NAV_TEXT">Skip Menu</a>
            <ul role="menubar" class="list-inline">
                <li role="presentation" class="clearfix absolute-wrapper">
                    <ul role="menu" class="list-inline">
                        <!-- ngRepeat: rootNode in ::sitemapService.rootNodes --><li role="presentation" ng-repeat="rootNode in ::sitemapService.rootNodes">
                            <!-- ngIf: ::rootNode.IsEmulationEnabled == false --><a ng-if="::rootNode.IsEmulationEnabled == false" role="menuitem" href="javascript:void(0);" class="headerMenu" id="self_header" aria-label="Self" bs-tooltip="" data-container="body" data-title="Self" data-placement="bottom" ng-class="{ 'selectedIcon' : sitemapService.selectedRootNode == rootNode }" ng-keydown="setSelectedRootNode(rootNode, $event, 0)" ng-mousedown="setSelectedRootNode(rootNode, $event, 0)">
                                <i aria-hidden="true" class="fa fa-user" ng-class="::rootNode.iconPath"></i>
                            </a><!-- end ngIf: ::rootNode.IsEmulationEnabled == false -->
                            <!-- ngIf: ::rootNode.IsEmulationEnabled -->
                        </li><!-- end ngRepeat: rootNode in ::sitemapService.rootNodes --><li role="presentation" ng-repeat="rootNode in ::sitemapService.rootNodes">
                            <!-- ngIf: ::rootNode.IsEmulationEnabled == false --><a ng-if="::rootNode.IsEmulationEnabled == false" role="menuitem" href="javascript:void(0);" class="headerMenu" id="Learner_MenuTaxonomy" aria-label="Library" bs-tooltip="" data-container="body" data-title="Library" data-placement="bottom" ng-class="{ 'selectedIcon' : sitemapService.selectedRootNode == rootNode }" ng-keydown="setSelectedRootNode(rootNode, $event, 0)" ng-mousedown="setSelectedRootNode(rootNode, $event, 0)">
                                <i aria-hidden="true" class="fa fa-library-custom" ng-class="::rootNode.iconPath"></i>
                            </a><!-- end ngIf: ::rootNode.IsEmulationEnabled == false -->
                            <!-- ngIf: ::rootNode.IsEmulationEnabled -->
                        </li><!-- end ngRepeat: rootNode in ::sitemapService.rootNodes -->
                    </ul>
                </li>
                <li role="presentation" class="clearfix center-container">
                    <!-- ngIf: ::sitemapService.staticRootNodes.home.display --><a ng-if="::sitemapService.staticRootNodes.home.display" role="menuitem" href="javascript:void(0);" class="headerMenu headerNoHover" id="home_header" aria-label="Home" bs-tooltip="" data-container="body" data-title="Home" data-placement="bottom" ng-keydown="setSelectedRootNode(sitemapService.staticRootNodes.home.node, $event, 0)" ng-mousedown="setSelectedRootNode(sitemapService.staticRootNodes.home.node, $event, 0)">
                        <img class="center-block logo" ng-src="https://cl08sales.sumtotaldevelopment.net/Core/headerlogo.sumttheme?img&amp;themekey=DEFAULT&amp;v=-1815458024" alt="Home" src="https://cl08sales.sumtotaldevelopment.net/Core/headerlogo.sumttheme?img&amp;themekey=DEFAULT&amp;v=-1815458024">
                    </a><!-- end ngIf: ::sitemapService.staticRootNodes.home.display -->
                    <!-- ngIf: ::!sitemapService.staticRootNodes.home.display -->
                </li>
                <li role="presentation" class="clearfix absolute-wrapper right-container">
                    <ul role="menu" class="right-side list-inline">
                        <!-- ngIf: sitemapService.staticRootNodes.cart.display && shoppingCartFactory.CartItemsCount>0 -->
                        <!-- ngIf: ::sitemapService.staticRootNodes.search.display --><li role="presentation" ng-if="::sitemapService.staticRootNodes.search.display">
                            <a role="menuitem" href="javascript:void(0);" class="headerMenu" id="search_header" aria-label="Search" bs-tooltip="" data-container="body" data-title="Search" data-placement="bottom" ng-class="{ ' selectedIcon ' : sitemapService.selectedRootNode == sitemapService.staticRootNodes.search.node}" ng-keydown="setSelectedRootNode(sitemapService.staticRootNodes.search.node, $event, 0);" ng-mousedown="setSelectedRootNode(sitemapService.staticRootNodes.search.node, $event, 0);">
                                <i aria-hidden="true" class="fa fa-search"></i>
                            </a>
                        </li><!-- end ngIf: ::sitemapService.staticRootNodes.search.display -->

                        <!-- ngIf: ::sitemapService.staticRootNodes.alert.display --><li role="presentation" ng-if="::sitemapService.staticRootNodes.alert.display">
                            <a role="menuitem" href="javascript:void(0);" class="headerMenu" id="alert_header" aria-label="Timeline" bs-tooltip="" data-container="body" data-title="Timeline" data-placement="bottom" ng-class="{ 'selectedIcon' : sitemapService.selectedRootNode == sitemapService.staticRootNodes.alert.node}" ng-keydown="setSelectedRootNode(sitemapService.staticRootNodes.alert.node, $event, 0);" ng-mousedown="setSelectedRootNode(sitemapService.staticRootNodes.alert.node, $event, 0);">
                                <!-- ngIf: timelineService.notificationAlertCount>0 -->
                                <i aria-hidden="true" class="fa fa-list-ul"></i>
                            </a>
                        </li><!-- end ngIf: ::sitemapService.staticRootNodes.alert.display -->
                        <!-- ngIf: ::sitemapService.staticRootNodes.help.display --><li role="presentation" ng-if="::sitemapService.staticRootNodes.help.display">
                            <a role="menuitem" href="javascript:void(0);" class="headerMenu" id="help_header" aria-label="Help" bs-tooltip="" data-container="body" data-title="Help" data-placement="bottom" ng-class="{ 'selectedIcon' : sitemapService.selectedRootNode == sitemapService.staticRootNodes.help }" ng-keydown="setSelectedRootNode(sitemapService.staticRootNodes.help.node, $event, 0);" ng-mousedown="setSelectedRootNode(sitemapService.staticRootNodes.help.node, $event, 0);">
                                <i aria-hidden="true" class="fa fa-question-circle"></i>
                            </a>
                        </li><!-- end ngIf: ::sitemapService.staticRootNodes.help.display -->
                    </ul>
                </li>
            </ul>
        </div>
    </header><!-- end ngIf: Globalvisib.isHeaderVisible -->
    <div slideout="" key="PROFILE_SLIDEOUT" id="idProfileSlideout" label-id="profileDetailsTitle" slideout-aria-label="Profile Details" show-left-side="false">
        
    </div>

    <mini-profile-slideout><div slideout="" key="MINI_PROFILE_SLIDEOUT" show-left-side="true" has-iframe="true" id="idMiniProfileSlideout" slideout-aria-label="Mini Profile" focus-element=".fa-arrow-right" force-focus="true">

    

    
    
</div>


</mini-profile-slideout>
    <competency-model-slideout><div slideout="" show-left-side="false" id="competencyModel_slideout" key="COMPETENCYMODEL_SLIDEOUT">
  
</div>

<!-- ngIf: fromTM --></competency-model-slideout>
    <competency-detail-slideout><div slideout="" key="COMPETENCYPROFILE_DETAIL_SLIDEOUT" show-left-side="false" id="competencydetails_slideout" show-collapse="false" slideout-aria-label="Competency">
  
</div>
</competency-detail-slideout>
    <!-- ngIf: isTMenabledFlag --><div ng-if="isTMenabledFlag">
        <continuous-feedback-slideout>
<!-- ngInclude: 'app/modules/core/views/continuousfeedback/UpdateFeedback.html' --><div ng-include="'app/modules/core/views/continuousfeedback/UpdateFeedback.html'"><div ng-controller="UpdateFeedbackController" class="layout-container Feedbackforms" id="UpdateFeedback">
  <div class="container">
    <div id="idUpdateFeedbackSlideout" slideout="" key="UPDATE_FEEDBACK" class="slideout-feed ContinuousFeedback" show-left-side="true" showleft="false">
      
      
    </div>
  </div>
</div>
</div>

<!-- ngInclude: 'app/modules/core/views/continuousfeedback/OneOnOneReplyJournal.html' --><div ng-include="'app/modules/core/views/continuousfeedback/OneOnOneReplyJournal.html'"><div ng-controller="OneOnOneReplyJournalController" class="Feedbackforms ContinuousFeedback" id="OneOnOneReplyJournal">
  <div id="idOneOnOneReplyJournalSlideout" slideout="" key="REPLY_JOURNAL" class="slideout-feed ContinuousFeedback" show-left-side="false" showleft="false">
    
  </div>
</div></div>

<!-- ngInclude: 'app/modules/core/views/continuousfeedback/OneOnOneJournal.html' --><div ng-include="'app/modules/core/views/continuousfeedback/OneOnOneJournal.html'">
<div ng-controller="OneOnOneJournalController as oneononejournalVm" class="Feedbackforms ContinuousFeedback" id="OneOnOneJournal">
  <div id="idOneOnOneJournal" slideout="" key="ONEONONE_JOURNAL" class="slideout-feed" show-left-side="false" showleft="false">
    
  </div>
</div></div>


<div slideout="" key="DISPOSITION_SLIDEOUT">
  
</div>

<div slideout="" class="viewCompleteRequisitionAssessment" key="VIEW_COMPLETE_REQUISITOIN_ASSESSMENT" show-left-side="false" maintain-focus="true" labelid="view_complete_requisition_assessment">
  
</div>
</continuous-feedback-slideout>
        <hrms-slideout><div slideout="" key="HRMS_SLIDEOUT" show-left-side="false" container-selector="body">
	
</div>
</hrms-slideout>
    </div><!-- end ngIf: isTMenabledFlag -->
    <!-- TIMELINE -->
    <div slideout="" key="TIMELINE_SLIDEOUT" show-left-side="false" label-id="idTimeLineSlideout">
        
    </div>
    <div create-social-group=""><div slideout="" show-left-side="false" key="SOCIALCREATEGROUP" id="idCreateGroupSlideout" slideout-aria-label="Create Group">
  
</div> </div>
    <div post-social-group-message=""><div slideout="" show-left-side="false" key="SOCIALPOSTMESSAGE" id="socialPostMsgId" slideout-aria-label="Post Message">
  
</div>
</div>
    <div social-group-members=""><div slideout="" show-left-side="false" key="SOCIALGROUPMEMBERS" id="socialGroupMemberId" slideout-aria-label="Group Members">
  
</div> </div>
    <!-- HELP -->
    <div help-slideout-directive=""></div>
    <!-- SEARCH -->

    <div slideout="" key="JOB_RESUME_SLIDEOUT" class="" show-left-side="false" id="jobResumeSlideout" slideout-aria-label="Resume">
        
    </div>
    <!-- ngIf: isTMenabledFlag --><div ng-if="isTMenabledFlag" slideout="" key="JOB_VIEW_SLIDEOUT" class="reqSlideoutNoPadding" show-left-side="false" id="jobviewSlideoutId" slideout-aria-label="Position Details">
        
    </div><!-- end ngIf: isTMenabledFlag -->
    <!-- ngIf: isLMenabledFlag --><div ng-if="isLMenabledFlag" slideout="" key="FTE_REGISTER_SLIDEOUT" class="" show-left-side="false" id="fteRegisterSlideoutId" slideout-aria-label="Activity Registration">
        
    </div><!-- end ngIf: isLMenabledFlag -->

    <!-- ACTIVITY REGISTRATION SLIDEOUT -->
    <div activity-registration-slideout=""><div ng-controller="activityRegistrationSlideoutController">
  <div slideout="" key="RegistrationSlideOuts" show-left-side="false" id="activityRegistrationId" slideout-aria-label="Activity Registration">
    
  </div>
</div></div>
    <!-- ACTIVITY SUMMARY SLIDEOUT -->
    <div activity-summary-slideout=""><div ng-controller="activitySummarySlideoutController">
  <div slideout="" key="LEARNING_ACTIVITY_SUMMARY_SLIDEOUT" show-left-side="false" id="learningActivityId" slideout-aria-label="Activity Summary">
    
  </div>
</div></div>
    <!-- RESUME SLIDEOUT -->
    <resume-slideout>
<div slideout="" key="RESUME_SLIDEOUT" show-left-side="false" container-selector="body">
  
</div>
</resume-slideout>
	<!-- COMMON SLIDEOUT -->
    <common-slideout><div ng-controller="commonSlideoutController">
  <div slideout="" key="COMMON_SLIDEOUT" show-left-side="false" id="commonSlideoutId" slideout-aria-label="">
    
  </div>
</div></common-slideout>
    <div>
        <div user-recommendation=""><div slideout="" key="RECOM_PREFERENCE_SLIDEOUTCORE" id="RECOM_PREFERENCE_SLIDEOUTCORE" container="body" show-collapse="false" show-left-side="true" slideout-aria-label="Set your preferences">
  
</div>


</div>
        <recommendation-preference-slideout-carousel><div slideout="" key="RECOM_PREFERENCE_SLIDEOUTCORE_CAROUSEL" id="RECOM_PREFERENCE_SLIDEOUTCORE_CAROUSEL" show-left-side="false" slideout-aria-label="Manage Interests" labelid="">
  
</div>
</recommendation-preference-slideout-carousel></div>

</div>

    <div class="page-loader" role="status" translate="" translate-attr-aria-label="DASHBOARD_LOADING" aria-hidden="false" aria-atomic="true" ng-show="dashboardFactory.viewLoading" aria-label="Loading..." style=""></div>
    <div sumt-live-region=""><div class="sr-only" aria-live="" ng-attr-aria-describedby="{{sumtliveregion.curMessage.ariaDescribedBy}}" ng-attr-aria-atomic="{{sumtliveregion.curMessage.ariaAtomic}}" ng-attr-aria-labeledby="{{sumtliveregion.curMessage.ariaLabeledBy}}" ng-attr-aria-relevant="{{sumtliveregion.curMessage.ariaRelevant}}" ng-bind-html="sumtliveregion.curMessage.msg"></div></div>
    
    

    
    <div left-navigation="" id="mainLeftNavigation" header="sitemapService.selectedRootNode" nav-data="::sitemapService.rootNodes" selected-nav-data="sitemapService.selectedRootNode" node-clicked="navigateToNode" emulation="sitemapService.staticRootNodes.emulation" switchdomain="sitemapService.staticRootNodes.switchDomain" translationobject="leftNav_translation" imageclicked="profileSlidePage()" exitemulation="emulationclose(sitemapService.staticRootNodes.emulation)" persondata="sitemapService.PersonDetails"><div class="leftNavWrapper asid-slide-left" ng-class="{'asideExpanded': leftNavigationObject.isShown}">
  <div ng-transclude="">
    </div>
</div>
</div>
    <div left-navigation="" id="libraryLeftNavigation" content-template-url="app/modules/core/views/library/library.client.html"><div class="leftNavWrapper asid-slide-left" ng-class="{'asideExpanded': leftNavigationObject.isShown}">
  <div ng-transclude=""></div>
</div>
</div>
    

    

<section id="rootViewContainer" role="main" class="view-container" aria-hidden="false" ng-style="!Globalvisib.isHeaderVisible &amp;&amp; {'top':'0px'}" ng-class="{'asideExpanded':leftNavObject.isShown, 'full-screen-mode ': dashboardFactory.fullScreen}">
  
  
  <div class="breadcrumb-container breadcrumbmargin" id="breadcrumbMainContainer">
    <global-breadcrumb-navigation><!-- ngIf: isGloballyEnabled && !dashboardFactory.isEditMode --><div ng-if="isGloballyEnabled &amp;&amp; !dashboardFactory.isEditMode" ng-class="breadcrumbCss" class="breadcrumbDisplayFlex">
  <breadcrumb-navigation><!-- ngIf: enableBreadcrumbs && navBreadCrumbData.length > 0 && !isInfrm -->
</breadcrumb-navigation>
</div><!-- end ngIf: isGloballyEnabled && !dashboardFactory.isEditMode -->
</global-breadcrumb-navigation>
  </div>
  
    
	
	<!-- ngView:  --><div ng-view="" class="" style=""><section ng-controller="HomeController">

</section></div>
	
</section>


    <div id="divPillarLoadingMsg" style="display: none;background-color: white;">
      <div class="page-loader">
        <div class="loader loader-large"></div>
      </div>
    </div>
    <iframe id="productPillarFrame" ng-attr-lang="{{cultureFactory.options.language.key}}" src="" allowfullscreen="1" style="visibility: hidden;  z-index:-2;" frameborder="0" ng-class="{'iframeBreadcrumbAlign': enablePillarPageBreadcrumb &amp;&amp; enableBreadcrumbNav}" class="productpillars" title="" lang="en-US"></iframe>
    <iframe id="PillarIFrame_TM" ng-attr-lang="{{cultureFactory.options.language.key}}" src="" style="visibility: hidden; z-index:-2;" frameborder="0" ng-class="{'iframeBreadcrumbAlign': enablePillarPageBreadcrumb &amp;&amp; enableBreadcrumbNav}" class="productpillars" title="" lang="en-US"></iframe>


    <div class="dialog-footer-override-container"></div>
    <div master-slideout=""></div>
    <script type="text/javascript">
  ;
  (function(root, initializer) {
    // Create the factory for require
    var factory = initializer(root);
    root.jQuery(root.document).ready(function() {
      root.define('staticData', ['lodash', 'URI'], factory);
    });
  }(this, function(root) {
    var scriptPath = '/Core/';
    var photoPath = '/DataStore/CL08_SALES_TEST/Common/' + 'PersonImages' +'/';
    var filePath = '/DataStore/CL08_SALES_TEST/Common/' +  'FileAssets' + '/';
    var socialFilesPath = '/DataStore/CL08_SALES_TEST/Common/' + 'SocialFileAssets' + '/';
    var customHelpFilesPath = '/DataStore/CL08_SALES_TEST/Common/' + 'CustomHelpFiles' + '/';
    var isAuditEnabled = 'True';

    if (scriptPath.length > 0 && scriptPath.substr(scriptPath.length - 1, 1) === '/') {
      scriptPath = scriptPath.substr(0, scriptPath.length - 1);
    }
    var tenantKey = 'CL08_SALES_TEST';
    var htmlRootPath = '/Core/';
    var esbApiToken = 'eyJ0eXAiOiJKV1QiLCJhbGciOiJIUzI1NiJ9.eyJpc3MiOiJodHRwOlwvXC93d3cuc3VtdG90YWxzeXN0ZW1zLmNvbVwvY29yZXVpIiwic3ViIjoiQ29udHJpYnV0ZXIiLCJhdWQiOiJDTDA4X1NBTEVTX1RFU1QiLCJleHAiOjYzNjc2NDI1OTQwNTU2ODIzNSwibmJmIjowLCJpYXQiOjYzNjc2NDA0MzQxMDg4MDYyNywiYnNlc3Npb25pZCI6IjhjZTMyMGFiMzBkNzRkOTM4MWUyZGQzOWE4Yzk5Mzc2IiwiZXVzcmlkIjpudWxsLCJldXNybiI6bnVsbCwiY3VsIjoiZW4tVVMiLCJ1c2VyaWQiOiI3MDIzNjkiLCJndWVzdGFjY291bnQiOjAsInBlcnNvbmlkIjoxMDExNjYsImlzZXh0ZXJuYWwiOmZhbHNlLCJycGtleSI6IkVMSVhIUlVJIn0.38018AA86DEDF9765668AB2017CB829255C69022415CCEB1C43A43D148DFB5B4';

    function createAPIPaths() {
      return {
        learning:{
          calendarApi: '/Core/Learning/api/calendarapi/GetScheduleInfo',
          favoritesApi: '/Core/Learning/api/favoritesapi/RemoveFavorite',
          isCFREnvironment: 'https://cl08sales.sumtotaldevelopment.net/Services/api/lmpersistsettings/IsCFREnvrionment'
        },
        lmfavorite: {
          favorite: 'https://cl08sales.sumtotaldevelopment.net/Services/api/lmfavorite/favorite'
        },
        shoppingcart:{
          getCartItems : '/Core/Core/api/shoppingcartapi/GetCartItems',
          addActivityToCart:'/Core/Core/api/shoppingcartapi/AddActivityToCart'
        },
        sdo: {
          getInitiatives: 'https://cl08sales.sumtotaldevelopment.net/Services/api/users/{targetUserId}/initiatives',
          initiativeDetail: 'https://cl08sales.sumtotaldevelopment.net/Services/api/',
          initiativeDefinitionImage: 'https://cl08sales.sumtotaldevelopment.net/Services/api/initiativeDefinitions/{id}/images/{imageType}',
          getInitiativeDefinitions: 'https://cl08sales.sumtotaldevelopment.net/Services/api/admin/initiativeDefinitions',
          initiativeDefinitionDetail: 'https://cl08sales.sumtotaldevelopment.net/Services/api/admin/initiativeDefinitions/{id}',
          adminInitiative: 'https://cl08sales.sumtotaldevelopment.net/Services/api/admin/initiatives',
          terminateInitiative: 'https://cl08sales.sumtotaldevelopment.net/Services/api/admin/initiatives/{id}/terminate',
          saveProcessEntity: 'https://cl08sales.sumtotaldevelopment.net/Services/api/processEntities',
          administration: {
            loadProcessActionDefinitions: 'https://cl08sales.sumtotaldevelopment.net/Services/api/admin/processActionDefinitions',
            loadInitiativeActionDefinitions: 'https://cl08sales.sumtotaldevelopment.net/Services/api/admin/initiativeActionDefinitions',
            loadProcessActionsByDefinition: 'https://cl08sales.sumtotaldevelopment.net/Services/api/admin/processActionDefinitions/{id}/processActions',
            loadInitiativeActionDefinition: 'https://cl08sales.sumtotaldevelopment.net/Services/api/admin/initiativeActionDefinitions/{id}',
            loadTransitionEventsForInitiativeDefinitionToProcess: 'https://cl08sales.sumtotaldevelopment.net/Services/api/admin/initiativeDefinitionToProcesses/{id}/initiativeTransitionDetails',
            updateDefinitionStatus: 'https://cl08sales.sumtotaldevelopment.net/Services/api/admin/initiativeDefinitions/{id}/updateStatus',
            loadProcessStepViews: 'https://cl08sales.sumtotaldevelopment.net/Services/api/admin/processStepViews',
            assetsDefinitions:'https://cl08sales.sumtotaldevelopment.net/Services/api/admin/assetsDefinitions'
          }
        },
        search:{
          getObjectActions: 'https://cl08sales.sumtotaldevelopment.net/Services/api/action/getobjectactions',
          getFTEStatistics: 'https://cl08sales.sumtotaldevelopment.net/Services/api/search/getftestatistics',
          searchUrl: 'https://cl08sales.sumtotaldevelopment.net/Services/api/search/search',
          deleteSavedSearch:'https://cl08sales.sumtotaldevelopment.net/Services/api/search/DeleteSavedSearch',
          loadSavedSearch:'https://cl08sales.sumtotaldevelopment.net/Services/api/search/LoadSavedSearch',
          listUserSavedSearches: 'https://cl08sales.sumtotaldevelopment.net/Services/api/search/ListUserSavedSearches',
          saveSearch: 'https://cl08sales.sumtotaldevelopment.net/Services/api/search/SaveSearch',
          saveSearchUrl: 'https://cl08sales.sumtotaldevelopment.net/Services/api/search/SaveSearchTypes',
          searchSkillsoft: 'https://cl08sales.sumtotaldevelopment.net/Services/api/search/searchskillsoft',
          paginateSkillsoft: 'https://cl08sales.sumtotaldevelopment.net/Services/api/search/PaginatedSkillSoftResult',
          searchTypes: 'https://cl08sales.sumtotaldevelopment.net/Services/api/search/getenabledsearchtypes',
          allSearchTypes: 'https://cl08sales.sumtotaldevelopment.net/Services/api/search/getAllSearchTypes',
          suggestionUrl: 'https://cl08sales.sumtotaldevelopment.net/Services/api/search/suggestions',
          getFacets: 'https://cl08sales.sumtotaldevelopment.net/Services/api/search/searchFacets',
          getFacetFieldsList: 'https://cl08sales.sumtotaldevelopment.net/Services/api/search/searchFacetFields',
          includeFacet: 'https://cl08sales.sumtotaldevelopment.net/Services/api/search/includeFacetField',
          sortableFields: 'https://cl08sales.sumtotaldevelopment.net/Services/api/search/getSortableFields',
          esbApiToken: 'eyJ0eXAiOiJKV1QiLCJhbGciOiJIUzI1NiJ9.eyJpc3MiOiJodHRwOlwvXC93d3cuc3VtdG90YWxzeXN0ZW1zLmNvbVwvY29yZXVpIiwic3ViIjoiQ29udHJpYnV0ZXIiLCJhdWQiOiJDTDA4X1NBTEVTX1RFU1QiLCJleHAiOjYzNjc2NDI1OTQwNTU2ODIzNSwibmJmIjowLCJpYXQiOjYzNjc2NDA0MzQxMDg4MDYyNywiYnNlc3Npb25pZCI6IjhjZTMyMGFiMzBkNzRkOTM4MWUyZGQzOWE4Yzk5Mzc2IiwiZXVzcmlkIjpudWxsLCJldXNybiI6bnVsbCwiY3VsIjoiZW4tVVMiLCJ1c2VyaWQiOiI3MDIzNjkiLCJndWVzdGFjY291bnQiOjAsInBlcnNvbmlkIjoxMDExNjYsImlzZXh0ZXJuYWwiOmZhbHNlLCJycGtleSI6IkVMSVhIUlVJIn0.38018AA86DEDF9765668AB2017CB829255C69022415CCEB1C43A43D148DFB5B4',
          getSearchBinCountsUrl:'https://cl08sales.sumtotaldevelopment.net/Services/api/search/getSearchBinCounts',
          retrieveObjectSearchDiagnosticsUrl:'https://cl08sales.sumtotaldevelopment.net/Services/api/search/retrieveObjectSearchDiagnostics',
          getDocumentCountsUrl:'https://cl08sales.sumtotaldevelopment.net/Services/api/search/GetIndexableDocumentCounts',
          forceFullSearchUrl:'https://cl08sales.sumtotaldevelopment.net/Services/api/search/ForceFullSearchForBins',
          saveFavoriteJobUrl:'https://cl08sales.sumtotaldevelopment.net/Services/api/job/SaveFavoriteJob',
        },
        social:{
          getMyFeedUrl:'https://cl08sales.sumtotaldevelopment.net/Services/api/social/GetMyFeed',
          postMessageToYammer:'https://cl08sales.sumtotaldevelopment.net/Services/api/social/PostMessage',
          getAvailableGroupsUrl:'https://cl08sales.sumtotaldevelopment.net/Services/api/social/GetAvailableGroups',
          createGroupUrl:'https://cl08sales.sumtotaldevelopment.net/Services/api/social/CreateGroup',
          deleteGroupUrl:'https://cl08sales.sumtotaldevelopment.net/Services/api/social/DeleteGroup',
          deleteGroupMembershipUrl:'https://cl08sales.sumtotaldevelopment.net/Services/api/social/DeleteGroupMembership',
          addGroupMembershipUrl:'https://cl08sales.sumtotaldevelopment.net/Services/api/social/AddGroupMembership',
          getCurrentUserDataURL:'https://cl08sales.sumtotaldevelopment.net/Services/api/social/GetCurrentUserData',
          getAllUsersURL:'https://cl08sales.sumtotaldevelopment.net/Services/api/social/GetAllUsers',
          getGroupByIdUrl:'https://cl08sales.sumtotaldevelopment.net/Services/api/social/GetGroupById',
          validateGroupNameUrl:'https://cl08sales.sumtotaldevelopment.net/Services/api/social/ValidateGroupName',
          searchGroupUrl:'https://cl08sales.sumtotaldevelopment.net/Services/api/social/SearchGroup'
        },
        timeline:{
          approveTask:'https://cl08sales.sumtotaldevelopment.net/Services/api/timelineapi/ApproveTask',
        },
        bigData: {
          DismissEmployeeRecommendationsUrl: '/Core/Core/api/bigdataapi/DismissEmployeeRecommendations',
          CourseRecommendationForUserUrl: '/Core/Core/api/bigdataapi/GetCourseRecommendationForUser',
          getEmployeePositionFitData: '/Core/Core/api/bigdataapi/RetrieveEmployeePositionFitData',
          GetViewableJobsForUser: '/Core/Core/api/bigdataapi/GetViewableJobsForUser',
          SaveEmployeeRecommendPosition: '/Core/Core/api/bigdataapi/SaveEmployeeRecommendPosition',
          SaveEmployeeRecommendInterest:'/Core/Core/api/bigdataapi/SaveEmployeeRecommendInterest',
          GetViewableSubNodesForJob: '/Core/Core/api/bigdataapi/GetViewableSubNodesForJob',
          GetViewableNodesForJob :'/Core/Core/api/bigdataapi/GetViewableNodesForJob',
          GetJobByPersonId :'/Core/Core/api/bigdataapi/GetJobByPersonId',
          addOrRemoveJobFitAnalysis :'/Core/Core/api/bigdataapi/AddOrRemoveJobFitAnalysis',
          GetCourseRecommendationForUserByInterests: '/Core/Core/api/bigdataapi/GetCourseRecommendationForUserByInterests',
          //External Job Recommendation Implementation
          GetViewableExternalJobsForUser: '/Core/Core/api/bigdataapi/GetViewableExternalJobsForUser'
        },
        translations: {
          retrieveTranslations: '/Core/Core/api/translationapi/RetrieveTranslations',
          getTranslationsForModelUrl: '/Core/Core/api/translationapi/GetTranslationsForModel' + '?modelTypeFullName=',
          getTranslationsForObjectUrl: '/Core/Core/api/translationapi/GetTranslationsForObject' + '?modelTypeFullName=',
          saveTranslationsForModelUrl: '/Core/Core/api/translationapi/SaveTranslationsForModel' + '?modelTypeFullName=',
          GetTranslationsForModelAndObjectUrl: '/Core/Core/api/translationapi/GetTranslationsForModelAndObject',
          saveTranslationsForModelAndObjectUrl: '/Core/Core/api/translationapi/SaveTranslationsForModelAndObject',
          getTranslationDefinitionsByCategoryUrl: '/Core/Core/api/translationapi/GetTranslationDefinitionsByCategory',
          getStaticTranslationsForEditorUrl: '/Core/Core/api/translationapi/GetStaticTranslationsForEditor',
          saveStaticTranslationsUrl: '/Core/Core/api/translationapi/SaveStaticTranslations',
          getTranslationCategoriesUrl: '/Core/Core/api/translationapi/GetTranslationCategories',
          getTranslationsUrl:'https://cl08sales.sumtotaldevelopment.net/Services/api/i18n',
        },
        settings: {
          retrieveSettings: '/Core/Core/api/settingapi/RetrieveSettings',
          saveSettings: '/Core/Core/api/settingapi/SaveSettings',
          getSettingsForPreferenceScreen: '/Core/Core/api/settingapi/GetSettingsForPreferenceScreen',
          getSettings: '/Core/Core/api/settingapi/GetSettings',
          saveSettingsForPreferenceScreen: '/Core/Core/api/settingapi/SaveSettingsForPreferenceScreen',
          deleteSettings: '/Core/Core/api/settingapi/DeleteSettings',
          getObjectCriteriaSettings: '/Core/Core/api/settingapi/GetObjectCriteriaSettings',
          SaveObjectCriteriaSettings: '/Core/Core/api/settingapi/SaveObjectCriteriaSettings',
          getTimelineSortOptions: '/Core/Core/api/settingapi/GetTimelineSortOptions'

        },
        mobileConfiguration: {
          getMobileConfiguration: '/Core/Core/api/settingapi/getMobileConfiguration',
          setMobileConfiguration: '/Core/Core/api/settingapi/setMobileConfiguration'
        },
        personalization: {
          retrievePersonalization: '/Core/Core/api/dashboardingapi/RetrievePersonalization',
          retrievePersonalizationType: '/Core/Core/api/dashboardingapi/RetrievePersonalizationType'
        },
        dashboard: {
          getWidget: '/Core/Core/api/dashboardingapi/GetWidgetData',
          saveWidget: '/Core/Core/api/dashboardingapi/SaveWidgetData',
          getMyTasksforNotificationURL: '/Core/Core/api/mytasksapi/GetTimelineNotifications',
          clearWidgetDataCache: '/Core/Core/api/dashboardingapi/ClearWidgetDataCache',
          clearSecurityCache: '/Core/Core/api/dashboardingapi/ClearSecurityCache',
          saveWidgetDashboard: '/Core/Core/api/dashboardingapi/SaveWidgetDashboardData',
          removeDashboard: '/Core/Core/api/dashboardingapi/RemoveDashboardData',
          removeDashboardPage: '/Core/Core/api/dashboardingapi/RemoveDashboardPageData',
          copyDashboard: '/Core/Core/api/dashboardingapi/CopyDashboard',
          copyDashboardPage: '/Core/Core/api/dashboardingapi/CopyDashboardPage',
          myTasksRefresh: '/Core/Core/api/mytasksapi/GetMyTasks',
          retrieveSingleWebPartsData: '/Core/Core/api/dashboardingapi/RetrieveSingleWebPartsData',
          resetDashboardPage: '/Core/Core/api/dashboardingapi/ResetDashboardPage',
          registrationRedirection:'/Core/Core/api/dashboardingapi/GetRegistrationRedirectionData',
          getAllDashboardPages:'/Core/Core/api/dashboardingapi/LoadAllWebPartPages',
		      setUserDefaultDashboard: '/Core/Core/api/dashboardingapi/SetUserDefaultDashboard',
          setDashboardPagePriority: '/Core/Core/api/dashboardingapi/SetDashboardPagePriority',
          getLandingPageDashboardPages:'/Core/Core/api/dashboardingapi/GetLandingPageDashboardPages',
          getNewDashboardPagePriority:'/Core/Core/api/dashboardingapi/GetNewDashboardPagePriority',
          common: {
            retrieveEmployeePopupDetails: '/Core/Core/api/dashboardingapi/RetrieveEmployeePopupDetails'
          },
          webClock: {
            savePunch: '/Core/Core/api/dashboardingapi/SavePunchDetails',
            getPunch: '/Core/Core/api/dashboardingapi/LastPunchDetails',
            getPositionFromSearch:'/Core/Core/api/dashboardingapi/GetWFMSearch',
            getCostCenterFromSearch:'/Core/Core/api/dashboardingapi/GetWFMSearch',
            getWorkOrderFromSearch:'/Core/Core/api/dashboardingapi/GetWFMSearch',
            getWorkItemFromSearch:'/Core/Core/api/dashboardingapi/GetWFMSearch',
            saveCCP:'/Core/Core/api/dashboardingapi/SaveCCP'
          }
        },
        theming: {
          markThemeActive: '/Core/Core/api/themingapi/MarkThemeActive',
          markThemeAsDefault: '/Core/Core/api/themingapi/MarkThemeAsDefault',
          getHttpRequest: '/Core/Core/api/themingapi/GetHttpRequest',
          loadAllThemes: '/Core/Core/api/themingapi/LoadAllThemes',
          loadEditorViewData: '/Core/Core/api/themingapi/LoadEditorViewData',
          loadLessFiles: '/Core/Core/api/themingapi/LoadLessFiles',
          saveTheme: '/Core/Core/api/themingapi/SaveTheme',
          deleteTheme: '/Core/Core/api/themingapi/DeleteTheme',
          saveThemePrecedenceValues: '/Core/Core/api/themingapi/SaveThemePrecedenceValues',
          proxy: '/Core/proxy.html2canvas'
        },
        user: {
          getPersonIdByNumber: '/Core/Core/api/UserApi/GetPersonIdByNumber',
          getPersonNumberByIdUrl: 'https://cl08sales.sumtotaldevelopment.net/Services/api/core/person/GetPersonNumberById',
          getLoggedInPersonId: '/Core/Core/api/UserApi/GetLoggedInPersonId',
          profileOverview: '/Core/Core/api/profiledata/getprofileoverview',
          employeeMetricsData: '/Core/Core/api/profiledata/GetDataForEnabledProfileSections',
          getUserMiniProfile: '/Core/Core/api/profiledata/GetUserMiniProfile',
          directReportProfileOverview: '/Core/Core/api/profiledata/getprofileoverview',
          getRelationship: '/Core/Core/api/profiledata/getrelationship',
          GetOverAllPerformanceUrl : '/Core/Core/api/UserApi/GetPerformanceRatings',
          GetRecommendedLearningsUrl : '/Core/Core/api/UserApi/GetRecommendedLearnings'+ '?userId=' + 'D6D3F6FB8D04FAF81E16B69BE72609DA' + '&viewPersonId=',
          GetPerformanceHistoryUrl : '/Core/Core/api/UserApi/GetPerformanceHistory',
          getGoalsForUserUrl: '/Core/Core/api/UserApi/GetGoalsForUser',
          getGoalDetailsForUserUrl: '/Core/Core/api/UserApi/GetGoalDetailsForUser',
          getGoalDetailsForTeamUrl: '/Core/Core/api/UserApi/GetGoalDetailsForTeam',
          saveGoalDetailsForUserUrl: '/Core/Core/api/UserApi/SaveGoalDetailsForUser',
          getCompensationDetails: '/Core/Core/api/UserApi/GetCompensationDetails',
          getOverAllCompensation: '/Core/Core/api/UserApi/GetCompensationRatings',
          getResumeData: '/Core/Core/api/resumeapi/GetResumeData?pId=D6D3F6FB8D04FAF81E16B69BE72609DA',
          getResumeDataForTimeline: '/Core/Core/api/resumeapi/GetResumeData',
          getTeachingActivityUrl: '/Core/Core/api/UserApi/GetTeachingActivityDetails',
          getTeamHeaderCountsUrl: '/Core/Core/api/UserApi/GetTeamHeaderCounts',
          getOTPForBrowserExtension:'/Core/Core/api/UserApi/GetOTPForBrowserExtension',
        },

        organization: {
          keyMeasureData: '/Core/Core/api/orgchartapi/getkeymeasures',
          metricBarMetrics: '/Core/Core/api/orgchartapi/getmetricbarmetrics',
          metricBarMetricsForListOfUsers: '/Core/Core/api/orgchartapi/getmetricbarmetricsforlistofusers',
          saveNewHierarchyDetailsUrl: '/Core/Core/api/OrganizationApi/SaveNewHierarchyDetails',
          getCurrentHierarchiesUrl: '/Core/Core/api/OrganizationApi/GetCurrentHierarchies',
          getHierarchyDetailsUrl: '/Core/Core/api/OrganizationApi/GetHierarchyDetails' + '?hierarchyPK=',
          getChildOrganizationsUrl: '/Core/Core/api/OrganizationApi/GetChildOrganizations' + "?",//hierarchyPK=&organizationPK=
          getCodeByCatcdUrl: '/Core/Core/api/lookupsapi/codecats' + '?catcode=',
          getAutoGenOrgCode: '/Core/Core/api/OrganizationApi/GetAutoGenOrgCode',
          getCurrencyList: '/Core/Core/api/OrganizationApi/GetCurrencyList',
          getOrganizationUrl: '/Core/Core/api/OrganizationApi/GetOrganization' + '?organizationPK=',
          saveNewOrganizationDetailsUrl: '/Core/Core/api/OrganizationApi/SaveNewOrganizationDetails',
          createOrEditOrganizationUrl: '/Core/Core/api/OrganizationApi/CreateOrEditOrganization',
          DeleteOrganizationHierarchyUrl: '/Core/Core/api/OrganizationApi/DeleteOrganizationHierarchy',
          addUserByListUrl: '/Core/Core/api/OrganizationApi/AddUserByList',
          ConvertToDomainUrl: '/Core/Core/api/OrganizationApi/ConvertToDomain',
          getAllOrganization: '/Core/Core/api/OrganizationApi/SearchOrganization',
          getPermissionUrl: '/Core/Core/api/OrganizationApi/GetPermission',
          getInstalledPillars: '/Core/Core/api/jobapi/GetInstalledPillars',
          addUserInfoUrl: '/Core/Core/api/OrganizationApi/GetUserInfo',
          getOrgUserUrl: '/Core/Core/api/OrganizationApi/GetOrganizationUsers',
          getAudienceUrl: '/Core/Core/api/OrganizationApi/GetAudience',
          addUserByAudience: '/Core/Core/api/OrganizationApi/AddUserByAudience',
          exportOrganizationsURL: '/Core/Core/api/OrganizationApi/exportOrganization',
          
          editOrg: '/Core/Core/api/OrganizationApi/editOrgUser',
          deleteOrgUsersUrl: '/Core/Core/api/OrganizationApi/deleteOrgUsers',
          timeLineData: '/Core/Core/api/orgchartapi/gettimelinedata' + '?key=',
          employeeSearchForUser: '/Core/Core/api/orgchartapi/EmployeeSearchForUser',
          getSingleSupervisorHierarchyNode: '/Core/Core/api/orgchartapi/GetSingleSupervisorHierarchyNode',
          getSupervisorHierarchy: '/Core/Core/api/orgchartapi/GetSupervisorHierarchy',
          getPositionHierarchy: '/Core/Core/api/orgchartapi/GetPositionHierarchy',
          getDataForEnabledProfileSections: '/Core/Core/api/orgchartapi/GetDataForEnabledProfileSections',
          getAllMetrics: '/Core/Core/api/orgchartapi/GetAllMetrics',
          getSuccessorsForJobPosition: '/Core/Core/api/orgchartapi/GetSuccessorsForJobPosition',
          updateSuccessionForJobPosition: '/Core/Core/api/orgchartapi/UpdateSuccessionForJobPosition',
          getSpecifiedActivities: '/Core/Core/api/orgchartapi/GetSpecifiedActivities',
          getSettings: '/Core/Core/api/orgchartapi/GetSettings',
          isParentOrgURL :'/Core/Core/api/OrganizationApi/IsParentOrganization',
        },
        org: {
          GetUplineHierarchy: '/Core/Core/api/orgchartapi/GetUplineHierarchy',
          GetDirectReportsData: '/Core/Core/api/orgchartapi/GetDirectReportsData',
          GetManagerData: '/Core/Core/api/orgchartapi/GetManagerData',
        },
        tasks:{
          mytasks: '/Core/Core/api/mytasksapi/GetMyTasks' ,
          loadTimelineNotificationCount: '/Core/Core/api/mytasksapi/LoadTimelineNotificationCount' ,
          learningTasks: '/Core/Core/api/mytasksapi/GetLearningTasks',
          learningTasksCount: '/Core/Core/api/mytasksapi/GetLearningTasksCount',
        },
        myteam:
        {
          directReport : '/Core/Core/api/myteam/getteammember?mgrId=D6D3F6FB8D04FAF81E16B69BE72609DA' ,
          directReportProfileOverview: '/Core/Core/api/profiledata/getprofileoverview'
        },
        security:{
          GetPortalSecuredRoutesUrl: '/Core/Core/api/securityapi/GetPortalSecuredRoutes',
          ListPermissionLevelsUrl: '/Core/Core/api/securityapi/ListPermissionLevels',
          LoadPermissionLevelByIdUrl: '/Core/Core/api/securityapi/LoadPermissionLevelById',
          GetRelationshipTo: '/Core/Core/api/securityapi/GetRelationship',
          ListSecurityGroupsUrl: '/Core/Core/api/securityapi/ListSecurityGroups',
          GetSecurityGroupsForUserUrl: '/Core/Core/api/securityapi/GetSecurityGroupsForUser',
          LoadSecurityGroupByIdUrl: '/Core/Core/api/securityapi/LoadSecurityGroupById',
          DeletePermissionLevelDataUrl: '/Core/Core/api/securityapi/DeletePermissionLevel',
          SavePermissionLevelDataUrl: '/Core/Core/api/securityapi/SavePermissionLevel',
          SaveSecurityGroupUrl: '/Core/Core/api/securityapi/SaveSecurityGroup',
          ListPermissionDefinitionsUrl: '/Core/Core/api/securityapi/ListPermissionDefinitions',
          DeleteSecurityGroupDataUrl: '/Core/Core/api/securityapi/DeleteSecurityGroup',
          //GetApplicationRoleTypesUrl: '/Core/Core/api/securityapi/GetApplicationRoleTypes',
          GetApplicationRoleTypesUrl: '/Core/Core/api/securityapi/GetAllPortalRoles',
          GetAllPortalRolesUrl: '/Core/Core/api/securityapi/GetAllPortalRoles',
          SearchApplicationRolesUrl: '/Core/Core/api/securityapi/SearchApplicationRoles',
          ListPermissionDefinitionsByObjTypeUrl: '/Core/Core/api/securityapi/ListPermissionDefinitionsByObjType',
          GetSecurityGroupObjectPermissionsUrl: '/Core/Core/api/securityapi/ListSecurityGroupObjectPermissions',
          AddUpdateSecurityGroupObjectPermissionsUrl: '/Core/Core/api/securityapi/AddUpdateSecurityGroupObjectPermission',
          GetMasterSitemapForPMConfigurationUrl: '/Core/Core/api/securityapi/GetMasterSitemapForPMConfiguration',
          GetBreadcrumbDataForSitemapNodeUrl: '/Core/Core/api/securityapi/GetBreadcrumbDataForSitemapNode',

          SaveMasterSitemapForPMConfigurationUrl: '/Core/Core/api/securityapi/SaveMasterSitemapForPMConfiguration',
          GetAllRelyingPartiesUrl: '/Core/Core/api/securityapi/GetRelyingPartiesForCurrentTenant',
          DeleteSitemapNodeUrl: '/Core/Core/api/securityapi/DeleteSitemapNode',
          ResetChangePasswordByAdmin: '/Core/Core/api/securityapi/ResetChangePasswordByAdmin',
          GetPasswordRules: '/Core/Core/api/securityapi/GetPasswordRules',
          DeleteSitemapNodeUrl: '/Core/Core/api/securityapi/DeleteSitemapNode',
          GetUserLoginHistoryUrl: '/Core/Core/api/securityapi/GetUserLoginHistory',
          getSecurityRelationshipNameList: '/Core/Core/api/profiledata/GetSecurityRelationshipNameList',
          getSecurityRelationship: '/Core/Core/api/profiledata/GetSecurityRelationship',
          getSecurityRelationshipCategoryList: '/Core/Core/api/profiledata/GetSecurityRelationshipCategoryList',
          GetEmployeeProfileSitemap: '/Core/Core/api/securityapi/GetEmployeeProfileSitemap',
          addSecurityRelationship: '/Core/Core/api/profiledata/AddSecurityRelationship',
          updateSecurityRelationship: '/Core/Core/api/profiledata/UpdateSecurityRelationship',
          deleteSecurityRelationship: '/Core/Core/api/profiledata/DeleteSecurityRelationship',
          getMultiLangDetails: '/Core/Core/api/profiledata/GetMultiLangDetails',
          ResetSecurityGroupObjectPermissionUrl: '/Core/Core/api/securityapi/ResetSecurityGroupObjectPermission',
          InheritSecurityGroupObjectPermissionsUrl: '/Core/Core/api/securityapi/InheritSecurityGroupObjectPermissions',

          GetESignatureSettings: '/Core/Core/api/securityapi/GetESignatureSettings',
          ListObjectSecurityGroupsUrl: '/Core/Core/api/securityapi/ListObjectSecurityGroups',
          apiTokenUrl: '/Core/Core/api/securityapi/retrieveApiToken',
          GetUAToken: '/Core/Core/api/securityapi/GetUAToken',
          EmulateProfileByAdmin: '/Core/Core/api/securityapi/EmulateProfileByAdmin',
          IsModuleLicensed: '/Core/Core/api/securityapi/IsModuleLicensed',
          GetSecurityPermissions: '/Core/Core/api/securityapi/GetSecurityPermissions',
          getPageHelpUrl: '/Core/Core/api/securityapi/GetPageHelpUrl'

        },
        library:
        {
          libraryApiURL:'/Core/Core/api/libraryapi/GetCatalogs',
          libraryGetTopicURL:'/Core/Core/api/libraryapi/GetCurrentTopic',
          relatedTopicsApiURL:'/Core/Core/api/libraryapi/GetRelatedTopics'
        },
        trainingActivity:
        {
          activityApi:'/Core/Core/api/trainingapi/GetActivitySummaryDetails'
        },
        eSignature:
        {
          eSignatureApi:'/Core/Core/api/esignatureapi/GetESignatureTranslation'
        },
        password:
        {
          ListProhibitedWordUrl: '/Core/Core/api/passwordmanagerapi/ListProhibitedWords',
          ListSecurityQuestionsUrl: '/Core/Core/api/passwordmanagerapi/ListSecurityQuestions',
          GetUserLanaguageListUrl: '/Core/Core/api/passwordmanagerapi/GetUserLanaguageList',
          SaveSecurityQuestionsUrl: '/Core/Core/api/passwordmanagerapi/SaveSecurityQuestion',
          ListUserSecQuestionsUrl: '/Core/Core/api/passwordmanagerapi/ListUserSecQuestions',
          SaveUserSecQuestionsDataUrl: '/Core/Core/api/passwordmanagerapi/SaveUserSecQuestions',
          SavePasswordPolicyUrl: '/Core/Core/api/passwordmanagerapi/SavePasswordPolicy',
          GetPasswordPolicyUrl: '/Core/Core/api/passwordmanagerapi/GetPasswordPolicies',
          GetPasswordPolicyByIdUrl: '/Core/Core/api/passwordmanagerapi/GetPasswordPolicyById',
          GetPasswordPolicyForUserUrl: '/Core/Core/api/passwordmanagerapi/GetPasswordPolicyForUser',
          GetPasswordRulesForUserUrl: '/Core/Core/api/passwordmanagerapi/GetPasswordRulesForUser',
          GetSecurityQuestionsForUserUrl: '/Core/Core/api/passwordmanagerapi/GetSecurityQuestionsForUser',
          DeletePasswordPoliciesUrl: '/Core/Core/api/passwordmanagerapi/DeletePasswordPolicies',
          SaveProhibitedWordsDataUrl: '/Core/Core/api/passwordmanagerapi/SaveProhibitedWords',
          GetRulesAndSettingsUrl: '/Core/Core/api/passwordmanagerapi/GetRulesAndSettings',
          SaveRulesAndSettingsUrl: '/Core/Core/api/passwordmanagerapi/SaveRulesAndSettings',
          SaveEntityAssignmentUrl: '/Core/Core/api/passwordmanagerapi/SaveEntityAssignment',
          GetPasswordSettingsUrl: '/Core/Core/api/passwordmanagerapi/GetPasswordSettings',
          SavePasswordSettingsUrl: '/Core/Core/api/passwordmanagerapi/SavePasswordSettings',
          ResetPasswordUrl: '/Core/Core/api/passwordmanagerapi/ResetPassword'
        },
        myprofile:{
          getWorkerPersonalDetailsUrl: '/Core/Core/api/profiledata/GetWorkerPersonalDetails',
          saveWorkerPersonalDetailsUrl: '/Core/Core/api/profiledata/SaveWorkerPersonalDetails',
          getWorkerProfileUrl: '/Core/Core/api/profiledata/GetWorkerProfile',
          getWorkerBasicProfileUrl: '/Core/Core/api/profiledata/GetWorkerBasicProfile',
          disabledUserProfileUrl: '/Core/Core/api/profiledata/DisableUserLogins',
          enabledUserProfileUrl: '/Core/Core/api/profiledata/EnableUserLogins',
          terminatePersonDetailsUrl: '/Core/Core/api/profiledata/TerminateWorkerProfile',
          restorePersonDetailsUrl: '/Core/Core/api/profiledata/RestoreWorkerProfile',
          getReassignManagerData: '/Core/Core/api/profiledata/GetReassignManagerData',
          getUsersForReassignManager: '/Core/Core/api/profiledata/getUsersForReassignManager',
          updateUsersReassignManager: '/Core/Core/api/profiledata/UpdateUsersReassignManager',
          getPendingTasksForChangeManager: '/Core/Core/api/profiledata/GetPendingTasksForChangeManager',
          updatePersonRelationDetails: '/Core/Core/api/profiledata/UpdateManagerForPerson',
          getSearchUsers: '/Core/Core/api/profiledata/SearchUser',
          getFreeTextSearchUsers: '/Core/Core/api/profiledata/FreeTextUserSearch',
          getAllUser: '/Core/Core/api/profiledata/GetAllUser',
          exportUsers: '/Core/Core/api/profiledata/ExportUsers',
          removeAccount: '/Core/Core/api/profiledata/RemoveAccount',
          getSecurityRightsUrl: '/Core/Core/api/profiledata/GetSecurityRights',
          getMergeUserConflicts: '/Core/Core/api/profiledata/MergeUserConflicts',
          getTMCheckMergeUser: '/Core/Core/api/profiledata/TMCheckMergeUser',
          mergeUserAccounts: '/Core/Core/api/profiledata/MergeUserAccounts',
          listofmergeAccounts: '/Core/Core/api/profiledata/ListofMergeAccounts',
          exportMergeAccounts: '/Core/Core/api/profiledata/ExportMergeAccounts',
          getMergeUserStatus: '/Core/Core/api/profiledata/GetMergeUserStatus',
          addUpdatePersonUrl: '/Core/Core/api/profiledata/AddUpdatePerson',
          getUserPermissionsUrl: '/Core/Core/api/profiledata/GetUserPermissions',
          getUserPermissionsForEmulateProfileUrl: '/Core/Core/api/profiledata/GetUserPermissionsForEmulateProfile',
          exportPendingApprovalsUrl: '/Core/Core/api/profiledata/ExportPendingApproval',
          ExportPendingAccounts: '/Core/Core/api/profiledata/ExportPendingAccounts',
          getAdvancedPendingApprovalUrl:'/Core/Core/api/profiledata/GetAdvancedPendingApproval',
          ActOnPendingApprovalUrl:'/Core/Core/api/profiledata/ActOnPendingApproval',
          getWorkerPersonalDetailsPAUrl: '/Core/Core/api/profiledata/GetWorkerPersonalDetails',
          pendingApprovalSecurityCheckUrl: '/Core/Core/api/profiledata/PendingApprovalSecurityCheck',
          editUserUrl: '/Core/Core/api/profiledata/EditUser',
          getEmployeeTypeUrl: '/Core/Core/api/profiledata/GetEmployeeType',
          GetProfileOverviewMini: '/Core/Core/api/profiledata/GetProfileOverviewMini',
          gePersonHomeAddressUrl:'/Core/Core/api/profiledata/getUserHomeAddress',
          getCreateUserPermissionUrl: '/Core/Core/api/profiledata/GetCreateUserPermissions',
          isGuestUserUrl: '/Core/Core/api/profiledata/IsGuestUser',
        },

        //added
        myUnlockdata: {
          doUnlockDataUrl: '/Core/Core/api/profiledata/doUnlockAccount'
        },
        commonUtilApis: {
          enabledPillarsUrl: '/Core/Core/api/commonapi/GetEnabledPillars'
        },
        jobtemplates:{
          getNextJobNumUrl: '/Core/Core/api/jobapi/GetNextJobNum',
          getJobTemplatesUrl: '/Core/Core/api/jobapi/GetJobTemplates',
          getJobTemplateUrl: '/Core/Core/api/jobapi/GetJobTemplate',   //Deprecated, use getJobTemplateByIdUrl instead
          getJobTemplateByIdUrl: '/Core/Core/api/jobapi/getJobTemplateById',
          getNextJobsUrl: '/Core/Core/api/jobapi/GetNextJobs',
          getCompetenciesFromJobUrl: '/Core/Core/api/jobapi/GetCompetenciesFromJob',
          getJobRequirementsForUserUrl: '/Core/Core/api/jobapi/GetJobRequirementsForUser',
          copyJobTemplatesUrl: '/Core/Core/api/jobapi/CopyJobTemplates',
          deleteJobTemplatesUrl: '/Core/Core/api/jobapi/DeleteJobTemplates',
          saveJobTemplatesUrl: '/Core/Core/api/jobapi/SaveJobTemplate',
          getInstalledPillars: '/Core/Core/api/jobapi/GetInstalledPillars',
          getCoreRelationships: '/Core/Core/api/jobapi/GetCoreRelationships',
          getCodeByCatcdUrl: '/Core/Core/api/lookupsapi/codecats' + '?catcode=',
          exportJobTemplates: '/Core/Core/api/jobapi/ExportJobTemplates',
          getPermissionUrl: '/Core/Core/api/jobapi/GetPermission',
        },
        skills:{
          getSkillsUrl: '/Core/Core/api/skill/GetSkills',
          getSkillUrl: '/Core/Core/api/skill/GetSkill',
          copySkillsUrl: '/Core/Core/api/skill/CopySkills',
          deleteSkillsUrl: '/Core/Core/api/skill/DeleteSkills',
          saveSkillsUrl: '/Core/Core/api/skill/SaveSkill',
          getContentTypesUrl: '/Core/Core/api/skill/getContentTypes',
          getCodeByCatcdUrl: '/Core/Core/api/lookupsapi/codecats' + '?catcode=',
          exportSkills: '/Core/Core/api/skill/ExportSkills',
          getPermissionUrl: '/Core/Core/api/skill/GetPermission',
          getSkillCategoriesUrl: 'https://cl08sales.sumtotaldevelopment.net/Services/api/SkillCategories/GetSkillCategoriesData',
          saveSkillDataUrl:'https://cl08sales.sumtotaldevelopment.net/Services/api/SkillCategories/SaveSkillWithCategories',
          saveSkillCategoryLevelUrl:'https://cl08sales.sumtotaldevelopment.net/Services/api/SkillCategories/SaveSkillCategoryLevel',
        },

        competencies:{
          getCompetenciesUrl: '/Core/Core/api/competencyapi/GetCompetencies',
          getCompetenciesByPersonUrl: '/Core/Core/api/competencyapi/GetCompetenciesByPerson',
          exportCompetenciesUrl: '/Core/Core/api/competencyapi/ExportCompetencies',
          getCompetencyUrl: '/Core/Core/api/competencyapi/GetCompetency',
          saveCompetencyUrl: '/Core/Core/api/competencyapi/SaveCompetency',
          saveEnabledLanguagesUrl: '/Core/Core/api/competencyapi/GetEnabledLanguages',
          getPermissionUrl: '/Core/Core/api/competencyapi/GetPermission',
          deleteCompetenciesUrl: '/Core/Core/api/competencyapi/DeleteCompetencies',
        },

        recruitingquestion:{
          getRecruitingQuestionById: '/Core/Core/api/recruitingquestionapi/GetRecruitingQuestionById',
          getDateTimeById: '/Core/Core/api/recruitingquestionapi/GetDateTimeById',
          getMultipleTextBoxesById: '/Core/Core/api/recruitingquestionapi/GetMultipleTextBoxesById',
          getRatingMatrixById: '/Core/Core/api/recruitingquestionapi/GetRatingMatrixById',
          getRatingById: '/Core/Core/api/recruitingquestionapi/GetRatingById',
          getRecruitingQuestionWithChoicesById: '/Core/Core/api/recruitingquestionapi/GetRecruitingQuestionWithChoicesById',
          getMultiSelectListDropdownsById: '/Core/Core/api/recruitingquestionapi/GetMultiSelectListDropdownsById',

          getRecruitingQuestions: '/Core/Core/api/recruitingquestionapi/GetRecruitingQuestions',
          getFilteredRecruitingQuestions: '/Core/Core/api/recruitingquestionapi/GetFilteredRecruitingQuestions',

          addOrUpdateFlattenRecruitingQuestion: '/Core/Core/api/recruitingquestionapi/AddOrUpdateFlattenRecruitingQuestion',
          addOrUpdateDateTimeRecruitingQuestion: '/Core/Core/api/recruitingquestionapi/AddOrUpdateDateTimeRecruitingQuestion',
          addOrUpdateMultipleTextBoxes: '/Core/Core/api/recruitingquestionapi/AddOrUpdateMultipleTextBoxes',
          addOrUpdateRatingMatrix: '/Core/Core/api/recruitingquestionapi/AddOrUpdateRatingMatrix',
          addOrUpdateRecruitingQuestionWithChoices: '/Core/Core/api/recruitingquestionapi/AddOrUpdateRecruitingQuestionWithChoices',
          addOrUpdateMultiSelectListDropdowns: '/Core/Core/api/recruitingquestionapi/AddOrUpdateMultiSelectListDropdowns',

          restoreOrInactivateRecruitingQuestion: '/Core/Core/api/recruitingquestionapi/RestoreOrInactivateRecruitingQuestion',
          deleteRecruitingQuestions: '/Core/Core/api/recruitingquestionapi/DeleteRecruitingQuestions',

          searchRecruitingQuestionTags: '/Core/Core/api/recruitingquestionapi/SearchRecruitingQuestionTags',
          getAllRecruitingQuestionTags: '/Core/Core/api/recruitingquestionapi/GetAllRecruitingQuestionTags'
        },

        competencyModels:{
          getPermissionUrl: '/Core/Core/api/competencymodelapi/GetPermission',
          getCompetencyModelsUrl: '/Core/Core/api/competencymodelapi/getcompetencymodels',
          saveCompetencyModelsUrl: '/Core/Core/api/competencymodelapi/savecompetencymodel',
          getCompetencyModelEditUrl: '/Core/Core/api/competencymodelapi/getcompetencymodel' + '?targetAssessmentID=',
          deleteCompetencyModelsUrl: '/Core/Core/api/competencymodelapi/deletecompetencymodels' + '?targetAssessmentIDs=',
          copyCompetencyModelsUrl: '/Core/Core/api/competencymodelapi/CopyCompetencyModel' + '?targetAssessmentIDs='
        },

        behaviors:{
          getBehaviorDetailsUrl: '/Core/Core/api/behaviorapi/GetBehaviorDetail',
          getBehaviorsByCmpIdUrl: '/Core/Core/api/behaviorapi/GetBehaviorsbyCmpID',
          getBehaviorsByCmpIdsUrl: 'https://cl08sales.sumtotaldevelopment.net/Services/api/behavior/GetBehaviorsByCmpIDs',
          SaveNewBehaviorDetailUrl: '/Core/Core/api/behaviorapi/SaveNewBehaviorDetail',
          DeleteOrCopyBehaviorsUrl: '/Core/Core/api/behaviorapi/DeleteOrCopyBehaviors',
          ExportBehaviorsUrl: '/Core/Core/api/behaviorapi/ExportBehaviors',
          getPermissionUrl: '/Core/Core/api/behaviorapi/GetPermission',
          getLeftNavPermissionUrl: '/Core/Core/api/behaviorapi/getLeftNavPermission',
          getAssociatedActivitiesUrl: '/Core/Core/api/behaviorapi/getAssocicatedActivities',
          getActivitiesBySearchCritUrl: '/Core/Core/api/behaviorapi/getActivitiesBySearchCrit',
          addDeleteActivitiesUrl: '/Core/Core/api/behaviorapi/addDeleteActivities',
        },
        domains:{
          getListofLMOrgandDomainsUrl: '/Core/Core/api/DomainDataApi/GetListofDomains',
          getCurrentLoginUserDomainUrl: '/Core/Core/api/DomainDataApi/GetCurrentLoginUserDomain',
          expireCurrentDomainCache: '/Core/Core/api/DomainDataApi/ExpireCurrentDomainCache'
        },
        lookups:{
          getListofLMSecurityRolesUrl: '/Core/Core/api/LookupsApi/GetListofLMSecurityRoles',
          getListofTMBusinessUrl: '/Core/Core/api/LookupsApi/GetListofTMBusiness',
          getCodeDefinitionsUrl: '/Core/Core/api/lookupsapi/allcodecats',
          getCodesUrl: '/Core/Core/api/lookupsapi/codecats',
          getMultipleCodesUrl: '/Core/Core/api/lookupsapi/GetCodeDefinitions',
          getCodesForRatingUrl: '/Core/Core/api/lookupsapi/codecatsforrating',
          getCodeDefinitionsListUrl: '/Core/Core/api/lookupsapi/codecatsforedit',
          getCodeDefinitionsEditUrl: '/Core/Core/api/lookupsapi/editcodecat',
          getCodeDefinitionscodesforeditUrl: '/Core/Core/api/lookupsapi/codesforedit',
          getLinkedCodesForCatcd: '/Core/Core/api/lookupsapi/linkedcodes',
          getCodeDefinitionsSaveUrl: '/Core/Core/api/lookupsapi/savecodecat',
          getCodeDefinitionUpdateStatusUrl: '/Core/Core/api/lookupsapi/updatecodecatstatus',
          getCodesEditUrl: '/Core/Core/api/lookupsapi/editcode',
          getCodesSaveUrl: '/Core/Core/api/lookupsapi/savecode',
          getCodeUpdateStatusUrl: '/Core/Core/api/lookupsapi/updatecodestatus',
          getTimezonesUrl: '/Core/Core/api/lookupsapi/alltimezones',
          getCodeByCatcdUrl: '/Core/Core/api/lookupsapi/codecats' + '?catcode='
        },
        developmentplan:{
          getDevPlanofUserForPeriodUrl: '/Core/Core/api/developmentplanapi/GetDevelopmentPlanForOwnerForPeriod',
          getDevelopmentPlanTasksForPlanUrl: '/Core/Core/api/developmentplanapi/GetDevelopmentPlanTasksForPlan',
          getDevelopmentPlanActivitiesForOwner: '/Core/Core/api/developmentplanapi/GetDevelopmentPlanActivitiesForOwner',
          SaveDevelopmentPlanUrl: '/Core/Core/api/developmentplanapi/SaveDevelopmentPlan',
          SaveDevelopmentPlanActivityUrl: '/Core/Core/api/developmentplanapi/SaveDevelopmentPlanActivity',
          getGoalPeriodsUrl: '/Core/Core/api/developmentplanapi/GetGoalPeriodsList',
          deleteDevelopmentPlanActivityUrl: '/Core/Core/api/developmentplanapi/DeleteDevPlanActivity',
          deleteDevelopmentPlanGroupUrl: '/Core/Core/api/developmentplanapi/DeleteDevelopmentPlanGroup',
          getDevPlanGroupsUrl: '/Core/Core/api/developmentplanapi/GetDevPlanGroups',
          saveDevPlanGroupsUrl: '/Core/Core/api/developmentplanapi/SaveDevelopmentPlanGroup',
          saveDevPlanPeriodUrl: '/Core/Core/api/developmentplanapi/SaveDevelopmentPlanPeriod',
          getDirectReportsDataUrl:'/Core/Core/api/developmentplanapi/getDirectReportsData',
          saveMultipleActivitiesUrl:'/Core/Core/api/developmentplanapi/MultiAssignActivity',
          getAllCompetenciesUrl: '/Core/Core/api/developmentplanapi/GetAllCompetencies',
          getActivitiesForCompetencyUrl: '/Core/Core/api/developmentplanapi/GetActivitiesForCompetency',
          SaveApprovalStatusUrl: '/Core/Core/api/developmentplanapi/SaveApprovalStatus',
          getLatestPeriodUrl: '/Core/Core/api/developmentplanapi/GetLatestGoalPeriod',
          getDevPlanOfUsersForAPeriodUrl: '/Core/Core/api/developmentplanapi/GetDevPlanOfUsersForAPeriod',
          getDevPlanOwnerInfoUrl: '/Core/Core/api/developmentplanapi/GetDevPlanOwnerInfo',
          getDevPlanOwnerUserNameUrl: '/Core/Core/api/developmentplanapi/GetDevPlanOwnerUserName',
          getUserJobUrl: '/Core/Core/api/developmentplanapi/GetUserJob',
          getCompetenciesForUserJobUrl: '/Core/Core/api/developmentplanapi/GetCompetenciesForUserJob',
          getCompetencyBehaviorsUrl: '/Core/Core/api/developmentplanapi/GetCompetencyBehaviors',
          getCodesForDevPlanUrl: '/Core/Core/api/developmentplanapi/GetCodesForDevPlan',
          getRatingScaleUrl: '/Core/Core/api/developmentplanapi/GetRatingScale',
          getTargetScaleUrl: '/Core/Core/api/developmentplanapi/GetTargetScale',
          getAssessedCompetenciesUrl: '/Core/Core/api/developmentplanapi/GetAssessedCompetencies',
          getmodelDataUrl:'/Core/Core/api/developmentplanapi/GetmodelData',
          getCompetenciesForPositionUrl: '/Core/Core/api/developmentplanapi/GetCompetenciesForPosition',
          HasManagerRelationshipUrl:'/Core/Core/api/developmentplanapi/HasManagerRelationship',
          getActivitiesBySearchCritUrl: '/Core/Core/api/developmentplanapi/getActivitiesBySearchCrit',
          getManagerCommentsForDevPlanUrl: '/Core/Core/api/developmentplanapi/GetManagerCommentsForDevPlan',
          getUDPGroupsUrl: '/Core/Core/api/developmentplanapi/GetUDPGroups',
          getUDPGroupDetailsUrl: '/Core/Core/api/developmentplanapi/GetUDPGroupDetails',
          saveUDPGroupDataUrl: '/Core/Core/api/developmentplanapi/SaveUDPGroupData',
          checkDevelopmentPlanSecurityUrl: '/Core/Core/api/developmentplanapi/CheckDevelopmentPlanSecurity',
          SaveDevelopmentPlanObjective: 'https://cl08sales.sumtotaldevelopment.net/Services/api/UDP/SaveDevelopmentPlanObjective',
          getDevPlanObjectives: 'https://cl08sales.sumtotaldevelopment.net/Services/api/UDP/GetDevPlanObjectives',
          deleteObjective: 'https://cl08sales.sumtotaldevelopment.net/Services/api/UDP/DeleteObjective',
          getDevelopmentPlanForOwner: 'https://cl08sales.sumtotaldevelopment.net/Services/api/UDP/GetDevelopmentPlanForOwner'
        },
        newDevelopmentPlan:{
          createEditTaskURL: 'https://cl08sales.sumtotaldevelopment.net/Services/api/UDP/CreateEditTask',
          saveDevPlanComments: 'https://cl08sales.sumtotaldevelopment.net/Services/api/UDP/SaveDevPlanComments',
          getDevPlanForUserURL: 'https://cl08sales.sumtotaldevelopment.net/Services/api/UDP/GetUnifiedDevelopmentPlan',
          getDevPlanObjectivesURL: 'https://cl08sales.sumtotaldevelopment.net/Services/api/UDP/GetDevPlanObjectives',
          getDevPlanTasksURL: 'https://cl08sales.sumtotaldevelopment.net/Services/api/UDP/GetDevPlanTasks',
          saveUDPConfigSettingsUrl: 'https://cl08sales.sumtotaldevelopment.net/Services/api/UDP/SaveUDPConfigSettings',
          togglePrivateStatusUrl: 'https://cl08sales.sumtotaldevelopment.net/Services/api/UDP/TogglePrivateStatus',
          saveMultipleActivitiesUrl:'https://cl08sales.sumtotaldevelopment.net/Services/api/UDP/MultiAssignActivity',
          getDevelopmentPlanSettingsUrl:'https://cl08sales.sumtotaldevelopment.net/Services/api/UDP/GetDevelopmentPlanSettings',
          getSkillsForDevPlanTasksUrl: 'https://cl08sales.sumtotaldevelopment.net/Services/api/UDP/GetSkillsForDevPlanTasks',
          getCompetenciesForDevPlanTasksUrl:'https://cl08sales.sumtotaldevelopment.net/Services/api/UDP/GetCompetenciesForDevPlanTasks',
          getSkillsForJobUrl : 'https://cl08sales.sumtotaldevelopment.net/Services/api/UDP/GetSkillsForJob',
          GetActivitiesForSkillUrl:'https://cl08sales.sumtotaldevelopment.net/Services/api/UDP/GetActivitiesForSkill',
          GetSkillsForUserUrl:'https://cl08sales.sumtotaldevelopment.net/Services/api/UDP/GetSkillsForUser',
          GetJobsForActivitiesUrl:'https://cl08sales.sumtotaldevelopment.net/Services/api/UDP/GetJobsForActivities',
          GetUserDevPlanForPeriodUrl : 'https://cl08sales.sumtotaldevelopment.net/Services/api/UDP/GetUserDevPlanForPeriod'
        },
        userManagement:{
          getModelsUrl: '/Core/Core/api/globalconfiguratorapi/models',
          getGlobalConfigurationUrl: '/Core/Core/api/globalconfiguratorapi/globalconfigurations',
          saveGlobalConfigurationUrl: '/Core/Core/api/globalconfiguratorapi/saveglobalconfiguration',
          getAdvancedConfigurationUrl: '/Core/Core/api/globalconfiguratorapi/advancedconfigurations',
          saveAdvancedConfigurationUrl: '/Core/Core/api/globalconfiguratorapi/saveadvancedconfiguration',
          getModelConfigurationUrl: '/Core/Core/api/globalconfiguratorapi/modelconfigurations',
          getAvailableUserFieldsUrl: '/Core/Core/api/globalconfiguratorapi/availableuserfields?targetuserid=',
          getAvailableEditUserLinksUrl: '/Core/Core/api/globalconfiguratorapi/availableedituserlinks',
          getExtendedAdvancedConfigurationUrl: '/Core/Core/api/globalconfiguratorapi/extendedconfigurations',
          getAdvancedSectionConfigurationUrl: '/Core/Core/api/globalconfiguratorapi/extendedsectionconfigurations',
          saveExtendedConfigurationUrl: '/Core/Core/api/globalconfiguratorapi/saveextendedconfiguration',
          forgetUserListUrl: 'https://cl08sales.sumtotaldevelopment.net/Services/api/user/forgetuserlist',
          forgetUserUrl: 'https://cl08sales.sumtotaldevelopment.net/Services/api/user/forgetuser'
        },
        userAccount:{
          getUserAccountGeneralSettingsUrl:  '/Core/Core/api/UserAccountCreationApi/GetUserAccountCreationGeneralSettings',
          saveUserAccountGeneralSettingsUrl:  '/Core/Core/api/UserAccountCreationApi/SaveUserAccountCreationGeneralSettings',
          getSSOBrokerUrl:'/Core/Core/api/UserAccountCreationApi/GetSSOBrokerUrl'
        },
        udpConfiguration:{
          getGoalPeriodsUrl: '/Core/Core/api/developmentplanapi/GetGoalPeriodsList',
          getGoalPeriodUrl: '/Core/Core/api/developmentplanapi/GetGoalPeriod',
          saveGoalPeriodUrl: '/Core/Core/api/developmentplanapi/SaveGoalPeriod',
          deleteGoalPeriodsUrl: '/Core/Core/api/developmentplanapi/DeleteGoalPeriods',
          getUdpRequiresApprovalConfigUrl: '/Core/Core/api/developmentplanapi/GetUdpApprovalCofiguration',
          getDevelopmentPlanConfigurationUrl: '/Core/Core/api/developmentplanapi/GetDevelopmentPlanConfiguration',
          getActiveLanguagesUrl: '/Core/Core/api/developmentplanapi/GetActiveLanguages'
        },
        myresume:{
          getResumeDataUrl: '/Core/Core/api/ResumeApi/GetResumeData',
          getCertificationNamesDataUrl: '/Core/Core/api/LookupsApi/GetCertificationNamesList',
          getLstinstitutionsNamesDataUrl: '/Core/Core/api/LookupsApi/GetAvailableSchools',
          getViewLanguageProficiencyDataUrl: '/Core/Core/api/ResumeApi/GetLanguageProficiencyList',
          getEducationByIdUrl: '/Core/Core/api/ResumeApi/GetEducationById',
          getViewLocationPreferenceDataUrl: '/Core/Core/api/ResumeApi/GetLocationPreferenceList',
          getCareerInformationDataUrl: '/Core/Core/api/ResumeApi/GetCareerInformation',
          saveCareerInformationForUserUrl: '/Core/Core/api/ResumeApi/SaveCareerInformationForUser',
          deleteLocationPreferenceUrl: '/Core/Core/api/ResumeApi/deleteLocationPreference',
          getCountriesUrl: '/Core/Core/api/LookupsApi/countries',
          getStatesbyIdUrl: '/Core/Core/api/LookupsApi/provinces',
          getCitiesByIdUrl: '/Core/Core/api/LookupsApi/GetCities',
          getDegreesUrl: '/Core/Core/api/ResumeApi/degreeOptions',
          getWorkExperienceListUrl: '/Core/Core/api/ResumeApi/GetWorkExperienceList',
          saveWorkExperienceDetailsUrl: '/Core/Core/api/ResumeApi/SaveWorkExperienceDetails',
          getIndustryListUrl: '/Core/Core/api/ResumeApi/GetIndustryList'+ '?pid=' + 'D6D3F6FB8D04FAF81E16B69BE72609DA',
          saveProjectExperienceDetailsUrl: '/Core/Core/api/ResumeApi/SaveProjectExperienceDetails',
          getWillingtoTravelOptionsListUrl: '/Core/Core/api/ResumeApi/GetWillingtoTravelOptionsList'+ '?pid=' + 'D6D3F6FB8D04FAF81E16B69BE72609DA',
          savelocationPreferenceDetailsUrl: '/Core/Core/api/ResumeApi/SavelocationPreferenceDetails',
          saveLanguageProficiencyDetailsUrl: '/Core/Core/api/ResumeApi/SaveLanguageProficiencyDetails',
          submitEducationUrl: '/Core/Core/api/ResumeApi/SaveEducation',
          submitMembershipUrl:'/Core/Core/api/ResumeApi/SaveMembership',
          submitCertificationUrl: '/Core/Core/api/ResumeApi/SaveCertification',
          submitSkillUrl: '/Core/Core/api/ResumeApi/SaveSkill',
          getLanguageProficiencyOptionsUrl: '/Core/Core/api/ResumeApi/GetLanguageProficiencyOptions',
          getLanguageOptionsUrl: '/Core/Core/api/ResumeApi/GetLanguageOptions',
          deleteLanguageProficiencyDetailsUrl: '/Core/Core/api/ResumeApi/DeleteLanguageProficiencyDetails',
          deleteLocationPreferenceDetailsUrl: '/Core/Core/api/ResumeApi/DeleteLocationPreferenceDetails',
          getCodeByCatcdUrl: '/Core/Core/api/LookupsApi/catCodesbyLang' + '?catCd=',
          getAllResumeOptionsUrl: '/Core/Core/api/ResumeApi/GetAllResumeOptions',
          getResumeConfigUrl: '/Core/Core/api/ResumeApi/GetResumeConfig',
          GetAwardsUrl: '/Core/Core/api/resumeapi/GetAwards',
          AddAwardsUrl: '/Core/Core/api/resumeapi/AddAwards',
          UpdateAwardsUrl: '/Core/Core/api/resumeapi/UpdateAwards',
          DeleteAwardsUrl: '/Core/Core/api/resumeapi/DeleteAwards'
        },
        onBoardingResume:{
          getResumeDataUrl: '/Core/Core/api/OnBoardingResumeApi/GetResumeData',
          getResumeResponseDataUrl: 'https://cl08sales.sumtotaldevelopment.net/Services/api/Resume/GetResumeResponseData',
          ParseResumeUrl: 'https://cl08sales.sumtotaldevelopment.net/Services/api/Resume/GetParsedResumeData',
          getResumeConfigDataUrl: '/Core/Core/api/OnBoardingResumeApi/GetResumeConfigData',
          getPersonResumesUrl: '/Core/Core/api/OnBoardingResumeApi/GetPersonResumes',
          getMultipleResumesUrl: '/Core/Core/api/OnBoardingResumeApi/GetMultipleResumes',
          getCountriesUrl: '/Core/Core/api/LookupsApi/countries',
          getStatesbyIdUrl: '/Core/Core/api/LookupsApi/provinces',
          getCitiesByIdUrl: '/Core/Core/api/LookupsApi/GetCities',
          saveResumeDataUrl: '/Core/Core/api/OnBoardingResumeApi/SaveResumeData',
          saveMultipleResumesUrl: '/Core/Core/api/OnBoardingResumeApi/SaveMultipleResumes',
          getResumeOptionsUrl: '/Core/Core/api/OnBoardingResumeApi/GetResumeOptions',
          getCodeByCatcdUrl: '/Core/Core/api/LookupsApi/catCodesbyLang' + '?catCd=',
          getRequisitionsHistoryUrl: '/Core/Core/api/OnBoardingResumeApi/GetRequisitionHistoryForUser',
          getFeedbackUrl: '/Core/Core/api/OnBoardingResumeApi/GetFeedback',
          getRequisitionJobTemplateSalaryRangeUrl: '/Core/Core/api/OnBoardingResumeApi/GetRequisitionJobTemplateSalaryRange',
          getInternalEquityDetailsUrl: '/Core/Core/api/OnBoardingResumeApi/GetInternalEquityDetails',
          getResumeReferencesUrl: '/Core/Core/api/OnBoardingResumeApi/GetResumeReferences',
          getManagerInfo: '/Core/Core/api/OnBoardingResumeApi/GetManagerId',
          getSchoolsUrl: '/Core/Core/api/LookupsApi/GetAvailableSchools',
          getResumeAndApplicationPermissionUrl: 'https://cl08sales.sumtotaldevelopment.net/Services/api/Resume/GetResumeAndApplicationPermission'
        },
        onBoardingRequisition:{
          getEmployeesUrl: '/Core/Core/api/OnBoardingRequisitionApi/GetEmployees',
          getPostingSitesUrl: '/Core/Core/api/OnBoardingRequisitionApi/GetPostingSites',
          getWorkLocationsUrl: '/Core/Core/api/OnBoardingRequisitionApi/GetWorkLocations',
          getJobPositionsUrl: '/Core/Core/api/OnBoardingRequisitionApi/GetJobPositions',
          getJobTemplatesUrl: '/Core/Core/api/OnBoardingRequisitionApi/GetJobTemplates',
          saveRequisitionDataUrl: '/Core/Core/api/OnBoardingRequisitionApi/SaveRequisitionData',
          getRequisitionsUrl: '/Core/Core/api/OnBoardingRequisitionApi/GetRequisitions',
          getRequisitionDataUrl: '/Core/Core/api/OnBoardingRequisitionApi/GetRequisitionDetails',
          getRequisitionDataForPreviewUrl: '/Core/Core/api/OnBoardingRequisitionApi/GetRequisitionDetailsForPreview',
          getSkillsUrl: '/Core/Core/api/LookupsApi/GetAvailableSkills',
          getCertificationsUrl: '/Core/Core/api/LookupsApi/GetCertificationNamesList',
          getPostingSiteUrl: '/Core/Core/api/OnBoardingRequisitionApi/GetPostingSite',
          getUpdateRequisitionStatusUrl: '/Core/Core/api/OnBoardingRequisitionApi/UpdateRequisitionStatus',
          getRequisitionPermissionUrl: '/Core/Core/api/OnBoardingRequisitionApi/GetPermissions',
          applyRequisitionUrl: '/Core/Core/api/OnBoardingRequisitionApi/ApplyForRequisition',
          getApplicationAssessmentForRequisitionUrl: '/Core/Core/api/OnBoardingRequisitionApi/GetApplicationAssessmentForRequisition',
          getRequisitionStatusUrl: '/Core/Core/api/OnBoardingRequisitionApi/GetStatusOptions',
          getCreateFromUrl: '/Core/Core/api/OnBoardingRequisitionApi/CreateRequisitionFrom',
          getRequisitionCandidatesUrl: '/Core/Core/api/OnBoardingRequisitionApi/GetCandidates',
          getPositionFitMetricDetails: '/Core/Core/api/OnBoardingRequisitionApi/GetCandidatePositionFitDetails',
          getGeographicalDetailsUrl: '/Core/Core/api/OnBoardingRequisitionApi/GetGeographicalDetails',
          getClientHierarchyLevelsUrl: '/Core/Core/api/OnBoardingRequisitionApi/GetClientHierarchyLevels',
          getJobFitForUser: '/Core/Core/api/OnBoardingRequisitionApi/GetJobFitForUser',
          getRequisitionRolesUrl: '/Core/Core/api/OnBoardingRequisitionApi/GetRequisitionRoles',
          getRecentlyAccessedRequisitionApplicationsUrl:'https://cl08sales.sumtotaldevelopment.net/Services/api/RecruitingWidgets/GetRecentlyAccessedRequisitionApplications',
          saveRecentlyAccessedApplicationUrl:'https://cl08sales.sumtotaldevelopment.net/Services/api/RecruitingWidgets/SaveRecentlyAccessedApplication',
          getRequisitionSummaryUrl:'https://cl08sales.sumtotaldevelopment.net/Services/api/RecruitingWidgets/GetRequisitionSummary',
          getRequisitionDashboardUrl: '/Core/Core/api/OnBoardingRequisitionApi/LoadRequisitionDashboardByUrlWithPermissions',
          getRequisitionAssessmentsUrl: '/Core/Core/api/OnBoardingRequisitionApi/GetRequisitionAssessments',
          getRequisitionAssessmentUrl: '/Core/Core/api/OnBoardingRequisitionApi/GetRequisitionAssessment',
          createUpdateRequisitionAssessmentUrl: '/Core/Core/api/OnBoardingRequisitionApi/CreateUpdateRequisitionAssessment',
          deleteRequisitionAssessmentsUrl: '/Core/Core/api/OnBoardingRequisitionApi/DeleteRequisitionAssessments',
          deleteRequisitionsUrl: '/Core/Core/api/OnBoardingRequisitionApi/DeleteRequisitions',
          getApprovalHistory:'https://cl08sales.sumtotaldevelopment.net/Services/api/Requisition/GetApprovalHistory',
          approveRequisitionUrl: 'https://cl08sales.sumtotaldevelopment.net/Services/api/Requisition/ApproveTask',
          getFavouriteJobsUrl:'https://cl08sales.sumtotaldevelopment.net/Services/api/jobSearch/GetFavoriteJobs/',
          getRecommendedJobsForUserUrl: 'https://cl08sales.sumtotaldevelopment.net/Services/api/RecruitingWidgets/GetRecommendedJobsForUser',
          getRequisitionApplicationsCountForPhaseUrl:'https://cl08sales.sumtotaldevelopment.net/Services/api/CandidateManagement/GetRequisitionApplicationsCountForPhase',
          addRequisitionAssessmentsUrl: '/Core/Core/api/OnBoardingRequisitionApi/AddRequisitionAssessments',
          saveRequisitionAnswersUrl: 'https://cl08sales.sumtotaldevelopment.net/Services/api/Requisition/SaveRequisitionAssessmentAnswer',
          updateJobBoardDataUrl: '/Core/Core/api/OnBoardingRequisitionApi/UpdateJobBoardData',
          postToEQuestUrl: '/Core/Core/api/OnBoardingRequisitionApi/PostToEQuest',
          deletePostingUrl: '/Core/Core/api/OnBoardingRequisitionApi/DeletePosting',
          getEQuestJobPostingsUrl: '/Core/Core/api/OnBoardingRequisitionApi/GetEQuestJobPostings',
          getEQuestJobIdUrl: '/Core/Core/api/OnBoardingRequisitionApi/GetEQuestJobId',
          SubmitRequisitionAssessmentAnswersUrl:'https://cl08sales.sumtotaldevelopment.net/Services/api/Requisition/SubmitRequisitionAssessmentAnswers',
        },
        onBoardingCandidateManagement: {
          getRequisitionCandidateUrl: 'https://cl08sales.sumtotaldevelopment.net/Services/api/CandidateManagement/GetRequisitionCandidates',
          getCodeDefinitionsUrl: 'https://cl08sales.sumtotaldevelopment.net/Services/api/CandidateManagement/GetCodeDefinition',
          updateRequisitionApplicationUrl: 'https://cl08sales.sumtotaldevelopment.net/Services/api/CandidateManagement/UpdateApplicationRaking',
          saveInterviewScheduleUrl: 'https://cl08sales.sumtotaldevelopment.net/Services/api/RecruitingInterview/SaveInterviewSchedule',
          getAssessmentsForInterviewerUrl: 'https://cl08sales.sumtotaldevelopment.net/Services/api/RecruitingInterview/GetAssessmentsForInterviewer',
          getRequisitionsUrl: 'https://cl08sales.sumtotaldevelopment.net/Services/api/CandidateManagement/GetRequistions',
          getUsersUrl : 'https://cl08sales.sumtotaldevelopment.net/Services/api/CandidateManagement/GetUsers',
          AddCandidatesToFolderUrl:'https://cl08sales.sumtotaldevelopment.net/Services/api/CandidateManagement/AddCandidateToFolder',
          getRequisitionApplicationUrl: 'https://cl08sales.sumtotaldevelopment.net/Services/api/CandidateManagement/GetRequisitionApplication',
          getRecruitingFolders:'https://cl08sales.sumtotaldevelopment.net/Services/api/CandidateManagement/GetRecruitingFolders',
          getInterviewsForCandidateUrl: 'https://cl08sales.sumtotaldevelopment.net/Services/api/CandidateManagement/GetInterviewsForCandidate',
          GetEmailLogForCandidateUrl: 'https://cl08sales.sumtotaldevelopment.net/Services/api/CandidateManagement/GetEmailLogForCandidate',
          getListOfFoldersUrl: 'https://cl08sales.sumtotaldevelopment.net/Services/api/CandidateManagement/GetListOfFolders',
          GetEmailLogForCandidateUrl: 'https://cl08sales.sumtotaldevelopment.net/Services/api/CandidateManagement/GetEmailLogForCandidate',
          saveRecruitingFolder: 'https://cl08sales.sumtotaldevelopment.net/Services/api/CandidateManagement/SaveRecruitingFolder',
          savecandidateSearch: 'https://cl08sales.sumtotaldevelopment.net/Services/api/CandidateManagement/SaveCandidateSearch',
          getSavedSearches: 'https://cl08sales.sumtotaldevelopment.net/Services/api/CandidateManagement/GetSavedSearches',
          getCandidateTransactionHistoryUrl:'https://cl08sales.sumtotaldevelopment.net/Services/api/CandidateManagement/GetCandidateTransactionHistory',
          getRequisitionApplicationForCandidateUrl: 'https://cl08sales.sumtotaldevelopment.net/Services/api/CandidateManagement/GetRequisitionApplicationForCandidate',
          applyToRequisitionUrl: 'https://cl08sales.sumtotaldevelopment.net/Services/api/CandidateManagement/ApplyToRequisition',
          getAssessmentsForApplicationUrl: 'https://cl08sales.sumtotaldevelopment.net/Services/api/CandidateManagement/GetAssessmentsForApplication',
          getRequisitionCandidateAssessmentUrl: 'https://cl08sales.sumtotaldevelopment.net/Services/api/CandidateManagement/GetRequisitionCandidateAssessment',
          getCandidateExplorerOptions:'https://cl08sales.sumtotaldevelopment.net/Services/api/CandidateManagement/GetCandidateExplorerOptions',
          getCandidateAssessments: 'https://cl08sales.sumtotaldevelopment.net/Services/api/CandidateManagement/GetCandidateAssessments',
          removeCandidateUrl:'https://cl08sales.sumtotaldevelopment.net/Services/api/CandidateManagement/RemoveCandidate',
          getCandidateChecksData:'https://cl08sales.sumtotaldevelopment.net/Services/api/CandidateManagement/GetCandidateChecksData',
          saveChecksData: 'https://cl08sales.sumtotaldevelopment.net/Services/api/CandidateManagement/saveCandidateChecksData',
          getRecommendedCandidateListUrl:'https://cl08sales.sumtotaldevelopment.net/Services/api/CandidateManagement/GetRecommendedCandidateList',
          recommendedCandidatesActionUrl:'https://cl08sales.sumtotaldevelopment.net/Services/api/CandidateManagement/RecommendedCandidatesAction',
		  deleteGDPRExternalCandidateData:'https://cl08sales.sumtotaldevelopment.net/Services/api/CandidateManagement/deleteGDPRExternalCandidates',
          saveRequisitionCandidateAssessment:'https://cl08sales.sumtotaldevelopment.net/Services/api/CandidateManagement/SaveCandidateAssesssment',
          sendCandidateCommunication: 'https://cl08sales.sumtotaldevelopment.net/Services/api/CandidateManagement/SendCandidateCommunication',
          getCandidateCommunication: 'https://cl08sales.sumtotaldevelopment.net/Services/api/CandidateManagement/GetCandidateCommunicationList',
          getCreateCandidateFormModelUrl: 'https://cl08sales.sumtotaldevelopment.net/Services/api/GlobalConfigurator/modelconfigurations',
          sendCandidateCommunication: 'https://cl08sales.sumtotaldevelopment.net/Services/api/CandidateManagement/SendCandidateCommunication',
          addUserManuallyUrl: 'https://cl08sales.sumtotaldevelopment.net/Services/api/CandidateManagement/AddCandidate',
          deleteCandidateFromRequisitionUrl: 'https://cl08sales.sumtotaldevelopment.net/Services/api/CandidateManagement/DeleteCandidatesFromRequisition',
          getCandidateCommunicationContent: 'https://cl08sales.sumtotaldevelopment.net/Services/api/CandidateManagement/GetCandidateCommunication',
            sendEmailNotificationToCandidateUrl: 'https://cl08sales.sumtotaldevelopment.net/Services/api/CandidateManagement/sendEmailNotificationToCandidate',
            restrictCandidateForReApplyUrl:'https://cl08sales.sumtotaldevelopment.net/Services/api/CandidateManagement/GetRestrictCandidateForReApply',
          sendBulkEmailsToCandidatesUrl: 'https://cl08sales.sumtotaldevelopment.net/Services/api/CandidateManagement/SendBulkEmailsToCandidates',
          getCandidateDetailsUrl: 'https://cl08sales.sumtotaldevelopment.net/Services/api/CandidateManagement/GetCandidateDetails'
        },
        onBoardingOfferManagement: {
          getRequisitionCompensationUrl: 'https://cl08sales.sumtotaldevelopment.net/Services/api/OfferManagement/GetRequisitionCompensationData',
          saveApplicationOfferUrl: 'https://cl08sales.sumtotaldevelopment.net/Services/api/OfferManagement/SaveApplicationOffer',
          getCurrencyCodesUrl: '/Core/Core/api/OnBoardingRequisitionApi/GetCurrencyCodes',
          getOfferDataUrl: 'https://cl08sales.sumtotaldevelopment.net/Services/api/OfferManagement/GetApplicationOfferData',
          deleteCompensationUrl: 'https://cl08sales.sumtotaldevelopment.net/Services/api/OfferManagement/DeleteCompensation',
          deleteAttachmentUrl: 'https://cl08sales.sumtotaldevelopment.net/Services/api/OfferManagement/DeleteAttachment',
          getPayTypeUrl: 'https://cl08sales.sumtotaldevelopment.net/Services/api/OfferManagement/GetPayType',
          getRequisitionOfferWorkflowKey: 'https://cl08sales.sumtotaldevelopment.net/Services/api/OfferManagement/GetRequisitionOfferWorkflowKey',
          sendSignatureRequest:'https://cl08sales.sumtotaldevelopment.net/Services/api/OfferManagement/SendSignatureRequest'
        },
        recruitingHire: {
          processHireUrl: 'https://cl08sales.sumtotaldevelopment.net/Services/api/RecruitingHire/ProcessHire',
          GetRecruitingHiresUrl: 'https://cl08sales.sumtotaldevelopment.net/Services/api/RecruitingHire/GetRecruitingHires',
          ExportCandidateDetailsUrl: '/Core/Core/api/profiledata/ExportCandidateDetails',
          CreateEmployeeRecordUrl : 'https://cl08sales.sumtotaldevelopment.net/Services/api/RecruitingHire/CreateEmployeeRecord',
          FinalizeNewHireUrl: 'https://cl08sales.sumtotaldevelopment.net/Services/api/RecruitingHire/FinalizeNewHire',
          canHireUrl : 'https://cl08sales.sumtotaldevelopment.net/Services/api/RecruitingHire/CanHire'
        },
        coaching:{
          getPermissionsUrl: 'https://cl08sales.sumtotaldevelopment.net/Services/api/coaching/GetPermissions',
          getIssuesForManagerUrl: 'https://cl08sales.sumtotaldevelopment.net/Services/api/Coaching/GetIssuesForManager',
          getEmployeeWithIssueForManagerUrl: 'https://cl08sales.sumtotaldevelopment.net/Services/api/Coaching/GetEmployeeWithIssueForManager'
        },
        continuousfeedback:{
          createOrEditFeedbackRequestUrl: 'https://cl08sales.sumtotaldevelopment.net/Services/api/continuousreview/CreateOrEditFeedbackRequest',
          createFeedbackRequestUrl: 'https://cl08sales.sumtotaldevelopment.net/Services/api/continuousreview/CreateFeedbackRequest',
          createOrEditFeedbackResponseUrl: 'https://cl08sales.sumtotaldevelopment.net/Services/api/continuousreview/CreateOrEditFeedbackResponse',
          getFeedbackRequestUrl: 'https://cl08sales.sumtotaldevelopment.net/Services/api/continuousreview/GetFeedbackRequest',
          getFeedbackResponseUrl: 'https://cl08sales.sumtotaldevelopment.net/Services/api/continuousreview/GetFeedbackResponse',
          getContinuousReviewItemsUrl: 'https://cl08sales.sumtotaldevelopment.net/Services/api/continuousreview/GetContinuousReviewItems',
          addRemoveCommentToFormUrl: 'https://cl08sales.sumtotaldevelopment.net/Services/api/continuousreview/AddRemoveCommentToForm',
          flagItemUrl: 'https://cl08sales.sumtotaldevelopment.net/Services/api/continuousreview/FlagItem',
          thankProviderUrl: 'https://cl08sales.sumtotaldevelopment.net/Services/api/continuousreview/ThankProvider',
          sendReminderUrl: 'https://cl08sales.sumtotaldevelopment.net/Services/api/continuousreview/SendReminder',
          getPermissionsUrl: 'https://cl08sales.sumtotaldevelopment.net/Services/api/continuousreview/GetPermissions',
          getFeedbackDatesDataUrl: 'https://cl08sales.sumtotaldevelopment.net/Services/api/continuousreview/GetFeedbackDatesData',
          createJournalUrl: 'https://cl08sales.sumtotaldevelopment.net/Services/api/continuousreview/CreateJournal',
          getJournalUrl: 'https://cl08sales.sumtotaldevelopment.net/Services/api/continuousreview/GetJournal',
          getCurrentManagerUrl: 'https://cl08sales.sumtotaldevelopment.net/Services/api/continuousreview/GetCurrentManager',
          replyJournalUrl: 'https://cl08sales.sumtotaldevelopment.net/Services/api/continuousreview/ReplyJournal',
          closeJournalUrl: 'https://cl08sales.sumtotaldevelopment.net/Services/api/continuousreview/CloseJournal',
          thankJournalUrl: 'https://cl08sales.sumtotaldevelopment.net/Services/api/continuousreview/ThankJournal',
          deleteJournalUrl: 'https://cl08sales.sumtotaldevelopment.net/Services/api/continuousreview/DeleteJournal',
          hardDeleteContinuousFeedbackUrl: 'https://cl08sales.sumtotaldevelopment.net/Services/api/continuousreview/HardDeleteContinuousFeedback',
          hardDeleteFeedbackJournalUrl: 'https://cl08sales.sumtotaldevelopment.net/Services/api/continuousreview/HardDeleteFeedbackJournal',

        },
        onboardingConfiguration:{
          getApprovalWorkflowsUrl: 'https://cl08sales.sumtotaldevelopment.net/Services/api/onboarding/configuration/getWorkflows',
          getApprovalWorkflowUrl: 'https://cl08sales.sumtotaldevelopment.net/Services/api/onboarding/configuration/getWorkflow',
          copyApprovalWorkflowsUrl: 'https://cl08sales.sumtotaldevelopment.net/Services/api/onboarding/configuration/copyWorkflows',
          saveApprovalWorkflowUrl: 'https://cl08sales.sumtotaldevelopment.net/Services/api/onboarding/configuration/saveWorkflow',
          deleteApprovalWorkflowUrl: 'https://cl08sales.sumtotaldevelopment.net/Services/api/onboarding/configuration/deleteWorkflow',
          activateApprovalWorkflowUrl: 'https://cl08sales.sumtotaldevelopment.net/Services/api/onboarding/configuration/activateWorkflow',
        },
        emailConfiguration: {
          saveEmailTemplateUrl: 'https://cl08sales.sumtotaldevelopment.net/Services/api/core/emailtemplates/saveEmailTemplate',
          getEmailTemplatesUrl: 'https://cl08sales.sumtotaldevelopment.net/Services/api/core/emailtemplates/getEmailTemplates',
          getEmailTemplateUrl: 'https://cl08sales.sumtotaldevelopment.net/Services/api/core/emailtemplates/getEmailTemplate',
          deleteEmailTemplateUrl: 'https://cl08sales.sumtotaldevelopment.net/Services/api/core/emailtemplates/deleteEmailTemplate',
          getEmailTemplateTypesUrl: 'https://cl08sales.sumtotaldevelopment.net/Services/api/core/emailtemplates/getEmailTemplateTypes/{category}'
        },
        journal:{
          addUpdateJournalUrl: '/Core/Core/api/journalapi/AddUpdateJournal',
          getJournalUrl: '/Core/Core/api/journalapi/GetJournal',
          getJournalsUrl: '/Core/Core/api/journalapi/GetJournals',
          getDirectReportsUrl: '/Core/Core/api/journalapi/GetDirectReports' ,
          getJournalAndFeedBackTimeline: '/Core/Core/api/journalapi/GetJournalAndFeedBackTimeLine',
        },
        feedbackTemplateConfiguraion: {
          getFeedbackTemplatesUrl: 'https://cl08sales.sumtotaldevelopment.net/Services/api/core/feedbacktemplates/getFeedbackTemplates',
          saveFeedbackTemplateUrl: 'https://cl08sales.sumtotaldevelopment.net/Services/api/core/feedbacktemplates/saveFeedbackTemplate',
          getFeedbackTemplateUrl: 'https://cl08sales.sumtotaldevelopment.net/Services/api/core/feedbacktemplates/getFeedbackTemplate',
          deleteFeedbackTemplatesUrl: 'https://cl08sales.sumtotaldevelopment.net/Services/api/core/feedbacktemplates/deleteFeedbackTemplates',
          getFeedbackTemplatesForSelectionUrl: 'https://cl08sales.sumtotaldevelopment.net/Services/api/core/feedbacktemplates/getFeedbackTemplatesForSelection'

        },
        feedbackQuestionConfiguraion: {
          getFeedbackQuestionUrl: 'https://cl08sales.sumtotaldevelopment.net/Services/api/core/feedbackquestions/getFeedbackQuestions',
          saveFeedbackQuestionUrl: 'https://cl08sales.sumtotaldevelopment.net/Services/api/core/feedbackquestions/saveFeedbackQuestion',
          deleteFeedbackQuestionsUrl: 'https://cl08sales.sumtotaldevelopment.net/Services/api/core/feedbackquestions/deleteFeedbackQuestions'
        },
        careerplan:{
          getSectionMatchesForJob: '/Core/Core/api/careerplanapi/GetSectionMatchesForJob',
          getCareerPlan:  '/Core/Core/api/careerplanapi/GetCareerPlan',
          getCareerPlanShares: '/Core/Core/api/careerplanapi/GetCareerPlanShares',
          deleteCareerPlanShare: '/Core/Core/api/careerplanapi/DeleteCareerPlanShare',
          addCareerPlanShare: '/Core/Core/api/careerplanapi/AddCareerPlanShare',
          getCareerPlanRecommendedJobs:  '/Core/Core/api/careerplanapi/GetCareerPlanRecommendedJobs',
          getLMskillsFromJob: '/Core/Core/api/careerplanapi/GetLMskillsFromJob',
          deleteCareerPlanJob: '/Core/Core/api/careerplanapi/DeleteCareerPlanJob',
          addCareerPlanJob: '/Core/Core/api/careerplanapi/AddCareerPlanJob',
          canViewCareerPlan: '/Core/Core/api/careerplanapi/CanViewCareerPlan',
          getCareerPlanActions:  '/Core/Core/api/careerplanapi/GetCareerPlanActions',
          addCareerPlanAction: '/Core/Core/api/careerplanapi/AddCareerPlanAction',
          deleteCareerPlanAction: '/Core/Core/api/careerplanapi/DeleteCareerPlanAction',
          skillmanagerrating: 'https://cl08sales.sumtotaldevelopment.net/Services/api/core/careerplan/skillmanagerrating',
          skillselfrating: 'https://cl08sales.sumtotaldevelopment.net/Services/api/core/careerplan/skillselfrating',
          learning: 'https://cl08sales.sumtotaldevelopment.net/Services/api/core/careerplan/learning'
        },
        notificationtemplates:
        {
          getNotificationTemplates: '/Core/Core/api/notificationtemplatesapi/getNotificationTemplates',
          getNotificationTemplate: '/Core/Core/api/notificationtemplatesapi/getNotificationTemplate'+ '?notificationID=',
          saveNotificationTemplateURL: '/Core/Core/api/notificationtemplatesapi/SaveNotificationTemplate',
        },
        competencyprofile:{
          getCompetencyProfile: '/Core/Core/api/competencyprofileapi/GetCompetencyProfile',
          getFeedbackForCompetency: '/Core/Core/api/competencyprofileapi/GetFeedbackForCompetency',
          getLMskillsFromCompetency: '/Core/Core/api/competencyprofileapi/GetLMskillsFromCompetency',
          getSuccessorPositionsForUser: '/Core/Core/api/competencyprofileapi/GetSuccessorPositionsForUser',
          getPrimaryJob: '/Core/Core/api/competencyprofileapi/GetPrimaryJob',
          getBehaviorsForCompetency: '/Core/Core/api/competencyprofileapi/GetBehaviorsForCompetency',
          updateCompetencySelfRatings: '/Core/Core/api/competencyprofileapi/UpdateCompetencySelfRatings',
          updateCompetencyManagerRatings: 'https://cl08sales.sumtotaldevelopment.net/Services/api/core/competencyprofile/competencymanagerratings',
          canViewSuccessionPlan: '/Core/Core/api/competencyprofileapi/CanViewSuccessionPlan',
          canViewCompetencyProfile: '/Core/Core/api/competencyprofileapi/CanViewCompetencyProfile'
        },
        surveybuilder:{
          getSurveyConfigDataUrl: 'https://cl08sales.sumtotaldevelopment.net/Services/api/SurveyBuilder/GetSurveyConfiguration',
          saveSurveyConfigDataUrl:'https://cl08sales.sumtotaldevelopment.net/Services/api/SurveyBuilder/SaveSurveyConfiguration',
          getSurveyList : 'https://cl08sales.sumtotaldevelopment.net/Services/api/SurveyBuilder/GetSurveyList',
          pushToAssessmentJobConfigDataUrl : 'https://cl08sales.sumtotaldevelopment.net/Services/api/SurveyBuilder/PushToAssessmentJob',
          copySurveyConfigDataUrl : 'https://cl08sales.sumtotaldevelopment.net/Services/api/SurveyBuilder/CopySurveyConfiguration',
          updateSurveyStatusUrl : 'https://cl08sales.sumtotaldevelopment.net/Services/api/SurveyBuilder/UpdateSurveyStatus',
          getCodeByCatcdUrl: '/Core/Core/api/lookupsapi/codecats',
        },
        assessment:{
          getAssessmentListUrl: 'https://cl08sales.sumtotaldevelopment.net/Services/api/HourlyAssessmentApi/GetHourlyAssessmentList',
          getFilterStatusTypesUrl: 'https://cl08sales.sumtotaldevelopment.net/Services/api/HourlyAssessmentApi/GetFilterStatusTypes',
          getActivityDetailsUrl: 'https://cl08sales.sumtotaldevelopment.net/Services/api/HourlyAssessmentApi/GetActivityDetails',
          deleteCancelAssessmentUrl: 'https://cl08sales.sumtotaldevelopment.net/Services/api/HourlyAssessmentApi/DeleteCancelAssessment',
          getSurveyListUrl:'https://cl08sales.sumtotaldevelopment.net/Services/api/HourlyAssessmentApi/GetSurveyList',
          getJobListUrl: 'https://cl08sales.sumtotaldevelopment.net/Services/api/HourlyAssessmentApi/GetJobList',
          createAssessmentUrl:'https://cl08sales.sumtotaldevelopment.net/Services/api/HourlyAssessmentApi/CreateAssessment',
          transferTaskAssessmentUrl:'https://cl08sales.sumtotaldevelopment.net/Services/api/HourlyAssessmentApi/TransferTaskAssessment',
          CreateAssessmentFromReportWidgetUrl:'https://cl08sales.sumtotaldevelopment.net/Services/api/HourlyAssessmentApi/CreateAssessmentFromReportWidget',
          getUserInfoUrl:'https://cl08sales.sumtotaldevelopment.net/Services/api/HourlyAssessmentApi/GetUserInfo',
          getHourlyAssessmentManagerUrl:'https://cl08sales.sumtotaldevelopment.net/Services/api/HourlyAssessmentApi/GetHourlyAssessmentManager',
          getHourlyAssessmentAccessRightsUrl:'https://cl08sales.sumtotaldevelopment.net/Services/api/HourlyAssessmentApi/GetAccessRightsForHourlyAssessmentSurvey',
          getHourlyAssessmentWidgetData:'https://cl08sales.sumtotaldevelopment.net/Services/api/HourlyAssessmentApi/GetHourlyAssessmentsWidget',
        },
        evaluation:{
          getEvaluationformDataUrl:'https://cl08sales.sumtotaldevelopment.net/Services/api/HourlyAssessmentApi/GetHourlyEvaluationFormData',
          saveEvaluationformDataUrl:'https://cl08sales.sumtotaldevelopment.net/Services/api/HourlyAssessmentApi/SaveHourlyEvaluationFormData',
          getbehaviorsforcompetency:'https://cl08sales.sumtotaldevelopment.net/Services/api/HourlyAssessmentApi/GetBehaviorsforCompetency',
          getCompetenciesUrl : 'https://cl08sales.sumtotaldevelopment.net/Services/api/HourlyAssessmentApi/GetCompetencies'
        },
        interview:{
          getInterviewsForRequisitionUrl: 'https://cl08sales.sumtotaldevelopment.net/Services/api/RecruitingInterview/GetInterviewsForRequisition',
          getTrackingDetailsByRequisitionUrl: 'https://cl08sales.sumtotaldevelopment.net/Services/api/RecruitingInterview/GetTrackingDetailsByRequisition',
          getTrackingDetailsByIdUrl: 'https://cl08sales.sumtotaldevelopment.net/Services/api/RecruitingInterview/GetTrackingDetailsById',
          getRecruitingLocationsUrl: 'https://cl08sales.sumtotaldevelopment.net/Services/api/RecruitingInterview/GetRecruitingLocations',
          saveInterviewUrl: 'https://cl08sales.sumtotaldevelopment.net/Services/api/RecruitingInterview/SaveInterviewDetails',
          getInterviewerInterviewTopicRelationUrl: 'https://cl08sales.sumtotaldevelopment.net/Services/api/RecruitingInterview/GetIntervFiewerInterviewTopicRelation',
          deleteAttachmentUrl: 'https://cl08sales.sumtotaldevelopment.net/Services/api/RecruitingInterview/DeleteAttachment',
          getInterviewDataById: 'https://cl08sales.sumtotaldevelopment.net/Services/api/RecruitingInterview/GetInterviewDetails',
          saveInterviewFeedbackUrl: 'https://cl08sales.sumtotaldevelopment.net/Services/api/RecruitingInterview/SaveInterviewFeedback',
          commitInterviewFeedbackUrl: 'https://cl08sales.sumtotaldevelopment.net/Services/api/RecruitingInterview/CommitInterviewFeedback',
          saveInterviewDiscussionUrl: 'https://cl08sales.sumtotaldevelopment.net/Services/api/RecruitingInterview/SaveInterviewDiscussion',
          getInterviewFeedbacksUrl: 'https://cl08sales.sumtotaldevelopment.net/Services/api/RecruitingInterview/GetInterviewFeedbacks',
          getInterviewDiscussionsUrl: 'https://cl08sales.sumtotaldevelopment.net/Services/api/RecruitingInterview/GetInterviewDiscussions',
          getInterviewFeedbackUrl: 'https://cl08sales.sumtotaldevelopment.net/Services/api/RecruitingInterview/GetInterviewFeedback',
          getRequisitionCandidateAttachementsUrl: 'https://cl08sales.sumtotaldevelopment.net/Services/api/RecruitingInterview/GetRequisitionCandidateAttachements',
          saveRequisitionCandidateAttachmentUrl: 'https://cl08sales.sumtotaldevelopment.net/Services/api/RecruitingInterview/SaveRequisitionCandidateAttachment',
          deleteRequisitionCandidateAttachmentUrl: 'https://cl08sales.sumtotaldevelopment.net/Services/api/RecruitingInterview/DeleteRequisitionCandidateAttachment',
          getInterviewTopicCategoriesUrl: 'https://cl08sales.sumtotaldevelopment.net/Services/api/RecruitingInterview/GetInterviewTopicCategories',
          isInterviewInUseUrl: 'https://cl08sales.sumtotaldevelopment.net/Services/api/RecruitingInterview/IsInterviewInUse',
          getCurrentPersonIdUrl: 'https://cl08sales.sumtotaldevelopment.net/Services/api/RecruitingInterview/GetCurrentPersonId',
          getInterviewStatusUrl: 'https://cl08sales.sumtotaldevelopment.net/Services/api/RecruitingInterview/GetInterviewStatus',
          cancelInterviewUrl: 'https://cl08sales.sumtotaldevelopment.net/Services/api/RecruitingInterview/CancelInterview'
        },
        recruitingassessment:{
          saveAssessment: '/Core/Core/api/recruitingassessmentapi/SaveAssessment',
          getRecruitingAssessmentsUrl: '/Core/Core/api/recruitingassessmentapi/GetRecruitingAssessments',
          getRecruitingAssessmentUrl: '/Core/Core/api/recruitingassessmentapi/GetRecruitingAssessment',
          deleteRecruitingAssessmentsUrl: '/Core/Core/api/recruitingassessmentapi/DeleteRecruitingAssessments',
          copyRecruitingAssessmentUrl: '/Core/Core/api/recruitingassessmentapi/CopyRecruitingAssessment',
          getAllRecruitingTagsUrl: '/Core/Core/api/recruitingassessmentapi/GetAllRecruitingTags',
          searchAssessmentTagsURL: '/Core/Core/api/recruitingassessmentapi/SearchAssessmentTags',
          getRecruitingAssessmentPermissionsUrl: '/Core/Core/api/recruitingassessmentapi/GetRecruitingAssessmentPermissions'
        },
        eventdefinition:{
          getProcess: 'https://cl08sales.sumtotaldevelopment.net/Services/api/EventDefinition/GetProcess',
          getAllProcesses: 'https://cl08sales.sumtotaldevelopment.net/Services/api/EventDefinition/GetAllProcesses'
        },
        gamificationAdmin:{
          badges: 'https://cl08sales.sumtotaldevelopment.net/Services/api/gamification/admin/badges',
          badgesDelete: 'https://cl08sales.sumtotaldevelopment.net/Services/api/gamification/admin/badges/delete',
          levels: 'https://cl08sales.sumtotaldevelopment.net/Services/api/gamification/admin/levels',
          pointcriterions: 'https://cl08sales.sumtotaldevelopment.net/Services/api/gamification/admin/pointcriterions',
          categoryFields: 'https://cl08sales.sumtotaldevelopment.net/Services/api/gamification/admin/categoryFields',
          rulesets:'https://cl08sales.sumtotaldevelopment.net/Services/api/gamification/admin/rulesets',
          rulesetsDelete:'https://cl08sales.sumtotaldevelopment.net/Services/api/gamification/admin/rulesets/delete'
        },
        gamification:{
          leaderboards: 'https://cl08sales.sumtotaldevelopment.net/Services/api/gamification/leaderboards',
          logs: 'https://cl08sales.sumtotaldevelopment.net/Services/api/gamification/logs',
          badges: 'https://cl08sales.sumtotaldevelopment.net/Services/api/gamification/badges',
          leaderboards: 'https://cl08sales.sumtotaldevelopment.net/Services/api/gamification/leaderboards',
          favorites: 'https://cl08sales.sumtotaldevelopment.net/Services/api/gamification/favorites/{targetUserId}',
          summaries: 'https://cl08sales.sumtotaldevelopment.net/Services/api/gamification/summaries/{targetUserId}'
        },
        recruitingConfig:{
          getActions: 'https://cl08sales.sumtotaldevelopment.net/Services/api/recruitingconfiguration/actions',
          getProcessList: 'https://cl08sales.sumtotaldevelopment.net/Services/api/recruitingconfiguration/processes',
          getProcessDetails: 'https://cl08sales.sumtotaldevelopment.net/Services/api/recruitingconfiguration/processes/{id}',
          getAddProcessDetails: 'https://cl08sales.sumtotaldevelopment.net/Services/api/recruitingconfiguration/processes/-1',
          saveProcessDetails: 'https://cl08sales.sumtotaldevelopment.net/Services/api/recruitingconfiguration/saveprocess',
          deleteProcess: 'https://cl08sales.sumtotaldevelopment.net/Services/api/recruitingconfiguration/deleteprocess'
        },
        meeting:{
          getMeetingTimeSlotsUrl: 'https://cl08sales.sumtotaldevelopment.net/Services/api/MeetingScheduler/GetMeetingTimeSlots',
          createMeetingUrl: 'https://cl08sales.sumtotaldevelopment.net/Services/api/MeetingScheduler/CreateMeeting'
        },
        offerTemplate:{
          getOfferTemplate: 'https://cl08sales.sumtotaldevelopment.net/Services/api/OfferManagement/GetOfferTemplate',
          getOfferTemplates: 'https://cl08sales.sumtotaldevelopment.net/Services/api/OfferManagement/GetOfferTemplates',
          saveOfferTemplate: 'https://cl08sales.sumtotaldevelopment.net/Services/api/OfferManagement/SaveOfferTemplate',
          deleteOfferTemplate: 'https://cl08sales.sumtotaldevelopment.net/Services/api/OfferManagement/DeleteOfferTemplate',
          getOfferPreview: '/Core/Core/api/OnBoardingRequisitionApi/GetOfferPreview',
          getTemplatePlaceholderCodes : 'https://cl08sales.sumtotaldevelopment.net/Services/api/OfferManagement/GetTemplatePlaceholderCode',
          getParsedOfferTemplate : 'https://cl08sales.sumtotaldevelopment.net/Services/api/OfferManagement/GetParsedOfferTemplate',
          saveOfferPreview: '/Core/Core/api/OnBoardingRequisitionApi/SaveOfferPreview',
        },
        nBox: {
          getNBoxConfigurationsUrl: 'https://cl08sales.sumtotaldevelopment.net/Services/api/nbox/configuration/nboxconfigurations',
          getNBoxConfigurationUrl: 'https://cl08sales.sumtotaldevelopment.net/Services/api/nbox/configuration/nboxconfigurations/{id}',
          deleteNBoxConfigurationsUrl: 'https://cl08sales.sumtotaldevelopment.net/Services/api/nbox/configuration/deletenboxconfigurations',
          getNBoxConfigurationPermissionsUrl: 'https://cl08sales.sumtotaldevelopment.net/Services/api/nbox/configuration/nboxconfigurationpermissions',
          saveNBoxConfigurationUrl: 'https://cl08sales.sumtotaldevelopment.net/Services/api/nbox/configuration/saveconfiguration',
          filter: 'https://cl08sales.sumtotaldevelopment.net/Services/api/nbox/filter/',
          getNBoxRatingFieldsUrl: 'https://cl08sales.sumtotaldevelopment.net/Services/api/nbox/configuration/ratingfields',
          getNBoxCalibrationsURL: 'https://cl08sales.sumtotaldevelopment.net/Services/api/nboxcalibrationapi/GetNBoxCalibrations',
          getNBoxCalibrationsFromSPTalentPoolURL: 'https://cl08sales.sumtotaldevelopment.net/Services/api/nboxcalibrationapi/GetNBoxCalibrationsFromSPTalentPool',
          getNBoxConfigurationsForUserURL: 'https://cl08sales.sumtotaldevelopment.net/Services/api/nboxcalibrationapi/GetNBoxConfigurationsForUser',
          saveNBoxCalibrationsURL: 'https://cl08sales.sumtotaldevelopment.net/Services/api/nboxcalibrationapi/SaveNBoxCalibrations',
          getDemoGraphicForPersonsURL: 'https://cl08sales.sumtotaldevelopment.net/Services/api/nboxcalibrationapi/GetDemographicForPersons',
          exportNBoxMatrixDetailsURL: 'https://cl08sales.sumtotaldevelopment.net/Services/api/nboxcalibrationapi/ExportNBoxMatrixDetails'
        },
        sumtSocial:{
          communities:'https://cl08sales.sumtotaldevelopment.net/Services/api/sumtSocial/communities',
          adminCommunities:'https://cl08sales.sumtotaldevelopment.net/Services/api/sumtSocial/admin/communities',
          addUpdateUserCommuntiyRating:'https://cl08sales.sumtotaldevelopment.net/Services/api/sumtSocial/user/{communityId}/addUpdateRating',
          getUserCommunityRating:'https://cl08sales.sumtotaldevelopment.net/Services/api/sumtSocial/user/{communityId}/rating',
          favorites:'https://cl08sales.sumtotaldevelopment.net/Services/api/sumtSocial/communities/{communityId}/favorite',
          updateCommunity:'https://cl08sales.sumtotaldevelopment.net/Services/api/sumtSocial/communities/{communityId}/update',
          removeCommunity:'https://cl08sales.sumtotaldevelopment.net/Services/api/sumtSocial/communities/{communityId}/remove',
          removeActivityCommunity:'https://cl08sales.sumtotaldevelopment.net/Services/api/sumtSocial/activities/{activityId}/removeCommunity',
          communityMembers:'https://cl08sales.sumtotaldevelopment.net/Services/api/sumtSocial/communities/{communityId}/members',
          updateCommunityMembership:'https://cl08sales.sumtotaldevelopment.net/Services/api/sumtSocial/users/{targetUserId}/communityMembership',
          updateCommunityMembership:'https://cl08sales.sumtotaldevelopment.net/Services/api/sumtSocial/users/{targetUserId}/communityMembership',
          getCommunity:'https://cl08sales.sumtotaldevelopment.net/Services/api/sumtSocial/communities/{communityId}',
          likeSocialObjectUrl: 'https://cl08sales.sumtotaldevelopment.net/Services/api/social/{objectId}/like',
          likeCommentUrl: 'https://cl08sales.sumtotaldevelopment.net/Services/api/social/comment/{commentId}/like',
          getSocialObjectlikedUsersUrl: 'https://cl08sales.sumtotaldevelopment.net/Services/api/social/{objectId}/likes',
          getPostlikedUsersUrl: 'https://cl08sales.sumtotaldevelopment.net/Services/api/social/comment/{commentId}/likes',
          files:'https://cl08sales.sumtotaldevelopment.net/Services/api/sumtSocial/communities/{communityId}/files',
          removeCommunityMembers: 'https://cl08sales.sumtotaldevelopment.net/Services/api/sumtSocial/communities/{communityId}/removeMembers',
          addUpdateMembers: 'https://cl08sales.sumtotaldevelopment.net/Services/api/sumtSocial/communities/{communityId}/addUpdateMembers',
          removeFile: 'https://cl08sales.sumtotaldevelopment.net/Services/api/sumtSocial/communities/{communityId}/files/{fileId}/remove',
          ownerCount: 'https://cl08sales.sumtotaldevelopment.net/Services/api/sumtSocial/communities/{communityId}/ownerCount',
          fileReferenceCount: 'https://cl08sales.sumtotaldevelopment.net/Services/api/sumtSocial/communities/files/{fileIdentifier}/reference',
          searchEmployees: 'https://cl08sales.sumtotaldevelopment.net/Services/api/sumtSocial/communities/searchEmployees',
          communityFeed:'https://cl08sales.sumtotaldevelopment.net/Services/api/sumtSocial/communities/CommunityFeed',
          flag: {
            getFlaggedObjects: 'https://cl08sales.sumtotaldevelopment.net/Services/api/sumtSocial/flag/{communityId}',
            saveFlagDetails: 'https://cl08sales.sumtotaldevelopment.net/Services/api/sumtSocial/flag/saveflag',
			getFlagDetails: 'https://cl08sales.sumtotaldevelopment.net/Services/api/sumtSocial/communities/{communityId}/flagDetails/{flaggedObjectId}',
            removeFlags: 'https://cl08sales.sumtotaldevelopment.net/Services/api/sumtSocial/communities/{communityId}/{flaggedObjectId}/removeFlags',
            unFlagObject: 'https://cl08sales.sumtotaldevelopment.net/Services/api/sumtSocial/communities/{communityId}/flag/{objectId}/unflag'
          },
          discussion : {
            getDiscussionReplies: 'https://cl08sales.sumtotaldevelopment.net/Services/api/social/discuss/{discussionId}/replies',
            deleteDiscussionReply: 'https://cl08sales.sumtotaldevelopment.net/Services/api/social/discuss/reply/{replyId}',
            getDiscussionDetails: 'https://cl08sales.sumtotaldevelopment.net/Services/api/social/discuss/{discussionId}',
            createDiscussionReply: 'https://cl08sales.sumtotaldevelopment.net/Services/api/social/discuss/reply',
            createAndModifyDiscussion: 'https://cl08sales.sumtotaldevelopment.net/Services/api/social/discuss',
            getCommunityDiscussions: 'https://cl08sales.sumtotaldevelopment.net/Services/api/social/discussions',
            deleteDiscussion: 'https://cl08sales.sumtotaldevelopment.net/Services/api/social/discuss/delete/{id}'
          },
          blog: {
            getBlogsList: 'https://cl08sales.sumtotaldevelopment.net/Services/api/social/communities/{communityId}/blogs',
            getBlogById: 'https://cl08sales.sumtotaldevelopment.net/Services/api/social/communities/blogs/{blogId}',
            createBlog: 'https://cl08sales.sumtotaldevelopment.net/Services/api/social/communities/{communityId}/blogs',
            modifyBlog: 'https://cl08sales.sumtotaldevelopment.net/Services/api/social/blogs',
            deleteBlog: 'https://cl08sales.sumtotaldevelopment.net/Services/api/social/communities/{communityId}/blogs/{blogId}/remove',
            getBlogPosts:'https://cl08sales.sumtotaldevelopment.net/Services/api/social/communities/blogs/{blogId}/blogposts',
            getBlogPostById:'https://cl08sales.sumtotaldevelopment.net/Services/api/social/communities/blogposts/{blogPostId}',
            editBlogPost: 'https://cl08sales.sumtotaldevelopment.net/Services/api/social/communities/blogposts',
            addCommentUrl:'https://cl08sales.sumtotaldevelopment.net/Services/api/social/blogPost/AddComment',
            getCommentUrl: 'https://cl08sales.sumtotaldevelopment.net/Services/api/social/blogPost/GetComments',
            getCommentRepliesUrl: 'https://cl08sales.sumtotaldevelopment.net/Services/api/social/blogPost/GetReplies',
            getCommentDeepLinkResponseUrl:'https://cl08sales.sumtotaldevelopment.net/Services/api/social/blogPost/GetBlogPostRepliesDeepLinkResponse',
            editCommentUrl: 'https://cl08sales.sumtotaldevelopment.net/Services/api/social/blogPost/EditComment',
            deleteCommentUrl: 'https://cl08sales.sumtotaldevelopment.net/Services/api/social/blogPost/DeleteComment',
            approveBlogPost: 'https://cl08sales.sumtotaldevelopment.net/Services/api/social/communities/blogposts/approve'
          }
        }
      };
    }

    // This is the factory function for static data.
    return function(_, URI) {

      var apiPaths = createAPIPaths(),
        staticData = null;

      apiPaths = _.merge(apiPaths, {"attestation":{"attestationApi":{"baseUrl":"/Core/Core/api/AttestationApi/","addAttestationAuditRecord":"/Core/Core/api/AttestationApi/AddAttestationAuditRecord","checkAttestationStatus":"/Core/Core/api/AttestationApi/CheckAttestationStatus","getAllAttestationDefinitions":"/Core/Core/api/AttestationApi/GetAllAttestationDefinitions","getAttestationDefinitionById":"/Core/Core/api/AttestationApi/GetAttestationDefinitionById","getAttestationDefinition":"/Core/Core/api/AttestationApi/GetAttestationDefinition","getAttestationDefinitions":"/Core/Core/api/AttestationApi/GetAttestationDefinitions","saveAttestationDefinition":"/Core/Core/api/AttestationApi/SaveAttestationDefinition"}},"esignatureApi":{"eSignatureApi":{"baseUrl":"/Core/Core/api/ESignatureApi/"}},"timeline":{"timelineApi":{"baseUrl":"/Core/Core/api/TimelineApi/","loadTimelineViewData":"/Core/Core/api/TimelineApi/LoadTimelineViewData","loadNotificationCount":"/Core/Core/api/TimelineApi/LoadNotificationCount","getTimelineTaskCount":"/Core/Core/api/TimelineApi/getTimelineTaskCount"}},"upload":{"uploadApi":{"baseUrl":"/Core/Core/api/UploadApi/","retrieveFiles":"/Core/Core/api/UploadApi/RetrieveFiles","getFileBytes":"/Core/Core/api/UploadApi/GetFileBytes","removeFiles":"/Core/Core/api/UploadApi/RemoveFiles","downloadFile":"/Core/Core/api/UploadApi/DownloadFile","getPermissions":"/Core/Core/api/UploadApi/GetPermissions","uploadFile":"/Core/Core/api/UploadApi/UploadFile","updateFileInfo":"/Core/Core/api/UploadApi/UpdateFileInfo","uploadPersonImage":"/Core/Core/api/UploadApi/UploadPersonImage"}},"calendarApi":{"calendarApi":{"baseUrl":"/Core/Learning/api/CalendarApi/"}},"myprofile":{"profileData":{"baseUrl":"/Core/Core/api/ProfileData/","removePersonImage":"/Core/Core/api/ProfileData/RemovePersonImage","getInstalledPillars":"/Core/Core/api/ProfileData/GetInstalledPillars","actOnPendingApproval":"/Core/Core/api/ProfileData/ActOnPendingApproval","pendingApprovalSecurityCheck":"/Core/Core/api/ProfileData/PendingApprovalSecurityCheck","isGuestUser":"/Core/Core/api/ProfileData/IsGuestUser"}}});

      var modulesPath = '/Core/dist/app/modules';
      staticData = _.merge(root.tempStaticData, {
        versionNumber:  'ElixHR_18.3.0.0_2018.9.10.1',
        majorVersionNumber: '18.3',
        identity: _.cloneDeep(root.tempStaticData.Identity),
        culture: _.cloneDeep(root.tempStaticData.Culture),
        learningCatalog: _.cloneDeep(root.tempStaticData.LearningCatalog),
        userID: 'D6D3F6FB8D04FAF81E16B69BE72609DA',
        guestAccount: '0',
        userTimezone: 'America/Los_Angeles',
        debugEnabled: root.tempStaticData.debugEnabled,
        scriptPath: scriptPath,
        currentTheme: null,
        photoUrl: scriptPath + photoPath,
        fileUrl: scriptPath + filePath,
        communityFileUrl: scriptPath + socialFilesPath,
        customHelpFileUrl: scriptPath + customHelpFilesPath,
        isAuditEnabled: isAuditEnabled,
        framesPath: {
          themePreview: '/Core/PublicAccess/ThemePreview',
          componentsPreview: '/Core/PublicAccess/ComponentsPreview'
        },
        appPath: '/Core/app',
        rootPathFolder: htmlRootPath,
        tenantKey: tenantKey,
        apiPaths: apiPaths,
        dashboardPerms: {"CanPersonalizeDashboards":true,"CanEditDashboards":false,"CanAddDashboards":false,"CanDeleteDashboards":false,"CanAccessThemeEditor":false},
        safeOrigin: /(sumtotalsystems\.com|cl08sales\.sumtotaldevelopment\.net|supp-bi-master\.sumtotaldemo\.net|cl-ugm08a)$/i,
        webPartDefinitionCategories: {"Hash":"2043601370","Categories":[{"Category":{"Id":5,"Name":"Common","CategoryKey":"WebPartDefinition_Common","Description":"Common","ParentId":1,"OrdinalPosition":null},"Definitions":[{"WebPartDefinitionKey":"Common_SumtIFrameWebPart","Title":"iFrame","Description":"Enables users to configure a URL to display within the widget.","SubTitle":"IFrame Widget","WebPartIconName":null,"WidgetNotificationMode":0,"WidgetDeeplinkUrlText":null,"CategoryName":"Common","IsWebPartEnabled":true,"TypeName":"SumTotal.SPPortal.WebParts.Core.Common.SumtIFrameWebPart.SumtIFrameWebPart, SumTotal.SPPortal.WebParts, Version=1.0.0.0, Culture=neutral, PublicKeyToken=6b7f90fbd13cce01","WebPartServiceAgentInterfaceTypeName":null,"WebPartDefinitionXml":null,"HideWebPartHeader":false,"HideWebPartFooter":true,"IsFreeFlowing":false,"PillarKey":null,"ChromeStyle":7,"ParameterJSON":"{\"HeaderLinkIcon\":\"\",\"IsCustomEditor\":false,\"PreviewType\":\"iframe\",\"iFrameUrl\":\"http://www.google.com\"}","TemplatePath":"app/modules/dashboard/views/webparts/widgetIFrame.html","IsSystemLocked":false,"Category":{"Id":5,"Name":"Common","CategoryKey":"WebPartDefinition_Common","Description":"Common","ParentId":1,"OrdinalPosition":null},"Id":3},{"WebPartDefinitionKey":"About_Me","Title":"About Me","Description":"Displays key profile information about the employee.","SubTitle":"Photo, email and employment information","WebPartIconName":null,"WidgetNotificationMode":0,"WidgetDeeplinkUrlText":"View my profile","CategoryName":"Common","IsWebPartEnabled":true,"TypeName":"SumTotal.SPPortal.WebParts.Core.MySelf.AboutMe.AboutMe, SumTotal.SPPortal.WebParts, Version=1.0.0.0, Culture=neutral, PublicKeyToken=6b7f90fbd13cce01","WebPartServiceAgentInterfaceTypeName":null,"WebPartDefinitionXml":null,"HideWebPartHeader":true,"HideWebPartFooter":true,"IsFreeFlowing":false,"PillarKey":null,"ChromeStyle":7,"ParameterJSON":"{\"HeaderLinkIcon\":\"\",\"IsCustomEditor\":false,\"PreviewType\":\"aboutme\"}","TemplatePath":"app/modules/dashboard/views/webparts/widgetAboutMe.html","IsSystemLocked":false,"Category":{"Id":5,"Name":"Common","CategoryKey":"WebPartDefinition_Common","Description":"Common","ParentId":1,"OrdinalPosition":null},"Id":43},{"WebPartDefinitionKey":"Common_ContentEditor","Title":"Content Editor","Description":"Enables users to add custom HTML to a dashboard.","SubTitle":"Content Editor Widget","WebPartIconName":null,"WidgetNotificationMode":0,"WidgetDeeplinkUrlText":null,"CategoryName":"Common","IsWebPartEnabled":true,"TypeName":null,"WebPartServiceAgentInterfaceTypeName":null,"WebPartDefinitionXml":null,"HideWebPartHeader":false,"HideWebPartFooter":true,"IsFreeFlowing":false,"PillarKey":null,"ChromeStyle":7,"ParameterJSON":"{\"HeaderLinkIcon\":\"\",\"IsCustomEditor\":true,\"PreviewType\":\"iframe\"}","TemplatePath":"app/modules/dashboard/views/webparts/widgetContentEditor.html","IsSystemLocked":false,"Category":{"Id":5,"Name":"Common","CategoryKey":"WebPartDefinition_Common","Description":"Common","ParentId":1,"OrdinalPosition":null},"Id":60},{"WebPartDefinitionKey":"Timeline","Title":"Timeline","Description":"Displays tasks, approvals, and other updates in a timeline view.","SubTitle":"Activity timeline","WebPartIconName":null,"WidgetNotificationMode":0,"WidgetDeeplinkUrlText":null,"CategoryName":"Common","IsWebPartEnabled":true,"TypeName":null,"WebPartServiceAgentInterfaceTypeName":null,"WebPartDefinitionXml":null,"HideWebPartHeader":false,"HideWebPartFooter":false,"IsFreeFlowing":false,"PillarKey":null,"ChromeStyle":7,"ParameterJSON":"{\"HeaderLinkIcon\":\"\",\"IsCustomEditor\":false,\"PreviewType\":\"timeline\"}","TemplatePath":"app/modules/dashboard/views/webparts/widgetTimeline.html","IsSystemLocked":false,"Category":{"Id":5,"Name":"Common","CategoryKey":"WebPartDefinition_Common","Description":"Common","ParentId":1,"OrdinalPosition":null},"Id":61},{"WebPartDefinitionKey":"Key_Measures","Title":"Key Measures","Description":"Displays key performance measures for a user.","SubTitle":"Key Measures","WebPartIconName":null,"WidgetNotificationMode":0,"WidgetDeeplinkUrlText":null,"CategoryName":"Common","IsWebPartEnabled":true,"TypeName":null,"WebPartServiceAgentInterfaceTypeName":null,"WebPartDefinitionXml":null,"HideWebPartHeader":false,"HideWebPartFooter":true,"IsFreeFlowing":false,"PillarKey":null,"ChromeStyle":7,"ParameterJSON":"{\"HeaderLinkIcon\":\"\",\"IsCustomEditor\":false,\"PreviewType\":\"claw\"}","TemplatePath":"app/modules/dashboard/views/webparts/widgetKeyMeasures.html","IsSystemLocked":false,"Category":{"Id":5,"Name":"Common","CategoryKey":"WebPartDefinition_Common","Description":"Common","ParentId":1,"OrdinalPosition":null},"Id":62},{"WebPartDefinitionKey":"Direct_Reports","Title":"Direct Reports","Description":"Listing of your direct reports.","SubTitle":"Direct Reports","WebPartIconName":null,"WidgetNotificationMode":0,"WidgetDeeplinkUrlText":null,"CategoryName":"Common","IsWebPartEnabled":true,"TypeName":null,"WebPartServiceAgentInterfaceTypeName":null,"WebPartDefinitionXml":null,"HideWebPartHeader":false,"HideWebPartFooter":true,"IsFreeFlowing":false,"PillarKey":null,"ChromeStyle":7,"ParameterJSON":"{\"HeaderLinkIcon\":\"DirectReports\",\"IsCustomEditor\":false,\"PreviewType\":\"table\"}","TemplatePath":"app/modules/dashboard/views/webparts/widgetDirectReports.html","IsSystemLocked":false,"Category":{"Id":5,"Name":"Common","CategoryKey":"WebPartDefinition_Common","Description":"Common","ParentId":1,"OrdinalPosition":null},"Id":63},{"WebPartDefinitionKey":"My_Development_Plan","Title":"My Development Plan","Description":"Displays a user's Development Plan","SubTitle":"My Development Plan","WebPartIconName":null,"WidgetNotificationMode":0,"WidgetDeeplinkUrlText":null,"CategoryName":"Common","IsWebPartEnabled":true,"TypeName":null,"WebPartServiceAgentInterfaceTypeName":null,"WebPartDefinitionXml":null,"HideWebPartHeader":false,"HideWebPartFooter":true,"IsFreeFlowing":false,"PillarKey":null,"ChromeStyle":7,"ParameterJSON":"{\"HeaderLinkIcon\":\"\",\"IsCustomEditor\":false,\"PreviewType\":\"table\"}","TemplatePath":"app/modules/dashboard/views/webparts/widgetDevelopmentPlan.html","IsSystemLocked":false,"Category":{"Id":5,"Name":"Common","CategoryKey":"WebPartDefinition_Common","Description":"Common","ParentId":1,"OrdinalPosition":null},"Id":90},{"WebPartDefinitionKey":"LeaderBoardDisplay","Title":"Leaderboard Display","Description":"Displays users, ranked by their current Gamification score.","SubTitle":"LeaderBoard Display","WebPartIconName":null,"WidgetNotificationMode":0,"WidgetDeeplinkUrlText":null,"CategoryName":"Common","IsWebPartEnabled":true,"TypeName":null,"WebPartServiceAgentInterfaceTypeName":null,"WebPartDefinitionXml":null,"HideWebPartHeader":false,"HideWebPartFooter":false,"IsFreeFlowing":false,"PillarKey":null,"ChromeStyle":7,"ParameterJSON":"{\"HeaderLinkIcon\": \"\", \"IsCustomEditor\": false, \"PreviewType\" : \"leaderboard\"}","TemplatePath":"app/modules/core/views/gamification/leaderBoard.html","IsSystemLocked":false,"Category":{"Id":5,"Name":"Common","CategoryKey":"WebPartDefinition_Common","Description":"Common","ParentId":1,"OrdinalPosition":null},"Id":97}]},{"Category":{"Id":8,"Name":"Learning","CategoryKey":"WebPartDefinition_Learning","Description":"Learning","ParentId":1,"OrdinalPosition":null},"Definitions":[{"WebPartDefinitionKey":"LM_MyMessages","Title":"My Messages","Description":"Highlights the five most recent unread learning  notifications.","SubTitle":"Recent messages I have received","WebPartIconName":null,"WidgetNotificationMode":1,"WidgetDeeplinkUrlText":"View All Messages","CategoryName":"Learning","IsWebPartEnabled":true,"TypeName":"SumTotal.SPPortal.WebParts.Core.Learning.MyMessages.MyMessages, SumTotal.SPPortal.WebParts, Version=1.0.0.0, Culture=neutral, PublicKeyToken=6b7f90fbd13cce01","WebPartServiceAgentInterfaceTypeName":"ILMWebPartContractAsync","WebPartDefinitionXml":null,"HideWebPartHeader":false,"HideWebPartFooter":true,"IsFreeFlowing":false,"PillarKey":"LM","ChromeStyle":7,"ParameterJSON":"{\"HeaderLinkIcon\": \"\", \"IsCustomEditor\": false, \"MessagesConfig\":{ \"MessageCount\":\"count\", \"MessageData\":[\"date\", \"subject\", \"url\"]}, \"PreviewType\":\"messages\"}","TemplatePath":"app/modules/dashboard/views/webparts/widgetMyMessages.html","IsSystemLocked":false,"Category":{"Id":8,"Name":"Learning","CategoryKey":"WebPartDefinition_Learning","Description":"Learning","ParentId":1,"OrdinalPosition":null},"Id":4},{"WebPartDefinitionKey":"LM_UpcomingTraining","Title":"Upcoming Training","Description":"Shows the next scheduled learning activity the user is enrolled in. Includes options for reviewing summary details.","SubTitle":"Activities","WebPartIconName":null,"WidgetNotificationMode":1,"WidgetDeeplinkUrlText":"View All Upcoming Training","CategoryName":"Learning","IsWebPartEnabled":true,"TypeName":"SumTotal.SPPortal.WebParts.Core.Learning.UpcomingTraining.UpcomingTraining, SumTotal.SPPortal.WebParts, Version=1.0.0.0, Culture=neutral, PublicKeyToken=6b7f90fbd13cce01","WebPartServiceAgentInterfaceTypeName":"ILMWebPartContractAsync","WebPartDefinitionXml":null,"HideWebPartHeader":false,"HideWebPartFooter":true,"IsFreeFlowing":false,"PillarKey":"LM","ChromeStyle":7,"ParameterJSON":"{\"HeaderLinkIcon\": \"\", \"IsCustomEditor\": false, \"PreviewType\" : \"table\"}","TemplatePath":"app/modules/dashboard/views/webparts/widgetUpcomingTraining.html","IsSystemLocked":false,"Category":{"Id":8,"Name":"Learning","CategoryKey":"WebPartDefinition_Learning","Description":"Learning","ParentId":1,"OrdinalPosition":null},"Id":6},{"WebPartDefinitionKey":"LM_TopRatedContent","Title":"Top Rated Content","Description":"Displays the five highest rated learning activities available to the user.","SubTitle":"Top rated learning activities","WebPartIconName":null,"WidgetNotificationMode":1,"WidgetDeeplinkUrlText":"View All Top Rated Content","CategoryName":"Learning","IsWebPartEnabled":true,"TypeName":"SumTotal.SPPortal.WebParts.Core.Learning.TopRatedContent.TopRatedContent, SumTotal.SPPortal.WebParts, Version=1.0.0.0, Culture=neutral, PublicKeyToken=6b7f90fbd13cce01","WebPartServiceAgentInterfaceTypeName":"ILMWebPartContractAsync","WebPartDefinitionXml":null,"HideWebPartHeader":false,"HideWebPartFooter":true,"IsFreeFlowing":false,"PillarKey":"LM","ChromeStyle":7,"ParameterJSON":"{\"HeaderLinkIcon\":\"\",\"IsCustomEditor\":false,\"PreviewType\":\"table\"}","TemplatePath":"app/modules/dashboard/views/webparts/widgetTopRatedContent.html","IsSystemLocked":false,"Category":{"Id":8,"Name":"Learning","CategoryKey":"WebPartDefinition_Learning","Description":"Learning","ParentId":1,"OrdinalPosition":null},"Id":7},{"WebPartDefinitionKey":"LM_CompletedCertification","Title":"Completed Certifications","Description":"Highlights the user's completed certifications and supports deeplinking to the Activities Detail for each item within the list.","SubTitle":"Activities","WebPartIconName":null,"WidgetNotificationMode":1,"WidgetDeeplinkUrlText":"View All Completed Certifications","CategoryName":"Learning","IsWebPartEnabled":true,"TypeName":"SumTotal.SPPortal.WebParts.Core.Learning.CompletedCertifications.CompletedCertifications, SumTotal.SPPortal.WebParts, Version=1.0.0.0, Culture=neutral, PublicKeyToken=6b7f90fbd13cce01","WebPartServiceAgentInterfaceTypeName":"ILMWebPartContractAsync","WebPartDefinitionXml":null,"HideWebPartHeader":false,"HideWebPartFooter":true,"IsFreeFlowing":false,"PillarKey":"LM","ChromeStyle":7,"ParameterJSON":"{\"HeaderLinkIcon\": \"\", \"IsCustomEditor\": false, \"PreviewType\" : \"table\"}","TemplatePath":"app/modules/dashboard/views/webparts/widgetCompletedCertifications.html","IsSystemLocked":false,"Category":{"Id":8,"Name":"Learning","CategoryKey":"WebPartDefinition_Learning","Description":"Learning","ParentId":1,"OrdinalPosition":null},"Id":8},{"WebPartDefinitionKey":"LM_ExceptionReport","Title":"Exception Report","Description":"Highlights assigned training exceptions (overdue, expired and incomplete) for the user's direct reports.","SubTitle":"Last Updated:","WebPartIconName":null,"WidgetNotificationMode":0,"WidgetDeeplinkUrlText":"View Detailed Exception Report","CategoryName":"Learning","IsWebPartEnabled":true,"TypeName":"SumTotal.SPPortal.WebParts.Core.Learning.ExceptionReport.ExceptionReport, SumTotal.SPPortal.WebParts, Version=1.0.0.0, Culture=neutral, PublicKeyToken=6b7f90fbd13cce01","WebPartServiceAgentInterfaceTypeName":"ILMWebPartContractAsync","WebPartDefinitionXml":null,"HideWebPartHeader":false,"HideWebPartFooter":true,"IsFreeFlowing":false,"PillarKey":"LM","ChromeStyle":7,"ParameterJSON":"{\"HeaderLinkIcon\":\"\",\"IsCustomEditor\":false,\"PreviewType\":\"donutChart\"}","TemplatePath":"app/modules/dashboard/views/webparts/widgetExceptionReport.html","IsSystemLocked":false,"Category":{"Id":8,"Name":"Learning","CategoryKey":"WebPartDefinition_Learning","Description":"Learning","ParentId":1,"OrdinalPosition":null},"Id":10},{"WebPartDefinitionKey":"LM_MyFavourites","Title":"Favorites","Description":"Supports quick access to content marked as a favorite by the user.","SubTitle":"Activities, Categories, Collaboration Centers","WebPartIconName":null,"WidgetNotificationMode":1,"WidgetDeeplinkUrlText":"More...","CategoryName":"Learning","IsWebPartEnabled":true,"TypeName":"SumTotal.SPPortal.WebParts.Core.Learning.Favorites.Favorites, SumTotal.SPPortal.WebParts, Version=1.0.0.0, Culture=neutral, PublicKeyToken=6b7f90fbd13cce01","WebPartServiceAgentInterfaceTypeName":"ILMWebPartContractAsync","WebPartDefinitionXml":null,"HideWebPartHeader":false,"HideWebPartFooter":true,"IsFreeFlowing":false,"PillarKey":"LM","ChromeStyle":7,"ParameterJSON":"{\"HeaderLinkIcon\": \"\", \"IsCustomEditor\": false, \"PreviewType\" : \"table\"}","TemplatePath":"app/modules/dashboard/views/webparts/widgetFavorites.html","IsSystemLocked":false,"Category":{"Id":8,"Name":"Learning","CategoryKey":"WebPartDefinition_Learning","Description":"Learning","ParentId":1,"OrdinalPosition":null},"Id":12},{"WebPartDefinitionKey":"LM_LearnerAssignment","Title":"Learning Assignments","Description":"This is a legacy widget. Please use “My Learning Assignments” instead.","SubTitle":"Assignments and duties awaiting completion","WebPartIconName":null,"WidgetNotificationMode":1,"WidgetDeeplinkUrlText":"View All Assignments","CategoryName":"Learning","IsWebPartEnabled":true,"TypeName":"SumTotal.SPPortal.WebParts.Core.Learning.LearningAssignments.LearningAssignments, SumTotal.SPPortal.WebParts, Version=1.0.0.0, Culture=neutral, PublicKeyToken=6b7f90fbd13cce01","WebPartServiceAgentInterfaceTypeName":"ILMWebPartContractAsync","WebPartDefinitionXml":null,"HideWebPartHeader":false,"HideWebPartFooter":true,"IsFreeFlowing":false,"PillarKey":"LM","ChromeStyle":7,"ParameterJSON":"{\"HeaderLinkIcon\": \"\", \"IsCustomEditor\": false, \"PreviewType\" : \"table\"}","TemplatePath":"app/modules/dashboard/views/webparts/widgetLearningAssignments.html","IsSystemLocked":false,"Category":{"Id":8,"Name":"Learning","CategoryKey":"WebPartDefinition_Learning","Description":"Learning","ParentId":1,"OrdinalPosition":null},"Id":14},{"WebPartDefinitionKey":"LM_ExceptionReport_Others","Title":"Exception Report (Others)","Description":"Status of activities assigned to direct reports and managed users. Supports deep linking to Manager Exception page.","SubTitle":"Last Updated:","WebPartIconName":null,"WidgetNotificationMode":0,"WidgetDeeplinkUrlText":"View Detailed Exception Report","CategoryName":"Learning","IsWebPartEnabled":true,"TypeName":"SumTotal.SPPortal.WebParts.Core.Learning.ExceptionReport.ExceptionReport, SumTotal.SPPortal.WebParts, Version=1.0.0.0, Culture=neutral, PublicKeyToken=6b7f90fbd13cce01","WebPartServiceAgentInterfaceTypeName":"ILMWebPartContractAsync","WebPartDefinitionXml":null,"HideWebPartHeader":false,"HideWebPartFooter":true,"IsFreeFlowing":false,"PillarKey":"LM","ChromeStyle":7,"ParameterJSON":"{\"HeaderLinkIcon\": \"\", \"IsCustomEditor\": false, \"PreviewType\" : \"donutChart\"}","TemplatePath":"app/modules/dashboard/views/webparts/widgetExceptionReportOthers.html","IsSystemLocked":false,"Category":{"Id":8,"Name":"Learning","CategoryKey":"WebPartDefinition_Learning","Description":"Learning","ParentId":1,"OrdinalPosition":null},"Id":58},{"WebPartDefinitionKey":"LM_TeachingActivities","Title":"My Instructor Schedule","Description":"Provides instructors with quick access to their current and upcoming training items.","SubTitle":"Widget My Instructor Schedule Activities","WebPartIconName":null,"WidgetNotificationMode":0,"WidgetDeeplinkUrlText":"View All My Instructor Schedule","CategoryName":"Learning","IsWebPartEnabled":true,"TypeName":null,"WebPartServiceAgentInterfaceTypeName":"ILMWebPartContractAsync","WebPartDefinitionXml":null,"HideWebPartHeader":false,"HideWebPartFooter":true,"IsFreeFlowing":false,"PillarKey":"LM","ChromeStyle":7,"ParameterJSON":"{\"HeaderLinkIcon\": \"\", \"IsCustomEditor\": false, \"PreviewType\" : \"table\"}","TemplatePath":"app/modules/dashboard/views/webparts/WidgetTeachingActivities.html","IsSystemLocked":false,"Category":{"Id":8,"Name":"Learning","CategoryKey":"WebPartDefinition_Learning","Description":"Learning","ParentId":1,"OrdinalPosition":null},"Id":64},{"WebPartDefinitionKey":"LM_RecentlyLaunched","Title":"Recently Launched","Description":"Provides user with quick access to the most recently launched non-completed training item.","SubTitle":"Recently Launched","WebPartIconName":null,"WidgetNotificationMode":0,"WidgetDeeplinkUrlText":"View All Recently Launch Activity","CategoryName":"Learning","IsWebPartEnabled":true,"TypeName":"SumTotal.SPPortal.WebParts.Core.Learning.RecentlyLaunched.RecentlyLaunched, SumTotal.SPPortal.WebParts, Version=1.0.0.0, Culture=neutral, PublicKeyToken=6b7f90fbd13cce01","WebPartServiceAgentInterfaceTypeName":"ILMWebPartContractAsync","WebPartDefinitionXml":null,"HideWebPartHeader":false,"HideWebPartFooter":true,"IsFreeFlowing":false,"PillarKey":"LM","ChromeStyle":7,"ParameterJSON":"{\"HeaderLinkIcon\": \"\", \"IsCustomEditor\": false, \"PreviewType\" : \"table\"}","TemplatePath":"app/modules/dashboard/views/webparts/widgetRecentlyLaunched.html","IsSystemLocked":false,"Category":{"Id":8,"Name":"Learning","CategoryKey":"WebPartDefinition_Learning","Description":"Learning","ParentId":1,"OrdinalPosition":null},"Id":65},{"WebPartDefinitionKey":"LM_ProxyRelations","Title":"Proxy Relations","Description":"Allows the user to have quick access to a list of users whom they can act as a proxy for.","SubTitle":"Proxy Relations","WebPartIconName":null,"WidgetNotificationMode":1,"WidgetDeeplinkUrlText":"View All","CategoryName":"Learning","IsWebPartEnabled":true,"TypeName":"SumTotal.SPPortal.WebParts.Core.Learning.ProxyRelations.ProxyRelations, SumTotal.SPPortal.WebParts, Version=1.0.0.0, Culture=neutral, PublicKeyToken=6b7f90fbd13cce01","WebPartServiceAgentInterfaceTypeName":"ILMWebPartContractAsync","WebPartDefinitionXml":null,"HideWebPartHeader":false,"HideWebPartFooter":true,"IsFreeFlowing":false,"PillarKey":"LM","ChromeStyle":7,"ParameterJSON":"{\"HeaderLinkIcon\": \"\", \"IsCustomEditor\": false, \"PreviewType\" : \"table\"}","TemplatePath":"app/modules/dashboard/views/webparts/widgetProxyRelations.html","IsSystemLocked":false,"Category":{"Id":8,"Name":"Learning","CategoryKey":"WebPartDefinition_Learning","Description":"Learning","ParentId":1,"OrdinalPosition":null},"Id":66},{"WebPartDefinitionKey":"LM_MyLearning","Title":"My Learning","Description":"Provides user with graphical summary of their assigned training compliance status.","SubTitle":null,"WebPartIconName":null,"WidgetNotificationMode":0,"WidgetDeeplinkUrlText":null,"CategoryName":"Learning","IsWebPartEnabled":true,"TypeName":"SumTotal.SPPortal.WebParts.Core.Learning.MyLearning.MyLearning, SumTotal.SPPortal.WebParts, Version=1.0.0.0, Culture=neutral, PublicKeyToken=6b7f90fbd13cce01","WebPartServiceAgentInterfaceTypeName":"ILMWebPartContractAsync","WebPartDefinitionXml":null,"HideWebPartHeader":false,"HideWebPartFooter":true,"IsFreeFlowing":false,"PillarKey":"LM","ChromeStyle":7,"ParameterJSON":"{\"HeaderLinkIcon\":\"\",\"IsCustomEditor\":false,\"PreviewType\":\"html\"}","TemplatePath":"app/modules/dashboard/views/webparts/widgetMyLearning.html","IsSystemLocked":false,"Category":{"Id":8,"Name":"Learning","CategoryKey":"WebPartDefinition_Learning","Description":"Learning","ParentId":1,"OrdinalPosition":null},"Id":67},{"WebPartDefinitionKey":"LM_LearningTasks","Title":"Learning Tasks","Description":"Displays the user's pending tasks.","SubTitle":"Learning Tasks","WebPartIconName":null,"WidgetNotificationMode":0,"WidgetDeeplinkUrlText":null,"CategoryName":"Learning","IsWebPartEnabled":true,"TypeName":"SSumTotal.SPPortal.WebParts.Core.Learning.LearningTasks.LearningTasks, SumTotal.SPPortal.WebParts, Version=1.0.0.0, Culture=neutral, PublicKeyToken=6b7f90fbd13cce01","WebPartServiceAgentInterfaceTypeName":"ILMWebPartContractAsync","WebPartDefinitionXml":null,"HideWebPartHeader":false,"HideWebPartFooter":true,"IsFreeFlowing":false,"PillarKey":"LM","ChromeStyle":7,"ParameterJSON":"{\"HeaderLinkIcon\": \"\", \"IsCustomEditor\": false, \"PreviewType\" : \"table\"}","TemplatePath":"app/modules/dashboard/views/webparts/widgetLearningTasks.html","IsSystemLocked":false,"Category":{"Id":8,"Name":"Learning","CategoryKey":"WebPartDefinition_Learning","Description":"Learning","ParentId":1,"OrdinalPosition":null},"Id":68},{"WebPartDefinitionKey":"LM_QuickLinks","Title":"Quick Links","Description":"Displays the Quick Links for Training Transcript, Training Schedule and Training Analysis.","SubTitle":"Quick Links for Training","WebPartIconName":null,"WidgetNotificationMode":0,"WidgetDeeplinkUrlText":null,"CategoryName":"Learning","IsWebPartEnabled":true,"TypeName":"SumTotal.SPPortal.WebParts.Core.Learning.QuickLinks.QuickLinks, SumTotal.SPPortal.WebParts, Version=1.0.0.0, Culture=neutral, PublicKeyToken=6b7f90fbd13cce01","WebPartServiceAgentInterfaceTypeName":"ILMWebPartContractAsync","WebPartDefinitionXml":null,"HideWebPartHeader":false,"HideWebPartFooter":true,"IsFreeFlowing":false,"PillarKey":"LM","ChromeStyle":7,"ParameterJSON":"{\"HeaderLinkIcon\": \"\", \"IsCustomEditor\": false, \"PreviewType\" : \"table\"}","TemplatePath":"app/modules/dashboard/views/webparts/widgetQuickLinks.html","IsSystemLocked":false,"Category":{"Id":8,"Name":"Learning","CategoryKey":"WebPartDefinition_Learning","Description":"Learning","ParentId":1,"OrdinalPosition":null},"Id":69},{"WebPartDefinitionKey":"LM_Recommendation","Title":"Recommended Courses","Description":"Displays recommended learning based on your interests, your required skills, and suggestions from others in your organization.","SubTitle":null,"WebPartIconName":null,"WidgetNotificationMode":0,"WidgetDeeplinkUrlText":null,"CategoryName":"Learning","IsWebPartEnabled":true,"TypeName":null,"WebPartServiceAgentInterfaceTypeName":null,"WebPartDefinitionXml":null,"HideWebPartHeader":false,"HideWebPartFooter":true,"IsFreeFlowing":false,"PillarKey":"LM","ChromeStyle":7,"ParameterJSON":"{\"HeaderLinkIcon\":\"\",\"IsCustomEditor\":false,\"PreviewType\":\"table\"}","TemplatePath":"app/modules/dashboard/views/webparts/widgetRecommendation.html","IsSystemLocked":false,"Category":{"Id":8,"Name":"Learning","CategoryKey":"WebPartDefinition_Learning","Description":"Learning","ParentId":1,"OrdinalPosition":null},"Id":70},{"WebPartDefinitionKey":"LM_PromotedActivities","Title":"Promoted Activities","Description":"This is a legacy widget. Please use “Promoted Learning Activities” instead.","SubTitle":null,"WebPartIconName":null,"WidgetNotificationMode":0,"WidgetDeeplinkUrlText":null,"CategoryName":"Learning","IsWebPartEnabled":true,"TypeName":"SumTotal.SPPortal.WebParts.Core.Learning.PromotedActivities.PromotedActivities, SumTotal.SPPortal.WebParts, Version=1.0.0.0, Culture=neutral, PublicKeyToken=6b7f90fbd13cce01","WebPartServiceAgentInterfaceTypeName":"ILMWebPartContractAsync","WebPartDefinitionXml":null,"HideWebPartHeader":false,"HideWebPartFooter":false,"IsFreeFlowing":false,"PillarKey":"LM","ChromeStyle":7,"ParameterJSON":"{\"HeaderLinkIcon\":\"\",\"IsCustomEditor\":false,\"PreviewType\":\"configTextField\",\"Config\":{\"Name\":\"LearningActivityCodes\",\"Value\":\"\"}}","TemplatePath":"app/modules/dashboard/views/webparts/widgetPromotedActivities.html","IsSystemLocked":false,"Category":{"Id":8,"Name":"Learning","CategoryKey":"WebPartDefinition_Learning","Description":"Learning","ParentId":1,"OrdinalPosition":null},"Id":79},{"WebPartDefinitionKey":"LM_Categories","Title":"Browse By Topic","Description":"Display all topics, can browse activities through selected topic.","SubTitle":"Browse By Topic","WebPartIconName":null,"WidgetNotificationMode":0,"WidgetDeeplinkUrlText":"View All Categories","CategoryName":"Learning","IsWebPartEnabled":true,"TypeName":null,"WebPartServiceAgentInterfaceTypeName":"ILMWebPartContractAsync","WebPartDefinitionXml":null,"HideWebPartHeader":false,"HideWebPartFooter":false,"IsFreeFlowing":false,"PillarKey":"LM","ChromeStyle":7,"ParameterJSON":"{\"HeaderLinkIcon\":\"\",\"IsCustomEditor\":false,\"PreviewType\":\"table\"}","TemplatePath":"app/modules/dashboard/views/webparts/widgetCatalogBrowseByCategory.html","IsSystemLocked":false,"Category":{"Id":8,"Name":"Learning","CategoryKey":"WebPartDefinition_Learning","Description":"Learning","ParentId":1,"OrdinalPosition":null},"Id":80},{"WebPartDefinitionKey":"LM_ActivityTypes","Title":"Browse By Activity Type","Description":"Display all Activity Types, can browse activities through selected Activity Type.","SubTitle":"Browse By Activity Type","WebPartIconName":null,"WidgetNotificationMode":0,"WidgetDeeplinkUrlText":"View All Activity Types","CategoryName":"Learning","IsWebPartEnabled":true,"TypeName":null,"WebPartServiceAgentInterfaceTypeName":"ILMWebPartContractAsync","WebPartDefinitionXml":null,"HideWebPartHeader":false,"HideWebPartFooter":false,"IsFreeFlowing":false,"PillarKey":"LM","ChromeStyle":7,"ParameterJSON":"{\"HeaderLinkIcon\": \"\", \"IsCustomEditor\": false, \"PreviewType\" : \"table\"}","TemplatePath":"app/modules/dashboard/views/webparts/widgetCatalogBrowseByActivityType.html","IsSystemLocked":false,"Category":{"Id":8,"Name":"Learning","CategoryKey":"WebPartDefinition_Learning","Description":"Learning","ParentId":1,"OrdinalPosition":null},"Id":81},{"WebPartDefinitionKey":"LM_PromotedCategories","Title":"Promoted Topics","Description":"This is a legacy widget. Please use “Promoted Library Topics” instead.","SubTitle":"Promoted Topics","WebPartIconName":null,"WidgetNotificationMode":0,"WidgetDeeplinkUrlText":"View All Topics","CategoryName":"Learning","IsWebPartEnabled":true,"TypeName":null,"WebPartServiceAgentInterfaceTypeName":"ILMWebPartContractAsync","WebPartDefinitionXml":null,"HideWebPartHeader":false,"HideWebPartFooter":false,"IsFreeFlowing":false,"PillarKey":"LM","ChromeStyle":7,"ParameterJSON":"{\"HeaderLinkIcon\": \"\", \"IsCustomEditor\": false, \"PreviewType\" : \"table\"}","TemplatePath":"app/modules/dashboard/views/webparts/widgetPromotedCategories.html","IsSystemLocked":false,"Category":{"Id":8,"Name":"Learning","CategoryKey":"WebPartDefinition_Learning","Description":"Learning","ParentId":1,"OrdinalPosition":null},"Id":82},{"WebPartDefinitionKey":"LM_Calendar","Title":"My Learning Schedule","Description":"Highlights schedule information in calendar.","SubTitle":null,"WebPartIconName":null,"WidgetNotificationMode":0,"WidgetDeeplinkUrlText":null,"CategoryName":"Learning","IsWebPartEnabled":true,"TypeName":"SumTotal.SPPortal.WebParts.Core.Learning.Calendar.Calendar, SumTotal.SPPortal.WebParts, Version=1.0.0.0, Culture=neutral, PublicKeyToken=6b7f90fbd13cce01","WebPartServiceAgentInterfaceTypeName":null,"WebPartDefinitionXml":null,"HideWebPartHeader":false,"HideWebPartFooter":true,"IsFreeFlowing":false,"PillarKey":"LM","ChromeStyle":7,"ParameterJSON":"{\"HeaderLinkIcon\": \"\", \"IsCustomEditor\": false, \"PreviewType\" : \"html\"}","TemplatePath":"app/modules/dashboard/views/webparts/widgetCalendar.html","IsSystemLocked":false,"Category":{"Id":8,"Name":"Learning","CategoryKey":"WebPartDefinition_Learning","Description":"Learning","ParentId":1,"OrdinalPosition":null},"Id":83},{"WebPartDefinitionKey":"LM_News","Title":"News","Description":"Displays the latest news.","SubTitle":"News","WebPartIconName":null,"WidgetNotificationMode":0,"WidgetDeeplinkUrlText":null,"CategoryName":"Learning","IsWebPartEnabled":true,"TypeName":null,"WebPartServiceAgentInterfaceTypeName":null,"WebPartDefinitionXml":null,"HideWebPartHeader":false,"HideWebPartFooter":false,"IsFreeFlowing":false,"PillarKey":"LM","ChromeStyle":7,"ParameterJSON":"{\"HeaderLinkIcon\": \"\", \"IsCustomEditor\": false, \"PreviewType\" : \"table\"}","TemplatePath":"app/modules/dashboard/views/webparts/widgetNews.html","IsSystemLocked":false,"Category":{"Id":8,"Name":"Learning","CategoryKey":"WebPartDefinition_Learning","Description":"Learning","ParentId":1,"OrdinalPosition":null},"Id":85},{"WebPartDefinitionKey":"LM_RecentPurchasedActivities","Title":"Recently Purchased Activities","Description":"Provides user with quick access to the five most recently purchased  activities.","SubTitle":"Recent purchases I have made","WebPartIconName":null,"WidgetNotificationMode":0,"WidgetDeeplinkUrlText":null,"CategoryName":"Learning","IsWebPartEnabled":true,"TypeName":null,"WebPartServiceAgentInterfaceTypeName":"ILMWebPartContractAsync","WebPartDefinitionXml":null,"HideWebPartHeader":false,"HideWebPartFooter":false,"IsFreeFlowing":false,"PillarKey":"LM","ChromeStyle":7,"ParameterJSON":"{\"HeaderLinkIcon\": \"\", \"IsCustomEditor\": false, \"PreviewType\" : \"table\"}","TemplatePath":"app/modules/dashboard/views/webparts/widgetLearningRecentlyPurchasedActivities.html","IsSystemLocked":false,"Category":{"Id":8,"Name":"Learning","CategoryKey":"WebPartDefinition_Learning","Description":"Learning","ParentId":1,"OrdinalPosition":null},"Id":87},{"WebPartDefinitionKey":"LM_ConfigurableWidget","Title":"Configurable Widget","Description":"Displays configured widget data","SubTitle":null,"WebPartIconName":null,"WidgetNotificationMode":0,"WidgetDeeplinkUrlText":null,"CategoryName":"Learning","IsWebPartEnabled":true,"TypeName":null,"WebPartServiceAgentInterfaceTypeName":"ILMWebPartContractAsync","WebPartDefinitionXml":null,"HideWebPartHeader":false,"HideWebPartFooter":false,"IsFreeFlowing":false,"PillarKey":"LM","ChromeStyle":7,"ParameterJSON":"{\"HeaderLinkIcon\": \"\", \"IsCustomEditor\": false, \"PreviewType\" : \"configCarouselDropDown\", \"Config\":{\"Name\":\"ConfigurableCarouselWidgetCodesDropDown\",\"DropDownData\":{\"SelectedKey\": null, \"AvailableOptions\": [{\"id\": \"0\", \"name\":\"Trending For Your Job\"}, {\"id\":\"1\", \"name\":\"Top Picks For You\"}, {\"id\":\"2\", \"name\":\"Top Rated\"}, {\"id\":\"3\", \"name\":\"Saved For Later\"}, {\"id\":\"4\", \"name\":\"Continue Learning\"}, {\"id\":\"5\", \"name\":\"Join Your Peers\"}, {\"id\":\"6\", \"name\":\"Training Recommended For Next Job\"}, {\"id\":\"7\", \"name\":\"Most Popular\"}]}}}","TemplatePath":"app/modules/dashboard/views/webparts/widgetConfigurableContent.html","IsSystemLocked":false,"Category":{"Id":8,"Name":"Learning","CategoryKey":"WebPartDefinition_Learning","Description":"Learning","ParentId":1,"OrdinalPosition":null},"Id":106},{"WebPartDefinitionKey":"LM_ConfigurableCarouselWidget","Title":"Configurable Carousel Widget","Description":"Displays configured widget data","SubTitle":null,"WebPartIconName":null,"WidgetNotificationMode":0,"WidgetDeeplinkUrlText":null,"CategoryName":"Learning","IsWebPartEnabled":true,"TypeName":null,"WebPartServiceAgentInterfaceTypeName":"ILMWebPartContractAsync","WebPartDefinitionXml":null,"HideWebPartHeader":false,"HideWebPartFooter":false,"IsFreeFlowing":false,"PillarKey":"LM","ChromeStyle":7,"ParameterJSON":"{\"HeaderLinkIcon\": \"\", \"IsCustomEditor\": false, \"PreviewType\" : \"configCarouselDropDown\", \"Config\":{\"Name\":\"ConfigurableCarouselWidgetCodesDropDown\",\"DropDownData\":{\"SelectedKey\": null, \"AvailableOptions\": [{\"id\": \"0\", \"name\":\"Trending For Your Job\"}, {\"id\":\"1\", \"name\":\"Top Picks For You\"}, {\"id\":\"2\", \"name\":\"Top Rated\"}, {\"id\":\"3\", \"name\":\"Saved For Later\"}, {\"id\":\"4\", \"name\":\"Continue Learning\"}, {\"id\":\"5\", \"name\":\"Join Your Peers\"}, {\"id\":\"6\", \"name\":\"Training Recommended For Next Job\"}, {\"id\":\"7\", \"name\":\"Most Popular\"}]}}}","TemplatePath":"app/modules/dashboard/views/webparts/widgetConfigurableCarouselContent.html","IsSystemLocked":false,"Category":{"Id":8,"Name":"Learning","CategoryKey":"WebPartDefinition_Learning","Description":"Learning","ParentId":1,"OrdinalPosition":null},"Id":107},{"WebPartDefinitionKey":"search_calendarView","Title":"Available Activities Calendar","Description":"Allows learners to browse available learning activity offerings in a calendar view.","SubTitle":"Available Activities Calendar","WebPartIconName":null,"WidgetNotificationMode":0,"WidgetDeeplinkUrlText":null,"CategoryName":"Learning","IsWebPartEnabled":true,"TypeName":null,"WebPartServiceAgentInterfaceTypeName":null,"WebPartDefinitionXml":null,"HideWebPartHeader":false,"HideWebPartFooter":false,"IsFreeFlowing":false,"PillarKey":"LM","ChromeStyle":7,"ParameterJSON":"{\"HeaderLinkIcon\": \"\", \"IsCustomEditor\": false, \"PreviewType\" : \"calendar\"}","TemplatePath":"app/modules/dashboard/views/searchWidgets/calendarView.html","IsSystemLocked":false,"Category":{"Id":8,"Name":"Learning","CategoryKey":"WebPartDefinition_Learning","Description":"Learning","ParentId":1,"OrdinalPosition":null},"Id":111},{"WebPartDefinitionKey":"LM_FavouritesCarousel","Title":"My Favorites","Description":"Supports quick access to content marked as a favorite by the user in a carousel.","SubTitle":"Activities, Categories, Collaboration Centers","WebPartIconName":null,"WidgetNotificationMode":1,"WidgetDeeplinkUrlText":"More...","CategoryName":"Learning","IsWebPartEnabled":true,"TypeName":"SumTotal.SPPortal.WebParts.Core.Learning.Favorites.Favorites, SumTotal.SPPortal.WebParts, Version=1.0.0.0, Culture=neutral, PublicKeyToken=6b7f90fbd13cce01","WebPartServiceAgentInterfaceTypeName":"ILMWebPartContractAsync","WebPartDefinitionXml":null,"HideWebPartHeader":false,"HideWebPartFooter":true,"IsFreeFlowing":false,"PillarKey":"LM","ChromeStyle":7,"ParameterJSON":"{\"HeaderLinkIcon\":\"\",\"IsCustomEditor\":false,\"PreviewType\":\"table\"}","TemplatePath":"app/modules/dashboard/views/webparts/widgetFavoritesCarousel.html","IsSystemLocked":false,"Category":{"Id":8,"Name":"Learning","CategoryKey":"WebPartDefinition_Learning","Description":"Learning","ParentId":1,"OrdinalPosition":null},"Id":112},{"WebPartDefinitionKey":"Common_SearchWidget","Title":"Search","Description":"Quick Search for Courses, Training, Videos, Books and Audiobooks","SubTitle":"Search for Courses, Training, Videos, Books and Audiobooks","WebPartIconName":null,"WidgetNotificationMode":0,"WidgetDeeplinkUrlText":null,"CategoryName":"Learning","IsWebPartEnabled":true,"TypeName":null,"WebPartServiceAgentInterfaceTypeName":null,"WebPartDefinitionXml":null,"HideWebPartHeader":true,"HideWebPartFooter":false,"IsFreeFlowing":false,"PillarKey":null,"ChromeStyle":6,"ParameterJSON":"{\"HeaderLinkIcon\":\"\",\"IsCustomEditor\":false,\"PreviewType\":\"table\"}","TemplatePath":"app/modules/dashboard/views/webparts/widgetEnterpriseSearch.html","IsSystemLocked":false,"Category":{"Id":8,"Name":"Learning","CategoryKey":"WebPartDefinition_Learning","Description":"Learning","ParentId":1,"OrdinalPosition":null},"Id":113},{"WebPartDefinitionKey":"LM_ResumeLearning","Title":"Resume Learning","Description":"Provides user with quick access to all recently launched non-completed training items.","SubTitle":"List of recently launched activities","WebPartIconName":null,"WidgetNotificationMode":0,"WidgetDeeplinkUrlText":"View All Recently Launched Activities","CategoryName":"Learning","IsWebPartEnabled":true,"TypeName":"SumTotal.SPPortal.WebParts.Core.Learning.RecentlyLaunched.RecentlyLaunched, SumTotal.SPPortal.WebParts, Version=1.0.0.0, Culture=neutral, PublicKeyToken=6b7f90fbd13cce01","WebPartServiceAgentInterfaceTypeName":"ILMWebPartContractAsync","WebPartDefinitionXml":null,"HideWebPartHeader":false,"HideWebPartFooter":true,"IsFreeFlowing":false,"PillarKey":"LM","ChromeStyle":7,"ParameterJSON":"{\"HeaderLinkIcon\":\"\",\"IsCustomEditor\":false,\"PreviewType\":\"table\"}","TemplatePath":"app/modules/dashboard/views/webparts/widgetRecentlyLaunchedActivitiesList.html","IsSystemLocked":false,"Category":{"Id":8,"Name":"Learning","CategoryKey":"WebPartDefinition_Learning","Description":"Learning","ParentId":1,"OrdinalPosition":null},"Id":114},{"WebPartDefinitionKey":"LM_RecommendedActivities","Title":"Recommended Activities","Description":"Displays recommended activities based on your interests, your required skills, and suggestions from others in your organization in a carousel.","SubTitle":null,"WebPartIconName":null,"WidgetNotificationMode":0,"WidgetDeeplinkUrlText":null,"CategoryName":"Learning","IsWebPartEnabled":true,"TypeName":null,"WebPartServiceAgentInterfaceTypeName":null,"WebPartDefinitionXml":null,"HideWebPartHeader":true,"HideWebPartFooter":true,"IsFreeFlowing":false,"PillarKey":"LM","ChromeStyle":6,"ParameterJSON":"{\"HeaderLinkIcon\":\"\",\"IsCustomEditor\":false,\"PreviewType\":\"table\"}","TemplatePath":"app/modules/dashboard/views/webparts/widgetRecommendedActivitiesCarousel.html","IsSystemLocked":false,"Category":{"Id":8,"Name":"Learning","CategoryKey":"WebPartDefinition_Learning","Description":"Learning","ParentId":1,"OrdinalPosition":null},"Id":115},{"WebPartDefinitionKey":"LM_PromotedActivities","Title":"Promoted Learning  Activities","Description":"Displays activities promoted by your organization.","SubTitle":null,"WebPartIconName":null,"WidgetNotificationMode":0,"WidgetDeeplinkUrlText":null,"CategoryName":"Learning","IsWebPartEnabled":true,"TypeName":"SumTotal.SPPortal.WebParts.Core.Learning.PromotedActivities.PromotedActivities, SumTotal.SPPortal.WebParts, Version=1.0.0.0, Culture=neutral, PublicKeyToken=6b7f90fbd13cce01","WebPartServiceAgentInterfaceTypeName":"ILMWebPartContractAsync","WebPartDefinitionXml":null,"HideWebPartHeader":false,"HideWebPartFooter":false,"IsFreeFlowing":false,"PillarKey":"LM","ChromeStyle":7,"ParameterJSON":"{\"HeaderLinkIcon\": \"\", \"IsCustomEditor\": false, \"PreviewType\" : \"configTextField\", \"Config\":{\"Name\":\"LearningActivityCodes\",\"Value\":\"\"}}","TemplatePath":"app/modules/dashboard/views/webparts/widgetPromotedActivitiesCarousel.html","IsSystemLocked":false,"Category":{"Id":8,"Name":"Learning","CategoryKey":"WebPartDefinition_Learning","Description":"Learning","ParentId":1,"OrdinalPosition":null},"Id":118},{"WebPartDefinitionKey":"LM_PromotedLibraryTopics","Title":"Promoted Library  Topics","Description":"Displays Library topics promoted by your organization.","SubTitle":null,"WebPartIconName":null,"WidgetNotificationMode":0,"WidgetDeeplinkUrlText":"View All Topics","CategoryName":"Learning","IsWebPartEnabled":true,"TypeName":null,"WebPartServiceAgentInterfaceTypeName":"ILMWebPartContractAsync","WebPartDefinitionXml":null,"HideWebPartHeader":false,"HideWebPartFooter":false,"IsFreeFlowing":false,"PillarKey":"LM","ChromeStyle":7,"ParameterJSON":"{\"HeaderLinkIcon\": \"\", \"IsCustomEditor\": false, \"PreviewType\" : \"table\", \"MaxCount\":20}","TemplatePath":"app/modules/dashboard/views/webparts/widgetPromotedCategoriesCarousel.html","IsSystemLocked":false,"Category":{"Id":8,"Name":"Learning","CategoryKey":"WebPartDefinition_Learning","Description":"Learning","ParentId":1,"OrdinalPosition":null},"Id":119},{"WebPartDefinitionKey":"LM_LearnerAssignmentCarousel","Title":"My Learning Assignments","Description":"Provides quick access to the user's current learning assignments.","SubTitle":"Assignments and duties awaiting completion","WebPartIconName":null,"WidgetNotificationMode":1,"WidgetDeeplinkUrlText":"View All Assignments","CategoryName":"Learning","IsWebPartEnabled":true,"TypeName":"SumTotal.SPPortal.WebParts.Core.Learning.LearningAssignments.LearningAssignments, SumTotal.SPPortal.WebParts, Version=1.0.0.0, Culture=neutral, PublicKeyToken=6b7f90fbd13cce01","WebPartServiceAgentInterfaceTypeName":"ILMWebPartContractAsync","WebPartDefinitionXml":null,"HideWebPartHeader":false,"HideWebPartFooter":true,"IsFreeFlowing":false,"PillarKey":"LM","ChromeStyle":7,"ParameterJSON":"{\"HeaderLinkIcon\": \"\", \"IsCustomEditor\": false, \"PreviewType\" : \"table\", \"MaxCount\":20, \"isCarousel\": true, \"noScroll\" : true}","TemplatePath":"app/modules/dashboard/views/webparts/widgetLearningAssignmentsCarousel.html","IsSystemLocked":false,"Category":{"Id":8,"Name":"Learning","CategoryKey":"WebPartDefinition_Learning","Description":"Learning","ParentId":1,"OrdinalPosition":null},"Id":120},{"WebPartDefinitionKey":"LM_InterestBasedActivities","Title":"My Interests","Description":"Displays interest-based activities. Place at the bottom of the page as max of 10 interests will force scrolling.","SubTitle":null,"WebPartIconName":null,"WidgetNotificationMode":0,"WidgetDeeplinkUrlText":null,"CategoryName":"Learning","IsWebPartEnabled":true,"TypeName":null,"WebPartServiceAgentInterfaceTypeName":null,"WebPartDefinitionXml":null,"HideWebPartHeader":true,"HideWebPartFooter":true,"IsFreeFlowing":false,"PillarKey":"LM","ChromeStyle":6,"ParameterJSON":"{\"HeaderLinkIcon\": \"\", \"IsCustomEditor\": false, \"PreviewType\" : \"table\", \"numOfInterests\" : 10, \"numOfRecommPerInterest\" : 20, \"ShowAdaptiveHeight\" : true, \"AdaptiveHeight\" : true, \"noScroll\" : true}","TemplatePath":"app/modules/dashboard/views/webparts/widgetInterestBasedActivities.html","IsSystemLocked":false,"Category":{"Id":8,"Name":"Learning","CategoryKey":"WebPartDefinition_Learning","Description":"Learning","ParentId":1,"OrdinalPosition":null},"Id":121}]},{"Category":{"Id":11,"Name":"Social","CategoryKey":"WebPartDefinition_Social","Description":"Social","ParentId":1,"OrdinalPosition":null},"Definitions":[{"WebPartDefinitionKey":"LM_MyCommunities","Title":"My Communities","Description":"Recent posts for the communities which the logged in user is a member, supported by an option to view all updates.","SubTitle":"Favorite discussion forums","WebPartIconName":null,"WidgetNotificationMode":1,"WidgetDeeplinkUrlText":"View All Communities","CategoryName":"Social","IsWebPartEnabled":true,"TypeName":"SumTotal.SPPortal.WebParts.Core.Social.MyCommunities.MyCommunities, SumTotal.SPPortal.WebParts, Version=1.0.0.0, Culture=neutral, PublicKeyToken=6b7f90fbd13cce01","WebPartServiceAgentInterfaceTypeName":"ILMWebPartContractAsync","WebPartDefinitionXml":null,"HideWebPartHeader":false,"HideWebPartFooter":true,"IsFreeFlowing":false,"PillarKey":"LM","ChromeStyle":7,"ParameterJSON":"{\"HeaderLinkIcon\": \"\", \"IsCustomEditor\": false, \"PreviewType\" : \"table\"}","TemplatePath":"app/modules/dashboard/views/webparts/widgetMyCommunities.html","IsSystemLocked":false,"Category":{"Id":11,"Name":"Social","CategoryKey":"WebPartDefinition_Social","Description":"Social","ParentId":1,"OrdinalPosition":null},"Id":5},{"WebPartDefinitionKey":"LM_CommunityUpdates","Title":"Community Updates","Description":"Highlights recent community posts with an option to view all community updates.","SubTitle":"Updated discussion forums  ","WebPartIconName":null,"WidgetNotificationMode":1,"WidgetDeeplinkUrlText":"View All Updates","CategoryName":"Social","IsWebPartEnabled":true,"TypeName":"SumTotal.SPPortal.WebParts.Core.Social.CommunityUpdates.CommunityUpdates, SumTotal.SPPortal.WebParts, Version=1.0.0.0, Culture=neutral, PublicKeyToken=6b7f90fbd13cce01","WebPartServiceAgentInterfaceTypeName":"ILMWebPartContractAsync","WebPartDefinitionXml":null,"HideWebPartHeader":false,"HideWebPartFooter":true,"IsFreeFlowing":false,"PillarKey":"LM","ChromeStyle":7,"ParameterJSON":"{\"HeaderLinkIcon\": \"\", \"IsCustomEditor\": false, \"PreviewType\" : \"table\"}","TemplatePath":"app/modules/dashboard/views/webparts/widgetCommunityUpdates.html","IsSystemLocked":false,"Category":{"Id":11,"Name":"Social","CategoryKey":"WebPartDefinition_Social","Description":"Social","ParentId":1,"OrdinalPosition":null},"Id":11},{"WebPartDefinitionKey":"SocialGroups","Title":"Social Groups","Description":"View all Social groups, manage your Social groups, and post messages.","SubTitle":"Social Groups","WebPartIconName":null,"WidgetNotificationMode":0,"WidgetDeeplinkUrlText":null,"CategoryName":"Social","IsWebPartEnabled":true,"TypeName":null,"WebPartServiceAgentInterfaceTypeName":null,"WebPartDefinitionXml":null,"HideWebPartHeader":false,"HideWebPartFooter":false,"IsFreeFlowing":false,"PillarKey":null,"ChromeStyle":7,"ParameterJSON":"{\"HeaderLinkIcon\": \"\", \"IsCustomEditor\": false, \"PreviewType\" : \"table\"}","TemplatePath":"app/modules/dashboard/views/webparts/widgetSocial.html","IsSystemLocked":false,"Category":{"Id":11,"Name":"Social","CategoryKey":"WebPartDefinition_Social","Description":"Social","ParentId":1,"OrdinalPosition":null},"Id":98},{"WebPartDefinitionKey":"SocialMyFeed","Title":"My Feed","Description":"View and make updates to your Social feed, including groups for which you are a member and public groups.","SubTitle":"My Feed","WebPartIconName":null,"WidgetNotificationMode":0,"WidgetDeeplinkUrlText":null,"CategoryName":"Social","IsWebPartEnabled":true,"TypeName":null,"WebPartServiceAgentInterfaceTypeName":null,"WebPartDefinitionXml":null,"HideWebPartHeader":false,"HideWebPartFooter":false,"IsFreeFlowing":false,"PillarKey":null,"ChromeStyle":7,"ParameterJSON":"{\"HeaderLinkIcon\": \"\", \"IsCustomEditor\": false, \"PreviewType\" : \"table\"}","TemplatePath":"app/modules/dashboard/views/webparts/widgetSocialMyFeed.html","IsSystemLocked":false,"Category":{"Id":11,"Name":"Social","CategoryKey":"WebPartDefinition_Social","Description":"Social","ParentId":1,"OrdinalPosition":null},"Id":99},{"WebPartDefinitionKey":"Social_MyCommunities","Title":"My Social Communities","Description":"Displays social communities that I am a member of","SubTitle":null,"WebPartIconName":null,"WidgetNotificationMode":1,"WidgetDeeplinkUrlText":"View All","CategoryName":"Social","IsWebPartEnabled":true,"TypeName":null,"WebPartServiceAgentInterfaceTypeName":null,"WebPartDefinitionXml":null,"HideWebPartHeader":false,"HideWebPartFooter":false,"IsFreeFlowing":false,"PillarKey":"ELIXHRUI","ChromeStyle":7,"ParameterJSON":"{\"HeaderLinkIcon\":\"\",\"IsCustomEditor\":false,\"PreviewType\":\"table\"}","TemplatePath":"app/modules/dashboard/views/webparts/widgetSocialMyCommunities.html","IsSystemLocked":false,"Category":{"Id":11,"Name":"Social","CategoryKey":"WebPartDefinition_Social","Description":"Social","ParentId":1,"OrdinalPosition":null},"Id":116},{"WebPartDefinitionKey":"Social_CommunityFeed","Title":"My Social Community Feed","Description":"Displays the social activities of communities I am a member of","SubTitle":null,"WebPartIconName":null,"WidgetNotificationMode":1,"WidgetDeeplinkUrlText":"View All","CategoryName":"Social","IsWebPartEnabled":true,"TypeName":null,"WebPartServiceAgentInterfaceTypeName":null,"WebPartDefinitionXml":null,"HideWebPartHeader":false,"HideWebPartFooter":false,"IsFreeFlowing":false,"PillarKey":"ELIXHRUI","ChromeStyle":7,"ParameterJSON":"{\"HeaderLinkIcon\":\"\",\"IsCustomEditor\":false,\"PreviewType\":\"table\"}","TemplatePath":"app/modules/dashboard/views/webparts/widgetSocialCommunityFeed.html","IsSystemLocked":false,"Category":{"Id":11,"Name":"Social","CategoryKey":"WebPartDefinition_Social","Description":"Social","ParentId":1,"OrdinalPosition":null},"Id":117}]},{"Category":{"Id":6,"Name":"Talent","CategoryKey":"WebPartDefinition_Talent","Description":"Talent","ParentId":1,"OrdinalPosition":null},"Definitions":[{"WebPartDefinitionKey":"TM_MyProcesses","Title":"My Processes","Description":"Displays status of active processes and supports linking to the process details.","SubTitle":"My assessments and reviews","WebPartIconName":null,"WidgetNotificationMode":0,"WidgetDeeplinkUrlText":"View All Processes","CategoryName":"Talent","IsWebPartEnabled":true,"TypeName":"SumTotal.SPPortal.WebParts.Core.TM.MyProcesses.MyProcesses, SumTotal.SPPortal.WebParts, Version=1.0.0.0, Culture=neutral, PublicKeyToken=6b7f90fbd13cce01","WebPartServiceAgentInterfaceTypeName":"ITMWebPartContractAsync","WebPartDefinitionXml":null,"HideWebPartHeader":false,"HideWebPartFooter":true,"IsFreeFlowing":false,"PillarKey":"TM","ChromeStyle":7,"ParameterJSON":"{\"HeaderLinkIcon\": \"\", \"IsCustomEditor\": false, \"PreviewType\" : \"table\"}","TemplatePath":"app/modules/dashboard/views/webparts/widgetMyProcess.html","IsSystemLocked":false,"Category":{"Id":6,"Name":"Talent","CategoryKey":"WebPartDefinition_Talent","Description":"Talent","ParentId":1,"OrdinalPosition":null},"Id":44},{"WebPartDefinitionKey":"TM_MyTeamProcesses","Title":"My Team - Process List","Description":"Highlights how many direct reports a manager has active within Talent processes.  Users can drill to specific processes.","SubTitle":"Assessments and reviews within my team","WebPartIconName":null,"WidgetNotificationMode":0,"WidgetDeeplinkUrlText":"View All Team Processes","CategoryName":"Talent","IsWebPartEnabled":true,"TypeName":"SumTotal.SPPortal.WebParts.Core.TM.MyTeamProcesses.MyTeamProcesses, SumTotal.SPPortal.WebParts, Version=1.0.0.0, Culture=neutral, PublicKeyToken=6b7f90fbd13cce01","WebPartServiceAgentInterfaceTypeName":"ITMWebPartContractAsync","WebPartDefinitionXml":null,"HideWebPartHeader":false,"HideWebPartFooter":true,"IsFreeFlowing":false,"PillarKey":"TM","ChromeStyle":7,"ParameterJSON":"{\"HeaderLinkIcon\": \"\", \"IsCustomEditor\": false, \"PreviewType\" : \"table\"}","TemplatePath":"app/modules/dashboard/views/webparts/widgetProcessList.html","IsSystemLocked":false,"Category":{"Id":6,"Name":"Talent","CategoryKey":"WebPartDefinition_Talent","Description":"Talent","ParentId":1,"OrdinalPosition":null},"Id":45},{"WebPartDefinitionKey":"TM_MyTeamGoals","Title":"My Team - Goal Summary","Description":"Lists approved goals for direct reports, highlighting due date, progress, and organizational alignment.","SubTitle":"Results of team goals and accomplishments","WebPartIconName":null,"WidgetNotificationMode":0,"WidgetDeeplinkUrlText":"View All My Team Goals","CategoryName":"Talent","IsWebPartEnabled":true,"TypeName":"SumTotal.SPPortal.WebParts.Core.TM.MyTeamGoals.MyTeamGoals, SumTotal.SPPortal.WebParts, Version=1.0.0.0, Culture=neutral, PublicKeyToken=6b7f90fbd13cce01","WebPartServiceAgentInterfaceTypeName":"ITMWebPartContractAsync","WebPartDefinitionXml":null,"HideWebPartHeader":false,"HideWebPartFooter":true,"IsFreeFlowing":false,"PillarKey":"TM","ChromeStyle":7,"ParameterJSON":"{\"HeaderLinkIcon\": \"\", \"IsCustomEditor\": false, \"ChartConfig\":{\"columnMap\":[\"value\"], \"barType\":\"bar\", \"ChartLabelColumn\":\"dataName\"}, \"PreviewType\":\"barChart\"}","TemplatePath":"app/modules/dashboard/views/webparts/widgetMyTeamGoalSummary.html","IsSystemLocked":false,"Category":{"Id":6,"Name":"Talent","CategoryKey":"WebPartDefinition_Talent","Description":"Talent","ParentId":1,"OrdinalPosition":null},"Id":46},{"WebPartDefinitionKey":"TM_MyTeamPerformanceRatingDistribution","Title":"Performance Bell Curve (Manager)","Description":"Organizes direct reports based on their ratings against organizational targeted values.","SubTitle":"Results of team performance reviews","WebPartIconName":null,"WidgetNotificationMode":0,"WidgetDeeplinkUrlText":null,"CategoryName":"Talent","IsWebPartEnabled":true,"TypeName":"SumTotal.SPPortal.WebParts.Core.TM.MyTeamPRD.MyTeamPRD, SumTotal.SPPortal.WebParts, Version=1.0.0.0, Culture=neutral, PublicKeyToken=6b7f90fbd13cce01","WebPartServiceAgentInterfaceTypeName":"ITMWebPartContractAsync","WebPartDefinitionXml":null,"HideWebPartHeader":false,"HideWebPartFooter":true,"IsFreeFlowing":false,"PillarKey":"TM","ChromeStyle":7,"ParameterJSON":"{\"HeaderLinkIcon\": \"\", \"IsCustomEditor\": false, \"ChartConfig\":{\"columnMap\":[\"itemName\", \"count\", \"target\"]}, \"PreviewType\":\"bellChart\"}","TemplatePath":"app/modules/dashboard/views/webparts/widgetRatingDistribution.html","IsSystemLocked":false,"Category":{"Id":6,"Name":"Talent","CategoryKey":"WebPartDefinition_Talent","Description":"Talent","ParentId":1,"OrdinalPosition":null},"Id":47},{"WebPartDefinitionKey":"TM_MyTeamGoalsDetail","Title":"My Team Goals","Description":"Displays all goals and current status for direct reports.","SubTitle":"Detailed information about my team's goals","WebPartIconName":null,"WidgetNotificationMode":0,"WidgetDeeplinkUrlText":"View all my team goals","CategoryName":"Talent","IsWebPartEnabled":true,"TypeName":"SumTotal.SPPortal.WebParts.Core.TM.MyTeamGoalsDetail.MyTeamGoalsDetail, SumTotal.SPPortal.WebParts, Version=1.0.0.0, Culture=neutral, PublicKeyToken=6b7f90fbd13cce01","WebPartServiceAgentInterfaceTypeName":"ITMWebPartContractAsync","WebPartDefinitionXml":null,"HideWebPartHeader":false,"HideWebPartFooter":true,"IsFreeFlowing":false,"PillarKey":"TM","ChromeStyle":7,"ParameterJSON":"{\"HeaderLinkIcon\": \"\", \"IsCustomEditor\": false, \"PreviewType\" : \"table\"}","TemplatePath":"app/modules/dashboard/views/webparts/widgetMyTeamGoals.html","IsSystemLocked":false,"Category":{"Id":6,"Name":"Talent","CategoryKey":"WebPartDefinition_Talent","Description":"Talent","ParentId":1,"OrdinalPosition":null},"Id":48},{"WebPartDefinitionKey":"TM_MyTeamPerformanceProgress","Title":"Team Performance Progress","Description":"Highlights progress against performance processes for direct reports.","SubTitle":"Displays performance processes and the number of employees on each step.","WebPartIconName":null,"WidgetNotificationMode":0,"WidgetDeeplinkUrlText":"Team Completion Report","CategoryName":"Talent","IsWebPartEnabled":true,"TypeName":"SumTotal.SPPortal.WebParts.Core.TM.MyTeamPerfProg.MyTeamPerfProg, SumTotal.SPPortal.WebParts, Version=1.0.0.0, Culture=neutral, PublicKeyToken=6b7f90fbd13cce01","WebPartServiceAgentInterfaceTypeName":"ITMWebPartContractAsync","WebPartDefinitionXml":null,"HideWebPartHeader":false,"HideWebPartFooter":true,"IsFreeFlowing":false,"PillarKey":"TM","ChromeStyle":7,"ParameterJSON":"{\"HeaderLinkIcon\": \"\", \"IsCustomEditor\": false, \"PreviewType\" : \"table\"}","TemplatePath":"app/modules/dashboard/views/webparts/widgetTeamPerformanceProgress.html","IsSystemLocked":false,"Category":{"Id":6,"Name":"Talent","CategoryKey":"WebPartDefinition_Talent","Description":"Talent","ParentId":1,"OrdinalPosition":null},"Id":49},{"WebPartDefinitionKey":"TM_Top5TeamStrengths","Title":"Top 5 Team Strengths","Description":"Identifies team strengths by highlighting average scores of the five highest scored competencies of direct reports.","SubTitle":"Competency Strengths for Your Team","WebPartIconName":null,"WidgetNotificationMode":0,"WidgetDeeplinkUrlText":null,"CategoryName":"Talent","IsWebPartEnabled":true,"TypeName":"SumTotal.SPPortal.WebParts.Core.Performance.Top5TeamStrengths.Top5TeamStrengths, SumTotal.SPPortal.WebParts, Version=1.0.0.0, Culture=neutral, PublicKeyToken=6b7f90fbd13cce01","WebPartServiceAgentInterfaceTypeName":"IPerformanceWebPartContractAsync","WebPartDefinitionXml":null,"HideWebPartHeader":false,"HideWebPartFooter":true,"IsFreeFlowing":false,"PillarKey":"TM","ChromeStyle":7,"ParameterJSON":"{\"HeaderLinkIcon\": \"\", \"IsCustomEditor\": false, \"ChartConfig\":{\"columnMap\":[\"value\"], \"barType\":\"bar\", \"ChartLabelColumn\":\"dataName\"}, \"PreviewType\":\"barChart\"}","TemplatePath":"app/modules/dashboard/views/webparts/widgetTop5TeamStrengths.html","IsSystemLocked":false,"Category":{"Id":6,"Name":"Talent","CategoryKey":"WebPartDefinition_Talent","Description":"Talent","ParentId":1,"OrdinalPosition":null},"Id":50},{"WebPartDefinitionKey":"TM_MyTeamSuccessionStatus","Title":"Team Succession Status","Description":"Provides readiness metrics for direct reports being groomed as successors.","SubTitle":"Succession Information for Your Team","WebPartIconName":null,"WidgetNotificationMode":0,"WidgetDeeplinkUrlText":"View Succession Dashboard","CategoryName":"Talent","IsWebPartEnabled":true,"TypeName":"SumTotal.SPPortal.WebParts.Core.Succession.TeamSuccessionStatus.TeamSuccessionStatus, SumTotal.SPPortal.WebParts, Version=1.0.0.0, Culture=neutral, PublicKeyToken=6b7f90fbd13cce01","WebPartServiceAgentInterfaceTypeName":"ISuccessionWebPartContractAsync","WebPartDefinitionXml":null,"HideWebPartHeader":false,"HideWebPartFooter":true,"IsFreeFlowing":false,"PillarKey":"TM","ChromeStyle":7,"ParameterJSON":"{\"HeaderLinkIcon\": \"\", \"IsCustomEditor\": false, \"ChartConfig\":{\"IsStacked\": true,\"columnMap\":[\"lowBenchStrength\", \"mediumBenchStrength\", \"highBenchStrength\"],\"ChartLabelColumn\":\"name\"},\"PreviewType\":\"barChart\"}","TemplatePath":"app/modules/dashboard/views/webparts/widgetTeamSuccessionStatus.html","IsSystemLocked":false,"Category":{"Id":6,"Name":"Talent","CategoryKey":"WebPartDefinition_Talent","Description":"Talent","ParentId":1,"OrdinalPosition":null},"Id":51},{"WebPartDefinitionKey":"TM_Top5TeamWeaknesses","Title":"Top 5 Team Weaknesses","Description":"Identifies team weaknesses by highlighting average scores of the five lowest scored competencies of direct reports.","SubTitle":"Team Development Opportunities","WebPartIconName":null,"WidgetNotificationMode":0,"WidgetDeeplinkUrlText":null,"CategoryName":"Talent","IsWebPartEnabled":true,"TypeName":"SumTotal.SPPortal.WebParts.Core.Performance.Top5TeamWeaknesses.Top5TeamWeaknesses, SumTotal.SPPortal.WebParts, Version=1.0.0.0, Culture=neutral, PublicKeyToken=6b7f90fbd13cce01","WebPartServiceAgentInterfaceTypeName":"IPerformanceWebPartContractAsync","WebPartDefinitionXml":null,"HideWebPartHeader":false,"HideWebPartFooter":true,"IsFreeFlowing":false,"PillarKey":"TM","ChromeStyle":7,"ParameterJSON":"{\"HeaderLinkIcon\": \"\", \"IsCustomEditor\": false, \"ChartConfig\":{\"columnMap\":[\"value\"], \"barType\":\"bar\", \"ChartLabelColumn\":\"dataName\"},\"PreviewType\":\"barChart\"}","TemplatePath":"app/modules/dashboard/views/webparts/widgetTop5TeamWeaknesses.html","IsSystemLocked":false,"Category":{"Id":6,"Name":"Talent","CategoryKey":"WebPartDefinition_Talent","Description":"Talent","ParentId":1,"OrdinalPosition":null},"Id":52},{"WebPartDefinitionKey":"TM_TeamRetentionRisk","Title":"Team Retention Risk","Description":"Highlights potential retention risks related to a manager's team.","SubTitle":"Flight Risks for Your Team","WebPartIconName":null,"WidgetNotificationMode":0,"WidgetDeeplinkUrlText":"View Succession Dashboard","CategoryName":"Talent","IsWebPartEnabled":true,"TypeName":"SumTotal.SPPortal.WebParts.Core.Succession.TeamRetentionRisk.TeamRetentionRisk, SumTotal.SPPortal.WebParts, Version=1.0.0.0, Culture=neutral, PublicKeyToken=6b7f90fbd13cce01","WebPartServiceAgentInterfaceTypeName":"ISuccessionWebPartContractAsync","WebPartDefinitionXml":null,"HideWebPartHeader":false,"HideWebPartFooter":true,"IsFreeFlowing":false,"PillarKey":"TM","ChromeStyle":7,"ParameterJSON":"{\"HeaderLinkIcon\": \"\", \"IsCustomEditor\": false, \"ChartConfig\":{\"columnMap\":[\"employees\"], \"barType\":\"bar\", \"ChartLabelColumn\":\"name\"},\"PreviewType\":\"barChart\"}","TemplatePath":"app/modules/dashboard/views/webparts/widgetTeamRetentionRisk.html","IsSystemLocked":false,"Category":{"Id":6,"Name":"Talent","CategoryKey":"WebPartDefinition_Talent","Description":"Talent","ParentId":1,"OrdinalPosition":null},"Id":53},{"WebPartDefinitionKey":"TM_MyTeamDevelopmentStatus","Title":"Team Development Status","Description":"Displays direct report development goals and highlights where manager mentoring may be required.","SubTitle":"Development Status for Your Team","WebPartIconName":null,"WidgetNotificationMode":0,"WidgetDeeplinkUrlText":null,"CategoryName":"Talent","IsWebPartEnabled":true,"TypeName":"SumTotal.SPPortal.WebParts.Core.Performance.TeamDevelopmentStatus.TeamDevelopmentStatus, SumTotal.SPPortal.WebParts, Version=1.0.0.0, Culture=neutral, PublicKeyToken=6b7f90fbd13cce01","WebPartServiceAgentInterfaceTypeName":"IPerformanceWebPartContractAsync","WebPartDefinitionXml":null,"HideWebPartHeader":false,"HideWebPartFooter":true,"IsFreeFlowing":false,"PillarKey":"TM","ChromeStyle":7,"ParameterJSON":"{\"HeaderLinkIcon\": \"\", \"IsCustomEditor\": false, \"ChartConfig\":{\"columnMap\":[\"employees\"], \"barType\":\"bar\", \"ChartLabelColumn\":\"name\"},\"PreviewType\":\"barChart\"}","TemplatePath":"app/modules/dashboard/views/webparts/widgetTeamDevelopmentStatus.html","IsSystemLocked":false,"Category":{"Id":6,"Name":"Talent","CategoryKey":"WebPartDefinition_Talent","Description":"Talent","ParentId":1,"OrdinalPosition":null},"Id":54},{"WebPartDefinitionKey":"TM_BudgetSummary","Title":"Budget Summary","Description":"Displays  budget spend percentages for compensation processes.","SubTitle":"Information About Compensation Budgets","WebPartIconName":null,"WidgetNotificationMode":0,"WidgetDeeplinkUrlText":null,"CategoryName":"Talent","IsWebPartEnabled":true,"TypeName":"SumTotal.SPPortal.WebParts.Core.Compensation.BudgetSummary.BudgetSummary, SumTotal.SPPortal.WebParts, Version=1.0.0.0, Culture=neutral, PublicKeyToken=6b7f90fbd13cce01","WebPartServiceAgentInterfaceTypeName":"ICompensationWebPartContractAsync","WebPartDefinitionXml":null,"HideWebPartHeader":false,"HideWebPartFooter":true,"IsFreeFlowing":false,"PillarKey":"TM","ChromeStyle":7,"ParameterJSON":"{\"HeaderLinkIcon\": \"\", \"IsCustomEditor\": false, \"ChartConfig\":{\"columnMap\":[\"spent\"], \"barType\":\"bar\", \"ChartLabelColumn\":\"name\"},\"PreviewType\":\"barChart\"}","TemplatePath":"app/modules/dashboard/views/webparts/widgetBudgetSummary.html","IsSystemLocked":false,"Category":{"Id":6,"Name":"Talent","CategoryKey":"WebPartDefinition_Talent","Description":"Talent","ParentId":1,"OrdinalPosition":null},"Id":55},{"WebPartDefinitionKey":"HRMS_Demographics","Title":"HR Management Demographics","Description":"Displays basic personal information of the current user.","SubTitle":"Get HRMS demographics of current user","WebPartIconName":null,"WidgetNotificationMode":0,"WidgetDeeplinkUrlText":null,"CategoryName":"Talent","IsWebPartEnabled":true,"TypeName":"SumTotal.SPPortal.WebParts.Core.HRMS.HRMSDemographics.HRMSDemographics, SumTotal.SPPortal.WebParts, Version=1.0.0.0, Culture=neutral, PublicKeyToken=6b7f90fbd13cce01","WebPartServiceAgentInterfaceTypeName":"IHRMSWebPartContractAsync","WebPartDefinitionXml":null,"HideWebPartHeader":false,"HideWebPartFooter":true,"IsFreeFlowing":false,"PillarKey":"TM","ChromeStyle":7,"ParameterJSON":"{\"HeaderLinkIcon\":\"\",\"IsCustomEditor\":false,\"PreviewType\":\"table\"}","TemplatePath":"app/modules/dashboard/views/webparts/widgetHRMSDemographics.html","IsSystemLocked":false,"Category":{"Id":6,"Name":"Talent","CategoryKey":"WebPartDefinition_Talent","Description":"Talent","ParentId":1,"OrdinalPosition":null},"Id":56},{"WebPartDefinitionKey":"HRMS_AddrInfo","Title":"HR Management Address Information","Description":"Displays address information of current user","SubTitle":"Get address information of current user","WebPartIconName":null,"WidgetNotificationMode":0,"WidgetDeeplinkUrlText":null,"CategoryName":"Talent","IsWebPartEnabled":true,"TypeName":"SumTotal.SPPortal.WebParts.Core.HRMS.HRMSAddrInfo.HRMSAddrInfo, SumTotal.SPPortal.WebParts, Version=1.0.0.0, Culture=neutral, PublicKeyToken=6b7f90fbd13cce01","WebPartServiceAgentInterfaceTypeName":"IHRMSWebPartContractAsync","WebPartDefinitionXml":null,"HideWebPartHeader":false,"HideWebPartFooter":true,"IsFreeFlowing":false,"PillarKey":"TM","ChromeStyle":7,"ParameterJSON":"{\"HeaderLinkIcon\":\"\",\"IsCustomEditor\":false,\"PreviewType\":\"table\"}","TemplatePath":"app/modules/dashboard/views/webparts/widgetHRMSAddressInfo.html","IsSystemLocked":false,"Category":{"Id":6,"Name":"Talent","CategoryKey":"WebPartDefinition_Talent","Description":"Talent","ParentId":1,"OrdinalPosition":null},"Id":57},{"WebPartDefinitionKey":"TM_MyFeedbacks","Title":"My Feedback","Description":"Displays feedbacks provided to user.","SubTitle":"My Feedbacks","WebPartIconName":null,"WidgetNotificationMode":0,"WidgetDeeplinkUrlText":null,"CategoryName":"Talent","IsWebPartEnabled":true,"TypeName":null,"WebPartServiceAgentInterfaceTypeName":null,"WebPartDefinitionXml":null,"HideWebPartHeader":false,"HideWebPartFooter":true,"IsFreeFlowing":false,"PillarKey":"TM","ChromeStyle":7,"ParameterJSON":"{\"HeaderLinkIcon\": \"\", \"IsCustomEditor\": false, \"PreviewType\" : \"configMyFeedback\", \"Config\":{\"NumberOfComments\": \"5\", \"ShowCompetencies\": true, \"ShowGoals\": true}}","TemplatePath":"app/modules/core/views/continuousfeedback/LandingPage.html","IsSystemLocked":false,"Category":{"Id":6,"Name":"Talent","CategoryKey":"WebPartDefinition_Talent","Description":"Talent","ParentId":1,"OrdinalPosition":null},"Id":91},{"WebPartDefinitionKey":"Continuous_Review","Title":"My Team Feedback","Description":"Displays FeedBack Data For Direct Reportees","SubTitle":"My Team Feedback","WebPartIconName":null,"WidgetNotificationMode":0,"WidgetDeeplinkUrlText":null,"CategoryName":"Talent","IsWebPartEnabled":true,"TypeName":null,"WebPartServiceAgentInterfaceTypeName":null,"WebPartDefinitionXml":null,"HideWebPartHeader":false,"HideWebPartFooter":false,"IsFreeFlowing":false,"PillarKey":"TM","ChromeStyle":7,"ParameterJSON":"{\"HeaderLinkIcon\": \"\", \"IsCustomEditor\": false, \"PreviewType\" : \"table\"}","TemplatePath":"app/modules/dashboard/views/webparts/continuousReviewDashboard.html","IsSystemLocked":false,"Category":{"Id":6,"Name":"Talent","CategoryKey":"WebPartDefinition_Talent","Description":"Talent","ParentId":1,"OrdinalPosition":null},"Id":92},{"WebPartDefinitionKey":"Rec_Application_Status","Title":"Application Status","Description":"Track your job applications. You can view your application, check your fit for the job (based on how well your resume matches job requirements), or withdraw your application.","SubTitle":"Requisition Application Status","WebPartIconName":null,"WidgetNotificationMode":0,"WidgetDeeplinkUrlText":null,"CategoryName":"Talent","IsWebPartEnabled":true,"TypeName":null,"WebPartServiceAgentInterfaceTypeName":null,"WebPartDefinitionXml":null,"HideWebPartHeader":false,"HideWebPartFooter":false,"IsFreeFlowing":false,"PillarKey":null,"ChromeStyle":7,"ParameterJSON":"{\"HeaderLinkIcon\": \"\", \"IsCustomEditor\": false, \"PreviewType\" : \"table\"}","TemplatePath":"app/modules/dashboard/views/webparts/widgetApplicationStatus.html","IsSystemLocked":false,"Category":{"Id":6,"Name":"Talent","CategoryKey":"WebPartDefinition_Talent","Description":"Talent","ParentId":1,"OrdinalPosition":null},"Id":103},{"WebPartDefinitionKey":"Rec_Fav_Jobs","Title":"Favorite Jobs","Description":"Keep track of your favorite jobs. You can apply for these jobs if they are still accepting applications.","SubTitle":"Requisition Favorite Jobs","WebPartIconName":null,"WidgetNotificationMode":0,"WidgetDeeplinkUrlText":null,"CategoryName":"Talent","IsWebPartEnabled":true,"TypeName":null,"WebPartServiceAgentInterfaceTypeName":null,"WebPartDefinitionXml":null,"HideWebPartHeader":false,"HideWebPartFooter":false,"IsFreeFlowing":false,"PillarKey":null,"ChromeStyle":7,"ParameterJSON":"{\"HeaderLinkIcon\": \"\", \"IsCustomEditor\": false, \"PreviewType\" : \"table\"}","TemplatePath":"app/modules/dashboard/views/webparts/widgetFavoriteJobs.html","IsSystemLocked":false,"Category":{"Id":6,"Name":"Talent","CategoryKey":"WebPartDefinition_Talent","Description":"Talent","ParentId":1,"OrdinalPosition":null},"Id":104},{"WebPartDefinitionKey":"Rec_Recommended_Jobs","Title":"Recommended Jobs","Description":"View jobs recommended for you, based on your fit for job requirements and your location.","SubTitle":"Requisition Favorite Jobs","WebPartIconName":null,"WidgetNotificationMode":0,"WidgetDeeplinkUrlText":null,"CategoryName":"Talent","IsWebPartEnabled":true,"TypeName":null,"WebPartServiceAgentInterfaceTypeName":null,"WebPartDefinitionXml":null,"HideWebPartHeader":false,"HideWebPartFooter":false,"IsFreeFlowing":false,"PillarKey":null,"ChromeStyle":7,"ParameterJSON":"{\"HeaderLinkIcon\": \"\", \"IsCustomEditor\": false, \"PreviewType\" : \"table\"}","TemplatePath":"app/modules/dashboard/views/webparts/widgetRecommendedJobs.html","IsSystemLocked":false,"Category":{"Id":6,"Name":"Talent","CategoryKey":"WebPartDefinition_Talent","Description":"Talent","ParentId":1,"OrdinalPosition":null},"Id":105}]},{"Category":{"Id":28,"Name":"Enterprise Search Configuration","CategoryKey":"ENTERPRISE_SEARCH","Description":"The category for enterprise search settings","ParentId":0,"OrdinalPosition":"1"},"Definitions":[{"WebPartDefinitionKey":"FTE_Custom_Widget","Title":"Custom Widget","Description":"Widget for First Time Search Experience","SubTitle":null,"WebPartIconName":null,"WidgetNotificationMode":0,"WidgetDeeplinkUrlText":null,"CategoryName":"Enterprise Search Configuration","IsWebPartEnabled":true,"TypeName":null,"WebPartServiceAgentInterfaceTypeName":null,"WebPartDefinitionXml":null,"HideWebPartHeader":false,"HideWebPartFooter":true,"IsFreeFlowing":false,"PillarKey":null,"ChromeStyle":7,"ParameterJSON":"{\"HeaderLinkIcon\": \"\", \"IsCustomEditor\": true, \"PreviewType\" : \"search\", \"WidgetContent\":\"\", \"icon\":\"fa-code\"}","TemplatePath":"app/modules/dashboard/views/searchWidgets/customWidget.html","IsSystemLocked":false,"Category":{"Id":28,"Name":"Enterprise Search Configuration","CategoryKey":"ENTERPRISE_SEARCH","Description":"The category for enterprise search settings","ParentId":0,"OrdinalPosition":"1"},"Id":71},{"WebPartDefinitionKey":"Find_Course","Title":"Find a Course","Description":"Provides a launching point to search for courses in the learning library.","SubTitle":null,"WebPartIconName":null,"WidgetNotificationMode":0,"WidgetDeeplinkUrlText":null,"CategoryName":"Enterprise Search Configuration","IsWebPartEnabled":true,"TypeName":null,"WebPartServiceAgentInterfaceTypeName":null,"WebPartDefinitionXml":null,"HideWebPartHeader":false,"HideWebPartFooter":false,"IsFreeFlowing":false,"PillarKey":null,"ChromeStyle":7,"ParameterJSON":"{ \"HeaderLinkIcon\": \"\", \"IsCustomEditor\": false, \"PreviewType\": \"search\", \"WidgetContent\": [\t{ \"contentItem\": \"ENTERPRISE_SEARCH_FIND_COURSE_CONTENT_ITEM\", \"contentDescription\": \"ENTERPRISE_SEARCH_FIND_COURSE_CONTENT_DESC\", \"isLink\": false\t},\t{ \"contentItem\": \"ENTERPRISE_SEARCH_FIND_COURSE_CONTENT_ITEM_TWO\", \"contentDescription\": \"ENTERPRISE_SEARCH_FIND_COURSE_CONTENT_DESC_TWO\", \"contentLink\": \"ENTERPRISE_SEARCH_LEARNER_DASHBOARD_LINK\", \"isLink\": true , \"link\" : \"/dash/learning\"\t} ], \"icon\":\"fa-desktop\", \"catalogItem\":\"Course\"\t}","TemplatePath":"app/modules/dashboard/views/searchWidgets/findCourse.html","IsSystemLocked":false,"Category":{"Id":28,"Name":"Enterprise Search Configuration","CategoryKey":"ENTERPRISE_SEARCH","Description":"The category for enterprise search settings","ParentId":0,"OrdinalPosition":"1"},"Id":72},{"WebPartDefinitionKey":"Find_Video","Title":"Find a Video","Description":"Provides a launching point to search for videos in the learning library.","SubTitle":null,"WebPartIconName":null,"WidgetNotificationMode":0,"WidgetDeeplinkUrlText":null,"CategoryName":"Enterprise Search Configuration","IsWebPartEnabled":true,"TypeName":null,"WebPartServiceAgentInterfaceTypeName":null,"WebPartDefinitionXml":null,"HideWebPartHeader":false,"HideWebPartFooter":false,"IsFreeFlowing":false,"PillarKey":null,"ChromeStyle":7,"ParameterJSON":"{\"HeaderLinkIcon\":\"\",\"IsCustomEditor\":false,\"PreviewType\":\"search\",\"WidgetContent\":[{\"contentItem\":\"ENTERPRISE_SEARCH_FIND_VIDEO_CONTENT_ITEM\",\"contentDescription\":\"ENTERPRISE_SEARCH_FIND_VIDEO_CONTENT_DESC\",\"isLink\":false},{\"contentItem\":\"ENTERPRISE_SEARCH_FIND_VIDEO_CONTENT_ITEM_TWO\",\"contentDescription\":\"ENTERPRISE_SEARCH_FIND_VIDEO_CONTENT_DESC_TWO\",\"contentLink\":\"ENTERPRISE_SEARCH_LEARNER_DASHBOARD_LINK\",\"isLink\":true,\"link\":\"/dash/learning\"}],\"icon\":\"fa-video-camera\",\"catalogItem\":\"Video\"}","TemplatePath":"app/modules/dashboard/views/searchWidgets/findVideo.html","IsSystemLocked":false,"Category":{"Id":28,"Name":"Enterprise Search Configuration","CategoryKey":"ENTERPRISE_SEARCH","Description":"The category for enterprise search settings","ParentId":0,"OrdinalPosition":"1"},"Id":73},{"WebPartDefinitionKey":"Find_Person","Title":"Find another Person","Description":"Provides a launching point to search for people.","SubTitle":null,"WebPartIconName":null,"WidgetNotificationMode":0,"WidgetDeeplinkUrlText":null,"CategoryName":"Enterprise Search Configuration","IsWebPartEnabled":true,"TypeName":null,"WebPartServiceAgentInterfaceTypeName":null,"WebPartDefinitionXml":null,"HideWebPartHeader":false,"HideWebPartFooter":false,"IsFreeFlowing":false,"PillarKey":null,"ChromeStyle":7,"ParameterJSON":"{\"HeaderLinkIcon\":\"\",\"IsCustomEditor\":false,\"PreviewType\":\"search\",\"WidgetContent\":[{\"contentItem\":\"ENTERPRISE_SEARCH_FIND_PERSON_CONTENT_ITEM\",\"contentDescription\":\"ENTERPRISE_SEARCH_FIND_PERSON_CONTENT_DESC\",\"isLink\":false}],\"icon\":\"fa-users\"}","TemplatePath":"app/modules/dashboard/views/searchWidgets/findPerson.html","IsSystemLocked":false,"Category":{"Id":28,"Name":"Enterprise Search Configuration","CategoryKey":"ENTERPRISE_SEARCH","Description":"The category for enterprise search settings","ParentId":0,"OrdinalPosition":"1"},"Id":74},{"WebPartDefinitionKey":"Find_Report","Title":"Find a Report","Description":"Provides a launching point to search for reports.","SubTitle":null,"WebPartIconName":null,"WidgetNotificationMode":0,"WidgetDeeplinkUrlText":null,"CategoryName":"Enterprise Search Configuration","IsWebPartEnabled":true,"TypeName":null,"WebPartServiceAgentInterfaceTypeName":null,"WebPartDefinitionXml":null,"HideWebPartHeader":false,"HideWebPartFooter":false,"IsFreeFlowing":false,"PillarKey":null,"ChromeStyle":7,"ParameterJSON":"{\"HeaderLinkIcon\":\"\",\"IsCustomEditor\":false,\"PreviewType\":\"search\",\"WidgetContent\":[{\"contentItem\":\"ENTERPRISE_SEARCH_FIND_REPORT_CONTENT_ITEM\",\"isLink\":true},{\"contentItem\":\"ENTERPRISE_SEARCH_FIND_REPORT_CONTENT_ITEM_TWO\",\"contentDescription\":\"ENTERPRISE_SEARCH_FIND_REPORT_CONTENT_DESC_TWO\",\"isLink\":false}],\"icon\":\"fa-file-text-o\"}","TemplatePath":"app/modules/dashboard/views/searchWidgets/findReport.html","IsSystemLocked":false,"Category":{"Id":28,"Name":"Enterprise Search Configuration","CategoryKey":"ENTERPRISE_SEARCH","Description":"The category for enterprise search settings","ParentId":0,"OrdinalPosition":"1"},"Id":75},{"WebPartDefinitionKey":"Find_Admin_Page","Title":"Find an Admin Page","Description":"Provides a launching point to search for administrator functions.","SubTitle":null,"WebPartIconName":null,"WidgetNotificationMode":0,"WidgetDeeplinkUrlText":null,"CategoryName":"Enterprise Search Configuration","IsWebPartEnabled":true,"TypeName":null,"WebPartServiceAgentInterfaceTypeName":null,"WebPartDefinitionXml":null,"HideWebPartHeader":false,"HideWebPartFooter":false,"IsFreeFlowing":false,"PillarKey":null,"ChromeStyle":7,"ParameterJSON":"{ \"HeaderLinkIcon\": \"\", \"IsCustomEditor\": false, \"PreviewType\": \"search\", \"WidgetContent\": [\t{ \"contentItem\": \"ENTERPRISE_SEARCH_FIND_ADMIN_CONTENT_ITEM\", \"contentDescription\": \"ENTERPRISE_SEARCH_FIND_ADMIN_CONTENT_DESC\", \"isLink\": false\t} ], \"icon\":\"fa-lock\"\t}","TemplatePath":"app/modules/dashboard/views/searchWidgets/findAdminPage.html","IsSystemLocked":false,"Category":{"Id":28,"Name":"Enterprise Search Configuration","CategoryKey":"ENTERPRISE_SEARCH","Description":"The category for enterprise search settings","ParentId":0,"OrdinalPosition":"1"},"Id":76},{"WebPartDefinitionKey":"Edit_Profile","Title":"Edit Your Profile","Description":"Edit your profile.","SubTitle":null,"WebPartIconName":null,"WidgetNotificationMode":0,"WidgetDeeplinkUrlText":null,"CategoryName":"Enterprise Search Configuration","IsWebPartEnabled":true,"TypeName":null,"WebPartServiceAgentInterfaceTypeName":null,"WebPartDefinitionXml":null,"HideWebPartHeader":false,"HideWebPartFooter":false,"IsFreeFlowing":false,"PillarKey":null,"ChromeStyle":7,"ParameterJSON":"{\"HeaderLinkIcon\":\"\",\"IsCustomEditor\":false,\"PreviewType\":\"search\",\"WidgetContent\":[{\"contentItem\":\"ENTERPRISE_SEARCH_EDIT_PROFILE_CONTENT_ITEM\",\"isLink\":true,\"link\":\"/dash/profile\"}],\"icon\":\"fa-user\"}","TemplatePath":"app/modules/dashboard/views/searchWidgets/editProfile.html","IsSystemLocked":false,"Category":{"Id":28,"Name":"Enterprise Search Configuration","CategoryKey":"ENTERPRISE_SEARCH","Description":"The category for enterprise search settings","ParentId":0,"OrdinalPosition":"1"},"Id":77},{"WebPartDefinitionKey":"Find_Activity","Title":"Find an Activity","Description":"Provides a launching point to search for courses.","SubTitle":null,"WebPartIconName":null,"WidgetNotificationMode":0,"WidgetDeeplinkUrlText":null,"CategoryName":"Enterprise Search Configuration","IsWebPartEnabled":true,"TypeName":null,"WebPartServiceAgentInterfaceTypeName":null,"WebPartDefinitionXml":null,"HideWebPartHeader":false,"HideWebPartFooter":false,"IsFreeFlowing":false,"PillarKey":null,"ChromeStyle":7,"ParameterJSON":"{\"HeaderLinkIcon\":\"\",\"IsCustomEditor\":false,\"PreviewType\":\"search\",\"WidgetContent\":[{\"contentItem\":\"ENTERPRISE_SEARCH_FIND_ACTIVITY_CONTENT_ITEM\",\"contentDescription\":\"ENTERPRISE_SEARCH_FIND_ACTIVITY_CONTENT_DESC\",\"isLink\":false},{\"contentItem\":\"ENTERPRISE_SEARCH_FIND_ACTIVITY_CONTENT_ITEM_TWO\",\"contentDescription\":\"ENTERPRISE_SEARCH_FIND_ACTIVITY_CONTENT_DESC_TWO\",\"contentLink\":\"ENTERPRISE_SEARCH_LEARNER_DASHBOARD_LINK\",\"isLink\":true,\"link\":\"/dash/learning\"}],\"icon\":\"fa-edit\",\"catalogItem\":\"Activity\"}","TemplatePath":"app/modules/dashboard/views/searchWidgets/findActivity.html","IsSystemLocked":false,"Category":{"Id":28,"Name":"Enterprise Search Configuration","CategoryKey":"ENTERPRISE_SEARCH","Description":"The category for enterprise search settings","ParentId":0,"OrdinalPosition":"1"},"Id":78},{"WebPartDefinitionKey":"Find_Job","Title":"Find A Job","Description":"Here are a few different ways to find a job:","SubTitle":null,"WebPartIconName":null,"WidgetNotificationMode":0,"WidgetDeeplinkUrlText":null,"CategoryName":"Enterprise Search Configuration","IsWebPartEnabled":true,"TypeName":null,"WebPartServiceAgentInterfaceTypeName":null,"WebPartDefinitionXml":null,"HideWebPartHeader":false,"HideWebPartFooter":false,"IsFreeFlowing":false,"PillarKey":null,"ChromeStyle":7,"ParameterJSON":"{\"HeaderLinkIcon\":\"\",\"IsCustomEditor\":false,\"PreviewType\":\"search\",\"WidgetContent\":[{\"contentItem\":\"ENTERPRISE_SEARCH_FIND_JOB_CONTENT_ITEM\",\"isLink\":true},{\"contentItem\":\"ENTERPRISE_SEARCH_FIND_JOB_CONTENT_ITEM_TWO\",\"contentDescription\":\"ENTERPRISE_SEARCH_FIND_JOB_CONTENT_DESC_TWO\",\"isLink\":false}],\"icon\":\"fa-search\"}","TemplatePath":"app/modules/dashboard/views/searchWidgets/findJob.html","IsSystemLocked":false,"Category":{"Id":28,"Name":"Enterprise Search Configuration","CategoryKey":"ENTERPRISE_SEARCH","Description":"The category for enterprise search settings","ParentId":0,"OrdinalPosition":"1"},"Id":86}]},{"Category":{"Id":1,"Name":"Portal","CategoryKey":"TRANSLATIONS_PORTAL","Description":"The root category to store translation strings for the Portal.","ParentId":0,"OrdinalPosition":"1"},"Definitions":[{"WebPartDefinitionKey":"my_reports","Title":"Embedded Report","Description":"Pins a report from Advanced Reporting on the dashboard.","SubTitle":"Advanced Reporting","WebPartIconName":null,"WidgetNotificationMode":0,"WidgetDeeplinkUrlText":null,"CategoryName":"Portal","IsWebPartEnabled":true,"TypeName":null,"WebPartServiceAgentInterfaceTypeName":null,"WebPartDefinitionXml":null,"HideWebPartHeader":false,"HideWebPartFooter":false,"IsFreeFlowing":false,"PillarKey":"AdvancedReport","ChromeStyle":7,"ParameterJSON":"{\"HeaderLinkIcon\": \"\", \"IsCustomEditor\": false, \"PreviewType\" : \"report\", \"reportUrl\": \"\", \"showToolbar\":\"\"}","TemplatePath":"app/modules/dashboard/views/webparts/MyReport.html","IsSystemLocked":false,"Category":{"Id":1,"Name":"Portal","CategoryKey":"TRANSLATIONS_PORTAL","Description":"The root category to store translation strings for the Portal.","ParentId":0,"OrdinalPosition":"1"},"Id":88},{"WebPartDefinitionKey":"reporting_widget","Title":"Report List","Description":"Displays selected Advanced Reporting reports in a list. Users can click to view a report in a slide-out panel.","SubTitle":"Advanced Reporting","WebPartIconName":null,"WidgetNotificationMode":0,"WidgetDeeplinkUrlText":null,"CategoryName":"Portal","IsWebPartEnabled":true,"TypeName":null,"WebPartServiceAgentInterfaceTypeName":null,"WebPartDefinitionXml":null,"HideWebPartHeader":false,"HideWebPartFooter":false,"IsFreeFlowing":false,"PillarKey":"AdvancedReport","ChromeStyle":7,"ParameterJSON":"{\"HeaderLinkIcon\": \"\", \"IsCustomEditor\": false, \"PreviewType\" : \"reportList\", \"reportUrl\": \"\", \"showToolbar\":\"\"}","TemplatePath":"app/modules/dashboard/views/webparts/widgetARWidget.html","IsSystemLocked":false,"Category":{"Id":1,"Name":"Portal","CategoryKey":"TRANSLATIONS_PORTAL","Description":"The root category to store translation strings for the Portal.","ParentId":0,"OrdinalPosition":"1"},"Id":89}]},{"Category":{"Id":94,"Name":"Requisition","CategoryKey":"WebPartDefinition_Requisition","Description":"Category for Requisition widget.","ParentId":1,"OrdinalPosition":null},"Definitions":[{"WebPartDefinitionKey":"Requisition_Widget","Title":"Requisition Summary","Description":"Displays key summary information about the requisition","SubTitle":"Requisition Summary","WebPartIconName":null,"WidgetNotificationMode":0,"WidgetDeeplinkUrlText":null,"CategoryName":"Requisition","IsWebPartEnabled":true,"TypeName":null,"WebPartServiceAgentInterfaceTypeName":null,"WebPartDefinitionXml":null,"HideWebPartHeader":false,"HideWebPartFooter":false,"IsFreeFlowing":false,"PillarKey":null,"ChromeStyle":7,"ParameterJSON":"{\"HeaderLinkIcon\": \"\", \"IsCustomEditor\": false, \"PreviewType\" : \"table\"}","TemplatePath":"app/modules/dashboard/views/webparts/widgetRequisitionSummary.html","IsSystemLocked":false,"Category":{"Id":94,"Name":"Requisition","CategoryKey":"WebPartDefinition_Requisition","Description":"Category for Requisition widget.","ParentId":1,"OrdinalPosition":null},"Id":100},{"WebPartDefinitionKey":"Requisition_Widget","Title":"Candidate Summary","Description":"Displays candidates by recruiting phase","SubTitle":"Candidate Summary","WebPartIconName":null,"WidgetNotificationMode":0,"WidgetDeeplinkUrlText":null,"CategoryName":"Requisition","IsWebPartEnabled":true,"TypeName":null,"WebPartServiceAgentInterfaceTypeName":null,"WebPartDefinitionXml":null,"HideWebPartHeader":false,"HideWebPartFooter":false,"IsFreeFlowing":false,"PillarKey":null,"ChromeStyle":7,"ParameterJSON":"{\"HeaderLinkIcon\": \"\", \"IsCustomEditor\": false, \"PreviewType\" : \"table\"}","TemplatePath":"app/modules/dashboard/views/webparts/widgetCandidateSummary.html","IsSystemLocked":false,"Category":{"Id":94,"Name":"Requisition","CategoryKey":"WebPartDefinition_Requisition","Description":"Category for Requisition widget.","ParentId":1,"OrdinalPosition":null},"Id":101},{"WebPartDefinitionKey":"Requisition_Widget","Title":"Recently Accessed Applications","Description":"Displays 10 most recently accessed applications for a requisition","SubTitle":"Requisition Summary","WebPartIconName":null,"WidgetNotificationMode":0,"WidgetDeeplinkUrlText":null,"CategoryName":"Requisition","IsWebPartEnabled":true,"TypeName":null,"WebPartServiceAgentInterfaceTypeName":null,"WebPartDefinitionXml":null,"HideWebPartHeader":false,"HideWebPartFooter":false,"IsFreeFlowing":false,"PillarKey":null,"ChromeStyle":7,"ParameterJSON":"{\"HeaderLinkIcon\": \"\", \"IsCustomEditor\": false, \"PreviewType\" : \"table\"}","TemplatePath":"app/modules/dashboard/views/webparts/widgetRecentlyAccessedRequisition.html","IsSystemLocked":false,"Category":{"Id":94,"Name":"Requisition","CategoryKey":"WebPartDefinition_Requisition","Description":"Category for Requisition widget.","ParentId":1,"OrdinalPosition":null},"Id":102}]}]},
        mustSetSecurityQuestions: _.cloneDeep(root.tempStaticData.MustSetSecurityQuestions),
        esbApiRoot: 'https://cl08sales.sumtotaldevelopment.net/Services/api/',
        useCommonHelpUrl: true,
        commonHelpUrl: 'https://help.sumtotaldevelopment.net/',
        tenantName : 'SumTotal'
      });

      staticData.appUris.makeWorkerUri = function (relativePathToWorker) {
        var uri = null;

        if(staticData.debugEnabled) {
          uri = new URI('app/modules/', staticData.appUris.tenantRoot);
        } else {
          uri = new URI('dist/app/modules/', staticData.appUris.tenantRoot);
        }

        uri = new URI(relativePathToWorker, uri);

        return uri.toString();
      };

      return staticData;
    };
  }));
</script>
    <script type="text/javascript">
      (function(root, factory, errorHandler) {
        root.jQuery(root.document).ready(function() {
          root.require(['main'], factory(root));
        });
      }(this, function(root) {
        return function(main) {
          if(root.debugEnabled) {
            console.log('Main resources have been loaded.', main);
          }
        }
      }, function(error) {
        console.error(error);
      }));
    </script>
  </div>


<input id="textAngular-editableFix-010203040506070809" class="ta-hidden-input" unselectable="on" tabindex="-1"><script src="https://maps.googleapis.com/maps/api/js?libraries=places&amp;key=AIzaSyCo5eQjEOueTKAU_vNrb6T0Z4Y4pOmzTl4&amp;language=en&amp;region=US"></script></body>

2018-10-29 15:36:05 - [TEST_STEP][PASSED] - comment: printing string anuadha

2018-10-29 15:36:05 - [TEST_STEP][PASSED] - Statement - startString = s.lastIndexOf("esbApiToken") + "esbApiToken".length() + 1: null

2018-10-29 15:36:05 - [TEST_STEP][PASSED] - Statement - substring = s.substring(startString): null

2018-10-29 15:36:05 - [TEST_STEP][PASSED] - comment: substring 'eyJ0eXAiOiJKV1QiLCJhbGciOiJIUzI1NiJ9.eyJpc3MiOiJodHRwOlwvXC93d3cuc3VtdG90YWxzeXN0ZW1zLmNvbVwvY29yZXVpIiwic3ViIjoiQ29udHJpYnV0ZXIiLCJhdWQiOiJDTDA4X1NBTEVTX1RFU1QiLCJleHAiOjYzNjc2NDI1OTQwNTU2ODIzNSwibmJmIjowLCJpYXQiOjYzNjc2NDA0MzQxMDg4MDYyNywiYnNlc3Npb25pZCI6IjhjZTMyMGFiMzBkNzRkOTM4MWUyZGQzOWE4Yzk5Mzc2IiwiZXVzcmlkIjpudWxsLCJldXNybiI6bnVsbCwiY3VsIjoiZW4tVVMiLCJ1c2VyaWQiOiI3MDIzNjkiLCJndWVzdGFjY291bnQiOjAsInBlcnNvbmlkIjoxMDExNjYsImlzZXh0ZXJuYWwiOmZhbHNlLCJycGtleSI6IkVMSVhIUlVJIn0.38018AA86DEDF9765668AB2017CB829255C69022415CCEB1C43A43D148DFB5B4',
          getSearchBinCountsUrl:'https://cl08sales.sumtotaldevelopment.net/Services/api/search/getSearchBinCounts',
          retrieveObjectSearchDiagnosticsUrl:'https://cl08sales.sumtotaldevelopment.net/Services/api/search/retrieveObjectSearchDiagnostics',
          getDocumentCountsUrl:'https://cl08sales.sumtotaldevelopment.net/Services/api/search/GetIndexableDocumentCounts',
          forceFullSearchUrl:'https://cl08sales.sumtotaldevelopment.net/Services/api/search/ForceFullSearchForBins',
          saveFavoriteJobUrl:'https://cl08sales.sumtotaldevelopment.net/Services/api/job/SaveFavoriteJob',
        },
        social:{
          getMyFeedUrl:'https://cl08sales.sumtotaldevelopment.net/Services/api/social/GetMyFeed',
          postMessageToYammer:'https://cl08sales.sumtotaldevelopment.net/Services/api/social/PostMessage',
          getAvailableGroupsUrl:'https://cl08sales.sumtotaldevelopment.net/Services/api/social/GetAvailableGroups',
          createGroupUrl:'https://cl08sales.sumtotaldevelopment.net/Services/api/social/CreateGroup',
          deleteGroupUrl:'https://cl08sales.sumtotaldevelopment.net/Services/api/social/DeleteGroup',
          deleteGroupMembershipUrl:'https://cl08sales.sumtotaldevelopment.net/Services/api/social/DeleteGroupMembership',
          addGroupMembershipUrl:'https://cl08sales.sumtotaldevelopment.net/Services/api/social/AddGroupMembership',
          getCurrentUserDataURL:'https://cl08sales.sumtotaldevelopment.net/Services/api/social/GetCurrentUserData',
          getAllUsersURL:'https://cl08sales.sumtotaldevelopment.net/Services/api/social/GetAllUsers',
          getGroupByIdUrl:'https://cl08sales.sumtotaldevelopment.net/Services/api/social/GetGroupById',
          validateGroupNameUrl:'https://cl08sales.sumtotaldevelopment.net/Services/api/social/ValidateGroupName',
          searchGroupUrl:'https://cl08sales.sumtotaldevelopment.net/Services/api/social/SearchGroup'
        },
        timeline:{
          approveTask:'https://cl08sales.sumtotaldevelopment.net/Services/api/timelineapi/ApproveTask',
        },
        bigData: {
          DismissEmployeeRecommendationsUrl: '/Core/Core/api/bigdataapi/DismissEmployeeRecommendations',
          CourseRecommendationForUserUrl: '/Core/Core/api/bigdataapi/GetCourseRecommendationForUser',
          getEmployeePositionFitData: '/Core/Core/api/bigdataapi/RetrieveEmployeePositionFitData',
          GetViewableJobsForUser: '/Core/Core/api/bigdataapi/GetViewableJobsForUser',
          SaveEmployeeRecommendPosition: '/Core/Core/api/bigdataapi/SaveEmployeeRecommendPosition',
          SaveEmployeeRecommendInterest:'/Core/Core/api/bigdataapi/SaveEmployeeRecommendInterest',
          GetViewableSubNodesForJob: '/Core/Core/api/bigdataapi/GetViewableSubNodesForJob',
          GetViewableNodesForJob :'/Core/Core/api/bigdataapi/GetViewableNodesForJob',
          GetJobByPersonId :'/Core/Core/api/bigdataapi/GetJobByPersonId',
          addOrRemoveJobFitAnalysis :'/Core/Core/api/bigdataapi/AddOrRemoveJobFitAnalysis',
          GetCourseRecommendationForUserByInterests: '/Core/Core/api/bigdataapi/GetCourseRecommendationForUserByInterests',
          //External Job Recommendation Implementation
          GetViewableExternalJobsForUser: '/Core/Core/api/bigdataapi/GetViewableExternalJobsForUser'
        },
        translations: {
          retrieveTranslations: '/Core/Core/api/translationapi/RetrieveTranslations',
          getTranslationsForModelUrl: '/Core/Core/api/translationapi/GetTranslationsForModel' + '?modelTypeFullName=',
          getTranslationsForObjectUrl: '/Core/Core/api/translationapi/GetTranslationsForObject' + '?modelTypeFullName=',
          saveTranslationsForModelUrl: '/Core/Core/api/translationapi/SaveTranslationsForModel' + '?modelTypeFullName=',
          GetTranslationsForModelAndObjectUrl: '/Core/Core/api/translationapi/GetTranslationsForModelAndObject',
          saveTranslationsForModelAndObjectUrl: '/Core/Core/api/translationapi/SaveTranslationsForModelAndObject',
          getTranslationDefinitionsByCategoryUrl: '/Core/Core/api/translationapi/GetTranslationDefinitionsByCategory',
          getStaticTranslationsForEditorUrl: '/Core/Core/api/translationapi/GetStaticTranslationsForEditor',
          saveStaticTranslationsUrl: '/Core/Core/api/translationapi/SaveStaticTranslations',
          getTranslationCategoriesUrl: '/Core/Core/api/translationapi/GetTranslationCategories',
          getTranslationsUrl:'https://cl08sales.sumtotaldevelopment.net/Services/api/i18n',
        },
        settings: {
          retrieveSettings: '/Core/Core/api/settingapi/RetrieveSettings',
          saveSettings: '/Core/Core/api/settingapi/SaveSettings',
          getSettingsForPreferenceScreen: '/Core/Core/api/settingapi/GetSettingsForPreferenceScreen',
          getSettings: '/Core/Core/api/settingapi/GetSettings',
          saveSettingsForPreferenceScreen: '/Core/Core/api/settingapi/SaveSettingsForPreferenceScreen',
          deleteSettings: '/Core/Core/api/settingapi/DeleteSettings',
          getObjectCriteriaSettings: '/Core/Core/api/settingapi/GetObjectCriteriaSettings',
          SaveObjectCriteriaSettings: '/Core/Core/api/settingapi/SaveObjectCriteriaSettings',
          getTimelineSortOptions: '/Core/Core/api/settingapi/GetTimelineSortOptions'

        },
        mobileConfiguration: {
          getMobileConfiguration: '/Core/Core/api/settingapi/getMobileConfiguration',
          setMobileConfiguration: '/Core/Core/api/settingapi/setMobileConfiguration'
        },
        personalization: {
          retrievePersonalization: '/Core/Core/api/dashboardingapi/RetrievePersonalization',
          retrievePersonalizationType: '/Core/Core/api/dashboardingapi/RetrievePersonalizationType'
        },
        dashboard: {
          getWidget: '/Core/Core/api/dashboardingapi/GetWidgetData',
          saveWidget: '/Core/Core/api/dashboardingapi/SaveWidgetData',
          getMyTasksforNotificationURL: '/Core/Core/api/mytasksapi/GetTimelineNotifications',
          clearWidgetDataCache: '/Core/Core/api/dashboardingapi/ClearWidgetDataCache',
          clearSecurityCache: '/Core/Core/api/dashboardingapi/ClearSecurityCache',
          saveWidgetDashboard: '/Core/Core/api/dashboardingapi/SaveWidgetDashboardData',
          removeDashboard: '/Core/Core/api/dashboardingapi/RemoveDashboardData',
          removeDashboardPage: '/Core/Core/api/dashboardingapi/RemoveDashboardPageData',
          copyDashboard: '/Core/Core/api/dashboardingapi/CopyDashboard',
          copyDashboardPage: '/Core/Core/api/dashboardingapi/CopyDashboardPage',
          myTasksRefresh: '/Core/Core/api/mytasksapi/GetMyTasks',
          retrieveSingleWebPartsData: '/Core/Core/api/dashboardingapi/RetrieveSingleWebPartsData',
          resetDashboardPage: '/Core/Core/api/dashboardingapi/ResetDashboardPage',
          registrationRedirection:'/Core/Core/api/dashboardingapi/GetRegistrationRedirectionData',
          getAllDashboardPages:'/Core/Core/api/dashboardingapi/LoadAllWebPartPages',
		      setUserDefaultDashboard: '/Core/Core/api/dashboardingapi/SetUserDefaultDashboard',
          setDashboardPagePriority: '/Core/Core/api/dashboardingapi/SetDashboardPagePriority',
          getLandingPageDashboardPages:'/Core/Core/api/dashboardingapi/GetLandingPageDashboardPages',
          getNewDashboardPagePriority:'/Core/Core/api/dashboardingapi/GetNewDashboardPagePriority',
          common: {
            retrieveEmployeePopupDetails: '/Core/Core/api/dashboardingapi/RetrieveEmployeePopupDetails'
          },
          webClock: {
            savePunch: '/Core/Core/api/dashboardingapi/SavePunchDetails',
            getPunch: '/Core/Core/api/dashboardingapi/LastPunchDetails',
            getPositionFromSearch:'/Core/Core/api/dashboardingapi/GetWFMSearch',
            getCostCenterFromSearch:'/Core/Core/api/dashboardingapi/GetWFMSearch',
            getWorkOrderFromSearch:'/Core/Core/api/dashboardingapi/GetWFMSearch',
            getWorkItemFromSearch:'/Core/Core/api/dashboardingapi/GetWFMSearch',
            saveCCP:'/Core/Core/api/dashboardingapi/SaveCCP'
          }
        },
        theming: {
          markThemeActive: '/Core/Core/api/themingapi/MarkThemeActive',
          markThemeAsDefault: '/Core/Core/api/themingapi/MarkThemeAsDefault',
          getHttpRequest: '/Core/Core/api/themingapi/GetHttpRequest',
          loadAllThemes: '/Core/Core/api/themingapi/LoadAllThemes',
          loadEditorViewData: '/Core/Core/api/themingapi/LoadEditorViewData',
          loadLessFiles: '/Core/Core/api/themingapi/LoadLessFiles',
          saveTheme: '/Core/Core/api/themingapi/SaveTheme',
          deleteTheme: '/Core/Core/api/themingapi/DeleteTheme',
          saveThemePrecedenceValues: '/Core/Core/api/themingapi/SaveThemePrecedenceValues',
          proxy: '/Core/proxy.html2canvas'
        },
        user: {
          getPersonIdByNumber: '/Core/Core/api/UserApi/GetPersonIdByNumber',
          getPersonNumberByIdUrl: 'https://cl08sales.sumtotaldevelopment.net/Services/api/core/person/GetPersonNumberById',
          getLoggedInPersonId: '/Core/Core/api/UserApi/GetLoggedInPersonId',
          profileOverview: '/Core/Core/api/profiledata/getprofileoverview',
          employeeMetricsData: '/Core/Core/api/profiledata/GetDataForEnabledProfileSections',
          getUserMiniProfile: '/Core/Core/api/profiledata/GetUserMiniProfile',
          directReportProfileOverview: '/Core/Core/api/profiledata/getprofileoverview',
          getRelationship: '/Core/Core/api/profiledata/getrelationship',
          GetOverAllPerformanceUrl : '/Core/Core/api/UserApi/GetPerformanceRatings',
          GetRecommendedLearningsUrl : '/Core/Core/api/UserApi/GetRecommendedLearnings'+ '?userId=' + 'D6D3F6FB8D04FAF81E16B69BE72609DA' + '&viewPersonId=',
          GetPerformanceHistoryUrl : '/Core/Core/api/UserApi/GetPerformanceHistory',
          getGoalsForUserUrl: '/Core/Core/api/UserApi/GetGoalsForUser',
          getGoalDetailsForUserUrl: '/Core/Core/api/UserApi/GetGoalDetailsForUser',
          getGoalDetailsForTeamUrl: '/Core/Core/api/UserApi/GetGoalDetailsForTeam',
          saveGoalDetailsForUserUrl: '/Core/Core/api/UserApi/SaveGoalDetailsForUser',
          getCompensationDetails: '/Core/Core/api/UserApi/GetCompensationDetails',
          getOverAllCompensation: '/Core/Core/api/UserApi/GetCompensationRatings',
          getResumeData: '/Core/Core/api/resumeapi/GetResumeData?pId=D6D3F6FB8D04FAF81E16B69BE72609DA',
          getResumeDataForTimeline: '/Core/Core/api/resumeapi/GetResumeData',
          getTeachingActivityUrl: '/Core/Core/api/UserApi/GetTeachingActivityDetails',
          getTeamHeaderCountsUrl: '/Core/Core/api/UserApi/GetTeamHeaderCounts',
          getOTPForBrowserExtension:'/Core/Core/api/UserApi/GetOTPForBrowserExtension',
        },

        organization: {
          keyMeasureData: '/Core/Core/api/orgchartapi/getkeymeasures',
          metricBarMetrics: '/Core/Core/api/orgchartapi/getmetricbarmetrics',
          metricBarMetricsForListOfUsers: '/Core/Core/api/orgchartapi/getmetricbarmetricsforlistofusers',
          saveNewHierarchyDetailsUrl: '/Core/Core/api/OrganizationApi/SaveNewHierarchyDetails',
          getCurrentHierarchiesUrl: '/Core/Core/api/OrganizationApi/GetCurrentHierarchies',
          getHierarchyDetailsUrl: '/Core/Core/api/OrganizationApi/GetHierarchyDetails' + '?hierarchyPK=',
          getChildOrganizationsUrl: '/Core/Core/api/OrganizationApi/GetChildOrganizations' + "?",//hierarchyPK=&organizationPK=
          getCodeByCatcdUrl: '/Core/Core/api/lookupsapi/codecats' + '?catcode=',
          getAutoGenOrgCode: '/Core/Core/api/OrganizationApi/GetAutoGenOrgCode',
          getCurrencyList: '/Core/Core/api/OrganizationApi/GetCurrencyList',
          getOrganizationUrl: '/Core/Core/api/OrganizationApi/GetOrganization' + '?organizationPK=',
          saveNewOrganizationDetailsUrl: '/Core/Core/api/OrganizationApi/SaveNewOrganizationDetails',
          createOrEditOrganizationUrl: '/Core/Core/api/OrganizationApi/CreateOrEditOrganization',
          DeleteOrganizationHierarchyUrl: '/Core/Core/api/OrganizationApi/DeleteOrganizationHierarchy',
          addUserByListUrl: '/Core/Core/api/OrganizationApi/AddUserByList',
          ConvertToDomainUrl: '/Core/Core/api/OrganizationApi/ConvertToDomain',
          getAllOrganization: '/Core/Core/api/OrganizationApi/SearchOrganization',
          getPermissionUrl: '/Core/Core/api/OrganizationApi/GetPermission',
          getInstalledPillars: '/Core/Core/api/jobapi/GetInstalledPillars',
          addUserInfoUrl: '/Core/Core/api/OrganizationApi/GetUserInfo',
          getOrgUserUrl: '/Core/Core/api/OrganizationApi/GetOrganizationUsers',
          getAudienceUrl: '/Core/Core/api/OrganizationApi/GetAudience',
          addUserByAudience: '/Core/Core/api/OrganizationApi/AddUserByAudience',
          exportOrganizationsURL: '/Core/Core/api/OrganizationApi/exportOrganization',
          
          editOrg: '/Core/Core/api/OrganizationApi/editOrgUser',
          deleteOrgUsersUrl: '/Core/Core/api/OrganizationApi/deleteOrgUsers',
          timeLineData: '/Core/Core/api/orgchartapi/gettimelinedata' + '?key=',
          employeeSearchForUser: '/Core/Core/api/orgchartapi/EmployeeSearchForUser',
          getSingleSupervisorHierarchyNode: '/Core/Core/api/orgchartapi/GetSingleSupervisorHierarchyNode',
          getSupervisorHierarchy: '/Core/Core/api/orgchartapi/GetSupervisorHierarchy',
          getPositionHierarchy: '/Core/Core/api/orgchartapi/GetPositionHierarchy',
          getDataForEnabledProfileSections: '/Core/Core/api/orgchartapi/GetDataForEnabledProfileSections',
          getAllMetrics: '/Core/Core/api/orgchartapi/GetAllMetrics',
          getSuccessorsForJobPosition: '/Core/Core/api/orgchartapi/GetSuccessorsForJobPosition',
          updateSuccessionForJobPosition: '/Core/Core/api/orgchartapi/UpdateSuccessionForJobPosition',
          getSpecifiedActivities: '/Core/Core/api/orgchartapi/GetSpecifiedActivities',
          getSettings: '/Core/Core/api/orgchartapi/GetSettings',
          isParentOrgURL :'/Core/Core/api/OrganizationApi/IsParentOrganization',
        },
        org: {
          GetUplineHierarchy: '/Core/Core/api/orgchartapi/GetUplineHierarchy',
          GetDirectReportsData: '/Core/Core/api/orgchartapi/GetDirectReportsData',
          GetManagerData: '/Core/Core/api/orgchartapi/GetManagerData',
        },
        tasks:{
          mytasks: '/Core/Core/api/mytasksapi/GetMyTasks' ,
          loadTimelineNotificationCount: '/Core/Core/api/mytasksapi/LoadTimelineNotificationCount' ,
          learningTasks: '/Core/Core/api/mytasksapi/GetLearningTasks',
          learningTasksCount: '/Core/Core/api/mytasksapi/GetLearningTasksCount',
        },
        myteam:
        {
          directReport : '/Core/Core/api/myteam/getteammember?mgrId=D6D3F6FB8D04FAF81E16B69BE72609DA' ,
          directReportProfileOverview: '/Core/Core/api/profiledata/getprofileoverview'
        },
        security:{
          GetPortalSecuredRoutesUrl: '/Core/Core/api/securityapi/GetPortalSecuredRoutes',
          ListPermissionLevelsUrl: '/Core/Core/api/securityapi/ListPermissionLevels',
          LoadPermissionLevelByIdUrl: '/Core/Core/api/securityapi/LoadPermissionLevelById',
          GetRelationshipTo: '/Core/Core/api/securityapi/GetRelationship',
          ListSecurityGroupsUrl: '/Core/Core/api/securityapi/ListSecurityGroups',
          GetSecurityGroupsForUserUrl: '/Core/Core/api/securityapi/GetSecurityGroupsForUser',
          LoadSecurityGroupByIdUrl: '/Core/Core/api/securityapi/LoadSecurityGroupById',
          DeletePermissionLevelDataUrl: '/Core/Core/api/securityapi/DeletePermissionLevel',
          SavePermissionLevelDataUrl: '/Core/Core/api/securityapi/SavePermissionLevel',
          SaveSecurityGroupUrl: '/Core/Core/api/securityapi/SaveSecurityGroup',
          ListPermissionDefinitionsUrl: '/Core/Core/api/securityapi/ListPermissionDefinitions',
          DeleteSecurityGroupDataUrl: '/Core/Core/api/securityapi/DeleteSecurityGroup',
          //GetApplicationRoleTypesUrl: '/Core/Core/api/securityapi/GetApplicationRoleTypes',
          GetApplicationRoleTypesUrl: '/Core/Core/api/securityapi/GetAllPortalRoles',
          GetAllPortalRolesUrl: '/Core/Core/api/securityapi/GetAllPortalRoles',
          SearchApplicationRolesUrl: '/Core/Core/api/securityapi/SearchApplicationRoles',
          ListPermissionDefinitionsByObjTypeUrl: '/Core/Core/api/securityapi/ListPermissionDefinitionsByObjType',
          GetSecurityGroupObjectPermissionsUrl: '/Core/Core/api/securityapi/ListSecurityGroupObjectPermissions',
          AddUpdateSecurityGroupObjectPermissionsUrl: '/Core/Core/api/securityapi/AddUpdateSecurityGroupObjectPermission',
          GetMasterSitemapForPMConfigurationUrl: '/Core/Core/api/securityapi/GetMasterSitemapForPMConfiguration',
          GetBreadcrumbDataForSitemapNodeUrl: '/Core/Core/api/securityapi/GetBreadcrumbDataForSitemapNode',

          SaveMasterSitemapForPMConfigurationUrl: '/Core/Core/api/securityapi/SaveMasterSitemapForPMConfiguration',
          GetAllRelyingPartiesUrl: '/Core/Core/api/securityapi/GetRelyingPartiesForCurrentTenant',
          DeleteSitemapNodeUrl: '/Core/Core/api/securityapi/DeleteSitemapNode',
          ResetChangePasswordByAdmin: '/Core/Core/api/securityapi/ResetChangePasswordByAdmin',
          GetPasswordRules: '/Core/Core/api/securityapi/GetPasswordRules',
          DeleteSitemapNodeUrl: '/Core/Core/api/securityapi/DeleteSitemapNode',
          GetUserLoginHistoryUrl: '/Core/Core/api/securityapi/GetUserLoginHistory',
          getSecurityRelationshipNameList: '/Core/Core/api/profiledata/GetSecurityRelationshipNameList',
          getSecurityRelationship: '/Core/Core/api/profiledata/GetSecurityRelationship',
          getSecurityRelationshipCategoryList: '/Core/Core/api/profiledata/GetSecurityRelationshipCategoryList',
          GetEmployeeProfileSitemap: '/Core/Core/api/securityapi/GetEmployeeProfileSitemap',
          addSecurityRelationship: '/Core/Core/api/profiledata/AddSecurityRelationship',
          updateSecurityRelationship: '/Core/Core/api/profiledata/UpdateSecurityRelationship',
          deleteSecurityRelationship: '/Core/Core/api/profiledata/DeleteSecurityRelationship',
          getMultiLangDetails: '/Core/Core/api/profiledata/GetMultiLangDetails',
          ResetSecurityGroupObjectPermissionUrl: '/Core/Core/api/securityapi/ResetSecurityGroupObjectPermission',
          InheritSecurityGroupObjectPermissionsUrl: '/Core/Core/api/securityapi/InheritSecurityGroupObjectPermissions',

          GetESignatureSettings: '/Core/Core/api/securityapi/GetESignatureSettings',
          ListObjectSecurityGroupsUrl: '/Core/Core/api/securityapi/ListObjectSecurityGroups',
          apiTokenUrl: '/Core/Core/api/securityapi/retrieveApiToken',
          GetUAToken: '/Core/Core/api/securityapi/GetUAToken',
          EmulateProfileByAdmin: '/Core/Core/api/securityapi/EmulateProfileByAdmin',
          IsModuleLicensed: '/Core/Core/api/securityapi/IsModuleLicensed',
          GetSecurityPermissions: '/Core/Core/api/securityapi/GetSecurityPermissions',
          getPageHelpUrl: '/Core/Core/api/securityapi/GetPageHelpUrl'

        },
        library:
        {
          libraryApiURL:'/Core/Core/api/libraryapi/GetCatalogs',
          libraryGetTopicURL:'/Core/Core/api/libraryapi/GetCurrentTopic',
          relatedTopicsApiURL:'/Core/Core/api/libraryapi/GetRelatedTopics'
        },
        trainingActivity:
        {
          activityApi:'/Core/Core/api/trainingapi/GetActivitySummaryDetails'
        },
        eSignature:
        {
          eSignatureApi:'/Core/Core/api/esignatureapi/GetESignatureTranslation'
        },
        password:
        {
          ListProhibitedWordUrl: '/Core/Core/api/passwordmanagerapi/ListProhibitedWords',
          ListSecurityQuestionsUrl: '/Core/Core/api/passwordmanagerapi/ListSecurityQuestions',
          GetUserLanaguageListUrl: '/Core/Core/api/passwordmanagerapi/GetUserLanaguageList',
          SaveSecurityQuestionsUrl: '/Core/Core/api/passwordmanagerapi/SaveSecurityQuestion',
          ListUserSecQuestionsUrl: '/Core/Core/api/passwordmanagerapi/ListUserSecQuestions',
          SaveUserSecQuestionsDataUrl: '/Core/Core/api/passwordmanagerapi/SaveUserSecQuestions',
          SavePasswordPolicyUrl: '/Core/Core/api/passwordmanagerapi/SavePasswordPolicy',
          GetPasswordPolicyUrl: '/Core/Core/api/passwordmanagerapi/GetPasswordPolicies',
          GetPasswordPolicyByIdUrl: '/Core/Core/api/passwordmanagerapi/GetPasswordPolicyById',
          GetPasswordPolicyForUserUrl: '/Core/Core/api/passwordmanagerapi/GetPasswordPolicyForUser',
          GetPasswordRulesForUserUrl: '/Core/Core/api/passwordmanagerapi/GetPasswordRulesForUser',
          GetSecurityQuestionsForUserUrl: '/Core/Core/api/passwordmanagerapi/GetSecurityQuestionsForUser',
          DeletePasswordPoliciesUrl: '/Core/Core/api/passwordmanagerapi/DeletePasswordPolicies',
          SaveProhibitedWordsDataUrl: '/Core/Core/api/passwordmanagerapi/SaveProhibitedWords',
          GetRulesAndSettingsUrl: '/Core/Core/api/passwordmanagerapi/GetRulesAndSettings',
          SaveRulesAndSettingsUrl: '/Core/Core/api/passwordmanagerapi/SaveRulesAndSettings',
          SaveEntityAssignmentUrl: '/Core/Core/api/passwordmanagerapi/SaveEntityAssignment',
          GetPasswordSettingsUrl: '/Core/Core/api/passwordmanagerapi/GetPasswordSettings',
          SavePasswordSettingsUrl: '/Core/Core/api/passwordmanagerapi/SavePasswordSettings',
          ResetPasswordUrl: '/Core/Core/api/passwordmanagerapi/ResetPassword'
        },
        myprofile:{
          getWorkerPersonalDetailsUrl: '/Core/Core/api/profiledata/GetWorkerPersonalDetails',
          saveWorkerPersonalDetailsUrl: '/Core/Core/api/profiledata/SaveWorkerPersonalDetails',
          getWorkerProfileUrl: '/Core/Core/api/profiledata/GetWorkerProfile',
          getWorkerBasicProfileUrl: '/Core/Core/api/profiledata/GetWorkerBasicProfile',
          disabledUserProfileUrl: '/Core/Core/api/profiledata/DisableUserLogins',
          enabledUserProfileUrl: '/Core/Core/api/profiledata/EnableUserLogins',
          terminatePersonDetailsUrl: '/Core/Core/api/profiledata/TerminateWorkerProfile',
          restorePersonDetailsUrl: '/Core/Core/api/profiledata/RestoreWorkerProfile',
          getReassignManagerData: '/Core/Core/api/profiledata/GetReassignManagerData',
          getUsersForReassignManager: '/Core/Core/api/profiledata/getUsersForReassignManager',
          updateUsersReassignManager: '/Core/Core/api/profiledata/UpdateUsersReassignManager',
          getPendingTasksForChangeManager: '/Core/Core/api/profiledata/GetPendingTasksForChangeManager',
          updatePersonRelationDetails: '/Core/Core/api/profiledata/UpdateManagerForPerson',
          getSearchUsers: '/Core/Core/api/profiledata/SearchUser',
          getFreeTextSearchUsers: '/Core/Core/api/profiledata/FreeTextUserSearch',
          getAllUser: '/Core/Core/api/profiledata/GetAllUser',
          exportUsers: '/Core/Core/api/profiledata/ExportUsers',
          removeAccount: '/Core/Core/api/profiledata/RemoveAccount',
          getSecurityRightsUrl: '/Core/Core/api/profiledata/GetSecurityRights',
          getMergeUserConflicts: '/Core/Core/api/profiledata/MergeUserConflicts',
          getTMCheckMergeUser: '/Core/Core/api/profiledata/TMCheckMergeUser',
          mergeUserAccounts: '/Core/Core/api/profiledata/MergeUserAccounts',
          listofmergeAccounts: '/Core/Core/api/profiledata/ListofMergeAccounts',
          exportMergeAccounts: '/Core/Core/api/profiledata/ExportMergeAccounts',
          getMergeUserStatus: '/Core/Core/api/profiledata/GetMergeUserStatus',
          addUpdatePersonUrl: '/Core/Core/api/profiledata/AddUpdatePerson',
          getUserPermissionsUrl: '/Core/Core/api/profiledata/GetUserPermissions',
          getUserPermissionsForEmulateProfileUrl: '/Core/Core/api/profiledata/GetUserPermissionsForEmulateProfile',
          exportPendingApprovalsUrl: '/Core/Core/api/profiledata/ExportPendingApproval',
          ExportPendingAccounts: '/Core/Core/api/profiledata/ExportPendingAccounts',
          getAdvancedPendingApprovalUrl:'/Core/Core/api/profiledata/GetAdvancedPendingApproval',
          ActOnPendingApprovalUrl:'/Core/Core/api/profiledata/ActOnPendingApproval',
          getWorkerPersonalDetailsPAUrl: '/Core/Core/api/profiledata/GetWorkerPersonalDetails',
          pendingApprovalSecurityCheckUrl: '/Core/Core/api/profiledata/PendingApprovalSecurityCheck',
          editUserUrl: '/Core/Core/api/profiledata/EditUser',
          getEmployeeTypeUrl: '/Core/Core/api/profiledata/GetEmployeeType',
          GetProfileOverviewMini: '/Core/Core/api/profiledata/GetProfileOverviewMini',
          gePersonHomeAddressUrl:'/Core/Core/api/profiledata/getUserHomeAddress',
          getCreateUserPermissionUrl: '/Core/Core/api/profiledata/GetCreateUserPermissions',
          isGuestUserUrl: '/Core/Core/api/profiledata/IsGuestUser',
        },

        //added
        myUnlockdata: {
          doUnlockDataUrl: '/Core/Core/api/profiledata/doUnlockAccount'
        },
        commonUtilApis: {
          enabledPillarsUrl: '/Core/Core/api/commonapi/GetEnabledPillars'
        },
        jobtemplates:{
          getNextJobNumUrl: '/Core/Core/api/jobapi/GetNextJobNum',
          getJobTemplatesUrl: '/Core/Core/api/jobapi/GetJobTemplates',
          getJobTemplateUrl: '/Core/Core/api/jobapi/GetJobTemplate',   //Deprecated, use getJobTemplateByIdUrl instead
          getJobTemplateByIdUrl: '/Core/Core/api/jobapi/getJobTemplateById',
          getNextJobsUrl: '/Core/Core/api/jobapi/GetNextJobs',
          getCompetenciesFromJobUrl: '/Core/Core/api/jobapi/GetCompetenciesFromJob',
          getJobRequirementsForUserUrl: '/Core/Core/api/jobapi/GetJobRequirementsForUser',
          copyJobTemplatesUrl: '/Core/Core/api/jobapi/CopyJobTemplates',
          deleteJobTemplatesUrl: '/Core/Core/api/jobapi/DeleteJobTemplates',
          saveJobTemplatesUrl: '/Core/Core/api/jobapi/SaveJobTemplate',
          getInstalledPillars: '/Core/Core/api/jobapi/GetInstalledPillars',
          getCoreRelationships: '/Core/Core/api/jobapi/GetCoreRelationships',
          getCodeByCatcdUrl: '/Core/Core/api/lookupsapi/codecats' + '?catcode=',
          exportJobTemplates: '/Core/Core/api/jobapi/ExportJobTemplates',
          getPermissionUrl: '/Core/Core/api/jobapi/GetPermission',
        },
        skills:{
          getSkillsUrl: '/Core/Core/api/skill/GetSkills',
          getSkillUrl: '/Core/Core/api/skill/GetSkill',
          copySkillsUrl: '/Core/Core/api/skill/CopySkills',
          deleteSkillsUrl: '/Core/Core/api/skill/DeleteSkills',
          saveSkillsUrl: '/Core/Core/api/skill/SaveSkill',
          getContentTypesUrl: '/Core/Core/api/skill/getContentTypes',
          getCodeByCatcdUrl: '/Core/Core/api/lookupsapi/codecats' + '?catcode=',
          exportSkills: '/Core/Core/api/skill/ExportSkills',
          getPermissionUrl: '/Core/Core/api/skill/GetPermission',
          getSkillCategoriesUrl: 'https://cl08sales.sumtotaldevelopment.net/Services/api/SkillCategories/GetSkillCategoriesData',
          saveSkillDataUrl:'https://cl08sales.sumtotaldevelopment.net/Services/api/SkillCategories/SaveSkillWithCategories',
          saveSkillCategoryLevelUrl:'https://cl08sales.sumtotaldevelopment.net/Services/api/SkillCategories/SaveSkillCategoryLevel',
        },

        competencies:{
          getCompetenciesUrl: '/Core/Core/api/competencyapi/GetCompetencies',
          getCompetenciesByPersonUrl: '/Core/Core/api/competencyapi/GetCompetenciesByPerson',
          exportCompetenciesUrl: '/Core/Core/api/competencyapi/ExportCompetencies',
          getCompetencyUrl: '/Core/Core/api/competencyapi/GetCompetency',
          saveCompetencyUrl: '/Core/Core/api/competencyapi/SaveCompetency',
          saveEnabledLanguagesUrl: '/Core/Core/api/competencyapi/GetEnabledLanguages',
          getPermissionUrl: '/Core/Core/api/competencyapi/GetPermission',
          deleteCompetenciesUrl: '/Core/Core/api/competencyapi/DeleteCompetencies',
        },

        recruitingquestion:{
          getRecruitingQuestionById: '/Core/Core/api/recruitingquestionapi/GetRecruitingQuestionById',
          getDateTimeById: '/Core/Core/api/recruitingquestionapi/GetDateTimeById',
          getMultipleTextBoxesById: '/Core/Core/api/recruitingquestionapi/GetMultipleTextBoxesById',
          getRatingMatrixById: '/Core/Core/api/recruitingquestionapi/GetRatingMatrixById',
          getRatingById: '/Core/Core/api/recruitingquestionapi/GetRatingById',
          getRecruitingQuestionWithChoicesById: '/Core/Core/api/recruitingquestionapi/GetRecruitingQuestionWithChoicesById',
          getMultiSelectListDropdownsById: '/Core/Core/api/recruitingquestionapi/GetMultiSelectListDropdownsById',

          getRecruitingQuestions: '/Core/Core/api/recruitingquestionapi/GetRecruitingQuestions',
          getFilteredRecruitingQuestions: '/Core/Core/api/recruitingquestionapi/GetFilteredRecruitingQuestions',

          addOrUpdateFlattenRecruitingQuestion: '/Core/Core/api/recruitingquestionapi/AddOrUpdateFlattenRecruitingQuestion',
          addOrUpdateDateTimeRecruitingQuestion: '/Core/Core/api/recruitingquestionapi/AddOrUpdateDateTimeRecruitingQuestion',
          addOrUpdateMultipleTextBoxes: '/Core/Core/api/recruitingquestionapi/AddOrUpdateMultipleTextBoxes',
          addOrUpdateRatingMatrix: '/Core/Core/api/recruitingquestionapi/AddOrUpdateRatingMatrix',
          addOrUpdateRecruitingQuestionWithChoices: '/Core/Core/api/recruitingquestionapi/AddOrUpdateRecruitingQuestionWithChoices',
          addOrUpdateMultiSelectListDropdowns: '/Core/Core/api/recruitingquestionapi/AddOrUpdateMultiSelectListDropdowns',

          restoreOrInactivateRecruitingQuestion: '/Core/Core/api/recruitingquestionapi/RestoreOrInactivateRecruitingQuestion',
          deleteRecruitingQuestions: '/Core/Core/api/recruitingquestionapi/DeleteRecruitingQuestions',

          searchRecruitingQuestionTags: '/Core/Core/api/recruitingquestionapi/SearchRecruitingQuestionTags',
          getAllRecruitingQuestionTags: '/Core/Core/api/recruitingquestionapi/GetAllRecruitingQuestionTags'
        },

        competencyModels:{
          getPermissionUrl: '/Core/Core/api/competencymodelapi/GetPermission',
          getCompetencyModelsUrl: '/Core/Core/api/competencymodelapi/getcompetencymodels',
          saveCompetencyModelsUrl: '/Core/Core/api/competencymodelapi/savecompetencymodel',
          getCompetencyModelEditUrl: '/Core/Core/api/competencymodelapi/getcompetencymodel' + '?targetAssessmentID=',
          deleteCompetencyModelsUrl: '/Core/Core/api/competencymodelapi/deletecompetencymodels' + '?targetAssessmentIDs=',
          copyCompetencyModelsUrl: '/Core/Core/api/competencymodelapi/CopyCompetencyModel' + '?targetAssessmentIDs='
        },

        behaviors:{
          getBehaviorDetailsUrl: '/Core/Core/api/behaviorapi/GetBehaviorDetail',
          getBehaviorsByCmpIdUrl: '/Core/Core/api/behaviorapi/GetBehaviorsbyCmpID',
          getBehaviorsByCmpIdsUrl: 'https://cl08sales.sumtotaldevelopment.net/Services/api/behavior/GetBehaviorsByCmpIDs',
          SaveNewBehaviorDetailUrl: '/Core/Core/api/behaviorapi/SaveNewBehaviorDetail',
          DeleteOrCopyBehaviorsUrl: '/Core/Core/api/behaviorapi/DeleteOrCopyBehaviors',
          ExportBehaviorsUrl: '/Core/Core/api/behaviorapi/ExportBehaviors',
          getPermissionUrl: '/Core/Core/api/behaviorapi/GetPermission',
          getLeftNavPermissionUrl: '/Core/Core/api/behaviorapi/getLeftNavPermission',
          getAssociatedActivitiesUrl: '/Core/Core/api/behaviorapi/getAssocicatedActivities',
          getActivitiesBySearchCritUrl: '/Core/Core/api/behaviorapi/getActivitiesBySearchCrit',
          addDeleteActivitiesUrl: '/Core/Core/api/behaviorapi/addDeleteActivities',
        },
        domains:{
          getListofLMOrgandDomainsUrl: '/Core/Core/api/DomainDataApi/GetListofDomains',
          getCurrentLoginUserDomainUrl: '/Core/Core/api/DomainDataApi/GetCurrentLoginUserDomain',
          expireCurrentDomainCache: '/Core/Core/api/DomainDataApi/ExpireCurrentDomainCache'
        },
        lookups:{
          getListofLMSecurityRolesUrl: '/Core/Core/api/LookupsApi/GetListofLMSecurityRoles',
          getListofTMBusinessUrl: '/Core/Core/api/LookupsApi/GetListofTMBusiness',
          getCodeDefinitionsUrl: '/Core/Core/api/lookupsapi/allcodecats',
          getCodesUrl: '/Core/Core/api/lookupsapi/codecats',
          getMultipleCodesUrl: '/Core/Core/api/lookupsapi/GetCodeDefinitions',
          getCodesForRatingUrl: '/Core/Core/api/lookupsapi/codecatsforrating',
          getCodeDefinitionsListUrl: '/Core/Core/api/lookupsapi/codecatsforedit',
          getCodeDefinitionsEditUrl: '/Core/Core/api/lookupsapi/editcodecat',
          getCodeDefinitionscodesforeditUrl: '/Core/Core/api/lookupsapi/codesforedit',
          getLinkedCodesForCatcd: '/Core/Core/api/lookupsapi/linkedcodes',
          getCodeDefinitionsSaveUrl: '/Core/Core/api/lookupsapi/savecodecat',
          getCodeDefinitionUpdateStatusUrl: '/Core/Core/api/lookupsapi/updatecodecatstatus',
          getCodesEditUrl: '/Core/Core/api/lookupsapi/editcode',
          getCodesSaveUrl: '/Core/Core/api/lookupsapi/savecode',
          getCodeUpdateStatusUrl: '/Core/Core/api/lookupsapi/updatecodestatus',
          getTimezonesUrl: '/Core/Core/api/lookupsapi/alltimezones',
          getCodeByCatcdUrl: '/Core/Core/api/lookupsapi/codecats' + '?catcode='
        },
        developmentplan:{
          getDevPlanofUserForPeriodUrl: '/Core/Core/api/developmentplanapi/GetDevelopmentPlanForOwnerForPeriod',
          getDevelopmentPlanTasksForPlanUrl: '/Core/Core/api/developmentplanapi/GetDevelopmentPlanTasksForPlan',
          getDevelopmentPlanActivitiesForOwner: '/Core/Core/api/developmentplanapi/GetDevelopmentPlanActivitiesForOwner',
          SaveDevelopmentPlanUrl: '/Core/Core/api/developmentplanapi/SaveDevelopmentPlan',
          SaveDevelopmentPlanActivityUrl: '/Core/Core/api/developmentplanapi/SaveDevelopmentPlanActivity',
          getGoalPeriodsUrl: '/Core/Core/api/developmentplanapi/GetGoalPeriodsList',
          deleteDevelopmentPlanActivityUrl: '/Core/Core/api/developmentplanapi/DeleteDevPlanActivity',
          deleteDevelopmentPlanGroupUrl: '/Core/Core/api/developmentplanapi/DeleteDevelopmentPlanGroup',
          getDevPlanGroupsUrl: '/Core/Core/api/developmentplanapi/GetDevPlanGroups',
          saveDevPlanGroupsUrl: '/Core/Core/api/developmentplanapi/SaveDevelopmentPlanGroup',
          saveDevPlanPeriodUrl: '/Core/Core/api/developmentplanapi/SaveDevelopmentPlanPeriod',
          getDirectReportsDataUrl:'/Core/Core/api/developmentplanapi/getDirectReportsData',
          saveMultipleActivitiesUrl:'/Core/Core/api/developmentplanapi/MultiAssignActivity',
          getAllCompetenciesUrl: '/Core/Core/api/developmentplanapi/GetAllCompetencies',
          getActivitiesForCompetencyUrl: '/Core/Core/api/developmentplanapi/GetActivitiesForCompetency',
          SaveApprovalStatusUrl: '/Core/Core/api/developmentplanapi/SaveApprovalStatus',
          getLatestPeriodUrl: '/Core/Core/api/developmentplanapi/GetLatestGoalPeriod',
          getDevPlanOfUsersForAPeriodUrl: '/Core/Core/api/developmentplanapi/GetDevPlanOfUsersForAPeriod',
          getDevPlanOwnerInfoUrl: '/Core/Core/api/developmentplanapi/GetDevPlanOwnerInfo',
          getDevPlanOwnerUserNameUrl: '/Core/Core/api/developmentplanapi/GetDevPlanOwnerUserName',
          getUserJobUrl: '/Core/Core/api/developmentplanapi/GetUserJob',
          getCompetenciesForUserJobUrl: '/Core/Core/api/developmentplanapi/GetCompetenciesForUserJob',
          getCompetencyBehaviorsUrl: '/Core/Core/api/developmentplanapi/GetCompetencyBehaviors',
          getCodesForDevPlanUrl: '/Core/Core/api/developmentplanapi/GetCodesForDevPlan',
          getRatingScaleUrl: '/Core/Core/api/developmentplanapi/GetRatingScale',
          getTargetScaleUrl: '/Core/Core/api/developmentplanapi/GetTargetScale',
          getAssessedCompetenciesUrl: '/Core/Core/api/developmentplanapi/GetAssessedCompetencies',
          getmodelDataUrl:'/Core/Core/api/developmentplanapi/GetmodelData',
          getCompetenciesForPositionUrl: '/Core/Core/api/developmentplanapi/GetCompetenciesForPosition',
          HasManagerRelationshipUrl:'/Core/Core/api/developmentplanapi/HasManagerRelationship',
          getActivitiesBySearchCritUrl: '/Core/Core/api/developmentplanapi/getActivitiesBySearchCrit',
          getManagerCommentsForDevPlanUrl: '/Core/Core/api/developmentplanapi/GetManagerCommentsForDevPlan',
          getUDPGroupsUrl: '/Core/Core/api/developmentplanapi/GetUDPGroups',
          getUDPGroupDetailsUrl: '/Core/Core/api/developmentplanapi/GetUDPGroupDetails',
          saveUDPGroupDataUrl: '/Core/Core/api/developmentplanapi/SaveUDPGroupData',
          checkDevelopmentPlanSecurityUrl: '/Core/Core/api/developmentplanapi/CheckDevelopmentPlanSecurity',
          SaveDevelopmentPlanObjective: 'https://cl08sales.sumtotaldevelopment.net/Services/api/UDP/SaveDevelopmentPlanObjective',
          getDevPlanObjectives: 'https://cl08sales.sumtotaldevelopment.net/Services/api/UDP/GetDevPlanObjectives',
          deleteObjective: 'https://cl08sales.sumtotaldevelopment.net/Services/api/UDP/DeleteObjective',
          getDevelopmentPlanForOwner: 'https://cl08sales.sumtotaldevelopment.net/Services/api/UDP/GetDevelopmentPlanForOwner'
        },
        newDevelopmentPlan:{
          createEditTaskURL: 'https://cl08sales.sumtotaldevelopment.net/Services/api/UDP/CreateEditTask',
          saveDevPlanComments: 'https://cl08sales.sumtotaldevelopment.net/Services/api/UDP/SaveDevPlanComments',
          getDevPlanForUserURL: 'https://cl08sales.sumtotaldevelopment.net/Services/api/UDP/GetUnifiedDevelopmentPlan',
          getDevPlanObjectivesURL: 'https://cl08sales.sumtotaldevelopment.net/Services/api/UDP/GetDevPlanObjectives',
          getDevPlanTasksURL: 'https://cl08sales.sumtotaldevelopment.net/Services/api/UDP/GetDevPlanTasks',
          saveUDPConfigSettingsUrl: 'https://cl08sales.sumtotaldevelopment.net/Services/api/UDP/SaveUDPConfigSettings',
          togglePrivateStatusUrl: 'https://cl08sales.sumtotaldevelopment.net/Services/api/UDP/TogglePrivateStatus',
          saveMultipleActivitiesUrl:'https://cl08sales.sumtotaldevelopment.net/Services/api/UDP/MultiAssignActivity',
          getDevelopmentPlanSettingsUrl:'https://cl08sales.sumtotaldevelopment.net/Services/api/UDP/GetDevelopmentPlanSettings',
          getSkillsForDevPlanTasksUrl: 'https://cl08sales.sumtotaldevelopment.net/Services/api/UDP/GetSkillsForDevPlanTasks',
          getCompetenciesForDevPlanTasksUrl:'https://cl08sales.sumtotaldevelopment.net/Services/api/UDP/GetCompetenciesForDevPlanTasks',
          getSkillsForJobUrl : 'https://cl08sales.sumtotaldevelopment.net/Services/api/UDP/GetSkillsForJob',
          GetActivitiesForSkillUrl:'https://cl08sales.sumtotaldevelopment.net/Services/api/UDP/GetActivitiesForSkill',
          GetSkillsForUserUrl:'https://cl08sales.sumtotaldevelopment.net/Services/api/UDP/GetSkillsForUser',
          GetJobsForActivitiesUrl:'https://cl08sales.sumtotaldevelopment.net/Services/api/UDP/GetJobsForActivities',
          GetUserDevPlanForPeriodUrl : 'https://cl08sales.sumtotaldevelopment.net/Services/api/UDP/GetUserDevPlanForPeriod'
        },
        userManagement:{
          getModelsUrl: '/Core/Core/api/globalconfiguratorapi/models',
          getGlobalConfigurationUrl: '/Core/Core/api/globalconfiguratorapi/globalconfigurations',
          saveGlobalConfigurationUrl: '/Core/Core/api/globalconfiguratorapi/saveglobalconfiguration',
          getAdvancedConfigurationUrl: '/Core/Core/api/globalconfiguratorapi/advancedconfigurations',
          saveAdvancedConfigurationUrl: '/Core/Core/api/globalconfiguratorapi/saveadvancedconfiguration',
          getModelConfigurationUrl: '/Core/Core/api/globalconfiguratorapi/modelconfigurations',
          getAvailableUserFieldsUrl: '/Core/Core/api/globalconfiguratorapi/availableuserfields?targetuserid=',
          getAvailableEditUserLinksUrl: '/Core/Core/api/globalconfiguratorapi/availableedituserlinks',
          getExtendedAdvancedConfigurationUrl: '/Core/Core/api/globalconfiguratorapi/extendedconfigurations',
          getAdvancedSectionConfigurationUrl: '/Core/Core/api/globalconfiguratorapi/extendedsectionconfigurations',
          saveExtendedConfigurationUrl: '/Core/Core/api/globalconfiguratorapi/saveextendedconfiguration',
          forgetUserListUrl: 'https://cl08sales.sumtotaldevelopment.net/Services/api/user/forgetuserlist',
          forgetUserUrl: 'https://cl08sales.sumtotaldevelopment.net/Services/api/user/forgetuser'
        },
        userAccount:{
          getUserAccountGeneralSettingsUrl:  '/Core/Core/api/UserAccountCreationApi/GetUserAccountCreationGeneralSettings',
          saveUserAccountGeneralSettingsUrl:  '/Core/Core/api/UserAccountCreationApi/SaveUserAccountCreationGeneralSettings',
          getSSOBrokerUrl:'/Core/Core/api/UserAccountCreationApi/GetSSOBrokerUrl'
        },
        udpConfiguration:{
          getGoalPeriodsUrl: '/Core/Core/api/developmentplanapi/GetGoalPeriodsList',
          getGoalPeriodUrl: '/Core/Core/api/developmentplanapi/GetGoalPeriod',
          saveGoalPeriodUrl: '/Core/Core/api/developmentplanapi/SaveGoalPeriod',
          deleteGoalPeriodsUrl: '/Core/Core/api/developmentplanapi/DeleteGoalPeriods',
          getUdpRequiresApprovalConfigUrl: '/Core/Core/api/developmentplanapi/GetUdpApprovalCofiguration',
          getDevelopmentPlanConfigurationUrl: '/Core/Core/api/developmentplanapi/GetDevelopmentPlanConfiguration',
          getActiveLanguagesUrl: '/Core/Core/api/developmentplanapi/GetActiveLanguages'
        },
        myresume:{
          getResumeDataUrl: '/Core/Core/api/ResumeApi/GetResumeData',
          getCertificationNamesDataUrl: '/Core/Core/api/LookupsApi/GetCertificationNamesList',
          getLstinstitutionsNamesDataUrl: '/Core/Core/api/LookupsApi/GetAvailableSchools',
          getViewLanguageProficiencyDataUrl: '/Core/Core/api/ResumeApi/GetLanguageProficiencyList',
          getEducationByIdUrl: '/Core/Core/api/ResumeApi/GetEducationById',
          getViewLocationPreferenceDataUrl: '/Core/Core/api/ResumeApi/GetLocationPreferenceList',
          getCareerInformationDataUrl: '/Core/Core/api/ResumeApi/GetCareerInformation',
          saveCareerInformationForUserUrl: '/Core/Core/api/ResumeApi/SaveCareerInformationForUser',
          deleteLocationPreferenceUrl: '/Core/Core/api/ResumeApi/deleteLocationPreference',
          getCountriesUrl: '/Core/Core/api/LookupsApi/countries',
          getStatesbyIdUrl: '/Core/Core/api/LookupsApi/provinces',
          getCitiesByIdUrl: '/Core/Core/api/LookupsApi/GetCities',
          getDegreesUrl: '/Core/Core/api/ResumeApi/degreeOptions',
          getWorkExperienceListUrl: '/Core/Core/api/ResumeApi/GetWorkExperienceList',
          saveWorkExperienceDetailsUrl: '/Core/Core/api/ResumeApi/SaveWorkExperienceDetails',
          getIndustryListUrl: '/Core/Core/api/ResumeApi/GetIndustryList'+ '?pid=' + 'D6D3F6FB8D04FAF81E16B69BE72609DA',
          saveProjectExperienceDetailsUrl: '/Core/Core/api/ResumeApi/SaveProjectExperienceDetails',
          getWillingtoTravelOptionsListUrl: '/Core/Core/api/ResumeApi/GetWillingtoTravelOptionsList'+ '?pid=' + 'D6D3F6FB8D04FAF81E16B69BE72609DA',
          savelocationPreferenceDetailsUrl: '/Core/Core/api/ResumeApi/SavelocationPreferenceDetails',
          saveLanguageProficiencyDetailsUrl: '/Core/Core/api/ResumeApi/SaveLanguageProficiencyDetails',
          submitEducationUrl: '/Core/Core/api/ResumeApi/SaveEducation',
          submitMembershipUrl:'/Core/Core/api/ResumeApi/SaveMembership',
          submitCertificationUrl: '/Core/Core/api/ResumeApi/SaveCertification',
          submitSkillUrl: '/Core/Core/api/ResumeApi/SaveSkill',
          getLanguageProficiencyOptionsUrl: '/Core/Core/api/ResumeApi/GetLanguageProficiencyOptions',
          getLanguageOptionsUrl: '/Core/Core/api/ResumeApi/GetLanguageOptions',
          deleteLanguageProficiencyDetailsUrl: '/Core/Core/api/ResumeApi/DeleteLanguageProficiencyDetails',
          deleteLocationPreferenceDetailsUrl: '/Core/Core/api/ResumeApi/DeleteLocationPreferenceDetails',
          getCodeByCatcdUrl: '/Core/Core/api/LookupsApi/catCodesbyLang' + '?catCd=',
          getAllResumeOptionsUrl: '/Core/Core/api/ResumeApi/GetAllResumeOptions',
          getResumeConfigUrl: '/Core/Core/api/ResumeApi/GetResumeConfig',
          GetAwardsUrl: '/Core/Core/api/resumeapi/GetAwards',
          AddAwardsUrl: '/Core/Core/api/resumeapi/AddAwards',
          UpdateAwardsUrl: '/Core/Core/api/resumeapi/UpdateAwards',
          DeleteAwardsUrl: '/Core/Core/api/resumeapi/DeleteAwards'
        },
        onBoardingResume:{
          getResumeDataUrl: '/Core/Core/api/OnBoardingResumeApi/GetResumeData',
          getResumeResponseDataUrl: 'https://cl08sales.sumtotaldevelopment.net/Services/api/Resume/GetResumeResponseData',
          ParseResumeUrl: 'https://cl08sales.sumtotaldevelopment.net/Services/api/Resume/GetParsedResumeData',
          getResumeConfigDataUrl: '/Core/Core/api/OnBoardingResumeApi/GetResumeConfigData',
          getPersonResumesUrl: '/Core/Core/api/OnBoardingResumeApi/GetPersonResumes',
          getMultipleResumesUrl: '/Core/Core/api/OnBoardingResumeApi/GetMultipleResumes',
          getCountriesUrl: '/Core/Core/api/LookupsApi/countries',
          getStatesbyIdUrl: '/Core/Core/api/LookupsApi/provinces',
          getCitiesByIdUrl: '/Core/Core/api/LookupsApi/GetCities',
          saveResumeDataUrl: '/Core/Core/api/OnBoardingResumeApi/SaveResumeData',
          saveMultipleResumesUrl: '/Core/Core/api/OnBoardingResumeApi/SaveMultipleResumes',
          getResumeOptionsUrl: '/Core/Core/api/OnBoardingResumeApi/GetResumeOptions',
          getCodeByCatcdUrl: '/Core/Core/api/LookupsApi/catCodesbyLang' + '?catCd=',
          getRequisitionsHistoryUrl: '/Core/Core/api/OnBoardingResumeApi/GetRequisitionHistoryForUser',
          getFeedbackUrl: '/Core/Core/api/OnBoardingResumeApi/GetFeedback',
          getRequisitionJobTemplateSalaryRangeUrl: '/Core/Core/api/OnBoardingResumeApi/GetRequisitionJobTemplateSalaryRange',
          getInternalEquityDetailsUrl: '/Core/Core/api/OnBoardingResumeApi/GetInternalEquityDetails',
          getResumeReferencesUrl: '/Core/Core/api/OnBoardingResumeApi/GetResumeReferences',
          getManagerInfo: '/Core/Core/api/OnBoardingResumeApi/GetManagerId',
          getSchoolsUrl: '/Core/Core/api/LookupsApi/GetAvailableSchools',
          getResumeAndApplicationPermissionUrl: 'https://cl08sales.sumtotaldevelopment.net/Services/api/Resume/GetResumeAndApplicationPermission'
        },
        onBoardingRequisition:{
          getEmployeesUrl: '/Core/Core/api/OnBoardingRequisitionApi/GetEmployees',
          getPostingSitesUrl: '/Core/Core/api/OnBoardingRequisitionApi/GetPostingSites',
          getWorkLocationsUrl: '/Core/Core/api/OnBoardingRequisitionApi/GetWorkLocations',
          getJobPositionsUrl: '/Core/Core/api/OnBoardingRequisitionApi/GetJobPositions',
          getJobTemplatesUrl: '/Core/Core/api/OnBoardingRequisitionApi/GetJobTemplates',
          saveRequisitionDataUrl: '/Core/Core/api/OnBoardingRequisitionApi/SaveRequisitionData',
          getRequisitionsUrl: '/Core/Core/api/OnBoardingRequisitionApi/GetRequisitions',
          getRequisitionDataUrl: '/Core/Core/api/OnBoardingRequisitionApi/GetRequisitionDetails',
          getRequisitionDataForPreviewUrl: '/Core/Core/api/OnBoardingRequisitionApi/GetRequisitionDetailsForPreview',
          getSkillsUrl: '/Core/Core/api/LookupsApi/GetAvailableSkills',
          getCertificationsUrl: '/Core/Core/api/LookupsApi/GetCertificationNamesList',
          getPostingSiteUrl: '/Core/Core/api/OnBoardingRequisitionApi/GetPostingSite',
          getUpdateRequisitionStatusUrl: '/Core/Core/api/OnBoardingRequisitionApi/UpdateRequisitionStatus',
          getRequisitionPermissionUrl: '/Core/Core/api/OnBoardingRequisitionApi/GetPermissions',
          applyRequisitionUrl: '/Core/Core/api/OnBoardingRequisitionApi/ApplyForRequisition',
          getApplicationAssessmentForRequisitionUrl: '/Core/Core/api/OnBoardingRequisitionApi/GetApplicationAssessmentForRequisition',
          getRequisitionStatusUrl: '/Core/Core/api/OnBoardingRequisitionApi/GetStatusOptions',
          getCreateFromUrl: '/Core/Core/api/OnBoardingRequisitionApi/CreateRequisitionFrom',
          getRequisitionCandidatesUrl: '/Core/Core/api/OnBoardingRequisitionApi/GetCandidates',
          getPositionFitMetricDetails: '/Core/Core/api/OnBoardingRequisitionApi/GetCandidatePositionFitDetails',
          getGeographicalDetailsUrl: '/Core/Core/api/OnBoardingRequisitionApi/GetGeographicalDetails',
          getClientHierarchyLevelsUrl: '/Core/Core/api/OnBoardingRequisitionApi/GetClientHierarchyLevels',
          getJobFitForUser: '/Core/Core/api/OnBoardingRequisitionApi/GetJobFitForUser',
          getRequisitionRolesUrl: '/Core/Core/api/OnBoardingRequisitionApi/GetRequisitionRoles',
          getRecentlyAccessedRequisitionApplicationsUrl:'https://cl08sales.sumtotaldevelopment.net/Services/api/RecruitingWidgets/GetRecentlyAccessedRequisitionApplications',
          saveRecentlyAccessedApplicationUrl:'https://cl08sales.sumtotaldevelopment.net/Services/api/RecruitingWidgets/SaveRecentlyAccessedApplication',
          getRequisitionSummaryUrl:'https://cl08sales.sumtotaldevelopment.net/Services/api/RecruitingWidgets/GetRequisitionSummary',
          getRequisitionDashboardUrl: '/Core/Core/api/OnBoardingRequisitionApi/LoadRequisitionDashboardByUrlWithPermissions',
          getRequisitionAssessmentsUrl: '/Core/Core/api/OnBoardingRequisitionApi/GetRequisitionAssessments',
          getRequisitionAssessmentUrl: '/Core/Core/api/OnBoardingRequisitionApi/GetRequisitionAssessment',
          createUpdateRequisitionAssessmentUrl: '/Core/Core/api/OnBoardingRequisitionApi/CreateUpdateRequisitionAssessment',
          deleteRequisitionAssessmentsUrl: '/Core/Core/api/OnBoardingRequisitionApi/DeleteRequisitionAssessments',
          deleteRequisitionsUrl: '/Core/Core/api/OnBoardingRequisitionApi/DeleteRequisitions',
          getApprovalHistory:'https://cl08sales.sumtotaldevelopment.net/Services/api/Requisition/GetApprovalHistory',
          approveRequisitionUrl: 'https://cl08sales.sumtotaldevelopment.net/Services/api/Requisition/ApproveTask',
          getFavouriteJobsUrl:'https://cl08sales.sumtotaldevelopment.net/Services/api/jobSearch/GetFavoriteJobs/',
          getRecommendedJobsForUserUrl: 'https://cl08sales.sumtotaldevelopment.net/Services/api/RecruitingWidgets/GetRecommendedJobsForUser',
          getRequisitionApplicationsCountForPhaseUrl:'https://cl08sales.sumtotaldevelopment.net/Services/api/CandidateManagement/GetRequisitionApplicationsCountForPhase',
          addRequisitionAssessmentsUrl: '/Core/Core/api/OnBoardingRequisitionApi/AddRequisitionAssessments',
          saveRequisitionAnswersUrl: 'https://cl08sales.sumtotaldevelopment.net/Services/api/Requisition/SaveRequisitionAssessmentAnswer',
          updateJobBoardDataUrl: '/Core/Core/api/OnBoardingRequisitionApi/UpdateJobBoardData',
          postToEQuestUrl: '/Core/Core/api/OnBoardingRequisitionApi/PostToEQuest',
          deletePostingUrl: '/Core/Core/api/OnBoardingRequisitionApi/DeletePosting',
          getEQuestJobPostingsUrl: '/Core/Core/api/OnBoardingRequisitionApi/GetEQuestJobPostings',
          getEQuestJobIdUrl: '/Core/Core/api/OnBoardingRequisitionApi/GetEQuestJobId',
          SubmitRequisitionAssessmentAnswersUrl:'https://cl08sales.sumtotaldevelopment.net/Services/api/Requisition/SubmitRequisitionAssessmentAnswers',
        },
        onBoardingCandidateManagement: {
          getRequisitionCandidateUrl: 'https://cl08sales.sumtotaldevelopment.net/Services/api/CandidateManagement/GetRequisitionCandidates',
          getCodeDefinitionsUrl: 'https://cl08sales.sumtotaldevelopment.net/Services/api/CandidateManagement/GetCodeDefinition',
          updateRequisitionApplicationUrl: 'https://cl08sales.sumtotaldevelopment.net/Services/api/CandidateManagement/UpdateApplicationRaking',
          saveInterviewScheduleUrl: 'https://cl08sales.sumtotaldevelopment.net/Services/api/RecruitingInterview/SaveInterviewSchedule',
          getAssessmentsForInterviewerUrl: 'https://cl08sales.sumtotaldevelopment.net/Services/api/RecruitingInterview/GetAssessmentsForInterviewer',
          getRequisitionsUrl: 'https://cl08sales.sumtotaldevelopment.net/Services/api/CandidateManagement/GetRequistions',
          getUsersUrl : 'https://cl08sales.sumtotaldevelopment.net/Services/api/CandidateManagement/GetUsers',
          AddCandidatesToFolderUrl:'https://cl08sales.sumtotaldevelopment.net/Services/api/CandidateManagement/AddCandidateToFolder',
          getRequisitionApplicationUrl: 'https://cl08sales.sumtotaldevelopment.net/Services/api/CandidateManagement/GetRequisitionApplication',
          getRecruitingFolders:'https://cl08sales.sumtotaldevelopment.net/Services/api/CandidateManagement/GetRecruitingFolders',
          getInterviewsForCandidateUrl: 'https://cl08sales.sumtotaldevelopment.net/Services/api/CandidateManagement/GetInterviewsForCandidate',
          GetEmailLogForCandidateUrl: 'https://cl08sales.sumtotaldevelopment.net/Services/api/CandidateManagement/GetEmailLogForCandidate',
          getListOfFoldersUrl: 'https://cl08sales.sumtotaldevelopment.net/Services/api/CandidateManagement/GetListOfFolders',
          GetEmailLogForCandidateUrl: 'https://cl08sales.sumtotaldevelopment.net/Services/api/CandidateManagement/GetEmailLogForCandidate',
          saveRecruitingFolder: 'https://cl08sales.sumtotaldevelopment.net/Services/api/CandidateManagement/SaveRecruitingFolder',
          savecandidateSearch: 'https://cl08sales.sumtotaldevelopment.net/Services/api/CandidateManagement/SaveCandidateSearch',
          getSavedSearches: 'https://cl08sales.sumtotaldevelopment.net/Services/api/CandidateManagement/GetSavedSearches',
          getCandidateTransactionHistoryUrl:'https://cl08sales.sumtotaldevelopment.net/Services/api/CandidateManagement/GetCandidateTransactionHistory',
          getRequisitionApplicationForCandidateUrl: 'https://cl08sales.sumtotaldevelopment.net/Services/api/CandidateManagement/GetRequisitionApplicationForCandidate',
          applyToRequisitionUrl: 'https://cl08sales.sumtotaldevelopment.net/Services/api/CandidateManagement/ApplyToRequisition',
          getAssessmentsForApplicationUrl: 'https://cl08sales.sumtotaldevelopment.net/Services/api/CandidateManagement/GetAssessmentsForApplication',
          getRequisitionCandidateAssessmentUrl: 'https://cl08sales.sumtotaldevelopment.net/Services/api/CandidateManagement/GetRequisitionCandidateAssessment',
          getCandidateExplorerOptions:'https://cl08sales.sumtotaldevelopment.net/Services/api/CandidateManagement/GetCandidateExplorerOptions',
          getCandidateAssessments: 'https://cl08sales.sumtotaldevelopment.net/Services/api/CandidateManagement/GetCandidateAssessments',
          removeCandidateUrl:'https://cl08sales.sumtotaldevelopment.net/Services/api/CandidateManagement/RemoveCandidate',
          getCandidateChecksData:'https://cl08sales.sumtotaldevelopment.net/Services/api/CandidateManagement/GetCandidateChecksData',
          saveChecksData: 'https://cl08sales.sumtotaldevelopment.net/Services/api/CandidateManagement/saveCandidateChecksData',
          getRecommendedCandidateListUrl:'https://cl08sales.sumtotaldevelopment.net/Services/api/CandidateManagement/GetRecommendedCandidateList',
          recommendedCandidatesActionUrl:'https://cl08sales.sumtotaldevelopment.net/Services/api/CandidateManagement/RecommendedCandidatesAction',
		  deleteGDPRExternalCandidateData:'https://cl08sales.sumtotaldevelopment.net/Services/api/CandidateManagement/deleteGDPRExternalCandidates',
          saveRequisitionCandidateAssessment:'https://cl08sales.sumtotaldevelopment.net/Services/api/CandidateManagement/SaveCandidateAssesssment',
          sendCandidateCommunication: 'https://cl08sales.sumtotaldevelopment.net/Services/api/CandidateManagement/SendCandidateCommunication',
          getCandidateCommunication: 'https://cl08sales.sumtotaldevelopment.net/Services/api/CandidateManagement/GetCandidateCommunicationList',
          getCreateCandidateFormModelUrl: 'https://cl08sales.sumtotaldevelopment.net/Services/api/GlobalConfigurator/modelconfigurations',
          sendCandidateCommunication: 'https://cl08sales.sumtotaldevelopment.net/Services/api/CandidateManagement/SendCandidateCommunication',
          addUserManuallyUrl: 'https://cl08sales.sumtotaldevelopment.net/Services/api/CandidateManagement/AddCandidate',
          deleteCandidateFromRequisitionUrl: 'https://cl08sales.sumtotaldevelopment.net/Services/api/CandidateManagement/DeleteCandidatesFromRequisition',
          getCandidateCommunicationContent: 'https://cl08sales.sumtotaldevelopment.net/Services/api/CandidateManagement/GetCandidateCommunication',
            sendEmailNotificationToCandidateUrl: 'https://cl08sales.sumtotaldevelopment.net/Services/api/CandidateManagement/sendEmailNotificationToCandidate',
            restrictCandidateForReApplyUrl:'https://cl08sales.sumtotaldevelopment.net/Services/api/CandidateManagement/GetRestrictCandidateForReApply',
          sendBulkEmailsToCandidatesUrl: 'https://cl08sales.sumtotaldevelopment.net/Services/api/CandidateManagement/SendBulkEmailsToCandidates',
          getCandidateDetailsUrl: 'https://cl08sales.sumtotaldevelopment.net/Services/api/CandidateManagement/GetCandidateDetails'
        },
        onBoardingOfferManagement: {
          getRequisitionCompensationUrl: 'https://cl08sales.sumtotaldevelopment.net/Services/api/OfferManagement/GetRequisitionCompensationData',
          saveApplicationOfferUrl: 'https://cl08sales.sumtotaldevelopment.net/Services/api/OfferManagement/SaveApplicationOffer',
          getCurrencyCodesUrl: '/Core/Core/api/OnBoardingRequisitionApi/GetCurrencyCodes',
          getOfferDataUrl: 'https://cl08sales.sumtotaldevelopment.net/Services/api/OfferManagement/GetApplicationOfferData',
          deleteCompensationUrl: 'https://cl08sales.sumtotaldevelopment.net/Services/api/OfferManagement/DeleteCompensation',
          deleteAttachmentUrl: 'https://cl08sales.sumtotaldevelopment.net/Services/api/OfferManagement/DeleteAttachment',
          getPayTypeUrl: 'https://cl08sales.sumtotaldevelopment.net/Services/api/OfferManagement/GetPayType',
          getRequisitionOfferWorkflowKey: 'https://cl08sales.sumtotaldevelopment.net/Services/api/OfferManagement/GetRequisitionOfferWorkflowKey',
          sendSignatureRequest:'https://cl08sales.sumtotaldevelopment.net/Services/api/OfferManagement/SendSignatureRequest'
        },
        recruitingHire: {
          processHireUrl: 'https://cl08sales.sumtotaldevelopment.net/Services/api/RecruitingHire/ProcessHire',
          GetRecruitingHiresUrl: 'https://cl08sales.sumtotaldevelopment.net/Services/api/RecruitingHire/GetRecruitingHires',
          ExportCandidateDetailsUrl: '/Core/Core/api/profiledata/ExportCandidateDetails',
          CreateEmployeeRecordUrl : 'https://cl08sales.sumtotaldevelopment.net/Services/api/RecruitingHire/CreateEmployeeRecord',
          FinalizeNewHireUrl: 'https://cl08sales.sumtotaldevelopment.net/Services/api/RecruitingHire/FinalizeNewHire',
          canHireUrl : 'https://cl08sales.sumtotaldevelopment.net/Services/api/RecruitingHire/CanHire'
        },
        coaching:{
          getPermissionsUrl: 'https://cl08sales.sumtotaldevelopment.net/Services/api/coaching/GetPermissions',
          getIssuesForManagerUrl: 'https://cl08sales.sumtotaldevelopment.net/Services/api/Coaching/GetIssuesForManager',
          getEmployeeWithIssueForManagerUrl: 'https://cl08sales.sumtotaldevelopment.net/Services/api/Coaching/GetEmployeeWithIssueForManager'
        },
        continuousfeedback:{
          createOrEditFeedbackRequestUrl: 'https://cl08sales.sumtotaldevelopment.net/Services/api/continuousreview/CreateOrEditFeedbackRequest',
          createFeedbackRequestUrl: 'https://cl08sales.sumtotaldevelopment.net/Services/api/continuousreview/CreateFeedbackRequest',
          createOrEditFeedbackResponseUrl: 'https://cl08sales.sumtotaldevelopment.net/Services/api/continuousreview/CreateOrEditFeedbackResponse',
          getFeedbackRequestUrl: 'https://cl08sales.sumtotaldevelopment.net/Services/api/continuousreview/GetFeedbackRequest',
          getFeedbackResponseUrl: 'https://cl08sales.sumtotaldevelopment.net/Services/api/continuousreview/GetFeedbackResponse',
          getContinuousReviewItemsUrl: 'https://cl08sales.sumtotaldevelopment.net/Services/api/continuousreview/GetContinuousReviewItems',
          addRemoveCommentToFormUrl: 'https://cl08sales.sumtotaldevelopment.net/Services/api/continuousreview/AddRemoveCommentToForm',
          flagItemUrl: 'https://cl08sales.sumtotaldevelopment.net/Services/api/continuousreview/FlagItem',
          thankProviderUrl: 'https://cl08sales.sumtotaldevelopment.net/Services/api/continuousreview/ThankProvider',
          sendReminderUrl: 'https://cl08sales.sumtotaldevelopment.net/Services/api/continuousreview/SendReminder',
          getPermissionsUrl: 'https://cl08sales.sumtotaldevelopment.net/Services/api/continuousreview/GetPermissions',
          getFeedbackDatesDataUrl: 'https://cl08sales.sumtotaldevelopment.net/Services/api/continuousreview/GetFeedbackDatesData',
          createJournalUrl: 'https://cl08sales.sumtotaldevelopment.net/Services/api/continuousreview/CreateJournal',
          getJournalUrl: 'https://cl08sales.sumtotaldevelopment.net/Services/api/continuousreview/GetJournal',
          getCurrentManagerUrl: 'https://cl08sales.sumtotaldevelopment.net/Services/api/continuousreview/GetCurrentManager',
          replyJournalUrl: 'https://cl08sales.sumtotaldevelopment.net/Services/api/continuousreview/ReplyJournal',
          closeJournalUrl: 'https://cl08sales.sumtotaldevelopment.net/Services/api/continuousreview/CloseJournal',
          thankJournalUrl: 'https://cl08sales.sumtotaldevelopment.net/Services/api/continuousreview/ThankJournal',
          deleteJournalUrl: 'https://cl08sales.sumtotaldevelopment.net/Services/api/continuousreview/DeleteJournal',
          hardDeleteContinuousFeedbackUrl: 'https://cl08sales.sumtotaldevelopment.net/Services/api/continuousreview/HardDeleteContinuousFeedback',
          hardDeleteFeedbackJournalUrl: 'https://cl08sales.sumtotaldevelopment.net/Services/api/continuousreview/HardDeleteFeedbackJournal',

        },
        onboardingConfiguration:{
          getApprovalWorkflowsUrl: 'https://cl08sales.sumtotaldevelopment.net/Services/api/onboarding/configuration/getWorkflows',
          getApprovalWorkflowUrl: 'https://cl08sales.sumtotaldevelopment.net/Services/api/onboarding/configuration/getWorkflow',
          copyApprovalWorkflowsUrl: 'https://cl08sales.sumtotaldevelopment.net/Services/api/onboarding/configuration/copyWorkflows',
          saveApprovalWorkflowUrl: 'https://cl08sales.sumtotaldevelopment.net/Services/api/onboarding/configuration/saveWorkflow',
          deleteApprovalWorkflowUrl: 'https://cl08sales.sumtotaldevelopment.net/Services/api/onboarding/configuration/deleteWorkflow',
          activateApprovalWorkflowUrl: 'https://cl08sales.sumtotaldevelopment.net/Services/api/onboarding/configuration/activateWorkflow',
        },
        emailConfiguration: {
          saveEmailTemplateUrl: 'https://cl08sales.sumtotaldevelopment.net/Services/api/core/emailtemplates/saveEmailTemplate',
          getEmailTemplatesUrl: 'https://cl08sales.sumtotaldevelopment.net/Services/api/core/emailtemplates/getEmailTemplates',
          getEmailTemplateUrl: 'https://cl08sales.sumtotaldevelopment.net/Services/api/core/emailtemplates/getEmailTemplate',
          deleteEmailTemplateUrl: 'https://cl08sales.sumtotaldevelopment.net/Services/api/core/emailtemplates/deleteEmailTemplate',
          getEmailTemplateTypesUrl: 'https://cl08sales.sumtotaldevelopment.net/Services/api/core/emailtemplates/getEmailTemplateTypes/{category}'
        },
        journal:{
          addUpdateJournalUrl: '/Core/Core/api/journalapi/AddUpdateJournal',
          getJournalUrl: '/Core/Core/api/journalapi/GetJournal',
          getJournalsUrl: '/Core/Core/api/journalapi/GetJournals',
          getDirectReportsUrl: '/Core/Core/api/journalapi/GetDirectReports' ,
          getJournalAndFeedBackTimeline: '/Core/Core/api/journalapi/GetJournalAndFeedBackTimeLine',
        },
        feedbackTemplateConfiguraion: {
          getFeedbackTemplatesUrl: 'https://cl08sales.sumtotaldevelopment.net/Services/api/core/feedbacktemplates/getFeedbackTemplates',
          saveFeedbackTemplateUrl: 'https://cl08sales.sumtotaldevelopment.net/Services/api/core/feedbacktemplates/saveFeedbackTemplate',
          getFeedbackTemplateUrl: 'https://cl08sales.sumtotaldevelopment.net/Services/api/core/feedbacktemplates/getFeedbackTemplate',
          deleteFeedbackTemplatesUrl: 'https://cl08sales.sumtotaldevelopment.net/Services/api/core/feedbacktemplates/deleteFeedbackTemplates',
          getFeedbackTemplatesForSelectionUrl: 'https://cl08sales.sumtotaldevelopment.net/Services/api/core/feedbacktemplates/getFeedbackTemplatesForSelection'

        },
        feedbackQuestionConfiguraion: {
          getFeedbackQuestionUrl: 'https://cl08sales.sumtotaldevelopment.net/Services/api/core/feedbackquestions/getFeedbackQuestions',
          saveFeedbackQuestionUrl: 'https://cl08sales.sumtotaldevelopment.net/Services/api/core/feedbackquestions/saveFeedbackQuestion',
          deleteFeedbackQuestionsUrl: 'https://cl08sales.sumtotaldevelopment.net/Services/api/core/feedbackquestions/deleteFeedbackQuestions'
        },
        careerplan:{
          getSectionMatchesForJob: '/Core/Core/api/careerplanapi/GetSectionMatchesForJob',
          getCareerPlan:  '/Core/Core/api/careerplanapi/GetCareerPlan',
          getCareerPlanShares: '/Core/Core/api/careerplanapi/GetCareerPlanShares',
          deleteCareerPlanShare: '/Core/Core/api/careerplanapi/DeleteCareerPlanShare',
          addCareerPlanShare: '/Core/Core/api/careerplanapi/AddCareerPlanShare',
          getCareerPlanRecommendedJobs:  '/Core/Core/api/careerplanapi/GetCareerPlanRecommendedJobs',
          getLMskillsFromJob: '/Core/Core/api/careerplanapi/GetLMskillsFromJob',
          deleteCareerPlanJob: '/Core/Core/api/careerplanapi/DeleteCareerPlanJob',
          addCareerPlanJob: '/Core/Core/api/careerplanapi/AddCareerPlanJob',
          canViewCareerPlan: '/Core/Core/api/careerplanapi/CanViewCareerPlan',
          getCareerPlanActions:  '/Core/Core/api/careerplanapi/GetCareerPlanActions',
          addCareerPlanAction: '/Core/Core/api/careerplanapi/AddCareerPlanAction',
          deleteCareerPlanAction: '/Core/Core/api/careerplanapi/DeleteCareerPlanAction',
          skillmanagerrating: 'https://cl08sales.sumtotaldevelopment.net/Services/api/core/careerplan/skillmanagerrating',
          skillselfrating: 'https://cl08sales.sumtotaldevelopment.net/Services/api/core/careerplan/skillselfrating',
          learning: 'https://cl08sales.sumtotaldevelopment.net/Services/api/core/careerplan/learning'
        },
        notificationtemplates:
        {
          getNotificationTemplates: '/Core/Core/api/notificationtemplatesapi/getNotificationTemplates',
          getNotificationTemplate: '/Core/Core/api/notificationtemplatesapi/getNotificationTemplate'+ '?notificationID=',
          saveNotificationTemplateURL: '/Core/Core/api/notificationtemplatesapi/SaveNotificationTemplate',
        },
        competencyprofile:{
          getCompetencyProfile: '/Core/Core/api/competencyprofileapi/GetCompetencyProfile',
          getFeedbackForCompetency: '/Core/Core/api/competencyprofileapi/GetFeedbackForCompetency',
          getLMskillsFromCompetency: '/Core/Core/api/competencyprofileapi/GetLMskillsFromCompetency',
          getSuccessorPositionsForUser: '/Core/Core/api/competencyprofileapi/GetSuccessorPositionsForUser',
          getPrimaryJob: '/Core/Core/api/competencyprofileapi/GetPrimaryJob',
          getBehaviorsForCompetency: '/Core/Core/api/competencyprofileapi/GetBehaviorsForCompetency',
          updateCompetencySelfRatings: '/Core/Core/api/competencyprofileapi/UpdateCompetencySelfRatings',
          updateCompetencyManagerRatings: 'https://cl08sales.sumtotaldevelopment.net/Services/api/core/competencyprofile/competencymanagerratings',
          canViewSuccessionPlan: '/Core/Core/api/competencyprofileapi/CanViewSuccessionPlan',
          canViewCompetencyProfile: '/Core/Core/api/competencyprofileapi/CanViewCompetencyProfile'
        },
        surveybuilder:{
          getSurveyConfigDataUrl: 'https://cl08sales.sumtotaldevelopment.net/Services/api/SurveyBuilder/GetSurveyConfiguration',
          saveSurveyConfigDataUrl:'https://cl08sales.sumtotaldevelopment.net/Services/api/SurveyBuilder/SaveSurveyConfiguration',
          getSurveyList : 'https://cl08sales.sumtotaldevelopment.net/Services/api/SurveyBuilder/GetSurveyList',
          pushToAssessmentJobConfigDataUrl : 'https://cl08sales.sumtotaldevelopment.net/Services/api/SurveyBuilder/PushToAssessmentJob',
          copySurveyConfigDataUrl : 'https://cl08sales.sumtotaldevelopment.net/Services/api/SurveyBuilder/CopySurveyConfiguration',
          updateSurveyStatusUrl : 'https://cl08sales.sumtotaldevelopment.net/Services/api/SurveyBuilder/UpdateSurveyStatus',
          getCodeByCatcdUrl: '/Core/Core/api/lookupsapi/codecats',
        },
        assessment:{
          getAssessmentListUrl: 'https://cl08sales.sumtotaldevelopment.net/Services/api/HourlyAssessmentApi/GetHourlyAssessmentList',
          getFilterStatusTypesUrl: 'https://cl08sales.sumtotaldevelopment.net/Services/api/HourlyAssessmentApi/GetFilterStatusTypes',
          getActivityDetailsUrl: 'https://cl08sales.sumtotaldevelopment.net/Services/api/HourlyAssessmentApi/GetActivityDetails',
          deleteCancelAssessmentUrl: 'https://cl08sales.sumtotaldevelopment.net/Services/api/HourlyAssessmentApi/DeleteCancelAssessment',
          getSurveyListUrl:'https://cl08sales.sumtotaldevelopment.net/Services/api/HourlyAssessmentApi/GetSurveyList',
          getJobListUrl: 'https://cl08sales.sumtotaldevelopment.net/Services/api/HourlyAssessmentApi/GetJobList',
          createAssessmentUrl:'https://cl08sales.sumtotaldevelopment.net/Services/api/HourlyAssessmentApi/CreateAssessment',
          transferTaskAssessmentUrl:'https://cl08sales.sumtotaldevelopment.net/Services/api/HourlyAssessmentApi/TransferTaskAssessment',
          CreateAssessmentFromReportWidgetUrl:'https://cl08sales.sumtotaldevelopment.net/Services/api/HourlyAssessmentApi/CreateAssessmentFromReportWidget',
          getUserInfoUrl:'https://cl08sales.sumtotaldevelopment.net/Services/api/HourlyAssessmentApi/GetUserInfo',
          getHourlyAssessmentManagerUrl:'https://cl08sales.sumtotaldevelopment.net/Services/api/HourlyAssessmentApi/GetHourlyAssessmentManager',
          getHourlyAssessmentAccessRightsUrl:'https://cl08sales.sumtotaldevelopment.net/Services/api/HourlyAssessmentApi/GetAccessRightsForHourlyAssessmentSurvey',
          getHourlyAssessmentWidgetData:'https://cl08sales.sumtotaldevelopment.net/Services/api/HourlyAssessmentApi/GetHourlyAssessmentsWidget',
        },
        evaluation:{
          getEvaluationformDataUrl:'https://cl08sales.sumtotaldevelopment.net/Services/api/HourlyAssessmentApi/GetHourlyEvaluationFormData',
          saveEvaluationformDataUrl:'https://cl08sales.sumtotaldevelopment.net/Services/api/HourlyAssessmentApi/SaveHourlyEvaluationFormData',
          getbehaviorsforcompetency:'https://cl08sales.sumtotaldevelopment.net/Services/api/HourlyAssessmentApi/GetBehaviorsforCompetency',
          getCompetenciesUrl : 'https://cl08sales.sumtotaldevelopment.net/Services/api/HourlyAssessmentApi/GetCompetencies'
        },
        interview:{
          getInterviewsForRequisitionUrl: 'https://cl08sales.sumtotaldevelopment.net/Services/api/RecruitingInterview/GetInterviewsForRequisition',
          getTrackingDetailsByRequisitionUrl: 'https://cl08sales.sumtotaldevelopment.net/Services/api/RecruitingInterview/GetTrackingDetailsByRequisition',
          getTrackingDetailsByIdUrl: 'https://cl08sales.sumtotaldevelopment.net/Services/api/RecruitingInterview/GetTrackingDetailsById',
          getRecruitingLocationsUrl: 'https://cl08sales.sumtotaldevelopment.net/Services/api/RecruitingInterview/GetRecruitingLocations',
          saveInterviewUrl: 'https://cl08sales.sumtotaldevelopment.net/Services/api/RecruitingInterview/SaveInterviewDetails',
          getInterviewerInterviewTopicRelationUrl: 'https://cl08sales.sumtotaldevelopment.net/Services/api/RecruitingInterview/GetIntervFiewerInterviewTopicRelation',
          deleteAttachmentUrl: 'https://cl08sales.sumtotaldevelopment.net/Services/api/RecruitingInterview/DeleteAttachment',
          getInterviewDataById: 'https://cl08sales.sumtotaldevelopment.net/Services/api/RecruitingInterview/GetInterviewDetails',
          saveInterviewFeedbackUrl: 'https://cl08sales.sumtotaldevelopment.net/Services/api/RecruitingInterview/SaveInterviewFeedback',
          commitInterviewFeedbackUrl: 'https://cl08sales.sumtotaldevelopment.net/Services/api/RecruitingInterview/CommitInterviewFeedback',
          saveInterviewDiscussionUrl: 'https://cl08sales.sumtotaldevelopment.net/Services/api/RecruitingInterview/SaveInterviewDiscussion',
          getInterviewFeedbacksUrl: 'https://cl08sales.sumtotaldevelopment.net/Services/api/RecruitingInterview/GetInterviewFeedbacks',
          getInterviewDiscussionsUrl: 'https://cl08sales.sumtotaldevelopment.net/Services/api/RecruitingInterview/GetInterviewDiscussions',
          getInterviewFeedbackUrl: 'https://cl08sales.sumtotaldevelopment.net/Services/api/RecruitingInterview/GetInterviewFeedback',
          getRequisitionCandidateAttachementsUrl: 'https://cl08sales.sumtotaldevelopment.net/Services/api/RecruitingInterview/GetRequisitionCandidateAttachements',
          saveRequisitionCandidateAttachmentUrl: 'https://cl08sales.sumtotaldevelopment.net/Services/api/RecruitingInterview/SaveRequisitionCandidateAttachment',
          deleteRequisitionCandidateAttachmentUrl: 'https://cl08sales.sumtotaldevelopment.net/Services/api/RecruitingInterview/DeleteRequisitionCandidateAttachment',
          getInterviewTopicCategoriesUrl: 'https://cl08sales.sumtotaldevelopment.net/Services/api/RecruitingInterview/GetInterviewTopicCategories',
          isInterviewInUseUrl: 'https://cl08sales.sumtotaldevelopment.net/Services/api/RecruitingInterview/IsInterviewInUse',
          getCurrentPersonIdUrl: 'https://cl08sales.sumtotaldevelopment.net/Services/api/RecruitingInterview/GetCurrentPersonId',
          getInterviewStatusUrl: 'https://cl08sales.sumtotaldevelopment.net/Services/api/RecruitingInterview/GetInterviewStatus',
          cancelInterviewUrl: 'https://cl08sales.sumtotaldevelopment.net/Services/api/RecruitingInterview/CancelInterview'
        },
        recruitingassessment:{
          saveAssessment: '/Core/Core/api/recruitingassessmentapi/SaveAssessment',
          getRecruitingAssessmentsUrl: '/Core/Core/api/recruitingassessmentapi/GetRecruitingAssessments',
          getRecruitingAssessmentUrl: '/Core/Core/api/recruitingassessmentapi/GetRecruitingAssessment',
          deleteRecruitingAssessmentsUrl: '/Core/Core/api/recruitingassessmentapi/DeleteRecruitingAssessments',
          copyRecruitingAssessmentUrl: '/Core/Core/api/recruitingassessmentapi/CopyRecruitingAssessment',
          getAllRecruitingTagsUrl: '/Core/Core/api/recruitingassessmentapi/GetAllRecruitingTags',
          searchAssessmentTagsURL: '/Core/Core/api/recruitingassessmentapi/SearchAssessmentTags',
          getRecruitingAssessmentPermissionsUrl: '/Core/Core/api/recruitingassessmentapi/GetRecruitingAssessmentPermissions'
        },
        eventdefinition:{
          getProcess: 'https://cl08sales.sumtotaldevelopment.net/Services/api/EventDefinition/GetProcess',
          getAllProcesses: 'https://cl08sales.sumtotaldevelopment.net/Services/api/EventDefinition/GetAllProcesses'
        },
        gamificationAdmin:{
          badges: 'https://cl08sales.sumtotaldevelopment.net/Services/api/gamification/admin/badges',
          badgesDelete: 'https://cl08sales.sumtotaldevelopment.net/Services/api/gamification/admin/badges/delete',
          levels: 'https://cl08sales.sumtotaldevelopment.net/Services/api/gamification/admin/levels',
          pointcriterions: 'https://cl08sales.sumtotaldevelopment.net/Services/api/gamification/admin/pointcriterions',
          categoryFields: 'https://cl08sales.sumtotaldevelopment.net/Services/api/gamification/admin/categoryFields',
          rulesets:'https://cl08sales.sumtotaldevelopment.net/Services/api/gamification/admin/rulesets',
          rulesetsDelete:'https://cl08sales.sumtotaldevelopment.net/Services/api/gamification/admin/rulesets/delete'
        },
        gamification:{
          leaderboards: 'https://cl08sales.sumtotaldevelopment.net/Services/api/gamification/leaderboards',
          logs: 'https://cl08sales.sumtotaldevelopment.net/Services/api/gamification/logs',
          badges: 'https://cl08sales.sumtotaldevelopment.net/Services/api/gamification/badges',
          leaderboards: 'https://cl08sales.sumtotaldevelopment.net/Services/api/gamification/leaderboards',
          favorites: 'https://cl08sales.sumtotaldevelopment.net/Services/api/gamification/favorites/{targetUserId}',
          summaries: 'https://cl08sales.sumtotaldevelopment.net/Services/api/gamification/summaries/{targetUserId}'
        },
        recruitingConfig:{
          getActions: 'https://cl08sales.sumtotaldevelopment.net/Services/api/recruitingconfiguration/actions',
          getProcessList: 'https://cl08sales.sumtotaldevelopment.net/Services/api/recruitingconfiguration/processes',
          getProcessDetails: 'https://cl08sales.sumtotaldevelopment.net/Services/api/recruitingconfiguration/processes/{id}',
          getAddProcessDetails: 'https://cl08sales.sumtotaldevelopment.net/Services/api/recruitingconfiguration/processes/-1',
          saveProcessDetails: 'https://cl08sales.sumtotaldevelopment.net/Services/api/recruitingconfiguration/saveprocess',
          deleteProcess: 'https://cl08sales.sumtotaldevelopment.net/Services/api/recruitingconfiguration/deleteprocess'
        },
        meeting:{
          getMeetingTimeSlotsUrl: 'https://cl08sales.sumtotaldevelopment.net/Services/api/MeetingScheduler/GetMeetingTimeSlots',
          createMeetingUrl: 'https://cl08sales.sumtotaldevelopment.net/Services/api/MeetingScheduler/CreateMeeting'
        },
        offerTemplate:{
          getOfferTemplate: 'https://cl08sales.sumtotaldevelopment.net/Services/api/OfferManagement/GetOfferTemplate',
          getOfferTemplates: 'https://cl08sales.sumtotaldevelopment.net/Services/api/OfferManagement/GetOfferTemplates',
          saveOfferTemplate: 'https://cl08sales.sumtotaldevelopment.net/Services/api/OfferManagement/SaveOfferTemplate',
          deleteOfferTemplate: 'https://cl08sales.sumtotaldevelopment.net/Services/api/OfferManagement/DeleteOfferTemplate',
          getOfferPreview: '/Core/Core/api/OnBoardingRequisitionApi/GetOfferPreview',
          getTemplatePlaceholderCodes : 'https://cl08sales.sumtotaldevelopment.net/Services/api/OfferManagement/GetTemplatePlaceholderCode',
          getParsedOfferTemplate : 'https://cl08sales.sumtotaldevelopment.net/Services/api/OfferManagement/GetParsedOfferTemplate',
          saveOfferPreview: '/Core/Core/api/OnBoardingRequisitionApi/SaveOfferPreview',
        },
        nBox: {
          getNBoxConfigurationsUrl: 'https://cl08sales.sumtotaldevelopment.net/Services/api/nbox/configuration/nboxconfigurations',
          getNBoxConfigurationUrl: 'https://cl08sales.sumtotaldevelopment.net/Services/api/nbox/configuration/nboxconfigurations/{id}',
          deleteNBoxConfigurationsUrl: 'https://cl08sales.sumtotaldevelopment.net/Services/api/nbox/configuration/deletenboxconfigurations',
          getNBoxConfigurationPermissionsUrl: 'https://cl08sales.sumtotaldevelopment.net/Services/api/nbox/configuration/nboxconfigurationpermissions',
          saveNBoxConfigurationUrl: 'https://cl08sales.sumtotaldevelopment.net/Services/api/nbox/configuration/saveconfiguration',
          filter: 'https://cl08sales.sumtotaldevelopment.net/Services/api/nbox/filter/',
          getNBoxRatingFieldsUrl: 'https://cl08sales.sumtotaldevelopment.net/Services/api/nbox/configuration/ratingfields',
          getNBoxCalibrationsURL: 'https://cl08sales.sumtotaldevelopment.net/Services/api/nboxcalibrationapi/GetNBoxCalibrations',
          getNBoxCalibrationsFromSPTalentPoolURL: 'https://cl08sales.sumtotaldevelopment.net/Services/api/nboxcalibrationapi/GetNBoxCalibrationsFromSPTalentPool',
          getNBoxConfigurationsForUserURL: 'https://cl08sales.sumtotaldevelopment.net/Services/api/nboxcalibrationapi/GetNBoxConfigurationsForUser',
          saveNBoxCalibrationsURL: 'https://cl08sales.sumtotaldevelopment.net/Services/api/nboxcalibrationapi/SaveNBoxCalibrations',
          getDemoGraphicForPersonsURL: 'https://cl08sales.sumtotaldevelopment.net/Services/api/nboxcalibrationapi/GetDemographicForPersons',
          exportNBoxMatrixDetailsURL: 'https://cl08sales.sumtotaldevelopment.net/Services/api/nboxcalibrationapi/ExportNBoxMatrixDetails'
        },
        sumtSocial:{
          communities:'https://cl08sales.sumtotaldevelopment.net/Services/api/sumtSocial/communities',
          adminCommunities:'https://cl08sales.sumtotaldevelopment.net/Services/api/sumtSocial/admin/communities',
          addUpdateUserCommuntiyRating:'https://cl08sales.sumtotaldevelopment.net/Services/api/sumtSocial/user/{communityId}/addUpdateRating',
          getUserCommunityRating:'https://cl08sales.sumtotaldevelopment.net/Services/api/sumtSocial/user/{communityId}/rating',
          favorites:'https://cl08sales.sumtotaldevelopment.net/Services/api/sumtSocial/communities/{communityId}/favorite',
          updateCommunity:'https://cl08sales.sumtotaldevelopment.net/Services/api/sumtSocial/communities/{communityId}/update',
          removeCommunity:'https://cl08sales.sumtotaldevelopment.net/Services/api/sumtSocial/communities/{communityId}/remove',
          removeActivityCommunity:'https://cl08sales.sumtotaldevelopment.net/Services/api/sumtSocial/activities/{activityId}/removeCommunity',
          communityMembers:'https://cl08sales.sumtotaldevelopment.net/Services/api/sumtSocial/communities/{communityId}/members',
          updateCommunityMembership:'https://cl08sales.sumtotaldevelopment.net/Services/api/sumtSocial/users/{targetUserId}/communityMembership',
          updateCommunityMembership:'https://cl08sales.sumtotaldevelopment.net/Services/api/sumtSocial/users/{targetUserId}/communityMembership',
          getCommunity:'https://cl08sales.sumtotaldevelopment.net/Services/api/sumtSocial/communities/{communityId}',
          likeSocialObjectUrl: 'https://cl08sales.sumtotaldevelopment.net/Services/api/social/{objectId}/like',
          likeCommentUrl: 'https://cl08sales.sumtotaldevelopment.net/Services/api/social/comment/{commentId}/like',
          getSocialObjectlikedUsersUrl: 'https://cl08sales.sumtotaldevelopment.net/Services/api/social/{objectId}/likes',
          getPostlikedUsersUrl: 'https://cl08sales.sumtotaldevelopment.net/Services/api/social/comment/{commentId}/likes',
          files:'https://cl08sales.sumtotaldevelopment.net/Services/api/sumtSocial/communities/{communityId}/files',
          removeCommunityMembers: 'https://cl08sales.sumtotaldevelopment.net/Services/api/sumtSocial/communities/{communityId}/removeMembers',
          addUpdateMembers: 'https://cl08sales.sumtotaldevelopment.net/Services/api/sumtSocial/communities/{communityId}/addUpdateMembers',
          removeFile: 'https://cl08sales.sumtotaldevelopment.net/Services/api/sumtSocial/communities/{communityId}/files/{fileId}/remove',
          ownerCount: 'https://cl08sales.sumtotaldevelopment.net/Services/api/sumtSocial/communities/{communityId}/ownerCount',
          fileReferenceCount: 'https://cl08sales.sumtotaldevelopment.net/Services/api/sumtSocial/communities/files/{fileIdentifier}/reference',
          searchEmployees: 'https://cl08sales.sumtotaldevelopment.net/Services/api/sumtSocial/communities/searchEmployees',
          communityFeed:'https://cl08sales.sumtotaldevelopment.net/Services/api/sumtSocial/communities/CommunityFeed',
          flag: {
            getFlaggedObjects: 'https://cl08sales.sumtotaldevelopment.net/Services/api/sumtSocial/flag/{communityId}',
            saveFlagDetails: 'https://cl08sales.sumtotaldevelopment.net/Services/api/sumtSocial/flag/saveflag',
			getFlagDetails: 'https://cl08sales.sumtotaldevelopment.net/Services/api/sumtSocial/communities/{communityId}/flagDetails/{flaggedObjectId}',
            removeFlags: 'https://cl08sales.sumtotaldevelopment.net/Services/api/sumtSocial/communities/{communityId}/{flaggedObjectId}/removeFlags',
            unFlagObject: 'https://cl08sales.sumtotaldevelopment.net/Services/api/sumtSocial/communities/{communityId}/flag/{objectId}/unflag'
          },
          discussion : {
            getDiscussionReplies: 'https://cl08sales.sumtotaldevelopment.net/Services/api/social/discuss/{discussionId}/replies',
            deleteDiscussionReply: 'https://cl08sales.sumtotaldevelopment.net/Services/api/social/discuss/reply/{replyId}',
            getDiscussionDetails: 'https://cl08sales.sumtotaldevelopment.net/Services/api/social/discuss/{discussionId}',
            createDiscussionReply: 'https://cl08sales.sumtotaldevelopment.net/Services/api/social/discuss/reply',
            createAndModifyDiscussion: 'https://cl08sales.sumtotaldevelopment.net/Services/api/social/discuss',
            getCommunityDiscussions: 'https://cl08sales.sumtotaldevelopment.net/Services/api/social/discussions',
            deleteDiscussion: 'https://cl08sales.sumtotaldevelopment.net/Services/api/social/discuss/delete/{id}'
          },
          blog: {
            getBlogsList: 'https://cl08sales.sumtotaldevelopment.net/Services/api/social/communities/{communityId}/blogs',
            getBlogById: 'https://cl08sales.sumtotaldevelopment.net/Services/api/social/communities/blogs/{blogId}',
            createBlog: 'https://cl08sales.sumtotaldevelopment.net/Services/api/social/communities/{communityId}/blogs',
            modifyBlog: 'https://cl08sales.sumtotaldevelopment.net/Services/api/social/blogs',
            deleteBlog: 'https://cl08sales.sumtotaldevelopment.net/Services/api/social/communities/{communityId}/blogs/{blogId}/remove',
            getBlogPosts:'https://cl08sales.sumtotaldevelopment.net/Services/api/social/communities/blogs/{blogId}/blogposts',
            getBlogPostById:'https://cl08sales.sumtotaldevelopment.net/Services/api/social/communities/blogposts/{blogPostId}',
            editBlogPost: 'https://cl08sales.sumtotaldevelopment.net/Services/api/social/communities/blogposts',
            addCommentUrl:'https://cl08sales.sumtotaldevelopment.net/Services/api/social/blogPost/AddComment',
            getCommentUrl: 'https://cl08sales.sumtotaldevelopment.net/Services/api/social/blogPost/GetComments',
            getCommentRepliesUrl: 'https://cl08sales.sumtotaldevelopment.net/Services/api/social/blogPost/GetReplies',
            getCommentDeepLinkResponseUrl:'https://cl08sales.sumtotaldevelopment.net/Services/api/social/blogPost/GetBlogPostRepliesDeepLinkResponse',
            editCommentUrl: 'https://cl08sales.sumtotaldevelopment.net/Services/api/social/blogPost/EditComment',
            deleteCommentUrl: 'https://cl08sales.sumtotaldevelopment.net/Services/api/social/blogPost/DeleteComment',
            approveBlogPost: 'https://cl08sales.sumtotaldevelopment.net/Services/api/social/communities/blogposts/approve'
          }
        }
      };
    }

    // This is the factory function for static data.
    return function(_, URI) {

      var apiPaths = createAPIPaths(),
        staticData = null;

      apiPaths = _.merge(apiPaths, {"attestation":{"attestationApi":{"baseUrl":"/Core/Core/api/AttestationApi/","addAttestationAuditRecord":"/Core/Core/api/AttestationApi/AddAttestationAuditRecord","checkAttestationStatus":"/Core/Core/api/AttestationApi/CheckAttestationStatus","getAllAttestationDefinitions":"/Core/Core/api/AttestationApi/GetAllAttestationDefinitions","getAttestationDefinitionById":"/Core/Core/api/AttestationApi/GetAttestationDefinitionById","getAttestationDefinition":"/Core/Core/api/AttestationApi/GetAttestationDefinition","getAttestationDefinitions":"/Core/Core/api/AttestationApi/GetAttestationDefinitions","saveAttestationDefinition":"/Core/Core/api/AttestationApi/SaveAttestationDefinition"}},"esignatureApi":{"eSignatureApi":{"baseUrl":"/Core/Core/api/ESignatureApi/"}},"timeline":{"timelineApi":{"baseUrl":"/Core/Core/api/TimelineApi/","loadTimelineViewData":"/Core/Core/api/TimelineApi/LoadTimelineViewData","loadNotificationCount":"/Core/Core/api/TimelineApi/LoadNotificationCount","getTimelineTaskCount":"/Core/Core/api/TimelineApi/getTimelineTaskCount"}},"upload":{"uploadApi":{"baseUrl":"/Core/Core/api/UploadApi/","retrieveFiles":"/Core/Core/api/UploadApi/RetrieveFiles","getFileBytes":"/Core/Core/api/UploadApi/GetFileBytes","removeFiles":"/Core/Core/api/UploadApi/RemoveFiles","downloadFile":"/Core/Core/api/UploadApi/DownloadFile","getPermissions":"/Core/Core/api/UploadApi/GetPermissions","uploadFile":"/Core/Core/api/UploadApi/UploadFile","updateFileInfo":"/Core/Core/api/UploadApi/UpdateFileInfo","uploadPersonImage":"/Core/Core/api/UploadApi/UploadPersonImage"}},"calendarApi":{"calendarApi":{"baseUrl":"/Core/Learning/api/CalendarApi/"}},"myprofile":{"profileData":{"baseUrl":"/Core/Core/api/ProfileData/","removePersonImage":"/Core/Core/api/ProfileData/RemovePersonImage","getInstalledPillars":"/Core/Core/api/ProfileData/GetInstalledPillars","actOnPendingApproval":"/Core/Core/api/ProfileData/ActOnPendingApproval","pendingApprovalSecurityCheck":"/Core/Core/api/ProfileData/PendingApprovalSecurityCheck","isGuestUser":"/Core/Core/api/ProfileData/IsGuestUser"}}});

      var modulesPath = '/Core/dist/app/modules';
      staticData = _.merge(root.tempStaticData, {
        versionNumber:  'ElixHR_18.3.0.0_2018.9.10.1',
        majorVersionNumber: '18.3',
        identity: _.cloneDeep(root.tempStaticData.Identity),
        culture: _.cloneDeep(root.tempStaticData.Culture),
        learningCatalog: _.cloneDeep(root.tempStaticData.LearningCatalog),
        userID: 'D6D3F6FB8D04FAF81E16B69BE72609DA',
        guestAccount: '0',
        userTimezone: 'America/Los_Angeles',
        debugEnabled: root.tempStaticData.debugEnabled,
        scriptPath: scriptPath,
        currentTheme: null,
        photoUrl: scriptPath + photoPath,
        fileUrl: scriptPath + filePath,
        communityFileUrl: scriptPath + socialFilesPath,
        customHelpFileUrl: scriptPath + customHelpFilesPath,
        isAuditEnabled: isAuditEnabled,
        framesPath: {
          themePreview: '/Core/PublicAccess/ThemePreview',
          componentsPreview: '/Core/PublicAccess/ComponentsPreview'
        },
        appPath: '/Core/app',
        rootPathFolder: htmlRootPath,
        tenantKey: tenantKey,
        apiPaths: apiPaths,
        dashboardPerms: {"CanPersonalizeDashboards":true,"CanEditDashboards":false,"CanAddDashboards":false,"CanDeleteDashboards":false,"CanAccessThemeEditor":false},
        safeOrigin: /(sumtotalsystems\.com|cl08sales\.sumtotaldevelopment\.net|supp-bi-master\.sumtotaldemo\.net|cl-ugm08a)$/i,
        webPartDefinitionCategories: {"Hash":"2043601370","Categories":[{"Category":{"Id":5,"Name":"Common","CategoryKey":"WebPartDefinition_Common","Description":"Common","ParentId":1,"OrdinalPosition":null},"Definitions":[{"WebPartDefinitionKey":"Common_SumtIFrameWebPart","Title":"iFrame","Description":"Enables users to configure a URL to display within the widget.","SubTitle":"IFrame Widget","WebPartIconName":null,"WidgetNotificationMode":0,"WidgetDeeplinkUrlText":null,"CategoryName":"Common","IsWebPartEnabled":true,"TypeName":"SumTotal.SPPortal.WebParts.Core.Common.SumtIFrameWebPart.SumtIFrameWebPart, SumTotal.SPPortal.WebParts, Version=1.0.0.0, Culture=neutral, PublicKeyToken=6b7f90fbd13cce01","WebPartServiceAgentInterfaceTypeName":null,"WebPartDefinitionXml":null,"HideWebPartHeader":false,"HideWebPartFooter":true,"IsFreeFlowing":false,"PillarKey":null,"ChromeStyle":7,"ParameterJSON":"{\"HeaderLinkIcon\":\"\",\"IsCustomEditor\":false,\"PreviewType\":\"iframe\",\"iFrameUrl\":\"http://www.google.com\"}","TemplatePath":"app/modules/dashboard/views/webparts/widgetIFrame.html","IsSystemLocked":false,"Category":{"Id":5,"Name":"Common","CategoryKey":"WebPartDefinition_Common","Description":"Common","ParentId":1,"OrdinalPosition":null},"Id":3},{"WebPartDefinitionKey":"About_Me","Title":"About Me","Description":"Displays key profile information about the employee.","SubTitle":"Photo, email and employment information","WebPartIconName":null,"WidgetNotificationMode":0,"WidgetDeeplinkUrlText":"View my profile","CategoryName":"Common","IsWebPartEnabled":true,"TypeName":"SumTotal.SPPortal.WebParts.Core.MySelf.AboutMe.AboutMe, SumTotal.SPPortal.WebParts, Version=1.0.0.0, Culture=neutral, PublicKeyToken=6b7f90fbd13cce01","WebPartServiceAgentInterfaceTypeName":null,"WebPartDefinitionXml":null,"HideWebPartHeader":true,"HideWebPartFooter":true,"IsFreeFlowing":false,"PillarKey":null,"ChromeStyle":7,"ParameterJSON":"{\"HeaderLinkIcon\":\"\",\"IsCustomEditor\":false,\"PreviewType\":\"aboutme\"}","TemplatePath":"app/modules/dashboard/views/webparts/widgetAboutMe.html","IsSystemLocked":false,"Category":{"Id":5,"Name":"Common","CategoryKey":"WebPartDefinition_Common","Description":"Common","ParentId":1,"OrdinalPosition":null},"Id":43},{"WebPartDefinitionKey":"Common_ContentEditor","Title":"Content Editor","Description":"Enables users to add custom HTML to a dashboard.","SubTitle":"Content Editor Widget","WebPartIconName":null,"WidgetNotificationMode":0,"WidgetDeeplinkUrlText":null,"CategoryName":"Common","IsWebPartEnabled":true,"TypeName":null,"WebPartServiceAgentInterfaceTypeName":null,"WebPartDefinitionXml":null,"HideWebPartHeader":false,"HideWebPartFooter":true,"IsFreeFlowing":false,"PillarKey":null,"ChromeStyle":7,"ParameterJSON":"{\"HeaderLinkIcon\":\"\",\"IsCustomEditor\":true,\"PreviewType\":\"iframe\"}","TemplatePath":"app/modules/dashboard/views/webparts/widgetContentEditor.html","IsSystemLocked":false,"Category":{"Id":5,"Name":"Common","CategoryKey":"WebPartDefinition_Common","Description":"Common","ParentId":1,"OrdinalPosition":null},"Id":60},{"WebPartDefinitionKey":"Timeline","Title":"Timeline","Description":"Displays tasks, approvals, and other updates in a timeline view.","SubTitle":"Activity timeline","WebPartIconName":null,"WidgetNotificationMode":0,"WidgetDeeplinkUrlText":null,"CategoryName":"Common","IsWebPartEnabled":true,"TypeName":null,"WebPartServiceAgentInterfaceTypeName":null,"WebPartDefinitionXml":null,"HideWebPartHeader":false,"HideWebPartFooter":false,"IsFreeFlowing":false,"PillarKey":null,"ChromeStyle":7,"ParameterJSON":"{\"HeaderLinkIcon\":\"\",\"IsCustomEditor\":false,\"PreviewType\":\"timeline\"}","TemplatePath":"app/modules/dashboard/views/webparts/widgetTimeline.html","IsSystemLocked":false,"Category":{"Id":5,"Name":"Common","CategoryKey":"WebPartDefinition_Common","Description":"Common","ParentId":1,"OrdinalPosition":null},"Id":61},{"WebPartDefinitionKey":"Key_Measures","Title":"Key Measures","Description":"Displays key performance measures for a user.","SubTitle":"Key Measures","WebPartIconName":null,"WidgetNotificationMode":0,"WidgetDeeplinkUrlText":null,"CategoryName":"Common","IsWebPartEnabled":true,"TypeName":null,"WebPartServiceAgentInterfaceTypeName":null,"WebPartDefinitionXml":null,"HideWebPartHeader":false,"HideWebPartFooter":true,"IsFreeFlowing":false,"PillarKey":null,"ChromeStyle":7,"ParameterJSON":"{\"HeaderLinkIcon\":\"\",\"IsCustomEditor\":false,\"PreviewType\":\"claw\"}","TemplatePath":"app/modules/dashboard/views/webparts/widgetKeyMeasures.html","IsSystemLocked":false,"Category":{"Id":5,"Name":"Common","CategoryKey":"WebPartDefinition_Common","Description":"Common","ParentId":1,"OrdinalPosition":null},"Id":62},{"WebPartDefinitionKey":"Direct_Reports","Title":"Direct Reports","Description":"Listing of your direct reports.","SubTitle":"Direct Reports","WebPartIconName":null,"WidgetNotificationMode":0,"WidgetDeeplinkUrlText":null,"CategoryName":"Common","IsWebPartEnabled":true,"TypeName":null,"WebPartServiceAgentInterfaceTypeName":null,"WebPartDefinitionXml":null,"HideWebPartHeader":false,"HideWebPartFooter":true,"IsFreeFlowing":false,"PillarKey":null,"ChromeStyle":7,"ParameterJSON":"{\"HeaderLinkIcon\":\"DirectReports\",\"IsCustomEditor\":false,\"PreviewType\":\"table\"}","TemplatePath":"app/modules/dashboard/views/webparts/widgetDirectReports.html","IsSystemLocked":false,"Category":{"Id":5,"Name":"Common","CategoryKey":"WebPartDefinition_Common","Description":"Common","ParentId":1,"OrdinalPosition":null},"Id":63},{"WebPartDefinitionKey":"My_Development_Plan","Title":"My Development Plan","Description":"Displays a user's Development Plan","SubTitle":"My Development Plan","WebPartIconName":null,"WidgetNotificationMode":0,"WidgetDeeplinkUrlText":null,"CategoryName":"Common","IsWebPartEnabled":true,"TypeName":null,"WebPartServiceAgentInterfaceTypeName":null,"WebPartDefinitionXml":null,"HideWebPartHeader":false,"HideWebPartFooter":true,"IsFreeFlowing":false,"PillarKey":null,"ChromeStyle":7,"ParameterJSON":"{\"HeaderLinkIcon\":\"\",\"IsCustomEditor\":false,\"PreviewType\":\"table\"}","TemplatePath":"app/modules/dashboard/views/webparts/widgetDevelopmentPlan.html","IsSystemLocked":false,"Category":{"Id":5,"Name":"Common","CategoryKey":"WebPartDefinition_Common","Description":"Common","ParentId":1,"OrdinalPosition":null},"Id":90},{"WebPartDefinitionKey":"LeaderBoardDisplay","Title":"Leaderboard Display","Description":"Displays users, ranked by their current Gamification score.","SubTitle":"LeaderBoard Display","WebPartIconName":null,"WidgetNotificationMode":0,"WidgetDeeplinkUrlText":null,"CategoryName":"Common","IsWebPartEnabled":true,"TypeName":null,"WebPartServiceAgentInterfaceTypeName":null,"WebPartDefinitionXml":null,"HideWebPartHeader":false,"HideWebPartFooter":false,"IsFreeFlowing":false,"PillarKey":null,"ChromeStyle":7,"ParameterJSON":"{\"HeaderLinkIcon\": \"\", \"IsCustomEditor\": false, \"PreviewType\" : \"leaderboard\"}","TemplatePath":"app/modules/core/views/gamification/leaderBoard.html","IsSystemLocked":false,"Category":{"Id":5,"Name":"Common","CategoryKey":"WebPartDefinition_Common","Description":"Common","ParentId":1,"OrdinalPosition":null},"Id":97}]},{"Category":{"Id":8,"Name":"Learning","CategoryKey":"WebPartDefinition_Learning","Description":"Learning","ParentId":1,"OrdinalPosition":null},"Definitions":[{"WebPartDefinitionKey":"LM_MyMessages","Title":"My Messages","Description":"Highlights the five most recent unread learning  notifications.","SubTitle":"Recent messages I have received","WebPartIconName":null,"WidgetNotificationMode":1,"WidgetDeeplinkUrlText":"View All Messages","CategoryName":"Learning","IsWebPartEnabled":true,"TypeName":"SumTotal.SPPortal.WebParts.Core.Learning.MyMessages.MyMessages, SumTotal.SPPortal.WebParts, Version=1.0.0.0, Culture=neutral, PublicKeyToken=6b7f90fbd13cce01","WebPartServiceAgentInterfaceTypeName":"ILMWebPartContractAsync","WebPartDefinitionXml":null,"HideWebPartHeader":false,"HideWebPartFooter":true,"IsFreeFlowing":false,"PillarKey":"LM","ChromeStyle":7,"ParameterJSON":"{\"HeaderLinkIcon\": \"\", \"IsCustomEditor\": false, \"MessagesConfig\":{ \"MessageCount\":\"count\", \"MessageData\":[\"date\", \"subject\", \"url\"]}, \"PreviewType\":\"messages\"}","TemplatePath":"app/modules/dashboard/views/webparts/widgetMyMessages.html","IsSystemLocked":false,"Category":{"Id":8,"Name":"Learning","CategoryKey":"WebPartDefinition_Learning","Description":"Learning","ParentId":1,"OrdinalPosition":null},"Id":4},{"WebPartDefinitionKey":"LM_UpcomingTraining","Title":"Upcoming Training","Description":"Shows the next scheduled learning activity the user is enrolled in. Includes options for reviewing summary details.","SubTitle":"Activities","WebPartIconName":null,"WidgetNotificationMode":1,"WidgetDeeplinkUrlText":"View All Upcoming Training","CategoryName":"Learning","IsWebPartEnabled":true,"TypeName":"SumTotal.SPPortal.WebParts.Core.Learning.UpcomingTraining.UpcomingTraining, SumTotal.SPPortal.WebParts, Version=1.0.0.0, Culture=neutral, PublicKeyToken=6b7f90fbd13cce01","WebPartServiceAgentInterfaceTypeName":"ILMWebPartContractAsync","WebPartDefinitionXml":null,"HideWebPartHeader":false,"HideWebPartFooter":true,"IsFreeFlowing":false,"PillarKey":"LM","ChromeStyle":7,"ParameterJSON":"{\"HeaderLinkIcon\": \"\", \"IsCustomEditor\": false, \"PreviewType\" : \"table\"}","TemplatePath":"app/modules/dashboard/views/webparts/widgetUpcomingTraining.html","IsSystemLocked":false,"Category":{"Id":8,"Name":"Learning","CategoryKey":"WebPartDefinition_Learning","Description":"Learning","ParentId":1,"OrdinalPosition":null},"Id":6},{"WebPartDefinitionKey":"LM_TopRatedContent","Title":"Top Rated Content","Description":"Displays the five highest rated learning activities available to the user.","SubTitle":"Top rated learning activities","WebPartIconName":null,"WidgetNotificationMode":1,"WidgetDeeplinkUrlText":"View All Top Rated Content","CategoryName":"Learning","IsWebPartEnabled":true,"TypeName":"SumTotal.SPPortal.WebParts.Core.Learning.TopRatedContent.TopRatedContent, SumTotal.SPPortal.WebParts, Version=1.0.0.0, Culture=neutral, PublicKeyToken=6b7f90fbd13cce01","WebPartServiceAgentInterfaceTypeName":"ILMWebPartContractAsync","WebPartDefinitionXml":null,"HideWebPartHeader":false,"HideWebPartFooter":true,"IsFreeFlowing":false,"PillarKey":"LM","ChromeStyle":7,"ParameterJSON":"{\"HeaderLinkIcon\":\"\",\"IsCustomEditor\":false,\"PreviewType\":\"table\"}","TemplatePath":"app/modules/dashboard/views/webparts/widgetTopRatedContent.html","IsSystemLocked":false,"Category":{"Id":8,"Name":"Learning","CategoryKey":"WebPartDefinition_Learning","Description":"Learning","ParentId":1,"OrdinalPosition":null},"Id":7},{"WebPartDefinitionKey":"LM_CompletedCertification","Title":"Completed Certifications","Description":"Highlights the user's completed certifications and supports deeplinking to the Activities Detail for each item within the list.","SubTitle":"Activities","WebPartIconName":null,"WidgetNotificationMode":1,"WidgetDeeplinkUrlText":"View All Completed Certifications","CategoryName":"Learning","IsWebPartEnabled":true,"TypeName":"SumTotal.SPPortal.WebParts.Core.Learning.CompletedCertifications.CompletedCertifications, SumTotal.SPPortal.WebParts, Version=1.0.0.0, Culture=neutral, PublicKeyToken=6b7f90fbd13cce01","WebPartServiceAgentInterfaceTypeName":"ILMWebPartContractAsync","WebPartDefinitionXml":null,"HideWebPartHeader":false,"HideWebPartFooter":true,"IsFreeFlowing":false,"PillarKey":"LM","ChromeStyle":7,"ParameterJSON":"{\"HeaderLinkIcon\": \"\", \"IsCustomEditor\": false, \"PreviewType\" : \"table\"}","TemplatePath":"app/modules/dashboard/views/webparts/widgetCompletedCertifications.html","IsSystemLocked":false,"Category":{"Id":8,"Name":"Learning","CategoryKey":"WebPartDefinition_Learning","Description":"Learning","ParentId":1,"OrdinalPosition":null},"Id":8},{"WebPartDefinitionKey":"LM_ExceptionReport","Title":"Exception Report","Description":"Highlights assigned training exceptions (overdue, expired and incomplete) for the user's direct reports.","SubTitle":"Last Updated:","WebPartIconName":null,"WidgetNotificationMode":0,"WidgetDeeplinkUrlText":"View Detailed Exception Report","CategoryName":"Learning","IsWebPartEnabled":true,"TypeName":"SumTotal.SPPortal.WebParts.Core.Learning.ExceptionReport.ExceptionReport, SumTotal.SPPortal.WebParts, Version=1.0.0.0, Culture=neutral, PublicKeyToken=6b7f90fbd13cce01","WebPartServiceAgentInterfaceTypeName":"ILMWebPartContractAsync","WebPartDefinitionXml":null,"HideWebPartHeader":false,"HideWebPartFooter":true,"IsFreeFlowing":false,"PillarKey":"LM","ChromeStyle":7,"ParameterJSON":"{\"HeaderLinkIcon\":\"\",\"IsCustomEditor\":false,\"PreviewType\":\"donutChart\"}","TemplatePath":"app/modules/dashboard/views/webparts/widgetExceptionReport.html","IsSystemLocked":false,"Category":{"Id":8,"Name":"Learning","CategoryKey":"WebPartDefinition_Learning","Description":"Learning","ParentId":1,"OrdinalPosition":null},"Id":10},{"WebPartDefinitionKey":"LM_MyFavourites","Title":"Favorites","Description":"Supports quick access to content marked as a favorite by the user.","SubTitle":"Activities, Categories, Collaboration Centers","WebPartIconName":null,"WidgetNotificationMode":1,"WidgetDeeplinkUrlText":"More...","CategoryName":"Learning","IsWebPartEnabled":true,"TypeName":"SumTotal.SPPortal.WebParts.Core.Learning.Favorites.Favorites, SumTotal.SPPortal.WebParts, Version=1.0.0.0, Culture=neutral, PublicKeyToken=6b7f90fbd13cce01","WebPartServiceAgentInterfaceTypeName":"ILMWebPartContractAsync","WebPartDefinitionXml":null,"HideWebPartHeader":false,"HideWebPartFooter":true,"IsFreeFlowing":false,"PillarKey":"LM","ChromeStyle":7,"ParameterJSON":"{\"HeaderLinkIcon\": \"\", \"IsCustomEditor\": false, \"PreviewType\" : \"table\"}","TemplatePath":"app/modules/dashboard/views/webparts/widgetFavorites.html","IsSystemLocked":false,"Category":{"Id":8,"Name":"Learning","CategoryKey":"WebPartDefinition_Learning","Description":"Learning","ParentId":1,"OrdinalPosition":null},"Id":12},{"WebPartDefinitionKey":"LM_LearnerAssignment","Title":"Learning Assignments","Description":"This is a legacy widget. Please use “My Learning Assignments” instead.","SubTitle":"Assignments and duties awaiting completion","WebPartIconName":null,"WidgetNotificationMode":1,"WidgetDeeplinkUrlText":"View All Assignments","CategoryName":"Learning","IsWebPartEnabled":true,"TypeName":"SumTotal.SPPortal.WebParts.Core.Learning.LearningAssignments.LearningAssignments, SumTotal.SPPortal.WebParts, Version=1.0.0.0, Culture=neutral, PublicKeyToken=6b7f90fbd13cce01","WebPartServiceAgentInterfaceTypeName":"ILMWebPartContractAsync","WebPartDefinitionXml":null,"HideWebPartHeader":false,"HideWebPartFooter":true,"IsFreeFlowing":false,"PillarKey":"LM","ChromeStyle":7,"ParameterJSON":"{\"HeaderLinkIcon\": \"\", \"IsCustomEditor\": false, \"PreviewType\" : \"table\"}","TemplatePath":"app/modules/dashboard/views/webparts/widgetLearningAssignments.html","IsSystemLocked":false,"Category":{"Id":8,"Name":"Learning","CategoryKey":"WebPartDefinition_Learning","Description":"Learning","ParentId":1,"OrdinalPosition":null},"Id":14},{"WebPartDefinitionKey":"LM_ExceptionReport_Others","Title":"Exception Report (Others)","Description":"Status of activities assigned to direct reports and managed users. Supports deep linking to Manager Exception page.","SubTitle":"Last Updated:","WebPartIconName":null,"WidgetNotificationMode":0,"WidgetDeeplinkUrlText":"View Detailed Exception Report","CategoryName":"Learning","IsWebPartEnabled":true,"TypeName":"SumTotal.SPPortal.WebParts.Core.Learning.ExceptionReport.ExceptionReport, SumTotal.SPPortal.WebParts, Version=1.0.0.0, Culture=neutral, PublicKeyToken=6b7f90fbd13cce01","WebPartServiceAgentInterfaceTypeName":"ILMWebPartContractAsync","WebPartDefinitionXml":null,"HideWebPartHeader":false,"HideWebPartFooter":true,"IsFreeFlowing":false,"PillarKey":"LM","ChromeStyle":7,"ParameterJSON":"{\"HeaderLinkIcon\": \"\", \"IsCustomEditor\": false, \"PreviewType\" : \"donutChart\"}","TemplatePath":"app/modules/dashboard/views/webparts/widgetExceptionReportOthers.html","IsSystemLocked":false,"Category":{"Id":8,"Name":"Learning","CategoryKey":"WebPartDefinition_Learning","Description":"Learning","ParentId":1,"OrdinalPosition":null},"Id":58},{"WebPartDefinitionKey":"LM_TeachingActivities","Title":"My Instructor Schedule","Description":"Provides instructors with quick access to their current and upcoming training items.","SubTitle":"Widget My Instructor Schedule Activities","WebPartIconName":null,"WidgetNotificationMode":0,"WidgetDeeplinkUrlText":"View All My Instructor Schedule","CategoryName":"Learning","IsWebPartEnabled":true,"TypeName":null,"WebPartServiceAgentInterfaceTypeName":"ILMWebPartContractAsync","WebPartDefinitionXml":null,"HideWebPartHeader":false,"HideWebPartFooter":true,"IsFreeFlowing":false,"PillarKey":"LM","ChromeStyle":7,"ParameterJSON":"{\"HeaderLinkIcon\": \"\", \"IsCustomEditor\": false, \"PreviewType\" : \"table\"}","TemplatePath":"app/modules/dashboard/views/webparts/WidgetTeachingActivities.html","IsSystemLocked":false,"Category":{"Id":8,"Name":"Learning","CategoryKey":"WebPartDefinition_Learning","Description":"Learning","ParentId":1,"OrdinalPosition":null},"Id":64},{"WebPartDefinitionKey":"LM_RecentlyLaunched","Title":"Recently Launched","Description":"Provides user with quick access to the most recently launched non-completed training item.","SubTitle":"Recently Launched","WebPartIconName":null,"WidgetNotificationMode":0,"WidgetDeeplinkUrlText":"View All Recently Launch Activity","CategoryName":"Learning","IsWebPartEnabled":true,"TypeName":"SumTotal.SPPortal.WebParts.Core.Learning.RecentlyLaunched.RecentlyLaunched, SumTotal.SPPortal.WebParts, Version=1.0.0.0, Culture=neutral, PublicKeyToken=6b7f90fbd13cce01","WebPartServiceAgentInterfaceTypeName":"ILMWebPartContractAsync","WebPartDefinitionXml":null,"HideWebPartHeader":false,"HideWebPartFooter":true,"IsFreeFlowing":false,"PillarKey":"LM","ChromeStyle":7,"ParameterJSON":"{\"HeaderLinkIcon\": \"\", \"IsCustomEditor\": false, \"PreviewType\" : \"table\"}","TemplatePath":"app/modules/dashboard/views/webparts/widgetRecentlyLaunched.html","IsSystemLocked":false,"Category":{"Id":8,"Name":"Learning","CategoryKey":"WebPartDefinition_Learning","Description":"Learning","ParentId":1,"OrdinalPosition":null},"Id":65},{"WebPartDefinitionKey":"LM_ProxyRelations","Title":"Proxy Relations","Description":"Allows the user to have quick access to a list of users whom they can act as a proxy for.","SubTitle":"Proxy Relations","WebPartIconName":null,"WidgetNotificationMode":1,"WidgetDeeplinkUrlText":"View All","CategoryName":"Learning","IsWebPartEnabled":true,"TypeName":"SumTotal.SPPortal.WebParts.Core.Learning.ProxyRelations.ProxyRelations, SumTotal.SPPortal.WebParts, Version=1.0.0.0, Culture=neutral, PublicKeyToken=6b7f90fbd13cce01","WebPartServiceAgentInterfaceTypeName":"ILMWebPartContractAsync","WebPartDefinitionXml":null,"HideWebPartHeader":false,"HideWebPartFooter":true,"IsFreeFlowing":false,"PillarKey":"LM","ChromeStyle":7,"ParameterJSON":"{\"HeaderLinkIcon\": \"\", \"IsCustomEditor\": false, \"PreviewType\" : \"table\"}","TemplatePath":"app/modules/dashboard/views/webparts/widgetProxyRelations.html","IsSystemLocked":false,"Category":{"Id":8,"Name":"Learning","CategoryKey":"WebPartDefinition_Learning","Description":"Learning","ParentId":1,"OrdinalPosition":null},"Id":66},{"WebPartDefinitionKey":"LM_MyLearning","Title":"My Learning","Description":"Provides user with graphical summary of their assigned training compliance status.","SubTitle":null,"WebPartIconName":null,"WidgetNotificationMode":0,"WidgetDeeplinkUrlText":null,"CategoryName":"Learning","IsWebPartEnabled":true,"TypeName":"SumTotal.SPPortal.WebParts.Core.Learning.MyLearning.MyLearning, SumTotal.SPPortal.WebParts, Version=1.0.0.0, Culture=neutral, PublicKeyToken=6b7f90fbd13cce01","WebPartServiceAgentInterfaceTypeName":"ILMWebPartContractAsync","WebPartDefinitionXml":null,"HideWebPartHeader":false,"HideWebPartFooter":true,"IsFreeFlowing":false,"PillarKey":"LM","ChromeStyle":7,"ParameterJSON":"{\"HeaderLinkIcon\":\"\",\"IsCustomEditor\":false,\"PreviewType\":\"html\"}","TemplatePath":"app/modules/dashboard/views/webparts/widgetMyLearning.html","IsSystemLocked":false,"Category":{"Id":8,"Name":"Learning","CategoryKey":"WebPartDefinition_Learning","Description":"Learning","ParentId":1,"OrdinalPosition":null},"Id":67},{"WebPartDefinitionKey":"LM_LearningTasks","Title":"Learning Tasks","Description":"Displays the user's pending tasks.","SubTitle":"Learning Tasks","WebPartIconName":null,"WidgetNotificationMode":0,"WidgetDeeplinkUrlText":null,"CategoryName":"Learning","IsWebPartEnabled":true,"TypeName":"SSumTotal.SPPortal.WebParts.Core.Learning.LearningTasks.LearningTasks, SumTotal.SPPortal.WebParts, Version=1.0.0.0, Culture=neutral, PublicKeyToken=6b7f90fbd13cce01","WebPartServiceAgentInterfaceTypeName":"ILMWebPartContractAsync","WebPartDefinitionXml":null,"HideWebPartHeader":false,"HideWebPartFooter":true,"IsFreeFlowing":false,"PillarKey":"LM","ChromeStyle":7,"ParameterJSON":"{\"HeaderLinkIcon\": \"\", \"IsCustomEditor\": false, \"PreviewType\" : \"table\"}","TemplatePath":"app/modules/dashboard/views/webparts/widgetLearningTasks.html","IsSystemLocked":false,"Category":{"Id":8,"Name":"Learning","CategoryKey":"WebPartDefinition_Learning","Description":"Learning","ParentId":1,"OrdinalPosition":null},"Id":68},{"WebPartDefinitionKey":"LM_QuickLinks","Title":"Quick Links","Description":"Displays the Quick Links for Training Transcript, Training Schedule and Training Analysis.","SubTitle":"Quick Links for Training","WebPartIconName":null,"WidgetNotificationMode":0,"WidgetDeeplinkUrlText":null,"CategoryName":"Learning","IsWebPartEnabled":true,"TypeName":"SumTotal.SPPortal.WebParts.Core.Learning.QuickLinks.QuickLinks, SumTotal.SPPortal.WebParts, Version=1.0.0.0, Culture=neutral, PublicKeyToken=6b7f90fbd13cce01","WebPartServiceAgentInterfaceTypeName":"ILMWebPartContractAsync","WebPartDefinitionXml":null,"HideWebPartHeader":false,"HideWebPartFooter":true,"IsFreeFlowing":false,"PillarKey":"LM","ChromeStyle":7,"ParameterJSON":"{\"HeaderLinkIcon\": \"\", \"IsCustomEditor\": false, \"PreviewType\" : \"table\"}","TemplatePath":"app/modules/dashboard/views/webparts/widgetQuickLinks.html","IsSystemLocked":false,"Category":{"Id":8,"Name":"Learning","CategoryKey":"WebPartDefinition_Learning","Description":"Learning","ParentId":1,"OrdinalPosition":null},"Id":69},{"WebPartDefinitionKey":"LM_Recommendation","Title":"Recommended Courses","Description":"Displays recommended learning based on your interests, your required skills, and suggestions from others in your organization.","SubTitle":null,"WebPartIconName":null,"WidgetNotificationMode":0,"WidgetDeeplinkUrlText":null,"CategoryName":"Learning","IsWebPartEnabled":true,"TypeName":null,"WebPartServiceAgentInterfaceTypeName":null,"WebPartDefinitionXml":null,"HideWebPartHeader":false,"HideWebPartFooter":true,"IsFreeFlowing":false,"PillarKey":"LM","ChromeStyle":7,"ParameterJSON":"{\"HeaderLinkIcon\":\"\",\"IsCustomEditor\":false,\"PreviewType\":\"table\"}","TemplatePath":"app/modules/dashboard/views/webparts/widgetRecommendation.html","IsSystemLocked":false,"Category":{"Id":8,"Name":"Learning","CategoryKey":"WebPartDefinition_Learning","Description":"Learning","ParentId":1,"OrdinalPosition":null},"Id":70},{"WebPartDefinitionKey":"LM_PromotedActivities","Title":"Promoted Activities","Description":"This is a legacy widget. Please use “Promoted Learning Activities” instead.","SubTitle":null,"WebPartIconName":null,"WidgetNotificationMode":0,"WidgetDeeplinkUrlText":null,"CategoryName":"Learning","IsWebPartEnabled":true,"TypeName":"SumTotal.SPPortal.WebParts.Core.Learning.PromotedActivities.PromotedActivities, SumTotal.SPPortal.WebParts, Version=1.0.0.0, Culture=neutral, PublicKeyToken=6b7f90fbd13cce01","WebPartServiceAgentInterfaceTypeName":"ILMWebPartContractAsync","WebPartDefinitionXml":null,"HideWebPartHeader":false,"HideWebPartFooter":false,"IsFreeFlowing":false,"PillarKey":"LM","ChromeStyle":7,"ParameterJSON":"{\"HeaderLinkIcon\":\"\",\"IsCustomEditor\":false,\"PreviewType\":\"configTextField\",\"Config\":{\"Name\":\"LearningActivityCodes\",\"Value\":\"\"}}","TemplatePath":"app/modules/dashboard/views/webparts/widgetPromotedActivities.html","IsSystemLocked":false,"Category":{"Id":8,"Name":"Learning","CategoryKey":"WebPartDefinition_Learning","Description":"Learning","ParentId":1,"OrdinalPosition":null},"Id":79},{"WebPartDefinitionKey":"LM_Categories","Title":"Browse By Topic","Description":"Display all topics, can browse activities through selected topic.","SubTitle":"Browse By Topic","WebPartIconName":null,"WidgetNotificationMode":0,"WidgetDeeplinkUrlText":"View All Categories","CategoryName":"Learning","IsWebPartEnabled":true,"TypeName":null,"WebPartServiceAgentInterfaceTypeName":"ILMWebPartContractAsync","WebPartDefinitionXml":null,"HideWebPartHeader":false,"HideWebPartFooter":false,"IsFreeFlowing":false,"PillarKey":"LM","ChromeStyle":7,"ParameterJSON":"{\"HeaderLinkIcon\":\"\",\"IsCustomEditor\":false,\"PreviewType\":\"table\"}","TemplatePath":"app/modules/dashboard/views/webparts/widgetCatalogBrowseByCategory.html","IsSystemLocked":false,"Category":{"Id":8,"Name":"Learning","CategoryKey":"WebPartDefinition_Learning","Description":"Learning","ParentId":1,"OrdinalPosition":null},"Id":80},{"WebPartDefinitionKey":"LM_ActivityTypes","Title":"Browse By Activity Type","Description":"Display all Activity Types, can browse activities through selected Activity Type.","SubTitle":"Browse By Activity Type","WebPartIconName":null,"WidgetNotificationMode":0,"WidgetDeeplinkUrlText":"View All Activity Types","CategoryName":"Learning","IsWebPartEnabled":true,"TypeName":null,"WebPartServiceAgentInterfaceTypeName":"ILMWebPartContractAsync","WebPartDefinitionXml":null,"HideWebPartHeader":false,"HideWebPartFooter":false,"IsFreeFlowing":false,"PillarKey":"LM","ChromeStyle":7,"ParameterJSON":"{\"HeaderLinkIcon\": \"\", \"IsCustomEditor\": false, \"PreviewType\" : \"table\"}","TemplatePath":"app/modules/dashboard/views/webparts/widgetCatalogBrowseByActivityType.html","IsSystemLocked":false,"Category":{"Id":8,"Name":"Learning","CategoryKey":"WebPartDefinition_Learning","Description":"Learning","ParentId":1,"OrdinalPosition":null},"Id":81},{"WebPartDefinitionKey":"LM_PromotedCategories","Title":"Promoted Topics","Description":"This is a legacy widget. Please use “Promoted Library Topics” instead.","SubTitle":"Promoted Topics","WebPartIconName":null,"WidgetNotificationMode":0,"WidgetDeeplinkUrlText":"View All Topics","CategoryName":"Learning","IsWebPartEnabled":true,"TypeName":null,"WebPartServiceAgentInterfaceTypeName":"ILMWebPartContractAsync","WebPartDefinitionXml":null,"HideWebPartHeader":false,"HideWebPartFooter":false,"IsFreeFlowing":false,"PillarKey":"LM","ChromeStyle":7,"ParameterJSON":"{\"HeaderLinkIcon\": \"\", \"IsCustomEditor\": false, \"PreviewType\" : \"table\"}","TemplatePath":"app/modules/dashboard/views/webparts/widgetPromotedCategories.html","IsSystemLocked":false,"Category":{"Id":8,"Name":"Learning","CategoryKey":"WebPartDefinition_Learning","Description":"Learning","ParentId":1,"OrdinalPosition":null},"Id":82},{"WebPartDefinitionKey":"LM_Calendar","Title":"My Learning Schedule","Description":"Highlights schedule information in calendar.","SubTitle":null,"WebPartIconName":null,"WidgetNotificationMode":0,"WidgetDeeplinkUrlText":null,"CategoryName":"Learning","IsWebPartEnabled":true,"TypeName":"SumTotal.SPPortal.WebParts.Core.Learning.Calendar.Calendar, SumTotal.SPPortal.WebParts, Version=1.0.0.0, Culture=neutral, PublicKeyToken=6b7f90fbd13cce01","WebPartServiceAgentInterfaceTypeName":null,"WebPartDefinitionXml":null,"HideWebPartHeader":false,"HideWebPartFooter":true,"IsFreeFlowing":false,"PillarKey":"LM","ChromeStyle":7,"ParameterJSON":"{\"HeaderLinkIcon\": \"\", \"IsCustomEditor\": false, \"PreviewType\" : \"html\"}","TemplatePath":"app/modules/dashboard/views/webparts/widgetCalendar.html","IsSystemLocked":false,"Category":{"Id":8,"Name":"Learning","CategoryKey":"WebPartDefinition_Learning","Description":"Learning","ParentId":1,"OrdinalPosition":null},"Id":83},{"WebPartDefinitionKey":"LM_News","Title":"News","Description":"Displays the latest news.","SubTitle":"News","WebPartIconName":null,"WidgetNotificationMode":0,"WidgetDeeplinkUrlText":null,"CategoryName":"Learning","IsWebPartEnabled":true,"TypeName":null,"WebPartServiceAgentInterfaceTypeName":null,"WebPartDefinitionXml":null,"HideWebPartHeader":false,"HideWebPartFooter":false,"IsFreeFlowing":false,"PillarKey":"LM","ChromeStyle":7,"ParameterJSON":"{\"HeaderLinkIcon\": \"\", \"IsCustomEditor\": false, \"PreviewType\" : \"table\"}","TemplatePath":"app/modules/dashboard/views/webparts/widgetNews.html","IsSystemLocked":false,"Category":{"Id":8,"Name":"Learning","CategoryKey":"WebPartDefinition_Learning","Description":"Learning","ParentId":1,"OrdinalPosition":null},"Id":85},{"WebPartDefinitionKey":"LM_RecentPurchasedActivities","Title":"Recently Purchased Activities","Description":"Provides user with quick access to the five most recently purchased  activities.","SubTitle":"Recent purchases I have made","WebPartIconName":null,"WidgetNotificationMode":0,"WidgetDeeplinkUrlText":null,"CategoryName":"Learning","IsWebPartEnabled":true,"TypeName":null,"WebPartServiceAgentInterfaceTypeName":"ILMWebPartContractAsync","WebPartDefinitionXml":null,"HideWebPartHeader":false,"HideWebPartFooter":false,"IsFreeFlowing":false,"PillarKey":"LM","ChromeStyle":7,"ParameterJSON":"{\"HeaderLinkIcon\": \"\", \"IsCustomEditor\": false, \"PreviewType\" : \"table\"}","TemplatePath":"app/modules/dashboard/views/webparts/widgetLearningRecentlyPurchasedActivities.html","IsSystemLocked":false,"Category":{"Id":8,"Name":"Learning","CategoryKey":"WebPartDefinition_Learning","Description":"Learning","ParentId":1,"OrdinalPosition":null},"Id":87},{"WebPartDefinitionKey":"LM_ConfigurableWidget","Title":"Configurable Widget","Description":"Displays configured widget data","SubTitle":null,"WebPartIconName":null,"WidgetNotificationMode":0,"WidgetDeeplinkUrlText":null,"CategoryName":"Learning","IsWebPartEnabled":true,"TypeName":null,"WebPartServiceAgentInterfaceTypeName":"ILMWebPartContractAsync","WebPartDefinitionXml":null,"HideWebPartHeader":false,"HideWebPartFooter":false,"IsFreeFlowing":false,"PillarKey":"LM","ChromeStyle":7,"ParameterJSON":"{\"HeaderLinkIcon\": \"\", \"IsCustomEditor\": false, \"PreviewType\" : \"configCarouselDropDown\", \"Config\":{\"Name\":\"ConfigurableCarouselWidgetCodesDropDown\",\"DropDownData\":{\"SelectedKey\": null, \"AvailableOptions\": [{\"id\": \"0\", \"name\":\"Trending For Your Job\"}, {\"id\":\"1\", \"name\":\"Top Picks For You\"}, {\"id\":\"2\", \"name\":\"Top Rated\"}, {\"id\":\"3\", \"name\":\"Saved For Later\"}, {\"id\":\"4\", \"name\":\"Continue Learning\"}, {\"id\":\"5\", \"name\":\"Join Your Peers\"}, {\"id\":\"6\", \"name\":\"Training Recommended For Next Job\"}, {\"id\":\"7\", \"name\":\"Most Popular\"}]}}}","TemplatePath":"app/modules/dashboard/views/webparts/widgetConfigurableContent.html","IsSystemLocked":false,"Category":{"Id":8,"Name":"Learning","CategoryKey":"WebPartDefinition_Learning","Description":"Learning","ParentId":1,"OrdinalPosition":null},"Id":106},{"WebPartDefinitionKey":"LM_ConfigurableCarouselWidget","Title":"Configurable Carousel Widget","Description":"Displays configured widget data","SubTitle":null,"WebPartIconName":null,"WidgetNotificationMode":0,"WidgetDeeplinkUrlText":null,"CategoryName":"Learning","IsWebPartEnabled":true,"TypeName":null,"WebPartServiceAgentInterfaceTypeName":"ILMWebPartContractAsync","WebPartDefinitionXml":null,"HideWebPartHeader":false,"HideWebPartFooter":false,"IsFreeFlowing":false,"PillarKey":"LM","ChromeStyle":7,"ParameterJSON":"{\"HeaderLinkIcon\": \"\", \"IsCustomEditor\": false, \"PreviewType\" : \"configCarouselDropDown\", \"Config\":{\"Name\":\"ConfigurableCarouselWidgetCodesDropDown\",\"DropDownData\":{\"SelectedKey\": null, \"AvailableOptions\": [{\"id\": \"0\", \"name\":\"Trending For Your Job\"}, {\"id\":\"1\", \"name\":\"Top Picks For You\"}, {\"id\":\"2\", \"name\":\"Top Rated\"}, {\"id\":\"3\", \"name\":\"Saved For Later\"}, {\"id\":\"4\", \"name\":\"Continue Learning\"}, {\"id\":\"5\", \"name\":\"Join Your Peers\"}, {\"id\":\"6\", \"name\":\"Training Recommended For Next Job\"}, {\"id\":\"7\", \"name\":\"Most Popular\"}]}}}","TemplatePath":"app/modules/dashboard/views/webparts/widgetConfigurableCarouselContent.html","IsSystemLocked":false,"Category":{"Id":8,"Name":"Learning","CategoryKey":"WebPartDefinition_Learning","Description":"Learning","ParentId":1,"OrdinalPosition":null},"Id":107},{"WebPartDefinitionKey":"search_calendarView","Title":"Available Activities Calendar","Description":"Allows learners to browse available learning activity offerings in a calendar view.","SubTitle":"Available Activities Calendar","WebPartIconName":null,"WidgetNotificationMode":0,"WidgetDeeplinkUrlText":null,"CategoryName":"Learning","IsWebPartEnabled":true,"TypeName":null,"WebPartServiceAgentInterfaceTypeName":null,"WebPartDefinitionXml":null,"HideWebPartHeader":false,"HideWebPartFooter":false,"IsFreeFlowing":false,"PillarKey":"LM","ChromeStyle":7,"ParameterJSON":"{\"HeaderLinkIcon\": \"\", \"IsCustomEditor\": false, \"PreviewType\" : \"calendar\"}","TemplatePath":"app/modules/dashboard/views/searchWidgets/calendarView.html","IsSystemLocked":false,"Category":{"Id":8,"Name":"Learning","CategoryKey":"WebPartDefinition_Learning","Description":"Learning","ParentId":1,"OrdinalPosition":null},"Id":111},{"WebPartDefinitionKey":"LM_FavouritesCarousel","Title":"My Favorites","Description":"Supports quick access to content marked as a favorite by the user in a carousel.","SubTitle":"Activities, Categories, Collaboration Centers","WebPartIconName":null,"WidgetNotificationMode":1,"WidgetDeeplinkUrlText":"More...","CategoryName":"Learning","IsWebPartEnabled":true,"TypeName":"SumTotal.SPPortal.WebParts.Core.Learning.Favorites.Favorites, SumTotal.SPPortal.WebParts, Version=1.0.0.0, Culture=neutral, PublicKeyToken=6b7f90fbd13cce01","WebPartServiceAgentInterfaceTypeName":"ILMWebPartContractAsync","WebPartDefinitionXml":null,"HideWebPartHeader":false,"HideWebPartFooter":true,"IsFreeFlowing":false,"PillarKey":"LM","ChromeStyle":7,"ParameterJSON":"{\"HeaderLinkIcon\":\"\",\"IsCustomEditor\":false,\"PreviewType\":\"table\"}","TemplatePath":"app/modules/dashboard/views/webparts/widgetFavoritesCarousel.html","IsSystemLocked":false,"Category":{"Id":8,"Name":"Learning","CategoryKey":"WebPartDefinition_Learning","Description":"Learning","ParentId":1,"OrdinalPosition":null},"Id":112},{"WebPartDefinitionKey":"Common_SearchWidget","Title":"Search","Description":"Quick Search for Courses, Training, Videos, Books and Audiobooks","SubTitle":"Search for Courses, Training, Videos, Books and Audiobooks","WebPartIconName":null,"WidgetNotificationMode":0,"WidgetDeeplinkUrlText":null,"CategoryName":"Learning","IsWebPartEnabled":true,"TypeName":null,"WebPartServiceAgentInterfaceTypeName":null,"WebPartDefinitionXml":null,"HideWebPartHeader":true,"HideWebPartFooter":false,"IsFreeFlowing":false,"PillarKey":null,"ChromeStyle":6,"ParameterJSON":"{\"HeaderLinkIcon\":\"\",\"IsCustomEditor\":false,\"PreviewType\":\"table\"}","TemplatePath":"app/modules/dashboard/views/webparts/widgetEnterpriseSearch.html","IsSystemLocked":false,"Category":{"Id":8,"Name":"Learning","CategoryKey":"WebPartDefinition_Learning","Description":"Learning","ParentId":1,"OrdinalPosition":null},"Id":113},{"WebPartDefinitionKey":"LM_ResumeLearning","Title":"Resume Learning","Description":"Provides user with quick access to all recently launched non-completed training items.","SubTitle":"List of recently launched activities","WebPartIconName":null,"WidgetNotificationMode":0,"WidgetDeeplinkUrlText":"View All Recently Launched Activities","CategoryName":"Learning","IsWebPartEnabled":true,"TypeName":"SumTotal.SPPortal.WebParts.Core.Learning.RecentlyLaunched.RecentlyLaunched, SumTotal.SPPortal.WebParts, Version=1.0.0.0, Culture=neutral, PublicKeyToken=6b7f90fbd13cce01","WebPartServiceAgentInterfaceTypeName":"ILMWebPartContractAsync","WebPartDefinitionXml":null,"HideWebPartHeader":false,"HideWebPartFooter":true,"IsFreeFlowing":false,"PillarKey":"LM","ChromeStyle":7,"ParameterJSON":"{\"HeaderLinkIcon\":\"\",\"IsCustomEditor\":false,\"PreviewType\":\"table\"}","TemplatePath":"app/modules/dashboard/views/webparts/widgetRecentlyLaunchedActivitiesList.html","IsSystemLocked":false,"Category":{"Id":8,"Name":"Learning","CategoryKey":"WebPartDefinition_Learning","Description":"Learning","ParentId":1,"OrdinalPosition":null},"Id":114},{"WebPartDefinitionKey":"LM_RecommendedActivities","Title":"Recommended Activities","Description":"Displays recommended activities based on your interests, your required skills, and suggestions from others in your organization in a carousel.","SubTitle":null,"WebPartIconName":null,"WidgetNotificationMode":0,"WidgetDeeplinkUrlText":null,"CategoryName":"Learning","IsWebPartEnabled":true,"TypeName":null,"WebPartServiceAgentInterfaceTypeName":null,"WebPartDefinitionXml":null,"HideWebPartHeader":true,"HideWebPartFooter":true,"IsFreeFlowing":false,"PillarKey":"LM","ChromeStyle":6,"ParameterJSON":"{\"HeaderLinkIcon\":\"\",\"IsCustomEditor\":false,\"PreviewType\":\"table\"}","TemplatePath":"app/modules/dashboard/views/webparts/widgetRecommendedActivitiesCarousel.html","IsSystemLocked":false,"Category":{"Id":8,"Name":"Learning","CategoryKey":"WebPartDefinition_Learning","Description":"Learning","ParentId":1,"OrdinalPosition":null},"Id":115},{"WebPartDefinitionKey":"LM_PromotedActivities","Title":"Promoted Learning  Activities","Description":"Displays activities promoted by your organization.","SubTitle":null,"WebPartIconName":null,"WidgetNotificationMode":0,"WidgetDeeplinkUrlText":null,"CategoryName":"Learning","IsWebPartEnabled":true,"TypeName":"SumTotal.SPPortal.WebParts.Core.Learning.PromotedActivities.PromotedActivities, SumTotal.SPPortal.WebParts, Version=1.0.0.0, Culture=neutral, PublicKeyToken=6b7f90fbd13cce01","WebPartServiceAgentInterfaceTypeName":"ILMWebPartContractAsync","WebPartDefinitionXml":null,"HideWebPartHeader":false,"HideWebPartFooter":false,"IsFreeFlowing":false,"PillarKey":"LM","ChromeStyle":7,"ParameterJSON":"{\"HeaderLinkIcon\": \"\", \"IsCustomEditor\": false, \"PreviewType\" : \"configTextField\", \"Config\":{\"Name\":\"LearningActivityCodes\",\"Value\":\"\"}}","TemplatePath":"app/modules/dashboard/views/webparts/widgetPromotedActivitiesCarousel.html","IsSystemLocked":false,"Category":{"Id":8,"Name":"Learning","CategoryKey":"WebPartDefinition_Learning","Description":"Learning","ParentId":1,"OrdinalPosition":null},"Id":118},{"WebPartDefinitionKey":"LM_PromotedLibraryTopics","Title":"Promoted Library  Topics","Description":"Displays Library topics promoted by your organization.","SubTitle":null,"WebPartIconName":null,"WidgetNotificationMode":0,"WidgetDeeplinkUrlText":"View All Topics","CategoryName":"Learning","IsWebPartEnabled":true,"TypeName":null,"WebPartServiceAgentInterfaceTypeName":"ILMWebPartContractAsync","WebPartDefinitionXml":null,"HideWebPartHeader":false,"HideWebPartFooter":false,"IsFreeFlowing":false,"PillarKey":"LM","ChromeStyle":7,"ParameterJSON":"{\"HeaderLinkIcon\": \"\", \"IsCustomEditor\": false, \"PreviewType\" : \"table\", \"MaxCount\":20}","TemplatePath":"app/modules/dashboard/views/webparts/widgetPromotedCategoriesCarousel.html","IsSystemLocked":false,"Category":{"Id":8,"Name":"Learning","CategoryKey":"WebPartDefinition_Learning","Description":"Learning","ParentId":1,"OrdinalPosition":null},"Id":119},{"WebPartDefinitionKey":"LM_LearnerAssignmentCarousel","Title":"My Learning Assignments","Description":"Provides quick access to the user's current learning assignments.","SubTitle":"Assignments and duties awaiting completion","WebPartIconName":null,"WidgetNotificationMode":1,"WidgetDeeplinkUrlText":"View All Assignments","CategoryName":"Learning","IsWebPartEnabled":true,"TypeName":"SumTotal.SPPortal.WebParts.Core.Learning.LearningAssignments.LearningAssignments, SumTotal.SPPortal.WebParts, Version=1.0.0.0, Culture=neutral, PublicKeyToken=6b7f90fbd13cce01","WebPartServiceAgentInterfaceTypeName":"ILMWebPartContractAsync","WebPartDefinitionXml":null,"HideWebPartHeader":false,"HideWebPartFooter":true,"IsFreeFlowing":false,"PillarKey":"LM","ChromeStyle":7,"ParameterJSON":"{\"HeaderLinkIcon\": \"\", \"IsCustomEditor\": false, \"PreviewType\" : \"table\", \"MaxCount\":20, \"isCarousel\": true, \"noScroll\" : true}","TemplatePath":"app/modules/dashboard/views/webparts/widgetLearningAssignmentsCarousel.html","IsSystemLocked":false,"Category":{"Id":8,"Name":"Learning","CategoryKey":"WebPartDefinition_Learning","Description":"Learning","ParentId":1,"OrdinalPosition":null},"Id":120},{"WebPartDefinitionKey":"LM_InterestBasedActivities","Title":"My Interests","Description":"Displays interest-based activities. Place at the bottom of the page as max of 10 interests will force scrolling.","SubTitle":null,"WebPartIconName":null,"WidgetNotificationMode":0,"WidgetDeeplinkUrlText":null,"CategoryName":"Learning","IsWebPartEnabled":true,"TypeName":null,"WebPartServiceAgentInterfaceTypeName":null,"WebPartDefinitionXml":null,"HideWebPartHeader":true,"HideWebPartFooter":true,"IsFreeFlowing":false,"PillarKey":"LM","ChromeStyle":6,"ParameterJSON":"{\"HeaderLinkIcon\": \"\", \"IsCustomEditor\": false, \"PreviewType\" : \"table\", \"numOfInterests\" : 10, \"numOfRecommPerInterest\" : 20, \"ShowAdaptiveHeight\" : true, \"AdaptiveHeight\" : true, \"noScroll\" : true}","TemplatePath":"app/modules/dashboard/views/webparts/widgetInterestBasedActivities.html","IsSystemLocked":false,"Category":{"Id":8,"Name":"Learning","CategoryKey":"WebPartDefinition_Learning","Description":"Learning","ParentId":1,"OrdinalPosition":null},"Id":121}]},{"Category":{"Id":11,"Name":"Social","CategoryKey":"WebPartDefinition_Social","Description":"Social","ParentId":1,"OrdinalPosition":null},"Definitions":[{"WebPartDefinitionKey":"LM_MyCommunities","Title":"My Communities","Description":"Recent posts for the communities which the logged in user is a member, supported by an option to view all updates.","SubTitle":"Favorite discussion forums","WebPartIconName":null,"WidgetNotificationMode":1,"WidgetDeeplinkUrlText":"View All Communities","CategoryName":"Social","IsWebPartEnabled":true,"TypeName":"SumTotal.SPPortal.WebParts.Core.Social.MyCommunities.MyCommunities, SumTotal.SPPortal.WebParts, Version=1.0.0.0, Culture=neutral, PublicKeyToken=6b7f90fbd13cce01","WebPartServiceAgentInterfaceTypeName":"ILMWebPartContractAsync","WebPartDefinitionXml":null,"HideWebPartHeader":false,"HideWebPartFooter":true,"IsFreeFlowing":false,"PillarKey":"LM","ChromeStyle":7,"ParameterJSON":"{\"HeaderLinkIcon\": \"\", \"IsCustomEditor\": false, \"PreviewType\" : \"table\"}","TemplatePath":"app/modules/dashboard/views/webparts/widgetMyCommunities.html","IsSystemLocked":false,"Category":{"Id":11,"Name":"Social","CategoryKey":"WebPartDefinition_Social","Description":"Social","ParentId":1,"OrdinalPosition":null},"Id":5},{"WebPartDefinitionKey":"LM_CommunityUpdates","Title":"Community Updates","Description":"Highlights recent community posts with an option to view all community updates.","SubTitle":"Updated discussion forums  ","WebPartIconName":null,"WidgetNotificationMode":1,"WidgetDeeplinkUrlText":"View All Updates","CategoryName":"Social","IsWebPartEnabled":true,"TypeName":"SumTotal.SPPortal.WebParts.Core.Social.CommunityUpdates.CommunityUpdates, SumTotal.SPPortal.WebParts, Version=1.0.0.0, Culture=neutral, PublicKeyToken=6b7f90fbd13cce01","WebPartServiceAgentInterfaceTypeName":"ILMWebPartContractAsync","WebPartDefinitionXml":null,"HideWebPartHeader":false,"HideWebPartFooter":true,"IsFreeFlowing":false,"PillarKey":"LM","ChromeStyle":7,"ParameterJSON":"{\"HeaderLinkIcon\": \"\", \"IsCustomEditor\": false, \"PreviewType\" : \"table\"}","TemplatePath":"app/modules/dashboard/views/webparts/widgetCommunityUpdates.html","IsSystemLocked":false,"Category":{"Id":11,"Name":"Social","CategoryKey":"WebPartDefinition_Social","Description":"Social","ParentId":1,"OrdinalPosition":null},"Id":11},{"WebPartDefinitionKey":"SocialGroups","Title":"Social Groups","Description":"View all Social groups, manage your Social groups, and post messages.","SubTitle":"Social Groups","WebPartIconName":null,"WidgetNotificationMode":0,"WidgetDeeplinkUrlText":null,"CategoryName":"Social","IsWebPartEnabled":true,"TypeName":null,"WebPartServiceAgentInterfaceTypeName":null,"WebPartDefinitionXml":null,"HideWebPartHeader":false,"HideWebPartFooter":false,"IsFreeFlowing":false,"PillarKey":null,"ChromeStyle":7,"ParameterJSON":"{\"HeaderLinkIcon\": \"\", \"IsCustomEditor\": false, \"PreviewType\" : \"table\"}","TemplatePath":"app/modules/dashboard/views/webparts/widgetSocial.html","IsSystemLocked":false,"Category":{"Id":11,"Name":"Social","CategoryKey":"WebPartDefinition_Social","Description":"Social","ParentId":1,"OrdinalPosition":null},"Id":98},{"WebPartDefinitionKey":"SocialMyFeed","Title":"My Feed","Description":"View and make updates to your Social feed, including groups for which you are a member and public groups.","SubTitle":"My Feed","WebPartIconName":null,"WidgetNotificationMode":0,"WidgetDeeplinkUrlText":null,"CategoryName":"Social","IsWebPartEnabled":true,"TypeName":null,"WebPartServiceAgentInterfaceTypeName":null,"WebPartDefinitionXml":null,"HideWebPartHeader":false,"HideWebPartFooter":false,"IsFreeFlowing":false,"PillarKey":null,"ChromeStyle":7,"ParameterJSON":"{\"HeaderLinkIcon\": \"\", \"IsCustomEditor\": false, \"PreviewType\" : \"table\"}","TemplatePath":"app/modules/dashboard/views/webparts/widgetSocialMyFeed.html","IsSystemLocked":false,"Category":{"Id":11,"Name":"Social","CategoryKey":"WebPartDefinition_Social","Description":"Social","ParentId":1,"OrdinalPosition":null},"Id":99},{"WebPartDefinitionKey":"Social_MyCommunities","Title":"My Social Communities","Description":"Displays social communities that I am a member of","SubTitle":null,"WebPartIconName":null,"WidgetNotificationMode":1,"WidgetDeeplinkUrlText":"View All","CategoryName":"Social","IsWebPartEnabled":true,"TypeName":null,"WebPartServiceAgentInterfaceTypeName":null,"WebPartDefinitionXml":null,"HideWebPartHeader":false,"HideWebPartFooter":false,"IsFreeFlowing":false,"PillarKey":"ELIXHRUI","ChromeStyle":7,"ParameterJSON":"{\"HeaderLinkIcon\":\"\",\"IsCustomEditor\":false,\"PreviewType\":\"table\"}","TemplatePath":"app/modules/dashboard/views/webparts/widgetSocialMyCommunities.html","IsSystemLocked":false,"Category":{"Id":11,"Name":"Social","CategoryKey":"WebPartDefinition_Social","Description":"Social","ParentId":1,"OrdinalPosition":null},"Id":116},{"WebPartDefinitionKey":"Social_CommunityFeed","Title":"My Social Community Feed","Description":"Displays the social activities of communities I am a member of","SubTitle":null,"WebPartIconName":null,"WidgetNotificationMode":1,"WidgetDeeplinkUrlText":"View All","CategoryName":"Social","IsWebPartEnabled":true,"TypeName":null,"WebPartServiceAgentInterfaceTypeName":null,"WebPartDefinitionXml":null,"HideWebPartHeader":false,"HideWebPartFooter":false,"IsFreeFlowing":false,"PillarKey":"ELIXHRUI","ChromeStyle":7,"ParameterJSON":"{\"HeaderLinkIcon\":\"\",\"IsCustomEditor\":false,\"PreviewType\":\"table\"}","TemplatePath":"app/modules/dashboard/views/webparts/widgetSocialCommunityFeed.html","IsSystemLocked":false,"Category":{"Id":11,"Name":"Social","CategoryKey":"WebPartDefinition_Social","Description":"Social","ParentId":1,"OrdinalPosition":null},"Id":117}]},{"Category":{"Id":6,"Name":"Talent","CategoryKey":"WebPartDefinition_Talent","Description":"Talent","ParentId":1,"OrdinalPosition":null},"Definitions":[{"WebPartDefinitionKey":"TM_MyProcesses","Title":"My Processes","Description":"Displays status of active processes and supports linking to the process details.","SubTitle":"My assessments and reviews","WebPartIconName":null,"WidgetNotificationMode":0,"WidgetDeeplinkUrlText":"View All Processes","CategoryName":"Talent","IsWebPartEnabled":true,"TypeName":"SumTotal.SPPortal.WebParts.Core.TM.MyProcesses.MyProcesses, SumTotal.SPPortal.WebParts, Version=1.0.0.0, Culture=neutral, PublicKeyToken=6b7f90fbd13cce01","WebPartServiceAgentInterfaceTypeName":"ITMWebPartContractAsync","WebPartDefinitionXml":null,"HideWebPartHeader":false,"HideWebPartFooter":true,"IsFreeFlowing":false,"PillarKey":"TM","ChromeStyle":7,"ParameterJSON":"{\"HeaderLinkIcon\": \"\", \"IsCustomEditor\": false, \"PreviewType\" : \"table\"}","TemplatePath":"app/modules/dashboard/views/webparts/widgetMyProcess.html","IsSystemLocked":false,"Category":{"Id":6,"Name":"Talent","CategoryKey":"WebPartDefinition_Talent","Description":"Talent","ParentId":1,"OrdinalPosition":null},"Id":44},{"WebPartDefinitionKey":"TM_MyTeamProcesses","Title":"My Team - Process List","Description":"Highlights how many direct reports a manager has active within Talent processes.  Users can drill to specific processes.","SubTitle":"Assessments and reviews within my team","WebPartIconName":null,"WidgetNotificationMode":0,"WidgetDeeplinkUrlText":"View All Team Processes","CategoryName":"Talent","IsWebPartEnabled":true,"TypeName":"SumTotal.SPPortal.WebParts.Core.TM.MyTeamProcesses.MyTeamProcesses, SumTotal.SPPortal.WebParts, Version=1.0.0.0, Culture=neutral, PublicKeyToken=6b7f90fbd13cce01","WebPartServiceAgentInterfaceTypeName":"ITMWebPartContractAsync","WebPartDefinitionXml":null,"HideWebPartHeader":false,"HideWebPartFooter":true,"IsFreeFlowing":false,"PillarKey":"TM","ChromeStyle":7,"ParameterJSON":"{\"HeaderLinkIcon\": \"\", \"IsCustomEditor\": false, \"PreviewType\" : \"table\"}","TemplatePath":"app/modules/dashboard/views/webparts/widgetProcessList.html","IsSystemLocked":false,"Category":{"Id":6,"Name":"Talent","CategoryKey":"WebPartDefinition_Talent","Description":"Talent","ParentId":1,"OrdinalPosition":null},"Id":45},{"WebPartDefinitionKey":"TM_MyTeamGoals","Title":"My Team - Goal Summary","Description":"Lists approved goals for direct reports, highlighting due date, progress, and organizational alignment.","SubTitle":"Results of team goals and accomplishments","WebPartIconName":null,"WidgetNotificationMode":0,"WidgetDeeplinkUrlText":"View All My Team Goals","CategoryName":"Talent","IsWebPartEnabled":true,"TypeName":"SumTotal.SPPortal.WebParts.Core.TM.MyTeamGoals.MyTeamGoals, SumTotal.SPPortal.WebParts, Version=1.0.0.0, Culture=neutral, PublicKeyToken=6b7f90fbd13cce01","WebPartServiceAgentInterfaceTypeName":"ITMWebPartContractAsync","WebPartDefinitionXml":null,"HideWebPartHeader":false,"HideWebPartFooter":true,"IsFreeFlowing":false,"PillarKey":"TM","ChromeStyle":7,"ParameterJSON":"{\"HeaderLinkIcon\": \"\", \"IsCustomEditor\": false, \"ChartConfig\":{\"columnMap\":[\"value\"], \"barType\":\"bar\", \"ChartLabelColumn\":\"dataName\"}, \"PreviewType\":\"barChart\"}","TemplatePath":"app/modules/dashboard/views/webparts/widgetMyTeamGoalSummary.html","IsSystemLocked":false,"Category":{"Id":6,"Name":"Talent","CategoryKey":"WebPartDefinition_Talent","Description":"Talent","ParentId":1,"OrdinalPosition":null},"Id":46},{"WebPartDefinitionKey":"TM_MyTeamPerformanceRatingDistribution","Title":"Performance Bell Curve (Manager)","Description":"Organizes direct reports based on their ratings against organizational targeted values.","SubTitle":"Results of team performance reviews","WebPartIconName":null,"WidgetNotificationMode":0,"WidgetDeeplinkUrlText":null,"CategoryName":"Talent","IsWebPartEnabled":true,"TypeName":"SumTotal.SPPortal.WebParts.Core.TM.MyTeamPRD.MyTeamPRD, SumTotal.SPPortal.WebParts, Version=1.0.0.0, Culture=neutral, PublicKeyToken=6b7f90fbd13cce01","WebPartServiceAgentInterfaceTypeName":"ITMWebPartContractAsync","WebPartDefinitionXml":null,"HideWebPartHeader":false,"HideWebPartFooter":true,"IsFreeFlowing":false,"PillarKey":"TM","ChromeStyle":7,"ParameterJSON":"{\"HeaderLinkIcon\": \"\", \"IsCustomEditor\": false, \"ChartConfig\":{\"columnMap\":[\"itemName\", \"count\", \"target\"]}, \"PreviewType\":\"bellChart\"}","TemplatePath":"app/modules/dashboard/views/webparts/widgetRatingDistribution.html","IsSystemLocked":false,"Category":{"Id":6,"Name":"Talent","CategoryKey":"WebPartDefinition_Talent","Description":"Talent","ParentId":1,"OrdinalPosition":null},"Id":47},{"WebPartDefinitionKey":"TM_MyTeamGoalsDetail","Title":"My Team Goals","Description":"Displays all goals and current status for direct reports.","SubTitle":"Detailed information about my team's goals","WebPartIconName":null,"WidgetNotificationMode":0,"WidgetDeeplinkUrlText":"View all my team goals","CategoryName":"Talent","IsWebPartEnabled":true,"TypeName":"SumTotal.SPPortal.WebParts.Core.TM.MyTeamGoalsDetail.MyTeamGoalsDetail, SumTotal.SPPortal.WebParts, Version=1.0.0.0, Culture=neutral, PublicKeyToken=6b7f90fbd13cce01","WebPartServiceAgentInterfaceTypeName":"ITMWebPartContractAsync","WebPartDefinitionXml":null,"HideWebPartHeader":false,"HideWebPartFooter":true,"IsFreeFlowing":false,"PillarKey":"TM","ChromeStyle":7,"ParameterJSON":"{\"HeaderLinkIcon\": \"\", \"IsCustomEditor\": false, \"PreviewType\" : \"table\"}","TemplatePath":"app/modules/dashboard/views/webparts/widgetMyTeamGoals.html","IsSystemLocked":false,"Category":{"Id":6,"Name":"Talent","CategoryKey":"WebPartDefinition_Talent","Description":"Talent","ParentId":1,"OrdinalPosition":null},"Id":48},{"WebPartDefinitionKey":"TM_MyTeamPerformanceProgress","Title":"Team Performance Progress","Description":"Highlights progress against performance processes for direct reports.","SubTitle":"Displays performance processes and the number of employees on each step.","WebPartIconName":null,"WidgetNotificationMode":0,"WidgetDeeplinkUrlText":"Team Completion Report","CategoryName":"Talent","IsWebPartEnabled":true,"TypeName":"SumTotal.SPPortal.WebParts.Core.TM.MyTeamPerfProg.MyTeamPerfProg, SumTotal.SPPortal.WebParts, Version=1.0.0.0, Culture=neutral, PublicKeyToken=6b7f90fbd13cce01","WebPartServiceAgentInterfaceTypeName":"ITMWebPartContractAsync","WebPartDefinitionXml":null,"HideWebPartHeader":false,"HideWebPartFooter":true,"IsFreeFlowing":false,"PillarKey":"TM","ChromeStyle":7,"ParameterJSON":"{\"HeaderLinkIcon\": \"\", \"IsCustomEditor\": false, \"PreviewType\" : \"table\"}","TemplatePath":"app/modules/dashboard/views/webparts/widgetTeamPerformanceProgress.html","IsSystemLocked":false,"Category":{"Id":6,"Name":"Talent","CategoryKey":"WebPartDefinition_Talent","Description":"Talent","ParentId":1,"OrdinalPosition":null},"Id":49},{"WebPartDefinitionKey":"TM_Top5TeamStrengths","Title":"Top 5 Team Strengths","Description":"Identifies team strengths by highlighting average scores of the five highest scored competencies of direct reports.","SubTitle":"Competency Strengths for Your Team","WebPartIconName":null,"WidgetNotificationMode":0,"WidgetDeeplinkUrlText":null,"CategoryName":"Talent","IsWebPartEnabled":true,"TypeName":"SumTotal.SPPortal.WebParts.Core.Performance.Top5TeamStrengths.Top5TeamStrengths, SumTotal.SPPortal.WebParts, Version=1.0.0.0, Culture=neutral, PublicKeyToken=6b7f90fbd13cce01","WebPartServiceAgentInterfaceTypeName":"IPerformanceWebPartContractAsync","WebPartDefinitionXml":null,"HideWebPartHeader":false,"HideWebPartFooter":true,"IsFreeFlowing":false,"PillarKey":"TM","ChromeStyle":7,"ParameterJSON":"{\"HeaderLinkIcon\": \"\", \"IsCustomEditor\": false, \"ChartConfig\":{\"columnMap\":[\"value\"], \"barType\":\"bar\", \"ChartLabelColumn\":\"dataName\"}, \"PreviewType\":\"barChart\"}","TemplatePath":"app/modules/dashboard/views/webparts/widgetTop5TeamStrengths.html","IsSystemLocked":false,"Category":{"Id":6,"Name":"Talent","CategoryKey":"WebPartDefinition_Talent","Description":"Talent","ParentId":1,"OrdinalPosition":null},"Id":50},{"WebPartDefinitionKey":"TM_MyTeamSuccessionStatus","Title":"Team Succession Status","Description":"Provides readiness metrics for direct reports being groomed as successors.","SubTitle":"Succession Information for Your Team","WebPartIconName":null,"WidgetNotificationMode":0,"WidgetDeeplinkUrlText":"View Succession Dashboard","CategoryName":"Talent","IsWebPartEnabled":true,"TypeName":"SumTotal.SPPortal.WebParts.Core.Succession.TeamSuccessionStatus.TeamSuccessionStatus, SumTotal.SPPortal.WebParts, Version=1.0.0.0, Culture=neutral, PublicKeyToken=6b7f90fbd13cce01","WebPartServiceAgentInterfaceTypeName":"ISuccessionWebPartContractAsync","WebPartDefinitionXml":null,"HideWebPartHeader":false,"HideWebPartFooter":true,"IsFreeFlowing":false,"PillarKey":"TM","ChromeStyle":7,"ParameterJSON":"{\"HeaderLinkIcon\": \"\", \"IsCustomEditor\": false, \"ChartConfig\":{\"IsStacked\": true,\"columnMap\":[\"lowBenchStrength\", \"mediumBenchStrength\", \"highBenchStrength\"],\"ChartLabelColumn\":\"name\"},\"PreviewType\":\"barChart\"}","TemplatePath":"app/modules/dashboard/views/webparts/widgetTeamSuccessionStatus.html","IsSystemLocked":false,"Category":{"Id":6,"Name":"Talent","CategoryKey":"WebPartDefinition_Talent","Description":"Talent","ParentId":1,"OrdinalPosition":null},"Id":51},{"WebPartDefinitionKey":"TM_Top5TeamWeaknesses","Title":"Top 5 Team Weaknesses","Description":"Identifies team weaknesses by highlighting average scores of the five lowest scored competencies of direct reports.","SubTitle":"Team Development Opportunities","WebPartIconName":null,"WidgetNotificationMode":0,"WidgetDeeplinkUrlText":null,"CategoryName":"Talent","IsWebPartEnabled":true,"TypeName":"SumTotal.SPPortal.WebParts.Core.Performance.Top5TeamWeaknesses.Top5TeamWeaknesses, SumTotal.SPPortal.WebParts, Version=1.0.0.0, Culture=neutral, PublicKeyToken=6b7f90fbd13cce01","WebPartServiceAgentInterfaceTypeName":"IPerformanceWebPartContractAsync","WebPartDefinitionXml":null,"HideWebPartHeader":false,"HideWebPartFooter":true,"IsFreeFlowing":false,"PillarKey":"TM","ChromeStyle":7,"ParameterJSON":"{\"HeaderLinkIcon\": \"\", \"IsCustomEditor\": false, \"ChartConfig\":{\"columnMap\":[\"value\"], \"barType\":\"bar\", \"ChartLabelColumn\":\"dataName\"},\"PreviewType\":\"barChart\"}","TemplatePath":"app/modules/dashboard/views/webparts/widgetTop5TeamWeaknesses.html","IsSystemLocked":false,"Category":{"Id":6,"Name":"Talent","CategoryKey":"WebPartDefinition_Talent","Description":"Talent","ParentId":1,"OrdinalPosition":null},"Id":52},{"WebPartDefinitionKey":"TM_TeamRetentionRisk","Title":"Team Retention Risk","Description":"Highlights potential retention risks related to a manager's team.","SubTitle":"Flight Risks for Your Team","WebPartIconName":null,"WidgetNotificationMode":0,"WidgetDeeplinkUrlText":"View Succession Dashboard","CategoryName":"Talent","IsWebPartEnabled":true,"TypeName":"SumTotal.SPPortal.WebParts.Core.Succession.TeamRetentionRisk.TeamRetentionRisk, SumTotal.SPPortal.WebParts, Version=1.0.0.0, Culture=neutral, PublicKeyToken=6b7f90fbd13cce01","WebPartServiceAgentInterfaceTypeName":"ISuccessionWebPartContractAsync","WebPartDefinitionXml":null,"HideWebPartHeader":false,"HideWebPartFooter":true,"IsFreeFlowing":false,"PillarKey":"TM","ChromeStyle":7,"ParameterJSON":"{\"HeaderLinkIcon\": \"\", \"IsCustomEditor\": false, \"ChartConfig\":{\"columnMap\":[\"employees\"], \"barType\":\"bar\", \"ChartLabelColumn\":\"name\"},\"PreviewType\":\"barChart\"}","TemplatePath":"app/modules/dashboard/views/webparts/widgetTeamRetentionRisk.html","IsSystemLocked":false,"Category":{"Id":6,"Name":"Talent","CategoryKey":"WebPartDefinition_Talent","Description":"Talent","ParentId":1,"OrdinalPosition":null},"Id":53},{"WebPartDefinitionKey":"TM_MyTeamDevelopmentStatus","Title":"Team Development Status","Description":"Displays direct report development goals and highlights where manager mentoring may be required.","SubTitle":"Development Status for Your Team","WebPartIconName":null,"WidgetNotificationMode":0,"WidgetDeeplinkUrlText":null,"CategoryName":"Talent","IsWebPartEnabled":true,"TypeName":"SumTotal.SPPortal.WebParts.Core.Performance.TeamDevelopmentStatus.TeamDevelopmentStatus, SumTotal.SPPortal.WebParts, Version=1.0.0.0, Culture=neutral, PublicKeyToken=6b7f90fbd13cce01","WebPartServiceAgentInterfaceTypeName":"IPerformanceWebPartContractAsync","WebPartDefinitionXml":null,"HideWebPartHeader":false,"HideWebPartFooter":true,"IsFreeFlowing":false,"PillarKey":"TM","ChromeStyle":7,"ParameterJSON":"{\"HeaderLinkIcon\": \"\", \"IsCustomEditor\": false, \"ChartConfig\":{\"columnMap\":[\"employees\"], \"barType\":\"bar\", \"ChartLabelColumn\":\"name\"},\"PreviewType\":\"barChart\"}","TemplatePath":"app/modules/dashboard/views/webparts/widgetTeamDevelopmentStatus.html","IsSystemLocked":false,"Category":{"Id":6,"Name":"Talent","CategoryKey":"WebPartDefinition_Talent","Description":"Talent","ParentId":1,"OrdinalPosition":null},"Id":54},{"WebPartDefinitionKey":"TM_BudgetSummary","Title":"Budget Summary","Description":"Displays  budget spend percentages for compensation processes.","SubTitle":"Information About Compensation Budgets","WebPartIconName":null,"WidgetNotificationMode":0,"WidgetDeeplinkUrlText":null,"CategoryName":"Talent","IsWebPartEnabled":true,"TypeName":"SumTotal.SPPortal.WebParts.Core.Compensation.BudgetSummary.BudgetSummary, SumTotal.SPPortal.WebParts, Version=1.0.0.0, Culture=neutral, PublicKeyToken=6b7f90fbd13cce01","WebPartServiceAgentInterfaceTypeName":"ICompensationWebPartContractAsync","WebPartDefinitionXml":null,"HideWebPartHeader":false,"HideWebPartFooter":true,"IsFreeFlowing":false,"PillarKey":"TM","ChromeStyle":7,"ParameterJSON":"{\"HeaderLinkIcon\": \"\", \"IsCustomEditor\": false, \"ChartConfig\":{\"columnMap\":[\"spent\"], \"barType\":\"bar\", \"ChartLabelColumn\":\"name\"},\"PreviewType\":\"barChart\"}","TemplatePath":"app/modules/dashboard/views/webparts/widgetBudgetSummary.html","IsSystemLocked":false,"Category":{"Id":6,"Name":"Talent","CategoryKey":"WebPartDefinition_Talent","Description":"Talent","ParentId":1,"OrdinalPosition":null},"Id":55},{"WebPartDefinitionKey":"HRMS_Demographics","Title":"HR Management Demographics","Description":"Displays basic personal information of the current user.","SubTitle":"Get HRMS demographics of current user","WebPartIconName":null,"WidgetNotificationMode":0,"WidgetDeeplinkUrlText":null,"CategoryName":"Talent","IsWebPartEnabled":true,"TypeName":"SumTotal.SPPortal.WebParts.Core.HRMS.HRMSDemographics.HRMSDemographics, SumTotal.SPPortal.WebParts, Version=1.0.0.0, Culture=neutral, PublicKeyToken=6b7f90fbd13cce01","WebPartServiceAgentInterfaceTypeName":"IHRMSWebPartContractAsync","WebPartDefinitionXml":null,"HideWebPartHeader":false,"HideWebPartFooter":true,"IsFreeFlowing":false,"PillarKey":"TM","ChromeStyle":7,"ParameterJSON":"{\"HeaderLinkIcon\":\"\",\"IsCustomEditor\":false,\"PreviewType\":\"table\"}","TemplatePath":"app/modules/dashboard/views/webparts/widgetHRMSDemographics.html","IsSystemLocked":false,"Category":{"Id":6,"Name":"Talent","CategoryKey":"WebPartDefinition_Talent","Description":"Talent","ParentId":1,"OrdinalPosition":null},"Id":56},{"WebPartDefinitionKey":"HRMS_AddrInfo","Title":"HR Management Address Information","Description":"Displays address information of current user","SubTitle":"Get address information of current user","WebPartIconName":null,"WidgetNotificationMode":0,"WidgetDeeplinkUrlText":null,"CategoryName":"Talent","IsWebPartEnabled":true,"TypeName":"SumTotal.SPPortal.WebParts.Core.HRMS.HRMSAddrInfo.HRMSAddrInfo, SumTotal.SPPortal.WebParts, Version=1.0.0.0, Culture=neutral, PublicKeyToken=6b7f90fbd13cce01","WebPartServiceAgentInterfaceTypeName":"IHRMSWebPartContractAsync","WebPartDefinitionXml":null,"HideWebPartHeader":false,"HideWebPartFooter":true,"IsFreeFlowing":false,"PillarKey":"TM","ChromeStyle":7,"ParameterJSON":"{\"HeaderLinkIcon\":\"\",\"IsCustomEditor\":false,\"PreviewType\":\"table\"}","TemplatePath":"app/modules/dashboard/views/webparts/widgetHRMSAddressInfo.html","IsSystemLocked":false,"Category":{"Id":6,"Name":"Talent","CategoryKey":"WebPartDefinition_Talent","Description":"Talent","ParentId":1,"OrdinalPosition":null},"Id":57},{"WebPartDefinitionKey":"TM_MyFeedbacks","Title":"My Feedback","Description":"Displays feedbacks provided to user.","SubTitle":"My Feedbacks","WebPartIconName":null,"WidgetNotificationMode":0,"WidgetDeeplinkUrlText":null,"CategoryName":"Talent","IsWebPartEnabled":true,"TypeName":null,"WebPartServiceAgentInterfaceTypeName":null,"WebPartDefinitionXml":null,"HideWebPartHeader":false,"HideWebPartFooter":true,"IsFreeFlowing":false,"PillarKey":"TM","ChromeStyle":7,"ParameterJSON":"{\"HeaderLinkIcon\": \"\", \"IsCustomEditor\": false, \"PreviewType\" : \"configMyFeedback\", \"Config\":{\"NumberOfComments\": \"5\", \"ShowCompetencies\": true, \"ShowGoals\": true}}","TemplatePath":"app/modules/core/views/continuousfeedback/LandingPage.html","IsSystemLocked":false,"Category":{"Id":6,"Name":"Talent","CategoryKey":"WebPartDefinition_Talent","Description":"Talent","ParentId":1,"OrdinalPosition":null},"Id":91},{"WebPartDefinitionKey":"Continuous_Review","Title":"My Team Feedback","Description":"Displays FeedBack Data For Direct Reportees","SubTitle":"My Team Feedback","WebPartIconName":null,"WidgetNotificationMode":0,"WidgetDeeplinkUrlText":null,"CategoryName":"Talent","IsWebPartEnabled":true,"TypeName":null,"WebPartServiceAgentInterfaceTypeName":null,"WebPartDefinitionXml":null,"HideWebPartHeader":false,"HideWebPartFooter":false,"IsFreeFlowing":false,"PillarKey":"TM","ChromeStyle":7,"ParameterJSON":"{\"HeaderLinkIcon\": \"\", \"IsCustomEditor\": false, \"PreviewType\" : \"table\"}","TemplatePath":"app/modules/dashboard/views/webparts/continuousReviewDashboard.html","IsSystemLocked":false,"Category":{"Id":6,"Name":"Talent","CategoryKey":"WebPartDefinition_Talent","Description":"Talent","ParentId":1,"OrdinalPosition":null},"Id":92},{"WebPartDefinitionKey":"Rec_Application_Status","Title":"Application Status","Description":"Track your job applications. You can view your application, check your fit for the job (based on how well your resume matches job requirements), or withdraw your application.","SubTitle":"Requisition Application Status","WebPartIconName":null,"WidgetNotificationMode":0,"WidgetDeeplinkUrlText":null,"CategoryName":"Talent","IsWebPartEnabled":true,"TypeName":null,"WebPartServiceAgentInterfaceTypeName":null,"WebPartDefinitionXml":null,"HideWebPartHeader":false,"HideWebPartFooter":false,"IsFreeFlowing":false,"PillarKey":null,"ChromeStyle":7,"ParameterJSON":"{\"HeaderLinkIcon\": \"\", \"IsCustomEditor\": false, \"PreviewType\" : \"table\"}","TemplatePath":"app/modules/dashboard/views/webparts/widgetApplicationStatus.html","IsSystemLocked":false,"Category":{"Id":6,"Name":"Talent","CategoryKey":"WebPartDefinition_Talent","Description":"Talent","ParentId":1,"OrdinalPosition":null},"Id":103},{"WebPartDefinitionKey":"Rec_Fav_Jobs","Title":"Favorite Jobs","Description":"Keep track of your favorite jobs. You can apply for these jobs if they are still accepting applications.","SubTitle":"Requisition Favorite Jobs","WebPartIconName":null,"WidgetNotificationMode":0,"WidgetDeeplinkUrlText":null,"CategoryName":"Talent","IsWebPartEnabled":true,"TypeName":null,"WebPartServiceAgentInterfaceTypeName":null,"WebPartDefinitionXml":null,"HideWebPartHeader":false,"HideWebPartFooter":false,"IsFreeFlowing":false,"PillarKey":null,"ChromeStyle":7,"ParameterJSON":"{\"HeaderLinkIcon\": \"\", \"IsCustomEditor\": false, \"PreviewType\" : \"table\"}","TemplatePath":"app/modules/dashboard/views/webparts/widgetFavoriteJobs.html","IsSystemLocked":false,"Category":{"Id":6,"Name":"Talent","CategoryKey":"WebPartDefinition_Talent","Description":"Talent","ParentId":1,"OrdinalPosition":null},"Id":104},{"WebPartDefinitionKey":"Rec_Recommended_Jobs","Title":"Recommended Jobs","Description":"View jobs recommended for you, based on your fit for job requirements and your location.","SubTitle":"Requisition Favorite Jobs","WebPartIconName":null,"WidgetNotificationMode":0,"WidgetDeeplinkUrlText":null,"CategoryName":"Talent","IsWebPartEnabled":true,"TypeName":null,"WebPartServiceAgentInterfaceTypeName":null,"WebPartDefinitionXml":null,"HideWebPartHeader":false,"HideWebPartFooter":false,"IsFreeFlowing":false,"PillarKey":null,"ChromeStyle":7,"ParameterJSON":"{\"HeaderLinkIcon\": \"\", \"IsCustomEditor\": false, \"PreviewType\" : \"table\"}","TemplatePath":"app/modules/dashboard/views/webparts/widgetRecommendedJobs.html","IsSystemLocked":false,"Category":{"Id":6,"Name":"Talent","CategoryKey":"WebPartDefinition_Talent","Description":"Talent","ParentId":1,"OrdinalPosition":null},"Id":105}]},{"Category":{"Id":28,"Name":"Enterprise Search Configuration","CategoryKey":"ENTERPRISE_SEARCH","Description":"The category for enterprise search settings","ParentId":0,"OrdinalPosition":"1"},"Definitions":[{"WebPartDefinitionKey":"FTE_Custom_Widget","Title":"Custom Widget","Description":"Widget for First Time Search Experience","SubTitle":null,"WebPartIconName":null,"WidgetNotificationMode":0,"WidgetDeeplinkUrlText":null,"CategoryName":"Enterprise Search Configuration","IsWebPartEnabled":true,"TypeName":null,"WebPartServiceAgentInterfaceTypeName":null,"WebPartDefinitionXml":null,"HideWebPartHeader":false,"HideWebPartFooter":true,"IsFreeFlowing":false,"PillarKey":null,"ChromeStyle":7,"ParameterJSON":"{\"HeaderLinkIcon\": \"\", \"IsCustomEditor\": true, \"PreviewType\" : \"search\", \"WidgetContent\":\"\", \"icon\":\"fa-code\"}","TemplatePath":"app/modules/dashboard/views/searchWidgets/customWidget.html","IsSystemLocked":false,"Category":{"Id":28,"Name":"Enterprise Search Configuration","CategoryKey":"ENTERPRISE_SEARCH","Description":"The category for enterprise search settings","ParentId":0,"OrdinalPosition":"1"},"Id":71},{"WebPartDefinitionKey":"Find_Course","Title":"Find a Course","Description":"Provides a launching point to search for courses in the learning library.","SubTitle":null,"WebPartIconName":null,"WidgetNotificationMode":0,"WidgetDeeplinkUrlText":null,"CategoryName":"Enterprise Search Configuration","IsWebPartEnabled":true,"TypeName":null,"WebPartServiceAgentInterfaceTypeName":null,"WebPartDefinitionXml":null,"HideWebPartHeader":false,"HideWebPartFooter":false,"IsFreeFlowing":false,"PillarKey":null,"ChromeStyle":7,"ParameterJSON":"{ \"HeaderLinkIcon\": \"\", \"IsCustomEditor\": false, \"PreviewType\": \"search\", \"WidgetContent\": [\t{ \"contentItem\": \"ENTERPRISE_SEARCH_FIND_COURSE_CONTENT_ITEM\", \"contentDescription\": \"ENTERPRISE_SEARCH_FIND_COURSE_CONTENT_DESC\", \"isLink\": false\t},\t{ \"contentItem\": \"ENTERPRISE_SEARCH_FIND_COURSE_CONTENT_ITEM_TWO\", \"contentDescription\": \"ENTERPRISE_SEARCH_FIND_COURSE_CONTENT_DESC_TWO\", \"contentLink\": \"ENTERPRISE_SEARCH_LEARNER_DASHBOARD_LINK\", \"isLink\": true , \"link\" : \"/dash/learning\"\t} ], \"icon\":\"fa-desktop\", \"catalogItem\":\"Course\"\t}","TemplatePath":"app/modules/dashboard/views/searchWidgets/findCourse.html","IsSystemLocked":false,"Category":{"Id":28,"Name":"Enterprise Search Configuration","CategoryKey":"ENTERPRISE_SEARCH","Description":"The category for enterprise search settings","ParentId":0,"OrdinalPosition":"1"},"Id":72},{"WebPartDefinitionKey":"Find_Video","Title":"Find a Video","Description":"Provides a launching point to search for videos in the learning library.","SubTitle":null,"WebPartIconName":null,"WidgetNotificationMode":0,"WidgetDeeplinkUrlText":null,"CategoryName":"Enterprise Search Configuration","IsWebPartEnabled":true,"TypeName":null,"WebPartServiceAgentInterfaceTypeName":null,"WebPartDefinitionXml":null,"HideWebPartHeader":false,"HideWebPartFooter":false,"IsFreeFlowing":false,"PillarKey":null,"ChromeStyle":7,"ParameterJSON":"{\"HeaderLinkIcon\":\"\",\"IsCustomEditor\":false,\"PreviewType\":\"search\",\"WidgetContent\":[{\"contentItem\":\"ENTERPRISE_SEARCH_FIND_VIDEO_CONTENT_ITEM\",\"contentDescription\":\"ENTERPRISE_SEARCH_FIND_VIDEO_CONTENT_DESC\",\"isLink\":false},{\"contentItem\":\"ENTERPRISE_SEARCH_FIND_VIDEO_CONTENT_ITEM_TWO\",\"contentDescription\":\"ENTERPRISE_SEARCH_FIND_VIDEO_CONTENT_DESC_TWO\",\"contentLink\":\"ENTERPRISE_SEARCH_LEARNER_DASHBOARD_LINK\",\"isLink\":true,\"link\":\"/dash/learning\"}],\"icon\":\"fa-video-camera\",\"catalogItem\":\"Video\"}","TemplatePath":"app/modules/dashboard/views/searchWidgets/findVideo.html","IsSystemLocked":false,"Category":{"Id":28,"Name":"Enterprise Search Configuration","CategoryKey":"ENTERPRISE_SEARCH","Description":"The category for enterprise search settings","ParentId":0,"OrdinalPosition":"1"},"Id":73},{"WebPartDefinitionKey":"Find_Person","Title":"Find another Person","Description":"Provides a launching point to search for people.","SubTitle":null,"WebPartIconName":null,"WidgetNotificationMode":0,"WidgetDeeplinkUrlText":null,"CategoryName":"Enterprise Search Configuration","IsWebPartEnabled":true,"TypeName":null,"WebPartServiceAgentInterfaceTypeName":null,"WebPartDefinitionXml":null,"HideWebPartHeader":false,"HideWebPartFooter":false,"IsFreeFlowing":false,"PillarKey":null,"ChromeStyle":7,"ParameterJSON":"{\"HeaderLinkIcon\":\"\",\"IsCustomEditor\":false,\"PreviewType\":\"search\",\"WidgetContent\":[{\"contentItem\":\"ENTERPRISE_SEARCH_FIND_PERSON_CONTENT_ITEM\",\"contentDescription\":\"ENTERPRISE_SEARCH_FIND_PERSON_CONTENT_DESC\",\"isLink\":false}],\"icon\":\"fa-users\"}","TemplatePath":"app/modules/dashboard/views/searchWidgets/findPerson.html","IsSystemLocked":false,"Category":{"Id":28,"Name":"Enterprise Search Configuration","CategoryKey":"ENTERPRISE_SEARCH","Description":"The category for enterprise search settings","ParentId":0,"OrdinalPosition":"1"},"Id":74},{"WebPartDefinitionKey":"Find_Report","Title":"Find a Report","Description":"Provides a launching point to search for reports.","SubTitle":null,"WebPartIconName":null,"WidgetNotificationMode":0,"WidgetDeeplinkUrlText":null,"CategoryName":"Enterprise Search Configuration","IsWebPartEnabled":true,"TypeName":null,"WebPartServiceAgentInterfaceTypeName":null,"WebPartDefinitionXml":null,"HideWebPartHeader":false,"HideWebPartFooter":false,"IsFreeFlowing":false,"PillarKey":null,"ChromeStyle":7,"ParameterJSON":"{\"HeaderLinkIcon\":\"\",\"IsCustomEditor\":false,\"PreviewType\":\"search\",\"WidgetContent\":[{\"contentItem\":\"ENTERPRISE_SEARCH_FIND_REPORT_CONTENT_ITEM\",\"isLink\":true},{\"contentItem\":\"ENTERPRISE_SEARCH_FIND_REPORT_CONTENT_ITEM_TWO\",\"contentDescription\":\"ENTERPRISE_SEARCH_FIND_REPORT_CONTENT_DESC_TWO\",\"isLink\":false}],\"icon\":\"fa-file-text-o\"}","TemplatePath":"app/modules/dashboard/views/searchWidgets/findReport.html","IsSystemLocked":false,"Category":{"Id":28,"Name":"Enterprise Search Configuration","CategoryKey":"ENTERPRISE_SEARCH","Description":"The category for enterprise search settings","ParentId":0,"OrdinalPosition":"1"},"Id":75},{"WebPartDefinitionKey":"Find_Admin_Page","Title":"Find an Admin Page","Description":"Provides a launching point to search for administrator functions.","SubTitle":null,"WebPartIconName":null,"WidgetNotificationMode":0,"WidgetDeeplinkUrlText":null,"CategoryName":"Enterprise Search Configuration","IsWebPartEnabled":true,"TypeName":null,"WebPartServiceAgentInterfaceTypeName":null,"WebPartDefinitionXml":null,"HideWebPartHeader":false,"HideWebPartFooter":false,"IsFreeFlowing":false,"PillarKey":null,"ChromeStyle":7,"ParameterJSON":"{ \"HeaderLinkIcon\": \"\", \"IsCustomEditor\": false, \"PreviewType\": \"search\", \"WidgetContent\": [\t{ \"contentItem\": \"ENTERPRISE_SEARCH_FIND_ADMIN_CONTENT_ITEM\", \"contentDescription\": \"ENTERPRISE_SEARCH_FIND_ADMIN_CONTENT_DESC\", \"isLink\": false\t} ], \"icon\":\"fa-lock\"\t}","TemplatePath":"app/modules/dashboard/views/searchWidgets/findAdminPage.html","IsSystemLocked":false,"Category":{"Id":28,"Name":"Enterprise Search Configuration","CategoryKey":"ENTERPRISE_SEARCH","Description":"The category for enterprise search settings","ParentId":0,"OrdinalPosition":"1"},"Id":76},{"WebPartDefinitionKey":"Edit_Profile","Title":"Edit Your Profile","Description":"Edit your profile.","SubTitle":null,"WebPartIconName":null,"WidgetNotificationMode":0,"WidgetDeeplinkUrlText":null,"CategoryName":"Enterprise Search Configuration","IsWebPartEnabled":true,"TypeName":null,"WebPartServiceAgentInterfaceTypeName":null,"WebPartDefinitionXml":null,"HideWebPartHeader":false,"HideWebPartFooter":false,"IsFreeFlowing":false,"PillarKey":null,"ChromeStyle":7,"ParameterJSON":"{\"HeaderLinkIcon\":\"\",\"IsCustomEditor\":false,\"PreviewType\":\"search\",\"WidgetContent\":[{\"contentItem\":\"ENTERPRISE_SEARCH_EDIT_PROFILE_CONTENT_ITEM\",\"isLink\":true,\"link\":\"/dash/profile\"}],\"icon\":\"fa-user\"}","TemplatePath":"app/modules/dashboard/views/searchWidgets/editProfile.html","IsSystemLocked":false,"Category":{"Id":28,"Name":"Enterprise Search Configuration","CategoryKey":"ENTERPRISE_SEARCH","Description":"The category for enterprise search settings","ParentId":0,"OrdinalPosition":"1"},"Id":77},{"WebPartDefinitionKey":"Find_Activity","Title":"Find an Activity","Description":"Provides a launching point to search for courses.","SubTitle":null,"WebPartIconName":null,"WidgetNotificationMode":0,"WidgetDeeplinkUrlText":null,"CategoryName":"Enterprise Search Configuration","IsWebPartEnabled":true,"TypeName":null,"WebPartServiceAgentInterfaceTypeName":null,"WebPartDefinitionXml":null,"HideWebPartHeader":false,"HideWebPartFooter":false,"IsFreeFlowing":false,"PillarKey":null,"ChromeStyle":7,"ParameterJSON":"{\"HeaderLinkIcon\":\"\",\"IsCustomEditor\":false,\"PreviewType\":\"search\",\"WidgetContent\":[{\"contentItem\":\"ENTERPRISE_SEARCH_FIND_ACTIVITY_CONTENT_ITEM\",\"contentDescription\":\"ENTERPRISE_SEARCH_FIND_ACTIVITY_CONTENT_DESC\",\"isLink\":false},{\"contentItem\":\"ENTERPRISE_SEARCH_FIND_ACTIVITY_CONTENT_ITEM_TWO\",\"contentDescription\":\"ENTERPRISE_SEARCH_FIND_ACTIVITY_CONTENT_DESC_TWO\",\"contentLink\":\"ENTERPRISE_SEARCH_LEARNER_DASHBOARD_LINK\",\"isLink\":true,\"link\":\"/dash/learning\"}],\"icon\":\"fa-edit\",\"catalogItem\":\"Activity\"}","TemplatePath":"app/modules/dashboard/views/searchWidgets/findActivity.html","IsSystemLocked":false,"Category":{"Id":28,"Name":"Enterprise Search Configuration","CategoryKey":"ENTERPRISE_SEARCH","Description":"The category for enterprise search settings","ParentId":0,"OrdinalPosition":"1"},"Id":78},{"WebPartDefinitionKey":"Find_Job","Title":"Find A Job","Description":"Here are a few different ways to find a job:","SubTitle":null,"WebPartIconName":null,"WidgetNotificationMode":0,"WidgetDeeplinkUrlText":null,"CategoryName":"Enterprise Search Configuration","IsWebPartEnabled":true,"TypeName":null,"WebPartServiceAgentInterfaceTypeName":null,"WebPartDefinitionXml":null,"HideWebPartHeader":false,"HideWebPartFooter":false,"IsFreeFlowing":false,"PillarKey":null,"ChromeStyle":7,"ParameterJSON":"{\"HeaderLinkIcon\":\"\",\"IsCustomEditor\":false,\"PreviewType\":\"search\",\"WidgetContent\":[{\"contentItem\":\"ENTERPRISE_SEARCH_FIND_JOB_CONTENT_ITEM\",\"isLink\":true},{\"contentItem\":\"ENTERPRISE_SEARCH_FIND_JOB_CONTENT_ITEM_TWO\",\"contentDescription\":\"ENTERPRISE_SEARCH_FIND_JOB_CONTENT_DESC_TWO\",\"isLink\":false}],\"icon\":\"fa-search\"}","TemplatePath":"app/modules/dashboard/views/searchWidgets/findJob.html","IsSystemLocked":false,"Category":{"Id":28,"Name":"Enterprise Search Configuration","CategoryKey":"ENTERPRISE_SEARCH","Description":"The category for enterprise search settings","ParentId":0,"OrdinalPosition":"1"},"Id":86}]},{"Category":{"Id":1,"Name":"Portal","CategoryKey":"TRANSLATIONS_PORTAL","Description":"The root category to store translation strings for the Portal.","ParentId":0,"OrdinalPosition":"1"},"Definitions":[{"WebPartDefinitionKey":"my_reports","Title":"Embedded Report","Description":"Pins a report from Advanced Reporting on the dashboard.","SubTitle":"Advanced Reporting","WebPartIconName":null,"WidgetNotificationMode":0,"WidgetDeeplinkUrlText":null,"CategoryName":"Portal","IsWebPartEnabled":true,"TypeName":null,"WebPartServiceAgentInterfaceTypeName":null,"WebPartDefinitionXml":null,"HideWebPartHeader":false,"HideWebPartFooter":false,"IsFreeFlowing":false,"PillarKey":"AdvancedReport","ChromeStyle":7,"ParameterJSON":"{\"HeaderLinkIcon\": \"\", \"IsCustomEditor\": false, \"PreviewType\" : \"report\", \"reportUrl\": \"\", \"showToolbar\":\"\"}","TemplatePath":"app/modules/dashboard/views/webparts/MyReport.html","IsSystemLocked":false,"Category":{"Id":1,"Name":"Portal","CategoryKey":"TRANSLATIONS_PORTAL","Description":"The root category to store translation strings for the Portal.","ParentId":0,"OrdinalPosition":"1"},"Id":88},{"WebPartDefinitionKey":"reporting_widget","Title":"Report List","Description":"Displays selected Advanced Reporting reports in a list. Users can click to view a report in a slide-out panel.","SubTitle":"Advanced Reporting","WebPartIconName":null,"WidgetNotificationMode":0,"WidgetDeeplinkUrlText":null,"CategoryName":"Portal","IsWebPartEnabled":true,"TypeName":null,"WebPartServiceAgentInterfaceTypeName":null,"WebPartDefinitionXml":null,"HideWebPartHeader":false,"HideWebPartFooter":false,"IsFreeFlowing":false,"PillarKey":"AdvancedReport","ChromeStyle":7,"ParameterJSON":"{\"HeaderLinkIcon\": \"\", \"IsCustomEditor\": false, \"PreviewType\" : \"reportList\", \"reportUrl\": \"\", \"showToolbar\":\"\"}","TemplatePath":"app/modules/dashboard/views/webparts/widgetARWidget.html","IsSystemLocked":false,"Category":{"Id":1,"Name":"Portal","CategoryKey":"TRANSLATIONS_PORTAL","Description":"The root category to store translation strings for the Portal.","ParentId":0,"OrdinalPosition":"1"},"Id":89}]},{"Category":{"Id":94,"Name":"Requisition","CategoryKey":"WebPartDefinition_Requisition","Description":"Category for Requisition widget.","ParentId":1,"OrdinalPosition":null},"Definitions":[{"WebPartDefinitionKey":"Requisition_Widget","Title":"Requisition Summary","Description":"Displays key summary information about the requisition","SubTitle":"Requisition Summary","WebPartIconName":null,"WidgetNotificationMode":0,"WidgetDeeplinkUrlText":null,"CategoryName":"Requisition","IsWebPartEnabled":true,"TypeName":null,"WebPartServiceAgentInterfaceTypeName":null,"WebPartDefinitionXml":null,"HideWebPartHeader":false,"HideWebPartFooter":false,"IsFreeFlowing":false,"PillarKey":null,"ChromeStyle":7,"ParameterJSON":"{\"HeaderLinkIcon\": \"\", \"IsCustomEditor\": false, \"PreviewType\" : \"table\"}","TemplatePath":"app/modules/dashboard/views/webparts/widgetRequisitionSummary.html","IsSystemLocked":false,"Category":{"Id":94,"Name":"Requisition","CategoryKey":"WebPartDefinition_Requisition","Description":"Category for Requisition widget.","ParentId":1,"OrdinalPosition":null},"Id":100},{"WebPartDefinitionKey":"Requisition_Widget","Title":"Candidate Summary","Description":"Displays candidates by recruiting phase","SubTitle":"Candidate Summary","WebPartIconName":null,"WidgetNotificationMode":0,"WidgetDeeplinkUrlText":null,"CategoryName":"Requisition","IsWebPartEnabled":true,"TypeName":null,"WebPartServiceAgentInterfaceTypeName":null,"WebPartDefinitionXml":null,"HideWebPartHeader":false,"HideWebPartFooter":false,"IsFreeFlowing":false,"PillarKey":null,"ChromeStyle":7,"ParameterJSON":"{\"HeaderLinkIcon\": \"\", \"IsCustomEditor\": false, \"PreviewType\" : \"table\"}","TemplatePath":"app/modules/dashboard/views/webparts/widgetCandidateSummary.html","IsSystemLocked":false,"Category":{"Id":94,"Name":"Requisition","CategoryKey":"WebPartDefinition_Requisition","Description":"Category for Requisition widget.","ParentId":1,"OrdinalPosition":null},"Id":101},{"WebPartDefinitionKey":"Requisition_Widget","Title":"Recently Accessed Applications","Description":"Displays 10 most recently accessed applications for a requisition","SubTitle":"Requisition Summary","WebPartIconName":null,"WidgetNotificationMode":0,"WidgetDeeplinkUrlText":null,"CategoryName":"Requisition","IsWebPartEnabled":true,"TypeName":null,"WebPartServiceAgentInterfaceTypeName":null,"WebPartDefinitionXml":null,"HideWebPartHeader":false,"HideWebPartFooter":false,"IsFreeFlowing":false,"PillarKey":null,"ChromeStyle":7,"ParameterJSON":"{\"HeaderLinkIcon\": \"\", \"IsCustomEditor\": false, \"PreviewType\" : \"table\"}","TemplatePath":"app/modules/dashboard/views/webparts/widgetRecentlyAccessedRequisition.html","IsSystemLocked":false,"Category":{"Id":94,"Name":"Requisition","CategoryKey":"WebPartDefinition_Requisition","Description":"Category for Requisition widget.","ParentId":1,"OrdinalPosition":null},"Id":102}]}]},
        mustSetSecurityQuestions: _.cloneDeep(root.tempStaticData.MustSetSecurityQuestions),
        esbApiRoot: 'https://cl08sales.sumtotaldevelopment.net/Services/api/',
        useCommonHelpUrl: true,
        commonHelpUrl: 'https://help.sumtotaldevelopment.net/',
        tenantName : 'SumTotal'
      });

      staticData.appUris.makeWorkerUri = function (relativePathToWorker) {
        var uri = null;

        if(staticData.debugEnabled) {
          uri = new URI('app/modules/', staticData.appUris.tenantRoot);
        } else {
          uri = new URI('dist/app/modules/', staticData.appUris.tenantRoot);
        }

        uri = new URI(relativePathToWorker, uri);

        return uri.toString();
      };

      return staticData;
    };
  }));
</script>
    <script type="text/javascript">
      (function(root, factory, errorHandler) {
        root.jQuery(root.document).ready(function() {
          root.require(['main'], factory(root));
        });
      }(this, function(root) {
        return function(main) {
          if(root.debugEnabled) {
            console.log('Main resources have been loaded.', main);
          }
        }
      }, function(error) {
        console.error(error);
      }));
    </script>
  </div>


<input id="textAngular-editableFix-010203040506070809" class="ta-hidden-input" unselectable="on" tabindex="-1"><script src="https://maps.googleapis.com/maps/api/js?libraries=places&amp;key=AIzaSyCo5eQjEOueTKAU_vNrb6T0Z4Y4pOmzTl4&amp;language=en&amp;region=US"></script></body>

2018-10-29 15:36:12 - [TEST_STEP][PASSED] - Statement - lenght = substring.indexOf(","): null

2018-10-29 15:36:12 - [TEST_STEP][PASSED] - comment: length548

2018-10-29 15:36:12 - [TEST_STEP][PASSED] - Statement - esb = substring.substring(0, lenght): null

2018-10-29 15:36:12 - [TEST_STEP][PASSED] - comment: esb 'eyJ0eXAiOiJKV1QiLCJhbGciOiJIUzI1NiJ9.eyJpc3MiOiJodHRwOlwvXC93d3cuc3VtdG90YWxzeXN0ZW1zLmNvbVwvY29yZXVpIiwic3ViIjoiQ29udHJpYnV0ZXIiLCJhdWQiOiJDTDA4X1NBTEVTX1RFU1QiLCJleHAiOjYzNjc2NDI1OTQwNTU2ODIzNSwibmJmIjowLCJpYXQiOjYzNjc2NDA0MzQxMDg4MDYyNywiYnNlc3Npb25pZCI6IjhjZTMyMGFiMzBkNzRkOTM4MWUyZGQzOWE4Yzk5Mzc2IiwiZXVzcmlkIjpudWxsLCJldXNybiI6bnVsbCwiY3VsIjoiZW4tVVMiLCJ1c2VyaWQiOiI3MDIzNjkiLCJndWVzdGFjY291bnQiOjAsInBlcnNvbmlkIjoxMDExNjYsImlzZXh0ZXJuYWwiOmZhbHNlLCJycGtleSI6IkVMSVhIUlVJIn0.38018AA86DEDF9765668AB2017CB829255C69022415CCEB1C43A43D148DFB5B4'

2018-10-29 15:36:12 - [TEST_STEP][PASSED] - Statement - esbapitoken = esb.subSequence(2, esb.length() - 1): null

2018-10-29 15:36:12 - [TEST_STEP][PASSED] - comment: esb api token eyJ0eXAiOiJKV1QiLCJhbGciOiJIUzI1NiJ9.eyJpc3MiOiJodHRwOlwvXC93d3cuc3VtdG90YWxzeXN0ZW1zLmNvbVwvY29yZXVpIiwic3ViIjoiQ29udHJpYnV0ZXIiLCJhdWQiOiJDTDA4X1NBTEVTX1RFU1QiLCJleHAiOjYzNjc2NDI1OTQwNTU2ODIzNSwibmJmIjowLCJpYXQiOjYzNjc2NDA0MzQxMDg4MDYyNywiYnNlc3Npb25pZCI6IjhjZTMyMGFiMzBkNzRkOTM4MWUyZGQzOWE4Yzk5Mzc2IiwiZXVzcmlkIjpudWxsLCJldXNybiI6bnVsbCwiY3VsIjoiZW4tVVMiLCJ1c2VyaWQiOiI3MDIzNjkiLCJndWVzdGFjY291bnQiOjAsInBlcnNvbmlkIjoxMDExNjYsImlzZXh0ZXJuYWwiOmZhbHNlLCJycGtleSI6IkVMSVhIUlVJIn0.38018AA86DEDF9765668AB2017CB829255C69022415CCEB1C43A43D148DFB5B4

2018-10-29 15:36:12 - [TEST_STEP][PASSED] - Statement - ContributerToken = esbapitoken: null

2018-10-29 15:36:12 - [TEST_STEP][PASSED] - Statement - decoded = new java.lang.String(javax.xml.bind.DatatypeConverter.parseBase64Binary(esbapitoken)): null

2018-10-29 15:36:12 - [TEST_STEP][PASSED] - Statement - decoded = decoded.substring(decoded.indexOf("}{") + 1): null

2018-10-29 15:36:12 - [TEST_STEP][PASSED] - comment: ESB DECRYPTED {"iss":"http:\/\/www.sumtotalsystems.com\/coreui","sub":"Contributer","aud":"CL08_SALES_TEST","exp":636764259405568235,"nbf":0,"iat":636764043410880627,"bsessionid":"8ce320ab30d74d9381e2dd39a8c99376","eusrid":null,"eusrn":null,"cul":"en-US","userid":"702369","guestaccount":0,"personid":101166,"isexternal":false,"rpkey":"ELIXHRUI"}7�M| :@����� m5� |�ݹ�.��m�א�B�p8�=x�1A

2018-10-29 15:36:12 - [TEST_STEP][PASSED] - Statement - jsonSlurper = new groovy.json.JsonSlurper(): null

2018-10-29 15:36:12 - [TEST_STEP][PASSED] - Statement - object = jsonSlurper.parseText(decoded.toString()): null

2018-10-29 15:36:12 - [TEST_STEP][PASSED] - Statement - userId = personid: null

2018-10-29 15:36:12 - [TEST_STEP][PASSED] - Statement - userName = sub: null

2018-10-29 15:36:12 - [TEST_STEP][PASSED] - Statement - ContributerID = userId: null

2018-10-29 15:36:12 - [TEST_STEP][PASSED] - Statement - ContributerUser = userName: null

2018-10-29 15:36:12 - [TEST_STEP][PASSED] - click: Object: 'Object Repository/Login/Page_Home - SumTotal/fa fa-user' is clicked on

2018-10-29 15:36:13 - [MESSAGE][PASSED] - Object: 'Object Repository/Login/Page_Home - SumTotal/fa fa-user' is clicked on

2018-10-29 15:36:13 - [TEST_STEP][PASSED] - closeBrowser: Browser is closed

2018-10-29 15:36:14 - [MESSAGE][PASSED] - Browser is closed]]></system-out>
         <system-err><![CDATA[]]></system-err>
      </testcase>
      <testcase name="Test Cases/Common/ModeratorEsbToken" classname="Test Cases/Common/ModeratorEsbToken" status="PASSED">
         <system-out><![CDATA[2018-10-29 15:36:14 - [TEST_CASE][PASSED] - Test Cases/Common/ModeratorEsbToken: Test Cases/Common/ModeratorEsbToken

2018-10-29 15:36:14 - [TEST_STEP][PASSED] - dbConnectionPackage.DBConnectionKeyword.CloseConnections: dbConnectionPackage.DBConnectionKeyword.CloseConnections is PASSED

2018-10-29 15:36:24 - [MESSAGE][PASSED] - Delayed 10 second(s)

2018-10-29 15:36:24 - [MESSAGE][PASSED] - dbConnectionPackage.DBConnectionKeyword.CloseConnections is PASSED

2018-10-29 15:36:24 - [TEST_STEP][PASSED] - openBrowser: Browser is opened with url: ''

2018-10-29 15:36:29 - [MESSAGE][PASSED] - Browser is opened with url: ''

2018-10-29 15:36:29 - [TEST_STEP][PASSED] - navigateToUrl: Navigate to 'https://cl08sales.sumtotaldevelopment.net' successfully

2018-10-29 15:36:30 - [MESSAGE][PASSED] - Navigate to 'https://cl08sales.sumtotaldevelopment.net' successfully

2018-10-29 15:36:30 - [TEST_STEP][PASSED] - setText: Text 'Moderator' is set on object 'Object Repository/EsbToken/Page_Sign In/input_ctl00ctl00ctl00BodyConte'

2018-10-29 15:36:30 - [MESSAGE][PASSED] - Text 'Moderator' is set on object 'Object Repository/EsbToken/Page_Sign In/input_ctl00ctl00ctl00BodyConte'

2018-10-29 15:36:30 - [TEST_STEP][PASSED] - setText: Text 'p' is set on object 'Object Repository/EsbToken/Page_Sign In/input_ctl00ctl00ctl00BodyConte_1'

2018-10-29 15:36:31 - [MESSAGE][PASSED] - Text 'p' is set on object 'Object Repository/EsbToken/Page_Sign In/input_ctl00ctl00ctl00BodyConte_1'

2018-10-29 15:36:31 - [TEST_STEP][PASSED] - click: Object: 'Object Repository/EsbToken/Page_Sign In/input_ctl00ctl00ctl00BodyConte_2' is clicked on

2018-10-29 15:36:32 - [MESSAGE][PASSED] - Object: 'Object Repository/EsbToken/Page_Sign In/input_ctl00ctl00ctl00BodyConte_2' is clicked on

2018-10-29 15:36:32 - [TEST_STEP][PASSED] - waitForPageLoad: Wait for page load successfully

2018-10-29 15:36:32 - [MESSAGE][PASSED] - Wait for page load successfully

2018-10-29 15:36:32 - [TEST_STEP][PASSED] - waitForElementPresent: Object 'Object Repository/EsbToken/Page_Home - SumTotal/i_fa fa-user' is present

2018-10-29 15:36:33 - [MESSAGE][PASSED] - Object 'Object Repository/EsbToken/Page_Home - SumTotal/i_fa fa-user' is present

2018-10-29 15:36:33 - [TEST_STEP][PASSED] - Statement - s = com.kms.katalon.core.webui.keyword.WebUiBuiltInKeywords.executeJavaScript("return document.documentElement.innerHTML;", null): Execute JavaScript 'return document.documentElement.innerHTML;' successfully

2018-10-29 15:36:33 - [MESSAGE][PASSED] - Execute JavaScript 'return document.documentElement.innerHTML;' successfully

2018-10-29 15:36:33 - [TEST_STEP][PASSED] - comment: <head><style type="text/css">@charset "UTF-8";[ng\:cloak],[ng-cloak],[data-ng-cloak],[x-ng-cloak],.ng-cloak,.x-ng-cloak,.ng-hide:not(.ng-hide-animate){display:none !important;}ng\:form{display:block;}.ng-animate-shim{visibility:hidden;}.ng-anchor{position:absolute;}</style>
  <!--
    ElixHR_18.3.0.0_2018.9.10.1;
  -->

  <title aria-atomic="true" aria-live="assertive">Home - SumTotal</title>
  <meta name="viewport" content="width=device-width, initial-scale=1, minimum-scale=1, maximum-scale=1">
  <meta name="apple-mobile-web-app-capable" content="yes">
  <meta name="format-detection" content="telephone=yes">
  <meta charset="utf-8">
  <base href="/core/">
  <link rel="shortcut icon" href="https://cl08sales.sumtotaldevelopment.net/Core/favicon.sumttheme?img&amp;themekey=DEFAULT&amp;v=-1815458024" type="image/x-icon">
  <link rel="icon" href="https://cl08sales.sumtotaldevelopment.net/Core/favicon.sumttheme?img&amp;themekey=DEFAULT&amp;v=-1815458024" type="image/ico">
  
  
    <!-- core:css -->
    <link rel="stylesheet" href="/Core/Content/Common/core.css?hash=ElixHR_18.3.0.0_2018.9.10.1" type="text/css">
    <!-- endinject -->
  <link rel="stylesheet" href="/Core/bower_components/gridstack/dist/gridstack.min.css?hash=ElixHR_18.3.0.0_2018.9.10.1" type="text/css">
  <link rel="stylesheet" href="/Core/Content/Common/colorpicker.min.css?hash=ElixHR_18.3.0.0_2018.9.10.1" type="text/css">
  <link rel="stylesheet" href="https://cl08sales.sumtotaldevelopment.net/Core/bootstrap.sumttheme?css&amp;themekey=DEFAULT&amp;v=-1815458024" type="text/css">
  <link rel="stylesheet" href="https://cl08sales.sumtotaldevelopment.net/Core/foundation.sumttheme?css&amp;themekey=DEFAULT&amp;v=-1815458024" type="text/css">
  <style id="bootstrapThemePreviewStyle" type="text/css">
  </style>
  <style id="foundationThemePreviewStyle" type="text/css">
  </style>

  <link rel="stylesheet" href="https://cl08sales.sumtotaldevelopment.net/Core/elixHR.sumttheme?css&amp;themekey=DEFAULT&amp;v=-1815458024" type="text/css">
  <style id="elixHRThemePreviewStyle" type="text/css">
    .showRightSection {
      margin-left: 26%;
    }

    .hideRightSection {
      margin-left: 0px;
    }

    .showLeftSection {
      display: block;
    }

    .hideLeftSection {
      display: none;
    }
  </style>
  <script type="text/javascript">
    (function (root, factory) {
      factory(root);
    }(this, function (root) {
      root['modulesPath'] = '/Core/dist/app/modules/';

      // root should be the window object. there will need to be some items that we place there right off the bat.
      // temp static data is a method which in the future will prepare all of our static data for client consumption.
      root['tempStaticData'] = {"dashboards":{"Hash":"-774117504","Dashboards":[{"Id":-19,"DefaultPage":{"Id":-200,"title":"Learning Focus","Description":"Learning Focus","IsSystemLocked":false,"Name":"Learning Focus","IsGuestPage":false,"ParameterJSON":null,"Personalization":null,"Url":"#/dash/learningfocus/initial","path":"dash/learningfocus","WebPartPageKey":null,"IsEnabled":false,"RPKey":"LM","Priority":20,"WebParts":[{"Id":-8,"ChromeStyle":0,"Definition":{"WebPartDefinitionKey":"LM_RecommendedActivities","Title":"Recommended Activities","Description":"Displays recommended activities based on your interests, your required skills, and suggestions from others in your organization in a carousel.","SubTitle":null,"WebPartIconName":null,"WidgetNotificationMode":0,"WidgetDeeplinkUrlText":null,"CategoryName":"Learning","IsWebPartEnabled":true,"TypeName":null,"WebPartServiceAgentInterfaceTypeName":null,"WebPartDefinitionXml":null,"HideWebPartHeader":true,"HideWebPartFooter":true,"IsFreeFlowing":false,"PillarKey":"LM","ChromeStyle":6,"ParameterJSON":"{\"HeaderLinkIcon\":\"\",\"IsCustomEditor\":false,\"PreviewType\":\"table\"}","TemplatePath":"app/modules/dashboard/views/webparts/widgetRecommendedActivitiesCarousel.html","IsSystemLocked":false,"Category":{"Id":8,"Name":"Learning","CategoryKey":"WebPartDefinition_Learning","Description":"Learning","ParentId":1,"OrdinalPosition":null},"Id":115},"HeaderColor":null,"IsHidden":false,"Layout":"{\"x\":0,\"y\":52,\"width\":100,\"height\":19,\"marginBottom\":1.8125}","OverrideTemplate":null,"ParameterJSON":"{\"HeaderLinkIcon\":\"\",\"IsCustomEditor\":false,\"PreviewType\":\"table\"}","SubTitle":null,"SupportsFullScreen":true,"Title":null},{"Id":-7,"ChromeStyle":7,"Definition":{"WebPartDefinitionKey":"LM_ResumeLearning","Title":"Resume Learning","Description":"Provides user with quick access to all recently launched non-completed training items.","SubTitle":"List of recently launched activities","WebPartIconName":null,"WidgetNotificationMode":0,"WidgetDeeplinkUrlText":"View All Recently Launched Activities","CategoryName":"Learning","IsWebPartEnabled":true,"TypeName":"SumTotal.SPPortal.WebParts.Core.Learning.RecentlyLaunched.RecentlyLaunched, SumTotal.SPPortal.WebParts, Version=1.0.0.0, Culture=neutral, PublicKeyToken=6b7f90fbd13cce01","WebPartServiceAgentInterfaceTypeName":"ILMWebPartContractAsync","WebPartDefinitionXml":null,"HideWebPartHeader":false,"HideWebPartFooter":true,"IsFreeFlowing":false,"PillarKey":"LM","ChromeStyle":7,"ParameterJSON":"{\"HeaderLinkIcon\":\"\",\"IsCustomEditor\":false,\"PreviewType\":\"table\"}","TemplatePath":"app/modules/dashboard/views/webparts/widgetRecentlyLaunchedActivitiesList.html","IsSystemLocked":false,"Category":{"Id":8,"Name":"Learning","CategoryKey":"WebPartDefinition_Learning","Description":"Learning","ParentId":1,"OrdinalPosition":null},"Id":114},"HeaderColor":null,"IsHidden":false,"Layout":"{\"x\":41,\"y\":15,\"width\":59,\"height\":17,\"marginBottom\":0}","OverrideTemplate":null,"ParameterJSON":"{\"HeaderLinkIcon\":\"\",\"IsCustomEditor\":false,\"PreviewType\":\"table\"}","SubTitle":"List of recently launched activities","SupportsFullScreen":true,"Title":null},{"Id":-6,"ChromeStyle":0,"Definition":{"WebPartDefinitionKey":"Common_SearchWidget","Title":"Search","Description":"Quick Search for Courses, Training, Videos, Books and Audiobooks","SubTitle":"Search for Courses, Training, Videos, Books and Audiobooks","WebPartIconName":null,"WidgetNotificationMode":0,"WidgetDeeplinkUrlText":null,"CategoryName":"Learning","IsWebPartEnabled":true,"TypeName":null,"WebPartServiceAgentInterfaceTypeName":null,"WebPartDefinitionXml":null,"HideWebPartHeader":true,"HideWebPartFooter":false,"IsFreeFlowing":false,"PillarKey":null,"ChromeStyle":6,"ParameterJSON":"{\"HeaderLinkIcon\":\"\",\"IsCustomEditor\":false,\"PreviewType\":\"table\"}","TemplatePath":"app/modules/dashboard/views/webparts/widgetEnterpriseSearch.html","IsSystemLocked":false,"Category":{"Id":8,"Name":"Learning","CategoryKey":"WebPartDefinition_Learning","Description":"Learning","ParentId":1,"OrdinalPosition":null},"Id":113},"HeaderColor":null,"IsHidden":false,"Layout":"{\"x\":0,\"y\":0,\"width\":100,\"height\":13,\"marginBottom\":0.8125}","OverrideTemplate":null,"ParameterJSON":"{\"HeaderLinkIcon\":\"\",\"IsCustomEditor\":false,\"PreviewType\":\"table\",\"showBackground\":true,\"showBorder\":false,\"showShadow\":false,\"noScroll\":true}","SubTitle":"Search for Courses, Training, Videos, Books and Audiobooks","SupportsFullScreen":true,"Title":null},{"Id":-5,"ChromeStyle":7,"Definition":{"WebPartDefinitionKey":"LM_FavouritesCarousel","Title":"My Favorites","Description":"Supports quick access to content marked as a favorite by the user in a carousel.","SubTitle":"Activities, Categories, Collaboration Centers","WebPartIconName":null,"WidgetNotificationMode":1,"WidgetDeeplinkUrlText":"More...","CategoryName":"Learning","IsWebPartEnabled":true,"TypeName":"SumTotal.SPPortal.WebParts.Core.Learning.Favorites.Favorites, SumTotal.SPPortal.WebParts, Version=1.0.0.0, Culture=neutral, PublicKeyToken=6b7f90fbd13cce01","WebPartServiceAgentInterfaceTypeName":"ILMWebPartContractAsync","WebPartDefinitionXml":null,"HideWebPartHeader":false,"HideWebPartFooter":true,"IsFreeFlowing":false,"PillarKey":"LM","ChromeStyle":7,"ParameterJSON":"{\"HeaderLinkIcon\":\"\",\"IsCustomEditor\":false,\"PreviewType\":\"table\"}","TemplatePath":"app/modules/dashboard/views/webparts/widgetFavoritesCarousel.html","IsSystemLocked":false,"Category":{"Id":8,"Name":"Learning","CategoryKey":"WebPartDefinition_Learning","Description":"Learning","ParentId":1,"OrdinalPosition":null},"Id":112},"HeaderColor":null,"IsHidden":false,"Layout":"{\"x\":0,\"y\":34,\"width\":100,\"height\":17,\"marginBottom\":0}","OverrideTemplate":null,"ParameterJSON":"{\"HeaderLinkIcon\":\"\",\"IsCustomEditor\":false,\"PreviewType\":\"table\"}","SubTitle":"Activities, Categories, Collaboration Centers","SupportsFullScreen":true,"Title":null},{"Id":-4,"ChromeStyle":7,"Definition":{"WebPartDefinitionKey":"LM_MyLearning","Title":"My Learning","Description":"Provides user with graphical summary of their assigned training compliance status.","SubTitle":null,"WebPartIconName":null,"WidgetNotificationMode":0,"WidgetDeeplinkUrlText":null,"CategoryName":"Learning","IsWebPartEnabled":true,"TypeName":"SumTotal.SPPortal.WebParts.Core.Learning.MyLearning.MyLearning, SumTotal.SPPortal.WebParts, Version=1.0.0.0, Culture=neutral, PublicKeyToken=6b7f90fbd13cce01","WebPartServiceAgentInterfaceTypeName":"ILMWebPartContractAsync","WebPartDefinitionXml":null,"HideWebPartHeader":false,"HideWebPartFooter":true,"IsFreeFlowing":false,"PillarKey":"LM","ChromeStyle":7,"ParameterJSON":"{\"HeaderLinkIcon\":\"\",\"IsCustomEditor\":false,\"PreviewType\":\"html\"}","TemplatePath":"app/modules/dashboard/views/webparts/widgetMyLearning.html","IsSystemLocked":false,"Category":{"Id":8,"Name":"Learning","CategoryKey":"WebPartDefinition_Learning","Description":"Learning","ParentId":1,"OrdinalPosition":null},"Id":67},"HeaderColor":null,"IsHidden":false,"Layout":"{\"x\":0,\"y\":15,\"width\":40,\"height\":17,\"marginBottom\":0}","OverrideTemplate":null,"ParameterJSON":"{\"HeaderLinkIcon\":\"\",\"IsCustomEditor\":false,\"PreviewType\":\"html\"}","SubTitle":null,"SupportsFullScreen":true,"Title":null}],"CanAddPage":false,"CanEditPage":false,"CanDeletePage":false,"CanPersonalizePage":false},"Description":"Displays learning related widgets","Name":"Learning Focused Dashboard","Url":"#/dash/learningfocus","WebPartPageDefinitionKey":null,"WebPartPages":[{"Id":-200,"title":"Learning Focus","Description":"Learning Focus","IsSystemLocked":false,"Name":"Learning Focus","IsGuestPage":false,"ParameterJSON":null,"Personalization":null,"Url":"#/dash/learningfocus/initial","path":"dash/learningfocus/initial","WebPartPageKey":null,"IsEnabled":false,"RPKey":"LM","Priority":20,"WebParts":[{"Id":-8,"ChromeStyle":0,"Definition":{"WebPartDefinitionKey":"LM_RecommendedActivities","Title":"Recommended Activities","Description":"Displays recommended activities based on your interests, your required skills, and suggestions from others in your organization in a carousel.","SubTitle":null,"WebPartIconName":null,"WidgetNotificationMode":0,"WidgetDeeplinkUrlText":null,"CategoryName":"Learning","IsWebPartEnabled":true,"TypeName":null,"WebPartServiceAgentInterfaceTypeName":null,"WebPartDefinitionXml":null,"HideWebPartHeader":true,"HideWebPartFooter":true,"IsFreeFlowing":false,"PillarKey":"LM","ChromeStyle":6,"ParameterJSON":"{\"HeaderLinkIcon\":\"\",\"IsCustomEditor\":false,\"PreviewType\":\"table\"}","TemplatePath":"app/modules/dashboard/views/webparts/widgetRecommendedActivitiesCarousel.html","IsSystemLocked":false,"Category":{"Id":8,"Name":"Learning","CategoryKey":"WebPartDefinition_Learning","Description":"Learning","ParentId":1,"OrdinalPosition":null},"Id":115},"HeaderColor":null,"IsHidden":false,"Layout":"{\"x\":0,\"y\":52,\"width\":100,\"height\":19,\"marginBottom\":1.8125}","OverrideTemplate":null,"ParameterJSON":"{\"HeaderLinkIcon\":\"\",\"IsCustomEditor\":false,\"PreviewType\":\"table\"}","SubTitle":null,"SupportsFullScreen":true,"Title":null},{"Id":-7,"ChromeStyle":7,"Definition":{"WebPartDefinitionKey":"LM_ResumeLearning","Title":"Resume Learning","Description":"Provides user with quick access to all recently launched non-completed training items.","SubTitle":"List of recently launched activities","WebPartIconName":null,"WidgetNotificationMode":0,"WidgetDeeplinkUrlText":"View All Recently Launched Activities","CategoryName":"Learning","IsWebPartEnabled":true,"TypeName":"SumTotal.SPPortal.WebParts.Core.Learning.RecentlyLaunched.RecentlyLaunched, SumTotal.SPPortal.WebParts, Version=1.0.0.0, Culture=neutral, PublicKeyToken=6b7f90fbd13cce01","WebPartServiceAgentInterfaceTypeName":"ILMWebPartContractAsync","WebPartDefinitionXml":null,"HideWebPartHeader":false,"HideWebPartFooter":true,"IsFreeFlowing":false,"PillarKey":"LM","ChromeStyle":7,"ParameterJSON":"{\"HeaderLinkIcon\":\"\",\"IsCustomEditor\":false,\"PreviewType\":\"table\"}","TemplatePath":"app/modules/dashboard/views/webparts/widgetRecentlyLaunchedActivitiesList.html","IsSystemLocked":false,"Category":{"Id":8,"Name":"Learning","CategoryKey":"WebPartDefinition_Learning","Description":"Learning","ParentId":1,"OrdinalPosition":null},"Id":114},"HeaderColor":null,"IsHidden":false,"Layout":"{\"x\":41,\"y\":15,\"width\":59,\"height\":17,\"marginBottom\":0}","OverrideTemplate":null,"ParameterJSON":"{\"HeaderLinkIcon\":\"\",\"IsCustomEditor\":false,\"PreviewType\":\"table\"}","SubTitle":"List of recently launched activities","SupportsFullScreen":true,"Title":null},{"Id":-6,"ChromeStyle":0,"Definition":{"WebPartDefinitionKey":"Common_SearchWidget","Title":"Search","Description":"Quick Search for Courses, Training, Videos, Books and Audiobooks","SubTitle":"Search for Courses, Training, Videos, Books and Audiobooks","WebPartIconName":null,"WidgetNotificationMode":0,"WidgetDeeplinkUrlText":null,"CategoryName":"Learning","IsWebPartEnabled":true,"TypeName":null,"WebPartServiceAgentInterfaceTypeName":null,"WebPartDefinitionXml":null,"HideWebPartHeader":true,"HideWebPartFooter":false,"IsFreeFlowing":false,"PillarKey":null,"ChromeStyle":6,"ParameterJSON":"{\"HeaderLinkIcon\":\"\",\"IsCustomEditor\":false,\"PreviewType\":\"table\"}","TemplatePath":"app/modules/dashboard/views/webparts/widgetEnterpriseSearch.html","IsSystemLocked":false,"Category":{"Id":8,"Name":"Learning","CategoryKey":"WebPartDefinition_Learning","Description":"Learning","ParentId":1,"OrdinalPosition":null},"Id":113},"HeaderColor":null,"IsHidden":false,"Layout":"{\"x\":0,\"y\":0,\"width\":100,\"height\":13,\"marginBottom\":0.8125}","OverrideTemplate":null,"ParameterJSON":"{\"HeaderLinkIcon\":\"\",\"IsCustomEditor\":false,\"PreviewType\":\"table\",\"showBackground\":true,\"showBorder\":false,\"showShadow\":false,\"noScroll\":true}","SubTitle":"Search for Courses, Training, Videos, Books and Audiobooks","SupportsFullScreen":true,"Title":null},{"Id":-5,"ChromeStyle":7,"Definition":{"WebPartDefinitionKey":"LM_FavouritesCarousel","Title":"My Favorites","Description":"Supports quick access to content marked as a favorite by the user in a carousel.","SubTitle":"Activities, Categories, Collaboration Centers","WebPartIconName":null,"WidgetNotificationMode":1,"WidgetDeeplinkUrlText":"More...","CategoryName":"Learning","IsWebPartEnabled":true,"TypeName":"SumTotal.SPPortal.WebParts.Core.Learning.Favorites.Favorites, SumTotal.SPPortal.WebParts, Version=1.0.0.0, Culture=neutral, PublicKeyToken=6b7f90fbd13cce01","WebPartServiceAgentInterfaceTypeName":"ILMWebPartContractAsync","WebPartDefinitionXml":null,"HideWebPartHeader":false,"HideWebPartFooter":true,"IsFreeFlowing":false,"PillarKey":"LM","ChromeStyle":7,"ParameterJSON":"{\"HeaderLinkIcon\":\"\",\"IsCustomEditor\":false,\"PreviewType\":\"table\"}","TemplatePath":"app/modules/dashboard/views/webparts/widgetFavoritesCarousel.html","IsSystemLocked":false,"Category":{"Id":8,"Name":"Learning","CategoryKey":"WebPartDefinition_Learning","Description":"Learning","ParentId":1,"OrdinalPosition":null},"Id":112},"HeaderColor":null,"IsHidden":false,"Layout":"{\"x\":0,\"y\":34,\"width\":100,\"height\":17,\"marginBottom\":0}","OverrideTemplate":null,"ParameterJSON":"{\"HeaderLinkIcon\":\"\",\"IsCustomEditor\":false,\"PreviewType\":\"table\"}","SubTitle":"Activities, Categories, Collaboration Centers","SupportsFullScreen":true,"Title":null},{"Id":-4,"ChromeStyle":7,"Definition":{"WebPartDefinitionKey":"LM_MyLearning","Title":"My Learning","Description":"Provides user with graphical summary of their assigned training compliance status.","SubTitle":null,"WebPartIconName":null,"WidgetNotificationMode":0,"WidgetDeeplinkUrlText":null,"CategoryName":"Learning","IsWebPartEnabled":true,"TypeName":"SumTotal.SPPortal.WebParts.Core.Learning.MyLearning.MyLearning, SumTotal.SPPortal.WebParts, Version=1.0.0.0, Culture=neutral, PublicKeyToken=6b7f90fbd13cce01","WebPartServiceAgentInterfaceTypeName":"ILMWebPartContractAsync","WebPartDefinitionXml":null,"HideWebPartHeader":false,"HideWebPartFooter":true,"IsFreeFlowing":false,"PillarKey":"LM","ChromeStyle":7,"ParameterJSON":"{\"HeaderLinkIcon\":\"\",\"IsCustomEditor\":false,\"PreviewType\":\"html\"}","TemplatePath":"app/modules/dashboard/views/webparts/widgetMyLearning.html","IsSystemLocked":false,"Category":{"Id":8,"Name":"Learning","CategoryKey":"WebPartDefinition_Learning","Description":"Learning","ParentId":1,"OrdinalPosition":null},"Id":67},"HeaderColor":null,"IsHidden":false,"Layout":"{\"x\":0,\"y\":15,\"width\":40,\"height\":17,\"marginBottom\":0}","OverrideTemplate":null,"ParameterJSON":"{\"HeaderLinkIcon\":\"\",\"IsCustomEditor\":false,\"PreviewType\":\"html\"}","SubTitle":null,"SupportsFullScreen":true,"Title":null}],"CanAddPage":false,"CanEditPage":false,"CanDeletePage":false,"CanPersonalizePage":true}],"IsSystemLocked":false,"IsEnabled":false,"RPKey":"LM","CanViewDashboard":true,"CanAddDashboard":false,"CanEditDashboard":false,"CanDeleteDashboard":false,"CanPersonalizeDashboard":true},{"Id":1,"DefaultPage":{"Id":196,"title":null,"Description":"Home LM","IsSystemLocked":true,"Name":"Home LM","IsGuestPage":false,"ParameterJSON":null,"Personalization":null,"Url":"#/dash/home/LM","path":null,"WebPartPageKey":null,"IsEnabled":true,"RPKey":null,"Priority":2,"WebParts":[{"Id":325,"ChromeStyle":0,"Definition":{"WebPartDefinitionKey":"Common_ContentEditor","Title":"Content Editor","Description":"Enables users to add custom HTML to a dashboard.","SubTitle":"Content Editor Widget","WebPartIconName":null,"WidgetNotificationMode":0,"WidgetDeeplinkUrlText":null,"CategoryName":"Common","IsWebPartEnabled":true,"TypeName":null,"WebPartServiceAgentInterfaceTypeName":null,"WebPartDefinitionXml":null,"HideWebPartHeader":false,"HideWebPartFooter":true,"IsFreeFlowing":false,"PillarKey":null,"ChromeStyle":7,"ParameterJSON":"{\"HeaderLinkIcon\":\"\",\"IsCustomEditor\":true,\"PreviewType\":\"iframe\"}","TemplatePath":"app/modules/dashboard/views/webparts/widgetContentEditor.html","IsSystemLocked":false,"Category":{"Id":5,"Name":"Common","CategoryKey":"WebPartDefinition_Common","Description":"Common","ParentId":1,"OrdinalPosition":null},"Id":60},"HeaderColor":null,"IsHidden":false,"Layout":"{\"x\":0,\"y\":0,\"width\":83,\"height\":64}","OverrideTemplate":"\n\t&lt;!doctype html&gt; &lt;html&gt; &lt;head&gt; &lt;meta charset=&quot;utf-8&quot;&gt; &lt;title&gt;Untitled Document&lt;/title&gt; &lt;style&gt; div.news-container {  background-color:#e9ede5;  background-image:url(./Content/Common/assets/images/personBackground.jpg?1);  height:270px;  background-position: center;  background-repeat:no-repeat; border-radius: 10px 10px 0 0; } div.grad {  max-width:96%;  width:100%;  border:0px solid blue; } table.banner {  height:270px;  border:0px solid red;  max-width:100%;  width:100%; } .banner td {  text-align:center;  border:0px solid red;   } table.subnav {  max-width:96%;  width:100%;  border:0px solid green;  padding-top:15px;  font-family:&#39;Open Sans&#39; Tahoma;  font-weight:600; } .subnav td {  text-align:center;  width:25%;  padding:5px 20px;  font-weight:400;    } .subnav td.icon {  text-align:center;  width:25%;  padding:15px 0 5px 0;  font-weight:400;         height: 60px; } .subnav td.subnavtitle {         font-weight:700; } .subnav td.subnav-text {  text-align:left;  color: #606060;  font-family:Arial;  font-size:12px;  line-height:16px;  font-family:&#39;Open Sans&#39; Tahoma;         vertical-align:top; } &lt;/style&gt; &lt;/head&gt;  &lt;body&gt;  &lt;div class=&quot;news-container&quot;&gt;      &lt;center&gt;         &lt;div class=&quot;grad&quot;&gt;             &lt;table class=&quot;banner&quot;&gt;                 &lt;tr&gt;                     &lt;td colspan=&quot;2&quot; style=&quot;width:50%;&quot;&gt;                                           &lt;/td&gt;                     &lt;td&gt;&lt;/td&gt;                     &lt;td&gt;&lt;/td&gt;                 &lt;/tr&gt;             &lt;/table&gt;          &lt;/div&gt;          &lt;div style=&quot;background-color:#00aed3; text-align:left; border:0px solid orange; padding:5px 20px; font-family:&#39;Open Sans&#39; Tahoma;&quot;&gt;                         &lt;p style=&quot;font-size:14px; color:white; text-transform:uppercase; padding:15px 0px 10px 0px; margin:0px; font-family:&#39;Open Sans&#39; Tahoma;&quot;&gt;BUILDING A BETTER TEAM&lt;/p&gt;&lt;p style=&quot;font-size:30px; color:white; padding-bottom:20px; margin:0px; line-height:30px;&quot;&gt;Developing Individual and Team Talent Drives Company Performance&lt;/p&gt;&lt;p style=&quot;font-size:14px; color:white; font-family:&#39;Open Sans&#39; Tahoma; padding-bottom:20px; max-width:700px;&quot;&gt;Our long term success is fundamentally tied to our ability to develop leaders and more effective employees. As our most vital resource, we are committed to helping you improve in your current, next and long term role. &lt;/p&gt;                          &lt;/div&gt;                      &lt;/center&gt;     &lt;/div&gt; &lt;/body&gt; &lt;/html&gt;\n\t","ParameterJSON":"{\"HeaderLinkIcon\":\"\",\"IsCustomEditor\":true,\"PreviewType\":\"iframe\"}","SubTitle":"Content Editor Webpart","SupportsFullScreen":true,"Title":null},{"Id":326,"ChromeStyle":0,"Definition":{"WebPartDefinitionKey":"Common_ContentEditor","Title":"Content Editor","Description":"Enables users to add custom HTML to a dashboard.","SubTitle":"Content Editor Widget","WebPartIconName":null,"WidgetNotificationMode":0,"WidgetDeeplinkUrlText":null,"CategoryName":"Common","IsWebPartEnabled":true,"TypeName":null,"WebPartServiceAgentInterfaceTypeName":null,"WebPartDefinitionXml":null,"HideWebPartHeader":false,"HideWebPartFooter":true,"IsFreeFlowing":false,"PillarKey":null,"ChromeStyle":7,"ParameterJSON":"{\"HeaderLinkIcon\":\"\",\"IsCustomEditor\":true,\"PreviewType\":\"iframe\"}","TemplatePath":"app/modules/dashboard/views/webparts/widgetContentEditor.html","IsSystemLocked":false,"Category":{"Id":5,"Name":"Common","CategoryKey":"WebPartDefinition_Common","Description":"Common","ParentId":1,"OrdinalPosition":null},"Id":60},"HeaderColor":null,"IsHidden":false,"Layout":"{\"x\":83,\"y\":0,\"width\":17,\"height\":66}","OverrideTemplate":"\n\t&lt;!doctype html&gt; &lt;html&gt; &lt;head&gt; &lt;meta charset=&quot;utf-8&quot;&gt; &lt;title&gt;Untitled Document&lt;/title&gt; &lt;style&gt; div.news-container {  background-color:#e9ede5;  height:371px;  background-position:center;  background-repeat:no-repeat; } div.grad {  max-width:96%;  width:100%;  border:0px solid blue; } table.banner {  height:371px;  border:0px solid red;  max-width:100%;  width:100%; }  table.subnav {  max-width:96%;  width:100%;  border:0px solid green;  padding-top:15px;  font-family:&#39;Open Sans&#39; Tahoma;  font-weight:600; } .subnav td {  text-align:center;  width:25%;  padding:5px 20px;  font-weight:400;    } .subnav td.icon {  text-align:center;  width:25%;  padding:15px 0 5px 0;  font-weight:400;         height: 60px; } .subnav td.subnavtitle {         font-weight:700; } .subnav td.subnav-text {  text-align:left;  color: #606060;  font-family:Arial;  font-size:12px;  line-height:16px;  font-family:&#39;Open Sans&#39; Tahoma;         vertical-align:top; padding-bottom:40px; } &lt;/style&gt; &lt;/head&gt;  &lt;body&gt;        &lt;center&gt;                      &lt;table class=&quot;subnav&quot;&gt;              &lt;tr&gt;                     &lt;td class=&quot;icon&quot;&gt;&lt;a href=&quot;./dash/learning&quot;&gt;&lt;img src=&quot;./Content/Common/assets/images/dashboardLearn.jpg&quot; /&gt;&lt;/a&gt;&lt;/td&gt;                 &lt;/tr&gt;                 &lt;tr&gt;                     &lt;td class=&quot;subnavtitle&quot;&gt;Learner Dashboard&lt;/td&gt;                 &lt;/tr&gt;                 &lt;tr&gt;                     &lt;td class=&quot;subnav-text&quot;&gt;&lt;!--Browse the library for interesting activities relevant to your career.--&gt;&lt;/td&gt;                 &lt;/tr&gt;              &lt;tr&gt;                     &lt;td class=&quot;icon&quot;&gt;&lt;a href=&quot;./dash/profile&quot;&gt;&lt;img src=&quot;./Content/Common/assets/images/dashboardProfile.jpg&quot; /&gt;&lt;/a&gt;&lt;/td&gt;                 &lt;/tr&gt;                 &lt;tr&gt;                  &lt;td class=&quot;subnavtitle&quot;&gt;Profile&lt;/td&gt;                 &lt;/tr&gt;                 &lt;tr&gt;                     &lt;td class=&quot;subnav-text&quot;&gt;&lt;!--View up to the second information about your current tasks, goals and compensation.--&gt; &lt;/td&gt;                 &lt;/tr&gt;                                                                    &lt;tr&gt;                         &lt;td class=&quot;icon&quot;&gt;&lt;a href=&quot;./search&quot;&gt;&lt;img src=&quot;./Content/Common/assets/images/dashboardSearch.jpg&quot; /&gt;&lt;/a&gt;&lt;/td&gt;                 &lt;/tr&gt;                                                                    &lt;tr&gt;                     &lt;td class=&quot;subnavtitle&quot;&gt;Search&lt;/td&gt;                 &lt;/tr&gt;                                                                    &lt;tr&gt;                     &lt;td class=&quot;subnav-text&quot;&gt;&lt;!--Explore all of the latest social media events and relevant connections.--&gt;&lt;/td&gt;                 &lt;/tr&gt;             &lt;/table&gt;         &lt;/center&gt; &lt;/body&gt; &lt;/html&gt;\n\t","ParameterJSON":"{\"HeaderLinkIcon\":\"\",\"IsCustomEditor\":true,\"PreviewType\":\"iframe\"}","SubTitle":"Content Editor Webpart","SupportsFullScreen":true,"Title":null}],"CanAddPage":false,"CanEditPage":false,"CanDeletePage":false,"CanPersonalizePage":false},"Description":"Home page","Name":"Home","Url":"#/dash/home","WebPartPageDefinitionKey":null,"WebPartPages":[{"Id":1,"title":"Dashboard","Description":"Default dashboard.","IsSystemLocked":true,"Name":"Dashboard","IsGuestPage":false,"ParameterJSON":null,"Personalization":null,"Url":"#/dash/home","path":"dash/home","WebPartPageKey":null,"IsEnabled":true,"RPKey":null,"Priority":9,"WebParts":[{"Id":438,"ChromeStyle":1,"Definition":{"WebPartDefinitionKey":"Common_ContentEditor","Title":"Content Editor","Description":"Enables users to add custom HTML to a dashboard.","SubTitle":"Content Editor Widget","WebPartIconName":null,"WidgetNotificationMode":0,"WidgetDeeplinkUrlText":null,"CategoryName":"Common","IsWebPartEnabled":true,"TypeName":null,"WebPartServiceAgentInterfaceTypeName":null,"WebPartDefinitionXml":null,"HideWebPartHeader":false,"HideWebPartFooter":true,"IsFreeFlowing":false,"PillarKey":null,"ChromeStyle":7,"ParameterJSON":"{\"HeaderLinkIcon\":\"\",\"IsCustomEditor\":true,\"PreviewType\":\"iframe\"}","TemplatePath":"app/modules/dashboard/views/webparts/widgetContentEditor.html","IsSystemLocked":false,"Category":{"Id":5,"Name":"Common","CategoryKey":"WebPartDefinition_Common","Description":"Common","ParentId":1,"OrdinalPosition":null},"Id":60},"HeaderColor":"","IsHidden":false,"Layout":"{\"x\":0,\"y\":0,\"width\":20,\"height\":20}","OverrideTemplate":"&lt;iframe src=&quot;https://supp-saux.sumtotaldemo.net/SA_UX/Master/17_1_2/Standard/index.html?lm=yes&amp;tm=yes&amp;wfm=no&quot; class=&quot;sumt-webpart-iframe&quot;&gt;&lt;/iframe&gt;","ParameterJSON":"{\"HeaderLinkIcon\":\"\",\"IsCustomEditor\":true,\"PreviewType\":\"iframe\",\"fullScreen\":false}","SubTitle":"Content Editor Widget","SupportsFullScreen":true,"Title":null},{"Id":519,"ChromeStyle":7,"Definition":{"WebPartDefinitionKey":"Social_CommunityFeed","Title":"My Social Community Feed","Description":"Displays the social activities of communities I am a member of","SubTitle":null,"WebPartIconName":null,"WidgetNotificationMode":1,"WidgetDeeplinkUrlText":"View All","CategoryName":"Social","IsWebPartEnabled":true,"TypeName":null,"WebPartServiceAgentInterfaceTypeName":null,"WebPartDefinitionXml":null,"HideWebPartHeader":false,"HideWebPartFooter":false,"IsFreeFlowing":false,"PillarKey":"ELIXHRUI","ChromeStyle":7,"ParameterJSON":"{\"HeaderLinkIcon\":\"\",\"IsCustomEditor\":false,\"PreviewType\":\"table\"}","TemplatePath":"app/modules/dashboard/views/webparts/widgetSocialCommunityFeed.html","IsSystemLocked":false,"Category":{"Id":11,"Name":"Social","CategoryKey":"WebPartDefinition_Social","Description":"Social","ParentId":1,"OrdinalPosition":null},"Id":117},"HeaderColor":"","IsHidden":false,"Layout":"{\"x\":20,\"y\":0,\"width\":25,\"height\":20}","OverrideTemplate":null,"ParameterJSON":"{\"HeaderLinkIcon\":\"\",\"IsCustomEditor\":false,\"PreviewType\":\"table\"}","SubTitle":null,"SupportsFullScreen":true,"Title":null},{"Id":520,"ChromeStyle":7,"Definition":{"WebPartDefinitionKey":"Social_MyCommunities","Title":"My Social Communities","Description":"Displays social communities that I am a member of","SubTitle":null,"WebPartIconName":null,"WidgetNotificationMode":1,"WidgetDeeplinkUrlText":"View All","CategoryName":"Social","IsWebPartEnabled":true,"TypeName":null,"WebPartServiceAgentInterfaceTypeName":null,"WebPartDefinitionXml":null,"HideWebPartHeader":false,"HideWebPartFooter":false,"IsFreeFlowing":false,"PillarKey":"ELIXHRUI","ChromeStyle":7,"ParameterJSON":"{\"HeaderLinkIcon\":\"\",\"IsCustomEditor\":false,\"PreviewType\":\"table\"}","TemplatePath":"app/modules/dashboard/views/webparts/widgetSocialMyCommunities.html","IsSystemLocked":false,"Category":{"Id":11,"Name":"Social","CategoryKey":"WebPartDefinition_Social","Description":"Social","ParentId":1,"OrdinalPosition":null},"Id":116},"HeaderColor":"","IsHidden":false,"Layout":"{\"x\":45,\"y\":0,\"width\":25,\"height\":20}","OverrideTemplate":null,"ParameterJSON":"{\"HeaderLinkIcon\":\"\",\"IsCustomEditor\":false,\"PreviewType\":\"table\"}","SubTitle":null,"SupportsFullScreen":true,"Title":null},{"Id":527,"ChromeStyle":7,"Definition":{"WebPartDefinitionKey":"Timeline","Title":"Timeline","Description":"Displays tasks, approvals, and other updates in a timeline view.","SubTitle":"Activity timeline","WebPartIconName":null,"WidgetNotificationMode":0,"WidgetDeeplinkUrlText":null,"CategoryName":"Common","IsWebPartEnabled":true,"TypeName":null,"WebPartServiceAgentInterfaceTypeName":null,"WebPartDefinitionXml":null,"HideWebPartHeader":false,"HideWebPartFooter":false,"IsFreeFlowing":false,"PillarKey":null,"ChromeStyle":7,"ParameterJSON":"{\"HeaderLinkIcon\":\"\",\"IsCustomEditor\":false,\"PreviewType\":\"timeline\"}","TemplatePath":"app/modules/dashboard/views/webparts/widgetTimeline.html","IsSystemLocked":false,"Category":{"Id":5,"Name":"Common","CategoryKey":"WebPartDefinition_Common","Description":"Common","ParentId":1,"OrdinalPosition":null},"Id":61},"HeaderColor":"","IsHidden":false,"Layout":"{\"x\":70,\"y\":0,\"width\":25,\"height\":20}","OverrideTemplate":null,"ParameterJSON":"{\"HeaderLinkIcon\":\"\",\"IsCustomEditor\":false,\"PreviewType\":\"timeline\"}","SubTitle":"Activity timeline","SupportsFullScreen":true,"Title":null},{"Id":528,"ChromeStyle":7,"Definition":{"WebPartDefinitionKey":"Common_SumtIFrameWebPart","Title":"iFrame","Description":"Enables users to configure a URL to display within the widget.","SubTitle":"IFrame Widget","WebPartIconName":null,"WidgetNotificationMode":0,"WidgetDeeplinkUrlText":null,"CategoryName":"Common","IsWebPartEnabled":true,"TypeName":"SumTotal.SPPortal.WebParts.Core.Common.SumtIFrameWebPart.SumtIFrameWebPart, SumTotal.SPPortal.WebParts, Version=1.0.0.0, Culture=neutral, PublicKeyToken=6b7f90fbd13cce01","WebPartServiceAgentInterfaceTypeName":null,"WebPartDefinitionXml":null,"HideWebPartHeader":false,"HideWebPartFooter":true,"IsFreeFlowing":false,"PillarKey":null,"ChromeStyle":7,"ParameterJSON":"{\"HeaderLinkIcon\":\"\",\"IsCustomEditor\":false,\"PreviewType\":\"iframe\",\"iFrameUrl\":\"http://www.google.com\"}","TemplatePath":"app/modules/dashboard/views/webparts/widgetIFrame.html","IsSystemLocked":false,"Category":{"Id":5,"Name":"Common","CategoryKey":"WebPartDefinition_Common","Description":"Common","ParentId":1,"OrdinalPosition":null},"Id":3},"HeaderColor":"","IsHidden":false,"Layout":"{\"x\":0,\"y\":20,\"width\":25,\"height\":20}","OverrideTemplate":null,"ParameterJSON":"{\"HeaderLinkIcon\":\"\",\"IsCustomEditor\":false,\"PreviewType\":\"iframe\",\"iFrameUrl\":\"http://www.google.com\"}","SubTitle":"IFrame Widget","SupportsFullScreen":true,"Title":null},{"Id":529,"ChromeStyle":7,"Definition":{"WebPartDefinitionKey":"Common_ContentEditor","Title":"Content Editor","Description":"Enables users to add custom HTML to a dashboard.","SubTitle":"Content Editor Widget","WebPartIconName":null,"WidgetNotificationMode":0,"WidgetDeeplinkUrlText":null,"CategoryName":"Common","IsWebPartEnabled":true,"TypeName":null,"WebPartServiceAgentInterfaceTypeName":null,"WebPartDefinitionXml":null,"HideWebPartHeader":false,"HideWebPartFooter":true,"IsFreeFlowing":false,"PillarKey":null,"ChromeStyle":7,"ParameterJSON":"{\"HeaderLinkIcon\":\"\",\"IsCustomEditor\":true,\"PreviewType\":\"iframe\"}","TemplatePath":"app/modules/dashboard/views/webparts/widgetContentEditor.html","IsSystemLocked":false,"Category":{"Id":5,"Name":"Common","CategoryKey":"WebPartDefinition_Common","Description":"Common","ParentId":1,"OrdinalPosition":null},"Id":60},"HeaderColor":"","IsHidden":false,"Layout":"{\"x\":25,\"y\":20,\"width\":25,\"height\":20}","OverrideTemplate":null,"ParameterJSON":"{\"HeaderLinkIcon\":\"\",\"IsCustomEditor\":true,\"PreviewType\":\"iframe\"}","SubTitle":"Content Editor Widget","SupportsFullScreen":true,"Title":null}],"CanAddPage":false,"CanEditPage":false,"CanDeletePage":false,"CanPersonalizePage":true},{"Id":196,"title":"Home LM","Description":"Home LM","IsSystemLocked":true,"Name":"Home LM","IsGuestPage":false,"ParameterJSON":null,"Personalization":null,"Url":"#/dash/home/LM","path":"dash/home/LM","WebPartPageKey":null,"IsEnabled":true,"RPKey":null,"Priority":2,"WebParts":[{"Id":325,"ChromeStyle":0,"Definition":{"WebPartDefinitionKey":"Common_ContentEditor","Title":"Content Editor","Description":"Enables users to add custom HTML to a dashboard.","SubTitle":"Content Editor Widget","WebPartIconName":null,"WidgetNotificationMode":0,"WidgetDeeplinkUrlText":null,"CategoryName":"Common","IsWebPartEnabled":true,"TypeName":null,"WebPartServiceAgentInterfaceTypeName":null,"WebPartDefinitionXml":null,"HideWebPartHeader":false,"HideWebPartFooter":true,"IsFreeFlowing":false,"PillarKey":null,"ChromeStyle":7,"ParameterJSON":"{\"HeaderLinkIcon\":\"\",\"IsCustomEditor\":true,\"PreviewType\":\"iframe\"}","TemplatePath":"app/modules/dashboard/views/webparts/widgetContentEditor.html","IsSystemLocked":false,"Category":{"Id":5,"Name":"Common","CategoryKey":"WebPartDefinition_Common","Description":"Common","ParentId":1,"OrdinalPosition":null},"Id":60},"HeaderColor":null,"IsHidden":false,"Layout":"{\"x\":0,\"y\":0,\"width\":83,\"height\":64}","OverrideTemplate":"\n\t&lt;!doctype html&gt; &lt;html&gt; &lt;head&gt; &lt;meta charset=&quot;utf-8&quot;&gt; &lt;title&gt;Untitled Document&lt;/title&gt; &lt;style&gt; div.news-container {  background-color:#e9ede5;  background-image:url(./Content/Common/assets/images/personBackground.jpg?1);  height:270px;  background-position: center;  background-repeat:no-repeat; border-radius: 10px 10px 0 0; } div.grad {  max-width:96%;  width:100%;  border:0px solid blue; } table.banner {  height:270px;  border:0px solid red;  max-width:100%;  width:100%; } .banner td {  text-align:center;  border:0px solid red;   } table.subnav {  max-width:96%;  width:100%;  border:0px solid green;  padding-top:15px;  font-family:&#39;Open Sans&#39; Tahoma;  font-weight:600; } .subnav td {  text-align:center;  width:25%;  padding:5px 20px;  font-weight:400;    } .subnav td.icon {  text-align:center;  width:25%;  padding:15px 0 5px 0;  font-weight:400;         height: 60px; } .subnav td.subnavtitle {         font-weight:700; } .subnav td.subnav-text {  text-align:left;  color: #606060;  font-family:Arial;  font-size:12px;  line-height:16px;  font-family:&#39;Open Sans&#39; Tahoma;         vertical-align:top; } &lt;/style&gt; &lt;/head&gt;  &lt;body&gt;  &lt;div class=&quot;news-container&quot;&gt;      &lt;center&gt;         &lt;div class=&quot;grad&quot;&gt;             &lt;table class=&quot;banner&quot;&gt;                 &lt;tr&gt;                     &lt;td colspan=&quot;2&quot; style=&quot;width:50%;&quot;&gt;                                           &lt;/td&gt;                     &lt;td&gt;&lt;/td&gt;                     &lt;td&gt;&lt;/td&gt;                 &lt;/tr&gt;             &lt;/table&gt;          &lt;/div&gt;          &lt;div style=&quot;background-color:#00aed3; text-align:left; border:0px solid orange; padding:5px 20px; font-family:&#39;Open Sans&#39; Tahoma;&quot;&gt;                         &lt;p style=&quot;font-size:14px; color:white; text-transform:uppercase; padding:15px 0px 10px 0px; margin:0px; font-family:&#39;Open Sans&#39; Tahoma;&quot;&gt;BUILDING A BETTER TEAM&lt;/p&gt;&lt;p style=&quot;font-size:30px; color:white; padding-bottom:20px; margin:0px; line-height:30px;&quot;&gt;Developing Individual and Team Talent Drives Company Performance&lt;/p&gt;&lt;p style=&quot;font-size:14px; color:white; font-family:&#39;Open Sans&#39; Tahoma; padding-bottom:20px; max-width:700px;&quot;&gt;Our long term success is fundamentally tied to our ability to develop leaders and more effective employees. As our most vital resource, we are committed to helping you improve in your current, next and long term role. &lt;/p&gt;                          &lt;/div&gt;                      &lt;/center&gt;     &lt;/div&gt; &lt;/body&gt; &lt;/html&gt;\n\t","ParameterJSON":"{\"HeaderLinkIcon\":\"\",\"IsCustomEditor\":true,\"PreviewType\":\"iframe\"}","SubTitle":"Content Editor Webpart","SupportsFullScreen":true,"Title":null},{"Id":326,"ChromeStyle":0,"Definition":{"WebPartDefinitionKey":"Common_ContentEditor","Title":"Content Editor","Description":"Enables users to add custom HTML to a dashboard.","SubTitle":"Content Editor Widget","WebPartIconName":null,"WidgetNotificationMode":0,"WidgetDeeplinkUrlText":null,"CategoryName":"Common","IsWebPartEnabled":true,"TypeName":null,"WebPartServiceAgentInterfaceTypeName":null,"WebPartDefinitionXml":null,"HideWebPartHeader":false,"HideWebPartFooter":true,"IsFreeFlowing":false,"PillarKey":null,"ChromeStyle":7,"ParameterJSON":"{\"HeaderLinkIcon\":\"\",\"IsCustomEditor\":true,\"PreviewType\":\"iframe\"}","TemplatePath":"app/modules/dashboard/views/webparts/widgetContentEditor.html","IsSystemLocked":false,"Category":{"Id":5,"Name":"Common","CategoryKey":"WebPartDefinition_Common","Description":"Common","ParentId":1,"OrdinalPosition":null},"Id":60},"HeaderColor":null,"IsHidden":false,"Layout":"{\"x\":83,\"y\":0,\"width\":17,\"height\":66}","OverrideTemplate":"\n\t&lt;!doctype html&gt; &lt;html&gt; &lt;head&gt; &lt;meta charset=&quot;utf-8&quot;&gt; &lt;title&gt;Untitled Document&lt;/title&gt; &lt;style&gt; div.news-container {  background-color:#e9ede5;  height:371px;  background-position:center;  background-repeat:no-repeat; } div.grad {  max-width:96%;  width:100%;  border:0px solid blue; } table.banner {  height:371px;  border:0px solid red;  max-width:100%;  width:100%; }  table.subnav {  max-width:96%;  width:100%;  border:0px solid green;  padding-top:15px;  font-family:&#39;Open Sans&#39; Tahoma;  font-weight:600; } .subnav td {  text-align:center;  width:25%;  padding:5px 20px;  font-weight:400;    } .subnav td.icon {  text-align:center;  width:25%;  padding:15px 0 5px 0;  font-weight:400;         height: 60px; } .subnav td.subnavtitle {         font-weight:700; } .subnav td.subnav-text {  text-align:left;  color: #606060;  font-family:Arial;  font-size:12px;  line-height:16px;  font-family:&#39;Open Sans&#39; Tahoma;         vertical-align:top; padding-bottom:40px; } &lt;/style&gt; &lt;/head&gt;  &lt;body&gt;        &lt;center&gt;                      &lt;table class=&quot;subnav&quot;&gt;              &lt;tr&gt;                     &lt;td class=&quot;icon&quot;&gt;&lt;a href=&quot;./dash/learning&quot;&gt;&lt;img src=&quot;./Content/Common/assets/images/dashboardLearn.jpg&quot; /&gt;&lt;/a&gt;&lt;/td&gt;                 &lt;/tr&gt;                 &lt;tr&gt;                     &lt;td class=&quot;subnavtitle&quot;&gt;Learner Dashboard&lt;/td&gt;                 &lt;/tr&gt;                 &lt;tr&gt;                     &lt;td class=&quot;subnav-text&quot;&gt;&lt;!--Browse the library for interesting activities relevant to your career.--&gt;&lt;/td&gt;                 &lt;/tr&gt;              &lt;tr&gt;                     &lt;td class=&quot;icon&quot;&gt;&lt;a href=&quot;./dash/profile&quot;&gt;&lt;img src=&quot;./Content/Common/assets/images/dashboardProfile.jpg&quot; /&gt;&lt;/a&gt;&lt;/td&gt;                 &lt;/tr&gt;                 &lt;tr&gt;                  &lt;td class=&quot;subnavtitle&quot;&gt;Profile&lt;/td&gt;                 &lt;/tr&gt;                 &lt;tr&gt;                     &lt;td class=&quot;subnav-text&quot;&gt;&lt;!--View up to the second information about your current tasks, goals and compensation.--&gt; &lt;/td&gt;                 &lt;/tr&gt;                                                                    &lt;tr&gt;                         &lt;td class=&quot;icon&quot;&gt;&lt;a href=&quot;./search&quot;&gt;&lt;img src=&quot;./Content/Common/assets/images/dashboardSearch.jpg&quot; /&gt;&lt;/a&gt;&lt;/td&gt;                 &lt;/tr&gt;                                                                    &lt;tr&gt;                     &lt;td class=&quot;subnavtitle&quot;&gt;Search&lt;/td&gt;                 &lt;/tr&gt;                                                                    &lt;tr&gt;                     &lt;td class=&quot;subnav-text&quot;&gt;&lt;!--Explore all of the latest social media events and relevant connections.--&gt;&lt;/td&gt;                 &lt;/tr&gt;             &lt;/table&gt;         &lt;/center&gt; &lt;/body&gt; &lt;/html&gt;\n\t","ParameterJSON":"{\"HeaderLinkIcon\":\"\",\"IsCustomEditor\":true,\"PreviewType\":\"iframe\"}","SubTitle":"Content Editor Webpart","SupportsFullScreen":true,"Title":null}],"CanAddPage":false,"CanEditPage":false,"CanDeletePage":false,"CanPersonalizePage":true},{"Id":197,"title":"Home TM","Description":"Home TM","IsSystemLocked":true,"Name":"Home TM","IsGuestPage":false,"ParameterJSON":null,"Personalization":null,"Url":"#/dash/home/TM","path":"dash/home/TM","WebPartPageKey":null,"IsEnabled":true,"RPKey":null,"Priority":3,"WebParts":[{"Id":327,"ChromeStyle":0,"Definition":{"WebPartDefinitionKey":"Common_ContentEditor","Title":"Content Editor","Description":"Enables users to add custom HTML to a dashboard.","SubTitle":"Content Editor Widget","WebPartIconName":null,"WidgetNotificationMode":0,"WidgetDeeplinkUrlText":null,"CategoryName":"Common","IsWebPartEnabled":true,"TypeName":null,"WebPartServiceAgentInterfaceTypeName":null,"WebPartDefinitionXml":null,"HideWebPartHeader":false,"HideWebPartFooter":true,"IsFreeFlowing":false,"PillarKey":null,"ChromeStyle":7,"ParameterJSON":"{\"HeaderLinkIcon\":\"\",\"IsCustomEditor\":true,\"PreviewType\":\"iframe\"}","TemplatePath":"app/modules/dashboard/views/webparts/widgetContentEditor.html","IsSystemLocked":false,"Category":{"Id":5,"Name":"Common","CategoryKey":"WebPartDefinition_Common","Description":"Common","ParentId":1,"OrdinalPosition":null},"Id":60},"HeaderColor":null,"IsHidden":false,"Layout":"{\"x\":0,\"y\":0,\"width\":83,\"height\":64}","OverrideTemplate":"\r\n\t&lt;!doctype html&gt; &lt;html&gt; &lt;head&gt; &lt;meta charset=&quot;utf-8&quot;&gt; &lt;title&gt;Untitled Document&lt;/title&gt; &lt;style&gt; div.news-container {  background-color:#e9ede5;  background-image:url(./Content/Common/assets/images/personBackground.jpg?1);  height:270px;  background-position: center;  background-repeat:no-repeat; border-radius: 10px 10px 0 0; } div.grad {  max-width:96%;  width:100%;  border:0px solid blue; } table.banner {  height:270px;  border:0px solid red;  max-width:100%;  width:100%; } .banner td {  text-align:center;  border:0px solid red;   } table.subnav {  max-width:96%;  width:100%;  border:0px solid green;  padding-top:15px;  font-family:&#39;Open Sans&#39; Tahoma;  font-weight:600; } .subnav td {  text-align:center;  width:25%;  padding:5px 20px;  font-weight:400;    } .subnav td.icon {  text-align:center;  width:25%;  padding:15px 0 5px 0;  font-weight:400;         height: 60px; } .subnav td.subnavtitle {         font-weight:700; } .subnav td.subnav-text {  text-align:left;  color: #606060;  font-family:Arial;  font-size:12px;  line-height:16px;  font-family:&#39;Open Sans&#39; Tahoma;         vertical-align:top; } &lt;/style&gt; &lt;/head&gt;  &lt;body&gt;  &lt;div class=&quot;news-container&quot;&gt;      &lt;center&gt;         &lt;div class=&quot;grad&quot;&gt;             &lt;table class=&quot;banner&quot;&gt;                 &lt;tr&gt;                     &lt;td colspan=&quot;2&quot; style=&quot;width:50%;&quot;&gt;                                           &lt;/td&gt;                     &lt;td&gt;&lt;/td&gt;                     &lt;td&gt;&lt;/td&gt;                 &lt;/tr&gt;             &lt;/table&gt;          &lt;/div&gt;          &lt;div style=&quot;background-color:#00aed3; text-align:left; border:0px solid orange; padding:5px 20px; font-family:&#39;Open Sans&#39; Tahoma;&quot;&gt;                         &lt;p style=&quot;font-size:14px; color:white; text-transform:uppercase; padding:15px 0px 10px 0px; margin:0px; font-family:&#39;Open Sans&#39; Tahoma;&quot;&gt;BUILDING A BETTER TEAM&lt;/p&gt;&lt;p style=&quot;font-size:30px; color:white; padding-bottom:20px; margin:0px; line-height:30px;&quot;&gt;Developing Individual and Team Talent Drives Company Performance&lt;/p&gt;&lt;p style=&quot;font-size:14px; color:white; font-family:&#39;Open Sans&#39; Tahoma; padding-bottom:20px; max-width:700px;&quot;&gt;Our long term success is fundamentally tied to our ability to develop leaders and more effective employees. As our most vital resource, we are committed to helping you improve in your current, next and long term role. &lt;/p&gt;                          &lt;/div&gt;                      &lt;/center&gt;     &lt;/div&gt; &lt;/body&gt; &lt;/html&gt;\r\n\t","ParameterJSON":"{\"HeaderLinkIcon\":\"\",\"IsCustomEditor\":true,\"PreviewType\":\"iframe\"}","SubTitle":"Content Editor Webpart","SupportsFullScreen":true,"Title":null},{"Id":328,"ChromeStyle":0,"Definition":{"WebPartDefinitionKey":"Common_ContentEditor","Title":"Content Editor","Description":"Enables users to add custom HTML to a dashboard.","SubTitle":"Content Editor Widget","WebPartIconName":null,"WidgetNotificationMode":0,"WidgetDeeplinkUrlText":null,"CategoryName":"Common","IsWebPartEnabled":true,"TypeName":null,"WebPartServiceAgentInterfaceTypeName":null,"WebPartDefinitionXml":null,"HideWebPartHeader":false,"HideWebPartFooter":true,"IsFreeFlowing":false,"PillarKey":null,"ChromeStyle":7,"ParameterJSON":"{\"HeaderLinkIcon\":\"\",\"IsCustomEditor\":true,\"PreviewType\":\"iframe\"}","TemplatePath":"app/modules/dashboard/views/webparts/widgetContentEditor.html","IsSystemLocked":false,"Category":{"Id":5,"Name":"Common","CategoryKey":"WebPartDefinition_Common","Description":"Common","ParentId":1,"OrdinalPosition":null},"Id":60},"HeaderColor":null,"IsHidden":false,"Layout":"{\"x\":83,\"y\":0,\"width\":17,\"height\":66}","OverrideTemplate":"\r\n\t&lt;!doctype html&gt; &lt;html&gt; &lt;head&gt; &lt;meta charset=&quot;utf-8&quot;&gt; &lt;title&gt;Untitled Document&lt;/title&gt; &lt;style&gt; div.news-container {  background-color:#e9ede5;  height:371px;  background-position:center;  background-repeat:no-repeat; } div.grad {  max-width:96%;  width:100%;  border:0px solid blue; } table.banner {  height:371px;  border:0px solid red;  max-width:100%;  width:100%; }  table.subnav {  max-width:96%;  width:100%;  border:0px solid green;  padding-top:15px;  font-family:&#39;Open Sans&#39; Tahoma;  font-weight:600; } .subnav td {  text-align:center;  width:25%;  padding:5px 20px;  font-weight:400;    } .subnav td.icon {  text-align:center;  width:25%;  padding:15px 0 5px 0;  font-weight:400;         height: 60px; } .subnav td.subnavtitle {         font-weight:700; } .subnav td.subnav-text {  text-align:left;  color: #606060;  font-family:Arial;  font-size:12px;  line-height:16px;  font-family:&#39;Open Sans&#39; Tahoma;         vertical-align:top; padding-bottom:40px; } &lt;/style&gt; &lt;/head&gt;  &lt;body&gt;        &lt;center&gt;                      &lt;table class=&quot;subnav&quot;&gt;              &lt;tr&gt;                     &lt;td class=&quot;icon&quot;&gt;&lt;a href=&quot;./dash/profile&quot;&gt;&lt;img src=&quot;./Content/Common/assets/images/dashboardProfile.jpg&quot; /&gt;&lt;/a&gt;&lt;/td&gt;                 &lt;/tr&gt;                 &lt;tr&gt;                  &lt;td class=&quot;subnavtitle&quot;&gt;Profile&lt;/td&gt;                 &lt;/tr&gt;                 &lt;tr&gt;                     &lt;td class=&quot;subnav-text&quot;&gt;&lt;!--View up to the second information about your current tasks, goals and compensation.--&gt; &lt;/td&gt;                 &lt;/tr&gt;                                                                    &lt;tr&gt;                         &lt;td class=&quot;icon&quot;&gt;&lt;a href=&quot;./search&quot;&gt;&lt;img src=&quot;./Content/Common/assets/images/dashboardSearch.jpg&quot; /&gt;&lt;/a&gt;&lt;/td&gt;                 &lt;/tr&gt;                                                                    &lt;tr&gt;                     &lt;td class=&quot;subnavtitle&quot;&gt;Search&lt;/td&gt;                 &lt;/tr&gt;                                                                    &lt;tr&gt;                     &lt;td class=&quot;subnav-text&quot;&gt;&lt;!--Explore all of the latest social media events and relevant connections.--&gt;&lt;/td&gt;                 &lt;/tr&gt;             &lt;/table&gt;         &lt;/center&gt; &lt;/body&gt; &lt;/html&gt;\r\n\t","ParameterJSON":"{\"HeaderLinkIcon\":\"\",\"IsCustomEditor\":true,\"PreviewType\":\"iframe\"}","SubTitle":"Content Editor Webpart","SupportsFullScreen":true,"Title":null}],"CanAddPage":false,"CanEditPage":false,"CanDeletePage":false,"CanPersonalizePage":true},{"Id":198,"title":"Home WFM","Description":"Home WFM","IsSystemLocked":true,"Name":"Home WFM","IsGuestPage":false,"ParameterJSON":null,"Personalization":null,"Url":"#/dash/home/WFM","path":"dash/home/WFM","WebPartPageKey":null,"IsEnabled":true,"RPKey":null,"Priority":11,"WebParts":[{"Id":336,"ChromeStyle":0,"Definition":{"WebPartDefinitionKey":"Common_ContentEditor","Title":"Content Editor","Description":"Enables users to add custom HTML to a dashboard.","SubTitle":"Content Editor Widget","WebPartIconName":null,"WidgetNotificationMode":0,"WidgetDeeplinkUrlText":null,"CategoryName":"Common","IsWebPartEnabled":true,"TypeName":null,"WebPartServiceAgentInterfaceTypeName":null,"WebPartDefinitionXml":null,"HideWebPartHeader":false,"HideWebPartFooter":true,"IsFreeFlowing":false,"PillarKey":null,"ChromeStyle":7,"ParameterJSON":"{\"HeaderLinkIcon\":\"\",\"IsCustomEditor\":true,\"PreviewType\":\"iframe\"}","TemplatePath":"app/modules/dashboard/views/webparts/widgetContentEditor.html","IsSystemLocked":false,"Category":{"Id":5,"Name":"Common","CategoryKey":"WebPartDefinition_Common","Description":"Common","ParentId":1,"OrdinalPosition":null},"Id":60},"HeaderColor":null,"IsHidden":false,"Layout":"{\"x\":0,\"y\":0,\"width\":83,\"height\":64}","OverrideTemplate":"&lt;iframe src=&quot;https://supp-saux.sumtotaldemo.net/SA_FTP/LocalUser/wfm_ftp/2017_Standalone/index.html&quot; class=&quot;sumt-webpart-iframe&quot;&gt;&lt;/iframe&gt;","ParameterJSON":"{\"HeaderLinkIcon\":\"\",\"IsCustomEditor\":true,\"PreviewType\":\"iframe\",\"fullScreen\":true}","SubTitle":"Content Editor Webpart","SupportsFullScreen":true,"Title":"Content Editor Webpart"}],"CanAddPage":false,"CanEditPage":false,"CanDeletePage":false,"CanPersonalizePage":true},{"Id":287,"title":"DBP_195646_12pm","Description":"About DashBoard","IsSystemLocked":false,"Name":"DBP_195646_12pm","IsGuestPage":false,"ParameterJSON":null,"Personalization":null,"Url":"#/dash/home/DBP_195646_12pm","path":"dash/home/DBP_195646_12pm","WebPartPageKey":null,"IsEnabled":true,"RPKey":null,"Priority":64,"WebParts":[],"CanAddPage":false,"CanEditPage":false,"CanDeletePage":false,"CanPersonalizePage":true},{"Id":309,"title":"DB1_224641_12pm","Description":"DashBoard1","IsSystemLocked":false,"Name":"DB1_224641_12pm","IsGuestPage":false,"ParameterJSON":null,"Personalization":null,"Url":"#/dash/home/DB1_224641_12pm","path":"dash/home/DB1_224641_12pm","WebPartPageKey":null,"IsEnabled":true,"RPKey":null,"Priority":85,"WebParts":[],"CanAddPage":false,"CanEditPage":false,"CanDeletePage":false,"CanPersonalizePage":true},{"Id":310,"title":"DB2_224641_12pm","Description":"DashBoard1","IsSystemLocked":false,"Name":"DB2_224641_12pm","IsGuestPage":false,"ParameterJSON":null,"Personalization":null,"Url":"#/dash/home/DB2_224641_12pm","path":"dash/home/DB2_224641_12pm","WebPartPageKey":null,"IsEnabled":true,"RPKey":null,"Priority":86,"WebParts":[],"CanAddPage":false,"CanEditPage":false,"CanDeletePage":false,"CanPersonalizePage":true}],"IsSystemLocked":true,"IsEnabled":true,"RPKey":null,"CanViewDashboard":true,"CanAddDashboard":false,"CanEditDashboard":false,"CanDeleteDashboard":false,"CanPersonalizeDashboard":true},{"Id":2,"DefaultPage":{"Id":2,"title":null,"Description":"Learning Dashboard","IsSystemLocked":true,"Name":"Learning","IsGuestPage":false,"ParameterJSON":null,"Personalization":null,"Url":"#/dash/learning","path":null,"WebPartPageKey":null,"IsEnabled":true,"RPKey":null,"Priority":12,"WebParts":[{"Id":310,"ChromeStyle":7,"Definition":{"WebPartDefinitionKey":"Timeline","Title":"Timeline","Description":"Displays tasks, approvals, and other updates in a timeline view.","SubTitle":"Activity timeline","WebPartIconName":null,"WidgetNotificationMode":0,"WidgetDeeplinkUrlText":null,"CategoryName":"Common","IsWebPartEnabled":true,"TypeName":null,"WebPartServiceAgentInterfaceTypeName":null,"WebPartDefinitionXml":null,"HideWebPartHeader":false,"HideWebPartFooter":false,"IsFreeFlowing":false,"PillarKey":null,"ChromeStyle":7,"ParameterJSON":"{\"HeaderLinkIcon\":\"\",\"IsCustomEditor\":false,\"PreviewType\":\"timeline\"}","TemplatePath":"app/modules/dashboard/views/webparts/widgetTimeline.html","IsSystemLocked":false,"Category":{"Id":5,"Name":"Common","CategoryKey":"WebPartDefinition_Common","Description":"Common","ParentId":1,"OrdinalPosition":null},"Id":61},"HeaderColor":null,"IsHidden":false,"Layout":"{\"x\":33,\"y\":10,\"width\":50,\"height\":68,\"max-width\":10,\"max-height\":10}","OverrideTemplate":null,"ParameterJSON":"{\"HeaderLinkIcon\":\"\",\"IsCustomEditor\":false,\"PreviewType\":\"timeline\"}","SubTitle":"Activity timeline","SupportsFullScreen":true,"Title":"Timeline"},{"Id":487,"ChromeStyle":7,"Definition":{"WebPartDefinitionKey":"LM_MyLearning","Title":"My Learning","Description":"Provides user with graphical summary of their assigned training compliance status.","SubTitle":null,"WebPartIconName":null,"WidgetNotificationMode":0,"WidgetDeeplinkUrlText":null,"CategoryName":"Learning","IsWebPartEnabled":true,"TypeName":"SumTotal.SPPortal.WebParts.Core.Learning.MyLearning.MyLearning, SumTotal.SPPortal.WebParts, Version=1.0.0.0, Culture=neutral, PublicKeyToken=6b7f90fbd13cce01","WebPartServiceAgentInterfaceTypeName":"ILMWebPartContractAsync","WebPartDefinitionXml":null,"HideWebPartHeader":false,"HideWebPartFooter":true,"IsFreeFlowing":false,"PillarKey":"LM","ChromeStyle":7,"ParameterJSON":"{\"HeaderLinkIcon\":\"\",\"IsCustomEditor\":false,\"PreviewType\":\"html\"}","TemplatePath":"app/modules/dashboard/views/webparts/widgetMyLearning.html","IsSystemLocked":false,"Category":{"Id":8,"Name":"Learning","CategoryKey":"WebPartDefinition_Learning","Description":"Learning","ParentId":1,"OrdinalPosition":null},"Id":67},"HeaderColor":"","IsHidden":false,"Layout":"{\"x\":0,\"y\":0,\"width\":33,\"height\":16,\"max-width\":10,\"max-height\":10}","OverrideTemplate":null,"ParameterJSON":"{\"HeaderLinkIcon\":\"\",\"IsCustomEditor\":false,\"PreviewType\":\"html\"}","SubTitle":null,"SupportsFullScreen":true,"Title":null},{"Id":488,"ChromeStyle":7,"Definition":{"WebPartDefinitionKey":"LM_LearningTasks","Title":"Learning Tasks","Description":"Displays the user's pending tasks.","SubTitle":"Learning Tasks","WebPartIconName":null,"WidgetNotificationMode":0,"WidgetDeeplinkUrlText":null,"CategoryName":"Learning","IsWebPartEnabled":true,"TypeName":"SSumTotal.SPPortal.WebParts.Core.Learning.LearningTasks.LearningTasks, SumTotal.SPPortal.WebParts, Version=1.0.0.0, Culture=neutral, PublicKeyToken=6b7f90fbd13cce01","WebPartServiceAgentInterfaceTypeName":"ILMWebPartContractAsync","WebPartDefinitionXml":null,"HideWebPartHeader":false,"HideWebPartFooter":true,"IsFreeFlowing":false,"PillarKey":"LM","ChromeStyle":7,"ParameterJSON":"{\"HeaderLinkIcon\": \"\", \"IsCustomEditor\": false, \"PreviewType\" : \"table\"}","TemplatePath":"app/modules/dashboard/views/webparts/widgetLearningTasks.html","IsSystemLocked":false,"Category":{"Id":8,"Name":"Learning","CategoryKey":"WebPartDefinition_Learning","Description":"Learning","ParentId":1,"OrdinalPosition":null},"Id":68},"HeaderColor":"","IsHidden":false,"Layout":"{\"x\":33,\"y\":0,\"width\":50,\"height\":10}","OverrideTemplate":null,"ParameterJSON":"{\"HeaderLinkIcon\":\"\",\"IsCustomEditor\":false,\"MessagesConfig\":{\"MessageCount\":\"count\",\"MessageData\":[\"date\",\"subject\",\"url\"]},\"PreviewType\":\"table\"}","SubTitle":"Learning Tasks","SupportsFullScreen":true,"Title":null},{"Id":491,"ChromeStyle":7,"Definition":{"WebPartDefinitionKey":"LM_MyMessages","Title":"My Messages","Description":"Highlights the five most recent unread learning  notifications.","SubTitle":"Recent messages I have received","WebPartIconName":null,"WidgetNotificationMode":1,"WidgetDeeplinkUrlText":"View All Messages","CategoryName":"Learning","IsWebPartEnabled":true,"TypeName":"SumTotal.SPPortal.WebParts.Core.Learning.MyMessages.MyMessages, SumTotal.SPPortal.WebParts, Version=1.0.0.0, Culture=neutral, PublicKeyToken=6b7f90fbd13cce01","WebPartServiceAgentInterfaceTypeName":"ILMWebPartContractAsync","WebPartDefinitionXml":null,"HideWebPartHeader":false,"HideWebPartFooter":true,"IsFreeFlowing":false,"PillarKey":"LM","ChromeStyle":7,"ParameterJSON":"{\"HeaderLinkIcon\": \"\", \"IsCustomEditor\": false, \"MessagesConfig\":{ \"MessageCount\":\"count\", \"MessageData\":[\"date\", \"subject\", \"url\"]}, \"PreviewType\":\"messages\"}","TemplatePath":"app/modules/dashboard/views/webparts/widgetMyMessages.html","IsSystemLocked":false,"Category":{"Id":8,"Name":"Learning","CategoryKey":"WebPartDefinition_Learning","Description":"Learning","ParentId":1,"OrdinalPosition":null},"Id":4},"HeaderColor":"","IsHidden":false,"Layout":"{\"x\":0,\"y\":16,\"width\":33,\"height\":20,\"max-width\":10,\"max-height\":10}","OverrideTemplate":null,"ParameterJSON":"{\"HeaderLinkIcon\":\"\",\"IsCustomEditor\":false,\"PreviewType\":\"messages\",\"MessagesConfig\":{\"MessageCount\":\"count\",\"MessageData\":[\"date\",\"subject\",\"url\"]}}","SubTitle":"Recent messages I have received","SupportsFullScreen":true,"Title":null}],"CanAddPage":false,"CanEditPage":false,"CanDeletePage":false,"CanPersonalizePage":false},"Description":"Learning Dashboard","Name":"LM","Url":"#/dash/learning","WebPartPageDefinitionKey":null,"WebPartPages":[{"Id":2,"title":"Learning","Description":"Learning Dashboard","IsSystemLocked":true,"Name":"Learning","IsGuestPage":false,"ParameterJSON":null,"Personalization":null,"Url":"#/dash/learning","path":"dash/learning","WebPartPageKey":null,"IsEnabled":true,"RPKey":null,"Priority":12,"WebParts":[{"Id":310,"ChromeStyle":7,"Definition":{"WebPartDefinitionKey":"Timeline","Title":"Timeline","Description":"Displays tasks, approvals, and other updates in a timeline view.","SubTitle":"Activity timeline","WebPartIconName":null,"WidgetNotificationMode":0,"WidgetDeeplinkUrlText":null,"CategoryName":"Common","IsWebPartEnabled":true,"TypeName":null,"WebPartServiceAgentInterfaceTypeName":null,"WebPartDefinitionXml":null,"HideWebPartHeader":false,"HideWebPartFooter":false,"IsFreeFlowing":false,"PillarKey":null,"ChromeStyle":7,"ParameterJSON":"{\"HeaderLinkIcon\":\"\",\"IsCustomEditor\":false,\"PreviewType\":\"timeline\"}","TemplatePath":"app/modules/dashboard/views/webparts/widgetTimeline.html","IsSystemLocked":false,"Category":{"Id":5,"Name":"Common","CategoryKey":"WebPartDefinition_Common","Description":"Common","ParentId":1,"OrdinalPosition":null},"Id":61},"HeaderColor":null,"IsHidden":false,"Layout":"{\"x\":33,\"y\":10,\"width\":50,\"height\":68,\"max-width\":10,\"max-height\":10}","OverrideTemplate":null,"ParameterJSON":"{\"HeaderLinkIcon\":\"\",\"IsCustomEditor\":false,\"PreviewType\":\"timeline\"}","SubTitle":"Activity timeline","SupportsFullScreen":true,"Title":"Timeline"},{"Id":487,"ChromeStyle":7,"Definition":{"WebPartDefinitionKey":"LM_MyLearning","Title":"My Learning","Description":"Provides user with graphical summary of their assigned training compliance status.","SubTitle":null,"WebPartIconName":null,"WidgetNotificationMode":0,"WidgetDeeplinkUrlText":null,"CategoryName":"Learning","IsWebPartEnabled":true,"TypeName":"SumTotal.SPPortal.WebParts.Core.Learning.MyLearning.MyLearning, SumTotal.SPPortal.WebParts, Version=1.0.0.0, Culture=neutral, PublicKeyToken=6b7f90fbd13cce01","WebPartServiceAgentInterfaceTypeName":"ILMWebPartContractAsync","WebPartDefinitionXml":null,"HideWebPartHeader":false,"HideWebPartFooter":true,"IsFreeFlowing":false,"PillarKey":"LM","ChromeStyle":7,"ParameterJSON":"{\"HeaderLinkIcon\":\"\",\"IsCustomEditor\":false,\"PreviewType\":\"html\"}","TemplatePath":"app/modules/dashboard/views/webparts/widgetMyLearning.html","IsSystemLocked":false,"Category":{"Id":8,"Name":"Learning","CategoryKey":"WebPartDefinition_Learning","Description":"Learning","ParentId":1,"OrdinalPosition":null},"Id":67},"HeaderColor":"","IsHidden":false,"Layout":"{\"x\":0,\"y\":0,\"width\":33,\"height\":16,\"max-width\":10,\"max-height\":10}","OverrideTemplate":null,"ParameterJSON":"{\"HeaderLinkIcon\":\"\",\"IsCustomEditor\":false,\"PreviewType\":\"html\"}","SubTitle":null,"SupportsFullScreen":true,"Title":null},{"Id":488,"ChromeStyle":7,"Definition":{"WebPartDefinitionKey":"LM_LearningTasks","Title":"Learning Tasks","Description":"Displays the user's pending tasks.","SubTitle":"Learning Tasks","WebPartIconName":null,"WidgetNotificationMode":0,"WidgetDeeplinkUrlText":null,"CategoryName":"Learning","IsWebPartEnabled":true,"TypeName":"SSumTotal.SPPortal.WebParts.Core.Learning.LearningTasks.LearningTasks, SumTotal.SPPortal.WebParts, Version=1.0.0.0, Culture=neutral, PublicKeyToken=6b7f90fbd13cce01","WebPartServiceAgentInterfaceTypeName":"ILMWebPartContractAsync","WebPartDefinitionXml":null,"HideWebPartHeader":false,"HideWebPartFooter":true,"IsFreeFlowing":false,"PillarKey":"LM","ChromeStyle":7,"ParameterJSON":"{\"HeaderLinkIcon\": \"\", \"IsCustomEditor\": false, \"PreviewType\" : \"table\"}","TemplatePath":"app/modules/dashboard/views/webparts/widgetLearningTasks.html","IsSystemLocked":false,"Category":{"Id":8,"Name":"Learning","CategoryKey":"WebPartDefinition_Learning","Description":"Learning","ParentId":1,"OrdinalPosition":null},"Id":68},"HeaderColor":"","IsHidden":false,"Layout":"{\"x\":33,\"y\":0,\"width\":50,\"height\":10}","OverrideTemplate":null,"ParameterJSON":"{\"HeaderLinkIcon\":\"\",\"IsCustomEditor\":false,\"MessagesConfig\":{\"MessageCount\":\"count\",\"MessageData\":[\"date\",\"subject\",\"url\"]},\"PreviewType\":\"table\"}","SubTitle":"Learning Tasks","SupportsFullScreen":true,"Title":null},{"Id":491,"ChromeStyle":7,"Definition":{"WebPartDefinitionKey":"LM_MyMessages","Title":"My Messages","Description":"Highlights the five most recent unread learning  notifications.","SubTitle":"Recent messages I have received","WebPartIconName":null,"WidgetNotificationMode":1,"WidgetDeeplinkUrlText":"View All Messages","CategoryName":"Learning","IsWebPartEnabled":true,"TypeName":"SumTotal.SPPortal.WebParts.Core.Learning.MyMessages.MyMessages, SumTotal.SPPortal.WebParts, Version=1.0.0.0, Culture=neutral, PublicKeyToken=6b7f90fbd13cce01","WebPartServiceAgentInterfaceTypeName":"ILMWebPartContractAsync","WebPartDefinitionXml":null,"HideWebPartHeader":false,"HideWebPartFooter":true,"IsFreeFlowing":false,"PillarKey":"LM","ChromeStyle":7,"ParameterJSON":"{\"HeaderLinkIcon\": \"\", \"IsCustomEditor\": false, \"MessagesConfig\":{ \"MessageCount\":\"count\", \"MessageData\":[\"date\", \"subject\", \"url\"]}, \"PreviewType\":\"messages\"}","TemplatePath":"app/modules/dashboard/views/webparts/widgetMyMessages.html","IsSystemLocked":false,"Category":{"Id":8,"Name":"Learning","CategoryKey":"WebPartDefinition_Learning","Description":"Learning","ParentId":1,"OrdinalPosition":null},"Id":4},"HeaderColor":"","IsHidden":false,"Layout":"{\"x\":0,\"y\":16,\"width\":33,\"height\":20,\"max-width\":10,\"max-height\":10}","OverrideTemplate":null,"ParameterJSON":"{\"HeaderLinkIcon\":\"\",\"IsCustomEditor\":false,\"PreviewType\":\"messages\",\"MessagesConfig\":{\"MessageCount\":\"count\",\"MessageData\":[\"date\",\"subject\",\"url\"]}}","SubTitle":"Recent messages I have received","SupportsFullScreen":true,"Title":null}],"CanAddPage":false,"CanEditPage":false,"CanDeletePage":false,"CanPersonalizePage":true}],"IsSystemLocked":true,"IsEnabled":true,"RPKey":null,"CanViewDashboard":true,"CanAddDashboard":false,"CanEditDashboard":false,"CanDeleteDashboard":false,"CanPersonalizeDashboard":true},{"Id":14,"DefaultPage":{"Id":4,"title":null,"Description":"Profile","IsSystemLocked":true,"Name":"Profile","IsGuestPage":false,"ParameterJSON":null,"Personalization":null,"Url":"#/dash/profile","path":null,"WebPartPageKey":null,"IsEnabled":true,"RPKey":null,"Priority":0,"WebParts":[],"CanAddPage":false,"CanEditPage":false,"CanDeletePage":false,"CanPersonalizePage":false},"Description":"Profile","Name":"Profile","Url":"#/dash/profile","WebPartPageDefinitionKey":null,"WebPartPages":[{"Id":4,"title":"Profile","Description":"Profile","IsSystemLocked":true,"Name":"Profile","IsGuestPage":false,"ParameterJSON":null,"Personalization":null,"Url":"#/dash/profile","path":"dash/profile","WebPartPageKey":null,"IsEnabled":true,"RPKey":null,"Priority":0,"WebParts":[],"CanAddPage":false,"CanEditPage":false,"CanDeletePage":false,"CanPersonalizePage":true},{"Id":191,"title":"Public Profile View - Manager","Description":"Public Profile View - Manager","IsSystemLocked":true,"Name":"Public Profile View - Manager","IsGuestPage":false,"ParameterJSON":null,"Personalization":null,"Url":"#/dash/profile/publicProfileManager","path":"dash/profile/publicProfileManager","WebPartPageKey":null,"IsEnabled":true,"RPKey":null,"Priority":0,"WebParts":[{"Id":319,"ChromeStyle":0,"Definition":{"WebPartDefinitionKey":"About_Me","Title":"About Me","Description":"Displays key profile information about the employee.","SubTitle":"Photo, email and employment information","WebPartIconName":null,"WidgetNotificationMode":0,"WidgetDeeplinkUrlText":"View my profile","CategoryName":"Common","IsWebPartEnabled":true,"TypeName":"SumTotal.SPPortal.WebParts.Core.MySelf.AboutMe.AboutMe, SumTotal.SPPortal.WebParts, Version=1.0.0.0, Culture=neutral, PublicKeyToken=6b7f90fbd13cce01","WebPartServiceAgentInterfaceTypeName":null,"WebPartDefinitionXml":null,"HideWebPartHeader":true,"HideWebPartFooter":true,"IsFreeFlowing":false,"PillarKey":null,"ChromeStyle":7,"ParameterJSON":"{\"HeaderLinkIcon\":\"\",\"IsCustomEditor\":false,\"PreviewType\":\"aboutme\"}","TemplatePath":"app/modules/dashboard/views/webparts/widgetAboutMe.html","IsSystemLocked":false,"Category":{"Id":5,"Name":"Common","CategoryKey":"WebPartDefinition_Common","Description":"Common","ParentId":1,"OrdinalPosition":null},"Id":43},"HeaderColor":null,"IsHidden":false,"Layout":"{\"x\":0,\"y\":\"0\",\"width\":33,\"height\":20}","OverrideTemplate":null,"ParameterJSON":"{\"HeaderLinkIcon\":\"\",\"IsCustomEditor\":false,\"PreviewType\":\"aboutme\"}","SubTitle":"Photo, email and employment information","SupportsFullScreen":true,"Title":null},{"Id":320,"ChromeStyle":7,"Definition":{"WebPartDefinitionKey":"Timeline","Title":"Timeline","Description":"Displays tasks, approvals, and other updates in a timeline view.","SubTitle":"Activity timeline","WebPartIconName":null,"WidgetNotificationMode":0,"WidgetDeeplinkUrlText":null,"CategoryName":"Common","IsWebPartEnabled":true,"TypeName":null,"WebPartServiceAgentInterfaceTypeName":null,"WebPartDefinitionXml":null,"HideWebPartHeader":false,"HideWebPartFooter":false,"IsFreeFlowing":false,"PillarKey":null,"ChromeStyle":7,"ParameterJSON":"{\"HeaderLinkIcon\":\"\",\"IsCustomEditor\":false,\"PreviewType\":\"timeline\"}","TemplatePath":"app/modules/dashboard/views/webparts/widgetTimeline.html","IsSystemLocked":false,"Category":{"Id":5,"Name":"Common","CategoryKey":"WebPartDefinition_Common","Description":"Common","ParentId":1,"OrdinalPosition":null},"Id":61},"HeaderColor":null,"IsHidden":false,"Layout":"{\"x\":0,\"y\":33,\"width\":33,\"height\":62,\"max-width\":10,\"max-height\":10}","OverrideTemplate":null,"ParameterJSON":"{\"HeaderLinkIcon\":\"\",\"IsCustomEditor\":false,\"PreviewType\":\"timeline\"}","SubTitle":"Activity timeline","SupportsFullScreen":true,"Title":null},{"Id":321,"ChromeStyle":7,"Definition":{"WebPartDefinitionKey":"Direct_Reports","Title":"Direct Reports","Description":"Listing of your direct reports.","SubTitle":"Direct Reports","WebPartIconName":null,"WidgetNotificationMode":0,"WidgetDeeplinkUrlText":null,"CategoryName":"Common","IsWebPartEnabled":true,"TypeName":null,"WebPartServiceAgentInterfaceTypeName":null,"WebPartDefinitionXml":null,"HideWebPartHeader":false,"HideWebPartFooter":true,"IsFreeFlowing":false,"PillarKey":null,"ChromeStyle":7,"ParameterJSON":"{\"HeaderLinkIcon\":\"DirectReports\",\"IsCustomEditor\":false,\"PreviewType\":\"table\"}","TemplatePath":"app/modules/dashboard/views/webparts/widgetDirectReports.html","IsSystemLocked":false,"Category":{"Id":5,"Name":"Common","CategoryKey":"WebPartDefinition_Common","Description":"Common","ParentId":1,"OrdinalPosition":null},"Id":63},"HeaderColor":null,"IsHidden":false,"Layout":"{\"x\":34,\"y\":0,\"width\":66,\"height\":33}","OverrideTemplate":null,"ParameterJSON":"{\"HeaderLinkIcon\":\"DirectReports\",\"IsCustomEditor\":false,\"PreviewType\":\"table\"}","SubTitle":"Direct Reports","SupportsFullScreen":true,"Title":null}],"CanAddPage":false,"CanEditPage":false,"CanDeletePage":false,"CanPersonalizePage":true},{"Id":192,"title":"Public Profile View - Employee","Description":"Public Profile View - Employee","IsSystemLocked":true,"Name":"Public Profile View - Employee","IsGuestPage":false,"ParameterJSON":null,"Personalization":null,"Url":"#/dash/profile/publicProfileEmployee","path":"dash/profile/publicProfileEmployee","WebPartPageKey":null,"IsEnabled":true,"RPKey":null,"Priority":0,"WebParts":[{"Id":317,"ChromeStyle":7,"Definition":{"WebPartDefinitionKey":"Timeline","Title":"Timeline","Description":"Displays tasks, approvals, and other updates in a timeline view.","SubTitle":"Activity timeline","WebPartIconName":null,"WidgetNotificationMode":0,"WidgetDeeplinkUrlText":null,"CategoryName":"Common","IsWebPartEnabled":true,"TypeName":null,"WebPartServiceAgentInterfaceTypeName":null,"WebPartDefinitionXml":null,"HideWebPartHeader":false,"HideWebPartFooter":false,"IsFreeFlowing":false,"PillarKey":null,"ChromeStyle":7,"ParameterJSON":"{\"HeaderLinkIcon\":\"\",\"IsCustomEditor\":false,\"PreviewType\":\"timeline\"}","TemplatePath":"app/modules/dashboard/views/webparts/widgetTimeline.html","IsSystemLocked":false,"Category":{"Id":5,"Name":"Common","CategoryKey":"WebPartDefinition_Common","Description":"Common","ParentId":1,"OrdinalPosition":null},"Id":61},"HeaderColor":null,"IsHidden":false,"Layout":"{\"x\":0,\"y\":33,\"width\":33,\"height\":62,\"max-width\":10,\"max-height\":10}","OverrideTemplate":null,"ParameterJSON":"{\"HeaderLinkIcon\":\"\",\"IsCustomEditor\":false,\"PreviewType\":\"timeline\"}","SubTitle":"Activity timeline","SupportsFullScreen":true,"Title":null},{"Id":318,"ChromeStyle":0,"Definition":{"WebPartDefinitionKey":"About_Me","Title":"About Me","Description":"Displays key profile information about the employee.","SubTitle":"Photo, email and employment information","WebPartIconName":null,"WidgetNotificationMode":0,"WidgetDeeplinkUrlText":"View my profile","CategoryName":"Common","IsWebPartEnabled":true,"TypeName":"SumTotal.SPPortal.WebParts.Core.MySelf.AboutMe.AboutMe, SumTotal.SPPortal.WebParts, Version=1.0.0.0, Culture=neutral, PublicKeyToken=6b7f90fbd13cce01","WebPartServiceAgentInterfaceTypeName":null,"WebPartDefinitionXml":null,"HideWebPartHeader":true,"HideWebPartFooter":true,"IsFreeFlowing":false,"PillarKey":null,"ChromeStyle":7,"ParameterJSON":"{\"HeaderLinkIcon\":\"\",\"IsCustomEditor\":false,\"PreviewType\":\"aboutme\"}","TemplatePath":"app/modules/dashboard/views/webparts/widgetAboutMe.html","IsSystemLocked":false,"Category":{"Id":5,"Name":"Common","CategoryKey":"WebPartDefinition_Common","Description":"Common","ParentId":1,"OrdinalPosition":null},"Id":43},"HeaderColor":null,"IsHidden":false,"Layout":"{\"x\":0,\"y\":\"0\",\"width\":33,\"height\":20}","OverrideTemplate":null,"ParameterJSON":"{\"HeaderLinkIcon\":\"\",\"IsCustomEditor\":false,\"PreviewType\":\"aboutme\"}","SubTitle":"Photo, email and employment information","SupportsFullScreen":true,"Title":null}],"CanAddPage":false,"CanEditPage":false,"CanDeletePage":false,"CanPersonalizePage":true},{"Id":193,"title":"Personal Profile View - Employee","Description":"Personal Profile View - Employee","IsSystemLocked":true,"Name":"Personal Profile View - Employee","IsGuestPage":false,"ParameterJSON":null,"Personalization":null,"Url":"#/dash/profile/personalProfileEmployee","path":"dash/profile/personalProfileEmployee","WebPartPageKey":null,"IsEnabled":true,"RPKey":null,"Priority":34,"WebParts":[{"Id":315,"ChromeStyle":7,"Definition":{"WebPartDefinitionKey":"Timeline","Title":"Timeline","Description":"Displays tasks, approvals, and other updates in a timeline view.","SubTitle":"Activity timeline","WebPartIconName":null,"WidgetNotificationMode":0,"WidgetDeeplinkUrlText":null,"CategoryName":"Common","IsWebPartEnabled":true,"TypeName":null,"WebPartServiceAgentInterfaceTypeName":null,"WebPartDefinitionXml":null,"HideWebPartHeader":false,"HideWebPartFooter":false,"IsFreeFlowing":false,"PillarKey":null,"ChromeStyle":7,"ParameterJSON":"{\"HeaderLinkIcon\":\"\",\"IsCustomEditor\":false,\"PreviewType\":\"timeline\"}","TemplatePath":"app/modules/dashboard/views/webparts/widgetTimeline.html","IsSystemLocked":false,"Category":{"Id":5,"Name":"Common","CategoryKey":"WebPartDefinition_Common","Description":"Common","ParentId":1,"OrdinalPosition":null},"Id":61},"HeaderColor":null,"IsHidden":false,"Layout":"{\"x\":0,\"y\":41,\"width\":28,\"height\":27,\"max-width\":10,\"max-height\":10}","OverrideTemplate":null,"ParameterJSON":"{\"HeaderLinkIcon\":\"\",\"IsCustomEditor\":false,\"PreviewType\":\"timeline\"}","SubTitle":"Activity timeline","SupportsFullScreen":true,"Title":null},{"Id":316,"ChromeStyle":7,"Definition":{"WebPartDefinitionKey":"Key_Measures","Title":"Key Measures","Description":"Displays key performance measures for a user.","SubTitle":"Key Measures","WebPartIconName":null,"WidgetNotificationMode":0,"WidgetDeeplinkUrlText":null,"CategoryName":"Common","IsWebPartEnabled":true,"TypeName":null,"WebPartServiceAgentInterfaceTypeName":null,"WebPartDefinitionXml":null,"HideWebPartHeader":false,"HideWebPartFooter":true,"IsFreeFlowing":false,"PillarKey":null,"ChromeStyle":7,"ParameterJSON":"{\"HeaderLinkIcon\":\"\",\"IsCustomEditor\":false,\"PreviewType\":\"claw\"}","TemplatePath":"app/modules/dashboard/views/webparts/widgetKeyMeasures.html","IsSystemLocked":false,"Category":{"Id":5,"Name":"Common","CategoryKey":"WebPartDefinition_Common","Description":"Common","ParentId":1,"OrdinalPosition":null},"Id":62},"HeaderColor":null,"IsHidden":false,"Layout":"{\"x\":33,\"y\":0,\"width\":67,\"height\":20,\"max-width\":10,\"max-height\":10}","OverrideTemplate":null,"ParameterJSON":"{\"HeaderLinkIcon\":\"\",\"IsCustomEditor\":false,\"PreviewType\":\"claw\"}","SubTitle":"Key Measures","SupportsFullScreen":true,"Title":null},{"Id":415,"ChromeStyle":7,"Definition":{"WebPartDefinitionKey":"About_Me","Title":"About Me","Description":"Displays key profile information about the employee.","SubTitle":"Photo, email and employment information","WebPartIconName":null,"WidgetNotificationMode":0,"WidgetDeeplinkUrlText":"View my profile","CategoryName":"Common","IsWebPartEnabled":true,"TypeName":"SumTotal.SPPortal.WebParts.Core.MySelf.AboutMe.AboutMe, SumTotal.SPPortal.WebParts, Version=1.0.0.0, Culture=neutral, PublicKeyToken=6b7f90fbd13cce01","WebPartServiceAgentInterfaceTypeName":null,"WebPartDefinitionXml":null,"HideWebPartHeader":true,"HideWebPartFooter":true,"IsFreeFlowing":false,"PillarKey":null,"ChromeStyle":7,"ParameterJSON":"{\"HeaderLinkIcon\":\"\",\"IsCustomEditor\":false,\"PreviewType\":\"aboutme\"}","TemplatePath":"app/modules/dashboard/views/webparts/widgetAboutMe.html","IsSystemLocked":false,"Category":{"Id":5,"Name":"Common","CategoryKey":"WebPartDefinition_Common","Description":"Common","ParentId":1,"OrdinalPosition":null},"Id":43},"HeaderColor":"","IsHidden":false,"Layout":"{\"x\":0,\"y\":0,\"width\":30,\"height\":21}","OverrideTemplate":null,"ParameterJSON":"{\"HeaderLinkIcon\":\"\",\"IsCustomEditor\":false,\"PreviewType\":\"aboutme\"}","SubTitle":"Photo, email and employment information","SupportsFullScreen":true,"Title":null},{"Id":416,"ChromeStyle":7,"Definition":{"WebPartDefinitionKey":"LM_Recommendation","Title":"Recommended Courses","Description":"Displays recommended learning based on your interests, your required skills, and suggestions from others in your organization.","SubTitle":null,"WebPartIconName":null,"WidgetNotificationMode":0,"WidgetDeeplinkUrlText":null,"CategoryName":"Learning","IsWebPartEnabled":true,"TypeName":null,"WebPartServiceAgentInterfaceTypeName":null,"WebPartDefinitionXml":null,"HideWebPartHeader":false,"HideWebPartFooter":true,"IsFreeFlowing":false,"PillarKey":"LM","ChromeStyle":7,"ParameterJSON":"{\"HeaderLinkIcon\":\"\",\"IsCustomEditor\":false,\"PreviewType\":\"table\"}","TemplatePath":"app/modules/dashboard/views/webparts/widgetRecommendation.html","IsSystemLocked":false,"Category":{"Id":8,"Name":"Learning","CategoryKey":"WebPartDefinition_Learning","Description":"Learning","ParentId":1,"OrdinalPosition":null},"Id":70},"HeaderColor":"","IsHidden":false,"Layout":"{\"x\":33,\"y\":41,\"width\":66,\"height\":20}","OverrideTemplate":null,"ParameterJSON":"{\"HeaderLinkIcon\":\"\",\"IsCustomEditor\":false,\"PreviewType\":\"table\"}","SubTitle":null,"SupportsFullScreen":true,"Title":null},{"Id":505,"ChromeStyle":7,"Definition":{"WebPartDefinitionKey":"HRMS_AddrInfo","Title":"HR Management Address Information","Description":"Displays address information of current user","SubTitle":"Get address information of current user","WebPartIconName":null,"WidgetNotificationMode":0,"WidgetDeeplinkUrlText":null,"CategoryName":"Talent","IsWebPartEnabled":true,"TypeName":"SumTotal.SPPortal.WebParts.Core.HRMS.HRMSAddrInfo.HRMSAddrInfo, SumTotal.SPPortal.WebParts, Version=1.0.0.0, Culture=neutral, PublicKeyToken=6b7f90fbd13cce01","WebPartServiceAgentInterfaceTypeName":"IHRMSWebPartContractAsync","WebPartDefinitionXml":null,"HideWebPartHeader":false,"HideWebPartFooter":true,"IsFreeFlowing":false,"PillarKey":"TM","ChromeStyle":7,"ParameterJSON":"{\"HeaderLinkIcon\":\"\",\"IsCustomEditor\":false,\"PreviewType\":\"table\"}","TemplatePath":"app/modules/dashboard/views/webparts/widgetHRMSAddressInfo.html","IsSystemLocked":false,"Category":{"Id":6,"Name":"Talent","CategoryKey":"WebPartDefinition_Talent","Description":"Talent","ParentId":1,"OrdinalPosition":null},"Id":57},"HeaderColor":"","IsHidden":false,"Layout":"{\"x\":55,\"y\":20,\"width\":45,\"height\":20}","OverrideTemplate":null,"ParameterJSON":"{\"HeaderLinkIcon\":\"\",\"IsCustomEditor\":false,\"PreviewType\":\"table\"}","SubTitle":"Get address information of current user","SupportsFullScreen":true,"Title":null},{"Id":506,"ChromeStyle":7,"Definition":{"WebPartDefinitionKey":"HRMS_Demographics","Title":"HR Management Demographics","Description":"Displays basic personal information of the current user.","SubTitle":"Get HRMS demographics of current user","WebPartIconName":null,"WidgetNotificationMode":0,"WidgetDeeplinkUrlText":null,"CategoryName":"Talent","IsWebPartEnabled":true,"TypeName":"SumTotal.SPPortal.WebParts.Core.HRMS.HRMSDemographics.HRMSDemographics, SumTotal.SPPortal.WebParts, Version=1.0.0.0, Culture=neutral, PublicKeyToken=6b7f90fbd13cce01","WebPartServiceAgentInterfaceTypeName":"IHRMSWebPartContractAsync","WebPartDefinitionXml":null,"HideWebPartHeader":false,"HideWebPartFooter":true,"IsFreeFlowing":false,"PillarKey":"TM","ChromeStyle":7,"ParameterJSON":"{\"HeaderLinkIcon\":\"\",\"IsCustomEditor\":false,\"PreviewType\":\"table\"}","TemplatePath":"app/modules/dashboard/views/webparts/widgetHRMSDemographics.html","IsSystemLocked":false,"Category":{"Id":6,"Name":"Talent","CategoryKey":"WebPartDefinition_Talent","Description":"Talent","ParentId":1,"OrdinalPosition":null},"Id":56},"HeaderColor":"","IsHidden":false,"Layout":"{\"x\":1,\"y\":21,\"width\":45,\"height\":20}","OverrideTemplate":null,"ParameterJSON":"{\"HeaderLinkIcon\":\"\",\"IsCustomEditor\":false,\"PreviewType\":\"table\"}","SubTitle":"Get HRMS demographics of current user","SupportsFullScreen":true,"Title":null},{"Id":510,"ChromeStyle":7,"Definition":{"WebPartDefinitionKey":"LM_Categories","Title":"Browse By Topic","Description":"Display all topics, can browse activities through selected topic.","SubTitle":"Browse By Topic","WebPartIconName":null,"WidgetNotificationMode":0,"WidgetDeeplinkUrlText":"View All Categories","CategoryName":"Learning","IsWebPartEnabled":true,"TypeName":null,"WebPartServiceAgentInterfaceTypeName":"ILMWebPartContractAsync","WebPartDefinitionXml":null,"HideWebPartHeader":false,"HideWebPartFooter":false,"IsFreeFlowing":false,"PillarKey":"LM","ChromeStyle":7,"ParameterJSON":"{\"HeaderLinkIcon\":\"\",\"IsCustomEditor\":false,\"PreviewType\":\"table\"}","TemplatePath":"app/modules/dashboard/views/webparts/widgetCatalogBrowseByCategory.html","IsSystemLocked":false,"Category":{"Id":8,"Name":"Learning","CategoryKey":"WebPartDefinition_Learning","Description":"Learning","ParentId":1,"OrdinalPosition":null},"Id":80},"HeaderColor":"","IsHidden":false,"Layout":"{\"x\":30,\"y\":61,\"width\":25,\"height\":20}","OverrideTemplate":null,"ParameterJSON":"{\"HeaderLinkIcon\":\"\",\"IsCustomEditor\":false,\"PreviewType\":\"table\",\"noScroll\":true}","SubTitle":"Browse By Topic","SupportsFullScreen":true,"Title":null},{"Id":516,"ChromeStyle":7,"Definition":{"WebPartDefinitionKey":"LM_Categories","Title":"Browse By Topic","Description":"Display all topics, can browse activities through selected topic.","SubTitle":"Browse By Topic","WebPartIconName":null,"WidgetNotificationMode":0,"WidgetDeeplinkUrlText":"View All Categories","CategoryName":"Learning","IsWebPartEnabled":true,"TypeName":null,"WebPartServiceAgentInterfaceTypeName":"ILMWebPartContractAsync","WebPartDefinitionXml":null,"HideWebPartHeader":false,"HideWebPartFooter":false,"IsFreeFlowing":false,"PillarKey":"LM","ChromeStyle":7,"ParameterJSON":"{\"HeaderLinkIcon\":\"\",\"IsCustomEditor\":false,\"PreviewType\":\"table\"}","TemplatePath":"app/modules/dashboard/views/webparts/widgetCatalogBrowseByCategory.html","IsSystemLocked":false,"Category":{"Id":8,"Name":"Learning","CategoryKey":"WebPartDefinition_Learning","Description":"Learning","ParentId":1,"OrdinalPosition":null},"Id":80},"HeaderColor":"","IsHidden":false,"Layout":"{\"x\":0,\"y\":68,\"width\":25,\"height\":20}","OverrideTemplate":null,"ParameterJSON":"{\"HeaderLinkIcon\":\"\",\"IsCustomEditor\":false,\"PreviewType\":\"table\"}","SubTitle":"Browse By Topic","SupportsFullScreen":true,"Title":null},{"Id":518,"ChromeStyle":7,"Definition":{"WebPartDefinitionKey":"LM_Categories","Title":"Browse By Topic","Description":"Display all topics, can browse activities through selected topic.","SubTitle":"Browse By Topic","WebPartIconName":null,"WidgetNotificationMode":0,"WidgetDeeplinkUrlText":"View All Categories","CategoryName":"Learning","IsWebPartEnabled":true,"TypeName":null,"WebPartServiceAgentInterfaceTypeName":"ILMWebPartContractAsync","WebPartDefinitionXml":null,"HideWebPartHeader":false,"HideWebPartFooter":false,"IsFreeFlowing":false,"PillarKey":"LM","ChromeStyle":7,"ParameterJSON":"{\"HeaderLinkIcon\":\"\",\"IsCustomEditor\":false,\"PreviewType\":\"table\"}","TemplatePath":"app/modules/dashboard/views/webparts/widgetCatalogBrowseByCategory.html","IsSystemLocked":false,"Category":{"Id":8,"Name":"Learning","CategoryKey":"WebPartDefinition_Learning","Description":"Learning","ParentId":1,"OrdinalPosition":null},"Id":80},"HeaderColor":"","IsHidden":false,"Layout":"{\"x\":null,\"y\":null,\"width\":25,\"height\":20}","OverrideTemplate":null,"ParameterJSON":"{\"HeaderLinkIcon\":\"\",\"IsCustomEditor\":false,\"PreviewType\":\"table\"}","SubTitle":"Browse By Topic","SupportsFullScreen":true,"Title":null}],"CanAddPage":false,"CanEditPage":false,"CanDeletePage":false,"CanPersonalizePage":true},{"Id":194,"title":"Personal Profile View - Manager","Description":"Personal Profile View - Manager","IsSystemLocked":true,"Name":"Personal Profile View - Manager","IsGuestPage":false,"ParameterJSON":null,"Personalization":null,"Url":"#/dash/profile/personalProfileManager","path":"dash/profile/personalProfileManager","WebPartPageKey":null,"IsEnabled":true,"RPKey":null,"Priority":20,"WebParts":[{"Id":532,"ChromeStyle":7,"Definition":{"WebPartDefinitionKey":"Common_ContentEditor","Title":"Content Editor","Description":"Enables users to add custom HTML to a dashboard.","SubTitle":"Content Editor Widget","WebPartIconName":null,"WidgetNotificationMode":0,"WidgetDeeplinkUrlText":null,"CategoryName":"Common","IsWebPartEnabled":true,"TypeName":null,"WebPartServiceAgentInterfaceTypeName":null,"WebPartDefinitionXml":null,"HideWebPartHeader":false,"HideWebPartFooter":true,"IsFreeFlowing":false,"PillarKey":null,"ChromeStyle":7,"ParameterJSON":"{\"HeaderLinkIcon\":\"\",\"IsCustomEditor\":true,\"PreviewType\":\"iframe\"}","TemplatePath":"app/modules/dashboard/views/webparts/widgetContentEditor.html","IsSystemLocked":false,"Category":{"Id":5,"Name":"Common","CategoryKey":"WebPartDefinition_Common","Description":"Common","ParentId":1,"OrdinalPosition":null},"Id":60},"HeaderColor":"","IsHidden":false,"Layout":"{\"x\":0,\"y\":0,\"width\":25,\"height\":20}","OverrideTemplate":null,"ParameterJSON":"{\"HeaderLinkIcon\":\"\",\"IsCustomEditor\":true,\"PreviewType\":\"iframe\"}","SubTitle":"Content Editor Widget","SupportsFullScreen":true,"Title":null}],"CanAddPage":false,"CanEditPage":false,"CanDeletePage":false,"CanPersonalizePage":true}],"IsSystemLocked":true,"IsEnabled":true,"RPKey":null,"CanViewDashboard":true,"CanAddDashboard":false,"CanEditDashboard":false,"CanDeleteDashboard":false,"CanPersonalizeDashboard":true},{"Id":17,"DefaultPage":{"Id":190,"title":null,"Description":"First Time Experience desc","IsSystemLocked":true,"Name":"First Time Experience","IsGuestPage":false,"ParameterJSON":null,"Personalization":null,"Url":"#/dash/fte","path":null,"WebPartPageKey":null,"IsEnabled":true,"RPKey":null,"Priority":59,"WebParts":[{"Id":301,"ChromeStyle":7,"Definition":{"WebPartDefinitionKey":"Find_Video","Title":"Find a Video","Description":"Provides a launching point to search for videos in the learning library.","SubTitle":null,"WebPartIconName":null,"WidgetNotificationMode":0,"WidgetDeeplinkUrlText":null,"CategoryName":"Enterprise Search Configuration","IsWebPartEnabled":true,"TypeName":null,"WebPartServiceAgentInterfaceTypeName":null,"WebPartDefinitionXml":null,"HideWebPartHeader":false,"HideWebPartFooter":false,"IsFreeFlowing":false,"PillarKey":null,"ChromeStyle":7,"ParameterJSON":"{\"HeaderLinkIcon\":\"\",\"IsCustomEditor\":false,\"PreviewType\":\"search\",\"WidgetContent\":[{\"contentItem\":\"ENTERPRISE_SEARCH_FIND_VIDEO_CONTENT_ITEM\",\"contentDescription\":\"ENTERPRISE_SEARCH_FIND_VIDEO_CONTENT_DESC\",\"isLink\":false},{\"contentItem\":\"ENTERPRISE_SEARCH_FIND_VIDEO_CONTENT_ITEM_TWO\",\"contentDescription\":\"ENTERPRISE_SEARCH_FIND_VIDEO_CONTENT_DESC_TWO\",\"contentLink\":\"ENTERPRISE_SEARCH_LEARNER_DASHBOARD_LINK\",\"isLink\":true,\"link\":\"/dash/learning\"}],\"icon\":\"fa-video-camera\",\"catalogItem\":\"Video\"}","TemplatePath":"app/modules/dashboard/views/searchWidgets/findVideo.html","IsSystemLocked":false,"Category":{"Id":28,"Name":"Enterprise Search Configuration","CategoryKey":"ENTERPRISE_SEARCH","Description":"The category for enterprise search settings","ParentId":0,"OrdinalPosition":"1"},"Id":73},"HeaderColor":null,"IsHidden":false,"Layout":"{\"y\":0,\"x\":1,\"row\":1,\"col\":1}","OverrideTemplate":null,"ParameterJSON":"{\"HeaderLinkIcon\":\"\",\"IsCustomEditor\":false,\"PreviewType\":\"search\",\"WidgetContent\":[{\"contentItem\":\"translationFactory.current.ENTERPRISE_SEARCH_FIND_VIDEO_CONTENT_ITEM\",\"contentDescription\":\"translationFactory.current.ENTERPRISE_SEARCH_FIND_VIDEO_CONTENT_DESC\",\"isLink\":false},{\"contentItem\":\"translationFactory.current.ENTERPRISE_SEARCH_FIND_VIDEO_CONTENT_ITEM_TWO\",\"contentDescription\":\"translationFactory.current.ENTERPRISE_SEARCH_FIND_VIDEO_CONTENT_DESC_TWO\",\"contentLink\":\"translationFactory.current.ENTERPRISE_SEARCH_LEARNER_DASHBOARD_LINK\",\"isLink\":true,\"link\":\"/dash/learning\"}],\"icon\":\"fa-video-camera\",\"catalogItem\":\"Video\"}","SubTitle":null,"SupportsFullScreen":true,"Title":null},{"Id":302,"ChromeStyle":7,"Definition":{"WebPartDefinitionKey":"Find_Person","Title":"Find another Person","Description":"Provides a launching point to search for people.","SubTitle":null,"WebPartIconName":null,"WidgetNotificationMode":0,"WidgetDeeplinkUrlText":null,"CategoryName":"Enterprise Search Configuration","IsWebPartEnabled":true,"TypeName":null,"WebPartServiceAgentInterfaceTypeName":null,"WebPartDefinitionXml":null,"HideWebPartHeader":false,"HideWebPartFooter":false,"IsFreeFlowing":false,"PillarKey":null,"ChromeStyle":7,"ParameterJSON":"{\"HeaderLinkIcon\":\"\",\"IsCustomEditor\":false,\"PreviewType\":\"search\",\"WidgetContent\":[{\"contentItem\":\"ENTERPRISE_SEARCH_FIND_PERSON_CONTENT_ITEM\",\"contentDescription\":\"ENTERPRISE_SEARCH_FIND_PERSON_CONTENT_DESC\",\"isLink\":false}],\"icon\":\"fa-users\"}","TemplatePath":"app/modules/dashboard/views/searchWidgets/findPerson.html","IsSystemLocked":false,"Category":{"Id":28,"Name":"Enterprise Search Configuration","CategoryKey":"ENTERPRISE_SEARCH","Description":"The category for enterprise search settings","ParentId":0,"OrdinalPosition":"1"},"Id":74},"HeaderColor":null,"IsHidden":false,"Layout":"{\"y\":0,\"x\":2,\"row\":0,\"col\":2}","OverrideTemplate":null,"ParameterJSON":"{\"HeaderLinkIcon\":\"\",\"IsCustomEditor\":false,\"PreviewType\":\"search\",\"WidgetContent\":[{\"contentItem\":\"translationFactory.current.ENTERPRISE_SEARCH_FIND_PERSON_CONTENT_ITEM\",\"contentDescription\":\"translationFactory.current.ENTERPRISE_SEARCH_FIND_PERSON_CONTENT_DESC\",\"isLink\":false}],\"icon\":\"fa-users\"}","SubTitle":null,"SupportsFullScreen":true,"Title":null},{"Id":329,"ChromeStyle":7,"Definition":{"WebPartDefinitionKey":"Find_Job","Title":"Find A Job","Description":"Here are a few different ways to find a job:","SubTitle":null,"WebPartIconName":null,"WidgetNotificationMode":0,"WidgetDeeplinkUrlText":null,"CategoryName":"Enterprise Search Configuration","IsWebPartEnabled":true,"TypeName":null,"WebPartServiceAgentInterfaceTypeName":null,"WebPartDefinitionXml":null,"HideWebPartHeader":false,"HideWebPartFooter":false,"IsFreeFlowing":false,"PillarKey":null,"ChromeStyle":7,"ParameterJSON":"{\"HeaderLinkIcon\":\"\",\"IsCustomEditor\":false,\"PreviewType\":\"search\",\"WidgetContent\":[{\"contentItem\":\"ENTERPRISE_SEARCH_FIND_JOB_CONTENT_ITEM\",\"isLink\":true},{\"contentItem\":\"ENTERPRISE_SEARCH_FIND_JOB_CONTENT_ITEM_TWO\",\"contentDescription\":\"ENTERPRISE_SEARCH_FIND_JOB_CONTENT_DESC_TWO\",\"isLink\":false}],\"icon\":\"fa-search\"}","TemplatePath":"app/modules/dashboard/views/searchWidgets/findJob.html","IsSystemLocked":false,"Category":{"Id":28,"Name":"Enterprise Search Configuration","CategoryKey":"ENTERPRISE_SEARCH","Description":"The category for enterprise search settings","ParentId":0,"OrdinalPosition":"1"},"Id":86},"HeaderColor":null,"IsHidden":false,"Layout":"{\"y\":1,\"x\":1,\"row\":1,\"col\":0}","OverrideTemplate":null,"ParameterJSON":"{\"HeaderLinkIcon\":\"\",\"IsCustomEditor\":false,\"PreviewType\":\"search\",\"WidgetContent\":[{\"contentItem\":\"translationFactory.current.ENTERPRISE_SEARCH_FIND_JOB_CONTENT_ITEM\",\"isLink\":true},{\"contentItem\":\"translationFactory.current.ENTERPRISE_SEARCH_FIND_JOB_CONTENT_ITEM_TWO\",\"contentDescription\":\"translationFactory.current.ENTERPRISE_SEARCH_FIND_JOB_CONTENT_DESC_TWO\",\"isLink\":false}],\"icon\":\"fa-search\"}","SubTitle":null,"SupportsFullScreen":true,"Title":"Find A Job"},{"Id":383,"ChromeStyle":7,"Definition":{"WebPartDefinitionKey":"Edit_Profile","Title":"Edit Your Profile","Description":"Edit your profile.","SubTitle":null,"WebPartIconName":null,"WidgetNotificationMode":0,"WidgetDeeplinkUrlText":null,"CategoryName":"Enterprise Search Configuration","IsWebPartEnabled":true,"TypeName":null,"WebPartServiceAgentInterfaceTypeName":null,"WebPartDefinitionXml":null,"HideWebPartHeader":false,"HideWebPartFooter":false,"IsFreeFlowing":false,"PillarKey":null,"ChromeStyle":7,"ParameterJSON":"{\"HeaderLinkIcon\":\"\",\"IsCustomEditor\":false,\"PreviewType\":\"search\",\"WidgetContent\":[{\"contentItem\":\"ENTERPRISE_SEARCH_EDIT_PROFILE_CONTENT_ITEM\",\"isLink\":true,\"link\":\"/dash/profile\"}],\"icon\":\"fa-user\"}","TemplatePath":"app/modules/dashboard/views/searchWidgets/editProfile.html","IsSystemLocked":false,"Category":{"Id":28,"Name":"Enterprise Search Configuration","CategoryKey":"ENTERPRISE_SEARCH","Description":"The category for enterprise search settings","ParentId":0,"OrdinalPosition":"1"},"Id":77},"HeaderColor":"","IsHidden":false,"Layout":"{\"x\":2,\"y\":1,\"width\":1,\"height\":1,\"max-width\":1,\"max-height\":1,\"row\":0,\"col\":1}","OverrideTemplate":null,"ParameterJSON":"{\"HeaderLinkIcon\":\"\",\"IsCustomEditor\":false,\"PreviewType\":\"search\",\"WidgetContent\":[{\"contentItem\":\"translationFactory.current.ENTERPRISE_SEARCH_EDIT_PROFILE_CONTENT_ITEM\",\"isLink\":true,\"link\":\"/dash/profile\"}],\"icon\":\"fa-user\"}","SubTitle":null,"SupportsFullScreen":false,"Title":null},{"Id":427,"ChromeStyle":7,"Definition":{"WebPartDefinitionKey":"Find_Report","Title":"Find a Report","Description":"Provides a launching point to search for reports.","SubTitle":null,"WebPartIconName":null,"WidgetNotificationMode":0,"WidgetDeeplinkUrlText":null,"CategoryName":"Enterprise Search Configuration","IsWebPartEnabled":true,"TypeName":null,"WebPartServiceAgentInterfaceTypeName":null,"WebPartDefinitionXml":null,"HideWebPartHeader":false,"HideWebPartFooter":false,"IsFreeFlowing":false,"PillarKey":null,"ChromeStyle":7,"ParameterJSON":"{\"HeaderLinkIcon\":\"\",\"IsCustomEditor\":false,\"PreviewType\":\"search\",\"WidgetContent\":[{\"contentItem\":\"ENTERPRISE_SEARCH_FIND_REPORT_CONTENT_ITEM\",\"isLink\":true},{\"contentItem\":\"ENTERPRISE_SEARCH_FIND_REPORT_CONTENT_ITEM_TWO\",\"contentDescription\":\"ENTERPRISE_SEARCH_FIND_REPORT_CONTENT_DESC_TWO\",\"isLink\":false}],\"icon\":\"fa-file-text-o\"}","TemplatePath":"app/modules/dashboard/views/searchWidgets/findReport.html","IsSystemLocked":false,"Category":{"Id":28,"Name":"Enterprise Search Configuration","CategoryKey":"ENTERPRISE_SEARCH","Description":"The category for enterprise search settings","ParentId":0,"OrdinalPosition":"1"},"Id":75},"HeaderColor":"","IsHidden":false,"Layout":"{\"col\":2,\"row\":1,\"size_x\":1,\"size_y\":1,\"max_sizex\":1,\"max_sizey\":1}","OverrideTemplate":null,"ParameterJSON":"{\"HeaderLinkIcon\":\"\",\"IsCustomEditor\":false,\"PreviewType\":\"search\",\"WidgetContent\":[{\"contentItem\":\"translationFactory.current.ENTERPRISE_SEARCH_FIND_REPORT_CONTENT_ITEM\",\"isLink\":true},{\"contentItem\":\"translationFactory.current.ENTERPRISE_SEARCH_FIND_REPORT_CONTENT_ITEM_TWO\",\"contentDescription\":\"translationFactory.current.ENTERPRISE_SEARCH_FIND_REPORT_CONTENT_DESC_TWO\",\"isLink\":false}],\"icon\":\"fa-file-text-o\"}","SubTitle":null,"SupportsFullScreen":false,"Title":"Find a Report"},{"Id":428,"ChromeStyle":7,"Definition":{"WebPartDefinitionKey":"Find_Activity","Title":"Find an Activity","Description":"Provides a launching point to search for courses.","SubTitle":null,"WebPartIconName":null,"WidgetNotificationMode":0,"WidgetDeeplinkUrlText":null,"CategoryName":"Enterprise Search Configuration","IsWebPartEnabled":true,"TypeName":null,"WebPartServiceAgentInterfaceTypeName":null,"WebPartDefinitionXml":null,"HideWebPartHeader":false,"HideWebPartFooter":false,"IsFreeFlowing":false,"PillarKey":null,"ChromeStyle":7,"ParameterJSON":"{\"HeaderLinkIcon\":\"\",\"IsCustomEditor\":false,\"PreviewType\":\"search\",\"WidgetContent\":[{\"contentItem\":\"ENTERPRISE_SEARCH_FIND_ACTIVITY_CONTENT_ITEM\",\"contentDescription\":\"ENTERPRISE_SEARCH_FIND_ACTIVITY_CONTENT_DESC\",\"isLink\":false},{\"contentItem\":\"ENTERPRISE_SEARCH_FIND_ACTIVITY_CONTENT_ITEM_TWO\",\"contentDescription\":\"ENTERPRISE_SEARCH_FIND_ACTIVITY_CONTENT_DESC_TWO\",\"contentLink\":\"ENTERPRISE_SEARCH_LEARNER_DASHBOARD_LINK\",\"isLink\":true,\"link\":\"/dash/learning\"}],\"icon\":\"fa-edit\",\"catalogItem\":\"Activity\"}","TemplatePath":"app/modules/dashboard/views/searchWidgets/findActivity.html","IsSystemLocked":false,"Category":{"Id":28,"Name":"Enterprise Search Configuration","CategoryKey":"ENTERPRISE_SEARCH","Description":"The category for enterprise search settings","ParentId":0,"OrdinalPosition":"1"},"Id":78},"HeaderColor":"","IsHidden":false,"Layout":"{\"col\":0,\"row\":0,\"size_x\":1,\"size_y\":1,\"max_sizex\":1,\"max_sizey\":1}","OverrideTemplate":null,"ParameterJSON":"{\"HeaderLinkIcon\":\"\",\"IsCustomEditor\":false,\"PreviewType\":\"search\",\"WidgetContent\":[{\"contentItem\":\"translationFactory.current.ENTERPRISE_SEARCH_FIND_ACTIVITY_CONTENT_ITEM\",\"contentDescription\":\"translationFactory.current.ENTERPRISE_SEARCH_FIND_ACTIVITY_CONTENT_DESC\",\"isLink\":false},{\"contentItem\":\"translationFactory.current.ENTERPRISE_SEARCH_FIND_ACTIVITY_CONTENT_ITEM_TWO\",\"contentDescription\":\"translationFactory.current.ENTERPRISE_SEARCH_FIND_ACTIVITY_CONTENT_DESC_TWO\",\"contentLink\":\"translationFactory.current.ENTERPRISE_SEARCH_LEARNER_DASHBOARD_LINK\",\"isLink\":true,\"link\":\"/dash/learning\"}],\"icon\":\"fa-desktop\",\"catalogItem\":\"Activity\"}","SubTitle":null,"SupportsFullScreen":false,"Title":"Find an Activity"}],"CanAddPage":false,"CanEditPage":false,"CanDeletePage":false,"CanPersonalizePage":false},"Description":"First Time Experience desc","Name":"First Time Experience","Url":"#/dash/fte","WebPartPageDefinitionKey":null,"WebPartPages":[{"Id":190,"title":"First Time Experience","Description":"First Time Experience desc","IsSystemLocked":true,"Name":"First Time Experience","IsGuestPage":false,"ParameterJSON":null,"Personalization":null,"Url":"#/dash/fte","path":"dash/fte","WebPartPageKey":null,"IsEnabled":true,"RPKey":null,"Priority":59,"WebParts":[{"Id":301,"ChromeStyle":7,"Definition":{"WebPartDefinitionKey":"Find_Video","Title":"Find a Video","Description":"Provides a launching point to search for videos in the learning library.","SubTitle":null,"WebPartIconName":null,"WidgetNotificationMode":0,"WidgetDeeplinkUrlText":null,"CategoryName":"Enterprise Search Configuration","IsWebPartEnabled":true,"TypeName":null,"WebPartServiceAgentInterfaceTypeName":null,"WebPartDefinitionXml":null,"HideWebPartHeader":false,"HideWebPartFooter":false,"IsFreeFlowing":false,"PillarKey":null,"ChromeStyle":7,"ParameterJSON":"{\"HeaderLinkIcon\":\"\",\"IsCustomEditor\":false,\"PreviewType\":\"search\",\"WidgetContent\":[{\"contentItem\":\"ENTERPRISE_SEARCH_FIND_VIDEO_CONTENT_ITEM\",\"contentDescription\":\"ENTERPRISE_SEARCH_FIND_VIDEO_CONTENT_DESC\",\"isLink\":false},{\"contentItem\":\"ENTERPRISE_SEARCH_FIND_VIDEO_CONTENT_ITEM_TWO\",\"contentDescription\":\"ENTERPRISE_SEARCH_FIND_VIDEO_CONTENT_DESC_TWO\",\"contentLink\":\"ENTERPRISE_SEARCH_LEARNER_DASHBOARD_LINK\",\"isLink\":true,\"link\":\"/dash/learning\"}],\"icon\":\"fa-video-camera\",\"catalogItem\":\"Video\"}","TemplatePath":"app/modules/dashboard/views/searchWidgets/findVideo.html","IsSystemLocked":false,"Category":{"Id":28,"Name":"Enterprise Search Configuration","CategoryKey":"ENTERPRISE_SEARCH","Description":"The category for enterprise search settings","ParentId":0,"OrdinalPosition":"1"},"Id":73},"HeaderColor":null,"IsHidden":false,"Layout":"{\"y\":0,\"x\":1,\"row\":1,\"col\":1}","OverrideTemplate":null,"ParameterJSON":"{\"HeaderLinkIcon\":\"\",\"IsCustomEditor\":false,\"PreviewType\":\"search\",\"WidgetContent\":[{\"contentItem\":\"translationFactory.current.ENTERPRISE_SEARCH_FIND_VIDEO_CONTENT_ITEM\",\"contentDescription\":\"translationFactory.current.ENTERPRISE_SEARCH_FIND_VIDEO_CONTENT_DESC\",\"isLink\":false},{\"contentItem\":\"translationFactory.current.ENTERPRISE_SEARCH_FIND_VIDEO_CONTENT_ITEM_TWO\",\"contentDescription\":\"translationFactory.current.ENTERPRISE_SEARCH_FIND_VIDEO_CONTENT_DESC_TWO\",\"contentLink\":\"translationFactory.current.ENTERPRISE_SEARCH_LEARNER_DASHBOARD_LINK\",\"isLink\":true,\"link\":\"/dash/learning\"}],\"icon\":\"fa-video-camera\",\"catalogItem\":\"Video\"}","SubTitle":null,"SupportsFullScreen":true,"Title":null},{"Id":302,"ChromeStyle":7,"Definition":{"WebPartDefinitionKey":"Find_Person","Title":"Find another Person","Description":"Provides a launching point to search for people.","SubTitle":null,"WebPartIconName":null,"WidgetNotificationMode":0,"WidgetDeeplinkUrlText":null,"CategoryName":"Enterprise Search Configuration","IsWebPartEnabled":true,"TypeName":null,"WebPartServiceAgentInterfaceTypeName":null,"WebPartDefinitionXml":null,"HideWebPartHeader":false,"HideWebPartFooter":false,"IsFreeFlowing":false,"PillarKey":null,"ChromeStyle":7,"ParameterJSON":"{\"HeaderLinkIcon\":\"\",\"IsCustomEditor\":false,\"PreviewType\":\"search\",\"WidgetContent\":[{\"contentItem\":\"ENTERPRISE_SEARCH_FIND_PERSON_CONTENT_ITEM\",\"contentDescription\":\"ENTERPRISE_SEARCH_FIND_PERSON_CONTENT_DESC\",\"isLink\":false}],\"icon\":\"fa-users\"}","TemplatePath":"app/modules/dashboard/views/searchWidgets/findPerson.html","IsSystemLocked":false,"Category":{"Id":28,"Name":"Enterprise Search Configuration","CategoryKey":"ENTERPRISE_SEARCH","Description":"The category for enterprise search settings","ParentId":0,"OrdinalPosition":"1"},"Id":74},"HeaderColor":null,"IsHidden":false,"Layout":"{\"y\":0,\"x\":2,\"row\":0,\"col\":2}","OverrideTemplate":null,"ParameterJSON":"{\"HeaderLinkIcon\":\"\",\"IsCustomEditor\":false,\"PreviewType\":\"search\",\"WidgetContent\":[{\"contentItem\":\"translationFactory.current.ENTERPRISE_SEARCH_FIND_PERSON_CONTENT_ITEM\",\"contentDescription\":\"translationFactory.current.ENTERPRISE_SEARCH_FIND_PERSON_CONTENT_DESC\",\"isLink\":false}],\"icon\":\"fa-users\"}","SubTitle":null,"SupportsFullScreen":true,"Title":null},{"Id":329,"ChromeStyle":7,"Definition":{"WebPartDefinitionKey":"Find_Job","Title":"Find A Job","Description":"Here are a few different ways to find a job:","SubTitle":null,"WebPartIconName":null,"WidgetNotificationMode":0,"WidgetDeeplinkUrlText":null,"CategoryName":"Enterprise Search Configuration","IsWebPartEnabled":true,"TypeName":null,"WebPartServiceAgentInterfaceTypeName":null,"WebPartDefinitionXml":null,"HideWebPartHeader":false,"HideWebPartFooter":false,"IsFreeFlowing":false,"PillarKey":null,"ChromeStyle":7,"ParameterJSON":"{\"HeaderLinkIcon\":\"\",\"IsCustomEditor\":false,\"PreviewType\":\"search\",\"WidgetContent\":[{\"contentItem\":\"ENTERPRISE_SEARCH_FIND_JOB_CONTENT_ITEM\",\"isLink\":true},{\"contentItem\":\"ENTERPRISE_SEARCH_FIND_JOB_CONTENT_ITEM_TWO\",\"contentDescription\":\"ENTERPRISE_SEARCH_FIND_JOB_CONTENT_DESC_TWO\",\"isLink\":false}],\"icon\":\"fa-search\"}","TemplatePath":"app/modules/dashboard/views/searchWidgets/findJob.html","IsSystemLocked":false,"Category":{"Id":28,"Name":"Enterprise Search Configuration","CategoryKey":"ENTERPRISE_SEARCH","Description":"The category for enterprise search settings","ParentId":0,"OrdinalPosition":"1"},"Id":86},"HeaderColor":null,"IsHidden":false,"Layout":"{\"y\":1,\"x\":1,\"row\":1,\"col\":0}","OverrideTemplate":null,"ParameterJSON":"{\"HeaderLinkIcon\":\"\",\"IsCustomEditor\":false,\"PreviewType\":\"search\",\"WidgetContent\":[{\"contentItem\":\"translationFactory.current.ENTERPRISE_SEARCH_FIND_JOB_CONTENT_ITEM\",\"isLink\":true},{\"contentItem\":\"translationFactory.current.ENTERPRISE_SEARCH_FIND_JOB_CONTENT_ITEM_TWO\",\"contentDescription\":\"translationFactory.current.ENTERPRISE_SEARCH_FIND_JOB_CONTENT_DESC_TWO\",\"isLink\":false}],\"icon\":\"fa-search\"}","SubTitle":null,"SupportsFullScreen":true,"Title":"Find A Job"},{"Id":383,"ChromeStyle":7,"Definition":{"WebPartDefinitionKey":"Edit_Profile","Title":"Edit Your Profile","Description":"Edit your profile.","SubTitle":null,"WebPartIconName":null,"WidgetNotificationMode":0,"WidgetDeeplinkUrlText":null,"CategoryName":"Enterprise Search Configuration","IsWebPartEnabled":true,"TypeName":null,"WebPartServiceAgentInterfaceTypeName":null,"WebPartDefinitionXml":null,"HideWebPartHeader":false,"HideWebPartFooter":false,"IsFreeFlowing":false,"PillarKey":null,"ChromeStyle":7,"ParameterJSON":"{\"HeaderLinkIcon\":\"\",\"IsCustomEditor\":false,\"PreviewType\":\"search\",\"WidgetContent\":[{\"contentItem\":\"ENTERPRISE_SEARCH_EDIT_PROFILE_CONTENT_ITEM\",\"isLink\":true,\"link\":\"/dash/profile\"}],\"icon\":\"fa-user\"}","TemplatePath":"app/modules/dashboard/views/searchWidgets/editProfile.html","IsSystemLocked":false,"Category":{"Id":28,"Name":"Enterprise Search Configuration","CategoryKey":"ENTERPRISE_SEARCH","Description":"The category for enterprise search settings","ParentId":0,"OrdinalPosition":"1"},"Id":77},"HeaderColor":"","IsHidden":false,"Layout":"{\"x\":2,\"y\":1,\"width\":1,\"height\":1,\"max-width\":1,\"max-height\":1,\"row\":0,\"col\":1}","OverrideTemplate":null,"ParameterJSON":"{\"HeaderLinkIcon\":\"\",\"IsCustomEditor\":false,\"PreviewType\":\"search\",\"WidgetContent\":[{\"contentItem\":\"translationFactory.current.ENTERPRISE_SEARCH_EDIT_PROFILE_CONTENT_ITEM\",\"isLink\":true,\"link\":\"/dash/profile\"}],\"icon\":\"fa-user\"}","SubTitle":null,"SupportsFullScreen":false,"Title":null},{"Id":427,"ChromeStyle":7,"Definition":{"WebPartDefinitionKey":"Find_Report","Title":"Find a Report","Description":"Provides a launching point to search for reports.","SubTitle":null,"WebPartIconName":null,"WidgetNotificationMode":0,"WidgetDeeplinkUrlText":null,"CategoryName":"Enterprise Search Configuration","IsWebPartEnabled":true,"TypeName":null,"WebPartServiceAgentInterfaceTypeName":null,"WebPartDefinitionXml":null,"HideWebPartHeader":false,"HideWebPartFooter":false,"IsFreeFlowing":false,"PillarKey":null,"ChromeStyle":7,"ParameterJSON":"{\"HeaderLinkIcon\":\"\",\"IsCustomEditor\":false,\"PreviewType\":\"search\",\"WidgetContent\":[{\"contentItem\":\"ENTERPRISE_SEARCH_FIND_REPORT_CONTENT_ITEM\",\"isLink\":true},{\"contentItem\":\"ENTERPRISE_SEARCH_FIND_REPORT_CONTENT_ITEM_TWO\",\"contentDescription\":\"ENTERPRISE_SEARCH_FIND_REPORT_CONTENT_DESC_TWO\",\"isLink\":false}],\"icon\":\"fa-file-text-o\"}","TemplatePath":"app/modules/dashboard/views/searchWidgets/findReport.html","IsSystemLocked":false,"Category":{"Id":28,"Name":"Enterprise Search Configuration","CategoryKey":"ENTERPRISE_SEARCH","Description":"The category for enterprise search settings","ParentId":0,"OrdinalPosition":"1"},"Id":75},"HeaderColor":"","IsHidden":false,"Layout":"{\"col\":2,\"row\":1,\"size_x\":1,\"size_y\":1,\"max_sizex\":1,\"max_sizey\":1}","OverrideTemplate":null,"ParameterJSON":"{\"HeaderLinkIcon\":\"\",\"IsCustomEditor\":false,\"PreviewType\":\"search\",\"WidgetContent\":[{\"contentItem\":\"translationFactory.current.ENTERPRISE_SEARCH_FIND_REPORT_CONTENT_ITEM\",\"isLink\":true},{\"contentItem\":\"translationFactory.current.ENTERPRISE_SEARCH_FIND_REPORT_CONTENT_ITEM_TWO\",\"contentDescription\":\"translationFactory.current.ENTERPRISE_SEARCH_FIND_REPORT_CONTENT_DESC_TWO\",\"isLink\":false}],\"icon\":\"fa-file-text-o\"}","SubTitle":null,"SupportsFullScreen":false,"Title":"Find a Report"},{"Id":428,"ChromeStyle":7,"Definition":{"WebPartDefinitionKey":"Find_Activity","Title":"Find an Activity","Description":"Provides a launching point to search for courses.","SubTitle":null,"WebPartIconName":null,"WidgetNotificationMode":0,"WidgetDeeplinkUrlText":null,"CategoryName":"Enterprise Search Configuration","IsWebPartEnabled":true,"TypeName":null,"WebPartServiceAgentInterfaceTypeName":null,"WebPartDefinitionXml":null,"HideWebPartHeader":false,"HideWebPartFooter":false,"IsFreeFlowing":false,"PillarKey":null,"ChromeStyle":7,"ParameterJSON":"{\"HeaderLinkIcon\":\"\",\"IsCustomEditor\":false,\"PreviewType\":\"search\",\"WidgetContent\":[{\"contentItem\":\"ENTERPRISE_SEARCH_FIND_ACTIVITY_CONTENT_ITEM\",\"contentDescription\":\"ENTERPRISE_SEARCH_FIND_ACTIVITY_CONTENT_DESC\",\"isLink\":false},{\"contentItem\":\"ENTERPRISE_SEARCH_FIND_ACTIVITY_CONTENT_ITEM_TWO\",\"contentDescription\":\"ENTERPRISE_SEARCH_FIND_ACTIVITY_CONTENT_DESC_TWO\",\"contentLink\":\"ENTERPRISE_SEARCH_LEARNER_DASHBOARD_LINK\",\"isLink\":true,\"link\":\"/dash/learning\"}],\"icon\":\"fa-edit\",\"catalogItem\":\"Activity\"}","TemplatePath":"app/modules/dashboard/views/searchWidgets/findActivity.html","IsSystemLocked":false,"Category":{"Id":28,"Name":"Enterprise Search Configuration","CategoryKey":"ENTERPRISE_SEARCH","Description":"The category for enterprise search settings","ParentId":0,"OrdinalPosition":"1"},"Id":78},"HeaderColor":"","IsHidden":false,"Layout":"{\"col\":0,\"row\":0,\"size_x\":1,\"size_y\":1,\"max_sizex\":1,\"max_sizey\":1}","OverrideTemplate":null,"ParameterJSON":"{\"HeaderLinkIcon\":\"\",\"IsCustomEditor\":false,\"PreviewType\":\"search\",\"WidgetContent\":[{\"contentItem\":\"translationFactory.current.ENTERPRISE_SEARCH_FIND_ACTIVITY_CONTENT_ITEM\",\"contentDescription\":\"translationFactory.current.ENTERPRISE_SEARCH_FIND_ACTIVITY_CONTENT_DESC\",\"isLink\":false},{\"contentItem\":\"translationFactory.current.ENTERPRISE_SEARCH_FIND_ACTIVITY_CONTENT_ITEM_TWO\",\"contentDescription\":\"translationFactory.current.ENTERPRISE_SEARCH_FIND_ACTIVITY_CONTENT_DESC_TWO\",\"contentLink\":\"translationFactory.current.ENTERPRISE_SEARCH_LEARNER_DASHBOARD_LINK\",\"isLink\":true,\"link\":\"/dash/learning\"}],\"icon\":\"fa-desktop\",\"catalogItem\":\"Activity\"}","SubTitle":null,"SupportsFullScreen":false,"Title":"Find an Activity"}],"CanAddPage":false,"CanEditPage":false,"CanDeletePage":false,"CanPersonalizePage":true}],"IsSystemLocked":true,"IsEnabled":true,"RPKey":null,"CanViewDashboard":true,"CanAddDashboard":false,"CanEditDashboard":false,"CanDeleteDashboard":false,"CanPersonalizeDashboard":true},{"Id":23,"DefaultPage":{"Id":203,"title":"Team Metrics","Description":"BSD Test","IsSystemLocked":false,"Name":"Team Metrics","IsGuestPage":false,"ParameterJSON":null,"Personalization":null,"Url":"#/dash/BSDTest/initial","path":"dash/BSDTest","WebPartPageKey":null,"IsEnabled":true,"RPKey":null,"Priority":16,"WebParts":[],"CanAddPage":false,"CanEditPage":false,"CanDeletePage":false,"CanPersonalizePage":false},"Description":"Safe to delete","Name":"Embedded Reporting","Url":"#/dash/BSDTest","WebPartPageDefinitionKey":null,"WebPartPages":[{"Id":238,"title":"Position Status","Description":"Position Status","IsSystemLocked":false,"Name":"Position Status","IsGuestPage":false,"ParameterJSON":null,"Personalization":null,"Url":"#/dash/BSDTest/Position_Status","path":"dash/BSDTest/Position_Status","WebPartPageKey":null,"IsEnabled":true,"RPKey":null,"Priority":13,"WebParts":[{"Id":435,"ChromeStyle":7,"Definition":{"WebPartDefinitionKey":"my_reports","Title":"Embedded Report","Description":"Pins a report from Advanced Reporting on the dashboard.","SubTitle":"Advanced Reporting","WebPartIconName":null,"WidgetNotificationMode":0,"WidgetDeeplinkUrlText":null,"CategoryName":"Portal","IsWebPartEnabled":true,"TypeName":null,"WebPartServiceAgentInterfaceTypeName":null,"WebPartDefinitionXml":null,"HideWebPartHeader":false,"HideWebPartFooter":false,"IsFreeFlowing":false,"PillarKey":"AdvancedReport","ChromeStyle":7,"ParameterJSON":"{\"HeaderLinkIcon\": \"\", \"IsCustomEditor\": false, \"PreviewType\" : \"report\", \"reportUrl\": \"\", \"showToolbar\":\"\"}","TemplatePath":"app/modules/dashboard/views/webparts/MyReport.html","IsSystemLocked":false,"Category":{"Id":1,"Name":"Portal","CategoryKey":"TRANSLATIONS_PORTAL","Description":"The root category to store translation strings for the Portal.","ParentId":0,"OrdinalPosition":"1"},"Id":88},"HeaderColor":"","IsHidden":false,"Layout":"{\"x\":0,\"y\":23,\"width\":97,\"height\":20}","OverrideTemplate":null,"ParameterJSON":"{\"HeaderLinkIcon\":\"\",\"IsCustomEditor\":false,\"PreviewType\":\"report\",\"reportUrl\":\"/Custom/Reports/2017_LATAM_Internal_Readiness_Report\",\"showToolbar\":\"\"}","SubTitle":"Advanced Reporting","SupportsFullScreen":true,"Title":"APAC Internal Candidate Readiness"},{"Id":436,"ChromeStyle":7,"Definition":{"WebPartDefinitionKey":"my_reports","Title":"Embedded Report","Description":"Pins a report from Advanced Reporting on the dashboard.","SubTitle":"Advanced Reporting","WebPartIconName":null,"WidgetNotificationMode":0,"WidgetDeeplinkUrlText":null,"CategoryName":"Portal","IsWebPartEnabled":true,"TypeName":null,"WebPartServiceAgentInterfaceTypeName":null,"WebPartDefinitionXml":null,"HideWebPartHeader":false,"HideWebPartFooter":false,"IsFreeFlowing":false,"PillarKey":"AdvancedReport","ChromeStyle":7,"ParameterJSON":"{\"HeaderLinkIcon\": \"\", \"IsCustomEditor\": false, \"PreviewType\" : \"report\", \"reportUrl\": \"\", \"showToolbar\":\"\"}","TemplatePath":"app/modules/dashboard/views/webparts/MyReport.html","IsSystemLocked":false,"Category":{"Id":1,"Name":"Portal","CategoryKey":"TRANSLATIONS_PORTAL","Description":"The root category to store translation strings for the Portal.","ParentId":0,"OrdinalPosition":"1"},"Id":88},"HeaderColor":"","IsHidden":false,"Layout":"{\"x\":0,\"y\":0,\"width\":23,\"height\":23}","OverrideTemplate":null,"ParameterJSON":"{\"HeaderLinkIcon\":\"\",\"IsCustomEditor\":false,\"PreviewType\":\"report\",\"reportUrl\":\"/Custom/Reports/2016_Successors\",\"showToolbar\":\"\"}","SubTitle":"Advanced Reporting","SupportsFullScreen":true,"Title":"Successor Readiness"},{"Id":437,"ChromeStyle":7,"Definition":{"WebPartDefinitionKey":"my_reports","Title":"Embedded Report","Description":"Pins a report from Advanced Reporting on the dashboard.","SubTitle":"Advanced Reporting","WebPartIconName":null,"WidgetNotificationMode":0,"WidgetDeeplinkUrlText":null,"CategoryName":"Portal","IsWebPartEnabled":true,"TypeName":null,"WebPartServiceAgentInterfaceTypeName":null,"WebPartDefinitionXml":null,"HideWebPartHeader":false,"HideWebPartFooter":false,"IsFreeFlowing":false,"PillarKey":"AdvancedReport","ChromeStyle":7,"ParameterJSON":"{\"HeaderLinkIcon\": \"\", \"IsCustomEditor\": false, \"PreviewType\" : \"report\", \"reportUrl\": \"\", \"showToolbar\":\"\"}","TemplatePath":"app/modules/dashboard/views/webparts/MyReport.html","IsSystemLocked":false,"Category":{"Id":1,"Name":"Portal","CategoryKey":"TRANSLATIONS_PORTAL","Description":"The root category to store translation strings for the Portal.","ParentId":0,"OrdinalPosition":"1"},"Id":88},"HeaderColor":"","IsHidden":false,"Layout":"{\"x\":23,\"y\":0,\"width\":74,\"height\":23}","OverrideTemplate":null,"ParameterJSON":"{\"HeaderLinkIcon\":\"\",\"IsCustomEditor\":false,\"PreviewType\":\"report\",\"reportUrl\":\"/Custom/Reports/2016_Position_Fill\",\"showToolbar\":\"\"}","SubTitle":"Advanced Reporting","SupportsFullScreen":true,"Title":"Position Fill"}],"CanAddPage":false,"CanEditPage":false,"CanDeletePage":false,"CanPersonalizePage":true},{"Id":240,"title":"Compliance","Description":"Compliance Information by Organization and Critical Certifications","IsSystemLocked":false,"Name":"Compliance","IsGuestPage":false,"ParameterJSON":null,"Personalization":null,"Url":"#/dash/BSDTest/Compliance_Metrics","path":"dash/BSDTest/Compliance_Metrics","WebPartPageKey":null,"IsEnabled":true,"RPKey":null,"Priority":8,"WebParts":[{"Id":448,"ChromeStyle":7,"Definition":{"WebPartDefinitionKey":"my_reports","Title":"Embedded Report","Description":"Pins a report from Advanced Reporting on the dashboard.","SubTitle":"Advanced Reporting","WebPartIconName":null,"WidgetNotificationMode":0,"WidgetDeeplinkUrlText":null,"CategoryName":"Portal","IsWebPartEnabled":true,"TypeName":null,"WebPartServiceAgentInterfaceTypeName":null,"WebPartDefinitionXml":null,"HideWebPartHeader":false,"HideWebPartFooter":false,"IsFreeFlowing":false,"PillarKey":"AdvancedReport","ChromeStyle":7,"ParameterJSON":"{\"HeaderLinkIcon\": \"\", \"IsCustomEditor\": false, \"PreviewType\" : \"report\", \"reportUrl\": \"\", \"showToolbar\":\"\"}","TemplatePath":"app/modules/dashboard/views/webparts/MyReport.html","IsSystemLocked":false,"Category":{"Id":1,"Name":"Portal","CategoryKey":"TRANSLATIONS_PORTAL","Description":"The root category to store translation strings for the Portal.","ParentId":0,"OrdinalPosition":"1"},"Id":88},"HeaderColor":"","IsHidden":false,"Layout":"{\"x\":0,\"y\":0,\"width\":37,\"height\":39}","OverrideTemplate":null,"ParameterJSON":"{\"HeaderLinkIcon\":\"\",\"IsCustomEditor\":false,\"PreviewType\":\"report\",\"reportUrl\":\"/Custom/Reports/2017_Organization_Certification_Compliance\",\"showToolbar\":\"\"}","SubTitle":"Advanced Reporting","SupportsFullScreen":true,"Title":"Certification Exceptions by Organization"},{"Id":449,"ChromeStyle":7,"Definition":{"WebPartDefinitionKey":"my_reports","Title":"Embedded Report","Description":"Pins a report from Advanced Reporting on the dashboard.","SubTitle":"Advanced Reporting","WebPartIconName":null,"WidgetNotificationMode":0,"WidgetDeeplinkUrlText":null,"CategoryName":"Portal","IsWebPartEnabled":true,"TypeName":null,"WebPartServiceAgentInterfaceTypeName":null,"WebPartDefinitionXml":null,"HideWebPartHeader":false,"HideWebPartFooter":false,"IsFreeFlowing":false,"PillarKey":"AdvancedReport","ChromeStyle":7,"ParameterJSON":"{\"HeaderLinkIcon\": \"\", \"IsCustomEditor\": false, \"PreviewType\" : \"report\", \"reportUrl\": \"\", \"showToolbar\":\"\"}","TemplatePath":"app/modules/dashboard/views/webparts/MyReport.html","IsSystemLocked":false,"Category":{"Id":1,"Name":"Portal","CategoryKey":"TRANSLATIONS_PORTAL","Description":"The root category to store translation strings for the Portal.","ParentId":0,"OrdinalPosition":"1"},"Id":88},"HeaderColor":"","IsHidden":false,"Layout":"{\"x\":38,\"y\":0,\"width\":61,\"height\":39}","OverrideTemplate":null,"ParameterJSON":"{\"HeaderLinkIcon\":\"\",\"IsCustomEditor\":false,\"PreviewType\":\"report\",\"reportUrl\":\"/Custom/Reports/2017_Critical_Certification_Compliance_Report\",\"showToolbar\":\"\"}","SubTitle":"Advanced Reporting","SupportsFullScreen":true,"Title":"Days Until Expiration"}],"CanAddPage":false,"CanEditPage":false,"CanDeletePage":false,"CanPersonalizePage":true}],"IsSystemLocked":false,"IsEnabled":true,"RPKey":null,"CanViewDashboard":true,"CanAddDashboard":false,"CanEditDashboard":false,"CanDeleteDashboard":false,"CanPersonalizeDashboard":true},{"Id":26,"DefaultPage":{"Id":233,"title":"What's New","Description":"What's New","IsSystemLocked":false,"Name":"What's New","IsGuestPage":false,"ParameterJSON":null,"Personalization":null,"Url":"#/dash/wn-pe/initial","path":"dash/wn-pe","WebPartPageKey":null,"IsEnabled":true,"RPKey":null,"Priority":19,"WebParts":[{"Id":419,"ChromeStyle":7,"Definition":{"WebPartDefinitionKey":"LM_PromotedActivities","Title":"Promoted Activities","Description":"This is a legacy widget. Please use “Promoted Learning Activities” instead.","SubTitle":null,"WebPartIconName":null,"WidgetNotificationMode":0,"WidgetDeeplinkUrlText":null,"CategoryName":"Learning","IsWebPartEnabled":true,"TypeName":"SumTotal.SPPortal.WebParts.Core.Learning.PromotedActivities.PromotedActivities, SumTotal.SPPortal.WebParts, Version=1.0.0.0, Culture=neutral, PublicKeyToken=6b7f90fbd13cce01","WebPartServiceAgentInterfaceTypeName":"ILMWebPartContractAsync","WebPartDefinitionXml":null,"HideWebPartHeader":false,"HideWebPartFooter":false,"IsFreeFlowing":false,"PillarKey":"LM","ChromeStyle":7,"ParameterJSON":"{\"HeaderLinkIcon\":\"\",\"IsCustomEditor\":false,\"PreviewType\":\"configTextField\",\"Config\":{\"Name\":\"LearningActivityCodes\",\"Value\":\"\"}}","TemplatePath":"app/modules/dashboard/views/webparts/widgetPromotedActivities.html","IsSystemLocked":false,"Category":{"Id":8,"Name":"Learning","CategoryKey":"WebPartDefinition_Learning","Description":"Learning","ParentId":1,"OrdinalPosition":null},"Id":79},"HeaderColor":"","IsHidden":false,"Layout":"{\"x\":0,\"y\":0,\"width\":98,\"height\":26}","OverrideTemplate":null,"ParameterJSON":"{\"HeaderLinkIcon\":\"\",\"IsCustomEditor\":false,\"PreviewType\":\"configTextField\",\"Config\":{\"Name\":\"LearningActivityCodes\",\"Value\":\"aba_01_a02_bs_enus,pd_32_a03_bs_enus,apd_14_a02_bs_enus\"}}","SubTitle":null,"SupportsFullScreen":true,"Title":null},{"Id":422,"ChromeStyle":7,"Definition":{"WebPartDefinitionKey":"LM_TopRatedContent","Title":"Top Rated Content","Description":"Displays the five highest rated learning activities available to the user.","SubTitle":"Top rated learning activities","WebPartIconName":null,"WidgetNotificationMode":1,"WidgetDeeplinkUrlText":"View All Top Rated Content","CategoryName":"Learning","IsWebPartEnabled":true,"TypeName":"SumTotal.SPPortal.WebParts.Core.Learning.TopRatedContent.TopRatedContent, SumTotal.SPPortal.WebParts, Version=1.0.0.0, Culture=neutral, PublicKeyToken=6b7f90fbd13cce01","WebPartServiceAgentInterfaceTypeName":"ILMWebPartContractAsync","WebPartDefinitionXml":null,"HideWebPartHeader":false,"HideWebPartFooter":true,"IsFreeFlowing":false,"PillarKey":"LM","ChromeStyle":7,"ParameterJSON":"{\"HeaderLinkIcon\":\"\",\"IsCustomEditor\":false,\"PreviewType\":\"table\"}","TemplatePath":"app/modules/dashboard/views/webparts/widgetTopRatedContent.html","IsSystemLocked":false,"Category":{"Id":8,"Name":"Learning","CategoryKey":"WebPartDefinition_Learning","Description":"Learning","ParentId":1,"OrdinalPosition":null},"Id":7},"HeaderColor":"","IsHidden":false,"Layout":"{\"x\":0,\"y\":26,\"width\":98,\"height\":25}","OverrideTemplate":null,"ParameterJSON":"{\"HeaderLinkIcon\":\"\",\"IsCustomEditor\":false,\"PreviewType\":\"table\"}","SubTitle":"Top rated learning activities","SupportsFullScreen":true,"Title":null}],"CanAddPage":false,"CanEditPage":false,"CanDeletePage":false,"CanPersonalizePage":false},"Description":"Promoted Activities","Name":"What's New","Url":"#/dash/wn-pe","WebPartPageDefinitionKey":null,"WebPartPages":[{"Id":233,"title":"What's New","Description":"What's New","IsSystemLocked":false,"Name":"What's New","IsGuestPage":false,"ParameterJSON":null,"Personalization":null,"Url":"#/dash/wn-pe/initial","path":"dash/wn-pe/initial","WebPartPageKey":null,"IsEnabled":true,"RPKey":null,"Priority":19,"WebParts":[{"Id":419,"ChromeStyle":7,"Definition":{"WebPartDefinitionKey":"LM_PromotedActivities","Title":"Promoted Activities","Description":"This is a legacy widget. Please use “Promoted Learning Activities” instead.","SubTitle":null,"WebPartIconName":null,"WidgetNotificationMode":0,"WidgetDeeplinkUrlText":null,"CategoryName":"Learning","IsWebPartEnabled":true,"TypeName":"SumTotal.SPPortal.WebParts.Core.Learning.PromotedActivities.PromotedActivities, SumTotal.SPPortal.WebParts, Version=1.0.0.0, Culture=neutral, PublicKeyToken=6b7f90fbd13cce01","WebPartServiceAgentInterfaceTypeName":"ILMWebPartContractAsync","WebPartDefinitionXml":null,"HideWebPartHeader":false,"HideWebPartFooter":false,"IsFreeFlowing":false,"PillarKey":"LM","ChromeStyle":7,"ParameterJSON":"{\"HeaderLinkIcon\":\"\",\"IsCustomEditor\":false,\"PreviewType\":\"configTextField\",\"Config\":{\"Name\":\"LearningActivityCodes\",\"Value\":\"\"}}","TemplatePath":"app/modules/dashboard/views/webparts/widgetPromotedActivities.html","IsSystemLocked":false,"Category":{"Id":8,"Name":"Learning","CategoryKey":"WebPartDefinition_Learning","Description":"Learning","ParentId":1,"OrdinalPosition":null},"Id":79},"HeaderColor":"","IsHidden":false,"Layout":"{\"x\":0,\"y\":0,\"width\":98,\"height\":26}","OverrideTemplate":null,"ParameterJSON":"{\"HeaderLinkIcon\":\"\",\"IsCustomEditor\":false,\"PreviewType\":\"configTextField\",\"Config\":{\"Name\":\"LearningActivityCodes\",\"Value\":\"aba_01_a02_bs_enus,pd_32_a03_bs_enus,apd_14_a02_bs_enus\"}}","SubTitle":null,"SupportsFullScreen":true,"Title":null},{"Id":422,"ChromeStyle":7,"Definition":{"WebPartDefinitionKey":"LM_TopRatedContent","Title":"Top Rated Content","Description":"Displays the five highest rated learning activities available to the user.","SubTitle":"Top rated learning activities","WebPartIconName":null,"WidgetNotificationMode":1,"WidgetDeeplinkUrlText":"View All Top Rated Content","CategoryName":"Learning","IsWebPartEnabled":true,"TypeName":"SumTotal.SPPortal.WebParts.Core.Learning.TopRatedContent.TopRatedContent, SumTotal.SPPortal.WebParts, Version=1.0.0.0, Culture=neutral, PublicKeyToken=6b7f90fbd13cce01","WebPartServiceAgentInterfaceTypeName":"ILMWebPartContractAsync","WebPartDefinitionXml":null,"HideWebPartHeader":false,"HideWebPartFooter":true,"IsFreeFlowing":false,"PillarKey":"LM","ChromeStyle":7,"ParameterJSON":"{\"HeaderLinkIcon\":\"\",\"IsCustomEditor\":false,\"PreviewType\":\"table\"}","TemplatePath":"app/modules/dashboard/views/webparts/widgetTopRatedContent.html","IsSystemLocked":false,"Category":{"Id":8,"Name":"Learning","CategoryKey":"WebPartDefinition_Learning","Description":"Learning","ParentId":1,"OrdinalPosition":null},"Id":7},"HeaderColor":"","IsHidden":false,"Layout":"{\"x\":0,\"y\":26,\"width\":98,\"height\":25}","OverrideTemplate":null,"ParameterJSON":"{\"HeaderLinkIcon\":\"\",\"IsCustomEditor\":false,\"PreviewType\":\"table\"}","SubTitle":"Top rated learning activities","SupportsFullScreen":true,"Title":null}],"CanAddPage":false,"CanEditPage":false,"CanDeletePage":false,"CanPersonalizePage":true}],"IsSystemLocked":false,"IsEnabled":true,"RPKey":null,"CanViewDashboard":true,"CanAddDashboard":false,"CanEditDashboard":false,"CanDeleteDashboard":false,"CanPersonalizeDashboard":true},{"Id":27,"DefaultPage":{"Id":234,"title":"Recommended Training","Description":"Recommended Training","IsSystemLocked":false,"Name":"Recommended Training","IsGuestPage":false,"ParameterJSON":null,"Personalization":null,"Url":"#/dash/rl/initial","path":"dash/rl","WebPartPageKey":null,"IsEnabled":true,"RPKey":null,"Priority":14,"WebParts":[{"Id":421,"ChromeStyle":7,"Definition":{"WebPartDefinitionKey":"LM_Recommendation","Title":"Recommended Courses","Description":"Displays recommended learning based on your interests, your required skills, and suggestions from others in your organization.","SubTitle":null,"WebPartIconName":null,"WidgetNotificationMode":0,"WidgetDeeplinkUrlText":null,"CategoryName":"Learning","IsWebPartEnabled":true,"TypeName":null,"WebPartServiceAgentInterfaceTypeName":null,"WebPartDefinitionXml":null,"HideWebPartHeader":false,"HideWebPartFooter":true,"IsFreeFlowing":false,"PillarKey":"LM","ChromeStyle":7,"ParameterJSON":"{\"HeaderLinkIcon\":\"\",\"IsCustomEditor\":false,\"PreviewType\":\"table\"}","TemplatePath":"app/modules/dashboard/views/webparts/widgetRecommendation.html","IsSystemLocked":false,"Category":{"Id":8,"Name":"Learning","CategoryKey":"WebPartDefinition_Learning","Description":"Learning","ParentId":1,"OrdinalPosition":null},"Id":70},"HeaderColor":"","IsHidden":false,"Layout":"{\"x\":0,\"y\":0,\"width\":\"98\",\"height\":20}","OverrideTemplate":null,"ParameterJSON":"{\"HeaderLinkIcon\":\"\",\"IsCustomEditor\":false,\"PreviewType\":\"table\"}","SubTitle":null,"SupportsFullScreen":true,"Title":null}],"CanAddPage":false,"CanEditPage":false,"CanDeletePage":false,"CanPersonalizePage":false},"Description":"Recommended Learning","Name":"Recommendations","Url":"#/dash/rl","WebPartPageDefinitionKey":null,"WebPartPages":[{"Id":234,"title":"Recommended Training","Description":"Recommended Training","IsSystemLocked":false,"Name":"Recommended Training","IsGuestPage":false,"ParameterJSON":null,"Personalization":null,"Url":"#/dash/rl/initial","path":"dash/rl/initial","WebPartPageKey":null,"IsEnabled":true,"RPKey":null,"Priority":14,"WebParts":[{"Id":421,"ChromeStyle":7,"Definition":{"WebPartDefinitionKey":"LM_Recommendation","Title":"Recommended Courses","Description":"Displays recommended learning based on your interests, your required skills, and suggestions from others in your organization.","SubTitle":null,"WebPartIconName":null,"WidgetNotificationMode":0,"WidgetDeeplinkUrlText":null,"CategoryName":"Learning","IsWebPartEnabled":true,"TypeName":null,"WebPartServiceAgentInterfaceTypeName":null,"WebPartDefinitionXml":null,"HideWebPartHeader":false,"HideWebPartFooter":true,"IsFreeFlowing":false,"PillarKey":"LM","ChromeStyle":7,"ParameterJSON":"{\"HeaderLinkIcon\":\"\",\"IsCustomEditor\":false,\"PreviewType\":\"table\"}","TemplatePath":"app/modules/dashboard/views/webparts/widgetRecommendation.html","IsSystemLocked":false,"Category":{"Id":8,"Name":"Learning","CategoryKey":"WebPartDefinition_Learning","Description":"Learning","ParentId":1,"OrdinalPosition":null},"Id":70},"HeaderColor":"","IsHidden":false,"Layout":"{\"x\":0,\"y\":0,\"width\":\"98\",\"height\":20}","OverrideTemplate":null,"ParameterJSON":"{\"HeaderLinkIcon\":\"\",\"IsCustomEditor\":false,\"PreviewType\":\"table\"}","SubTitle":null,"SupportsFullScreen":true,"Title":null}],"CanAddPage":false,"CanEditPage":false,"CanDeletePage":false,"CanPersonalizePage":true}],"IsSystemLocked":false,"IsEnabled":true,"RPKey":null,"CanViewDashboard":true,"CanAddDashboard":false,"CanEditDashboard":false,"CanDeleteDashboard":false,"CanPersonalizeDashboard":true},{"Id":29,"DefaultPage":{"Id":236,"title":"Aggregation","Description":"Aggregation","IsSystemLocked":false,"Name":"Aggregation","IsGuestPage":false,"ParameterJSON":null,"Personalization":null,"Url":"#/dash/aggregation/initial","path":"dash/aggregation","WebPartPageKey":null,"IsEnabled":true,"RPKey":null,"Priority":6,"WebParts":[{"Id":423,"ChromeStyle":0,"Definition":{"WebPartDefinitionKey":"Common_ContentEditor","Title":"Content Editor","Description":"Enables users to add custom HTML to a dashboard.","SubTitle":"Content Editor Widget","WebPartIconName":null,"WidgetNotificationMode":0,"WidgetDeeplinkUrlText":null,"CategoryName":"Common","IsWebPartEnabled":true,"TypeName":null,"WebPartServiceAgentInterfaceTypeName":null,"WebPartDefinitionXml":null,"HideWebPartHeader":false,"HideWebPartFooter":true,"IsFreeFlowing":false,"PillarKey":null,"ChromeStyle":7,"ParameterJSON":"{\"HeaderLinkIcon\":\"\",\"IsCustomEditor\":true,\"PreviewType\":\"iframe\"}","TemplatePath":"app/modules/dashboard/views/webparts/widgetContentEditor.html","IsSystemLocked":false,"Category":{"Id":5,"Name":"Common","CategoryKey":"WebPartDefinition_Common","Description":"Common","ParentId":1,"OrdinalPosition":null},"Id":60},"HeaderColor":"","IsHidden":false,"Layout":"{\"x\":0,\"y\":0,\"width\":20,\"height\":20}","OverrideTemplate":"&lt;iframe src=&quot;https://supp-saux.sumtotaldemo.net/SA_UX/Master/Content-Aggregator/index.html&quot; class=&quot;sumt-webpart-iframe&quot;&gt;&lt;/iframe&gt;","ParameterJSON":"{\"HeaderLinkIcon\":\"\",\"IsCustomEditor\":true,\"PreviewType\":\"iframe\",\"fullScreen\":true}","SubTitle":"Content Editor Widget","SupportsFullScreen":true,"Title":null}],"CanAddPage":false,"CanEditPage":false,"CanDeletePage":false,"CanPersonalizePage":false},"Description":"Aggregation of External Content","Name":"Aggregation","Url":"#/dash/aggregation","WebPartPageDefinitionKey":null,"WebPartPages":[{"Id":236,"title":"Aggregation","Description":"Aggregation","IsSystemLocked":false,"Name":"Aggregation","IsGuestPage":false,"ParameterJSON":null,"Personalization":null,"Url":"#/dash/aggregation/initial","path":"dash/aggregation/initial","WebPartPageKey":null,"IsEnabled":true,"RPKey":null,"Priority":6,"WebParts":[{"Id":423,"ChromeStyle":0,"Definition":{"WebPartDefinitionKey":"Common_ContentEditor","Title":"Content Editor","Description":"Enables users to add custom HTML to a dashboard.","SubTitle":"Content Editor Widget","WebPartIconName":null,"WidgetNotificationMode":0,"WidgetDeeplinkUrlText":null,"CategoryName":"Common","IsWebPartEnabled":true,"TypeName":null,"WebPartServiceAgentInterfaceTypeName":null,"WebPartDefinitionXml":null,"HideWebPartHeader":false,"HideWebPartFooter":true,"IsFreeFlowing":false,"PillarKey":null,"ChromeStyle":7,"ParameterJSON":"{\"HeaderLinkIcon\":\"\",\"IsCustomEditor\":true,\"PreviewType\":\"iframe\"}","TemplatePath":"app/modules/dashboard/views/webparts/widgetContentEditor.html","IsSystemLocked":false,"Category":{"Id":5,"Name":"Common","CategoryKey":"WebPartDefinition_Common","Description":"Common","ParentId":1,"OrdinalPosition":null},"Id":60},"HeaderColor":"","IsHidden":false,"Layout":"{\"x\":0,\"y\":0,\"width\":20,\"height\":20}","OverrideTemplate":"&lt;iframe src=&quot;https://supp-saux.sumtotaldemo.net/SA_UX/Master/Content-Aggregator/index.html&quot; class=&quot;sumt-webpart-iframe&quot;&gt;&lt;/iframe&gt;","ParameterJSON":"{\"HeaderLinkIcon\":\"\",\"IsCustomEditor\":true,\"PreviewType\":\"iframe\",\"fullScreen\":true}","SubTitle":"Content Editor Widget","SupportsFullScreen":true,"Title":null}],"CanAddPage":false,"CanEditPage":false,"CanDeletePage":false,"CanPersonalizePage":true}],"IsSystemLocked":false,"IsEnabled":true,"RPKey":null,"CanViewDashboard":true,"CanAddDashboard":false,"CanEditDashboard":false,"CanDeleteDashboard":false,"CanPersonalizeDashboard":true},{"Id":30,"DefaultPage":{"Id":237,"title":"Branding","Description":"Branding","IsSystemLocked":false,"Name":"Branding","IsGuestPage":false,"ParameterJSON":null,"Personalization":null,"Url":"#/dash/Branding/initial","path":"dash/Branding","WebPartPageKey":null,"IsEnabled":true,"RPKey":null,"Priority":7,"WebParts":[{"Id":424,"ChromeStyle":0,"Definition":{"WebPartDefinitionKey":"Common_ContentEditor","Title":"Content Editor","Description":"Enables users to add custom HTML to a dashboard.","SubTitle":"Content Editor Widget","WebPartIconName":null,"WidgetNotificationMode":0,"WidgetDeeplinkUrlText":null,"CategoryName":"Common","IsWebPartEnabled":true,"TypeName":null,"WebPartServiceAgentInterfaceTypeName":null,"WebPartDefinitionXml":null,"HideWebPartHeader":false,"HideWebPartFooter":true,"IsFreeFlowing":false,"PillarKey":null,"ChromeStyle":7,"ParameterJSON":"{\"HeaderLinkIcon\":\"\",\"IsCustomEditor\":true,\"PreviewType\":\"iframe\"}","TemplatePath":"app/modules/dashboard/views/webparts/widgetContentEditor.html","IsSystemLocked":false,"Category":{"Id":5,"Name":"Common","CategoryKey":"WebPartDefinition_Common","Description":"Common","ParentId":1,"OrdinalPosition":null},"Id":60},"HeaderColor":"","IsHidden":false,"Layout":"{\"x\":0,\"y\":0,\"width\":20,\"height\":20}","OverrideTemplate":"&lt;iframe src=&quot;https://supp-saux.sumtotaldemo.net/SA_UX/Branding-homepage/index.html&quot; class=&quot;sumt-webpart-iframe&quot;&gt;&lt;/iframe&gt;","ParameterJSON":"{\"HeaderLinkIcon\":\"\",\"IsCustomEditor\":true,\"PreviewType\":\"iframe\",\"fullScreen\":true}","SubTitle":"Content Editor Widget","SupportsFullScreen":true,"Title":null}],"CanAddPage":false,"CanEditPage":false,"CanDeletePage":false,"CanPersonalizePage":false},"Description":"Branding","Name":"EditDB_195647_12pm","Url":"#/dash/Branding","WebPartPageDefinitionKey":null,"WebPartPages":[{"Id":237,"title":"Branding","Description":"Branding","IsSystemLocked":false,"Name":"Branding","IsGuestPage":false,"ParameterJSON":null,"Personalization":null,"Url":"#/dash/Branding/initial","path":"dash/Branding/initial","WebPartPageKey":null,"IsEnabled":true,"RPKey":null,"Priority":7,"WebParts":[{"Id":424,"ChromeStyle":0,"Definition":{"WebPartDefinitionKey":"Common_ContentEditor","Title":"Content Editor","Description":"Enables users to add custom HTML to a dashboard.","SubTitle":"Content Editor Widget","WebPartIconName":null,"WidgetNotificationMode":0,"WidgetDeeplinkUrlText":null,"CategoryName":"Common","IsWebPartEnabled":true,"TypeName":null,"WebPartServiceAgentInterfaceTypeName":null,"WebPartDefinitionXml":null,"HideWebPartHeader":false,"HideWebPartFooter":true,"IsFreeFlowing":false,"PillarKey":null,"ChromeStyle":7,"ParameterJSON":"{\"HeaderLinkIcon\":\"\",\"IsCustomEditor\":true,\"PreviewType\":\"iframe\"}","TemplatePath":"app/modules/dashboard/views/webparts/widgetContentEditor.html","IsSystemLocked":false,"Category":{"Id":5,"Name":"Common","CategoryKey":"WebPartDefinition_Common","Description":"Common","ParentId":1,"OrdinalPosition":null},"Id":60},"HeaderColor":"","IsHidden":false,"Layout":"{\"x\":0,\"y\":0,\"width\":20,\"height\":20}","OverrideTemplate":"&lt;iframe src=&quot;https://supp-saux.sumtotaldemo.net/SA_UX/Branding-homepage/index.html&quot; class=&quot;sumt-webpart-iframe&quot;&gt;&lt;/iframe&gt;","ParameterJSON":"{\"HeaderLinkIcon\":\"\",\"IsCustomEditor\":true,\"PreviewType\":\"iframe\",\"fullScreen\":true}","SubTitle":"Content Editor Widget","SupportsFullScreen":true,"Title":null}],"CanAddPage":false,"CanEditPage":false,"CanDeletePage":false,"CanPersonalizePage":true},{"Id":248,"title":"DB_194685_13pm","Description":"PageDescription","IsSystemLocked":false,"Name":"DB_194685_13pm","IsGuestPage":false,"ParameterJSON":null,"Personalization":null,"Url":"#/dash/Branding/DB_194685_13pm","path":"dash/Branding/DB_194685_13pm","WebPartPageKey":null,"IsEnabled":true,"RPKey":null,"Priority":26,"WebParts":[],"CanAddPage":false,"CanEditPage":false,"CanDeletePage":false,"CanPersonalizePage":true},{"Id":267,"title":"DB_194685_12pm","Description":"PageDescription","IsSystemLocked":false,"Name":"DB_194685_12pm","IsGuestPage":false,"ParameterJSON":null,"Personalization":null,"Url":"#/dash/Branding/DB_194685_12pm","path":"dash/Branding/DB_194685_12pm","WebPartPageKey":null,"IsEnabled":true,"RPKey":null,"Priority":44,"WebParts":[],"CanAddPage":false,"CanEditPage":false,"CanDeletePage":false,"CanPersonalizePage":true}],"IsSystemLocked":false,"IsEnabled":true,"RPKey":null,"CanViewDashboard":true,"CanAddDashboard":false,"CanEditDashboard":false,"CanDeleteDashboard":false,"CanPersonalizeDashboard":true},{"Id":31,"DefaultPage":{"Id":239,"title":"Time","Description":"Time","IsSystemLocked":false,"Name":"Time","IsGuestPage":false,"ParameterJSON":null,"Personalization":null,"Url":"#/dash/Time/initial","path":"dash/Time","WebPartPageKey":null,"IsEnabled":true,"RPKey":null,"Priority":17,"WebParts":[{"Id":498,"ChromeStyle":1,"Definition":{"WebPartDefinitionKey":"About_Me","Title":"About Me","Description":"Displays key profile information about the employee.","SubTitle":"Photo, email and employment information","WebPartIconName":null,"WidgetNotificationMode":0,"WidgetDeeplinkUrlText":"View my profile","CategoryName":"Common","IsWebPartEnabled":true,"TypeName":"SumTotal.SPPortal.WebParts.Core.MySelf.AboutMe.AboutMe, SumTotal.SPPortal.WebParts, Version=1.0.0.0, Culture=neutral, PublicKeyToken=6b7f90fbd13cce01","WebPartServiceAgentInterfaceTypeName":null,"WebPartDefinitionXml":null,"HideWebPartHeader":true,"HideWebPartFooter":true,"IsFreeFlowing":false,"PillarKey":null,"ChromeStyle":7,"ParameterJSON":"{\"HeaderLinkIcon\":\"\",\"IsCustomEditor\":false,\"PreviewType\":\"aboutme\"}","TemplatePath":"app/modules/dashboard/views/webparts/widgetAboutMe.html","IsSystemLocked":false,"Category":{"Id":5,"Name":"Common","CategoryKey":"WebPartDefinition_Common","Description":"Common","ParentId":1,"OrdinalPosition":null},"Id":43},"HeaderColor":"","IsHidden":false,"Layout":"{\"x\":0,\"y\":0,\"width\":25,\"height\":20}","OverrideTemplate":null,"ParameterJSON":"{\"HeaderLinkIcon\":\"\",\"IsCustomEditor\":false,\"PreviewType\":\"aboutme\",\"fullScreen\":false,\"noScroll\":true}","SubTitle":"Photo, email and employment information","SupportsFullScreen":true,"Title":null},{"Id":507,"ChromeStyle":7,"Definition":{"WebPartDefinitionKey":"Common_ContentEditor","Title":"Content Editor","Description":"Enables users to add custom HTML to a dashboard.","SubTitle":"Content Editor Widget","WebPartIconName":null,"WidgetNotificationMode":0,"WidgetDeeplinkUrlText":null,"CategoryName":"Common","IsWebPartEnabled":true,"TypeName":null,"WebPartServiceAgentInterfaceTypeName":null,"WebPartDefinitionXml":null,"HideWebPartHeader":false,"HideWebPartFooter":true,"IsFreeFlowing":false,"PillarKey":null,"ChromeStyle":7,"ParameterJSON":"{\"HeaderLinkIcon\":\"\",\"IsCustomEditor\":true,\"PreviewType\":\"iframe\"}","TemplatePath":"app/modules/dashboard/views/webparts/widgetContentEditor.html","IsSystemLocked":false,"Category":{"Id":5,"Name":"Common","CategoryKey":"WebPartDefinition_Common","Description":"Common","ParentId":1,"OrdinalPosition":null},"Id":60},"HeaderColor":"","IsHidden":false,"Layout":"{\"x\":25,\"y\":0,\"width\":34,\"height\":20}","OverrideTemplate":"&lt;p&gt;&lt;/p&gt;&lt;div class=&quot;w3-code notranslate htmlHigh&quot;&gt;&lt;span style=&quot;color: brown;&quot;&gt;&lt;span style=&quot;color: mediumblue;&quot;&gt;&amp;lt;&lt;/span&gt;!DOCTYPE&lt;span style=&quot;color: red;&quot;&gt; html&lt;/span&gt;&lt;span style=&quot;color: mediumblue;&quot;&gt;&amp;gt;&lt;/span&gt;&lt;/span&gt;&lt;br/&gt;&lt;span style=&quot;color: brown;&quot;&gt;&lt;span style=&quot;color: mediumblue;&quot;&gt;&amp;lt;&lt;/span&gt;html&lt;span style=&quot;color: mediumblue;&quot;&gt;&amp;gt;&lt;/span&gt;&lt;/span&gt;&lt;br/&gt;&lt;span style=&quot;color: brown;&quot;&gt;&lt;span style=&quot;color: mediumblue;&quot;&gt;&amp;lt;&lt;/span&gt;head&lt;span style=&quot;color: mediumblue;&quot;&gt;&amp;gt;&lt;/span&gt;&lt;/span&gt;&lt;br/&gt;&lt;span style=&quot;color: brown;&quot;&gt;&lt;span style=&quot;color: mediumblue;&quot;&gt;&amp;lt;&lt;/span&gt;title&lt;span style=&quot;color: mediumblue;&quot;&gt;&amp;gt;&lt;/span&gt;&lt;/span&gt;Title of the document&lt;span style=&quot;color: brown;&quot;&gt;&lt;span style=&quot;color: mediumblue;&quot;&gt;&amp;lt;&lt;/span&gt;/title&lt;span style=&quot;color: mediumblue;&quot;&gt;&amp;gt;&lt;/span&gt;&lt;/span&gt;&lt;br/&gt;&lt;span style=&quot;color: brown;&quot;&gt;&lt;span style=&quot;color: mediumblue;&quot;&gt;&amp;lt;&lt;/span&gt;/head&lt;span style=&quot;color: mediumblue;&quot;&gt;&amp;gt;&lt;/span&gt;&lt;/span&gt;&lt;br/&gt;&lt;br/&gt;&lt;span style=&quot;color: brown;&quot;&gt;&lt;span style=&quot;color: mediumblue;&quot;&gt;&amp;lt;&lt;/span&gt;body&lt;span style=&quot;color: mediumblue;&quot;&gt;&amp;gt;&lt;/span&gt;&lt;/span&gt;&lt;br/&gt;The content of the document......&lt;br/&gt;&lt;span style=&quot;color: brown;&quot;&gt;&lt;span style=&quot;color: mediumblue;&quot;&gt;&amp;lt;&lt;/span&gt;/body&lt;span style=&quot;color: mediumblue;&quot;&gt;&amp;gt;&lt;/span&gt;&lt;/span&gt;&lt;br/&gt;&lt;br/&gt;&lt;span style=&quot;color: brown;&quot;&gt;&lt;span style=&quot;color: mediumblue;&quot;&gt;&amp;lt;&lt;/span&gt;/html&lt;span style=&quot;color: mediumblue;&quot;&gt;&amp;gt;&lt;/span&gt;&lt;/span&gt; &lt;/div&gt;&lt;p&gt;&lt;/p&gt;","ParameterJSON":"{\"HeaderLinkIcon\":\"\",\"IsCustomEditor\":true,\"PreviewType\":\"iframe\"}","SubTitle":"Content Editor Widget","SupportsFullScreen":true,"Title":null}],"CanAddPage":false,"CanEditPage":false,"CanDeletePage":false,"CanPersonalizePage":false},"Description":"Time","Name":"Time","Url":"#/dash/Time","WebPartPageDefinitionKey":null,"WebPartPages":[{"Id":239,"title":"Time","Description":"Time","IsSystemLocked":false,"Name":"Time","IsGuestPage":false,"ParameterJSON":null,"Personalization":null,"Url":"#/dash/Time/initial","path":"dash/Time/initial","WebPartPageKey":null,"IsEnabled":true,"RPKey":null,"Priority":17,"WebParts":[{"Id":498,"ChromeStyle":1,"Definition":{"WebPartDefinitionKey":"About_Me","Title":"About Me","Description":"Displays key profile information about the employee.","SubTitle":"Photo, email and employment information","WebPartIconName":null,"WidgetNotificationMode":0,"WidgetDeeplinkUrlText":"View my profile","CategoryName":"Common","IsWebPartEnabled":true,"TypeName":"SumTotal.SPPortal.WebParts.Core.MySelf.AboutMe.AboutMe, SumTotal.SPPortal.WebParts, Version=1.0.0.0, Culture=neutral, PublicKeyToken=6b7f90fbd13cce01","WebPartServiceAgentInterfaceTypeName":null,"WebPartDefinitionXml":null,"HideWebPartHeader":true,"HideWebPartFooter":true,"IsFreeFlowing":false,"PillarKey":null,"ChromeStyle":7,"ParameterJSON":"{\"HeaderLinkIcon\":\"\",\"IsCustomEditor\":false,\"PreviewType\":\"aboutme\"}","TemplatePath":"app/modules/dashboard/views/webparts/widgetAboutMe.html","IsSystemLocked":false,"Category":{"Id":5,"Name":"Common","CategoryKey":"WebPartDefinition_Common","Description":"Common","ParentId":1,"OrdinalPosition":null},"Id":43},"HeaderColor":"","IsHidden":false,"Layout":"{\"x\":0,\"y\":0,\"width\":25,\"height\":20}","OverrideTemplate":null,"ParameterJSON":"{\"HeaderLinkIcon\":\"\",\"IsCustomEditor\":false,\"PreviewType\":\"aboutme\",\"fullScreen\":false,\"noScroll\":true}","SubTitle":"Photo, email and employment information","SupportsFullScreen":true,"Title":null},{"Id":507,"ChromeStyle":7,"Definition":{"WebPartDefinitionKey":"Common_ContentEditor","Title":"Content Editor","Description":"Enables users to add custom HTML to a dashboard.","SubTitle":"Content Editor Widget","WebPartIconName":null,"WidgetNotificationMode":0,"WidgetDeeplinkUrlText":null,"CategoryName":"Common","IsWebPartEnabled":true,"TypeName":null,"WebPartServiceAgentInterfaceTypeName":null,"WebPartDefinitionXml":null,"HideWebPartHeader":false,"HideWebPartFooter":true,"IsFreeFlowing":false,"PillarKey":null,"ChromeStyle":7,"ParameterJSON":"{\"HeaderLinkIcon\":\"\",\"IsCustomEditor\":true,\"PreviewType\":\"iframe\"}","TemplatePath":"app/modules/dashboard/views/webparts/widgetContentEditor.html","IsSystemLocked":false,"Category":{"Id":5,"Name":"Common","CategoryKey":"WebPartDefinition_Common","Description":"Common","ParentId":1,"OrdinalPosition":null},"Id":60},"HeaderColor":"","IsHidden":false,"Layout":"{\"x\":25,\"y\":0,\"width\":34,\"height\":20}","OverrideTemplate":"&lt;p&gt;&lt;/p&gt;&lt;div class=&quot;w3-code notranslate htmlHigh&quot;&gt;&lt;span style=&quot;color: brown;&quot;&gt;&lt;span style=&quot;color: mediumblue;&quot;&gt;&amp;lt;&lt;/span&gt;!DOCTYPE&lt;span style=&quot;color: red;&quot;&gt; html&lt;/span&gt;&lt;span style=&quot;color: mediumblue;&quot;&gt;&amp;gt;&lt;/span&gt;&lt;/span&gt;&lt;br/&gt;&lt;span style=&quot;color: brown;&quot;&gt;&lt;span style=&quot;color: mediumblue;&quot;&gt;&amp;lt;&lt;/span&gt;html&lt;span style=&quot;color: mediumblue;&quot;&gt;&amp;gt;&lt;/span&gt;&lt;/span&gt;&lt;br/&gt;&lt;span style=&quot;color: brown;&quot;&gt;&lt;span style=&quot;color: mediumblue;&quot;&gt;&amp;lt;&lt;/span&gt;head&lt;span style=&quot;color: mediumblue;&quot;&gt;&amp;gt;&lt;/span&gt;&lt;/span&gt;&lt;br/&gt;&lt;span style=&quot;color: brown;&quot;&gt;&lt;span style=&quot;color: mediumblue;&quot;&gt;&amp;lt;&lt;/span&gt;title&lt;span style=&quot;color: mediumblue;&quot;&gt;&amp;gt;&lt;/span&gt;&lt;/span&gt;Title of the document&lt;span style=&quot;color: brown;&quot;&gt;&lt;span style=&quot;color: mediumblue;&quot;&gt;&amp;lt;&lt;/span&gt;/title&lt;span style=&quot;color: mediumblue;&quot;&gt;&amp;gt;&lt;/span&gt;&lt;/span&gt;&lt;br/&gt;&lt;span style=&quot;color: brown;&quot;&gt;&lt;span style=&quot;color: mediumblue;&quot;&gt;&amp;lt;&lt;/span&gt;/head&lt;span style=&quot;color: mediumblue;&quot;&gt;&amp;gt;&lt;/span&gt;&lt;/span&gt;&lt;br/&gt;&lt;br/&gt;&lt;span style=&quot;color: brown;&quot;&gt;&lt;span style=&quot;color: mediumblue;&quot;&gt;&amp;lt;&lt;/span&gt;body&lt;span style=&quot;color: mediumblue;&quot;&gt;&amp;gt;&lt;/span&gt;&lt;/span&gt;&lt;br/&gt;The content of the document......&lt;br/&gt;&lt;span style=&quot;color: brown;&quot;&gt;&lt;span style=&quot;color: mediumblue;&quot;&gt;&amp;lt;&lt;/span&gt;/body&lt;span style=&quot;color: mediumblue;&quot;&gt;&amp;gt;&lt;/span&gt;&lt;/span&gt;&lt;br/&gt;&lt;br/&gt;&lt;span style=&quot;color: brown;&quot;&gt;&lt;span style=&quot;color: mediumblue;&quot;&gt;&amp;lt;&lt;/span&gt;/html&lt;span style=&quot;color: mediumblue;&quot;&gt;&amp;gt;&lt;/span&gt;&lt;/span&gt; &lt;/div&gt;&lt;p&gt;&lt;/p&gt;","ParameterJSON":"{\"HeaderLinkIcon\":\"\",\"IsCustomEditor\":true,\"PreviewType\":\"iframe\"}","SubTitle":"Content Editor Widget","SupportsFullScreen":true,"Title":null}],"CanAddPage":false,"CanEditPage":false,"CanDeletePage":false,"CanPersonalizePage":true}],"IsSystemLocked":false,"IsEnabled":true,"RPKey":null,"CanViewDashboard":true,"CanAddDashboard":false,"CanEditDashboard":false,"CanDeleteDashboard":false,"CanPersonalizeDashboard":true},{"Id":32,"DefaultPage":{"Id":241,"title":"Experience First","Description":"Experience First","IsSystemLocked":false,"Name":"Experience First","IsGuestPage":false,"ParameterJSON":null,"Personalization":null,"Url":"#/dash/engage/initial","path":"dash/engage","WebPartPageKey":null,"IsEnabled":true,"RPKey":null,"Priority":5,"WebParts":[{"Id":492,"ChromeStyle":6,"Definition":{"WebPartDefinitionKey":"Common_SearchWidget","Title":"Search","Description":"Quick Search for Courses, Training, Videos, Books and Audiobooks","SubTitle":"Search for Courses, Training, Videos, Books and Audiobooks","WebPartIconName":null,"WidgetNotificationMode":0,"WidgetDeeplinkUrlText":null,"CategoryName":"Learning","IsWebPartEnabled":true,"TypeName":null,"WebPartServiceAgentInterfaceTypeName":null,"WebPartDefinitionXml":null,"HideWebPartHeader":true,"HideWebPartFooter":false,"IsFreeFlowing":false,"PillarKey":null,"ChromeStyle":6,"ParameterJSON":"{\"HeaderLinkIcon\":\"\",\"IsCustomEditor\":false,\"PreviewType\":\"table\"}","TemplatePath":"app/modules/dashboard/views/webparts/widgetEnterpriseSearch.html","IsSystemLocked":false,"Category":{"Id":8,"Name":"Learning","CategoryKey":"WebPartDefinition_Learning","Description":"Learning","ParentId":1,"OrdinalPosition":null},"Id":113},"HeaderColor":"","IsHidden":false,"Layout":"{\"x\":0,\"y\":0,\"width\":99,\"height\":15}","OverrideTemplate":null,"ParameterJSON":"{\"HeaderLinkIcon\":\"\",\"IsCustomEditor\":false,\"PreviewType\":\"table\"}","SubTitle":"Search for Courses, Training, Videos, Books and Audiobooks","SupportsFullScreen":true,"Title":null},{"Id":493,"ChromeStyle":7,"Definition":{"WebPartDefinitionKey":"LM_MyLearning","Title":"My Learning","Description":"Provides user with graphical summary of their assigned training compliance status.","SubTitle":null,"WebPartIconName":null,"WidgetNotificationMode":0,"WidgetDeeplinkUrlText":null,"CategoryName":"Learning","IsWebPartEnabled":true,"TypeName":"SumTotal.SPPortal.WebParts.Core.Learning.MyLearning.MyLearning, SumTotal.SPPortal.WebParts, Version=1.0.0.0, Culture=neutral, PublicKeyToken=6b7f90fbd13cce01","WebPartServiceAgentInterfaceTypeName":"ILMWebPartContractAsync","WebPartDefinitionXml":null,"HideWebPartHeader":false,"HideWebPartFooter":true,"IsFreeFlowing":false,"PillarKey":"LM","ChromeStyle":7,"ParameterJSON":"{\"HeaderLinkIcon\":\"\",\"IsCustomEditor\":false,\"PreviewType\":\"html\"}","TemplatePath":"app/modules/dashboard/views/webparts/widgetMyLearning.html","IsSystemLocked":false,"Category":{"Id":8,"Name":"Learning","CategoryKey":"WebPartDefinition_Learning","Description":"Learning","ParentId":1,"OrdinalPosition":null},"Id":67},"HeaderColor":"","IsHidden":false,"Layout":"{\"x\":0,\"y\":15,\"width\":29,\"height\":20}","OverrideTemplate":null,"ParameterJSON":"{\"HeaderLinkIcon\":\"\",\"IsCustomEditor\":false,\"PreviewType\":\"html\"}","SubTitle":null,"SupportsFullScreen":true,"Title":null},{"Id":494,"ChromeStyle":7,"Definition":{"WebPartDefinitionKey":"LM_ResumeLearning","Title":"Resume Learning","Description":"Provides user with quick access to all recently launched non-completed training items.","SubTitle":"List of recently launched activities","WebPartIconName":null,"WidgetNotificationMode":0,"WidgetDeeplinkUrlText":"View All Recently Launched Activities","CategoryName":"Learning","IsWebPartEnabled":true,"TypeName":"SumTotal.SPPortal.WebParts.Core.Learning.RecentlyLaunched.RecentlyLaunched, SumTotal.SPPortal.WebParts, Version=1.0.0.0, Culture=neutral, PublicKeyToken=6b7f90fbd13cce01","WebPartServiceAgentInterfaceTypeName":"ILMWebPartContractAsync","WebPartDefinitionXml":null,"HideWebPartHeader":false,"HideWebPartFooter":true,"IsFreeFlowing":false,"PillarKey":"LM","ChromeStyle":7,"ParameterJSON":"{\"HeaderLinkIcon\":\"\",\"IsCustomEditor\":false,\"PreviewType\":\"table\"}","TemplatePath":"app/modules/dashboard/views/webparts/widgetRecentlyLaunchedActivitiesList.html","IsSystemLocked":false,"Category":{"Id":8,"Name":"Learning","CategoryKey":"WebPartDefinition_Learning","Description":"Learning","ParentId":1,"OrdinalPosition":null},"Id":114},"HeaderColor":"","IsHidden":false,"Layout":"{\"x\":29,\"y\":15,\"width\":70,\"height\":20}","OverrideTemplate":null,"ParameterJSON":"{\"HeaderLinkIcon\":\"\",\"IsCustomEditor\":false,\"PreviewType\":\"table\"}","SubTitle":"List of recently launched activities","SupportsFullScreen":true,"Title":null},{"Id":495,"ChromeStyle":7,"Definition":{"WebPartDefinitionKey":"LM_FavouritesCarousel","Title":"My Favorites","Description":"Supports quick access to content marked as a favorite by the user in a carousel.","SubTitle":"Activities, Categories, Collaboration Centers","WebPartIconName":null,"WidgetNotificationMode":1,"WidgetDeeplinkUrlText":"More...","CategoryName":"Learning","IsWebPartEnabled":true,"TypeName":"SumTotal.SPPortal.WebParts.Core.Learning.Favorites.Favorites, SumTotal.SPPortal.WebParts, Version=1.0.0.0, Culture=neutral, PublicKeyToken=6b7f90fbd13cce01","WebPartServiceAgentInterfaceTypeName":"ILMWebPartContractAsync","WebPartDefinitionXml":null,"HideWebPartHeader":false,"HideWebPartFooter":true,"IsFreeFlowing":false,"PillarKey":"LM","ChromeStyle":7,"ParameterJSON":"{\"HeaderLinkIcon\":\"\",\"IsCustomEditor\":false,\"PreviewType\":\"table\"}","TemplatePath":"app/modules/dashboard/views/webparts/widgetFavoritesCarousel.html","IsSystemLocked":false,"Category":{"Id":8,"Name":"Learning","CategoryKey":"WebPartDefinition_Learning","Description":"Learning","ParentId":1,"OrdinalPosition":null},"Id":112},"HeaderColor":"","IsHidden":false,"Layout":"{\"x\":0,\"y\":35,\"width\":99,\"height\":20}","OverrideTemplate":null,"ParameterJSON":"{\"HeaderLinkIcon\":\"\",\"IsCustomEditor\":false,\"PreviewType\":\"table\"}","SubTitle":"Activities, Categories, Collaboration Centers","SupportsFullScreen":true,"Title":null},{"Id":496,"ChromeStyle":6,"Definition":{"WebPartDefinitionKey":"LM_RecommendedActivities","Title":"Recommended Activities","Description":"Displays recommended activities based on your interests, your required skills, and suggestions from others in your organization in a carousel.","SubTitle":null,"WebPartIconName":null,"WidgetNotificationMode":0,"WidgetDeeplinkUrlText":null,"CategoryName":"Learning","IsWebPartEnabled":true,"TypeName":null,"WebPartServiceAgentInterfaceTypeName":null,"WebPartDefinitionXml":null,"HideWebPartHeader":true,"HideWebPartFooter":true,"IsFreeFlowing":false,"PillarKey":"LM","ChromeStyle":6,"ParameterJSON":"{\"HeaderLinkIcon\":\"\",\"IsCustomEditor\":false,\"PreviewType\":\"table\"}","TemplatePath":"app/modules/dashboard/views/webparts/widgetRecommendedActivitiesCarousel.html","IsSystemLocked":false,"Category":{"Id":8,"Name":"Learning","CategoryKey":"WebPartDefinition_Learning","Description":"Learning","ParentId":1,"OrdinalPosition":null},"Id":115},"HeaderColor":"","IsHidden":false,"Layout":"{\"x\":0,\"y\":55,\"width\":99,\"height\":20}","OverrideTemplate":null,"ParameterJSON":"{\"HeaderLinkIcon\":\"\",\"IsCustomEditor\":false,\"PreviewType\":\"table\"}","SubTitle":null,"SupportsFullScreen":true,"Title":null},{"Id":497,"ChromeStyle":7,"Definition":{"WebPartDefinitionKey":"My_Development_Plan","Title":"My Development Plan","Description":"Displays a user's Development Plan","SubTitle":"My Development Plan","WebPartIconName":null,"WidgetNotificationMode":0,"WidgetDeeplinkUrlText":null,"CategoryName":"Common","IsWebPartEnabled":true,"TypeName":null,"WebPartServiceAgentInterfaceTypeName":null,"WebPartDefinitionXml":null,"HideWebPartHeader":false,"HideWebPartFooter":true,"IsFreeFlowing":false,"PillarKey":null,"ChromeStyle":7,"ParameterJSON":"{\"HeaderLinkIcon\":\"\",\"IsCustomEditor\":false,\"PreviewType\":\"table\"}","TemplatePath":"app/modules/dashboard/views/webparts/widgetDevelopmentPlan.html","IsSystemLocked":false,"Category":{"Id":5,"Name":"Common","CategoryKey":"WebPartDefinition_Common","Description":"Common","ParentId":1,"OrdinalPosition":null},"Id":90},"HeaderColor":"","IsHidden":false,"Layout":"{\"x\":0,\"y\":75,\"width\":48,\"height\":21}","OverrideTemplate":null,"ParameterJSON":"{\"HeaderLinkIcon\":\"\",\"IsCustomEditor\":false,\"PreviewType\":\"table\"}","SubTitle":"My Development Plan","SupportsFullScreen":true,"Title":null}],"CanAddPage":false,"CanEditPage":false,"CanDeletePage":false,"CanPersonalizePage":false},"Description":"This engaging experience is unparalleled in the marketplace","Name":"Experience First","Url":"#/dash/engage","WebPartPageDefinitionKey":null,"WebPartPages":[{"Id":241,"title":"Experience First","Description":"Experience First","IsSystemLocked":false,"Name":"Experience First","IsGuestPage":false,"ParameterJSON":null,"Personalization":null,"Url":"#/dash/engage/initial","path":"dash/engage/initial","WebPartPageKey":null,"IsEnabled":true,"RPKey":null,"Priority":5,"WebParts":[{"Id":492,"ChromeStyle":6,"Definition":{"WebPartDefinitionKey":"Common_SearchWidget","Title":"Search","Description":"Quick Search for Courses, Training, Videos, Books and Audiobooks","SubTitle":"Search for Courses, Training, Videos, Books and Audiobooks","WebPartIconName":null,"WidgetNotificationMode":0,"WidgetDeeplinkUrlText":null,"CategoryName":"Learning","IsWebPartEnabled":true,"TypeName":null,"WebPartServiceAgentInterfaceTypeName":null,"WebPartDefinitionXml":null,"HideWebPartHeader":true,"HideWebPartFooter":false,"IsFreeFlowing":false,"PillarKey":null,"ChromeStyle":6,"ParameterJSON":"{\"HeaderLinkIcon\":\"\",\"IsCustomEditor\":false,\"PreviewType\":\"table\"}","TemplatePath":"app/modules/dashboard/views/webparts/widgetEnterpriseSearch.html","IsSystemLocked":false,"Category":{"Id":8,"Name":"Learning","CategoryKey":"WebPartDefinition_Learning","Description":"Learning","ParentId":1,"OrdinalPosition":null},"Id":113},"HeaderColor":"","IsHidden":false,"Layout":"{\"x\":0,\"y\":0,\"width\":99,\"height\":15}","OverrideTemplate":null,"ParameterJSON":"{\"HeaderLinkIcon\":\"\",\"IsCustomEditor\":false,\"PreviewType\":\"table\"}","SubTitle":"Search for Courses, Training, Videos, Books and Audiobooks","SupportsFullScreen":true,"Title":null},{"Id":493,"ChromeStyle":7,"Definition":{"WebPartDefinitionKey":"LM_MyLearning","Title":"My Learning","Description":"Provides user with graphical summary of their assigned training compliance status.","SubTitle":null,"WebPartIconName":null,"WidgetNotificationMode":0,"WidgetDeeplinkUrlText":null,"CategoryName":"Learning","IsWebPartEnabled":true,"TypeName":"SumTotal.SPPortal.WebParts.Core.Learning.MyLearning.MyLearning, SumTotal.SPPortal.WebParts, Version=1.0.0.0, Culture=neutral, PublicKeyToken=6b7f90fbd13cce01","WebPartServiceAgentInterfaceTypeName":"ILMWebPartContractAsync","WebPartDefinitionXml":null,"HideWebPartHeader":false,"HideWebPartFooter":true,"IsFreeFlowing":false,"PillarKey":"LM","ChromeStyle":7,"ParameterJSON":"{\"HeaderLinkIcon\":\"\",\"IsCustomEditor\":false,\"PreviewType\":\"html\"}","TemplatePath":"app/modules/dashboard/views/webparts/widgetMyLearning.html","IsSystemLocked":false,"Category":{"Id":8,"Name":"Learning","CategoryKey":"WebPartDefinition_Learning","Description":"Learning","ParentId":1,"OrdinalPosition":null},"Id":67},"HeaderColor":"","IsHidden":false,"Layout":"{\"x\":0,\"y\":15,\"width\":29,\"height\":20}","OverrideTemplate":null,"ParameterJSON":"{\"HeaderLinkIcon\":\"\",\"IsCustomEditor\":false,\"PreviewType\":\"html\"}","SubTitle":null,"SupportsFullScreen":true,"Title":null},{"Id":494,"ChromeStyle":7,"Definition":{"WebPartDefinitionKey":"LM_ResumeLearning","Title":"Resume Learning","Description":"Provides user with quick access to all recently launched non-completed training items.","SubTitle":"List of recently launched activities","WebPartIconName":null,"WidgetNotificationMode":0,"WidgetDeeplinkUrlText":"View All Recently Launched Activities","CategoryName":"Learning","IsWebPartEnabled":true,"TypeName":"SumTotal.SPPortal.WebParts.Core.Learning.RecentlyLaunched.RecentlyLaunched, SumTotal.SPPortal.WebParts, Version=1.0.0.0, Culture=neutral, PublicKeyToken=6b7f90fbd13cce01","WebPartServiceAgentInterfaceTypeName":"ILMWebPartContractAsync","WebPartDefinitionXml":null,"HideWebPartHeader":false,"HideWebPartFooter":true,"IsFreeFlowing":false,"PillarKey":"LM","ChromeStyle":7,"ParameterJSON":"{\"HeaderLinkIcon\":\"\",\"IsCustomEditor\":false,\"PreviewType\":\"table\"}","TemplatePath":"app/modules/dashboard/views/webparts/widgetRecentlyLaunchedActivitiesList.html","IsSystemLocked":false,"Category":{"Id":8,"Name":"Learning","CategoryKey":"WebPartDefinition_Learning","Description":"Learning","ParentId":1,"OrdinalPosition":null},"Id":114},"HeaderColor":"","IsHidden":false,"Layout":"{\"x\":29,\"y\":15,\"width\":70,\"height\":20}","OverrideTemplate":null,"ParameterJSON":"{\"HeaderLinkIcon\":\"\",\"IsCustomEditor\":false,\"PreviewType\":\"table\"}","SubTitle":"List of recently launched activities","SupportsFullScreen":true,"Title":null},{"Id":495,"ChromeStyle":7,"Definition":{"WebPartDefinitionKey":"LM_FavouritesCarousel","Title":"My Favorites","Description":"Supports quick access to content marked as a favorite by the user in a carousel.","SubTitle":"Activities, Categories, Collaboration Centers","WebPartIconName":null,"WidgetNotificationMode":1,"WidgetDeeplinkUrlText":"More...","CategoryName":"Learning","IsWebPartEnabled":true,"TypeName":"SumTotal.SPPortal.WebParts.Core.Learning.Favorites.Favorites, SumTotal.SPPortal.WebParts, Version=1.0.0.0, Culture=neutral, PublicKeyToken=6b7f90fbd13cce01","WebPartServiceAgentInterfaceTypeName":"ILMWebPartContractAsync","WebPartDefinitionXml":null,"HideWebPartHeader":false,"HideWebPartFooter":true,"IsFreeFlowing":false,"PillarKey":"LM","ChromeStyle":7,"ParameterJSON":"{\"HeaderLinkIcon\":\"\",\"IsCustomEditor\":false,\"PreviewType\":\"table\"}","TemplatePath":"app/modules/dashboard/views/webparts/widgetFavoritesCarousel.html","IsSystemLocked":false,"Category":{"Id":8,"Name":"Learning","CategoryKey":"WebPartDefinition_Learning","Description":"Learning","ParentId":1,"OrdinalPosition":null},"Id":112},"HeaderColor":"","IsHidden":false,"Layout":"{\"x\":0,\"y\":35,\"width\":99,\"height\":20}","OverrideTemplate":null,"ParameterJSON":"{\"HeaderLinkIcon\":\"\",\"IsCustomEditor\":false,\"PreviewType\":\"table\"}","SubTitle":"Activities, Categories, Collaboration Centers","SupportsFullScreen":true,"Title":null},{"Id":496,"ChromeStyle":6,"Definition":{"WebPartDefinitionKey":"LM_RecommendedActivities","Title":"Recommended Activities","Description":"Displays recommended activities based on your interests, your required skills, and suggestions from others in your organization in a carousel.","SubTitle":null,"WebPartIconName":null,"WidgetNotificationMode":0,"WidgetDeeplinkUrlText":null,"CategoryName":"Learning","IsWebPartEnabled":true,"TypeName":null,"WebPartServiceAgentInterfaceTypeName":null,"WebPartDefinitionXml":null,"HideWebPartHeader":true,"HideWebPartFooter":true,"IsFreeFlowing":false,"PillarKey":"LM","ChromeStyle":6,"ParameterJSON":"{\"HeaderLinkIcon\":\"\",\"IsCustomEditor\":false,\"PreviewType\":\"table\"}","TemplatePath":"app/modules/dashboard/views/webparts/widgetRecommendedActivitiesCarousel.html","IsSystemLocked":false,"Category":{"Id":8,"Name":"Learning","CategoryKey":"WebPartDefinition_Learning","Description":"Learning","ParentId":1,"OrdinalPosition":null},"Id":115},"HeaderColor":"","IsHidden":false,"Layout":"{\"x\":0,\"y\":55,\"width\":99,\"height\":20}","OverrideTemplate":null,"ParameterJSON":"{\"HeaderLinkIcon\":\"\",\"IsCustomEditor\":false,\"PreviewType\":\"table\"}","SubTitle":null,"SupportsFullScreen":true,"Title":null},{"Id":497,"ChromeStyle":7,"Definition":{"WebPartDefinitionKey":"My_Development_Plan","Title":"My Development Plan","Description":"Displays a user's Development Plan","SubTitle":"My Development Plan","WebPartIconName":null,"WidgetNotificationMode":0,"WidgetDeeplinkUrlText":null,"CategoryName":"Common","IsWebPartEnabled":true,"TypeName":null,"WebPartServiceAgentInterfaceTypeName":null,"WebPartDefinitionXml":null,"HideWebPartHeader":false,"HideWebPartFooter":true,"IsFreeFlowing":false,"PillarKey":null,"ChromeStyle":7,"ParameterJSON":"{\"HeaderLinkIcon\":\"\",\"IsCustomEditor\":false,\"PreviewType\":\"table\"}","TemplatePath":"app/modules/dashboard/views/webparts/widgetDevelopmentPlan.html","IsSystemLocked":false,"Category":{"Id":5,"Name":"Common","CategoryKey":"WebPartDefinition_Common","Description":"Common","ParentId":1,"OrdinalPosition":null},"Id":90},"HeaderColor":"","IsHidden":false,"Layout":"{\"x\":0,\"y\":75,\"width\":48,\"height\":21}","OverrideTemplate":null,"ParameterJSON":"{\"HeaderLinkIcon\":\"\",\"IsCustomEditor\":false,\"PreviewType\":\"table\"}","SubTitle":"My Development Plan","SupportsFullScreen":true,"Title":null}],"CanAddPage":false,"CanEditPage":false,"CanDeletePage":false,"CanPersonalizePage":true}],"IsSystemLocked":false,"IsEnabled":true,"RPKey":null,"CanViewDashboard":true,"CanAddDashboard":false,"CanEditDashboard":false,"CanDeleteDashboard":false,"CanPersonalizeDashboard":true},{"Id":35,"DefaultPage":{"Id":244,"title":"!!DB1_194703_12pm","Description":"!!DB1_194703_12pm","IsSystemLocked":false,"Name":"!!DB1_194703_12pm","IsGuestPage":false,"ParameterJSON":null,"Personalization":null,"Url":"#/dash/194703Description/initial","path":"dash/194703Description","WebPartPageKey":null,"IsEnabled":true,"RPKey":null,"Priority":22,"WebParts":[],"CanAddPage":false,"CanEditPage":false,"CanDeletePage":false,"CanPersonalizePage":false},"Description":"194703Description","Name":"!!DB1_194703_12pm","Url":"#/dash/194703Description","WebPartPageDefinitionKey":null,"WebPartPages":[{"Id":244,"title":"!!DB1_194703_12pm","Description":"!!DB1_194703_12pm","IsSystemLocked":false,"Name":"!!DB1_194703_12pm","IsGuestPage":false,"ParameterJSON":null,"Personalization":null,"Url":"#/dash/194703Description/initial","path":"dash/194703Description/initial","WebPartPageKey":null,"IsEnabled":true,"RPKey":null,"Priority":22,"WebParts":[],"CanAddPage":false,"CanEditPage":false,"CanDeletePage":false,"CanPersonalizePage":true}],"IsSystemLocked":false,"IsEnabled":true,"RPKey":null,"CanViewDashboard":true,"CanAddDashboard":false,"CanEditDashboard":false,"CanDeleteDashboard":false,"CanPersonalizeDashboard":true},{"Id":36,"DefaultPage":{"Id":245,"title":"DB_194688_3pm","Description":"DB_194688_3pm","IsSystemLocked":false,"Name":"DB_194688_3pm","IsGuestPage":false,"ParameterJSON":null,"Personalization":null,"Url":"#/dash/DB_194688_3pm/initial","path":"dash/DB_194688_3pm","WebPartPageKey":null,"IsEnabled":true,"RPKey":null,"Priority":23,"WebParts":[],"CanAddPage":false,"CanEditPage":false,"CanDeletePage":false,"CanPersonalizePage":false},"Description":"Test page description","Name":"DB_194688_3pm","Url":"#/dash/DB_194688_3pm","WebPartPageDefinitionKey":null,"WebPartPages":[{"Id":245,"title":"DB_194688_3pm","Description":"DB_194688_3pm","IsSystemLocked":false,"Name":"DB_194688_3pm","IsGuestPage":false,"ParameterJSON":null,"Personalization":null,"Url":"#/dash/DB_194688_3pm/initial","path":"dash/DB_194688_3pm/initial","WebPartPageKey":null,"IsEnabled":true,"RPKey":null,"Priority":23,"WebParts":[],"CanAddPage":false,"CanEditPage":false,"CanDeletePage":false,"CanPersonalizePage":true},{"Id":246,"title":"DBPage_194688_3pm","Description":"Test page description","IsSystemLocked":false,"Name":"DBPage_194688_3pm","IsGuestPage":false,"ParameterJSON":null,"Personalization":null,"Url":"#/dash/DB_194688_3pm/DBPage_194688_3pm","path":"dash/DB_194688_3pm/DBPage_194688_3pm","WebPartPageKey":null,"IsEnabled":true,"RPKey":null,"Priority":24,"WebParts":[],"CanAddPage":false,"CanEditPage":false,"CanDeletePage":false,"CanPersonalizePage":true}],"IsSystemLocked":false,"IsEnabled":true,"RPKey":null,"CanViewDashboard":true,"CanAddDashboard":false,"CanEditDashboard":false,"CanDeleteDashboard":false,"CanPersonalizeDashboard":true},{"Id":37,"DefaultPage":{"Id":247,"title":"!!DB_194651_12pm","Description":"!!DB_194651_12pm","IsSystemLocked":false,"Name":"!!DB_194651_12pm","IsGuestPage":false,"ParameterJSON":null,"Personalization":null,"Url":"#/dash/Dashboard_12pmDescription/initial","path":"dash/Dashboard_12pmDescription","WebPartPageKey":null,"IsEnabled":true,"RPKey":null,"Priority":25,"WebParts":[{"Id":500,"ChromeStyle":7,"Definition":{"WebPartDefinitionKey":"LM_MyCommunities","Title":"My Communities","Description":"Recent posts for the communities which the logged in user is a member, supported by an option to view all updates.","SubTitle":"Favorite discussion forums","WebPartIconName":null,"WidgetNotificationMode":1,"WidgetDeeplinkUrlText":"View All Communities","CategoryName":"Social","IsWebPartEnabled":true,"TypeName":"SumTotal.SPPortal.WebParts.Core.Social.MyCommunities.MyCommunities, SumTotal.SPPortal.WebParts, Version=1.0.0.0, Culture=neutral, PublicKeyToken=6b7f90fbd13cce01","WebPartServiceAgentInterfaceTypeName":"ILMWebPartContractAsync","WebPartDefinitionXml":null,"HideWebPartHeader":false,"HideWebPartFooter":true,"IsFreeFlowing":false,"PillarKey":"LM","ChromeStyle":7,"ParameterJSON":"{\"HeaderLinkIcon\": \"\", \"IsCustomEditor\": false, \"PreviewType\" : \"table\"}","TemplatePath":"app/modules/dashboard/views/webparts/widgetMyCommunities.html","IsSystemLocked":false,"Category":{"Id":11,"Name":"Social","CategoryKey":"WebPartDefinition_Social","Description":"Social","ParentId":1,"OrdinalPosition":null},"Id":5},"HeaderColor":"","IsHidden":false,"Layout":"{\"x\":0,\"y\":0,\"width\":25,\"height\":20}","OverrideTemplate":null,"ParameterJSON":"{\"HeaderLinkIcon\":\"\",\"IsCustomEditor\":false,\"PreviewType\":\"table\"}","SubTitle":"Favorite discussion forums","SupportsFullScreen":true,"Title":null}],"CanAddPage":false,"CanEditPage":false,"CanDeletePage":false,"CanPersonalizePage":false},"Description":"Dashboard_12pmDescription","Name":"!!DB_194651_12pm","Url":"#/dash/Dashboard_12pmDescription","WebPartPageDefinitionKey":null,"WebPartPages":[{"Id":247,"title":"!!DB_194651_12pm","Description":"!!DB_194651_12pm","IsSystemLocked":false,"Name":"!!DB_194651_12pm","IsGuestPage":false,"ParameterJSON":null,"Personalization":null,"Url":"#/dash/Dashboard_12pmDescription/initial","path":"dash/Dashboard_12pmDescription/initial","WebPartPageKey":null,"IsEnabled":true,"RPKey":null,"Priority":25,"WebParts":[{"Id":500,"ChromeStyle":7,"Definition":{"WebPartDefinitionKey":"LM_MyCommunities","Title":"My Communities","Description":"Recent posts for the communities which the logged in user is a member, supported by an option to view all updates.","SubTitle":"Favorite discussion forums","WebPartIconName":null,"WidgetNotificationMode":1,"WidgetDeeplinkUrlText":"View All Communities","CategoryName":"Social","IsWebPartEnabled":true,"TypeName":"SumTotal.SPPortal.WebParts.Core.Social.MyCommunities.MyCommunities, SumTotal.SPPortal.WebParts, Version=1.0.0.0, Culture=neutral, PublicKeyToken=6b7f90fbd13cce01","WebPartServiceAgentInterfaceTypeName":"ILMWebPartContractAsync","WebPartDefinitionXml":null,"HideWebPartHeader":false,"HideWebPartFooter":true,"IsFreeFlowing":false,"PillarKey":"LM","ChromeStyle":7,"ParameterJSON":"{\"HeaderLinkIcon\": \"\", \"IsCustomEditor\": false, \"PreviewType\" : \"table\"}","TemplatePath":"app/modules/dashboard/views/webparts/widgetMyCommunities.html","IsSystemLocked":false,"Category":{"Id":11,"Name":"Social","CategoryKey":"WebPartDefinition_Social","Description":"Social","ParentId":1,"OrdinalPosition":null},"Id":5},"HeaderColor":"","IsHidden":false,"Layout":"{\"x\":0,\"y\":0,\"width\":25,\"height\":20}","OverrideTemplate":null,"ParameterJSON":"{\"HeaderLinkIcon\":\"\",\"IsCustomEditor\":false,\"PreviewType\":\"table\"}","SubTitle":"Favorite discussion forums","SupportsFullScreen":true,"Title":null}],"CanAddPage":false,"CanEditPage":false,"CanDeletePage":false,"CanPersonalizePage":true}],"IsSystemLocked":false,"IsEnabled":true,"RPKey":null,"CanViewDashboard":true,"CanAddDashboard":false,"CanEditDashboard":false,"CanDeleteDashboard":false,"CanPersonalizeDashboard":true},{"Id":38,"DefaultPage":{"Id":249,"title":"DB1_194688_3pm","Description":"DB1_194688_3pm","IsSystemLocked":false,"Name":"DB1_194688_3pm","IsGuestPage":false,"ParameterJSON":null,"Personalization":null,"Url":"#/dash/DB1_194688_3pm/initial","path":"dash/DB1_194688_3pm","WebPartPageKey":null,"IsEnabled":true,"RPKey":null,"Priority":27,"WebParts":[],"CanAddPage":false,"CanEditPage":false,"CanDeletePage":false,"CanPersonalizePage":false},"Description":"Test page description","Name":"DB1_194688_3pm","Url":"#/dash/DB1_194688_3pm","WebPartPageDefinitionKey":null,"WebPartPages":[{"Id":249,"title":"DB1_194688_3pm","Description":"DB1_194688_3pm","IsSystemLocked":false,"Name":"DB1_194688_3pm","IsGuestPage":false,"ParameterJSON":null,"Personalization":null,"Url":"#/dash/DB1_194688_3pm/initial","path":"dash/DB1_194688_3pm/initial","WebPartPageKey":null,"IsEnabled":true,"RPKey":null,"Priority":27,"WebParts":[],"CanAddPage":false,"CanEditPage":false,"CanDeletePage":false,"CanPersonalizePage":true},{"Id":250,"title":"DBPage1_194688_3pm","Description":"Test page description","IsSystemLocked":false,"Name":"DBPage1_194688_3pm","IsGuestPage":false,"ParameterJSON":null,"Personalization":null,"Url":"#/dash/DB1_194688_3pm/DBPage1_194688_3pm","path":"dash/DB1_194688_3pm/DBPage1_194688_3pm","WebPartPageKey":null,"IsEnabled":true,"RPKey":null,"Priority":28,"WebParts":[],"CanAddPage":false,"CanEditPage":false,"CanDeletePage":false,"CanPersonalizePage":true}],"IsSystemLocked":false,"IsEnabled":true,"RPKey":null,"CanViewDashboard":true,"CanAddDashboard":false,"CanEditDashboard":false,"CanDeleteDashboard":false,"CanPersonalizeDashboard":true},{"Id":39,"DefaultPage":{"Id":251,"title":"!!DB_224639_12pm","Description":"!!DB_224639_12pm","IsSystemLocked":false,"Name":"!!DB_224639_12pm","IsGuestPage":false,"ParameterJSON":null,"Personalization":null,"Url":"#/dash/224639Dashboard_12pmDescription/initial","path":"dash/224639Dashboard_12pmDescription","WebPartPageKey":null,"IsEnabled":true,"RPKey":null,"Priority":29,"WebParts":[],"CanAddPage":false,"CanEditPage":false,"CanDeletePage":false,"CanPersonalizePage":false},"Description":"224639Dashboard_12pmDescription","Name":"!!DB_224639_12pm","Url":"#/dash/224639Dashboard_12pmDescription","WebPartPageDefinitionKey":null,"WebPartPages":[{"Id":251,"title":"!!DB_224639_12pm","Description":"!!DB_224639_12pm","IsSystemLocked":false,"Name":"!!DB_224639_12pm","IsGuestPage":false,"ParameterJSON":null,"Personalization":null,"Url":"#/dash/224639Dashboard_12pmDescription/initial","path":"dash/224639Dashboard_12pmDescription/initial","WebPartPageKey":null,"IsEnabled":true,"RPKey":null,"Priority":29,"WebParts":[],"CanAddPage":false,"CanEditPage":false,"CanDeletePage":false,"CanPersonalizePage":true},{"Id":253,"title":"!!DBP_224639_12pm","Description":"Dashboardpage_12pmDescription","IsSystemLocked":false,"Name":"!!DBP_224639_12pm","IsGuestPage":false,"ParameterJSON":null,"Personalization":null,"Url":"#/dash/224639Dashboard_12pmDescription/Dashboardpage_12pmDescription","path":"dash/224639Dashboard_12pmDescription/Dashboardpage_12pmDescription","WebPartPageKey":null,"IsEnabled":true,"RPKey":null,"Priority":30,"WebParts":[],"CanAddPage":false,"CanEditPage":false,"CanDeletePage":false,"CanPersonalizePage":true}],"IsSystemLocked":false,"IsEnabled":true,"RPKey":null,"CanViewDashboard":true,"CanAddDashboard":false,"CanEditDashboard":false,"CanDeleteDashboard":false,"CanPersonalizeDashboard":true},{"Id":40,"DefaultPage":null,"Description":"This Dashboard is related to Sumtotal Dashboardpage","Name":"DB_194657_13pm","Url":"#/dash/DB_194657_13pm","WebPartPageDefinitionKey":null,"WebPartPages":[{"Id":254,"title":"DBP_194657_13pm","Description":"This Dashboard is related to Sumtotal Dashboardpage","IsSystemLocked":false,"Name":"DBP_194657_13pm","IsGuestPage":false,"ParameterJSON":null,"Personalization":null,"Url":"#/dash/DB_194657_13pm/DBP_194657_13pm","path":"dash/DB_194657_13pm/DBP_194657_13pm","WebPartPageKey":null,"IsEnabled":true,"RPKey":null,"Priority":31,"WebParts":[],"CanAddPage":false,"CanEditPage":false,"CanDeletePage":false,"CanPersonalizePage":true}],"IsSystemLocked":false,"IsEnabled":true,"RPKey":null,"CanViewDashboard":true,"CanAddDashboard":false,"CanEditDashboard":false,"CanDeleteDashboard":false,"CanPersonalizeDashboard":true},{"Id":41,"DefaultPage":{"Id":255,"title":"DB_195640_13pm","Description":"DB_195640_13pm","IsSystemLocked":false,"Name":"DB_195640_13pm","IsGuestPage":false,"ParameterJSON":null,"Personalization":null,"Url":"#/dash/DB_195640_13pm/initial","path":"dash/DB_195640_13pm","WebPartPageKey":null,"IsEnabled":true,"RPKey":null,"Priority":32,"WebParts":[],"CanAddPage":false,"CanEditPage":false,"CanDeletePage":false,"CanPersonalizePage":false},"Description":"This Dashboard is related to Sumtotal Dashboardpage","Name":"DB_195640_13pm","Url":"#/dash/DB_195640_13pm","WebPartPageDefinitionKey":null,"WebPartPages":[{"Id":255,"title":"DB_195640_13pm","Description":"DB_195640_13pm","IsSystemLocked":false,"Name":"DB_195640_13pm","IsGuestPage":false,"ParameterJSON":null,"Personalization":null,"Url":"#/dash/DB_195640_13pm/initial","path":"dash/DB_195640_13pm/initial","WebPartPageKey":null,"IsEnabled":true,"RPKey":null,"Priority":32,"WebParts":[],"CanAddPage":false,"CanEditPage":false,"CanDeletePage":false,"CanPersonalizePage":true},{"Id":256,"title":"DBP_195640_13pm","Description":"This Dashboard is related to Sumtotal Dashboardpage","IsSystemLocked":false,"Name":"DBP_195640_13pm","IsGuestPage":false,"ParameterJSON":null,"Personalization":null,"Url":"#/dash/DB_195640_13pm/DBP_195640_13pm","path":"dash/DB_195640_13pm/DBP_195640_13pm","WebPartPageKey":null,"IsEnabled":true,"RPKey":null,"Priority":33,"WebParts":[],"CanAddPage":false,"CanEditPage":false,"CanDeletePage":false,"CanPersonalizePage":true},{"Id":257,"title":"DBP11_195640_13pm","Description":"This Dashboard is related to Sumtotal Dashboardpage","IsSystemLocked":false,"Name":"DBP11_195640_13pm","IsGuestPage":false,"ParameterJSON":null,"Personalization":null,"Url":"#/dash/DB_195640_13pm/DBP11_195640_13pm","path":"dash/DB_195640_13pm/DBP11_195640_13pm","WebPartPageKey":null,"IsEnabled":true,"RPKey":null,"Priority":34,"WebParts":[],"CanAddPage":false,"CanEditPage":false,"CanDeletePage":false,"CanPersonalizePage":true}],"IsSystemLocked":false,"IsEnabled":true,"RPKey":null,"CanViewDashboard":true,"CanAddDashboard":false,"CanEditDashboard":false,"CanDeleteDashboard":false,"CanPersonalizeDashboard":true},{"Id":42,"DefaultPage":{"Id":258,"title":"DB_195648_12pm","Description":"DB_195648_12pm","IsSystemLocked":false,"Name":"DB_195648_12pm","IsGuestPage":false,"ParameterJSON":null,"Personalization":null,"Url":"#/dash/DB_195648_12pm/initial","path":"dash/DB_195648_12pm","WebPartPageKey":null,"IsEnabled":true,"RPKey":null,"Priority":35,"WebParts":[],"CanAddPage":false,"CanEditPage":false,"CanDeletePage":false,"CanPersonalizePage":false},"Description":"Verifying the copy of the dashboard page","Name":"DB_195648_12pm","Url":"#/dash/DB_195648_12pm","WebPartPageDefinitionKey":null,"WebPartPages":[{"Id":258,"title":"DB_195648_12pm","Description":"DB_195648_12pm","IsSystemLocked":false,"Name":"DB_195648_12pm","IsGuestPage":false,"ParameterJSON":null,"Personalization":null,"Url":"#/dash/DB_195648_12pm/initial","path":"dash/DB_195648_12pm/initial","WebPartPageKey":null,"IsEnabled":true,"RPKey":null,"Priority":35,"WebParts":[],"CanAddPage":false,"CanEditPage":false,"CanDeletePage":false,"CanPersonalizePage":true},{"Id":259,"title":"DBP_195648_12pm","Description":"Verifying the copy of the dashboard page","IsSystemLocked":false,"Name":"DBP_195648_12pm","IsGuestPage":false,"ParameterJSON":null,"Personalization":null,"Url":"#/dash/DB_195648_12pm/DBP_195648_12pm","path":"dash/DB_195648_12pm/DBP_195648_12pm","WebPartPageKey":null,"IsEnabled":true,"RPKey":null,"Priority":36,"WebParts":[],"CanAddPage":false,"CanEditPage":false,"CanDeletePage":false,"CanPersonalizePage":true},{"Id":260,"title":"DBP1_195648_12pm","Description":"Verifying the copy of the dashboard page","IsSystemLocked":false,"Name":"DBP1_195648_12pm","IsGuestPage":false,"ParameterJSON":null,"Personalization":null,"Url":"#/dash/DB_195648_12pm/DBP1_195648_12pm","path":"dash/DB_195648_12pm/DBP1_195648_12pm","WebPartPageKey":null,"IsEnabled":true,"RPKey":null,"Priority":37,"WebParts":[{"Id":508,"ChromeStyle":7,"Definition":{"WebPartDefinitionKey":"About_Me","Title":"About Me","Description":"Displays key profile information about the employee.","SubTitle":"Photo, email and employment information","WebPartIconName":null,"WidgetNotificationMode":0,"WidgetDeeplinkUrlText":"View my profile","CategoryName":"Common","IsWebPartEnabled":true,"TypeName":"SumTotal.SPPortal.WebParts.Core.MySelf.AboutMe.AboutMe, SumTotal.SPPortal.WebParts, Version=1.0.0.0, Culture=neutral, PublicKeyToken=6b7f90fbd13cce01","WebPartServiceAgentInterfaceTypeName":null,"WebPartDefinitionXml":null,"HideWebPartHeader":true,"HideWebPartFooter":true,"IsFreeFlowing":false,"PillarKey":null,"ChromeStyle":7,"ParameterJSON":"{\"HeaderLinkIcon\":\"\",\"IsCustomEditor\":false,\"PreviewType\":\"aboutme\"}","TemplatePath":"app/modules/dashboard/views/webparts/widgetAboutMe.html","IsSystemLocked":false,"Category":{"Id":5,"Name":"Common","CategoryKey":"WebPartDefinition_Common","Description":"Common","ParentId":1,"OrdinalPosition":null},"Id":43},"HeaderColor":"","IsHidden":false,"Layout":"{\"x\":0,\"y\":0,\"width\":25,\"height\":20}","OverrideTemplate":null,"ParameterJSON":"{\"HeaderLinkIcon\":\"\",\"IsCustomEditor\":false,\"PreviewType\":\"aboutme\"}","SubTitle":"Photo, email and employment information","SupportsFullScreen":true,"Title":null}],"CanAddPage":false,"CanEditPage":false,"CanDeletePage":false,"CanPersonalizePage":true}],"IsSystemLocked":false,"IsEnabled":true,"RPKey":null,"CanViewDashboard":true,"CanAddDashboard":false,"CanEditDashboard":false,"CanDeleteDashboard":false,"CanPersonalizeDashboard":true},{"Id":43,"DefaultPage":{"Id":261,"title":"DB_194664_12pm","Description":"DB_194664_12pm","IsSystemLocked":false,"Name":"DB_194664_12pm","IsGuestPage":false,"ParameterJSON":null,"Personalization":null,"Url":"#/dash/DB_194664_12pm/initial","path":"dash/DB_194664_12pm","WebPartPageKey":null,"IsEnabled":true,"RPKey":null,"Priority":38,"WebParts":[],"CanAddPage":false,"CanEditPage":false,"CanDeletePage":false,"CanPersonalizePage":false},"Description":"About DashBoard","Name":"DB_195644_12pm","Url":"#/dash/DB_194664_12pm","WebPartPageDefinitionKey":null,"WebPartPages":[{"Id":261,"title":"DB_194664_12pm","Description":"DB_194664_12pm","IsSystemLocked":false,"Name":"DB_194664_12pm","IsGuestPage":false,"ParameterJSON":null,"Personalization":null,"Url":"#/dash/DB_194664_12pm/initial","path":"dash/DB_194664_12pm/initial","WebPartPageKey":null,"IsEnabled":true,"RPKey":null,"Priority":38,"WebParts":[],"CanAddPage":false,"CanEditPage":false,"CanDeletePage":false,"CanPersonalizePage":true},{"Id":262,"title":"DBP_195645_12pm","Description":"About DashBoard","IsSystemLocked":false,"Name":"DBP_195645_12pm","IsGuestPage":false,"ParameterJSON":null,"Personalization":null,"Url":"#/dash/DB_194664_12pm/DBP_194665_12pm","path":"dash/DB_194664_12pm/DBP_194665_12pm","WebPartPageKey":null,"IsEnabled":true,"RPKey":null,"Priority":39,"WebParts":[],"CanAddPage":false,"CanEditPage":false,"CanDeletePage":false,"CanPersonalizePage":true}],"IsSystemLocked":false,"IsEnabled":true,"RPKey":null,"CanViewDashboard":true,"CanAddDashboard":false,"CanEditDashboard":false,"CanDeleteDashboard":false,"CanPersonalizeDashboard":true},{"Id":44,"DefaultPage":{"Id":263,"title":"DB_194688_12pm","Description":"DB_194688_12pm","IsSystemLocked":false,"Name":"DB_194688_12pm","IsGuestPage":false,"ParameterJSON":null,"Personalization":null,"Url":"#/dash/DB_194688_12pm/initial","path":"dash/DB_194688_12pm","WebPartPageKey":null,"IsEnabled":true,"RPKey":null,"Priority":40,"WebParts":[],"CanAddPage":false,"CanEditPage":false,"CanDeletePage":false,"CanPersonalizePage":false},"Description":"Test page description","Name":"DB_194688_12pm","Url":"#/dash/DB_194688_12pm","WebPartPageDefinitionKey":null,"WebPartPages":[{"Id":263,"title":"DB_194688_12pm","Description":"DB_194688_12pm","IsSystemLocked":false,"Name":"DB_194688_12pm","IsGuestPage":false,"ParameterJSON":null,"Personalization":null,"Url":"#/dash/DB_194688_12pm/initial","path":"dash/DB_194688_12pm/initial","WebPartPageKey":null,"IsEnabled":true,"RPKey":null,"Priority":40,"WebParts":[],"CanAddPage":false,"CanEditPage":false,"CanDeletePage":false,"CanPersonalizePage":true},{"Id":264,"title":"DBPage_194688_12pm","Description":"Test page description","IsSystemLocked":false,"Name":"DBPage_194688_12pm","IsGuestPage":false,"ParameterJSON":null,"Personalization":null,"Url":"#/dash/DB_194688_12pm/DBPage_194688_12pm","path":"dash/DB_194688_12pm/DBPage_194688_12pm","WebPartPageKey":null,"IsEnabled":true,"RPKey":null,"Priority":41,"WebParts":[],"CanAddPage":false,"CanEditPage":false,"CanDeletePage":false,"CanPersonalizePage":true}],"IsSystemLocked":false,"IsEnabled":true,"RPKey":null,"CanViewDashboard":true,"CanAddDashboard":false,"CanEditDashboard":false,"CanDeleteDashboard":false,"CanPersonalizeDashboard":true},{"Id":45,"DefaultPage":{"Id":265,"title":"DB_194700_12pm","Description":"DB_194700_12pm","IsSystemLocked":false,"Name":"DB_194700_12pm","IsGuestPage":false,"ParameterJSON":null,"Personalization":null,"Url":"#/dash/DB_194700_12pm/initial","path":"dash/DB_194700_12pm","WebPartPageKey":null,"IsEnabled":true,"RPKey":null,"Priority":42,"WebParts":[],"CanAddPage":false,"CanEditPage":false,"CanDeletePage":false,"CanPersonalizePage":false},"Description":"Verifying the copy of the dashboard page","Name":"DB_194700_12pm","Url":"#/dash/DB_194700_12pm","WebPartPageDefinitionKey":null,"WebPartPages":[{"Id":265,"title":"DB_194700_12pm","Description":"DB_194700_12pm","IsSystemLocked":false,"Name":"DB_194700_12pm","IsGuestPage":false,"ParameterJSON":null,"Personalization":null,"Url":"#/dash/DB_194700_12pm/initial","path":"dash/DB_194700_12pm/initial","WebPartPageKey":null,"IsEnabled":true,"RPKey":null,"Priority":42,"WebParts":[],"CanAddPage":false,"CanEditPage":false,"CanDeletePage":false,"CanPersonalizePage":true}],"IsSystemLocked":false,"IsEnabled":true,"RPKey":null,"CanViewDashboard":true,"CanAddDashboard":false,"CanEditDashboard":false,"CanDeleteDashboard":false,"CanPersonalizeDashboard":true},{"Id":46,"DefaultPage":{"Id":266,"title":"DB1_194688_12pm","Description":"DB1_194688_12pm","IsSystemLocked":false,"Name":"DB1_194688_12pm","IsGuestPage":false,"ParameterJSON":null,"Personalization":null,"Url":"#/dash/DB1_194688_12pm/initial","path":"dash/DB1_194688_12pm","WebPartPageKey":null,"IsEnabled":true,"RPKey":null,"Priority":43,"WebParts":[],"CanAddPage":false,"CanEditPage":false,"CanDeletePage":false,"CanPersonalizePage":false},"Description":"Test page description","Name":"DB1_194688_12pm","Url":"#/dash/DB1_194688_12pm","WebPartPageDefinitionKey":null,"WebPartPages":[{"Id":266,"title":"DB1_194688_12pm","Description":"DB1_194688_12pm","IsSystemLocked":false,"Name":"DB1_194688_12pm","IsGuestPage":false,"ParameterJSON":null,"Personalization":null,"Url":"#/dash/DB1_194688_12pm/initial","path":"dash/DB1_194688_12pm/initial","WebPartPageKey":null,"IsEnabled":true,"RPKey":null,"Priority":43,"WebParts":[],"CanAddPage":false,"CanEditPage":false,"CanDeletePage":false,"CanPersonalizePage":true},{"Id":269,"title":"DBPage1_194688_12pm","Description":"Test page description","IsSystemLocked":false,"Name":"DBPage1_194688_12pm","IsGuestPage":false,"ParameterJSON":null,"Personalization":null,"Url":"#/dash/DB1_194688_12pm/DBPage1_194688_12pm","path":"dash/DB1_194688_12pm/DBPage1_194688_12pm","WebPartPageKey":null,"IsEnabled":true,"RPKey":null,"Priority":45,"WebParts":[],"CanAddPage":false,"CanEditPage":false,"CanDeletePage":false,"CanPersonalizePage":true}],"IsSystemLocked":false,"IsEnabled":true,"RPKey":null,"CanViewDashboard":true,"CanAddDashboard":false,"CanEditDashboard":false,"CanDeleteDashboard":false,"CanPersonalizeDashboard":true},{"Id":47,"DefaultPage":null,"Description":"This Dashboard is related to Sumtotal Dashboardpage","Name":"DB_194657_12pm","Url":"#/dash/DB_194657_12pm","WebPartPageDefinitionKey":null,"WebPartPages":[{"Id":270,"title":"DBP_194657_12pm","Description":"This Dashboard is related to Sumtotal Dashboardpage","IsSystemLocked":false,"Name":"DBP_194657_12pm","IsGuestPage":false,"ParameterJSON":null,"Personalization":null,"Url":"#/dash/DB_194657_12pm/DBP_194657_12pm","path":"dash/DB_194657_12pm/DBP_194657_12pm","WebPartPageKey":null,"IsEnabled":true,"RPKey":null,"Priority":46,"WebParts":[],"CanAddPage":false,"CanEditPage":false,"CanDeletePage":false,"CanPersonalizePage":true}],"IsSystemLocked":false,"IsEnabled":true,"RPKey":null,"CanViewDashboard":true,"CanAddDashboard":false,"CanEditDashboard":false,"CanDeleteDashboard":false,"CanPersonalizeDashboard":true},{"Id":48,"DefaultPage":{"Id":271,"title":"DB_194702_12pm","Description":"DB_194702_12pm","IsSystemLocked":false,"Name":"DB_194702_12pm","IsGuestPage":false,"ParameterJSON":null,"Personalization":null,"Url":"#/dash/DB_194702_12pm/initial","path":"dash/DB_194702_12pm","WebPartPageKey":null,"IsEnabled":true,"RPKey":null,"Priority":48,"WebParts":[{"Id":509,"ChromeStyle":7,"Definition":{"WebPartDefinitionKey":"About_Me","Title":"About Me","Description":"Displays key profile information about the employee.","SubTitle":"Photo, email and employment information","WebPartIconName":null,"WidgetNotificationMode":0,"WidgetDeeplinkUrlText":"View my profile","CategoryName":"Common","IsWebPartEnabled":true,"TypeName":"SumTotal.SPPortal.WebParts.Core.MySelf.AboutMe.AboutMe, SumTotal.SPPortal.WebParts, Version=1.0.0.0, Culture=neutral, PublicKeyToken=6b7f90fbd13cce01","WebPartServiceAgentInterfaceTypeName":null,"WebPartDefinitionXml":null,"HideWebPartHeader":true,"HideWebPartFooter":true,"IsFreeFlowing":false,"PillarKey":null,"ChromeStyle":7,"ParameterJSON":"{\"HeaderLinkIcon\":\"\",\"IsCustomEditor\":false,\"PreviewType\":\"aboutme\"}","TemplatePath":"app/modules/dashboard/views/webparts/widgetAboutMe.html","IsSystemLocked":false,"Category":{"Id":5,"Name":"Common","CategoryKey":"WebPartDefinition_Common","Description":"Common","ParentId":1,"OrdinalPosition":null},"Id":43},"HeaderColor":"","IsHidden":false,"Layout":"{\"x\":0,\"y\":0,\"width\":25,\"height\":20}","OverrideTemplate":null,"ParameterJSON":"{\"HeaderLinkIcon\":\"\",\"IsCustomEditor\":false,\"PreviewType\":\"aboutme\"}","SubTitle":"Photo, email and employment information","SupportsFullScreen":true,"Title":null}],"CanAddPage":false,"CanEditPage":false,"CanDeletePage":false,"CanPersonalizePage":false},"Description":"Verifying the copy of the dashboard page","Name":"DB_194702_12pm","Url":"#/dash/DB_194702_12pm","WebPartPageDefinitionKey":null,"WebPartPages":[{"Id":271,"title":"DB_194702_12pm","Description":"DB_194702_12pm","IsSystemLocked":false,"Name":"DB_194702_12pm","IsGuestPage":false,"ParameterJSON":null,"Personalization":null,"Url":"#/dash/DB_194702_12pm/initial","path":"dash/DB_194702_12pm/initial","WebPartPageKey":null,"IsEnabled":true,"RPKey":null,"Priority":48,"WebParts":[{"Id":509,"ChromeStyle":7,"Definition":{"WebPartDefinitionKey":"About_Me","Title":"About Me","Description":"Displays key profile information about the employee.","SubTitle":"Photo, email and employment information","WebPartIconName":null,"WidgetNotificationMode":0,"WidgetDeeplinkUrlText":"View my profile","CategoryName":"Common","IsWebPartEnabled":true,"TypeName":"SumTotal.SPPortal.WebParts.Core.MySelf.AboutMe.AboutMe, SumTotal.SPPortal.WebParts, Version=1.0.0.0, Culture=neutral, PublicKeyToken=6b7f90fbd13cce01","WebPartServiceAgentInterfaceTypeName":null,"WebPartDefinitionXml":null,"HideWebPartHeader":true,"HideWebPartFooter":true,"IsFreeFlowing":false,"PillarKey":null,"ChromeStyle":7,"ParameterJSON":"{\"HeaderLinkIcon\":\"\",\"IsCustomEditor\":false,\"PreviewType\":\"aboutme\"}","TemplatePath":"app/modules/dashboard/views/webparts/widgetAboutMe.html","IsSystemLocked":false,"Category":{"Id":5,"Name":"Common","CategoryKey":"WebPartDefinition_Common","Description":"Common","ParentId":1,"OrdinalPosition":null},"Id":43},"HeaderColor":"","IsHidden":false,"Layout":"{\"x\":0,\"y\":0,\"width\":25,\"height\":20}","OverrideTemplate":null,"ParameterJSON":"{\"HeaderLinkIcon\":\"\",\"IsCustomEditor\":false,\"PreviewType\":\"aboutme\"}","SubTitle":"Photo, email and employment information","SupportsFullScreen":true,"Title":null}],"CanAddPage":false,"CanEditPage":false,"CanDeletePage":false,"CanPersonalizePage":true}],"IsSystemLocked":false,"IsEnabled":true,"RPKey":null,"CanViewDashboard":true,"CanAddDashboard":false,"CanEditDashboard":false,"CanDeleteDashboard":false,"CanPersonalizeDashboard":true},{"Id":49,"DefaultPage":{"Id":272,"title":"DB_224637_12pm","Description":"DB_224637_12pm","IsSystemLocked":false,"Name":"DB_224637_12pm","IsGuestPage":false,"ParameterJSON":null,"Personalization":null,"Url":"#/dash/224637_DB_12pm/initial","path":"dash/224637_DB_12pm","WebPartPageKey":null,"IsEnabled":true,"RPKey":null,"Priority":49,"WebParts":[],"CanAddPage":false,"CanEditPage":false,"CanDeletePage":false,"CanPersonalizePage":false},"Description":"194704Description","Name":"DB_224637_12pm","Url":"#/dash/224637_DB_12pm","WebPartPageDefinitionKey":null,"WebPartPages":[{"Id":272,"title":"DB_224637_12pm","Description":"DB_224637_12pm","IsSystemLocked":false,"Name":"DB_224637_12pm","IsGuestPage":false,"ParameterJSON":null,"Personalization":null,"Url":"#/dash/224637_DB_12pm/initial","path":"dash/224637_DB_12pm/initial","WebPartPageKey":null,"IsEnabled":true,"RPKey":null,"Priority":49,"WebParts":[],"CanAddPage":false,"CanEditPage":false,"CanDeletePage":false,"CanPersonalizePage":true}],"IsSystemLocked":false,"IsEnabled":true,"RPKey":null,"CanViewDashboard":true,"CanAddDashboard":false,"CanEditDashboard":false,"CanDeleteDashboard":false,"CanPersonalizeDashboard":true},{"Id":50,"DefaultPage":{"Id":273,"title":"DB_195647_12pm","Description":"DB_195647_12pm","IsSystemLocked":false,"Name":"DB_195647_12pm","IsGuestPage":false,"ParameterJSON":null,"Personalization":null,"Url":"#/dash/DB_195647_12pm/initial","path":"dash/DB_195647_12pm","WebPartPageKey":null,"IsEnabled":true,"RPKey":null,"Priority":50,"WebParts":[],"CanAddPage":false,"CanEditPage":false,"CanDeletePage":false,"CanPersonalizePage":false},"Description":"DashBoard","Name":"DB_195647_12pm","Url":"#/dash/DB_195647_12pm","WebPartPageDefinitionKey":null,"WebPartPages":[{"Id":273,"title":"DB_195647_12pm","Description":"DB_195647_12pm","IsSystemLocked":false,"Name":"DB_195647_12pm","IsGuestPage":false,"ParameterJSON":null,"Personalization":null,"Url":"#/dash/DB_195647_12pm/initial","path":"dash/DB_195647_12pm/initial","WebPartPageKey":null,"IsEnabled":true,"RPKey":null,"Priority":50,"WebParts":[],"CanAddPage":false,"CanEditPage":false,"CanDeletePage":false,"CanPersonalizePage":true}],"IsSystemLocked":false,"IsEnabled":true,"RPKey":null,"CanViewDashboard":true,"CanAddDashboard":false,"CanEditDashboard":false,"CanDeleteDashboard":false,"CanPersonalizeDashboard":true},{"Id":51,"DefaultPage":{"Id":274,"title":"DB_240567_12pm","Description":"DB_240567_12pm","IsSystemLocked":false,"Name":"DB_240567_12pm","IsGuestPage":false,"ParameterJSON":null,"Personalization":null,"Url":"#/dash/240567_DB_12pm/initial","path":"dash/240567_DB_12pm","WebPartPageKey":null,"IsEnabled":true,"RPKey":null,"Priority":51,"WebParts":[],"CanAddPage":false,"CanEditPage":false,"CanDeletePage":false,"CanPersonalizePage":false},"Description":"194704Description","Name":"DB_240567_12pm","Url":"#/dash/240567_DB_12pm","WebPartPageDefinitionKey":null,"WebPartPages":[{"Id":274,"title":"DB_240567_12pm","Description":"DB_240567_12pm","IsSystemLocked":false,"Name":"DB_240567_12pm","IsGuestPage":false,"ParameterJSON":null,"Personalization":null,"Url":"#/dash/240567_DB_12pm/initial","path":"dash/240567_DB_12pm/initial","WebPartPageKey":null,"IsEnabled":true,"RPKey":null,"Priority":51,"WebParts":[],"CanAddPage":false,"CanEditPage":false,"CanDeletePage":false,"CanPersonalizePage":true}],"IsSystemLocked":false,"IsEnabled":true,"RPKey":null,"CanViewDashboard":true,"CanAddDashboard":false,"CanEditDashboard":false,"CanDeleteDashboard":false,"CanPersonalizeDashboard":true},{"Id":52,"DefaultPage":null,"Description":"This Dashboard is related to Sumtotal Dashboardpage","Name":"DB_195640_12pm","Url":"#/dash/DB_195640_12pm","WebPartPageDefinitionKey":null,"WebPartPages":[{"Id":276,"title":"DBP_195640_12pm","Description":"This Dashboard is related to Sumtotal Dashboardpage","IsSystemLocked":false,"Name":"DBP_195640_12pm","IsGuestPage":false,"ParameterJSON":null,"Personalization":null,"Url":"#/dash/DB_195640_12pm/DBP_195640_12pm","path":"dash/DB_195640_12pm/DBP_195640_12pm","WebPartPageKey":null,"IsEnabled":true,"RPKey":null,"Priority":52,"WebParts":[],"CanAddPage":false,"CanEditPage":false,"CanDeletePage":false,"CanPersonalizePage":true},{"Id":277,"title":"DBP11_195640_12pm","Description":"This Dashboard is related to Sumtotal Dashboardpage","IsSystemLocked":false,"Name":"DBP11_195640_12pm","IsGuestPage":false,"ParameterJSON":null,"Personalization":null,"Url":"#/dash/DB_195640_12pm/DBP11_195640_12pm","path":"dash/DB_195640_12pm/DBP11_195640_12pm","WebPartPageKey":null,"IsEnabled":true,"RPKey":null,"Priority":53,"WebParts":[],"CanAddPage":false,"CanEditPage":false,"CanDeletePage":false,"CanPersonalizePage":true}],"IsSystemLocked":false,"IsEnabled":true,"RPKey":null,"CanViewDashboard":true,"CanAddDashboard":false,"CanEditDashboard":false,"CanDeleteDashboard":false,"CanPersonalizeDashboard":true},{"Id":53,"DefaultPage":{"Id":278,"title":"DB_224638_12pm","Description":"DB_224638_12pm","IsSystemLocked":false,"Name":"DB_224638_12pm","IsGuestPage":false,"ParameterJSON":null,"Personalization":null,"Url":"#/dash/DB_224638_12pm/initial","path":"dash/DB_224638_12pm","WebPartPageKey":null,"IsEnabled":true,"RPKey":null,"Priority":54,"WebParts":[],"CanAddPage":false,"CanEditPage":false,"CanDeletePage":false,"CanPersonalizePage":false},"Description":"Verifying the copy of the dashboard page","Name":"DB_224638_12pm","Url":"#/dash/DB_224638_12pm","WebPartPageDefinitionKey":null,"WebPartPages":[{"Id":278,"title":"DB_224638_12pm","Description":"DB_224638_12pm","IsSystemLocked":false,"Name":"DB_224638_12pm","IsGuestPage":false,"ParameterJSON":null,"Personalization":null,"Url":"#/dash/DB_224638_12pm/initial","path":"dash/DB_224638_12pm/initial","WebPartPageKey":null,"IsEnabled":true,"RPKey":null,"Priority":54,"WebParts":[],"CanAddPage":false,"CanEditPage":false,"CanDeletePage":false,"CanPersonalizePage":true},{"Id":280,"title":"DBP_224638_12pm","Description":"Verifying the copy of the dashboard page","IsSystemLocked":false,"Name":"DBP_224638_12pm","IsGuestPage":false,"ParameterJSON":null,"Personalization":null,"Url":"#/dash/DB_224638_12pm/DBP_224638_12pm","path":"dash/DB_224638_12pm/DBP_224638_12pm","WebPartPageKey":null,"IsEnabled":true,"RPKey":null,"Priority":56,"WebParts":[],"CanAddPage":false,"CanEditPage":false,"CanDeletePage":false,"CanPersonalizePage":true}],"IsSystemLocked":false,"IsEnabled":true,"RPKey":null,"CanViewDashboard":true,"CanAddDashboard":false,"CanEditDashboard":false,"CanDeleteDashboard":false,"CanPersonalizeDashboard":true},{"Id":54,"DefaultPage":{"Id":279,"title":"!!DB1_194703_12pm12","Description":"!!DB1_194703_12pm12","IsSystemLocked":false,"Name":"!!DB1_194703_12pm12","IsGuestPage":false,"ParameterJSON":null,"Personalization":null,"Url":"#/dash/194703Description12/initial","path":"dash/194703Description12","WebPartPageKey":null,"IsEnabled":true,"RPKey":null,"Priority":55,"WebParts":[],"CanAddPage":false,"CanEditPage":false,"CanDeletePage":false,"CanPersonalizePage":false},"Description":"194703Description","Name":"!!DB1_194703_12pm12","Url":"#/dash/194703Description12","WebPartPageDefinitionKey":null,"WebPartPages":[{"Id":279,"title":"!!DB1_194703_12pm12","Description":"!!DB1_194703_12pm12","IsSystemLocked":false,"Name":"!!DB1_194703_12pm12","IsGuestPage":false,"ParameterJSON":null,"Personalization":null,"Url":"#/dash/194703Description12/initial","path":"dash/194703Description12/initial","WebPartPageKey":null,"IsEnabled":true,"RPKey":null,"Priority":55,"WebParts":[],"CanAddPage":false,"CanEditPage":false,"CanDeletePage":false,"CanPersonalizePage":true}],"IsSystemLocked":false,"IsEnabled":true,"RPKey":null,"CanViewDashboard":true,"CanAddDashboard":false,"CanEditDashboard":false,"CanDeleteDashboard":false,"CanPersonalizeDashboard":true},{"Id":55,"DefaultPage":{"Id":281,"title":"DB_240568_12pm","Description":"DB_240568_12pm","IsSystemLocked":false,"Name":"DB_240568_12pm","IsGuestPage":false,"ParameterJSON":null,"Personalization":null,"Url":"#/dash/DB_240568_12pm/initial","path":"dash/DB_240568_12pm","WebPartPageKey":null,"IsEnabled":true,"RPKey":null,"Priority":57,"WebParts":[],"CanAddPage":false,"CanEditPage":false,"CanDeletePage":false,"CanPersonalizePage":false},"Description":"Verifying the copy of the dashboard page","Name":"DB_240568_12pm","Url":"#/dash/DB_240568_12pm","WebPartPageDefinitionKey":null,"WebPartPages":[{"Id":281,"title":"DB_240568_12pm","Description":"DB_240568_12pm","IsSystemLocked":false,"Name":"DB_240568_12pm","IsGuestPage":false,"ParameterJSON":null,"Personalization":null,"Url":"#/dash/DB_240568_12pm/initial","path":"dash/DB_240568_12pm/initial","WebPartPageKey":null,"IsEnabled":true,"RPKey":null,"Priority":57,"WebParts":[],"CanAddPage":false,"CanEditPage":false,"CanDeletePage":false,"CanPersonalizePage":true},{"Id":282,"title":"DBP_240568_12pm","Description":"Verifying the copy of the dashboard page","IsSystemLocked":false,"Name":"DBP_240568_12pm","IsGuestPage":false,"ParameterJSON":null,"Personalization":null,"Url":"#/dash/DB_240568_12pm/DBP_240568_12pm","path":"dash/DB_240568_12pm/DBP_240568_12pm","WebPartPageKey":null,"IsEnabled":true,"RPKey":null,"Priority":58,"WebParts":[],"CanAddPage":false,"CanEditPage":false,"CanDeletePage":false,"CanPersonalizePage":true}],"IsSystemLocked":false,"IsEnabled":true,"RPKey":null,"CanViewDashboard":true,"CanAddDashboard":false,"CanEditDashboard":false,"CanDeleteDashboard":false,"CanPersonalizeDashboard":true},{"Id":56,"DefaultPage":{"Id":283,"title":"DB_224642_12pm","Description":"DB_224642_12pm","IsSystemLocked":false,"Name":"DB_224642_12pm","IsGuestPage":false,"ParameterJSON":null,"Personalization":null,"Url":"#/dash/DB_224642_12pm/initial","path":"dash/DB_224642_12pm","WebPartPageKey":null,"IsEnabled":true,"RPKey":null,"Priority":60,"WebParts":[],"CanAddPage":false,"CanEditPage":false,"CanDeletePage":false,"CanPersonalizePage":false},"Description":"DashBoard","Name":"DB_224642_12pm","Url":"#/dash/DB_224642_12pm","WebPartPageDefinitionKey":null,"WebPartPages":[{"Id":283,"title":"DB_224642_12pm","Description":"DB_224642_12pm","IsSystemLocked":false,"Name":"DB_224642_12pm","IsGuestPage":false,"ParameterJSON":null,"Personalization":null,"Url":"#/dash/DB_224642_12pm/initial","path":"dash/DB_224642_12pm/initial","WebPartPageKey":null,"IsEnabled":true,"RPKey":null,"Priority":60,"WebParts":[],"CanAddPage":false,"CanEditPage":false,"CanDeletePage":false,"CanPersonalizePage":true},{"Id":284,"title":"DB_224641_12pm","Description":"DashBoard1","IsSystemLocked":false,"Name":"DB_224641_12pm","IsGuestPage":false,"ParameterJSON":null,"Personalization":null,"Url":"#/dash/DB_224642_12pm/DB_224641_12pm","path":"dash/DB_224642_12pm/DB_224641_12pm","WebPartPageKey":null,"IsEnabled":true,"RPKey":null,"Priority":61,"WebParts":[],"CanAddPage":false,"CanEditPage":false,"CanDeletePage":false,"CanPersonalizePage":true}],"IsSystemLocked":false,"IsEnabled":true,"RPKey":null,"CanViewDashboard":true,"CanAddDashboard":false,"CanEditDashboard":false,"CanDeleteDashboard":false,"CanPersonalizeDashboard":true},{"Id":57,"DefaultPage":{"Id":285,"title":"DB_9122_12pm","Description":"DB_9122_12pm","IsSystemLocked":false,"Name":"DB_9122_12pm","IsGuestPage":false,"ParameterJSON":null,"Personalization":null,"Url":"#/dash/DB_9122_12pm/initial","path":"dash/DB_9122_12pm","WebPartPageKey":null,"IsEnabled":true,"RPKey":null,"Priority":62,"WebParts":[],"CanAddPage":false,"CanEditPage":false,"CanDeletePage":false,"CanPersonalizePage":false},"Description":"DB_9122_12pm","Name":"DB_9122_12pm","Url":"#/dash/DB_9122_12pm","WebPartPageDefinitionKey":null,"WebPartPages":[{"Id":285,"title":"DB_9122_12pm","Description":"DB_9122_12pm","IsSystemLocked":false,"Name":"DB_9122_12pm","IsGuestPage":false,"ParameterJSON":null,"Personalization":null,"Url":"#/dash/DB_9122_12pm/initial","path":"dash/DB_9122_12pm/initial","WebPartPageKey":null,"IsEnabled":true,"RPKey":null,"Priority":62,"WebParts":[],"CanAddPage":false,"CanEditPage":false,"CanDeletePage":false,"CanPersonalizePage":true}],"IsSystemLocked":false,"IsEnabled":true,"RPKey":null,"CanViewDashboard":true,"CanAddDashboard":false,"CanEditDashboard":false,"CanDeleteDashboard":false,"CanPersonalizeDashboard":true},{"Id":58,"DefaultPage":{"Id":286,"title":"UserDB_9122_12pm","Description":"UserDB_9122_12pm","IsSystemLocked":false,"Name":"UserDB_9122_12pm","IsGuestPage":false,"ParameterJSON":null,"Personalization":null,"Url":"#/dash/UserDB_9122_12pm/initial","path":"dash/UserDB_9122_12pm","WebPartPageKey":null,"IsEnabled":true,"RPKey":null,"Priority":63,"WebParts":[],"CanAddPage":false,"CanEditPage":false,"CanDeletePage":false,"CanPersonalizePage":false},"Description":"UserDB_9122_12pm","Name":"UserDB_9122_12pm","Url":"#/dash/UserDB_9122_12pm","WebPartPageDefinitionKey":null,"WebPartPages":[{"Id":286,"title":"UserDB_9122_12pm","Description":"UserDB_9122_12pm","IsSystemLocked":false,"Name":"UserDB_9122_12pm","IsGuestPage":false,"ParameterJSON":null,"Personalization":null,"Url":"#/dash/UserDB_9122_12pm/initial","path":"dash/UserDB_9122_12pm/initial","WebPartPageKey":null,"IsEnabled":true,"RPKey":null,"Priority":63,"WebParts":[],"CanAddPage":false,"CanEditPage":false,"CanDeletePage":false,"CanPersonalizePage":true}],"IsSystemLocked":false,"IsEnabled":true,"RPKey":null,"CanViewDashboard":true,"CanAddDashboard":false,"CanEditDashboard":false,"CanDeleteDashboard":false,"CanPersonalizeDashboard":true},{"Id":59,"DefaultPage":{"Id":288,"title":"Test123","Description":"Test123","IsSystemLocked":false,"Name":"Test123","IsGuestPage":false,"ParameterJSON":null,"Personalization":null,"Url":"#/dash/Test123/initial","path":"dash/Test123","WebPartPageKey":null,"IsEnabled":true,"RPKey":null,"Priority":65,"WebParts":[],"CanAddPage":false,"CanEditPage":false,"CanDeletePage":false,"CanPersonalizePage":false},"Description":"Test123","Name":"Test123","Url":"#/dash/Test123","WebPartPageDefinitionKey":null,"WebPartPages":[{"Id":288,"title":"Test123","Description":"Test123","IsSystemLocked":false,"Name":"Test123","IsGuestPage":false,"ParameterJSON":null,"Personalization":null,"Url":"#/dash/Test123/initial","path":"dash/Test123/initial","WebPartPageKey":null,"IsEnabled":true,"RPKey":null,"Priority":65,"WebParts":[],"CanAddPage":false,"CanEditPage":false,"CanDeletePage":false,"CanPersonalizePage":true}],"IsSystemLocked":false,"IsEnabled":true,"RPKey":null,"CanViewDashboard":true,"CanAddDashboard":false,"CanEditDashboard":false,"CanDeleteDashboard":false,"CanPersonalizeDashboard":true},{"Id":60,"DefaultPage":{"Id":289,"title":"DB_194693_12pm","Description":"DB_194693_12pm","IsSystemLocked":false,"Name":"DB_194693_12pm","IsGuestPage":false,"ParameterJSON":null,"Personalization":null,"Url":"#/dash/DB_194693_12pm/initial","path":"dash/DB_194693_12pm","WebPartPageKey":null,"IsEnabled":true,"RPKey":null,"Priority":66,"WebParts":[],"CanAddPage":false,"CanEditPage":false,"CanDeletePage":false,"CanPersonalizePage":false},"Description":"Verifying the copy of the dashboard page","Name":"DB_194693_12pm","Url":"#/dash/DB_194693_12pm","WebPartPageDefinitionKey":null,"WebPartPages":[{"Id":289,"title":"DB_194693_12pm","Description":"DB_194693_12pm","IsSystemLocked":false,"Name":"DB_194693_12pm","IsGuestPage":false,"ParameterJSON":null,"Personalization":null,"Url":"#/dash/DB_194693_12pm/initial","path":"dash/DB_194693_12pm/initial","WebPartPageKey":null,"IsEnabled":true,"RPKey":null,"Priority":66,"WebParts":[],"CanAddPage":false,"CanEditPage":false,"CanDeletePage":false,"CanPersonalizePage":true},{"Id":290,"title":"DBP_194693_12pm","Description":"Verifying the copy of the dashboard page","IsSystemLocked":false,"Name":"DBP_194693_12pm","IsGuestPage":false,"ParameterJSON":null,"Personalization":null,"Url":"#/dash/DB_194693_12pm/DBP_194693_12pm","path":"dash/DB_194693_12pm/DBP_194693_12pm","WebPartPageKey":null,"IsEnabled":true,"RPKey":null,"Priority":67,"WebParts":[],"CanAddPage":false,"CanEditPage":false,"CanDeletePage":false,"CanPersonalizePage":true},{"Id":291,"title":"CDB_194693_12pm","Description":"Verifying the copy of the dashboard page","IsSystemLocked":false,"Name":"CDB_194693_12pm","IsGuestPage":false,"ParameterJSON":null,"Personalization":null,"Url":"#/dash/DB_194693_12pm/CDB_194693_12pm","path":"dash/DB_194693_12pm/CDB_194693_12pm","WebPartPageKey":null,"IsEnabled":true,"RPKey":null,"Priority":68,"WebParts":[],"CanAddPage":false,"CanEditPage":false,"CanDeletePage":false,"CanPersonalizePage":true}],"IsSystemLocked":false,"IsEnabled":true,"RPKey":null,"CanViewDashboard":true,"CanAddDashboard":false,"CanEditDashboard":false,"CanDeleteDashboard":false,"CanPersonalizeDashboard":true},{"Id":61,"DefaultPage":{"Id":292,"title":"DB_194708_12pm","Description":"DB_194708_12pm","IsSystemLocked":false,"Name":"DB_194708_12pm","IsGuestPage":false,"ParameterJSON":null,"Personalization":null,"Url":"#/dash/DB_194708_12pm/initial","path":"dash/DB_194708_12pm","WebPartPageKey":null,"IsEnabled":true,"RPKey":null,"Priority":69,"WebParts":[],"CanAddPage":false,"CanEditPage":false,"CanDeletePage":false,"CanPersonalizePage":false},"Description":"Verifying the copy of the dashboard page","Name":"DB_194708_12pm","Url":"#/dash/DB_194708_12pm","WebPartPageDefinitionKey":null,"WebPartPages":[{"Id":292,"title":"DB_194708_12pm","Description":"DB_194708_12pm","IsSystemLocked":false,"Name":"DB_194708_12pm","IsGuestPage":false,"ParameterJSON":null,"Personalization":null,"Url":"#/dash/DB_194708_12pm/initial","path":"dash/DB_194708_12pm/initial","WebPartPageKey":null,"IsEnabled":true,"RPKey":null,"Priority":69,"WebParts":[],"CanAddPage":false,"CanEditPage":false,"CanDeletePage":false,"CanPersonalizePage":true},{"Id":293,"title":"DBP_194708_12pm","Description":"Verifying the copy of the dashboard page","IsSystemLocked":false,"Name":"DBP_194708_12pm","IsGuestPage":false,"ParameterJSON":null,"Personalization":null,"Url":"#/dash/DB_194708_12pm/DBP_194708_12pm","path":"dash/DB_194708_12pm/DBP_194708_12pm","WebPartPageKey":null,"IsEnabled":true,"RPKey":null,"Priority":70,"WebParts":[{"Id":517,"ChromeStyle":7,"Definition":{"WebPartDefinitionKey":"About_Me","Title":"About Me","Description":"Displays key profile information about the employee.","SubTitle":"Photo, email and employment information","WebPartIconName":null,"WidgetNotificationMode":0,"WidgetDeeplinkUrlText":"View my profile","CategoryName":"Common","IsWebPartEnabled":true,"TypeName":"SumTotal.SPPortal.WebParts.Core.MySelf.AboutMe.AboutMe, SumTotal.SPPortal.WebParts, Version=1.0.0.0, Culture=neutral, PublicKeyToken=6b7f90fbd13cce01","WebPartServiceAgentInterfaceTypeName":null,"WebPartDefinitionXml":null,"HideWebPartHeader":true,"HideWebPartFooter":true,"IsFreeFlowing":false,"PillarKey":null,"ChromeStyle":7,"ParameterJSON":"{\"HeaderLinkIcon\":\"\",\"IsCustomEditor\":false,\"PreviewType\":\"aboutme\"}","TemplatePath":"app/modules/dashboard/views/webparts/widgetAboutMe.html","IsSystemLocked":false,"Category":{"Id":5,"Name":"Common","CategoryKey":"WebPartDefinition_Common","Description":"Common","ParentId":1,"OrdinalPosition":null},"Id":43},"HeaderColor":"","IsHidden":false,"Layout":"{\"x\":0,\"y\":0,\"width\":25,\"height\":20}","OverrideTemplate":null,"ParameterJSON":"{\"HeaderLinkIcon\":\"\",\"IsCustomEditor\":false,\"PreviewType\":\"aboutme\"}","SubTitle":"Photo, email and employment information","SupportsFullScreen":true,"Title":null}],"CanAddPage":false,"CanEditPage":false,"CanDeletePage":false,"CanPersonalizePage":true},{"Id":294,"title":"CDBP_194708_12pm","Description":"Verifying the copy of the dashboard page","IsSystemLocked":false,"Name":"CDBP_194708_12pm","IsGuestPage":false,"ParameterJSON":null,"Personalization":null,"Url":"#/dash/DB_194708_12pm/CDBP_194708_12pm","path":"dash/DB_194708_12pm/CDBP_194708_12pm","WebPartPageKey":null,"IsEnabled":true,"RPKey":null,"Priority":71,"WebParts":[],"CanAddPage":false,"CanEditPage":false,"CanDeletePage":false,"CanPersonalizePage":true},{"Id":301,"title":"CDBP1_194708_12pm","Description":"Verifying the copy of the dashboard page","IsSystemLocked":false,"Name":"CDBP1_194708_12pm","IsGuestPage":false,"ParameterJSON":null,"Personalization":null,"Url":"#/dash/DB_194708_12pm/CDBP1_194708_12pm","path":"dash/DB_194708_12pm/CDBP1_194708_12pm","WebPartPageKey":null,"IsEnabled":true,"RPKey":null,"Priority":77,"WebParts":[],"CanAddPage":false,"CanEditPage":false,"CanDeletePage":false,"CanPersonalizePage":true}],"IsSystemLocked":false,"IsEnabled":true,"RPKey":null,"CanViewDashboard":true,"CanAddDashboard":false,"CanEditDashboard":false,"CanDeleteDashboard":false,"CanPersonalizeDashboard":true},{"Id":62,"DefaultPage":{"Id":295,"title":"DB_194699_12pm","Description":"DB_194699_12pm","IsSystemLocked":false,"Name":"DB_194699_12pm","IsGuestPage":false,"ParameterJSON":null,"Personalization":null,"Url":"#/dash/DB_194699_12pm/initial","path":"dash/DB_194699_12pm","WebPartPageKey":null,"IsEnabled":true,"RPKey":null,"Priority":72,"WebParts":[],"CanAddPage":false,"CanEditPage":false,"CanDeletePage":false,"CanPersonalizePage":false},"Description":"Verifying copy of the dashboard page","Name":"DB_194699_12pm","Url":"#/dash/DB_194699_12pm","WebPartPageDefinitionKey":null,"WebPartPages":[{"Id":295,"title":"DB_194699_12pm","Description":"DB_194699_12pm","IsSystemLocked":false,"Name":"DB_194699_12pm","IsGuestPage":false,"ParameterJSON":null,"Personalization":null,"Url":"#/dash/DB_194699_12pm/initial","path":"dash/DB_194699_12pm/initial","WebPartPageKey":null,"IsEnabled":true,"RPKey":null,"Priority":72,"WebParts":[],"CanAddPage":false,"CanEditPage":false,"CanDeletePage":false,"CanPersonalizePage":true},{"Id":296,"title":"DBP_194699_12pm","Description":"Verifying copy of the dashboard page","IsSystemLocked":false,"Name":"DBP_194699_12pm","IsGuestPage":false,"ParameterJSON":null,"Personalization":null,"Url":"#/dash/DB_194699_12pm/DBP_194699_12pm","path":"dash/DB_194699_12pm/DBP_194699_12pm","WebPartPageKey":null,"IsEnabled":true,"RPKey":null,"Priority":73,"WebParts":[],"CanAddPage":false,"CanEditPage":false,"CanDeletePage":false,"CanPersonalizePage":true},{"Id":297,"title":"CDB_194699_12pm","Description":"Verifying copy of the dashboard page","IsSystemLocked":false,"Name":"CDB_194699_12pm","IsGuestPage":false,"ParameterJSON":null,"Personalization":null,"Url":"#/dash/DB_194699_12pm/CDB_194699_12pm","path":"dash/DB_194699_12pm/CDB_194699_12pm","WebPartPageKey":null,"IsEnabled":true,"RPKey":null,"Priority":74,"WebParts":[],"CanAddPage":false,"CanEditPage":false,"CanDeletePage":false,"CanPersonalizePage":true}],"IsSystemLocked":false,"IsEnabled":true,"RPKey":null,"CanViewDashboard":true,"CanAddDashboard":false,"CanEditDashboard":false,"CanDeleteDashboard":false,"CanPersonalizeDashboard":true},{"Id":63,"DefaultPage":{"Id":298,"title":"DB_194688_13pm","Description":"DB_194688_13pm","IsSystemLocked":false,"Name":"DB_194688_13pm","IsGuestPage":false,"ParameterJSON":null,"Personalization":null,"Url":"#/dash/DB_194688_13pm/initial","path":"dash/DB_194688_13pm","WebPartPageKey":null,"IsEnabled":true,"RPKey":null,"Priority":75,"WebParts":[],"CanAddPage":false,"CanEditPage":false,"CanDeletePage":false,"CanPersonalizePage":false},"Description":"Test page description","Name":"DB_194688_13pm","Url":"#/dash/DB_194688_13pm","WebPartPageDefinitionKey":null,"WebPartPages":[{"Id":298,"title":"DB_194688_13pm","Description":"DB_194688_13pm","IsSystemLocked":false,"Name":"DB_194688_13pm","IsGuestPage":false,"ParameterJSON":null,"Personalization":null,"Url":"#/dash/DB_194688_13pm/initial","path":"dash/DB_194688_13pm/initial","WebPartPageKey":null,"IsEnabled":true,"RPKey":null,"Priority":75,"WebParts":[],"CanAddPage":false,"CanEditPage":false,"CanDeletePage":false,"CanPersonalizePage":true},{"Id":299,"title":"DBPage_194688_13pm","Description":"Test page description","IsSystemLocked":false,"Name":"DBPage_194688_13pm","IsGuestPage":false,"ParameterJSON":null,"Personalization":null,"Url":"#/dash/DB_194688_13pm/DBPage_194688_13pm","path":"dash/DB_194688_13pm/DBPage_194688_13pm","WebPartPageKey":null,"IsEnabled":true,"RPKey":null,"Priority":76,"WebParts":[],"CanAddPage":false,"CanEditPage":false,"CanDeletePage":false,"CanPersonalizePage":true}],"IsSystemLocked":false,"IsEnabled":true,"RPKey":null,"CanViewDashboard":true,"CanAddDashboard":false,"CanEditDashboard":false,"CanDeleteDashboard":false,"CanPersonalizeDashboard":true},{"Id":65,"DefaultPage":{"Id":302,"title":"DB2_224642_12pm","Description":"DB2_224642_12pm","IsSystemLocked":false,"Name":"DB2_224642_12pm","IsGuestPage":false,"ParameterJSON":null,"Personalization":null,"Url":"#/dash/DB2_224642_Route_12pm/initial","path":"dash/DB2_224642_Route_12pm","WebPartPageKey":null,"IsEnabled":true,"RPKey":null,"Priority":78,"WebParts":[],"CanAddPage":false,"CanEditPage":false,"CanDeletePage":false,"CanPersonalizePage":false},"Description":"DB2_224642_12pm_Description","Name":"DB2_224642_12pm","Url":"#/dash/DB2_224642_Route_12pm","WebPartPageDefinitionKey":null,"WebPartPages":[{"Id":302,"title":"DB2_224642_12pm","Description":"DB2_224642_12pm","IsSystemLocked":false,"Name":"DB2_224642_12pm","IsGuestPage":false,"ParameterJSON":null,"Personalization":null,"Url":"#/dash/DB2_224642_Route_12pm/initial","path":"dash/DB2_224642_Route_12pm/initial","WebPartPageKey":null,"IsEnabled":true,"RPKey":null,"Priority":78,"WebParts":[],"CanAddPage":false,"CanEditPage":false,"CanDeletePage":false,"CanPersonalizePage":true}],"IsSystemLocked":false,"IsEnabled":true,"RPKey":null,"CanViewDashboard":true,"CanAddDashboard":false,"CanEditDashboard":false,"CanDeleteDashboard":false,"CanPersonalizeDashboard":true},{"Id":66,"DefaultPage":{"Id":303,"title":"DB21_224642_12pm","Description":"DB21_224642_12pm","IsSystemLocked":false,"Name":"DB21_224642_12pm","IsGuestPage":false,"ParameterJSON":null,"Personalization":null,"Url":"#/dash/DB21_224642_12pm/initial","path":"dash/DB21_224642_12pm","WebPartPageKey":null,"IsEnabled":true,"RPKey":null,"Priority":79,"WebParts":[],"CanAddPage":false,"CanEditPage":false,"CanDeletePage":false,"CanPersonalizePage":false},"Description":"DB2_224642_12pm_Description","Name":"DB21_224642_12pm","Url":"#/dash/DB21_224642_12pm","WebPartPageDefinitionKey":null,"WebPartPages":[{"Id":303,"title":"DB21_224642_12pm","Description":"DB21_224642_12pm","IsSystemLocked":false,"Name":"DB21_224642_12pm","IsGuestPage":false,"ParameterJSON":null,"Personalization":null,"Url":"#/dash/DB21_224642_12pm/initial","path":"dash/DB21_224642_12pm/initial","WebPartPageKey":null,"IsEnabled":true,"RPKey":null,"Priority":79,"WebParts":[],"CanAddPage":false,"CanEditPage":false,"CanDeletePage":false,"CanPersonalizePage":true}],"IsSystemLocked":false,"IsEnabled":true,"RPKey":null,"CanViewDashboard":true,"CanAddDashboard":false,"CanEditDashboard":false,"CanDeleteDashboard":false,"CanPersonalizeDashboard":true},{"Id":67,"DefaultPage":{"Id":304,"title":"DB_195648_12pm","Description":"DB_195648_12pm","IsSystemLocked":false,"Name":"DB_195648_12pm","IsGuestPage":false,"ParameterJSON":null,"Personalization":null,"Url":"#/dash/CDBP_195648_12pm/initial","path":"dash/CDBP_195648_12pm","WebPartPageKey":null,"IsEnabled":true,"RPKey":null,"Priority":80,"WebParts":[],"CanAddPage":false,"CanEditPage":false,"CanDeletePage":false,"CanPersonalizePage":false},"Description":"Verifying the copy of the dashboard page","Name":"CDBP_195648_12pm","Url":"#/dash/CDBP_195648_12pm","WebPartPageDefinitionKey":null,"WebPartPages":[{"Id":304,"title":"DB_195648_12pm","Description":"DB_195648_12pm","IsSystemLocked":false,"Name":"DB_195648_12pm","IsGuestPage":false,"ParameterJSON":null,"Personalization":null,"Url":"#/dash/CDBP_195648_12pm/initial","path":"dash/CDBP_195648_12pm/initial","WebPartPageKey":null,"IsEnabled":true,"RPKey":null,"Priority":80,"WebParts":[],"CanAddPage":false,"CanEditPage":false,"CanDeletePage":false,"CanPersonalizePage":true},{"Id":305,"title":"DBP_195648_12pm","Description":"Verifying the copy of the dashboard page","IsSystemLocked":false,"Name":"DBP_195648_12pm","IsGuestPage":false,"ParameterJSON":null,"Personalization":null,"Url":"#/dash/CDBP_195648_12pm/DBP_195648_12pm","path":"dash/CDBP_195648_12pm/DBP_195648_12pm","WebPartPageKey":null,"IsEnabled":true,"RPKey":null,"Priority":81,"WebParts":[],"CanAddPage":false,"CanEditPage":false,"CanDeletePage":false,"CanPersonalizePage":true},{"Id":306,"title":"DBP1_195648_12pm","Description":"Verifying the copy of the dashboard page","IsSystemLocked":false,"Name":"DBP1_195648_12pm","IsGuestPage":false,"ParameterJSON":null,"Personalization":null,"Url":"#/dash/CDBP_195648_12pm/DBP1_195648_12pm","path":"dash/CDBP_195648_12pm/DBP1_195648_12pm","WebPartPageKey":null,"IsEnabled":true,"RPKey":null,"Priority":82,"WebParts":[{"Id":521,"ChromeStyle":7,"Definition":{"WebPartDefinitionKey":"About_Me","Title":"About Me","Description":"Displays key profile information about the employee.","SubTitle":"Photo, email and employment information","WebPartIconName":null,"WidgetNotificationMode":0,"WidgetDeeplinkUrlText":"View my profile","CategoryName":"Common","IsWebPartEnabled":true,"TypeName":"SumTotal.SPPortal.WebParts.Core.MySelf.AboutMe.AboutMe, SumTotal.SPPortal.WebParts, Version=1.0.0.0, Culture=neutral, PublicKeyToken=6b7f90fbd13cce01","WebPartServiceAgentInterfaceTypeName":null,"WebPartDefinitionXml":null,"HideWebPartHeader":true,"HideWebPartFooter":true,"IsFreeFlowing":false,"PillarKey":null,"ChromeStyle":7,"ParameterJSON":"{\"HeaderLinkIcon\":\"\",\"IsCustomEditor\":false,\"PreviewType\":\"aboutme\"}","TemplatePath":"app/modules/dashboard/views/webparts/widgetAboutMe.html","IsSystemLocked":false,"Category":{"Id":5,"Name":"Common","CategoryKey":"WebPartDefinition_Common","Description":"Common","ParentId":1,"OrdinalPosition":null},"Id":43},"HeaderColor":"","IsHidden":false,"Layout":"{\"x\":0,\"y\":0,\"width\":25,\"height\":20}","OverrideTemplate":null,"ParameterJSON":"{\"HeaderLinkIcon\":\"\",\"IsCustomEditor\":false,\"PreviewType\":\"aboutme\"}","SubTitle":"Photo, email and employment information","SupportsFullScreen":true,"Title":null}],"CanAddPage":false,"CanEditPage":false,"CanDeletePage":false,"CanPersonalizePage":true}],"IsSystemLocked":false,"IsEnabled":true,"RPKey":null,"CanViewDashboard":true,"CanAddDashboard":false,"CanEditDashboard":false,"CanDeleteDashboard":false,"CanPersonalizeDashboard":true},{"Id":68,"DefaultPage":{"Id":307,"title":"DB_194700_12pm","Description":"DB_194700_12pm","IsSystemLocked":false,"Name":"DB_194700_12pm","IsGuestPage":false,"ParameterJSON":null,"Personalization":null,"Url":"#/dash/CDB_194700_12pm/initial","path":"dash/CDB_194700_12pm","WebPartPageKey":null,"IsEnabled":true,"RPKey":null,"Priority":83,"WebParts":[],"CanAddPage":false,"CanEditPage":false,"CanDeletePage":false,"CanPersonalizePage":false},"Description":"Verifying the copy of the dashboard page","Name":"CDB_194700_12pm","Url":"#/dash/CDB_194700_12pm","WebPartPageDefinitionKey":null,"WebPartPages":[{"Id":307,"title":"DB_194700_12pm","Description":"DB_194700_12pm","IsSystemLocked":false,"Name":"DB_194700_12pm","IsGuestPage":false,"ParameterJSON":null,"Personalization":null,"Url":"#/dash/CDB_194700_12pm/initial","path":"dash/CDB_194700_12pm/initial","WebPartPageKey":null,"IsEnabled":true,"RPKey":null,"Priority":83,"WebParts":[],"CanAddPage":false,"CanEditPage":false,"CanDeletePage":false,"CanPersonalizePage":true}],"IsSystemLocked":false,"IsEnabled":true,"RPKey":null,"CanViewDashboard":true,"CanAddDashboard":false,"CanEditDashboard":false,"CanDeleteDashboard":false,"CanPersonalizeDashboard":true},{"Id":69,"DefaultPage":{"Id":308,"title":"DB_194702_12pm","Description":"DB_194702_12pm","IsSystemLocked":false,"Name":"DB_194702_12pm","IsGuestPage":false,"ParameterJSON":null,"Personalization":null,"Url":"#/dash/CDB_194702_12pm/initial","path":"dash/CDB_194702_12pm","WebPartPageKey":null,"IsEnabled":true,"RPKey":null,"Priority":84,"WebParts":[{"Id":522,"ChromeStyle":7,"Definition":{"WebPartDefinitionKey":"About_Me","Title":"About Me","Description":"Displays key profile information about the employee.","SubTitle":"Photo, email and employment information","WebPartIconName":null,"WidgetNotificationMode":0,"WidgetDeeplinkUrlText":"View my profile","CategoryName":"Common","IsWebPartEnabled":true,"TypeName":"SumTotal.SPPortal.WebParts.Core.MySelf.AboutMe.AboutMe, SumTotal.SPPortal.WebParts, Version=1.0.0.0, Culture=neutral, PublicKeyToken=6b7f90fbd13cce01","WebPartServiceAgentInterfaceTypeName":null,"WebPartDefinitionXml":null,"HideWebPartHeader":true,"HideWebPartFooter":true,"IsFreeFlowing":false,"PillarKey":null,"ChromeStyle":7,"ParameterJSON":"{\"HeaderLinkIcon\":\"\",\"IsCustomEditor\":false,\"PreviewType\":\"aboutme\"}","TemplatePath":"app/modules/dashboard/views/webparts/widgetAboutMe.html","IsSystemLocked":false,"Category":{"Id":5,"Name":"Common","CategoryKey":"WebPartDefinition_Common","Description":"Common","ParentId":1,"OrdinalPosition":null},"Id":43},"HeaderColor":"","IsHidden":false,"Layout":"{\"x\":0,\"y\":0,\"width\":25,\"height\":20}","OverrideTemplate":null,"ParameterJSON":"{\"HeaderLinkIcon\":\"\",\"IsCustomEditor\":false,\"PreviewType\":\"aboutme\"}","SubTitle":"Photo, email and employment information","SupportsFullScreen":true,"Title":null}],"CanAddPage":false,"CanEditPage":false,"CanDeletePage":false,"CanPersonalizePage":false},"Description":"Verifying the copy of the dashboard page","Name":"CDB_194702_12pm","Url":"#/dash/CDB_194702_12pm","WebPartPageDefinitionKey":null,"WebPartPages":[{"Id":308,"title":"DB_194702_12pm","Description":"DB_194702_12pm","IsSystemLocked":false,"Name":"DB_194702_12pm","IsGuestPage":false,"ParameterJSON":null,"Personalization":null,"Url":"#/dash/CDB_194702_12pm/initial","path":"dash/CDB_194702_12pm/initial","WebPartPageKey":null,"IsEnabled":true,"RPKey":null,"Priority":84,"WebParts":[{"Id":522,"ChromeStyle":7,"Definition":{"WebPartDefinitionKey":"About_Me","Title":"About Me","Description":"Displays key profile information about the employee.","SubTitle":"Photo, email and employment information","WebPartIconName":null,"WidgetNotificationMode":0,"WidgetDeeplinkUrlText":"View my profile","CategoryName":"Common","IsWebPartEnabled":true,"TypeName":"SumTotal.SPPortal.WebParts.Core.MySelf.AboutMe.AboutMe, SumTotal.SPPortal.WebParts, Version=1.0.0.0, Culture=neutral, PublicKeyToken=6b7f90fbd13cce01","WebPartServiceAgentInterfaceTypeName":null,"WebPartDefinitionXml":null,"HideWebPartHeader":true,"HideWebPartFooter":true,"IsFreeFlowing":false,"PillarKey":null,"ChromeStyle":7,"ParameterJSON":"{\"HeaderLinkIcon\":\"\",\"IsCustomEditor\":false,\"PreviewType\":\"aboutme\"}","TemplatePath":"app/modules/dashboard/views/webparts/widgetAboutMe.html","IsSystemLocked":false,"Category":{"Id":5,"Name":"Common","CategoryKey":"WebPartDefinition_Common","Description":"Common","ParentId":1,"OrdinalPosition":null},"Id":43},"HeaderColor":"","IsHidden":false,"Layout":"{\"x\":0,\"y\":0,\"width\":25,\"height\":20}","OverrideTemplate":null,"ParameterJSON":"{\"HeaderLinkIcon\":\"\",\"IsCustomEditor\":false,\"PreviewType\":\"aboutme\"}","SubTitle":"Photo, email and employment information","SupportsFullScreen":true,"Title":null}],"CanAddPage":false,"CanEditPage":false,"CanDeletePage":false,"CanPersonalizePage":true}],"IsSystemLocked":false,"IsEnabled":true,"RPKey":null,"CanViewDashboard":true,"CanAddDashboard":false,"CanEditDashboard":false,"CanDeleteDashboard":false,"CanPersonalizeDashboard":true},{"Id":70,"DefaultPage":{"Id":311,"title":"SumtotalDashBoard_218635_12pm","Description":"SumtotalDashBoard_218635_12pm","IsSystemLocked":false,"Name":"SumtotalDashBoard_218635_12pm","IsGuestPage":false,"ParameterJSON":null,"Personalization":null,"Url":"#/dash/SumtotalDashBoard_218635_12pm/initial","path":"dash/SumtotalDashBoard_218635_12pm","WebPartPageKey":null,"IsEnabled":true,"RPKey":null,"Priority":87,"WebParts":[],"CanAddPage":false,"CanEditPage":false,"CanDeletePage":false,"CanPersonalizePage":false},"Description":"SumtotalDashBoard_218635_12pm","Name":"SumtotalDashBoard_218635_12pm","Url":"#/dash/SumtotalDashBoard_218635_12pm","WebPartPageDefinitionKey":null,"WebPartPages":[{"Id":311,"title":"SumtotalDashBoard_218635_12pm","Description":"SumtotalDashBoard_218635_12pm","IsSystemLocked":false,"Name":"SumtotalDashBoard_218635_12pm","IsGuestPage":false,"ParameterJSON":null,"Personalization":null,"Url":"#/dash/SumtotalDashBoard_218635_12pm/initial","path":"dash/SumtotalDashBoard_218635_12pm/initial","WebPartPageKey":null,"IsEnabled":true,"RPKey":null,"Priority":87,"WebParts":[],"CanAddPage":false,"CanEditPage":false,"CanDeletePage":false,"CanPersonalizePage":true}],"IsSystemLocked":false,"IsEnabled":true,"RPKey":null,"CanViewDashboard":true,"CanAddDashboard":false,"CanEditDashboard":false,"CanDeleteDashboard":false,"CanPersonalizeDashboard":true},{"Id":71,"DefaultPage":{"Id":312,"title":"SumTotal_DashBoard_12pm","Description":"SumTotal_DashBoard_12pm","IsSystemLocked":false,"Name":"SumTotal_DashBoard_12pm","IsGuestPage":false,"ParameterJSON":null,"Personalization":null,"Url":"#/dash/SumTotal_DashBoardPage_12pm/initial","path":"dash/SumTotal_DashBoardPage_12pm","WebPartPageKey":null,"IsEnabled":true,"RPKey":null,"Priority":88,"WebParts":[{"Id":523,"ChromeStyle":7,"Definition":{"WebPartDefinitionKey":"Key_Measures","Title":"Key Measures","Description":"Displays key performance measures for a user.","SubTitle":"Key Measures","WebPartIconName":null,"WidgetNotificationMode":0,"WidgetDeeplinkUrlText":null,"CategoryName":"Common","IsWebPartEnabled":true,"TypeName":null,"WebPartServiceAgentInterfaceTypeName":null,"WebPartDefinitionXml":null,"HideWebPartHeader":false,"HideWebPartFooter":true,"IsFreeFlowing":false,"PillarKey":null,"ChromeStyle":7,"ParameterJSON":"{\"HeaderLinkIcon\":\"\",\"IsCustomEditor\":false,\"PreviewType\":\"claw\"}","TemplatePath":"app/modules/dashboard/views/webparts/widgetKeyMeasures.html","IsSystemLocked":false,"Category":{"Id":5,"Name":"Common","CategoryKey":"WebPartDefinition_Common","Description":"Common","ParentId":1,"OrdinalPosition":null},"Id":62},"HeaderColor":"","IsHidden":false,"Layout":"{\"x\":0,\"y\":0,\"width\":25,\"height\":20}","OverrideTemplate":null,"ParameterJSON":"{\"HeaderLinkIcon\":\"\",\"IsCustomEditor\":false,\"PreviewType\":\"claw\"}","SubTitle":"Key Measures","SupportsFullScreen":true,"Title":null}],"CanAddPage":false,"CanEditPage":false,"CanDeletePage":false,"CanPersonalizePage":false},"Description":"SumTotal_DashBoardPage_12pm","Name":"SumTotal_DashBoard_12pm","Url":"#/dash/SumTotal_DashBoardPage_12pm","WebPartPageDefinitionKey":null,"WebPartPages":[{"Id":312,"title":"SumTotal_DashBoard_12pm","Description":"SumTotal_DashBoard_12pm","IsSystemLocked":false,"Name":"SumTotal_DashBoard_12pm","IsGuestPage":false,"ParameterJSON":null,"Personalization":null,"Url":"#/dash/SumTotal_DashBoardPage_12pm/initial","path":"dash/SumTotal_DashBoardPage_12pm/initial","WebPartPageKey":null,"IsEnabled":true,"RPKey":null,"Priority":88,"WebParts":[{"Id":523,"ChromeStyle":7,"Definition":{"WebPartDefinitionKey":"Key_Measures","Title":"Key Measures","Description":"Displays key performance measures for a user.","SubTitle":"Key Measures","WebPartIconName":null,"WidgetNotificationMode":0,"WidgetDeeplinkUrlText":null,"CategoryName":"Common","IsWebPartEnabled":true,"TypeName":null,"WebPartServiceAgentInterfaceTypeName":null,"WebPartDefinitionXml":null,"HideWebPartHeader":false,"HideWebPartFooter":true,"IsFreeFlowing":false,"PillarKey":null,"ChromeStyle":7,"ParameterJSON":"{\"HeaderLinkIcon\":\"\",\"IsCustomEditor\":false,\"PreviewType\":\"claw\"}","TemplatePath":"app/modules/dashboard/views/webparts/widgetKeyMeasures.html","IsSystemLocked":false,"Category":{"Id":5,"Name":"Common","CategoryKey":"WebPartDefinition_Common","Description":"Common","ParentId":1,"OrdinalPosition":null},"Id":62},"HeaderColor":"","IsHidden":false,"Layout":"{\"x\":0,\"y\":0,\"width\":25,\"height\":20}","OverrideTemplate":null,"ParameterJSON":"{\"HeaderLinkIcon\":\"\",\"IsCustomEditor\":false,\"PreviewType\":\"claw\"}","SubTitle":"Key Measures","SupportsFullScreen":true,"Title":null}],"CanAddPage":false,"CanEditPage":false,"CanDeletePage":false,"CanPersonalizePage":true}],"IsSystemLocked":false,"IsEnabled":true,"RPKey":null,"CanViewDashboard":true,"CanAddDashboard":false,"CanEditDashboard":false,"CanDeleteDashboard":false,"CanPersonalizeDashboard":true},{"Id":72,"DefaultPage":{"Id":313,"title":"Test321","Description":"Test321","IsSystemLocked":false,"Name":"Test321","IsGuestPage":false,"ParameterJSON":null,"Personalization":null,"Url":"#/dash/Test321/initial","path":"dash/Test321","WebPartPageKey":null,"IsEnabled":true,"RPKey":null,"Priority":89,"WebParts":[],"CanAddPage":false,"CanEditPage":false,"CanDeletePage":false,"CanPersonalizePage":false},"Description":"Test321","Name":"Test321","Url":"#/dash/Test321","WebPartPageDefinitionKey":null,"WebPartPages":[{"Id":313,"title":"Test321","Description":"Test321","IsSystemLocked":false,"Name":"Test321","IsGuestPage":false,"ParameterJSON":null,"Personalization":null,"Url":"#/dash/Test321/initial","path":"dash/Test321/initial","WebPartPageKey":null,"IsEnabled":true,"RPKey":null,"Priority":89,"WebParts":[],"CanAddPage":false,"CanEditPage":false,"CanDeletePage":false,"CanPersonalizePage":true}],"IsSystemLocked":false,"IsEnabled":true,"RPKey":null,"CanViewDashboard":true,"CanAddDashboard":false,"CanEditDashboard":false,"CanDeleteDashboard":false,"CanPersonalizeDashboard":true},{"Id":73,"DefaultPage":{"Id":314,"title":"CreateDashboard","Description":"CreateDashboard","IsSystemLocked":false,"Name":"CreateDashboard","IsGuestPage":false,"ParameterJSON":null,"Personalization":null,"Url":"#/dash/CreateDashboard/initial","path":"dash/CreateDashboard","WebPartPageKey":null,"IsEnabled":true,"RPKey":null,"Priority":90,"WebParts":[],"CanAddPage":false,"CanEditPage":false,"CanDeletePage":false,"CanPersonalizePage":false},"Description":"CreateDashboard","Name":"CreateDashboard","Url":"#/dash/CreateDashboard","WebPartPageDefinitionKey":null,"WebPartPages":[{"Id":314,"title":"CreateDashboard","Description":"CreateDashboard","IsSystemLocked":false,"Name":"CreateDashboard","IsGuestPage":false,"ParameterJSON":null,"Personalization":null,"Url":"#/dash/CreateDashboard/initial","path":"dash/CreateDashboard/initial","WebPartPageKey":null,"IsEnabled":true,"RPKey":null,"Priority":90,"WebParts":[],"CanAddPage":false,"CanEditPage":false,"CanDeletePage":false,"CanPersonalizePage":true}],"IsSystemLocked":false,"IsEnabled":true,"RPKey":null,"CanViewDashboard":true,"CanAddDashboard":false,"CanEditDashboard":false,"CanDeleteDashboard":false,"CanPersonalizeDashboard":true},{"Id":74,"DefaultPage":{"Id":315,"title":"DB1_224638_12pm","Description":"DB1_224638_12pm","IsSystemLocked":false,"Name":"DB1_224638_12pm","IsGuestPage":false,"ParameterJSON":null,"Personalization":null,"Url":"#/dash/DB1_224638_12pm/initial","path":"dash/DB1_224638_12pm","WebPartPageKey":null,"IsEnabled":true,"RPKey":null,"Priority":91,"WebParts":[],"CanAddPage":false,"CanEditPage":false,"CanDeletePage":false,"CanPersonalizePage":false},"Description":"Verifying the copy of the dashboard page","Name":"DB1_224638_12pm","Url":"#/dash/DB1_224638_12pm","WebPartPageDefinitionKey":null,"WebPartPages":[{"Id":315,"title":"DB1_224638_12pm","Description":"DB1_224638_12pm","IsSystemLocked":false,"Name":"DB1_224638_12pm","IsGuestPage":false,"ParameterJSON":null,"Personalization":null,"Url":"#/dash/DB1_224638_12pm/initial","path":"dash/DB1_224638_12pm/initial","WebPartPageKey":null,"IsEnabled":true,"RPKey":null,"Priority":91,"WebParts":[],"CanAddPage":false,"CanEditPage":false,"CanDeletePage":false,"CanPersonalizePage":true},{"Id":316,"title":"DBP_224638_12pm","Description":"Verifying the copy of the dashboard page","IsSystemLocked":false,"Name":"DBP_224638_12pm","IsGuestPage":false,"ParameterJSON":null,"Personalization":null,"Url":"#/dash/DB1_224638_12pm/DBP_224638_12pm","path":"dash/DB1_224638_12pm/DBP_224638_12pm","WebPartPageKey":null,"IsEnabled":true,"RPKey":null,"Priority":92,"WebParts":[],"CanAddPage":false,"CanEditPage":false,"CanDeletePage":false,"CanPersonalizePage":true}],"IsSystemLocked":false,"IsEnabled":true,"RPKey":null,"CanViewDashboard":true,"CanAddDashboard":false,"CanEditDashboard":false,"CanDeleteDashboard":false,"CanPersonalizeDashboard":true},{"Id":75,"DefaultPage":{"Id":317,"title":"DB_Personalization_12pm","Description":"DB_Personalization_12pm","IsSystemLocked":false,"Name":"DB_Personalization_12pm","IsGuestPage":false,"ParameterJSON":null,"Personalization":null,"Url":"#/dash/DB_Personalization_12pm/initial","path":"dash/DB_Personalization_12pm","WebPartPageKey":null,"IsEnabled":true,"RPKey":null,"Priority":93,"WebParts":[{"Id":524,"ChromeStyle":7,"Definition":{"WebPartDefinitionKey":"Timeline","Title":"Timeline","Description":"Displays tasks, approvals, and other updates in a timeline view.","SubTitle":"Activity timeline","WebPartIconName":null,"WidgetNotificationMode":0,"WidgetDeeplinkUrlText":null,"CategoryName":"Common","IsWebPartEnabled":true,"TypeName":null,"WebPartServiceAgentInterfaceTypeName":null,"WebPartDefinitionXml":null,"HideWebPartHeader":false,"HideWebPartFooter":false,"IsFreeFlowing":false,"PillarKey":null,"ChromeStyle":7,"ParameterJSON":"{\"HeaderLinkIcon\":\"\",\"IsCustomEditor\":false,\"PreviewType\":\"timeline\"}","TemplatePath":"app/modules/dashboard/views/webparts/widgetTimeline.html","IsSystemLocked":false,"Category":{"Id":5,"Name":"Common","CategoryKey":"WebPartDefinition_Common","Description":"Common","ParentId":1,"OrdinalPosition":null},"Id":61},"HeaderColor":"","IsHidden":false,"Layout":"{\"x\":0,\"y\":0,\"width\":25,\"height\":20}","OverrideTemplate":null,"ParameterJSON":"{\"HeaderLinkIcon\":\"\",\"IsCustomEditor\":false,\"PreviewType\":\"timeline\"}","SubTitle":"Activity timeline","SupportsFullScreen":true,"Title":null},{"Id":525,"ChromeStyle":7,"Definition":{"WebPartDefinitionKey":"Common_SumtIFrameWebPart","Title":"iFrame","Description":"Enables users to configure a URL to display within the widget.","SubTitle":"IFrame Widget","WebPartIconName":null,"WidgetNotificationMode":0,"WidgetDeeplinkUrlText":null,"CategoryName":"Common","IsWebPartEnabled":true,"TypeName":"SumTotal.SPPortal.WebParts.Core.Common.SumtIFrameWebPart.SumtIFrameWebPart, SumTotal.SPPortal.WebParts, Version=1.0.0.0, Culture=neutral, PublicKeyToken=6b7f90fbd13cce01","WebPartServiceAgentInterfaceTypeName":null,"WebPartDefinitionXml":null,"HideWebPartHeader":false,"HideWebPartFooter":true,"IsFreeFlowing":false,"PillarKey":null,"ChromeStyle":7,"ParameterJSON":"{\"HeaderLinkIcon\":\"\",\"IsCustomEditor\":false,\"PreviewType\":\"iframe\",\"iFrameUrl\":\"http://www.google.com\"}","TemplatePath":"app/modules/dashboard/views/webparts/widgetIFrame.html","IsSystemLocked":false,"Category":{"Id":5,"Name":"Common","CategoryKey":"WebPartDefinition_Common","Description":"Common","ParentId":1,"OrdinalPosition":null},"Id":3},"HeaderColor":"","IsHidden":false,"Layout":"{\"x\":25,\"y\":0,\"width\":25,\"height\":20}","OverrideTemplate":null,"ParameterJSON":"{\"HeaderLinkIcon\":\"\",\"IsCustomEditor\":false,\"PreviewType\":\"iframe\",\"iFrameUrl\":\"http://www.google.com\"}","SubTitle":"IFrame Widget","SupportsFullScreen":true,"Title":null},{"Id":526,"ChromeStyle":7,"Definition":{"WebPartDefinitionKey":"Common_ContentEditor","Title":"Content Editor","Description":"Enables users to add custom HTML to a dashboard.","SubTitle":"Content Editor Widget","WebPartIconName":null,"WidgetNotificationMode":0,"WidgetDeeplinkUrlText":null,"CategoryName":"Common","IsWebPartEnabled":true,"TypeName":null,"WebPartServiceAgentInterfaceTypeName":null,"WebPartDefinitionXml":null,"HideWebPartHeader":false,"HideWebPartFooter":true,"IsFreeFlowing":false,"PillarKey":null,"ChromeStyle":7,"ParameterJSON":"{\"HeaderLinkIcon\":\"\",\"IsCustomEditor\":true,\"PreviewType\":\"iframe\"}","TemplatePath":"app/modules/dashboard/views/webparts/widgetContentEditor.html","IsSystemLocked":false,"Category":{"Id":5,"Name":"Common","CategoryKey":"WebPartDefinition_Common","Description":"Common","ParentId":1,"OrdinalPosition":null},"Id":60},"HeaderColor":"","IsHidden":false,"Layout":"{\"x\":50,\"y\":0,\"width\":25,\"height\":20}","OverrideTemplate":null,"ParameterJSON":"{\"HeaderLinkIcon\":\"\",\"IsCustomEditor\":true,\"PreviewType\":\"iframe\"}","SubTitle":"Content Editor Widget","SupportsFullScreen":true,"Title":null}],"CanAddPage":false,"CanEditPage":false,"CanDeletePage":false,"CanPersonalizePage":false},"Description":"This Dashboard is related to Sumtotal Dashboardpage","Name":"DB_Personalization_12pm","Url":"#/dash/DB_Personalization_12pm","WebPartPageDefinitionKey":null,"WebPartPages":[{"Id":317,"title":"DB_Personalization_12pm","Description":"DB_Personalization_12pm","IsSystemLocked":false,"Name":"DB_Personalization_12pm","IsGuestPage":false,"ParameterJSON":null,"Personalization":null,"Url":"#/dash/DB_Personalization_12pm/initial","path":"dash/DB_Personalization_12pm/initial","WebPartPageKey":null,"IsEnabled":true,"RPKey":null,"Priority":93,"WebParts":[{"Id":524,"ChromeStyle":7,"Definition":{"WebPartDefinitionKey":"Timeline","Title":"Timeline","Description":"Displays tasks, approvals, and other updates in a timeline view.","SubTitle":"Activity timeline","WebPartIconName":null,"WidgetNotificationMode":0,"WidgetDeeplinkUrlText":null,"CategoryName":"Common","IsWebPartEnabled":true,"TypeName":null,"WebPartServiceAgentInterfaceTypeName":null,"WebPartDefinitionXml":null,"HideWebPartHeader":false,"HideWebPartFooter":false,"IsFreeFlowing":false,"PillarKey":null,"ChromeStyle":7,"ParameterJSON":"{\"HeaderLinkIcon\":\"\",\"IsCustomEditor\":false,\"PreviewType\":\"timeline\"}","TemplatePath":"app/modules/dashboard/views/webparts/widgetTimeline.html","IsSystemLocked":false,"Category":{"Id":5,"Name":"Common","CategoryKey":"WebPartDefinition_Common","Description":"Common","ParentId":1,"OrdinalPosition":null},"Id":61},"HeaderColor":"","IsHidden":false,"Layout":"{\"x\":0,\"y\":0,\"width\":25,\"height\":20}","OverrideTemplate":null,"ParameterJSON":"{\"HeaderLinkIcon\":\"\",\"IsCustomEditor\":false,\"PreviewType\":\"timeline\"}","SubTitle":"Activity timeline","SupportsFullScreen":true,"Title":null},{"Id":525,"ChromeStyle":7,"Definition":{"WebPartDefinitionKey":"Common_SumtIFrameWebPart","Title":"iFrame","Description":"Enables users to configure a URL to display within the widget.","SubTitle":"IFrame Widget","WebPartIconName":null,"WidgetNotificationMode":0,"WidgetDeeplinkUrlText":null,"CategoryName":"Common","IsWebPartEnabled":true,"TypeName":"SumTotal.SPPortal.WebParts.Core.Common.SumtIFrameWebPart.SumtIFrameWebPart, SumTotal.SPPortal.WebParts, Version=1.0.0.0, Culture=neutral, PublicKeyToken=6b7f90fbd13cce01","WebPartServiceAgentInterfaceTypeName":null,"WebPartDefinitionXml":null,"HideWebPartHeader":false,"HideWebPartFooter":true,"IsFreeFlowing":false,"PillarKey":null,"ChromeStyle":7,"ParameterJSON":"{\"HeaderLinkIcon\":\"\",\"IsCustomEditor\":false,\"PreviewType\":\"iframe\",\"iFrameUrl\":\"http://www.google.com\"}","TemplatePath":"app/modules/dashboard/views/webparts/widgetIFrame.html","IsSystemLocked":false,"Category":{"Id":5,"Name":"Common","CategoryKey":"WebPartDefinition_Common","Description":"Common","ParentId":1,"OrdinalPosition":null},"Id":3},"HeaderColor":"","IsHidden":false,"Layout":"{\"x\":25,\"y\":0,\"width\":25,\"height\":20}","OverrideTemplate":null,"ParameterJSON":"{\"HeaderLinkIcon\":\"\",\"IsCustomEditor\":false,\"PreviewType\":\"iframe\",\"iFrameUrl\":\"http://www.google.com\"}","SubTitle":"IFrame Widget","SupportsFullScreen":true,"Title":null},{"Id":526,"ChromeStyle":7,"Definition":{"WebPartDefinitionKey":"Common_ContentEditor","Title":"Content Editor","Description":"Enables users to add custom HTML to a dashboard.","SubTitle":"Content Editor Widget","WebPartIconName":null,"WidgetNotificationMode":0,"WidgetDeeplinkUrlText":null,"CategoryName":"Common","IsWebPartEnabled":true,"TypeName":null,"WebPartServiceAgentInterfaceTypeName":null,"WebPartDefinitionXml":null,"HideWebPartHeader":false,"HideWebPartFooter":true,"IsFreeFlowing":false,"PillarKey":null,"ChromeStyle":7,"ParameterJSON":"{\"HeaderLinkIcon\":\"\",\"IsCustomEditor\":true,\"PreviewType\":\"iframe\"}","TemplatePath":"app/modules/dashboard/views/webparts/widgetContentEditor.html","IsSystemLocked":false,"Category":{"Id":5,"Name":"Common","CategoryKey":"WebPartDefinition_Common","Description":"Common","ParentId":1,"OrdinalPosition":null},"Id":60},"HeaderColor":"","IsHidden":false,"Layout":"{\"x\":50,\"y\":0,\"width\":25,\"height\":20}","OverrideTemplate":null,"ParameterJSON":"{\"HeaderLinkIcon\":\"\",\"IsCustomEditor\":true,\"PreviewType\":\"iframe\"}","SubTitle":"Content Editor Widget","SupportsFullScreen":true,"Title":null}],"CanAddPage":false,"CanEditPage":false,"CanDeletePage":false,"CanPersonalizePage":true}],"IsSystemLocked":false,"IsEnabled":true,"RPKey":null,"CanViewDashboard":true,"CanAddDashboard":false,"CanEditDashboard":false,"CanDeleteDashboard":false,"CanPersonalizeDashboard":true},{"Id":76,"DefaultPage":{"Id":318,"title":"DB1_Personalization_12pm","Description":"DB1_Personalization_12pm","IsSystemLocked":false,"Name":"DB1_Personalization_12pm","IsGuestPage":false,"ParameterJSON":null,"Personalization":null,"Url":"#/dash/DB1_Personalization_12pm/initial","path":"dash/DB1_Personalization_12pm","WebPartPageKey":null,"IsEnabled":true,"RPKey":null,"Priority":94,"WebParts":[{"Id":530,"ChromeStyle":7,"Definition":{"WebPartDefinitionKey":"Timeline","Title":"Timeline","Description":"Displays tasks, approvals, and other updates in a timeline view.","SubTitle":"Activity timeline","WebPartIconName":null,"WidgetNotificationMode":0,"WidgetDeeplinkUrlText":null,"CategoryName":"Common","IsWebPartEnabled":true,"TypeName":null,"WebPartServiceAgentInterfaceTypeName":null,"WebPartDefinitionXml":null,"HideWebPartHeader":false,"HideWebPartFooter":false,"IsFreeFlowing":false,"PillarKey":null,"ChromeStyle":7,"ParameterJSON":"{\"HeaderLinkIcon\":\"\",\"IsCustomEditor\":false,\"PreviewType\":\"timeline\"}","TemplatePath":"app/modules/dashboard/views/webparts/widgetTimeline.html","IsSystemLocked":false,"Category":{"Id":5,"Name":"Common","CategoryKey":"WebPartDefinition_Common","Description":"Common","ParentId":1,"OrdinalPosition":null},"Id":61},"HeaderColor":"","IsHidden":false,"Layout":"{\"x\":0,\"y\":0,\"width\":25,\"height\":20}","OverrideTemplate":null,"ParameterJSON":"{\"HeaderLinkIcon\":\"\",\"IsCustomEditor\":false,\"PreviewType\":\"timeline\"}","SubTitle":"Activity timeline","SupportsFullScreen":true,"Title":null},{"Id":531,"ChromeStyle":7,"Definition":{"WebPartDefinitionKey":"Common_SumtIFrameWebPart","Title":"iFrame","Description":"Enables users to configure a URL to display within the widget.","SubTitle":"IFrame Widget","WebPartIconName":null,"WidgetNotificationMode":0,"WidgetDeeplinkUrlText":null,"CategoryName":"Common","IsWebPartEnabled":true,"TypeName":"SumTotal.SPPortal.WebParts.Core.Common.SumtIFrameWebPart.SumtIFrameWebPart, SumTotal.SPPortal.WebParts, Version=1.0.0.0, Culture=neutral, PublicKeyToken=6b7f90fbd13cce01","WebPartServiceAgentInterfaceTypeName":null,"WebPartDefinitionXml":null,"HideWebPartHeader":false,"HideWebPartFooter":true,"IsFreeFlowing":false,"PillarKey":null,"ChromeStyle":7,"ParameterJSON":"{\"HeaderLinkIcon\":\"\",\"IsCustomEditor\":false,\"PreviewType\":\"iframe\",\"iFrameUrl\":\"http://www.google.com\"}","TemplatePath":"app/modules/dashboard/views/webparts/widgetIFrame.html","IsSystemLocked":false,"Category":{"Id":5,"Name":"Common","CategoryKey":"WebPartDefinition_Common","Description":"Common","ParentId":1,"OrdinalPosition":null},"Id":3},"HeaderColor":"","IsHidden":false,"Layout":"{\"x\":25,\"y\":0,\"width\":25,\"height\":20}","OverrideTemplate":null,"ParameterJSON":"{\"HeaderLinkIcon\":\"\",\"IsCustomEditor\":false,\"PreviewType\":\"iframe\",\"iFrameUrl\":\"http://www.google.com\"}","SubTitle":"IFrame Widget","SupportsFullScreen":true,"Title":null}],"CanAddPage":false,"CanEditPage":false,"CanDeletePage":false,"CanPersonalizePage":false},"Description":"This Dashboard is related to Sumtotal Dashboardpage","Name":"DB1_Personalization_12pm","Url":"#/dash/DB1_Personalization_12pm","WebPartPageDefinitionKey":null,"WebPartPages":[{"Id":318,"title":"DB1_Personalization_12pm","Description":"DB1_Personalization_12pm","IsSystemLocked":false,"Name":"DB1_Personalization_12pm","IsGuestPage":false,"ParameterJSON":null,"Personalization":null,"Url":"#/dash/DB1_Personalization_12pm/initial","path":"dash/DB1_Personalization_12pm/initial","WebPartPageKey":null,"IsEnabled":true,"RPKey":null,"Priority":94,"WebParts":[{"Id":530,"ChromeStyle":7,"Definition":{"WebPartDefinitionKey":"Timeline","Title":"Timeline","Description":"Displays tasks, approvals, and other updates in a timeline view.","SubTitle":"Activity timeline","WebPartIconName":null,"WidgetNotificationMode":0,"WidgetDeeplinkUrlText":null,"CategoryName":"Common","IsWebPartEnabled":true,"TypeName":null,"WebPartServiceAgentInterfaceTypeName":null,"WebPartDefinitionXml":null,"HideWebPartHeader":false,"HideWebPartFooter":false,"IsFreeFlowing":false,"PillarKey":null,"ChromeStyle":7,"ParameterJSON":"{\"HeaderLinkIcon\":\"\",\"IsCustomEditor\":false,\"PreviewType\":\"timeline\"}","TemplatePath":"app/modules/dashboard/views/webparts/widgetTimeline.html","IsSystemLocked":false,"Category":{"Id":5,"Name":"Common","CategoryKey":"WebPartDefinition_Common","Description":"Common","ParentId":1,"OrdinalPosition":null},"Id":61},"HeaderColor":"","IsHidden":false,"Layout":"{\"x\":0,\"y\":0,\"width\":25,\"height\":20}","OverrideTemplate":null,"ParameterJSON":"{\"HeaderLinkIcon\":\"\",\"IsCustomEditor\":false,\"PreviewType\":\"timeline\"}","SubTitle":"Activity timeline","SupportsFullScreen":true,"Title":null},{"Id":531,"ChromeStyle":7,"Definition":{"WebPartDefinitionKey":"Common_SumtIFrameWebPart","Title":"iFrame","Description":"Enables users to configure a URL to display within the widget.","SubTitle":"IFrame Widget","WebPartIconName":null,"WidgetNotificationMode":0,"WidgetDeeplinkUrlText":null,"CategoryName":"Common","IsWebPartEnabled":true,"TypeName":"SumTotal.SPPortal.WebParts.Core.Common.SumtIFrameWebPart.SumtIFrameWebPart, SumTotal.SPPortal.WebParts, Version=1.0.0.0, Culture=neutral, PublicKeyToken=6b7f90fbd13cce01","WebPartServiceAgentInterfaceTypeName":null,"WebPartDefinitionXml":null,"HideWebPartHeader":false,"HideWebPartFooter":true,"IsFreeFlowing":false,"PillarKey":null,"ChromeStyle":7,"ParameterJSON":"{\"HeaderLinkIcon\":\"\",\"IsCustomEditor\":false,\"PreviewType\":\"iframe\",\"iFrameUrl\":\"http://www.google.com\"}","TemplatePath":"app/modules/dashboard/views/webparts/widgetIFrame.html","IsSystemLocked":false,"Category":{"Id":5,"Name":"Common","CategoryKey":"WebPartDefinition_Common","Description":"Common","ParentId":1,"OrdinalPosition":null},"Id":3},"HeaderColor":"","IsHidden":false,"Layout":"{\"x\":25,\"y\":0,\"width\":25,\"height\":20}","OverrideTemplate":null,"ParameterJSON":"{\"HeaderLinkIcon\":\"\",\"IsCustomEditor\":false,\"PreviewType\":\"iframe\",\"iFrameUrl\":\"http://www.google.com\"}","SubTitle":"IFrame Widget","SupportsFullScreen":true,"Title":null}],"CanAddPage":false,"CanEditPage":false,"CanDeletePage":false,"CanPersonalizePage":true}],"IsSystemLocked":false,"IsEnabled":true,"RPKey":null,"CanViewDashboard":true,"CanAddDashboard":false,"CanEditDashboard":false,"CanDeleteDashboard":false,"CanPersonalizeDashboard":true},{"Id":77,"DefaultPage":{"Id":319,"title":"DB_204051_12pm","Description":"DB_204051_12pm","IsSystemLocked":false,"Name":"DB_204051_12pm","IsGuestPage":false,"ParameterJSON":null,"Personalization":null,"Url":"#/dash/DB_204051_12pm/initial","path":"dash/DB_204051_12pm","WebPartPageKey":null,"IsEnabled":true,"RPKey":null,"Priority":95,"WebParts":[],"CanAddPage":false,"CanEditPage":false,"CanDeletePage":false,"CanPersonalizePage":false},"Description":"DB_204051_12pm","Name":"DB_204051_12pm","Url":"#/dash/DB_204051_12pm","WebPartPageDefinitionKey":null,"WebPartPages":[{"Id":319,"title":"DB_204051_12pm","Description":"DB_204051_12pm","IsSystemLocked":false,"Name":"DB_204051_12pm","IsGuestPage":false,"ParameterJSON":null,"Personalization":null,"Url":"#/dash/DB_204051_12pm/initial","path":"dash/DB_204051_12pm/initial","WebPartPageKey":null,"IsEnabled":true,"RPKey":null,"Priority":95,"WebParts":[],"CanAddPage":false,"CanEditPage":false,"CanDeletePage":false,"CanPersonalizePage":true}],"IsSystemLocked":false,"IsEnabled":true,"RPKey":null,"CanViewDashboard":true,"CanAddDashboard":false,"CanEditDashboard":false,"CanDeleteDashboard":false,"CanPersonalizeDashboard":true}],"EnableDashboards":false,"EnablePersonalization":true,"EnableView":true,"EnableAdd":false,"EnableEdit":false,"EnableDelete":false,"LandingDashboard":{"Name":"Dashboard","Description":"Default dashboard.","WebPartPageKey":null,"Url":"#/dash/home","ParameterJSON":null,"WebParts":[{"Definition":{"WebPartDefinitionKey":"Common_ContentEditor","Title":"Content Editor","Description":"Enables users to add custom HTML to a dashboard.","SubTitle":"Content Editor Widget","WebPartIconName":null,"WidgetNotificationMode":0,"WidgetDeeplinkUrlText":null,"CategoryName":"Common","IsWebPartEnabled":true,"TypeName":null,"WebPartServiceAgentInterfaceTypeName":null,"WebPartDefinitionXml":null,"HideWebPartHeader":false,"HideWebPartFooter":true,"IsFreeFlowing":false,"PillarKey":null,"ChromeStyle":7,"ParameterJSON":"{\"HeaderLinkIcon\":\"\",\"IsCustomEditor\":true,\"PreviewType\":\"iframe\"}","TemplatePath":"app/modules/dashboard/views/webparts/widgetContentEditor.html","IsSystemLocked":false,"Category":{"Id":5,"Name":"Common","CategoryKey":"WebPartDefinition_Common","Description":"Common","ParentId":1,"OrdinalPosition":null},"Id":60},"Title":null,"SubTitle":"Content Editor Widget","ChromeStyle":1,"SupportsFullScreen":true,"IsHidden":false,"HeaderColor":"","Layout":"{\"x\":0,\"y\":0,\"width\":20,\"height\":20}","ParameterJSON":"{\"HeaderLinkIcon\":\"\",\"IsCustomEditor\":true,\"PreviewType\":\"iframe\",\"fullScreen\":false}","OverrideTemplate":"<iframe src=\"https://supp-saux.sumtotaldemo.net/SA_UX/Master/17_1_2/Standard/index.html?lm=yes&tm=yes&wfm=no\" class=\"sumt-webpart-iframe\"></iframe>","Id":438},{"Definition":{"WebPartDefinitionKey":"Social_CommunityFeed","Title":"My Social Community Feed","Description":"Displays the social activities of communities I am a member of","SubTitle":null,"WebPartIconName":null,"WidgetNotificationMode":1,"WidgetDeeplinkUrlText":"View All","CategoryName":"Social","IsWebPartEnabled":true,"TypeName":null,"WebPartServiceAgentInterfaceTypeName":null,"WebPartDefinitionXml":null,"HideWebPartHeader":false,"HideWebPartFooter":false,"IsFreeFlowing":false,"PillarKey":"ELIXHRUI","ChromeStyle":7,"ParameterJSON":"{\"HeaderLinkIcon\":\"\",\"IsCustomEditor\":false,\"PreviewType\":\"table\"}","TemplatePath":"app/modules/dashboard/views/webparts/widgetSocialCommunityFeed.html","IsSystemLocked":false,"Category":{"Id":11,"Name":"Social","CategoryKey":"WebPartDefinition_Social","Description":"Social","ParentId":1,"OrdinalPosition":null},"Id":117},"Title":null,"SubTitle":null,"ChromeStyle":7,"SupportsFullScreen":true,"IsHidden":false,"HeaderColor":"","Layout":"{\"x\":20,\"y\":0,\"width\":25,\"height\":20}","ParameterJSON":"{\"HeaderLinkIcon\":\"\",\"IsCustomEditor\":false,\"PreviewType\":\"table\"}","OverrideTemplate":null,"Id":519},{"Definition":{"WebPartDefinitionKey":"Social_MyCommunities","Title":"My Social Communities","Description":"Displays social communities that I am a member of","SubTitle":null,"WebPartIconName":null,"WidgetNotificationMode":1,"WidgetDeeplinkUrlText":"View All","CategoryName":"Social","IsWebPartEnabled":true,"TypeName":null,"WebPartServiceAgentInterfaceTypeName":null,"WebPartDefinitionXml":null,"HideWebPartHeader":false,"HideWebPartFooter":false,"IsFreeFlowing":false,"PillarKey":"ELIXHRUI","ChromeStyle":7,"ParameterJSON":"{\"HeaderLinkIcon\":\"\",\"IsCustomEditor\":false,\"PreviewType\":\"table\"}","TemplatePath":"app/modules/dashboard/views/webparts/widgetSocialMyCommunities.html","IsSystemLocked":false,"Category":{"Id":11,"Name":"Social","CategoryKey":"WebPartDefinition_Social","Description":"Social","ParentId":1,"OrdinalPosition":null},"Id":116},"Title":null,"SubTitle":null,"ChromeStyle":7,"SupportsFullScreen":true,"IsHidden":false,"HeaderColor":"","Layout":"{\"x\":45,\"y\":0,\"width\":25,\"height\":20}","ParameterJSON":"{\"HeaderLinkIcon\":\"\",\"IsCustomEditor\":false,\"PreviewType\":\"table\"}","OverrideTemplate":null,"Id":520},{"Definition":{"WebPartDefinitionKey":"Timeline","Title":"Timeline","Description":"Displays tasks, approvals, and other updates in a timeline view.","SubTitle":"Activity timeline","WebPartIconName":null,"WidgetNotificationMode":0,"WidgetDeeplinkUrlText":null,"CategoryName":"Common","IsWebPartEnabled":true,"TypeName":null,"WebPartServiceAgentInterfaceTypeName":null,"WebPartDefinitionXml":null,"HideWebPartHeader":false,"HideWebPartFooter":false,"IsFreeFlowing":false,"PillarKey":null,"ChromeStyle":7,"ParameterJSON":"{\"HeaderLinkIcon\":\"\",\"IsCustomEditor\":false,\"PreviewType\":\"timeline\"}","TemplatePath":"app/modules/dashboard/views/webparts/widgetTimeline.html","IsSystemLocked":false,"Category":{"Id":5,"Name":"Common","CategoryKey":"WebPartDefinition_Common","Description":"Common","ParentId":1,"OrdinalPosition":null},"Id":61},"Title":null,"SubTitle":"Activity timeline","ChromeStyle":7,"SupportsFullScreen":true,"IsHidden":false,"HeaderColor":"","Layout":"{\"x\":70,\"y\":0,\"width\":25,\"height\":20}","ParameterJSON":"{\"HeaderLinkIcon\":\"\",\"IsCustomEditor\":false,\"PreviewType\":\"timeline\"}","OverrideTemplate":null,"Id":527},{"Definition":{"WebPartDefinitionKey":"Common_SumtIFrameWebPart","Title":"iFrame","Description":"Enables users to configure a URL to display within the widget.","SubTitle":"IFrame Widget","WebPartIconName":null,"WidgetNotificationMode":0,"WidgetDeeplinkUrlText":null,"CategoryName":"Common","IsWebPartEnabled":true,"TypeName":"SumTotal.SPPortal.WebParts.Core.Common.SumtIFrameWebPart.SumtIFrameWebPart, SumTotal.SPPortal.WebParts, Version=1.0.0.0, Culture=neutral, PublicKeyToken=6b7f90fbd13cce01","WebPartServiceAgentInterfaceTypeName":null,"WebPartDefinitionXml":null,"HideWebPartHeader":false,"HideWebPartFooter":true,"IsFreeFlowing":false,"PillarKey":null,"ChromeStyle":7,"ParameterJSON":"{\"HeaderLinkIcon\":\"\",\"IsCustomEditor\":false,\"PreviewType\":\"iframe\",\"iFrameUrl\":\"http://www.google.com\"}","TemplatePath":"app/modules/dashboard/views/webparts/widgetIFrame.html","IsSystemLocked":false,"Category":{"Id":5,"Name":"Common","CategoryKey":"WebPartDefinition_Common","Description":"Common","ParentId":1,"OrdinalPosition":null},"Id":3},"Title":null,"SubTitle":"IFrame Widget","ChromeStyle":7,"SupportsFullScreen":true,"IsHidden":false,"HeaderColor":"","Layout":"{\"x\":0,\"y\":20,\"width\":25,\"height\":20}","ParameterJSON":"{\"HeaderLinkIcon\":\"\",\"IsCustomEditor\":false,\"PreviewType\":\"iframe\",\"iFrameUrl\":\"http://www.google.com\"}","OverrideTemplate":null,"Id":528},{"Definition":{"WebPartDefinitionKey":"Common_ContentEditor","Title":"Content Editor","Description":"Enables users to add custom HTML to a dashboard.","SubTitle":"Content Editor Widget","WebPartIconName":null,"WidgetNotificationMode":0,"WidgetDeeplinkUrlText":null,"CategoryName":"Common","IsWebPartEnabled":true,"TypeName":null,"WebPartServiceAgentInterfaceTypeName":null,"WebPartDefinitionXml":null,"HideWebPartHeader":false,"HideWebPartFooter":true,"IsFreeFlowing":false,"PillarKey":null,"ChromeStyle":7,"ParameterJSON":"{\"HeaderLinkIcon\":\"\",\"IsCustomEditor\":true,\"PreviewType\":\"iframe\"}","TemplatePath":"app/modules/dashboard/views/webparts/widgetContentEditor.html","IsSystemLocked":false,"Category":{"Id":5,"Name":"Common","CategoryKey":"WebPartDefinition_Common","Description":"Common","ParentId":1,"OrdinalPosition":null},"Id":60},"Title":null,"SubTitle":"Content Editor Widget","ChromeStyle":7,"SupportsFullScreen":true,"IsHidden":false,"HeaderColor":"","Layout":"{\"x\":25,\"y\":20,\"width\":25,\"height\":20}","ParameterJSON":"{\"HeaderLinkIcon\":\"\",\"IsCustomEditor\":true,\"PreviewType\":\"iframe\"}","OverrideTemplate":null,"Id":529}],"IsSystemLocked":true,"Personalization":null,"Priority":9,"ParentId":1,"DashboardPageCount":8,"DashboardName":"Home","IsGuestPage":false,"IsEnabled":true,"RPKey":null,"CanAddPage":false,"CanEditPage":false,"CanDeletePage":false,"CanPersonalizePage":true,"CanViewPage":true,"IsPersonalization":false,"Id":1}},"sitemap":{"Hash":"-1053385421","IsChanged":true,"KeyedHomePages":{},"Nodes":[{"Id":6,"childNodes":[{"Id":187,"childNodes":[],"description":"Used to access your Profile.","iconPath":null,"integrationMode":3,"IsHidden":false,"helpUrl":"/Content/Core Platform/Core Platform Guide/My Profile.htm","IsPortalPage":false,"level":2,"name":"Profile","nodeKey":"Profile","ordinalPosition":"1","parentId":6,"RelyingPartyId":9,"RPKey":"ELIXHRUI","tooltip":"Used to access your Profile.","url":"#/dash/profile","activitiesCount":0,"IsEmulationEnabled":false},{"Id":864,"childNodes":[],"description":"Used to view personal details, change system preferences, and manage delegates. Managing delegates requires Talent.","iconPath":null,"integrationMode":3,"IsHidden":false,"helpUrl":"/Content/Core Platform/Core Platform Guide/View or Update Your Personal_1.htm","IsPortalPage":false,"level":2,"name":"Profile Details","nodeKey":"self_personaldetails","ordinalPosition":"2","parentId":6,"RelyingPartyId":9,"RPKey":"ELIXHRUI","tooltip":"Used to view personal details, change system preferences, and manage delegates. Managing delegates requires Talent.","url":"PROFILE_SLIDEOUT","activitiesCount":0,"IsEmulationEnabled":false},{"Id":667,"childNodes":[],"description":"A customizable dashboard for learners.","iconPath":null,"integrationMode":3,"IsHidden":false,"helpUrl":"/Content/Learn/User Guides/Role Based User Guides/Navigate the Learner Dashboard.htm","IsPortalPage":false,"level":2,"name":"Learner Dashboard","nodeKey":"Learner_Dashboard","ordinalPosition":"3","parentId":6,"RelyingPartyId":9,"RPKey":"ELIXHRUI","tooltip":"A customizable dashboard for learners.","url":"#/dash/learning","activitiesCount":0,"IsEmulationEnabled":false},{"Id":898,"childNodes":[],"description":"Initiatives","iconPath":null,"integrationMode":3,"IsHidden":false,"helpUrl":"/Content/Core Platform/Core Platform Guide/Configure an Onboarding Initiative.htm","IsPortalPage":false,"level":2,"name":"Initiatives","nodeKey":"self_initiatives","ordinalPosition":"4","parentId":6,"RelyingPartyId":9,"RPKey":"ELIXHRUI","tooltip":"Initiatives","url":"#/initiatives","activitiesCount":0,"IsEmulationEnabled":false},{"Id":636,"childNodes":[{"Id":176,"childNodes":[],"description":"Used to access and manage favorite learning activity and library Topics.","iconPath":null,"integrationMode":3,"IsHidden":false,"helpUrl":"/Content/Learn/WebHelp/Learner Help - Unique Topics/Manage Your Favorites.htm","IsPortalPage":false,"level":3,"name":"Favorites","nodeKey":"Learner_MenuViewFavorites","ordinalPosition":"0","parentId":636,"RelyingPartyId":2,"RPKey":"LM","tooltip":"Used to access and manage favorite learning activity and library Topics.","url":"app/taxonomy/TAX_Fav.aspx?UserMode=0","activitiesCount":0,"IsEmulationEnabled":false},{"Id":177,"childNodes":[],"description":"Used to upload or link to informational documents (such as manuals or reference materials) and share with others.","iconPath":null,"integrationMode":3,"IsHidden":false,"helpUrl":"/Content/Learn/User Guides/Role Based User Guides/Manage Knowledge Documents.htm","IsPortalPage":false,"level":3,"name":"Knowledge Documents","nodeKey":"Learner_MenuPublishKDoc","ordinalPosition":"1","parentId":636,"RelyingPartyId":2,"RPKey":"LM","tooltip":"Used to upload or link to informational documents (such as manuals or reference materials) and share with others.","url":"app/management/content/LMS_KdocList.aspx?UserMode=0","activitiesCount":0,"IsEmulationEnabled":false},{"Id":179,"childNodes":[],"description":"Used to view and complete evaluations.","iconPath":null,"integrationMode":3,"IsHidden":false,"helpUrl":"/Content/Learn/User Guides/Role Based User Guides/Complete Evaluations.htm","IsPortalPage":false,"level":3,"name":"Learning Activity Evaluations","nodeKey":"Learner_MenuEvaluations","ordinalPosition":"3","parentId":636,"RelyingPartyId":2,"RPKey":"LM","tooltip":"Used to view and complete evaluations.","url":"app/management/LMS_Evaluation.aspx?UserMode=0&Mode=0","activitiesCount":0,"IsEmulationEnabled":false},{"Id":180,"childNodes":[],"description":"Used to read and manage any Learn notifications sent to the learner.","iconPath":null,"integrationMode":3,"IsHidden":false,"helpUrl":"/Content/Learn/User Guides/Role Based User Guides/Manage E mail Messages.htm","IsPortalPage":false,"level":3,"name":"Messages","nodeKey":"Learner_MenuNotifEmails","ordinalPosition":"4","parentId":636,"RelyingPartyId":2,"RPKey":"LM","tooltip":"Used to read and manage any Learn notifications sent to the learner.","url":"app/management/LMS_ListNotifEmails.aspx?UserMode=0","activitiesCount":0,"IsEmulationEnabled":false},{"Id":183,"childNodes":[],"description":"Used to manually enter training completed outside of the Learn system.","iconPath":null,"integrationMode":3,"IsHidden":false,"helpUrl":"/Content/Learn/User Guides/Role Based User Guides/Enter Self Reported Training.htm","IsPortalPage":false,"level":3,"name":"Self-Reported Training","nodeKey":"Learner_MenuSelfReportedTraining","ordinalPosition":"7","parentId":636,"RelyingPartyId":2,"RPKey":"LM","tooltip":"Used to manually enter training completed outside of the Learn system.","url":"app/management/LMS_SelfReportedTraining.aspx?UserMode=0","activitiesCount":0,"IsEmulationEnabled":false},{"Id":185,"childNodes":[],"description":"Used to access all activities related to the learner (assigned and registered, pending, completed, and canceled).","iconPath":null,"integrationMode":3,"IsHidden":false,"helpUrl":"/Content/Learn/User Guides/Role Based User Guides/View Your Training Schedule.htm","IsPortalPage":false,"level":3,"name":"Training Schedule","nodeKey":"Learner_MenuTrainingSch","ordinalPosition":"8","parentId":636,"RelyingPartyId":2,"RPKey":"LM","tooltip":"Used to access all activities related to the learner (assigned and registered, pending, completed, and canceled).","url":"app/management/LMS_Training.aspx?UserMode=0","activitiesCount":0,"IsEmulationEnabled":false},{"Id":172,"childNodes":[],"description":"View your assigned observation checklists and, if applicable, self-asses each task and submit your assessment for approval.","iconPath":null,"integrationMode":3,"IsHidden":false,"helpUrl":"/Content/Learn/User Guides/Role Based User Guides/View and Self Assess My Observation.htm","IsPortalPage":false,"level":3,"name":"My Observation Checklists","nodeKey":"Learner_MyObservationCheckList","ordinalPosition":"11","parentId":636,"RelyingPartyId":2,"RPKey":"LM","tooltip":"View your assigned observation checklists and, if applicable, self-asses each task and submit your assessment for approval.","url":"app/../learner/observerChecklist/Index?UserMode=0","activitiesCount":0,"IsEmulationEnabled":false},{"Id":174,"childNodes":[],"description":"Used to approve or reject observation checklists to which the learner is an observer.","iconPath":null,"integrationMode":3,"IsHidden":false,"helpUrl":"/Content/Learn/User Guides/Role Based User Guides/View and Self Assess My Observation.htm","IsPortalPage":false,"level":3,"name":"Observer Checklists","nodeKey":"Learner_ObserverChecklist","ordinalPosition":"12","parentId":636,"RelyingPartyId":2,"RPKey":"LM","tooltip":"Used to approve or reject observation checklists to which the learner is an observer.","url":"app/../learner/observerChecklist/Observer?UserMode=0","activitiesCount":0,"IsEmulationEnabled":false},{"Id":1094,"childNodes":[],"description":"Provide views to learner whether EHRI request is approved or rejected.","iconPath":null,"integrationMode":3,"IsHidden":false,"helpUrl":"/Content/Learn/User Guides/Role Based User Guides/Manage Your Form Based Approvals.htm","IsPortalPage":false,"level":3,"name":"Form-Based Approval Requests","nodeKey":"Learner_MenuFormBasedApprovalRequests","ordinalPosition":"14","parentId":636,"RelyingPartyId":2,"RPKey":"LM","tooltip":"Provide views to learner whether EHRI request is approved or rejected.","url":"app/../learner/approvalworkflow/GetMyApprovalRequests","activitiesCount":0,"IsEmulationEnabled":false},{"Id":-2143,"childNodes":[],"description":"Training Requests","iconPath":null,"integrationMode":3,"IsHidden":false,"helpUrl":"/Content/Learn/WebHelp/Administrator Help/Manage Training Requests.htm","IsPortalPage":false,"level":3,"name":"Training Requests","nodeKey":"Learner_TrainingRequests","ordinalPosition":"15","parentId":636,"RelyingPartyId":2,"RPKey":"LM","tooltip":"Training Requests","url":"app/administrator/trainingrequest/ListTrainingRequest","activitiesCount":0,"IsEmulationEnabled":false}],"description":null,"iconPath":null,"integrationMode":3,"IsHidden":false,"helpUrl":null,"IsPortalPage":false,"level":2,"name":"Learning","nodeKey":"self_learning","ordinalPosition":"5","parentId":6,"RelyingPartyId":9,"RPKey":"ELIXHRUI","tooltip":null,"url":null,"activitiesCount":0,"IsEmulationEnabled":false},{"Id":637,"childNodes":[{"Id":308,"childNodes":[],"description":"Used to view Performance assessment history.","iconPath":null,"integrationMode":3,"IsHidden":false,"helpUrl":"/Content/Talent/Performance and Goals/Manage a User s Performance.htm","IsPortalPage":false,"level":3,"name":"My Assessments","nodeKey":"performance_myassessments","ordinalPosition":"1","parentId":637,"RelyingPartyId":5,"RPKey":"TM","tooltip":"Used to view Performance assessment history.","url":"scripts/lightyearisapi.dll?tasklst&crit_taskview_modulecd=performance&ttlnmcd=12507&employeepicker=portalgroupid%3dperformance%26portalitemid%3dmyassessments","activitiesCount":0,"IsEmulationEnabled":false},{"Id":309,"childNodes":[],"description":"Used to access observation checklists assigned to the learner.","iconPath":null,"integrationMode":3,"IsHidden":false,"helpUrl":"/Content/Talent/Performance and Goals/Manage personal Goals for_1.htm","IsPortalPage":false,"level":3,"name":"My Goals","nodeKey":"performance_mygoals","ordinalPosition":"2","parentId":637,"RelyingPartyId":5,"RPKey":"TM","tooltip":"Used to access observation checklists assigned to the learner.","url":"scripts/lightyearisapi.dll?matrixgoallist&sdatanavid=mygoals&sdatanavroot=1&sdatanavnmcd=61428&sdatatypcd=5005&sdataaction=view&matrixgoallist_sortcolumn=sdb_matrixgoal_goaldesctxt&matrixgoallist_sortorder=ASC&employeepicker=portalgroupid%3dperformance%26portalitemid%3dmygoals","activitiesCount":0,"IsEmulationEnabled":false},{"Id":286,"childNodes":[],"description":"Used to view and manage organization and personal goals, as well as the goals of any users to whom you have access.","iconPath":null,"integrationMode":3,"IsHidden":false,"helpUrl":"/Content/Talent/Performance and Goals/Manage Personal Goals for.htm","IsPortalPage":false,"level":3,"name":"Goal Explorer","nodeKey":"performance_goalexplorer","ordinalPosition":"4","parentId":637,"RelyingPartyId":5,"RPKey":"TM","tooltip":"Used to view and manage organization and personal goals, as well as the goals of any users to whom you have access.","url":"scripts/lightyearisapi.dll?webapicommand=processtask&sdataobjtyp=0&sdatatypcd=5100&sdatahierid=&sdatahierlevel=&sdatahiercode=&page=w&sdataevntid=0&employeepicker=portalgroupid%3dperformance%26portalitemid%3dgoalexplorer","activitiesCount":0,"IsEmulationEnabled":false},{"Id":186,"childNodes":[],"description":"Used to upload offline 360 Feedback forms.","iconPath":null,"integrationMode":3,"IsHidden":false,"helpUrl":"/Content/Talent/360 Feedback/Upload an Offline 360 Feedback.htm","IsPortalPage":false,"level":3,"name":"Upload Form","nodeKey":"performance_uploadform","ordinalPosition":"5","parentId":637,"RelyingPartyId":5,"RPKey":"TM","tooltip":"Used to upload offline 360 Feedback forms.","url":"scripts/lightyearisapi.dll?parsetemplate&template=home/upload.htm&employeepicker=portalgroupid%3dperformance%26portalitemid%3duploadform","activitiesCount":0,"IsEmulationEnabled":false},{"Id":-1115,"childNodes":[],"description":"Used to view Performance Snapshots","iconPath":null,"integrationMode":3,"IsHidden":false,"helpUrl":null,"IsPortalPage":false,"level":3,"name":"Performance Snapshots","nodeKey":"self_hrlyassessment","ordinalPosition":"6","parentId":637,"RelyingPartyId":9,"RPKey":"ELIXHRUI","tooltip":"Used to view Performance Snapshots","url":"#/administration/applications/common/hourlyassessment","activitiesCount":0,"IsEmulationEnabled":false}],"description":null,"iconPath":null,"integrationMode":3,"IsHidden":false,"helpUrl":null,"IsPortalPage":false,"level":2,"name":"Performance","nodeKey":"self_performance","ordinalPosition":"6","parentId":6,"RelyingPartyId":9,"RPKey":"ELIXHRUI","tooltip":null,"url":null,"activitiesCount":0,"IsEmulationEnabled":false},{"Id":634,"childNodes":[{"Id":242,"childNodes":[],"description":"Used to access the Development dashboard and reportlets.","iconPath":null,"integrationMode":3,"IsHidden":false,"helpUrl":"/Content/Talent/Common Functions/Manage Talent Module Dashboards.htm","IsPortalPage":false,"level":3,"name":"Dashboard","nodeKey":"development_developmentdashboard","ordinalPosition":"0","parentId":634,"RelyingPartyId":5,"RPKey":"TM","tooltip":"Used to access the Development dashboard and reportlets.","url":"scripts/lightyearisapi.dll?processtask&sdatatypcd=26022&sdataevntid=0&employeepicker=portalgroupid%3ddevelopment%26portalitemid%3ddevelopmentdashboard","activitiesCount":0,"IsEmulationEnabled":false},{"Id":1088,"childNodes":[],"description":"Used to manage career plan","iconPath":null,"integrationMode":3,"IsHidden":false,"helpUrl":"/Content/Core Platform/Core Platform Guide/Develop and Manage a Career.htm","IsPortalPage":false,"level":3,"name":"My Career Path","nodeKey":"development_careerplan","ordinalPosition":"2","parentId":634,"RelyingPartyId":9,"RPKey":"ELIXHRUI","tooltip":"Used to manage career plan","url":"#/careerplan","activitiesCount":0,"IsEmulationEnabled":false},{"Id":756,"childNodes":[],"description":"Used to access your Development Plan, used to track and assign tasks that can help you grow and develop in your career.","iconPath":null,"integrationMode":3,"IsHidden":false,"helpUrl":"/Content/Core Platform/Core Platform Guide/As an Individual Contributor.htm","IsPortalPage":false,"level":3,"name":"My Development Plan","nodeKey":"self_developmentplan","ordinalPosition":"3","parentId":634,"RelyingPartyId":9,"RPKey":"ELIXHRUI","tooltip":"Used to access your Development Plan, used to track and assign tasks that can help you grow and develop in your career.","url":"#/devplan","activitiesCount":0,"IsEmulationEnabled":false},{"Id":-1107,"childNodes":[],"description":"Competency Profile","iconPath":null,"integrationMode":3,"IsHidden":false,"helpUrl":"/Content/Core Platform/Core Platform Guide/View Your Competency Profile.htm","IsPortalPage":false,"level":3,"name":"Competency Profile","nodeKey":"Competency_Profile","ordinalPosition":"4","parentId":634,"RelyingPartyId":9,"RPKey":"ELIXHRUI","tooltip":"Competency Profile","url":"#/competencyprofile","activitiesCount":0,"IsEmulationEnabled":false},{"Id":238,"childNodes":[],"description":"Used to manage individual skill sets and requirements.","iconPath":null,"integrationMode":3,"IsHidden":false,"helpUrl":"/Content/Learn/User Guides/Role Based User Guides/Manage Your Skills.htm","IsPortalPage":false,"level":3,"name":"Skill Analysis","nodeKey":"Learner_MenuSkillAnalysis","ordinalPosition":"10","parentId":634,"RelyingPartyId":2,"RPKey":"LM","tooltip":"Used to manage individual skill sets and requirements.","url":"app/management/LMS_SkillGap.aspx?UserMode=0","activitiesCount":0,"IsEmulationEnabled":false},{"Id":162,"childNodes":[],"description":"Used to view your 360 Feedback assessment history.","iconPath":null,"integrationMode":3,"IsHidden":false,"helpUrl":"/Content/Talent/360 Feedback/Manage a User s 360 Feedback.htm","IsPortalPage":false,"level":3,"name":"My Assessments","nodeKey":"development_myassessments","ordinalPosition":"11","parentId":634,"RelyingPartyId":5,"RPKey":"TM","tooltip":"Used to view your 360 Feedback assessment history.","url":"scripts/lightyearisapi.dll?tasklst&crit_taskview_modulecd=360&ttlnmcd=80098&employeepicker=portalgroupid%3ddevelopment%26portalitemid%3dmyassessments","activitiesCount":0,"IsEmulationEnabled":false},{"Id":171,"childNodes":[],"description":"Used to view any continuing education requirements.","iconPath":null,"integrationMode":3,"IsHidden":false,"helpUrl":"/Content/Learn/User Guides/Continuing Education (CE) User Guide/Access Your CE Activities.htm","IsPortalPage":false,"level":3,"name":"CE Requirement Analysis","nodeKey":"Learner_MenuCERequirementAnalysis","ordinalPosition":"14","parentId":634,"RelyingPartyId":2,"RPKey":"LM","tooltip":"Used to view any continuing education requirements.","url":"app/management/LMS_CE_RequirementAnalysis.aspx?UserMode=0","activitiesCount":0,"IsEmulationEnabled":false},{"Id":175,"childNodes":[],"description":"Used to view assigned learning activities.","iconPath":null,"integrationMode":3,"IsHidden":false,"helpUrl":"/Content/Learn/User Guides/Role Based User Guides/Conduct a Training Analysis.htm","IsPortalPage":false,"level":3,"name":"Training Analysis","nodeKey":"Learner_MenuTrainingAnalysis","ordinalPosition":"16","parentId":634,"RelyingPartyId":2,"RPKey":"LM","tooltip":"Used to view assigned learning activities.","url":"app/management/LMS_TrainRequired.aspx?UserMode=0","activitiesCount":0,"IsEmulationEnabled":false}],"description":null,"iconPath":null,"integrationMode":3,"IsHidden":false,"helpUrl":null,"IsPortalPage":false,"level":2,"name":"Development","nodeKey":"self_development","ordinalPosition":"7","parentId":6,"RelyingPartyId":9,"RPKey":"ELIXHRUI","tooltip":null,"url":null,"activitiesCount":0,"IsEmulationEnabled":false},{"Id":639,"childNodes":[{"Id":311,"childNodes":[],"description":"Used to view Succession project assessment history.","iconPath":null,"integrationMode":3,"IsHidden":false,"helpUrl":"/Content/Talent/Succession/Manage a User s Succession.htm","IsPortalPage":false,"level":3,"name":"My Assessments","nodeKey":"succession_myassessments","ordinalPosition":"1","parentId":639,"RelyingPartyId":5,"RPKey":"TM","tooltip":"Used to view Succession project assessment history.","url":"scripts/lightyearisapi.dll?tasklst&crit_taskview_modulecd=succession&ttlnmcd=14116&employeepicker=portalgroupid%3dsuccession%26portalitemid%3dmyassessments","activitiesCount":0,"IsEmulationEnabled":false}],"description":"Used to manage Succession components, such as surveys, processes, and designers.","iconPath":null,"integrationMode":3,"IsHidden":false,"helpUrl":"/Content/Talent/Succession/Succession Overview.htm","IsPortalPage":false,"level":2,"name":"Succession","nodeKey":"self_succession","ordinalPosition":"12","parentId":6,"RelyingPartyId":9,"RPKey":"ELIXHRUI","tooltip":"Used to manage Succession components, such as surveys, processes, and designers.","url":null,"activitiesCount":0,"IsEmulationEnabled":false},{"Id":632,"childNodes":[{"Id":158,"childNodes":[],"description":"Collaboration Centers are an obsolete feature, so keep this page hidden.","iconPath":null,"integrationMode":3,"IsHidden":false,"helpUrl":null,"IsPortalPage":false,"level":3,"name":"Communities","nodeKey":"Learner_MenuCommunities","ordinalPosition":"0","parentId":632,"RelyingPartyId":2,"RPKey":"LM","tooltip":"Collaboration Centers are an obsolete feature, so keep this page hidden.","url":"app/social/CommunityList.aspx","activitiesCount":0,"IsEmulationEnabled":false},{"Id":159,"childNodes":[],"description":"Collaboration Centers are an obsolete feature, so keep this page hidden.","iconPath":null,"integrationMode":3,"IsHidden":false,"helpUrl":null,"IsPortalPage":false,"level":3,"name":"Community Updates","nodeKey":"Learner_MenuCommunityUpdates","ordinalPosition":"1","parentId":632,"RelyingPartyId":2,"RPKey":"LM","tooltip":"Collaboration Centers are an obsolete feature, so keep this page hidden.","url":"app/management/Social_CommunityUpdates.aspx","activitiesCount":0,"IsEmulationEnabled":false},{"Id":1101,"childNodes":[],"description":"Continuous review landing page.","iconPath":null,"integrationMode":3,"IsHidden":false,"helpUrl":"/Content/Core Platform/Core Platform Guide/Using Continuous Feedback.htm","IsPortalPage":false,"level":3,"name":"Continuous Feedback","nodeKey":"self_continuousreview","ordinalPosition":"2","parentId":632,"RelyingPartyId":9,"RPKey":"ELIXHRUI","tooltip":"Continuous review landing page.","url":"#/continuousfeedback/dashboard","activitiesCount":0,"IsEmulationEnabled":false},{"Id":-2179,"childNodes":[],"description":"Social Communities","iconPath":null,"integrationMode":3,"IsHidden":false,"helpUrl":"/Content/Core Platform/Core Platform Guide/Using Social.htm","IsPortalPage":false,"level":3,"name":"Social Communities","nodeKey":"SOCIAL_COMMUNITIES","ordinalPosition":"3","parentId":632,"RelyingPartyId":9,"RPKey":"ELIXHRUI","tooltip":"Social Communities","url":"#/socialCommunities","activitiesCount":0,"IsEmulationEnabled":false}],"description":null,"iconPath":null,"integrationMode":3,"IsHidden":false,"helpUrl":null,"IsPortalPage":false,"level":2,"name":"Collaboration","nodeKey":"self_collaboration","ordinalPosition":"14","parentId":6,"RelyingPartyId":9,"RPKey":"ELIXHRUI","tooltip":null,"url":null,"activitiesCount":0,"IsEmulationEnabled":false},{"Id":638,"childNodes":[{"Id":352,"childNodes":[],"description":"Used to access Advanced Reporting.","iconPath":null,"integrationMode":3,"IsHidden":false,"helpUrl":null,"IsPortalPage":false,"level":3,"name":"Advanced Reporting","nodeKey":"Advanced_Reporting","ordinalPosition":"0","parentId":638,"RelyingPartyId":10,"RPKey":"AdvancedReport","tooltip":"Used to access Advanced Reporting.","url":"https://CL08SALES.sumtotaldevelopment.net/jasperserver-pro","activitiesCount":0,"IsEmulationEnabled":false},{"Id":695,"childNodes":[],"description":"This is Learn legacy link and should remain hidden. Use the Self >Reporting >Training Transcript instead.","iconPath":null,"integrationMode":3,"IsHidden":false,"helpUrl":null,"IsPortalPage":false,"level":3,"name":"Training Transcript","nodeKey":"Learner_MenuTrainingTranscript","ordinalPosition":"3","parentId":638,"RelyingPartyId":2,"RPKey":"LM","tooltip":"This is Learn legacy link and should remain hidden. Use the Self >Reporting >Training Transcript instead.","url":"app/management/LMS_LearnerReports.aspx?UserMode=0&Mode=1","activitiesCount":0,"IsEmulationEnabled":false}],"description":null,"iconPath":null,"integrationMode":3,"IsHidden":false,"helpUrl":null,"IsPortalPage":false,"level":2,"name":"Reporting","nodeKey":"self_reporting","ordinalPosition":"15","parentId":6,"RelyingPartyId":9,"RPKey":"ELIXHRUI","tooltip":null,"url":null,"activitiesCount":0,"IsEmulationEnabled":false},{"Id":894,"childNodes":[],"description":"Used to display team hierarchy.","iconPath":null,"integrationMode":3,"IsHidden":false,"helpUrl":"/Content/Core Platform/Core Platform Guide/View My Team.htm","IsPortalPage":false,"level":2,"name":"My Team","nodeKey":"self_myteam","ordinalPosition":"16","parentId":6,"RelyingPartyId":9,"RPKey":"ELIXHRUI","tooltip":"Used to display team hierarchy.","url":"#/organization","activitiesCount":0,"IsEmulationEnabled":false},{"Id":701,"childNodes":[],"description":"Used to view and record personal notes.","iconPath":null,"integrationMode":3,"IsHidden":false,"helpUrl":"/Content/Talent/Common Functions/Record Personal Notes.htm","IsPortalPage":false,"level":2,"name":"Notes","nodeKey":"main_notes","ordinalPosition":"17","parentId":6,"RelyingPartyId":5,"RPKey":"TM","tooltip":"Used to view and record personal notes.","url":"scripts/lightyearisapi.dll?processtask&sdataobjtyp=0&sdataevntid=0&sdatatypcd=22&sdataacttypcd=23&sdataprnttypcd=&sdataprntactid=&sdatarecipid=#{personpk}&sdatarsrcid=#{personpk}&bmulti=0&bhasparent=0&employeepicker=portalgroupid%3dmain%26portalitemid%3dnotes","activitiesCount":0,"IsEmulationEnabled":false},{"Id":-1119,"childNodes":[],"description":"See the top Gamification scores","iconPath":null,"integrationMode":3,"IsHidden":false,"helpUrl":"/Content/Core Platform/Core Platform Guide/View the Leaderboard.htm","IsPortalPage":false,"level":2,"name":"Leaderboards","nodeKey":"self_leaderboard","ordinalPosition":"18","parentId":6,"RelyingPartyId":14,"RPKey":"GAM","tooltip":"See the top Gamification scores","url":"#/gamification/leaderBoard","activitiesCount":0,"IsEmulationEnabled":false},{"Id":651,"childNodes":[],"description":"Used to change questions and answers used to recover a forgotten password.","iconPath":null,"integrationMode":3,"IsHidden":false,"helpUrl":"/Content/Core Platform/Core Platform Guide/Change Answers to Your Password.htm","IsPortalPage":false,"level":2,"name":"Change Security Questions","nodeKey":"self_questions","ordinalPosition":"21","parentId":6,"RelyingPartyId":9,"RPKey":"ELIXHRUI","tooltip":"Used to change questions and answers used to recover a forgotten password.","url":"#/usersecurityquestion","activitiesCount":0,"IsEmulationEnabled":false},{"Id":8,"childNodes":[],"description":"Used to log out of the system.","iconPath":"fa fa-sign-out","integrationMode":3,"IsHidden":false,"helpUrl":null,"IsPortalPage":false,"level":2,"name":"Signout","nodeKey":"menu_signout","ordinalPosition":"23","parentId":6,"RelyingPartyId":9,"RPKey":"ELIXHRUI","tooltip":"Used to log out of the system.","url":"https://$HOST_NAME/Broker/Token/Saml11.ashx?wa=wsignout1.0&wtrealm=https://CL08SALES.sumtotaldevelopment.net/core/","activitiesCount":0,"IsEmulationEnabled":false}],"description":null,"iconPath":"fa-user","integrationMode":3,"IsHidden":false,"helpUrl":"/Content/Core Platform/Core Platform Guide/My Profile.htm","IsPortalPage":false,"level":1,"name":"Self","nodeKey":"self_header","ordinalPosition":"0","parentId":null,"RelyingPartyId":9,"RPKey":"ELIXHRUI","tooltip":null,"url":"#/dash/profile","activitiesCount":0,"IsEmulationEnabled":false},{"Id":332,"childNodes":[],"description":"Used to access the Learn content library.","iconPath":"fa-library-custom","integrationMode":3,"IsHidden":false,"helpUrl":"/Content/Learn/User Guides/Role Based User Guides/Access the Library to Find.htm","IsPortalPage":false,"level":1,"name":"Library","nodeKey":"Learner_MenuTaxonomy","ordinalPosition":"2","parentId":null,"RelyingPartyId":9,"RPKey":"ELIXHRUI","tooltip":"Used to access the Learn content library.","url":"#/library","activitiesCount":0,"IsEmulationEnabled":false},{"Id":3,"childNodes":[],"description":"Displays the log in the Header menu, used to access the home dashboard.","iconPath":null,"integrationMode":3,"IsHidden":false,"helpUrl":"/Content/Core Platform/Core Platform Guide/Dashboards.htm","IsPortalPage":false,"level":1,"name":"Home","nodeKey":"home_header","ordinalPosition":"4","parentId":null,"RelyingPartyId":9,"RPKey":"ELIXHRUI","tooltip":"Displays the log in the Header menu, used to access the home dashboard.","url":"#","activitiesCount":0,"IsEmulationEnabled":false},{"Id":5,"childNodes":[],"description":"Used to access Enterprise Search.","iconPath":"fa fa-search","integrationMode":3,"IsHidden":false,"helpUrl":"/Content/Core Platform/Core Platform Guide/Using Enterprise Search.htm","IsPortalPage":false,"level":1,"name":"Search","nodeKey":"search_header","ordinalPosition":"5","parentId":null,"RelyingPartyId":9,"RPKey":"ELIXHRUI","tooltip":"Used to access Enterprise Search.","url":"#/search","activitiesCount":0,"IsEmulationEnabled":false},{"Id":2,"childNodes":[],"description":"Used to open the personal Alerts Timeline.","iconPath":"fa fa-list-ul","integrationMode":3,"IsHidden":false,"helpUrl":"/Content/Core Platform/Core Platform Guide/View Your Timeline and Alerts.htm","IsPortalPage":false,"level":1,"name":"Alert","nodeKey":"alert_header","ordinalPosition":"6","parentId":null,"RelyingPartyId":9,"RPKey":"ELIXHRUI","tooltip":"Used to open the personal Alerts Timeline.","url":null,"activitiesCount":0,"IsEmulationEnabled":false},{"Id":668,"childNodes":[],"description":"Used to access online help.","iconPath":"fa fa-question-circle","integrationMode":3,"IsHidden":false,"helpUrl":null,"IsPortalPage":false,"level":1,"name":"Help","nodeKey":"help_header","ordinalPosition":"7","parentId":null,"RelyingPartyId":9,"RPKey":"ELIXHRUI","tooltip":"Used to access online help.","url":null,"activitiesCount":0,"IsEmulationEnabled":false},{"Id":880,"childNodes":[],"description":null,"iconPath":"fa fa-shoppingcart","integrationMode":3,"IsHidden":false,"helpUrl":"/Content/Learn/User Guides/E-Com and EE Guide/Shop for Extended Enterprise.htm","IsPortalPage":false,"level":1,"name":"Shopping Cart","nodeKey":"cart_header","ordinalPosition":"8","parentId":null,"RelyingPartyId":2,"RPKey":"LM","tooltip":null,"url":"app/core/shoppingcart/checkout","activitiesCount":0,"IsEmulationEnabled":false}],"PillarsByKey":{"Expense":{"changePasswordUrl":"http://cl08sales.sumtotaldevelopment.net/portalWS/services/passwordManagementService","forgotPasswordUrl":"http://cl08sales.sumtotaldevelopment.net/expense/session.do?method=forgotPassword","hasMyTasks":false,"hasPortalHomescreen":true,"hasSitemap":true,"homescreenPath":"Expense.aspx","id":1,"isEnabled":false,"isMaster":false,"isPillar":true,"loginEndpoint":"","logOffEndpoint":"","logOffUrl":"http://cl08sales.sumtotaldevelopment.net/LogOff.aspx","name":"Expense","realm":"SUMT:CL08_SALES_TEST_Expense","rpKey":"Expense","serviceUrl":null,"sitemapOrdinalPosition":6,"tenantKey":null,"url":"http://cl08sales.sumtotaldevelopment.net/","webServiceRootUrl":null,"requiresSeperateIFrame":false,"iframeUrl":null},"LM":{"changePasswordUrl":"https://CL08SALES.sumtotaldevelopment.net/learning/UserManagement.svc","forgotPasswordUrl":"https://CL08SALES.sumtotaldevelopment.net/learning/app/LMS_ForgottenPWD.aspx","hasMyTasks":false,"hasPortalHomescreen":true,"hasSitemap":true,"homescreenPath":"LM.aspx","id":2,"isEnabled":true,"isMaster":false,"isPillar":true,"loginEndpoint":"","logOffEndpoint":"","logOffUrl":"https://CL08SALES.sumtotaldevelopment.net/learning/app/SYS_login.aspx?Exit=1","name":"Learning","realm":"https://CL08SALES.sumtotaldevelopment.net/learning/","rpKey":"LM","serviceUrl":null,"sitemapOrdinalPosition":0,"tenantKey":null,"url":"https://CL08SALES.sumtotaldevelopment.net/learning/","webServiceRootUrl":null,"requiresSeperateIFrame":false,"iframeUrl":null},"MaestroLM":{"changePasswordUrl":"http://cl08sales.sumtotaldevelopment.net/ApplicationPillar/NotYetSupported","forgotPasswordUrl":"http://cl08sales.sumtotaldevelopment.net/ApplicationPillar/forgetpass.geo","hasMyTasks":false,"hasPortalHomescreen":false,"hasSitemap":true,"homescreenPath":"myhome.geo","id":3,"isEnabled":false,"isMaster":false,"isPillar":true,"loginEndpoint":"","logOffEndpoint":"","logOffUrl":"http://cl08sales.sumtotaldevelopment.net/ApplicationPillar/logout.geo","name":"Maestro","realm":"SUMT:CL08_SALES_TEST_MaestroLM","rpKey":"MaestroLM","serviceUrl":null,"sitemapOrdinalPosition":3,"tenantKey":null,"url":"http://cl08sales.sumtotaldevelopment.net/ApplicationPillar/","webServiceRootUrl":null,"requiresSeperateIFrame":false,"iframeUrl":null},"PayrollSS":{"changePasswordUrl":"http://cl08sales.sumtotaldevelopment.net/payroll/NotYetSupported","forgotPasswordUrl":"http://cl08sales.sumtotaldevelopment.net/payroll/SelfService?node=Login&direction=Reset","hasMyTasks":false,"hasPortalHomescreen":true,"hasSitemap":true,"homescreenPath":"PayrollSS.aspx","id":4,"isEnabled":false,"isMaster":false,"isPillar":true,"loginEndpoint":"","logOffEndpoint":"","logOffUrl":"http://cl08sales.sumtotaldevelopment.net/payroll/SelfService?node=logout","name":"Payroll Self Service","realm":"SUMT:CL08_SALES_TEST_PayrollSS","rpKey":"PayrollSS","serviceUrl":null,"sitemapOrdinalPosition":4,"tenantKey":null,"url":"http://cl08sales.sumtotaldevelopment.net/payroll/","webServiceRootUrl":null,"requiresSeperateIFrame":false,"iframeUrl":null},"TM":{"changePasswordUrl":"https://CL08SALES.sumtotaldevelopment.net/scripts/lightyearisapi.dll?soapprocess2","forgotPasswordUrl":"https://CL08SALES.sumtotaldevelopment.net/scripts/lightyearisapi.dll?webapicommand=outputresource&amp;resource=login/forgottenpassword.htm&amp;clientcd=47&amp;lngcd=0&amp;siteid=internal","hasMyTasks":false,"hasPortalHomescreen":true,"hasSitemap":true,"homescreenPath":"TM.aspx","id":5,"isEnabled":true,"isMaster":false,"isPillar":true,"loginEndpoint":"","logOffEndpoint":"","logOffUrl":"https://CL08SALES.sumtotaldevelopment.net/scripts/lightyearisapi.dll?logoff","name":"Talent","realm":"https://CL08SALES.sumtotaldevelopment.net/","rpKey":"TM","serviceUrl":null,"sitemapOrdinalPosition":1,"tenantKey":null,"url":"https://CL08SALES.sumtotaldevelopment.net/","webServiceRootUrl":null,"requiresSeperateIFrame":true,"iframeUrl":"https://CL08SALES.sumtotaldevelopment.net//scripts/lightyearisapi.dll?buildworkspaceframeset&portal=1&tenantkey=CL08_SALES_TEST"},"WFM":{"changePasswordUrl":"https://wfmrc182.sumtotaldemo.net/ws/soap/","forgotPasswordUrl":"https://wfmrc182.sumtotaldemo.net/wfm/forgotpassword","hasMyTasks":false,"hasPortalHomescreen":true,"hasSitemap":true,"homescreenPath":"WFM.aspx","id":6,"isEnabled":false,"isMaster":false,"isPillar":true,"loginEndpoint":"","logOffEndpoint":"","logOffUrl":"https://wfmrc182.sumtotaldemo.net/wfm/logout/?otherapps","name":"WFM","realm":"https://wfm.sumtotalsystems.com/MASTER_PROD","rpKey":"WFM","serviceUrl":null,"sitemapOrdinalPosition":2,"tenantKey":null,"url":"https://wfmrc182.sumtotaldemo.net/","webServiceRootUrl":null,"requiresSeperateIFrame":false,"iframeUrl":null},"Analytics":{"changePasswordUrl":"https://supp-bi-master.sumtotaldemo.net/ibmcognos/NotYetSupported","forgotPasswordUrl":"https://supp-bi-master.sumtotaldemo.net/ibmcognos/NotYetSupported","hasMyTasks":false,"hasPortalHomescreen":false,"hasSitemap":false,"homescreenPath":null,"id":7,"isEnabled":true,"isMaster":false,"isPillar":false,"loginEndpoint":"","logOffEndpoint":"","logOffUrl":"https://supp-bi-master.sumtotaldemo.net/ibmcognos/cgi-bin/cognosisapi.dll?b_action=xts.run&m=portal/logoff.xts&h_CAM_action=logoff","name":"Analytics","realm":"https://supp-bi-master.sumtotaldemo.net/ibmcognos/","rpKey":"Analytics","serviceUrl":null,"sitemapOrdinalPosition":-1,"tenantKey":null,"url":"https://supp-bi-master.sumtotaldemo.net/ibmcognos/cgi-bin/cognosisapi.dll","webServiceRootUrl":null,"requiresSeperateIFrame":false,"iframeUrl":null},"PayrollFF":{"changePasswordUrl":"http://cl08sales.sumtotaldevelopment.net/ApplicationPillar/NotYetSupported","forgotPasswordUrl":"http://cl08sales.sumtotaldevelopment.net/ApplicationPillar/NotYetSupported","hasMyTasks":false,"hasPortalHomescreen":false,"hasSitemap":false,"homescreenPath":null,"id":8,"isEnabled":false,"isMaster":false,"isPillar":false,"loginEndpoint":"","logOffEndpoint":"","logOffUrl":"http://cl08sales.sumtotaldevelopment.net:8080/LogOff.aspx","name":"Payroll Fast Forward","realm":"SUMT:CL08_SALES_TEST_PayrollFF","rpKey":"PayrollFF","serviceUrl":null,"sitemapOrdinalPosition":5,"tenantKey":null,"url":"http://cl08sales.sumtotaldevelopment.net:8080/","webServiceRootUrl":null,"requiresSeperateIFrame":false,"iframeUrl":null},"ELIXHRUI":{"changePasswordUrl":"https://CL08SALES.sumtotaldevelopment.net/core/NotYetSupported","forgotPasswordUrl":"https://CL08SALES.sumtotaldevelopment.net/core/NotYetSupported","hasMyTasks":false,"hasPortalHomescreen":false,"hasSitemap":false,"homescreenPath":null,"id":9,"isEnabled":true,"isMaster":true,"isPillar":false,"loginEndpoint":"","logOffEndpoint":"","logOffUrl":"https://CL08SALES.sumtotaldevelopment.net/core/publicaccess/logoff","name":"elixHR UI","realm":"https://CL08SALES.sumtotaldevelopment.net/core/","rpKey":"ELIXHRUI","serviceUrl":null,"sitemapOrdinalPosition":0,"tenantKey":null,"url":"https://CL08SALES.sumtotaldevelopment.net/core/","webServiceRootUrl":null,"requiresSeperateIFrame":false,"iframeUrl":null},"AdvancedReport":{"changePasswordUrl":"https://CL08SALES.sumtotaldevelopment.net/jasperserver-pro","forgotPasswordUrl":"https://CL08SALES.sumtotaldevelopment.net/jasperserver-pro","hasMyTasks":false,"hasPortalHomescreen":false,"hasSitemap":false,"homescreenPath":null,"id":10,"isEnabled":true,"isMaster":false,"isPillar":false,"loginEndpoint":"","logOffEndpoint":"","logOffUrl":"https://CL08SALES.sumtotaldevelopment.net/jasperserver-pro/exituser.html","name":"Advanced Reporting","realm":"https://CL08SALES.sumtotaldevelopment.net/jasperserver-pro","rpKey":"AdvancedReport","serviceUrl":null,"sitemapOrdinalPosition":0,"tenantKey":null,"url":"https://CL08SALES.sumtotaldevelopment.net/jasperserver-pro","webServiceRootUrl":null,"requiresSeperateIFrame":false,"iframeUrl":null},"JobBoard":{"changePasswordUrl":"https://CL08SALES.sumtotaldevelopment.net/Careers/reset","forgotPasswordUrl":"https://CL08SALES.sumtotaldevelopment.net/Careers/NotYetSupported","hasMyTasks":false,"hasPortalHomescreen":false,"hasSitemap":false,"homescreenPath":null,"id":11,"isEnabled":true,"isMaster":false,"isPillar":false,"loginEndpoint":"","logOffEndpoint":"","logOffUrl":"https://CL08SALES.sumtotaldevelopment.net/Careers/signout","name":"External Job Board","realm":"https://CL08SALES.sumtotaldevelopment.net/Careers/","rpKey":"JobBoard","serviceUrl":null,"sitemapOrdinalPosition":0,"tenantKey":null,"url":"https://CL08SALES.sumtotaldevelopment.net/Careers/","webServiceRootUrl":null,"requiresSeperateIFrame":false,"iframeUrl":null},"JobBoardPWA":{"changePasswordUrl":"https://CL08SALES.sumtotaldevelopment.net/PWA/reset","forgotPasswordUrl":"https://CL08SALES.sumtotaldevelopment.net/PWA/NotYetSupported","hasMyTasks":false,"hasPortalHomescreen":false,"hasSitemap":false,"homescreenPath":null,"id":12,"isEnabled":true,"isMaster":false,"isPillar":false,"loginEndpoint":"","logOffEndpoint":"","logOffUrl":"https://CL08SALES.sumtotaldevelopment.net/PWA/signout","name":"External Job Board PWA","realm":"https://CL08SALES.sumtotaldevelopment.net/PWA/","rpKey":"JobBoardPWA","serviceUrl":null,"sitemapOrdinalPosition":0,"tenantKey":null,"url":"https://CL08SALES.sumtotaldevelopment.net/PWA/","webServiceRootUrl":null,"requiresSeperateIFrame":false,"iframeUrl":null},"ContentEngine":{"changePasswordUrl":"https://CL08SALES.sumtotaldevelopment.net/core/NotYetSupported","forgotPasswordUrl":"https://CL08SALES.sumtotaldevelopment.net/core/NotYetSupported","hasMyTasks":false,"hasPortalHomescreen":false,"hasSitemap":false,"homescreenPath":null,"id":13,"isEnabled":true,"isMaster":false,"isPillar":true,"loginEndpoint":"","logOffEndpoint":"","logOffUrl":"https://CL08SALES.sumtotaldevelopment.net/contentengine/NotApplicable","name":"Content Engine","realm":"https://CL08SALES.sumtotaldevelopment.net/contentengine/","rpKey":"ContentEngine","serviceUrl":null,"sitemapOrdinalPosition":0,"tenantKey":null,"url":"https://CL08SALES.sumtotaldevelopment.net/contentengine/","webServiceRootUrl":null,"requiresSeperateIFrame":false,"iframeUrl":null},"GAM":{"changePasswordUrl":"http://CL-UGM08A:3000/api/gamification/NotYetSupported","forgotPasswordUrl":"http://CL-UGM08A:3000/api/gamification/NotYetSupported","hasMyTasks":false,"hasPortalHomescreen":false,"hasSitemap":false,"homescreenPath":null,"id":14,"isEnabled":true,"isMaster":false,"isPillar":false,"loginEndpoint":"","logOffEndpoint":"","logOffUrl":"http://CL-UGM08A:3000/api/gamification/NotYetSupported","name":"Gamification Service","realm":"http://CL-UGM08A:3000/api/gamification","rpKey":"GAM","serviceUrl":null,"sitemapOrdinalPosition":0,"tenantKey":null,"url":"http://CL-UGM08A:3000/api/gamification","webServiceRootUrl":null,"requiresSeperateIFrame":false,"iframeUrl":null},"BrowserExtension":{"changePasswordUrl":"https://CL08SALES.sumtotaldevelopment.net/core/NotYetSupported","forgotPasswordUrl":"https://CL08SALES.sumtotaldevelopment.net/core/NotYetSupported","hasMyTasks":false,"hasPortalHomescreen":false,"hasSitemap":false,"homescreenPath":null,"id":15,"isEnabled":true,"isMaster":false,"isPillar":true,"loginEndpoint":"","logOffEndpoint":"","logOffUrl":"https://CL08SALES.sumtotaldevelopment.net/browserextension/NotApplicable","name":"Browser Extension","realm":"https://CL08SALES.sumtotaldevelopment.net/browserextension/","rpKey":"BrowserExtension","serviceUrl":null,"sitemapOrdinalPosition":0,"tenantKey":null,"url":"https://CL08SALES.sumtotaldevelopment.net/browserextension/","webServiceRootUrl":null,"requiresSeperateIFrame":false,"iframeUrl":null}}},"dashboardSitemap":{"Hash":"-2120095787","IsChanged":true,"KeyedHomePages":{},"Nodes":[{"Id":-1117,"childNodes":[{"Id":-1,"childNodes":[{"Id":-287,"childNodes":[],"description":"About DashBoard","iconPath":null,"integrationMode":1,"IsHidden":false,"helpUrl":null,"IsPortalPage":false,"level":3,"name":"DBP_195646_12pm","nodeKey":"dashboard_287_DBP_195646_12pm","ordinalPosition":null,"parentId":1,"RelyingPartyId":9,"RPKey":"ELIXHRUI","tooltip":null,"url":"#/dash/home/DBP_195646_12pm","activitiesCount":0,"IsEmulationEnabled":false},{"Id":-309,"childNodes":[],"description":"DashBoard1","iconPath":null,"integrationMode":1,"IsHidden":false,"helpUrl":null,"IsPortalPage":false,"level":3,"name":"DB1_224641_12pm","nodeKey":"dashboard_309_DB1_224641_12pm","ordinalPosition":null,"parentId":1,"RelyingPartyId":9,"RPKey":"ELIXHRUI","tooltip":null,"url":"#/dash/home/DB1_224641_12pm","activitiesCount":0,"IsEmulationEnabled":false},{"Id":-310,"childNodes":[],"description":"DashBoard1","iconPath":null,"integrationMode":1,"IsHidden":false,"helpUrl":null,"IsPortalPage":false,"level":3,"name":"DB2_224641_12pm","nodeKey":"dashboard_310_DB2_224641_12pm","ordinalPosition":null,"parentId":1,"RelyingPartyId":9,"RPKey":"ELIXHRUI","tooltip":null,"url":"#/dash/home/DB2_224641_12pm","activitiesCount":0,"IsEmulationEnabled":false}],"description":"Home page","iconPath":null,"integrationMode":1,"IsHidden":false,"helpUrl":null,"IsPortalPage":false,"level":2,"name":"Home","nodeKey":"dashboard_1_Home","ordinalPosition":null,"parentId":-1117,"RelyingPartyId":9,"RPKey":"ELIXHRUI","tooltip":null,"url":"","activitiesCount":0,"IsEmulationEnabled":false},{"Id":-23,"childNodes":[{"Id":-238,"childNodes":[],"description":"Position Status","iconPath":null,"integrationMode":1,"IsHidden":false,"helpUrl":null,"IsPortalPage":false,"level":3,"name":"Position Status","nodeKey":"dashboard_238_Position_Status","ordinalPosition":null,"parentId":23,"RelyingPartyId":9,"RPKey":"ELIXHRUI","tooltip":null,"url":"#/dash/BSDTest/Position_Status","activitiesCount":0,"IsEmulationEnabled":false},{"Id":-240,"childNodes":[],"description":"Compliance Information by Organization and Critical Certifications","iconPath":null,"integrationMode":1,"IsHidden":false,"helpUrl":null,"IsPortalPage":false,"level":3,"name":"Compliance","nodeKey":"dashboard_240_Compliance","ordinalPosition":null,"parentId":23,"RelyingPartyId":9,"RPKey":"ELIXHRUI","tooltip":null,"url":"#/dash/BSDTest/Compliance_Metrics","activitiesCount":0,"IsEmulationEnabled":false}],"description":"Safe to delete","iconPath":null,"integrationMode":1,"IsHidden":false,"helpUrl":null,"IsPortalPage":false,"level":2,"name":"Embedded Reporting","nodeKey":"dashboard_23_Embedded_Reporting","ordinalPosition":null,"parentId":-1117,"RelyingPartyId":9,"RPKey":"ELIXHRUI","tooltip":null,"url":"","activitiesCount":0,"IsEmulationEnabled":false},{"Id":-233,"childNodes":[],"description":"What's New","iconPath":null,"integrationMode":1,"IsHidden":false,"helpUrl":null,"IsPortalPage":false,"level":2,"name":"What's New","nodeKey":"dashboard_233_What's_New","ordinalPosition":null,"parentId":26,"RelyingPartyId":9,"RPKey":"ELIXHRUI","tooltip":null,"url":"#/dash/wn-pe/initial","activitiesCount":0,"IsEmulationEnabled":false},{"Id":-234,"childNodes":[],"description":"Recommended Training","iconPath":null,"integrationMode":1,"IsHidden":false,"helpUrl":null,"IsPortalPage":false,"level":2,"name":"Recommendations","nodeKey":"dashboard_234_Recommended_Training","ordinalPosition":null,"parentId":27,"RelyingPartyId":9,"RPKey":"ELIXHRUI","tooltip":null,"url":"#/dash/rl/initial","activitiesCount":0,"IsEmulationEnabled":false},{"Id":-236,"childNodes":[],"description":"Aggregation","iconPath":null,"integrationMode":1,"IsHidden":false,"helpUrl":null,"IsPortalPage":false,"level":2,"name":"Aggregation","nodeKey":"dashboard_236_Aggregation","ordinalPosition":null,"parentId":29,"RelyingPartyId":9,"RPKey":"ELIXHRUI","tooltip":null,"url":"#/dash/aggregation/initial","activitiesCount":0,"IsEmulationEnabled":false},{"Id":-30,"childNodes":[{"Id":-237,"childNodes":[],"description":"Branding","iconPath":null,"integrationMode":1,"IsHidden":false,"helpUrl":null,"IsPortalPage":false,"level":3,"name":"Branding","nodeKey":"dashboard_237_Branding","ordinalPosition":null,"parentId":30,"RelyingPartyId":9,"RPKey":"ELIXHRUI","tooltip":null,"url":"#/dash/Branding/initial","activitiesCount":0,"IsEmulationEnabled":false},{"Id":-248,"childNodes":[],"description":"PageDescription","iconPath":null,"integrationMode":1,"IsHidden":false,"helpUrl":null,"IsPortalPage":false,"level":3,"name":"DB_194685_13pm","nodeKey":"dashboard_248_DB_194685_13pm","ordinalPosition":null,"parentId":30,"RelyingPartyId":9,"RPKey":"ELIXHRUI","tooltip":null,"url":"#/dash/Branding/DB_194685_13pm","activitiesCount":0,"IsEmulationEnabled":false},{"Id":-267,"childNodes":[],"description":"PageDescription","iconPath":null,"integrationMode":1,"IsHidden":false,"helpUrl":null,"IsPortalPage":false,"level":3,"name":"DB_194685_12pm","nodeKey":"dashboard_267_DB_194685_12pm","ordinalPosition":null,"parentId":30,"RelyingPartyId":9,"RPKey":"ELIXHRUI","tooltip":null,"url":"#/dash/Branding/DB_194685_12pm","activitiesCount":0,"IsEmulationEnabled":false}],"description":"Branding","iconPath":null,"integrationMode":1,"IsHidden":false,"helpUrl":null,"IsPortalPage":false,"level":2,"name":"EditDB_195647_12pm","nodeKey":"dashboard_30_EditDB_195647_12pm","ordinalPosition":null,"parentId":-1117,"RelyingPartyId":9,"RPKey":"ELIXHRUI","tooltip":null,"url":"","activitiesCount":0,"IsEmulationEnabled":false},{"Id":-239,"childNodes":[],"description":"Time","iconPath":null,"integrationMode":1,"IsHidden":false,"helpUrl":null,"IsPortalPage":false,"level":2,"name":"Time","nodeKey":"dashboard_239_Time","ordinalPosition":null,"parentId":31,"RelyingPartyId":9,"RPKey":"ELIXHRUI","tooltip":null,"url":"#/dash/Time/initial","activitiesCount":0,"IsEmulationEnabled":false},{"Id":-241,"childNodes":[],"description":"Experience First","iconPath":null,"integrationMode":1,"IsHidden":false,"helpUrl":null,"IsPortalPage":false,"level":2,"name":"Experience First","nodeKey":"dashboard_241_Experience_First","ordinalPosition":null,"parentId":32,"RelyingPartyId":9,"RPKey":"ELIXHRUI","tooltip":null,"url":"#/dash/engage/initial","activitiesCount":0,"IsEmulationEnabled":false},{"Id":-244,"childNodes":[],"description":"!!DB1_194703_12pm","iconPath":null,"integrationMode":1,"IsHidden":false,"helpUrl":null,"IsPortalPage":false,"level":2,"name":"!!DB1_194703_12pm","nodeKey":"dashboard_244_!!DB1_194703_12pm","ordinalPosition":null,"parentId":35,"RelyingPartyId":9,"RPKey":"ELIXHRUI","tooltip":null,"url":"#/dash/194703Description/initial","activitiesCount":0,"IsEmulationEnabled":false},{"Id":-36,"childNodes":[{"Id":-245,"childNodes":[],"description":"DB_194688_3pm","iconPath":null,"integrationMode":1,"IsHidden":false,"helpUrl":null,"IsPortalPage":false,"level":3,"name":"DB_194688_3pm","nodeKey":"dashboard_245_DB_194688_3pm","ordinalPosition":null,"parentId":36,"RelyingPartyId":9,"RPKey":"ELIXHRUI","tooltip":null,"url":"#/dash/DB_194688_3pm/initial","activitiesCount":0,"IsEmulationEnabled":false},{"Id":-246,"childNodes":[],"description":"Test page description","iconPath":null,"integrationMode":1,"IsHidden":false,"helpUrl":null,"IsPortalPage":false,"level":3,"name":"DBPage_194688_3pm","nodeKey":"dashboard_246_DBPage_194688_3pm","ordinalPosition":null,"parentId":36,"RelyingPartyId":9,"RPKey":"ELIXHRUI","tooltip":null,"url":"#/dash/DB_194688_3pm/DBPage_194688_3pm","activitiesCount":0,"IsEmulationEnabled":false}],"description":"Test page description","iconPath":null,"integrationMode":1,"IsHidden":false,"helpUrl":null,"IsPortalPage":false,"level":2,"name":"DB_194688_3pm","nodeKey":"dashboard_36_DB_194688_3pm","ordinalPosition":null,"parentId":-1117,"RelyingPartyId":9,"RPKey":"ELIXHRUI","tooltip":null,"url":"","activitiesCount":0,"IsEmulationEnabled":false},{"Id":-247,"childNodes":[],"description":"!!DB_194651_12pm","iconPath":null,"integrationMode":1,"IsHidden":false,"helpUrl":null,"IsPortalPage":false,"level":2,"name":"!!DB_194651_12pm","nodeKey":"dashboard_247_!!DB_194651_12pm","ordinalPosition":null,"parentId":37,"RelyingPartyId":9,"RPKey":"ELIXHRUI","tooltip":null,"url":"#/dash/Dashboard_12pmDescription/initial","activitiesCount":0,"IsEmulationEnabled":false},{"Id":-38,"childNodes":[{"Id":-249,"childNodes":[],"description":"DB1_194688_3pm","iconPath":null,"integrationMode":1,"IsHidden":false,"helpUrl":null,"IsPortalPage":false,"level":3,"name":"DB1_194688_3pm","nodeKey":"dashboard_249_DB1_194688_3pm","ordinalPosition":null,"parentId":38,"RelyingPartyId":9,"RPKey":"ELIXHRUI","tooltip":null,"url":"#/dash/DB1_194688_3pm/initial","activitiesCount":0,"IsEmulationEnabled":false},{"Id":-250,"childNodes":[],"description":"Test page description","iconPath":null,"integrationMode":1,"IsHidden":false,"helpUrl":null,"IsPortalPage":false,"level":3,"name":"DBPage1_194688_3pm","nodeKey":"dashboard_250_DBPage1_194688_3pm","ordinalPosition":null,"parentId":38,"RelyingPartyId":9,"RPKey":"ELIXHRUI","tooltip":null,"url":"#/dash/DB1_194688_3pm/DBPage1_194688_3pm","activitiesCount":0,"IsEmulationEnabled":false}],"description":"Test page description","iconPath":null,"integrationMode":1,"IsHidden":false,"helpUrl":null,"IsPortalPage":false,"level":2,"name":"DB1_194688_3pm","nodeKey":"dashboard_38_DB1_194688_3pm","ordinalPosition":null,"parentId":-1117,"RelyingPartyId":9,"RPKey":"ELIXHRUI","tooltip":null,"url":"","activitiesCount":0,"IsEmulationEnabled":false},{"Id":-39,"childNodes":[{"Id":-251,"childNodes":[],"description":"!!DB_224639_12pm","iconPath":null,"integrationMode":1,"IsHidden":false,"helpUrl":null,"IsPortalPage":false,"level":3,"name":"!!DB_224639_12pm","nodeKey":"dashboard_251_!!DB_224639_12pm","ordinalPosition":null,"parentId":39,"RelyingPartyId":9,"RPKey":"ELIXHRUI","tooltip":null,"url":"#/dash/224639Dashboard_12pmDescription/initial","activitiesCount":0,"IsEmulationEnabled":false},{"Id":-253,"childNodes":[],"description":"Dashboardpage_12pmDescription","iconPath":null,"integrationMode":1,"IsHidden":false,"helpUrl":null,"IsPortalPage":false,"level":3,"name":"!!DBP_224639_12pm","nodeKey":"dashboard_253_!!DBP_224639_12pm","ordinalPosition":null,"parentId":39,"RelyingPartyId":9,"RPKey":"ELIXHRUI","tooltip":null,"url":"#/dash/224639Dashboard_12pmDescription/Dashboardpage_12pmDescription","activitiesCount":0,"IsEmulationEnabled":false}],"description":"224639Dashboard_12pmDescription","iconPath":null,"integrationMode":1,"IsHidden":false,"helpUrl":null,"IsPortalPage":false,"level":2,"name":"!!DB_224639_12pm","nodeKey":"dashboard_39_!!DB_224639_12pm","ordinalPosition":null,"parentId":-1117,"RelyingPartyId":9,"RPKey":"ELIXHRUI","tooltip":null,"url":"","activitiesCount":0,"IsEmulationEnabled":false},{"Id":-254,"childNodes":[],"description":"This Dashboard is related to Sumtotal Dashboardpage","iconPath":null,"integrationMode":1,"IsHidden":false,"helpUrl":null,"IsPortalPage":false,"level":2,"name":"DB_194657_13pm","nodeKey":"dashboard_254_DBP_194657_13pm","ordinalPosition":null,"parentId":40,"RelyingPartyId":9,"RPKey":"ELIXHRUI","tooltip":null,"url":"#/dash/DB_194657_13pm/DBP_194657_13pm","activitiesCount":0,"IsEmulationEnabled":false},{"Id":-41,"childNodes":[{"Id":-255,"childNodes":[],"description":"DB_195640_13pm","iconPath":null,"integrationMode":1,"IsHidden":false,"helpUrl":null,"IsPortalPage":false,"level":3,"name":"DB_195640_13pm","nodeKey":"dashboard_255_DB_195640_13pm","ordinalPosition":null,"parentId":41,"RelyingPartyId":9,"RPKey":"ELIXHRUI","tooltip":null,"url":"#/dash/DB_195640_13pm/initial","activitiesCount":0,"IsEmulationEnabled":false},{"Id":-256,"childNodes":[],"description":"This Dashboard is related to Sumtotal Dashboardpage","iconPath":null,"integrationMode":1,"IsHidden":false,"helpUrl":null,"IsPortalPage":false,"level":3,"name":"DBP_195640_13pm","nodeKey":"dashboard_256_DBP_195640_13pm","ordinalPosition":null,"parentId":41,"RelyingPartyId":9,"RPKey":"ELIXHRUI","tooltip":null,"url":"#/dash/DB_195640_13pm/DBP_195640_13pm","activitiesCount":0,"IsEmulationEnabled":false},{"Id":-257,"childNodes":[],"description":"This Dashboard is related to Sumtotal Dashboardpage","iconPath":null,"integrationMode":1,"IsHidden":false,"helpUrl":null,"IsPortalPage":false,"level":3,"name":"DBP11_195640_13pm","nodeKey":"dashboard_257_DBP11_195640_13pm","ordinalPosition":null,"parentId":41,"RelyingPartyId":9,"RPKey":"ELIXHRUI","tooltip":null,"url":"#/dash/DB_195640_13pm/DBP11_195640_13pm","activitiesCount":0,"IsEmulationEnabled":false}],"description":"This Dashboard is related to Sumtotal Dashboardpage","iconPath":null,"integrationMode":1,"IsHidden":false,"helpUrl":null,"IsPortalPage":false,"level":2,"name":"DB_195640_13pm","nodeKey":"dashboard_41_DB_195640_13pm","ordinalPosition":null,"parentId":-1117,"RelyingPartyId":9,"RPKey":"ELIXHRUI","tooltip":null,"url":"","activitiesCount":0,"IsEmulationEnabled":false},{"Id":-42,"childNodes":[{"Id":-258,"childNodes":[],"description":"DB_195648_12pm","iconPath":null,"integrationMode":1,"IsHidden":false,"helpUrl":null,"IsPortalPage":false,"level":3,"name":"DB_195648_12pm","nodeKey":"dashboard_258_DB_195648_12pm","ordinalPosition":null,"parentId":42,"RelyingPartyId":9,"RPKey":"ELIXHRUI","tooltip":null,"url":"#/dash/DB_195648_12pm/initial","activitiesCount":0,"IsEmulationEnabled":false},{"Id":-259,"childNodes":[],"description":"Verifying the copy of the dashboard page","iconPath":null,"integrationMode":1,"IsHidden":false,"helpUrl":null,"IsPortalPage":false,"level":3,"name":"DBP_195648_12pm","nodeKey":"dashboard_259_DBP_195648_12pm","ordinalPosition":null,"parentId":42,"RelyingPartyId":9,"RPKey":"ELIXHRUI","tooltip":null,"url":"#/dash/DB_195648_12pm/DBP_195648_12pm","activitiesCount":0,"IsEmulationEnabled":false},{"Id":-260,"childNodes":[],"description":"Verifying the copy of the dashboard page","iconPath":null,"integrationMode":1,"IsHidden":false,"helpUrl":null,"IsPortalPage":false,"level":3,"name":"DBP1_195648_12pm","nodeKey":"dashboard_260_DBP1_195648_12pm","ordinalPosition":null,"parentId":42,"RelyingPartyId":9,"RPKey":"ELIXHRUI","tooltip":null,"url":"#/dash/DB_195648_12pm/DBP1_195648_12pm","activitiesCount":0,"IsEmulationEnabled":false}],"description":"Verifying the copy of the dashboard page","iconPath":null,"integrationMode":1,"IsHidden":false,"helpUrl":null,"IsPortalPage":false,"level":2,"name":"DB_195648_12pm","nodeKey":"dashboard_42_DB_195648_12pm","ordinalPosition":null,"parentId":-1117,"RelyingPartyId":9,"RPKey":"ELIXHRUI","tooltip":null,"url":"","activitiesCount":0,"IsEmulationEnabled":false},{"Id":-43,"childNodes":[{"Id":-261,"childNodes":[],"description":"DB_194664_12pm","iconPath":null,"integrationMode":1,"IsHidden":false,"helpUrl":null,"IsPortalPage":false,"level":3,"name":"DB_194664_12pm","nodeKey":"dashboard_261_DB_194664_12pm","ordinalPosition":null,"parentId":43,"RelyingPartyId":9,"RPKey":"ELIXHRUI","tooltip":null,"url":"#/dash/DB_194664_12pm/initial","activitiesCount":0,"IsEmulationEnabled":false},{"Id":-262,"childNodes":[],"description":"About DashBoard","iconPath":null,"integrationMode":1,"IsHidden":false,"helpUrl":null,"IsPortalPage":false,"level":3,"name":"DBP_195645_12pm","nodeKey":"dashboard_262_DBP_195645_12pm","ordinalPosition":null,"parentId":43,"RelyingPartyId":9,"RPKey":"ELIXHRUI","tooltip":null,"url":"#/dash/DB_194664_12pm/DBP_194665_12pm","activitiesCount":0,"IsEmulationEnabled":false}],"description":"About DashBoard","iconPath":null,"integrationMode":1,"IsHidden":false,"helpUrl":null,"IsPortalPage":false,"level":2,"name":"DB_195644_12pm","nodeKey":"dashboard_43_DB_195644_12pm","ordinalPosition":null,"parentId":-1117,"RelyingPartyId":9,"RPKey":"ELIXHRUI","tooltip":null,"url":"","activitiesCount":0,"IsEmulationEnabled":false},{"Id":-44,"childNodes":[{"Id":-263,"childNodes":[],"description":"DB_194688_12pm","iconPath":null,"integrationMode":1,"IsHidden":false,"helpUrl":null,"IsPortalPage":false,"level":3,"name":"DB_194688_12pm","nodeKey":"dashboard_263_DB_194688_12pm","ordinalPosition":null,"parentId":44,"RelyingPartyId":9,"RPKey":"ELIXHRUI","tooltip":null,"url":"#/dash/DB_194688_12pm/initial","activitiesCount":0,"IsEmulationEnabled":false},{"Id":-264,"childNodes":[],"description":"Test page description","iconPath":null,"integrationMode":1,"IsHidden":false,"helpUrl":null,"IsPortalPage":false,"level":3,"name":"DBPage_194688_12pm","nodeKey":"dashboard_264_DBPage_194688_12pm","ordinalPosition":null,"parentId":44,"RelyingPartyId":9,"RPKey":"ELIXHRUI","tooltip":null,"url":"#/dash/DB_194688_12pm/DBPage_194688_12pm","activitiesCount":0,"IsEmulationEnabled":false}],"description":"Test page description","iconPath":null,"integrationMode":1,"IsHidden":false,"helpUrl":null,"IsPortalPage":false,"level":2,"name":"DB_194688_12pm","nodeKey":"dashboard_44_DB_194688_12pm","ordinalPosition":null,"parentId":-1117,"RelyingPartyId":9,"RPKey":"ELIXHRUI","tooltip":null,"url":"","activitiesCount":0,"IsEmulationEnabled":false},{"Id":-265,"childNodes":[],"description":"DB_194700_12pm","iconPath":null,"integrationMode":1,"IsHidden":false,"helpUrl":null,"IsPortalPage":false,"level":2,"name":"DB_194700_12pm","nodeKey":"dashboard_265_DB_194700_12pm","ordinalPosition":null,"parentId":45,"RelyingPartyId":9,"RPKey":"ELIXHRUI","tooltip":null,"url":"#/dash/DB_194700_12pm/initial","activitiesCount":0,"IsEmulationEnabled":false},{"Id":-46,"childNodes":[{"Id":-266,"childNodes":[],"description":"DB1_194688_12pm","iconPath":null,"integrationMode":1,"IsHidden":false,"helpUrl":null,"IsPortalPage":false,"level":3,"name":"DB1_194688_12pm","nodeKey":"dashboard_266_DB1_194688_12pm","ordinalPosition":null,"parentId":46,"RelyingPartyId":9,"RPKey":"ELIXHRUI","tooltip":null,"url":"#/dash/DB1_194688_12pm/initial","activitiesCount":0,"IsEmulationEnabled":false},{"Id":-269,"childNodes":[],"description":"Test page description","iconPath":null,"integrationMode":1,"IsHidden":false,"helpUrl":null,"IsPortalPage":false,"level":3,"name":"DBPage1_194688_12pm","nodeKey":"dashboard_269_DBPage1_194688_12pm","ordinalPosition":null,"parentId":46,"RelyingPartyId":9,"RPKey":"ELIXHRUI","tooltip":null,"url":"#/dash/DB1_194688_12pm/DBPage1_194688_12pm","activitiesCount":0,"IsEmulationEnabled":false}],"description":"Test page description","iconPath":null,"integrationMode":1,"IsHidden":false,"helpUrl":null,"IsPortalPage":false,"level":2,"name":"DB1_194688_12pm","nodeKey":"dashboard_46_DB1_194688_12pm","ordinalPosition":null,"parentId":-1117,"RelyingPartyId":9,"RPKey":"ELIXHRUI","tooltip":null,"url":"","activitiesCount":0,"IsEmulationEnabled":false},{"Id":-270,"childNodes":[],"description":"This Dashboard is related to Sumtotal Dashboardpage","iconPath":null,"integrationMode":1,"IsHidden":false,"helpUrl":null,"IsPortalPage":false,"level":2,"name":"DB_194657_12pm","nodeKey":"dashboard_270_DBP_194657_12pm","ordinalPosition":null,"parentId":47,"RelyingPartyId":9,"RPKey":"ELIXHRUI","tooltip":null,"url":"#/dash/DB_194657_12pm/DBP_194657_12pm","activitiesCount":0,"IsEmulationEnabled":false},{"Id":-271,"childNodes":[],"description":"DB_194702_12pm","iconPath":null,"integrationMode":1,"IsHidden":false,"helpUrl":null,"IsPortalPage":false,"level":2,"name":"DB_194702_12pm","nodeKey":"dashboard_271_DB_194702_12pm","ordinalPosition":null,"parentId":48,"RelyingPartyId":9,"RPKey":"ELIXHRUI","tooltip":null,"url":"#/dash/DB_194702_12pm/initial","activitiesCount":0,"IsEmulationEnabled":false},{"Id":-272,"childNodes":[],"description":"DB_224637_12pm","iconPath":null,"integrationMode":1,"IsHidden":false,"helpUrl":null,"IsPortalPage":false,"level":2,"name":"DB_224637_12pm","nodeKey":"dashboard_272_DB_224637_12pm","ordinalPosition":null,"parentId":49,"RelyingPartyId":9,"RPKey":"ELIXHRUI","tooltip":null,"url":"#/dash/224637_DB_12pm/initial","activitiesCount":0,"IsEmulationEnabled":false},{"Id":-273,"childNodes":[],"description":"DB_195647_12pm","iconPath":null,"integrationMode":1,"IsHidden":false,"helpUrl":null,"IsPortalPage":false,"level":2,"name":"DB_195647_12pm","nodeKey":"dashboard_273_DB_195647_12pm","ordinalPosition":null,"parentId":50,"RelyingPartyId":9,"RPKey":"ELIXHRUI","tooltip":null,"url":"#/dash/DB_195647_12pm/initial","activitiesCount":0,"IsEmulationEnabled":false},{"Id":-274,"childNodes":[],"description":"DB_240567_12pm","iconPath":null,"integrationMode":1,"IsHidden":false,"helpUrl":null,"IsPortalPage":false,"level":2,"name":"DB_240567_12pm","nodeKey":"dashboard_274_DB_240567_12pm","ordinalPosition":null,"parentId":51,"RelyingPartyId":9,"RPKey":"ELIXHRUI","tooltip":null,"url":"#/dash/240567_DB_12pm/initial","activitiesCount":0,"IsEmulationEnabled":false},{"Id":-52,"childNodes":[{"Id":-276,"childNodes":[],"description":"This Dashboard is related to Sumtotal Dashboardpage","iconPath":null,"integrationMode":1,"IsHidden":false,"helpUrl":null,"IsPortalPage":false,"level":3,"name":"DBP_195640_12pm","nodeKey":"dashboard_276_DBP_195640_12pm","ordinalPosition":null,"parentId":52,"RelyingPartyId":9,"RPKey":"ELIXHRUI","tooltip":null,"url":"#/dash/DB_195640_12pm/DBP_195640_12pm","activitiesCount":0,"IsEmulationEnabled":false},{"Id":-277,"childNodes":[],"description":"This Dashboard is related to Sumtotal Dashboardpage","iconPath":null,"integrationMode":1,"IsHidden":false,"helpUrl":null,"IsPortalPage":false,"level":3,"name":"DBP11_195640_12pm","nodeKey":"dashboard_277_DBP11_195640_12pm","ordinalPosition":null,"parentId":52,"RelyingPartyId":9,"RPKey":"ELIXHRUI","tooltip":null,"url":"#/dash/DB_195640_12pm/DBP11_195640_12pm","activitiesCount":0,"IsEmulationEnabled":false}],"description":"This Dashboard is related to Sumtotal Dashboardpage","iconPath":null,"integrationMode":1,"IsHidden":false,"helpUrl":null,"IsPortalPage":false,"level":2,"name":"DB_195640_12pm","nodeKey":"dashboard_52_DB_195640_12pm","ordinalPosition":null,"parentId":-1117,"RelyingPartyId":9,"RPKey":"ELIXHRUI","tooltip":null,"url":"","activitiesCount":0,"IsEmulationEnabled":false},{"Id":-53,"childNodes":[{"Id":-278,"childNodes":[],"description":"DB_224638_12pm","iconPath":null,"integrationMode":1,"IsHidden":false,"helpUrl":null,"IsPortalPage":false,"level":3,"name":"DB_224638_12pm","nodeKey":"dashboard_278_DB_224638_12pm","ordinalPosition":null,"parentId":53,"RelyingPartyId":9,"RPKey":"ELIXHRUI","tooltip":null,"url":"#/dash/DB_224638_12pm/initial","activitiesCount":0,"IsEmulationEnabled":false},{"Id":-280,"childNodes":[],"description":"Verifying the copy of the dashboard page","iconPath":null,"integrationMode":1,"IsHidden":false,"helpUrl":null,"IsPortalPage":false,"level":3,"name":"DBP_224638_12pm","nodeKey":"dashboard_280_DBP_224638_12pm","ordinalPosition":null,"parentId":53,"RelyingPartyId":9,"RPKey":"ELIXHRUI","tooltip":null,"url":"#/dash/DB_224638_12pm/DBP_224638_12pm","activitiesCount":0,"IsEmulationEnabled":false}],"description":"Verifying the copy of the dashboard page","iconPath":null,"integrationMode":1,"IsHidden":false,"helpUrl":null,"IsPortalPage":false,"level":2,"name":"DB_224638_12pm","nodeKey":"dashboard_53_DB_224638_12pm","ordinalPosition":null,"parentId":-1117,"RelyingPartyId":9,"RPKey":"ELIXHRUI","tooltip":null,"url":"","activitiesCount":0,"IsEmulationEnabled":false},{"Id":-279,"childNodes":[],"description":"!!DB1_194703_12pm12","iconPath":null,"integrationMode":1,"IsHidden":false,"helpUrl":null,"IsPortalPage":false,"level":2,"name":"!!DB1_194703_12pm12","nodeKey":"dashboard_279_!!DB1_194703_12pm12","ordinalPosition":null,"parentId":54,"RelyingPartyId":9,"RPKey":"ELIXHRUI","tooltip":null,"url":"#/dash/194703Description12/initial","activitiesCount":0,"IsEmulationEnabled":false},{"Id":-55,"childNodes":[{"Id":-281,"childNodes":[],"description":"DB_240568_12pm","iconPath":null,"integrationMode":1,"IsHidden":false,"helpUrl":null,"IsPortalPage":false,"level":3,"name":"DB_240568_12pm","nodeKey":"dashboard_281_DB_240568_12pm","ordinalPosition":null,"parentId":55,"RelyingPartyId":9,"RPKey":"ELIXHRUI","tooltip":null,"url":"#/dash/DB_240568_12pm/initial","activitiesCount":0,"IsEmulationEnabled":false},{"Id":-282,"childNodes":[],"description":"Verifying the copy of the dashboard page","iconPath":null,"integrationMode":1,"IsHidden":false,"helpUrl":null,"IsPortalPage":false,"level":3,"name":"DBP_240568_12pm","nodeKey":"dashboard_282_DBP_240568_12pm","ordinalPosition":null,"parentId":55,"RelyingPartyId":9,"RPKey":"ELIXHRUI","tooltip":null,"url":"#/dash/DB_240568_12pm/DBP_240568_12pm","activitiesCount":0,"IsEmulationEnabled":false}],"description":"Verifying the copy of the dashboard page","iconPath":null,"integrationMode":1,"IsHidden":false,"helpUrl":null,"IsPortalPage":false,"level":2,"name":"DB_240568_12pm","nodeKey":"dashboard_55_DB_240568_12pm","ordinalPosition":null,"parentId":-1117,"RelyingPartyId":9,"RPKey":"ELIXHRUI","tooltip":null,"url":"","activitiesCount":0,"IsEmulationEnabled":false},{"Id":-56,"childNodes":[{"Id":-283,"childNodes":[],"description":"DB_224642_12pm","iconPath":null,"integrationMode":1,"IsHidden":false,"helpUrl":null,"IsPortalPage":false,"level":3,"name":"DB_224642_12pm","nodeKey":"dashboard_283_DB_224642_12pm","ordinalPosition":null,"parentId":56,"RelyingPartyId":9,"RPKey":"ELIXHRUI","tooltip":null,"url":"#/dash/DB_224642_12pm/initial","activitiesCount":0,"IsEmulationEnabled":false},{"Id":-284,"childNodes":[],"description":"DashBoard1","iconPath":null,"integrationMode":1,"IsHidden":false,"helpUrl":null,"IsPortalPage":false,"level":3,"name":"DB_224641_12pm","nodeKey":"dashboard_284_DB_224641_12pm","ordinalPosition":null,"parentId":56,"RelyingPartyId":9,"RPKey":"ELIXHRUI","tooltip":null,"url":"#/dash/DB_224642_12pm/DB_224641_12pm","activitiesCount":0,"IsEmulationEnabled":false}],"description":"DashBoard","iconPath":null,"integrationMode":1,"IsHidden":false,"helpUrl":null,"IsPortalPage":false,"level":2,"name":"DB_224642_12pm","nodeKey":"dashboard_56_DB_224642_12pm","ordinalPosition":null,"parentId":-1117,"RelyingPartyId":9,"RPKey":"ELIXHRUI","tooltip":null,"url":"","activitiesCount":0,"IsEmulationEnabled":false},{"Id":-285,"childNodes":[],"description":"DB_9122_12pm","iconPath":null,"integrationMode":1,"IsHidden":false,"helpUrl":null,"IsPortalPage":false,"level":2,"name":"DB_9122_12pm","nodeKey":"dashboard_285_DB_9122_12pm","ordinalPosition":null,"parentId":57,"RelyingPartyId":9,"RPKey":"ELIXHRUI","tooltip":null,"url":"#/dash/DB_9122_12pm/initial","activitiesCount":0,"IsEmulationEnabled":false},{"Id":-286,"childNodes":[],"description":"UserDB_9122_12pm","iconPath":null,"integrationMode":1,"IsHidden":false,"helpUrl":null,"IsPortalPage":false,"level":2,"name":"UserDB_9122_12pm","nodeKey":"dashboard_286_UserDB_9122_12pm","ordinalPosition":null,"parentId":58,"RelyingPartyId":9,"RPKey":"ELIXHRUI","tooltip":null,"url":"#/dash/UserDB_9122_12pm/initial","activitiesCount":0,"IsEmulationEnabled":false},{"Id":-288,"childNodes":[],"description":"Test123","iconPath":null,"integrationMode":1,"IsHidden":false,"helpUrl":null,"IsPortalPage":false,"level":2,"name":"Test123","nodeKey":"dashboard_288_Test123","ordinalPosition":null,"parentId":59,"RelyingPartyId":9,"RPKey":"ELIXHRUI","tooltip":null,"url":"#/dash/Test123/initial","activitiesCount":0,"IsEmulationEnabled":false},{"Id":-60,"childNodes":[{"Id":-289,"childNodes":[],"description":"DB_194693_12pm","iconPath":null,"integrationMode":1,"IsHidden":false,"helpUrl":null,"IsPortalPage":false,"level":3,"name":"DB_194693_12pm","nodeKey":"dashboard_289_DB_194693_12pm","ordinalPosition":null,"parentId":60,"RelyingPartyId":9,"RPKey":"ELIXHRUI","tooltip":null,"url":"#/dash/DB_194693_12pm/initial","activitiesCount":0,"IsEmulationEnabled":false},{"Id":-290,"childNodes":[],"description":"Verifying the copy of the dashboard page","iconPath":null,"integrationMode":1,"IsHidden":false,"helpUrl":null,"IsPortalPage":false,"level":3,"name":"DBP_194693_12pm","nodeKey":"dashboard_290_DBP_194693_12pm","ordinalPosition":null,"parentId":60,"RelyingPartyId":9,"RPKey":"ELIXHRUI","tooltip":null,"url":"#/dash/DB_194693_12pm/DBP_194693_12pm","activitiesCount":0,"IsEmulationEnabled":false},{"Id":-291,"childNodes":[],"description":"Verifying the copy of the dashboard page","iconPath":null,"integrationMode":1,"IsHidden":false,"helpUrl":null,"IsPortalPage":false,"level":3,"name":"CDB_194693_12pm","nodeKey":"dashboard_291_CDB_194693_12pm","ordinalPosition":null,"parentId":60,"RelyingPartyId":9,"RPKey":"ELIXHRUI","tooltip":null,"url":"#/dash/DB_194693_12pm/CDB_194693_12pm","activitiesCount":0,"IsEmulationEnabled":false}],"description":"Verifying the copy of the dashboard page","iconPath":null,"integrationMode":1,"IsHidden":false,"helpUrl":null,"IsPortalPage":false,"level":2,"name":"DB_194693_12pm","nodeKey":"dashboard_60_DB_194693_12pm","ordinalPosition":null,"parentId":-1117,"RelyingPartyId":9,"RPKey":"ELIXHRUI","tooltip":null,"url":"","activitiesCount":0,"IsEmulationEnabled":false},{"Id":-61,"childNodes":[{"Id":-292,"childNodes":[],"description":"DB_194708_12pm","iconPath":null,"integrationMode":1,"IsHidden":false,"helpUrl":null,"IsPortalPage":false,"level":3,"name":"DB_194708_12pm","nodeKey":"dashboard_292_DB_194708_12pm","ordinalPosition":null,"parentId":61,"RelyingPartyId":9,"RPKey":"ELIXHRUI","tooltip":null,"url":"#/dash/DB_194708_12pm/initial","activitiesCount":0,"IsEmulationEnabled":false},{"Id":-293,"childNodes":[],"description":"Verifying the copy of the dashboard page","iconPath":null,"integrationMode":1,"IsHidden":false,"helpUrl":null,"IsPortalPage":false,"level":3,"name":"DBP_194708_12pm","nodeKey":"dashboard_293_DBP_194708_12pm","ordinalPosition":null,"parentId":61,"RelyingPartyId":9,"RPKey":"ELIXHRUI","tooltip":null,"url":"#/dash/DB_194708_12pm/DBP_194708_12pm","activitiesCount":0,"IsEmulationEnabled":false},{"Id":-294,"childNodes":[],"description":"Verifying the copy of the dashboard page","iconPath":null,"integrationMode":1,"IsHidden":false,"helpUrl":null,"IsPortalPage":false,"level":3,"name":"CDBP_194708_12pm","nodeKey":"dashboard_294_CDBP_194708_12pm","ordinalPosition":null,"parentId":61,"RelyingPartyId":9,"RPKey":"ELIXHRUI","tooltip":null,"url":"#/dash/DB_194708_12pm/CDBP_194708_12pm","activitiesCount":0,"IsEmulationEnabled":false},{"Id":-301,"childNodes":[],"description":"Verifying the copy of the dashboard page","iconPath":null,"integrationMode":1,"IsHidden":false,"helpUrl":null,"IsPortalPage":false,"level":3,"name":"CDBP1_194708_12pm","nodeKey":"dashboard_301_CDBP1_194708_12pm","ordinalPosition":null,"parentId":61,"RelyingPartyId":9,"RPKey":"ELIXHRUI","tooltip":null,"url":"#/dash/DB_194708_12pm/CDBP1_194708_12pm","activitiesCount":0,"IsEmulationEnabled":false}],"description":"Verifying the copy of the dashboard page","iconPath":null,"integrationMode":1,"IsHidden":false,"helpUrl":null,"IsPortalPage":false,"level":2,"name":"DB_194708_12pm","nodeKey":"dashboard_61_DB_194708_12pm","ordinalPosition":null,"parentId":-1117,"RelyingPartyId":9,"RPKey":"ELIXHRUI","tooltip":null,"url":"","activitiesCount":0,"IsEmulationEnabled":false},{"Id":-62,"childNodes":[{"Id":-295,"childNodes":[],"description":"DB_194699_12pm","iconPath":null,"integrationMode":1,"IsHidden":false,"helpUrl":null,"IsPortalPage":false,"level":3,"name":"DB_194699_12pm","nodeKey":"dashboard_295_DB_194699_12pm","ordinalPosition":null,"parentId":62,"RelyingPartyId":9,"RPKey":"ELIXHRUI","tooltip":null,"url":"#/dash/DB_194699_12pm/initial","activitiesCount":0,"IsEmulationEnabled":false},{"Id":-296,"childNodes":[],"description":"Verifying copy of the dashboard page","iconPath":null,"integrationMode":1,"IsHidden":false,"helpUrl":null,"IsPortalPage":false,"level":3,"name":"DBP_194699_12pm","nodeKey":"dashboard_296_DBP_194699_12pm","ordinalPosition":null,"parentId":62,"RelyingPartyId":9,"RPKey":"ELIXHRUI","tooltip":null,"url":"#/dash/DB_194699_12pm/DBP_194699_12pm","activitiesCount":0,"IsEmulationEnabled":false},{"Id":-297,"childNodes":[],"description":"Verifying copy of the dashboard page","iconPath":null,"integrationMode":1,"IsHidden":false,"helpUrl":null,"IsPortalPage":false,"level":3,"name":"CDB_194699_12pm","nodeKey":"dashboard_297_CDB_194699_12pm","ordinalPosition":null,"parentId":62,"RelyingPartyId":9,"RPKey":"ELIXHRUI","tooltip":null,"url":"#/dash/DB_194699_12pm/CDB_194699_12pm","activitiesCount":0,"IsEmulationEnabled":false}],"description":"Verifying copy of the dashboard page","iconPath":null,"integrationMode":1,"IsHidden":false,"helpUrl":null,"IsPortalPage":false,"level":2,"name":"DB_194699_12pm","nodeKey":"dashboard_62_DB_194699_12pm","ordinalPosition":null,"parentId":-1117,"RelyingPartyId":9,"RPKey":"ELIXHRUI","tooltip":null,"url":"","activitiesCount":0,"IsEmulationEnabled":false},{"Id":-63,"childNodes":[{"Id":-298,"childNodes":[],"description":"DB_194688_13pm","iconPath":null,"integrationMode":1,"IsHidden":false,"helpUrl":null,"IsPortalPage":false,"level":3,"name":"DB_194688_13pm","nodeKey":"dashboard_298_DB_194688_13pm","ordinalPosition":null,"parentId":63,"RelyingPartyId":9,"RPKey":"ELIXHRUI","tooltip":null,"url":"#/dash/DB_194688_13pm/initial","activitiesCount":0,"IsEmulationEnabled":false},{"Id":-299,"childNodes":[],"description":"Test page description","iconPath":null,"integrationMode":1,"IsHidden":false,"helpUrl":null,"IsPortalPage":false,"level":3,"name":"DBPage_194688_13pm","nodeKey":"dashboard_299_DBPage_194688_13pm","ordinalPosition":null,"parentId":63,"RelyingPartyId":9,"RPKey":"ELIXHRUI","tooltip":null,"url":"#/dash/DB_194688_13pm/DBPage_194688_13pm","activitiesCount":0,"IsEmulationEnabled":false}],"description":"Test page description","iconPath":null,"integrationMode":1,"IsHidden":false,"helpUrl":null,"IsPortalPage":false,"level":2,"name":"DB_194688_13pm","nodeKey":"dashboard_63_DB_194688_13pm","ordinalPosition":null,"parentId":-1117,"RelyingPartyId":9,"RPKey":"ELIXHRUI","tooltip":null,"url":"","activitiesCount":0,"IsEmulationEnabled":false},{"Id":-302,"childNodes":[],"description":"DB2_224642_12pm","iconPath":null,"integrationMode":1,"IsHidden":false,"helpUrl":null,"IsPortalPage":false,"level":2,"name":"DB2_224642_12pm","nodeKey":"dashboard_302_DB2_224642_12pm","ordinalPosition":null,"parentId":65,"RelyingPartyId":9,"RPKey":"ELIXHRUI","tooltip":null,"url":"#/dash/DB2_224642_Route_12pm/initial","activitiesCount":0,"IsEmulationEnabled":false},{"Id":-303,"childNodes":[],"description":"DB21_224642_12pm","iconPath":null,"integrationMode":1,"IsHidden":false,"helpUrl":null,"IsPortalPage":false,"level":2,"name":"DB21_224642_12pm","nodeKey":"dashboard_303_DB21_224642_12pm","ordinalPosition":null,"parentId":66,"RelyingPartyId":9,"RPKey":"ELIXHRUI","tooltip":null,"url":"#/dash/DB21_224642_12pm/initial","activitiesCount":0,"IsEmulationEnabled":false},{"Id":-67,"childNodes":[{"Id":-304,"childNodes":[],"description":"DB_195648_12pm","iconPath":null,"integrationMode":1,"IsHidden":false,"helpUrl":null,"IsPortalPage":false,"level":3,"name":"DB_195648_12pm","nodeKey":"dashboard_304_DB_195648_12pm","ordinalPosition":null,"parentId":67,"RelyingPartyId":9,"RPKey":"ELIXHRUI","tooltip":null,"url":"#/dash/CDBP_195648_12pm/initial","activitiesCount":0,"IsEmulationEnabled":false},{"Id":-305,"childNodes":[],"description":"Verifying the copy of the dashboard page","iconPath":null,"integrationMode":1,"IsHidden":false,"helpUrl":null,"IsPortalPage":false,"level":3,"name":"DBP_195648_12pm","nodeKey":"dashboard_305_DBP_195648_12pm","ordinalPosition":null,"parentId":67,"RelyingPartyId":9,"RPKey":"ELIXHRUI","tooltip":null,"url":"#/dash/CDBP_195648_12pm/DBP_195648_12pm","activitiesCount":0,"IsEmulationEnabled":false},{"Id":-306,"childNodes":[],"description":"Verifying the copy of the dashboard page","iconPath":null,"integrationMode":1,"IsHidden":false,"helpUrl":null,"IsPortalPage":false,"level":3,"name":"DBP1_195648_12pm","nodeKey":"dashboard_306_DBP1_195648_12pm","ordinalPosition":null,"parentId":67,"RelyingPartyId":9,"RPKey":"ELIXHRUI","tooltip":null,"url":"#/dash/CDBP_195648_12pm/DBP1_195648_12pm","activitiesCount":0,"IsEmulationEnabled":false}],"description":"Verifying the copy of the dashboard page","iconPath":null,"integrationMode":1,"IsHidden":false,"helpUrl":null,"IsPortalPage":false,"level":2,"name":"CDBP_195648_12pm","nodeKey":"dashboard_67_CDBP_195648_12pm","ordinalPosition":null,"parentId":-1117,"RelyingPartyId":9,"RPKey":"ELIXHRUI","tooltip":null,"url":"","activitiesCount":0,"IsEmulationEnabled":false},{"Id":-307,"childNodes":[],"description":"DB_194700_12pm","iconPath":null,"integrationMode":1,"IsHidden":false,"helpUrl":null,"IsPortalPage":false,"level":2,"name":"CDB_194700_12pm","nodeKey":"dashboard_307_DB_194700_12pm","ordinalPosition":null,"parentId":68,"RelyingPartyId":9,"RPKey":"ELIXHRUI","tooltip":null,"url":"#/dash/CDB_194700_12pm/initial","activitiesCount":0,"IsEmulationEnabled":false},{"Id":-308,"childNodes":[],"description":"DB_194702_12pm","iconPath":null,"integrationMode":1,"IsHidden":false,"helpUrl":null,"IsPortalPage":false,"level":2,"name":"CDB_194702_12pm","nodeKey":"dashboard_308_DB_194702_12pm","ordinalPosition":null,"parentId":69,"RelyingPartyId":9,"RPKey":"ELIXHRUI","tooltip":null,"url":"#/dash/CDB_194702_12pm/initial","activitiesCount":0,"IsEmulationEnabled":false},{"Id":-311,"childNodes":[],"description":"SumtotalDashBoard_218635_12pm","iconPath":null,"integrationMode":1,"IsHidden":false,"helpUrl":null,"IsPortalPage":false,"level":2,"name":"SumtotalDashBoard_218635_12pm","nodeKey":"dashboard_311_SumtotalDashBoard_218635_12pm","ordinalPosition":null,"parentId":70,"RelyingPartyId":9,"RPKey":"ELIXHRUI","tooltip":null,"url":"#/dash/SumtotalDashBoard_218635_12pm/initial","activitiesCount":0,"IsEmulationEnabled":false},{"Id":-312,"childNodes":[],"description":"SumTotal_DashBoard_12pm","iconPath":null,"integrationMode":1,"IsHidden":false,"helpUrl":null,"IsPortalPage":false,"level":2,"name":"SumTotal_DashBoard_12pm","nodeKey":"dashboard_312_SumTotal_DashBoard_12pm","ordinalPosition":null,"parentId":71,"RelyingPartyId":9,"RPKey":"ELIXHRUI","tooltip":null,"url":"#/dash/SumTotal_DashBoardPage_12pm/initial","activitiesCount":0,"IsEmulationEnabled":false},{"Id":-313,"childNodes":[],"description":"Test321","iconPath":null,"integrationMode":1,"IsHidden":false,"helpUrl":null,"IsPortalPage":false,"level":2,"name":"Test321","nodeKey":"dashboard_313_Test321","ordinalPosition":null,"parentId":72,"RelyingPartyId":9,"RPKey":"ELIXHRUI","tooltip":null,"url":"#/dash/Test321/initial","activitiesCount":0,"IsEmulationEnabled":false},{"Id":-314,"childNodes":[],"description":"CreateDashboard","iconPath":null,"integrationMode":1,"IsHidden":false,"helpUrl":null,"IsPortalPage":false,"level":2,"name":"CreateDashboard","nodeKey":"dashboard_314_CreateDashboard","ordinalPosition":null,"parentId":73,"RelyingPartyId":9,"RPKey":"ELIXHRUI","tooltip":null,"url":"#/dash/CreateDashboard/initial","activitiesCount":0,"IsEmulationEnabled":false},{"Id":-74,"childNodes":[{"Id":-315,"childNodes":[],"description":"DB1_224638_12pm","iconPath":null,"integrationMode":1,"IsHidden":false,"helpUrl":null,"IsPortalPage":false,"level":3,"name":"DB1_224638_12pm","nodeKey":"dashboard_315_DB1_224638_12pm","ordinalPosition":null,"parentId":74,"RelyingPartyId":9,"RPKey":"ELIXHRUI","tooltip":null,"url":"#/dash/DB1_224638_12pm/initial","activitiesCount":0,"IsEmulationEnabled":false},{"Id":-316,"childNodes":[],"description":"Verifying the copy of the dashboard page","iconPath":null,"integrationMode":1,"IsHidden":false,"helpUrl":null,"IsPortalPage":false,"level":3,"name":"DBP_224638_12pm","nodeKey":"dashboard_316_DBP_224638_12pm","ordinalPosition":null,"parentId":74,"RelyingPartyId":9,"RPKey":"ELIXHRUI","tooltip":null,"url":"#/dash/DB1_224638_12pm/DBP_224638_12pm","activitiesCount":0,"IsEmulationEnabled":false}],"description":"Verifying the copy of the dashboard page","iconPath":null,"integrationMode":1,"IsHidden":false,"helpUrl":null,"IsPortalPage":false,"level":2,"name":"DB1_224638_12pm","nodeKey":"dashboard_74_DB1_224638_12pm","ordinalPosition":null,"parentId":-1117,"RelyingPartyId":9,"RPKey":"ELIXHRUI","tooltip":null,"url":"","activitiesCount":0,"IsEmulationEnabled":false},{"Id":-317,"childNodes":[],"description":"DB_Personalization_12pm","iconPath":null,"integrationMode":1,"IsHidden":false,"helpUrl":null,"IsPortalPage":false,"level":2,"name":"DB_Personalization_12pm","nodeKey":"dashboard_317_DB_Personalization_12pm","ordinalPosition":null,"parentId":75,"RelyingPartyId":9,"RPKey":"ELIXHRUI","tooltip":null,"url":"#/dash/DB_Personalization_12pm/initial","activitiesCount":0,"IsEmulationEnabled":false},{"Id":-318,"childNodes":[],"description":"DB1_Personalization_12pm","iconPath":null,"integrationMode":1,"IsHidden":false,"helpUrl":null,"IsPortalPage":false,"level":2,"name":"DB1_Personalization_12pm","nodeKey":"dashboard_318_DB1_Personalization_12pm","ordinalPosition":null,"parentId":76,"RelyingPartyId":9,"RPKey":"ELIXHRUI","tooltip":null,"url":"#/dash/DB1_Personalization_12pm/initial","activitiesCount":0,"IsEmulationEnabled":false},{"Id":-319,"childNodes":[],"description":"DB_204051_12pm","iconPath":null,"integrationMode":1,"IsHidden":false,"helpUrl":null,"IsPortalPage":false,"level":2,"name":"DB_204051_12pm","nodeKey":"dashboard_319_DB_204051_12pm","ordinalPosition":null,"parentId":77,"RelyingPartyId":9,"RPKey":"ELIXHRUI","tooltip":null,"url":"#/dash/DB_204051_12pm/initial","activitiesCount":0,"IsEmulationEnabled":false}],"description":"Displays default home Dashboard page of user.","iconPath":null,"integrationMode":3,"IsHidden":false,"helpUrl":"/Content/Core Platform/Core Platform Guide/Configuring Dashboards.htm","IsPortalPage":false,"level":0,"name":"Dashboards","nodeKey":"manage_dashboard_listmenu","ordinalPosition":"0","parentId":6,"RelyingPartyId":9,"RPKey":"ELIXHRUI","tooltip":"Displays default home Dashboard page of user.","url":null,"activitiesCount":0,"IsEmulationEnabled":false}],"PillarsByKey":null},"identity":{"EmulatorUserId":null,"EmulatorUserName":null,"IsEmulating":false,"IsRequestLogEnabled":false,"LogLevel":8,"ProperName":"Moderator Moderator","UserId":"9AD36C46327219F4BE439AA4E0CB8371","Id":101167,"UserName":"Moderator"},"culture":{"displayName":"English (United States)","englishName":"English (United States)","lcid":1033,"name":"en-US","nativeName":"English (United States)","isRTL":false,"DateFormat":"MM/dd/yyyy","TimeFormat":"hh:mm a"},"theme":{"hash":2133934744,"currentTheme":{"CanDelete":false,"CanPersonalize":false,"ClientJSON":null,"Description":null,"Id":0,"IsActive":false,"IsDefault":false,"IsUserEditable":false,"JSON":null,"Name":null,"PaletteJSON":null,"Precedence":0,"ThemeKey":"DEFAULT"},"defaultLessVariables":{"@IsThemed":"0","@fonts-path":"assets/fonts/","@fontawesome-version":"4.7.0","@opensans-version":"v10","@font-size-size12":"(@font-size-base * 0.75)","@font-size-size14":"(@font-size-base * 0.875)","@font-size-size18":"(@font-size-base * 1.125)","@sumt-webpart-bg":"transparent","@sumt-webpart-text":"@text-color","@sumt-webpart-header-bg":"transparent","@sumt-webpart-header-text":"inherit","@sumt-card-bg":"#f5f5f5","@sumt-card-height-base":"120px","@sumt-card-list-border":"#ccc","@sumt-card-list-header-border":"#999","@left-nav-width":"320px","@left-nav-header-height":"100px","@left-nav-parent-color":"#8fc9f2","@left-nav-body-background":"@left-nav-header-background","@left-nav-header-hover":"#2b9ded","@left-nav-header-background":"#0d446c","@left-nav-header-text-color":"#fff","@left-nav-childnode-background":"darken(@left-nav-body-background, 10%)","@left-nav-node-hover":"@left-nav-header-hover","@left-nav-text-color":"#fff","@left-nav-symbol-color":"#fff","@toolbar-background-hover":"#CCD0D6","@toolbar-border-color":"#ADADAD","@toolbar-vertical-margin":".3125rem","@toolbar-bg":"#fafbfb","@toolbar-line-height":"1.5625rem","@toolbar-text-color":"#333","@toolbar-button-vertical-margin":".5rem","@toolbar-hover":"#ccd0d6","@btn-disabled-color":"#999","@sumt-btn-default-color":"#227AB9","@slideout-close-btn-bg":"#f27c2a","@slideout-close-color":"#fff","@slideout-width":"22.1875rem","@slideout-leftside-width":"20.3125rem","@slideout-leftside-bg":"#eeeeee","@slideout-item-bordercolor":"#999","@step-height":"1.875rem","@step-width":"1.875rem","@step-border-thickness":".3125rem","@step-font-size":".9375rem","@step-font-weight":"700","@step-active-font-color":"#333","@step-disabled-font-color":"@toolbar-text-color","@step-todo-font-color":"#fff","@step-active-bg-color":"#fff","@step-disabled-bg-color":"@toolbar-hover","@step-todo-bg-color":"@brand-info","@h1-margin":"@line-height-computed 0 @line-height-computed 0","@h2-margin":"@line-height-computed 0 0.625rem 0","@h3-margin":"@line-height-computed 0 0.625rem 0","@h4-margin":"(@line-height-computed / 2) 0 (@line-height-computed / 2) 0","@h5-margin":"(@line-height-computed / 2) 0 (@line-height-computed / 2) 0","@h6-margin":"(@line-height-computed / 2) 0 (@line-height-computed / 2) 0","@timeline-one-rem":"1rem","@timeline-two-rem":"2rem","@timeline-three-rem":"3rem","@one-rem":"1rem","@one-and-half-rem":"1.5rem","@page-dot-size":".6875rem","@header-margins":".2rem","@notification-tile-bg":"#00aed3","@notificaiton-tile-white":"#fff","@loader-base":"#000","@loader-color-light":"lighten(@loader-base, 90%)","@loader-color-dark":"lighten(@loader-base, 65%)","@box-shadow-color":"#e5e5e5","@page-container-margin":"2rem","@table-header-border-color":"#adadad","@nav-pills-active-link-hover-border":"#227AB9","@margin-base":"1rem","@tree-title-box":"#428bca","@tree-title-border":"#e5e5e5","@tree-border-color":"#999","@tree-title-color":"#ffffff","@tree-text-color":"@brand-primary","@tree-complete-check":"#1fbba6","@tree-level-one":"#ffffff","@tree-level-two":"#f2f2f2","@tree-level-three":"#e1e1e1","@show-logo-outline":"True","@progress-background":"@progress-bg","@progress-bar-background":"@body-bg","@progress-bar-complete":"@brand-success","@progress-bar-ongoing":"@brand-info","@progress-bar-pending":"@brand-warning","@progress-bar-blank":"@body-bg","@progress-bar-text":"@gray-base","@gray-base":"#000","@gray-darker":"lighten(@gray-base, 13.5%)","@gray-dark":"lighten(@gray-base, 20%)","@gray":"lighten(@gray-base, 33.5%)","@gray-light":"lighten(@gray-base, 46.7%)","@gray-lighter":"lighten(@gray-base, 93.5%)","@brand-primary":"darken(#428bca, 6.5%)","@brand-success":"#1fbba6","@brand-info":"#00AED3","@brand-warning":"#ffc600","@brand-danger":"#f27c2a","@body-bg":"#fff","@text-color":"@gray-dark","@link-color":"@brand-primary","@link-hover-color":"darken(@link-color, 15%)","@link-hover-decoration":"underline","@font-family-sans-serif":"Open Sans, Tahoma, Geneva, sans-serif","@font-family-serif":"Georgia, Times New Roman, Times, serif","@font-family-monospace":"Menlo, Monaco, Consolas, Courier New, monospace","@font-family-base":"@font-family-sans-serif","@font-size-base":"1rem","@font-size-large":"(@font-size-base * 1.375)","@font-size-small":"(@font-size-base * 0.875)","@font-size-h1":"(@font-size-base * 1.375)","@font-size-h2":"(@font-size-base * 1.125)","@font-size-h3":"(@font-size-base * 1)","@font-size-h4":"(@font-size-base * 0.875)","@font-size-h5":"(@font-size-base * 0.75)","@font-size-h6":"(@font-size-base * 0.6875)","@line-height-base":"1rem","@line-height-computed":"(@font-size-base * @line-height-base)","@headings-font-family":"inherit","@headings-font-weight":"700","@headings-line-height":"1.1em","@headings-color":"inherit","@icon-font-path":"assets/fonts/","@icon-font-name":"glyphicons-halflings-regular","@icon-font-svg-id":"glyphicons_halflingsregular","@padding-base-vertical":".375rem","@padding-base-horizontal":".75rem","@padding-large-vertical":".625rem","@padding-large-horizontal":"1rem","@padding-small-vertical":".3125rem","@padding-small-horizontal":".625rem","@padding-xs-vertical":".0625rem","@padding-xs-horizontal":".3125rem","@line-height-large":"1.33rem","@line-height-small":".5rem","@border-radius-base":"4px","@border-radius-large":"6px","@border-radius-small":"3px","@component-active-color":"#fff","@component-active-bg":"@brand-primary","@caret-width-base":"4px","@caret-width-large":"5px","@table-cell-padding":".9375rem","@table-condensed-cell-padding":".5rem","@table-bg":"transparent","@table-bg-accent":"#fafbfb","@table-bg-hover":"#f4fbff","@table-bg-active":"@table-bg-hover","@table-border-color":"#dfe4e8","@btn-font-weight":"700","@btn-default-color":"#333","@btn-default-bg":"#fff","@btn-default-border":"#ccc","@btn-primary-color":"#fff","@btn-primary-bg":"#227AB9","@btn-primary-border":"transparent","@btn-success-color":"#fff","@btn-success-bg":"@brand-success","@btn-success-border":"darken(@btn-success-bg, 5%)","@btn-info-color":"#fff","@btn-info-bg":"@brand-info","@btn-info-border":"darken(@btn-info-bg, 5%)","@btn-warning-color":"#fff","@btn-warning-bg":"@brand-warning","@btn-warning-border":"darken(@btn-warning-bg, 5%)","@btn-danger-color":"#fff","@btn-danger-bg":"@brand-danger","@btn-danger-border":"darken(@btn-danger-bg, 5%)","@btn-link-disabled-color":"@gray-light","@btn-border-radius-base":"@border-radius-base","@btn-border-radius-large":"@border-radius-large","@btn-border-radius-small":"@border-radius-small","@input-bg":"#fff","@input-bg-disabled":"@gray-lighter","@input-color":"@gray","@input-border":"#ccc","@input-border-radius":"@border-radius-base","@input-border-radius-large":"@border-radius-large","@input-border-radius-small":"@border-radius-small","@input-border-focus":"#66afe9","@input-color-placeholder":"#999","@input-height-base":"2.1875rem","@input-height-large":"(ceil(@font-size-large * @line-height-large) + (@padding-large-vertical * 2) + 2)","@input-height-small":"(floor(@font-size-small * @line-height-small) + (@padding-small-vertical * 2) + 2)","@form-group-margin-bottom":"1rem","@legend-color":"@gray-dark","@legend-border-color":"#e5e5e5","@input-group-addon-bg":"@gray-lighter","@input-group-addon-border-color":"@input-border","@cursor-disabled":"not-allowed","@dropdown-bg":"#fff","@dropdown-border":"rgba(0,0,0,.15)","@dropdown-fallback-border":"#ccc","@dropdown-divider-bg":"#e5e5e5","@dropdown-link-color":"@gray-dark","@dropdown-link-hover-color":"darken(@gray-dark, 5%)","@dropdown-link-hover-bg":"#f5f5f5","@dropdown-link-active-color":"@component-active-color","@dropdown-link-active-bg":"@component-active-bg","@dropdown-link-disabled-color":"@gray-light","@dropdown-header-color":"@gray-light","@dropdown-caret-color":"#000","@zindex-navbar":"1000","@zindex-dropdown":"1060","@zindex-popover":"1060","@zindex-tooltip":"1070","@zindex-navbar-fixed":"1030","@zindex-modal-background":"1040","@zindex-modal":"1050","@screen-xs":"480px","@screen-xs-min":"@screen-xs","@screen-phone":"@screen-xs-min","@screen-sm":"768px","@screen-sm-min":"@screen-sm","@screen-tablet":"@screen-sm-min","@screen-md":"992px","@screen-md-min":"@screen-md","@screen-desktop":"@screen-md-min","@screen-lg":"1200px","@screen-lg-min":"@screen-lg","@screen-lg-desktop":"@screen-lg-min","@screen-xs-max":"(@screen-sm-min - 1)","@screen-sm-max":"(@screen-md-min - 1)","@screen-md-max":"(@screen-lg-min - 1)","@grid-columns":"12","@grid-gutter-width":"30px","@grid-float-breakpoint":"@screen-sm-min","@grid-float-breakpoint-max":"(@grid-float-breakpoint - 1)","@container-tablet":"(720px + @grid-gutter-width)","@container-sm":"@container-tablet","@container-desktop":"(940px + @grid-gutter-width)","@container-md":"@container-desktop","@container-large-desktop":"(1140px + @grid-gutter-width)","@container-lg":"@container-large-desktop","@navbar-height":"3.125rem","@navbar-margin-bottom":"@line-height-computed","@navbar-border-radius":"@border-radius-base","@navbar-padding-horizontal":"floor((@grid-gutter-width / 2))","@navbar-padding-vertical":"((@navbar-height - @line-height-computed) / 2)","@navbar-collapse-max-height":"340px","@navbar-default-color":"#777","@navbar-default-bg":"#f8f8f8","@navbar-default-border":"darken(@navbar-default-bg, 6.5%)","@navbar-default-link-color":"#777","@navbar-default-link-hover-color":"#333","@navbar-default-link-hover-bg":"transparent","@navbar-default-link-active-color":"#555","@navbar-default-link-active-bg":"darken(@navbar-default-bg, 6.5%)","@navbar-default-link-disabled-color":"#ccc","@navbar-default-link-disabled-bg":"transparent","@navbar-default-brand-color":"@navbar-default-link-color","@navbar-default-brand-hover-color":"darken(@navbar-default-brand-color, 10%)","@navbar-default-brand-hover-bg":"transparent","@navbar-default-toggle-hover-bg":"#ddd","@navbar-default-toggle-icon-bar-bg":"#888","@navbar-default-toggle-border-color":"#ddd","@navbar-inverse-color":"lighten(@gray-light, 15%)","@navbar-inverse-bg":"#222","@navbar-inverse-border":"darken(@navbar-inverse-bg, 10%)","@navbar-inverse-link-color":"lighten(@gray-light, 15%)","@navbar-inverse-link-hover-color":"#fff","@navbar-inverse-link-hover-bg":"transparent","@navbar-inverse-link-active-color":"@navbar-inverse-link-hover-color","@navbar-inverse-link-active-bg":"darken(@navbar-inverse-bg, 10%)","@navbar-inverse-link-disabled-color":"#444","@navbar-inverse-link-disabled-bg":"transparent","@navbar-inverse-brand-color":"@navbar-inverse-link-color","@navbar-inverse-brand-hover-color":"#fff","@navbar-inverse-brand-hover-bg":"transparent","@navbar-inverse-toggle-hover-bg":"#333","@navbar-inverse-toggle-icon-bar-bg":"#fff","@navbar-inverse-toggle-border-color":"#333","@nav-link-padding":"10px 15px","@nav-link-hover-bg":"@gray-lighter","@nav-disabled-link-color":"@gray-light","@nav-disabled-link-hover-color":"@gray-light","@nav-tabs-border-color":"#ddd","@nav-tabs-link-hover-border-color":"@gray-lighter","@nav-tabs-active-link-hover-bg":"@body-bg","@nav-tabs-active-link-hover-color":"@gray","@nav-tabs-active-link-hover-border-color":"#ddd","@nav-tabs-justified-link-border-color":"#ddd","@nav-tabs-justified-active-link-border-color":"@body-bg","@nav-pills-border-radius":"0px","@nav-pills-active-link-hover-bg":"#fff","@nav-pills-active-link-hover-color":"#333","@pagination-color":"@link-color","@pagination-bg":"#fff","@pagination-border":"#ddd","@pagination-hover-color":"@link-hover-color","@pagination-hover-bg":"@gray-lighter","@pagination-hover-border":"#ddd","@pagination-active-color":"#fff","@pagination-active-bg":"@brand-primary","@pagination-active-border":"@brand-primary","@pagination-disabled-color":"@gray-light","@pagination-disabled-bg":"#fff","@pagination-disabled-border":"#ddd","@pager-bg":"@pagination-bg","@pager-border":"@pagination-border","@pager-border-radius":"15px","@pager-hover-bg":"@pagination-hover-bg","@pager-active-bg":"@pagination-active-bg","@pager-active-color":"@pagination-active-color","@pager-disabled-color":"@pagination-disabled-color","@jumbotron-padding":"30px","@jumbotron-color":"inherit","@jumbotron-bg":"@gray-lighter","@jumbotron-heading-color":"inherit","@jumbotron-font-size":"ceil((@font-size-base * 1.5))","@jumbotron-heading-font-size":"ceil((@font-size-base * 4.5))","@state-success-text":"#3c763d","@state-success-bg":"@brand-success","@state-success-border":"@state-success-bg","@state-info-text":"#31708f","@state-info-bg":"@brand-info","@state-info-border":"@state-info-bg","@state-warning-text":"#8a6d3b","@state-warning-bg":"@brand-warning","@state-warning-border":"@state-warning-bg","@state-danger-text":"#a94442","@state-danger-bg":"@brand-danger","@state-danger-border":"@state-danger-bg","@tooltip-max-width":"200px","@tooltip-color":"#fff","@tooltip-bg":"#000","@tooltip-opacity":".9","@tooltip-arrow-width":"5px","@tooltip-arrow-color":"@tooltip-bg","@popover-bg":"#fff","@popover-max-width":"276px","@popover-border-color":"rgba(0,0,0,.2)","@popover-fallback-border-color":"#ccc","@popover-title-bg":"darken(@popover-bg, 3%)","@popover-arrow-width":"10px","@popover-arrow-color":"@popover-bg","@popover-arrow-outer-width":"(@popover-arrow-width + 1)","@popover-arrow-outer-color":"fadein(@popover-border-color, 5%)","@popover-arrow-outer-fallback-color":"darken(@popover-fallback-border-color, 20%)","@label-default-bg":"@gray-light","@label-primary-bg":"@brand-primary","@label-success-bg":"@brand-success","@label-info-bg":"@brand-info","@label-warning-bg":"@brand-warning","@label-danger-bg":"@brand-danger","@label-color":"#fff","@label-link-hover-color":"#fff","@modal-inner-padding":".9375rem","@modal-title-padding":".9375rem","@modal-title-line-height":"@line-height-base","@modal-content-bg":"#fff","@modal-content-border-color":"rgba(0,0,0,.2)","@modal-content-fallback-border-color":"#999","@modal-backdrop-bg":"#000","@modal-backdrop-opacity":".5","@modal-header-border-color":"#e5e5e5","@modal-footer-border-color":"@modal-header-border-color","@modal-lg":"900px","@modal-md":"600px","@modal-sm":"300px","@alert-padding":".9375rem","@alert-border-radius":"@border-radius-base","@alert-link-font-weight":"bold","@alert-success-bg":"@state-success-bg","@alert-success-text":"#ffffff","@alert-success-border":"@state-success-border","@alert-info-bg":"@state-info-bg","@alert-info-text":"#ffffff","@alert-info-border":"@state-info-border","@alert-warning-bg":"@state-warning-bg","@alert-warning-text":"#ffffff","@alert-warning-border":"@state-warning-border","@alert-danger-bg":"@state-danger-bg","@alert-danger-text":"#ffffff","@alert-danger-border":"@state-danger-border","@progress-bg":"#f5f5f5","@progress-bar-color":"#fff","@progress-border-radius":"@border-radius-base","@progress-bar-bg":"@brand-primary","@progress-bar-success-bg":"@brand-success","@progress-bar-warning-bg":"@brand-warning","@progress-bar-danger-bg":"@brand-danger","@progress-bar-info-bg":"@brand-info","@list-group-bg":"#fff","@list-group-border":"#ddd","@list-group-border-radius":"@border-radius-base","@list-group-hover-bg":"#f5f5f5","@list-group-active-color":"@component-active-color","@list-group-active-bg":"@component-active-bg","@list-group-active-border":"@list-group-active-bg","@list-group-active-text-color":"lighten(@list-group-active-bg, 40%)","@list-group-disabled-color":"@gray-light","@list-group-disabled-bg":"@gray-lighter","@list-group-disabled-text-color":"@list-group-disabled-color","@list-group-link-color":"#555","@list-group-link-hover-color":"@list-group-link-color","@list-group-link-heading-color":"#333","@panel-bg":"#fff","@panel-body-padding":".625rem .9375rem","@panel-heading-padding":".625rem .9375rem","@panel-footer-padding":"@panel-heading-padding","@panel-border-radius":"@border-radius-base","@panel-inner-border":"#ddd","@panel-footer-bg":"#f5f5f5","@panel-default-text":"@gray-dark","@panel-default-border":"#ddd","@panel-default-heading-bg":"#FFF","@panel-primary-text":"#FFF","@panel-primary-border":"@brand-primary","@panel-primary-heading-bg":"@brand-primary","@panel-success-text":"#FFF","@panel-success-border":"@state-success-border","@panel-success-heading-bg":"@state-success-bg","@panel-info-text":"#FFF","@panel-info-border":"@state-info-border","@panel-info-heading-bg":"@state-info-bg","@panel-warning-text":"#FFF","@panel-warning-border":"@state-warning-border","@panel-warning-heading-bg":"@state-warning-bg","@panel-danger-text":"#FFF","@panel-danger-border":"@state-danger-border","@panel-danger-heading-bg":"@state-danger-bg","@thumbnail-padding":".25rem","@thumbnail-bg":"@body-bg","@thumbnail-border":"#ddd","@thumbnail-border-radius":"@border-radius-base","@thumbnail-caption-color":"@text-color","@thumbnail-caption-padding":".5625rem","@well-bg":"#f5f5f5","@well-border":"darken(@well-bg, 7%)","@badge-color":"#fff","@badge-link-hover-color":"#fff","@badge-bg":"@gray-light","@badge-active-color":"@link-color","@badge-active-bg":"#fff","@badge-font-weight":"bold","@badge-line-height":"1","@badge-border-radius":"10px","@breadcrumb-padding-vertical":"1.25rem","@breadcrumb-padding-horizontal":"0","@breadcrumb-bg":"#fff","@breadcrumb-color":"#ccc","@breadcrumb-active-color":"@gray-light","@breadcrumb-separator":"/","@carousel-text-shadow":"0 1px 2px rgba(0,0,0,.6)","@carousel-control-color":"#fff","@carousel-control-width":"15%","@carousel-control-opacity":".5","@carousel-control-font-size":"20px","@carousel-indicator-active-bg":"#fff","@carousel-indicator-border-color":"#fff","@carousel-caption-color":"#fff","@close-font-weight":"bold","@close-color":"#000","@close-text-shadow":"0 1px 0 #fff","@code-color":"#c7254e","@code-bg":"#f9f2f4","@kbd-color":"#fff","@kbd-bg":"#333","@pre-bg":"#f5f5f5","@pre-color":"@gray-dark","@pre-border-color":"#ccc","@pre-scrollable-max-height":"340px","@component-offset-horizontal":"180px","@text-muted":"@gray-light","@abbr-border-color":"@gray-light","@headings-small-color":"@gray-light","@blockquote-small-color":"@gray-light","@blockquote-font-size":"(@font-size-base * 1.25)","@blockquote-border-color":"@gray-lighter","@page-header-border-color":"@gray-lighter","@dl-horizontal-offset":"@component-offset-horizontal","@dl-horizontal-breakpoint":"@grid-float-breakpoint","@hr-border":"@gray-lighter","@padding-medium-vertical":".5rem","@modal-top-offset":"80px","@focus-border-color":"#999"}},"debugEnabled":false,"modulesPath":"/Core/dist/app/modules","mustSetSecurityQuestions":false,"appUris":{"baseUri":"https://cl08sales.sumtotaldevelopment.net","root":"/Core/","tenantRoot":"https://cl08sales.sumtotaldevelopment.net/Core/","tenantSpecificWebPathsForRelyingParties":{"LM":"https://cl08sales.sumtotaldevelopment.net/learning/DataStore/CL08_SALES_TEST/Learning/","TM":"https://cl08sales.sumtotaldevelopment.net/DataStore/CL08_SALES_TEST/TM/","Analytics":"https://supp-bi-master.sumtotaldemo.net/ibmcognos/cgi-bin/DataStore/CL08_SALES_TEST/Analytics/","ELIXHRUI":"https://cl08sales.sumtotaldevelopment.net/core/DataStore/CL08_SALES_TEST/Core/","AdvancedReport":"https://cl08sales.sumtotaldevelopment.net/DataStore/CL08_SALES_TEST/AdvancedReport/","JobBoard":"https://cl08sales.sumtotaldevelopment.net/Careers/DataStore/CL08_SALES_TEST/JobBoard/","JobBoardPWA":"https://cl08sales.sumtotaldevelopment.net/PWA/DataStore/CL08_SALES_TEST/JobBoardPWA/","ContentEngine":"https://cl08sales.sumtotaldevelopment.net/contentengine/DataStore/CL08_SALES_TEST/ContentEngine/","GAM":"http://cl-ugm08a:3000/api/DataStore/CL08_SALES_TEST/GAM/","BrowserExtension":"https://cl08sales.sumtotaldevelopment.net/browserextension/DataStore/CL08_SALES_TEST/BrowserExtension/"}},"moduleTranslationInfo":{"TRANSLATIONS_PORTAL":"8C297DAC9A38D707C73E6F0EBB79FCA7","TRANSLATIONS_PORTAL_HOME":"2836C33417A46F1AAFA2F0263FEC144A","TRANSLATIONS_PORTAL_MYTASKS":"1D8F4AFD0290103C3DC85AAEDA814D05","TRANSLATIONS_WEBPARTS":"FC2F83E083D98F39E303299E45DD3834","TRANSLATIONS_WIDGETS_ADMIN":"6D3682B63699849B1E18FF0BE15F2D81","TRANSLATIONS_ELIXHR":"3A892542C3B43A744748875B1FB2471C","TRANSLATIONS_SLIDEOUTS":"B94DB24A5D1DC9637239DC42DCE35F16","TRANSLATIONS_ELIXHR_PROFILE":"7B6ADF3BA7D4590F19BF8E004A1AE302","TRANSLATIONS_CORE":"1EE1021021FA497E4301F2F3AA6B3AC5","TRANSLATIONS_ELIXHR_RESUME":"279DA0BC96D638AA953FCB908E189004","TRANSLATIONS_ELIXHR_MYTEAM":"520BE4BC3A1BE396790780E8B2013E64","TRANSLATIONS_ELIXHR_SOCIAL":"88572AC0E232D8920CBF269FE62F8B0D","TRANSLATIONS_SSO":"1DC2A4BC8CE10A7A6BA9FD0756D7AEE2","TRANSLATIONS_SSO_ATTESTATION":"02DDC423156B2A460E702176B36FB3BD","TRANSLATIONS_ENTERPRISESEARCH":"0ACF9D2FF4D9A76EC0AD7052DD2ABC28","TRANSLATIONS_ORGANIZATION":"B91B1226B932CB19D5E359F0C6591EA8","TRANSLATIONS_PASSWORD":"AB356BBA51A5A788FEC6B2FBD3684838","RECOMMENDATIONS":"621230A5561CF1F31C0FD7626570B2DB","TRANSLATIONS_RECOMMENDEDLEARNING":"6AA3C39EDEF35917253C3AEE345773E2","TRANSLATIONS_SECURITY":"95F430BD9B5A9FBC3BAB3A493AE588D2","TRANSLATIONS_DASHBOARD":"EDF675E084FCF3F6B712A356E4CB7FDE","TRANSLATIONS_CHANGEPASSWORD":"1DC60A9B5A16CC4D0D03DDA88A5BB7C0","TRANSLATIONS_TIMELINE":"C46704B4626FF7DD10752A4D10F9F51F","TRANSLATIONS_ADMINISTRATION_CODEMANAGEMENT":"02A3015A7F8A35E68A701F7237039211","TRANSLATIONS_ADMINISTRATION":"764BA3290319164C19AE47766374F4A8","TRANSLATIONS_ADMINISTRATION_CATCODEMANAGEMENT":"C18A3DA2AB6666FA9B9C434138AFB9A7","TRANSLATIONS_REQUISITION":"E3F9145430DD80FC7905A9707ED92778","TRANSLATIONS_MINI_PROFILE":"0D1A61A9227B3C3139CFA74C6466870C","TRANSLATIONS_USERSECURITYQUESTION":"DDBA59416C16C72CF2841E5C9D47370E","TRANSLATIONS_ADMINISTRATION_ADMINDEVPLAN":"14CAAEE303EDEDF17BAE12626F641164","TRANSLATIONS_DEVPLAN":"7E50C2923281882B098D40A750A0DD92","TRANSLATIONS_DEVPLAN_COMMON":"F8F27CD7C730E2389D78321D95133882","TRANSLATIONS_PERMISSIONLEVEL":"8F0268707E54BFA398F6A0EC93F750A2","TRANSLATIONS_THEMING":"8C4A9BBEE17D9EE343D66E70FFBAF7CD","Social_Kudos":"37EDE38901BEDF3527BF34B0CE33A2D0","TRANSLATIONS_ADMINDASHBOARD":"0F202DC4C400938B181D26CEBC0CD75A","ENTERPRISE_SEARCH":"C2736FC235A3A6CBA8C09EB3A0567B6A","TRANSLATIONS_WIDGETS_EDITOR_ADMIN":"C778CE61CCEB04297B66F29A5ED17C9C","WebPartDefinition_Common":"D126CAB236030AA04273D6CB0BB63561","TRANSLATIONS_SEARCHCONFIGURATION":"DCCFAFD9FD2E1D6E5EB2459BEFE08DC3","TRANSLATIONS_LOGONEVENTS":"B2B2E091A905517B49FA320261001711","TRANSLATIONS_SITEMAPCONFIGURATION":"C26BF2CCD2070C6182CD8F6BE9D65A25","TRANSLATIONS_FILEMANAGEMENT":"7B8558218B708372F9D5C8D97A18E503","TRANSLATIONS_CONTINUOUSFEEDBACK_CONFIGURATION":"D4CB346B6EE37149F7D975C8684C727C","TRANSLATIONS_INITIATIVES":"6AF4273AB2DE203030B5BEA16C8507D6","TRANSLATIONS_INITIATIVES_EDITINITIATIVE":"8D4BDFA04F8C37BD8F8CE4D6E93EF1EB","TRANSLATIONS_PERSON_RESUME":"B3D6573CD16056DE2DAB20E5756C45EF","TRANSLATIONS_ADMINISTRATION_CONFIG_DEVELOPMENTPLAN":"8E48F3BB43A56F63897AF729D0DCBF7A","TRANSLATIONS_REPORTING_WIDGET":"8EB62642D93CFD85420463A0667DCCE9","SETTINGS_ELIXHR":"266325C285678BF5894DE708BBCAE214","TRANSLATIONS_ADMINISTRATION_CONFIG_USERACCOUNT":"DCCD171769F7892F6D81C3D225BB088A","TRANSLATIONS_CAREERPLAN":"FC6EDB21EF6FD5208BF76107DD1E0356","TRANSLATIONS_ADMINISTRATION_CONFIG_CAREERPLANSETTINGS":"197B533746C6F74A0DCCE6C541A0B443","TRANSLATIONS_ADMINISTRATION_MANAGEPERIOD":"A687646E373D7EE2C410CB23A3488BC6","TRANSLATIONS_ADVANCEDSEARCHCONFIGURATION":"5B0823175B2502A42DDE735EA03609F2","TRANSLATIONS_ADMINISTRATION_CONFIG_EDITTRANSLATIONS":"C76BBDB05338ED55A83E3E1055000698","TRANSLATIONS_COMPETENCYPROFILE":"0191E1677CFBB203D4AC4A179E2EA8C2","TRANSLATIONS_ADMINISTRATION_TASK_NOTIFICATIONTEMPLATES":"AFF68DC8D4577B997541E59B20DB778A","TRANSLATIONS_ADMINISTRATION_SKILLCATEGORIES":"9786B66B1B56603B18DEAE5EE5F272B8","TRANSLATIONS_ADMINISTRATION_CONFIG_SKILLCATEGORIES":"4E8FAD2AC6B8A6E0D2620E7CE006C10A","TRANSLATIONS_ADMINISTRATION_CONFIG_EMPLOYEECOMPETENCYSETTINGS":"6BC7D8A02795DB32D62F419058B3A751","TRANSLATIONS_HOURLY_SURVEY":"638BAC9F5BE9750B0B74E96328E316D2","TRANSLATIONS_CONTINUOUSFEEDBACK":"F0381C7064D56B14E82A2A41578C973D","TRANSLATIONS_CAREER_CORE":"60DF57C4576C6ED682AC4CC8B96E5C80","TRANSLATIONS_REQUISITION_WORKSPACE":"97DD34BE9044CE32A645D72F5F88D36B","TRANSLATIONS_ONBOARDING":"3DBF21CE1CC689D7B92FC6778982F2A6","TRANSLATIONS_SOCIALCONFIGURATION":"1EB43C2CF6454D6CF0C4462CE0453D27","TRANSLATIONS_RECRUITING_APPROVAL":"003C24AABEE7DBF118F9F88B29AB6CEB","TRANSLATIONS_RECRUITING_CANDIDATEEXPLORER":"45CB318CE644DF237E05F49FD63165A9","TRANSLATIONS_ATTESTATION":"607652C9D1FD310F58D27750052B854B","TRANSLATIONS_COACHING":"747745A7131F63FAE0DDF1F8ECD39703","TRANSLATIONS_NBOX":"CB24EA8AA3E9FEC85E541BDF73ADBC7E","TRANSLATIONS_SOCIALCOMMUNITIES":"264631C4BC92DF0F3F5BED534B274658","TRANSLATIONS_LEARN_REGISTRATION":"8AC35DE641C9DE07DA4B4E11D2DD5E0E","TRANSLATIONS_REQUISITION_WORKSPACE_ADDCANDIDATE":"293EACBB5785CF8074FD513F278F7B00"},"enabledLanguages":[{"Id":0,"ItemCode":"1","ItemText":"English (United States)","IsUserLang":"1"},{"Id":0,"ItemCode":"2","ItemText":"English (United Kingdom)","IsUserLang":"0"},{"Id":0,"ItemCode":"3","ItemText":"French","IsUserLang":"0"},{"Id":0,"ItemCode":"6","ItemText":"German","IsUserLang":"0"},{"Id":0,"ItemCode":"7","ItemText":"Japanese","IsUserLang":"0"},{"Id":0,"ItemCode":"8","ItemText":"Danish","IsUserLang":"0"},{"Id":0,"ItemCode":"9","ItemText":"Italian","IsUserLang":"0"},{"Id":0,"ItemCode":"10","ItemText":"Swedish","IsUserLang":"0"},{"Id":0,"ItemCode":"11","ItemText":"Spanish","IsUserLang":"0"},{"Id":0,"ItemCode":"12","ItemText":"Spanish (Mexico)","IsUserLang":"0"},{"Id":0,"ItemCode":"13","ItemText":"Dutch","IsUserLang":"0"},{"Id":0,"ItemCode":"14","ItemText":"Portuguese","IsUserLang":"0"},{"Id":0,"ItemCode":"15","ItemText":"Portuguese (Brazilian)","IsUserLang":"0"},{"Id":0,"ItemCode":"16","ItemText":"Russian","IsUserLang":"0"},{"Id":0,"ItemCode":"17","ItemText":"Hungarian","IsUserLang":"0"},{"Id":0,"ItemCode":"18","ItemText":"Greek","IsUserLang":"0"},{"Id":0,"ItemCode":"19","ItemText":"Chinese (Simplified)","IsUserLang":"0"},{"Id":0,"ItemCode":"20","ItemText":"Chinese (Traditional)","IsUserLang":"0"},{"Id":0,"ItemCode":"21","ItemText":"Finnish","IsUserLang":"0"},{"Id":0,"ItemCode":"22","ItemText":"Norwegian","IsUserLang":"0"},{"Id":0,"ItemCode":"23","ItemText":"Polish","IsUserLang":"0"},{"Id":0,"ItemCode":"25","ItemText":"Arabic (Classical)","IsUserLang":"0"},{"Id":0,"ItemCode":"26","ItemText":"French (Canadian)","IsUserLang":"0"},{"Id":0,"ItemCode":"27","ItemText":"Korean","IsUserLang":"0"},{"Id":0,"ItemCode":"28","ItemText":"Thai","IsUserLang":"0"},{"Id":0,"ItemCode":"29","ItemText":"Turkish","IsUserLang":"0"},{"Id":0,"ItemCode":"30","ItemText":"Czech","IsUserLang":"0"},{"Id":0,"ItemCode":"31","ItemText":"Bulgarian","IsUserLang":"0"},{"Id":0,"ItemCode":"32","ItemText":"Ukrainian","IsUserLang":"0"},{"Id":0,"ItemCode":"33","ItemText":"Indonesian","IsUserLang":"0"},{"Id":0,"ItemCode":"35","ItemText":"Hindi","IsUserLang":"0"},{"Id":0,"ItemCode":"37","ItemText":"Slovenian","IsUserLang":"0"},{"Id":0,"ItemCode":"38","ItemText":"Vietnamese","IsUserLang":"0"},{"Id":0,"ItemCode":"39","ItemText":"Romanian","IsUserLang":"0"},{"Id":0,"ItemCode":"40","ItemText":"Albanian","IsUserLang":"0"},{"Id":0,"ItemCode":"41","ItemText":"Bengali(Bangladesh) ","IsUserLang":"0"},{"Id":0,"ItemCode":"42","ItemText":"Bosnian ","IsUserLang":"0"},{"Id":0,"ItemCode":"43","ItemText":"Croatian (Croatia)","IsUserLang":"0"},{"Id":0,"ItemCode":"44","ItemText":"Estonian (Estonia)","IsUserLang":"0"},{"Id":0,"ItemCode":"45","ItemText":"Latvian (Latvia)","IsUserLang":"0"},{"Id":0,"ItemCode":"46","ItemText":"Lithuanian (Lithuania)","IsUserLang":"0"},{"Id":0,"ItemCode":"47","ItemText":"Macedonian","IsUserLang":"0"},{"Id":0,"ItemCode":"48","ItemText":"Persian","IsUserLang":"0"},{"Id":0,"ItemCode":"49","ItemText":"Serbian(Cyrillic)","IsUserLang":"0"},{"Id":0,"ItemCode":"50","ItemText":"Slovakian (Slovakia)","IsUserLang":"0"}],"headerLogoUrl":"https://cl08sales.sumtotaldevelopment.net/Core/headerlogo.sumttheme?img&themekey=DEFAULT&v=-1815458024"};

      // place the debug enabled flag on the root
        root['debugEnabled'] = root.tempStaticData.debugEnabled;

       //Setup CKEditor
        root['CKEDITOR_BASEPATH'] = '/Core/bower_components/ckeditor/';

      root['versionNumber'] = 'ElixHR_18.3.0.0_2018.9.10.1';
    }));


    var $

    //guarantee there is a clobal console object with log and error functions (for IE when dev tools are closed)
    if (!window.console)
      window.console = {
        log: function () {
        }, error: function () {
        }, warn: function () {
        }, info: function () {
        }
      };

  </script>
  <!-- core:js -->
  <script src="/Core/dist/bower_components/jquery/dist/jquery.min.js?hash=ElixHR_18.3.0.0_2018.9.10.1" type="text/javascript" true=""></script>
  <script src="/Core/bower_components/foundation-controls/dist/scripts/vendor.js?hash=ElixHR_18.3.0.0_2018.9.10.1" type="text/javascript" true=""></script><style>.ngf-hide{display:none !important}</style><style></style>
  <script src="/Core/bower_components/foundation-controls/dist/scripts/foundation.min.js?hash=ElixHR_18.3.0.0_2018.9.10.1" type="text/javascript" true=""></script>
  <!-- endinject -->
  <!-- other:js -->
  <script src="/Core/dist/bundles/javascript/other.js?hash=ElixHR_18.3.0.0_2018.9.10.1" type="text/javascript" true=""></script><style>.cke{visibility:hidden;}</style>
  <!-- endinject -->
  <script src="/Core/dist/bower_components/angular-i18n/angular-locale_en-US.js?hash=ElixHR_18.3.0.0_2018.9.10.1" defer=""></script>
  
  
  <title></title>
</head>
<body pillar-facilitator="" dir="ltr" ng-class="{'editMode': dashboardFactory.isEditMode}">
  <div id="layoutContainer">
    <div ng-init="getTimelineAlertDetails();getShoppingCartAlertDetails();">
    <!-- ngIf: Globalvisib.isHeaderVisible --><header class="main clearfix container-fluid" ng-if="Globalvisib.isHeaderVisible">
        <div class="row" role="navigation">
            <!--Give screen readers the option of skipping the main menu -->
            <a role="menuitem" href="javascript:void(0);" class="sr-only skipLink" ng-click="setPageFocus()" ng-enter="setPageFocus()" ng-keydown="setSelectedRootNode('', $event, 1)" ng-mousedown="setSelectedRootNode('', $event, 1)" translate="DASHOBARD_SKIP_HEADER_NAV_TEXT">Skip Menu</a>
            <ul role="menubar" class="list-inline">
                <li role="presentation" class="clearfix absolute-wrapper">
                    <ul role="menu" class="list-inline">
                        <!-- ngRepeat: rootNode in ::sitemapService.rootNodes --><li role="presentation" ng-repeat="rootNode in ::sitemapService.rootNodes">
                            <!-- ngIf: ::rootNode.IsEmulationEnabled == false --><a ng-if="::rootNode.IsEmulationEnabled == false" role="menuitem" href="javascript:void(0);" class="headerMenu" id="self_header" aria-label="Self" bs-tooltip="" data-container="body" data-title="Self" data-placement="bottom" ng-class="{ 'selectedIcon' : sitemapService.selectedRootNode == rootNode }" ng-keydown="setSelectedRootNode(rootNode, $event, 0)" ng-mousedown="setSelectedRootNode(rootNode, $event, 0)">
                                <i aria-hidden="true" class="fa fa-user" ng-class="::rootNode.iconPath"></i>
                            </a><!-- end ngIf: ::rootNode.IsEmulationEnabled == false -->
                            <!-- ngIf: ::rootNode.IsEmulationEnabled -->
                        </li><!-- end ngRepeat: rootNode in ::sitemapService.rootNodes --><li role="presentation" ng-repeat="rootNode in ::sitemapService.rootNodes">
                            <!-- ngIf: ::rootNode.IsEmulationEnabled == false --><a ng-if="::rootNode.IsEmulationEnabled == false" role="menuitem" href="javascript:void(0);" class="headerMenu" id="Learner_MenuTaxonomy" aria-label="Library" bs-tooltip="" data-container="body" data-title="Library" data-placement="bottom" ng-class="{ 'selectedIcon' : sitemapService.selectedRootNode == rootNode }" ng-keydown="setSelectedRootNode(rootNode, $event, 0)" ng-mousedown="setSelectedRootNode(rootNode, $event, 0)">
                                <i aria-hidden="true" class="fa fa-library-custom" ng-class="::rootNode.iconPath"></i>
                            </a><!-- end ngIf: ::rootNode.IsEmulationEnabled == false -->
                            <!-- ngIf: ::rootNode.IsEmulationEnabled -->
                        </li><!-- end ngRepeat: rootNode in ::sitemapService.rootNodes -->
                    </ul>
                </li>
                <li role="presentation" class="clearfix center-container">
                    <!-- ngIf: ::sitemapService.staticRootNodes.home.display --><a ng-if="::sitemapService.staticRootNodes.home.display" role="menuitem" href="javascript:void(0);" class="headerMenu headerNoHover" id="home_header" aria-label="Home" bs-tooltip="" data-container="body" data-title="Home" data-placement="bottom" ng-keydown="setSelectedRootNode(sitemapService.staticRootNodes.home.node, $event, 0)" ng-mousedown="setSelectedRootNode(sitemapService.staticRootNodes.home.node, $event, 0)">
                        <img class="center-block logo" ng-src="https://cl08sales.sumtotaldevelopment.net/Core/headerlogo.sumttheme?img&amp;themekey=DEFAULT&amp;v=-1815458024" alt="Home" src="https://cl08sales.sumtotaldevelopment.net/Core/headerlogo.sumttheme?img&amp;themekey=DEFAULT&amp;v=-1815458024">
                    </a><!-- end ngIf: ::sitemapService.staticRootNodes.home.display -->
                    <!-- ngIf: ::!sitemapService.staticRootNodes.home.display -->
                </li>
                <li role="presentation" class="clearfix absolute-wrapper right-container">
                    <ul role="menu" class="right-side list-inline">
                        <!-- ngIf: sitemapService.staticRootNodes.cart.display && shoppingCartFactory.CartItemsCount>0 -->
                        <!-- ngIf: ::sitemapService.staticRootNodes.search.display --><li role="presentation" ng-if="::sitemapService.staticRootNodes.search.display">
                            <a role="menuitem" href="javascript:void(0);" class="headerMenu" id="search_header" aria-label="Search" bs-tooltip="" data-container="body" data-title="Search" data-placement="bottom" ng-class="{ ' selectedIcon ' : sitemapService.selectedRootNode == sitemapService.staticRootNodes.search.node}" ng-keydown="setSelectedRootNode(sitemapService.staticRootNodes.search.node, $event, 0);" ng-mousedown="setSelectedRootNode(sitemapService.staticRootNodes.search.node, $event, 0);">
                                <i aria-hidden="true" class="fa fa-search"></i>
                            </a>
                        </li><!-- end ngIf: ::sitemapService.staticRootNodes.search.display -->

                        <!-- ngIf: ::sitemapService.staticRootNodes.alert.display --><li role="presentation" ng-if="::sitemapService.staticRootNodes.alert.display">
                            <a role="menuitem" href="javascript:void(0);" class="headerMenu" id="alert_header" aria-label="Timeline" bs-tooltip="" data-container="body" data-title="Timeline" data-placement="bottom" ng-class="{ 'selectedIcon' : sitemapService.selectedRootNode == sitemapService.staticRootNodes.alert.node}" ng-keydown="setSelectedRootNode(sitemapService.staticRootNodes.alert.node, $event, 0);" ng-mousedown="setSelectedRootNode(sitemapService.staticRootNodes.alert.node, $event, 0);">
                                <!-- ngIf: timelineService.notificationAlertCount>0 -->
                                <i aria-hidden="true" class="fa fa-list-ul"></i>
                            </a>
                        </li><!-- end ngIf: ::sitemapService.staticRootNodes.alert.display -->
                        <!-- ngIf: ::sitemapService.staticRootNodes.help.display --><li role="presentation" ng-if="::sitemapService.staticRootNodes.help.display">
                            <a role="menuitem" href="javascript:void(0);" class="headerMenu" id="help_header" aria-label="Help" bs-tooltip="" data-container="body" data-title="Help" data-placement="bottom" ng-class="{ 'selectedIcon' : sitemapService.selectedRootNode == sitemapService.staticRootNodes.help }" ng-keydown="setSelectedRootNode(sitemapService.staticRootNodes.help.node, $event, 0);" ng-mousedown="setSelectedRootNode(sitemapService.staticRootNodes.help.node, $event, 0);">
                                <i aria-hidden="true" class="fa fa-question-circle"></i>
                            </a>
                        </li><!-- end ngIf: ::sitemapService.staticRootNodes.help.display -->
                    </ul>
                </li>
            </ul>
        </div>
    </header><!-- end ngIf: Globalvisib.isHeaderVisible -->
    <div slideout="" key="PROFILE_SLIDEOUT" id="idProfileSlideout" label-id="profileDetailsTitle" slideout-aria-label="Profile Details" show-left-side="false">
        
    </div>

    <mini-profile-slideout><div slideout="" key="MINI_PROFILE_SLIDEOUT" show-left-side="true" has-iframe="true" id="idMiniProfileSlideout" slideout-aria-label="Mini Profile" focus-element=".fa-arrow-right" force-focus="true">

    

    
    
</div>


</mini-profile-slideout>
    <competency-model-slideout><div slideout="" show-left-side="false" id="competencyModel_slideout" key="COMPETENCYMODEL_SLIDEOUT">
  
</div>

<!-- ngIf: fromTM --></competency-model-slideout>
    <competency-detail-slideout><div slideout="" key="COMPETENCYPROFILE_DETAIL_SLIDEOUT" show-left-side="false" id="competencydetails_slideout" show-collapse="false" slideout-aria-label="Competency">
  
</div>
</competency-detail-slideout>
    <!-- ngIf: isTMenabledFlag --><div ng-if="isTMenabledFlag">
        <continuous-feedback-slideout>
<!-- ngInclude: 'app/modules/core/views/continuousfeedback/UpdateFeedback.html' --><div ng-include="'app/modules/core/views/continuousfeedback/UpdateFeedback.html'"><div ng-controller="UpdateFeedbackController" class="layout-container Feedbackforms" id="UpdateFeedback">
  <div class="container">
    <div id="idUpdateFeedbackSlideout" slideout="" key="UPDATE_FEEDBACK" class="slideout-feed ContinuousFeedback" show-left-side="true" showleft="false">
      
      
    </div>
  </div>
</div>
</div>

<!-- ngInclude: 'app/modules/core/views/continuousfeedback/OneOnOneReplyJournal.html' --><div ng-include="'app/modules/core/views/continuousfeedback/OneOnOneReplyJournal.html'"><div ng-controller="OneOnOneReplyJournalController" class="Feedbackforms ContinuousFeedback" id="OneOnOneReplyJournal">
  <div id="idOneOnOneReplyJournalSlideout" slideout="" key="REPLY_JOURNAL" class="slideout-feed ContinuousFeedback" show-left-side="false" showleft="false">
    
  </div>
</div></div>

<!-- ngInclude: 'app/modules/core/views/continuousfeedback/OneOnOneJournal.html' --><div ng-include="'app/modules/core/views/continuousfeedback/OneOnOneJournal.html'">
<div ng-controller="OneOnOneJournalController as oneononejournalVm" class="Feedbackforms ContinuousFeedback" id="OneOnOneJournal">
  <div id="idOneOnOneJournal" slideout="" key="ONEONONE_JOURNAL" class="slideout-feed" show-left-side="false" showleft="false">
    
  </div>
</div></div>


<div slideout="" key="DISPOSITION_SLIDEOUT">
  
</div>

<div slideout="" class="viewCompleteRequisitionAssessment" key="VIEW_COMPLETE_REQUISITOIN_ASSESSMENT" show-left-side="false" maintain-focus="true" labelid="view_complete_requisition_assessment">
  
</div>
</continuous-feedback-slideout>
        <hrms-slideout><div slideout="" key="HRMS_SLIDEOUT" show-left-side="false" container-selector="body">
	
</div>
</hrms-slideout>
    </div><!-- end ngIf: isTMenabledFlag -->
    <!-- TIMELINE -->
    <div slideout="" key="TIMELINE_SLIDEOUT" show-left-side="false" label-id="idTimeLineSlideout">
        
    </div>
    <div create-social-group=""><div slideout="" show-left-side="false" key="SOCIALCREATEGROUP" id="idCreateGroupSlideout" slideout-aria-label="Create Group">
  
</div> </div>
    <div post-social-group-message=""><div slideout="" show-left-side="false" key="SOCIALPOSTMESSAGE" id="socialPostMsgId" slideout-aria-label="Post Message">
  
</div>
</div>
    <div social-group-members=""><div slideout="" show-left-side="false" key="SOCIALGROUPMEMBERS" id="socialGroupMemberId" slideout-aria-label="Group Members">
  
</div> </div>
    <!-- HELP -->
    <div help-slideout-directive=""></div>
    <!-- SEARCH -->

    <div slideout="" key="JOB_RESUME_SLIDEOUT" class="" show-left-side="false" id="jobResumeSlideout" slideout-aria-label="Resume">
        
    </div>
    <!-- ngIf: isTMenabledFlag --><div ng-if="isTMenabledFlag" slideout="" key="JOB_VIEW_SLIDEOUT" class="reqSlideoutNoPadding" show-left-side="false" id="jobviewSlideoutId" slideout-aria-label="Position Details">
        
    </div><!-- end ngIf: isTMenabledFlag -->
    <!-- ngIf: isLMenabledFlag --><div ng-if="isLMenabledFlag" slideout="" key="FTE_REGISTER_SLIDEOUT" class="" show-left-side="false" id="fteRegisterSlideoutId" slideout-aria-label="Activity Registration">
        
    </div><!-- end ngIf: isLMenabledFlag -->

    <!-- ACTIVITY REGISTRATION SLIDEOUT -->
    <div activity-registration-slideout=""><div ng-controller="activityRegistrationSlideoutController">
  <div slideout="" key="RegistrationSlideOuts" show-left-side="false" id="activityRegistrationId" slideout-aria-label="Activity Registration">
    
  </div>
</div></div>
    <!-- ACTIVITY SUMMARY SLIDEOUT -->
    <div activity-summary-slideout=""><div ng-controller="activitySummarySlideoutController">
  <div slideout="" key="LEARNING_ACTIVITY_SUMMARY_SLIDEOUT" show-left-side="false" id="learningActivityId" slideout-aria-label="Activity Summary">
    
  </div>
</div></div>
    <!-- RESUME SLIDEOUT -->
    <resume-slideout>
<div slideout="" key="RESUME_SLIDEOUT" show-left-side="false" container-selector="body">
  
</div>
</resume-slideout>
	<!-- COMMON SLIDEOUT -->
    <common-slideout><div ng-controller="commonSlideoutController">
  <div slideout="" key="COMMON_SLIDEOUT" show-left-side="false" id="commonSlideoutId" slideout-aria-label="">
    
  </div>
</div></common-slideout>
    <div>
        <div user-recommendation=""><div slideout="" key="RECOM_PREFERENCE_SLIDEOUTCORE" id="RECOM_PREFERENCE_SLIDEOUTCORE" container="body" show-collapse="false" show-left-side="true" slideout-aria-label="Set your preferences">
  
</div>


</div>
        <recommendation-preference-slideout-carousel><div slideout="" key="RECOM_PREFERENCE_SLIDEOUTCORE_CAROUSEL" id="RECOM_PREFERENCE_SLIDEOUTCORE_CAROUSEL" show-left-side="false" slideout-aria-label="Manage Interests" labelid="">
  
</div>
</recommendation-preference-slideout-carousel></div>

</div>

    <div class="page-loader ng-hide ng-animate ng-hide-animate ng-hide-remove" role="status" translate="" translate-attr-aria-label="DASHBOARD_LOADING" aria-hidden="false" aria-atomic="true" ng-show="dashboardFactory.viewLoading" aria-label="Loading..." data-ng-animate="2" style=""></div>
    <div sumt-live-region=""><div class="sr-only" aria-live="" ng-attr-aria-describedby="{{sumtliveregion.curMessage.ariaDescribedBy}}" ng-attr-aria-atomic="{{sumtliveregion.curMessage.ariaAtomic}}" ng-attr-aria-labeledby="{{sumtliveregion.curMessage.ariaLabeledBy}}" ng-attr-aria-relevant="{{sumtliveregion.curMessage.ariaRelevant}}" ng-bind-html="sumtliveregion.curMessage.msg"></div></div>
    
    

    
    <div left-navigation="" id="mainLeftNavigation" header="sitemapService.selectedRootNode" nav-data="::sitemapService.rootNodes" selected-nav-data="sitemapService.selectedRootNode" node-clicked="navigateToNode" emulation="sitemapService.staticRootNodes.emulation" switchdomain="sitemapService.staticRootNodes.switchDomain" translationobject="leftNav_translation" imageclicked="profileSlidePage()" exitemulation="emulationclose(sitemapService.staticRootNodes.emulation)" persondata="sitemapService.PersonDetails"><div class="leftNavWrapper asid-slide-left" ng-class="{'asideExpanded': leftNavigationObject.isShown}">
  <div ng-transclude="">
    </div>
</div>
</div>
    <div left-navigation="" id="libraryLeftNavigation" content-template-url="app/modules/core/views/library/library.client.html"><div class="leftNavWrapper asid-slide-left" ng-class="{'asideExpanded': leftNavigationObject.isShown}">
  <div ng-transclude=""></div>
</div>
</div>
    

    

<section id="rootViewContainer" role="main" class="view-container" aria-hidden="false" ng-style="!Globalvisib.isHeaderVisible &amp;&amp; {'top':'0px'}" ng-class="{'asideExpanded':leftNavObject.isShown, 'full-screen-mode ': dashboardFactory.fullScreen}">
  
  
  <div class="breadcrumb-container breadcrumbmargin" id="breadcrumbMainContainer">
    <global-breadcrumb-navigation><!-- ngIf: isGloballyEnabled && !dashboardFactory.isEditMode --><div ng-if="isGloballyEnabled &amp;&amp; !dashboardFactory.isEditMode" ng-class="breadcrumbCss" class="breadcrumbDisplayFlex">
  <breadcrumb-navigation><!-- ngIf: enableBreadcrumbs && navBreadCrumbData.length > 0 && !isInfrm -->
</breadcrumb-navigation>
</div><!-- end ngIf: isGloballyEnabled && !dashboardFactory.isEditMode -->
</global-breadcrumb-navigation>
  </div>
  
    
	
	<!-- ngView:  --><div ng-view="" data-ng-animate="2" class="" style=""><section ng-controller="HomeController">

</section></div>
	
</section>


    <div id="divPillarLoadingMsg" style="display: none;background-color: white;">
      <div class="page-loader">
        <div class="loader loader-large"></div>
      </div>
    </div>
    <iframe id="productPillarFrame" ng-attr-lang="{{cultureFactory.options.language.key}}" src="" allowfullscreen="1" style="visibility: hidden;  z-index:-2;" frameborder="0" ng-class="{'iframeBreadcrumbAlign': enablePillarPageBreadcrumb &amp;&amp; enableBreadcrumbNav}" class="productpillars" title="" lang="en-US"></iframe>
    <iframe id="PillarIFrame_TM" ng-attr-lang="{{cultureFactory.options.language.key}}" src="" style="visibility: hidden; z-index:-2;" frameborder="0" ng-class="{'iframeBreadcrumbAlign': enablePillarPageBreadcrumb &amp;&amp; enableBreadcrumbNav}" class="productpillars" title="" lang="en-US"></iframe>


    <div class="dialog-footer-override-container"></div>
    <div master-slideout=""></div>
    <script type="text/javascript">
  ;
  (function(root, initializer) {
    // Create the factory for require
    var factory = initializer(root);
    root.jQuery(root.document).ready(function() {
      root.define('staticData', ['lodash', 'URI'], factory);
    });
  }(this, function(root) {
    var scriptPath = '/Core/';
    var photoPath = '/DataStore/CL08_SALES_TEST/Common/' + 'PersonImages' +'/';
    var filePath = '/DataStore/CL08_SALES_TEST/Common/' +  'FileAssets' + '/';
    var socialFilesPath = '/DataStore/CL08_SALES_TEST/Common/' + 'SocialFileAssets' + '/';
    var customHelpFilesPath = '/DataStore/CL08_SALES_TEST/Common/' + 'CustomHelpFiles' + '/';
    var isAuditEnabled = 'True';

    if (scriptPath.length > 0 && scriptPath.substr(scriptPath.length - 1, 1) === '/') {
      scriptPath = scriptPath.substr(0, scriptPath.length - 1);
    }
    var tenantKey = 'CL08_SALES_TEST';
    var htmlRootPath = '/Core/';
    var esbApiToken = 'eyJ0eXAiOiJKV1QiLCJhbGciOiJIUzI1NiJ9.eyJpc3MiOiJodHRwOlwvXC93d3cuc3VtdG90YWxzeXN0ZW1zLmNvbVwvY29yZXVpIiwic3ViIjoiTW9kZXJhdG9yIiwiYXVkIjoiQ0wwOF9TQUxFU19URVNUIiwiZXhwIjo2MzY3NjQyNTk3MzYzNzQwMDAsIm5iZiI6MCwiaWF0Ijo2MzY3NjQwNDM3NDE1MzA1NjUsImJzZXNzaW9uaWQiOiIwM2UzY2MwODU5MTg0NjE5ODY4NmM3ZTk2YTNjNWEzMyIsImV1c3JpZCI6bnVsbCwiZXVzcm4iOm51bGwsImN1bCI6ImVuLVVTIiwidXNlcmlkIjoiNzAyMzcxIiwiZ3Vlc3RhY2NvdW50IjowLCJwZXJzb25pZCI6MTAxMTY3LCJpc2V4dGVybmFsIjpmYWxzZSwicnBrZXkiOiJFTElYSFJVSSJ9.6F01A0DCAFF751D5218CD016532836FBA56C679592047136F862087E7F2A6B7B';

    function createAPIPaths() {
      return {
        learning:{
          calendarApi: '/Core/Learning/api/calendarapi/GetScheduleInfo',
          favoritesApi: '/Core/Learning/api/favoritesapi/RemoveFavorite',
          isCFREnvironment: 'https://cl08sales.sumtotaldevelopment.net/Services/api/lmpersistsettings/IsCFREnvrionment'
        },
        lmfavorite: {
          favorite: 'https://cl08sales.sumtotaldevelopment.net/Services/api/lmfavorite/favorite'
        },
        shoppingcart:{
          getCartItems : '/Core/Core/api/shoppingcartapi/GetCartItems',
          addActivityToCart:'/Core/Core/api/shoppingcartapi/AddActivityToCart'
        },
        sdo: {
          getInitiatives: 'https://cl08sales.sumtotaldevelopment.net/Services/api/users/{targetUserId}/initiatives',
          initiativeDetail: 'https://cl08sales.sumtotaldevelopment.net/Services/api/',
          initiativeDefinitionImage: 'https://cl08sales.sumtotaldevelopment.net/Services/api/initiativeDefinitions/{id}/images/{imageType}',
          getInitiativeDefinitions: 'https://cl08sales.sumtotaldevelopment.net/Services/api/admin/initiativeDefinitions',
          initiativeDefinitionDetail: 'https://cl08sales.sumtotaldevelopment.net/Services/api/admin/initiativeDefinitions/{id}',
          adminInitiative: 'https://cl08sales.sumtotaldevelopment.net/Services/api/admin/initiatives',
          terminateInitiative: 'https://cl08sales.sumtotaldevelopment.net/Services/api/admin/initiatives/{id}/terminate',
          saveProcessEntity: 'https://cl08sales.sumtotaldevelopment.net/Services/api/processEntities',
          administration: {
            loadProcessActionDefinitions: 'https://cl08sales.sumtotaldevelopment.net/Services/api/admin/processActionDefinitions',
            loadInitiativeActionDefinitions: 'https://cl08sales.sumtotaldevelopment.net/Services/api/admin/initiativeActionDefinitions',
            loadProcessActionsByDefinition: 'https://cl08sales.sumtotaldevelopment.net/Services/api/admin/processActionDefinitions/{id}/processActions',
            loadInitiativeActionDefinition: 'https://cl08sales.sumtotaldevelopment.net/Services/api/admin/initiativeActionDefinitions/{id}',
            loadTransitionEventsForInitiativeDefinitionToProcess: 'https://cl08sales.sumtotaldevelopment.net/Services/api/admin/initiativeDefinitionToProcesses/{id}/initiativeTransitionDetails',
            updateDefinitionStatus: 'https://cl08sales.sumtotaldevelopment.net/Services/api/admin/initiativeDefinitions/{id}/updateStatus',
            loadProcessStepViews: 'https://cl08sales.sumtotaldevelopment.net/Services/api/admin/processStepViews',
            assetsDefinitions:'https://cl08sales.sumtotaldevelopment.net/Services/api/admin/assetsDefinitions'
          }
        },
        search:{
          getObjectActions: 'https://cl08sales.sumtotaldevelopment.net/Services/api/action/getobjectactions',
          getFTEStatistics: 'https://cl08sales.sumtotaldevelopment.net/Services/api/search/getftestatistics',
          searchUrl: 'https://cl08sales.sumtotaldevelopment.net/Services/api/search/search',
          deleteSavedSearch:'https://cl08sales.sumtotaldevelopment.net/Services/api/search/DeleteSavedSearch',
          loadSavedSearch:'https://cl08sales.sumtotaldevelopment.net/Services/api/search/LoadSavedSearch',
          listUserSavedSearches: 'https://cl08sales.sumtotaldevelopment.net/Services/api/search/ListUserSavedSearches',
          saveSearch: 'https://cl08sales.sumtotaldevelopment.net/Services/api/search/SaveSearch',
          saveSearchUrl: 'https://cl08sales.sumtotaldevelopment.net/Services/api/search/SaveSearchTypes',
          searchSkillsoft: 'https://cl08sales.sumtotaldevelopment.net/Services/api/search/searchskillsoft',
          paginateSkillsoft: 'https://cl08sales.sumtotaldevelopment.net/Services/api/search/PaginatedSkillSoftResult',
          searchTypes: 'https://cl08sales.sumtotaldevelopment.net/Services/api/search/getenabledsearchtypes',
          allSearchTypes: 'https://cl08sales.sumtotaldevelopment.net/Services/api/search/getAllSearchTypes',
          suggestionUrl: 'https://cl08sales.sumtotaldevelopment.net/Services/api/search/suggestions',
          getFacets: 'https://cl08sales.sumtotaldevelopment.net/Services/api/search/searchFacets',
          getFacetFieldsList: 'https://cl08sales.sumtotaldevelopment.net/Services/api/search/searchFacetFields',
          includeFacet: 'https://cl08sales.sumtotaldevelopment.net/Services/api/search/includeFacetField',
          sortableFields: 'https://cl08sales.sumtotaldevelopment.net/Services/api/search/getSortableFields',
          esbApiToken: 'eyJ0eXAiOiJKV1QiLCJhbGciOiJIUzI1NiJ9.eyJpc3MiOiJodHRwOlwvXC93d3cuc3VtdG90YWxzeXN0ZW1zLmNvbVwvY29yZXVpIiwic3ViIjoiTW9kZXJhdG9yIiwiYXVkIjoiQ0wwOF9TQUxFU19URVNUIiwiZXhwIjo2MzY3NjQyNTk3MzYzNzQwMDAsIm5iZiI6MCwiaWF0Ijo2MzY3NjQwNDM3NDE1MzA1NjUsImJzZXNzaW9uaWQiOiIwM2UzY2MwODU5MTg0NjE5ODY4NmM3ZTk2YTNjNWEzMyIsImV1c3JpZCI6bnVsbCwiZXVzcm4iOm51bGwsImN1bCI6ImVuLVVTIiwidXNlcmlkIjoiNzAyMzcxIiwiZ3Vlc3RhY2NvdW50IjowLCJwZXJzb25pZCI6MTAxMTY3LCJpc2V4dGVybmFsIjpmYWxzZSwicnBrZXkiOiJFTElYSFJVSSJ9.6F01A0DCAFF751D5218CD016532836FBA56C679592047136F862087E7F2A6B7B',
          getSearchBinCountsUrl:'https://cl08sales.sumtotaldevelopment.net/Services/api/search/getSearchBinCounts',
          retrieveObjectSearchDiagnosticsUrl:'https://cl08sales.sumtotaldevelopment.net/Services/api/search/retrieveObjectSearchDiagnostics',
          getDocumentCountsUrl:'https://cl08sales.sumtotaldevelopment.net/Services/api/search/GetIndexableDocumentCounts',
          forceFullSearchUrl:'https://cl08sales.sumtotaldevelopment.net/Services/api/search/ForceFullSearchForBins',
          saveFavoriteJobUrl:'https://cl08sales.sumtotaldevelopment.net/Services/api/job/SaveFavoriteJob',
        },
        social:{
          getMyFeedUrl:'https://cl08sales.sumtotaldevelopment.net/Services/api/social/GetMyFeed',
          postMessageToYammer:'https://cl08sales.sumtotaldevelopment.net/Services/api/social/PostMessage',
          getAvailableGroupsUrl:'https://cl08sales.sumtotaldevelopment.net/Services/api/social/GetAvailableGroups',
          createGroupUrl:'https://cl08sales.sumtotaldevelopment.net/Services/api/social/CreateGroup',
          deleteGroupUrl:'https://cl08sales.sumtotaldevelopment.net/Services/api/social/DeleteGroup',
          deleteGroupMembershipUrl:'https://cl08sales.sumtotaldevelopment.net/Services/api/social/DeleteGroupMembership',
          addGroupMembershipUrl:'https://cl08sales.sumtotaldevelopment.net/Services/api/social/AddGroupMembership',
          getCurrentUserDataURL:'https://cl08sales.sumtotaldevelopment.net/Services/api/social/GetCurrentUserData',
          getAllUsersURL:'https://cl08sales.sumtotaldevelopment.net/Services/api/social/GetAllUsers',
          getGroupByIdUrl:'https://cl08sales.sumtotaldevelopment.net/Services/api/social/GetGroupById',
          validateGroupNameUrl:'https://cl08sales.sumtotaldevelopment.net/Services/api/social/ValidateGroupName',
          searchGroupUrl:'https://cl08sales.sumtotaldevelopment.net/Services/api/social/SearchGroup'
        },
        timeline:{
          approveTask:'https://cl08sales.sumtotaldevelopment.net/Services/api/timelineapi/ApproveTask',
        },
        bigData: {
          DismissEmployeeRecommendationsUrl: '/Core/Core/api/bigdataapi/DismissEmployeeRecommendations',
          CourseRecommendationForUserUrl: '/Core/Core/api/bigdataapi/GetCourseRecommendationForUser',
          getEmployeePositionFitData: '/Core/Core/api/bigdataapi/RetrieveEmployeePositionFitData',
          GetViewableJobsForUser: '/Core/Core/api/bigdataapi/GetViewableJobsForUser',
          SaveEmployeeRecommendPosition: '/Core/Core/api/bigdataapi/SaveEmployeeRecommendPosition',
          SaveEmployeeRecommendInterest:'/Core/Core/api/bigdataapi/SaveEmployeeRecommendInterest',
          GetViewableSubNodesForJob: '/Core/Core/api/bigdataapi/GetViewableSubNodesForJob',
          GetViewableNodesForJob :'/Core/Core/api/bigdataapi/GetViewableNodesForJob',
          GetJobByPersonId :'/Core/Core/api/bigdataapi/GetJobByPersonId',
          addOrRemoveJobFitAnalysis :'/Core/Core/api/bigdataapi/AddOrRemoveJobFitAnalysis',
          GetCourseRecommendationForUserByInterests: '/Core/Core/api/bigdataapi/GetCourseRecommendationForUserByInterests',
          //External Job Recommendation Implementation
          GetViewableExternalJobsForUser: '/Core/Core/api/bigdataapi/GetViewableExternalJobsForUser'
        },
        translations: {
          retrieveTranslations: '/Core/Core/api/translationapi/RetrieveTranslations',
          getTranslationsForModelUrl: '/Core/Core/api/translationapi/GetTranslationsForModel' + '?modelTypeFullName=',
          getTranslationsForObjectUrl: '/Core/Core/api/translationapi/GetTranslationsForObject' + '?modelTypeFullName=',
          saveTranslationsForModelUrl: '/Core/Core/api/translationapi/SaveTranslationsForModel' + '?modelTypeFullName=',
          GetTranslationsForModelAndObjectUrl: '/Core/Core/api/translationapi/GetTranslationsForModelAndObject',
          saveTranslationsForModelAndObjectUrl: '/Core/Core/api/translationapi/SaveTranslationsForModelAndObject',
          getTranslationDefinitionsByCategoryUrl: '/Core/Core/api/translationapi/GetTranslationDefinitionsByCategory',
          getStaticTranslationsForEditorUrl: '/Core/Core/api/translationapi/GetStaticTranslationsForEditor',
          saveStaticTranslationsUrl: '/Core/Core/api/translationapi/SaveStaticTranslations',
          getTranslationCategoriesUrl: '/Core/Core/api/translationapi/GetTranslationCategories',
          getTranslationsUrl:'https://cl08sales.sumtotaldevelopment.net/Services/api/i18n',
        },
        settings: {
          retrieveSettings: '/Core/Core/api/settingapi/RetrieveSettings',
          saveSettings: '/Core/Core/api/settingapi/SaveSettings',
          getSettingsForPreferenceScreen: '/Core/Core/api/settingapi/GetSettingsForPreferenceScreen',
          getSettings: '/Core/Core/api/settingapi/GetSettings',
          saveSettingsForPreferenceScreen: '/Core/Core/api/settingapi/SaveSettingsForPreferenceScreen',
          deleteSettings: '/Core/Core/api/settingapi/DeleteSettings',
          getObjectCriteriaSettings: '/Core/Core/api/settingapi/GetObjectCriteriaSettings',
          SaveObjectCriteriaSettings: '/Core/Core/api/settingapi/SaveObjectCriteriaSettings',
          getTimelineSortOptions: '/Core/Core/api/settingapi/GetTimelineSortOptions'

        },
        mobileConfiguration: {
          getMobileConfiguration: '/Core/Core/api/settingapi/getMobileConfiguration',
          setMobileConfiguration: '/Core/Core/api/settingapi/setMobileConfiguration'
        },
        personalization: {
          retrievePersonalization: '/Core/Core/api/dashboardingapi/RetrievePersonalization',
          retrievePersonalizationType: '/Core/Core/api/dashboardingapi/RetrievePersonalizationType'
        },
        dashboard: {
          getWidget: '/Core/Core/api/dashboardingapi/GetWidgetData',
          saveWidget: '/Core/Core/api/dashboardingapi/SaveWidgetData',
          getMyTasksforNotificationURL: '/Core/Core/api/mytasksapi/GetTimelineNotifications',
          clearWidgetDataCache: '/Core/Core/api/dashboardingapi/ClearWidgetDataCache',
          clearSecurityCache: '/Core/Core/api/dashboardingapi/ClearSecurityCache',
          saveWidgetDashboard: '/Core/Core/api/dashboardingapi/SaveWidgetDashboardData',
          removeDashboard: '/Core/Core/api/dashboardingapi/RemoveDashboardData',
          removeDashboardPage: '/Core/Core/api/dashboardingapi/RemoveDashboardPageData',
          copyDashboard: '/Core/Core/api/dashboardingapi/CopyDashboard',
          copyDashboardPage: '/Core/Core/api/dashboardingapi/CopyDashboardPage',
          myTasksRefresh: '/Core/Core/api/mytasksapi/GetMyTasks',
          retrieveSingleWebPartsData: '/Core/Core/api/dashboardingapi/RetrieveSingleWebPartsData',
          resetDashboardPage: '/Core/Core/api/dashboardingapi/ResetDashboardPage',
          registrationRedirection:'/Core/Core/api/dashboardingapi/GetRegistrationRedirectionData',
          getAllDashboardPages:'/Core/Core/api/dashboardingapi/LoadAllWebPartPages',
		      setUserDefaultDashboard: '/Core/Core/api/dashboardingapi/SetUserDefaultDashboard',
          setDashboardPagePriority: '/Core/Core/api/dashboardingapi/SetDashboardPagePriority',
          getLandingPageDashboardPages:'/Core/Core/api/dashboardingapi/GetLandingPageDashboardPages',
          getNewDashboardPagePriority:'/Core/Core/api/dashboardingapi/GetNewDashboardPagePriority',
          common: {
            retrieveEmployeePopupDetails: '/Core/Core/api/dashboardingapi/RetrieveEmployeePopupDetails'
          },
          webClock: {
            savePunch: '/Core/Core/api/dashboardingapi/SavePunchDetails',
            getPunch: '/Core/Core/api/dashboardingapi/LastPunchDetails',
            getPositionFromSearch:'/Core/Core/api/dashboardingapi/GetWFMSearch',
            getCostCenterFromSearch:'/Core/Core/api/dashboardingapi/GetWFMSearch',
            getWorkOrderFromSearch:'/Core/Core/api/dashboardingapi/GetWFMSearch',
            getWorkItemFromSearch:'/Core/Core/api/dashboardingapi/GetWFMSearch',
            saveCCP:'/Core/Core/api/dashboardingapi/SaveCCP'
          }
        },
        theming: {
          markThemeActive: '/Core/Core/api/themingapi/MarkThemeActive',
          markThemeAsDefault: '/Core/Core/api/themingapi/MarkThemeAsDefault',
          getHttpRequest: '/Core/Core/api/themingapi/GetHttpRequest',
          loadAllThemes: '/Core/Core/api/themingapi/LoadAllThemes',
          loadEditorViewData: '/Core/Core/api/themingapi/LoadEditorViewData',
          loadLessFiles: '/Core/Core/api/themingapi/LoadLessFiles',
          saveTheme: '/Core/Core/api/themingapi/SaveTheme',
          deleteTheme: '/Core/Core/api/themingapi/DeleteTheme',
          saveThemePrecedenceValues: '/Core/Core/api/themingapi/SaveThemePrecedenceValues',
          proxy: '/Core/proxy.html2canvas'
        },
        user: {
          getPersonIdByNumber: '/Core/Core/api/UserApi/GetPersonIdByNumber',
          getPersonNumberByIdUrl: 'https://cl08sales.sumtotaldevelopment.net/Services/api/core/person/GetPersonNumberById',
          getLoggedInPersonId: '/Core/Core/api/UserApi/GetLoggedInPersonId',
          profileOverview: '/Core/Core/api/profiledata/getprofileoverview',
          employeeMetricsData: '/Core/Core/api/profiledata/GetDataForEnabledProfileSections',
          getUserMiniProfile: '/Core/Core/api/profiledata/GetUserMiniProfile',
          directReportProfileOverview: '/Core/Core/api/profiledata/getprofileoverview',
          getRelationship: '/Core/Core/api/profiledata/getrelationship',
          GetOverAllPerformanceUrl : '/Core/Core/api/UserApi/GetPerformanceRatings',
          GetRecommendedLearningsUrl : '/Core/Core/api/UserApi/GetRecommendedLearnings'+ '?userId=' + '9AD36C46327219F4BE439AA4E0CB8371' + '&viewPersonId=',
          GetPerformanceHistoryUrl : '/Core/Core/api/UserApi/GetPerformanceHistory',
          getGoalsForUserUrl: '/Core/Core/api/UserApi/GetGoalsForUser',
          getGoalDetailsForUserUrl: '/Core/Core/api/UserApi/GetGoalDetailsForUser',
          getGoalDetailsForTeamUrl: '/Core/Core/api/UserApi/GetGoalDetailsForTeam',
          saveGoalDetailsForUserUrl: '/Core/Core/api/UserApi/SaveGoalDetailsForUser',
          getCompensationDetails: '/Core/Core/api/UserApi/GetCompensationDetails',
          getOverAllCompensation: '/Core/Core/api/UserApi/GetCompensationRatings',
          getResumeData: '/Core/Core/api/resumeapi/GetResumeData?pId=9AD36C46327219F4BE439AA4E0CB8371',
          getResumeDataForTimeline: '/Core/Core/api/resumeapi/GetResumeData',
          getTeachingActivityUrl: '/Core/Core/api/UserApi/GetTeachingActivityDetails',
          getTeamHeaderCountsUrl: '/Core/Core/api/UserApi/GetTeamHeaderCounts',
          getOTPForBrowserExtension:'/Core/Core/api/UserApi/GetOTPForBrowserExtension',
        },

        organization: {
          keyMeasureData: '/Core/Core/api/orgchartapi/getkeymeasures',
          metricBarMetrics: '/Core/Core/api/orgchartapi/getmetricbarmetrics',
          metricBarMetricsForListOfUsers: '/Core/Core/api/orgchartapi/getmetricbarmetricsforlistofusers',
          saveNewHierarchyDetailsUrl: '/Core/Core/api/OrganizationApi/SaveNewHierarchyDetails',
          getCurrentHierarchiesUrl: '/Core/Core/api/OrganizationApi/GetCurrentHierarchies',
          getHierarchyDetailsUrl: '/Core/Core/api/OrganizationApi/GetHierarchyDetails' + '?hierarchyPK=',
          getChildOrganizationsUrl: '/Core/Core/api/OrganizationApi/GetChildOrganizations' + "?",//hierarchyPK=&organizationPK=
          getCodeByCatcdUrl: '/Core/Core/api/lookupsapi/codecats' + '?catcode=',
          getAutoGenOrgCode: '/Core/Core/api/OrganizationApi/GetAutoGenOrgCode',
          getCurrencyList: '/Core/Core/api/OrganizationApi/GetCurrencyList',
          getOrganizationUrl: '/Core/Core/api/OrganizationApi/GetOrganization' + '?organizationPK=',
          saveNewOrganizationDetailsUrl: '/Core/Core/api/OrganizationApi/SaveNewOrganizationDetails',
          createOrEditOrganizationUrl: '/Core/Core/api/OrganizationApi/CreateOrEditOrganization',
          DeleteOrganizationHierarchyUrl: '/Core/Core/api/OrganizationApi/DeleteOrganizationHierarchy',
          addUserByListUrl: '/Core/Core/api/OrganizationApi/AddUserByList',
          ConvertToDomainUrl: '/Core/Core/api/OrganizationApi/ConvertToDomain',
          getAllOrganization: '/Core/Core/api/OrganizationApi/SearchOrganization',
          getPermissionUrl: '/Core/Core/api/OrganizationApi/GetPermission',
          getInstalledPillars: '/Core/Core/api/jobapi/GetInstalledPillars',
          addUserInfoUrl: '/Core/Core/api/OrganizationApi/GetUserInfo',
          getOrgUserUrl: '/Core/Core/api/OrganizationApi/GetOrganizationUsers',
          getAudienceUrl: '/Core/Core/api/OrganizationApi/GetAudience',
          addUserByAudience: '/Core/Core/api/OrganizationApi/AddUserByAudience',
          exportOrganizationsURL: '/Core/Core/api/OrganizationApi/exportOrganization',
          
          editOrg: '/Core/Core/api/OrganizationApi/editOrgUser',
          deleteOrgUsersUrl: '/Core/Core/api/OrganizationApi/deleteOrgUsers',
          timeLineData: '/Core/Core/api/orgchartapi/gettimelinedata' + '?key=',
          employeeSearchForUser: '/Core/Core/api/orgchartapi/EmployeeSearchForUser',
          getSingleSupervisorHierarchyNode: '/Core/Core/api/orgchartapi/GetSingleSupervisorHierarchyNode',
          getSupervisorHierarchy: '/Core/Core/api/orgchartapi/GetSupervisorHierarchy',
          getPositionHierarchy: '/Core/Core/api/orgchartapi/GetPositionHierarchy',
          getDataForEnabledProfileSections: '/Core/Core/api/orgchartapi/GetDataForEnabledProfileSections',
          getAllMetrics: '/Core/Core/api/orgchartapi/GetAllMetrics',
          getSuccessorsForJobPosition: '/Core/Core/api/orgchartapi/GetSuccessorsForJobPosition',
          updateSuccessionForJobPosition: '/Core/Core/api/orgchartapi/UpdateSuccessionForJobPosition',
          getSpecifiedActivities: '/Core/Core/api/orgchartapi/GetSpecifiedActivities',
          getSettings: '/Core/Core/api/orgchartapi/GetSettings',
          isParentOrgURL :'/Core/Core/api/OrganizationApi/IsParentOrganization',
        },
        org: {
          GetUplineHierarchy: '/Core/Core/api/orgchartapi/GetUplineHierarchy',
          GetDirectReportsData: '/Core/Core/api/orgchartapi/GetDirectReportsData',
          GetManagerData: '/Core/Core/api/orgchartapi/GetManagerData',
        },
        tasks:{
          mytasks: '/Core/Core/api/mytasksapi/GetMyTasks' ,
          loadTimelineNotificationCount: '/Core/Core/api/mytasksapi/LoadTimelineNotificationCount' ,
          learningTasks: '/Core/Core/api/mytasksapi/GetLearningTasks',
          learningTasksCount: '/Core/Core/api/mytasksapi/GetLearningTasksCount',
        },
        myteam:
        {
          directReport : '/Core/Core/api/myteam/getteammember?mgrId=9AD36C46327219F4BE439AA4E0CB8371' ,
          directReportProfileOverview: '/Core/Core/api/profiledata/getprofileoverview'
        },
        security:{
          GetPortalSecuredRoutesUrl: '/Core/Core/api/securityapi/GetPortalSecuredRoutes',
          ListPermissionLevelsUrl: '/Core/Core/api/securityapi/ListPermissionLevels',
          LoadPermissionLevelByIdUrl: '/Core/Core/api/securityapi/LoadPermissionLevelById',
          GetRelationshipTo: '/Core/Core/api/securityapi/GetRelationship',
          ListSecurityGroupsUrl: '/Core/Core/api/securityapi/ListSecurityGroups',
          GetSecurityGroupsForUserUrl: '/Core/Core/api/securityapi/GetSecurityGroupsForUser',
          LoadSecurityGroupByIdUrl: '/Core/Core/api/securityapi/LoadSecurityGroupById',
          DeletePermissionLevelDataUrl: '/Core/Core/api/securityapi/DeletePermissionLevel',
          SavePermissionLevelDataUrl: '/Core/Core/api/securityapi/SavePermissionLevel',
          SaveSecurityGroupUrl: '/Core/Core/api/securityapi/SaveSecurityGroup',
          ListPermissionDefinitionsUrl: '/Core/Core/api/securityapi/ListPermissionDefinitions',
          DeleteSecurityGroupDataUrl: '/Core/Core/api/securityapi/DeleteSecurityGroup',
          //GetApplicationRoleTypesUrl: '/Core/Core/api/securityapi/GetApplicationRoleTypes',
          GetApplicationRoleTypesUrl: '/Core/Core/api/securityapi/GetAllPortalRoles',
          GetAllPortalRolesUrl: '/Core/Core/api/securityapi/GetAllPortalRoles',
          SearchApplicationRolesUrl: '/Core/Core/api/securityapi/SearchApplicationRoles',
          ListPermissionDefinitionsByObjTypeUrl: '/Core/Core/api/securityapi/ListPermissionDefinitionsByObjType',
          GetSecurityGroupObjectPermissionsUrl: '/Core/Core/api/securityapi/ListSecurityGroupObjectPermissions',
          AddUpdateSecurityGroupObjectPermissionsUrl: '/Core/Core/api/securityapi/AddUpdateSecurityGroupObjectPermission',
          GetMasterSitemapForPMConfigurationUrl: '/Core/Core/api/securityapi/GetMasterSitemapForPMConfiguration',
          GetBreadcrumbDataForSitemapNodeUrl: '/Core/Core/api/securityapi/GetBreadcrumbDataForSitemapNode',

          SaveMasterSitemapForPMConfigurationUrl: '/Core/Core/api/securityapi/SaveMasterSitemapForPMConfiguration',
          GetAllRelyingPartiesUrl: '/Core/Core/api/securityapi/GetRelyingPartiesForCurrentTenant',
          DeleteSitemapNodeUrl: '/Core/Core/api/securityapi/DeleteSitemapNode',
          ResetChangePasswordByAdmin: '/Core/Core/api/securityapi/ResetChangePasswordByAdmin',
          GetPasswordRules: '/Core/Core/api/securityapi/GetPasswordRules',
          DeleteSitemapNodeUrl: '/Core/Core/api/securityapi/DeleteSitemapNode',
          GetUserLoginHistoryUrl: '/Core/Core/api/securityapi/GetUserLoginHistory',
          getSecurityRelationshipNameList: '/Core/Core/api/profiledata/GetSecurityRelationshipNameList',
          getSecurityRelationship: '/Core/Core/api/profiledata/GetSecurityRelationship',
          getSecurityRelationshipCategoryList: '/Core/Core/api/profiledata/GetSecurityRelationshipCategoryList',
          GetEmployeeProfileSitemap: '/Core/Core/api/securityapi/GetEmployeeProfileSitemap',
          addSecurityRelationship: '/Core/Core/api/profiledata/AddSecurityRelationship',
          updateSecurityRelationship: '/Core/Core/api/profiledata/UpdateSecurityRelationship',
          deleteSecurityRelationship: '/Core/Core/api/profiledata/DeleteSecurityRelationship',
          getMultiLangDetails: '/Core/Core/api/profiledata/GetMultiLangDetails',
          ResetSecurityGroupObjectPermissionUrl: '/Core/Core/api/securityapi/ResetSecurityGroupObjectPermission',
          InheritSecurityGroupObjectPermissionsUrl: '/Core/Core/api/securityapi/InheritSecurityGroupObjectPermissions',

          GetESignatureSettings: '/Core/Core/api/securityapi/GetESignatureSettings',
          ListObjectSecurityGroupsUrl: '/Core/Core/api/securityapi/ListObjectSecurityGroups',
          apiTokenUrl: '/Core/Core/api/securityapi/retrieveApiToken',
          GetUAToken: '/Core/Core/api/securityapi/GetUAToken',
          EmulateProfileByAdmin: '/Core/Core/api/securityapi/EmulateProfileByAdmin',
          IsModuleLicensed: '/Core/Core/api/securityapi/IsModuleLicensed',
          GetSecurityPermissions: '/Core/Core/api/securityapi/GetSecurityPermissions',
          getPageHelpUrl: '/Core/Core/api/securityapi/GetPageHelpUrl'

        },
        library:
        {
          libraryApiURL:'/Core/Core/api/libraryapi/GetCatalogs',
          libraryGetTopicURL:'/Core/Core/api/libraryapi/GetCurrentTopic',
          relatedTopicsApiURL:'/Core/Core/api/libraryapi/GetRelatedTopics'
        },
        trainingActivity:
        {
          activityApi:'/Core/Core/api/trainingapi/GetActivitySummaryDetails'
        },
        eSignature:
        {
          eSignatureApi:'/Core/Core/api/esignatureapi/GetESignatureTranslation'
        },
        password:
        {
          ListProhibitedWordUrl: '/Core/Core/api/passwordmanagerapi/ListProhibitedWords',
          ListSecurityQuestionsUrl: '/Core/Core/api/passwordmanagerapi/ListSecurityQuestions',
          GetUserLanaguageListUrl: '/Core/Core/api/passwordmanagerapi/GetUserLanaguageList',
          SaveSecurityQuestionsUrl: '/Core/Core/api/passwordmanagerapi/SaveSecurityQuestion',
          ListUserSecQuestionsUrl: '/Core/Core/api/passwordmanagerapi/ListUserSecQuestions',
          SaveUserSecQuestionsDataUrl: '/Core/Core/api/passwordmanagerapi/SaveUserSecQuestions',
          SavePasswordPolicyUrl: '/Core/Core/api/passwordmanagerapi/SavePasswordPolicy',
          GetPasswordPolicyUrl: '/Core/Core/api/passwordmanagerapi/GetPasswordPolicies',
          GetPasswordPolicyByIdUrl: '/Core/Core/api/passwordmanagerapi/GetPasswordPolicyById',
          GetPasswordPolicyForUserUrl: '/Core/Core/api/passwordmanagerapi/GetPasswordPolicyForUser',
          GetPasswordRulesForUserUrl: '/Core/Core/api/passwordmanagerapi/GetPasswordRulesForUser',
          GetSecurityQuestionsForUserUrl: '/Core/Core/api/passwordmanagerapi/GetSecurityQuestionsForUser',
          DeletePasswordPoliciesUrl: '/Core/Core/api/passwordmanagerapi/DeletePasswordPolicies',
          SaveProhibitedWordsDataUrl: '/Core/Core/api/passwordmanagerapi/SaveProhibitedWords',
          GetRulesAndSettingsUrl: '/Core/Core/api/passwordmanagerapi/GetRulesAndSettings',
          SaveRulesAndSettingsUrl: '/Core/Core/api/passwordmanagerapi/SaveRulesAndSettings',
          SaveEntityAssignmentUrl: '/Core/Core/api/passwordmanagerapi/SaveEntityAssignment',
          GetPasswordSettingsUrl: '/Core/Core/api/passwordmanagerapi/GetPasswordSettings',
          SavePasswordSettingsUrl: '/Core/Core/api/passwordmanagerapi/SavePasswordSettings',
          ResetPasswordUrl: '/Core/Core/api/passwordmanagerapi/ResetPassword'
        },
        myprofile:{
          getWorkerPersonalDetailsUrl: '/Core/Core/api/profiledata/GetWorkerPersonalDetails',
          saveWorkerPersonalDetailsUrl: '/Core/Core/api/profiledata/SaveWorkerPersonalDetails',
          getWorkerProfileUrl: '/Core/Core/api/profiledata/GetWorkerProfile',
          getWorkerBasicProfileUrl: '/Core/Core/api/profiledata/GetWorkerBasicProfile',
          disabledUserProfileUrl: '/Core/Core/api/profiledata/DisableUserLogins',
          enabledUserProfileUrl: '/Core/Core/api/profiledata/EnableUserLogins',
          terminatePersonDetailsUrl: '/Core/Core/api/profiledata/TerminateWorkerProfile',
          restorePersonDetailsUrl: '/Core/Core/api/profiledata/RestoreWorkerProfile',
          getReassignManagerData: '/Core/Core/api/profiledata/GetReassignManagerData',
          getUsersForReassignManager: '/Core/Core/api/profiledata/getUsersForReassignManager',
          updateUsersReassignManager: '/Core/Core/api/profiledata/UpdateUsersReassignManager',
          getPendingTasksForChangeManager: '/Core/Core/api/profiledata/GetPendingTasksForChangeManager',
          updatePersonRelationDetails: '/Core/Core/api/profiledata/UpdateManagerForPerson',
          getSearchUsers: '/Core/Core/api/profiledata/SearchUser',
          getFreeTextSearchUsers: '/Core/Core/api/profiledata/FreeTextUserSearch',
          getAllUser: '/Core/Core/api/profiledata/GetAllUser',
          exportUsers: '/Core/Core/api/profiledata/ExportUsers',
          removeAccount: '/Core/Core/api/profiledata/RemoveAccount',
          getSecurityRightsUrl: '/Core/Core/api/profiledata/GetSecurityRights',
          getMergeUserConflicts: '/Core/Core/api/profiledata/MergeUserConflicts',
          getTMCheckMergeUser: '/Core/Core/api/profiledata/TMCheckMergeUser',
          mergeUserAccounts: '/Core/Core/api/profiledata/MergeUserAccounts',
          listofmergeAccounts: '/Core/Core/api/profiledata/ListofMergeAccounts',
          exportMergeAccounts: '/Core/Core/api/profiledata/ExportMergeAccounts',
          getMergeUserStatus: '/Core/Core/api/profiledata/GetMergeUserStatus',
          addUpdatePersonUrl: '/Core/Core/api/profiledata/AddUpdatePerson',
          getUserPermissionsUrl: '/Core/Core/api/profiledata/GetUserPermissions',
          getUserPermissionsForEmulateProfileUrl: '/Core/Core/api/profiledata/GetUserPermissionsForEmulateProfile',
          exportPendingApprovalsUrl: '/Core/Core/api/profiledata/ExportPendingApproval',
          ExportPendingAccounts: '/Core/Core/api/profiledata/ExportPendingAccounts',
          getAdvancedPendingApprovalUrl:'/Core/Core/api/profiledata/GetAdvancedPendingApproval',
          ActOnPendingApprovalUrl:'/Core/Core/api/profiledata/ActOnPendingApproval',
          getWorkerPersonalDetailsPAUrl: '/Core/Core/api/profiledata/GetWorkerPersonalDetails',
          pendingApprovalSecurityCheckUrl: '/Core/Core/api/profiledata/PendingApprovalSecurityCheck',
          editUserUrl: '/Core/Core/api/profiledata/EditUser',
          getEmployeeTypeUrl: '/Core/Core/api/profiledata/GetEmployeeType',
          GetProfileOverviewMini: '/Core/Core/api/profiledata/GetProfileOverviewMini',
          gePersonHomeAddressUrl:'/Core/Core/api/profiledata/getUserHomeAddress',
          getCreateUserPermissionUrl: '/Core/Core/api/profiledata/GetCreateUserPermissions',
          isGuestUserUrl: '/Core/Core/api/profiledata/IsGuestUser',
        },

        //added
        myUnlockdata: {
          doUnlockDataUrl: '/Core/Core/api/profiledata/doUnlockAccount'
        },
        commonUtilApis: {
          enabledPillarsUrl: '/Core/Core/api/commonapi/GetEnabledPillars'
        },
        jobtemplates:{
          getNextJobNumUrl: '/Core/Core/api/jobapi/GetNextJobNum',
          getJobTemplatesUrl: '/Core/Core/api/jobapi/GetJobTemplates',
          getJobTemplateUrl: '/Core/Core/api/jobapi/GetJobTemplate',   //Deprecated, use getJobTemplateByIdUrl instead
          getJobTemplateByIdUrl: '/Core/Core/api/jobapi/getJobTemplateById',
          getNextJobsUrl: '/Core/Core/api/jobapi/GetNextJobs',
          getCompetenciesFromJobUrl: '/Core/Core/api/jobapi/GetCompetenciesFromJob',
          getJobRequirementsForUserUrl: '/Core/Core/api/jobapi/GetJobRequirementsForUser',
          copyJobTemplatesUrl: '/Core/Core/api/jobapi/CopyJobTemplates',
          deleteJobTemplatesUrl: '/Core/Core/api/jobapi/DeleteJobTemplates',
          saveJobTemplatesUrl: '/Core/Core/api/jobapi/SaveJobTemplate',
          getInstalledPillars: '/Core/Core/api/jobapi/GetInstalledPillars',
          getCoreRelationships: '/Core/Core/api/jobapi/GetCoreRelationships',
          getCodeByCatcdUrl: '/Core/Core/api/lookupsapi/codecats' + '?catcode=',
          exportJobTemplates: '/Core/Core/api/jobapi/ExportJobTemplates',
          getPermissionUrl: '/Core/Core/api/jobapi/GetPermission',
        },
        skills:{
          getSkillsUrl: '/Core/Core/api/skill/GetSkills',
          getSkillUrl: '/Core/Core/api/skill/GetSkill',
          copySkillsUrl: '/Core/Core/api/skill/CopySkills',
          deleteSkillsUrl: '/Core/Core/api/skill/DeleteSkills',
          saveSkillsUrl: '/Core/Core/api/skill/SaveSkill',
          getContentTypesUrl: '/Core/Core/api/skill/getContentTypes',
          getCodeByCatcdUrl: '/Core/Core/api/lookupsapi/codecats' + '?catcode=',
          exportSkills: '/Core/Core/api/skill/ExportSkills',
          getPermissionUrl: '/Core/Core/api/skill/GetPermission',
          getSkillCategoriesUrl: 'https://cl08sales.sumtotaldevelopment.net/Services/api/SkillCategories/GetSkillCategoriesData',
          saveSkillDataUrl:'https://cl08sales.sumtotaldevelopment.net/Services/api/SkillCategories/SaveSkillWithCategories',
          saveSkillCategoryLevelUrl:'https://cl08sales.sumtotaldevelopment.net/Services/api/SkillCategories/SaveSkillCategoryLevel',
        },

        competencies:{
          getCompetenciesUrl: '/Core/Core/api/competencyapi/GetCompetencies',
          getCompetenciesByPersonUrl: '/Core/Core/api/competencyapi/GetCompetenciesByPerson',
          exportCompetenciesUrl: '/Core/Core/api/competencyapi/ExportCompetencies',
          getCompetencyUrl: '/Core/Core/api/competencyapi/GetCompetency',
          saveCompetencyUrl: '/Core/Core/api/competencyapi/SaveCompetency',
          saveEnabledLanguagesUrl: '/Core/Core/api/competencyapi/GetEnabledLanguages',
          getPermissionUrl: '/Core/Core/api/competencyapi/GetPermission',
          deleteCompetenciesUrl: '/Core/Core/api/competencyapi/DeleteCompetencies',
        },

        recruitingquestion:{
          getRecruitingQuestionById: '/Core/Core/api/recruitingquestionapi/GetRecruitingQuestionById',
          getDateTimeById: '/Core/Core/api/recruitingquestionapi/GetDateTimeById',
          getMultipleTextBoxesById: '/Core/Core/api/recruitingquestionapi/GetMultipleTextBoxesById',
          getRatingMatrixById: '/Core/Core/api/recruitingquestionapi/GetRatingMatrixById',
          getRatingById: '/Core/Core/api/recruitingquestionapi/GetRatingById',
          getRecruitingQuestionWithChoicesById: '/Core/Core/api/recruitingquestionapi/GetRecruitingQuestionWithChoicesById',
          getMultiSelectListDropdownsById: '/Core/Core/api/recruitingquestionapi/GetMultiSelectListDropdownsById',

          getRecruitingQuestions: '/Core/Core/api/recruitingquestionapi/GetRecruitingQuestions',
          getFilteredRecruitingQuestions: '/Core/Core/api/recruitingquestionapi/GetFilteredRecruitingQuestions',

          addOrUpdateFlattenRecruitingQuestion: '/Core/Core/api/recruitingquestionapi/AddOrUpdateFlattenRecruitingQuestion',
          addOrUpdateDateTimeRecruitingQuestion: '/Core/Core/api/recruitingquestionapi/AddOrUpdateDateTimeRecruitingQuestion',
          addOrUpdateMultipleTextBoxes: '/Core/Core/api/recruitingquestionapi/AddOrUpdateMultipleTextBoxes',
          addOrUpdateRatingMatrix: '/Core/Core/api/recruitingquestionapi/AddOrUpdateRatingMatrix',
          addOrUpdateRecruitingQuestionWithChoices: '/Core/Core/api/recruitingquestionapi/AddOrUpdateRecruitingQuestionWithChoices',
          addOrUpdateMultiSelectListDropdowns: '/Core/Core/api/recruitingquestionapi/AddOrUpdateMultiSelectListDropdowns',

          restoreOrInactivateRecruitingQuestion: '/Core/Core/api/recruitingquestionapi/RestoreOrInactivateRecruitingQuestion',
          deleteRecruitingQuestions: '/Core/Core/api/recruitingquestionapi/DeleteRecruitingQuestions',

          searchRecruitingQuestionTags: '/Core/Core/api/recruitingquestionapi/SearchRecruitingQuestionTags',
          getAllRecruitingQuestionTags: '/Core/Core/api/recruitingquestionapi/GetAllRecruitingQuestionTags'
        },

        competencyModels:{
          getPermissionUrl: '/Core/Core/api/competencymodelapi/GetPermission',
          getCompetencyModelsUrl: '/Core/Core/api/competencymodelapi/getcompetencymodels',
          saveCompetencyModelsUrl: '/Core/Core/api/competencymodelapi/savecompetencymodel',
          getCompetencyModelEditUrl: '/Core/Core/api/competencymodelapi/getcompetencymodel' + '?targetAssessmentID=',
          deleteCompetencyModelsUrl: '/Core/Core/api/competencymodelapi/deletecompetencymodels' + '?targetAssessmentIDs=',
          copyCompetencyModelsUrl: '/Core/Core/api/competencymodelapi/CopyCompetencyModel' + '?targetAssessmentIDs='
        },

        behaviors:{
          getBehaviorDetailsUrl: '/Core/Core/api/behaviorapi/GetBehaviorDetail',
          getBehaviorsByCmpIdUrl: '/Core/Core/api/behaviorapi/GetBehaviorsbyCmpID',
          getBehaviorsByCmpIdsUrl: 'https://cl08sales.sumtotaldevelopment.net/Services/api/behavior/GetBehaviorsByCmpIDs',
          SaveNewBehaviorDetailUrl: '/Core/Core/api/behaviorapi/SaveNewBehaviorDetail',
          DeleteOrCopyBehaviorsUrl: '/Core/Core/api/behaviorapi/DeleteOrCopyBehaviors',
          ExportBehaviorsUrl: '/Core/Core/api/behaviorapi/ExportBehaviors',
          getPermissionUrl: '/Core/Core/api/behaviorapi/GetPermission',
          getLeftNavPermissionUrl: '/Core/Core/api/behaviorapi/getLeftNavPermission',
          getAssociatedActivitiesUrl: '/Core/Core/api/behaviorapi/getAssocicatedActivities',
          getActivitiesBySearchCritUrl: '/Core/Core/api/behaviorapi/getActivitiesBySearchCrit',
          addDeleteActivitiesUrl: '/Core/Core/api/behaviorapi/addDeleteActivities',
        },
        domains:{
          getListofLMOrgandDomainsUrl: '/Core/Core/api/DomainDataApi/GetListofDomains',
          getCurrentLoginUserDomainUrl: '/Core/Core/api/DomainDataApi/GetCurrentLoginUserDomain',
          expireCurrentDomainCache: '/Core/Core/api/DomainDataApi/ExpireCurrentDomainCache'
        },
        lookups:{
          getListofLMSecurityRolesUrl: '/Core/Core/api/LookupsApi/GetListofLMSecurityRoles',
          getListofTMBusinessUrl: '/Core/Core/api/LookupsApi/GetListofTMBusiness',
          getCodeDefinitionsUrl: '/Core/Core/api/lookupsapi/allcodecats',
          getCodesUrl: '/Core/Core/api/lookupsapi/codecats',
          getMultipleCodesUrl: '/Core/Core/api/lookupsapi/GetCodeDefinitions',
          getCodesForRatingUrl: '/Core/Core/api/lookupsapi/codecatsforrating',
          getCodeDefinitionsListUrl: '/Core/Core/api/lookupsapi/codecatsforedit',
          getCodeDefinitionsEditUrl: '/Core/Core/api/lookupsapi/editcodecat',
          getCodeDefinitionscodesforeditUrl: '/Core/Core/api/lookupsapi/codesforedit',
          getLinkedCodesForCatcd: '/Core/Core/api/lookupsapi/linkedcodes',
          getCodeDefinitionsSaveUrl: '/Core/Core/api/lookupsapi/savecodecat',
          getCodeDefinitionUpdateStatusUrl: '/Core/Core/api/lookupsapi/updatecodecatstatus',
          getCodesEditUrl: '/Core/Core/api/lookupsapi/editcode',
          getCodesSaveUrl: '/Core/Core/api/lookupsapi/savecode',
          getCodeUpdateStatusUrl: '/Core/Core/api/lookupsapi/updatecodestatus',
          getTimezonesUrl: '/Core/Core/api/lookupsapi/alltimezones',
          getCodeByCatcdUrl: '/Core/Core/api/lookupsapi/codecats' + '?catcode='
        },
        developmentplan:{
          getDevPlanofUserForPeriodUrl: '/Core/Core/api/developmentplanapi/GetDevelopmentPlanForOwnerForPeriod',
          getDevelopmentPlanTasksForPlanUrl: '/Core/Core/api/developmentplanapi/GetDevelopmentPlanTasksForPlan',
          getDevelopmentPlanActivitiesForOwner: '/Core/Core/api/developmentplanapi/GetDevelopmentPlanActivitiesForOwner',
          SaveDevelopmentPlanUrl: '/Core/Core/api/developmentplanapi/SaveDevelopmentPlan',
          SaveDevelopmentPlanActivityUrl: '/Core/Core/api/developmentplanapi/SaveDevelopmentPlanActivity',
          getGoalPeriodsUrl: '/Core/Core/api/developmentplanapi/GetGoalPeriodsList',
          deleteDevelopmentPlanActivityUrl: '/Core/Core/api/developmentplanapi/DeleteDevPlanActivity',
          deleteDevelopmentPlanGroupUrl: '/Core/Core/api/developmentplanapi/DeleteDevelopmentPlanGroup',
          getDevPlanGroupsUrl: '/Core/Core/api/developmentplanapi/GetDevPlanGroups',
          saveDevPlanGroupsUrl: '/Core/Core/api/developmentplanapi/SaveDevelopmentPlanGroup',
          saveDevPlanPeriodUrl: '/Core/Core/api/developmentplanapi/SaveDevelopmentPlanPeriod',
          getDirectReportsDataUrl:'/Core/Core/api/developmentplanapi/getDirectReportsData',
          saveMultipleActivitiesUrl:'/Core/Core/api/developmentplanapi/MultiAssignActivity',
          getAllCompetenciesUrl: '/Core/Core/api/developmentplanapi/GetAllCompetencies',
          getActivitiesForCompetencyUrl: '/Core/Core/api/developmentplanapi/GetActivitiesForCompetency',
          SaveApprovalStatusUrl: '/Core/Core/api/developmentplanapi/SaveApprovalStatus',
          getLatestPeriodUrl: '/Core/Core/api/developmentplanapi/GetLatestGoalPeriod',
          getDevPlanOfUsersForAPeriodUrl: '/Core/Core/api/developmentplanapi/GetDevPlanOfUsersForAPeriod',
          getDevPlanOwnerInfoUrl: '/Core/Core/api/developmentplanapi/GetDevPlanOwnerInfo',
          getDevPlanOwnerUserNameUrl: '/Core/Core/api/developmentplanapi/GetDevPlanOwnerUserName',
          getUserJobUrl: '/Core/Core/api/developmentplanapi/GetUserJob',
          getCompetenciesForUserJobUrl: '/Core/Core/api/developmentplanapi/GetCompetenciesForUserJob',
          getCompetencyBehaviorsUrl: '/Core/Core/api/developmentplanapi/GetCompetencyBehaviors',
          getCodesForDevPlanUrl: '/Core/Core/api/developmentplanapi/GetCodesForDevPlan',
          getRatingScaleUrl: '/Core/Core/api/developmentplanapi/GetRatingScale',
          getTargetScaleUrl: '/Core/Core/api/developmentplanapi/GetTargetScale',
          getAssessedCompetenciesUrl: '/Core/Core/api/developmentplanapi/GetAssessedCompetencies',
          getmodelDataUrl:'/Core/Core/api/developmentplanapi/GetmodelData',
          getCompetenciesForPositionUrl: '/Core/Core/api/developmentplanapi/GetCompetenciesForPosition',
          HasManagerRelationshipUrl:'/Core/Core/api/developmentplanapi/HasManagerRelationship',
          getActivitiesBySearchCritUrl: '/Core/Core/api/developmentplanapi/getActivitiesBySearchCrit',
          getManagerCommentsForDevPlanUrl: '/Core/Core/api/developmentplanapi/GetManagerCommentsForDevPlan',
          getUDPGroupsUrl: '/Core/Core/api/developmentplanapi/GetUDPGroups',
          getUDPGroupDetailsUrl: '/Core/Core/api/developmentplanapi/GetUDPGroupDetails',
          saveUDPGroupDataUrl: '/Core/Core/api/developmentplanapi/SaveUDPGroupData',
          checkDevelopmentPlanSecurityUrl: '/Core/Core/api/developmentplanapi/CheckDevelopmentPlanSecurity',
          SaveDevelopmentPlanObjective: 'https://cl08sales.sumtotaldevelopment.net/Services/api/UDP/SaveDevelopmentPlanObjective',
          getDevPlanObjectives: 'https://cl08sales.sumtotaldevelopment.net/Services/api/UDP/GetDevPlanObjectives',
          deleteObjective: 'https://cl08sales.sumtotaldevelopment.net/Services/api/UDP/DeleteObjective',
          getDevelopmentPlanForOwner: 'https://cl08sales.sumtotaldevelopment.net/Services/api/UDP/GetDevelopmentPlanForOwner'
        },
        newDevelopmentPlan:{
          createEditTaskURL: 'https://cl08sales.sumtotaldevelopment.net/Services/api/UDP/CreateEditTask',
          saveDevPlanComments: 'https://cl08sales.sumtotaldevelopment.net/Services/api/UDP/SaveDevPlanComments',
          getDevPlanForUserURL: 'https://cl08sales.sumtotaldevelopment.net/Services/api/UDP/GetUnifiedDevelopmentPlan',
          getDevPlanObjectivesURL: 'https://cl08sales.sumtotaldevelopment.net/Services/api/UDP/GetDevPlanObjectives',
          getDevPlanTasksURL: 'https://cl08sales.sumtotaldevelopment.net/Services/api/UDP/GetDevPlanTasks',
          saveUDPConfigSettingsUrl: 'https://cl08sales.sumtotaldevelopment.net/Services/api/UDP/SaveUDPConfigSettings',
          togglePrivateStatusUrl: 'https://cl08sales.sumtotaldevelopment.net/Services/api/UDP/TogglePrivateStatus',
          saveMultipleActivitiesUrl:'https://cl08sales.sumtotaldevelopment.net/Services/api/UDP/MultiAssignActivity',
          getDevelopmentPlanSettingsUrl:'https://cl08sales.sumtotaldevelopment.net/Services/api/UDP/GetDevelopmentPlanSettings',
          getSkillsForDevPlanTasksUrl: 'https://cl08sales.sumtotaldevelopment.net/Services/api/UDP/GetSkillsForDevPlanTasks',
          getCompetenciesForDevPlanTasksUrl:'https://cl08sales.sumtotaldevelopment.net/Services/api/UDP/GetCompetenciesForDevPlanTasks',
          getSkillsForJobUrl : 'https://cl08sales.sumtotaldevelopment.net/Services/api/UDP/GetSkillsForJob',
          GetActivitiesForSkillUrl:'https://cl08sales.sumtotaldevelopment.net/Services/api/UDP/GetActivitiesForSkill',
          GetSkillsForUserUrl:'https://cl08sales.sumtotaldevelopment.net/Services/api/UDP/GetSkillsForUser',
          GetJobsForActivitiesUrl:'https://cl08sales.sumtotaldevelopment.net/Services/api/UDP/GetJobsForActivities',
          GetUserDevPlanForPeriodUrl : 'https://cl08sales.sumtotaldevelopment.net/Services/api/UDP/GetUserDevPlanForPeriod'
        },
        userManagement:{
          getModelsUrl: '/Core/Core/api/globalconfiguratorapi/models',
          getGlobalConfigurationUrl: '/Core/Core/api/globalconfiguratorapi/globalconfigurations',
          saveGlobalConfigurationUrl: '/Core/Core/api/globalconfiguratorapi/saveglobalconfiguration',
          getAdvancedConfigurationUrl: '/Core/Core/api/globalconfiguratorapi/advancedconfigurations',
          saveAdvancedConfigurationUrl: '/Core/Core/api/globalconfiguratorapi/saveadvancedconfiguration',
          getModelConfigurationUrl: '/Core/Core/api/globalconfiguratorapi/modelconfigurations',
          getAvailableUserFieldsUrl: '/Core/Core/api/globalconfiguratorapi/availableuserfields?targetuserid=',
          getAvailableEditUserLinksUrl: '/Core/Core/api/globalconfiguratorapi/availableedituserlinks',
          getExtendedAdvancedConfigurationUrl: '/Core/Core/api/globalconfiguratorapi/extendedconfigurations',
          getAdvancedSectionConfigurationUrl: '/Core/Core/api/globalconfiguratorapi/extendedsectionconfigurations',
          saveExtendedConfigurationUrl: '/Core/Core/api/globalconfiguratorapi/saveextendedconfiguration',
          forgetUserListUrl: 'https://cl08sales.sumtotaldevelopment.net/Services/api/user/forgetuserlist',
          forgetUserUrl: 'https://cl08sales.sumtotaldevelopment.net/Services/api/user/forgetuser'
        },
        userAccount:{
          getUserAccountGeneralSettingsUrl:  '/Core/Core/api/UserAccountCreationApi/GetUserAccountCreationGeneralSettings',
          saveUserAccountGeneralSettingsUrl:  '/Core/Core/api/UserAccountCreationApi/SaveUserAccountCreationGeneralSettings',
          getSSOBrokerUrl:'/Core/Core/api/UserAccountCreationApi/GetSSOBrokerUrl'
        },
        udpConfiguration:{
          getGoalPeriodsUrl: '/Core/Core/api/developmentplanapi/GetGoalPeriodsList',
          getGoalPeriodUrl: '/Core/Core/api/developmentplanapi/GetGoalPeriod',
          saveGoalPeriodUrl: '/Core/Core/api/developmentplanapi/SaveGoalPeriod',
          deleteGoalPeriodsUrl: '/Core/Core/api/developmentplanapi/DeleteGoalPeriods',
          getUdpRequiresApprovalConfigUrl: '/Core/Core/api/developmentplanapi/GetUdpApprovalCofiguration',
          getDevelopmentPlanConfigurationUrl: '/Core/Core/api/developmentplanapi/GetDevelopmentPlanConfiguration',
          getActiveLanguagesUrl: '/Core/Core/api/developmentplanapi/GetActiveLanguages'
        },
        myresume:{
          getResumeDataUrl: '/Core/Core/api/ResumeApi/GetResumeData',
          getCertificationNamesDataUrl: '/Core/Core/api/LookupsApi/GetCertificationNamesList',
          getLstinstitutionsNamesDataUrl: '/Core/Core/api/LookupsApi/GetAvailableSchools',
          getViewLanguageProficiencyDataUrl: '/Core/Core/api/ResumeApi/GetLanguageProficiencyList',
          getEducationByIdUrl: '/Core/Core/api/ResumeApi/GetEducationById',
          getViewLocationPreferenceDataUrl: '/Core/Core/api/ResumeApi/GetLocationPreferenceList',
          getCareerInformationDataUrl: '/Core/Core/api/ResumeApi/GetCareerInformation',
          saveCareerInformationForUserUrl: '/Core/Core/api/ResumeApi/SaveCareerInformationForUser',
          deleteLocationPreferenceUrl: '/Core/Core/api/ResumeApi/deleteLocationPreference',
          getCountriesUrl: '/Core/Core/api/LookupsApi/countries',
          getStatesbyIdUrl: '/Core/Core/api/LookupsApi/provinces',
          getCitiesByIdUrl: '/Core/Core/api/LookupsApi/GetCities',
          getDegreesUrl: '/Core/Core/api/ResumeApi/degreeOptions',
          getWorkExperienceListUrl: '/Core/Core/api/ResumeApi/GetWorkExperienceList',
          saveWorkExperienceDetailsUrl: '/Core/Core/api/ResumeApi/SaveWorkExperienceDetails',
          getIndustryListUrl: '/Core/Core/api/ResumeApi/GetIndustryList'+ '?pid=' + '9AD36C46327219F4BE439AA4E0CB8371',
          saveProjectExperienceDetailsUrl: '/Core/Core/api/ResumeApi/SaveProjectExperienceDetails',
          getWillingtoTravelOptionsListUrl: '/Core/Core/api/ResumeApi/GetWillingtoTravelOptionsList'+ '?pid=' + '9AD36C46327219F4BE439AA4E0CB8371',
          savelocationPreferenceDetailsUrl: '/Core/Core/api/ResumeApi/SavelocationPreferenceDetails',
          saveLanguageProficiencyDetailsUrl: '/Core/Core/api/ResumeApi/SaveLanguageProficiencyDetails',
          submitEducationUrl: '/Core/Core/api/ResumeApi/SaveEducation',
          submitMembershipUrl:'/Core/Core/api/ResumeApi/SaveMembership',
          submitCertificationUrl: '/Core/Core/api/ResumeApi/SaveCertification',
          submitSkillUrl: '/Core/Core/api/ResumeApi/SaveSkill',
          getLanguageProficiencyOptionsUrl: '/Core/Core/api/ResumeApi/GetLanguageProficiencyOptions',
          getLanguageOptionsUrl: '/Core/Core/api/ResumeApi/GetLanguageOptions',
          deleteLanguageProficiencyDetailsUrl: '/Core/Core/api/ResumeApi/DeleteLanguageProficiencyDetails',
          deleteLocationPreferenceDetailsUrl: '/Core/Core/api/ResumeApi/DeleteLocationPreferenceDetails',
          getCodeByCatcdUrl: '/Core/Core/api/LookupsApi/catCodesbyLang' + '?catCd=',
          getAllResumeOptionsUrl: '/Core/Core/api/ResumeApi/GetAllResumeOptions',
          getResumeConfigUrl: '/Core/Core/api/ResumeApi/GetResumeConfig',
          GetAwardsUrl: '/Core/Core/api/resumeapi/GetAwards',
          AddAwardsUrl: '/Core/Core/api/resumeapi/AddAwards',
          UpdateAwardsUrl: '/Core/Core/api/resumeapi/UpdateAwards',
          DeleteAwardsUrl: '/Core/Core/api/resumeapi/DeleteAwards'
        },
        onBoardingResume:{
          getResumeDataUrl: '/Core/Core/api/OnBoardingResumeApi/GetResumeData',
          getResumeResponseDataUrl: 'https://cl08sales.sumtotaldevelopment.net/Services/api/Resume/GetResumeResponseData',
          ParseResumeUrl: 'https://cl08sales.sumtotaldevelopment.net/Services/api/Resume/GetParsedResumeData',
          getResumeConfigDataUrl: '/Core/Core/api/OnBoardingResumeApi/GetResumeConfigData',
          getPersonResumesUrl: '/Core/Core/api/OnBoardingResumeApi/GetPersonResumes',
          getMultipleResumesUrl: '/Core/Core/api/OnBoardingResumeApi/GetMultipleResumes',
          getCountriesUrl: '/Core/Core/api/LookupsApi/countries',
          getStatesbyIdUrl: '/Core/Core/api/LookupsApi/provinces',
          getCitiesByIdUrl: '/Core/Core/api/LookupsApi/GetCities',
          saveResumeDataUrl: '/Core/Core/api/OnBoardingResumeApi/SaveResumeData',
          saveMultipleResumesUrl: '/Core/Core/api/OnBoardingResumeApi/SaveMultipleResumes',
          getResumeOptionsUrl: '/Core/Core/api/OnBoardingResumeApi/GetResumeOptions',
          getCodeByCatcdUrl: '/Core/Core/api/LookupsApi/catCodesbyLang' + '?catCd=',
          getRequisitionsHistoryUrl: '/Core/Core/api/OnBoardingResumeApi/GetRequisitionHistoryForUser',
          getFeedbackUrl: '/Core/Core/api/OnBoardingResumeApi/GetFeedback',
          getRequisitionJobTemplateSalaryRangeUrl: '/Core/Core/api/OnBoardingResumeApi/GetRequisitionJobTemplateSalaryRange',
          getInternalEquityDetailsUrl: '/Core/Core/api/OnBoardingResumeApi/GetInternalEquityDetails',
          getResumeReferencesUrl: '/Core/Core/api/OnBoardingResumeApi/GetResumeReferences',
          getManagerInfo: '/Core/Core/api/OnBoardingResumeApi/GetManagerId',
          getSchoolsUrl: '/Core/Core/api/LookupsApi/GetAvailableSchools',
          getResumeAndApplicationPermissionUrl: 'https://cl08sales.sumtotaldevelopment.net/Services/api/Resume/GetResumeAndApplicationPermission'
        },
        onBoardingRequisition:{
          getEmployeesUrl: '/Core/Core/api/OnBoardingRequisitionApi/GetEmployees',
          getPostingSitesUrl: '/Core/Core/api/OnBoardingRequisitionApi/GetPostingSites',
          getWorkLocationsUrl: '/Core/Core/api/OnBoardingRequisitionApi/GetWorkLocations',
          getJobPositionsUrl: '/Core/Core/api/OnBoardingRequisitionApi/GetJobPositions',
          getJobTemplatesUrl: '/Core/Core/api/OnBoardingRequisitionApi/GetJobTemplates',
          saveRequisitionDataUrl: '/Core/Core/api/OnBoardingRequisitionApi/SaveRequisitionData',
          getRequisitionsUrl: '/Core/Core/api/OnBoardingRequisitionApi/GetRequisitions',
          getRequisitionDataUrl: '/Core/Core/api/OnBoardingRequisitionApi/GetRequisitionDetails',
          getRequisitionDataForPreviewUrl: '/Core/Core/api/OnBoardingRequisitionApi/GetRequisitionDetailsForPreview',
          getSkillsUrl: '/Core/Core/api/LookupsApi/GetAvailableSkills',
          getCertificationsUrl: '/Core/Core/api/LookupsApi/GetCertificationNamesList',
          getPostingSiteUrl: '/Core/Core/api/OnBoardingRequisitionApi/GetPostingSite',
          getUpdateRequisitionStatusUrl: '/Core/Core/api/OnBoardingRequisitionApi/UpdateRequisitionStatus',
          getRequisitionPermissionUrl: '/Core/Core/api/OnBoardingRequisitionApi/GetPermissions',
          applyRequisitionUrl: '/Core/Core/api/OnBoardingRequisitionApi/ApplyForRequisition',
          getApplicationAssessmentForRequisitionUrl: '/Core/Core/api/OnBoardingRequisitionApi/GetApplicationAssessmentForRequisition',
          getRequisitionStatusUrl: '/Core/Core/api/OnBoardingRequisitionApi/GetStatusOptions',
          getCreateFromUrl: '/Core/Core/api/OnBoardingRequisitionApi/CreateRequisitionFrom',
          getRequisitionCandidatesUrl: '/Core/Core/api/OnBoardingRequisitionApi/GetCandidates',
          getPositionFitMetricDetails: '/Core/Core/api/OnBoardingRequisitionApi/GetCandidatePositionFitDetails',
          getGeographicalDetailsUrl: '/Core/Core/api/OnBoardingRequisitionApi/GetGeographicalDetails',
          getClientHierarchyLevelsUrl: '/Core/Core/api/OnBoardingRequisitionApi/GetClientHierarchyLevels',
          getJobFitForUser: '/Core/Core/api/OnBoardingRequisitionApi/GetJobFitForUser',
          getRequisitionRolesUrl: '/Core/Core/api/OnBoardingRequisitionApi/GetRequisitionRoles',
          getRecentlyAccessedRequisitionApplicationsUrl:'https://cl08sales.sumtotaldevelopment.net/Services/api/RecruitingWidgets/GetRecentlyAccessedRequisitionApplications',
          saveRecentlyAccessedApplicationUrl:'https://cl08sales.sumtotaldevelopment.net/Services/api/RecruitingWidgets/SaveRecentlyAccessedApplication',
          getRequisitionSummaryUrl:'https://cl08sales.sumtotaldevelopment.net/Services/api/RecruitingWidgets/GetRequisitionSummary',
          getRequisitionDashboardUrl: '/Core/Core/api/OnBoardingRequisitionApi/LoadRequisitionDashboardByUrlWithPermissions',
          getRequisitionAssessmentsUrl: '/Core/Core/api/OnBoardingRequisitionApi/GetRequisitionAssessments',
          getRequisitionAssessmentUrl: '/Core/Core/api/OnBoardingRequisitionApi/GetRequisitionAssessment',
          createUpdateRequisitionAssessmentUrl: '/Core/Core/api/OnBoardingRequisitionApi/CreateUpdateRequisitionAssessment',
          deleteRequisitionAssessmentsUrl: '/Core/Core/api/OnBoardingRequisitionApi/DeleteRequisitionAssessments',
          deleteRequisitionsUrl: '/Core/Core/api/OnBoardingRequisitionApi/DeleteRequisitions',
          getApprovalHistory:'https://cl08sales.sumtotaldevelopment.net/Services/api/Requisition/GetApprovalHistory',
          approveRequisitionUrl: 'https://cl08sales.sumtotaldevelopment.net/Services/api/Requisition/ApproveTask',
          getFavouriteJobsUrl:'https://cl08sales.sumtotaldevelopment.net/Services/api/jobSearch/GetFavoriteJobs/',
          getRecommendedJobsForUserUrl: 'https://cl08sales.sumtotaldevelopment.net/Services/api/RecruitingWidgets/GetRecommendedJobsForUser',
          getRequisitionApplicationsCountForPhaseUrl:'https://cl08sales.sumtotaldevelopment.net/Services/api/CandidateManagement/GetRequisitionApplicationsCountForPhase',
          addRequisitionAssessmentsUrl: '/Core/Core/api/OnBoardingRequisitionApi/AddRequisitionAssessments',
          saveRequisitionAnswersUrl: 'https://cl08sales.sumtotaldevelopment.net/Services/api/Requisition/SaveRequisitionAssessmentAnswer',
          updateJobBoardDataUrl: '/Core/Core/api/OnBoardingRequisitionApi/UpdateJobBoardData',
          postToEQuestUrl: '/Core/Core/api/OnBoardingRequisitionApi/PostToEQuest',
          deletePostingUrl: '/Core/Core/api/OnBoardingRequisitionApi/DeletePosting',
          getEQuestJobPostingsUrl: '/Core/Core/api/OnBoardingRequisitionApi/GetEQuestJobPostings',
          getEQuestJobIdUrl: '/Core/Core/api/OnBoardingRequisitionApi/GetEQuestJobId',
          SubmitRequisitionAssessmentAnswersUrl:'https://cl08sales.sumtotaldevelopment.net/Services/api/Requisition/SubmitRequisitionAssessmentAnswers',
        },
        onBoardingCandidateManagement: {
          getRequisitionCandidateUrl: 'https://cl08sales.sumtotaldevelopment.net/Services/api/CandidateManagement/GetRequisitionCandidates',
          getCodeDefinitionsUrl: 'https://cl08sales.sumtotaldevelopment.net/Services/api/CandidateManagement/GetCodeDefinition',
          updateRequisitionApplicationUrl: 'https://cl08sales.sumtotaldevelopment.net/Services/api/CandidateManagement/UpdateApplicationRaking',
          saveInterviewScheduleUrl: 'https://cl08sales.sumtotaldevelopment.net/Services/api/RecruitingInterview/SaveInterviewSchedule',
          getAssessmentsForInterviewerUrl: 'https://cl08sales.sumtotaldevelopment.net/Services/api/RecruitingInterview/GetAssessmentsForInterviewer',
          getRequisitionsUrl: 'https://cl08sales.sumtotaldevelopment.net/Services/api/CandidateManagement/GetRequistions',
          getUsersUrl : 'https://cl08sales.sumtotaldevelopment.net/Services/api/CandidateManagement/GetUsers',
          AddCandidatesToFolderUrl:'https://cl08sales.sumtotaldevelopment.net/Services/api/CandidateManagement/AddCandidateToFolder',
          getRequisitionApplicationUrl: 'https://cl08sales.sumtotaldevelopment.net/Services/api/CandidateManagement/GetRequisitionApplication',
          getRecruitingFolders:'https://cl08sales.sumtotaldevelopment.net/Services/api/CandidateManagement/GetRecruitingFolders',
          getInterviewsForCandidateUrl: 'https://cl08sales.sumtotaldevelopment.net/Services/api/CandidateManagement/GetInterviewsForCandidate',
          GetEmailLogForCandidateUrl: 'https://cl08sales.sumtotaldevelopment.net/Services/api/CandidateManagement/GetEmailLogForCandidate',
          getListOfFoldersUrl: 'https://cl08sales.sumtotaldevelopment.net/Services/api/CandidateManagement/GetListOfFolders',
          GetEmailLogForCandidateUrl: 'https://cl08sales.sumtotaldevelopment.net/Services/api/CandidateManagement/GetEmailLogForCandidate',
          saveRecruitingFolder: 'https://cl08sales.sumtotaldevelopment.net/Services/api/CandidateManagement/SaveRecruitingFolder',
          savecandidateSearch: 'https://cl08sales.sumtotaldevelopment.net/Services/api/CandidateManagement/SaveCandidateSearch',
          getSavedSearches: 'https://cl08sales.sumtotaldevelopment.net/Services/api/CandidateManagement/GetSavedSearches',
          getCandidateTransactionHistoryUrl:'https://cl08sales.sumtotaldevelopment.net/Services/api/CandidateManagement/GetCandidateTransactionHistory',
          getRequisitionApplicationForCandidateUrl: 'https://cl08sales.sumtotaldevelopment.net/Services/api/CandidateManagement/GetRequisitionApplicationForCandidate',
          applyToRequisitionUrl: 'https://cl08sales.sumtotaldevelopment.net/Services/api/CandidateManagement/ApplyToRequisition',
          getAssessmentsForApplicationUrl: 'https://cl08sales.sumtotaldevelopment.net/Services/api/CandidateManagement/GetAssessmentsForApplication',
          getRequisitionCandidateAssessmentUrl: 'https://cl08sales.sumtotaldevelopment.net/Services/api/CandidateManagement/GetRequisitionCandidateAssessment',
          getCandidateExplorerOptions:'https://cl08sales.sumtotaldevelopment.net/Services/api/CandidateManagement/GetCandidateExplorerOptions',
          getCandidateAssessments: 'https://cl08sales.sumtotaldevelopment.net/Services/api/CandidateManagement/GetCandidateAssessments',
          removeCandidateUrl:'https://cl08sales.sumtotaldevelopment.net/Services/api/CandidateManagement/RemoveCandidate',
          getCandidateChecksData:'https://cl08sales.sumtotaldevelopment.net/Services/api/CandidateManagement/GetCandidateChecksData',
          saveChecksData: 'https://cl08sales.sumtotaldevelopment.net/Services/api/CandidateManagement/saveCandidateChecksData',
          getRecommendedCandidateListUrl:'https://cl08sales.sumtotaldevelopment.net/Services/api/CandidateManagement/GetRecommendedCandidateList',
          recommendedCandidatesActionUrl:'https://cl08sales.sumtotaldevelopment.net/Services/api/CandidateManagement/RecommendedCandidatesAction',
		  deleteGDPRExternalCandidateData:'https://cl08sales.sumtotaldevelopment.net/Services/api/CandidateManagement/deleteGDPRExternalCandidates',
          saveRequisitionCandidateAssessment:'https://cl08sales.sumtotaldevelopment.net/Services/api/CandidateManagement/SaveCandidateAssesssment',
          sendCandidateCommunication: 'https://cl08sales.sumtotaldevelopment.net/Services/api/CandidateManagement/SendCandidateCommunication',
          getCandidateCommunication: 'https://cl08sales.sumtotaldevelopment.net/Services/api/CandidateManagement/GetCandidateCommunicationList',
          getCreateCandidateFormModelUrl: 'https://cl08sales.sumtotaldevelopment.net/Services/api/GlobalConfigurator/modelconfigurations',
          sendCandidateCommunication: 'https://cl08sales.sumtotaldevelopment.net/Services/api/CandidateManagement/SendCandidateCommunication',
          addUserManuallyUrl: 'https://cl08sales.sumtotaldevelopment.net/Services/api/CandidateManagement/AddCandidate',
          deleteCandidateFromRequisitionUrl: 'https://cl08sales.sumtotaldevelopment.net/Services/api/CandidateManagement/DeleteCandidatesFromRequisition',
          getCandidateCommunicationContent: 'https://cl08sales.sumtotaldevelopment.net/Services/api/CandidateManagement/GetCandidateCommunication',
            sendEmailNotificationToCandidateUrl: 'https://cl08sales.sumtotaldevelopment.net/Services/api/CandidateManagement/sendEmailNotificationToCandidate',
            restrictCandidateForReApplyUrl:'https://cl08sales.sumtotaldevelopment.net/Services/api/CandidateManagement/GetRestrictCandidateForReApply',
          sendBulkEmailsToCandidatesUrl: 'https://cl08sales.sumtotaldevelopment.net/Services/api/CandidateManagement/SendBulkEmailsToCandidates',
          getCandidateDetailsUrl: 'https://cl08sales.sumtotaldevelopment.net/Services/api/CandidateManagement/GetCandidateDetails'
        },
        onBoardingOfferManagement: {
          getRequisitionCompensationUrl: 'https://cl08sales.sumtotaldevelopment.net/Services/api/OfferManagement/GetRequisitionCompensationData',
          saveApplicationOfferUrl: 'https://cl08sales.sumtotaldevelopment.net/Services/api/OfferManagement/SaveApplicationOffer',
          getCurrencyCodesUrl: '/Core/Core/api/OnBoardingRequisitionApi/GetCurrencyCodes',
          getOfferDataUrl: 'https://cl08sales.sumtotaldevelopment.net/Services/api/OfferManagement/GetApplicationOfferData',
          deleteCompensationUrl: 'https://cl08sales.sumtotaldevelopment.net/Services/api/OfferManagement/DeleteCompensation',
          deleteAttachmentUrl: 'https://cl08sales.sumtotaldevelopment.net/Services/api/OfferManagement/DeleteAttachment',
          getPayTypeUrl: 'https://cl08sales.sumtotaldevelopment.net/Services/api/OfferManagement/GetPayType',
          getRequisitionOfferWorkflowKey: 'https://cl08sales.sumtotaldevelopment.net/Services/api/OfferManagement/GetRequisitionOfferWorkflowKey',
          sendSignatureRequest:'https://cl08sales.sumtotaldevelopment.net/Services/api/OfferManagement/SendSignatureRequest'
        },
        recruitingHire: {
          processHireUrl: 'https://cl08sales.sumtotaldevelopment.net/Services/api/RecruitingHire/ProcessHire',
          GetRecruitingHiresUrl: 'https://cl08sales.sumtotaldevelopment.net/Services/api/RecruitingHire/GetRecruitingHires',
          ExportCandidateDetailsUrl: '/Core/Core/api/profiledata/ExportCandidateDetails',
          CreateEmployeeRecordUrl : 'https://cl08sales.sumtotaldevelopment.net/Services/api/RecruitingHire/CreateEmployeeRecord',
          FinalizeNewHireUrl: 'https://cl08sales.sumtotaldevelopment.net/Services/api/RecruitingHire/FinalizeNewHire',
          canHireUrl : 'https://cl08sales.sumtotaldevelopment.net/Services/api/RecruitingHire/CanHire'
        },
        coaching:{
          getPermissionsUrl: 'https://cl08sales.sumtotaldevelopment.net/Services/api/coaching/GetPermissions',
          getIssuesForManagerUrl: 'https://cl08sales.sumtotaldevelopment.net/Services/api/Coaching/GetIssuesForManager',
          getEmployeeWithIssueForManagerUrl: 'https://cl08sales.sumtotaldevelopment.net/Services/api/Coaching/GetEmployeeWithIssueForManager'
        },
        continuousfeedback:{
          createOrEditFeedbackRequestUrl: 'https://cl08sales.sumtotaldevelopment.net/Services/api/continuousreview/CreateOrEditFeedbackRequest',
          createFeedbackRequestUrl: 'https://cl08sales.sumtotaldevelopment.net/Services/api/continuousreview/CreateFeedbackRequest',
          createOrEditFeedbackResponseUrl: 'https://cl08sales.sumtotaldevelopment.net/Services/api/continuousreview/CreateOrEditFeedbackResponse',
          getFeedbackRequestUrl: 'https://cl08sales.sumtotaldevelopment.net/Services/api/continuousreview/GetFeedbackRequest',
          getFeedbackResponseUrl: 'https://cl08sales.sumtotaldevelopment.net/Services/api/continuousreview/GetFeedbackResponse',
          getContinuousReviewItemsUrl: 'https://cl08sales.sumtotaldevelopment.net/Services/api/continuousreview/GetContinuousReviewItems',
          addRemoveCommentToFormUrl: 'https://cl08sales.sumtotaldevelopment.net/Services/api/continuousreview/AddRemoveCommentToForm',
          flagItemUrl: 'https://cl08sales.sumtotaldevelopment.net/Services/api/continuousreview/FlagItem',
          thankProviderUrl: 'https://cl08sales.sumtotaldevelopment.net/Services/api/continuousreview/ThankProvider',
          sendReminderUrl: 'https://cl08sales.sumtotaldevelopment.net/Services/api/continuousreview/SendReminder',
          getPermissionsUrl: 'https://cl08sales.sumtotaldevelopment.net/Services/api/continuousreview/GetPermissions',
          getFeedbackDatesDataUrl: 'https://cl08sales.sumtotaldevelopment.net/Services/api/continuousreview/GetFeedbackDatesData',
          createJournalUrl: 'https://cl08sales.sumtotaldevelopment.net/Services/api/continuousreview/CreateJournal',
          getJournalUrl: 'https://cl08sales.sumtotaldevelopment.net/Services/api/continuousreview/GetJournal',
          getCurrentManagerUrl: 'https://cl08sales.sumtotaldevelopment.net/Services/api/continuousreview/GetCurrentManager',
          replyJournalUrl: 'https://cl08sales.sumtotaldevelopment.net/Services/api/continuousreview/ReplyJournal',
          closeJournalUrl: 'https://cl08sales.sumtotaldevelopment.net/Services/api/continuousreview/CloseJournal',
          thankJournalUrl: 'https://cl08sales.sumtotaldevelopment.net/Services/api/continuousreview/ThankJournal',
          deleteJournalUrl: 'https://cl08sales.sumtotaldevelopment.net/Services/api/continuousreview/DeleteJournal',
          hardDeleteContinuousFeedbackUrl: 'https://cl08sales.sumtotaldevelopment.net/Services/api/continuousreview/HardDeleteContinuousFeedback',
          hardDeleteFeedbackJournalUrl: 'https://cl08sales.sumtotaldevelopment.net/Services/api/continuousreview/HardDeleteFeedbackJournal',

        },
        onboardingConfiguration:{
          getApprovalWorkflowsUrl: 'https://cl08sales.sumtotaldevelopment.net/Services/api/onboarding/configuration/getWorkflows',
          getApprovalWorkflowUrl: 'https://cl08sales.sumtotaldevelopment.net/Services/api/onboarding/configuration/getWorkflow',
          copyApprovalWorkflowsUrl: 'https://cl08sales.sumtotaldevelopment.net/Services/api/onboarding/configuration/copyWorkflows',
          saveApprovalWorkflowUrl: 'https://cl08sales.sumtotaldevelopment.net/Services/api/onboarding/configuration/saveWorkflow',
          deleteApprovalWorkflowUrl: 'https://cl08sales.sumtotaldevelopment.net/Services/api/onboarding/configuration/deleteWorkflow',
          activateApprovalWorkflowUrl: 'https://cl08sales.sumtotaldevelopment.net/Services/api/onboarding/configuration/activateWorkflow',
        },
        emailConfiguration: {
          saveEmailTemplateUrl: 'https://cl08sales.sumtotaldevelopment.net/Services/api/core/emailtemplates/saveEmailTemplate',
          getEmailTemplatesUrl: 'https://cl08sales.sumtotaldevelopment.net/Services/api/core/emailtemplates/getEmailTemplates',
          getEmailTemplateUrl: 'https://cl08sales.sumtotaldevelopment.net/Services/api/core/emailtemplates/getEmailTemplate',
          deleteEmailTemplateUrl: 'https://cl08sales.sumtotaldevelopment.net/Services/api/core/emailtemplates/deleteEmailTemplate',
          getEmailTemplateTypesUrl: 'https://cl08sales.sumtotaldevelopment.net/Services/api/core/emailtemplates/getEmailTemplateTypes/{category}'
        },
        journal:{
          addUpdateJournalUrl: '/Core/Core/api/journalapi/AddUpdateJournal',
          getJournalUrl: '/Core/Core/api/journalapi/GetJournal',
          getJournalsUrl: '/Core/Core/api/journalapi/GetJournals',
          getDirectReportsUrl: '/Core/Core/api/journalapi/GetDirectReports' ,
          getJournalAndFeedBackTimeline: '/Core/Core/api/journalapi/GetJournalAndFeedBackTimeLine',
        },
        feedbackTemplateConfiguraion: {
          getFeedbackTemplatesUrl: 'https://cl08sales.sumtotaldevelopment.net/Services/api/core/feedbacktemplates/getFeedbackTemplates',
          saveFeedbackTemplateUrl: 'https://cl08sales.sumtotaldevelopment.net/Services/api/core/feedbacktemplates/saveFeedbackTemplate',
          getFeedbackTemplateUrl: 'https://cl08sales.sumtotaldevelopment.net/Services/api/core/feedbacktemplates/getFeedbackTemplate',
          deleteFeedbackTemplatesUrl: 'https://cl08sales.sumtotaldevelopment.net/Services/api/core/feedbacktemplates/deleteFeedbackTemplates',
          getFeedbackTemplatesForSelectionUrl: 'https://cl08sales.sumtotaldevelopment.net/Services/api/core/feedbacktemplates/getFeedbackTemplatesForSelection'

        },
        feedbackQuestionConfiguraion: {
          getFeedbackQuestionUrl: 'https://cl08sales.sumtotaldevelopment.net/Services/api/core/feedbackquestions/getFeedbackQuestions',
          saveFeedbackQuestionUrl: 'https://cl08sales.sumtotaldevelopment.net/Services/api/core/feedbackquestions/saveFeedbackQuestion',
          deleteFeedbackQuestionsUrl: 'https://cl08sales.sumtotaldevelopment.net/Services/api/core/feedbackquestions/deleteFeedbackQuestions'
        },
        careerplan:{
          getSectionMatchesForJob: '/Core/Core/api/careerplanapi/GetSectionMatchesForJob',
          getCareerPlan:  '/Core/Core/api/careerplanapi/GetCareerPlan',
          getCareerPlanShares: '/Core/Core/api/careerplanapi/GetCareerPlanShares',
          deleteCareerPlanShare: '/Core/Core/api/careerplanapi/DeleteCareerPlanShare',
          addCareerPlanShare: '/Core/Core/api/careerplanapi/AddCareerPlanShare',
          getCareerPlanRecommendedJobs:  '/Core/Core/api/careerplanapi/GetCareerPlanRecommendedJobs',
          getLMskillsFromJob: '/Core/Core/api/careerplanapi/GetLMskillsFromJob',
          deleteCareerPlanJob: '/Core/Core/api/careerplanapi/DeleteCareerPlanJob',
          addCareerPlanJob: '/Core/Core/api/careerplanapi/AddCareerPlanJob',
          canViewCareerPlan: '/Core/Core/api/careerplanapi/CanViewCareerPlan',
          getCareerPlanActions:  '/Core/Core/api/careerplanapi/GetCareerPlanActions',
          addCareerPlanAction: '/Core/Core/api/careerplanapi/AddCareerPlanAction',
          deleteCareerPlanAction: '/Core/Core/api/careerplanapi/DeleteCareerPlanAction',
          skillmanagerrating: 'https://cl08sales.sumtotaldevelopment.net/Services/api/core/careerplan/skillmanagerrating',
          skillselfrating: 'https://cl08sales.sumtotaldevelopment.net/Services/api/core/careerplan/skillselfrating',
          learning: 'https://cl08sales.sumtotaldevelopment.net/Services/api/core/careerplan/learning'
        },
        notificationtemplates:
        {
          getNotificationTemplates: '/Core/Core/api/notificationtemplatesapi/getNotificationTemplates',
          getNotificationTemplate: '/Core/Core/api/notificationtemplatesapi/getNotificationTemplate'+ '?notificationID=',
          saveNotificationTemplateURL: '/Core/Core/api/notificationtemplatesapi/SaveNotificationTemplate',
        },
        competencyprofile:{
          getCompetencyProfile: '/Core/Core/api/competencyprofileapi/GetCompetencyProfile',
          getFeedbackForCompetency: '/Core/Core/api/competencyprofileapi/GetFeedbackForCompetency',
          getLMskillsFromCompetency: '/Core/Core/api/competencyprofileapi/GetLMskillsFromCompetency',
          getSuccessorPositionsForUser: '/Core/Core/api/competencyprofileapi/GetSuccessorPositionsForUser',
          getPrimaryJob: '/Core/Core/api/competencyprofileapi/GetPrimaryJob',
          getBehaviorsForCompetency: '/Core/Core/api/competencyprofileapi/GetBehaviorsForCompetency',
          updateCompetencySelfRatings: '/Core/Core/api/competencyprofileapi/UpdateCompetencySelfRatings',
          updateCompetencyManagerRatings: 'https://cl08sales.sumtotaldevelopment.net/Services/api/core/competencyprofile/competencymanagerratings',
          canViewSuccessionPlan: '/Core/Core/api/competencyprofileapi/CanViewSuccessionPlan',
          canViewCompetencyProfile: '/Core/Core/api/competencyprofileapi/CanViewCompetencyProfile'
        },
        surveybuilder:{
          getSurveyConfigDataUrl: 'https://cl08sales.sumtotaldevelopment.net/Services/api/SurveyBuilder/GetSurveyConfiguration',
          saveSurveyConfigDataUrl:'https://cl08sales.sumtotaldevelopment.net/Services/api/SurveyBuilder/SaveSurveyConfiguration',
          getSurveyList : 'https://cl08sales.sumtotaldevelopment.net/Services/api/SurveyBuilder/GetSurveyList',
          pushToAssessmentJobConfigDataUrl : 'https://cl08sales.sumtotaldevelopment.net/Services/api/SurveyBuilder/PushToAssessmentJob',
          copySurveyConfigDataUrl : 'https://cl08sales.sumtotaldevelopment.net/Services/api/SurveyBuilder/CopySurveyConfiguration',
          updateSurveyStatusUrl : 'https://cl08sales.sumtotaldevelopment.net/Services/api/SurveyBuilder/UpdateSurveyStatus',
          getCodeByCatcdUrl: '/Core/Core/api/lookupsapi/codecats',
        },
        assessment:{
          getAssessmentListUrl: 'https://cl08sales.sumtotaldevelopment.net/Services/api/HourlyAssessmentApi/GetHourlyAssessmentList',
          getFilterStatusTypesUrl: 'https://cl08sales.sumtotaldevelopment.net/Services/api/HourlyAssessmentApi/GetFilterStatusTypes',
          getActivityDetailsUrl: 'https://cl08sales.sumtotaldevelopment.net/Services/api/HourlyAssessmentApi/GetActivityDetails',
          deleteCancelAssessmentUrl: 'https://cl08sales.sumtotaldevelopment.net/Services/api/HourlyAssessmentApi/DeleteCancelAssessment',
          getSurveyListUrl:'https://cl08sales.sumtotaldevelopment.net/Services/api/HourlyAssessmentApi/GetSurveyList',
          getJobListUrl: 'https://cl08sales.sumtotaldevelopment.net/Services/api/HourlyAssessmentApi/GetJobList',
          createAssessmentUrl:'https://cl08sales.sumtotaldevelopment.net/Services/api/HourlyAssessmentApi/CreateAssessment',
          transferTaskAssessmentUrl:'https://cl08sales.sumtotaldevelopment.net/Services/api/HourlyAssessmentApi/TransferTaskAssessment',
          CreateAssessmentFromReportWidgetUrl:'https://cl08sales.sumtotaldevelopment.net/Services/api/HourlyAssessmentApi/CreateAssessmentFromReportWidget',
          getUserInfoUrl:'https://cl08sales.sumtotaldevelopment.net/Services/api/HourlyAssessmentApi/GetUserInfo',
          getHourlyAssessmentManagerUrl:'https://cl08sales.sumtotaldevelopment.net/Services/api/HourlyAssessmentApi/GetHourlyAssessmentManager',
          getHourlyAssessmentAccessRightsUrl:'https://cl08sales.sumtotaldevelopment.net/Services/api/HourlyAssessmentApi/GetAccessRightsForHourlyAssessmentSurvey',
          getHourlyAssessmentWidgetData:'https://cl08sales.sumtotaldevelopment.net/Services/api/HourlyAssessmentApi/GetHourlyAssessmentsWidget',
        },
        evaluation:{
          getEvaluationformDataUrl:'https://cl08sales.sumtotaldevelopment.net/Services/api/HourlyAssessmentApi/GetHourlyEvaluationFormData',
          saveEvaluationformDataUrl:'https://cl08sales.sumtotaldevelopment.net/Services/api/HourlyAssessmentApi/SaveHourlyEvaluationFormData',
          getbehaviorsforcompetency:'https://cl08sales.sumtotaldevelopment.net/Services/api/HourlyAssessmentApi/GetBehaviorsforCompetency',
          getCompetenciesUrl : 'https://cl08sales.sumtotaldevelopment.net/Services/api/HourlyAssessmentApi/GetCompetencies'
        },
        interview:{
          getInterviewsForRequisitionUrl: 'https://cl08sales.sumtotaldevelopment.net/Services/api/RecruitingInterview/GetInterviewsForRequisition',
          getTrackingDetailsByRequisitionUrl: 'https://cl08sales.sumtotaldevelopment.net/Services/api/RecruitingInterview/GetTrackingDetailsByRequisition',
          getTrackingDetailsByIdUrl: 'https://cl08sales.sumtotaldevelopment.net/Services/api/RecruitingInterview/GetTrackingDetailsById',
          getRecruitingLocationsUrl: 'https://cl08sales.sumtotaldevelopment.net/Services/api/RecruitingInterview/GetRecruitingLocations',
          saveInterviewUrl: 'https://cl08sales.sumtotaldevelopment.net/Services/api/RecruitingInterview/SaveInterviewDetails',
          getInterviewerInterviewTopicRelationUrl: 'https://cl08sales.sumtotaldevelopment.net/Services/api/RecruitingInterview/GetIntervFiewerInterviewTopicRelation',
          deleteAttachmentUrl: 'https://cl08sales.sumtotaldevelopment.net/Services/api/RecruitingInterview/DeleteAttachment',
          getInterviewDataById: 'https://cl08sales.sumtotaldevelopment.net/Services/api/RecruitingInterview/GetInterviewDetails',
          saveInterviewFeedbackUrl: 'https://cl08sales.sumtotaldevelopment.net/Services/api/RecruitingInterview/SaveInterviewFeedback',
          commitInterviewFeedbackUrl: 'https://cl08sales.sumtotaldevelopment.net/Services/api/RecruitingInterview/CommitInterviewFeedback',
          saveInterviewDiscussionUrl: 'https://cl08sales.sumtotaldevelopment.net/Services/api/RecruitingInterview/SaveInterviewDiscussion',
          getInterviewFeedbacksUrl: 'https://cl08sales.sumtotaldevelopment.net/Services/api/RecruitingInterview/GetInterviewFeedbacks',
          getInterviewDiscussionsUrl: 'https://cl08sales.sumtotaldevelopment.net/Services/api/RecruitingInterview/GetInterviewDiscussions',
          getInterviewFeedbackUrl: 'https://cl08sales.sumtotaldevelopment.net/Services/api/RecruitingInterview/GetInterviewFeedback',
          getRequisitionCandidateAttachementsUrl: 'https://cl08sales.sumtotaldevelopment.net/Services/api/RecruitingInterview/GetRequisitionCandidateAttachements',
          saveRequisitionCandidateAttachmentUrl: 'https://cl08sales.sumtotaldevelopment.net/Services/api/RecruitingInterview/SaveRequisitionCandidateAttachment',
          deleteRequisitionCandidateAttachmentUrl: 'https://cl08sales.sumtotaldevelopment.net/Services/api/RecruitingInterview/DeleteRequisitionCandidateAttachment',
          getInterviewTopicCategoriesUrl: 'https://cl08sales.sumtotaldevelopment.net/Services/api/RecruitingInterview/GetInterviewTopicCategories',
          isInterviewInUseUrl: 'https://cl08sales.sumtotaldevelopment.net/Services/api/RecruitingInterview/IsInterviewInUse',
          getCurrentPersonIdUrl: 'https://cl08sales.sumtotaldevelopment.net/Services/api/RecruitingInterview/GetCurrentPersonId',
          getInterviewStatusUrl: 'https://cl08sales.sumtotaldevelopment.net/Services/api/RecruitingInterview/GetInterviewStatus',
          cancelInterviewUrl: 'https://cl08sales.sumtotaldevelopment.net/Services/api/RecruitingInterview/CancelInterview'
        },
        recruitingassessment:{
          saveAssessment: '/Core/Core/api/recruitingassessmentapi/SaveAssessment',
          getRecruitingAssessmentsUrl: '/Core/Core/api/recruitingassessmentapi/GetRecruitingAssessments',
          getRecruitingAssessmentUrl: '/Core/Core/api/recruitingassessmentapi/GetRecruitingAssessment',
          deleteRecruitingAssessmentsUrl: '/Core/Core/api/recruitingassessmentapi/DeleteRecruitingAssessments',
          copyRecruitingAssessmentUrl: '/Core/Core/api/recruitingassessmentapi/CopyRecruitingAssessment',
          getAllRecruitingTagsUrl: '/Core/Core/api/recruitingassessmentapi/GetAllRecruitingTags',
          searchAssessmentTagsURL: '/Core/Core/api/recruitingassessmentapi/SearchAssessmentTags',
          getRecruitingAssessmentPermissionsUrl: '/Core/Core/api/recruitingassessmentapi/GetRecruitingAssessmentPermissions'
        },
        eventdefinition:{
          getProcess: 'https://cl08sales.sumtotaldevelopment.net/Services/api/EventDefinition/GetProcess',
          getAllProcesses: 'https://cl08sales.sumtotaldevelopment.net/Services/api/EventDefinition/GetAllProcesses'
        },
        gamificationAdmin:{
          badges: 'https://cl08sales.sumtotaldevelopment.net/Services/api/gamification/admin/badges',
          badgesDelete: 'https://cl08sales.sumtotaldevelopment.net/Services/api/gamification/admin/badges/delete',
          levels: 'https://cl08sales.sumtotaldevelopment.net/Services/api/gamification/admin/levels',
          pointcriterions: 'https://cl08sales.sumtotaldevelopment.net/Services/api/gamification/admin/pointcriterions',
          categoryFields: 'https://cl08sales.sumtotaldevelopment.net/Services/api/gamification/admin/categoryFields',
          rulesets:'https://cl08sales.sumtotaldevelopment.net/Services/api/gamification/admin/rulesets',
          rulesetsDelete:'https://cl08sales.sumtotaldevelopment.net/Services/api/gamification/admin/rulesets/delete'
        },
        gamification:{
          leaderboards: 'https://cl08sales.sumtotaldevelopment.net/Services/api/gamification/leaderboards',
          logs: 'https://cl08sales.sumtotaldevelopment.net/Services/api/gamification/logs',
          badges: 'https://cl08sales.sumtotaldevelopment.net/Services/api/gamification/badges',
          leaderboards: 'https://cl08sales.sumtotaldevelopment.net/Services/api/gamification/leaderboards',
          favorites: 'https://cl08sales.sumtotaldevelopment.net/Services/api/gamification/favorites/{targetUserId}',
          summaries: 'https://cl08sales.sumtotaldevelopment.net/Services/api/gamification/summaries/{targetUserId}'
        },
        recruitingConfig:{
          getActions: 'https://cl08sales.sumtotaldevelopment.net/Services/api/recruitingconfiguration/actions',
          getProcessList: 'https://cl08sales.sumtotaldevelopment.net/Services/api/recruitingconfiguration/processes',
          getProcessDetails: 'https://cl08sales.sumtotaldevelopment.net/Services/api/recruitingconfiguration/processes/{id}',
          getAddProcessDetails: 'https://cl08sales.sumtotaldevelopment.net/Services/api/recruitingconfiguration/processes/-1',
          saveProcessDetails: 'https://cl08sales.sumtotaldevelopment.net/Services/api/recruitingconfiguration/saveprocess',
          deleteProcess: 'https://cl08sales.sumtotaldevelopment.net/Services/api/recruitingconfiguration/deleteprocess'
        },
        meeting:{
          getMeetingTimeSlotsUrl: 'https://cl08sales.sumtotaldevelopment.net/Services/api/MeetingScheduler/GetMeetingTimeSlots',
          createMeetingUrl: 'https://cl08sales.sumtotaldevelopment.net/Services/api/MeetingScheduler/CreateMeeting'
        },
        offerTemplate:{
          getOfferTemplate: 'https://cl08sales.sumtotaldevelopment.net/Services/api/OfferManagement/GetOfferTemplate',
          getOfferTemplates: 'https://cl08sales.sumtotaldevelopment.net/Services/api/OfferManagement/GetOfferTemplates',
          saveOfferTemplate: 'https://cl08sales.sumtotaldevelopment.net/Services/api/OfferManagement/SaveOfferTemplate',
          deleteOfferTemplate: 'https://cl08sales.sumtotaldevelopment.net/Services/api/OfferManagement/DeleteOfferTemplate',
          getOfferPreview: '/Core/Core/api/OnBoardingRequisitionApi/GetOfferPreview',
          getTemplatePlaceholderCodes : 'https://cl08sales.sumtotaldevelopment.net/Services/api/OfferManagement/GetTemplatePlaceholderCode',
          getParsedOfferTemplate : 'https://cl08sales.sumtotaldevelopment.net/Services/api/OfferManagement/GetParsedOfferTemplate',
          saveOfferPreview: '/Core/Core/api/OnBoardingRequisitionApi/SaveOfferPreview',
        },
        nBox: {
          getNBoxConfigurationsUrl: 'https://cl08sales.sumtotaldevelopment.net/Services/api/nbox/configuration/nboxconfigurations',
          getNBoxConfigurationUrl: 'https://cl08sales.sumtotaldevelopment.net/Services/api/nbox/configuration/nboxconfigurations/{id}',
          deleteNBoxConfigurationsUrl: 'https://cl08sales.sumtotaldevelopment.net/Services/api/nbox/configuration/deletenboxconfigurations',
          getNBoxConfigurationPermissionsUrl: 'https://cl08sales.sumtotaldevelopment.net/Services/api/nbox/configuration/nboxconfigurationpermissions',
          saveNBoxConfigurationUrl: 'https://cl08sales.sumtotaldevelopment.net/Services/api/nbox/configuration/saveconfiguration',
          filter: 'https://cl08sales.sumtotaldevelopment.net/Services/api/nbox/filter/',
          getNBoxRatingFieldsUrl: 'https://cl08sales.sumtotaldevelopment.net/Services/api/nbox/configuration/ratingfields',
          getNBoxCalibrationsURL: 'https://cl08sales.sumtotaldevelopment.net/Services/api/nboxcalibrationapi/GetNBoxCalibrations',
          getNBoxCalibrationsFromSPTalentPoolURL: 'https://cl08sales.sumtotaldevelopment.net/Services/api/nboxcalibrationapi/GetNBoxCalibrationsFromSPTalentPool',
          getNBoxConfigurationsForUserURL: 'https://cl08sales.sumtotaldevelopment.net/Services/api/nboxcalibrationapi/GetNBoxConfigurationsForUser',
          saveNBoxCalibrationsURL: 'https://cl08sales.sumtotaldevelopment.net/Services/api/nboxcalibrationapi/SaveNBoxCalibrations',
          getDemoGraphicForPersonsURL: 'https://cl08sales.sumtotaldevelopment.net/Services/api/nboxcalibrationapi/GetDemographicForPersons',
          exportNBoxMatrixDetailsURL: 'https://cl08sales.sumtotaldevelopment.net/Services/api/nboxcalibrationapi/ExportNBoxMatrixDetails'
        },
        sumtSocial:{
          communities:'https://cl08sales.sumtotaldevelopment.net/Services/api/sumtSocial/communities',
          adminCommunities:'https://cl08sales.sumtotaldevelopment.net/Services/api/sumtSocial/admin/communities',
          addUpdateUserCommuntiyRating:'https://cl08sales.sumtotaldevelopment.net/Services/api/sumtSocial/user/{communityId}/addUpdateRating',
          getUserCommunityRating:'https://cl08sales.sumtotaldevelopment.net/Services/api/sumtSocial/user/{communityId}/rating',
          favorites:'https://cl08sales.sumtotaldevelopment.net/Services/api/sumtSocial/communities/{communityId}/favorite',
          updateCommunity:'https://cl08sales.sumtotaldevelopment.net/Services/api/sumtSocial/communities/{communityId}/update',
          removeCommunity:'https://cl08sales.sumtotaldevelopment.net/Services/api/sumtSocial/communities/{communityId}/remove',
          removeActivityCommunity:'https://cl08sales.sumtotaldevelopment.net/Services/api/sumtSocial/activities/{activityId}/removeCommunity',
          communityMembers:'https://cl08sales.sumtotaldevelopment.net/Services/api/sumtSocial/communities/{communityId}/members',
          updateCommunityMembership:'https://cl08sales.sumtotaldevelopment.net/Services/api/sumtSocial/users/{targetUserId}/communityMembership',
          updateCommunityMembership:'https://cl08sales.sumtotaldevelopment.net/Services/api/sumtSocial/users/{targetUserId}/communityMembership',
          getCommunity:'https://cl08sales.sumtotaldevelopment.net/Services/api/sumtSocial/communities/{communityId}',
          likeSocialObjectUrl: 'https://cl08sales.sumtotaldevelopment.net/Services/api/social/{objectId}/like',
          likeCommentUrl: 'https://cl08sales.sumtotaldevelopment.net/Services/api/social/comment/{commentId}/like',
          getSocialObjectlikedUsersUrl: 'https://cl08sales.sumtotaldevelopment.net/Services/api/social/{objectId}/likes',
          getPostlikedUsersUrl: 'https://cl08sales.sumtotaldevelopment.net/Services/api/social/comment/{commentId}/likes',
          files:'https://cl08sales.sumtotaldevelopment.net/Services/api/sumtSocial/communities/{communityId}/files',
          removeCommunityMembers: 'https://cl08sales.sumtotaldevelopment.net/Services/api/sumtSocial/communities/{communityId}/removeMembers',
          addUpdateMembers: 'https://cl08sales.sumtotaldevelopment.net/Services/api/sumtSocial/communities/{communityId}/addUpdateMembers',
          removeFile: 'https://cl08sales.sumtotaldevelopment.net/Services/api/sumtSocial/communities/{communityId}/files/{fileId}/remove',
          ownerCount: 'https://cl08sales.sumtotaldevelopment.net/Services/api/sumtSocial/communities/{communityId}/ownerCount',
          fileReferenceCount: 'https://cl08sales.sumtotaldevelopment.net/Services/api/sumtSocial/communities/files/{fileIdentifier}/reference',
          searchEmployees: 'https://cl08sales.sumtotaldevelopment.net/Services/api/sumtSocial/communities/searchEmployees',
          communityFeed:'https://cl08sales.sumtotaldevelopment.net/Services/api/sumtSocial/communities/CommunityFeed',
          flag: {
            getFlaggedObjects: 'https://cl08sales.sumtotaldevelopment.net/Services/api/sumtSocial/flag/{communityId}',
            saveFlagDetails: 'https://cl08sales.sumtotaldevelopment.net/Services/api/sumtSocial/flag/saveflag',
			getFlagDetails: 'https://cl08sales.sumtotaldevelopment.net/Services/api/sumtSocial/communities/{communityId}/flagDetails/{flaggedObjectId}',
            removeFlags: 'https://cl08sales.sumtotaldevelopment.net/Services/api/sumtSocial/communities/{communityId}/{flaggedObjectId}/removeFlags',
            unFlagObject: 'https://cl08sales.sumtotaldevelopment.net/Services/api/sumtSocial/communities/{communityId}/flag/{objectId}/unflag'
          },
          discussion : {
            getDiscussionReplies: 'https://cl08sales.sumtotaldevelopment.net/Services/api/social/discuss/{discussionId}/replies',
            deleteDiscussionReply: 'https://cl08sales.sumtotaldevelopment.net/Services/api/social/discuss/reply/{replyId}',
            getDiscussionDetails: 'https://cl08sales.sumtotaldevelopment.net/Services/api/social/discuss/{discussionId}',
            createDiscussionReply: 'https://cl08sales.sumtotaldevelopment.net/Services/api/social/discuss/reply',
            createAndModifyDiscussion: 'https://cl08sales.sumtotaldevelopment.net/Services/api/social/discuss',
            getCommunityDiscussions: 'https://cl08sales.sumtotaldevelopment.net/Services/api/social/discussions',
            deleteDiscussion: 'https://cl08sales.sumtotaldevelopment.net/Services/api/social/discuss/delete/{id}'
          },
          blog: {
            getBlogsList: 'https://cl08sales.sumtotaldevelopment.net/Services/api/social/communities/{communityId}/blogs',
            getBlogById: 'https://cl08sales.sumtotaldevelopment.net/Services/api/social/communities/blogs/{blogId}',
            createBlog: 'https://cl08sales.sumtotaldevelopment.net/Services/api/social/communities/{communityId}/blogs',
            modifyBlog: 'https://cl08sales.sumtotaldevelopment.net/Services/api/social/blogs',
            deleteBlog: 'https://cl08sales.sumtotaldevelopment.net/Services/api/social/communities/{communityId}/blogs/{blogId}/remove',
            getBlogPosts:'https://cl08sales.sumtotaldevelopment.net/Services/api/social/communities/blogs/{blogId}/blogposts',
            getBlogPostById:'https://cl08sales.sumtotaldevelopment.net/Services/api/social/communities/blogposts/{blogPostId}',
            editBlogPost: 'https://cl08sales.sumtotaldevelopment.net/Services/api/social/communities/blogposts',
            addCommentUrl:'https://cl08sales.sumtotaldevelopment.net/Services/api/social/blogPost/AddComment',
            getCommentUrl: 'https://cl08sales.sumtotaldevelopment.net/Services/api/social/blogPost/GetComments',
            getCommentRepliesUrl: 'https://cl08sales.sumtotaldevelopment.net/Services/api/social/blogPost/GetReplies',
            getCommentDeepLinkResponseUrl:'https://cl08sales.sumtotaldevelopment.net/Services/api/social/blogPost/GetBlogPostRepliesDeepLinkResponse',
            editCommentUrl: 'https://cl08sales.sumtotaldevelopment.net/Services/api/social/blogPost/EditComment',
            deleteCommentUrl: 'https://cl08sales.sumtotaldevelopment.net/Services/api/social/blogPost/DeleteComment',
            approveBlogPost: 'https://cl08sales.sumtotaldevelopment.net/Services/api/social/communities/blogposts/approve'
          }
        }
      };
    }

    // This is the factory function for static data.
    return function(_, URI) {

      var apiPaths = createAPIPaths(),
        staticData = null;

      apiPaths = _.merge(apiPaths, {"attestation":{"attestationApi":{"baseUrl":"/Core/Core/api/AttestationApi/","addAttestationAuditRecord":"/Core/Core/api/AttestationApi/AddAttestationAuditRecord","checkAttestationStatus":"/Core/Core/api/AttestationApi/CheckAttestationStatus","getAllAttestationDefinitions":"/Core/Core/api/AttestationApi/GetAllAttestationDefinitions","getAttestationDefinitionById":"/Core/Core/api/AttestationApi/GetAttestationDefinitionById","getAttestationDefinition":"/Core/Core/api/AttestationApi/GetAttestationDefinition","getAttestationDefinitions":"/Core/Core/api/AttestationApi/GetAttestationDefinitions","saveAttestationDefinition":"/Core/Core/api/AttestationApi/SaveAttestationDefinition"}},"esignatureApi":{"eSignatureApi":{"baseUrl":"/Core/Core/api/ESignatureApi/"}},"timeline":{"timelineApi":{"baseUrl":"/Core/Core/api/TimelineApi/","loadTimelineViewData":"/Core/Core/api/TimelineApi/LoadTimelineViewData","loadNotificationCount":"/Core/Core/api/TimelineApi/LoadNotificationCount","getTimelineTaskCount":"/Core/Core/api/TimelineApi/getTimelineTaskCount"}},"upload":{"uploadApi":{"baseUrl":"/Core/Core/api/UploadApi/","retrieveFiles":"/Core/Core/api/UploadApi/RetrieveFiles","getFileBytes":"/Core/Core/api/UploadApi/GetFileBytes","removeFiles":"/Core/Core/api/UploadApi/RemoveFiles","downloadFile":"/Core/Core/api/UploadApi/DownloadFile","getPermissions":"/Core/Core/api/UploadApi/GetPermissions","uploadFile":"/Core/Core/api/UploadApi/UploadFile","updateFileInfo":"/Core/Core/api/UploadApi/UpdateFileInfo","uploadPersonImage":"/Core/Core/api/UploadApi/UploadPersonImage"}},"calendarApi":{"calendarApi":{"baseUrl":"/Core/Learning/api/CalendarApi/"}},"myprofile":{"profileData":{"baseUrl":"/Core/Core/api/ProfileData/","removePersonImage":"/Core/Core/api/ProfileData/RemovePersonImage","getInstalledPillars":"/Core/Core/api/ProfileData/GetInstalledPillars","actOnPendingApproval":"/Core/Core/api/ProfileData/ActOnPendingApproval","pendingApprovalSecurityCheck":"/Core/Core/api/ProfileData/PendingApprovalSecurityCheck","isGuestUser":"/Core/Core/api/ProfileData/IsGuestUser"}}});

      var modulesPath = '/Core/dist/app/modules';
      staticData = _.merge(root.tempStaticData, {
        versionNumber:  'ElixHR_18.3.0.0_2018.9.10.1',
        majorVersionNumber: '18.3',
        identity: _.cloneDeep(root.tempStaticData.Identity),
        culture: _.cloneDeep(root.tempStaticData.Culture),
        learningCatalog: _.cloneDeep(root.tempStaticData.LearningCatalog),
        userID: '9AD36C46327219F4BE439AA4E0CB8371',
        guestAccount: '0',
        userTimezone: 'America/Regina',
        debugEnabled: root.tempStaticData.debugEnabled,
        scriptPath: scriptPath,
        currentTheme: null,
        photoUrl: scriptPath + photoPath,
        fileUrl: scriptPath + filePath,
        communityFileUrl: scriptPath + socialFilesPath,
        customHelpFileUrl: scriptPath + customHelpFilesPath,
        isAuditEnabled: isAuditEnabled,
        framesPath: {
          themePreview: '/Core/PublicAccess/ThemePreview',
          componentsPreview: '/Core/PublicAccess/ComponentsPreview'
        },
        appPath: '/Core/app',
        rootPathFolder: htmlRootPath,
        tenantKey: tenantKey,
        apiPaths: apiPaths,
        dashboardPerms: {"CanPersonalizeDashboards":true,"CanEditDashboards":false,"CanAddDashboards":false,"CanDeleteDashboards":false,"CanAccessThemeEditor":false},
        safeOrigin: /(sumtotalsystems\.com|cl08sales\.sumtotaldevelopment\.net|supp-bi-master\.sumtotaldemo\.net|cl-ugm08a)$/i,
        webPartDefinitionCategories: {"Hash":"2043601370","Categories":[{"Category":{"Id":5,"Name":"Common","CategoryKey":"WebPartDefinition_Common","Description":"Common","ParentId":1,"OrdinalPosition":null},"Definitions":[{"WebPartDefinitionKey":"Common_SumtIFrameWebPart","Title":"iFrame","Description":"Enables users to configure a URL to display within the widget.","SubTitle":"IFrame Widget","WebPartIconName":null,"WidgetNotificationMode":0,"WidgetDeeplinkUrlText":null,"CategoryName":"Common","IsWebPartEnabled":true,"TypeName":"SumTotal.SPPortal.WebParts.Core.Common.SumtIFrameWebPart.SumtIFrameWebPart, SumTotal.SPPortal.WebParts, Version=1.0.0.0, Culture=neutral, PublicKeyToken=6b7f90fbd13cce01","WebPartServiceAgentInterfaceTypeName":null,"WebPartDefinitionXml":null,"HideWebPartHeader":false,"HideWebPartFooter":true,"IsFreeFlowing":false,"PillarKey":null,"ChromeStyle":7,"ParameterJSON":"{\"HeaderLinkIcon\":\"\",\"IsCustomEditor\":false,\"PreviewType\":\"iframe\",\"iFrameUrl\":\"http://www.google.com\"}","TemplatePath":"app/modules/dashboard/views/webparts/widgetIFrame.html","IsSystemLocked":false,"Category":{"Id":5,"Name":"Common","CategoryKey":"WebPartDefinition_Common","Description":"Common","ParentId":1,"OrdinalPosition":null},"Id":3},{"WebPartDefinitionKey":"About_Me","Title":"About Me","Description":"Displays key profile information about the employee.","SubTitle":"Photo, email and employment information","WebPartIconName":null,"WidgetNotificationMode":0,"WidgetDeeplinkUrlText":"View my profile","CategoryName":"Common","IsWebPartEnabled":true,"TypeName":"SumTotal.SPPortal.WebParts.Core.MySelf.AboutMe.AboutMe, SumTotal.SPPortal.WebParts, Version=1.0.0.0, Culture=neutral, PublicKeyToken=6b7f90fbd13cce01","WebPartServiceAgentInterfaceTypeName":null,"WebPartDefinitionXml":null,"HideWebPartHeader":true,"HideWebPartFooter":true,"IsFreeFlowing":false,"PillarKey":null,"ChromeStyle":7,"ParameterJSON":"{\"HeaderLinkIcon\":\"\",\"IsCustomEditor\":false,\"PreviewType\":\"aboutme\"}","TemplatePath":"app/modules/dashboard/views/webparts/widgetAboutMe.html","IsSystemLocked":false,"Category":{"Id":5,"Name":"Common","CategoryKey":"WebPartDefinition_Common","Description":"Common","ParentId":1,"OrdinalPosition":null},"Id":43},{"WebPartDefinitionKey":"Common_ContentEditor","Title":"Content Editor","Description":"Enables users to add custom HTML to a dashboard.","SubTitle":"Content Editor Widget","WebPartIconName":null,"WidgetNotificationMode":0,"WidgetDeeplinkUrlText":null,"CategoryName":"Common","IsWebPartEnabled":true,"TypeName":null,"WebPartServiceAgentInterfaceTypeName":null,"WebPartDefinitionXml":null,"HideWebPartHeader":false,"HideWebPartFooter":true,"IsFreeFlowing":false,"PillarKey":null,"ChromeStyle":7,"ParameterJSON":"{\"HeaderLinkIcon\":\"\",\"IsCustomEditor\":true,\"PreviewType\":\"iframe\"}","TemplatePath":"app/modules/dashboard/views/webparts/widgetContentEditor.html","IsSystemLocked":false,"Category":{"Id":5,"Name":"Common","CategoryKey":"WebPartDefinition_Common","Description":"Common","ParentId":1,"OrdinalPosition":null},"Id":60},{"WebPartDefinitionKey":"Timeline","Title":"Timeline","Description":"Displays tasks, approvals, and other updates in a timeline view.","SubTitle":"Activity timeline","WebPartIconName":null,"WidgetNotificationMode":0,"WidgetDeeplinkUrlText":null,"CategoryName":"Common","IsWebPartEnabled":true,"TypeName":null,"WebPartServiceAgentInterfaceTypeName":null,"WebPartDefinitionXml":null,"HideWebPartHeader":false,"HideWebPartFooter":false,"IsFreeFlowing":false,"PillarKey":null,"ChromeStyle":7,"ParameterJSON":"{\"HeaderLinkIcon\":\"\",\"IsCustomEditor\":false,\"PreviewType\":\"timeline\"}","TemplatePath":"app/modules/dashboard/views/webparts/widgetTimeline.html","IsSystemLocked":false,"Category":{"Id":5,"Name":"Common","CategoryKey":"WebPartDefinition_Common","Description":"Common","ParentId":1,"OrdinalPosition":null},"Id":61},{"WebPartDefinitionKey":"Key_Measures","Title":"Key Measures","Description":"Displays key performance measures for a user.","SubTitle":"Key Measures","WebPartIconName":null,"WidgetNotificationMode":0,"WidgetDeeplinkUrlText":null,"CategoryName":"Common","IsWebPartEnabled":true,"TypeName":null,"WebPartServiceAgentInterfaceTypeName":null,"WebPartDefinitionXml":null,"HideWebPartHeader":false,"HideWebPartFooter":true,"IsFreeFlowing":false,"PillarKey":null,"ChromeStyle":7,"ParameterJSON":"{\"HeaderLinkIcon\":\"\",\"IsCustomEditor\":false,\"PreviewType\":\"claw\"}","TemplatePath":"app/modules/dashboard/views/webparts/widgetKeyMeasures.html","IsSystemLocked":false,"Category":{"Id":5,"Name":"Common","CategoryKey":"WebPartDefinition_Common","Description":"Common","ParentId":1,"OrdinalPosition":null},"Id":62},{"WebPartDefinitionKey":"Direct_Reports","Title":"Direct Reports","Description":"Listing of your direct reports.","SubTitle":"Direct Reports","WebPartIconName":null,"WidgetNotificationMode":0,"WidgetDeeplinkUrlText":null,"CategoryName":"Common","IsWebPartEnabled":true,"TypeName":null,"WebPartServiceAgentInterfaceTypeName":null,"WebPartDefinitionXml":null,"HideWebPartHeader":false,"HideWebPartFooter":true,"IsFreeFlowing":false,"PillarKey":null,"ChromeStyle":7,"ParameterJSON":"{\"HeaderLinkIcon\":\"DirectReports\",\"IsCustomEditor\":false,\"PreviewType\":\"table\"}","TemplatePath":"app/modules/dashboard/views/webparts/widgetDirectReports.html","IsSystemLocked":false,"Category":{"Id":5,"Name":"Common","CategoryKey":"WebPartDefinition_Common","Description":"Common","ParentId":1,"OrdinalPosition":null},"Id":63},{"WebPartDefinitionKey":"My_Development_Plan","Title":"My Development Plan","Description":"Displays a user's Development Plan","SubTitle":"My Development Plan","WebPartIconName":null,"WidgetNotificationMode":0,"WidgetDeeplinkUrlText":null,"CategoryName":"Common","IsWebPartEnabled":true,"TypeName":null,"WebPartServiceAgentInterfaceTypeName":null,"WebPartDefinitionXml":null,"HideWebPartHeader":false,"HideWebPartFooter":true,"IsFreeFlowing":false,"PillarKey":null,"ChromeStyle":7,"ParameterJSON":"{\"HeaderLinkIcon\":\"\",\"IsCustomEditor\":false,\"PreviewType\":\"table\"}","TemplatePath":"app/modules/dashboard/views/webparts/widgetDevelopmentPlan.html","IsSystemLocked":false,"Category":{"Id":5,"Name":"Common","CategoryKey":"WebPartDefinition_Common","Description":"Common","ParentId":1,"OrdinalPosition":null},"Id":90},{"WebPartDefinitionKey":"LeaderBoardDisplay","Title":"Leaderboard Display","Description":"Displays users, ranked by their current Gamification score.","SubTitle":"LeaderBoard Display","WebPartIconName":null,"WidgetNotificationMode":0,"WidgetDeeplinkUrlText":null,"CategoryName":"Common","IsWebPartEnabled":true,"TypeName":null,"WebPartServiceAgentInterfaceTypeName":null,"WebPartDefinitionXml":null,"HideWebPartHeader":false,"HideWebPartFooter":false,"IsFreeFlowing":false,"PillarKey":null,"ChromeStyle":7,"ParameterJSON":"{\"HeaderLinkIcon\": \"\", \"IsCustomEditor\": false, \"PreviewType\" : \"leaderboard\"}","TemplatePath":"app/modules/core/views/gamification/leaderBoard.html","IsSystemLocked":false,"Category":{"Id":5,"Name":"Common","CategoryKey":"WebPartDefinition_Common","Description":"Common","ParentId":1,"OrdinalPosition":null},"Id":97}]},{"Category":{"Id":8,"Name":"Learning","CategoryKey":"WebPartDefinition_Learning","Description":"Learning","ParentId":1,"OrdinalPosition":null},"Definitions":[{"WebPartDefinitionKey":"LM_MyMessages","Title":"My Messages","Description":"Highlights the five most recent unread learning  notifications.","SubTitle":"Recent messages I have received","WebPartIconName":null,"WidgetNotificationMode":1,"WidgetDeeplinkUrlText":"View All Messages","CategoryName":"Learning","IsWebPartEnabled":true,"TypeName":"SumTotal.SPPortal.WebParts.Core.Learning.MyMessages.MyMessages, SumTotal.SPPortal.WebParts, Version=1.0.0.0, Culture=neutral, PublicKeyToken=6b7f90fbd13cce01","WebPartServiceAgentInterfaceTypeName":"ILMWebPartContractAsync","WebPartDefinitionXml":null,"HideWebPartHeader":false,"HideWebPartFooter":true,"IsFreeFlowing":false,"PillarKey":"LM","ChromeStyle":7,"ParameterJSON":"{\"HeaderLinkIcon\": \"\", \"IsCustomEditor\": false, \"MessagesConfig\":{ \"MessageCount\":\"count\", \"MessageData\":[\"date\", \"subject\", \"url\"]}, \"PreviewType\":\"messages\"}","TemplatePath":"app/modules/dashboard/views/webparts/widgetMyMessages.html","IsSystemLocked":false,"Category":{"Id":8,"Name":"Learning","CategoryKey":"WebPartDefinition_Learning","Description":"Learning","ParentId":1,"OrdinalPosition":null},"Id":4},{"WebPartDefinitionKey":"LM_UpcomingTraining","Title":"Upcoming Training","Description":"Shows the next scheduled learning activity the user is enrolled in. Includes options for reviewing summary details.","SubTitle":"Activities","WebPartIconName":null,"WidgetNotificationMode":1,"WidgetDeeplinkUrlText":"View All Upcoming Training","CategoryName":"Learning","IsWebPartEnabled":true,"TypeName":"SumTotal.SPPortal.WebParts.Core.Learning.UpcomingTraining.UpcomingTraining, SumTotal.SPPortal.WebParts, Version=1.0.0.0, Culture=neutral, PublicKeyToken=6b7f90fbd13cce01","WebPartServiceAgentInterfaceTypeName":"ILMWebPartContractAsync","WebPartDefinitionXml":null,"HideWebPartHeader":false,"HideWebPartFooter":true,"IsFreeFlowing":false,"PillarKey":"LM","ChromeStyle":7,"ParameterJSON":"{\"HeaderLinkIcon\": \"\", \"IsCustomEditor\": false, \"PreviewType\" : \"table\"}","TemplatePath":"app/modules/dashboard/views/webparts/widgetUpcomingTraining.html","IsSystemLocked":false,"Category":{"Id":8,"Name":"Learning","CategoryKey":"WebPartDefinition_Learning","Description":"Learning","ParentId":1,"OrdinalPosition":null},"Id":6},{"WebPartDefinitionKey":"LM_TopRatedContent","Title":"Top Rated Content","Description":"Displays the five highest rated learning activities available to the user.","SubTitle":"Top rated learning activities","WebPartIconName":null,"WidgetNotificationMode":1,"WidgetDeeplinkUrlText":"View All Top Rated Content","CategoryName":"Learning","IsWebPartEnabled":true,"TypeName":"SumTotal.SPPortal.WebParts.Core.Learning.TopRatedContent.TopRatedContent, SumTotal.SPPortal.WebParts, Version=1.0.0.0, Culture=neutral, PublicKeyToken=6b7f90fbd13cce01","WebPartServiceAgentInterfaceTypeName":"ILMWebPartContractAsync","WebPartDefinitionXml":null,"HideWebPartHeader":false,"HideWebPartFooter":true,"IsFreeFlowing":false,"PillarKey":"LM","ChromeStyle":7,"ParameterJSON":"{\"HeaderLinkIcon\":\"\",\"IsCustomEditor\":false,\"PreviewType\":\"table\"}","TemplatePath":"app/modules/dashboard/views/webparts/widgetTopRatedContent.html","IsSystemLocked":false,"Category":{"Id":8,"Name":"Learning","CategoryKey":"WebPartDefinition_Learning","Description":"Learning","ParentId":1,"OrdinalPosition":null},"Id":7},{"WebPartDefinitionKey":"LM_CompletedCertification","Title":"Completed Certifications","Description":"Highlights the user's completed certifications and supports deeplinking to the Activities Detail for each item within the list.","SubTitle":"Activities","WebPartIconName":null,"WidgetNotificationMode":1,"WidgetDeeplinkUrlText":"View All Completed Certifications","CategoryName":"Learning","IsWebPartEnabled":true,"TypeName":"SumTotal.SPPortal.WebParts.Core.Learning.CompletedCertifications.CompletedCertifications, SumTotal.SPPortal.WebParts, Version=1.0.0.0, Culture=neutral, PublicKeyToken=6b7f90fbd13cce01","WebPartServiceAgentInterfaceTypeName":"ILMWebPartContractAsync","WebPartDefinitionXml":null,"HideWebPartHeader":false,"HideWebPartFooter":true,"IsFreeFlowing":false,"PillarKey":"LM","ChromeStyle":7,"ParameterJSON":"{\"HeaderLinkIcon\": \"\", \"IsCustomEditor\": false, \"PreviewType\" : \"table\"}","TemplatePath":"app/modules/dashboard/views/webparts/widgetCompletedCertifications.html","IsSystemLocked":false,"Category":{"Id":8,"Name":"Learning","CategoryKey":"WebPartDefinition_Learning","Description":"Learning","ParentId":1,"OrdinalPosition":null},"Id":8},{"WebPartDefinitionKey":"LM_ExceptionReport","Title":"Exception Report","Description":"Highlights assigned training exceptions (overdue, expired and incomplete) for the user's direct reports.","SubTitle":"Last Updated:","WebPartIconName":null,"WidgetNotificationMode":0,"WidgetDeeplinkUrlText":"View Detailed Exception Report","CategoryName":"Learning","IsWebPartEnabled":true,"TypeName":"SumTotal.SPPortal.WebParts.Core.Learning.ExceptionReport.ExceptionReport, SumTotal.SPPortal.WebParts, Version=1.0.0.0, Culture=neutral, PublicKeyToken=6b7f90fbd13cce01","WebPartServiceAgentInterfaceTypeName":"ILMWebPartContractAsync","WebPartDefinitionXml":null,"HideWebPartHeader":false,"HideWebPartFooter":true,"IsFreeFlowing":false,"PillarKey":"LM","ChromeStyle":7,"ParameterJSON":"{\"HeaderLinkIcon\":\"\",\"IsCustomEditor\":false,\"PreviewType\":\"donutChart\"}","TemplatePath":"app/modules/dashboard/views/webparts/widgetExceptionReport.html","IsSystemLocked":false,"Category":{"Id":8,"Name":"Learning","CategoryKey":"WebPartDefinition_Learning","Description":"Learning","ParentId":1,"OrdinalPosition":null},"Id":10},{"WebPartDefinitionKey":"LM_MyFavourites","Title":"Favorites","Description":"Supports quick access to content marked as a favorite by the user.","SubTitle":"Activities, Categories, Collaboration Centers","WebPartIconName":null,"WidgetNotificationMode":1,"WidgetDeeplinkUrlText":"More...","CategoryName":"Learning","IsWebPartEnabled":true,"TypeName":"SumTotal.SPPortal.WebParts.Core.Learning.Favorites.Favorites, SumTotal.SPPortal.WebParts, Version=1.0.0.0, Culture=neutral, PublicKeyToken=6b7f90fbd13cce01","WebPartServiceAgentInterfaceTypeName":"ILMWebPartContractAsync","WebPartDefinitionXml":null,"HideWebPartHeader":false,"HideWebPartFooter":true,"IsFreeFlowing":false,"PillarKey":"LM","ChromeStyle":7,"ParameterJSON":"{\"HeaderLinkIcon\": \"\", \"IsCustomEditor\": false, \"PreviewType\" : \"table\"}","TemplatePath":"app/modules/dashboard/views/webparts/widgetFavorites.html","IsSystemLocked":false,"Category":{"Id":8,"Name":"Learning","CategoryKey":"WebPartDefinition_Learning","Description":"Learning","ParentId":1,"OrdinalPosition":null},"Id":12},{"WebPartDefinitionKey":"LM_LearnerAssignment","Title":"Learning Assignments","Description":"This is a legacy widget. Please use “My Learning Assignments” instead.","SubTitle":"Assignments and duties awaiting completion","WebPartIconName":null,"WidgetNotificationMode":1,"WidgetDeeplinkUrlText":"View All Assignments","CategoryName":"Learning","IsWebPartEnabled":true,"TypeName":"SumTotal.SPPortal.WebParts.Core.Learning.LearningAssignments.LearningAssignments, SumTotal.SPPortal.WebParts, Version=1.0.0.0, Culture=neutral, PublicKeyToken=6b7f90fbd13cce01","WebPartServiceAgentInterfaceTypeName":"ILMWebPartContractAsync","WebPartDefinitionXml":null,"HideWebPartHeader":false,"HideWebPartFooter":true,"IsFreeFlowing":false,"PillarKey":"LM","ChromeStyle":7,"ParameterJSON":"{\"HeaderLinkIcon\": \"\", \"IsCustomEditor\": false, \"PreviewType\" : \"table\"}","TemplatePath":"app/modules/dashboard/views/webparts/widgetLearningAssignments.html","IsSystemLocked":false,"Category":{"Id":8,"Name":"Learning","CategoryKey":"WebPartDefinition_Learning","Description":"Learning","ParentId":1,"OrdinalPosition":null},"Id":14},{"WebPartDefinitionKey":"LM_ExceptionReport_Others","Title":"Exception Report (Others)","Description":"Status of activities assigned to direct reports and managed users. Supports deep linking to Manager Exception page.","SubTitle":"Last Updated:","WebPartIconName":null,"WidgetNotificationMode":0,"WidgetDeeplinkUrlText":"View Detailed Exception Report","CategoryName":"Learning","IsWebPartEnabled":true,"TypeName":"SumTotal.SPPortal.WebParts.Core.Learning.ExceptionReport.ExceptionReport, SumTotal.SPPortal.WebParts, Version=1.0.0.0, Culture=neutral, PublicKeyToken=6b7f90fbd13cce01","WebPartServiceAgentInterfaceTypeName":"ILMWebPartContractAsync","WebPartDefinitionXml":null,"HideWebPartHeader":false,"HideWebPartFooter":true,"IsFreeFlowing":false,"PillarKey":"LM","ChromeStyle":7,"ParameterJSON":"{\"HeaderLinkIcon\": \"\", \"IsCustomEditor\": false, \"PreviewType\" : \"donutChart\"}","TemplatePath":"app/modules/dashboard/views/webparts/widgetExceptionReportOthers.html","IsSystemLocked":false,"Category":{"Id":8,"Name":"Learning","CategoryKey":"WebPartDefinition_Learning","Description":"Learning","ParentId":1,"OrdinalPosition":null},"Id":58},{"WebPartDefinitionKey":"LM_TeachingActivities","Title":"My Instructor Schedule","Description":"Provides instructors with quick access to their current and upcoming training items.","SubTitle":"Widget My Instructor Schedule Activities","WebPartIconName":null,"WidgetNotificationMode":0,"WidgetDeeplinkUrlText":"View All My Instructor Schedule","CategoryName":"Learning","IsWebPartEnabled":true,"TypeName":null,"WebPartServiceAgentInterfaceTypeName":"ILMWebPartContractAsync","WebPartDefinitionXml":null,"HideWebPartHeader":false,"HideWebPartFooter":true,"IsFreeFlowing":false,"PillarKey":"LM","ChromeStyle":7,"ParameterJSON":"{\"HeaderLinkIcon\": \"\", \"IsCustomEditor\": false, \"PreviewType\" : \"table\"}","TemplatePath":"app/modules/dashboard/views/webparts/WidgetTeachingActivities.html","IsSystemLocked":false,"Category":{"Id":8,"Name":"Learning","CategoryKey":"WebPartDefinition_Learning","Description":"Learning","ParentId":1,"OrdinalPosition":null},"Id":64},{"WebPartDefinitionKey":"LM_RecentlyLaunched","Title":"Recently Launched","Description":"Provides user with quick access to the most recently launched non-completed training item.","SubTitle":"Recently Launched","WebPartIconName":null,"WidgetNotificationMode":0,"WidgetDeeplinkUrlText":"View All Recently Launch Activity","CategoryName":"Learning","IsWebPartEnabled":true,"TypeName":"SumTotal.SPPortal.WebParts.Core.Learning.RecentlyLaunched.RecentlyLaunched, SumTotal.SPPortal.WebParts, Version=1.0.0.0, Culture=neutral, PublicKeyToken=6b7f90fbd13cce01","WebPartServiceAgentInterfaceTypeName":"ILMWebPartContractAsync","WebPartDefinitionXml":null,"HideWebPartHeader":false,"HideWebPartFooter":true,"IsFreeFlowing":false,"PillarKey":"LM","ChromeStyle":7,"ParameterJSON":"{\"HeaderLinkIcon\": \"\", \"IsCustomEditor\": false, \"PreviewType\" : \"table\"}","TemplatePath":"app/modules/dashboard/views/webparts/widgetRecentlyLaunched.html","IsSystemLocked":false,"Category":{"Id":8,"Name":"Learning","CategoryKey":"WebPartDefinition_Learning","Description":"Learning","ParentId":1,"OrdinalPosition":null},"Id":65},{"WebPartDefinitionKey":"LM_ProxyRelations","Title":"Proxy Relations","Description":"Allows the user to have quick access to a list of users whom they can act as a proxy for.","SubTitle":"Proxy Relations","WebPartIconName":null,"WidgetNotificationMode":1,"WidgetDeeplinkUrlText":"View All","CategoryName":"Learning","IsWebPartEnabled":true,"TypeName":"SumTotal.SPPortal.WebParts.Core.Learning.ProxyRelations.ProxyRelations, SumTotal.SPPortal.WebParts, Version=1.0.0.0, Culture=neutral, PublicKeyToken=6b7f90fbd13cce01","WebPartServiceAgentInterfaceTypeName":"ILMWebPartContractAsync","WebPartDefinitionXml":null,"HideWebPartHeader":false,"HideWebPartFooter":true,"IsFreeFlowing":false,"PillarKey":"LM","ChromeStyle":7,"ParameterJSON":"{\"HeaderLinkIcon\": \"\", \"IsCustomEditor\": false, \"PreviewType\" : \"table\"}","TemplatePath":"app/modules/dashboard/views/webparts/widgetProxyRelations.html","IsSystemLocked":false,"Category":{"Id":8,"Name":"Learning","CategoryKey":"WebPartDefinition_Learning","Description":"Learning","ParentId":1,"OrdinalPosition":null},"Id":66},{"WebPartDefinitionKey":"LM_MyLearning","Title":"My Learning","Description":"Provides user with graphical summary of their assigned training compliance status.","SubTitle":null,"WebPartIconName":null,"WidgetNotificationMode":0,"WidgetDeeplinkUrlText":null,"CategoryName":"Learning","IsWebPartEnabled":true,"TypeName":"SumTotal.SPPortal.WebParts.Core.Learning.MyLearning.MyLearning, SumTotal.SPPortal.WebParts, Version=1.0.0.0, Culture=neutral, PublicKeyToken=6b7f90fbd13cce01","WebPartServiceAgentInterfaceTypeName":"ILMWebPartContractAsync","WebPartDefinitionXml":null,"HideWebPartHeader":false,"HideWebPartFooter":true,"IsFreeFlowing":false,"PillarKey":"LM","ChromeStyle":7,"ParameterJSON":"{\"HeaderLinkIcon\":\"\",\"IsCustomEditor\":false,\"PreviewType\":\"html\"}","TemplatePath":"app/modules/dashboard/views/webparts/widgetMyLearning.html","IsSystemLocked":false,"Category":{"Id":8,"Name":"Learning","CategoryKey":"WebPartDefinition_Learning","Description":"Learning","ParentId":1,"OrdinalPosition":null},"Id":67},{"WebPartDefinitionKey":"LM_LearningTasks","Title":"Learning Tasks","Description":"Displays the user's pending tasks.","SubTitle":"Learning Tasks","WebPartIconName":null,"WidgetNotificationMode":0,"WidgetDeeplinkUrlText":null,"CategoryName":"Learning","IsWebPartEnabled":true,"TypeName":"SSumTotal.SPPortal.WebParts.Core.Learning.LearningTasks.LearningTasks, SumTotal.SPPortal.WebParts, Version=1.0.0.0, Culture=neutral, PublicKeyToken=6b7f90fbd13cce01","WebPartServiceAgentInterfaceTypeName":"ILMWebPartContractAsync","WebPartDefinitionXml":null,"HideWebPartHeader":false,"HideWebPartFooter":true,"IsFreeFlowing":false,"PillarKey":"LM","ChromeStyle":7,"ParameterJSON":"{\"HeaderLinkIcon\": \"\", \"IsCustomEditor\": false, \"PreviewType\" : \"table\"}","TemplatePath":"app/modules/dashboard/views/webparts/widgetLearningTasks.html","IsSystemLocked":false,"Category":{"Id":8,"Name":"Learning","CategoryKey":"WebPartDefinition_Learning","Description":"Learning","ParentId":1,"OrdinalPosition":null},"Id":68},{"WebPartDefinitionKey":"LM_QuickLinks","Title":"Quick Links","Description":"Displays the Quick Links for Training Transcript, Training Schedule and Training Analysis.","SubTitle":"Quick Links for Training","WebPartIconName":null,"WidgetNotificationMode":0,"WidgetDeeplinkUrlText":null,"CategoryName":"Learning","IsWebPartEnabled":true,"TypeName":"SumTotal.SPPortal.WebParts.Core.Learning.QuickLinks.QuickLinks, SumTotal.SPPortal.WebParts, Version=1.0.0.0, Culture=neutral, PublicKeyToken=6b7f90fbd13cce01","WebPartServiceAgentInterfaceTypeName":"ILMWebPartContractAsync","WebPartDefinitionXml":null,"HideWebPartHeader":false,"HideWebPartFooter":true,"IsFreeFlowing":false,"PillarKey":"LM","ChromeStyle":7,"ParameterJSON":"{\"HeaderLinkIcon\": \"\", \"IsCustomEditor\": false, \"PreviewType\" : \"table\"}","TemplatePath":"app/modules/dashboard/views/webparts/widgetQuickLinks.html","IsSystemLocked":false,"Category":{"Id":8,"Name":"Learning","CategoryKey":"WebPartDefinition_Learning","Description":"Learning","ParentId":1,"OrdinalPosition":null},"Id":69},{"WebPartDefinitionKey":"LM_Recommendation","Title":"Recommended Courses","Description":"Displays recommended learning based on your interests, your required skills, and suggestions from others in your organization.","SubTitle":null,"WebPartIconName":null,"WidgetNotificationMode":0,"WidgetDeeplinkUrlText":null,"CategoryName":"Learning","IsWebPartEnabled":true,"TypeName":null,"WebPartServiceAgentInterfaceTypeName":null,"WebPartDefinitionXml":null,"HideWebPartHeader":false,"HideWebPartFooter":true,"IsFreeFlowing":false,"PillarKey":"LM","ChromeStyle":7,"ParameterJSON":"{\"HeaderLinkIcon\":\"\",\"IsCustomEditor\":false,\"PreviewType\":\"table\"}","TemplatePath":"app/modules/dashboard/views/webparts/widgetRecommendation.html","IsSystemLocked":false,"Category":{"Id":8,"Name":"Learning","CategoryKey":"WebPartDefinition_Learning","Description":"Learning","ParentId":1,"OrdinalPosition":null},"Id":70},{"WebPartDefinitionKey":"LM_PromotedActivities","Title":"Promoted Activities","Description":"This is a legacy widget. Please use “Promoted Learning Activities” instead.","SubTitle":null,"WebPartIconName":null,"WidgetNotificationMode":0,"WidgetDeeplinkUrlText":null,"CategoryName":"Learning","IsWebPartEnabled":true,"TypeName":"SumTotal.SPPortal.WebParts.Core.Learning.PromotedActivities.PromotedActivities, SumTotal.SPPortal.WebParts, Version=1.0.0.0, Culture=neutral, PublicKeyToken=6b7f90fbd13cce01","WebPartServiceAgentInterfaceTypeName":"ILMWebPartContractAsync","WebPartDefinitionXml":null,"HideWebPartHeader":false,"HideWebPartFooter":false,"IsFreeFlowing":false,"PillarKey":"LM","ChromeStyle":7,"ParameterJSON":"{\"HeaderLinkIcon\":\"\",\"IsCustomEditor\":false,\"PreviewType\":\"configTextField\",\"Config\":{\"Name\":\"LearningActivityCodes\",\"Value\":\"\"}}","TemplatePath":"app/modules/dashboard/views/webparts/widgetPromotedActivities.html","IsSystemLocked":false,"Category":{"Id":8,"Name":"Learning","CategoryKey":"WebPartDefinition_Learning","Description":"Learning","ParentId":1,"OrdinalPosition":null},"Id":79},{"WebPartDefinitionKey":"LM_Categories","Title":"Browse By Topic","Description":"Display all topics, can browse activities through selected topic.","SubTitle":"Browse By Topic","WebPartIconName":null,"WidgetNotificationMode":0,"WidgetDeeplinkUrlText":"View All Categories","CategoryName":"Learning","IsWebPartEnabled":true,"TypeName":null,"WebPartServiceAgentInterfaceTypeName":"ILMWebPartContractAsync","WebPartDefinitionXml":null,"HideWebPartHeader":false,"HideWebPartFooter":false,"IsFreeFlowing":false,"PillarKey":"LM","ChromeStyle":7,"ParameterJSON":"{\"HeaderLinkIcon\":\"\",\"IsCustomEditor\":false,\"PreviewType\":\"table\"}","TemplatePath":"app/modules/dashboard/views/webparts/widgetCatalogBrowseByCategory.html","IsSystemLocked":false,"Category":{"Id":8,"Name":"Learning","CategoryKey":"WebPartDefinition_Learning","Description":"Learning","ParentId":1,"OrdinalPosition":null},"Id":80},{"WebPartDefinitionKey":"LM_ActivityTypes","Title":"Browse By Activity Type","Description":"Display all Activity Types, can browse activities through selected Activity Type.","SubTitle":"Browse By Activity Type","WebPartIconName":null,"WidgetNotificationMode":0,"WidgetDeeplinkUrlText":"View All Activity Types","CategoryName":"Learning","IsWebPartEnabled":true,"TypeName":null,"WebPartServiceAgentInterfaceTypeName":"ILMWebPartContractAsync","WebPartDefinitionXml":null,"HideWebPartHeader":false,"HideWebPartFooter":false,"IsFreeFlowing":false,"PillarKey":"LM","ChromeStyle":7,"ParameterJSON":"{\"HeaderLinkIcon\": \"\", \"IsCustomEditor\": false, \"PreviewType\" : \"table\"}","TemplatePath":"app/modules/dashboard/views/webparts/widgetCatalogBrowseByActivityType.html","IsSystemLocked":false,"Category":{"Id":8,"Name":"Learning","CategoryKey":"WebPartDefinition_Learning","Description":"Learning","ParentId":1,"OrdinalPosition":null},"Id":81},{"WebPartDefinitionKey":"LM_PromotedCategories","Title":"Promoted Topics","Description":"This is a legacy widget. Please use “Promoted Library Topics” instead.","SubTitle":"Promoted Topics","WebPartIconName":null,"WidgetNotificationMode":0,"WidgetDeeplinkUrlText":"View All Topics","CategoryName":"Learning","IsWebPartEnabled":true,"TypeName":null,"WebPartServiceAgentInterfaceTypeName":"ILMWebPartContractAsync","WebPartDefinitionXml":null,"HideWebPartHeader":false,"HideWebPartFooter":false,"IsFreeFlowing":false,"PillarKey":"LM","ChromeStyle":7,"ParameterJSON":"{\"HeaderLinkIcon\": \"\", \"IsCustomEditor\": false, \"PreviewType\" : \"table\"}","TemplatePath":"app/modules/dashboard/views/webparts/widgetPromotedCategories.html","IsSystemLocked":false,"Category":{"Id":8,"Name":"Learning","CategoryKey":"WebPartDefinition_Learning","Description":"Learning","ParentId":1,"OrdinalPosition":null},"Id":82},{"WebPartDefinitionKey":"LM_Calendar","Title":"My Learning Schedule","Description":"Highlights schedule information in calendar.","SubTitle":null,"WebPartIconName":null,"WidgetNotificationMode":0,"WidgetDeeplinkUrlText":null,"CategoryName":"Learning","IsWebPartEnabled":true,"TypeName":"SumTotal.SPPortal.WebParts.Core.Learning.Calendar.Calendar, SumTotal.SPPortal.WebParts, Version=1.0.0.0, Culture=neutral, PublicKeyToken=6b7f90fbd13cce01","WebPartServiceAgentInterfaceTypeName":null,"WebPartDefinitionXml":null,"HideWebPartHeader":false,"HideWebPartFooter":true,"IsFreeFlowing":false,"PillarKey":"LM","ChromeStyle":7,"ParameterJSON":"{\"HeaderLinkIcon\": \"\", \"IsCustomEditor\": false, \"PreviewType\" : \"html\"}","TemplatePath":"app/modules/dashboard/views/webparts/widgetCalendar.html","IsSystemLocked":false,"Category":{"Id":8,"Name":"Learning","CategoryKey":"WebPartDefinition_Learning","Description":"Learning","ParentId":1,"OrdinalPosition":null},"Id":83},{"WebPartDefinitionKey":"LM_News","Title":"News","Description":"Displays the latest news.","SubTitle":"News","WebPartIconName":null,"WidgetNotificationMode":0,"WidgetDeeplinkUrlText":null,"CategoryName":"Learning","IsWebPartEnabled":true,"TypeName":null,"WebPartServiceAgentInterfaceTypeName":null,"WebPartDefinitionXml":null,"HideWebPartHeader":false,"HideWebPartFooter":false,"IsFreeFlowing":false,"PillarKey":"LM","ChromeStyle":7,"ParameterJSON":"{\"HeaderLinkIcon\": \"\", \"IsCustomEditor\": false, \"PreviewType\" : \"table\"}","TemplatePath":"app/modules/dashboard/views/webparts/widgetNews.html","IsSystemLocked":false,"Category":{"Id":8,"Name":"Learning","CategoryKey":"WebPartDefinition_Learning","Description":"Learning","ParentId":1,"OrdinalPosition":null},"Id":85},{"WebPartDefinitionKey":"LM_RecentPurchasedActivities","Title":"Recently Purchased Activities","Description":"Provides user with quick access to the five most recently purchased  activities.","SubTitle":"Recent purchases I have made","WebPartIconName":null,"WidgetNotificationMode":0,"WidgetDeeplinkUrlText":null,"CategoryName":"Learning","IsWebPartEnabled":true,"TypeName":null,"WebPartServiceAgentInterfaceTypeName":"ILMWebPartContractAsync","WebPartDefinitionXml":null,"HideWebPartHeader":false,"HideWebPartFooter":false,"IsFreeFlowing":false,"PillarKey":"LM","ChromeStyle":7,"ParameterJSON":"{\"HeaderLinkIcon\": \"\", \"IsCustomEditor\": false, \"PreviewType\" : \"table\"}","TemplatePath":"app/modules/dashboard/views/webparts/widgetLearningRecentlyPurchasedActivities.html","IsSystemLocked":false,"Category":{"Id":8,"Name":"Learning","CategoryKey":"WebPartDefinition_Learning","Description":"Learning","ParentId":1,"OrdinalPosition":null},"Id":87},{"WebPartDefinitionKey":"LM_ConfigurableWidget","Title":"Configurable Widget","Description":"Displays configured widget data","SubTitle":null,"WebPartIconName":null,"WidgetNotificationMode":0,"WidgetDeeplinkUrlText":null,"CategoryName":"Learning","IsWebPartEnabled":true,"TypeName":null,"WebPartServiceAgentInterfaceTypeName":"ILMWebPartContractAsync","WebPartDefinitionXml":null,"HideWebPartHeader":false,"HideWebPartFooter":false,"IsFreeFlowing":false,"PillarKey":"LM","ChromeStyle":7,"ParameterJSON":"{\"HeaderLinkIcon\": \"\", \"IsCustomEditor\": false, \"PreviewType\" : \"configCarouselDropDown\", \"Config\":{\"Name\":\"ConfigurableCarouselWidgetCodesDropDown\",\"DropDownData\":{\"SelectedKey\": null, \"AvailableOptions\": [{\"id\": \"0\", \"name\":\"Trending For Your Job\"}, {\"id\":\"1\", \"name\":\"Top Picks For You\"}, {\"id\":\"2\", \"name\":\"Top Rated\"}, {\"id\":\"3\", \"name\":\"Saved For Later\"}, {\"id\":\"4\", \"name\":\"Continue Learning\"}, {\"id\":\"5\", \"name\":\"Join Your Peers\"}, {\"id\":\"6\", \"name\":\"Training Recommended For Next Job\"}, {\"id\":\"7\", \"name\":\"Most Popular\"}]}}}","TemplatePath":"app/modules/dashboard/views/webparts/widgetConfigurableContent.html","IsSystemLocked":false,"Category":{"Id":8,"Name":"Learning","CategoryKey":"WebPartDefinition_Learning","Description":"Learning","ParentId":1,"OrdinalPosition":null},"Id":106},{"WebPartDefinitionKey":"LM_ConfigurableCarouselWidget","Title":"Configurable Carousel Widget","Description":"Displays configured widget data","SubTitle":null,"WebPartIconName":null,"WidgetNotificationMode":0,"WidgetDeeplinkUrlText":null,"CategoryName":"Learning","IsWebPartEnabled":true,"TypeName":null,"WebPartServiceAgentInterfaceTypeName":"ILMWebPartContractAsync","WebPartDefinitionXml":null,"HideWebPartHeader":false,"HideWebPartFooter":false,"IsFreeFlowing":false,"PillarKey":"LM","ChromeStyle":7,"ParameterJSON":"{\"HeaderLinkIcon\": \"\", \"IsCustomEditor\": false, \"PreviewType\" : \"configCarouselDropDown\", \"Config\":{\"Name\":\"ConfigurableCarouselWidgetCodesDropDown\",\"DropDownData\":{\"SelectedKey\": null, \"AvailableOptions\": [{\"id\": \"0\", \"name\":\"Trending For Your Job\"}, {\"id\":\"1\", \"name\":\"Top Picks For You\"}, {\"id\":\"2\", \"name\":\"Top Rated\"}, {\"id\":\"3\", \"name\":\"Saved For Later\"}, {\"id\":\"4\", \"name\":\"Continue Learning\"}, {\"id\":\"5\", \"name\":\"Join Your Peers\"}, {\"id\":\"6\", \"name\":\"Training Recommended For Next Job\"}, {\"id\":\"7\", \"name\":\"Most Popular\"}]}}}","TemplatePath":"app/modules/dashboard/views/webparts/widgetConfigurableCarouselContent.html","IsSystemLocked":false,"Category":{"Id":8,"Name":"Learning","CategoryKey":"WebPartDefinition_Learning","Description":"Learning","ParentId":1,"OrdinalPosition":null},"Id":107},{"WebPartDefinitionKey":"search_calendarView","Title":"Available Activities Calendar","Description":"Allows learners to browse available learning activity offerings in a calendar view.","SubTitle":"Available Activities Calendar","WebPartIconName":null,"WidgetNotificationMode":0,"WidgetDeeplinkUrlText":null,"CategoryName":"Learning","IsWebPartEnabled":true,"TypeName":null,"WebPartServiceAgentInterfaceTypeName":null,"WebPartDefinitionXml":null,"HideWebPartHeader":false,"HideWebPartFooter":false,"IsFreeFlowing":false,"PillarKey":"LM","ChromeStyle":7,"ParameterJSON":"{\"HeaderLinkIcon\": \"\", \"IsCustomEditor\": false, \"PreviewType\" : \"calendar\"}","TemplatePath":"app/modules/dashboard/views/searchWidgets/calendarView.html","IsSystemLocked":false,"Category":{"Id":8,"Name":"Learning","CategoryKey":"WebPartDefinition_Learning","Description":"Learning","ParentId":1,"OrdinalPosition":null},"Id":111},{"WebPartDefinitionKey":"LM_FavouritesCarousel","Title":"My Favorites","Description":"Supports quick access to content marked as a favorite by the user in a carousel.","SubTitle":"Activities, Categories, Collaboration Centers","WebPartIconName":null,"WidgetNotificationMode":1,"WidgetDeeplinkUrlText":"More...","CategoryName":"Learning","IsWebPartEnabled":true,"TypeName":"SumTotal.SPPortal.WebParts.Core.Learning.Favorites.Favorites, SumTotal.SPPortal.WebParts, Version=1.0.0.0, Culture=neutral, PublicKeyToken=6b7f90fbd13cce01","WebPartServiceAgentInterfaceTypeName":"ILMWebPartContractAsync","WebPartDefinitionXml":null,"HideWebPartHeader":false,"HideWebPartFooter":true,"IsFreeFlowing":false,"PillarKey":"LM","ChromeStyle":7,"ParameterJSON":"{\"HeaderLinkIcon\":\"\",\"IsCustomEditor\":false,\"PreviewType\":\"table\"}","TemplatePath":"app/modules/dashboard/views/webparts/widgetFavoritesCarousel.html","IsSystemLocked":false,"Category":{"Id":8,"Name":"Learning","CategoryKey":"WebPartDefinition_Learning","Description":"Learning","ParentId":1,"OrdinalPosition":null},"Id":112},{"WebPartDefinitionKey":"Common_SearchWidget","Title":"Search","Description":"Quick Search for Courses, Training, Videos, Books and Audiobooks","SubTitle":"Search for Courses, Training, Videos, Books and Audiobooks","WebPartIconName":null,"WidgetNotificationMode":0,"WidgetDeeplinkUrlText":null,"CategoryName":"Learning","IsWebPartEnabled":true,"TypeName":null,"WebPartServiceAgentInterfaceTypeName":null,"WebPartDefinitionXml":null,"HideWebPartHeader":true,"HideWebPartFooter":false,"IsFreeFlowing":false,"PillarKey":null,"ChromeStyle":6,"ParameterJSON":"{\"HeaderLinkIcon\":\"\",\"IsCustomEditor\":false,\"PreviewType\":\"table\"}","TemplatePath":"app/modules/dashboard/views/webparts/widgetEnterpriseSearch.html","IsSystemLocked":false,"Category":{"Id":8,"Name":"Learning","CategoryKey":"WebPartDefinition_Learning","Description":"Learning","ParentId":1,"OrdinalPosition":null},"Id":113},{"WebPartDefinitionKey":"LM_ResumeLearning","Title":"Resume Learning","Description":"Provides user with quick access to all recently launched non-completed training items.","SubTitle":"List of recently launched activities","WebPartIconName":null,"WidgetNotificationMode":0,"WidgetDeeplinkUrlText":"View All Recently Launched Activities","CategoryName":"Learning","IsWebPartEnabled":true,"TypeName":"SumTotal.SPPortal.WebParts.Core.Learning.RecentlyLaunched.RecentlyLaunched, SumTotal.SPPortal.WebParts, Version=1.0.0.0, Culture=neutral, PublicKeyToken=6b7f90fbd13cce01","WebPartServiceAgentInterfaceTypeName":"ILMWebPartContractAsync","WebPartDefinitionXml":null,"HideWebPartHeader":false,"HideWebPartFooter":true,"IsFreeFlowing":false,"PillarKey":"LM","ChromeStyle":7,"ParameterJSON":"{\"HeaderLinkIcon\":\"\",\"IsCustomEditor\":false,\"PreviewType\":\"table\"}","TemplatePath":"app/modules/dashboard/views/webparts/widgetRecentlyLaunchedActivitiesList.html","IsSystemLocked":false,"Category":{"Id":8,"Name":"Learning","CategoryKey":"WebPartDefinition_Learning","Description":"Learning","ParentId":1,"OrdinalPosition":null},"Id":114},{"WebPartDefinitionKey":"LM_RecommendedActivities","Title":"Recommended Activities","Description":"Displays recommended activities based on your interests, your required skills, and suggestions from others in your organization in a carousel.","SubTitle":null,"WebPartIconName":null,"WidgetNotificationMode":0,"WidgetDeeplinkUrlText":null,"CategoryName":"Learning","IsWebPartEnabled":true,"TypeName":null,"WebPartServiceAgentInterfaceTypeName":null,"WebPartDefinitionXml":null,"HideWebPartHeader":true,"HideWebPartFooter":true,"IsFreeFlowing":false,"PillarKey":"LM","ChromeStyle":6,"ParameterJSON":"{\"HeaderLinkIcon\":\"\",\"IsCustomEditor\":false,\"PreviewType\":\"table\"}","TemplatePath":"app/modules/dashboard/views/webparts/widgetRecommendedActivitiesCarousel.html","IsSystemLocked":false,"Category":{"Id":8,"Name":"Learning","CategoryKey":"WebPartDefinition_Learning","Description":"Learning","ParentId":1,"OrdinalPosition":null},"Id":115},{"WebPartDefinitionKey":"LM_PromotedActivities","Title":"Promoted Learning  Activities","Description":"Displays activities promoted by your organization.","SubTitle":null,"WebPartIconName":null,"WidgetNotificationMode":0,"WidgetDeeplinkUrlText":null,"CategoryName":"Learning","IsWebPartEnabled":true,"TypeName":"SumTotal.SPPortal.WebParts.Core.Learning.PromotedActivities.PromotedActivities, SumTotal.SPPortal.WebParts, Version=1.0.0.0, Culture=neutral, PublicKeyToken=6b7f90fbd13cce01","WebPartServiceAgentInterfaceTypeName":"ILMWebPartContractAsync","WebPartDefinitionXml":null,"HideWebPartHeader":false,"HideWebPartFooter":false,"IsFreeFlowing":false,"PillarKey":"LM","ChromeStyle":7,"ParameterJSON":"{\"HeaderLinkIcon\": \"\", \"IsCustomEditor\": false, \"PreviewType\" : \"configTextField\", \"Config\":{\"Name\":\"LearningActivityCodes\",\"Value\":\"\"}}","TemplatePath":"app/modules/dashboard/views/webparts/widgetPromotedActivitiesCarousel.html","IsSystemLocked":false,"Category":{"Id":8,"Name":"Learning","CategoryKey":"WebPartDefinition_Learning","Description":"Learning","ParentId":1,"OrdinalPosition":null},"Id":118},{"WebPartDefinitionKey":"LM_PromotedLibraryTopics","Title":"Promoted Library  Topics","Description":"Displays Library topics promoted by your organization.","SubTitle":null,"WebPartIconName":null,"WidgetNotificationMode":0,"WidgetDeeplinkUrlText":"View All Topics","CategoryName":"Learning","IsWebPartEnabled":true,"TypeName":null,"WebPartServiceAgentInterfaceTypeName":"ILMWebPartContractAsync","WebPartDefinitionXml":null,"HideWebPartHeader":false,"HideWebPartFooter":false,"IsFreeFlowing":false,"PillarKey":"LM","ChromeStyle":7,"ParameterJSON":"{\"HeaderLinkIcon\": \"\", \"IsCustomEditor\": false, \"PreviewType\" : \"table\", \"MaxCount\":20}","TemplatePath":"app/modules/dashboard/views/webparts/widgetPromotedCategoriesCarousel.html","IsSystemLocked":false,"Category":{"Id":8,"Name":"Learning","CategoryKey":"WebPartDefinition_Learning","Description":"Learning","ParentId":1,"OrdinalPosition":null},"Id":119},{"WebPartDefinitionKey":"LM_LearnerAssignmentCarousel","Title":"My Learning Assignments","Description":"Provides quick access to the user's current learning assignments.","SubTitle":"Assignments and duties awaiting completion","WebPartIconName":null,"WidgetNotificationMode":1,"WidgetDeeplinkUrlText":"View All Assignments","CategoryName":"Learning","IsWebPartEnabled":true,"TypeName":"SumTotal.SPPortal.WebParts.Core.Learning.LearningAssignments.LearningAssignments, SumTotal.SPPortal.WebParts, Version=1.0.0.0, Culture=neutral, PublicKeyToken=6b7f90fbd13cce01","WebPartServiceAgentInterfaceTypeName":"ILMWebPartContractAsync","WebPartDefinitionXml":null,"HideWebPartHeader":false,"HideWebPartFooter":true,"IsFreeFlowing":false,"PillarKey":"LM","ChromeStyle":7,"ParameterJSON":"{\"HeaderLinkIcon\": \"\", \"IsCustomEditor\": false, \"PreviewType\" : \"table\", \"MaxCount\":20, \"isCarousel\": true, \"noScroll\" : true}","TemplatePath":"app/modules/dashboard/views/webparts/widgetLearningAssignmentsCarousel.html","IsSystemLocked":false,"Category":{"Id":8,"Name":"Learning","CategoryKey":"WebPartDefinition_Learning","Description":"Learning","ParentId":1,"OrdinalPosition":null},"Id":120},{"WebPartDefinitionKey":"LM_InterestBasedActivities","Title":"My Interests","Description":"Displays interest-based activities. Place at the bottom of the page as max of 10 interests will force scrolling.","SubTitle":null,"WebPartIconName":null,"WidgetNotificationMode":0,"WidgetDeeplinkUrlText":null,"CategoryName":"Learning","IsWebPartEnabled":true,"TypeName":null,"WebPartServiceAgentInterfaceTypeName":null,"WebPartDefinitionXml":null,"HideWebPartHeader":true,"HideWebPartFooter":true,"IsFreeFlowing":false,"PillarKey":"LM","ChromeStyle":6,"ParameterJSON":"{\"HeaderLinkIcon\": \"\", \"IsCustomEditor\": false, \"PreviewType\" : \"table\", \"numOfInterests\" : 10, \"numOfRecommPerInterest\" : 20, \"ShowAdaptiveHeight\" : true, \"AdaptiveHeight\" : true, \"noScroll\" : true}","TemplatePath":"app/modules/dashboard/views/webparts/widgetInterestBasedActivities.html","IsSystemLocked":false,"Category":{"Id":8,"Name":"Learning","CategoryKey":"WebPartDefinition_Learning","Description":"Learning","ParentId":1,"OrdinalPosition":null},"Id":121}]},{"Category":{"Id":11,"Name":"Social","CategoryKey":"WebPartDefinition_Social","Description":"Social","ParentId":1,"OrdinalPosition":null},"Definitions":[{"WebPartDefinitionKey":"LM_MyCommunities","Title":"My Communities","Description":"Recent posts for the communities which the logged in user is a member, supported by an option to view all updates.","SubTitle":"Favorite discussion forums","WebPartIconName":null,"WidgetNotificationMode":1,"WidgetDeeplinkUrlText":"View All Communities","CategoryName":"Social","IsWebPartEnabled":true,"TypeName":"SumTotal.SPPortal.WebParts.Core.Social.MyCommunities.MyCommunities, SumTotal.SPPortal.WebParts, Version=1.0.0.0, Culture=neutral, PublicKeyToken=6b7f90fbd13cce01","WebPartServiceAgentInterfaceTypeName":"ILMWebPartContractAsync","WebPartDefinitionXml":null,"HideWebPartHeader":false,"HideWebPartFooter":true,"IsFreeFlowing":false,"PillarKey":"LM","ChromeStyle":7,"ParameterJSON":"{\"HeaderLinkIcon\": \"\", \"IsCustomEditor\": false, \"PreviewType\" : \"table\"}","TemplatePath":"app/modules/dashboard/views/webparts/widgetMyCommunities.html","IsSystemLocked":false,"Category":{"Id":11,"Name":"Social","CategoryKey":"WebPartDefinition_Social","Description":"Social","ParentId":1,"OrdinalPosition":null},"Id":5},{"WebPartDefinitionKey":"LM_CommunityUpdates","Title":"Community Updates","Description":"Highlights recent community posts with an option to view all community updates.","SubTitle":"Updated discussion forums  ","WebPartIconName":null,"WidgetNotificationMode":1,"WidgetDeeplinkUrlText":"View All Updates","CategoryName":"Social","IsWebPartEnabled":true,"TypeName":"SumTotal.SPPortal.WebParts.Core.Social.CommunityUpdates.CommunityUpdates, SumTotal.SPPortal.WebParts, Version=1.0.0.0, Culture=neutral, PublicKeyToken=6b7f90fbd13cce01","WebPartServiceAgentInterfaceTypeName":"ILMWebPartContractAsync","WebPartDefinitionXml":null,"HideWebPartHeader":false,"HideWebPartFooter":true,"IsFreeFlowing":false,"PillarKey":"LM","ChromeStyle":7,"ParameterJSON":"{\"HeaderLinkIcon\": \"\", \"IsCustomEditor\": false, \"PreviewType\" : \"table\"}","TemplatePath":"app/modules/dashboard/views/webparts/widgetCommunityUpdates.html","IsSystemLocked":false,"Category":{"Id":11,"Name":"Social","CategoryKey":"WebPartDefinition_Social","Description":"Social","ParentId":1,"OrdinalPosition":null},"Id":11},{"WebPartDefinitionKey":"SocialGroups","Title":"Social Groups","Description":"View all Social groups, manage your Social groups, and post messages.","SubTitle":"Social Groups","WebPartIconName":null,"WidgetNotificationMode":0,"WidgetDeeplinkUrlText":null,"CategoryName":"Social","IsWebPartEnabled":true,"TypeName":null,"WebPartServiceAgentInterfaceTypeName":null,"WebPartDefinitionXml":null,"HideWebPartHeader":false,"HideWebPartFooter":false,"IsFreeFlowing":false,"PillarKey":null,"ChromeStyle":7,"ParameterJSON":"{\"HeaderLinkIcon\": \"\", \"IsCustomEditor\": false, \"PreviewType\" : \"table\"}","TemplatePath":"app/modules/dashboard/views/webparts/widgetSocial.html","IsSystemLocked":false,"Category":{"Id":11,"Name":"Social","CategoryKey":"WebPartDefinition_Social","Description":"Social","ParentId":1,"OrdinalPosition":null},"Id":98},{"WebPartDefinitionKey":"SocialMyFeed","Title":"My Feed","Description":"View and make updates to your Social feed, including groups for which you are a member and public groups.","SubTitle":"My Feed","WebPartIconName":null,"WidgetNotificationMode":0,"WidgetDeeplinkUrlText":null,"CategoryName":"Social","IsWebPartEnabled":true,"TypeName":null,"WebPartServiceAgentInterfaceTypeName":null,"WebPartDefinitionXml":null,"HideWebPartHeader":false,"HideWebPartFooter":false,"IsFreeFlowing":false,"PillarKey":null,"ChromeStyle":7,"ParameterJSON":"{\"HeaderLinkIcon\": \"\", \"IsCustomEditor\": false, \"PreviewType\" : \"table\"}","TemplatePath":"app/modules/dashboard/views/webparts/widgetSocialMyFeed.html","IsSystemLocked":false,"Category":{"Id":11,"Name":"Social","CategoryKey":"WebPartDefinition_Social","Description":"Social","ParentId":1,"OrdinalPosition":null},"Id":99},{"WebPartDefinitionKey":"Social_MyCommunities","Title":"My Social Communities","Description":"Displays social communities that I am a member of","SubTitle":null,"WebPartIconName":null,"WidgetNotificationMode":1,"WidgetDeeplinkUrlText":"View All","CategoryName":"Social","IsWebPartEnabled":true,"TypeName":null,"WebPartServiceAgentInterfaceTypeName":null,"WebPartDefinitionXml":null,"HideWebPartHeader":false,"HideWebPartFooter":false,"IsFreeFlowing":false,"PillarKey":"ELIXHRUI","ChromeStyle":7,"ParameterJSON":"{\"HeaderLinkIcon\":\"\",\"IsCustomEditor\":false,\"PreviewType\":\"table\"}","TemplatePath":"app/modules/dashboard/views/webparts/widgetSocialMyCommunities.html","IsSystemLocked":false,"Category":{"Id":11,"Name":"Social","CategoryKey":"WebPartDefinition_Social","Description":"Social","ParentId":1,"OrdinalPosition":null},"Id":116},{"WebPartDefinitionKey":"Social_CommunityFeed","Title":"My Social Community Feed","Description":"Displays the social activities of communities I am a member of","SubTitle":null,"WebPartIconName":null,"WidgetNotificationMode":1,"WidgetDeeplinkUrlText":"View All","CategoryName":"Social","IsWebPartEnabled":true,"TypeName":null,"WebPartServiceAgentInterfaceTypeName":null,"WebPartDefinitionXml":null,"HideWebPartHeader":false,"HideWebPartFooter":false,"IsFreeFlowing":false,"PillarKey":"ELIXHRUI","ChromeStyle":7,"ParameterJSON":"{\"HeaderLinkIcon\":\"\",\"IsCustomEditor\":false,\"PreviewType\":\"table\"}","TemplatePath":"app/modules/dashboard/views/webparts/widgetSocialCommunityFeed.html","IsSystemLocked":false,"Category":{"Id":11,"Name":"Social","CategoryKey":"WebPartDefinition_Social","Description":"Social","ParentId":1,"OrdinalPosition":null},"Id":117}]},{"Category":{"Id":6,"Name":"Talent","CategoryKey":"WebPartDefinition_Talent","Description":"Talent","ParentId":1,"OrdinalPosition":null},"Definitions":[{"WebPartDefinitionKey":"TM_MyProcesses","Title":"My Processes","Description":"Displays status of active processes and supports linking to the process details.","SubTitle":"My assessments and reviews","WebPartIconName":null,"WidgetNotificationMode":0,"WidgetDeeplinkUrlText":"View All Processes","CategoryName":"Talent","IsWebPartEnabled":true,"TypeName":"SumTotal.SPPortal.WebParts.Core.TM.MyProcesses.MyProcesses, SumTotal.SPPortal.WebParts, Version=1.0.0.0, Culture=neutral, PublicKeyToken=6b7f90fbd13cce01","WebPartServiceAgentInterfaceTypeName":"ITMWebPartContractAsync","WebPartDefinitionXml":null,"HideWebPartHeader":false,"HideWebPartFooter":true,"IsFreeFlowing":false,"PillarKey":"TM","ChromeStyle":7,"ParameterJSON":"{\"HeaderLinkIcon\": \"\", \"IsCustomEditor\": false, \"PreviewType\" : \"table\"}","TemplatePath":"app/modules/dashboard/views/webparts/widgetMyProcess.html","IsSystemLocked":false,"Category":{"Id":6,"Name":"Talent","CategoryKey":"WebPartDefinition_Talent","Description":"Talent","ParentId":1,"OrdinalPosition":null},"Id":44},{"WebPartDefinitionKey":"TM_MyTeamProcesses","Title":"My Team - Process List","Description":"Highlights how many direct reports a manager has active within Talent processes.  Users can drill to specific processes.","SubTitle":"Assessments and reviews within my team","WebPartIconName":null,"WidgetNotificationMode":0,"WidgetDeeplinkUrlText":"View All Team Processes","CategoryName":"Talent","IsWebPartEnabled":true,"TypeName":"SumTotal.SPPortal.WebParts.Core.TM.MyTeamProcesses.MyTeamProcesses, SumTotal.SPPortal.WebParts, Version=1.0.0.0, Culture=neutral, PublicKeyToken=6b7f90fbd13cce01","WebPartServiceAgentInterfaceTypeName":"ITMWebPartContractAsync","WebPartDefinitionXml":null,"HideWebPartHeader":false,"HideWebPartFooter":true,"IsFreeFlowing":false,"PillarKey":"TM","ChromeStyle":7,"ParameterJSON":"{\"HeaderLinkIcon\": \"\", \"IsCustomEditor\": false, \"PreviewType\" : \"table\"}","TemplatePath":"app/modules/dashboard/views/webparts/widgetProcessList.html","IsSystemLocked":false,"Category":{"Id":6,"Name":"Talent","CategoryKey":"WebPartDefinition_Talent","Description":"Talent","ParentId":1,"OrdinalPosition":null},"Id":45},{"WebPartDefinitionKey":"TM_MyTeamGoals","Title":"My Team - Goal Summary","Description":"Lists approved goals for direct reports, highlighting due date, progress, and organizational alignment.","SubTitle":"Results of team goals and accomplishments","WebPartIconName":null,"WidgetNotificationMode":0,"WidgetDeeplinkUrlText":"View All My Team Goals","CategoryName":"Talent","IsWebPartEnabled":true,"TypeName":"SumTotal.SPPortal.WebParts.Core.TM.MyTeamGoals.MyTeamGoals, SumTotal.SPPortal.WebParts, Version=1.0.0.0, Culture=neutral, PublicKeyToken=6b7f90fbd13cce01","WebPartServiceAgentInterfaceTypeName":"ITMWebPartContractAsync","WebPartDefinitionXml":null,"HideWebPartHeader":false,"HideWebPartFooter":true,"IsFreeFlowing":false,"PillarKey":"TM","ChromeStyle":7,"ParameterJSON":"{\"HeaderLinkIcon\": \"\", \"IsCustomEditor\": false, \"ChartConfig\":{\"columnMap\":[\"value\"], \"barType\":\"bar\", \"ChartLabelColumn\":\"dataName\"}, \"PreviewType\":\"barChart\"}","TemplatePath":"app/modules/dashboard/views/webparts/widgetMyTeamGoalSummary.html","IsSystemLocked":false,"Category":{"Id":6,"Name":"Talent","CategoryKey":"WebPartDefinition_Talent","Description":"Talent","ParentId":1,"OrdinalPosition":null},"Id":46},{"WebPartDefinitionKey":"TM_MyTeamPerformanceRatingDistribution","Title":"Performance Bell Curve (Manager)","Description":"Organizes direct reports based on their ratings against organizational targeted values.","SubTitle":"Results of team performance reviews","WebPartIconName":null,"WidgetNotificationMode":0,"WidgetDeeplinkUrlText":null,"CategoryName":"Talent","IsWebPartEnabled":true,"TypeName":"SumTotal.SPPortal.WebParts.Core.TM.MyTeamPRD.MyTeamPRD, SumTotal.SPPortal.WebParts, Version=1.0.0.0, Culture=neutral, PublicKeyToken=6b7f90fbd13cce01","WebPartServiceAgentInterfaceTypeName":"ITMWebPartContractAsync","WebPartDefinitionXml":null,"HideWebPartHeader":false,"HideWebPartFooter":true,"IsFreeFlowing":false,"PillarKey":"TM","ChromeStyle":7,"ParameterJSON":"{\"HeaderLinkIcon\": \"\", \"IsCustomEditor\": false, \"ChartConfig\":{\"columnMap\":[\"itemName\", \"count\", \"target\"]}, \"PreviewType\":\"bellChart\"}","TemplatePath":"app/modules/dashboard/views/webparts/widgetRatingDistribution.html","IsSystemLocked":false,"Category":{"Id":6,"Name":"Talent","CategoryKey":"WebPartDefinition_Talent","Description":"Talent","ParentId":1,"OrdinalPosition":null},"Id":47},{"WebPartDefinitionKey":"TM_MyTeamGoalsDetail","Title":"My Team Goals","Description":"Displays all goals and current status for direct reports.","SubTitle":"Detailed information about my team's goals","WebPartIconName":null,"WidgetNotificationMode":0,"WidgetDeeplinkUrlText":"View all my team goals","CategoryName":"Talent","IsWebPartEnabled":true,"TypeName":"SumTotal.SPPortal.WebParts.Core.TM.MyTeamGoalsDetail.MyTeamGoalsDetail, SumTotal.SPPortal.WebParts, Version=1.0.0.0, Culture=neutral, PublicKeyToken=6b7f90fbd13cce01","WebPartServiceAgentInterfaceTypeName":"ITMWebPartContractAsync","WebPartDefinitionXml":null,"HideWebPartHeader":false,"HideWebPartFooter":true,"IsFreeFlowing":false,"PillarKey":"TM","ChromeStyle":7,"ParameterJSON":"{\"HeaderLinkIcon\": \"\", \"IsCustomEditor\": false, \"PreviewType\" : \"table\"}","TemplatePath":"app/modules/dashboard/views/webparts/widgetMyTeamGoals.html","IsSystemLocked":false,"Category":{"Id":6,"Name":"Talent","CategoryKey":"WebPartDefinition_Talent","Description":"Talent","ParentId":1,"OrdinalPosition":null},"Id":48},{"WebPartDefinitionKey":"TM_MyTeamPerformanceProgress","Title":"Team Performance Progress","Description":"Highlights progress against performance processes for direct reports.","SubTitle":"Displays performance processes and the number of employees on each step.","WebPartIconName":null,"WidgetNotificationMode":0,"WidgetDeeplinkUrlText":"Team Completion Report","CategoryName":"Talent","IsWebPartEnabled":true,"TypeName":"SumTotal.SPPortal.WebParts.Core.TM.MyTeamPerfProg.MyTeamPerfProg, SumTotal.SPPortal.WebParts, Version=1.0.0.0, Culture=neutral, PublicKeyToken=6b7f90fbd13cce01","WebPartServiceAgentInterfaceTypeName":"ITMWebPartContractAsync","WebPartDefinitionXml":null,"HideWebPartHeader":false,"HideWebPartFooter":true,"IsFreeFlowing":false,"PillarKey":"TM","ChromeStyle":7,"ParameterJSON":"{\"HeaderLinkIcon\": \"\", \"IsCustomEditor\": false, \"PreviewType\" : \"table\"}","TemplatePath":"app/modules/dashboard/views/webparts/widgetTeamPerformanceProgress.html","IsSystemLocked":false,"Category":{"Id":6,"Name":"Talent","CategoryKey":"WebPartDefinition_Talent","Description":"Talent","ParentId":1,"OrdinalPosition":null},"Id":49},{"WebPartDefinitionKey":"TM_Top5TeamStrengths","Title":"Top 5 Team Strengths","Description":"Identifies team strengths by highlighting average scores of the five highest scored competencies of direct reports.","SubTitle":"Competency Strengths for Your Team","WebPartIconName":null,"WidgetNotificationMode":0,"WidgetDeeplinkUrlText":null,"CategoryName":"Talent","IsWebPartEnabled":true,"TypeName":"SumTotal.SPPortal.WebParts.Core.Performance.Top5TeamStrengths.Top5TeamStrengths, SumTotal.SPPortal.WebParts, Version=1.0.0.0, Culture=neutral, PublicKeyToken=6b7f90fbd13cce01","WebPartServiceAgentInterfaceTypeName":"IPerformanceWebPartContractAsync","WebPartDefinitionXml":null,"HideWebPartHeader":false,"HideWebPartFooter":true,"IsFreeFlowing":false,"PillarKey":"TM","ChromeStyle":7,"ParameterJSON":"{\"HeaderLinkIcon\": \"\", \"IsCustomEditor\": false, \"ChartConfig\":{\"columnMap\":[\"value\"], \"barType\":\"bar\", \"ChartLabelColumn\":\"dataName\"}, \"PreviewType\":\"barChart\"}","TemplatePath":"app/modules/dashboard/views/webparts/widgetTop5TeamStrengths.html","IsSystemLocked":false,"Category":{"Id":6,"Name":"Talent","CategoryKey":"WebPartDefinition_Talent","Description":"Talent","ParentId":1,"OrdinalPosition":null},"Id":50},{"WebPartDefinitionKey":"TM_MyTeamSuccessionStatus","Title":"Team Succession Status","Description":"Provides readiness metrics for direct reports being groomed as successors.","SubTitle":"Succession Information for Your Team","WebPartIconName":null,"WidgetNotificationMode":0,"WidgetDeeplinkUrlText":"View Succession Dashboard","CategoryName":"Talent","IsWebPartEnabled":true,"TypeName":"SumTotal.SPPortal.WebParts.Core.Succession.TeamSuccessionStatus.TeamSuccessionStatus, SumTotal.SPPortal.WebParts, Version=1.0.0.0, Culture=neutral, PublicKeyToken=6b7f90fbd13cce01","WebPartServiceAgentInterfaceTypeName":"ISuccessionWebPartContractAsync","WebPartDefinitionXml":null,"HideWebPartHeader":false,"HideWebPartFooter":true,"IsFreeFlowing":false,"PillarKey":"TM","ChromeStyle":7,"ParameterJSON":"{\"HeaderLinkIcon\": \"\", \"IsCustomEditor\": false, \"ChartConfig\":{\"IsStacked\": true,\"columnMap\":[\"lowBenchStrength\", \"mediumBenchStrength\", \"highBenchStrength\"],\"ChartLabelColumn\":\"name\"},\"PreviewType\":\"barChart\"}","TemplatePath":"app/modules/dashboard/views/webparts/widgetTeamSuccessionStatus.html","IsSystemLocked":false,"Category":{"Id":6,"Name":"Talent","CategoryKey":"WebPartDefinition_Talent","Description":"Talent","ParentId":1,"OrdinalPosition":null},"Id":51},{"WebPartDefinitionKey":"TM_Top5TeamWeaknesses","Title":"Top 5 Team Weaknesses","Description":"Identifies team weaknesses by highlighting average scores of the five lowest scored competencies of direct reports.","SubTitle":"Team Development Opportunities","WebPartIconName":null,"WidgetNotificationMode":0,"WidgetDeeplinkUrlText":null,"CategoryName":"Talent","IsWebPartEnabled":true,"TypeName":"SumTotal.SPPortal.WebParts.Core.Performance.Top5TeamWeaknesses.Top5TeamWeaknesses, SumTotal.SPPortal.WebParts, Version=1.0.0.0, Culture=neutral, PublicKeyToken=6b7f90fbd13cce01","WebPartServiceAgentInterfaceTypeName":"IPerformanceWebPartContractAsync","WebPartDefinitionXml":null,"HideWebPartHeader":false,"HideWebPartFooter":true,"IsFreeFlowing":false,"PillarKey":"TM","ChromeStyle":7,"ParameterJSON":"{\"HeaderLinkIcon\": \"\", \"IsCustomEditor\": false, \"ChartConfig\":{\"columnMap\":[\"value\"], \"barType\":\"bar\", \"ChartLabelColumn\":\"dataName\"},\"PreviewType\":\"barChart\"}","TemplatePath":"app/modules/dashboard/views/webparts/widgetTop5TeamWeaknesses.html","IsSystemLocked":false,"Category":{"Id":6,"Name":"Talent","CategoryKey":"WebPartDefinition_Talent","Description":"Talent","ParentId":1,"OrdinalPosition":null},"Id":52},{"WebPartDefinitionKey":"TM_TeamRetentionRisk","Title":"Team Retention Risk","Description":"Highlights potential retention risks related to a manager's team.","SubTitle":"Flight Risks for Your Team","WebPartIconName":null,"WidgetNotificationMode":0,"WidgetDeeplinkUrlText":"View Succession Dashboard","CategoryName":"Talent","IsWebPartEnabled":true,"TypeName":"SumTotal.SPPortal.WebParts.Core.Succession.TeamRetentionRisk.TeamRetentionRisk, SumTotal.SPPortal.WebParts, Version=1.0.0.0, Culture=neutral, PublicKeyToken=6b7f90fbd13cce01","WebPartServiceAgentInterfaceTypeName":"ISuccessionWebPartContractAsync","WebPartDefinitionXml":null,"HideWebPartHeader":false,"HideWebPartFooter":true,"IsFreeFlowing":false,"PillarKey":"TM","ChromeStyle":7,"ParameterJSON":"{\"HeaderLinkIcon\": \"\", \"IsCustomEditor\": false, \"ChartConfig\":{\"columnMap\":[\"employees\"], \"barType\":\"bar\", \"ChartLabelColumn\":\"name\"},\"PreviewType\":\"barChart\"}","TemplatePath":"app/modules/dashboard/views/webparts/widgetTeamRetentionRisk.html","IsSystemLocked":false,"Category":{"Id":6,"Name":"Talent","CategoryKey":"WebPartDefinition_Talent","Description":"Talent","ParentId":1,"OrdinalPosition":null},"Id":53},{"WebPartDefinitionKey":"TM_MyTeamDevelopmentStatus","Title":"Team Development Status","Description":"Displays direct report development goals and highlights where manager mentoring may be required.","SubTitle":"Development Status for Your Team","WebPartIconName":null,"WidgetNotificationMode":0,"WidgetDeeplinkUrlText":null,"CategoryName":"Talent","IsWebPartEnabled":true,"TypeName":"SumTotal.SPPortal.WebParts.Core.Performance.TeamDevelopmentStatus.TeamDevelopmentStatus, SumTotal.SPPortal.WebParts, Version=1.0.0.0, Culture=neutral, PublicKeyToken=6b7f90fbd13cce01","WebPartServiceAgentInterfaceTypeName":"IPerformanceWebPartContractAsync","WebPartDefinitionXml":null,"HideWebPartHeader":false,"HideWebPartFooter":true,"IsFreeFlowing":false,"PillarKey":"TM","ChromeStyle":7,"ParameterJSON":"{\"HeaderLinkIcon\": \"\", \"IsCustomEditor\": false, \"ChartConfig\":{\"columnMap\":[\"employees\"], \"barType\":\"bar\", \"ChartLabelColumn\":\"name\"},\"PreviewType\":\"barChart\"}","TemplatePath":"app/modules/dashboard/views/webparts/widgetTeamDevelopmentStatus.html","IsSystemLocked":false,"Category":{"Id":6,"Name":"Talent","CategoryKey":"WebPartDefinition_Talent","Description":"Talent","ParentId":1,"OrdinalPosition":null},"Id":54},{"WebPartDefinitionKey":"TM_BudgetSummary","Title":"Budget Summary","Description":"Displays  budget spend percentages for compensation processes.","SubTitle":"Information About Compensation Budgets","WebPartIconName":null,"WidgetNotificationMode":0,"WidgetDeeplinkUrlText":null,"CategoryName":"Talent","IsWebPartEnabled":true,"TypeName":"SumTotal.SPPortal.WebParts.Core.Compensation.BudgetSummary.BudgetSummary, SumTotal.SPPortal.WebParts, Version=1.0.0.0, Culture=neutral, PublicKeyToken=6b7f90fbd13cce01","WebPartServiceAgentInterfaceTypeName":"ICompensationWebPartContractAsync","WebPartDefinitionXml":null,"HideWebPartHeader":false,"HideWebPartFooter":true,"IsFreeFlowing":false,"PillarKey":"TM","ChromeStyle":7,"ParameterJSON":"{\"HeaderLinkIcon\": \"\", \"IsCustomEditor\": false, \"ChartConfig\":{\"columnMap\":[\"spent\"], \"barType\":\"bar\", \"ChartLabelColumn\":\"name\"},\"PreviewType\":\"barChart\"}","TemplatePath":"app/modules/dashboard/views/webparts/widgetBudgetSummary.html","IsSystemLocked":false,"Category":{"Id":6,"Name":"Talent","CategoryKey":"WebPartDefinition_Talent","Description":"Talent","ParentId":1,"OrdinalPosition":null},"Id":55},{"WebPartDefinitionKey":"HRMS_Demographics","Title":"HR Management Demographics","Description":"Displays basic personal information of the current user.","SubTitle":"Get HRMS demographics of current user","WebPartIconName":null,"WidgetNotificationMode":0,"WidgetDeeplinkUrlText":null,"CategoryName":"Talent","IsWebPartEnabled":true,"TypeName":"SumTotal.SPPortal.WebParts.Core.HRMS.HRMSDemographics.HRMSDemographics, SumTotal.SPPortal.WebParts, Version=1.0.0.0, Culture=neutral, PublicKeyToken=6b7f90fbd13cce01","WebPartServiceAgentInterfaceTypeName":"IHRMSWebPartContractAsync","WebPartDefinitionXml":null,"HideWebPartHeader":false,"HideWebPartFooter":true,"IsFreeFlowing":false,"PillarKey":"TM","ChromeStyle":7,"ParameterJSON":"{\"HeaderLinkIcon\":\"\",\"IsCustomEditor\":false,\"PreviewType\":\"table\"}","TemplatePath":"app/modules/dashboard/views/webparts/widgetHRMSDemographics.html","IsSystemLocked":false,"Category":{"Id":6,"Name":"Talent","CategoryKey":"WebPartDefinition_Talent","Description":"Talent","ParentId":1,"OrdinalPosition":null},"Id":56},{"WebPartDefinitionKey":"HRMS_AddrInfo","Title":"HR Management Address Information","Description":"Displays address information of current user","SubTitle":"Get address information of current user","WebPartIconName":null,"WidgetNotificationMode":0,"WidgetDeeplinkUrlText":null,"CategoryName":"Talent","IsWebPartEnabled":true,"TypeName":"SumTotal.SPPortal.WebParts.Core.HRMS.HRMSAddrInfo.HRMSAddrInfo, SumTotal.SPPortal.WebParts, Version=1.0.0.0, Culture=neutral, PublicKeyToken=6b7f90fbd13cce01","WebPartServiceAgentInterfaceTypeName":"IHRMSWebPartContractAsync","WebPartDefinitionXml":null,"HideWebPartHeader":false,"HideWebPartFooter":true,"IsFreeFlowing":false,"PillarKey":"TM","ChromeStyle":7,"ParameterJSON":"{\"HeaderLinkIcon\":\"\",\"IsCustomEditor\":false,\"PreviewType\":\"table\"}","TemplatePath":"app/modules/dashboard/views/webparts/widgetHRMSAddressInfo.html","IsSystemLocked":false,"Category":{"Id":6,"Name":"Talent","CategoryKey":"WebPartDefinition_Talent","Description":"Talent","ParentId":1,"OrdinalPosition":null},"Id":57},{"WebPartDefinitionKey":"TM_MyFeedbacks","Title":"My Feedback","Description":"Displays feedbacks provided to user.","SubTitle":"My Feedbacks","WebPartIconName":null,"WidgetNotificationMode":0,"WidgetDeeplinkUrlText":null,"CategoryName":"Talent","IsWebPartEnabled":true,"TypeName":null,"WebPartServiceAgentInterfaceTypeName":null,"WebPartDefinitionXml":null,"HideWebPartHeader":false,"HideWebPartFooter":true,"IsFreeFlowing":false,"PillarKey":"TM","ChromeStyle":7,"ParameterJSON":"{\"HeaderLinkIcon\": \"\", \"IsCustomEditor\": false, \"PreviewType\" : \"configMyFeedback\", \"Config\":{\"NumberOfComments\": \"5\", \"ShowCompetencies\": true, \"ShowGoals\": true}}","TemplatePath":"app/modules/core/views/continuousfeedback/LandingPage.html","IsSystemLocked":false,"Category":{"Id":6,"Name":"Talent","CategoryKey":"WebPartDefinition_Talent","Description":"Talent","ParentId":1,"OrdinalPosition":null},"Id":91},{"WebPartDefinitionKey":"Continuous_Review","Title":"My Team Feedback","Description":"Displays FeedBack Data For Direct Reportees","SubTitle":"My Team Feedback","WebPartIconName":null,"WidgetNotificationMode":0,"WidgetDeeplinkUrlText":null,"CategoryName":"Talent","IsWebPartEnabled":true,"TypeName":null,"WebPartServiceAgentInterfaceTypeName":null,"WebPartDefinitionXml":null,"HideWebPartHeader":false,"HideWebPartFooter":false,"IsFreeFlowing":false,"PillarKey":"TM","ChromeStyle":7,"ParameterJSON":"{\"HeaderLinkIcon\": \"\", \"IsCustomEditor\": false, \"PreviewType\" : \"table\"}","TemplatePath":"app/modules/dashboard/views/webparts/continuousReviewDashboard.html","IsSystemLocked":false,"Category":{"Id":6,"Name":"Talent","CategoryKey":"WebPartDefinition_Talent","Description":"Talent","ParentId":1,"OrdinalPosition":null},"Id":92},{"WebPartDefinitionKey":"Rec_Application_Status","Title":"Application Status","Description":"Track your job applications. You can view your application, check your fit for the job (based on how well your resume matches job requirements), or withdraw your application.","SubTitle":"Requisition Application Status","WebPartIconName":null,"WidgetNotificationMode":0,"WidgetDeeplinkUrlText":null,"CategoryName":"Talent","IsWebPartEnabled":true,"TypeName":null,"WebPartServiceAgentInterfaceTypeName":null,"WebPartDefinitionXml":null,"HideWebPartHeader":false,"HideWebPartFooter":false,"IsFreeFlowing":false,"PillarKey":null,"ChromeStyle":7,"ParameterJSON":"{\"HeaderLinkIcon\": \"\", \"IsCustomEditor\": false, \"PreviewType\" : \"table\"}","TemplatePath":"app/modules/dashboard/views/webparts/widgetApplicationStatus.html","IsSystemLocked":false,"Category":{"Id":6,"Name":"Talent","CategoryKey":"WebPartDefinition_Talent","Description":"Talent","ParentId":1,"OrdinalPosition":null},"Id":103},{"WebPartDefinitionKey":"Rec_Fav_Jobs","Title":"Favorite Jobs","Description":"Keep track of your favorite jobs. You can apply for these jobs if they are still accepting applications.","SubTitle":"Requisition Favorite Jobs","WebPartIconName":null,"WidgetNotificationMode":0,"WidgetDeeplinkUrlText":null,"CategoryName":"Talent","IsWebPartEnabled":true,"TypeName":null,"WebPartServiceAgentInterfaceTypeName":null,"WebPartDefinitionXml":null,"HideWebPartHeader":false,"HideWebPartFooter":false,"IsFreeFlowing":false,"PillarKey":null,"ChromeStyle":7,"ParameterJSON":"{\"HeaderLinkIcon\": \"\", \"IsCustomEditor\": false, \"PreviewType\" : \"table\"}","TemplatePath":"app/modules/dashboard/views/webparts/widgetFavoriteJobs.html","IsSystemLocked":false,"Category":{"Id":6,"Name":"Talent","CategoryKey":"WebPartDefinition_Talent","Description":"Talent","ParentId":1,"OrdinalPosition":null},"Id":104},{"WebPartDefinitionKey":"Rec_Recommended_Jobs","Title":"Recommended Jobs","Description":"View jobs recommended for you, based on your fit for job requirements and your location.","SubTitle":"Requisition Favorite Jobs","WebPartIconName":null,"WidgetNotificationMode":0,"WidgetDeeplinkUrlText":null,"CategoryName":"Talent","IsWebPartEnabled":true,"TypeName":null,"WebPartServiceAgentInterfaceTypeName":null,"WebPartDefinitionXml":null,"HideWebPartHeader":false,"HideWebPartFooter":false,"IsFreeFlowing":false,"PillarKey":null,"ChromeStyle":7,"ParameterJSON":"{\"HeaderLinkIcon\": \"\", \"IsCustomEditor\": false, \"PreviewType\" : \"table\"}","TemplatePath":"app/modules/dashboard/views/webparts/widgetRecommendedJobs.html","IsSystemLocked":false,"Category":{"Id":6,"Name":"Talent","CategoryKey":"WebPartDefinition_Talent","Description":"Talent","ParentId":1,"OrdinalPosition":null},"Id":105}]},{"Category":{"Id":28,"Name":"Enterprise Search Configuration","CategoryKey":"ENTERPRISE_SEARCH","Description":"The category for enterprise search settings","ParentId":0,"OrdinalPosition":"1"},"Definitions":[{"WebPartDefinitionKey":"FTE_Custom_Widget","Title":"Custom Widget","Description":"Widget for First Time Search Experience","SubTitle":null,"WebPartIconName":null,"WidgetNotificationMode":0,"WidgetDeeplinkUrlText":null,"CategoryName":"Enterprise Search Configuration","IsWebPartEnabled":true,"TypeName":null,"WebPartServiceAgentInterfaceTypeName":null,"WebPartDefinitionXml":null,"HideWebPartHeader":false,"HideWebPartFooter":true,"IsFreeFlowing":false,"PillarKey":null,"ChromeStyle":7,"ParameterJSON":"{\"HeaderLinkIcon\": \"\", \"IsCustomEditor\": true, \"PreviewType\" : \"search\", \"WidgetContent\":\"\", \"icon\":\"fa-code\"}","TemplatePath":"app/modules/dashboard/views/searchWidgets/customWidget.html","IsSystemLocked":false,"Category":{"Id":28,"Name":"Enterprise Search Configuration","CategoryKey":"ENTERPRISE_SEARCH","Description":"The category for enterprise search settings","ParentId":0,"OrdinalPosition":"1"},"Id":71},{"WebPartDefinitionKey":"Find_Course","Title":"Find a Course","Description":"Provides a launching point to search for courses in the learning library.","SubTitle":null,"WebPartIconName":null,"WidgetNotificationMode":0,"WidgetDeeplinkUrlText":null,"CategoryName":"Enterprise Search Configuration","IsWebPartEnabled":true,"TypeName":null,"WebPartServiceAgentInterfaceTypeName":null,"WebPartDefinitionXml":null,"HideWebPartHeader":false,"HideWebPartFooter":false,"IsFreeFlowing":false,"PillarKey":null,"ChromeStyle":7,"ParameterJSON":"{ \"HeaderLinkIcon\": \"\", \"IsCustomEditor\": false, \"PreviewType\": \"search\", \"WidgetContent\": [\t{ \"contentItem\": \"ENTERPRISE_SEARCH_FIND_COURSE_CONTENT_ITEM\", \"contentDescription\": \"ENTERPRISE_SEARCH_FIND_COURSE_CONTENT_DESC\", \"isLink\": false\t},\t{ \"contentItem\": \"ENTERPRISE_SEARCH_FIND_COURSE_CONTENT_ITEM_TWO\", \"contentDescription\": \"ENTERPRISE_SEARCH_FIND_COURSE_CONTENT_DESC_TWO\", \"contentLink\": \"ENTERPRISE_SEARCH_LEARNER_DASHBOARD_LINK\", \"isLink\": true , \"link\" : \"/dash/learning\"\t} ], \"icon\":\"fa-desktop\", \"catalogItem\":\"Course\"\t}","TemplatePath":"app/modules/dashboard/views/searchWidgets/findCourse.html","IsSystemLocked":false,"Category":{"Id":28,"Name":"Enterprise Search Configuration","CategoryKey":"ENTERPRISE_SEARCH","Description":"The category for enterprise search settings","ParentId":0,"OrdinalPosition":"1"},"Id":72},{"WebPartDefinitionKey":"Find_Video","Title":"Find a Video","Description":"Provides a launching point to search for videos in the learning library.","SubTitle":null,"WebPartIconName":null,"WidgetNotificationMode":0,"WidgetDeeplinkUrlText":null,"CategoryName":"Enterprise Search Configuration","IsWebPartEnabled":true,"TypeName":null,"WebPartServiceAgentInterfaceTypeName":null,"WebPartDefinitionXml":null,"HideWebPartHeader":false,"HideWebPartFooter":false,"IsFreeFlowing":false,"PillarKey":null,"ChromeStyle":7,"ParameterJSON":"{\"HeaderLinkIcon\":\"\",\"IsCustomEditor\":false,\"PreviewType\":\"search\",\"WidgetContent\":[{\"contentItem\":\"ENTERPRISE_SEARCH_FIND_VIDEO_CONTENT_ITEM\",\"contentDescription\":\"ENTERPRISE_SEARCH_FIND_VIDEO_CONTENT_DESC\",\"isLink\":false},{\"contentItem\":\"ENTERPRISE_SEARCH_FIND_VIDEO_CONTENT_ITEM_TWO\",\"contentDescription\":\"ENTERPRISE_SEARCH_FIND_VIDEO_CONTENT_DESC_TWO\",\"contentLink\":\"ENTERPRISE_SEARCH_LEARNER_DASHBOARD_LINK\",\"isLink\":true,\"link\":\"/dash/learning\"}],\"icon\":\"fa-video-camera\",\"catalogItem\":\"Video\"}","TemplatePath":"app/modules/dashboard/views/searchWidgets/findVideo.html","IsSystemLocked":false,"Category":{"Id":28,"Name":"Enterprise Search Configuration","CategoryKey":"ENTERPRISE_SEARCH","Description":"The category for enterprise search settings","ParentId":0,"OrdinalPosition":"1"},"Id":73},{"WebPartDefinitionKey":"Find_Person","Title":"Find another Person","Description":"Provides a launching point to search for people.","SubTitle":null,"WebPartIconName":null,"WidgetNotificationMode":0,"WidgetDeeplinkUrlText":null,"CategoryName":"Enterprise Search Configuration","IsWebPartEnabled":true,"TypeName":null,"WebPartServiceAgentInterfaceTypeName":null,"WebPartDefinitionXml":null,"HideWebPartHeader":false,"HideWebPartFooter":false,"IsFreeFlowing":false,"PillarKey":null,"ChromeStyle":7,"ParameterJSON":"{\"HeaderLinkIcon\":\"\",\"IsCustomEditor\":false,\"PreviewType\":\"search\",\"WidgetContent\":[{\"contentItem\":\"ENTERPRISE_SEARCH_FIND_PERSON_CONTENT_ITEM\",\"contentDescription\":\"ENTERPRISE_SEARCH_FIND_PERSON_CONTENT_DESC\",\"isLink\":false}],\"icon\":\"fa-users\"}","TemplatePath":"app/modules/dashboard/views/searchWidgets/findPerson.html","IsSystemLocked":false,"Category":{"Id":28,"Name":"Enterprise Search Configuration","CategoryKey":"ENTERPRISE_SEARCH","Description":"The category for enterprise search settings","ParentId":0,"OrdinalPosition":"1"},"Id":74},{"WebPartDefinitionKey":"Find_Report","Title":"Find a Report","Description":"Provides a launching point to search for reports.","SubTitle":null,"WebPartIconName":null,"WidgetNotificationMode":0,"WidgetDeeplinkUrlText":null,"CategoryName":"Enterprise Search Configuration","IsWebPartEnabled":true,"TypeName":null,"WebPartServiceAgentInterfaceTypeName":null,"WebPartDefinitionXml":null,"HideWebPartHeader":false,"HideWebPartFooter":false,"IsFreeFlowing":false,"PillarKey":null,"ChromeStyle":7,"ParameterJSON":"{\"HeaderLinkIcon\":\"\",\"IsCustomEditor\":false,\"PreviewType\":\"search\",\"WidgetContent\":[{\"contentItem\":\"ENTERPRISE_SEARCH_FIND_REPORT_CONTENT_ITEM\",\"isLink\":true},{\"contentItem\":\"ENTERPRISE_SEARCH_FIND_REPORT_CONTENT_ITEM_TWO\",\"contentDescription\":\"ENTERPRISE_SEARCH_FIND_REPORT_CONTENT_DESC_TWO\",\"isLink\":false}],\"icon\":\"fa-file-text-o\"}","TemplatePath":"app/modules/dashboard/views/searchWidgets/findReport.html","IsSystemLocked":false,"Category":{"Id":28,"Name":"Enterprise Search Configuration","CategoryKey":"ENTERPRISE_SEARCH","Description":"The category for enterprise search settings","ParentId":0,"OrdinalPosition":"1"},"Id":75},{"WebPartDefinitionKey":"Find_Admin_Page","Title":"Find an Admin Page","Description":"Provides a launching point to search for administrator functions.","SubTitle":null,"WebPartIconName":null,"WidgetNotificationMode":0,"WidgetDeeplinkUrlText":null,"CategoryName":"Enterprise Search Configuration","IsWebPartEnabled":true,"TypeName":null,"WebPartServiceAgentInterfaceTypeName":null,"WebPartDefinitionXml":null,"HideWebPartHeader":false,"HideWebPartFooter":false,"IsFreeFlowing":false,"PillarKey":null,"ChromeStyle":7,"ParameterJSON":"{ \"HeaderLinkIcon\": \"\", \"IsCustomEditor\": false, \"PreviewType\": \"search\", \"WidgetContent\": [\t{ \"contentItem\": \"ENTERPRISE_SEARCH_FIND_ADMIN_CONTENT_ITEM\", \"contentDescription\": \"ENTERPRISE_SEARCH_FIND_ADMIN_CONTENT_DESC\", \"isLink\": false\t} ], \"icon\":\"fa-lock\"\t}","TemplatePath":"app/modules/dashboard/views/searchWidgets/findAdminPage.html","IsSystemLocked":false,"Category":{"Id":28,"Name":"Enterprise Search Configuration","CategoryKey":"ENTERPRISE_SEARCH","Description":"The category for enterprise search settings","ParentId":0,"OrdinalPosition":"1"},"Id":76},{"WebPartDefinitionKey":"Edit_Profile","Title":"Edit Your Profile","Description":"Edit your profile.","SubTitle":null,"WebPartIconName":null,"WidgetNotificationMode":0,"WidgetDeeplinkUrlText":null,"CategoryName":"Enterprise Search Configuration","IsWebPartEnabled":true,"TypeName":null,"WebPartServiceAgentInterfaceTypeName":null,"WebPartDefinitionXml":null,"HideWebPartHeader":false,"HideWebPartFooter":false,"IsFreeFlowing":false,"PillarKey":null,"ChromeStyle":7,"ParameterJSON":"{\"HeaderLinkIcon\":\"\",\"IsCustomEditor\":false,\"PreviewType\":\"search\",\"WidgetContent\":[{\"contentItem\":\"ENTERPRISE_SEARCH_EDIT_PROFILE_CONTENT_ITEM\",\"isLink\":true,\"link\":\"/dash/profile\"}],\"icon\":\"fa-user\"}","TemplatePath":"app/modules/dashboard/views/searchWidgets/editProfile.html","IsSystemLocked":false,"Category":{"Id":28,"Name":"Enterprise Search Configuration","CategoryKey":"ENTERPRISE_SEARCH","Description":"The category for enterprise search settings","ParentId":0,"OrdinalPosition":"1"},"Id":77},{"WebPartDefinitionKey":"Find_Activity","Title":"Find an Activity","Description":"Provides a launching point to search for courses.","SubTitle":null,"WebPartIconName":null,"WidgetNotificationMode":0,"WidgetDeeplinkUrlText":null,"CategoryName":"Enterprise Search Configuration","IsWebPartEnabled":true,"TypeName":null,"WebPartServiceAgentInterfaceTypeName":null,"WebPartDefinitionXml":null,"HideWebPartHeader":false,"HideWebPartFooter":false,"IsFreeFlowing":false,"PillarKey":null,"ChromeStyle":7,"ParameterJSON":"{\"HeaderLinkIcon\":\"\",\"IsCustomEditor\":false,\"PreviewType\":\"search\",\"WidgetContent\":[{\"contentItem\":\"ENTERPRISE_SEARCH_FIND_ACTIVITY_CONTENT_ITEM\",\"contentDescription\":\"ENTERPRISE_SEARCH_FIND_ACTIVITY_CONTENT_DESC\",\"isLink\":false},{\"contentItem\":\"ENTERPRISE_SEARCH_FIND_ACTIVITY_CONTENT_ITEM_TWO\",\"contentDescription\":\"ENTERPRISE_SEARCH_FIND_ACTIVITY_CONTENT_DESC_TWO\",\"contentLink\":\"ENTERPRISE_SEARCH_LEARNER_DASHBOARD_LINK\",\"isLink\":true,\"link\":\"/dash/learning\"}],\"icon\":\"fa-edit\",\"catalogItem\":\"Activity\"}","TemplatePath":"app/modules/dashboard/views/searchWidgets/findActivity.html","IsSystemLocked":false,"Category":{"Id":28,"Name":"Enterprise Search Configuration","CategoryKey":"ENTERPRISE_SEARCH","Description":"The category for enterprise search settings","ParentId":0,"OrdinalPosition":"1"},"Id":78},{"WebPartDefinitionKey":"Find_Job","Title":"Find A Job","Description":"Here are a few different ways to find a job:","SubTitle":null,"WebPartIconName":null,"WidgetNotificationMode":0,"WidgetDeeplinkUrlText":null,"CategoryName":"Enterprise Search Configuration","IsWebPartEnabled":true,"TypeName":null,"WebPartServiceAgentInterfaceTypeName":null,"WebPartDefinitionXml":null,"HideWebPartHeader":false,"HideWebPartFooter":false,"IsFreeFlowing":false,"PillarKey":null,"ChromeStyle":7,"ParameterJSON":"{\"HeaderLinkIcon\":\"\",\"IsCustomEditor\":false,\"PreviewType\":\"search\",\"WidgetContent\":[{\"contentItem\":\"ENTERPRISE_SEARCH_FIND_JOB_CONTENT_ITEM\",\"isLink\":true},{\"contentItem\":\"ENTERPRISE_SEARCH_FIND_JOB_CONTENT_ITEM_TWO\",\"contentDescription\":\"ENTERPRISE_SEARCH_FIND_JOB_CONTENT_DESC_TWO\",\"isLink\":false}],\"icon\":\"fa-search\"}","TemplatePath":"app/modules/dashboard/views/searchWidgets/findJob.html","IsSystemLocked":false,"Category":{"Id":28,"Name":"Enterprise Search Configuration","CategoryKey":"ENTERPRISE_SEARCH","Description":"The category for enterprise search settings","ParentId":0,"OrdinalPosition":"1"},"Id":86}]},{"Category":{"Id":1,"Name":"Portal","CategoryKey":"TRANSLATIONS_PORTAL","Description":"The root category to store translation strings for the Portal.","ParentId":0,"OrdinalPosition":"1"},"Definitions":[{"WebPartDefinitionKey":"my_reports","Title":"Embedded Report","Description":"Pins a report from Advanced Reporting on the dashboard.","SubTitle":"Advanced Reporting","WebPartIconName":null,"WidgetNotificationMode":0,"WidgetDeeplinkUrlText":null,"CategoryName":"Portal","IsWebPartEnabled":true,"TypeName":null,"WebPartServiceAgentInterfaceTypeName":null,"WebPartDefinitionXml":null,"HideWebPartHeader":false,"HideWebPartFooter":false,"IsFreeFlowing":false,"PillarKey":"AdvancedReport","ChromeStyle":7,"ParameterJSON":"{\"HeaderLinkIcon\": \"\", \"IsCustomEditor\": false, \"PreviewType\" : \"report\", \"reportUrl\": \"\", \"showToolbar\":\"\"}","TemplatePath":"app/modules/dashboard/views/webparts/MyReport.html","IsSystemLocked":false,"Category":{"Id":1,"Name":"Portal","CategoryKey":"TRANSLATIONS_PORTAL","Description":"The root category to store translation strings for the Portal.","ParentId":0,"OrdinalPosition":"1"},"Id":88},{"WebPartDefinitionKey":"reporting_widget","Title":"Report List","Description":"Displays selected Advanced Reporting reports in a list. Users can click to view a report in a slide-out panel.","SubTitle":"Advanced Reporting","WebPartIconName":null,"WidgetNotificationMode":0,"WidgetDeeplinkUrlText":null,"CategoryName":"Portal","IsWebPartEnabled":true,"TypeName":null,"WebPartServiceAgentInterfaceTypeName":null,"WebPartDefinitionXml":null,"HideWebPartHeader":false,"HideWebPartFooter":false,"IsFreeFlowing":false,"PillarKey":"AdvancedReport","ChromeStyle":7,"ParameterJSON":"{\"HeaderLinkIcon\": \"\", \"IsCustomEditor\": false, \"PreviewType\" : \"reportList\", \"reportUrl\": \"\", \"showToolbar\":\"\"}","TemplatePath":"app/modules/dashboard/views/webparts/widgetARWidget.html","IsSystemLocked":false,"Category":{"Id":1,"Name":"Portal","CategoryKey":"TRANSLATIONS_PORTAL","Description":"The root category to store translation strings for the Portal.","ParentId":0,"OrdinalPosition":"1"},"Id":89}]},{"Category":{"Id":94,"Name":"Requisition","CategoryKey":"WebPartDefinition_Requisition","Description":"Category for Requisition widget.","ParentId":1,"OrdinalPosition":null},"Definitions":[{"WebPartDefinitionKey":"Requisition_Widget","Title":"Requisition Summary","Description":"Displays key summary information about the requisition","SubTitle":"Requisition Summary","WebPartIconName":null,"WidgetNotificationMode":0,"WidgetDeeplinkUrlText":null,"CategoryName":"Requisition","IsWebPartEnabled":true,"TypeName":null,"WebPartServiceAgentInterfaceTypeName":null,"WebPartDefinitionXml":null,"HideWebPartHeader":false,"HideWebPartFooter":false,"IsFreeFlowing":false,"PillarKey":null,"ChromeStyle":7,"ParameterJSON":"{\"HeaderLinkIcon\": \"\", \"IsCustomEditor\": false, \"PreviewType\" : \"table\"}","TemplatePath":"app/modules/dashboard/views/webparts/widgetRequisitionSummary.html","IsSystemLocked":false,"Category":{"Id":94,"Name":"Requisition","CategoryKey":"WebPartDefinition_Requisition","Description":"Category for Requisition widget.","ParentId":1,"OrdinalPosition":null},"Id":100},{"WebPartDefinitionKey":"Requisition_Widget","Title":"Candidate Summary","Description":"Displays candidates by recruiting phase","SubTitle":"Candidate Summary","WebPartIconName":null,"WidgetNotificationMode":0,"WidgetDeeplinkUrlText":null,"CategoryName":"Requisition","IsWebPartEnabled":true,"TypeName":null,"WebPartServiceAgentInterfaceTypeName":null,"WebPartDefinitionXml":null,"HideWebPartHeader":false,"HideWebPartFooter":false,"IsFreeFlowing":false,"PillarKey":null,"ChromeStyle":7,"ParameterJSON":"{\"HeaderLinkIcon\": \"\", \"IsCustomEditor\": false, \"PreviewType\" : \"table\"}","TemplatePath":"app/modules/dashboard/views/webparts/widgetCandidateSummary.html","IsSystemLocked":false,"Category":{"Id":94,"Name":"Requisition","CategoryKey":"WebPartDefinition_Requisition","Description":"Category for Requisition widget.","ParentId":1,"OrdinalPosition":null},"Id":101},{"WebPartDefinitionKey":"Requisition_Widget","Title":"Recently Accessed Applications","Description":"Displays 10 most recently accessed applications for a requisition","SubTitle":"Requisition Summary","WebPartIconName":null,"WidgetNotificationMode":0,"WidgetDeeplinkUrlText":null,"CategoryName":"Requisition","IsWebPartEnabled":true,"TypeName":null,"WebPartServiceAgentInterfaceTypeName":null,"WebPartDefinitionXml":null,"HideWebPartHeader":false,"HideWebPartFooter":false,"IsFreeFlowing":false,"PillarKey":null,"ChromeStyle":7,"ParameterJSON":"{\"HeaderLinkIcon\": \"\", \"IsCustomEditor\": false, \"PreviewType\" : \"table\"}","TemplatePath":"app/modules/dashboard/views/webparts/widgetRecentlyAccessedRequisition.html","IsSystemLocked":false,"Category":{"Id":94,"Name":"Requisition","CategoryKey":"WebPartDefinition_Requisition","Description":"Category for Requisition widget.","ParentId":1,"OrdinalPosition":null},"Id":102}]}]},
        mustSetSecurityQuestions: _.cloneDeep(root.tempStaticData.MustSetSecurityQuestions),
        esbApiRoot: 'https://cl08sales.sumtotaldevelopment.net/Services/api/',
        useCommonHelpUrl: true,
        commonHelpUrl: 'https://help.sumtotaldevelopment.net/',
        tenantName : 'SumTotal'
      });

      staticData.appUris.makeWorkerUri = function (relativePathToWorker) {
        var uri = null;

        if(staticData.debugEnabled) {
          uri = new URI('app/modules/', staticData.appUris.tenantRoot);
        } else {
          uri = new URI('dist/app/modules/', staticData.appUris.tenantRoot);
        }

        uri = new URI(relativePathToWorker, uri);

        return uri.toString();
      };

      return staticData;
    };
  }));
</script>
    <script type="text/javascript">
      (function(root, factory, errorHandler) {
        root.jQuery(root.document).ready(function() {
          root.require(['main'], factory(root));
        });
      }(this, function(root) {
        return function(main) {
          if(root.debugEnabled) {
            console.log('Main resources have been loaded.', main);
          }
        }
      }, function(error) {
        console.error(error);
      }));
    </script>
  </div>


<input id="textAngular-editableFix-010203040506070809" class="ta-hidden-input" unselectable="on" tabindex="-1"><script src="https://maps.googleapis.com/maps/api/js?libraries=places&amp;key=AIzaSyCo5eQjEOueTKAU_vNrb6T0Z4Y4pOmzTl4&amp;language=en&amp;region=US"></script></body>

2018-10-29 15:36:34 - [TEST_STEP][PASSED] - comment: printing string anuadha

2018-10-29 15:36:34 - [TEST_STEP][PASSED] - Statement - startString = s.lastIndexOf("esbApiToken") + "esbApiToken".length() + 1: null

2018-10-29 15:36:34 - [TEST_STEP][PASSED] - Statement - substring = s.substring(startString): null

2018-10-29 15:36:34 - [TEST_STEP][PASSED] - comment: substring 'eyJ0eXAiOiJKV1QiLCJhbGciOiJIUzI1NiJ9.eyJpc3MiOiJodHRwOlwvXC93d3cuc3VtdG90YWxzeXN0ZW1zLmNvbVwvY29yZXVpIiwic3ViIjoiTW9kZXJhdG9yIiwiYXVkIjoiQ0wwOF9TQUxFU19URVNUIiwiZXhwIjo2MzY3NjQyNTk3MzYzNzQwMDAsIm5iZiI6MCwiaWF0Ijo2MzY3NjQwNDM3NDE1MzA1NjUsImJzZXNzaW9uaWQiOiIwM2UzY2MwODU5MTg0NjE5ODY4NmM3ZTk2YTNjNWEzMyIsImV1c3JpZCI6bnVsbCwiZXVzcm4iOm51bGwsImN1bCI6ImVuLVVTIiwidXNlcmlkIjoiNzAyMzcxIiwiZ3Vlc3RhY2NvdW50IjowLCJwZXJzb25pZCI6MTAxMTY3LCJpc2V4dGVybmFsIjpmYWxzZSwicnBrZXkiOiJFTElYSFJVSSJ9.6F01A0DCAFF751D5218CD016532836FBA56C679592047136F862087E7F2A6B7B',
          getSearchBinCountsUrl:'https://cl08sales.sumtotaldevelopment.net/Services/api/search/getSearchBinCounts',
          retrieveObjectSearchDiagnosticsUrl:'https://cl08sales.sumtotaldevelopment.net/Services/api/search/retrieveObjectSearchDiagnostics',
          getDocumentCountsUrl:'https://cl08sales.sumtotaldevelopment.net/Services/api/search/GetIndexableDocumentCounts',
          forceFullSearchUrl:'https://cl08sales.sumtotaldevelopment.net/Services/api/search/ForceFullSearchForBins',
          saveFavoriteJobUrl:'https://cl08sales.sumtotaldevelopment.net/Services/api/job/SaveFavoriteJob',
        },
        social:{
          getMyFeedUrl:'https://cl08sales.sumtotaldevelopment.net/Services/api/social/GetMyFeed',
          postMessageToYammer:'https://cl08sales.sumtotaldevelopment.net/Services/api/social/PostMessage',
          getAvailableGroupsUrl:'https://cl08sales.sumtotaldevelopment.net/Services/api/social/GetAvailableGroups',
          createGroupUrl:'https://cl08sales.sumtotaldevelopment.net/Services/api/social/CreateGroup',
          deleteGroupUrl:'https://cl08sales.sumtotaldevelopment.net/Services/api/social/DeleteGroup',
          deleteGroupMembershipUrl:'https://cl08sales.sumtotaldevelopment.net/Services/api/social/DeleteGroupMembership',
          addGroupMembershipUrl:'https://cl08sales.sumtotaldevelopment.net/Services/api/social/AddGroupMembership',
          getCurrentUserDataURL:'https://cl08sales.sumtotaldevelopment.net/Services/api/social/GetCurrentUserData',
          getAllUsersURL:'https://cl08sales.sumtotaldevelopment.net/Services/api/social/GetAllUsers',
          getGroupByIdUrl:'https://cl08sales.sumtotaldevelopment.net/Services/api/social/GetGroupById',
          validateGroupNameUrl:'https://cl08sales.sumtotaldevelopment.net/Services/api/social/ValidateGroupName',
          searchGroupUrl:'https://cl08sales.sumtotaldevelopment.net/Services/api/social/SearchGroup'
        },
        timeline:{
          approveTask:'https://cl08sales.sumtotaldevelopment.net/Services/api/timelineapi/ApproveTask',
        },
        bigData: {
          DismissEmployeeRecommendationsUrl: '/Core/Core/api/bigdataapi/DismissEmployeeRecommendations',
          CourseRecommendationForUserUrl: '/Core/Core/api/bigdataapi/GetCourseRecommendationForUser',
          getEmployeePositionFitData: '/Core/Core/api/bigdataapi/RetrieveEmployeePositionFitData',
          GetViewableJobsForUser: '/Core/Core/api/bigdataapi/GetViewableJobsForUser',
          SaveEmployeeRecommendPosition: '/Core/Core/api/bigdataapi/SaveEmployeeRecommendPosition',
          SaveEmployeeRecommendInterest:'/Core/Core/api/bigdataapi/SaveEmployeeRecommendInterest',
          GetViewableSubNodesForJob: '/Core/Core/api/bigdataapi/GetViewableSubNodesForJob',
          GetViewableNodesForJob :'/Core/Core/api/bigdataapi/GetViewableNodesForJob',
          GetJobByPersonId :'/Core/Core/api/bigdataapi/GetJobByPersonId',
          addOrRemoveJobFitAnalysis :'/Core/Core/api/bigdataapi/AddOrRemoveJobFitAnalysis',
          GetCourseRecommendationForUserByInterests: '/Core/Core/api/bigdataapi/GetCourseRecommendationForUserByInterests',
          //External Job Recommendation Implementation
          GetViewableExternalJobsForUser: '/Core/Core/api/bigdataapi/GetViewableExternalJobsForUser'
        },
        translations: {
          retrieveTranslations: '/Core/Core/api/translationapi/RetrieveTranslations',
          getTranslationsForModelUrl: '/Core/Core/api/translationapi/GetTranslationsForModel' + '?modelTypeFullName=',
          getTranslationsForObjectUrl: '/Core/Core/api/translationapi/GetTranslationsForObject' + '?modelTypeFullName=',
          saveTranslationsForModelUrl: '/Core/Core/api/translationapi/SaveTranslationsForModel' + '?modelTypeFullName=',
          GetTranslationsForModelAndObjectUrl: '/Core/Core/api/translationapi/GetTranslationsForModelAndObject',
          saveTranslationsForModelAndObjectUrl: '/Core/Core/api/translationapi/SaveTranslationsForModelAndObject',
          getTranslationDefinitionsByCategoryUrl: '/Core/Core/api/translationapi/GetTranslationDefinitionsByCategory',
          getStaticTranslationsForEditorUrl: '/Core/Core/api/translationapi/GetStaticTranslationsForEditor',
          saveStaticTranslationsUrl: '/Core/Core/api/translationapi/SaveStaticTranslations',
          getTranslationCategoriesUrl: '/Core/Core/api/translationapi/GetTranslationCategories',
          getTranslationsUrl:'https://cl08sales.sumtotaldevelopment.net/Services/api/i18n',
        },
        settings: {
          retrieveSettings: '/Core/Core/api/settingapi/RetrieveSettings',
          saveSettings: '/Core/Core/api/settingapi/SaveSettings',
          getSettingsForPreferenceScreen: '/Core/Core/api/settingapi/GetSettingsForPreferenceScreen',
          getSettings: '/Core/Core/api/settingapi/GetSettings',
          saveSettingsForPreferenceScreen: '/Core/Core/api/settingapi/SaveSettingsForPreferenceScreen',
          deleteSettings: '/Core/Core/api/settingapi/DeleteSettings',
          getObjectCriteriaSettings: '/Core/Core/api/settingapi/GetObjectCriteriaSettings',
          SaveObjectCriteriaSettings: '/Core/Core/api/settingapi/SaveObjectCriteriaSettings',
          getTimelineSortOptions: '/Core/Core/api/settingapi/GetTimelineSortOptions'

        },
        mobileConfiguration: {
          getMobileConfiguration: '/Core/Core/api/settingapi/getMobileConfiguration',
          setMobileConfiguration: '/Core/Core/api/settingapi/setMobileConfiguration'
        },
        personalization: {
          retrievePersonalization: '/Core/Core/api/dashboardingapi/RetrievePersonalization',
          retrievePersonalizationType: '/Core/Core/api/dashboardingapi/RetrievePersonalizationType'
        },
        dashboard: {
          getWidget: '/Core/Core/api/dashboardingapi/GetWidgetData',
          saveWidget: '/Core/Core/api/dashboardingapi/SaveWidgetData',
          getMyTasksforNotificationURL: '/Core/Core/api/mytasksapi/GetTimelineNotifications',
          clearWidgetDataCache: '/Core/Core/api/dashboardingapi/ClearWidgetDataCache',
          clearSecurityCache: '/Core/Core/api/dashboardingapi/ClearSecurityCache',
          saveWidgetDashboard: '/Core/Core/api/dashboardingapi/SaveWidgetDashboardData',
          removeDashboard: '/Core/Core/api/dashboardingapi/RemoveDashboardData',
          removeDashboardPage: '/Core/Core/api/dashboardingapi/RemoveDashboardPageData',
          copyDashboard: '/Core/Core/api/dashboardingapi/CopyDashboard',
          copyDashboardPage: '/Core/Core/api/dashboardingapi/CopyDashboardPage',
          myTasksRefresh: '/Core/Core/api/mytasksapi/GetMyTasks',
          retrieveSingleWebPartsData: '/Core/Core/api/dashboardingapi/RetrieveSingleWebPartsData',
          resetDashboardPage: '/Core/Core/api/dashboardingapi/ResetDashboardPage',
          registrationRedirection:'/Core/Core/api/dashboardingapi/GetRegistrationRedirectionData',
          getAllDashboardPages:'/Core/Core/api/dashboardingapi/LoadAllWebPartPages',
		      setUserDefaultDashboard: '/Core/Core/api/dashboardingapi/SetUserDefaultDashboard',
          setDashboardPagePriority: '/Core/Core/api/dashboardingapi/SetDashboardPagePriority',
          getLandingPageDashboardPages:'/Core/Core/api/dashboardingapi/GetLandingPageDashboardPages',
          getNewDashboardPagePriority:'/Core/Core/api/dashboardingapi/GetNewDashboardPagePriority',
          common: {
            retrieveEmployeePopupDetails: '/Core/Core/api/dashboardingapi/RetrieveEmployeePopupDetails'
          },
          webClock: {
            savePunch: '/Core/Core/api/dashboardingapi/SavePunchDetails',
            getPunch: '/Core/Core/api/dashboardingapi/LastPunchDetails',
            getPositionFromSearch:'/Core/Core/api/dashboardingapi/GetWFMSearch',
            getCostCenterFromSearch:'/Core/Core/api/dashboardingapi/GetWFMSearch',
            getWorkOrderFromSearch:'/Core/Core/api/dashboardingapi/GetWFMSearch',
            getWorkItemFromSearch:'/Core/Core/api/dashboardingapi/GetWFMSearch',
            saveCCP:'/Core/Core/api/dashboardingapi/SaveCCP'
          }
        },
        theming: {
          markThemeActive: '/Core/Core/api/themingapi/MarkThemeActive',
          markThemeAsDefault: '/Core/Core/api/themingapi/MarkThemeAsDefault',
          getHttpRequest: '/Core/Core/api/themingapi/GetHttpRequest',
          loadAllThemes: '/Core/Core/api/themingapi/LoadAllThemes',
          loadEditorViewData: '/Core/Core/api/themingapi/LoadEditorViewData',
          loadLessFiles: '/Core/Core/api/themingapi/LoadLessFiles',
          saveTheme: '/Core/Core/api/themingapi/SaveTheme',
          deleteTheme: '/Core/Core/api/themingapi/DeleteTheme',
          saveThemePrecedenceValues: '/Core/Core/api/themingapi/SaveThemePrecedenceValues',
          proxy: '/Core/proxy.html2canvas'
        },
        user: {
          getPersonIdByNumber: '/Core/Core/api/UserApi/GetPersonIdByNumber',
          getPersonNumberByIdUrl: 'https://cl08sales.sumtotaldevelopment.net/Services/api/core/person/GetPersonNumberById',
          getLoggedInPersonId: '/Core/Core/api/UserApi/GetLoggedInPersonId',
          profileOverview: '/Core/Core/api/profiledata/getprofileoverview',
          employeeMetricsData: '/Core/Core/api/profiledata/GetDataForEnabledProfileSections',
          getUserMiniProfile: '/Core/Core/api/profiledata/GetUserMiniProfile',
          directReportProfileOverview: '/Core/Core/api/profiledata/getprofileoverview',
          getRelationship: '/Core/Core/api/profiledata/getrelationship',
          GetOverAllPerformanceUrl : '/Core/Core/api/UserApi/GetPerformanceRatings',
          GetRecommendedLearningsUrl : '/Core/Core/api/UserApi/GetRecommendedLearnings'+ '?userId=' + '9AD36C46327219F4BE439AA4E0CB8371' + '&viewPersonId=',
          GetPerformanceHistoryUrl : '/Core/Core/api/UserApi/GetPerformanceHistory',
          getGoalsForUserUrl: '/Core/Core/api/UserApi/GetGoalsForUser',
          getGoalDetailsForUserUrl: '/Core/Core/api/UserApi/GetGoalDetailsForUser',
          getGoalDetailsForTeamUrl: '/Core/Core/api/UserApi/GetGoalDetailsForTeam',
          saveGoalDetailsForUserUrl: '/Core/Core/api/UserApi/SaveGoalDetailsForUser',
          getCompensationDetails: '/Core/Core/api/UserApi/GetCompensationDetails',
          getOverAllCompensation: '/Core/Core/api/UserApi/GetCompensationRatings',
          getResumeData: '/Core/Core/api/resumeapi/GetResumeData?pId=9AD36C46327219F4BE439AA4E0CB8371',
          getResumeDataForTimeline: '/Core/Core/api/resumeapi/GetResumeData',
          getTeachingActivityUrl: '/Core/Core/api/UserApi/GetTeachingActivityDetails',
          getTeamHeaderCountsUrl: '/Core/Core/api/UserApi/GetTeamHeaderCounts',
          getOTPForBrowserExtension:'/Core/Core/api/UserApi/GetOTPForBrowserExtension',
        },

        organization: {
          keyMeasureData: '/Core/Core/api/orgchartapi/getkeymeasures',
          metricBarMetrics: '/Core/Core/api/orgchartapi/getmetricbarmetrics',
          metricBarMetricsForListOfUsers: '/Core/Core/api/orgchartapi/getmetricbarmetricsforlistofusers',
          saveNewHierarchyDetailsUrl: '/Core/Core/api/OrganizationApi/SaveNewHierarchyDetails',
          getCurrentHierarchiesUrl: '/Core/Core/api/OrganizationApi/GetCurrentHierarchies',
          getHierarchyDetailsUrl: '/Core/Core/api/OrganizationApi/GetHierarchyDetails' + '?hierarchyPK=',
          getChildOrganizationsUrl: '/Core/Core/api/OrganizationApi/GetChildOrganizations' + "?",//hierarchyPK=&organizationPK=
          getCodeByCatcdUrl: '/Core/Core/api/lookupsapi/codecats' + '?catcode=',
          getAutoGenOrgCode: '/Core/Core/api/OrganizationApi/GetAutoGenOrgCode',
          getCurrencyList: '/Core/Core/api/OrganizationApi/GetCurrencyList',
          getOrganizationUrl: '/Core/Core/api/OrganizationApi/GetOrganization' + '?organizationPK=',
          saveNewOrganizationDetailsUrl: '/Core/Core/api/OrganizationApi/SaveNewOrganizationDetails',
          createOrEditOrganizationUrl: '/Core/Core/api/OrganizationApi/CreateOrEditOrganization',
          DeleteOrganizationHierarchyUrl: '/Core/Core/api/OrganizationApi/DeleteOrganizationHierarchy',
          addUserByListUrl: '/Core/Core/api/OrganizationApi/AddUserByList',
          ConvertToDomainUrl: '/Core/Core/api/OrganizationApi/ConvertToDomain',
          getAllOrganization: '/Core/Core/api/OrganizationApi/SearchOrganization',
          getPermissionUrl: '/Core/Core/api/OrganizationApi/GetPermission',
          getInstalledPillars: '/Core/Core/api/jobapi/GetInstalledPillars',
          addUserInfoUrl: '/Core/Core/api/OrganizationApi/GetUserInfo',
          getOrgUserUrl: '/Core/Core/api/OrganizationApi/GetOrganizationUsers',
          getAudienceUrl: '/Core/Core/api/OrganizationApi/GetAudience',
          addUserByAudience: '/Core/Core/api/OrganizationApi/AddUserByAudience',
          exportOrganizationsURL: '/Core/Core/api/OrganizationApi/exportOrganization',
          
          editOrg: '/Core/Core/api/OrganizationApi/editOrgUser',
          deleteOrgUsersUrl: '/Core/Core/api/OrganizationApi/deleteOrgUsers',
          timeLineData: '/Core/Core/api/orgchartapi/gettimelinedata' + '?key=',
          employeeSearchForUser: '/Core/Core/api/orgchartapi/EmployeeSearchForUser',
          getSingleSupervisorHierarchyNode: '/Core/Core/api/orgchartapi/GetSingleSupervisorHierarchyNode',
          getSupervisorHierarchy: '/Core/Core/api/orgchartapi/GetSupervisorHierarchy',
          getPositionHierarchy: '/Core/Core/api/orgchartapi/GetPositionHierarchy',
          getDataForEnabledProfileSections: '/Core/Core/api/orgchartapi/GetDataForEnabledProfileSections',
          getAllMetrics: '/Core/Core/api/orgchartapi/GetAllMetrics',
          getSuccessorsForJobPosition: '/Core/Core/api/orgchartapi/GetSuccessorsForJobPosition',
          updateSuccessionForJobPosition: '/Core/Core/api/orgchartapi/UpdateSuccessionForJobPosition',
          getSpecifiedActivities: '/Core/Core/api/orgchartapi/GetSpecifiedActivities',
          getSettings: '/Core/Core/api/orgchartapi/GetSettings',
          isParentOrgURL :'/Core/Core/api/OrganizationApi/IsParentOrganization',
        },
        org: {
          GetUplineHierarchy: '/Core/Core/api/orgchartapi/GetUplineHierarchy',
          GetDirectReportsData: '/Core/Core/api/orgchartapi/GetDirectReportsData',
          GetManagerData: '/Core/Core/api/orgchartapi/GetManagerData',
        },
        tasks:{
          mytasks: '/Core/Core/api/mytasksapi/GetMyTasks' ,
          loadTimelineNotificationCount: '/Core/Core/api/mytasksapi/LoadTimelineNotificationCount' ,
          learningTasks: '/Core/Core/api/mytasksapi/GetLearningTasks',
          learningTasksCount: '/Core/Core/api/mytasksapi/GetLearningTasksCount',
        },
        myteam:
        {
          directReport : '/Core/Core/api/myteam/getteammember?mgrId=9AD36C46327219F4BE439AA4E0CB8371' ,
          directReportProfileOverview: '/Core/Core/api/profiledata/getprofileoverview'
        },
        security:{
          GetPortalSecuredRoutesUrl: '/Core/Core/api/securityapi/GetPortalSecuredRoutes',
          ListPermissionLevelsUrl: '/Core/Core/api/securityapi/ListPermissionLevels',
          LoadPermissionLevelByIdUrl: '/Core/Core/api/securityapi/LoadPermissionLevelById',
          GetRelationshipTo: '/Core/Core/api/securityapi/GetRelationship',
          ListSecurityGroupsUrl: '/Core/Core/api/securityapi/ListSecurityGroups',
          GetSecurityGroupsForUserUrl: '/Core/Core/api/securityapi/GetSecurityGroupsForUser',
          LoadSecurityGroupByIdUrl: '/Core/Core/api/securityapi/LoadSecurityGroupById',
          DeletePermissionLevelDataUrl: '/Core/Core/api/securityapi/DeletePermissionLevel',
          SavePermissionLevelDataUrl: '/Core/Core/api/securityapi/SavePermissionLevel',
          SaveSecurityGroupUrl: '/Core/Core/api/securityapi/SaveSecurityGroup',
          ListPermissionDefinitionsUrl: '/Core/Core/api/securityapi/ListPermissionDefinitions',
          DeleteSecurityGroupDataUrl: '/Core/Core/api/securityapi/DeleteSecurityGroup',
          //GetApplicationRoleTypesUrl: '/Core/Core/api/securityapi/GetApplicationRoleTypes',
          GetApplicationRoleTypesUrl: '/Core/Core/api/securityapi/GetAllPortalRoles',
          GetAllPortalRolesUrl: '/Core/Core/api/securityapi/GetAllPortalRoles',
          SearchApplicationRolesUrl: '/Core/Core/api/securityapi/SearchApplicationRoles',
          ListPermissionDefinitionsByObjTypeUrl: '/Core/Core/api/securityapi/ListPermissionDefinitionsByObjType',
          GetSecurityGroupObjectPermissionsUrl: '/Core/Core/api/securityapi/ListSecurityGroupObjectPermissions',
          AddUpdateSecurityGroupObjectPermissionsUrl: '/Core/Core/api/securityapi/AddUpdateSecurityGroupObjectPermission',
          GetMasterSitemapForPMConfigurationUrl: '/Core/Core/api/securityapi/GetMasterSitemapForPMConfiguration',
          GetBreadcrumbDataForSitemapNodeUrl: '/Core/Core/api/securityapi/GetBreadcrumbDataForSitemapNode',

          SaveMasterSitemapForPMConfigurationUrl: '/Core/Core/api/securityapi/SaveMasterSitemapForPMConfiguration',
          GetAllRelyingPartiesUrl: '/Core/Core/api/securityapi/GetRelyingPartiesForCurrentTenant',
          DeleteSitemapNodeUrl: '/Core/Core/api/securityapi/DeleteSitemapNode',
          ResetChangePasswordByAdmin: '/Core/Core/api/securityapi/ResetChangePasswordByAdmin',
          GetPasswordRules: '/Core/Core/api/securityapi/GetPasswordRules',
          DeleteSitemapNodeUrl: '/Core/Core/api/securityapi/DeleteSitemapNode',
          GetUserLoginHistoryUrl: '/Core/Core/api/securityapi/GetUserLoginHistory',
          getSecurityRelationshipNameList: '/Core/Core/api/profiledata/GetSecurityRelationshipNameList',
          getSecurityRelationship: '/Core/Core/api/profiledata/GetSecurityRelationship',
          getSecurityRelationshipCategoryList: '/Core/Core/api/profiledata/GetSecurityRelationshipCategoryList',
          GetEmployeeProfileSitemap: '/Core/Core/api/securityapi/GetEmployeeProfileSitemap',
          addSecurityRelationship: '/Core/Core/api/profiledata/AddSecurityRelationship',
          updateSecurityRelationship: '/Core/Core/api/profiledata/UpdateSecurityRelationship',
          deleteSecurityRelationship: '/Core/Core/api/profiledata/DeleteSecurityRelationship',
          getMultiLangDetails: '/Core/Core/api/profiledata/GetMultiLangDetails',
          ResetSecurityGroupObjectPermissionUrl: '/Core/Core/api/securityapi/ResetSecurityGroupObjectPermission',
          InheritSecurityGroupObjectPermissionsUrl: '/Core/Core/api/securityapi/InheritSecurityGroupObjectPermissions',

          GetESignatureSettings: '/Core/Core/api/securityapi/GetESignatureSettings',
          ListObjectSecurityGroupsUrl: '/Core/Core/api/securityapi/ListObjectSecurityGroups',
          apiTokenUrl: '/Core/Core/api/securityapi/retrieveApiToken',
          GetUAToken: '/Core/Core/api/securityapi/GetUAToken',
          EmulateProfileByAdmin: '/Core/Core/api/securityapi/EmulateProfileByAdmin',
          IsModuleLicensed: '/Core/Core/api/securityapi/IsModuleLicensed',
          GetSecurityPermissions: '/Core/Core/api/securityapi/GetSecurityPermissions',
          getPageHelpUrl: '/Core/Core/api/securityapi/GetPageHelpUrl'

        },
        library:
        {
          libraryApiURL:'/Core/Core/api/libraryapi/GetCatalogs',
          libraryGetTopicURL:'/Core/Core/api/libraryapi/GetCurrentTopic',
          relatedTopicsApiURL:'/Core/Core/api/libraryapi/GetRelatedTopics'
        },
        trainingActivity:
        {
          activityApi:'/Core/Core/api/trainingapi/GetActivitySummaryDetails'
        },
        eSignature:
        {
          eSignatureApi:'/Core/Core/api/esignatureapi/GetESignatureTranslation'
        },
        password:
        {
          ListProhibitedWordUrl: '/Core/Core/api/passwordmanagerapi/ListProhibitedWords',
          ListSecurityQuestionsUrl: '/Core/Core/api/passwordmanagerapi/ListSecurityQuestions',
          GetUserLanaguageListUrl: '/Core/Core/api/passwordmanagerapi/GetUserLanaguageList',
          SaveSecurityQuestionsUrl: '/Core/Core/api/passwordmanagerapi/SaveSecurityQuestion',
          ListUserSecQuestionsUrl: '/Core/Core/api/passwordmanagerapi/ListUserSecQuestions',
          SaveUserSecQuestionsDataUrl: '/Core/Core/api/passwordmanagerapi/SaveUserSecQuestions',
          SavePasswordPolicyUrl: '/Core/Core/api/passwordmanagerapi/SavePasswordPolicy',
          GetPasswordPolicyUrl: '/Core/Core/api/passwordmanagerapi/GetPasswordPolicies',
          GetPasswordPolicyByIdUrl: '/Core/Core/api/passwordmanagerapi/GetPasswordPolicyById',
          GetPasswordPolicyForUserUrl: '/Core/Core/api/passwordmanagerapi/GetPasswordPolicyForUser',
          GetPasswordRulesForUserUrl: '/Core/Core/api/passwordmanagerapi/GetPasswordRulesForUser',
          GetSecurityQuestionsForUserUrl: '/Core/Core/api/passwordmanagerapi/GetSecurityQuestionsForUser',
          DeletePasswordPoliciesUrl: '/Core/Core/api/passwordmanagerapi/DeletePasswordPolicies',
          SaveProhibitedWordsDataUrl: '/Core/Core/api/passwordmanagerapi/SaveProhibitedWords',
          GetRulesAndSettingsUrl: '/Core/Core/api/passwordmanagerapi/GetRulesAndSettings',
          SaveRulesAndSettingsUrl: '/Core/Core/api/passwordmanagerapi/SaveRulesAndSettings',
          SaveEntityAssignmentUrl: '/Core/Core/api/passwordmanagerapi/SaveEntityAssignment',
          GetPasswordSettingsUrl: '/Core/Core/api/passwordmanagerapi/GetPasswordSettings',
          SavePasswordSettingsUrl: '/Core/Core/api/passwordmanagerapi/SavePasswordSettings',
          ResetPasswordUrl: '/Core/Core/api/passwordmanagerapi/ResetPassword'
        },
        myprofile:{
          getWorkerPersonalDetailsUrl: '/Core/Core/api/profiledata/GetWorkerPersonalDetails',
          saveWorkerPersonalDetailsUrl: '/Core/Core/api/profiledata/SaveWorkerPersonalDetails',
          getWorkerProfileUrl: '/Core/Core/api/profiledata/GetWorkerProfile',
          getWorkerBasicProfileUrl: '/Core/Core/api/profiledata/GetWorkerBasicProfile',
          disabledUserProfileUrl: '/Core/Core/api/profiledata/DisableUserLogins',
          enabledUserProfileUrl: '/Core/Core/api/profiledata/EnableUserLogins',
          terminatePersonDetailsUrl: '/Core/Core/api/profiledata/TerminateWorkerProfile',
          restorePersonDetailsUrl: '/Core/Core/api/profiledata/RestoreWorkerProfile',
          getReassignManagerData: '/Core/Core/api/profiledata/GetReassignManagerData',
          getUsersForReassignManager: '/Core/Core/api/profiledata/getUsersForReassignManager',
          updateUsersReassignManager: '/Core/Core/api/profiledata/UpdateUsersReassignManager',
          getPendingTasksForChangeManager: '/Core/Core/api/profiledata/GetPendingTasksForChangeManager',
          updatePersonRelationDetails: '/Core/Core/api/profiledata/UpdateManagerForPerson',
          getSearchUsers: '/Core/Core/api/profiledata/SearchUser',
          getFreeTextSearchUsers: '/Core/Core/api/profiledata/FreeTextUserSearch',
          getAllUser: '/Core/Core/api/profiledata/GetAllUser',
          exportUsers: '/Core/Core/api/profiledata/ExportUsers',
          removeAccount: '/Core/Core/api/profiledata/RemoveAccount',
          getSecurityRightsUrl: '/Core/Core/api/profiledata/GetSecurityRights',
          getMergeUserConflicts: '/Core/Core/api/profiledata/MergeUserConflicts',
          getTMCheckMergeUser: '/Core/Core/api/profiledata/TMCheckMergeUser',
          mergeUserAccounts: '/Core/Core/api/profiledata/MergeUserAccounts',
          listofmergeAccounts: '/Core/Core/api/profiledata/ListofMergeAccounts',
          exportMergeAccounts: '/Core/Core/api/profiledata/ExportMergeAccounts',
          getMergeUserStatus: '/Core/Core/api/profiledata/GetMergeUserStatus',
          addUpdatePersonUrl: '/Core/Core/api/profiledata/AddUpdatePerson',
          getUserPermissionsUrl: '/Core/Core/api/profiledata/GetUserPermissions',
          getUserPermissionsForEmulateProfileUrl: '/Core/Core/api/profiledata/GetUserPermissionsForEmulateProfile',
          exportPendingApprovalsUrl: '/Core/Core/api/profiledata/ExportPendingApproval',
          ExportPendingAccounts: '/Core/Core/api/profiledata/ExportPendingAccounts',
          getAdvancedPendingApprovalUrl:'/Core/Core/api/profiledata/GetAdvancedPendingApproval',
          ActOnPendingApprovalUrl:'/Core/Core/api/profiledata/ActOnPendingApproval',
          getWorkerPersonalDetailsPAUrl: '/Core/Core/api/profiledata/GetWorkerPersonalDetails',
          pendingApprovalSecurityCheckUrl: '/Core/Core/api/profiledata/PendingApprovalSecurityCheck',
          editUserUrl: '/Core/Core/api/profiledata/EditUser',
          getEmployeeTypeUrl: '/Core/Core/api/profiledata/GetEmployeeType',
          GetProfileOverviewMini: '/Core/Core/api/profiledata/GetProfileOverviewMini',
          gePersonHomeAddressUrl:'/Core/Core/api/profiledata/getUserHomeAddress',
          getCreateUserPermissionUrl: '/Core/Core/api/profiledata/GetCreateUserPermissions',
          isGuestUserUrl: '/Core/Core/api/profiledata/IsGuestUser',
        },

        //added
        myUnlockdata: {
          doUnlockDataUrl: '/Core/Core/api/profiledata/doUnlockAccount'
        },
        commonUtilApis: {
          enabledPillarsUrl: '/Core/Core/api/commonapi/GetEnabledPillars'
        },
        jobtemplates:{
          getNextJobNumUrl: '/Core/Core/api/jobapi/GetNextJobNum',
          getJobTemplatesUrl: '/Core/Core/api/jobapi/GetJobTemplates',
          getJobTemplateUrl: '/Core/Core/api/jobapi/GetJobTemplate',   //Deprecated, use getJobTemplateByIdUrl instead
          getJobTemplateByIdUrl: '/Core/Core/api/jobapi/getJobTemplateById',
          getNextJobsUrl: '/Core/Core/api/jobapi/GetNextJobs',
          getCompetenciesFromJobUrl: '/Core/Core/api/jobapi/GetCompetenciesFromJob',
          getJobRequirementsForUserUrl: '/Core/Core/api/jobapi/GetJobRequirementsForUser',
          copyJobTemplatesUrl: '/Core/Core/api/jobapi/CopyJobTemplates',
          deleteJobTemplatesUrl: '/Core/Core/api/jobapi/DeleteJobTemplates',
          saveJobTemplatesUrl: '/Core/Core/api/jobapi/SaveJobTemplate',
          getInstalledPillars: '/Core/Core/api/jobapi/GetInstalledPillars',
          getCoreRelationships: '/Core/Core/api/jobapi/GetCoreRelationships',
          getCodeByCatcdUrl: '/Core/Core/api/lookupsapi/codecats' + '?catcode=',
          exportJobTemplates: '/Core/Core/api/jobapi/ExportJobTemplates',
          getPermissionUrl: '/Core/Core/api/jobapi/GetPermission',
        },
        skills:{
          getSkillsUrl: '/Core/Core/api/skill/GetSkills',
          getSkillUrl: '/Core/Core/api/skill/GetSkill',
          copySkillsUrl: '/Core/Core/api/skill/CopySkills',
          deleteSkillsUrl: '/Core/Core/api/skill/DeleteSkills',
          saveSkillsUrl: '/Core/Core/api/skill/SaveSkill',
          getContentTypesUrl: '/Core/Core/api/skill/getContentTypes',
          getCodeByCatcdUrl: '/Core/Core/api/lookupsapi/codecats' + '?catcode=',
          exportSkills: '/Core/Core/api/skill/ExportSkills',
          getPermissionUrl: '/Core/Core/api/skill/GetPermission',
          getSkillCategoriesUrl: 'https://cl08sales.sumtotaldevelopment.net/Services/api/SkillCategories/GetSkillCategoriesData',
          saveSkillDataUrl:'https://cl08sales.sumtotaldevelopment.net/Services/api/SkillCategories/SaveSkillWithCategories',
          saveSkillCategoryLevelUrl:'https://cl08sales.sumtotaldevelopment.net/Services/api/SkillCategories/SaveSkillCategoryLevel',
        },

        competencies:{
          getCompetenciesUrl: '/Core/Core/api/competencyapi/GetCompetencies',
          getCompetenciesByPersonUrl: '/Core/Core/api/competencyapi/GetCompetenciesByPerson',
          exportCompetenciesUrl: '/Core/Core/api/competencyapi/ExportCompetencies',
          getCompetencyUrl: '/Core/Core/api/competencyapi/GetCompetency',
          saveCompetencyUrl: '/Core/Core/api/competencyapi/SaveCompetency',
          saveEnabledLanguagesUrl: '/Core/Core/api/competencyapi/GetEnabledLanguages',
          getPermissionUrl: '/Core/Core/api/competencyapi/GetPermission',
          deleteCompetenciesUrl: '/Core/Core/api/competencyapi/DeleteCompetencies',
        },

        recruitingquestion:{
          getRecruitingQuestionById: '/Core/Core/api/recruitingquestionapi/GetRecruitingQuestionById',
          getDateTimeById: '/Core/Core/api/recruitingquestionapi/GetDateTimeById',
          getMultipleTextBoxesById: '/Core/Core/api/recruitingquestionapi/GetMultipleTextBoxesById',
          getRatingMatrixById: '/Core/Core/api/recruitingquestionapi/GetRatingMatrixById',
          getRatingById: '/Core/Core/api/recruitingquestionapi/GetRatingById',
          getRecruitingQuestionWithChoicesById: '/Core/Core/api/recruitingquestionapi/GetRecruitingQuestionWithChoicesById',
          getMultiSelectListDropdownsById: '/Core/Core/api/recruitingquestionapi/GetMultiSelectListDropdownsById',

          getRecruitingQuestions: '/Core/Core/api/recruitingquestionapi/GetRecruitingQuestions',
          getFilteredRecruitingQuestions: '/Core/Core/api/recruitingquestionapi/GetFilteredRecruitingQuestions',

          addOrUpdateFlattenRecruitingQuestion: '/Core/Core/api/recruitingquestionapi/AddOrUpdateFlattenRecruitingQuestion',
          addOrUpdateDateTimeRecruitingQuestion: '/Core/Core/api/recruitingquestionapi/AddOrUpdateDateTimeRecruitingQuestion',
          addOrUpdateMultipleTextBoxes: '/Core/Core/api/recruitingquestionapi/AddOrUpdateMultipleTextBoxes',
          addOrUpdateRatingMatrix: '/Core/Core/api/recruitingquestionapi/AddOrUpdateRatingMatrix',
          addOrUpdateRecruitingQuestionWithChoices: '/Core/Core/api/recruitingquestionapi/AddOrUpdateRecruitingQuestionWithChoices',
          addOrUpdateMultiSelectListDropdowns: '/Core/Core/api/recruitingquestionapi/AddOrUpdateMultiSelectListDropdowns',

          restoreOrInactivateRecruitingQuestion: '/Core/Core/api/recruitingquestionapi/RestoreOrInactivateRecruitingQuestion',
          deleteRecruitingQuestions: '/Core/Core/api/recruitingquestionapi/DeleteRecruitingQuestions',

          searchRecruitingQuestionTags: '/Core/Core/api/recruitingquestionapi/SearchRecruitingQuestionTags',
          getAllRecruitingQuestionTags: '/Core/Core/api/recruitingquestionapi/GetAllRecruitingQuestionTags'
        },

        competencyModels:{
          getPermissionUrl: '/Core/Core/api/competencymodelapi/GetPermission',
          getCompetencyModelsUrl: '/Core/Core/api/competencymodelapi/getcompetencymodels',
          saveCompetencyModelsUrl: '/Core/Core/api/competencymodelapi/savecompetencymodel',
          getCompetencyModelEditUrl: '/Core/Core/api/competencymodelapi/getcompetencymodel' + '?targetAssessmentID=',
          deleteCompetencyModelsUrl: '/Core/Core/api/competencymodelapi/deletecompetencymodels' + '?targetAssessmentIDs=',
          copyCompetencyModelsUrl: '/Core/Core/api/competencymodelapi/CopyCompetencyModel' + '?targetAssessmentIDs='
        },

        behaviors:{
          getBehaviorDetailsUrl: '/Core/Core/api/behaviorapi/GetBehaviorDetail',
          getBehaviorsByCmpIdUrl: '/Core/Core/api/behaviorapi/GetBehaviorsbyCmpID',
          getBehaviorsByCmpIdsUrl: 'https://cl08sales.sumtotaldevelopment.net/Services/api/behavior/GetBehaviorsByCmpIDs',
          SaveNewBehaviorDetailUrl: '/Core/Core/api/behaviorapi/SaveNewBehaviorDetail',
          DeleteOrCopyBehaviorsUrl: '/Core/Core/api/behaviorapi/DeleteOrCopyBehaviors',
          ExportBehaviorsUrl: '/Core/Core/api/behaviorapi/ExportBehaviors',
          getPermissionUrl: '/Core/Core/api/behaviorapi/GetPermission',
          getLeftNavPermissionUrl: '/Core/Core/api/behaviorapi/getLeftNavPermission',
          getAssociatedActivitiesUrl: '/Core/Core/api/behaviorapi/getAssocicatedActivities',
          getActivitiesBySearchCritUrl: '/Core/Core/api/behaviorapi/getActivitiesBySearchCrit',
          addDeleteActivitiesUrl: '/Core/Core/api/behaviorapi/addDeleteActivities',
        },
        domains:{
          getListofLMOrgandDomainsUrl: '/Core/Core/api/DomainDataApi/GetListofDomains',
          getCurrentLoginUserDomainUrl: '/Core/Core/api/DomainDataApi/GetCurrentLoginUserDomain',
          expireCurrentDomainCache: '/Core/Core/api/DomainDataApi/ExpireCurrentDomainCache'
        },
        lookups:{
          getListofLMSecurityRolesUrl: '/Core/Core/api/LookupsApi/GetListofLMSecurityRoles',
          getListofTMBusinessUrl: '/Core/Core/api/LookupsApi/GetListofTMBusiness',
          getCodeDefinitionsUrl: '/Core/Core/api/lookupsapi/allcodecats',
          getCodesUrl: '/Core/Core/api/lookupsapi/codecats',
          getMultipleCodesUrl: '/Core/Core/api/lookupsapi/GetCodeDefinitions',
          getCodesForRatingUrl: '/Core/Core/api/lookupsapi/codecatsforrating',
          getCodeDefinitionsListUrl: '/Core/Core/api/lookupsapi/codecatsforedit',
          getCodeDefinitionsEditUrl: '/Core/Core/api/lookupsapi/editcodecat',
          getCodeDefinitionscodesforeditUrl: '/Core/Core/api/lookupsapi/codesforedit',
          getLinkedCodesForCatcd: '/Core/Core/api/lookupsapi/linkedcodes',
          getCodeDefinitionsSaveUrl: '/Core/Core/api/lookupsapi/savecodecat',
          getCodeDefinitionUpdateStatusUrl: '/Core/Core/api/lookupsapi/updatecodecatstatus',
          getCodesEditUrl: '/Core/Core/api/lookupsapi/editcode',
          getCodesSaveUrl: '/Core/Core/api/lookupsapi/savecode',
          getCodeUpdateStatusUrl: '/Core/Core/api/lookupsapi/updatecodestatus',
          getTimezonesUrl: '/Core/Core/api/lookupsapi/alltimezones',
          getCodeByCatcdUrl: '/Core/Core/api/lookupsapi/codecats' + '?catcode='
        },
        developmentplan:{
          getDevPlanofUserForPeriodUrl: '/Core/Core/api/developmentplanapi/GetDevelopmentPlanForOwnerForPeriod',
          getDevelopmentPlanTasksForPlanUrl: '/Core/Core/api/developmentplanapi/GetDevelopmentPlanTasksForPlan',
          getDevelopmentPlanActivitiesForOwner: '/Core/Core/api/developmentplanapi/GetDevelopmentPlanActivitiesForOwner',
          SaveDevelopmentPlanUrl: '/Core/Core/api/developmentplanapi/SaveDevelopmentPlan',
          SaveDevelopmentPlanActivityUrl: '/Core/Core/api/developmentplanapi/SaveDevelopmentPlanActivity',
          getGoalPeriodsUrl: '/Core/Core/api/developmentplanapi/GetGoalPeriodsList',
          deleteDevelopmentPlanActivityUrl: '/Core/Core/api/developmentplanapi/DeleteDevPlanActivity',
          deleteDevelopmentPlanGroupUrl: '/Core/Core/api/developmentplanapi/DeleteDevelopmentPlanGroup',
          getDevPlanGroupsUrl: '/Core/Core/api/developmentplanapi/GetDevPlanGroups',
          saveDevPlanGroupsUrl: '/Core/Core/api/developmentplanapi/SaveDevelopmentPlanGroup',
          saveDevPlanPeriodUrl: '/Core/Core/api/developmentplanapi/SaveDevelopmentPlanPeriod',
          getDirectReportsDataUrl:'/Core/Core/api/developmentplanapi/getDirectReportsData',
          saveMultipleActivitiesUrl:'/Core/Core/api/developmentplanapi/MultiAssignActivity',
          getAllCompetenciesUrl: '/Core/Core/api/developmentplanapi/GetAllCompetencies',
          getActivitiesForCompetencyUrl: '/Core/Core/api/developmentplanapi/GetActivitiesForCompetency',
          SaveApprovalStatusUrl: '/Core/Core/api/developmentplanapi/SaveApprovalStatus',
          getLatestPeriodUrl: '/Core/Core/api/developmentplanapi/GetLatestGoalPeriod',
          getDevPlanOfUsersForAPeriodUrl: '/Core/Core/api/developmentplanapi/GetDevPlanOfUsersForAPeriod',
          getDevPlanOwnerInfoUrl: '/Core/Core/api/developmentplanapi/GetDevPlanOwnerInfo',
          getDevPlanOwnerUserNameUrl: '/Core/Core/api/developmentplanapi/GetDevPlanOwnerUserName',
          getUserJobUrl: '/Core/Core/api/developmentplanapi/GetUserJob',
          getCompetenciesForUserJobUrl: '/Core/Core/api/developmentplanapi/GetCompetenciesForUserJob',
          getCompetencyBehaviorsUrl: '/Core/Core/api/developmentplanapi/GetCompetencyBehaviors',
          getCodesForDevPlanUrl: '/Core/Core/api/developmentplanapi/GetCodesForDevPlan',
          getRatingScaleUrl: '/Core/Core/api/developmentplanapi/GetRatingScale',
          getTargetScaleUrl: '/Core/Core/api/developmentplanapi/GetTargetScale',
          getAssessedCompetenciesUrl: '/Core/Core/api/developmentplanapi/GetAssessedCompetencies',
          getmodelDataUrl:'/Core/Core/api/developmentplanapi/GetmodelData',
          getCompetenciesForPositionUrl: '/Core/Core/api/developmentplanapi/GetCompetenciesForPosition',
          HasManagerRelationshipUrl:'/Core/Core/api/developmentplanapi/HasManagerRelationship',
          getActivitiesBySearchCritUrl: '/Core/Core/api/developmentplanapi/getActivitiesBySearchCrit',
          getManagerCommentsForDevPlanUrl: '/Core/Core/api/developmentplanapi/GetManagerCommentsForDevPlan',
          getUDPGroupsUrl: '/Core/Core/api/developmentplanapi/GetUDPGroups',
          getUDPGroupDetailsUrl: '/Core/Core/api/developmentplanapi/GetUDPGroupDetails',
          saveUDPGroupDataUrl: '/Core/Core/api/developmentplanapi/SaveUDPGroupData',
          checkDevelopmentPlanSecurityUrl: '/Core/Core/api/developmentplanapi/CheckDevelopmentPlanSecurity',
          SaveDevelopmentPlanObjective: 'https://cl08sales.sumtotaldevelopment.net/Services/api/UDP/SaveDevelopmentPlanObjective',
          getDevPlanObjectives: 'https://cl08sales.sumtotaldevelopment.net/Services/api/UDP/GetDevPlanObjectives',
          deleteObjective: 'https://cl08sales.sumtotaldevelopment.net/Services/api/UDP/DeleteObjective',
          getDevelopmentPlanForOwner: 'https://cl08sales.sumtotaldevelopment.net/Services/api/UDP/GetDevelopmentPlanForOwner'
        },
        newDevelopmentPlan:{
          createEditTaskURL: 'https://cl08sales.sumtotaldevelopment.net/Services/api/UDP/CreateEditTask',
          saveDevPlanComments: 'https://cl08sales.sumtotaldevelopment.net/Services/api/UDP/SaveDevPlanComments',
          getDevPlanForUserURL: 'https://cl08sales.sumtotaldevelopment.net/Services/api/UDP/GetUnifiedDevelopmentPlan',
          getDevPlanObjectivesURL: 'https://cl08sales.sumtotaldevelopment.net/Services/api/UDP/GetDevPlanObjectives',
          getDevPlanTasksURL: 'https://cl08sales.sumtotaldevelopment.net/Services/api/UDP/GetDevPlanTasks',
          saveUDPConfigSettingsUrl: 'https://cl08sales.sumtotaldevelopment.net/Services/api/UDP/SaveUDPConfigSettings',
          togglePrivateStatusUrl: 'https://cl08sales.sumtotaldevelopment.net/Services/api/UDP/TogglePrivateStatus',
          saveMultipleActivitiesUrl:'https://cl08sales.sumtotaldevelopment.net/Services/api/UDP/MultiAssignActivity',
          getDevelopmentPlanSettingsUrl:'https://cl08sales.sumtotaldevelopment.net/Services/api/UDP/GetDevelopmentPlanSettings',
          getSkillsForDevPlanTasksUrl: 'https://cl08sales.sumtotaldevelopment.net/Services/api/UDP/GetSkillsForDevPlanTasks',
          getCompetenciesForDevPlanTasksUrl:'https://cl08sales.sumtotaldevelopment.net/Services/api/UDP/GetCompetenciesForDevPlanTasks',
          getSkillsForJobUrl : 'https://cl08sales.sumtotaldevelopment.net/Services/api/UDP/GetSkillsForJob',
          GetActivitiesForSkillUrl:'https://cl08sales.sumtotaldevelopment.net/Services/api/UDP/GetActivitiesForSkill',
          GetSkillsForUserUrl:'https://cl08sales.sumtotaldevelopment.net/Services/api/UDP/GetSkillsForUser',
          GetJobsForActivitiesUrl:'https://cl08sales.sumtotaldevelopment.net/Services/api/UDP/GetJobsForActivities',
          GetUserDevPlanForPeriodUrl : 'https://cl08sales.sumtotaldevelopment.net/Services/api/UDP/GetUserDevPlanForPeriod'
        },
        userManagement:{
          getModelsUrl: '/Core/Core/api/globalconfiguratorapi/models',
          getGlobalConfigurationUrl: '/Core/Core/api/globalconfiguratorapi/globalconfigurations',
          saveGlobalConfigurationUrl: '/Core/Core/api/globalconfiguratorapi/saveglobalconfiguration',
          getAdvancedConfigurationUrl: '/Core/Core/api/globalconfiguratorapi/advancedconfigurations',
          saveAdvancedConfigurationUrl: '/Core/Core/api/globalconfiguratorapi/saveadvancedconfiguration',
          getModelConfigurationUrl: '/Core/Core/api/globalconfiguratorapi/modelconfigurations',
          getAvailableUserFieldsUrl: '/Core/Core/api/globalconfiguratorapi/availableuserfields?targetuserid=',
          getAvailableEditUserLinksUrl: '/Core/Core/api/globalconfiguratorapi/availableedituserlinks',
          getExtendedAdvancedConfigurationUrl: '/Core/Core/api/globalconfiguratorapi/extendedconfigurations',
          getAdvancedSectionConfigurationUrl: '/Core/Core/api/globalconfiguratorapi/extendedsectionconfigurations',
          saveExtendedConfigurationUrl: '/Core/Core/api/globalconfiguratorapi/saveextendedconfiguration',
          forgetUserListUrl: 'https://cl08sales.sumtotaldevelopment.net/Services/api/user/forgetuserlist',
          forgetUserUrl: 'https://cl08sales.sumtotaldevelopment.net/Services/api/user/forgetuser'
        },
        userAccount:{
          getUserAccountGeneralSettingsUrl:  '/Core/Core/api/UserAccountCreationApi/GetUserAccountCreationGeneralSettings',
          saveUserAccountGeneralSettingsUrl:  '/Core/Core/api/UserAccountCreationApi/SaveUserAccountCreationGeneralSettings',
          getSSOBrokerUrl:'/Core/Core/api/UserAccountCreationApi/GetSSOBrokerUrl'
        },
        udpConfiguration:{
          getGoalPeriodsUrl: '/Core/Core/api/developmentplanapi/GetGoalPeriodsList',
          getGoalPeriodUrl: '/Core/Core/api/developmentplanapi/GetGoalPeriod',
          saveGoalPeriodUrl: '/Core/Core/api/developmentplanapi/SaveGoalPeriod',
          deleteGoalPeriodsUrl: '/Core/Core/api/developmentplanapi/DeleteGoalPeriods',
          getUdpRequiresApprovalConfigUrl: '/Core/Core/api/developmentplanapi/GetUdpApprovalCofiguration',
          getDevelopmentPlanConfigurationUrl: '/Core/Core/api/developmentplanapi/GetDevelopmentPlanConfiguration',
          getActiveLanguagesUrl: '/Core/Core/api/developmentplanapi/GetActiveLanguages'
        },
        myresume:{
          getResumeDataUrl: '/Core/Core/api/ResumeApi/GetResumeData',
          getCertificationNamesDataUrl: '/Core/Core/api/LookupsApi/GetCertificationNamesList',
          getLstinstitutionsNamesDataUrl: '/Core/Core/api/LookupsApi/GetAvailableSchools',
          getViewLanguageProficiencyDataUrl: '/Core/Core/api/ResumeApi/GetLanguageProficiencyList',
          getEducationByIdUrl: '/Core/Core/api/ResumeApi/GetEducationById',
          getViewLocationPreferenceDataUrl: '/Core/Core/api/ResumeApi/GetLocationPreferenceList',
          getCareerInformationDataUrl: '/Core/Core/api/ResumeApi/GetCareerInformation',
          saveCareerInformationForUserUrl: '/Core/Core/api/ResumeApi/SaveCareerInformationForUser',
          deleteLocationPreferenceUrl: '/Core/Core/api/ResumeApi/deleteLocationPreference',
          getCountriesUrl: '/Core/Core/api/LookupsApi/countries',
          getStatesbyIdUrl: '/Core/Core/api/LookupsApi/provinces',
          getCitiesByIdUrl: '/Core/Core/api/LookupsApi/GetCities',
          getDegreesUrl: '/Core/Core/api/ResumeApi/degreeOptions',
          getWorkExperienceListUrl: '/Core/Core/api/ResumeApi/GetWorkExperienceList',
          saveWorkExperienceDetailsUrl: '/Core/Core/api/ResumeApi/SaveWorkExperienceDetails',
          getIndustryListUrl: '/Core/Core/api/ResumeApi/GetIndustryList'+ '?pid=' + '9AD36C46327219F4BE439AA4E0CB8371',
          saveProjectExperienceDetailsUrl: '/Core/Core/api/ResumeApi/SaveProjectExperienceDetails',
          getWillingtoTravelOptionsListUrl: '/Core/Core/api/ResumeApi/GetWillingtoTravelOptionsList'+ '?pid=' + '9AD36C46327219F4BE439AA4E0CB8371',
          savelocationPreferenceDetailsUrl: '/Core/Core/api/ResumeApi/SavelocationPreferenceDetails',
          saveLanguageProficiencyDetailsUrl: '/Core/Core/api/ResumeApi/SaveLanguageProficiencyDetails',
          submitEducationUrl: '/Core/Core/api/ResumeApi/SaveEducation',
          submitMembershipUrl:'/Core/Core/api/ResumeApi/SaveMembership',
          submitCertificationUrl: '/Core/Core/api/ResumeApi/SaveCertification',
          submitSkillUrl: '/Core/Core/api/ResumeApi/SaveSkill',
          getLanguageProficiencyOptionsUrl: '/Core/Core/api/ResumeApi/GetLanguageProficiencyOptions',
          getLanguageOptionsUrl: '/Core/Core/api/ResumeApi/GetLanguageOptions',
          deleteLanguageProficiencyDetailsUrl: '/Core/Core/api/ResumeApi/DeleteLanguageProficiencyDetails',
          deleteLocationPreferenceDetailsUrl: '/Core/Core/api/ResumeApi/DeleteLocationPreferenceDetails',
          getCodeByCatcdUrl: '/Core/Core/api/LookupsApi/catCodesbyLang' + '?catCd=',
          getAllResumeOptionsUrl: '/Core/Core/api/ResumeApi/GetAllResumeOptions',
          getResumeConfigUrl: '/Core/Core/api/ResumeApi/GetResumeConfig',
          GetAwardsUrl: '/Core/Core/api/resumeapi/GetAwards',
          AddAwardsUrl: '/Core/Core/api/resumeapi/AddAwards',
          UpdateAwardsUrl: '/Core/Core/api/resumeapi/UpdateAwards',
          DeleteAwardsUrl: '/Core/Core/api/resumeapi/DeleteAwards'
        },
        onBoardingResume:{
          getResumeDataUrl: '/Core/Core/api/OnBoardingResumeApi/GetResumeData',
          getResumeResponseDataUrl: 'https://cl08sales.sumtotaldevelopment.net/Services/api/Resume/GetResumeResponseData',
          ParseResumeUrl: 'https://cl08sales.sumtotaldevelopment.net/Services/api/Resume/GetParsedResumeData',
          getResumeConfigDataUrl: '/Core/Core/api/OnBoardingResumeApi/GetResumeConfigData',
          getPersonResumesUrl: '/Core/Core/api/OnBoardingResumeApi/GetPersonResumes',
          getMultipleResumesUrl: '/Core/Core/api/OnBoardingResumeApi/GetMultipleResumes',
          getCountriesUrl: '/Core/Core/api/LookupsApi/countries',
          getStatesbyIdUrl: '/Core/Core/api/LookupsApi/provinces',
          getCitiesByIdUrl: '/Core/Core/api/LookupsApi/GetCities',
          saveResumeDataUrl: '/Core/Core/api/OnBoardingResumeApi/SaveResumeData',
          saveMultipleResumesUrl: '/Core/Core/api/OnBoardingResumeApi/SaveMultipleResumes',
          getResumeOptionsUrl: '/Core/Core/api/OnBoardingResumeApi/GetResumeOptions',
          getCodeByCatcdUrl: '/Core/Core/api/LookupsApi/catCodesbyLang' + '?catCd=',
          getRequisitionsHistoryUrl: '/Core/Core/api/OnBoardingResumeApi/GetRequisitionHistoryForUser',
          getFeedbackUrl: '/Core/Core/api/OnBoardingResumeApi/GetFeedback',
          getRequisitionJobTemplateSalaryRangeUrl: '/Core/Core/api/OnBoardingResumeApi/GetRequisitionJobTemplateSalaryRange',
          getInternalEquityDetailsUrl: '/Core/Core/api/OnBoardingResumeApi/GetInternalEquityDetails',
          getResumeReferencesUrl: '/Core/Core/api/OnBoardingResumeApi/GetResumeReferences',
          getManagerInfo: '/Core/Core/api/OnBoardingResumeApi/GetManagerId',
          getSchoolsUrl: '/Core/Core/api/LookupsApi/GetAvailableSchools',
          getResumeAndApplicationPermissionUrl: 'https://cl08sales.sumtotaldevelopment.net/Services/api/Resume/GetResumeAndApplicationPermission'
        },
        onBoardingRequisition:{
          getEmployeesUrl: '/Core/Core/api/OnBoardingRequisitionApi/GetEmployees',
          getPostingSitesUrl: '/Core/Core/api/OnBoardingRequisitionApi/GetPostingSites',
          getWorkLocationsUrl: '/Core/Core/api/OnBoardingRequisitionApi/GetWorkLocations',
          getJobPositionsUrl: '/Core/Core/api/OnBoardingRequisitionApi/GetJobPositions',
          getJobTemplatesUrl: '/Core/Core/api/OnBoardingRequisitionApi/GetJobTemplates',
          saveRequisitionDataUrl: '/Core/Core/api/OnBoardingRequisitionApi/SaveRequisitionData',
          getRequisitionsUrl: '/Core/Core/api/OnBoardingRequisitionApi/GetRequisitions',
          getRequisitionDataUrl: '/Core/Core/api/OnBoardingRequisitionApi/GetRequisitionDetails',
          getRequisitionDataForPreviewUrl: '/Core/Core/api/OnBoardingRequisitionApi/GetRequisitionDetailsForPreview',
          getSkillsUrl: '/Core/Core/api/LookupsApi/GetAvailableSkills',
          getCertificationsUrl: '/Core/Core/api/LookupsApi/GetCertificationNamesList',
          getPostingSiteUrl: '/Core/Core/api/OnBoardingRequisitionApi/GetPostingSite',
          getUpdateRequisitionStatusUrl: '/Core/Core/api/OnBoardingRequisitionApi/UpdateRequisitionStatus',
          getRequisitionPermissionUrl: '/Core/Core/api/OnBoardingRequisitionApi/GetPermissions',
          applyRequisitionUrl: '/Core/Core/api/OnBoardingRequisitionApi/ApplyForRequisition',
          getApplicationAssessmentForRequisitionUrl: '/Core/Core/api/OnBoardingRequisitionApi/GetApplicationAssessmentForRequisition',
          getRequisitionStatusUrl: '/Core/Core/api/OnBoardingRequisitionApi/GetStatusOptions',
          getCreateFromUrl: '/Core/Core/api/OnBoardingRequisitionApi/CreateRequisitionFrom',
          getRequisitionCandidatesUrl: '/Core/Core/api/OnBoardingRequisitionApi/GetCandidates',
          getPositionFitMetricDetails: '/Core/Core/api/OnBoardingRequisitionApi/GetCandidatePositionFitDetails',
          getGeographicalDetailsUrl: '/Core/Core/api/OnBoardingRequisitionApi/GetGeographicalDetails',
          getClientHierarchyLevelsUrl: '/Core/Core/api/OnBoardingRequisitionApi/GetClientHierarchyLevels',
          getJobFitForUser: '/Core/Core/api/OnBoardingRequisitionApi/GetJobFitForUser',
          getRequisitionRolesUrl: '/Core/Core/api/OnBoardingRequisitionApi/GetRequisitionRoles',
          getRecentlyAccessedRequisitionApplicationsUrl:'https://cl08sales.sumtotaldevelopment.net/Services/api/RecruitingWidgets/GetRecentlyAccessedRequisitionApplications',
          saveRecentlyAccessedApplicationUrl:'https://cl08sales.sumtotaldevelopment.net/Services/api/RecruitingWidgets/SaveRecentlyAccessedApplication',
          getRequisitionSummaryUrl:'https://cl08sales.sumtotaldevelopment.net/Services/api/RecruitingWidgets/GetRequisitionSummary',
          getRequisitionDashboardUrl: '/Core/Core/api/OnBoardingRequisitionApi/LoadRequisitionDashboardByUrlWithPermissions',
          getRequisitionAssessmentsUrl: '/Core/Core/api/OnBoardingRequisitionApi/GetRequisitionAssessments',
          getRequisitionAssessmentUrl: '/Core/Core/api/OnBoardingRequisitionApi/GetRequisitionAssessment',
          createUpdateRequisitionAssessmentUrl: '/Core/Core/api/OnBoardingRequisitionApi/CreateUpdateRequisitionAssessment',
          deleteRequisitionAssessmentsUrl: '/Core/Core/api/OnBoardingRequisitionApi/DeleteRequisitionAssessments',
          deleteRequisitionsUrl: '/Core/Core/api/OnBoardingRequisitionApi/DeleteRequisitions',
          getApprovalHistory:'https://cl08sales.sumtotaldevelopment.net/Services/api/Requisition/GetApprovalHistory',
          approveRequisitionUrl: 'https://cl08sales.sumtotaldevelopment.net/Services/api/Requisition/ApproveTask',
          getFavouriteJobsUrl:'https://cl08sales.sumtotaldevelopment.net/Services/api/jobSearch/GetFavoriteJobs/',
          getRecommendedJobsForUserUrl: 'https://cl08sales.sumtotaldevelopment.net/Services/api/RecruitingWidgets/GetRecommendedJobsForUser',
          getRequisitionApplicationsCountForPhaseUrl:'https://cl08sales.sumtotaldevelopment.net/Services/api/CandidateManagement/GetRequisitionApplicationsCountForPhase',
          addRequisitionAssessmentsUrl: '/Core/Core/api/OnBoardingRequisitionApi/AddRequisitionAssessments',
          saveRequisitionAnswersUrl: 'https://cl08sales.sumtotaldevelopment.net/Services/api/Requisition/SaveRequisitionAssessmentAnswer',
          updateJobBoardDataUrl: '/Core/Core/api/OnBoardingRequisitionApi/UpdateJobBoardData',
          postToEQuestUrl: '/Core/Core/api/OnBoardingRequisitionApi/PostToEQuest',
          deletePostingUrl: '/Core/Core/api/OnBoardingRequisitionApi/DeletePosting',
          getEQuestJobPostingsUrl: '/Core/Core/api/OnBoardingRequisitionApi/GetEQuestJobPostings',
          getEQuestJobIdUrl: '/Core/Core/api/OnBoardingRequisitionApi/GetEQuestJobId',
          SubmitRequisitionAssessmentAnswersUrl:'https://cl08sales.sumtotaldevelopment.net/Services/api/Requisition/SubmitRequisitionAssessmentAnswers',
        },
        onBoardingCandidateManagement: {
          getRequisitionCandidateUrl: 'https://cl08sales.sumtotaldevelopment.net/Services/api/CandidateManagement/GetRequisitionCandidates',
          getCodeDefinitionsUrl: 'https://cl08sales.sumtotaldevelopment.net/Services/api/CandidateManagement/GetCodeDefinition',
          updateRequisitionApplicationUrl: 'https://cl08sales.sumtotaldevelopment.net/Services/api/CandidateManagement/UpdateApplicationRaking',
          saveInterviewScheduleUrl: 'https://cl08sales.sumtotaldevelopment.net/Services/api/RecruitingInterview/SaveInterviewSchedule',
          getAssessmentsForInterviewerUrl: 'https://cl08sales.sumtotaldevelopment.net/Services/api/RecruitingInterview/GetAssessmentsForInterviewer',
          getRequisitionsUrl: 'https://cl08sales.sumtotaldevelopment.net/Services/api/CandidateManagement/GetRequistions',
          getUsersUrl : 'https://cl08sales.sumtotaldevelopment.net/Services/api/CandidateManagement/GetUsers',
          AddCandidatesToFolderUrl:'https://cl08sales.sumtotaldevelopment.net/Services/api/CandidateManagement/AddCandidateToFolder',
          getRequisitionApplicationUrl: 'https://cl08sales.sumtotaldevelopment.net/Services/api/CandidateManagement/GetRequisitionApplication',
          getRecruitingFolders:'https://cl08sales.sumtotaldevelopment.net/Services/api/CandidateManagement/GetRecruitingFolders',
          getInterviewsForCandidateUrl: 'https://cl08sales.sumtotaldevelopment.net/Services/api/CandidateManagement/GetInterviewsForCandidate',
          GetEmailLogForCandidateUrl: 'https://cl08sales.sumtotaldevelopment.net/Services/api/CandidateManagement/GetEmailLogForCandidate',
          getListOfFoldersUrl: 'https://cl08sales.sumtotaldevelopment.net/Services/api/CandidateManagement/GetListOfFolders',
          GetEmailLogForCandidateUrl: 'https://cl08sales.sumtotaldevelopment.net/Services/api/CandidateManagement/GetEmailLogForCandidate',
          saveRecruitingFolder: 'https://cl08sales.sumtotaldevelopment.net/Services/api/CandidateManagement/SaveRecruitingFolder',
          savecandidateSearch: 'https://cl08sales.sumtotaldevelopment.net/Services/api/CandidateManagement/SaveCandidateSearch',
          getSavedSearches: 'https://cl08sales.sumtotaldevelopment.net/Services/api/CandidateManagement/GetSavedSearches',
          getCandidateTransactionHistoryUrl:'https://cl08sales.sumtotaldevelopment.net/Services/api/CandidateManagement/GetCandidateTransactionHistory',
          getRequisitionApplicationForCandidateUrl: 'https://cl08sales.sumtotaldevelopment.net/Services/api/CandidateManagement/GetRequisitionApplicationForCandidate',
          applyToRequisitionUrl: 'https://cl08sales.sumtotaldevelopment.net/Services/api/CandidateManagement/ApplyToRequisition',
          getAssessmentsForApplicationUrl: 'https://cl08sales.sumtotaldevelopment.net/Services/api/CandidateManagement/GetAssessmentsForApplication',
          getRequisitionCandidateAssessmentUrl: 'https://cl08sales.sumtotaldevelopment.net/Services/api/CandidateManagement/GetRequisitionCandidateAssessment',
          getCandidateExplorerOptions:'https://cl08sales.sumtotaldevelopment.net/Services/api/CandidateManagement/GetCandidateExplorerOptions',
          getCandidateAssessments: 'https://cl08sales.sumtotaldevelopment.net/Services/api/CandidateManagement/GetCandidateAssessments',
          removeCandidateUrl:'https://cl08sales.sumtotaldevelopment.net/Services/api/CandidateManagement/RemoveCandidate',
          getCandidateChecksData:'https://cl08sales.sumtotaldevelopment.net/Services/api/CandidateManagement/GetCandidateChecksData',
          saveChecksData: 'https://cl08sales.sumtotaldevelopment.net/Services/api/CandidateManagement/saveCandidateChecksData',
          getRecommendedCandidateListUrl:'https://cl08sales.sumtotaldevelopment.net/Services/api/CandidateManagement/GetRecommendedCandidateList',
          recommendedCandidatesActionUrl:'https://cl08sales.sumtotaldevelopment.net/Services/api/CandidateManagement/RecommendedCandidatesAction',
		  deleteGDPRExternalCandidateData:'https://cl08sales.sumtotaldevelopment.net/Services/api/CandidateManagement/deleteGDPRExternalCandidates',
          saveRequisitionCandidateAssessment:'https://cl08sales.sumtotaldevelopment.net/Services/api/CandidateManagement/SaveCandidateAssesssment',
          sendCandidateCommunication: 'https://cl08sales.sumtotaldevelopment.net/Services/api/CandidateManagement/SendCandidateCommunication',
          getCandidateCommunication: 'https://cl08sales.sumtotaldevelopment.net/Services/api/CandidateManagement/GetCandidateCommunicationList',
          getCreateCandidateFormModelUrl: 'https://cl08sales.sumtotaldevelopment.net/Services/api/GlobalConfigurator/modelconfigurations',
          sendCandidateCommunication: 'https://cl08sales.sumtotaldevelopment.net/Services/api/CandidateManagement/SendCandidateCommunication',
          addUserManuallyUrl: 'https://cl08sales.sumtotaldevelopment.net/Services/api/CandidateManagement/AddCandidate',
          deleteCandidateFromRequisitionUrl: 'https://cl08sales.sumtotaldevelopment.net/Services/api/CandidateManagement/DeleteCandidatesFromRequisition',
          getCandidateCommunicationContent: 'https://cl08sales.sumtotaldevelopment.net/Services/api/CandidateManagement/GetCandidateCommunication',
            sendEmailNotificationToCandidateUrl: 'https://cl08sales.sumtotaldevelopment.net/Services/api/CandidateManagement/sendEmailNotificationToCandidate',
            restrictCandidateForReApplyUrl:'https://cl08sales.sumtotaldevelopment.net/Services/api/CandidateManagement/GetRestrictCandidateForReApply',
          sendBulkEmailsToCandidatesUrl: 'https://cl08sales.sumtotaldevelopment.net/Services/api/CandidateManagement/SendBulkEmailsToCandidates',
          getCandidateDetailsUrl: 'https://cl08sales.sumtotaldevelopment.net/Services/api/CandidateManagement/GetCandidateDetails'
        },
        onBoardingOfferManagement: {
          getRequisitionCompensationUrl: 'https://cl08sales.sumtotaldevelopment.net/Services/api/OfferManagement/GetRequisitionCompensationData',
          saveApplicationOfferUrl: 'https://cl08sales.sumtotaldevelopment.net/Services/api/OfferManagement/SaveApplicationOffer',
          getCurrencyCodesUrl: '/Core/Core/api/OnBoardingRequisitionApi/GetCurrencyCodes',
          getOfferDataUrl: 'https://cl08sales.sumtotaldevelopment.net/Services/api/OfferManagement/GetApplicationOfferData',
          deleteCompensationUrl: 'https://cl08sales.sumtotaldevelopment.net/Services/api/OfferManagement/DeleteCompensation',
          deleteAttachmentUrl: 'https://cl08sales.sumtotaldevelopment.net/Services/api/OfferManagement/DeleteAttachment',
          getPayTypeUrl: 'https://cl08sales.sumtotaldevelopment.net/Services/api/OfferManagement/GetPayType',
          getRequisitionOfferWorkflowKey: 'https://cl08sales.sumtotaldevelopment.net/Services/api/OfferManagement/GetRequisitionOfferWorkflowKey',
          sendSignatureRequest:'https://cl08sales.sumtotaldevelopment.net/Services/api/OfferManagement/SendSignatureRequest'
        },
        recruitingHire: {
          processHireUrl: 'https://cl08sales.sumtotaldevelopment.net/Services/api/RecruitingHire/ProcessHire',
          GetRecruitingHiresUrl: 'https://cl08sales.sumtotaldevelopment.net/Services/api/RecruitingHire/GetRecruitingHires',
          ExportCandidateDetailsUrl: '/Core/Core/api/profiledata/ExportCandidateDetails',
          CreateEmployeeRecordUrl : 'https://cl08sales.sumtotaldevelopment.net/Services/api/RecruitingHire/CreateEmployeeRecord',
          FinalizeNewHireUrl: 'https://cl08sales.sumtotaldevelopment.net/Services/api/RecruitingHire/FinalizeNewHire',
          canHireUrl : 'https://cl08sales.sumtotaldevelopment.net/Services/api/RecruitingHire/CanHire'
        },
        coaching:{
          getPermissionsUrl: 'https://cl08sales.sumtotaldevelopment.net/Services/api/coaching/GetPermissions',
          getIssuesForManagerUrl: 'https://cl08sales.sumtotaldevelopment.net/Services/api/Coaching/GetIssuesForManager',
          getEmployeeWithIssueForManagerUrl: 'https://cl08sales.sumtotaldevelopment.net/Services/api/Coaching/GetEmployeeWithIssueForManager'
        },
        continuousfeedback:{
          createOrEditFeedbackRequestUrl: 'https://cl08sales.sumtotaldevelopment.net/Services/api/continuousreview/CreateOrEditFeedbackRequest',
          createFeedbackRequestUrl: 'https://cl08sales.sumtotaldevelopment.net/Services/api/continuousreview/CreateFeedbackRequest',
          createOrEditFeedbackResponseUrl: 'https://cl08sales.sumtotaldevelopment.net/Services/api/continuousreview/CreateOrEditFeedbackResponse',
          getFeedbackRequestUrl: 'https://cl08sales.sumtotaldevelopment.net/Services/api/continuousreview/GetFeedbackRequest',
          getFeedbackResponseUrl: 'https://cl08sales.sumtotaldevelopment.net/Services/api/continuousreview/GetFeedbackResponse',
          getContinuousReviewItemsUrl: 'https://cl08sales.sumtotaldevelopment.net/Services/api/continuousreview/GetContinuousReviewItems',
          addRemoveCommentToFormUrl: 'https://cl08sales.sumtotaldevelopment.net/Services/api/continuousreview/AddRemoveCommentToForm',
          flagItemUrl: 'https://cl08sales.sumtotaldevelopment.net/Services/api/continuousreview/FlagItem',
          thankProviderUrl: 'https://cl08sales.sumtotaldevelopment.net/Services/api/continuousreview/ThankProvider',
          sendReminderUrl: 'https://cl08sales.sumtotaldevelopment.net/Services/api/continuousreview/SendReminder',
          getPermissionsUrl: 'https://cl08sales.sumtotaldevelopment.net/Services/api/continuousreview/GetPermissions',
          getFeedbackDatesDataUrl: 'https://cl08sales.sumtotaldevelopment.net/Services/api/continuousreview/GetFeedbackDatesData',
          createJournalUrl: 'https://cl08sales.sumtotaldevelopment.net/Services/api/continuousreview/CreateJournal',
          getJournalUrl: 'https://cl08sales.sumtotaldevelopment.net/Services/api/continuousreview/GetJournal',
          getCurrentManagerUrl: 'https://cl08sales.sumtotaldevelopment.net/Services/api/continuousreview/GetCurrentManager',
          replyJournalUrl: 'https://cl08sales.sumtotaldevelopment.net/Services/api/continuousreview/ReplyJournal',
          closeJournalUrl: 'https://cl08sales.sumtotaldevelopment.net/Services/api/continuousreview/CloseJournal',
          thankJournalUrl: 'https://cl08sales.sumtotaldevelopment.net/Services/api/continuousreview/ThankJournal',
          deleteJournalUrl: 'https://cl08sales.sumtotaldevelopment.net/Services/api/continuousreview/DeleteJournal',
          hardDeleteContinuousFeedbackUrl: 'https://cl08sales.sumtotaldevelopment.net/Services/api/continuousreview/HardDeleteContinuousFeedback',
          hardDeleteFeedbackJournalUrl: 'https://cl08sales.sumtotaldevelopment.net/Services/api/continuousreview/HardDeleteFeedbackJournal',

        },
        onboardingConfiguration:{
          getApprovalWorkflowsUrl: 'https://cl08sales.sumtotaldevelopment.net/Services/api/onboarding/configuration/getWorkflows',
          getApprovalWorkflowUrl: 'https://cl08sales.sumtotaldevelopment.net/Services/api/onboarding/configuration/getWorkflow',
          copyApprovalWorkflowsUrl: 'https://cl08sales.sumtotaldevelopment.net/Services/api/onboarding/configuration/copyWorkflows',
          saveApprovalWorkflowUrl: 'https://cl08sales.sumtotaldevelopment.net/Services/api/onboarding/configuration/saveWorkflow',
          deleteApprovalWorkflowUrl: 'https://cl08sales.sumtotaldevelopment.net/Services/api/onboarding/configuration/deleteWorkflow',
          activateApprovalWorkflowUrl: 'https://cl08sales.sumtotaldevelopment.net/Services/api/onboarding/configuration/activateWorkflow',
        },
        emailConfiguration: {
          saveEmailTemplateUrl: 'https://cl08sales.sumtotaldevelopment.net/Services/api/core/emailtemplates/saveEmailTemplate',
          getEmailTemplatesUrl: 'https://cl08sales.sumtotaldevelopment.net/Services/api/core/emailtemplates/getEmailTemplates',
          getEmailTemplateUrl: 'https://cl08sales.sumtotaldevelopment.net/Services/api/core/emailtemplates/getEmailTemplate',
          deleteEmailTemplateUrl: 'https://cl08sales.sumtotaldevelopment.net/Services/api/core/emailtemplates/deleteEmailTemplate',
          getEmailTemplateTypesUrl: 'https://cl08sales.sumtotaldevelopment.net/Services/api/core/emailtemplates/getEmailTemplateTypes/{category}'
        },
        journal:{
          addUpdateJournalUrl: '/Core/Core/api/journalapi/AddUpdateJournal',
          getJournalUrl: '/Core/Core/api/journalapi/GetJournal',
          getJournalsUrl: '/Core/Core/api/journalapi/GetJournals',
          getDirectReportsUrl: '/Core/Core/api/journalapi/GetDirectReports' ,
          getJournalAndFeedBackTimeline: '/Core/Core/api/journalapi/GetJournalAndFeedBackTimeLine',
        },
        feedbackTemplateConfiguraion: {
          getFeedbackTemplatesUrl: 'https://cl08sales.sumtotaldevelopment.net/Services/api/core/feedbacktemplates/getFeedbackTemplates',
          saveFeedbackTemplateUrl: 'https://cl08sales.sumtotaldevelopment.net/Services/api/core/feedbacktemplates/saveFeedbackTemplate',
          getFeedbackTemplateUrl: 'https://cl08sales.sumtotaldevelopment.net/Services/api/core/feedbacktemplates/getFeedbackTemplate',
          deleteFeedbackTemplatesUrl: 'https://cl08sales.sumtotaldevelopment.net/Services/api/core/feedbacktemplates/deleteFeedbackTemplates',
          getFeedbackTemplatesForSelectionUrl: 'https://cl08sales.sumtotaldevelopment.net/Services/api/core/feedbacktemplates/getFeedbackTemplatesForSelection'

        },
        feedbackQuestionConfiguraion: {
          getFeedbackQuestionUrl: 'https://cl08sales.sumtotaldevelopment.net/Services/api/core/feedbackquestions/getFeedbackQuestions',
          saveFeedbackQuestionUrl: 'https://cl08sales.sumtotaldevelopment.net/Services/api/core/feedbackquestions/saveFeedbackQuestion',
          deleteFeedbackQuestionsUrl: 'https://cl08sales.sumtotaldevelopment.net/Services/api/core/feedbackquestions/deleteFeedbackQuestions'
        },
        careerplan:{
          getSectionMatchesForJob: '/Core/Core/api/careerplanapi/GetSectionMatchesForJob',
          getCareerPlan:  '/Core/Core/api/careerplanapi/GetCareerPlan',
          getCareerPlanShares: '/Core/Core/api/careerplanapi/GetCareerPlanShares',
          deleteCareerPlanShare: '/Core/Core/api/careerplanapi/DeleteCareerPlanShare',
          addCareerPlanShare: '/Core/Core/api/careerplanapi/AddCareerPlanShare',
          getCareerPlanRecommendedJobs:  '/Core/Core/api/careerplanapi/GetCareerPlanRecommendedJobs',
          getLMskillsFromJob: '/Core/Core/api/careerplanapi/GetLMskillsFromJob',
          deleteCareerPlanJob: '/Core/Core/api/careerplanapi/DeleteCareerPlanJob',
          addCareerPlanJob: '/Core/Core/api/careerplanapi/AddCareerPlanJob',
          canViewCareerPlan: '/Core/Core/api/careerplanapi/CanViewCareerPlan',
          getCareerPlanActions:  '/Core/Core/api/careerplanapi/GetCareerPlanActions',
          addCareerPlanAction: '/Core/Core/api/careerplanapi/AddCareerPlanAction',
          deleteCareerPlanAction: '/Core/Core/api/careerplanapi/DeleteCareerPlanAction',
          skillmanagerrating: 'https://cl08sales.sumtotaldevelopment.net/Services/api/core/careerplan/skillmanagerrating',
          skillselfrating: 'https://cl08sales.sumtotaldevelopment.net/Services/api/core/careerplan/skillselfrating',
          learning: 'https://cl08sales.sumtotaldevelopment.net/Services/api/core/careerplan/learning'
        },
        notificationtemplates:
        {
          getNotificationTemplates: '/Core/Core/api/notificationtemplatesapi/getNotificationTemplates',
          getNotificationTemplate: '/Core/Core/api/notificationtemplatesapi/getNotificationTemplate'+ '?notificationID=',
          saveNotificationTemplateURL: '/Core/Core/api/notificationtemplatesapi/SaveNotificationTemplate',
        },
        competencyprofile:{
          getCompetencyProfile: '/Core/Core/api/competencyprofileapi/GetCompetencyProfile',
          getFeedbackForCompetency: '/Core/Core/api/competencyprofileapi/GetFeedbackForCompetency',
          getLMskillsFromCompetency: '/Core/Core/api/competencyprofileapi/GetLMskillsFromCompetency',
          getSuccessorPositionsForUser: '/Core/Core/api/competencyprofileapi/GetSuccessorPositionsForUser',
          getPrimaryJob: '/Core/Core/api/competencyprofileapi/GetPrimaryJob',
          getBehaviorsForCompetency: '/Core/Core/api/competencyprofileapi/GetBehaviorsForCompetency',
          updateCompetencySelfRatings: '/Core/Core/api/competencyprofileapi/UpdateCompetencySelfRatings',
          updateCompetencyManagerRatings: 'https://cl08sales.sumtotaldevelopment.net/Services/api/core/competencyprofile/competencymanagerratings',
          canViewSuccessionPlan: '/Core/Core/api/competencyprofileapi/CanViewSuccessionPlan',
          canViewCompetencyProfile: '/Core/Core/api/competencyprofileapi/CanViewCompetencyProfile'
        },
        surveybuilder:{
          getSurveyConfigDataUrl: 'https://cl08sales.sumtotaldevelopment.net/Services/api/SurveyBuilder/GetSurveyConfiguration',
          saveSurveyConfigDataUrl:'https://cl08sales.sumtotaldevelopment.net/Services/api/SurveyBuilder/SaveSurveyConfiguration',
          getSurveyList : 'https://cl08sales.sumtotaldevelopment.net/Services/api/SurveyBuilder/GetSurveyList',
          pushToAssessmentJobConfigDataUrl : 'https://cl08sales.sumtotaldevelopment.net/Services/api/SurveyBuilder/PushToAssessmentJob',
          copySurveyConfigDataUrl : 'https://cl08sales.sumtotaldevelopment.net/Services/api/SurveyBuilder/CopySurveyConfiguration',
          updateSurveyStatusUrl : 'https://cl08sales.sumtotaldevelopment.net/Services/api/SurveyBuilder/UpdateSurveyStatus',
          getCodeByCatcdUrl: '/Core/Core/api/lookupsapi/codecats',
        },
        assessment:{
          getAssessmentListUrl: 'https://cl08sales.sumtotaldevelopment.net/Services/api/HourlyAssessmentApi/GetHourlyAssessmentList',
          getFilterStatusTypesUrl: 'https://cl08sales.sumtotaldevelopment.net/Services/api/HourlyAssessmentApi/GetFilterStatusTypes',
          getActivityDetailsUrl: 'https://cl08sales.sumtotaldevelopment.net/Services/api/HourlyAssessmentApi/GetActivityDetails',
          deleteCancelAssessmentUrl: 'https://cl08sales.sumtotaldevelopment.net/Services/api/HourlyAssessmentApi/DeleteCancelAssessment',
          getSurveyListUrl:'https://cl08sales.sumtotaldevelopment.net/Services/api/HourlyAssessmentApi/GetSurveyList',
          getJobListUrl: 'https://cl08sales.sumtotaldevelopment.net/Services/api/HourlyAssessmentApi/GetJobList',
          createAssessmentUrl:'https://cl08sales.sumtotaldevelopment.net/Services/api/HourlyAssessmentApi/CreateAssessment',
          transferTaskAssessmentUrl:'https://cl08sales.sumtotaldevelopment.net/Services/api/HourlyAssessmentApi/TransferTaskAssessment',
          CreateAssessmentFromReportWidgetUrl:'https://cl08sales.sumtotaldevelopment.net/Services/api/HourlyAssessmentApi/CreateAssessmentFromReportWidget',
          getUserInfoUrl:'https://cl08sales.sumtotaldevelopment.net/Services/api/HourlyAssessmentApi/GetUserInfo',
          getHourlyAssessmentManagerUrl:'https://cl08sales.sumtotaldevelopment.net/Services/api/HourlyAssessmentApi/GetHourlyAssessmentManager',
          getHourlyAssessmentAccessRightsUrl:'https://cl08sales.sumtotaldevelopment.net/Services/api/HourlyAssessmentApi/GetAccessRightsForHourlyAssessmentSurvey',
          getHourlyAssessmentWidgetData:'https://cl08sales.sumtotaldevelopment.net/Services/api/HourlyAssessmentApi/GetHourlyAssessmentsWidget',
        },
        evaluation:{
          getEvaluationformDataUrl:'https://cl08sales.sumtotaldevelopment.net/Services/api/HourlyAssessmentApi/GetHourlyEvaluationFormData',
          saveEvaluationformDataUrl:'https://cl08sales.sumtotaldevelopment.net/Services/api/HourlyAssessmentApi/SaveHourlyEvaluationFormData',
          getbehaviorsforcompetency:'https://cl08sales.sumtotaldevelopment.net/Services/api/HourlyAssessmentApi/GetBehaviorsforCompetency',
          getCompetenciesUrl : 'https://cl08sales.sumtotaldevelopment.net/Services/api/HourlyAssessmentApi/GetCompetencies'
        },
        interview:{
          getInterviewsForRequisitionUrl: 'https://cl08sales.sumtotaldevelopment.net/Services/api/RecruitingInterview/GetInterviewsForRequisition',
          getTrackingDetailsByRequisitionUrl: 'https://cl08sales.sumtotaldevelopment.net/Services/api/RecruitingInterview/GetTrackingDetailsByRequisition',
          getTrackingDetailsByIdUrl: 'https://cl08sales.sumtotaldevelopment.net/Services/api/RecruitingInterview/GetTrackingDetailsById',
          getRecruitingLocationsUrl: 'https://cl08sales.sumtotaldevelopment.net/Services/api/RecruitingInterview/GetRecruitingLocations',
          saveInterviewUrl: 'https://cl08sales.sumtotaldevelopment.net/Services/api/RecruitingInterview/SaveInterviewDetails',
          getInterviewerInterviewTopicRelationUrl: 'https://cl08sales.sumtotaldevelopment.net/Services/api/RecruitingInterview/GetIntervFiewerInterviewTopicRelation',
          deleteAttachmentUrl: 'https://cl08sales.sumtotaldevelopment.net/Services/api/RecruitingInterview/DeleteAttachment',
          getInterviewDataById: 'https://cl08sales.sumtotaldevelopment.net/Services/api/RecruitingInterview/GetInterviewDetails',
          saveInterviewFeedbackUrl: 'https://cl08sales.sumtotaldevelopment.net/Services/api/RecruitingInterview/SaveInterviewFeedback',
          commitInterviewFeedbackUrl: 'https://cl08sales.sumtotaldevelopment.net/Services/api/RecruitingInterview/CommitInterviewFeedback',
          saveInterviewDiscussionUrl: 'https://cl08sales.sumtotaldevelopment.net/Services/api/RecruitingInterview/SaveInterviewDiscussion',
          getInterviewFeedbacksUrl: 'https://cl08sales.sumtotaldevelopment.net/Services/api/RecruitingInterview/GetInterviewFeedbacks',
          getInterviewDiscussionsUrl: 'https://cl08sales.sumtotaldevelopment.net/Services/api/RecruitingInterview/GetInterviewDiscussions',
          getInterviewFeedbackUrl: 'https://cl08sales.sumtotaldevelopment.net/Services/api/RecruitingInterview/GetInterviewFeedback',
          getRequisitionCandidateAttachementsUrl: 'https://cl08sales.sumtotaldevelopment.net/Services/api/RecruitingInterview/GetRequisitionCandidateAttachements',
          saveRequisitionCandidateAttachmentUrl: 'https://cl08sales.sumtotaldevelopment.net/Services/api/RecruitingInterview/SaveRequisitionCandidateAttachment',
          deleteRequisitionCandidateAttachmentUrl: 'https://cl08sales.sumtotaldevelopment.net/Services/api/RecruitingInterview/DeleteRequisitionCandidateAttachment',
          getInterviewTopicCategoriesUrl: 'https://cl08sales.sumtotaldevelopment.net/Services/api/RecruitingInterview/GetInterviewTopicCategories',
          isInterviewInUseUrl: 'https://cl08sales.sumtotaldevelopment.net/Services/api/RecruitingInterview/IsInterviewInUse',
          getCurrentPersonIdUrl: 'https://cl08sales.sumtotaldevelopment.net/Services/api/RecruitingInterview/GetCurrentPersonId',
          getInterviewStatusUrl: 'https://cl08sales.sumtotaldevelopment.net/Services/api/RecruitingInterview/GetInterviewStatus',
          cancelInterviewUrl: 'https://cl08sales.sumtotaldevelopment.net/Services/api/RecruitingInterview/CancelInterview'
        },
        recruitingassessment:{
          saveAssessment: '/Core/Core/api/recruitingassessmentapi/SaveAssessment',
          getRecruitingAssessmentsUrl: '/Core/Core/api/recruitingassessmentapi/GetRecruitingAssessments',
          getRecruitingAssessmentUrl: '/Core/Core/api/recruitingassessmentapi/GetRecruitingAssessment',
          deleteRecruitingAssessmentsUrl: '/Core/Core/api/recruitingassessmentapi/DeleteRecruitingAssessments',
          copyRecruitingAssessmentUrl: '/Core/Core/api/recruitingassessmentapi/CopyRecruitingAssessment',
          getAllRecruitingTagsUrl: '/Core/Core/api/recruitingassessmentapi/GetAllRecruitingTags',
          searchAssessmentTagsURL: '/Core/Core/api/recruitingassessmentapi/SearchAssessmentTags',
          getRecruitingAssessmentPermissionsUrl: '/Core/Core/api/recruitingassessmentapi/GetRecruitingAssessmentPermissions'
        },
        eventdefinition:{
          getProcess: 'https://cl08sales.sumtotaldevelopment.net/Services/api/EventDefinition/GetProcess',
          getAllProcesses: 'https://cl08sales.sumtotaldevelopment.net/Services/api/EventDefinition/GetAllProcesses'
        },
        gamificationAdmin:{
          badges: 'https://cl08sales.sumtotaldevelopment.net/Services/api/gamification/admin/badges',
          badgesDelete: 'https://cl08sales.sumtotaldevelopment.net/Services/api/gamification/admin/badges/delete',
          levels: 'https://cl08sales.sumtotaldevelopment.net/Services/api/gamification/admin/levels',
          pointcriterions: 'https://cl08sales.sumtotaldevelopment.net/Services/api/gamification/admin/pointcriterions',
          categoryFields: 'https://cl08sales.sumtotaldevelopment.net/Services/api/gamification/admin/categoryFields',
          rulesets:'https://cl08sales.sumtotaldevelopment.net/Services/api/gamification/admin/rulesets',
          rulesetsDelete:'https://cl08sales.sumtotaldevelopment.net/Services/api/gamification/admin/rulesets/delete'
        },
        gamification:{
          leaderboards: 'https://cl08sales.sumtotaldevelopment.net/Services/api/gamification/leaderboards',
          logs: 'https://cl08sales.sumtotaldevelopment.net/Services/api/gamification/logs',
          badges: 'https://cl08sales.sumtotaldevelopment.net/Services/api/gamification/badges',
          leaderboards: 'https://cl08sales.sumtotaldevelopment.net/Services/api/gamification/leaderboards',
          favorites: 'https://cl08sales.sumtotaldevelopment.net/Services/api/gamification/favorites/{targetUserId}',
          summaries: 'https://cl08sales.sumtotaldevelopment.net/Services/api/gamification/summaries/{targetUserId}'
        },
        recruitingConfig:{
          getActions: 'https://cl08sales.sumtotaldevelopment.net/Services/api/recruitingconfiguration/actions',
          getProcessList: 'https://cl08sales.sumtotaldevelopment.net/Services/api/recruitingconfiguration/processes',
          getProcessDetails: 'https://cl08sales.sumtotaldevelopment.net/Services/api/recruitingconfiguration/processes/{id}',
          getAddProcessDetails: 'https://cl08sales.sumtotaldevelopment.net/Services/api/recruitingconfiguration/processes/-1',
          saveProcessDetails: 'https://cl08sales.sumtotaldevelopment.net/Services/api/recruitingconfiguration/saveprocess',
          deleteProcess: 'https://cl08sales.sumtotaldevelopment.net/Services/api/recruitingconfiguration/deleteprocess'
        },
        meeting:{
          getMeetingTimeSlotsUrl: 'https://cl08sales.sumtotaldevelopment.net/Services/api/MeetingScheduler/GetMeetingTimeSlots',
          createMeetingUrl: 'https://cl08sales.sumtotaldevelopment.net/Services/api/MeetingScheduler/CreateMeeting'
        },
        offerTemplate:{
          getOfferTemplate: 'https://cl08sales.sumtotaldevelopment.net/Services/api/OfferManagement/GetOfferTemplate',
          getOfferTemplates: 'https://cl08sales.sumtotaldevelopment.net/Services/api/OfferManagement/GetOfferTemplates',
          saveOfferTemplate: 'https://cl08sales.sumtotaldevelopment.net/Services/api/OfferManagement/SaveOfferTemplate',
          deleteOfferTemplate: 'https://cl08sales.sumtotaldevelopment.net/Services/api/OfferManagement/DeleteOfferTemplate',
          getOfferPreview: '/Core/Core/api/OnBoardingRequisitionApi/GetOfferPreview',
          getTemplatePlaceholderCodes : 'https://cl08sales.sumtotaldevelopment.net/Services/api/OfferManagement/GetTemplatePlaceholderCode',
          getParsedOfferTemplate : 'https://cl08sales.sumtotaldevelopment.net/Services/api/OfferManagement/GetParsedOfferTemplate',
          saveOfferPreview: '/Core/Core/api/OnBoardingRequisitionApi/SaveOfferPreview',
        },
        nBox: {
          getNBoxConfigurationsUrl: 'https://cl08sales.sumtotaldevelopment.net/Services/api/nbox/configuration/nboxconfigurations',
          getNBoxConfigurationUrl: 'https://cl08sales.sumtotaldevelopment.net/Services/api/nbox/configuration/nboxconfigurations/{id}',
          deleteNBoxConfigurationsUrl: 'https://cl08sales.sumtotaldevelopment.net/Services/api/nbox/configuration/deletenboxconfigurations',
          getNBoxConfigurationPermissionsUrl: 'https://cl08sales.sumtotaldevelopment.net/Services/api/nbox/configuration/nboxconfigurationpermissions',
          saveNBoxConfigurationUrl: 'https://cl08sales.sumtotaldevelopment.net/Services/api/nbox/configuration/saveconfiguration',
          filter: 'https://cl08sales.sumtotaldevelopment.net/Services/api/nbox/filter/',
          getNBoxRatingFieldsUrl: 'https://cl08sales.sumtotaldevelopment.net/Services/api/nbox/configuration/ratingfields',
          getNBoxCalibrationsURL: 'https://cl08sales.sumtotaldevelopment.net/Services/api/nboxcalibrationapi/GetNBoxCalibrations',
          getNBoxCalibrationsFromSPTalentPoolURL: 'https://cl08sales.sumtotaldevelopment.net/Services/api/nboxcalibrationapi/GetNBoxCalibrationsFromSPTalentPool',
          getNBoxConfigurationsForUserURL: 'https://cl08sales.sumtotaldevelopment.net/Services/api/nboxcalibrationapi/GetNBoxConfigurationsForUser',
          saveNBoxCalibrationsURL: 'https://cl08sales.sumtotaldevelopment.net/Services/api/nboxcalibrationapi/SaveNBoxCalibrations',
          getDemoGraphicForPersonsURL: 'https://cl08sales.sumtotaldevelopment.net/Services/api/nboxcalibrationapi/GetDemographicForPersons',
          exportNBoxMatrixDetailsURL: 'https://cl08sales.sumtotaldevelopment.net/Services/api/nboxcalibrationapi/ExportNBoxMatrixDetails'
        },
        sumtSocial:{
          communities:'https://cl08sales.sumtotaldevelopment.net/Services/api/sumtSocial/communities',
          adminCommunities:'https://cl08sales.sumtotaldevelopment.net/Services/api/sumtSocial/admin/communities',
          addUpdateUserCommuntiyRating:'https://cl08sales.sumtotaldevelopment.net/Services/api/sumtSocial/user/{communityId}/addUpdateRating',
          getUserCommunityRating:'https://cl08sales.sumtotaldevelopment.net/Services/api/sumtSocial/user/{communityId}/rating',
          favorites:'https://cl08sales.sumtotaldevelopment.net/Services/api/sumtSocial/communities/{communityId}/favorite',
          updateCommunity:'https://cl08sales.sumtotaldevelopment.net/Services/api/sumtSocial/communities/{communityId}/update',
          removeCommunity:'https://cl08sales.sumtotaldevelopment.net/Services/api/sumtSocial/communities/{communityId}/remove',
          removeActivityCommunity:'https://cl08sales.sumtotaldevelopment.net/Services/api/sumtSocial/activities/{activityId}/removeCommunity',
          communityMembers:'https://cl08sales.sumtotaldevelopment.net/Services/api/sumtSocial/communities/{communityId}/members',
          updateCommunityMembership:'https://cl08sales.sumtotaldevelopment.net/Services/api/sumtSocial/users/{targetUserId}/communityMembership',
          updateCommunityMembership:'https://cl08sales.sumtotaldevelopment.net/Services/api/sumtSocial/users/{targetUserId}/communityMembership',
          getCommunity:'https://cl08sales.sumtotaldevelopment.net/Services/api/sumtSocial/communities/{communityId}',
          likeSocialObjectUrl: 'https://cl08sales.sumtotaldevelopment.net/Services/api/social/{objectId}/like',
          likeCommentUrl: 'https://cl08sales.sumtotaldevelopment.net/Services/api/social/comment/{commentId}/like',
          getSocialObjectlikedUsersUrl: 'https://cl08sales.sumtotaldevelopment.net/Services/api/social/{objectId}/likes',
          getPostlikedUsersUrl: 'https://cl08sales.sumtotaldevelopment.net/Services/api/social/comment/{commentId}/likes',
          files:'https://cl08sales.sumtotaldevelopment.net/Services/api/sumtSocial/communities/{communityId}/files',
          removeCommunityMembers: 'https://cl08sales.sumtotaldevelopment.net/Services/api/sumtSocial/communities/{communityId}/removeMembers',
          addUpdateMembers: 'https://cl08sales.sumtotaldevelopment.net/Services/api/sumtSocial/communities/{communityId}/addUpdateMembers',
          removeFile: 'https://cl08sales.sumtotaldevelopment.net/Services/api/sumtSocial/communities/{communityId}/files/{fileId}/remove',
          ownerCount: 'https://cl08sales.sumtotaldevelopment.net/Services/api/sumtSocial/communities/{communityId}/ownerCount',
          fileReferenceCount: 'https://cl08sales.sumtotaldevelopment.net/Services/api/sumtSocial/communities/files/{fileIdentifier}/reference',
          searchEmployees: 'https://cl08sales.sumtotaldevelopment.net/Services/api/sumtSocial/communities/searchEmployees',
          communityFeed:'https://cl08sales.sumtotaldevelopment.net/Services/api/sumtSocial/communities/CommunityFeed',
          flag: {
            getFlaggedObjects: 'https://cl08sales.sumtotaldevelopment.net/Services/api/sumtSocial/flag/{communityId}',
            saveFlagDetails: 'https://cl08sales.sumtotaldevelopment.net/Services/api/sumtSocial/flag/saveflag',
			getFlagDetails: 'https://cl08sales.sumtotaldevelopment.net/Services/api/sumtSocial/communities/{communityId}/flagDetails/{flaggedObjectId}',
            removeFlags: 'https://cl08sales.sumtotaldevelopment.net/Services/api/sumtSocial/communities/{communityId}/{flaggedObjectId}/removeFlags',
            unFlagObject: 'https://cl08sales.sumtotaldevelopment.net/Services/api/sumtSocial/communities/{communityId}/flag/{objectId}/unflag'
          },
          discussion : {
            getDiscussionReplies: 'https://cl08sales.sumtotaldevelopment.net/Services/api/social/discuss/{discussionId}/replies',
            deleteDiscussionReply: 'https://cl08sales.sumtotaldevelopment.net/Services/api/social/discuss/reply/{replyId}',
            getDiscussionDetails: 'https://cl08sales.sumtotaldevelopment.net/Services/api/social/discuss/{discussionId}',
            createDiscussionReply: 'https://cl08sales.sumtotaldevelopment.net/Services/api/social/discuss/reply',
            createAndModifyDiscussion: 'https://cl08sales.sumtotaldevelopment.net/Services/api/social/discuss',
            getCommunityDiscussions: 'https://cl08sales.sumtotaldevelopment.net/Services/api/social/discussions',
            deleteDiscussion: 'https://cl08sales.sumtotaldevelopment.net/Services/api/social/discuss/delete/{id}'
          },
          blog: {
            getBlogsList: 'https://cl08sales.sumtotaldevelopment.net/Services/api/social/communities/{communityId}/blogs',
            getBlogById: 'https://cl08sales.sumtotaldevelopment.net/Services/api/social/communities/blogs/{blogId}',
            createBlog: 'https://cl08sales.sumtotaldevelopment.net/Services/api/social/communities/{communityId}/blogs',
            modifyBlog: 'https://cl08sales.sumtotaldevelopment.net/Services/api/social/blogs',
            deleteBlog: 'https://cl08sales.sumtotaldevelopment.net/Services/api/social/communities/{communityId}/blogs/{blogId}/remove',
            getBlogPosts:'https://cl08sales.sumtotaldevelopment.net/Services/api/social/communities/blogs/{blogId}/blogposts',
            getBlogPostById:'https://cl08sales.sumtotaldevelopment.net/Services/api/social/communities/blogposts/{blogPostId}',
            editBlogPost: 'https://cl08sales.sumtotaldevelopment.net/Services/api/social/communities/blogposts',
            addCommentUrl:'https://cl08sales.sumtotaldevelopment.net/Services/api/social/blogPost/AddComment',
            getCommentUrl: 'https://cl08sales.sumtotaldevelopment.net/Services/api/social/blogPost/GetComments',
            getCommentRepliesUrl: 'https://cl08sales.sumtotaldevelopment.net/Services/api/social/blogPost/GetReplies',
            getCommentDeepLinkResponseUrl:'https://cl08sales.sumtotaldevelopment.net/Services/api/social/blogPost/GetBlogPostRepliesDeepLinkResponse',
            editCommentUrl: 'https://cl08sales.sumtotaldevelopment.net/Services/api/social/blogPost/EditComment',
            deleteCommentUrl: 'https://cl08sales.sumtotaldevelopment.net/Services/api/social/blogPost/DeleteComment',
            approveBlogPost: 'https://cl08sales.sumtotaldevelopment.net/Services/api/social/communities/blogposts/approve'
          }
        }
      };
    }

    // This is the factory function for static data.
    return function(_, URI) {

      var apiPaths = createAPIPaths(),
        staticData = null;

      apiPaths = _.merge(apiPaths, {"attestation":{"attestationApi":{"baseUrl":"/Core/Core/api/AttestationApi/","addAttestationAuditRecord":"/Core/Core/api/AttestationApi/AddAttestationAuditRecord","checkAttestationStatus":"/Core/Core/api/AttestationApi/CheckAttestationStatus","getAllAttestationDefinitions":"/Core/Core/api/AttestationApi/GetAllAttestationDefinitions","getAttestationDefinitionById":"/Core/Core/api/AttestationApi/GetAttestationDefinitionById","getAttestationDefinition":"/Core/Core/api/AttestationApi/GetAttestationDefinition","getAttestationDefinitions":"/Core/Core/api/AttestationApi/GetAttestationDefinitions","saveAttestationDefinition":"/Core/Core/api/AttestationApi/SaveAttestationDefinition"}},"esignatureApi":{"eSignatureApi":{"baseUrl":"/Core/Core/api/ESignatureApi/"}},"timeline":{"timelineApi":{"baseUrl":"/Core/Core/api/TimelineApi/","loadTimelineViewData":"/Core/Core/api/TimelineApi/LoadTimelineViewData","loadNotificationCount":"/Core/Core/api/TimelineApi/LoadNotificationCount","getTimelineTaskCount":"/Core/Core/api/TimelineApi/getTimelineTaskCount"}},"upload":{"uploadApi":{"baseUrl":"/Core/Core/api/UploadApi/","retrieveFiles":"/Core/Core/api/UploadApi/RetrieveFiles","getFileBytes":"/Core/Core/api/UploadApi/GetFileBytes","removeFiles":"/Core/Core/api/UploadApi/RemoveFiles","downloadFile":"/Core/Core/api/UploadApi/DownloadFile","getPermissions":"/Core/Core/api/UploadApi/GetPermissions","uploadFile":"/Core/Core/api/UploadApi/UploadFile","updateFileInfo":"/Core/Core/api/UploadApi/UpdateFileInfo","uploadPersonImage":"/Core/Core/api/UploadApi/UploadPersonImage"}},"calendarApi":{"calendarApi":{"baseUrl":"/Core/Learning/api/CalendarApi/"}},"myprofile":{"profileData":{"baseUrl":"/Core/Core/api/ProfileData/","removePersonImage":"/Core/Core/api/ProfileData/RemovePersonImage","getInstalledPillars":"/Core/Core/api/ProfileData/GetInstalledPillars","actOnPendingApproval":"/Core/Core/api/ProfileData/ActOnPendingApproval","pendingApprovalSecurityCheck":"/Core/Core/api/ProfileData/PendingApprovalSecurityCheck","isGuestUser":"/Core/Core/api/ProfileData/IsGuestUser"}}});

      var modulesPath = '/Core/dist/app/modules';
      staticData = _.merge(root.tempStaticData, {
        versionNumber:  'ElixHR_18.3.0.0_2018.9.10.1',
        majorVersionNumber: '18.3',
        identity: _.cloneDeep(root.tempStaticData.Identity),
        culture: _.cloneDeep(root.tempStaticData.Culture),
        learningCatalog: _.cloneDeep(root.tempStaticData.LearningCatalog),
        userID: '9AD36C46327219F4BE439AA4E0CB8371',
        guestAccount: '0',
        userTimezone: 'America/Regina',
        debugEnabled: root.tempStaticData.debugEnabled,
        scriptPath: scriptPath,
        currentTheme: null,
        photoUrl: scriptPath + photoPath,
        fileUrl: scriptPath + filePath,
        communityFileUrl: scriptPath + socialFilesPath,
        customHelpFileUrl: scriptPath + customHelpFilesPath,
        isAuditEnabled: isAuditEnabled,
        framesPath: {
          themePreview: '/Core/PublicAccess/ThemePreview',
          componentsPreview: '/Core/PublicAccess/ComponentsPreview'
        },
        appPath: '/Core/app',
        rootPathFolder: htmlRootPath,
        tenantKey: tenantKey,
        apiPaths: apiPaths,
        dashboardPerms: {"CanPersonalizeDashboards":true,"CanEditDashboards":false,"CanAddDashboards":false,"CanDeleteDashboards":false,"CanAccessThemeEditor":false},
        safeOrigin: /(sumtotalsystems\.com|cl08sales\.sumtotaldevelopment\.net|supp-bi-master\.sumtotaldemo\.net|cl-ugm08a)$/i,
        webPartDefinitionCategories: {"Hash":"2043601370","Categories":[{"Category":{"Id":5,"Name":"Common","CategoryKey":"WebPartDefinition_Common","Description":"Common","ParentId":1,"OrdinalPosition":null},"Definitions":[{"WebPartDefinitionKey":"Common_SumtIFrameWebPart","Title":"iFrame","Description":"Enables users to configure a URL to display within the widget.","SubTitle":"IFrame Widget","WebPartIconName":null,"WidgetNotificationMode":0,"WidgetDeeplinkUrlText":null,"CategoryName":"Common","IsWebPartEnabled":true,"TypeName":"SumTotal.SPPortal.WebParts.Core.Common.SumtIFrameWebPart.SumtIFrameWebPart, SumTotal.SPPortal.WebParts, Version=1.0.0.0, Culture=neutral, PublicKeyToken=6b7f90fbd13cce01","WebPartServiceAgentInterfaceTypeName":null,"WebPartDefinitionXml":null,"HideWebPartHeader":false,"HideWebPartFooter":true,"IsFreeFlowing":false,"PillarKey":null,"ChromeStyle":7,"ParameterJSON":"{\"HeaderLinkIcon\":\"\",\"IsCustomEditor\":false,\"PreviewType\":\"iframe\",\"iFrameUrl\":\"http://www.google.com\"}","TemplatePath":"app/modules/dashboard/views/webparts/widgetIFrame.html","IsSystemLocked":false,"Category":{"Id":5,"Name":"Common","CategoryKey":"WebPartDefinition_Common","Description":"Common","ParentId":1,"OrdinalPosition":null},"Id":3},{"WebPartDefinitionKey":"About_Me","Title":"About Me","Description":"Displays key profile information about the employee.","SubTitle":"Photo, email and employment information","WebPartIconName":null,"WidgetNotificationMode":0,"WidgetDeeplinkUrlText":"View my profile","CategoryName":"Common","IsWebPartEnabled":true,"TypeName":"SumTotal.SPPortal.WebParts.Core.MySelf.AboutMe.AboutMe, SumTotal.SPPortal.WebParts, Version=1.0.0.0, Culture=neutral, PublicKeyToken=6b7f90fbd13cce01","WebPartServiceAgentInterfaceTypeName":null,"WebPartDefinitionXml":null,"HideWebPartHeader":true,"HideWebPartFooter":true,"IsFreeFlowing":false,"PillarKey":null,"ChromeStyle":7,"ParameterJSON":"{\"HeaderLinkIcon\":\"\",\"IsCustomEditor\":false,\"PreviewType\":\"aboutme\"}","TemplatePath":"app/modules/dashboard/views/webparts/widgetAboutMe.html","IsSystemLocked":false,"Category":{"Id":5,"Name":"Common","CategoryKey":"WebPartDefinition_Common","Description":"Common","ParentId":1,"OrdinalPosition":null},"Id":43},{"WebPartDefinitionKey":"Common_ContentEditor","Title":"Content Editor","Description":"Enables users to add custom HTML to a dashboard.","SubTitle":"Content Editor Widget","WebPartIconName":null,"WidgetNotificationMode":0,"WidgetDeeplinkUrlText":null,"CategoryName":"Common","IsWebPartEnabled":true,"TypeName":null,"WebPartServiceAgentInterfaceTypeName":null,"WebPartDefinitionXml":null,"HideWebPartHeader":false,"HideWebPartFooter":true,"IsFreeFlowing":false,"PillarKey":null,"ChromeStyle":7,"ParameterJSON":"{\"HeaderLinkIcon\":\"\",\"IsCustomEditor\":true,\"PreviewType\":\"iframe\"}","TemplatePath":"app/modules/dashboard/views/webparts/widgetContentEditor.html","IsSystemLocked":false,"Category":{"Id":5,"Name":"Common","CategoryKey":"WebPartDefinition_Common","Description":"Common","ParentId":1,"OrdinalPosition":null},"Id":60},{"WebPartDefinitionKey":"Timeline","Title":"Timeline","Description":"Displays tasks, approvals, and other updates in a timeline view.","SubTitle":"Activity timeline","WebPartIconName":null,"WidgetNotificationMode":0,"WidgetDeeplinkUrlText":null,"CategoryName":"Common","IsWebPartEnabled":true,"TypeName":null,"WebPartServiceAgentInterfaceTypeName":null,"WebPartDefinitionXml":null,"HideWebPartHeader":false,"HideWebPartFooter":false,"IsFreeFlowing":false,"PillarKey":null,"ChromeStyle":7,"ParameterJSON":"{\"HeaderLinkIcon\":\"\",\"IsCustomEditor\":false,\"PreviewType\":\"timeline\"}","TemplatePath":"app/modules/dashboard/views/webparts/widgetTimeline.html","IsSystemLocked":false,"Category":{"Id":5,"Name":"Common","CategoryKey":"WebPartDefinition_Common","Description":"Common","ParentId":1,"OrdinalPosition":null},"Id":61},{"WebPartDefinitionKey":"Key_Measures","Title":"Key Measures","Description":"Displays key performance measures for a user.","SubTitle":"Key Measures","WebPartIconName":null,"WidgetNotificationMode":0,"WidgetDeeplinkUrlText":null,"CategoryName":"Common","IsWebPartEnabled":true,"TypeName":null,"WebPartServiceAgentInterfaceTypeName":null,"WebPartDefinitionXml":null,"HideWebPartHeader":false,"HideWebPartFooter":true,"IsFreeFlowing":false,"PillarKey":null,"ChromeStyle":7,"ParameterJSON":"{\"HeaderLinkIcon\":\"\",\"IsCustomEditor\":false,\"PreviewType\":\"claw\"}","TemplatePath":"app/modules/dashboard/views/webparts/widgetKeyMeasures.html","IsSystemLocked":false,"Category":{"Id":5,"Name":"Common","CategoryKey":"WebPartDefinition_Common","Description":"Common","ParentId":1,"OrdinalPosition":null},"Id":62},{"WebPartDefinitionKey":"Direct_Reports","Title":"Direct Reports","Description":"Listing of your direct reports.","SubTitle":"Direct Reports","WebPartIconName":null,"WidgetNotificationMode":0,"WidgetDeeplinkUrlText":null,"CategoryName":"Common","IsWebPartEnabled":true,"TypeName":null,"WebPartServiceAgentInterfaceTypeName":null,"WebPartDefinitionXml":null,"HideWebPartHeader":false,"HideWebPartFooter":true,"IsFreeFlowing":false,"PillarKey":null,"ChromeStyle":7,"ParameterJSON":"{\"HeaderLinkIcon\":\"DirectReports\",\"IsCustomEditor\":false,\"PreviewType\":\"table\"}","TemplatePath":"app/modules/dashboard/views/webparts/widgetDirectReports.html","IsSystemLocked":false,"Category":{"Id":5,"Name":"Common","CategoryKey":"WebPartDefinition_Common","Description":"Common","ParentId":1,"OrdinalPosition":null},"Id":63},{"WebPartDefinitionKey":"My_Development_Plan","Title":"My Development Plan","Description":"Displays a user's Development Plan","SubTitle":"My Development Plan","WebPartIconName":null,"WidgetNotificationMode":0,"WidgetDeeplinkUrlText":null,"CategoryName":"Common","IsWebPartEnabled":true,"TypeName":null,"WebPartServiceAgentInterfaceTypeName":null,"WebPartDefinitionXml":null,"HideWebPartHeader":false,"HideWebPartFooter":true,"IsFreeFlowing":false,"PillarKey":null,"ChromeStyle":7,"ParameterJSON":"{\"HeaderLinkIcon\":\"\",\"IsCustomEditor\":false,\"PreviewType\":\"table\"}","TemplatePath":"app/modules/dashboard/views/webparts/widgetDevelopmentPlan.html","IsSystemLocked":false,"Category":{"Id":5,"Name":"Common","CategoryKey":"WebPartDefinition_Common","Description":"Common","ParentId":1,"OrdinalPosition":null},"Id":90},{"WebPartDefinitionKey":"LeaderBoardDisplay","Title":"Leaderboard Display","Description":"Displays users, ranked by their current Gamification score.","SubTitle":"LeaderBoard Display","WebPartIconName":null,"WidgetNotificationMode":0,"WidgetDeeplinkUrlText":null,"CategoryName":"Common","IsWebPartEnabled":true,"TypeName":null,"WebPartServiceAgentInterfaceTypeName":null,"WebPartDefinitionXml":null,"HideWebPartHeader":false,"HideWebPartFooter":false,"IsFreeFlowing":false,"PillarKey":null,"ChromeStyle":7,"ParameterJSON":"{\"HeaderLinkIcon\": \"\", \"IsCustomEditor\": false, \"PreviewType\" : \"leaderboard\"}","TemplatePath":"app/modules/core/views/gamification/leaderBoard.html","IsSystemLocked":false,"Category":{"Id":5,"Name":"Common","CategoryKey":"WebPartDefinition_Common","Description":"Common","ParentId":1,"OrdinalPosition":null},"Id":97}]},{"Category":{"Id":8,"Name":"Learning","CategoryKey":"WebPartDefinition_Learning","Description":"Learning","ParentId":1,"OrdinalPosition":null},"Definitions":[{"WebPartDefinitionKey":"LM_MyMessages","Title":"My Messages","Description":"Highlights the five most recent unread learning  notifications.","SubTitle":"Recent messages I have received","WebPartIconName":null,"WidgetNotificationMode":1,"WidgetDeeplinkUrlText":"View All Messages","CategoryName":"Learning","IsWebPartEnabled":true,"TypeName":"SumTotal.SPPortal.WebParts.Core.Learning.MyMessages.MyMessages, SumTotal.SPPortal.WebParts, Version=1.0.0.0, Culture=neutral, PublicKeyToken=6b7f90fbd13cce01","WebPartServiceAgentInterfaceTypeName":"ILMWebPartContractAsync","WebPartDefinitionXml":null,"HideWebPartHeader":false,"HideWebPartFooter":true,"IsFreeFlowing":false,"PillarKey":"LM","ChromeStyle":7,"ParameterJSON":"{\"HeaderLinkIcon\": \"\", \"IsCustomEditor\": false, \"MessagesConfig\":{ \"MessageCount\":\"count\", \"MessageData\":[\"date\", \"subject\", \"url\"]}, \"PreviewType\":\"messages\"}","TemplatePath":"app/modules/dashboard/views/webparts/widgetMyMessages.html","IsSystemLocked":false,"Category":{"Id":8,"Name":"Learning","CategoryKey":"WebPartDefinition_Learning","Description":"Learning","ParentId":1,"OrdinalPosition":null},"Id":4},{"WebPartDefinitionKey":"LM_UpcomingTraining","Title":"Upcoming Training","Description":"Shows the next scheduled learning activity the user is enrolled in. Includes options for reviewing summary details.","SubTitle":"Activities","WebPartIconName":null,"WidgetNotificationMode":1,"WidgetDeeplinkUrlText":"View All Upcoming Training","CategoryName":"Learning","IsWebPartEnabled":true,"TypeName":"SumTotal.SPPortal.WebParts.Core.Learning.UpcomingTraining.UpcomingTraining, SumTotal.SPPortal.WebParts, Version=1.0.0.0, Culture=neutral, PublicKeyToken=6b7f90fbd13cce01","WebPartServiceAgentInterfaceTypeName":"ILMWebPartContractAsync","WebPartDefinitionXml":null,"HideWebPartHeader":false,"HideWebPartFooter":true,"IsFreeFlowing":false,"PillarKey":"LM","ChromeStyle":7,"ParameterJSON":"{\"HeaderLinkIcon\": \"\", \"IsCustomEditor\": false, \"PreviewType\" : \"table\"}","TemplatePath":"app/modules/dashboard/views/webparts/widgetUpcomingTraining.html","IsSystemLocked":false,"Category":{"Id":8,"Name":"Learning","CategoryKey":"WebPartDefinition_Learning","Description":"Learning","ParentId":1,"OrdinalPosition":null},"Id":6},{"WebPartDefinitionKey":"LM_TopRatedContent","Title":"Top Rated Content","Description":"Displays the five highest rated learning activities available to the user.","SubTitle":"Top rated learning activities","WebPartIconName":null,"WidgetNotificationMode":1,"WidgetDeeplinkUrlText":"View All Top Rated Content","CategoryName":"Learning","IsWebPartEnabled":true,"TypeName":"SumTotal.SPPortal.WebParts.Core.Learning.TopRatedContent.TopRatedContent, SumTotal.SPPortal.WebParts, Version=1.0.0.0, Culture=neutral, PublicKeyToken=6b7f90fbd13cce01","WebPartServiceAgentInterfaceTypeName":"ILMWebPartContractAsync","WebPartDefinitionXml":null,"HideWebPartHeader":false,"HideWebPartFooter":true,"IsFreeFlowing":false,"PillarKey":"LM","ChromeStyle":7,"ParameterJSON":"{\"HeaderLinkIcon\":\"\",\"IsCustomEditor\":false,\"PreviewType\":\"table\"}","TemplatePath":"app/modules/dashboard/views/webparts/widgetTopRatedContent.html","IsSystemLocked":false,"Category":{"Id":8,"Name":"Learning","CategoryKey":"WebPartDefinition_Learning","Description":"Learning","ParentId":1,"OrdinalPosition":null},"Id":7},{"WebPartDefinitionKey":"LM_CompletedCertification","Title":"Completed Certifications","Description":"Highlights the user's completed certifications and supports deeplinking to the Activities Detail for each item within the list.","SubTitle":"Activities","WebPartIconName":null,"WidgetNotificationMode":1,"WidgetDeeplinkUrlText":"View All Completed Certifications","CategoryName":"Learning","IsWebPartEnabled":true,"TypeName":"SumTotal.SPPortal.WebParts.Core.Learning.CompletedCertifications.CompletedCertifications, SumTotal.SPPortal.WebParts, Version=1.0.0.0, Culture=neutral, PublicKeyToken=6b7f90fbd13cce01","WebPartServiceAgentInterfaceTypeName":"ILMWebPartContractAsync","WebPartDefinitionXml":null,"HideWebPartHeader":false,"HideWebPartFooter":true,"IsFreeFlowing":false,"PillarKey":"LM","ChromeStyle":7,"ParameterJSON":"{\"HeaderLinkIcon\": \"\", \"IsCustomEditor\": false, \"PreviewType\" : \"table\"}","TemplatePath":"app/modules/dashboard/views/webparts/widgetCompletedCertifications.html","IsSystemLocked":false,"Category":{"Id":8,"Name":"Learning","CategoryKey":"WebPartDefinition_Learning","Description":"Learning","ParentId":1,"OrdinalPosition":null},"Id":8},{"WebPartDefinitionKey":"LM_ExceptionReport","Title":"Exception Report","Description":"Highlights assigned training exceptions (overdue, expired and incomplete) for the user's direct reports.","SubTitle":"Last Updated:","WebPartIconName":null,"WidgetNotificationMode":0,"WidgetDeeplinkUrlText":"View Detailed Exception Report","CategoryName":"Learning","IsWebPartEnabled":true,"TypeName":"SumTotal.SPPortal.WebParts.Core.Learning.ExceptionReport.ExceptionReport, SumTotal.SPPortal.WebParts, Version=1.0.0.0, Culture=neutral, PublicKeyToken=6b7f90fbd13cce01","WebPartServiceAgentInterfaceTypeName":"ILMWebPartContractAsync","WebPartDefinitionXml":null,"HideWebPartHeader":false,"HideWebPartFooter":true,"IsFreeFlowing":false,"PillarKey":"LM","ChromeStyle":7,"ParameterJSON":"{\"HeaderLinkIcon\":\"\",\"IsCustomEditor\":false,\"PreviewType\":\"donutChart\"}","TemplatePath":"app/modules/dashboard/views/webparts/widgetExceptionReport.html","IsSystemLocked":false,"Category":{"Id":8,"Name":"Learning","CategoryKey":"WebPartDefinition_Learning","Description":"Learning","ParentId":1,"OrdinalPosition":null},"Id":10},{"WebPartDefinitionKey":"LM_MyFavourites","Title":"Favorites","Description":"Supports quick access to content marked as a favorite by the user.","SubTitle":"Activities, Categories, Collaboration Centers","WebPartIconName":null,"WidgetNotificationMode":1,"WidgetDeeplinkUrlText":"More...","CategoryName":"Learning","IsWebPartEnabled":true,"TypeName":"SumTotal.SPPortal.WebParts.Core.Learning.Favorites.Favorites, SumTotal.SPPortal.WebParts, Version=1.0.0.0, Culture=neutral, PublicKeyToken=6b7f90fbd13cce01","WebPartServiceAgentInterfaceTypeName":"ILMWebPartContractAsync","WebPartDefinitionXml":null,"HideWebPartHeader":false,"HideWebPartFooter":true,"IsFreeFlowing":false,"PillarKey":"LM","ChromeStyle":7,"ParameterJSON":"{\"HeaderLinkIcon\": \"\", \"IsCustomEditor\": false, \"PreviewType\" : \"table\"}","TemplatePath":"app/modules/dashboard/views/webparts/widgetFavorites.html","IsSystemLocked":false,"Category":{"Id":8,"Name":"Learning","CategoryKey":"WebPartDefinition_Learning","Description":"Learning","ParentId":1,"OrdinalPosition":null},"Id":12},{"WebPartDefinitionKey":"LM_LearnerAssignment","Title":"Learning Assignments","Description":"This is a legacy widget. Please use “My Learning Assignments” instead.","SubTitle":"Assignments and duties awaiting completion","WebPartIconName":null,"WidgetNotificationMode":1,"WidgetDeeplinkUrlText":"View All Assignments","CategoryName":"Learning","IsWebPartEnabled":true,"TypeName":"SumTotal.SPPortal.WebParts.Core.Learning.LearningAssignments.LearningAssignments, SumTotal.SPPortal.WebParts, Version=1.0.0.0, Culture=neutral, PublicKeyToken=6b7f90fbd13cce01","WebPartServiceAgentInterfaceTypeName":"ILMWebPartContractAsync","WebPartDefinitionXml":null,"HideWebPartHeader":false,"HideWebPartFooter":true,"IsFreeFlowing":false,"PillarKey":"LM","ChromeStyle":7,"ParameterJSON":"{\"HeaderLinkIcon\": \"\", \"IsCustomEditor\": false, \"PreviewType\" : \"table\"}","TemplatePath":"app/modules/dashboard/views/webparts/widgetLearningAssignments.html","IsSystemLocked":false,"Category":{"Id":8,"Name":"Learning","CategoryKey":"WebPartDefinition_Learning","Description":"Learning","ParentId":1,"OrdinalPosition":null},"Id":14},{"WebPartDefinitionKey":"LM_ExceptionReport_Others","Title":"Exception Report (Others)","Description":"Status of activities assigned to direct reports and managed users. Supports deep linking to Manager Exception page.","SubTitle":"Last Updated:","WebPartIconName":null,"WidgetNotificationMode":0,"WidgetDeeplinkUrlText":"View Detailed Exception Report","CategoryName":"Learning","IsWebPartEnabled":true,"TypeName":"SumTotal.SPPortal.WebParts.Core.Learning.ExceptionReport.ExceptionReport, SumTotal.SPPortal.WebParts, Version=1.0.0.0, Culture=neutral, PublicKeyToken=6b7f90fbd13cce01","WebPartServiceAgentInterfaceTypeName":"ILMWebPartContractAsync","WebPartDefinitionXml":null,"HideWebPartHeader":false,"HideWebPartFooter":true,"IsFreeFlowing":false,"PillarKey":"LM","ChromeStyle":7,"ParameterJSON":"{\"HeaderLinkIcon\": \"\", \"IsCustomEditor\": false, \"PreviewType\" : \"donutChart\"}","TemplatePath":"app/modules/dashboard/views/webparts/widgetExceptionReportOthers.html","IsSystemLocked":false,"Category":{"Id":8,"Name":"Learning","CategoryKey":"WebPartDefinition_Learning","Description":"Learning","ParentId":1,"OrdinalPosition":null},"Id":58},{"WebPartDefinitionKey":"LM_TeachingActivities","Title":"My Instructor Schedule","Description":"Provides instructors with quick access to their current and upcoming training items.","SubTitle":"Widget My Instructor Schedule Activities","WebPartIconName":null,"WidgetNotificationMode":0,"WidgetDeeplinkUrlText":"View All My Instructor Schedule","CategoryName":"Learning","IsWebPartEnabled":true,"TypeName":null,"WebPartServiceAgentInterfaceTypeName":"ILMWebPartContractAsync","WebPartDefinitionXml":null,"HideWebPartHeader":false,"HideWebPartFooter":true,"IsFreeFlowing":false,"PillarKey":"LM","ChromeStyle":7,"ParameterJSON":"{\"HeaderLinkIcon\": \"\", \"IsCustomEditor\": false, \"PreviewType\" : \"table\"}","TemplatePath":"app/modules/dashboard/views/webparts/WidgetTeachingActivities.html","IsSystemLocked":false,"Category":{"Id":8,"Name":"Learning","CategoryKey":"WebPartDefinition_Learning","Description":"Learning","ParentId":1,"OrdinalPosition":null},"Id":64},{"WebPartDefinitionKey":"LM_RecentlyLaunched","Title":"Recently Launched","Description":"Provides user with quick access to the most recently launched non-completed training item.","SubTitle":"Recently Launched","WebPartIconName":null,"WidgetNotificationMode":0,"WidgetDeeplinkUrlText":"View All Recently Launch Activity","CategoryName":"Learning","IsWebPartEnabled":true,"TypeName":"SumTotal.SPPortal.WebParts.Core.Learning.RecentlyLaunched.RecentlyLaunched, SumTotal.SPPortal.WebParts, Version=1.0.0.0, Culture=neutral, PublicKeyToken=6b7f90fbd13cce01","WebPartServiceAgentInterfaceTypeName":"ILMWebPartContractAsync","WebPartDefinitionXml":null,"HideWebPartHeader":false,"HideWebPartFooter":true,"IsFreeFlowing":false,"PillarKey":"LM","ChromeStyle":7,"ParameterJSON":"{\"HeaderLinkIcon\": \"\", \"IsCustomEditor\": false, \"PreviewType\" : \"table\"}","TemplatePath":"app/modules/dashboard/views/webparts/widgetRecentlyLaunched.html","IsSystemLocked":false,"Category":{"Id":8,"Name":"Learning","CategoryKey":"WebPartDefinition_Learning","Description":"Learning","ParentId":1,"OrdinalPosition":null},"Id":65},{"WebPartDefinitionKey":"LM_ProxyRelations","Title":"Proxy Relations","Description":"Allows the user to have quick access to a list of users whom they can act as a proxy for.","SubTitle":"Proxy Relations","WebPartIconName":null,"WidgetNotificationMode":1,"WidgetDeeplinkUrlText":"View All","CategoryName":"Learning","IsWebPartEnabled":true,"TypeName":"SumTotal.SPPortal.WebParts.Core.Learning.ProxyRelations.ProxyRelations, SumTotal.SPPortal.WebParts, Version=1.0.0.0, Culture=neutral, PublicKeyToken=6b7f90fbd13cce01","WebPartServiceAgentInterfaceTypeName":"ILMWebPartContractAsync","WebPartDefinitionXml":null,"HideWebPartHeader":false,"HideWebPartFooter":true,"IsFreeFlowing":false,"PillarKey":"LM","ChromeStyle":7,"ParameterJSON":"{\"HeaderLinkIcon\": \"\", \"IsCustomEditor\": false, \"PreviewType\" : \"table\"}","TemplatePath":"app/modules/dashboard/views/webparts/widgetProxyRelations.html","IsSystemLocked":false,"Category":{"Id":8,"Name":"Learning","CategoryKey":"WebPartDefinition_Learning","Description":"Learning","ParentId":1,"OrdinalPosition":null},"Id":66},{"WebPartDefinitionKey":"LM_MyLearning","Title":"My Learning","Description":"Provides user with graphical summary of their assigned training compliance status.","SubTitle":null,"WebPartIconName":null,"WidgetNotificationMode":0,"WidgetDeeplinkUrlText":null,"CategoryName":"Learning","IsWebPartEnabled":true,"TypeName":"SumTotal.SPPortal.WebParts.Core.Learning.MyLearning.MyLearning, SumTotal.SPPortal.WebParts, Version=1.0.0.0, Culture=neutral, PublicKeyToken=6b7f90fbd13cce01","WebPartServiceAgentInterfaceTypeName":"ILMWebPartContractAsync","WebPartDefinitionXml":null,"HideWebPartHeader":false,"HideWebPartFooter":true,"IsFreeFlowing":false,"PillarKey":"LM","ChromeStyle":7,"ParameterJSON":"{\"HeaderLinkIcon\":\"\",\"IsCustomEditor\":false,\"PreviewType\":\"html\"}","TemplatePath":"app/modules/dashboard/views/webparts/widgetMyLearning.html","IsSystemLocked":false,"Category":{"Id":8,"Name":"Learning","CategoryKey":"WebPartDefinition_Learning","Description":"Learning","ParentId":1,"OrdinalPosition":null},"Id":67},{"WebPartDefinitionKey":"LM_LearningTasks","Title":"Learning Tasks","Description":"Displays the user's pending tasks.","SubTitle":"Learning Tasks","WebPartIconName":null,"WidgetNotificationMode":0,"WidgetDeeplinkUrlText":null,"CategoryName":"Learning","IsWebPartEnabled":true,"TypeName":"SSumTotal.SPPortal.WebParts.Core.Learning.LearningTasks.LearningTasks, SumTotal.SPPortal.WebParts, Version=1.0.0.0, Culture=neutral, PublicKeyToken=6b7f90fbd13cce01","WebPartServiceAgentInterfaceTypeName":"ILMWebPartContractAsync","WebPartDefinitionXml":null,"HideWebPartHeader":false,"HideWebPartFooter":true,"IsFreeFlowing":false,"PillarKey":"LM","ChromeStyle":7,"ParameterJSON":"{\"HeaderLinkIcon\": \"\", \"IsCustomEditor\": false, \"PreviewType\" : \"table\"}","TemplatePath":"app/modules/dashboard/views/webparts/widgetLearningTasks.html","IsSystemLocked":false,"Category":{"Id":8,"Name":"Learning","CategoryKey":"WebPartDefinition_Learning","Description":"Learning","ParentId":1,"OrdinalPosition":null},"Id":68},{"WebPartDefinitionKey":"LM_QuickLinks","Title":"Quick Links","Description":"Displays the Quick Links for Training Transcript, Training Schedule and Training Analysis.","SubTitle":"Quick Links for Training","WebPartIconName":null,"WidgetNotificationMode":0,"WidgetDeeplinkUrlText":null,"CategoryName":"Learning","IsWebPartEnabled":true,"TypeName":"SumTotal.SPPortal.WebParts.Core.Learning.QuickLinks.QuickLinks, SumTotal.SPPortal.WebParts, Version=1.0.0.0, Culture=neutral, PublicKeyToken=6b7f90fbd13cce01","WebPartServiceAgentInterfaceTypeName":"ILMWebPartContractAsync","WebPartDefinitionXml":null,"HideWebPartHeader":false,"HideWebPartFooter":true,"IsFreeFlowing":false,"PillarKey":"LM","ChromeStyle":7,"ParameterJSON":"{\"HeaderLinkIcon\": \"\", \"IsCustomEditor\": false, \"PreviewType\" : \"table\"}","TemplatePath":"app/modules/dashboard/views/webparts/widgetQuickLinks.html","IsSystemLocked":false,"Category":{"Id":8,"Name":"Learning","CategoryKey":"WebPartDefinition_Learning","Description":"Learning","ParentId":1,"OrdinalPosition":null},"Id":69},{"WebPartDefinitionKey":"LM_Recommendation","Title":"Recommended Courses","Description":"Displays recommended learning based on your interests, your required skills, and suggestions from others in your organization.","SubTitle":null,"WebPartIconName":null,"WidgetNotificationMode":0,"WidgetDeeplinkUrlText":null,"CategoryName":"Learning","IsWebPartEnabled":true,"TypeName":null,"WebPartServiceAgentInterfaceTypeName":null,"WebPartDefinitionXml":null,"HideWebPartHeader":false,"HideWebPartFooter":true,"IsFreeFlowing":false,"PillarKey":"LM","ChromeStyle":7,"ParameterJSON":"{\"HeaderLinkIcon\":\"\",\"IsCustomEditor\":false,\"PreviewType\":\"table\"}","TemplatePath":"app/modules/dashboard/views/webparts/widgetRecommendation.html","IsSystemLocked":false,"Category":{"Id":8,"Name":"Learning","CategoryKey":"WebPartDefinition_Learning","Description":"Learning","ParentId":1,"OrdinalPosition":null},"Id":70},{"WebPartDefinitionKey":"LM_PromotedActivities","Title":"Promoted Activities","Description":"This is a legacy widget. Please use “Promoted Learning Activities” instead.","SubTitle":null,"WebPartIconName":null,"WidgetNotificationMode":0,"WidgetDeeplinkUrlText":null,"CategoryName":"Learning","IsWebPartEnabled":true,"TypeName":"SumTotal.SPPortal.WebParts.Core.Learning.PromotedActivities.PromotedActivities, SumTotal.SPPortal.WebParts, Version=1.0.0.0, Culture=neutral, PublicKeyToken=6b7f90fbd13cce01","WebPartServiceAgentInterfaceTypeName":"ILMWebPartContractAsync","WebPartDefinitionXml":null,"HideWebPartHeader":false,"HideWebPartFooter":false,"IsFreeFlowing":false,"PillarKey":"LM","ChromeStyle":7,"ParameterJSON":"{\"HeaderLinkIcon\":\"\",\"IsCustomEditor\":false,\"PreviewType\":\"configTextField\",\"Config\":{\"Name\":\"LearningActivityCodes\",\"Value\":\"\"}}","TemplatePath":"app/modules/dashboard/views/webparts/widgetPromotedActivities.html","IsSystemLocked":false,"Category":{"Id":8,"Name":"Learning","CategoryKey":"WebPartDefinition_Learning","Description":"Learning","ParentId":1,"OrdinalPosition":null},"Id":79},{"WebPartDefinitionKey":"LM_Categories","Title":"Browse By Topic","Description":"Display all topics, can browse activities through selected topic.","SubTitle":"Browse By Topic","WebPartIconName":null,"WidgetNotificationMode":0,"WidgetDeeplinkUrlText":"View All Categories","CategoryName":"Learning","IsWebPartEnabled":true,"TypeName":null,"WebPartServiceAgentInterfaceTypeName":"ILMWebPartContractAsync","WebPartDefinitionXml":null,"HideWebPartHeader":false,"HideWebPartFooter":false,"IsFreeFlowing":false,"PillarKey":"LM","ChromeStyle":7,"ParameterJSON":"{\"HeaderLinkIcon\":\"\",\"IsCustomEditor\":false,\"PreviewType\":\"table\"}","TemplatePath":"app/modules/dashboard/views/webparts/widgetCatalogBrowseByCategory.html","IsSystemLocked":false,"Category":{"Id":8,"Name":"Learning","CategoryKey":"WebPartDefinition_Learning","Description":"Learning","ParentId":1,"OrdinalPosition":null},"Id":80},{"WebPartDefinitionKey":"LM_ActivityTypes","Title":"Browse By Activity Type","Description":"Display all Activity Types, can browse activities through selected Activity Type.","SubTitle":"Browse By Activity Type","WebPartIconName":null,"WidgetNotificationMode":0,"WidgetDeeplinkUrlText":"View All Activity Types","CategoryName":"Learning","IsWebPartEnabled":true,"TypeName":null,"WebPartServiceAgentInterfaceTypeName":"ILMWebPartContractAsync","WebPartDefinitionXml":null,"HideWebPartHeader":false,"HideWebPartFooter":false,"IsFreeFlowing":false,"PillarKey":"LM","ChromeStyle":7,"ParameterJSON":"{\"HeaderLinkIcon\": \"\", \"IsCustomEditor\": false, \"PreviewType\" : \"table\"}","TemplatePath":"app/modules/dashboard/views/webparts/widgetCatalogBrowseByActivityType.html","IsSystemLocked":false,"Category":{"Id":8,"Name":"Learning","CategoryKey":"WebPartDefinition_Learning","Description":"Learning","ParentId":1,"OrdinalPosition":null},"Id":81},{"WebPartDefinitionKey":"LM_PromotedCategories","Title":"Promoted Topics","Description":"This is a legacy widget. Please use “Promoted Library Topics” instead.","SubTitle":"Promoted Topics","WebPartIconName":null,"WidgetNotificationMode":0,"WidgetDeeplinkUrlText":"View All Topics","CategoryName":"Learning","IsWebPartEnabled":true,"TypeName":null,"WebPartServiceAgentInterfaceTypeName":"ILMWebPartContractAsync","WebPartDefinitionXml":null,"HideWebPartHeader":false,"HideWebPartFooter":false,"IsFreeFlowing":false,"PillarKey":"LM","ChromeStyle":7,"ParameterJSON":"{\"HeaderLinkIcon\": \"\", \"IsCustomEditor\": false, \"PreviewType\" : \"table\"}","TemplatePath":"app/modules/dashboard/views/webparts/widgetPromotedCategories.html","IsSystemLocked":false,"Category":{"Id":8,"Name":"Learning","CategoryKey":"WebPartDefinition_Learning","Description":"Learning","ParentId":1,"OrdinalPosition":null},"Id":82},{"WebPartDefinitionKey":"LM_Calendar","Title":"My Learning Schedule","Description":"Highlights schedule information in calendar.","SubTitle":null,"WebPartIconName":null,"WidgetNotificationMode":0,"WidgetDeeplinkUrlText":null,"CategoryName":"Learning","IsWebPartEnabled":true,"TypeName":"SumTotal.SPPortal.WebParts.Core.Learning.Calendar.Calendar, SumTotal.SPPortal.WebParts, Version=1.0.0.0, Culture=neutral, PublicKeyToken=6b7f90fbd13cce01","WebPartServiceAgentInterfaceTypeName":null,"WebPartDefinitionXml":null,"HideWebPartHeader":false,"HideWebPartFooter":true,"IsFreeFlowing":false,"PillarKey":"LM","ChromeStyle":7,"ParameterJSON":"{\"HeaderLinkIcon\": \"\", \"IsCustomEditor\": false, \"PreviewType\" : \"html\"}","TemplatePath":"app/modules/dashboard/views/webparts/widgetCalendar.html","IsSystemLocked":false,"Category":{"Id":8,"Name":"Learning","CategoryKey":"WebPartDefinition_Learning","Description":"Learning","ParentId":1,"OrdinalPosition":null},"Id":83},{"WebPartDefinitionKey":"LM_News","Title":"News","Description":"Displays the latest news.","SubTitle":"News","WebPartIconName":null,"WidgetNotificationMode":0,"WidgetDeeplinkUrlText":null,"CategoryName":"Learning","IsWebPartEnabled":true,"TypeName":null,"WebPartServiceAgentInterfaceTypeName":null,"WebPartDefinitionXml":null,"HideWebPartHeader":false,"HideWebPartFooter":false,"IsFreeFlowing":false,"PillarKey":"LM","ChromeStyle":7,"ParameterJSON":"{\"HeaderLinkIcon\": \"\", \"IsCustomEditor\": false, \"PreviewType\" : \"table\"}","TemplatePath":"app/modules/dashboard/views/webparts/widgetNews.html","IsSystemLocked":false,"Category":{"Id":8,"Name":"Learning","CategoryKey":"WebPartDefinition_Learning","Description":"Learning","ParentId":1,"OrdinalPosition":null},"Id":85},{"WebPartDefinitionKey":"LM_RecentPurchasedActivities","Title":"Recently Purchased Activities","Description":"Provides user with quick access to the five most recently purchased  activities.","SubTitle":"Recent purchases I have made","WebPartIconName":null,"WidgetNotificationMode":0,"WidgetDeeplinkUrlText":null,"CategoryName":"Learning","IsWebPartEnabled":true,"TypeName":null,"WebPartServiceAgentInterfaceTypeName":"ILMWebPartContractAsync","WebPartDefinitionXml":null,"HideWebPartHeader":false,"HideWebPartFooter":false,"IsFreeFlowing":false,"PillarKey":"LM","ChromeStyle":7,"ParameterJSON":"{\"HeaderLinkIcon\": \"\", \"IsCustomEditor\": false, \"PreviewType\" : \"table\"}","TemplatePath":"app/modules/dashboard/views/webparts/widgetLearningRecentlyPurchasedActivities.html","IsSystemLocked":false,"Category":{"Id":8,"Name":"Learning","CategoryKey":"WebPartDefinition_Learning","Description":"Learning","ParentId":1,"OrdinalPosition":null},"Id":87},{"WebPartDefinitionKey":"LM_ConfigurableWidget","Title":"Configurable Widget","Description":"Displays configured widget data","SubTitle":null,"WebPartIconName":null,"WidgetNotificationMode":0,"WidgetDeeplinkUrlText":null,"CategoryName":"Learning","IsWebPartEnabled":true,"TypeName":null,"WebPartServiceAgentInterfaceTypeName":"ILMWebPartContractAsync","WebPartDefinitionXml":null,"HideWebPartHeader":false,"HideWebPartFooter":false,"IsFreeFlowing":false,"PillarKey":"LM","ChromeStyle":7,"ParameterJSON":"{\"HeaderLinkIcon\": \"\", \"IsCustomEditor\": false, \"PreviewType\" : \"configCarouselDropDown\", \"Config\":{\"Name\":\"ConfigurableCarouselWidgetCodesDropDown\",\"DropDownData\":{\"SelectedKey\": null, \"AvailableOptions\": [{\"id\": \"0\", \"name\":\"Trending For Your Job\"}, {\"id\":\"1\", \"name\":\"Top Picks For You\"}, {\"id\":\"2\", \"name\":\"Top Rated\"}, {\"id\":\"3\", \"name\":\"Saved For Later\"}, {\"id\":\"4\", \"name\":\"Continue Learning\"}, {\"id\":\"5\", \"name\":\"Join Your Peers\"}, {\"id\":\"6\", \"name\":\"Training Recommended For Next Job\"}, {\"id\":\"7\", \"name\":\"Most Popular\"}]}}}","TemplatePath":"app/modules/dashboard/views/webparts/widgetConfigurableContent.html","IsSystemLocked":false,"Category":{"Id":8,"Name":"Learning","CategoryKey":"WebPartDefinition_Learning","Description":"Learning","ParentId":1,"OrdinalPosition":null},"Id":106},{"WebPartDefinitionKey":"LM_ConfigurableCarouselWidget","Title":"Configurable Carousel Widget","Description":"Displays configured widget data","SubTitle":null,"WebPartIconName":null,"WidgetNotificationMode":0,"WidgetDeeplinkUrlText":null,"CategoryName":"Learning","IsWebPartEnabled":true,"TypeName":null,"WebPartServiceAgentInterfaceTypeName":"ILMWebPartContractAsync","WebPartDefinitionXml":null,"HideWebPartHeader":false,"HideWebPartFooter":false,"IsFreeFlowing":false,"PillarKey":"LM","ChromeStyle":7,"ParameterJSON":"{\"HeaderLinkIcon\": \"\", \"IsCustomEditor\": false, \"PreviewType\" : \"configCarouselDropDown\", \"Config\":{\"Name\":\"ConfigurableCarouselWidgetCodesDropDown\",\"DropDownData\":{\"SelectedKey\": null, \"AvailableOptions\": [{\"id\": \"0\", \"name\":\"Trending For Your Job\"}, {\"id\":\"1\", \"name\":\"Top Picks For You\"}, {\"id\":\"2\", \"name\":\"Top Rated\"}, {\"id\":\"3\", \"name\":\"Saved For Later\"}, {\"id\":\"4\", \"name\":\"Continue Learning\"}, {\"id\":\"5\", \"name\":\"Join Your Peers\"}, {\"id\":\"6\", \"name\":\"Training Recommended For Next Job\"}, {\"id\":\"7\", \"name\":\"Most Popular\"}]}}}","TemplatePath":"app/modules/dashboard/views/webparts/widgetConfigurableCarouselContent.html","IsSystemLocked":false,"Category":{"Id":8,"Name":"Learning","CategoryKey":"WebPartDefinition_Learning","Description":"Learning","ParentId":1,"OrdinalPosition":null},"Id":107},{"WebPartDefinitionKey":"search_calendarView","Title":"Available Activities Calendar","Description":"Allows learners to browse available learning activity offerings in a calendar view.","SubTitle":"Available Activities Calendar","WebPartIconName":null,"WidgetNotificationMode":0,"WidgetDeeplinkUrlText":null,"CategoryName":"Learning","IsWebPartEnabled":true,"TypeName":null,"WebPartServiceAgentInterfaceTypeName":null,"WebPartDefinitionXml":null,"HideWebPartHeader":false,"HideWebPartFooter":false,"IsFreeFlowing":false,"PillarKey":"LM","ChromeStyle":7,"ParameterJSON":"{\"HeaderLinkIcon\": \"\", \"IsCustomEditor\": false, \"PreviewType\" : \"calendar\"}","TemplatePath":"app/modules/dashboard/views/searchWidgets/calendarView.html","IsSystemLocked":false,"Category":{"Id":8,"Name":"Learning","CategoryKey":"WebPartDefinition_Learning","Description":"Learning","ParentId":1,"OrdinalPosition":null},"Id":111},{"WebPartDefinitionKey":"LM_FavouritesCarousel","Title":"My Favorites","Description":"Supports quick access to content marked as a favorite by the user in a carousel.","SubTitle":"Activities, Categories, Collaboration Centers","WebPartIconName":null,"WidgetNotificationMode":1,"WidgetDeeplinkUrlText":"More...","CategoryName":"Learning","IsWebPartEnabled":true,"TypeName":"SumTotal.SPPortal.WebParts.Core.Learning.Favorites.Favorites, SumTotal.SPPortal.WebParts, Version=1.0.0.0, Culture=neutral, PublicKeyToken=6b7f90fbd13cce01","WebPartServiceAgentInterfaceTypeName":"ILMWebPartContractAsync","WebPartDefinitionXml":null,"HideWebPartHeader":false,"HideWebPartFooter":true,"IsFreeFlowing":false,"PillarKey":"LM","ChromeStyle":7,"ParameterJSON":"{\"HeaderLinkIcon\":\"\",\"IsCustomEditor\":false,\"PreviewType\":\"table\"}","TemplatePath":"app/modules/dashboard/views/webparts/widgetFavoritesCarousel.html","IsSystemLocked":false,"Category":{"Id":8,"Name":"Learning","CategoryKey":"WebPartDefinition_Learning","Description":"Learning","ParentId":1,"OrdinalPosition":null},"Id":112},{"WebPartDefinitionKey":"Common_SearchWidget","Title":"Search","Description":"Quick Search for Courses, Training, Videos, Books and Audiobooks","SubTitle":"Search for Courses, Training, Videos, Books and Audiobooks","WebPartIconName":null,"WidgetNotificationMode":0,"WidgetDeeplinkUrlText":null,"CategoryName":"Learning","IsWebPartEnabled":true,"TypeName":null,"WebPartServiceAgentInterfaceTypeName":null,"WebPartDefinitionXml":null,"HideWebPartHeader":true,"HideWebPartFooter":false,"IsFreeFlowing":false,"PillarKey":null,"ChromeStyle":6,"ParameterJSON":"{\"HeaderLinkIcon\":\"\",\"IsCustomEditor\":false,\"PreviewType\":\"table\"}","TemplatePath":"app/modules/dashboard/views/webparts/widgetEnterpriseSearch.html","IsSystemLocked":false,"Category":{"Id":8,"Name":"Learning","CategoryKey":"WebPartDefinition_Learning","Description":"Learning","ParentId":1,"OrdinalPosition":null},"Id":113},{"WebPartDefinitionKey":"LM_ResumeLearning","Title":"Resume Learning","Description":"Provides user with quick access to all recently launched non-completed training items.","SubTitle":"List of recently launched activities","WebPartIconName":null,"WidgetNotificationMode":0,"WidgetDeeplinkUrlText":"View All Recently Launched Activities","CategoryName":"Learning","IsWebPartEnabled":true,"TypeName":"SumTotal.SPPortal.WebParts.Core.Learning.RecentlyLaunched.RecentlyLaunched, SumTotal.SPPortal.WebParts, Version=1.0.0.0, Culture=neutral, PublicKeyToken=6b7f90fbd13cce01","WebPartServiceAgentInterfaceTypeName":"ILMWebPartContractAsync","WebPartDefinitionXml":null,"HideWebPartHeader":false,"HideWebPartFooter":true,"IsFreeFlowing":false,"PillarKey":"LM","ChromeStyle":7,"ParameterJSON":"{\"HeaderLinkIcon\":\"\",\"IsCustomEditor\":false,\"PreviewType\":\"table\"}","TemplatePath":"app/modules/dashboard/views/webparts/widgetRecentlyLaunchedActivitiesList.html","IsSystemLocked":false,"Category":{"Id":8,"Name":"Learning","CategoryKey":"WebPartDefinition_Learning","Description":"Learning","ParentId":1,"OrdinalPosition":null},"Id":114},{"WebPartDefinitionKey":"LM_RecommendedActivities","Title":"Recommended Activities","Description":"Displays recommended activities based on your interests, your required skills, and suggestions from others in your organization in a carousel.","SubTitle":null,"WebPartIconName":null,"WidgetNotificationMode":0,"WidgetDeeplinkUrlText":null,"CategoryName":"Learning","IsWebPartEnabled":true,"TypeName":null,"WebPartServiceAgentInterfaceTypeName":null,"WebPartDefinitionXml":null,"HideWebPartHeader":true,"HideWebPartFooter":true,"IsFreeFlowing":false,"PillarKey":"LM","ChromeStyle":6,"ParameterJSON":"{\"HeaderLinkIcon\":\"\",\"IsCustomEditor\":false,\"PreviewType\":\"table\"}","TemplatePath":"app/modules/dashboard/views/webparts/widgetRecommendedActivitiesCarousel.html","IsSystemLocked":false,"Category":{"Id":8,"Name":"Learning","CategoryKey":"WebPartDefinition_Learning","Description":"Learning","ParentId":1,"OrdinalPosition":null},"Id":115},{"WebPartDefinitionKey":"LM_PromotedActivities","Title":"Promoted Learning  Activities","Description":"Displays activities promoted by your organization.","SubTitle":null,"WebPartIconName":null,"WidgetNotificationMode":0,"WidgetDeeplinkUrlText":null,"CategoryName":"Learning","IsWebPartEnabled":true,"TypeName":"SumTotal.SPPortal.WebParts.Core.Learning.PromotedActivities.PromotedActivities, SumTotal.SPPortal.WebParts, Version=1.0.0.0, Culture=neutral, PublicKeyToken=6b7f90fbd13cce01","WebPartServiceAgentInterfaceTypeName":"ILMWebPartContractAsync","WebPartDefinitionXml":null,"HideWebPartHeader":false,"HideWebPartFooter":false,"IsFreeFlowing":false,"PillarKey":"LM","ChromeStyle":7,"ParameterJSON":"{\"HeaderLinkIcon\": \"\", \"IsCustomEditor\": false, \"PreviewType\" : \"configTextField\", \"Config\":{\"Name\":\"LearningActivityCodes\",\"Value\":\"\"}}","TemplatePath":"app/modules/dashboard/views/webparts/widgetPromotedActivitiesCarousel.html","IsSystemLocked":false,"Category":{"Id":8,"Name":"Learning","CategoryKey":"WebPartDefinition_Learning","Description":"Learning","ParentId":1,"OrdinalPosition":null},"Id":118},{"WebPartDefinitionKey":"LM_PromotedLibraryTopics","Title":"Promoted Library  Topics","Description":"Displays Library topics promoted by your organization.","SubTitle":null,"WebPartIconName":null,"WidgetNotificationMode":0,"WidgetDeeplinkUrlText":"View All Topics","CategoryName":"Learning","IsWebPartEnabled":true,"TypeName":null,"WebPartServiceAgentInterfaceTypeName":"ILMWebPartContractAsync","WebPartDefinitionXml":null,"HideWebPartHeader":false,"HideWebPartFooter":false,"IsFreeFlowing":false,"PillarKey":"LM","ChromeStyle":7,"ParameterJSON":"{\"HeaderLinkIcon\": \"\", \"IsCustomEditor\": false, \"PreviewType\" : \"table\", \"MaxCount\":20}","TemplatePath":"app/modules/dashboard/views/webparts/widgetPromotedCategoriesCarousel.html","IsSystemLocked":false,"Category":{"Id":8,"Name":"Learning","CategoryKey":"WebPartDefinition_Learning","Description":"Learning","ParentId":1,"OrdinalPosition":null},"Id":119},{"WebPartDefinitionKey":"LM_LearnerAssignmentCarousel","Title":"My Learning Assignments","Description":"Provides quick access to the user's current learning assignments.","SubTitle":"Assignments and duties awaiting completion","WebPartIconName":null,"WidgetNotificationMode":1,"WidgetDeeplinkUrlText":"View All Assignments","CategoryName":"Learning","IsWebPartEnabled":true,"TypeName":"SumTotal.SPPortal.WebParts.Core.Learning.LearningAssignments.LearningAssignments, SumTotal.SPPortal.WebParts, Version=1.0.0.0, Culture=neutral, PublicKeyToken=6b7f90fbd13cce01","WebPartServiceAgentInterfaceTypeName":"ILMWebPartContractAsync","WebPartDefinitionXml":null,"HideWebPartHeader":false,"HideWebPartFooter":true,"IsFreeFlowing":false,"PillarKey":"LM","ChromeStyle":7,"ParameterJSON":"{\"HeaderLinkIcon\": \"\", \"IsCustomEditor\": false, \"PreviewType\" : \"table\", \"MaxCount\":20, \"isCarousel\": true, \"noScroll\" : true}","TemplatePath":"app/modules/dashboard/views/webparts/widgetLearningAssignmentsCarousel.html","IsSystemLocked":false,"Category":{"Id":8,"Name":"Learning","CategoryKey":"WebPartDefinition_Learning","Description":"Learning","ParentId":1,"OrdinalPosition":null},"Id":120},{"WebPartDefinitionKey":"LM_InterestBasedActivities","Title":"My Interests","Description":"Displays interest-based activities. Place at the bottom of the page as max of 10 interests will force scrolling.","SubTitle":null,"WebPartIconName":null,"WidgetNotificationMode":0,"WidgetDeeplinkUrlText":null,"CategoryName":"Learning","IsWebPartEnabled":true,"TypeName":null,"WebPartServiceAgentInterfaceTypeName":null,"WebPartDefinitionXml":null,"HideWebPartHeader":true,"HideWebPartFooter":true,"IsFreeFlowing":false,"PillarKey":"LM","ChromeStyle":6,"ParameterJSON":"{\"HeaderLinkIcon\": \"\", \"IsCustomEditor\": false, \"PreviewType\" : \"table\", \"numOfInterests\" : 10, \"numOfRecommPerInterest\" : 20, \"ShowAdaptiveHeight\" : true, \"AdaptiveHeight\" : true, \"noScroll\" : true}","TemplatePath":"app/modules/dashboard/views/webparts/widgetInterestBasedActivities.html","IsSystemLocked":false,"Category":{"Id":8,"Name":"Learning","CategoryKey":"WebPartDefinition_Learning","Description":"Learning","ParentId":1,"OrdinalPosition":null},"Id":121}]},{"Category":{"Id":11,"Name":"Social","CategoryKey":"WebPartDefinition_Social","Description":"Social","ParentId":1,"OrdinalPosition":null},"Definitions":[{"WebPartDefinitionKey":"LM_MyCommunities","Title":"My Communities","Description":"Recent posts for the communities which the logged in user is a member, supported by an option to view all updates.","SubTitle":"Favorite discussion forums","WebPartIconName":null,"WidgetNotificationMode":1,"WidgetDeeplinkUrlText":"View All Communities","CategoryName":"Social","IsWebPartEnabled":true,"TypeName":"SumTotal.SPPortal.WebParts.Core.Social.MyCommunities.MyCommunities, SumTotal.SPPortal.WebParts, Version=1.0.0.0, Culture=neutral, PublicKeyToken=6b7f90fbd13cce01","WebPartServiceAgentInterfaceTypeName":"ILMWebPartContractAsync","WebPartDefinitionXml":null,"HideWebPartHeader":false,"HideWebPartFooter":true,"IsFreeFlowing":false,"PillarKey":"LM","ChromeStyle":7,"ParameterJSON":"{\"HeaderLinkIcon\": \"\", \"IsCustomEditor\": false, \"PreviewType\" : \"table\"}","TemplatePath":"app/modules/dashboard/views/webparts/widgetMyCommunities.html","IsSystemLocked":false,"Category":{"Id":11,"Name":"Social","CategoryKey":"WebPartDefinition_Social","Description":"Social","ParentId":1,"OrdinalPosition":null},"Id":5},{"WebPartDefinitionKey":"LM_CommunityUpdates","Title":"Community Updates","Description":"Highlights recent community posts with an option to view all community updates.","SubTitle":"Updated discussion forums  ","WebPartIconName":null,"WidgetNotificationMode":1,"WidgetDeeplinkUrlText":"View All Updates","CategoryName":"Social","IsWebPartEnabled":true,"TypeName":"SumTotal.SPPortal.WebParts.Core.Social.CommunityUpdates.CommunityUpdates, SumTotal.SPPortal.WebParts, Version=1.0.0.0, Culture=neutral, PublicKeyToken=6b7f90fbd13cce01","WebPartServiceAgentInterfaceTypeName":"ILMWebPartContractAsync","WebPartDefinitionXml":null,"HideWebPartHeader":false,"HideWebPartFooter":true,"IsFreeFlowing":false,"PillarKey":"LM","ChromeStyle":7,"ParameterJSON":"{\"HeaderLinkIcon\": \"\", \"IsCustomEditor\": false, \"PreviewType\" : \"table\"}","TemplatePath":"app/modules/dashboard/views/webparts/widgetCommunityUpdates.html","IsSystemLocked":false,"Category":{"Id":11,"Name":"Social","CategoryKey":"WebPartDefinition_Social","Description":"Social","ParentId":1,"OrdinalPosition":null},"Id":11},{"WebPartDefinitionKey":"SocialGroups","Title":"Social Groups","Description":"View all Social groups, manage your Social groups, and post messages.","SubTitle":"Social Groups","WebPartIconName":null,"WidgetNotificationMode":0,"WidgetDeeplinkUrlText":null,"CategoryName":"Social","IsWebPartEnabled":true,"TypeName":null,"WebPartServiceAgentInterfaceTypeName":null,"WebPartDefinitionXml":null,"HideWebPartHeader":false,"HideWebPartFooter":false,"IsFreeFlowing":false,"PillarKey":null,"ChromeStyle":7,"ParameterJSON":"{\"HeaderLinkIcon\": \"\", \"IsCustomEditor\": false, \"PreviewType\" : \"table\"}","TemplatePath":"app/modules/dashboard/views/webparts/widgetSocial.html","IsSystemLocked":false,"Category":{"Id":11,"Name":"Social","CategoryKey":"WebPartDefinition_Social","Description":"Social","ParentId":1,"OrdinalPosition":null},"Id":98},{"WebPartDefinitionKey":"SocialMyFeed","Title":"My Feed","Description":"View and make updates to your Social feed, including groups for which you are a member and public groups.","SubTitle":"My Feed","WebPartIconName":null,"WidgetNotificationMode":0,"WidgetDeeplinkUrlText":null,"CategoryName":"Social","IsWebPartEnabled":true,"TypeName":null,"WebPartServiceAgentInterfaceTypeName":null,"WebPartDefinitionXml":null,"HideWebPartHeader":false,"HideWebPartFooter":false,"IsFreeFlowing":false,"PillarKey":null,"ChromeStyle":7,"ParameterJSON":"{\"HeaderLinkIcon\": \"\", \"IsCustomEditor\": false, \"PreviewType\" : \"table\"}","TemplatePath":"app/modules/dashboard/views/webparts/widgetSocialMyFeed.html","IsSystemLocked":false,"Category":{"Id":11,"Name":"Social","CategoryKey":"WebPartDefinition_Social","Description":"Social","ParentId":1,"OrdinalPosition":null},"Id":99},{"WebPartDefinitionKey":"Social_MyCommunities","Title":"My Social Communities","Description":"Displays social communities that I am a member of","SubTitle":null,"WebPartIconName":null,"WidgetNotificationMode":1,"WidgetDeeplinkUrlText":"View All","CategoryName":"Social","IsWebPartEnabled":true,"TypeName":null,"WebPartServiceAgentInterfaceTypeName":null,"WebPartDefinitionXml":null,"HideWebPartHeader":false,"HideWebPartFooter":false,"IsFreeFlowing":false,"PillarKey":"ELIXHRUI","ChromeStyle":7,"ParameterJSON":"{\"HeaderLinkIcon\":\"\",\"IsCustomEditor\":false,\"PreviewType\":\"table\"}","TemplatePath":"app/modules/dashboard/views/webparts/widgetSocialMyCommunities.html","IsSystemLocked":false,"Category":{"Id":11,"Name":"Social","CategoryKey":"WebPartDefinition_Social","Description":"Social","ParentId":1,"OrdinalPosition":null},"Id":116},{"WebPartDefinitionKey":"Social_CommunityFeed","Title":"My Social Community Feed","Description":"Displays the social activities of communities I am a member of","SubTitle":null,"WebPartIconName":null,"WidgetNotificationMode":1,"WidgetDeeplinkUrlText":"View All","CategoryName":"Social","IsWebPartEnabled":true,"TypeName":null,"WebPartServiceAgentInterfaceTypeName":null,"WebPartDefinitionXml":null,"HideWebPartHeader":false,"HideWebPartFooter":false,"IsFreeFlowing":false,"PillarKey":"ELIXHRUI","ChromeStyle":7,"ParameterJSON":"{\"HeaderLinkIcon\":\"\",\"IsCustomEditor\":false,\"PreviewType\":\"table\"}","TemplatePath":"app/modules/dashboard/views/webparts/widgetSocialCommunityFeed.html","IsSystemLocked":false,"Category":{"Id":11,"Name":"Social","CategoryKey":"WebPartDefinition_Social","Description":"Social","ParentId":1,"OrdinalPosition":null},"Id":117}]},{"Category":{"Id":6,"Name":"Talent","CategoryKey":"WebPartDefinition_Talent","Description":"Talent","ParentId":1,"OrdinalPosition":null},"Definitions":[{"WebPartDefinitionKey":"TM_MyProcesses","Title":"My Processes","Description":"Displays status of active processes and supports linking to the process details.","SubTitle":"My assessments and reviews","WebPartIconName":null,"WidgetNotificationMode":0,"WidgetDeeplinkUrlText":"View All Processes","CategoryName":"Talent","IsWebPartEnabled":true,"TypeName":"SumTotal.SPPortal.WebParts.Core.TM.MyProcesses.MyProcesses, SumTotal.SPPortal.WebParts, Version=1.0.0.0, Culture=neutral, PublicKeyToken=6b7f90fbd13cce01","WebPartServiceAgentInterfaceTypeName":"ITMWebPartContractAsync","WebPartDefinitionXml":null,"HideWebPartHeader":false,"HideWebPartFooter":true,"IsFreeFlowing":false,"PillarKey":"TM","ChromeStyle":7,"ParameterJSON":"{\"HeaderLinkIcon\": \"\", \"IsCustomEditor\": false, \"PreviewType\" : \"table\"}","TemplatePath":"app/modules/dashboard/views/webparts/widgetMyProcess.html","IsSystemLocked":false,"Category":{"Id":6,"Name":"Talent","CategoryKey":"WebPartDefinition_Talent","Description":"Talent","ParentId":1,"OrdinalPosition":null},"Id":44},{"WebPartDefinitionKey":"TM_MyTeamProcesses","Title":"My Team - Process List","Description":"Highlights how many direct reports a manager has active within Talent processes.  Users can drill to specific processes.","SubTitle":"Assessments and reviews within my team","WebPartIconName":null,"WidgetNotificationMode":0,"WidgetDeeplinkUrlText":"View All Team Processes","CategoryName":"Talent","IsWebPartEnabled":true,"TypeName":"SumTotal.SPPortal.WebParts.Core.TM.MyTeamProcesses.MyTeamProcesses, SumTotal.SPPortal.WebParts, Version=1.0.0.0, Culture=neutral, PublicKeyToken=6b7f90fbd13cce01","WebPartServiceAgentInterfaceTypeName":"ITMWebPartContractAsync","WebPartDefinitionXml":null,"HideWebPartHeader":false,"HideWebPartFooter":true,"IsFreeFlowing":false,"PillarKey":"TM","ChromeStyle":7,"ParameterJSON":"{\"HeaderLinkIcon\": \"\", \"IsCustomEditor\": false, \"PreviewType\" : \"table\"}","TemplatePath":"app/modules/dashboard/views/webparts/widgetProcessList.html","IsSystemLocked":false,"Category":{"Id":6,"Name":"Talent","CategoryKey":"WebPartDefinition_Talent","Description":"Talent","ParentId":1,"OrdinalPosition":null},"Id":45},{"WebPartDefinitionKey":"TM_MyTeamGoals","Title":"My Team - Goal Summary","Description":"Lists approved goals for direct reports, highlighting due date, progress, and organizational alignment.","SubTitle":"Results of team goals and accomplishments","WebPartIconName":null,"WidgetNotificationMode":0,"WidgetDeeplinkUrlText":"View All My Team Goals","CategoryName":"Talent","IsWebPartEnabled":true,"TypeName":"SumTotal.SPPortal.WebParts.Core.TM.MyTeamGoals.MyTeamGoals, SumTotal.SPPortal.WebParts, Version=1.0.0.0, Culture=neutral, PublicKeyToken=6b7f90fbd13cce01","WebPartServiceAgentInterfaceTypeName":"ITMWebPartContractAsync","WebPartDefinitionXml":null,"HideWebPartHeader":false,"HideWebPartFooter":true,"IsFreeFlowing":false,"PillarKey":"TM","ChromeStyle":7,"ParameterJSON":"{\"HeaderLinkIcon\": \"\", \"IsCustomEditor\": false, \"ChartConfig\":{\"columnMap\":[\"value\"], \"barType\":\"bar\", \"ChartLabelColumn\":\"dataName\"}, \"PreviewType\":\"barChart\"}","TemplatePath":"app/modules/dashboard/views/webparts/widgetMyTeamGoalSummary.html","IsSystemLocked":false,"Category":{"Id":6,"Name":"Talent","CategoryKey":"WebPartDefinition_Talent","Description":"Talent","ParentId":1,"OrdinalPosition":null},"Id":46},{"WebPartDefinitionKey":"TM_MyTeamPerformanceRatingDistribution","Title":"Performance Bell Curve (Manager)","Description":"Organizes direct reports based on their ratings against organizational targeted values.","SubTitle":"Results of team performance reviews","WebPartIconName":null,"WidgetNotificationMode":0,"WidgetDeeplinkUrlText":null,"CategoryName":"Talent","IsWebPartEnabled":true,"TypeName":"SumTotal.SPPortal.WebParts.Core.TM.MyTeamPRD.MyTeamPRD, SumTotal.SPPortal.WebParts, Version=1.0.0.0, Culture=neutral, PublicKeyToken=6b7f90fbd13cce01","WebPartServiceAgentInterfaceTypeName":"ITMWebPartContractAsync","WebPartDefinitionXml":null,"HideWebPartHeader":false,"HideWebPartFooter":true,"IsFreeFlowing":false,"PillarKey":"TM","ChromeStyle":7,"ParameterJSON":"{\"HeaderLinkIcon\": \"\", \"IsCustomEditor\": false, \"ChartConfig\":{\"columnMap\":[\"itemName\", \"count\", \"target\"]}, \"PreviewType\":\"bellChart\"}","TemplatePath":"app/modules/dashboard/views/webparts/widgetRatingDistribution.html","IsSystemLocked":false,"Category":{"Id":6,"Name":"Talent","CategoryKey":"WebPartDefinition_Talent","Description":"Talent","ParentId":1,"OrdinalPosition":null},"Id":47},{"WebPartDefinitionKey":"TM_MyTeamGoalsDetail","Title":"My Team Goals","Description":"Displays all goals and current status for direct reports.","SubTitle":"Detailed information about my team's goals","WebPartIconName":null,"WidgetNotificationMode":0,"WidgetDeeplinkUrlText":"View all my team goals","CategoryName":"Talent","IsWebPartEnabled":true,"TypeName":"SumTotal.SPPortal.WebParts.Core.TM.MyTeamGoalsDetail.MyTeamGoalsDetail, SumTotal.SPPortal.WebParts, Version=1.0.0.0, Culture=neutral, PublicKeyToken=6b7f90fbd13cce01","WebPartServiceAgentInterfaceTypeName":"ITMWebPartContractAsync","WebPartDefinitionXml":null,"HideWebPartHeader":false,"HideWebPartFooter":true,"IsFreeFlowing":false,"PillarKey":"TM","ChromeStyle":7,"ParameterJSON":"{\"HeaderLinkIcon\": \"\", \"IsCustomEditor\": false, \"PreviewType\" : \"table\"}","TemplatePath":"app/modules/dashboard/views/webparts/widgetMyTeamGoals.html","IsSystemLocked":false,"Category":{"Id":6,"Name":"Talent","CategoryKey":"WebPartDefinition_Talent","Description":"Talent","ParentId":1,"OrdinalPosition":null},"Id":48},{"WebPartDefinitionKey":"TM_MyTeamPerformanceProgress","Title":"Team Performance Progress","Description":"Highlights progress against performance processes for direct reports.","SubTitle":"Displays performance processes and the number of employees on each step.","WebPartIconName":null,"WidgetNotificationMode":0,"WidgetDeeplinkUrlText":"Team Completion Report","CategoryName":"Talent","IsWebPartEnabled":true,"TypeName":"SumTotal.SPPortal.WebParts.Core.TM.MyTeamPerfProg.MyTeamPerfProg, SumTotal.SPPortal.WebParts, Version=1.0.0.0, Culture=neutral, PublicKeyToken=6b7f90fbd13cce01","WebPartServiceAgentInterfaceTypeName":"ITMWebPartContractAsync","WebPartDefinitionXml":null,"HideWebPartHeader":false,"HideWebPartFooter":true,"IsFreeFlowing":false,"PillarKey":"TM","ChromeStyle":7,"ParameterJSON":"{\"HeaderLinkIcon\": \"\", \"IsCustomEditor\": false, \"PreviewType\" : \"table\"}","TemplatePath":"app/modules/dashboard/views/webparts/widgetTeamPerformanceProgress.html","IsSystemLocked":false,"Category":{"Id":6,"Name":"Talent","CategoryKey":"WebPartDefinition_Talent","Description":"Talent","ParentId":1,"OrdinalPosition":null},"Id":49},{"WebPartDefinitionKey":"TM_Top5TeamStrengths","Title":"Top 5 Team Strengths","Description":"Identifies team strengths by highlighting average scores of the five highest scored competencies of direct reports.","SubTitle":"Competency Strengths for Your Team","WebPartIconName":null,"WidgetNotificationMode":0,"WidgetDeeplinkUrlText":null,"CategoryName":"Talent","IsWebPartEnabled":true,"TypeName":"SumTotal.SPPortal.WebParts.Core.Performance.Top5TeamStrengths.Top5TeamStrengths, SumTotal.SPPortal.WebParts, Version=1.0.0.0, Culture=neutral, PublicKeyToken=6b7f90fbd13cce01","WebPartServiceAgentInterfaceTypeName":"IPerformanceWebPartContractAsync","WebPartDefinitionXml":null,"HideWebPartHeader":false,"HideWebPartFooter":true,"IsFreeFlowing":false,"PillarKey":"TM","ChromeStyle":7,"ParameterJSON":"{\"HeaderLinkIcon\": \"\", \"IsCustomEditor\": false, \"ChartConfig\":{\"columnMap\":[\"value\"], \"barType\":\"bar\", \"ChartLabelColumn\":\"dataName\"}, \"PreviewType\":\"barChart\"}","TemplatePath":"app/modules/dashboard/views/webparts/widgetTop5TeamStrengths.html","IsSystemLocked":false,"Category":{"Id":6,"Name":"Talent","CategoryKey":"WebPartDefinition_Talent","Description":"Talent","ParentId":1,"OrdinalPosition":null},"Id":50},{"WebPartDefinitionKey":"TM_MyTeamSuccessionStatus","Title":"Team Succession Status","Description":"Provides readiness metrics for direct reports being groomed as successors.","SubTitle":"Succession Information for Your Team","WebPartIconName":null,"WidgetNotificationMode":0,"WidgetDeeplinkUrlText":"View Succession Dashboard","CategoryName":"Talent","IsWebPartEnabled":true,"TypeName":"SumTotal.SPPortal.WebParts.Core.Succession.TeamSuccessionStatus.TeamSuccessionStatus, SumTotal.SPPortal.WebParts, Version=1.0.0.0, Culture=neutral, PublicKeyToken=6b7f90fbd13cce01","WebPartServiceAgentInterfaceTypeName":"ISuccessionWebPartContractAsync","WebPartDefinitionXml":null,"HideWebPartHeader":false,"HideWebPartFooter":true,"IsFreeFlowing":false,"PillarKey":"TM","ChromeStyle":7,"ParameterJSON":"{\"HeaderLinkIcon\": \"\", \"IsCustomEditor\": false, \"ChartConfig\":{\"IsStacked\": true,\"columnMap\":[\"lowBenchStrength\", \"mediumBenchStrength\", \"highBenchStrength\"],\"ChartLabelColumn\":\"name\"},\"PreviewType\":\"barChart\"}","TemplatePath":"app/modules/dashboard/views/webparts/widgetTeamSuccessionStatus.html","IsSystemLocked":false,"Category":{"Id":6,"Name":"Talent","CategoryKey":"WebPartDefinition_Talent","Description":"Talent","ParentId":1,"OrdinalPosition":null},"Id":51},{"WebPartDefinitionKey":"TM_Top5TeamWeaknesses","Title":"Top 5 Team Weaknesses","Description":"Identifies team weaknesses by highlighting average scores of the five lowest scored competencies of direct reports.","SubTitle":"Team Development Opportunities","WebPartIconName":null,"WidgetNotificationMode":0,"WidgetDeeplinkUrlText":null,"CategoryName":"Talent","IsWebPartEnabled":true,"TypeName":"SumTotal.SPPortal.WebParts.Core.Performance.Top5TeamWeaknesses.Top5TeamWeaknesses, SumTotal.SPPortal.WebParts, Version=1.0.0.0, Culture=neutral, PublicKeyToken=6b7f90fbd13cce01","WebPartServiceAgentInterfaceTypeName":"IPerformanceWebPartContractAsync","WebPartDefinitionXml":null,"HideWebPartHeader":false,"HideWebPartFooter":true,"IsFreeFlowing":false,"PillarKey":"TM","ChromeStyle":7,"ParameterJSON":"{\"HeaderLinkIcon\": \"\", \"IsCustomEditor\": false, \"ChartConfig\":{\"columnMap\":[\"value\"], \"barType\":\"bar\", \"ChartLabelColumn\":\"dataName\"},\"PreviewType\":\"barChart\"}","TemplatePath":"app/modules/dashboard/views/webparts/widgetTop5TeamWeaknesses.html","IsSystemLocked":false,"Category":{"Id":6,"Name":"Talent","CategoryKey":"WebPartDefinition_Talent","Description":"Talent","ParentId":1,"OrdinalPosition":null},"Id":52},{"WebPartDefinitionKey":"TM_TeamRetentionRisk","Title":"Team Retention Risk","Description":"Highlights potential retention risks related to a manager's team.","SubTitle":"Flight Risks for Your Team","WebPartIconName":null,"WidgetNotificationMode":0,"WidgetDeeplinkUrlText":"View Succession Dashboard","CategoryName":"Talent","IsWebPartEnabled":true,"TypeName":"SumTotal.SPPortal.WebParts.Core.Succession.TeamRetentionRisk.TeamRetentionRisk, SumTotal.SPPortal.WebParts, Version=1.0.0.0, Culture=neutral, PublicKeyToken=6b7f90fbd13cce01","WebPartServiceAgentInterfaceTypeName":"ISuccessionWebPartContractAsync","WebPartDefinitionXml":null,"HideWebPartHeader":false,"HideWebPartFooter":true,"IsFreeFlowing":false,"PillarKey":"TM","ChromeStyle":7,"ParameterJSON":"{\"HeaderLinkIcon\": \"\", \"IsCustomEditor\": false, \"ChartConfig\":{\"columnMap\":[\"employees\"], \"barType\":\"bar\", \"ChartLabelColumn\":\"name\"},\"PreviewType\":\"barChart\"}","TemplatePath":"app/modules/dashboard/views/webparts/widgetTeamRetentionRisk.html","IsSystemLocked":false,"Category":{"Id":6,"Name":"Talent","CategoryKey":"WebPartDefinition_Talent","Description":"Talent","ParentId":1,"OrdinalPosition":null},"Id":53},{"WebPartDefinitionKey":"TM_MyTeamDevelopmentStatus","Title":"Team Development Status","Description":"Displays direct report development goals and highlights where manager mentoring may be required.","SubTitle":"Development Status for Your Team","WebPartIconName":null,"WidgetNotificationMode":0,"WidgetDeeplinkUrlText":null,"CategoryName":"Talent","IsWebPartEnabled":true,"TypeName":"SumTotal.SPPortal.WebParts.Core.Performance.TeamDevelopmentStatus.TeamDevelopmentStatus, SumTotal.SPPortal.WebParts, Version=1.0.0.0, Culture=neutral, PublicKeyToken=6b7f90fbd13cce01","WebPartServiceAgentInterfaceTypeName":"IPerformanceWebPartContractAsync","WebPartDefinitionXml":null,"HideWebPartHeader":false,"HideWebPartFooter":true,"IsFreeFlowing":false,"PillarKey":"TM","ChromeStyle":7,"ParameterJSON":"{\"HeaderLinkIcon\": \"\", \"IsCustomEditor\": false, \"ChartConfig\":{\"columnMap\":[\"employees\"], \"barType\":\"bar\", \"ChartLabelColumn\":\"name\"},\"PreviewType\":\"barChart\"}","TemplatePath":"app/modules/dashboard/views/webparts/widgetTeamDevelopmentStatus.html","IsSystemLocked":false,"Category":{"Id":6,"Name":"Talent","CategoryKey":"WebPartDefinition_Talent","Description":"Talent","ParentId":1,"OrdinalPosition":null},"Id":54},{"WebPartDefinitionKey":"TM_BudgetSummary","Title":"Budget Summary","Description":"Displays  budget spend percentages for compensation processes.","SubTitle":"Information About Compensation Budgets","WebPartIconName":null,"WidgetNotificationMode":0,"WidgetDeeplinkUrlText":null,"CategoryName":"Talent","IsWebPartEnabled":true,"TypeName":"SumTotal.SPPortal.WebParts.Core.Compensation.BudgetSummary.BudgetSummary, SumTotal.SPPortal.WebParts, Version=1.0.0.0, Culture=neutral, PublicKeyToken=6b7f90fbd13cce01","WebPartServiceAgentInterfaceTypeName":"ICompensationWebPartContractAsync","WebPartDefinitionXml":null,"HideWebPartHeader":false,"HideWebPartFooter":true,"IsFreeFlowing":false,"PillarKey":"TM","ChromeStyle":7,"ParameterJSON":"{\"HeaderLinkIcon\": \"\", \"IsCustomEditor\": false, \"ChartConfig\":{\"columnMap\":[\"spent\"], \"barType\":\"bar\", \"ChartLabelColumn\":\"name\"},\"PreviewType\":\"barChart\"}","TemplatePath":"app/modules/dashboard/views/webparts/widgetBudgetSummary.html","IsSystemLocked":false,"Category":{"Id":6,"Name":"Talent","CategoryKey":"WebPartDefinition_Talent","Description":"Talent","ParentId":1,"OrdinalPosition":null},"Id":55},{"WebPartDefinitionKey":"HRMS_Demographics","Title":"HR Management Demographics","Description":"Displays basic personal information of the current user.","SubTitle":"Get HRMS demographics of current user","WebPartIconName":null,"WidgetNotificationMode":0,"WidgetDeeplinkUrlText":null,"CategoryName":"Talent","IsWebPartEnabled":true,"TypeName":"SumTotal.SPPortal.WebParts.Core.HRMS.HRMSDemographics.HRMSDemographics, SumTotal.SPPortal.WebParts, Version=1.0.0.0, Culture=neutral, PublicKeyToken=6b7f90fbd13cce01","WebPartServiceAgentInterfaceTypeName":"IHRMSWebPartContractAsync","WebPartDefinitionXml":null,"HideWebPartHeader":false,"HideWebPartFooter":true,"IsFreeFlowing":false,"PillarKey":"TM","ChromeStyle":7,"ParameterJSON":"{\"HeaderLinkIcon\":\"\",\"IsCustomEditor\":false,\"PreviewType\":\"table\"}","TemplatePath":"app/modules/dashboard/views/webparts/widgetHRMSDemographics.html","IsSystemLocked":false,"Category":{"Id":6,"Name":"Talent","CategoryKey":"WebPartDefinition_Talent","Description":"Talent","ParentId":1,"OrdinalPosition":null},"Id":56},{"WebPartDefinitionKey":"HRMS_AddrInfo","Title":"HR Management Address Information","Description":"Displays address information of current user","SubTitle":"Get address information of current user","WebPartIconName":null,"WidgetNotificationMode":0,"WidgetDeeplinkUrlText":null,"CategoryName":"Talent","IsWebPartEnabled":true,"TypeName":"SumTotal.SPPortal.WebParts.Core.HRMS.HRMSAddrInfo.HRMSAddrInfo, SumTotal.SPPortal.WebParts, Version=1.0.0.0, Culture=neutral, PublicKeyToken=6b7f90fbd13cce01","WebPartServiceAgentInterfaceTypeName":"IHRMSWebPartContractAsync","WebPartDefinitionXml":null,"HideWebPartHeader":false,"HideWebPartFooter":true,"IsFreeFlowing":false,"PillarKey":"TM","ChromeStyle":7,"ParameterJSON":"{\"HeaderLinkIcon\":\"\",\"IsCustomEditor\":false,\"PreviewType\":\"table\"}","TemplatePath":"app/modules/dashboard/views/webparts/widgetHRMSAddressInfo.html","IsSystemLocked":false,"Category":{"Id":6,"Name":"Talent","CategoryKey":"WebPartDefinition_Talent","Description":"Talent","ParentId":1,"OrdinalPosition":null},"Id":57},{"WebPartDefinitionKey":"TM_MyFeedbacks","Title":"My Feedback","Description":"Displays feedbacks provided to user.","SubTitle":"My Feedbacks","WebPartIconName":null,"WidgetNotificationMode":0,"WidgetDeeplinkUrlText":null,"CategoryName":"Talent","IsWebPartEnabled":true,"TypeName":null,"WebPartServiceAgentInterfaceTypeName":null,"WebPartDefinitionXml":null,"HideWebPartHeader":false,"HideWebPartFooter":true,"IsFreeFlowing":false,"PillarKey":"TM","ChromeStyle":7,"ParameterJSON":"{\"HeaderLinkIcon\": \"\", \"IsCustomEditor\": false, \"PreviewType\" : \"configMyFeedback\", \"Config\":{\"NumberOfComments\": \"5\", \"ShowCompetencies\": true, \"ShowGoals\": true}}","TemplatePath":"app/modules/core/views/continuousfeedback/LandingPage.html","IsSystemLocked":false,"Category":{"Id":6,"Name":"Talent","CategoryKey":"WebPartDefinition_Talent","Description":"Talent","ParentId":1,"OrdinalPosition":null},"Id":91},{"WebPartDefinitionKey":"Continuous_Review","Title":"My Team Feedback","Description":"Displays FeedBack Data For Direct Reportees","SubTitle":"My Team Feedback","WebPartIconName":null,"WidgetNotificationMode":0,"WidgetDeeplinkUrlText":null,"CategoryName":"Talent","IsWebPartEnabled":true,"TypeName":null,"WebPartServiceAgentInterfaceTypeName":null,"WebPartDefinitionXml":null,"HideWebPartHeader":false,"HideWebPartFooter":false,"IsFreeFlowing":false,"PillarKey":"TM","ChromeStyle":7,"ParameterJSON":"{\"HeaderLinkIcon\": \"\", \"IsCustomEditor\": false, \"PreviewType\" : \"table\"}","TemplatePath":"app/modules/dashboard/views/webparts/continuousReviewDashboard.html","IsSystemLocked":false,"Category":{"Id":6,"Name":"Talent","CategoryKey":"WebPartDefinition_Talent","Description":"Talent","ParentId":1,"OrdinalPosition":null},"Id":92},{"WebPartDefinitionKey":"Rec_Application_Status","Title":"Application Status","Description":"Track your job applications. You can view your application, check your fit for the job (based on how well your resume matches job requirements), or withdraw your application.","SubTitle":"Requisition Application Status","WebPartIconName":null,"WidgetNotificationMode":0,"WidgetDeeplinkUrlText":null,"CategoryName":"Talent","IsWebPartEnabled":true,"TypeName":null,"WebPartServiceAgentInterfaceTypeName":null,"WebPartDefinitionXml":null,"HideWebPartHeader":false,"HideWebPartFooter":false,"IsFreeFlowing":false,"PillarKey":null,"ChromeStyle":7,"ParameterJSON":"{\"HeaderLinkIcon\": \"\", \"IsCustomEditor\": false, \"PreviewType\" : \"table\"}","TemplatePath":"app/modules/dashboard/views/webparts/widgetApplicationStatus.html","IsSystemLocked":false,"Category":{"Id":6,"Name":"Talent","CategoryKey":"WebPartDefinition_Talent","Description":"Talent","ParentId":1,"OrdinalPosition":null},"Id":103},{"WebPartDefinitionKey":"Rec_Fav_Jobs","Title":"Favorite Jobs","Description":"Keep track of your favorite jobs. You can apply for these jobs if they are still accepting applications.","SubTitle":"Requisition Favorite Jobs","WebPartIconName":null,"WidgetNotificationMode":0,"WidgetDeeplinkUrlText":null,"CategoryName":"Talent","IsWebPartEnabled":true,"TypeName":null,"WebPartServiceAgentInterfaceTypeName":null,"WebPartDefinitionXml":null,"HideWebPartHeader":false,"HideWebPartFooter":false,"IsFreeFlowing":false,"PillarKey":null,"ChromeStyle":7,"ParameterJSON":"{\"HeaderLinkIcon\": \"\", \"IsCustomEditor\": false, \"PreviewType\" : \"table\"}","TemplatePath":"app/modules/dashboard/views/webparts/widgetFavoriteJobs.html","IsSystemLocked":false,"Category":{"Id":6,"Name":"Talent","CategoryKey":"WebPartDefinition_Talent","Description":"Talent","ParentId":1,"OrdinalPosition":null},"Id":104},{"WebPartDefinitionKey":"Rec_Recommended_Jobs","Title":"Recommended Jobs","Description":"View jobs recommended for you, based on your fit for job requirements and your location.","SubTitle":"Requisition Favorite Jobs","WebPartIconName":null,"WidgetNotificationMode":0,"WidgetDeeplinkUrlText":null,"CategoryName":"Talent","IsWebPartEnabled":true,"TypeName":null,"WebPartServiceAgentInterfaceTypeName":null,"WebPartDefinitionXml":null,"HideWebPartHeader":false,"HideWebPartFooter":false,"IsFreeFlowing":false,"PillarKey":null,"ChromeStyle":7,"ParameterJSON":"{\"HeaderLinkIcon\": \"\", \"IsCustomEditor\": false, \"PreviewType\" : \"table\"}","TemplatePath":"app/modules/dashboard/views/webparts/widgetRecommendedJobs.html","IsSystemLocked":false,"Category":{"Id":6,"Name":"Talent","CategoryKey":"WebPartDefinition_Talent","Description":"Talent","ParentId":1,"OrdinalPosition":null},"Id":105}]},{"Category":{"Id":28,"Name":"Enterprise Search Configuration","CategoryKey":"ENTERPRISE_SEARCH","Description":"The category for enterprise search settings","ParentId":0,"OrdinalPosition":"1"},"Definitions":[{"WebPartDefinitionKey":"FTE_Custom_Widget","Title":"Custom Widget","Description":"Widget for First Time Search Experience","SubTitle":null,"WebPartIconName":null,"WidgetNotificationMode":0,"WidgetDeeplinkUrlText":null,"CategoryName":"Enterprise Search Configuration","IsWebPartEnabled":true,"TypeName":null,"WebPartServiceAgentInterfaceTypeName":null,"WebPartDefinitionXml":null,"HideWebPartHeader":false,"HideWebPartFooter":true,"IsFreeFlowing":false,"PillarKey":null,"ChromeStyle":7,"ParameterJSON":"{\"HeaderLinkIcon\": \"\", \"IsCustomEditor\": true, \"PreviewType\" : \"search\", \"WidgetContent\":\"\", \"icon\":\"fa-code\"}","TemplatePath":"app/modules/dashboard/views/searchWidgets/customWidget.html","IsSystemLocked":false,"Category":{"Id":28,"Name":"Enterprise Search Configuration","CategoryKey":"ENTERPRISE_SEARCH","Description":"The category for enterprise search settings","ParentId":0,"OrdinalPosition":"1"},"Id":71},{"WebPartDefinitionKey":"Find_Course","Title":"Find a Course","Description":"Provides a launching point to search for courses in the learning library.","SubTitle":null,"WebPartIconName":null,"WidgetNotificationMode":0,"WidgetDeeplinkUrlText":null,"CategoryName":"Enterprise Search Configuration","IsWebPartEnabled":true,"TypeName":null,"WebPartServiceAgentInterfaceTypeName":null,"WebPartDefinitionXml":null,"HideWebPartHeader":false,"HideWebPartFooter":false,"IsFreeFlowing":false,"PillarKey":null,"ChromeStyle":7,"ParameterJSON":"{ \"HeaderLinkIcon\": \"\", \"IsCustomEditor\": false, \"PreviewType\": \"search\", \"WidgetContent\": [\t{ \"contentItem\": \"ENTERPRISE_SEARCH_FIND_COURSE_CONTENT_ITEM\", \"contentDescription\": \"ENTERPRISE_SEARCH_FIND_COURSE_CONTENT_DESC\", \"isLink\": false\t},\t{ \"contentItem\": \"ENTERPRISE_SEARCH_FIND_COURSE_CONTENT_ITEM_TWO\", \"contentDescription\": \"ENTERPRISE_SEARCH_FIND_COURSE_CONTENT_DESC_TWO\", \"contentLink\": \"ENTERPRISE_SEARCH_LEARNER_DASHBOARD_LINK\", \"isLink\": true , \"link\" : \"/dash/learning\"\t} ], \"icon\":\"fa-desktop\", \"catalogItem\":\"Course\"\t}","TemplatePath":"app/modules/dashboard/views/searchWidgets/findCourse.html","IsSystemLocked":false,"Category":{"Id":28,"Name":"Enterprise Search Configuration","CategoryKey":"ENTERPRISE_SEARCH","Description":"The category for enterprise search settings","ParentId":0,"OrdinalPosition":"1"},"Id":72},{"WebPartDefinitionKey":"Find_Video","Title":"Find a Video","Description":"Provides a launching point to search for videos in the learning library.","SubTitle":null,"WebPartIconName":null,"WidgetNotificationMode":0,"WidgetDeeplinkUrlText":null,"CategoryName":"Enterprise Search Configuration","IsWebPartEnabled":true,"TypeName":null,"WebPartServiceAgentInterfaceTypeName":null,"WebPartDefinitionXml":null,"HideWebPartHeader":false,"HideWebPartFooter":false,"IsFreeFlowing":false,"PillarKey":null,"ChromeStyle":7,"ParameterJSON":"{\"HeaderLinkIcon\":\"\",\"IsCustomEditor\":false,\"PreviewType\":\"search\",\"WidgetContent\":[{\"contentItem\":\"ENTERPRISE_SEARCH_FIND_VIDEO_CONTENT_ITEM\",\"contentDescription\":\"ENTERPRISE_SEARCH_FIND_VIDEO_CONTENT_DESC\",\"isLink\":false},{\"contentItem\":\"ENTERPRISE_SEARCH_FIND_VIDEO_CONTENT_ITEM_TWO\",\"contentDescription\":\"ENTERPRISE_SEARCH_FIND_VIDEO_CONTENT_DESC_TWO\",\"contentLink\":\"ENTERPRISE_SEARCH_LEARNER_DASHBOARD_LINK\",\"isLink\":true,\"link\":\"/dash/learning\"}],\"icon\":\"fa-video-camera\",\"catalogItem\":\"Video\"}","TemplatePath":"app/modules/dashboard/views/searchWidgets/findVideo.html","IsSystemLocked":false,"Category":{"Id":28,"Name":"Enterprise Search Configuration","CategoryKey":"ENTERPRISE_SEARCH","Description":"The category for enterprise search settings","ParentId":0,"OrdinalPosition":"1"},"Id":73},{"WebPartDefinitionKey":"Find_Person","Title":"Find another Person","Description":"Provides a launching point to search for people.","SubTitle":null,"WebPartIconName":null,"WidgetNotificationMode":0,"WidgetDeeplinkUrlText":null,"CategoryName":"Enterprise Search Configuration","IsWebPartEnabled":true,"TypeName":null,"WebPartServiceAgentInterfaceTypeName":null,"WebPartDefinitionXml":null,"HideWebPartHeader":false,"HideWebPartFooter":false,"IsFreeFlowing":false,"PillarKey":null,"ChromeStyle":7,"ParameterJSON":"{\"HeaderLinkIcon\":\"\",\"IsCustomEditor\":false,\"PreviewType\":\"search\",\"WidgetContent\":[{\"contentItem\":\"ENTERPRISE_SEARCH_FIND_PERSON_CONTENT_ITEM\",\"contentDescription\":\"ENTERPRISE_SEARCH_FIND_PERSON_CONTENT_DESC\",\"isLink\":false}],\"icon\":\"fa-users\"}","TemplatePath":"app/modules/dashboard/views/searchWidgets/findPerson.html","IsSystemLocked":false,"Category":{"Id":28,"Name":"Enterprise Search Configuration","CategoryKey":"ENTERPRISE_SEARCH","Description":"The category for enterprise search settings","ParentId":0,"OrdinalPosition":"1"},"Id":74},{"WebPartDefinitionKey":"Find_Report","Title":"Find a Report","Description":"Provides a launching point to search for reports.","SubTitle":null,"WebPartIconName":null,"WidgetNotificationMode":0,"WidgetDeeplinkUrlText":null,"CategoryName":"Enterprise Search Configuration","IsWebPartEnabled":true,"TypeName":null,"WebPartServiceAgentInterfaceTypeName":null,"WebPartDefinitionXml":null,"HideWebPartHeader":false,"HideWebPartFooter":false,"IsFreeFlowing":false,"PillarKey":null,"ChromeStyle":7,"ParameterJSON":"{\"HeaderLinkIcon\":\"\",\"IsCustomEditor\":false,\"PreviewType\":\"search\",\"WidgetContent\":[{\"contentItem\":\"ENTERPRISE_SEARCH_FIND_REPORT_CONTENT_ITEM\",\"isLink\":true},{\"contentItem\":\"ENTERPRISE_SEARCH_FIND_REPORT_CONTENT_ITEM_TWO\",\"contentDescription\":\"ENTERPRISE_SEARCH_FIND_REPORT_CONTENT_DESC_TWO\",\"isLink\":false}],\"icon\":\"fa-file-text-o\"}","TemplatePath":"app/modules/dashboard/views/searchWidgets/findReport.html","IsSystemLocked":false,"Category":{"Id":28,"Name":"Enterprise Search Configuration","CategoryKey":"ENTERPRISE_SEARCH","Description":"The category for enterprise search settings","ParentId":0,"OrdinalPosition":"1"},"Id":75},{"WebPartDefinitionKey":"Find_Admin_Page","Title":"Find an Admin Page","Description":"Provides a launching point to search for administrator functions.","SubTitle":null,"WebPartIconName":null,"WidgetNotificationMode":0,"WidgetDeeplinkUrlText":null,"CategoryName":"Enterprise Search Configuration","IsWebPartEnabled":true,"TypeName":null,"WebPartServiceAgentInterfaceTypeName":null,"WebPartDefinitionXml":null,"HideWebPartHeader":false,"HideWebPartFooter":false,"IsFreeFlowing":false,"PillarKey":null,"ChromeStyle":7,"ParameterJSON":"{ \"HeaderLinkIcon\": \"\", \"IsCustomEditor\": false, \"PreviewType\": \"search\", \"WidgetContent\": [\t{ \"contentItem\": \"ENTERPRISE_SEARCH_FIND_ADMIN_CONTENT_ITEM\", \"contentDescription\": \"ENTERPRISE_SEARCH_FIND_ADMIN_CONTENT_DESC\", \"isLink\": false\t} ], \"icon\":\"fa-lock\"\t}","TemplatePath":"app/modules/dashboard/views/searchWidgets/findAdminPage.html","IsSystemLocked":false,"Category":{"Id":28,"Name":"Enterprise Search Configuration","CategoryKey":"ENTERPRISE_SEARCH","Description":"The category for enterprise search settings","ParentId":0,"OrdinalPosition":"1"},"Id":76},{"WebPartDefinitionKey":"Edit_Profile","Title":"Edit Your Profile","Description":"Edit your profile.","SubTitle":null,"WebPartIconName":null,"WidgetNotificationMode":0,"WidgetDeeplinkUrlText":null,"CategoryName":"Enterprise Search Configuration","IsWebPartEnabled":true,"TypeName":null,"WebPartServiceAgentInterfaceTypeName":null,"WebPartDefinitionXml":null,"HideWebPartHeader":false,"HideWebPartFooter":false,"IsFreeFlowing":false,"PillarKey":null,"ChromeStyle":7,"ParameterJSON":"{\"HeaderLinkIcon\":\"\",\"IsCustomEditor\":false,\"PreviewType\":\"search\",\"WidgetContent\":[{\"contentItem\":\"ENTERPRISE_SEARCH_EDIT_PROFILE_CONTENT_ITEM\",\"isLink\":true,\"link\":\"/dash/profile\"}],\"icon\":\"fa-user\"}","TemplatePath":"app/modules/dashboard/views/searchWidgets/editProfile.html","IsSystemLocked":false,"Category":{"Id":28,"Name":"Enterprise Search Configuration","CategoryKey":"ENTERPRISE_SEARCH","Description":"The category for enterprise search settings","ParentId":0,"OrdinalPosition":"1"},"Id":77},{"WebPartDefinitionKey":"Find_Activity","Title":"Find an Activity","Description":"Provides a launching point to search for courses.","SubTitle":null,"WebPartIconName":null,"WidgetNotificationMode":0,"WidgetDeeplinkUrlText":null,"CategoryName":"Enterprise Search Configuration","IsWebPartEnabled":true,"TypeName":null,"WebPartServiceAgentInterfaceTypeName":null,"WebPartDefinitionXml":null,"HideWebPartHeader":false,"HideWebPartFooter":false,"IsFreeFlowing":false,"PillarKey":null,"ChromeStyle":7,"ParameterJSON":"{\"HeaderLinkIcon\":\"\",\"IsCustomEditor\":false,\"PreviewType\":\"search\",\"WidgetContent\":[{\"contentItem\":\"ENTERPRISE_SEARCH_FIND_ACTIVITY_CONTENT_ITEM\",\"contentDescription\":\"ENTERPRISE_SEARCH_FIND_ACTIVITY_CONTENT_DESC\",\"isLink\":false},{\"contentItem\":\"ENTERPRISE_SEARCH_FIND_ACTIVITY_CONTENT_ITEM_TWO\",\"contentDescription\":\"ENTERPRISE_SEARCH_FIND_ACTIVITY_CONTENT_DESC_TWO\",\"contentLink\":\"ENTERPRISE_SEARCH_LEARNER_DASHBOARD_LINK\",\"isLink\":true,\"link\":\"/dash/learning\"}],\"icon\":\"fa-edit\",\"catalogItem\":\"Activity\"}","TemplatePath":"app/modules/dashboard/views/searchWidgets/findActivity.html","IsSystemLocked":false,"Category":{"Id":28,"Name":"Enterprise Search Configuration","CategoryKey":"ENTERPRISE_SEARCH","Description":"The category for enterprise search settings","ParentId":0,"OrdinalPosition":"1"},"Id":78},{"WebPartDefinitionKey":"Find_Job","Title":"Find A Job","Description":"Here are a few different ways to find a job:","SubTitle":null,"WebPartIconName":null,"WidgetNotificationMode":0,"WidgetDeeplinkUrlText":null,"CategoryName":"Enterprise Search Configuration","IsWebPartEnabled":true,"TypeName":null,"WebPartServiceAgentInterfaceTypeName":null,"WebPartDefinitionXml":null,"HideWebPartHeader":false,"HideWebPartFooter":false,"IsFreeFlowing":false,"PillarKey":null,"ChromeStyle":7,"ParameterJSON":"{\"HeaderLinkIcon\":\"\",\"IsCustomEditor\":false,\"PreviewType\":\"search\",\"WidgetContent\":[{\"contentItem\":\"ENTERPRISE_SEARCH_FIND_JOB_CONTENT_ITEM\",\"isLink\":true},{\"contentItem\":\"ENTERPRISE_SEARCH_FIND_JOB_CONTENT_ITEM_TWO\",\"contentDescription\":\"ENTERPRISE_SEARCH_FIND_JOB_CONTENT_DESC_TWO\",\"isLink\":false}],\"icon\":\"fa-search\"}","TemplatePath":"app/modules/dashboard/views/searchWidgets/findJob.html","IsSystemLocked":false,"Category":{"Id":28,"Name":"Enterprise Search Configuration","CategoryKey":"ENTERPRISE_SEARCH","Description":"The category for enterprise search settings","ParentId":0,"OrdinalPosition":"1"},"Id":86}]},{"Category":{"Id":1,"Name":"Portal","CategoryKey":"TRANSLATIONS_PORTAL","Description":"The root category to store translation strings for the Portal.","ParentId":0,"OrdinalPosition":"1"},"Definitions":[{"WebPartDefinitionKey":"my_reports","Title":"Embedded Report","Description":"Pins a report from Advanced Reporting on the dashboard.","SubTitle":"Advanced Reporting","WebPartIconName":null,"WidgetNotificationMode":0,"WidgetDeeplinkUrlText":null,"CategoryName":"Portal","IsWebPartEnabled":true,"TypeName":null,"WebPartServiceAgentInterfaceTypeName":null,"WebPartDefinitionXml":null,"HideWebPartHeader":false,"HideWebPartFooter":false,"IsFreeFlowing":false,"PillarKey":"AdvancedReport","ChromeStyle":7,"ParameterJSON":"{\"HeaderLinkIcon\": \"\", \"IsCustomEditor\": false, \"PreviewType\" : \"report\", \"reportUrl\": \"\", \"showToolbar\":\"\"}","TemplatePath":"app/modules/dashboard/views/webparts/MyReport.html","IsSystemLocked":false,"Category":{"Id":1,"Name":"Portal","CategoryKey":"TRANSLATIONS_PORTAL","Description":"The root category to store translation strings for the Portal.","ParentId":0,"OrdinalPosition":"1"},"Id":88},{"WebPartDefinitionKey":"reporting_widget","Title":"Report List","Description":"Displays selected Advanced Reporting reports in a list. Users can click to view a report in a slide-out panel.","SubTitle":"Advanced Reporting","WebPartIconName":null,"WidgetNotificationMode":0,"WidgetDeeplinkUrlText":null,"CategoryName":"Portal","IsWebPartEnabled":true,"TypeName":null,"WebPartServiceAgentInterfaceTypeName":null,"WebPartDefinitionXml":null,"HideWebPartHeader":false,"HideWebPartFooter":false,"IsFreeFlowing":false,"PillarKey":"AdvancedReport","ChromeStyle":7,"ParameterJSON":"{\"HeaderLinkIcon\": \"\", \"IsCustomEditor\": false, \"PreviewType\" : \"reportList\", \"reportUrl\": \"\", \"showToolbar\":\"\"}","TemplatePath":"app/modules/dashboard/views/webparts/widgetARWidget.html","IsSystemLocked":false,"Category":{"Id":1,"Name":"Portal","CategoryKey":"TRANSLATIONS_PORTAL","Description":"The root category to store translation strings for the Portal.","ParentId":0,"OrdinalPosition":"1"},"Id":89}]},{"Category":{"Id":94,"Name":"Requisition","CategoryKey":"WebPartDefinition_Requisition","Description":"Category for Requisition widget.","ParentId":1,"OrdinalPosition":null},"Definitions":[{"WebPartDefinitionKey":"Requisition_Widget","Title":"Requisition Summary","Description":"Displays key summary information about the requisition","SubTitle":"Requisition Summary","WebPartIconName":null,"WidgetNotificationMode":0,"WidgetDeeplinkUrlText":null,"CategoryName":"Requisition","IsWebPartEnabled":true,"TypeName":null,"WebPartServiceAgentInterfaceTypeName":null,"WebPartDefinitionXml":null,"HideWebPartHeader":false,"HideWebPartFooter":false,"IsFreeFlowing":false,"PillarKey":null,"ChromeStyle":7,"ParameterJSON":"{\"HeaderLinkIcon\": \"\", \"IsCustomEditor\": false, \"PreviewType\" : \"table\"}","TemplatePath":"app/modules/dashboard/views/webparts/widgetRequisitionSummary.html","IsSystemLocked":false,"Category":{"Id":94,"Name":"Requisition","CategoryKey":"WebPartDefinition_Requisition","Description":"Category for Requisition widget.","ParentId":1,"OrdinalPosition":null},"Id":100},{"WebPartDefinitionKey":"Requisition_Widget","Title":"Candidate Summary","Description":"Displays candidates by recruiting phase","SubTitle":"Candidate Summary","WebPartIconName":null,"WidgetNotificationMode":0,"WidgetDeeplinkUrlText":null,"CategoryName":"Requisition","IsWebPartEnabled":true,"TypeName":null,"WebPartServiceAgentInterfaceTypeName":null,"WebPartDefinitionXml":null,"HideWebPartHeader":false,"HideWebPartFooter":false,"IsFreeFlowing":false,"PillarKey":null,"ChromeStyle":7,"ParameterJSON":"{\"HeaderLinkIcon\": \"\", \"IsCustomEditor\": false, \"PreviewType\" : \"table\"}","TemplatePath":"app/modules/dashboard/views/webparts/widgetCandidateSummary.html","IsSystemLocked":false,"Category":{"Id":94,"Name":"Requisition","CategoryKey":"WebPartDefinition_Requisition","Description":"Category for Requisition widget.","ParentId":1,"OrdinalPosition":null},"Id":101},{"WebPartDefinitionKey":"Requisition_Widget","Title":"Recently Accessed Applications","Description":"Displays 10 most recently accessed applications for a requisition","SubTitle":"Requisition Summary","WebPartIconName":null,"WidgetNotificationMode":0,"WidgetDeeplinkUrlText":null,"CategoryName":"Requisition","IsWebPartEnabled":true,"TypeName":null,"WebPartServiceAgentInterfaceTypeName":null,"WebPartDefinitionXml":null,"HideWebPartHeader":false,"HideWebPartFooter":false,"IsFreeFlowing":false,"PillarKey":null,"ChromeStyle":7,"ParameterJSON":"{\"HeaderLinkIcon\": \"\", \"IsCustomEditor\": false, \"PreviewType\" : \"table\"}","TemplatePath":"app/modules/dashboard/views/webparts/widgetRecentlyAccessedRequisition.html","IsSystemLocked":false,"Category":{"Id":94,"Name":"Requisition","CategoryKey":"WebPartDefinition_Requisition","Description":"Category for Requisition widget.","ParentId":1,"OrdinalPosition":null},"Id":102}]}]},
        mustSetSecurityQuestions: _.cloneDeep(root.tempStaticData.MustSetSecurityQuestions),
        esbApiRoot: 'https://cl08sales.sumtotaldevelopment.net/Services/api/',
        useCommonHelpUrl: true,
        commonHelpUrl: 'https://help.sumtotaldevelopment.net/',
        tenantName : 'SumTotal'
      });

      staticData.appUris.makeWorkerUri = function (relativePathToWorker) {
        var uri = null;

        if(staticData.debugEnabled) {
          uri = new URI('app/modules/', staticData.appUris.tenantRoot);
        } else {
          uri = new URI('dist/app/modules/', staticData.appUris.tenantRoot);
        }

        uri = new URI(relativePathToWorker, uri);

        return uri.toString();
      };

      return staticData;
    };
  }));
</script>
    <script type="text/javascript">
      (function(root, factory, errorHandler) {
        root.jQuery(root.document).ready(function() {
          root.require(['main'], factory(root));
        });
      }(this, function(root) {
        return function(main) {
          if(root.debugEnabled) {
            console.log('Main resources have been loaded.', main);
          }
        }
      }, function(error) {
        console.error(error);
      }));
    </script>
  </div>


<input id="textAngular-editableFix-010203040506070809" class="ta-hidden-input" unselectable="on" tabindex="-1"><script src="https://maps.googleapis.com/maps/api/js?libraries=places&amp;key=AIzaSyCo5eQjEOueTKAU_vNrb6T0Z4Y4pOmzTl4&amp;language=en&amp;region=US"></script></body>

2018-10-29 15:36:40 - [TEST_STEP][PASSED] - Statement - lenght = substring.indexOf(","): null

2018-10-29 15:36:40 - [TEST_STEP][PASSED] - comment: length545

2018-10-29 15:36:40 - [TEST_STEP][PASSED] - Statement - esb = substring.substring(0, lenght): null

2018-10-29 15:36:40 - [TEST_STEP][PASSED] - comment: esb 'eyJ0eXAiOiJKV1QiLCJhbGciOiJIUzI1NiJ9.eyJpc3MiOiJodHRwOlwvXC93d3cuc3VtdG90YWxzeXN0ZW1zLmNvbVwvY29yZXVpIiwic3ViIjoiTW9kZXJhdG9yIiwiYXVkIjoiQ0wwOF9TQUxFU19URVNUIiwiZXhwIjo2MzY3NjQyNTk3MzYzNzQwMDAsIm5iZiI6MCwiaWF0Ijo2MzY3NjQwNDM3NDE1MzA1NjUsImJzZXNzaW9uaWQiOiIwM2UzY2MwODU5MTg0NjE5ODY4NmM3ZTk2YTNjNWEzMyIsImV1c3JpZCI6bnVsbCwiZXVzcm4iOm51bGwsImN1bCI6ImVuLVVTIiwidXNlcmlkIjoiNzAyMzcxIiwiZ3Vlc3RhY2NvdW50IjowLCJwZXJzb25pZCI6MTAxMTY3LCJpc2V4dGVybmFsIjpmYWxzZSwicnBrZXkiOiJFTElYSFJVSSJ9.6F01A0DCAFF751D5218CD016532836FBA56C679592047136F862087E7F2A6B7B'

2018-10-29 15:36:40 - [TEST_STEP][PASSED] - Statement - esbapitoken = esb.subSequence(2, esb.length() - 1): null

2018-10-29 15:36:40 - [TEST_STEP][PASSED] - comment: esb api token eyJ0eXAiOiJKV1QiLCJhbGciOiJIUzI1NiJ9.eyJpc3MiOiJodHRwOlwvXC93d3cuc3VtdG90YWxzeXN0ZW1zLmNvbVwvY29yZXVpIiwic3ViIjoiTW9kZXJhdG9yIiwiYXVkIjoiQ0wwOF9TQUxFU19URVNUIiwiZXhwIjo2MzY3NjQyNTk3MzYzNzQwMDAsIm5iZiI6MCwiaWF0Ijo2MzY3NjQwNDM3NDE1MzA1NjUsImJzZXNzaW9uaWQiOiIwM2UzY2MwODU5MTg0NjE5ODY4NmM3ZTk2YTNjNWEzMyIsImV1c3JpZCI6bnVsbCwiZXVzcm4iOm51bGwsImN1bCI6ImVuLVVTIiwidXNlcmlkIjoiNzAyMzcxIiwiZ3Vlc3RhY2NvdW50IjowLCJwZXJzb25pZCI6MTAxMTY3LCJpc2V4dGVybmFsIjpmYWxzZSwicnBrZXkiOiJFTElYSFJVSSJ9.6F01A0DCAFF751D5218CD016532836FBA56C679592047136F862087E7F2A6B7B

2018-10-29 15:36:40 - [TEST_STEP][PASSED] - Statement - g_ModeratorToken = esbapitoken: null

2018-10-29 15:36:40 - [TEST_STEP][PASSED] - Statement - decoded = new java.lang.String(javax.xml.bind.DatatypeConverter.parseBase64Binary(esbapitoken)): null

2018-10-29 15:36:40 - [TEST_STEP][PASSED] - Statement - decoded = decoded.substring(decoded.indexOf("}{") + 1): null

2018-10-29 15:36:40 - [TEST_STEP][PASSED] - comment: ESB DECRYPTED {"iss":"http:\/\/www.sumtotalsystems.com\/coreui","sub":"Moderator","aud":"CL08_SALES_TEST","exp":636764259736374000,"nbf":0,"iat":636764043741530565,"bsessionid":"03e3cc08591846198686c7e96a3c5a33","eusrid":null,"eusrn":null,"cul":"en-US","userid":"702371","guestaccount":0,"personid":101167,"isexternal":false,"rpkey":"ELIXHRUI"}�]5@� Q{�P��_Mz�}�ߡA���y�m8�]�ζ����]���

2018-10-29 15:36:40 - [TEST_STEP][PASSED] - Statement - jsonSlurper = new groovy.json.JsonSlurper(): null

2018-10-29 15:36:40 - [TEST_STEP][PASSED] - Statement - object = jsonSlurper.parseText(decoded.toString()): null

2018-10-29 15:36:40 - [TEST_STEP][PASSED] - Statement - userId = personid: null

2018-10-29 15:36:40 - [TEST_STEP][PASSED] - Statement - userName = sub: null

2018-10-29 15:36:40 - [TEST_STEP][PASSED] - Statement - g_NameTemp = userId: null

2018-10-29 15:36:40 - [TEST_STEP][PASSED] - Statement - g_PassTemp = userName: null

2018-10-29 15:36:40 - [TEST_STEP][PASSED] - comment: esb 

2018-10-29 15:36:40 - [TEST_STEP][PASSED] - comment: userid

2018-10-29 15:36:40 - [TEST_STEP][PASSED] - click: Object: 'Object Repository/Login/Page_Home - SumTotal/fa fa-user' is clicked on

2018-10-29 15:36:41 - [MESSAGE][PASSED] - Object: 'Object Repository/Login/Page_Home - SumTotal/fa fa-user' is clicked on

2018-10-29 15:36:41 - [TEST_STEP][PASSED] - closeBrowser: Browser is closed

2018-10-29 15:36:41 - [MESSAGE][PASSED] - Browser is closed]]></system-out>
         <system-err><![CDATA[]]></system-err>
      </testcase>
      <testcase name="Test Cases/Common/EsbToken" classname="Test Cases/Common/EsbToken" status="PASSED">
         <system-out><![CDATA[2018-10-29 15:36:41 - [TEST_CASE][PASSED] - Test Cases/Common/EsbToken: Test Cases/Common/EsbToken

2018-10-29 15:36:41 - [TEST_STEP][PASSED] - dbConnectionPackage.DBConnectionKeyword.CloseConnections: dbConnectionPackage.DBConnectionKeyword.CloseConnections is PASSED

2018-10-29 15:36:51 - [MESSAGE][PASSED] - Delayed 10 second(s)

2018-10-29 15:36:51 - [MESSAGE][PASSED] - dbConnectionPackage.DBConnectionKeyword.CloseConnections is PASSED

2018-10-29 15:36:51 - [TEST_STEP][PASSED] - openBrowser: Browser is opened with url: ''

2018-10-29 15:36:57 - [MESSAGE][PASSED] - Browser is opened with url: ''

2018-10-29 15:36:57 - [TEST_STEP][PASSED] - navigateToUrl: Navigate to 'https://cl08sales.sumtotaldevelopment.net' successfully

2018-10-29 15:36:58 - [MESSAGE][PASSED] - Navigate to 'https://cl08sales.sumtotaldevelopment.net' successfully

2018-10-29 15:36:58 - [TEST_STEP][PASSED] - delay: Delayed 5 second(s)

2018-10-29 15:37:03 - [MESSAGE][PASSED] - Delayed 5 second(s)

2018-10-29 15:37:03 - [TEST_STEP][PASSED] - setText: Text 'admin' is set on object 'Object Repository/EsbToken/Page_Sign In/input_ctl00ctl00ctl00BodyConte'

2018-10-29 15:37:03 - [MESSAGE][PASSED] - Text 'admin' is set on object 'Object Repository/EsbToken/Page_Sign In/input_ctl00ctl00ctl00BodyConte'

2018-10-29 15:37:03 - [TEST_STEP][PASSED] - setText: Text 'Think|Demo' is set on object 'Object Repository/EsbToken/Page_Sign In/input_ctl00ctl00ctl00BodyConte_1'

2018-10-29 15:37:03 - [MESSAGE][PASSED] - Text 'Think|Demo' is set on object 'Object Repository/EsbToken/Page_Sign In/input_ctl00ctl00ctl00BodyConte_1'

2018-10-29 15:37:03 - [TEST_STEP][PASSED] - click: Object: 'Object Repository/EsbToken/Page_Sign In/input_ctl00ctl00ctl00BodyConte_2' is clicked on

2018-10-29 15:37:07 - [MESSAGE][PASSED] - Object: 'Object Repository/EsbToken/Page_Sign In/input_ctl00ctl00ctl00BodyConte_2' is clicked on

2018-10-29 15:37:07 - [TEST_STEP][PASSED] - waitForPageLoad: Wait for page load successfully

2018-10-29 15:37:07 - [MESSAGE][PASSED] - Wait for page load successfully

2018-10-29 15:37:07 - [TEST_STEP][PASSED] - waitForElementPresent: Object 'Object Repository/EsbToken/Page_Home - SumTotal/i_fa fa-user' is present

2018-10-29 15:37:08 - [MESSAGE][PASSED] - Object 'Object Repository/EsbToken/Page_Home - SumTotal/i_fa fa-user' is present

2018-10-29 15:37:08 - [TEST_STEP][PASSED] - Statement - s = com.kms.katalon.core.webui.keyword.WebUiBuiltInKeywords.executeJavaScript("return document.documentElement.innerHTML;", null): Execute JavaScript 'return document.documentElement.innerHTML;' successfully

2018-10-29 15:37:08 - [MESSAGE][PASSED] - Execute JavaScript 'return document.documentElement.innerHTML;' successfully

2018-10-29 15:37:08 - [TEST_STEP][PASSED] - Statement - g_esb = CustomKeywords.validations.Assertions.GetToken(s): validations.Assertions.GetToken is PASSED

2018-10-29 15:37:08 - [MESSAGE][PASSED] - validations.Assertions.GetToken is PASSED

2018-10-29 15:37:08 - [TEST_STEP][PASSED] - comment: esbeyJ0eXAiOiJKV1QiLCJhbGciOiJIUzI1NiJ9.eyJpc3MiOiJodHRwOlwvXC93d3cuc3VtdG90YWxzeXN0ZW1zLmNvbVwvY29yZXVpIiwic3ViIjoiYWRtaW4iLCJhdWQiOiJDTDA4X1NBTEVTX1RFU1QiLCJleHAiOjYzNjc2NDI2MDA2NjMzMzg2OSwibmJmIjowLCJpYXQiOjYzNjc2NDA0NDA3MjExNTE4NiwiYnNlc3Npb25pZCI6IjQ5Njg4Y2E0YTRkNTQ5NjBiNjlmZWM4MGFmMGZhNjAyIiwiZXVzcmlkIjpudWxsLCJldXNybiI6bnVsbCwiY3VsIjoiZW4tVVMiLCJ1c2VyaWQiOiIxIiwiZ3Vlc3RhY2NvdW50IjowLCJwZXJzb25pZCI6LTEsImlzZXh0ZXJuYWwiOmZhbHNlLCJycGtleSI6IkVMSVhIUlVJIn0.20FA72EEB3FBAC18569196A93D44EA01EA7304C962F29C4E3AA3E05A11B39A4B

2018-10-29 15:37:08 - [TEST_STEP][PASSED] - Statement - stokenindex = s.lastIndexOf("search:{") + "search:{".length() + 1: null

2018-10-29 15:37:08 - [TEST_STEP][PASSED] - Statement - etokenindex = s.lastIndexOf("social:{") + "social:{".length() + 1: null

2018-10-29 15:37:08 - [TEST_STEP][PASSED] - Statement - searchToken = s.substring(stokenindex, etokenindex): null

2018-10-29 15:37:08 - [TEST_STEP][PASSED] - Statement - g_lmesbtoken = CustomKeywords.validations.Assertions.GetToken(searchToken): validations.Assertions.GetToken is PASSED

2018-10-29 15:37:08 - [MESSAGE][PASSED] - validations.Assertions.GetToken is PASSED

2018-10-29 15:37:08 - [TEST_STEP][PASSED] - comment: esbsearcheyJ0eXAiOiJKV1QiLCJhbGciOiJIUzI1NiJ9.eyJpc3MiOiJodHRwOlwvXC93d3cuc3VtdG90YWxzeXN0ZW1zLmNvbVwvY29yZXVpIiwic3ViIjoiYWRtaW4iLCJhdWQiOiJDTDA4X1NBTEVTX1RFU1QiLCJleHAiOjYzNjc2NDI2MDA2NjMzMzg2OSwibmJmIjowLCJpYXQiOjYzNjc2NDA0NDA3MjExNTE4NiwiYnNlc3Npb25pZCI6IjQ5Njg4Y2E0YTRkNTQ5NjBiNjlmZWM4MGFmMGZhNjAyIiwiZXVzcmlkIjpudWxsLCJldXNybiI6bnVsbCwiY3VsIjoiZW4tVVMiLCJ1c2VyaWQiOiIxIiwiZ3Vlc3RhY2NvdW50IjowLCJwZXJzb25pZCI6LTEsImlzZXh0ZXJuYWwiOmZhbHNlLCJycGtleSI6IkVMSVhIUlVJIn0.20FA72EEB3FBAC18569196A93D44EA01EA7304C962F29C4E3AA3E05A11B39A4B

2018-10-29 15:37:08 - [TEST_STEP][PASSED] - Statement - decoded = new java.lang.String(javax.xml.bind.DatatypeConverter.parseBase64Binary(internal.GlobalVariable.g_esb)): null

2018-10-29 15:37:08 - [TEST_STEP][PASSED] - Statement - decoded = decoded.substring(decoded.indexOf("}{") + 1): null

2018-10-29 15:37:08 - [TEST_STEP][PASSED] - comment: ESB DECRYPTED {"iss":"http:\/\/www.sumtotalsystems.com\/coreui","sub":"admin","aud":"CL08_SALES_TEST","exp":636764260066333869,"nbf":0,"iat":636764044072115186,"bsessionid":"49688ca4a4d54960b69fec80af0fa602","eusrid":null,"eusrn":null,"cul":"en-US","userid":"1","guestaccount":0,"personid":-1,"isexternal":false,"rpkey":"ELIXHRUI"}6�P;�A�P@_9��}�w�MD���/z�]��7 �Ӑ5��

2018-10-29 15:37:08 - [TEST_STEP][PASSED] - Statement - jsonSlurper = new groovy.json.JsonSlurper(): null

2018-10-29 15:37:08 - [TEST_STEP][PASSED] - Statement - object = jsonSlurper.parseText(decoded.toString()): null

2018-10-29 15:37:08 - [TEST_STEP][PASSED] - Statement - userId = personid: null

2018-10-29 15:37:08 - [TEST_STEP][PASSED] - Statement - userName = sub: null

2018-10-29 15:37:08 - [TEST_STEP][PASSED] - Statement - g_UserID = userId: null

2018-10-29 15:37:08 - [TEST_STEP][PASSED] - Statement - g_userName = userName: null

2018-10-29 15:37:08 - [TEST_STEP][PASSED] - comment: esb eyJ0eXAiOiJKV1QiLCJhbGciOiJIUzI1NiJ9.eyJpc3MiOiJodHRwOlwvXC93d3cuc3VtdG90YWxzeXN0ZW1zLmNvbVwvY29yZXVpIiwic3ViIjoiYWRtaW4iLCJhdWQiOiJDTDA4X1NBTEVTX1RFU1QiLCJleHAiOjYzNjc2NDI2MDA2NjMzMzg2OSwibmJmIjowLCJpYXQiOjYzNjc2NDA0NDA3MjExNTE4NiwiYnNlc3Npb25pZCI6IjQ5Njg4Y2E0YTRkNTQ5NjBiNjlmZWM4MGFmMGZhNjAyIiwiZXVzcmlkIjpudWxsLCJldXNybiI6bnVsbCwiY3VsIjoiZW4tVVMiLCJ1c2VyaWQiOiIxIiwiZ3Vlc3RhY2NvdW50IjowLCJwZXJzb25pZCI6LTEsImlzZXh0ZXJuYWwiOmZhbHNlLCJycGtleSI6IkVMSVhIUlVJIn0.20FA72EEB3FBAC18569196A93D44EA01EA7304C962F29C4E3AA3E05A11B39A4B

2018-10-29 15:37:08 - [TEST_STEP][PASSED] - comment: userid-1

2018-10-29 15:37:08 - [TEST_STEP][PASSED] - closeBrowser: Browser is closed

2018-10-29 15:37:09 - [MESSAGE][PASSED] - Browser is closed]]></system-out>
         <system-err><![CDATA[]]></system-err>
      </testcase>
      <testcase name="Test Cases/Library/SetUp/Community" classname="Test Cases/Library/SetUp/Community" status="PASSED">
         <system-out><![CDATA[2018-10-29 15:37:09 - [TEST_CASE][PASSED] - Test Cases/Library/SetUp/Community: Test Cases/Library/SetUp/Community

2018-10-29 15:37:09 - [TEST_STEP][PASSED] - Statement - data = com.kms.katalon.core.testdata.TestDataFactory.findTestData(TestData): Reading CSV file with source file 'comma', separator 'containing header' and '{2}'

2018-10-29 15:37:09 - [TEST_STEP][PASSED] - Statement - response = com.kms.katalon.core.webui.keyword.WebUiBuiltInKeywords.callTestCase(com.kms.katalon.core.testcase.TestCaseFactory.findTestCase(Library/Community/Create Community), ["communityName":data.getValue("CommunityName", 47), "CommunityDesc":data.getValue("CommunityDesc", 47), "allowDiscussionBoards":true, ... ], STOP_ON_FAILURE): Call Test Case 'Test Cases/Library/Community/Create Community' successfully

2018-10-29 15:37:09 - [TEST_CASE][PASSED] - Test Cases/Library/Community/Create Community: Test Cases/Library/Community/Create Community

2018-10-29 15:37:10 - [TEST_STEP][PASSED] - Statement - request = com.kms.katalon.core.testobject.ObjectRepository.findTestObject(Community/POST Create Community, [host:internal.GlobalVariable.g_URL, CommunityName:((" + communityName) + "), CommunityDesc:((" + CommunityDesc) + "), allowDiscussionBoards:((" + allowDiscussionBoards) + "), ... ]): Finding Test Object with id 'Object Repository/Community/POST Create Community'

2018-10-29 15:37:10 - [TEST_STEP][PASSED] - Statement - request.setHttpHeaderProperties(CustomKeywords.requestHeaders.Headers.AddHeaders()): requestHeaders.Headers.AddHeaders is PASSED

2018-10-29 15:37:10 - [MESSAGE][PASSED] - requestHeaders.Headers.AddHeaders is PASSED

2018-10-29 15:37:10 - [TEST_STEP][PASSED] - Statement - response = com.kms.katalon.core.webservice.keyword.WSBuiltInKeywords.sendRequest(request): Send request successfully

2018-10-29 15:37:10 - [MESSAGE][PASSED] - Send request successfully

2018-10-29 15:37:10 - [TEST_STEP][PASSED] - verifyResponseStatusCode: Verify response status code successfully

2018-10-29 15:37:10 - [MESSAGE][PASSED] - Verify response status code successfully

2018-10-29 15:37:10 - [TEST_STEP][PASSED] - containsString: Check contain string successfully

2018-10-29 15:37:10 - [MESSAGE][PASSED] - Check contain string successfully

2018-10-29 15:37:10 - [TEST_STEP][PASSED] - Statement - return response: null

2018-10-29 15:37:10 - [MESSAGE][PASSED] - Call Test Case 'Test Cases/Library/Community/Create Community' successfully

2018-10-29 15:37:10 - [TEST_STEP][PASSED] - Statement - CommunityID = id: getAttributeValue.GetAttributeValue.GetAttribute is PASSED

2018-10-29 15:37:10 - [MESSAGE][PASSED] - getAttributeValue.GetAttributeValue.GetAttribute is PASSED

2018-10-29 15:37:10 - [TEST_STEP][PASSED] - Statement - CommunityID = CommunityID: null]]></system-out>
         <system-err><![CDATA[]]></system-err>
      </testcase>
      <testcase name="Test Cases/TestCases/MD-2552 AdhocCommunity_MOB-3482/TC-19846Check admin can add or remove user at any point of time" classname="Test Cases/TestCases/MD-2552 AdhocCommunity_MOB-3482/TC-19846Check admin can add or remove user at any point of time" status="PASSED">
         <system-out><![CDATA[2018-10-29 15:37:10 - [TEST_CASE][PASSED] - Test Cases/TestCases/MD-2552 AdhocCommunity_MOB-3482/TC-19846Check admin can add or remove user at any point of time: Test Cases/TestCases/MD-2552 AdhocCommunity_MOB-3482/TC-19846Check admin can add or remove user at any point of time

2018-10-29 15:37:10 - [TEST_STEP][PASSED] - Statement - data = com.kms.katalon.core.testdata.TestDataFactory.findTestData(TestData): Reading CSV file with source file 'comma', separator 'containing header' and '{2}'

2018-10-29 15:37:10 - [TEST_STEP][PASSED] - Statement - personpk = data.getValue("Contributer", 47): null

2018-10-29 15:37:10 - [TEST_STEP][PASSED] - Statement - pk = "'" + personpk + "'": null

2018-10-29 15:37:10 - [TEST_STEP][PASSED] - Statement - userid = "": null

2018-10-29 15:37:10 - [TEST_STEP][PASSED] - Statement - recordset = CustomKeywords.dbConnectionPackage.DBConnectionKeyword.executeQuery("select * from PERSON where FirstName=" + pk): dbConnectionPackage.DBConnectionKeyword.executeQuery is PASSED

2018-10-29 15:37:26 - [MESSAGE][PASSED] - Delayed 15 second(s)

2018-10-29 15:37:27 - [MESSAGE][PASSED] - dbConnectionPackage.DBConnectionKeyword.executeQuery is PASSED

2018-10-29 15:37:27 - [TEST_STEP][PASSED] - Statement - While (recordset.next()): null

2018-10-29 15:37:27 - [TEST_STEP][PASSED] - Statement - userid = recordset.getObject("PersonPK"): null

2018-10-29 15:37:27 - [TEST_STEP][PASSED] - dbConnectionPackage.DBConnectionKeyword.CloseConnections: dbConnectionPackage.DBConnectionKeyword.CloseConnections is PASSED

2018-10-29 15:37:37 - [MESSAGE][PASSED] - Delayed 10 second(s)

2018-10-29 15:37:37 - [MESSAGE][PASSED] - dbConnectionPackage.DBConnectionKeyword.CloseConnections is PASSED

2018-10-29 15:37:37 - [TEST_STEP][PASSED] - callTestCase: Call Test Case 'Test Cases/Library/Community/Add a member to community' successfully

2018-10-29 15:37:37 - [TEST_CASE][PASSED] - Test Cases/Library/Community/Add a member to community: Test Cases/Library/Community/Add a member to community

2018-10-29 15:37:37 - [TEST_STEP][PASSED] - Statement - request = com.kms.katalon.core.testobject.ObjectRepository.findTestObject(Object Repository/Community/Add a member to community, [host:internal.GlobalVariable.g_URL, CommunityID:communityID, rating:((" + rating) + "), userID:((" + userID) + "), userName:((" + userName) + ")]): Finding Test Object with id 'Object Repository/Community/Add a member to community'

2018-10-29 15:37:37 - [TEST_STEP][PASSED] - Statement - request.setHttpHeaderProperties(CustomKeywords.requestHeaders.Headers.AddHeaders()): requestHeaders.Headers.AddHeaders is PASSED

2018-10-29 15:37:37 - [MESSAGE][PASSED] - requestHeaders.Headers.AddHeaders is PASSED

2018-10-29 15:37:37 - [TEST_STEP][PASSED] - Statement - response = com.kms.katalon.core.webservice.keyword.WSBuiltInKeywords.sendRequest(request): Send request successfully

2018-10-29 15:37:37 - [MESSAGE][PASSED] - Send request successfully

2018-10-29 15:37:37 - [TEST_STEP][PASSED] - verifyResponseStatusCode: Verify response status code successfully

2018-10-29 15:37:37 - [MESSAGE][PASSED] - Verify response status code successfully

2018-10-29 15:37:37 - [TEST_STEP][PASSED] - Statement - return response: null

2018-10-29 15:37:37 - [MESSAGE][PASSED] - Call Test Case 'Test Cases/Library/Community/Add a member to community' successfully

2018-10-29 15:37:37 - [TEST_STEP][PASSED] - Statement - res5 = com.kms.katalon.core.webui.keyword.WebUiBuiltInKeywords.callTestCase(com.kms.katalon.core.testcase.TestCaseFactory.findTestCase(Library/Community/Remove member from community), ["communityID":CommunityID, "userid":userid], STOP_ON_FAILURE): Call Test Case 'Test Cases/Library/Community/Remove member from community' successfully

2018-10-29 15:37:37 - [TEST_CASE][PASSED] - Test Cases/Library/Community/Remove member from community: Test Cases/Library/Community/Remove member from community

2018-10-29 15:37:38 - [TEST_STEP][PASSED] - Statement - request = com.kms.katalon.core.testobject.ObjectRepository.findTestObject(Object Repository/Community/Remove member from community, [host:internal.GlobalVariable.g_URL, CommunityID:communityID, userID:((" + userid) + ")]): Finding Test Object with id 'Object Repository/Community/Remove member from community'

2018-10-29 15:37:38 - [TEST_STEP][PASSED] - Statement - request.setHttpHeaderProperties(CustomKeywords.requestHeaders.Headers.AddHeaders()): requestHeaders.Headers.AddHeaders is PASSED

2018-10-29 15:37:38 - [MESSAGE][PASSED] - requestHeaders.Headers.AddHeaders is PASSED

2018-10-29 15:37:38 - [TEST_STEP][PASSED] - Statement - response = com.kms.katalon.core.webservice.keyword.WSBuiltInKeywords.sendRequest(request): Send request successfully

2018-10-29 15:37:38 - [MESSAGE][PASSED] - Send request successfully

2018-10-29 15:37:38 - [TEST_STEP][PASSED] - verifyResponseStatusCode: Verify response status code successfully

2018-10-29 15:37:38 - [MESSAGE][PASSED] - Verify response status code successfully

2018-10-29 15:37:38 - [TEST_STEP][PASSED] - Statement - return response: null

2018-10-29 15:37:38 - [MESSAGE][PASSED] - Call Test Case 'Test Cases/Library/Community/Remove member from community' successfully

2018-10-29 15:37:38 - [TEST_STEP][PASSED] - verifyResponseStatusCode: Verify response status code successfully

2018-10-29 15:37:38 - [MESSAGE][PASSED] - Verify response status code successfully]]></system-out>
         <system-err><![CDATA[]]></system-err>
      </testcase>
      <testcase name="Test Cases/TestCases/MD-2552 AdhocCommunity_MOB-3482/TC-19847Check owner can delete the community" classname="Test Cases/TestCases/MD-2552 AdhocCommunity_MOB-3482/TC-19847Check owner can delete the community" status="PASSED">
         <system-out><![CDATA[2018-10-29 15:37:38 - [TEST_CASE][PASSED] - Test Cases/TestCases/MD-2552 AdhocCommunity_MOB-3482/TC-19847Check owner can delete the community: Test Cases/TestCases/MD-2552 AdhocCommunity_MOB-3482/TC-19847Check owner can delete the community

2018-10-29 15:37:38 - [TEST_STEP][PASSED] - Statement - data = com.kms.katalon.core.testdata.TestDataFactory.findTestData(TestData): Reading CSV file with source file 'comma', separator 'containing header' and '{2}'

2018-10-29 15:37:38 - [TEST_STEP][PASSED] - Statement - response = com.kms.katalon.core.webui.keyword.WebUiBuiltInKeywords.callTestCase(com.kms.katalon.core.testcase.TestCaseFactory.findTestCase(Library/Community/Create Community), ["communityName":data.getValue("CommunityName", 28), "CommunityDesc":data.getValue("CommunityDesc", 28), "allowDiscussionBoards":true, ... ], STOP_ON_FAILURE): Call Test Case 'Test Cases/Library/Community/Create Community' successfully

2018-10-29 15:37:38 - [TEST_CASE][PASSED] - Test Cases/Library/Community/Create Community: Test Cases/Library/Community/Create Community

2018-10-29 15:37:38 - [TEST_STEP][PASSED] - Statement - request = com.kms.katalon.core.testobject.ObjectRepository.findTestObject(Community/POST Create Community, [host:internal.GlobalVariable.g_URL, CommunityName:((" + communityName) + "), CommunityDesc:((" + CommunityDesc) + "), allowDiscussionBoards:((" + allowDiscussionBoards) + "), ... ]): Finding Test Object with id 'Object Repository/Community/POST Create Community'

2018-10-29 15:37:38 - [TEST_STEP][PASSED] - Statement - request.setHttpHeaderProperties(CustomKeywords.requestHeaders.Headers.AddHeaders()): requestHeaders.Headers.AddHeaders is PASSED

2018-10-29 15:37:38 - [MESSAGE][PASSED] - requestHeaders.Headers.AddHeaders is PASSED

2018-10-29 15:37:38 - [TEST_STEP][PASSED] - Statement - response = com.kms.katalon.core.webservice.keyword.WSBuiltInKeywords.sendRequest(request): Send request successfully

2018-10-29 15:37:38 - [MESSAGE][PASSED] - Send request successfully

2018-10-29 15:37:38 - [TEST_STEP][PASSED] - verifyResponseStatusCode: Verify response status code successfully

2018-10-29 15:37:38 - [MESSAGE][PASSED] - Verify response status code successfully

2018-10-29 15:37:38 - [TEST_STEP][PASSED] - containsString: Check contain string successfully

2018-10-29 15:37:38 - [MESSAGE][PASSED] - Check contain string successfully

2018-10-29 15:37:38 - [TEST_STEP][PASSED] - Statement - return response: null

2018-10-29 15:37:38 - [MESSAGE][PASSED] - Call Test Case 'Test Cases/Library/Community/Create Community' successfully

2018-10-29 15:37:38 - [TEST_STEP][PASSED] - Statement - CommunityID = id: getAttributeValue.GetAttributeValue.GetAttribute is PASSED

2018-10-29 15:37:38 - [MESSAGE][PASSED] - getAttributeValue.GetAttributeValue.GetAttribute is PASSED

2018-10-29 15:37:38 - [TEST_STEP][PASSED] - Statement - res = com.kms.katalon.core.webui.keyword.WebUiBuiltInKeywords.callTestCase(com.kms.katalon.core.testcase.TestCaseFactory.findTestCase(Library/Community/Delete Community), ["communityID":CommunityID], STOP_ON_FAILURE): Call Test Case 'Test Cases/Library/Community/Delete Community' successfully

2018-10-29 15:37:38 - [TEST_CASE][PASSED] - Test Cases/Library/Community/Delete Community: Test Cases/Library/Community/Delete Community

2018-10-29 15:37:38 - [TEST_STEP][PASSED] - Statement - deleteCommunity = com.kms.katalon.core.testobject.ObjectRepository.findTestObject(Community/Delete Community, [host:internal.GlobalVariable.g_URL, communityID:communityID]): Finding Test Object with id 'Object Repository/Community/Delete Community'

2018-10-29 15:37:38 - [TEST_STEP][PASSED] - Statement - deleteCommunity.setHttpHeaderProperties(CustomKeywords.requestHeaders.Headers.AddHeaders()): requestHeaders.Headers.AddHeaders is PASSED

2018-10-29 15:37:38 - [MESSAGE][PASSED] - requestHeaders.Headers.AddHeaders is PASSED

2018-10-29 15:37:38 - [TEST_STEP][PASSED] - Statement - deleteCommunityRes = com.kms.katalon.core.webservice.keyword.WSBuiltInKeywords.sendRequest(deleteCommunity): Send request successfully

2018-10-29 15:37:38 - [MESSAGE][PASSED] - Send request successfully

2018-10-29 15:37:38 - [TEST_STEP][PASSED] - verifyResponseStatusCode: Verify response status code successfully

2018-10-29 15:37:38 - [MESSAGE][PASSED] - Verify response status code successfully

2018-10-29 15:37:38 - [TEST_STEP][PASSED] - Statement - reqObj = new com.kms.katalon.core.testobject.RequestObject(): null

2018-10-29 15:37:38 - [TEST_STEP][PASSED] - Statement - reqObj.setHttpHeaderProperties(CustomKeywords.requestHeaders.Headers.AddHeaders()): requestHeaders.Headers.AddHeaders is PASSED

2018-10-29 15:37:38 - [MESSAGE][PASSED] - requestHeaders.Headers.AddHeaders is PASSED

2018-10-29 15:37:38 - [TEST_STEP][PASSED] - Statement - reqObj.setRestRequestMethod("GET"): null

2018-10-29 15:37:38 - [TEST_STEP][PASSED] - Statement - reqObj.setRestUrl(g_URL + "/Services/api/sumtSocial/communities/" + communityID): null

2018-10-29 15:37:38 - [TEST_STEP][PASSED] - Statement - getResponse = com.kms.katalon.core.webservice.keyword.WSBuiltInKeywords.sendRequest(reqObj): Send request successfully

2018-10-29 15:37:39 - [MESSAGE][PASSED] - Send request successfully

2018-10-29 15:37:39 - [TEST_STEP][PASSED] - comment: null

2018-10-29 15:37:39 - [TEST_STEP][PASSED] - verifyResponseStatusCode: Verify response status code successfully

2018-10-29 15:37:39 - [MESSAGE][PASSED] - Verify response status code successfully

2018-10-29 15:37:39 - [TEST_STEP][PASSED] - Statement - return getResponse: null

2018-10-29 15:37:39 - [MESSAGE][PASSED] - Call Test Case 'Test Cases/Library/Community/Delete Community' successfully

2018-10-29 15:37:39 - [TEST_STEP][PASSED] - verifyResponseStatusCode: Verify response status code successfully

2018-10-29 15:37:39 - [MESSAGE][PASSED] - Verify response status code successfully]]></system-out>
         <system-err><![CDATA[]]></system-err>
      </testcase>
      <testcase name="Test Cases/TestCases/MD-2552 AdhocCommunity_MOB-3482/TC-19858Check Remove from Community option will remove the user" classname="Test Cases/TestCases/MD-2552 AdhocCommunity_MOB-3482/TC-19858Check Remove from Community option will remove the user" status="PASSED">
         <system-out><![CDATA[2018-10-29 15:37:39 - [TEST_CASE][PASSED] - Test Cases/TestCases/MD-2552 AdhocCommunity_MOB-3482/TC-19858Check Remove from Community option will remove the user: Test Cases/TestCases/MD-2552 AdhocCommunity_MOB-3482/TC-19858Check Remove from Community option will remove the user

2018-10-29 15:37:39 - [TEST_STEP][PASSED] - Statement - data = com.kms.katalon.core.testdata.TestDataFactory.findTestData(TestData): Reading CSV file with source file 'comma', separator 'containing header' and '{2}'

2018-10-29 15:37:39 - [TEST_STEP][PASSED] - Statement - personpk = data.getValue("Contributer", 26): null

2018-10-29 15:37:39 - [TEST_STEP][PASSED] - Statement - pk = "'" + personpk + "'": null

2018-10-29 15:37:39 - [TEST_STEP][PASSED] - Statement - userid = "": null

2018-10-29 15:37:39 - [TEST_STEP][PASSED] - Statement - recordset = CustomKeywords.dbConnectionPackage.DBConnectionKeyword.executeQuery("select * from PERSON where FirstName=" + pk): dbConnectionPackage.DBConnectionKeyword.executeQuery is PASSED

2018-10-29 15:37:54 - [MESSAGE][PASSED] - Delayed 15 second(s)

2018-10-29 15:37:55 - [MESSAGE][PASSED] - dbConnectionPackage.DBConnectionKeyword.executeQuery is PASSED

2018-10-29 15:37:55 - [TEST_STEP][PASSED] - Statement - While (recordset.next()): null

2018-10-29 15:37:55 - [TEST_STEP][PASSED] - Statement - userid = recordset.getObject("PersonPK"): null

2018-10-29 15:37:55 - [TEST_STEP][PASSED] - dbConnectionPackage.DBConnectionKeyword.CloseConnections: dbConnectionPackage.DBConnectionKeyword.CloseConnections is PASSED

2018-10-29 15:38:05 - [MESSAGE][PASSED] - Delayed 10 second(s)

2018-10-29 15:38:05 - [MESSAGE][PASSED] - dbConnectionPackage.DBConnectionKeyword.CloseConnections is PASSED

2018-10-29 15:38:05 - [TEST_STEP][PASSED] - callTestCase: Call Test Case 'Test Cases/Library/Community/Add a member to community' successfully

2018-10-29 15:38:05 - [TEST_CASE][PASSED] - Test Cases/Library/Community/Add a member to community: Test Cases/Library/Community/Add a member to community

2018-10-29 15:38:05 - [TEST_STEP][PASSED] - Statement - request = com.kms.katalon.core.testobject.ObjectRepository.findTestObject(Object Repository/Community/Add a member to community, [host:internal.GlobalVariable.g_URL, CommunityID:communityID, rating:((" + rating) + "), userID:((" + userID) + "), userName:((" + userName) + ")]): Finding Test Object with id 'Object Repository/Community/Add a member to community'

2018-10-29 15:38:05 - [TEST_STEP][PASSED] - Statement - request.setHttpHeaderProperties(CustomKeywords.requestHeaders.Headers.AddHeaders()): requestHeaders.Headers.AddHeaders is PASSED

2018-10-29 15:38:05 - [MESSAGE][PASSED] - requestHeaders.Headers.AddHeaders is PASSED

2018-10-29 15:38:05 - [TEST_STEP][PASSED] - Statement - response = com.kms.katalon.core.webservice.keyword.WSBuiltInKeywords.sendRequest(request): Send request successfully

2018-10-29 15:38:05 - [MESSAGE][PASSED] - Send request successfully

2018-10-29 15:38:05 - [TEST_STEP][PASSED] - verifyResponseStatusCode: Verify response status code successfully

2018-10-29 15:38:05 - [MESSAGE][PASSED] - Verify response status code successfully

2018-10-29 15:38:05 - [TEST_STEP][PASSED] - Statement - return response: null

2018-10-29 15:38:05 - [MESSAGE][PASSED] - Call Test Case 'Test Cases/Library/Community/Add a member to community' successfully

2018-10-29 15:38:05 - [TEST_STEP][PASSED] - Statement - res5 = com.kms.katalon.core.webui.keyword.WebUiBuiltInKeywords.callTestCase(com.kms.katalon.core.testcase.TestCaseFactory.findTestCase(Library/Community/Remove member from community), ["communityID":CommunityID, "userid":userid], STOP_ON_FAILURE): Call Test Case 'Test Cases/Library/Community/Remove member from community' successfully

2018-10-29 15:38:05 - [TEST_CASE][PASSED] - Test Cases/Library/Community/Remove member from community: Test Cases/Library/Community/Remove member from community

2018-10-29 15:38:05 - [TEST_STEP][PASSED] - Statement - request = com.kms.katalon.core.testobject.ObjectRepository.findTestObject(Object Repository/Community/Remove member from community, [host:internal.GlobalVariable.g_URL, CommunityID:communityID, userID:((" + userid) + ")]): Finding Test Object with id 'Object Repository/Community/Remove member from community'

2018-10-29 15:38:05 - [TEST_STEP][PASSED] - Statement - request.setHttpHeaderProperties(CustomKeywords.requestHeaders.Headers.AddHeaders()): requestHeaders.Headers.AddHeaders is PASSED

2018-10-29 15:38:05 - [MESSAGE][PASSED] - requestHeaders.Headers.AddHeaders is PASSED

2018-10-29 15:38:05 - [TEST_STEP][PASSED] - Statement - response = com.kms.katalon.core.webservice.keyword.WSBuiltInKeywords.sendRequest(request): Send request successfully

2018-10-29 15:38:05 - [MESSAGE][PASSED] - Send request successfully

2018-10-29 15:38:05 - [TEST_STEP][PASSED] - verifyResponseStatusCode: Verify response status code successfully

2018-10-29 15:38:05 - [MESSAGE][PASSED] - Verify response status code successfully

2018-10-29 15:38:05 - [TEST_STEP][PASSED] - Statement - return response: null

2018-10-29 15:38:05 - [MESSAGE][PASSED] - Call Test Case 'Test Cases/Library/Community/Remove member from community' successfully

2018-10-29 15:38:05 - [TEST_STEP][PASSED] - verifyResponseStatusCode: Verify response status code successfully

2018-10-29 15:38:05 - [MESSAGE][PASSED] - Verify response status code successfully]]></system-out>
         <system-err><![CDATA[]]></system-err>
      </testcase>
      <testcase name="Test Cases/TestCases/MD-2552 AdhocCommunity_MOB-3482/TC-19861Check user will not able to rate the community if rating is private" classname="Test Cases/TestCases/MD-2552 AdhocCommunity_MOB-3482/TC-19861Check user will not able to rate the community if rating is private" status="FAILED">
         <failure type="FAILED" message="(Stack trace: com.kms.katalon.core.exception.StepFailedException: Unable to verify response status code (Root cause: Expected status code is '200' but actual status code is '403')
	at com.kms.katalon.core.keyword.internal.KeywordMain.stepFailed(KeywordMain.groovy:36)
	at com.kms.katalon.core.keyword.internal.KeywordMain.stepFailed(KeywordMain.groovy)
	at com.kms.katalon.core.keyword.internal.KeywordMain.runKeyword(KeywordMain.groovy:56)
	at com.kms.katalon.core.webservice.keyword.builtin.VerifyResponseStatusCodeKeyword.verifyResponseStatusCode(VerifyResponseStatusCodeKeyword.groovy:37)
	at com.kms.katalon.core.webservice.keyword.builtin.VerifyResponseStatusCodeKeyword.execute(VerifyResponseStatusCodeKeyword.groovy:32)
	at com.kms.katalon.core.keyword.internal.KeywordExecutor.executeKeywordForPlatform(KeywordExecutor.groovy:53)
	at com.kms.katalon.core.webservice.keyword.WSBuiltInKeywords.verifyResponseStatusCode(WSBuiltInKeywords.groovy:212)
	at com.kms.katalon.core.webservice.keyword.WSBuiltInKeywords$verifyResponseStatusCode$0.call(Unknown Source)
	at org.codehaus.groovy.runtime.callsite.CallSiteArray.defaultCall(CallSiteArray.java:48)
	at org.codehaus.groovy.runtime.callsite.AbstractCallSite.call(AbstractCallSite.java:113)
	at org.codehaus.groovy.runtime.callsite.AbstractCallSite.call(AbstractCallSite.java:133)
	at Script1531753003760.run(Script1531753003760.groovy:59)
	at com.kms.katalon.core.main.ScriptEngine.run(ScriptEngine.java:183)
	at com.kms.katalon.core.main.ScriptEngine.runScriptAsRawText(ScriptEngine.java:108)
	at com.kms.katalon.core.main.TestCaseExecutor.runScript(TestCaseExecutor.java:294)
	at com.kms.katalon.core.main.TestCaseExecutor.doExecute(TestCaseExecutor.java:285)
	at com.kms.katalon.core.main.TestCaseExecutor.processExecutionPhase(TestCaseExecutor.java:264)
	at com.kms.katalon.core.main.TestCaseExecutor.accessMainPhase(TestCaseExecutor.java:256)
	at com.kms.katalon.core.main.TestCaseExecutor.execute(TestCaseExecutor.java:200)
	at com.kms.katalon.core.main.TestCaseMain.runTestCase(TestCaseMain.java:99)
	at com.kms.katalon.core.keyword.builtin.CallTestCaseKeyword$_callTestCase_closure1.doCall(CallTestCaseKeyword.groovy:60)
	at com.kms.katalon.core.keyword.builtin.CallTestCaseKeyword$_callTestCase_closure1.call(CallTestCaseKeyword.groovy)
	at com.kms.katalon.core.keyword.internal.KeywordMain.runKeyword(KeywordMain.groovy:54)
	at com.kms.katalon.core.keyword.builtin.CallTestCaseKeyword.callTestCase(CallTestCaseKeyword.groovy:81)
	at com.kms.katalon.core.keyword.builtin.CallTestCaseKeyword.execute(CallTestCaseKeyword.groovy:45)
	at com.kms.katalon.core.keyword.internal.KeywordExecutor.executeKeywordForPlatform(KeywordExecutor.groovy:53)
	at com.kms.katalon.core.keyword.BuiltinKeywords.callTestCase(BuiltinKeywords.groovy:334)
	at sun.reflect.NativeMethodAccessorImpl.invoke0(Native Method)
	at sun.reflect.NativeMethodAccessorImpl.invoke(NativeMethodAccessorImpl.java:62)
	at sun.reflect.DelegatingMethodAccessorImpl.invoke(DelegatingMethodAccessorImpl.java:43)
	at java.lang.reflect.Method.invoke(Method.java:498)
	at org.codehaus.groovy.reflection.CachedMethod.invoke(CachedMethod.java:93)
	at groovy.lang.MetaMethod.doMethodInvoke(MetaMethod.java:325)
	at groovy.lang.MetaClassImpl.invokeStaticMethod(MetaClassImpl.java:1469)
	at org.codehaus.groovy.runtime.callsite.StaticMetaClassSite.call(StaticMetaClassSite.java:53)
	at org.codehaus.groovy.runtime.callsite.CallSiteArray.defaultCall(CallSiteArray.java:48)
	at org.codehaus.groovy.runtime.callsite.AbstractCallSite.call(AbstractCallSite.java:113)
	at org.codehaus.groovy.runtime.callsite.AbstractCallSite.call(AbstractCallSite.java:141)
	at Script1532423337409.run(Script1532423337409.groovy:66)
	at com.kms.katalon.core.main.ScriptEngine.run(ScriptEngine.java:183)
	at com.kms.katalon.core.main.ScriptEngine.runScriptAsRawText(ScriptEngine.java:108)
	at com.kms.katalon.core.main.TestCaseExecutor.runScript(TestCaseExecutor.java:294)
	at com.kms.katalon.core.main.TestCaseExecutor.doExecute(TestCaseExecutor.java:285)
	at com.kms.katalon.core.main.TestCaseExecutor.processExecutionPhase(TestCaseExecutor.java:264)
	at com.kms.katalon.core.main.TestCaseExecutor.accessMainPhase(TestCaseExecutor.java:256)
	at com.kms.katalon.core.main.TestCaseExecutor.execute(TestCaseExecutor.java:200)
	at com.kms.katalon.core.main.TestSuiteExecutor.accessTestCaseMainPhase(TestSuiteExecutor.java:129)
	at com.kms.katalon.core.main.TestSuiteExecutor.accessTestSuiteMainPhase(TestSuiteExecutor.java:112)
	at com.kms.katalon.core.main.TestSuiteExecutor.execute(TestSuiteExecutor.java:81)
	at com.kms.katalon.core.main.TestCaseMain.startTestSuite(TestCaseMain.java:142)
	at com.kms.katalon.core.main.TestCaseMain$startTestSuite$0.call(Unknown Source)
	at org.codehaus.groovy.runtime.callsite.CallSiteArray.defaultCall(CallSiteArray.java:48)
	at org.codehaus.groovy.runtime.callsite.AbstractCallSite.call(AbstractCallSite.java:113)
	at org.codehaus.groovy.runtime.callsite.AbstractCallSite.call(AbstractCallSite.java:141)
	at TempTestSuite1540807533822.run(TempTestSuite1540807533822.groovy:36)
	at groovy.lang.GroovyShell.runScriptOrMainOrTestOrRunnable(GroovyShell.java:263)
	at groovy.lang.GroovyShell.run(GroovyShell.java:518)
	at groovy.lang.GroovyShell.run(GroovyShell.java:507)
	at groovy.ui.GroovyMain.processOnce(GroovyMain.java:653)
	at groovy.ui.GroovyMain.run(GroovyMain.java:384)
	at groovy.ui.GroovyMain.process(GroovyMain.java:370)
	at groovy.ui.GroovyMain.processArgs(GroovyMain.java:129)
	at groovy.ui.GroovyMain.main(GroovyMain.java:109)
	at sun.reflect.NativeMethodAccessorImpl.invoke0(Native Method)
	at sun.reflect.NativeMethodAccessorImpl.invoke(NativeMethodAccessorImpl.java:62)
	at sun.reflect.DelegatingMethodAccessorImpl.invoke(DelegatingMethodAccessorImpl.java:43)
	at java.lang.reflect.Method.invoke(Method.java:498)
	at org.codehaus.groovy.tools.GroovyStarter.rootLoader(GroovyStarter.java:109)
	at org.codehaus.groovy.tools.GroovyStarter.main(GroovyStarter.java:131)
)"/>
         <system-out><![CDATA[2018-10-29 15:38:05 - [TEST_CASE][FAILED] - Test Cases/TestCases/MD-2552 AdhocCommunity_MOB-3482/TC-19861Check user will not able to rate the community if rating is private: Test Cases/TestCases/MD-2552 AdhocCommunity_MOB-3482/TC-19861Check user will not able to rate the community if rating is private FAILED because (of) (Stack trace: com.kms.katalon.core.exception.StepFailedException: Unable to verify response status code (Root cause: Expected status code is '200' but actual status code is '403')
	at com.kms.katalon.core.keyword.internal.KeywordMain.stepFailed(KeywordMain.groovy:36)
	at com.kms.katalon.core.keyword.internal.KeywordMain.stepFailed(KeywordMain.groovy)
	at com.kms.katalon.core.keyword.internal.KeywordMain.runKeyword(KeywordMain.groovy:56)
	at com.kms.katalon.core.webservice.keyword.builtin.VerifyResponseStatusCodeKeyword.verifyResponseStatusCode(VerifyResponseStatusCodeKeyword.groovy:37)
	at com.kms.katalon.core.webservice.keyword.builtin.VerifyResponseStatusCodeKeyword.execute(VerifyResponseStatusCodeKeyword.groovy:32)
	at com.kms.katalon.core.keyword.internal.KeywordExecutor.executeKeywordForPlatform(KeywordExecutor.groovy:53)
	at com.kms.katalon.core.webservice.keyword.WSBuiltInKeywords.verifyResponseStatusCode(WSBuiltInKeywords.groovy:212)
	at com.kms.katalon.core.webservice.keyword.WSBuiltInKeywords$verifyResponseStatusCode$0.call(Unknown Source)
	at org.codehaus.groovy.runtime.callsite.CallSiteArray.defaultCall(CallSiteArray.java:48)
	at org.codehaus.groovy.runtime.callsite.AbstractCallSite.call(AbstractCallSite.java:113)
	at org.codehaus.groovy.runtime.callsite.AbstractCallSite.call(AbstractCallSite.java:133)
	at Script1531753003760.run(Script1531753003760.groovy:59)
	at com.kms.katalon.core.main.ScriptEngine.run(ScriptEngine.java:183)
	at com.kms.katalon.core.main.ScriptEngine.runScriptAsRawText(ScriptEngine.java:108)
	at com.kms.katalon.core.main.TestCaseExecutor.runScript(TestCaseExecutor.java:294)
	at com.kms.katalon.core.main.TestCaseExecutor.doExecute(TestCaseExecutor.java:285)
	at com.kms.katalon.core.main.TestCaseExecutor.processExecutionPhase(TestCaseExecutor.java:264)
	at com.kms.katalon.core.main.TestCaseExecutor.accessMainPhase(TestCaseExecutor.java:256)
	at com.kms.katalon.core.main.TestCaseExecutor.execute(TestCaseExecutor.java:200)
	at com.kms.katalon.core.main.TestCaseMain.runTestCase(TestCaseMain.java:99)
	at com.kms.katalon.core.keyword.builtin.CallTestCaseKeyword$_callTestCase_closure1.doCall(CallTestCaseKeyword.groovy:60)
	at com.kms.katalon.core.keyword.builtin.CallTestCaseKeyword$_callTestCase_closure1.call(CallTestCaseKeyword.groovy)
	at com.kms.katalon.core.keyword.internal.KeywordMain.runKeyword(KeywordMain.groovy:54)
	at com.kms.katalon.core.keyword.builtin.CallTestCaseKeyword.callTestCase(CallTestCaseKeyword.groovy:81)
	at com.kms.katalon.core.keyword.builtin.CallTestCaseKeyword.execute(CallTestCaseKeyword.groovy:45)
	at com.kms.katalon.core.keyword.internal.KeywordExecutor.executeKeywordForPlatform(KeywordExecutor.groovy:53)
	at com.kms.katalon.core.keyword.BuiltinKeywords.callTestCase(BuiltinKeywords.groovy:334)
	at sun.reflect.NativeMethodAccessorImpl.invoke0(Native Method)
	at sun.reflect.NativeMethodAccessorImpl.invoke(NativeMethodAccessorImpl.java:62)
	at sun.reflect.DelegatingMethodAccessorImpl.invoke(DelegatingMethodAccessorImpl.java:43)
	at java.lang.reflect.Method.invoke(Method.java:498)
	at org.codehaus.groovy.reflection.CachedMethod.invoke(CachedMethod.java:93)
	at groovy.lang.MetaMethod.doMethodInvoke(MetaMethod.java:325)
	at groovy.lang.MetaClassImpl.invokeStaticMethod(MetaClassImpl.java:1469)
	at org.codehaus.groovy.runtime.callsite.StaticMetaClassSite.call(StaticMetaClassSite.java:53)
	at org.codehaus.groovy.runtime.callsite.CallSiteArray.defaultCall(CallSiteArray.java:48)
	at org.codehaus.groovy.runtime.callsite.AbstractCallSite.call(AbstractCallSite.java:113)
	at org.codehaus.groovy.runtime.callsite.AbstractCallSite.call(AbstractCallSite.java:141)
	at Script1532423337409.run(Script1532423337409.groovy:66)
	at com.kms.katalon.core.main.ScriptEngine.run(ScriptEngine.java:183)
	at com.kms.katalon.core.main.ScriptEngine.runScriptAsRawText(ScriptEngine.java:108)
	at com.kms.katalon.core.main.TestCaseExecutor.runScript(TestCaseExecutor.java:294)
	at com.kms.katalon.core.main.TestCaseExecutor.doExecute(TestCaseExecutor.java:285)
	at com.kms.katalon.core.main.TestCaseExecutor.processExecutionPhase(TestCaseExecutor.java:264)
	at com.kms.katalon.core.main.TestCaseExecutor.accessMainPhase(TestCaseExecutor.java:256)
	at com.kms.katalon.core.main.TestCaseExecutor.execute(TestCaseExecutor.java:200)
	at com.kms.katalon.core.main.TestSuiteExecutor.accessTestCaseMainPhase(TestSuiteExecutor.java:129)
	at com.kms.katalon.core.main.TestSuiteExecutor.accessTestSuiteMainPhase(TestSuiteExecutor.java:112)
	at com.kms.katalon.core.main.TestSuiteExecutor.execute(TestSuiteExecutor.java:81)
	at com.kms.katalon.core.main.TestCaseMain.startTestSuite(TestCaseMain.java:142)
	at com.kms.katalon.core.main.TestCaseMain$startTestSuite$0.call(Unknown Source)
	at org.codehaus.groovy.runtime.callsite.CallSiteArray.defaultCall(CallSiteArray.java:48)
	at org.codehaus.groovy.runtime.callsite.AbstractCallSite.call(AbstractCallSite.java:113)
	at org.codehaus.groovy.runtime.callsite.AbstractCallSite.call(AbstractCallSite.java:141)
	at TempTestSuite1540807533822.run(TempTestSuite1540807533822.groovy:36)
	at groovy.lang.GroovyShell.runScriptOrMainOrTestOrRunnable(GroovyShell.java:263)
	at groovy.lang.GroovyShell.run(GroovyShell.java:518)
	at groovy.lang.GroovyShell.run(GroovyShell.java:507)
	at groovy.ui.GroovyMain.processOnce(GroovyMain.java:653)
	at groovy.ui.GroovyMain.run(GroovyMain.java:384)
	at groovy.ui.GroovyMain.process(GroovyMain.java:370)
	at groovy.ui.GroovyMain.processArgs(GroovyMain.java:129)
	at groovy.ui.GroovyMain.main(GroovyMain.java:109)
	at sun.reflect.NativeMethodAccessorImpl.invoke0(Native Method)
	at sun.reflect.NativeMethodAccessorImpl.invoke(NativeMethodAccessorImpl.java:62)
	at sun.reflect.DelegatingMethodAccessorImpl.invoke(DelegatingMethodAccessorImpl.java:43)
	at java.lang.reflect.Method.invoke(Method.java:498)
	at org.codehaus.groovy.tools.GroovyStarter.rootLoader(GroovyStarter.java:109)
	at org.codehaus.groovy.tools.GroovyStarter.main(GroovyStarter.java:131)
)

2018-10-29 15:38:06 - [TEST_STEP][PASSED] - Statement - data = com.kms.katalon.core.testdata.TestDataFactory.findTestData(TestData): Reading CSV file with source file 'comma', separator 'containing header' and '{2}'

2018-10-29 15:38:06 - [TEST_STEP][PASSED] - Statement - personpk = data.getValue("LMUser", 25): null

2018-10-29 15:38:06 - [TEST_STEP][PASSED] - Statement - pk = "'" + personpk + "'": null

2018-10-29 15:38:06 - [TEST_STEP][PASSED] - Statement - userid = "": null

2018-10-29 15:38:06 - [TEST_STEP][PASSED] - Statement - response = com.kms.katalon.core.webui.keyword.WebUiBuiltInKeywords.callTestCase(com.kms.katalon.core.testcase.TestCaseFactory.findTestCase(Library/Community/Create Community), ["communityName":data.getValue("CommunityName", 25), "CommunityDesc":data.getValue("CommunityDesc", 25), "allowDiscussionBoards":true, ... ], STOP_ON_FAILURE): Call Test Case 'Test Cases/Library/Community/Create Community' successfully

2018-10-29 15:38:06 - [TEST_CASE][PASSED] - Test Cases/Library/Community/Create Community: Test Cases/Library/Community/Create Community

2018-10-29 15:38:06 - [TEST_STEP][PASSED] - Statement - request = com.kms.katalon.core.testobject.ObjectRepository.findTestObject(Community/POST Create Community, [host:internal.GlobalVariable.g_URL, CommunityName:((" + communityName) + "), CommunityDesc:((" + CommunityDesc) + "), allowDiscussionBoards:((" + allowDiscussionBoards) + "), ... ]): Finding Test Object with id 'Object Repository/Community/POST Create Community'

2018-10-29 15:38:06 - [TEST_STEP][PASSED] - Statement - request.setHttpHeaderProperties(CustomKeywords.requestHeaders.Headers.AddHeaders()): requestHeaders.Headers.AddHeaders is PASSED

2018-10-29 15:38:06 - [MESSAGE][PASSED] - requestHeaders.Headers.AddHeaders is PASSED

2018-10-29 15:38:06 - [TEST_STEP][PASSED] - Statement - response = com.kms.katalon.core.webservice.keyword.WSBuiltInKeywords.sendRequest(request): Send request successfully

2018-10-29 15:38:06 - [MESSAGE][PASSED] - Send request successfully

2018-10-29 15:38:06 - [TEST_STEP][PASSED] - verifyResponseStatusCode: Verify response status code successfully

2018-10-29 15:38:06 - [MESSAGE][PASSED] - Verify response status code successfully

2018-10-29 15:38:06 - [TEST_STEP][PASSED] - containsString: Check contain string successfully

2018-10-29 15:38:06 - [MESSAGE][PASSED] - Check contain string successfully

2018-10-29 15:38:06 - [TEST_STEP][PASSED] - Statement - return response: null

2018-10-29 15:38:06 - [MESSAGE][PASSED] - Call Test Case 'Test Cases/Library/Community/Create Community' successfully

2018-10-29 15:38:06 - [TEST_STEP][PASSED] - Statement - communityID = id: getAttributeValue.GetAttributeValue.GetAttribute is PASSED

2018-10-29 15:38:06 - [MESSAGE][PASSED] - getAttributeValue.GetAttributeValue.GetAttribute is PASSED

2018-10-29 15:38:06 - [TEST_STEP][PASSED] - Statement - recordset = CustomKeywords.dbConnectionPackage.DBConnectionKeyword.executeQuery("select * from PERSON where FirstName=" + pk): dbConnectionPackage.DBConnectionKeyword.executeQuery is PASSED

2018-10-29 15:38:22 - [MESSAGE][PASSED] - Delayed 15 second(s)

2018-10-29 15:38:22 - [MESSAGE][PASSED] - dbConnectionPackage.DBConnectionKeyword.executeQuery is PASSED

2018-10-29 15:38:22 - [TEST_STEP][PASSED] - Statement - While (recordset.next()): null

2018-10-29 15:38:22 - [TEST_STEP][PASSED] - Statement - userid = recordset.getObject("PersonPK"): null

2018-10-29 15:38:22 - [TEST_STEP][PASSED] - dbConnectionPackage.DBConnectionKeyword.CloseConnections: dbConnectionPackage.DBConnectionKeyword.CloseConnections is PASSED

2018-10-29 15:38:32 - [MESSAGE][PASSED] - Delayed 10 second(s)

2018-10-29 15:38:32 - [MESSAGE][PASSED] - dbConnectionPackage.DBConnectionKeyword.CloseConnections is PASSED

2018-10-29 15:38:32 - [TEST_STEP][FAILED] - Statement - res5 = com.kms.katalon.core.webui.keyword.WebUiBuiltInKeywords.callTestCase(com.kms.katalon.core.testcase.TestCaseFactory.findTestCase(Library/Community/Create or Update Rating), ["rating":"3", "userID":userid, "communityID":communityID], STOP_ON_FAILURE): Unable to call Test Case with id 'Test Cases/Library/Community/Create or Update Rating' (Root cause: Call Test Case 'Test Cases/Library/Community/Create or Update Rating' failed)

2018-10-29 15:38:32 - [TEST_CASE][FAILED] - Test Cases/Library/Community/Create or Update Rating: Test Cases/Library/Community/Create or Update Rating FAILED because (of) (Stack trace: com.kms.katalon.core.exception.StepFailedException: Unable to verify response status code (Root cause: Expected status code is '200' but actual status code is '403')
	at com.kms.katalon.core.keyword.internal.KeywordMain.stepFailed(KeywordMain.groovy:36)
	at com.kms.katalon.core.keyword.internal.KeywordMain.stepFailed(KeywordMain.groovy)
	at com.kms.katalon.core.keyword.internal.KeywordMain.runKeyword(KeywordMain.groovy:56)
	at com.kms.katalon.core.webservice.keyword.builtin.VerifyResponseStatusCodeKeyword.verifyResponseStatusCode(VerifyResponseStatusCodeKeyword.groovy:37)
	at com.kms.katalon.core.webservice.keyword.builtin.VerifyResponseStatusCodeKeyword.execute(VerifyResponseStatusCodeKeyword.groovy:32)
	at com.kms.katalon.core.keyword.internal.KeywordExecutor.executeKeywordForPlatform(KeywordExecutor.groovy:53)
	at com.kms.katalon.core.webservice.keyword.WSBuiltInKeywords.verifyResponseStatusCode(WSBuiltInKeywords.groovy:212)
	at com.kms.katalon.core.webservice.keyword.WSBuiltInKeywords$verifyResponseStatusCode$0.call(Unknown Source)
	at org.codehaus.groovy.runtime.callsite.CallSiteArray.defaultCall(CallSiteArray.java:48)
	at org.codehaus.groovy.runtime.callsite.AbstractCallSite.call(AbstractCallSite.java:113)
	at org.codehaus.groovy.runtime.callsite.AbstractCallSite.call(AbstractCallSite.java:133)
	at Script1531753003760.run(Script1531753003760.groovy:59)
	at com.kms.katalon.core.main.ScriptEngine.run(ScriptEngine.java:183)
	at com.kms.katalon.core.main.ScriptEngine.runScriptAsRawText(ScriptEngine.java:108)
	at com.kms.katalon.core.main.TestCaseExecutor.runScript(TestCaseExecutor.java:294)
	at com.kms.katalon.core.main.TestCaseExecutor.doExecute(TestCaseExecutor.java:285)
	at com.kms.katalon.core.main.TestCaseExecutor.processExecutionPhase(TestCaseExecutor.java:264)
	at com.kms.katalon.core.main.TestCaseExecutor.accessMainPhase(TestCaseExecutor.java:256)
	at com.kms.katalon.core.main.TestCaseExecutor.execute(TestCaseExecutor.java:200)
	at com.kms.katalon.core.main.TestCaseMain.runTestCase(TestCaseMain.java:99)
	at com.kms.katalon.core.keyword.builtin.CallTestCaseKeyword$_callTestCase_closure1.doCall(CallTestCaseKeyword.groovy:60)
	at com.kms.katalon.core.keyword.builtin.CallTestCaseKeyword$_callTestCase_closure1.call(CallTestCaseKeyword.groovy)
	at com.kms.katalon.core.keyword.internal.KeywordMain.runKeyword(KeywordMain.groovy:54)
	at com.kms.katalon.core.keyword.builtin.CallTestCaseKeyword.callTestCase(CallTestCaseKeyword.groovy:81)
	at com.kms.katalon.core.keyword.builtin.CallTestCaseKeyword.execute(CallTestCaseKeyword.groovy:45)
	at com.kms.katalon.core.keyword.internal.KeywordExecutor.executeKeywordForPlatform(KeywordExecutor.groovy:53)
	at com.kms.katalon.core.keyword.BuiltinKeywords.callTestCase(BuiltinKeywords.groovy:334)
	at sun.reflect.NativeMethodAccessorImpl.invoke0(Native Method)
	at sun.reflect.NativeMethodAccessorImpl.invoke(NativeMethodAccessorImpl.java:62)
	at sun.reflect.DelegatingMethodAccessorImpl.invoke(DelegatingMethodAccessorImpl.java:43)
	at java.lang.reflect.Method.invoke(Method.java:498)
	at org.codehaus.groovy.reflection.CachedMethod.invoke(CachedMethod.java:93)
	at groovy.lang.MetaMethod.doMethodInvoke(MetaMethod.java:325)
	at groovy.lang.MetaClassImpl.invokeStaticMethod(MetaClassImpl.java:1469)
	at org.codehaus.groovy.runtime.callsite.StaticMetaClassSite.call(StaticMetaClassSite.java:53)
	at org.codehaus.groovy.runtime.callsite.CallSiteArray.defaultCall(CallSiteArray.java:48)
	at org.codehaus.groovy.runtime.callsite.AbstractCallSite.call(AbstractCallSite.java:113)
	at org.codehaus.groovy.runtime.callsite.AbstractCallSite.call(AbstractCallSite.java:141)
	at Script1532423337409.run(Script1532423337409.groovy:66)
	at com.kms.katalon.core.main.ScriptEngine.run(ScriptEngine.java:183)
	at com.kms.katalon.core.main.ScriptEngine.runScriptAsRawText(ScriptEngine.java:108)
	at com.kms.katalon.core.main.TestCaseExecutor.runScript(TestCaseExecutor.java:294)
	at com.kms.katalon.core.main.TestCaseExecutor.doExecute(TestCaseExecutor.java:285)
	at com.kms.katalon.core.main.TestCaseExecutor.processExecutionPhase(TestCaseExecutor.java:264)
	at com.kms.katalon.core.main.TestCaseExecutor.accessMainPhase(TestCaseExecutor.java:256)
	at com.kms.katalon.core.main.TestCaseExecutor.execute(TestCaseExecutor.java:200)
	at com.kms.katalon.core.main.TestSuiteExecutor.accessTestCaseMainPhase(TestSuiteExecutor.java:129)
	at com.kms.katalon.core.main.TestSuiteExecutor.accessTestSuiteMainPhase(TestSuiteExecutor.java:112)
	at com.kms.katalon.core.main.TestSuiteExecutor.execute(TestSuiteExecutor.java:81)
	at com.kms.katalon.core.main.TestCaseMain.startTestSuite(TestCaseMain.java:142)
	at com.kms.katalon.core.main.TestCaseMain$startTestSuite$0.call(Unknown Source)
	at org.codehaus.groovy.runtime.callsite.CallSiteArray.defaultCall(CallSiteArray.java:48)
	at org.codehaus.groovy.runtime.callsite.AbstractCallSite.call(AbstractCallSite.java:113)
	at org.codehaus.groovy.runtime.callsite.AbstractCallSite.call(AbstractCallSite.java:141)
	at TempTestSuite1540807533822.run(TempTestSuite1540807533822.groovy:36)
	at groovy.lang.GroovyShell.runScriptOrMainOrTestOrRunnable(GroovyShell.java:263)
	at groovy.lang.GroovyShell.run(GroovyShell.java:518)
	at groovy.lang.GroovyShell.run(GroovyShell.java:507)
	at groovy.ui.GroovyMain.processOnce(GroovyMain.java:653)
	at groovy.ui.GroovyMain.run(GroovyMain.java:384)
	at groovy.ui.GroovyMain.process(GroovyMain.java:370)
	at groovy.ui.GroovyMain.processArgs(GroovyMain.java:129)
	at groovy.ui.GroovyMain.main(GroovyMain.java:109)
	at sun.reflect.NativeMethodAccessorImpl.invoke0(Native Method)
	at sun.reflect.NativeMethodAccessorImpl.invoke(NativeMethodAccessorImpl.java:62)
	at sun.reflect.DelegatingMethodAccessorImpl.invoke(DelegatingMethodAccessorImpl.java:43)
	at java.lang.reflect.Method.invoke(Method.java:498)
	at org.codehaus.groovy.tools.GroovyStarter.rootLoader(GroovyStarter.java:109)
	at org.codehaus.groovy.tools.GroovyStarter.main(GroovyStarter.java:131)
)

2018-10-29 15:38:32 - [TEST_STEP][PASSED] - Statement - request = com.kms.katalon.core.testobject.ObjectRepository.findTestObject(Object Repository/Community/Create or Update Rating, [host:internal.GlobalVariable.g_URL, communityID:communityID, userID:((" + userID) + "), CommunityID:((" + communityID) + "), ... ]): Finding Test Object with id 'Object Repository/Community/Create or Update Rating'

2018-10-29 15:38:32 - [TEST_STEP][PASSED] - Statement - request.setHttpHeaderProperties(CustomKeywords.requestHeaders.Headers.AddHeaders()): requestHeaders.Headers.AddHeaders is PASSED

2018-10-29 15:38:32 - [MESSAGE][PASSED] - requestHeaders.Headers.AddHeaders is PASSED

2018-10-29 15:38:32 - [TEST_STEP][PASSED] - Statement - reponse = <not implemented yet for class: org.codehaus.groovy.ast.expr.EmptyExpression>: null

2018-10-29 15:38:32 - [TEST_STEP][PASSED] - Statement - response = com.kms.katalon.core.webservice.keyword.WSBuiltInKeywords.sendRequest(request): Send request successfully

2018-10-29 15:38:32 - [MESSAGE][PASSED] - Send request successfully

2018-10-29 15:38:32 - [TEST_STEP][FAILED] - verifyResponseStatusCode: Unable to verify response status code (Root cause: Expected status code is '200' but actual status code is '403')

2018-10-29 15:38:32 - [MESSAGE][FAILED] - Expected status code is '200' but actual status code is '403'

2018-10-29 15:38:32 - [MESSAGE][FAILED] - Unable to verify response status code (Root cause: Expected status code is '200' but actual status code is '403')

2018-10-29 15:38:32 - [MESSAGE][FAILED] - Unable to call Test Case with id 'Test Cases/Library/Community/Create or Update Rating' (Root cause: Call Test Case 'Test Cases/Library/Community/Create or Update Rating' failed)]]></system-out>
         <system-err><![CDATA[2018-10-29 15:38:05 - [TEST_CASE][FAILED] - Test Cases/TestCases/MD-2552 AdhocCommunity_MOB-3482/TC-19861Check user will not able to rate the community if rating is private: Test Cases/TestCases/MD-2552 AdhocCommunity_MOB-3482/TC-19861Check user will not able to rate the community if rating is private FAILED because (of) (Stack trace: com.kms.katalon.core.exception.StepFailedException: Unable to verify response status code (Root cause: Expected status code is '200' but actual status code is '403')
	at com.kms.katalon.core.keyword.internal.KeywordMain.stepFailed(KeywordMain.groovy:36)
	at com.kms.katalon.core.keyword.internal.KeywordMain.stepFailed(KeywordMain.groovy)
	at com.kms.katalon.core.keyword.internal.KeywordMain.runKeyword(KeywordMain.groovy:56)
	at com.kms.katalon.core.webservice.keyword.builtin.VerifyResponseStatusCodeKeyword.verifyResponseStatusCode(VerifyResponseStatusCodeKeyword.groovy:37)
	at com.kms.katalon.core.webservice.keyword.builtin.VerifyResponseStatusCodeKeyword.execute(VerifyResponseStatusCodeKeyword.groovy:32)
	at com.kms.katalon.core.keyword.internal.KeywordExecutor.executeKeywordForPlatform(KeywordExecutor.groovy:53)
	at com.kms.katalon.core.webservice.keyword.WSBuiltInKeywords.verifyResponseStatusCode(WSBuiltInKeywords.groovy:212)
	at com.kms.katalon.core.webservice.keyword.WSBuiltInKeywords$verifyResponseStatusCode$0.call(Unknown Source)
	at org.codehaus.groovy.runtime.callsite.CallSiteArray.defaultCall(CallSiteArray.java:48)
	at org.codehaus.groovy.runtime.callsite.AbstractCallSite.call(AbstractCallSite.java:113)
	at org.codehaus.groovy.runtime.callsite.AbstractCallSite.call(AbstractCallSite.java:133)
	at Script1531753003760.run(Script1531753003760.groovy:59)
	at com.kms.katalon.core.main.ScriptEngine.run(ScriptEngine.java:183)
	at com.kms.katalon.core.main.ScriptEngine.runScriptAsRawText(ScriptEngine.java:108)
	at com.kms.katalon.core.main.TestCaseExecutor.runScript(TestCaseExecutor.java:294)
	at com.kms.katalon.core.main.TestCaseExecutor.doExecute(TestCaseExecutor.java:285)
	at com.kms.katalon.core.main.TestCaseExecutor.processExecutionPhase(TestCaseExecutor.java:264)
	at com.kms.katalon.core.main.TestCaseExecutor.accessMainPhase(TestCaseExecutor.java:256)
	at com.kms.katalon.core.main.TestCaseExecutor.execute(TestCaseExecutor.java:200)
	at com.kms.katalon.core.main.TestCaseMain.runTestCase(TestCaseMain.java:99)
	at com.kms.katalon.core.keyword.builtin.CallTestCaseKeyword$_callTestCase_closure1.doCall(CallTestCaseKeyword.groovy:60)
	at com.kms.katalon.core.keyword.builtin.CallTestCaseKeyword$_callTestCase_closure1.call(CallTestCaseKeyword.groovy)
	at com.kms.katalon.core.keyword.internal.KeywordMain.runKeyword(KeywordMain.groovy:54)
	at com.kms.katalon.core.keyword.builtin.CallTestCaseKeyword.callTestCase(CallTestCaseKeyword.groovy:81)
	at com.kms.katalon.core.keyword.builtin.CallTestCaseKeyword.execute(CallTestCaseKeyword.groovy:45)
	at com.kms.katalon.core.keyword.internal.KeywordExecutor.executeKeywordForPlatform(KeywordExecutor.groovy:53)
	at com.kms.katalon.core.keyword.BuiltinKeywords.callTestCase(BuiltinKeywords.groovy:334)
	at sun.reflect.NativeMethodAccessorImpl.invoke0(Native Method)
	at sun.reflect.NativeMethodAccessorImpl.invoke(NativeMethodAccessorImpl.java:62)
	at sun.reflect.DelegatingMethodAccessorImpl.invoke(DelegatingMethodAccessorImpl.java:43)
	at java.lang.reflect.Method.invoke(Method.java:498)
	at org.codehaus.groovy.reflection.CachedMethod.invoke(CachedMethod.java:93)
	at groovy.lang.MetaMethod.doMethodInvoke(MetaMethod.java:325)
	at groovy.lang.MetaClassImpl.invokeStaticMethod(MetaClassImpl.java:1469)
	at org.codehaus.groovy.runtime.callsite.StaticMetaClassSite.call(StaticMetaClassSite.java:53)
	at org.codehaus.groovy.runtime.callsite.CallSiteArray.defaultCall(CallSiteArray.java:48)
	at org.codehaus.groovy.runtime.callsite.AbstractCallSite.call(AbstractCallSite.java:113)
	at org.codehaus.groovy.runtime.callsite.AbstractCallSite.call(AbstractCallSite.java:141)
	at Script1532423337409.run(Script1532423337409.groovy:66)
	at com.kms.katalon.core.main.ScriptEngine.run(ScriptEngine.java:183)
	at com.kms.katalon.core.main.ScriptEngine.runScriptAsRawText(ScriptEngine.java:108)
	at com.kms.katalon.core.main.TestCaseExecutor.runScript(TestCaseExecutor.java:294)
	at com.kms.katalon.core.main.TestCaseExecutor.doExecute(TestCaseExecutor.java:285)
	at com.kms.katalon.core.main.TestCaseExecutor.processExecutionPhase(TestCaseExecutor.java:264)
	at com.kms.katalon.core.main.TestCaseExecutor.accessMainPhase(TestCaseExecutor.java:256)
	at com.kms.katalon.core.main.TestCaseExecutor.execute(TestCaseExecutor.java:200)
	at com.kms.katalon.core.main.TestSuiteExecutor.accessTestCaseMainPhase(TestSuiteExecutor.java:129)
	at com.kms.katalon.core.main.TestSuiteExecutor.accessTestSuiteMainPhase(TestSuiteExecutor.java:112)
	at com.kms.katalon.core.main.TestSuiteExecutor.execute(TestSuiteExecutor.java:81)
	at com.kms.katalon.core.main.TestCaseMain.startTestSuite(TestCaseMain.java:142)
	at com.kms.katalon.core.main.TestCaseMain$startTestSuite$0.call(Unknown Source)
	at org.codehaus.groovy.runtime.callsite.CallSiteArray.defaultCall(CallSiteArray.java:48)
	at org.codehaus.groovy.runtime.callsite.AbstractCallSite.call(AbstractCallSite.java:113)
	at org.codehaus.groovy.runtime.callsite.AbstractCallSite.call(AbstractCallSite.java:141)
	at TempTestSuite1540807533822.run(TempTestSuite1540807533822.groovy:36)
	at groovy.lang.GroovyShell.runScriptOrMainOrTestOrRunnable(GroovyShell.java:263)
	at groovy.lang.GroovyShell.run(GroovyShell.java:518)
	at groovy.lang.GroovyShell.run(GroovyShell.java:507)
	at groovy.ui.GroovyMain.processOnce(GroovyMain.java:653)
	at groovy.ui.GroovyMain.run(GroovyMain.java:384)
	at groovy.ui.GroovyMain.process(GroovyMain.java:370)
	at groovy.ui.GroovyMain.processArgs(GroovyMain.java:129)
	at groovy.ui.GroovyMain.main(GroovyMain.java:109)
	at sun.reflect.NativeMethodAccessorImpl.invoke0(Native Method)
	at sun.reflect.NativeMethodAccessorImpl.invoke(NativeMethodAccessorImpl.java:62)
	at sun.reflect.DelegatingMethodAccessorImpl.invoke(DelegatingMethodAccessorImpl.java:43)
	at java.lang.reflect.Method.invoke(Method.java:498)
	at org.codehaus.groovy.tools.GroovyStarter.rootLoader(GroovyStarter.java:109)
	at org.codehaus.groovy.tools.GroovyStarter.main(GroovyStarter.java:131)
)]]></system-err>
      </testcase>
      <testcase name="Test Cases/TestCases/MD-2552 AdhocCommunity_MOB-3482/TC-19862Check user will able to rate the community for public community" classname="Test Cases/TestCases/MD-2552 AdhocCommunity_MOB-3482/TC-19862Check user will able to rate the community for public community" status="PASSED">
         <system-out><![CDATA[2018-10-29 15:38:32 - [TEST_CASE][PASSED] - Test Cases/TestCases/MD-2552 AdhocCommunity_MOB-3482/TC-19862Check user will able to rate the community for public community: Test Cases/TestCases/MD-2552 AdhocCommunity_MOB-3482/TC-19862Check user will able to rate the community for public community

2018-10-29 15:38:33 - [TEST_STEP][PASSED] - Statement - data = com.kms.katalon.core.testdata.TestDataFactory.findTestData(TestData): Reading CSV file with source file 'comma', separator 'containing header' and '{2}'

2018-10-29 15:38:33 - [TEST_STEP][PASSED] - Statement - personpk = data.getValue("Contributer", 23): null

2018-10-29 15:38:33 - [TEST_STEP][PASSED] - Statement - pk = "'" + personpk + "'": null

2018-10-29 15:38:33 - [TEST_STEP][PASSED] - Statement - userid = "": null

2018-10-29 15:38:33 - [TEST_STEP][PASSED] - Statement - recordset = CustomKeywords.dbConnectionPackage.DBConnectionKeyword.executeQuery("select * from PERSON where FirstName=" + pk): dbConnectionPackage.DBConnectionKeyword.executeQuery is PASSED

2018-10-29 15:38:48 - [MESSAGE][PASSED] - Delayed 15 second(s)

2018-10-29 15:38:48 - [MESSAGE][PASSED] - dbConnectionPackage.DBConnectionKeyword.executeQuery is PASSED

2018-10-29 15:38:48 - [TEST_STEP][PASSED] - Statement - While (recordset.next()): null

2018-10-29 15:38:48 - [TEST_STEP][PASSED] - Statement - userid = recordset.getObject("PersonPK"): null

2018-10-29 15:38:48 - [TEST_STEP][PASSED] - dbConnectionPackage.DBConnectionKeyword.CloseConnections: dbConnectionPackage.DBConnectionKeyword.CloseConnections is PASSED

2018-10-29 15:38:58 - [MESSAGE][PASSED] - Delayed 10 second(s)

2018-10-29 15:38:58 - [MESSAGE][PASSED] - dbConnectionPackage.DBConnectionKeyword.CloseConnections is PASSED

2018-10-29 15:38:58 - [TEST_STEP][PASSED] - Statement - response1 = com.kms.katalon.core.webui.keyword.WebUiBuiltInKeywords.callTestCase(com.kms.katalon.core.testcase.TestCaseFactory.findTestCase(Library/Contributer/Create or Update Rating), ["rating":5, "userID":userid, "communityID":CommunityID], STOP_ON_FAILURE): Call Test Case 'Test Cases/Library/Contributer/Create or Update Rating' successfully

2018-10-29 15:38:58 - [TEST_CASE][PASSED] - Test Cases/Library/Contributer/Create or Update Rating: Test Cases/Library/Contributer/Create or Update Rating

2018-10-29 15:38:59 - [TEST_STEP][PASSED] - Statement - request = com.kms.katalon.core.testobject.ObjectRepository.findTestObject(Object Repository/Community/Create or Update Rating, [host:internal.GlobalVariable.g_URL, communityID:communityID]): Finding Test Object with id 'Object Repository/Community/Create or Update Rating'

2018-10-29 15:38:59 - [TEST_STEP][PASSED] - Statement - request.setHttpHeaderProperties(CustomKeywords.requestHeaders.Headers.AddHeaders(ContributerToken)): requestHeaders.Headers.AddHeaders is PASSED

2018-10-29 15:38:59 - [MESSAGE][PASSED] - requestHeaders.Headers.AddHeaders is PASSED

2018-10-29 15:38:59 - [TEST_STEP][PASSED] - Statement - reponse = <not implemented yet for class: org.codehaus.groovy.ast.expr.EmptyExpression>: null

2018-10-29 15:38:59 - [TEST_STEP][PASSED] - Statement - vsRequestBody = "": null

2018-10-29 15:38:59 - [TEST_STEP][PASSED] - Statement - vsRequestBody = request.getHttpBody(): null

2018-10-29 15:38:59 - [TEST_STEP][PASSED] - Statement - vsRequestBody = vsRequestBody.replace("${userID}", """ + userID + """): null

2018-10-29 15:38:59 - [TEST_STEP][PASSED] - Statement - vsRequestBody = vsRequestBody.replace("${CommunityID}", """ + communityID + """): null

2018-10-29 15:38:59 - [TEST_STEP][PASSED] - Statement - vsRequestBody = vsRequestBody.replace("${Rating}", """ + rating + """): null

2018-10-29 15:38:59 - [TEST_STEP][PASSED] - Statement - request.setHttpBody(vsRequestBody): null

2018-10-29 15:38:59 - [TEST_STEP][PASSED] - Statement - response = com.kms.katalon.core.webservice.keyword.WSBuiltInKeywords.sendRequest(request): Send request successfully

2018-10-29 15:38:59 - [MESSAGE][PASSED] - Send request successfully

2018-10-29 15:38:59 - [TEST_STEP][PASSED] - verifyResponseStatusCode: Verify response status code successfully

2018-10-29 15:38:59 - [MESSAGE][PASSED] - Verify response status code successfully

2018-10-29 15:38:59 - [TEST_STEP][PASSED] - Statement - return response: null

2018-10-29 15:38:59 - [MESSAGE][PASSED] - Call Test Case 'Test Cases/Library/Contributer/Create or Update Rating' successfully

2018-10-29 15:38:59 - [TEST_STEP][PASSED] - verifyResponseStatusCode: Verify response status code successfully

2018-10-29 15:38:59 - [MESSAGE][PASSED] - Verify response status code successfully

2018-10-29 15:38:59 - [TEST_STEP][PASSED] - Statement - s1 = rating: getAttributeValue.GetAttributeValue.GetAttribute is PASSED

2018-10-29 15:38:59 - [MESSAGE][PASSED] - getAttributeValue.GetAttributeValue.GetAttribute is PASSED

2018-10-29 15:38:59 - [TEST_STEP][PASSED] - Statement - If (s1 == "5.0"): null

2018-10-29 15:38:59 - [TEST_STEP][PASSED] - Statement - println("if conditions has to pass"): null

2018-10-29 15:38:59 - [TEST_STEP][PASSED] - Statement - assert true == true: null]]></system-out>
         <system-err><![CDATA[]]></system-err>
      </testcase>
      <testcase name="Test Cases/TestCases/MD-2552 AdhocCommunity_MOB-3482/TC-19866Verify Deleting Ad Hoc Community when logged in as user" classname="Test Cases/TestCases/MD-2552 AdhocCommunity_MOB-3482/TC-19866Verify Deleting Ad Hoc Community when logged in as user" status="PASSED">
         <system-out><![CDATA[2018-10-29 15:38:59 - [TEST_CASE][PASSED] - Test Cases/TestCases/MD-2552 AdhocCommunity_MOB-3482/TC-19866Verify Deleting Ad Hoc Community when logged in as user: Test Cases/TestCases/MD-2552 AdhocCommunity_MOB-3482/TC-19866Verify Deleting Ad Hoc Community when logged in as user

2018-10-29 15:38:59 - [TEST_STEP][PASSED] - Statement - data = com.kms.katalon.core.testdata.TestDataFactory.findTestData(TestData): Reading CSV file with source file 'comma', separator 'containing header' and '{2}'

2018-10-29 15:38:59 - [TEST_STEP][PASSED] - Statement - response = com.kms.katalon.core.webui.keyword.WebUiBuiltInKeywords.callTestCase(com.kms.katalon.core.testcase.TestCaseFactory.findTestCase(Library/Community/Create Community), ["communityName":data.getValue("CommunityName", 24), "CommunityDesc":data.getValue("CommunityDesc", 24), "allowDiscussionBoards":true, ... ], STOP_ON_FAILURE): Call Test Case 'Test Cases/Library/Community/Create Community' successfully

2018-10-29 15:38:59 - [TEST_CASE][PASSED] - Test Cases/Library/Community/Create Community: Test Cases/Library/Community/Create Community

2018-10-29 15:38:59 - [TEST_STEP][PASSED] - Statement - request = com.kms.katalon.core.testobject.ObjectRepository.findTestObject(Community/POST Create Community, [host:internal.GlobalVariable.g_URL, CommunityName:((" + communityName) + "), CommunityDesc:((" + CommunityDesc) + "), allowDiscussionBoards:((" + allowDiscussionBoards) + "), ... ]): Finding Test Object with id 'Object Repository/Community/POST Create Community'

2018-10-29 15:38:59 - [TEST_STEP][PASSED] - Statement - request.setHttpHeaderProperties(CustomKeywords.requestHeaders.Headers.AddHeaders()): requestHeaders.Headers.AddHeaders is PASSED

2018-10-29 15:38:59 - [MESSAGE][PASSED] - requestHeaders.Headers.AddHeaders is PASSED

2018-10-29 15:38:59 - [TEST_STEP][PASSED] - Statement - response = com.kms.katalon.core.webservice.keyword.WSBuiltInKeywords.sendRequest(request): Send request successfully

2018-10-29 15:38:59 - [MESSAGE][PASSED] - Send request successfully

2018-10-29 15:38:59 - [TEST_STEP][PASSED] - verifyResponseStatusCode: Verify response status code successfully

2018-10-29 15:38:59 - [MESSAGE][PASSED] - Verify response status code successfully

2018-10-29 15:38:59 - [TEST_STEP][PASSED] - containsString: Check contain string successfully

2018-10-29 15:38:59 - [MESSAGE][PASSED] - Check contain string successfully

2018-10-29 15:38:59 - [TEST_STEP][PASSED] - Statement - return response: null

2018-10-29 15:38:59 - [MESSAGE][PASSED] - Call Test Case 'Test Cases/Library/Community/Create Community' successfully

2018-10-29 15:38:59 - [TEST_STEP][PASSED] - Statement - CommunityID = id: getAttributeValue.GetAttributeValue.GetAttribute is PASSED

2018-10-29 15:38:59 - [MESSAGE][PASSED] - getAttributeValue.GetAttributeValue.GetAttribute is PASSED

2018-10-29 15:38:59 - [TEST_STEP][PASSED] - Statement - response1 = com.kms.katalon.core.webui.keyword.WebUiBuiltInKeywords.callTestCase(com.kms.katalon.core.testcase.TestCaseFactory.findTestCase(Library/Community/Delete Community), ["communityID":CommunityID], STOP_ON_FAILURE): Call Test Case 'Test Cases/Library/Community/Delete Community' successfully

2018-10-29 15:38:59 - [TEST_CASE][PASSED] - Test Cases/Library/Community/Delete Community: Test Cases/Library/Community/Delete Community

2018-10-29 15:38:59 - [TEST_STEP][PASSED] - Statement - deleteCommunity = com.kms.katalon.core.testobject.ObjectRepository.findTestObject(Community/Delete Community, [host:internal.GlobalVariable.g_URL, communityID:communityID]): Finding Test Object with id 'Object Repository/Community/Delete Community'

2018-10-29 15:38:59 - [TEST_STEP][PASSED] - Statement - deleteCommunity.setHttpHeaderProperties(CustomKeywords.requestHeaders.Headers.AddHeaders()): requestHeaders.Headers.AddHeaders is PASSED

2018-10-29 15:38:59 - [MESSAGE][PASSED] - requestHeaders.Headers.AddHeaders is PASSED

2018-10-29 15:38:59 - [TEST_STEP][PASSED] - Statement - deleteCommunityRes = com.kms.katalon.core.webservice.keyword.WSBuiltInKeywords.sendRequest(deleteCommunity): Send request successfully

2018-10-29 15:38:59 - [MESSAGE][PASSED] - Send request successfully

2018-10-29 15:38:59 - [TEST_STEP][PASSED] - verifyResponseStatusCode: Verify response status code successfully

2018-10-29 15:38:59 - [MESSAGE][PASSED] - Verify response status code successfully

2018-10-29 15:38:59 - [TEST_STEP][PASSED] - Statement - reqObj = new com.kms.katalon.core.testobject.RequestObject(): null

2018-10-29 15:38:59 - [TEST_STEP][PASSED] - Statement - reqObj.setHttpHeaderProperties(CustomKeywords.requestHeaders.Headers.AddHeaders()): requestHeaders.Headers.AddHeaders is PASSED

2018-10-29 15:38:59 - [MESSAGE][PASSED] - requestHeaders.Headers.AddHeaders is PASSED

2018-10-29 15:38:59 - [TEST_STEP][PASSED] - Statement - reqObj.setRestRequestMethod("GET"): null

2018-10-29 15:38:59 - [TEST_STEP][PASSED] - Statement - reqObj.setRestUrl(g_URL + "/Services/api/sumtSocial/communities/" + communityID): null

2018-10-29 15:38:59 - [TEST_STEP][PASSED] - Statement - getResponse = com.kms.katalon.core.webservice.keyword.WSBuiltInKeywords.sendRequest(reqObj): Send request successfully

2018-10-29 15:38:59 - [MESSAGE][PASSED] - Send request successfully

2018-10-29 15:38:59 - [TEST_STEP][PASSED] - comment: null

2018-10-29 15:38:59 - [TEST_STEP][PASSED] - verifyResponseStatusCode: Verify response status code successfully

2018-10-29 15:38:59 - [MESSAGE][PASSED] - Verify response status code successfully

2018-10-29 15:38:59 - [TEST_STEP][PASSED] - Statement - return getResponse: null

2018-10-29 15:38:59 - [MESSAGE][PASSED] - Call Test Case 'Test Cases/Library/Community/Delete Community' successfully

2018-10-29 15:38:59 - [TEST_STEP][PASSED] - verifyResponseStatusCode: Verify response status code successfully

2018-10-29 15:38:59 - [MESSAGE][PASSED] - Verify response status code successfully]]></system-out>
         <system-err><![CDATA[]]></system-err>
      </testcase>
      <testcase name="Test Cases/TestCases/MD-2552 AdhocCommunity_MOB-3482/TC19750Verify by default Creator of Ad Hoc Community is the Owner" classname="Test Cases/TestCases/MD-2552 AdhocCommunity_MOB-3482/TC19750Verify by default Creator of Ad Hoc Community is the Owner" status="PASSED">
         <system-out><![CDATA[2018-10-29 15:38:59 - [TEST_CASE][PASSED] - Test Cases/TestCases/MD-2552 AdhocCommunity_MOB-3482/TC19750Verify by default Creator of Ad Hoc Community is the Owner: Test Cases/TestCases/MD-2552 AdhocCommunity_MOB-3482/TC19750Verify by default Creator of Ad Hoc Community is the Owner

2018-10-29 15:39:00 - [TEST_STEP][PASSED] - Statement - data = com.kms.katalon.core.testdata.TestDataFactory.findTestData(TestData): Reading CSV file with source file 'comma', separator 'containing header' and '{2}'

2018-10-29 15:39:00 - [TEST_STEP][PASSED] - Statement - response = com.kms.katalon.core.webui.keyword.WebUiBuiltInKeywords.callTestCase(com.kms.katalon.core.testcase.TestCaseFactory.findTestCase(Library/Community/Create Community), ["communityName":data.getValue("CommunityName", 2), "CommunityDesc":data.getValue("CommunityDesc", 2), "allowDiscussionBoards":true, ... ], STOP_ON_FAILURE): Call Test Case 'Test Cases/Library/Community/Create Community' successfully

2018-10-29 15:39:00 - [TEST_CASE][PASSED] - Test Cases/Library/Community/Create Community: Test Cases/Library/Community/Create Community

2018-10-29 15:39:00 - [TEST_STEP][PASSED] - Statement - request = com.kms.katalon.core.testobject.ObjectRepository.findTestObject(Community/POST Create Community, [host:internal.GlobalVariable.g_URL, CommunityName:((" + communityName) + "), CommunityDesc:((" + CommunityDesc) + "), allowDiscussionBoards:((" + allowDiscussionBoards) + "), ... ]): Finding Test Object with id 'Object Repository/Community/POST Create Community'

2018-10-29 15:39:00 - [TEST_STEP][PASSED] - Statement - request.setHttpHeaderProperties(CustomKeywords.requestHeaders.Headers.AddHeaders()): requestHeaders.Headers.AddHeaders is PASSED

2018-10-29 15:39:00 - [MESSAGE][PASSED] - requestHeaders.Headers.AddHeaders is PASSED

2018-10-29 15:39:00 - [TEST_STEP][PASSED] - Statement - response = com.kms.katalon.core.webservice.keyword.WSBuiltInKeywords.sendRequest(request): Send request successfully

2018-10-29 15:39:00 - [MESSAGE][PASSED] - Send request successfully

2018-10-29 15:39:00 - [TEST_STEP][PASSED] - verifyResponseStatusCode: Verify response status code successfully

2018-10-29 15:39:00 - [MESSAGE][PASSED] - Verify response status code successfully

2018-10-29 15:39:00 - [TEST_STEP][PASSED] - containsString: Check contain string successfully

2018-10-29 15:39:00 - [MESSAGE][PASSED] - Check contain string successfully

2018-10-29 15:39:00 - [TEST_STEP][PASSED] - Statement - return response: null

2018-10-29 15:39:00 - [MESSAGE][PASSED] - Call Test Case 'Test Cases/Library/Community/Create Community' successfully

2018-10-29 15:39:00 - [TEST_STEP][PASSED] - Statement - CommunityID = id: getAttributeValue.GetAttributeValue.GetAttribute is PASSED

2018-10-29 15:39:00 - [MESSAGE][PASSED] - getAttributeValue.GetAttributeValue.GetAttribute is PASSED

2018-10-29 15:39:00 - [TEST_STEP][PASSED] - verifyResponseStatusCode: Verify response status code successfully

2018-10-29 15:39:00 - [MESSAGE][PASSED] - Verify response status code successfully

2018-10-29 15:39:00 - [TEST_STEP][PASSED] - Statement - jsonObject = new groovy.json.JsonSlurper().parseText(response.getResponseText()): null

2018-10-29 15:39:00 - [TEST_STEP][PASSED] - Statement - printf(name): null

2018-10-29 15:39:00 - [TEST_STEP][PASSED] - Statement - assert response.getResponseText().contains(data.getValue("CommunityName", 2)): null

2018-10-29 15:39:00 - [TEST_STEP][PASSED] - verifyElementPropertyValue: Verify element property value successfully

2018-10-29 15:39:00 - [MESSAGE][PASSED] - Verify element property value successfully]]></system-out>
         <system-err><![CDATA[]]></system-err>
      </testcase>
      <testcase name="Test Cases/TestCases/MD-2552 AdhocCommunity_MOB-3482/TC_19744Verify Limit of characters for community Name ,Code and description" classname="Test Cases/TestCases/MD-2552 AdhocCommunity_MOB-3482/TC_19744Verify Limit of characters for community Name ,Code and description" status="FAILED">
         <failure type="FAILED" message="(Stack trace: Assertion failed: 

assert true==false
           |
           false

	at org.codehaus.groovy.runtime.InvokerHelper.assertFailed(InvokerHelper.java:402)
	at org.codehaus.groovy.runtime.ScriptBytecodeAdapter.assertFailed(ScriptBytecodeAdapter.java:650)
	at Script1531990841898.run(Script1531990841898.groovy:33)
	at com.kms.katalon.core.main.ScriptEngine.run(ScriptEngine.java:183)
	at com.kms.katalon.core.main.ScriptEngine.runScriptAsRawText(ScriptEngine.java:108)
	at com.kms.katalon.core.main.TestCaseExecutor.runScript(TestCaseExecutor.java:294)
	at com.kms.katalon.core.main.TestCaseExecutor.doExecute(TestCaseExecutor.java:285)
	at com.kms.katalon.core.main.TestCaseExecutor.processExecutionPhase(TestCaseExecutor.java:264)
	at com.kms.katalon.core.main.TestCaseExecutor.accessMainPhase(TestCaseExecutor.java:256)
	at com.kms.katalon.core.main.TestCaseExecutor.execute(TestCaseExecutor.java:200)
	at com.kms.katalon.core.main.TestSuiteExecutor.accessTestCaseMainPhase(TestSuiteExecutor.java:129)
	at com.kms.katalon.core.main.TestSuiteExecutor.accessTestSuiteMainPhase(TestSuiteExecutor.java:112)
	at com.kms.katalon.core.main.TestSuiteExecutor.execute(TestSuiteExecutor.java:81)
	at com.kms.katalon.core.main.TestCaseMain.startTestSuite(TestCaseMain.java:142)
	at com.kms.katalon.core.main.TestCaseMain$startTestSuite$0.call(Unknown Source)
	at org.codehaus.groovy.runtime.callsite.CallSiteArray.defaultCall(CallSiteArray.java:48)
	at org.codehaus.groovy.runtime.callsite.AbstractCallSite.call(AbstractCallSite.java:113)
	at org.codehaus.groovy.runtime.callsite.AbstractCallSite.call(AbstractCallSite.java:141)
	at TempTestSuite1540807533822.run(TempTestSuite1540807533822.groovy:36)
	at groovy.lang.GroovyShell.runScriptOrMainOrTestOrRunnable(GroovyShell.java:263)
	at groovy.lang.GroovyShell.run(GroovyShell.java:518)
	at groovy.lang.GroovyShell.run(GroovyShell.java:507)
	at groovy.ui.GroovyMain.processOnce(GroovyMain.java:653)
	at groovy.ui.GroovyMain.run(GroovyMain.java:384)
	at groovy.ui.GroovyMain.process(GroovyMain.java:370)
	at groovy.ui.GroovyMain.processArgs(GroovyMain.java:129)
	at groovy.ui.GroovyMain.main(GroovyMain.java:109)
	at sun.reflect.NativeMethodAccessorImpl.invoke0(Native Method)
	at sun.reflect.NativeMethodAccessorImpl.invoke(NativeMethodAccessorImpl.java:62)
	at sun.reflect.DelegatingMethodAccessorImpl.invoke(DelegatingMethodAccessorImpl.java:43)
	at java.lang.reflect.Method.invoke(Method.java:498)
	at org.codehaus.groovy.tools.GroovyStarter.rootLoader(GroovyStarter.java:109)
	at org.codehaus.groovy.tools.GroovyStarter.main(GroovyStarter.java:131)
)"/>
         <system-out><![CDATA[2018-10-29 15:39:00 - [TEST_CASE][FAILED] - Test Cases/TestCases/MD-2552 AdhocCommunity_MOB-3482/TC_19744Verify Limit of characters for community Name ,Code and description: Test Cases/TestCases/MD-2552 AdhocCommunity_MOB-3482/TC_19744Verify Limit of characters for community Name ,Code and description FAILED because (of) (Stack trace: Assertion failed: 

assert true==false
           |
           false

	at org.codehaus.groovy.runtime.InvokerHelper.assertFailed(InvokerHelper.java:402)
	at org.codehaus.groovy.runtime.ScriptBytecodeAdapter.assertFailed(ScriptBytecodeAdapter.java:650)
	at Script1531990841898.run(Script1531990841898.groovy:33)
	at com.kms.katalon.core.main.ScriptEngine.run(ScriptEngine.java:183)
	at com.kms.katalon.core.main.ScriptEngine.runScriptAsRawText(ScriptEngine.java:108)
	at com.kms.katalon.core.main.TestCaseExecutor.runScript(TestCaseExecutor.java:294)
	at com.kms.katalon.core.main.TestCaseExecutor.doExecute(TestCaseExecutor.java:285)
	at com.kms.katalon.core.main.TestCaseExecutor.processExecutionPhase(TestCaseExecutor.java:264)
	at com.kms.katalon.core.main.TestCaseExecutor.accessMainPhase(TestCaseExecutor.java:256)
	at com.kms.katalon.core.main.TestCaseExecutor.execute(TestCaseExecutor.java:200)
	at com.kms.katalon.core.main.TestSuiteExecutor.accessTestCaseMainPhase(TestSuiteExecutor.java:129)
	at com.kms.katalon.core.main.TestSuiteExecutor.accessTestSuiteMainPhase(TestSuiteExecutor.java:112)
	at com.kms.katalon.core.main.TestSuiteExecutor.execute(TestSuiteExecutor.java:81)
	at com.kms.katalon.core.main.TestCaseMain.startTestSuite(TestCaseMain.java:142)
	at com.kms.katalon.core.main.TestCaseMain$startTestSuite$0.call(Unknown Source)
	at org.codehaus.groovy.runtime.callsite.CallSiteArray.defaultCall(CallSiteArray.java:48)
	at org.codehaus.groovy.runtime.callsite.AbstractCallSite.call(AbstractCallSite.java:113)
	at org.codehaus.groovy.runtime.callsite.AbstractCallSite.call(AbstractCallSite.java:141)
	at TempTestSuite1540807533822.run(TempTestSuite1540807533822.groovy:36)
	at groovy.lang.GroovyShell.runScriptOrMainOrTestOrRunnable(GroovyShell.java:263)
	at groovy.lang.GroovyShell.run(GroovyShell.java:518)
	at groovy.lang.GroovyShell.run(GroovyShell.java:507)
	at groovy.ui.GroovyMain.processOnce(GroovyMain.java:653)
	at groovy.ui.GroovyMain.run(GroovyMain.java:384)
	at groovy.ui.GroovyMain.process(GroovyMain.java:370)
	at groovy.ui.GroovyMain.processArgs(GroovyMain.java:129)
	at groovy.ui.GroovyMain.main(GroovyMain.java:109)
	at sun.reflect.NativeMethodAccessorImpl.invoke0(Native Method)
	at sun.reflect.NativeMethodAccessorImpl.invoke(NativeMethodAccessorImpl.java:62)
	at sun.reflect.DelegatingMethodAccessorImpl.invoke(DelegatingMethodAccessorImpl.java:43)
	at java.lang.reflect.Method.invoke(Method.java:498)
	at org.codehaus.groovy.tools.GroovyStarter.rootLoader(GroovyStarter.java:109)
	at org.codehaus.groovy.tools.GroovyStarter.main(GroovyStarter.java:131)
)

2018-10-29 15:39:00 - [TEST_STEP][PASSED] - Statement - data = com.kms.katalon.core.testdata.TestDataFactory.findTestData(TestData): Reading CSV file with source file 'comma', separator 'containing header' and '{2}'

2018-10-29 15:39:00 - [TEST_STEP][PASSED] - Statement - comName = "Community name should not exceed more than hundred characteristics while creating community. Description is a mandatory field": null

2018-10-29 15:39:00 - [TEST_STEP][PASSED] - Statement - response = com.kms.katalon.core.webui.keyword.WebUiBuiltInKeywords.callTestCase(com.kms.katalon.core.testcase.TestCaseFactory.findTestCase(Library/Community/Create Community), ["communityName":data.getValue("CommunityName", 3), "CommunityDesc":data.getValue("CommunityDesc", 3), "allowDiscussionBoards":true, ... ], STOP_ON_FAILURE): Call Test Case 'Test Cases/Library/Community/Create Community' successfully

2018-10-29 15:39:00 - [TEST_CASE][PASSED] - Test Cases/Library/Community/Create Community: Test Cases/Library/Community/Create Community

2018-10-29 15:39:00 - [TEST_STEP][PASSED] - Statement - request = com.kms.katalon.core.testobject.ObjectRepository.findTestObject(Community/POST Create Community, [host:internal.GlobalVariable.g_URL, CommunityName:((" + communityName) + "), CommunityDesc:((" + CommunityDesc) + "), allowDiscussionBoards:((" + allowDiscussionBoards) + "), ... ]): Finding Test Object with id 'Object Repository/Community/POST Create Community'

2018-10-29 15:39:00 - [TEST_STEP][PASSED] - Statement - request.setHttpHeaderProperties(CustomKeywords.requestHeaders.Headers.AddHeaders()): requestHeaders.Headers.AddHeaders is PASSED

2018-10-29 15:39:00 - [MESSAGE][PASSED] - requestHeaders.Headers.AddHeaders is PASSED

2018-10-29 15:39:00 - [TEST_STEP][PASSED] - Statement - response = com.kms.katalon.core.webservice.keyword.WSBuiltInKeywords.sendRequest(request): Send request successfully

2018-10-29 15:39:00 - [MESSAGE][PASSED] - Send request successfully

2018-10-29 15:39:00 - [TEST_STEP][PASSED] - verifyResponseStatusCode: Verify response status code successfully

2018-10-29 15:39:00 - [MESSAGE][PASSED] - Verify response status code successfully

2018-10-29 15:39:00 - [TEST_STEP][PASSED] - containsString: Check contain string successfully

2018-10-29 15:39:00 - [MESSAGE][PASSED] - Check contain string successfully

2018-10-29 15:39:00 - [TEST_STEP][PASSED] - Statement - return response: null

2018-10-29 15:39:00 - [MESSAGE][PASSED] - Call Test Case 'Test Cases/Library/Community/Create Community' successfully

2018-10-29 15:39:00 - [TEST_STEP][PASSED] - Statement - communityName = name: getAttributeValue.GetAttributeValue.GetAttribute is PASSED

2018-10-29 15:39:00 - [MESSAGE][PASSED] - getAttributeValue.GetAttributeValue.GetAttribute is PASSED

2018-10-29 15:39:00 - [TEST_STEP][PASSED] - Statement - CommunityID = id: getAttributeValue.GetAttributeValue.GetAttribute is PASSED

2018-10-29 15:39:00 - [MESSAGE][PASSED] - getAttributeValue.GetAttributeValue.GetAttribute is PASSED

2018-10-29 15:39:00 - [TEST_STEP][PASSED] - Statement - If (communityName.length() > 100): null

2018-10-29 15:39:00 - [TEST_STEP][PASSED] - Statement - println("community name is created with more than hundread charchterstics"): null

2018-10-29 15:39:00 - [TEST_STEP][PASSED] - Statement - assert true == false: null]]></system-out>
         <system-err><![CDATA[2018-10-29 15:39:00 - [TEST_CASE][FAILED] - Test Cases/TestCases/MD-2552 AdhocCommunity_MOB-3482/TC_19744Verify Limit of characters for community Name ,Code and description: Test Cases/TestCases/MD-2552 AdhocCommunity_MOB-3482/TC_19744Verify Limit of characters for community Name ,Code and description FAILED because (of) (Stack trace: Assertion failed: 

assert true==false
           |
           false

	at org.codehaus.groovy.runtime.InvokerHelper.assertFailed(InvokerHelper.java:402)
	at org.codehaus.groovy.runtime.ScriptBytecodeAdapter.assertFailed(ScriptBytecodeAdapter.java:650)
	at Script1531990841898.run(Script1531990841898.groovy:33)
	at com.kms.katalon.core.main.ScriptEngine.run(ScriptEngine.java:183)
	at com.kms.katalon.core.main.ScriptEngine.runScriptAsRawText(ScriptEngine.java:108)
	at com.kms.katalon.core.main.TestCaseExecutor.runScript(TestCaseExecutor.java:294)
	at com.kms.katalon.core.main.TestCaseExecutor.doExecute(TestCaseExecutor.java:285)
	at com.kms.katalon.core.main.TestCaseExecutor.processExecutionPhase(TestCaseExecutor.java:264)
	at com.kms.katalon.core.main.TestCaseExecutor.accessMainPhase(TestCaseExecutor.java:256)
	at com.kms.katalon.core.main.TestCaseExecutor.execute(TestCaseExecutor.java:200)
	at com.kms.katalon.core.main.TestSuiteExecutor.accessTestCaseMainPhase(TestSuiteExecutor.java:129)
	at com.kms.katalon.core.main.TestSuiteExecutor.accessTestSuiteMainPhase(TestSuiteExecutor.java:112)
	at com.kms.katalon.core.main.TestSuiteExecutor.execute(TestSuiteExecutor.java:81)
	at com.kms.katalon.core.main.TestCaseMain.startTestSuite(TestCaseMain.java:142)
	at com.kms.katalon.core.main.TestCaseMain$startTestSuite$0.call(Unknown Source)
	at org.codehaus.groovy.runtime.callsite.CallSiteArray.defaultCall(CallSiteArray.java:48)
	at org.codehaus.groovy.runtime.callsite.AbstractCallSite.call(AbstractCallSite.java:113)
	at org.codehaus.groovy.runtime.callsite.AbstractCallSite.call(AbstractCallSite.java:141)
	at TempTestSuite1540807533822.run(TempTestSuite1540807533822.groovy:36)
	at groovy.lang.GroovyShell.runScriptOrMainOrTestOrRunnable(GroovyShell.java:263)
	at groovy.lang.GroovyShell.run(GroovyShell.java:518)
	at groovy.lang.GroovyShell.run(GroovyShell.java:507)
	at groovy.ui.GroovyMain.processOnce(GroovyMain.java:653)
	at groovy.ui.GroovyMain.run(GroovyMain.java:384)
	at groovy.ui.GroovyMain.process(GroovyMain.java:370)
	at groovy.ui.GroovyMain.processArgs(GroovyMain.java:129)
	at groovy.ui.GroovyMain.main(GroovyMain.java:109)
	at sun.reflect.NativeMethodAccessorImpl.invoke0(Native Method)
	at sun.reflect.NativeMethodAccessorImpl.invoke(NativeMethodAccessorImpl.java:62)
	at sun.reflect.DelegatingMethodAccessorImpl.invoke(DelegatingMethodAccessorImpl.java:43)
	at java.lang.reflect.Method.invoke(Method.java:498)
	at org.codehaus.groovy.tools.GroovyStarter.rootLoader(GroovyStarter.java:109)
	at org.codehaus.groovy.tools.GroovyStarter.main(GroovyStarter.java:131)
)]]></system-err>
      </testcase>
      <testcase name="Test Cases/TestCases/MD-2552 AdhocCommunity_MOB-3482/TC_19749Verify Community Name and Description are Mandatory Fields" classname="Test Cases/TestCases/MD-2552 AdhocCommunity_MOB-3482/TC_19749Verify Community Name and Description are Mandatory Fields" status="FAILED">
         <failure type="FAILED" message="(Stack trace: Assertion failed: 

assert true==false
           |
           false

	at org.codehaus.groovy.runtime.InvokerHelper.assertFailed(InvokerHelper.java:402)
	at org.codehaus.groovy.runtime.ScriptBytecodeAdapter.assertFailed(ScriptBytecodeAdapter.java:650)
	at Script1531911811422.run(Script1531911811422.groovy:30)
	at com.kms.katalon.core.main.ScriptEngine.run(ScriptEngine.java:183)
	at com.kms.katalon.core.main.ScriptEngine.runScriptAsRawText(ScriptEngine.java:108)
	at com.kms.katalon.core.main.TestCaseExecutor.runScript(TestCaseExecutor.java:294)
	at com.kms.katalon.core.main.TestCaseExecutor.doExecute(TestCaseExecutor.java:285)
	at com.kms.katalon.core.main.TestCaseExecutor.processExecutionPhase(TestCaseExecutor.java:264)
	at com.kms.katalon.core.main.TestCaseExecutor.accessMainPhase(TestCaseExecutor.java:256)
	at com.kms.katalon.core.main.TestCaseExecutor.execute(TestCaseExecutor.java:200)
	at com.kms.katalon.core.main.TestSuiteExecutor.accessTestCaseMainPhase(TestSuiteExecutor.java:129)
	at com.kms.katalon.core.main.TestSuiteExecutor.accessTestSuiteMainPhase(TestSuiteExecutor.java:112)
	at com.kms.katalon.core.main.TestSuiteExecutor.execute(TestSuiteExecutor.java:81)
	at com.kms.katalon.core.main.TestCaseMain.startTestSuite(TestCaseMain.java:142)
	at com.kms.katalon.core.main.TestCaseMain$startTestSuite$0.call(Unknown Source)
	at org.codehaus.groovy.runtime.callsite.CallSiteArray.defaultCall(CallSiteArray.java:48)
	at org.codehaus.groovy.runtime.callsite.AbstractCallSite.call(AbstractCallSite.java:113)
	at org.codehaus.groovy.runtime.callsite.AbstractCallSite.call(AbstractCallSite.java:141)
	at TempTestSuite1540807533822.run(TempTestSuite1540807533822.groovy:36)
	at groovy.lang.GroovyShell.runScriptOrMainOrTestOrRunnable(GroovyShell.java:263)
	at groovy.lang.GroovyShell.run(GroovyShell.java:518)
	at groovy.lang.GroovyShell.run(GroovyShell.java:507)
	at groovy.ui.GroovyMain.processOnce(GroovyMain.java:653)
	at groovy.ui.GroovyMain.run(GroovyMain.java:384)
	at groovy.ui.GroovyMain.process(GroovyMain.java:370)
	at groovy.ui.GroovyMain.processArgs(GroovyMain.java:129)
	at groovy.ui.GroovyMain.main(GroovyMain.java:109)
	at sun.reflect.NativeMethodAccessorImpl.invoke0(Native Method)
	at sun.reflect.NativeMethodAccessorImpl.invoke(NativeMethodAccessorImpl.java:62)
	at sun.reflect.DelegatingMethodAccessorImpl.invoke(DelegatingMethodAccessorImpl.java:43)
	at java.lang.reflect.Method.invoke(Method.java:498)
	at org.codehaus.groovy.tools.GroovyStarter.rootLoader(GroovyStarter.java:109)
	at org.codehaus.groovy.tools.GroovyStarter.main(GroovyStarter.java:131)
)"/>
         <system-out><![CDATA[2018-10-29 15:39:00 - [TEST_CASE][FAILED] - Test Cases/TestCases/MD-2552 AdhocCommunity_MOB-3482/TC_19749Verify Community Name and Description are Mandatory Fields: Test Cases/TestCases/MD-2552 AdhocCommunity_MOB-3482/TC_19749Verify Community Name and Description are Mandatory Fields FAILED because (of) (Stack trace: Assertion failed: 

assert true==false
           |
           false

	at org.codehaus.groovy.runtime.InvokerHelper.assertFailed(InvokerHelper.java:402)
	at org.codehaus.groovy.runtime.ScriptBytecodeAdapter.assertFailed(ScriptBytecodeAdapter.java:650)
	at Script1531911811422.run(Script1531911811422.groovy:30)
	at com.kms.katalon.core.main.ScriptEngine.run(ScriptEngine.java:183)
	at com.kms.katalon.core.main.ScriptEngine.runScriptAsRawText(ScriptEngine.java:108)
	at com.kms.katalon.core.main.TestCaseExecutor.runScript(TestCaseExecutor.java:294)
	at com.kms.katalon.core.main.TestCaseExecutor.doExecute(TestCaseExecutor.java:285)
	at com.kms.katalon.core.main.TestCaseExecutor.processExecutionPhase(TestCaseExecutor.java:264)
	at com.kms.katalon.core.main.TestCaseExecutor.accessMainPhase(TestCaseExecutor.java:256)
	at com.kms.katalon.core.main.TestCaseExecutor.execute(TestCaseExecutor.java:200)
	at com.kms.katalon.core.main.TestSuiteExecutor.accessTestCaseMainPhase(TestSuiteExecutor.java:129)
	at com.kms.katalon.core.main.TestSuiteExecutor.accessTestSuiteMainPhase(TestSuiteExecutor.java:112)
	at com.kms.katalon.core.main.TestSuiteExecutor.execute(TestSuiteExecutor.java:81)
	at com.kms.katalon.core.main.TestCaseMain.startTestSuite(TestCaseMain.java:142)
	at com.kms.katalon.core.main.TestCaseMain$startTestSuite$0.call(Unknown Source)
	at org.codehaus.groovy.runtime.callsite.CallSiteArray.defaultCall(CallSiteArray.java:48)
	at org.codehaus.groovy.runtime.callsite.AbstractCallSite.call(AbstractCallSite.java:113)
	at org.codehaus.groovy.runtime.callsite.AbstractCallSite.call(AbstractCallSite.java:141)
	at TempTestSuite1540807533822.run(TempTestSuite1540807533822.groovy:36)
	at groovy.lang.GroovyShell.runScriptOrMainOrTestOrRunnable(GroovyShell.java:263)
	at groovy.lang.GroovyShell.run(GroovyShell.java:518)
	at groovy.lang.GroovyShell.run(GroovyShell.java:507)
	at groovy.ui.GroovyMain.processOnce(GroovyMain.java:653)
	at groovy.ui.GroovyMain.run(GroovyMain.java:384)
	at groovy.ui.GroovyMain.process(GroovyMain.java:370)
	at groovy.ui.GroovyMain.processArgs(GroovyMain.java:129)
	at groovy.ui.GroovyMain.main(GroovyMain.java:109)
	at sun.reflect.NativeMethodAccessorImpl.invoke0(Native Method)
	at sun.reflect.NativeMethodAccessorImpl.invoke(NativeMethodAccessorImpl.java:62)
	at sun.reflect.DelegatingMethodAccessorImpl.invoke(DelegatingMethodAccessorImpl.java:43)
	at java.lang.reflect.Method.invoke(Method.java:498)
	at org.codehaus.groovy.tools.GroovyStarter.rootLoader(GroovyStarter.java:109)
	at org.codehaus.groovy.tools.GroovyStarter.main(GroovyStarter.java:131)
)

2018-10-29 15:39:00 - [TEST_STEP][PASSED] - Statement - response = com.kms.katalon.core.webui.keyword.WebUiBuiltInKeywords.callTestCase(com.kms.katalon.core.testcase.TestCaseFactory.findTestCase(Library/Community/Create Community), ["communityName":"", "CommunityDesc":"", "allowDiscussionBoards":true, "allowBlogPosts":true, "allowFileUploads":true, "communityCode":"", ... ], STOP_ON_FAILURE): Call Test Case 'Test Cases/Library/Community/Create Community' successfully

2018-10-29 15:39:00 - [TEST_CASE][PASSED] - Test Cases/Library/Community/Create Community: Test Cases/Library/Community/Create Community

2018-10-29 15:39:01 - [TEST_STEP][PASSED] - Statement - request = com.kms.katalon.core.testobject.ObjectRepository.findTestObject(Community/POST Create Community, [host:internal.GlobalVariable.g_URL, CommunityName:((" + communityName) + "), CommunityDesc:((" + CommunityDesc) + "), allowDiscussionBoards:((" + allowDiscussionBoards) + "), ... ]): Finding Test Object with id 'Object Repository/Community/POST Create Community'

2018-10-29 15:39:01 - [TEST_STEP][PASSED] - Statement - request.setHttpHeaderProperties(CustomKeywords.requestHeaders.Headers.AddHeaders()): requestHeaders.Headers.AddHeaders is PASSED

2018-10-29 15:39:01 - [MESSAGE][PASSED] - requestHeaders.Headers.AddHeaders is PASSED

2018-10-29 15:39:01 - [TEST_STEP][PASSED] - Statement - response = com.kms.katalon.core.webservice.keyword.WSBuiltInKeywords.sendRequest(request): Send request successfully

2018-10-29 15:39:01 - [MESSAGE][PASSED] - Send request successfully

2018-10-29 15:39:01 - [TEST_STEP][PASSED] - verifyResponseStatusCode: Verify response status code successfully

2018-10-29 15:39:01 - [MESSAGE][PASSED] - Verify response status code successfully

2018-10-29 15:39:01 - [TEST_STEP][PASSED] - containsString: Check contain string successfully

2018-10-29 15:39:01 - [MESSAGE][PASSED] - Check contain string successfully

2018-10-29 15:39:01 - [TEST_STEP][PASSED] - Statement - return response: null

2018-10-29 15:39:01 - [MESSAGE][PASSED] - Call Test Case 'Test Cases/Library/Community/Create Community' successfully

2018-10-29 15:39:01 - [TEST_STEP][PASSED] - Statement - CommunityID = id: getAttributeValue.GetAttributeValue.GetAttribute is PASSED

2018-10-29 15:39:01 - [MESSAGE][PASSED] - getAttributeValue.GetAttributeValue.GetAttribute is PASSED

2018-10-29 15:39:01 - [TEST_STEP][PASSED] - Statement - If (com.kms.katalon.core.webservice.keyword.WSBuiltInKeywords.verifyResponseStatusCode(response, 200)): null

2018-10-29 15:39:01 - [MESSAGE][PASSED] - Verify response status code successfully

2018-10-29 15:39:01 - [TEST_STEP][PASSED] - Statement - println("community is created even community name, desc is not provided"): null

2018-10-29 15:39:01 - [TEST_STEP][PASSED] - Statement - assert true == false: null]]></system-out>
         <system-err><![CDATA[2018-10-29 15:39:00 - [TEST_CASE][FAILED] - Test Cases/TestCases/MD-2552 AdhocCommunity_MOB-3482/TC_19749Verify Community Name and Description are Mandatory Fields: Test Cases/TestCases/MD-2552 AdhocCommunity_MOB-3482/TC_19749Verify Community Name and Description are Mandatory Fields FAILED because (of) (Stack trace: Assertion failed: 

assert true==false
           |
           false

	at org.codehaus.groovy.runtime.InvokerHelper.assertFailed(InvokerHelper.java:402)
	at org.codehaus.groovy.runtime.ScriptBytecodeAdapter.assertFailed(ScriptBytecodeAdapter.java:650)
	at Script1531911811422.run(Script1531911811422.groovy:30)
	at com.kms.katalon.core.main.ScriptEngine.run(ScriptEngine.java:183)
	at com.kms.katalon.core.main.ScriptEngine.runScriptAsRawText(ScriptEngine.java:108)
	at com.kms.katalon.core.main.TestCaseExecutor.runScript(TestCaseExecutor.java:294)
	at com.kms.katalon.core.main.TestCaseExecutor.doExecute(TestCaseExecutor.java:285)
	at com.kms.katalon.core.main.TestCaseExecutor.processExecutionPhase(TestCaseExecutor.java:264)
	at com.kms.katalon.core.main.TestCaseExecutor.accessMainPhase(TestCaseExecutor.java:256)
	at com.kms.katalon.core.main.TestCaseExecutor.execute(TestCaseExecutor.java:200)
	at com.kms.katalon.core.main.TestSuiteExecutor.accessTestCaseMainPhase(TestSuiteExecutor.java:129)
	at com.kms.katalon.core.main.TestSuiteExecutor.accessTestSuiteMainPhase(TestSuiteExecutor.java:112)
	at com.kms.katalon.core.main.TestSuiteExecutor.execute(TestSuiteExecutor.java:81)
	at com.kms.katalon.core.main.TestCaseMain.startTestSuite(TestCaseMain.java:142)
	at com.kms.katalon.core.main.TestCaseMain$startTestSuite$0.call(Unknown Source)
	at org.codehaus.groovy.runtime.callsite.CallSiteArray.defaultCall(CallSiteArray.java:48)
	at org.codehaus.groovy.runtime.callsite.AbstractCallSite.call(AbstractCallSite.java:113)
	at org.codehaus.groovy.runtime.callsite.AbstractCallSite.call(AbstractCallSite.java:141)
	at TempTestSuite1540807533822.run(TempTestSuite1540807533822.groovy:36)
	at groovy.lang.GroovyShell.runScriptOrMainOrTestOrRunnable(GroovyShell.java:263)
	at groovy.lang.GroovyShell.run(GroovyShell.java:518)
	at groovy.lang.GroovyShell.run(GroovyShell.java:507)
	at groovy.ui.GroovyMain.processOnce(GroovyMain.java:653)
	at groovy.ui.GroovyMain.run(GroovyMain.java:384)
	at groovy.ui.GroovyMain.process(GroovyMain.java:370)
	at groovy.ui.GroovyMain.processArgs(GroovyMain.java:129)
	at groovy.ui.GroovyMain.main(GroovyMain.java:109)
	at sun.reflect.NativeMethodAccessorImpl.invoke0(Native Method)
	at sun.reflect.NativeMethodAccessorImpl.invoke(NativeMethodAccessorImpl.java:62)
	at sun.reflect.DelegatingMethodAccessorImpl.invoke(DelegatingMethodAccessorImpl.java:43)
	at java.lang.reflect.Method.invoke(Method.java:498)
	at org.codehaus.groovy.tools.GroovyStarter.rootLoader(GroovyStarter.java:109)
	at org.codehaus.groovy.tools.GroovyStarter.main(GroovyStarter.java:131)
)]]></system-err>
      </testcase>
      <testcase name="Test Cases/TestCases/MD-2552 AdhocCommunity_MOB-3482/TC_19769Verify Work flow  Community when neither of Private Hidden and Disable Join Requests options are selected" classname="Test Cases/TestCases/MD-2552 AdhocCommunity_MOB-3482/TC_19769Verify Work flow  Community when neither of Private Hidden and Disable Join Requests options are selected" status="PASSED">
         <system-out><![CDATA[2018-10-29 15:39:01 - [TEST_CASE][PASSED] - Test Cases/TestCases/MD-2552 AdhocCommunity_MOB-3482/TC_19769Verify Work flow  Community when neither of Private Hidden and Disable Join Requests options are selected: Test Cases/TestCases/MD-2552 AdhocCommunity_MOB-3482/TC_19769Verify Work flow  Community when neither of Private Hidden and Disable Join Requests options are selected

2018-10-29 15:39:01 - [TEST_STEP][PASSED] - Statement - data = com.kms.katalon.core.testdata.TestDataFactory.findTestData(TestData): Reading CSV file with source file 'comma', separator 'containing header' and '{2}'

2018-10-29 15:39:01 - [TEST_STEP][PASSED] - Statement - response = com.kms.katalon.core.webui.keyword.WebUiBuiltInKeywords.callTestCase(com.kms.katalon.core.testcase.TestCaseFactory.findTestCase(Library/Community/Create Community), ["communityName":data.getValue("CommunityName", 5), "CommunityDesc":data.getValue("CommunityDesc", 5), "allowDiscussionBoards":true, ... ], STOP_ON_FAILURE): Call Test Case 'Test Cases/Library/Community/Create Community' successfully

2018-10-29 15:39:01 - [TEST_CASE][PASSED] - Test Cases/Library/Community/Create Community: Test Cases/Library/Community/Create Community

2018-10-29 15:39:01 - [TEST_STEP][PASSED] - Statement - request = com.kms.katalon.core.testobject.ObjectRepository.findTestObject(Community/POST Create Community, [host:internal.GlobalVariable.g_URL, CommunityName:((" + communityName) + "), CommunityDesc:((" + CommunityDesc) + "), allowDiscussionBoards:((" + allowDiscussionBoards) + "), ... ]): Finding Test Object with id 'Object Repository/Community/POST Create Community'

2018-10-29 15:39:01 - [TEST_STEP][PASSED] - Statement - request.setHttpHeaderProperties(CustomKeywords.requestHeaders.Headers.AddHeaders()): requestHeaders.Headers.AddHeaders is PASSED

2018-10-29 15:39:01 - [MESSAGE][PASSED] - requestHeaders.Headers.AddHeaders is PASSED

2018-10-29 15:39:01 - [TEST_STEP][PASSED] - Statement - response = com.kms.katalon.core.webservice.keyword.WSBuiltInKeywords.sendRequest(request): Send request successfully

2018-10-29 15:39:01 - [MESSAGE][PASSED] - Send request successfully

2018-10-29 15:39:01 - [TEST_STEP][PASSED] - verifyResponseStatusCode: Verify response status code successfully

2018-10-29 15:39:01 - [MESSAGE][PASSED] - Verify response status code successfully

2018-10-29 15:39:01 - [TEST_STEP][PASSED] - containsString: Check contain string successfully

2018-10-29 15:39:01 - [MESSAGE][PASSED] - Check contain string successfully

2018-10-29 15:39:01 - [TEST_STEP][PASSED] - Statement - return response: null

2018-10-29 15:39:01 - [MESSAGE][PASSED] - Call Test Case 'Test Cases/Library/Community/Create Community' successfully

2018-10-29 15:39:01 - [TEST_STEP][PASSED] - Statement - CommunityID = id: getAttributeValue.GetAttributeValue.GetAttribute is PASSED

2018-10-29 15:39:01 - [MESSAGE][PASSED] - getAttributeValue.GetAttributeValue.GetAttribute is PASSED

2018-10-29 15:39:01 - [TEST_STEP][PASSED] - verifyResponseStatusCode: Verify response status code successfully

2018-10-29 15:39:01 - [MESSAGE][PASSED] - Verify response status code successfully

2018-10-29 15:39:01 - [TEST_STEP][PASSED] - verifyElementPropertyValue: Verify element property value successfully

2018-10-29 15:39:01 - [MESSAGE][PASSED] - Verify element property value successfully

2018-10-29 15:39:01 - [TEST_STEP][PASSED] - verifyElementPropertyValue: Verify element property value successfully

2018-10-29 15:39:01 - [MESSAGE][PASSED] - Verify element property value successfully

2018-10-29 15:39:01 - [TEST_STEP][PASSED] - verifyElementPropertyValue: Verify element property value successfully

2018-10-29 15:39:01 - [MESSAGE][PASSED] - Verify element property value successfully

2018-10-29 15:39:01 - [TEST_STEP][PASSED] - verifyElementPropertyValue: Verify element property value successfully

2018-10-29 15:39:01 - [MESSAGE][PASSED] - Verify element property value successfully]]></system-out>
         <system-err><![CDATA[]]></system-err>
      </testcase>
      <testcase name="Test Cases/TestCases/MD-2552 AdhocCommunity_MOB-3482/TC_19771_19773Verify Configuring Ad Hoc Community with Enable Discussion Boards options" classname="Test Cases/TestCases/MD-2552 AdhocCommunity_MOB-3482/TC_19771_19773Verify Configuring Ad Hoc Community with Enable Discussion Boards options" status="PASSED">
         <system-out><![CDATA[2018-10-29 15:39:01 - [TEST_CASE][PASSED] - Test Cases/TestCases/MD-2552 AdhocCommunity_MOB-3482/TC_19771_19773Verify Configuring Ad Hoc Community with Enable Discussion Boards options: Test Cases/TestCases/MD-2552 AdhocCommunity_MOB-3482/TC_19771_19773Verify Configuring Ad Hoc Community with Enable Discussion Boards options

2018-10-29 15:39:02 - [TEST_STEP][PASSED] - Statement - data = com.kms.katalon.core.testdata.TestDataFactory.findTestData(TestData): Reading CSV file with source file 'comma', separator 'containing header' and '{2}'

2018-10-29 15:39:02 - [TEST_STEP][PASSED] - Statement - response = com.kms.katalon.core.webui.keyword.WebUiBuiltInKeywords.callTestCase(com.kms.katalon.core.testcase.TestCaseFactory.findTestCase(Library/Community/Create Community), ["communityName":data.getValue("CommunityName", 6), "CommunityDesc":data.getValue("CommunityDesc", 6), "allowDiscussionBoards":true, ... ], STOP_ON_FAILURE): Call Test Case 'Test Cases/Library/Community/Create Community' successfully

2018-10-29 15:39:02 - [TEST_CASE][PASSED] - Test Cases/Library/Community/Create Community: Test Cases/Library/Community/Create Community

2018-10-29 15:39:02 - [TEST_STEP][PASSED] - Statement - request = com.kms.katalon.core.testobject.ObjectRepository.findTestObject(Community/POST Create Community, [host:internal.GlobalVariable.g_URL, CommunityName:((" + communityName) + "), CommunityDesc:((" + CommunityDesc) + "), allowDiscussionBoards:((" + allowDiscussionBoards) + "), ... ]): Finding Test Object with id 'Object Repository/Community/POST Create Community'

2018-10-29 15:39:02 - [TEST_STEP][PASSED] - Statement - request.setHttpHeaderProperties(CustomKeywords.requestHeaders.Headers.AddHeaders()): requestHeaders.Headers.AddHeaders is PASSED

2018-10-29 15:39:02 - [MESSAGE][PASSED] - requestHeaders.Headers.AddHeaders is PASSED

2018-10-29 15:39:02 - [TEST_STEP][PASSED] - Statement - response = com.kms.katalon.core.webservice.keyword.WSBuiltInKeywords.sendRequest(request): Send request successfully

2018-10-29 15:39:02 - [MESSAGE][PASSED] - Send request successfully

2018-10-29 15:39:02 - [TEST_STEP][PASSED] - verifyResponseStatusCode: Verify response status code successfully

2018-10-29 15:39:02 - [MESSAGE][PASSED] - Verify response status code successfully

2018-10-29 15:39:02 - [TEST_STEP][PASSED] - containsString: Check contain string successfully

2018-10-29 15:39:02 - [MESSAGE][PASSED] - Check contain string successfully

2018-10-29 15:39:02 - [TEST_STEP][PASSED] - Statement - return response: null

2018-10-29 15:39:02 - [MESSAGE][PASSED] - Call Test Case 'Test Cases/Library/Community/Create Community' successfully

2018-10-29 15:39:02 - [TEST_STEP][PASSED] - Statement - CommunityID = id: getAttributeValue.GetAttributeValue.GetAttribute is PASSED

2018-10-29 15:39:02 - [MESSAGE][PASSED] - getAttributeValue.GetAttributeValue.GetAttribute is PASSED

2018-10-29 15:39:02 - [TEST_STEP][PASSED] - verifyResponseStatusCode: Verify response status code successfully

2018-10-29 15:39:02 - [MESSAGE][PASSED] - Verify response status code successfully

2018-10-29 15:39:02 - [TEST_STEP][PASSED] - verifyElementPropertyValue: Verify element property value successfully

2018-10-29 15:39:02 - [MESSAGE][PASSED] - Verify element property value successfully]]></system-out>
         <system-err><![CDATA[]]></system-err>
      </testcase>
      <testcase name="Test Cases/TestCases/MD-2552 AdhocCommunity_MOB-3482/TC_19774Verify Display of Community Content when Ad Hoc Community is configured with Enable Blog Posts" classname="Test Cases/TestCases/MD-2552 AdhocCommunity_MOB-3482/TC_19774Verify Display of Community Content when Ad Hoc Community is configured with Enable Blog Posts" status="PASSED">
         <system-out><![CDATA[2018-10-29 15:39:02 - [TEST_CASE][PASSED] - Test Cases/TestCases/MD-2552 AdhocCommunity_MOB-3482/TC_19774Verify Display of Community Content when Ad Hoc Community is configured with Enable Blog Posts: Test Cases/TestCases/MD-2552 AdhocCommunity_MOB-3482/TC_19774Verify Display of Community Content when Ad Hoc Community is configured with Enable Blog Posts

2018-10-29 15:39:02 - [TEST_STEP][PASSED] - Statement - data = com.kms.katalon.core.testdata.TestDataFactory.findTestData(TestData): Reading CSV file with source file 'comma', separator 'containing header' and '{2}'

2018-10-29 15:39:02 - [TEST_STEP][PASSED] - Statement - response = com.kms.katalon.core.webui.keyword.WebUiBuiltInKeywords.callTestCase(com.kms.katalon.core.testcase.TestCaseFactory.findTestCase(Library/Community/Create Community), ["communityName":data.getValue("CommunityName", 7), "CommunityDesc":data.getValue("CommunityDesc", 7), "allowDiscussionBoards":false, ... ], STOP_ON_FAILURE): Call Test Case 'Test Cases/Library/Community/Create Community' successfully

2018-10-29 15:39:02 - [TEST_CASE][PASSED] - Test Cases/Library/Community/Create Community: Test Cases/Library/Community/Create Community

2018-10-29 15:39:02 - [TEST_STEP][PASSED] - Statement - request = com.kms.katalon.core.testobject.ObjectRepository.findTestObject(Community/POST Create Community, [host:internal.GlobalVariable.g_URL, CommunityName:((" + communityName) + "), CommunityDesc:((" + CommunityDesc) + "), allowDiscussionBoards:((" + allowDiscussionBoards) + "), ... ]): Finding Test Object with id 'Object Repository/Community/POST Create Community'

2018-10-29 15:39:02 - [TEST_STEP][PASSED] - Statement - request.setHttpHeaderProperties(CustomKeywords.requestHeaders.Headers.AddHeaders()): requestHeaders.Headers.AddHeaders is PASSED

2018-10-29 15:39:02 - [MESSAGE][PASSED] - requestHeaders.Headers.AddHeaders is PASSED

2018-10-29 15:39:02 - [TEST_STEP][PASSED] - Statement - response = com.kms.katalon.core.webservice.keyword.WSBuiltInKeywords.sendRequest(request): Send request successfully

2018-10-29 15:39:02 - [MESSAGE][PASSED] - Send request successfully

2018-10-29 15:39:02 - [TEST_STEP][PASSED] - verifyResponseStatusCode: Verify response status code successfully

2018-10-29 15:39:02 - [MESSAGE][PASSED] - Verify response status code successfully

2018-10-29 15:39:02 - [TEST_STEP][PASSED] - containsString: Check contain string successfully

2018-10-29 15:39:02 - [MESSAGE][PASSED] - Check contain string successfully

2018-10-29 15:39:02 - [TEST_STEP][PASSED] - Statement - return response: null

2018-10-29 15:39:02 - [MESSAGE][PASSED] - Call Test Case 'Test Cases/Library/Community/Create Community' successfully

2018-10-29 15:39:02 - [TEST_STEP][PASSED] - Statement - CommunityID = id: getAttributeValue.GetAttributeValue.GetAttribute is PASSED

2018-10-29 15:39:02 - [MESSAGE][PASSED] - getAttributeValue.GetAttributeValue.GetAttribute is PASSED

2018-10-29 15:39:02 - [TEST_STEP][PASSED] - verifyResponseStatusCode: Verify response status code successfully

2018-10-29 15:39:02 - [MESSAGE][PASSED] - Verify response status code successfully

2018-10-29 15:39:02 - [TEST_STEP][PASSED] - verifyElementPropertyValue: Verify element property value successfully

2018-10-29 15:39:02 - [MESSAGE][PASSED] - Verify element property value successfully

2018-10-29 15:39:02 - [TEST_STEP][PASSED] - verifyElementPropertyValue: Verify element property value successfully

2018-10-29 15:39:02 - [MESSAGE][PASSED] - Verify element property value successfully

2018-10-29 15:39:02 - [TEST_STEP][PASSED] - verifyElementPropertyValue: Verify element property value successfully

2018-10-29 15:39:02 - [MESSAGE][PASSED] - Verify element property value successfully

2018-10-29 15:39:02 - [TEST_STEP][PASSED] - verifyElementPropertyValue: Verify element property value successfully

2018-10-29 15:39:02 - [MESSAGE][PASSED] - Verify element property value successfully]]></system-out>
         <system-err><![CDATA[]]></system-err>
      </testcase>
      <testcase name="Test Cases/TestCases/MD-2552 AdhocCommunity_MOB-3482/TC_19775Verify Configuring Ad Hoc Community with Enable Blog Posts options" classname="Test Cases/TestCases/MD-2552 AdhocCommunity_MOB-3482/TC_19775Verify Configuring Ad Hoc Community with Enable Blog Posts options" status="PASSED">
         <system-out><![CDATA[2018-10-29 15:39:02 - [TEST_CASE][PASSED] - Test Cases/TestCases/MD-2552 AdhocCommunity_MOB-3482/TC_19775Verify Configuring Ad Hoc Community with Enable Blog Posts options: Test Cases/TestCases/MD-2552 AdhocCommunity_MOB-3482/TC_19775Verify Configuring Ad Hoc Community with Enable Blog Posts options

2018-10-29 15:39:03 - [TEST_STEP][PASSED] - Statement - data = com.kms.katalon.core.testdata.TestDataFactory.findTestData(TestData): Reading CSV file with source file 'comma', separator 'containing header' and '{2}'

2018-10-29 15:39:03 - [TEST_STEP][PASSED] - Statement - response = com.kms.katalon.core.webui.keyword.WebUiBuiltInKeywords.callTestCase(com.kms.katalon.core.testcase.TestCaseFactory.findTestCase(Library/Community/Create Community), ["communityName":data.getValue("CommunityName", 8), "CommunityDesc":data.getValue("CommunityDesc", 8), "allowDiscussionBoards":false, ... ], STOP_ON_FAILURE): Call Test Case 'Test Cases/Library/Community/Create Community' successfully

2018-10-29 15:39:03 - [TEST_CASE][PASSED] - Test Cases/Library/Community/Create Community: Test Cases/Library/Community/Create Community

2018-10-29 15:39:03 - [TEST_STEP][PASSED] - Statement - request = com.kms.katalon.core.testobject.ObjectRepository.findTestObject(Community/POST Create Community, [host:internal.GlobalVariable.g_URL, CommunityName:((" + communityName) + "), CommunityDesc:((" + CommunityDesc) + "), allowDiscussionBoards:((" + allowDiscussionBoards) + "), ... ]): Finding Test Object with id 'Object Repository/Community/POST Create Community'

2018-10-29 15:39:03 - [TEST_STEP][PASSED] - Statement - request.setHttpHeaderProperties(CustomKeywords.requestHeaders.Headers.AddHeaders()): requestHeaders.Headers.AddHeaders is PASSED

2018-10-29 15:39:03 - [MESSAGE][PASSED] - requestHeaders.Headers.AddHeaders is PASSED

2018-10-29 15:39:03 - [TEST_STEP][PASSED] - Statement - response = com.kms.katalon.core.webservice.keyword.WSBuiltInKeywords.sendRequest(request): Send request successfully

2018-10-29 15:39:03 - [MESSAGE][PASSED] - Send request successfully

2018-10-29 15:39:03 - [TEST_STEP][PASSED] - verifyResponseStatusCode: Verify response status code successfully

2018-10-29 15:39:03 - [MESSAGE][PASSED] - Verify response status code successfully

2018-10-29 15:39:03 - [TEST_STEP][PASSED] - containsString: Check contain string successfully

2018-10-29 15:39:03 - [MESSAGE][PASSED] - Check contain string successfully

2018-10-29 15:39:03 - [TEST_STEP][PASSED] - Statement - return response: null

2018-10-29 15:39:03 - [MESSAGE][PASSED] - Call Test Case 'Test Cases/Library/Community/Create Community' successfully

2018-10-29 15:39:03 - [TEST_STEP][PASSED] - Statement - CommunityID = id: getAttributeValue.GetAttributeValue.GetAttribute is PASSED

2018-10-29 15:39:03 - [MESSAGE][PASSED] - getAttributeValue.GetAttributeValue.GetAttribute is PASSED

2018-10-29 15:39:03 - [TEST_STEP][PASSED] - verifyResponseStatusCode: Verify response status code successfully

2018-10-29 15:39:03 - [MESSAGE][PASSED] - Verify response status code successfully

2018-10-29 15:39:03 - [TEST_STEP][PASSED] - verifyElementPropertyValue: Verify element property value successfully

2018-10-29 15:39:03 - [MESSAGE][PASSED] - Verify element property value successfully]]></system-out>
         <system-err><![CDATA[]]></system-err>
      </testcase>
      <testcase name="Test Cases/TestCases/MD-2552 AdhocCommunity_MOB-3482/TC_19779Verify Display of Community Content when Ad Hoc Community is configured with Allow File Uploads" classname="Test Cases/TestCases/MD-2552 AdhocCommunity_MOB-3482/TC_19779Verify Display of Community Content when Ad Hoc Community is configured with Allow File Uploads" status="PASSED">
         <system-out><![CDATA[2018-10-29 15:39:03 - [TEST_CASE][PASSED] - Test Cases/TestCases/MD-2552 AdhocCommunity_MOB-3482/TC_19779Verify Display of Community Content when Ad Hoc Community is configured with Allow File Uploads: Test Cases/TestCases/MD-2552 AdhocCommunity_MOB-3482/TC_19779Verify Display of Community Content when Ad Hoc Community is configured with Allow File Uploads

2018-10-29 15:39:03 - [TEST_STEP][PASSED] - Statement - data = com.kms.katalon.core.testdata.TestDataFactory.findTestData(TestData): Reading CSV file with source file 'comma', separator 'containing header' and '{2}'

2018-10-29 15:39:03 - [TEST_STEP][PASSED] - Statement - response = com.kms.katalon.core.webui.keyword.WebUiBuiltInKeywords.callTestCase(com.kms.katalon.core.testcase.TestCaseFactory.findTestCase(Library/Community/Create Community), ["communityName":data.getValue("CommunityName", 9), "CommunityDesc":data.getValue("CommunityDesc", 9), "allowDiscussionBoards":false, ... ], STOP_ON_FAILURE): Call Test Case 'Test Cases/Library/Community/Create Community' successfully

2018-10-29 15:39:03 - [TEST_CASE][PASSED] - Test Cases/Library/Community/Create Community: Test Cases/Library/Community/Create Community

2018-10-29 15:39:03 - [TEST_STEP][PASSED] - Statement - request = com.kms.katalon.core.testobject.ObjectRepository.findTestObject(Community/POST Create Community, [host:internal.GlobalVariable.g_URL, CommunityName:((" + communityName) + "), CommunityDesc:((" + CommunityDesc) + "), allowDiscussionBoards:((" + allowDiscussionBoards) + "), ... ]): Finding Test Object with id 'Object Repository/Community/POST Create Community'

2018-10-29 15:39:03 - [TEST_STEP][PASSED] - Statement - request.setHttpHeaderProperties(CustomKeywords.requestHeaders.Headers.AddHeaders()): requestHeaders.Headers.AddHeaders is PASSED

2018-10-29 15:39:03 - [MESSAGE][PASSED] - requestHeaders.Headers.AddHeaders is PASSED

2018-10-29 15:39:03 - [TEST_STEP][PASSED] - Statement - response = com.kms.katalon.core.webservice.keyword.WSBuiltInKeywords.sendRequest(request): Send request successfully

2018-10-29 15:39:03 - [MESSAGE][PASSED] - Send request successfully

2018-10-29 15:39:03 - [TEST_STEP][PASSED] - verifyResponseStatusCode: Verify response status code successfully

2018-10-29 15:39:03 - [MESSAGE][PASSED] - Verify response status code successfully

2018-10-29 15:39:03 - [TEST_STEP][PASSED] - containsString: Check contain string successfully

2018-10-29 15:39:03 - [MESSAGE][PASSED] - Check contain string successfully

2018-10-29 15:39:03 - [TEST_STEP][PASSED] - Statement - return response: null

2018-10-29 15:39:03 - [MESSAGE][PASSED] - Call Test Case 'Test Cases/Library/Community/Create Community' successfully

2018-10-29 15:39:03 - [TEST_STEP][PASSED] - Statement - CommunityID = id: getAttributeValue.GetAttributeValue.GetAttribute is PASSED

2018-10-29 15:39:03 - [MESSAGE][PASSED] - getAttributeValue.GetAttributeValue.GetAttribute is PASSED

2018-10-29 15:39:03 - [TEST_STEP][PASSED] - verifyResponseStatusCode: Verify response status code successfully

2018-10-29 15:39:03 - [MESSAGE][PASSED] - Verify response status code successfully

2018-10-29 15:39:03 - [TEST_STEP][PASSED] - verifyElementPropertyValue: Verify element property value successfully

2018-10-29 15:39:03 - [MESSAGE][PASSED] - Verify element property value successfully

2018-10-29 15:39:03 - [TEST_STEP][PASSED] - verifyElementPropertyValue: Verify element property value successfully

2018-10-29 15:39:03 - [MESSAGE][PASSED] - Verify element property value successfully

2018-10-29 15:39:03 - [TEST_STEP][PASSED] - verifyElementPropertyValue: Verify element property value successfully

2018-10-29 15:39:03 - [MESSAGE][PASSED] - Verify element property value successfully

2018-10-29 15:39:03 - [TEST_STEP][PASSED] - verifyElementPropertyValue: Verify element property value successfully

2018-10-29 15:39:03 - [MESSAGE][PASSED] - Verify element property value successfully]]></system-out>
         <system-err><![CDATA[]]></system-err>
      </testcase>
      <testcase name="Test Cases/TestCases/MD-2552 AdhocCommunity_MOB-3482/TC_19780Verify Display of Community  configured with Enable Discussion Boards and Enable Blog Posts" classname="Test Cases/TestCases/MD-2552 AdhocCommunity_MOB-3482/TC_19780Verify Display of Community  configured with Enable Discussion Boards and Enable Blog Posts" status="PASSED">
         <system-out><![CDATA[2018-10-29 15:39:03 - [TEST_CASE][PASSED] - Test Cases/TestCases/MD-2552 AdhocCommunity_MOB-3482/TC_19780Verify Display of Community  configured with Enable Discussion Boards and Enable Blog Posts: Test Cases/TestCases/MD-2552 AdhocCommunity_MOB-3482/TC_19780Verify Display of Community  configured with Enable Discussion Boards and Enable Blog Posts

2018-10-29 15:39:03 - [TEST_STEP][PASSED] - Statement - data = com.kms.katalon.core.testdata.TestDataFactory.findTestData(TestData): Reading CSV file with source file 'comma', separator 'containing header' and '{2}'

2018-10-29 15:39:03 - [TEST_STEP][PASSED] - Statement - response = com.kms.katalon.core.webui.keyword.WebUiBuiltInKeywords.callTestCase(com.kms.katalon.core.testcase.TestCaseFactory.findTestCase(Library/Community/Create Community), ["communityName":data.getValue("CommunityName", 10), "CommunityDesc":data.getValue("CommunityDesc", 10), "allowDiscussionBoards":true, ... ], STOP_ON_FAILURE): Call Test Case 'Test Cases/Library/Community/Create Community' successfully

2018-10-29 15:39:03 - [TEST_CASE][PASSED] - Test Cases/Library/Community/Create Community: Test Cases/Library/Community/Create Community

2018-10-29 15:39:03 - [TEST_STEP][PASSED] - Statement - request = com.kms.katalon.core.testobject.ObjectRepository.findTestObject(Community/POST Create Community, [host:internal.GlobalVariable.g_URL, CommunityName:((" + communityName) + "), CommunityDesc:((" + CommunityDesc) + "), allowDiscussionBoards:((" + allowDiscussionBoards) + "), ... ]): Finding Test Object with id 'Object Repository/Community/POST Create Community'

2018-10-29 15:39:03 - [TEST_STEP][PASSED] - Statement - request.setHttpHeaderProperties(CustomKeywords.requestHeaders.Headers.AddHeaders()): requestHeaders.Headers.AddHeaders is PASSED

2018-10-29 15:39:03 - [MESSAGE][PASSED] - requestHeaders.Headers.AddHeaders is PASSED

2018-10-29 15:39:03 - [TEST_STEP][PASSED] - Statement - response = com.kms.katalon.core.webservice.keyword.WSBuiltInKeywords.sendRequest(request): Send request successfully

2018-10-29 15:39:03 - [MESSAGE][PASSED] - Send request successfully

2018-10-29 15:39:03 - [TEST_STEP][PASSED] - verifyResponseStatusCode: Verify response status code successfully

2018-10-29 15:39:03 - [MESSAGE][PASSED] - Verify response status code successfully

2018-10-29 15:39:03 - [TEST_STEP][PASSED] - containsString: Check contain string successfully

2018-10-29 15:39:03 - [MESSAGE][PASSED] - Check contain string successfully

2018-10-29 15:39:03 - [TEST_STEP][PASSED] - Statement - return response: null

2018-10-29 15:39:03 - [MESSAGE][PASSED] - Call Test Case 'Test Cases/Library/Community/Create Community' successfully

2018-10-29 15:39:03 - [TEST_STEP][PASSED] - Statement - CommunityID = id: getAttributeValue.GetAttributeValue.GetAttribute is PASSED

2018-10-29 15:39:03 - [MESSAGE][PASSED] - getAttributeValue.GetAttributeValue.GetAttribute is PASSED

2018-10-29 15:39:03 - [TEST_STEP][PASSED] - verifyResponseStatusCode: Verify response status code successfully

2018-10-29 15:39:03 - [MESSAGE][PASSED] - Verify response status code successfully

2018-10-29 15:39:03 - [TEST_STEP][PASSED] - verifyElementPropertyValue: Verify element property value successfully

2018-10-29 15:39:03 - [MESSAGE][PASSED] - Verify element property value successfully

2018-10-29 15:39:03 - [TEST_STEP][PASSED] - verifyElementPropertyValue: Verify element property value successfully

2018-10-29 15:39:03 - [MESSAGE][PASSED] - Verify element property value successfully

2018-10-29 15:39:03 - [TEST_STEP][PASSED] - verifyElementPropertyValue: Verify element property value successfully

2018-10-29 15:39:03 - [MESSAGE][PASSED] - Verify element property value successfully

2018-10-29 15:39:03 - [TEST_STEP][PASSED] - verifyElementPropertyValue: Verify element property value successfully

2018-10-29 15:39:03 - [MESSAGE][PASSED] - Verify element property value successfully]]></system-out>
         <system-err><![CDATA[]]></system-err>
      </testcase>
      <testcase name="Test Cases/TestCases/MD-2552 AdhocCommunity_MOB-3482/TC_19782Verify Display of Community is configured with Enable Blog Posts and Allow File Uploads" classname="Test Cases/TestCases/MD-2552 AdhocCommunity_MOB-3482/TC_19782Verify Display of Community is configured with Enable Blog Posts and Allow File Uploads" status="PASSED">
         <system-out><![CDATA[2018-10-29 15:39:03 - [TEST_CASE][PASSED] - Test Cases/TestCases/MD-2552 AdhocCommunity_MOB-3482/TC_19782Verify Display of Community is configured with Enable Blog Posts and Allow File Uploads: Test Cases/TestCases/MD-2552 AdhocCommunity_MOB-3482/TC_19782Verify Display of Community is configured with Enable Blog Posts and Allow File Uploads

2018-10-29 15:39:07 - [TEST_STEP][PASSED] - Statement - data = com.kms.katalon.core.testdata.TestDataFactory.findTestData(TestData): Reading CSV file with source file 'comma', separator 'containing header' and '{2}'

2018-10-29 15:39:07 - [TEST_STEP][PASSED] - Statement - response = com.kms.katalon.core.webui.keyword.WebUiBuiltInKeywords.callTestCase(com.kms.katalon.core.testcase.TestCaseFactory.findTestCase(Library/Community/Create Community), ["communityName":data.getValue("CommunityName", 11), "CommunityDesc":data.getValue("CommunityDesc", 11), "allowDiscussionBoards":false, ... ], STOP_ON_FAILURE): Call Test Case 'Test Cases/Library/Community/Create Community' successfully

2018-10-29 15:39:07 - [TEST_CASE][PASSED] - Test Cases/Library/Community/Create Community: Test Cases/Library/Community/Create Community

2018-10-29 15:39:07 - [TEST_STEP][PASSED] - Statement - request = com.kms.katalon.core.testobject.ObjectRepository.findTestObject(Community/POST Create Community, [host:internal.GlobalVariable.g_URL, CommunityName:((" + communityName) + "), CommunityDesc:((" + CommunityDesc) + "), allowDiscussionBoards:((" + allowDiscussionBoards) + "), ... ]): Finding Test Object with id 'Object Repository/Community/POST Create Community'

2018-10-29 15:39:07 - [TEST_STEP][PASSED] - Statement - request.setHttpHeaderProperties(CustomKeywords.requestHeaders.Headers.AddHeaders()): requestHeaders.Headers.AddHeaders is PASSED

2018-10-29 15:39:07 - [MESSAGE][PASSED] - requestHeaders.Headers.AddHeaders is PASSED

2018-10-29 15:39:07 - [TEST_STEP][PASSED] - Statement - response = com.kms.katalon.core.webservice.keyword.WSBuiltInKeywords.sendRequest(request): Send request successfully

2018-10-29 15:39:07 - [MESSAGE][PASSED] - Send request successfully

2018-10-29 15:39:07 - [TEST_STEP][PASSED] - verifyResponseStatusCode: Verify response status code successfully

2018-10-29 15:39:07 - [MESSAGE][PASSED] - Verify response status code successfully

2018-10-29 15:39:07 - [TEST_STEP][PASSED] - containsString: Check contain string successfully

2018-10-29 15:39:07 - [MESSAGE][PASSED] - Check contain string successfully

2018-10-29 15:39:07 - [TEST_STEP][PASSED] - Statement - return response: null

2018-10-29 15:39:07 - [MESSAGE][PASSED] - Call Test Case 'Test Cases/Library/Community/Create Community' successfully

2018-10-29 15:39:07 - [TEST_STEP][PASSED] - Statement - CommunityID = id: getAttributeValue.GetAttributeValue.GetAttribute is PASSED

2018-10-29 15:39:07 - [MESSAGE][PASSED] - getAttributeValue.GetAttributeValue.GetAttribute is PASSED

2018-10-29 15:39:07 - [TEST_STEP][PASSED] - verifyResponseStatusCode: Verify response status code successfully

2018-10-29 15:39:07 - [MESSAGE][PASSED] - Verify response status code successfully

2018-10-29 15:39:07 - [TEST_STEP][PASSED] - verifyElementPropertyValue: Verify element property value successfully

2018-10-29 15:39:07 - [MESSAGE][PASSED] - Verify element property value successfully

2018-10-29 15:39:07 - [TEST_STEP][PASSED] - verifyElementPropertyValue: Verify element property value successfully

2018-10-29 15:39:07 - [MESSAGE][PASSED] - Verify element property value successfully

2018-10-29 15:39:07 - [TEST_STEP][PASSED] - verifyElementPropertyValue: Verify element property value successfully

2018-10-29 15:39:07 - [MESSAGE][PASSED] - Verify element property value successfully

2018-10-29 15:39:07 - [TEST_STEP][PASSED] - verifyElementPropertyValue: Verify element property value successfully

2018-10-29 15:39:07 - [MESSAGE][PASSED] - Verify element property value successfully]]></system-out>
         <system-err><![CDATA[]]></system-err>
      </testcase>
      <testcase name="Test Cases/TestCases/MD-2552 AdhocCommunity_MOB-3482/TC_19784V_19781erify Work flow when Community is configured with Enable Discussion Boards and Enable Blog Posts" classname="Test Cases/TestCases/MD-2552 AdhocCommunity_MOB-3482/TC_19784V_19781erify Work flow when Community is configured with Enable Discussion Boards and Enable Blog Posts" status="PASSED">
         <system-out><![CDATA[2018-10-29 15:39:07 - [TEST_CASE][PASSED] - Test Cases/TestCases/MD-2552 AdhocCommunity_MOB-3482/TC_19784V_19781erify Work flow when Community is configured with Enable Discussion Boards and Enable Blog Posts: Test Cases/TestCases/MD-2552 AdhocCommunity_MOB-3482/TC_19784V_19781erify Work flow when Community is configured with Enable Discussion Boards and Enable Blog Posts

2018-10-29 15:39:07 - [TEST_STEP][PASSED] - Statement - data = com.kms.katalon.core.testdata.TestDataFactory.findTestData(TestData): Reading CSV file with source file 'comma', separator 'containing header' and '{2}'

2018-10-29 15:39:07 - [TEST_STEP][PASSED] - Statement - response = com.kms.katalon.core.webui.keyword.WebUiBuiltInKeywords.callTestCase(com.kms.katalon.core.testcase.TestCaseFactory.findTestCase(Library/Community/Create Community), ["communityName":data.getValue("CommunityName", 12), "CommunityDesc":data.getValue("CommunityDesc", 12), "allowDiscussionBoards":true, ... ], STOP_ON_FAILURE): Call Test Case 'Test Cases/Library/Community/Create Community' successfully

2018-10-29 15:39:07 - [TEST_CASE][PASSED] - Test Cases/Library/Community/Create Community: Test Cases/Library/Community/Create Community

2018-10-29 15:39:07 - [TEST_STEP][PASSED] - Statement - request = com.kms.katalon.core.testobject.ObjectRepository.findTestObject(Community/POST Create Community, [host:internal.GlobalVariable.g_URL, CommunityName:((" + communityName) + "), CommunityDesc:((" + CommunityDesc) + "), allowDiscussionBoards:((" + allowDiscussionBoards) + "), ... ]): Finding Test Object with id 'Object Repository/Community/POST Create Community'

2018-10-29 15:39:07 - [TEST_STEP][PASSED] - Statement - request.setHttpHeaderProperties(CustomKeywords.requestHeaders.Headers.AddHeaders()): requestHeaders.Headers.AddHeaders is PASSED

2018-10-29 15:39:07 - [MESSAGE][PASSED] - requestHeaders.Headers.AddHeaders is PASSED

2018-10-29 15:39:07 - [TEST_STEP][PASSED] - Statement - response = com.kms.katalon.core.webservice.keyword.WSBuiltInKeywords.sendRequest(request): Send request successfully

2018-10-29 15:39:07 - [MESSAGE][PASSED] - Send request successfully

2018-10-29 15:39:07 - [TEST_STEP][PASSED] - verifyResponseStatusCode: Verify response status code successfully

2018-10-29 15:39:07 - [MESSAGE][PASSED] - Verify response status code successfully

2018-10-29 15:39:07 - [TEST_STEP][PASSED] - containsString: Check contain string successfully

2018-10-29 15:39:07 - [MESSAGE][PASSED] - Check contain string successfully

2018-10-29 15:39:07 - [TEST_STEP][PASSED] - Statement - return response: null

2018-10-29 15:39:07 - [MESSAGE][PASSED] - Call Test Case 'Test Cases/Library/Community/Create Community' successfully

2018-10-29 15:39:07 - [TEST_STEP][PASSED] - Statement - CommunityID = id: getAttributeValue.GetAttributeValue.GetAttribute is PASSED

2018-10-29 15:39:07 - [MESSAGE][PASSED] - getAttributeValue.GetAttributeValue.GetAttribute is PASSED

2018-10-29 15:39:07 - [TEST_STEP][PASSED] - verifyResponseStatusCode: Verify response status code successfully

2018-10-29 15:39:07 - [MESSAGE][PASSED] - Verify response status code successfully

2018-10-29 15:39:07 - [TEST_STEP][PASSED] - verifyElementPropertyValue: Verify element property value successfully

2018-10-29 15:39:07 - [MESSAGE][PASSED] - Verify element property value successfully]]></system-out>
         <system-err><![CDATA[]]></system-err>
      </testcase>
      <testcase name="Test Cases/TestCases/MD-2552 AdhocCommunity_MOB-3482/TC_19786Verify Display of Community configured with Enable Discussion Boards and Allow File Uploads" classname="Test Cases/TestCases/MD-2552 AdhocCommunity_MOB-3482/TC_19786Verify Display of Community configured with Enable Discussion Boards and Allow File Uploads" status="PASSED">
         <system-out><![CDATA[2018-10-29 15:39:07 - [TEST_CASE][PASSED] - Test Cases/TestCases/MD-2552 AdhocCommunity_MOB-3482/TC_19786Verify Display of Community configured with Enable Discussion Boards and Allow File Uploads: Test Cases/TestCases/MD-2552 AdhocCommunity_MOB-3482/TC_19786Verify Display of Community configured with Enable Discussion Boards and Allow File Uploads

2018-10-29 15:39:08 - [TEST_STEP][PASSED] - Statement - data = com.kms.katalon.core.testdata.TestDataFactory.findTestData(TestData): Reading CSV file with source file 'comma', separator 'containing header' and '{2}'

2018-10-29 15:39:08 - [TEST_STEP][PASSED] - Statement - response = com.kms.katalon.core.webui.keyword.WebUiBuiltInKeywords.callTestCase(com.kms.katalon.core.testcase.TestCaseFactory.findTestCase(Library/Community/Create Community), ["communityName":data.getValue("CommunityName", 13), "CommunityDesc":data.getValue("CommunityDesc", 13), "allowDiscussionBoards":true, ... ], STOP_ON_FAILURE): Call Test Case 'Test Cases/Library/Community/Create Community' successfully

2018-10-29 15:39:08 - [TEST_CASE][PASSED] - Test Cases/Library/Community/Create Community: Test Cases/Library/Community/Create Community

2018-10-29 15:39:12 - [TEST_STEP][PASSED] - Statement - request = com.kms.katalon.core.testobject.ObjectRepository.findTestObject(Community/POST Create Community, [host:internal.GlobalVariable.g_URL, CommunityName:((" + communityName) + "), CommunityDesc:((" + CommunityDesc) + "), allowDiscussionBoards:((" + allowDiscussionBoards) + "), ... ]): Finding Test Object with id 'Object Repository/Community/POST Create Community'

2018-10-29 15:39:12 - [TEST_STEP][PASSED] - Statement - request.setHttpHeaderProperties(CustomKeywords.requestHeaders.Headers.AddHeaders()): requestHeaders.Headers.AddHeaders is PASSED

2018-10-29 15:39:12 - [MESSAGE][PASSED] - requestHeaders.Headers.AddHeaders is PASSED

2018-10-29 15:39:12 - [TEST_STEP][PASSED] - Statement - response = com.kms.katalon.core.webservice.keyword.WSBuiltInKeywords.sendRequest(request): Send request successfully

2018-10-29 15:39:12 - [MESSAGE][PASSED] - Send request successfully

2018-10-29 15:39:12 - [TEST_STEP][PASSED] - verifyResponseStatusCode: Verify response status code successfully

2018-10-29 15:39:12 - [MESSAGE][PASSED] - Verify response status code successfully

2018-10-29 15:39:12 - [TEST_STEP][PASSED] - containsString: Check contain string successfully

2018-10-29 15:39:12 - [MESSAGE][PASSED] - Check contain string successfully

2018-10-29 15:39:12 - [TEST_STEP][PASSED] - Statement - return response: null

2018-10-29 15:39:12 - [MESSAGE][PASSED] - Call Test Case 'Test Cases/Library/Community/Create Community' successfully

2018-10-29 15:39:12 - [TEST_STEP][PASSED] - Statement - CommunityID = id: getAttributeValue.GetAttributeValue.GetAttribute is PASSED

2018-10-29 15:39:12 - [MESSAGE][PASSED] - getAttributeValue.GetAttributeValue.GetAttribute is PASSED

2018-10-29 15:39:12 - [TEST_STEP][PASSED] - verifyResponseStatusCode: Verify response status code successfully

2018-10-29 15:39:12 - [MESSAGE][PASSED] - Verify response status code successfully

2018-10-29 15:39:12 - [TEST_STEP][PASSED] - verifyElementPropertyValue: Verify element property value successfully

2018-10-29 15:39:12 - [MESSAGE][PASSED] - Verify element property value successfully

2018-10-29 15:39:12 - [TEST_STEP][PASSED] - verifyElementPropertyValue: Verify element property value successfully

2018-10-29 15:39:12 - [MESSAGE][PASSED] - Verify element property value successfully

2018-10-29 15:39:12 - [TEST_STEP][PASSED] - verifyElementPropertyValue: Verify element property value successfully

2018-10-29 15:39:12 - [MESSAGE][PASSED] - Verify element property value successfully

2018-10-29 15:39:12 - [TEST_STEP][PASSED] - verifyElementPropertyValue: Verify element property value successfully

2018-10-29 15:39:12 - [MESSAGE][PASSED] - Verify element property value successfully]]></system-out>
         <system-err><![CDATA[]]></system-err>
      </testcase>
      <testcase name="Test Cases/TestCases/MD-2552 AdhocCommunity_MOB-3482/TC_19787Verify Work flow when the Ad Hoc Community is configured with Enable Discussion Boards and Allow File Uploads" classname="Test Cases/TestCases/MD-2552 AdhocCommunity_MOB-3482/TC_19787Verify Work flow when the Ad Hoc Community is configured with Enable Discussion Boards and Allow File Uploads" status="PASSED">
         <system-out><![CDATA[2018-10-29 15:39:12 - [TEST_CASE][PASSED] - Test Cases/TestCases/MD-2552 AdhocCommunity_MOB-3482/TC_19787Verify Work flow when the Ad Hoc Community is configured with Enable Discussion Boards and Allow File Uploads: Test Cases/TestCases/MD-2552 AdhocCommunity_MOB-3482/TC_19787Verify Work flow when the Ad Hoc Community is configured with Enable Discussion Boards and Allow File Uploads

2018-10-29 15:39:12 - [TEST_STEP][PASSED] - Statement - data = com.kms.katalon.core.testdata.TestDataFactory.findTestData(TestData): Reading CSV file with source file 'comma', separator 'containing header' and '{2}'

2018-10-29 15:39:12 - [TEST_STEP][PASSED] - Statement - response = com.kms.katalon.core.webui.keyword.WebUiBuiltInKeywords.callTestCase(com.kms.katalon.core.testcase.TestCaseFactory.findTestCase(Library/Community/Create Community), ["communityName":data.getValue("CommunityName", 14), "CommunityDesc":data.getValue("CommunityDesc", 14), "allowDiscussionBoards":true, ... ], STOP_ON_FAILURE): Call Test Case 'Test Cases/Library/Community/Create Community' successfully

2018-10-29 15:39:12 - [TEST_CASE][PASSED] - Test Cases/Library/Community/Create Community: Test Cases/Library/Community/Create Community

2018-10-29 15:39:12 - [TEST_STEP][PASSED] - Statement - request = com.kms.katalon.core.testobject.ObjectRepository.findTestObject(Community/POST Create Community, [host:internal.GlobalVariable.g_URL, CommunityName:((" + communityName) + "), CommunityDesc:((" + CommunityDesc) + "), allowDiscussionBoards:((" + allowDiscussionBoards) + "), ... ]): Finding Test Object with id 'Object Repository/Community/POST Create Community'

2018-10-29 15:39:12 - [TEST_STEP][PASSED] - Statement - request.setHttpHeaderProperties(CustomKeywords.requestHeaders.Headers.AddHeaders()): requestHeaders.Headers.AddHeaders is PASSED

2018-10-29 15:39:12 - [MESSAGE][PASSED] - requestHeaders.Headers.AddHeaders is PASSED

2018-10-29 15:39:12 - [TEST_STEP][PASSED] - Statement - response = com.kms.katalon.core.webservice.keyword.WSBuiltInKeywords.sendRequest(request): Send request successfully

2018-10-29 15:39:12 - [MESSAGE][PASSED] - Send request successfully

2018-10-29 15:39:12 - [TEST_STEP][PASSED] - verifyResponseStatusCode: Verify response status code successfully

2018-10-29 15:39:12 - [MESSAGE][PASSED] - Verify response status code successfully

2018-10-29 15:39:12 - [TEST_STEP][PASSED] - containsString: Check contain string successfully

2018-10-29 15:39:12 - [MESSAGE][PASSED] - Check contain string successfully

2018-10-29 15:39:12 - [TEST_STEP][PASSED] - Statement - return response: null

2018-10-29 15:39:12 - [MESSAGE][PASSED] - Call Test Case 'Test Cases/Library/Community/Create Community' successfully

2018-10-29 15:39:12 - [TEST_STEP][PASSED] - Statement - CommunityID = id: getAttributeValue.GetAttributeValue.GetAttribute is PASSED

2018-10-29 15:39:12 - [MESSAGE][PASSED] - getAttributeValue.GetAttributeValue.GetAttribute is PASSED

2018-10-29 15:39:12 - [TEST_STEP][PASSED] - verifyResponseStatusCode: Verify response status code successfully

2018-10-29 15:39:12 - [MESSAGE][PASSED] - Verify response status code successfully

2018-10-29 15:39:12 - [TEST_STEP][PASSED] - verifyElementPropertyValue: Verify element property value successfully

2018-10-29 15:39:12 - [MESSAGE][PASSED] - Verify element property value successfully]]></system-out>
         <system-err><![CDATA[]]></system-err>
      </testcase>
      <testcase name="Test Cases/TestCases/MD-2552 AdhocCommunity_MOB-3482/TC_19789_19783Verify Work flow when the Ad Hoc Community is configured with Enable Blog Posts and Allow File Uploads" classname="Test Cases/TestCases/MD-2552 AdhocCommunity_MOB-3482/TC_19789_19783Verify Work flow when the Ad Hoc Community is configured with Enable Blog Posts and Allow File Uploads" status="PASSED">
         <system-out><![CDATA[2018-10-29 15:39:12 - [TEST_CASE][PASSED] - Test Cases/TestCases/MD-2552 AdhocCommunity_MOB-3482/TC_19789_19783Verify Work flow when the Ad Hoc Community is configured with Enable Blog Posts and Allow File Uploads: Test Cases/TestCases/MD-2552 AdhocCommunity_MOB-3482/TC_19789_19783Verify Work flow when the Ad Hoc Community is configured with Enable Blog Posts and Allow File Uploads

2018-10-29 15:39:13 - [TEST_STEP][PASSED] - Statement - data = com.kms.katalon.core.testdata.TestDataFactory.findTestData(TestData): Reading CSV file with source file 'comma', separator 'containing header' and '{2}'

2018-10-29 15:39:13 - [TEST_STEP][PASSED] - Statement - response = com.kms.katalon.core.webui.keyword.WebUiBuiltInKeywords.callTestCase(com.kms.katalon.core.testcase.TestCaseFactory.findTestCase(Library/Community/Create Community), ["communityName":data.getValue("CommunityName", 15), "CommunityDesc":data.getValue("CommunityDesc", 15), "allowDiscussionBoards":false, ... ], STOP_ON_FAILURE): Call Test Case 'Test Cases/Library/Community/Create Community' successfully

2018-10-29 15:39:13 - [TEST_CASE][PASSED] - Test Cases/Library/Community/Create Community: Test Cases/Library/Community/Create Community

2018-10-29 15:39:13 - [TEST_STEP][PASSED] - Statement - request = com.kms.katalon.core.testobject.ObjectRepository.findTestObject(Community/POST Create Community, [host:internal.GlobalVariable.g_URL, CommunityName:((" + communityName) + "), CommunityDesc:((" + CommunityDesc) + "), allowDiscussionBoards:((" + allowDiscussionBoards) + "), ... ]): Finding Test Object with id 'Object Repository/Community/POST Create Community'

2018-10-29 15:39:13 - [TEST_STEP][PASSED] - Statement - request.setHttpHeaderProperties(CustomKeywords.requestHeaders.Headers.AddHeaders()): requestHeaders.Headers.AddHeaders is PASSED

2018-10-29 15:39:13 - [MESSAGE][PASSED] - requestHeaders.Headers.AddHeaders is PASSED

2018-10-29 15:39:13 - [TEST_STEP][PASSED] - Statement - response = com.kms.katalon.core.webservice.keyword.WSBuiltInKeywords.sendRequest(request): Send request successfully

2018-10-29 15:39:17 - [MESSAGE][PASSED] - Send request successfully

2018-10-29 15:39:17 - [TEST_STEP][PASSED] - verifyResponseStatusCode: Verify response status code successfully

2018-10-29 15:39:17 - [MESSAGE][PASSED] - Verify response status code successfully

2018-10-29 15:39:17 - [TEST_STEP][PASSED] - containsString: Check contain string successfully

2018-10-29 15:39:17 - [MESSAGE][PASSED] - Check contain string successfully

2018-10-29 15:39:17 - [TEST_STEP][PASSED] - Statement - return response: null

2018-10-29 15:39:17 - [MESSAGE][PASSED] - Call Test Case 'Test Cases/Library/Community/Create Community' successfully

2018-10-29 15:39:17 - [TEST_STEP][PASSED] - Statement - CommunityID = id: getAttributeValue.GetAttributeValue.GetAttribute is PASSED

2018-10-29 15:39:17 - [MESSAGE][PASSED] - getAttributeValue.GetAttributeValue.GetAttribute is PASSED

2018-10-29 15:39:17 - [TEST_STEP][PASSED] - verifyResponseStatusCode: Verify response status code successfully

2018-10-29 15:39:17 - [MESSAGE][PASSED] - Verify response status code successfully

2018-10-29 15:39:17 - [TEST_STEP][PASSED] - verifyElementPropertyValue: Verify element property value successfully

2018-10-29 15:39:17 - [MESSAGE][PASSED] - Verify element property value successfully]]></system-out>
         <system-err><![CDATA[]]></system-err>
      </testcase>
      <testcase name="Test Cases/TestCases/MD-2552 AdhocCommunity_MOB-3482/TC_19790_19785Verify Display of Community Enable Discussion Boards Enable Blog Posts and Allow File Uploads" classname="Test Cases/TestCases/MD-2552 AdhocCommunity_MOB-3482/TC_19790_19785Verify Display of Community Enable Discussion Boards Enable Blog Posts and Allow File Uploads" status="PASSED">
         <system-out><![CDATA[2018-10-29 15:39:17 - [TEST_CASE][PASSED] - Test Cases/TestCases/MD-2552 AdhocCommunity_MOB-3482/TC_19790_19785Verify Display of Community Enable Discussion Boards Enable Blog Posts and Allow File Uploads: Test Cases/TestCases/MD-2552 AdhocCommunity_MOB-3482/TC_19790_19785Verify Display of Community Enable Discussion Boards Enable Blog Posts and Allow File Uploads

2018-10-29 15:39:18 - [TEST_STEP][PASSED] - Statement - data = com.kms.katalon.core.testdata.TestDataFactory.findTestData(TestData): Reading CSV file with source file 'comma', separator 'containing header' and '{2}'

2018-10-29 15:39:18 - [TEST_STEP][PASSED] - Statement - response = com.kms.katalon.core.webui.keyword.WebUiBuiltInKeywords.callTestCase(com.kms.katalon.core.testcase.TestCaseFactory.findTestCase(Library/Community/Create Community), ["communityName":data.getValue("CommunityName", 16), "CommunityDesc":data.getValue("CommunityDesc", 16), "allowDiscussionBoards":true, ... ], STOP_ON_FAILURE): Call Test Case 'Test Cases/Library/Community/Create Community' successfully

2018-10-29 15:39:18 - [TEST_CASE][PASSED] - Test Cases/Library/Community/Create Community: Test Cases/Library/Community/Create Community

2018-10-29 15:39:18 - [TEST_STEP][PASSED] - Statement - request = com.kms.katalon.core.testobject.ObjectRepository.findTestObject(Community/POST Create Community, [host:internal.GlobalVariable.g_URL, CommunityName:((" + communityName) + "), CommunityDesc:((" + CommunityDesc) + "), allowDiscussionBoards:((" + allowDiscussionBoards) + "), ... ]): Finding Test Object with id 'Object Repository/Community/POST Create Community'

2018-10-29 15:39:18 - [TEST_STEP][PASSED] - Statement - request.setHttpHeaderProperties(CustomKeywords.requestHeaders.Headers.AddHeaders()): requestHeaders.Headers.AddHeaders is PASSED

2018-10-29 15:39:18 - [MESSAGE][PASSED] - requestHeaders.Headers.AddHeaders is PASSED

2018-10-29 15:39:18 - [TEST_STEP][PASSED] - Statement - response = com.kms.katalon.core.webservice.keyword.WSBuiltInKeywords.sendRequest(request): Send request successfully

2018-10-29 15:39:18 - [MESSAGE][PASSED] - Send request successfully

2018-10-29 15:39:18 - [TEST_STEP][PASSED] - verifyResponseStatusCode: Verify response status code successfully

2018-10-29 15:39:18 - [MESSAGE][PASSED] - Verify response status code successfully

2018-10-29 15:39:18 - [TEST_STEP][PASSED] - containsString: Check contain string successfully

2018-10-29 15:39:18 - [MESSAGE][PASSED] - Check contain string successfully

2018-10-29 15:39:18 - [TEST_STEP][PASSED] - Statement - return response: null

2018-10-29 15:39:18 - [MESSAGE][PASSED] - Call Test Case 'Test Cases/Library/Community/Create Community' successfully

2018-10-29 15:39:18 - [TEST_STEP][PASSED] - Statement - CommunityID = id: getAttributeValue.GetAttributeValue.GetAttribute is PASSED

2018-10-29 15:39:18 - [MESSAGE][PASSED] - getAttributeValue.GetAttributeValue.GetAttribute is PASSED

2018-10-29 15:39:18 - [TEST_STEP][PASSED] - verifyResponseStatusCode: Verify response status code successfully

2018-10-29 15:39:18 - [MESSAGE][PASSED] - Verify response status code successfully

2018-10-29 15:39:18 - [TEST_STEP][PASSED] - verifyElementPropertyValue: Verify element property value successfully

2018-10-29 15:39:18 - [MESSAGE][PASSED] - Verify element property value successfully

2018-10-29 15:39:18 - [TEST_STEP][PASSED] - verifyElementPropertyValue: Verify element property value successfully

2018-10-29 15:39:18 - [MESSAGE][PASSED] - Verify element property value successfully

2018-10-29 15:39:18 - [TEST_STEP][PASSED] - verifyElementPropertyValue: Verify element property value successfully

2018-10-29 15:39:18 - [MESSAGE][PASSED] - Verify element property value successfully

2018-10-29 15:39:18 - [TEST_STEP][PASSED] - verifyElementPropertyValue: Verify element property value successfully

2018-10-29 15:39:18 - [MESSAGE][PASSED] - Verify element property value successfully]]></system-out>
         <system-err><![CDATA[]]></system-err>
      </testcase>
      <testcase name="Test Cases/TestCases/MD-2552 AdhocCommunity_MOB-3482/TC_19792Verify Community neither of selecting Enable Discussion Board Enable Blog Posts and Allow File Uploads options" classname="Test Cases/TestCases/MD-2552 AdhocCommunity_MOB-3482/TC_19792Verify Community neither of selecting Enable Discussion Board Enable Blog Posts and Allow File Uploads options" status="PASSED">
         <system-out><![CDATA[2018-10-29 15:39:18 - [TEST_CASE][PASSED] - Test Cases/TestCases/MD-2552 AdhocCommunity_MOB-3482/TC_19792Verify Community neither of selecting Enable Discussion Board Enable Blog Posts and Allow File Uploads options: Test Cases/TestCases/MD-2552 AdhocCommunity_MOB-3482/TC_19792Verify Community neither of selecting Enable Discussion Board Enable Blog Posts and Allow File Uploads options

2018-10-29 15:39:18 - [TEST_STEP][PASSED] - Statement - data = com.kms.katalon.core.testdata.TestDataFactory.findTestData(TestData): Reading CSV file with source file 'comma', separator 'containing header' and '{2}'

2018-10-29 15:39:18 - [TEST_STEP][PASSED] - Statement - resposne = com.kms.katalon.core.webui.keyword.WebUiBuiltInKeywords.callTestCase(com.kms.katalon.core.testcase.TestCaseFactory.findTestCase(Library/Community/Create Community), ["communityName":data.getValue("CommunityName", 17), "CommunityDesc":data.getValue("CommunityDesc", 17), "allowDiscussionBoards":false, ... ], STOP_ON_FAILURE): Call Test Case 'Test Cases/Library/Community/Create Community' successfully

2018-10-29 15:39:18 - [TEST_CASE][PASSED] - Test Cases/Library/Community/Create Community: Test Cases/Library/Community/Create Community

2018-10-29 15:39:18 - [TEST_STEP][PASSED] - Statement - request = com.kms.katalon.core.testobject.ObjectRepository.findTestObject(Community/POST Create Community, [host:internal.GlobalVariable.g_URL, CommunityName:((" + communityName) + "), CommunityDesc:((" + CommunityDesc) + "), allowDiscussionBoards:((" + allowDiscussionBoards) + "), ... ]): Finding Test Object with id 'Object Repository/Community/POST Create Community'

2018-10-29 15:39:18 - [TEST_STEP][PASSED] - Statement - request.setHttpHeaderProperties(CustomKeywords.requestHeaders.Headers.AddHeaders()): requestHeaders.Headers.AddHeaders is PASSED

2018-10-29 15:39:18 - [MESSAGE][PASSED] - requestHeaders.Headers.AddHeaders is PASSED

2018-10-29 15:39:18 - [TEST_STEP][PASSED] - Statement - response = com.kms.katalon.core.webservice.keyword.WSBuiltInKeywords.sendRequest(request): Send request successfully

2018-10-29 15:39:18 - [MESSAGE][PASSED] - Send request successfully

2018-10-29 15:39:18 - [TEST_STEP][PASSED] - verifyResponseStatusCode: Verify response status code successfully

2018-10-29 15:39:18 - [MESSAGE][PASSED] - Verify response status code successfully

2018-10-29 15:39:18 - [TEST_STEP][PASSED] - containsString: Check contain string successfully

2018-10-29 15:39:18 - [MESSAGE][PASSED] - Check contain string successfully

2018-10-29 15:39:18 - [TEST_STEP][PASSED] - Statement - return response: null

2018-10-29 15:39:18 - [MESSAGE][PASSED] - Call Test Case 'Test Cases/Library/Community/Create Community' successfully

2018-10-29 15:39:18 - [TEST_STEP][PASSED] - Statement - CommunityID = id: getAttributeValue.GetAttributeValue.GetAttribute is PASSED

2018-10-29 15:39:18 - [MESSAGE][PASSED] - getAttributeValue.GetAttributeValue.GetAttribute is PASSED

2018-10-29 15:39:23 - [TEST_STEP][PASSED] - Statement - assert com.kms.katalon.core.webservice.keyword.WSBuiltInKeywords.verifyResponseStatusCode(resposne, 200): Verify response status code successfully

2018-10-29 15:39:23 - [MESSAGE][PASSED] - Verify response status code successfully]]></system-out>
         <system-err><![CDATA[]]></system-err>
      </testcase>
      <testcase name="Test Cases/TestCases/MD-2552 AdhocCommunity_MOB-3482/TC_19872Check the users who will get added to the community will became the contributor by default" classname="Test Cases/TestCases/MD-2552 AdhocCommunity_MOB-3482/TC_19872Check the users who will get added to the community will became the contributor by default" status="PASSED">
         <system-out><![CDATA[2018-10-29 15:39:23 - [TEST_CASE][PASSED] - Test Cases/TestCases/MD-2552 AdhocCommunity_MOB-3482/TC_19872Check the users who will get added to the community will became the contributor by default: Test Cases/TestCases/MD-2552 AdhocCommunity_MOB-3482/TC_19872Check the users who will get added to the community will became the contributor by default

2018-10-29 15:39:24 - [TEST_STEP][PASSED] - Statement - personpk = "usercontrating3": null

2018-10-29 15:39:24 - [TEST_STEP][PASSED] - Statement - Activity = "NewActivity__20180719": null

2018-10-29 15:39:24 - [TEST_STEP][PASSED] - Statement - ActivityName = "'" + Activity + "'": null

2018-10-29 15:39:24 - [TEST_STEP][PASSED] - Statement - pk = "'" + personpk + "'": null

2018-10-29 15:39:24 - [TEST_STEP][PASSED] - Statement - ss = "": null

2018-10-29 15:39:24 - [TEST_STEP][PASSED] - Statement - data = com.kms.katalon.core.testdata.TestDataFactory.findTestData(TestData): Reading CSV file with source file 'comma', separator 'containing header' and '{2}'

2018-10-29 15:39:24 - [TEST_STEP][PASSED] - Statement - retValue = false: null

2018-10-29 15:39:24 - [TEST_STEP][PASSED] - Statement - response = com.kms.katalon.core.webui.keyword.WebUiBuiltInKeywords.callTestCase(com.kms.katalon.core.testcase.TestCaseFactory.findTestCase(Library/Community/Create Community), ["communityName":data.getValue("CommunityName", 18), "CommunityDesc":data.getValue("CommunityDesc", 18), "allowDiscussionBoards":true, ... ], STOP_ON_FAILURE): Call Test Case 'Test Cases/Library/Community/Create Community' successfully

2018-10-29 15:39:24 - [TEST_CASE][PASSED] - Test Cases/Library/Community/Create Community: Test Cases/Library/Community/Create Community

2018-10-29 15:39:24 - [TEST_STEP][PASSED] - Statement - request = com.kms.katalon.core.testobject.ObjectRepository.findTestObject(Community/POST Create Community, [host:internal.GlobalVariable.g_URL, CommunityName:((" + communityName) + "), CommunityDesc:((" + CommunityDesc) + "), allowDiscussionBoards:((" + allowDiscussionBoards) + "), ... ]): Finding Test Object with id 'Object Repository/Community/POST Create Community'

2018-10-29 15:39:24 - [TEST_STEP][PASSED] - Statement - request.setHttpHeaderProperties(CustomKeywords.requestHeaders.Headers.AddHeaders()): requestHeaders.Headers.AddHeaders is PASSED

2018-10-29 15:39:24 - [MESSAGE][PASSED] - requestHeaders.Headers.AddHeaders is PASSED

2018-10-29 15:39:24 - [TEST_STEP][PASSED] - Statement - response = com.kms.katalon.core.webservice.keyword.WSBuiltInKeywords.sendRequest(request): Send request successfully

2018-10-29 15:39:24 - [MESSAGE][PASSED] - Send request successfully

2018-10-29 15:39:24 - [TEST_STEP][PASSED] - verifyResponseStatusCode: Verify response status code successfully

2018-10-29 15:39:24 - [MESSAGE][PASSED] - Verify response status code successfully

2018-10-29 15:39:24 - [TEST_STEP][PASSED] - containsString: Check contain string successfully

2018-10-29 15:39:24 - [MESSAGE][PASSED] - Check contain string successfully

2018-10-29 15:39:24 - [TEST_STEP][PASSED] - Statement - return response: null

2018-10-29 15:39:24 - [MESSAGE][PASSED] - Call Test Case 'Test Cases/Library/Community/Create Community' successfully

2018-10-29 15:39:24 - [TEST_STEP][PASSED] - Statement - CommunityID = id: getAttributeValue.GetAttributeValue.GetAttribute is PASSED

2018-10-29 15:39:24 - [MESSAGE][PASSED] - getAttributeValue.GetAttributeValue.GetAttribute is PASSED

2018-10-29 15:39:24 - [TEST_STEP][PASSED] - Statement - recordset = CustomKeywords.dbConnectionPackage.DBConnectionKeyword.executeQuery("select * from PERSON where FirstName=" + pk): dbConnectionPackage.DBConnectionKeyword.executeQuery is PASSED

2018-10-29 15:39:39 - [MESSAGE][PASSED] - Delayed 15 second(s)

2018-10-29 15:39:39 - [MESSAGE][PASSED] - dbConnectionPackage.DBConnectionKeyword.executeQuery is PASSED

2018-10-29 15:39:39 - [TEST_STEP][PASSED] - Statement - While (recordset.next()): USERID IS 101176

2018-10-29 15:39:39 - [TEST_STEP][PASSED] - Statement - ss = recordset.getObject("PersonPK"): null

2018-10-29 15:39:39 - [TEST_STEP][PASSED] - comment: USERID IS 101176

2018-10-29 15:39:39 - [TEST_STEP][PASSED] - dbConnectionPackage.DBConnectionKeyword.CloseConnections: dbConnectionPackage.DBConnectionKeyword.CloseConnections is PASSED

2018-10-29 15:39:49 - [MESSAGE][PASSED] - Delayed 10 second(s)

2018-10-29 15:39:49 - [MESSAGE][PASSED] - dbConnectionPackage.DBConnectionKeyword.CloseConnections is PASSED

2018-10-29 15:39:49 - [TEST_STEP][PASSED] - Statement - response1 = com.kms.katalon.core.webui.keyword.WebUiBuiltInKeywords.callTestCase(com.kms.katalon.core.testcase.TestCaseFactory.findTestCase(Library/Community/Add a member to community), ["rating":"3", "userID":ss, "userName":personpk, "communityID":CommunityID], STOP_ON_FAILURE): Call Test Case 'Test Cases/Library/Community/Add a member to community' successfully

2018-10-29 15:39:49 - [TEST_CASE][PASSED] - Test Cases/Library/Community/Add a member to community: Test Cases/Library/Community/Add a member to community

2018-10-29 15:39:49 - [TEST_STEP][PASSED] - Statement - request = com.kms.katalon.core.testobject.ObjectRepository.findTestObject(Object Repository/Community/Add a member to community, [host:internal.GlobalVariable.g_URL, CommunityID:communityID, rating:((" + rating) + "), userID:((" + userID) + "), userName:((" + userName) + ")]): Finding Test Object with id 'Object Repository/Community/Add a member to community'

2018-10-29 15:39:49 - [TEST_STEP][PASSED] - Statement - request.setHttpHeaderProperties(CustomKeywords.requestHeaders.Headers.AddHeaders()): requestHeaders.Headers.AddHeaders is PASSED

2018-10-29 15:39:49 - [MESSAGE][PASSED] - requestHeaders.Headers.AddHeaders is PASSED

2018-10-29 15:39:50 - [TEST_STEP][PASSED] - Statement - response = com.kms.katalon.core.webservice.keyword.WSBuiltInKeywords.sendRequest(request): Send request successfully

2018-10-29 15:39:50 - [MESSAGE][PASSED] - Send request successfully

2018-10-29 15:39:50 - [TEST_STEP][PASSED] - verifyResponseStatusCode: Verify response status code successfully

2018-10-29 15:39:50 - [MESSAGE][PASSED] - Verify response status code successfully

2018-10-29 15:39:50 - [TEST_STEP][PASSED] - Statement - return response: null

2018-10-29 15:39:50 - [MESSAGE][PASSED] - Call Test Case 'Test Cases/Library/Community/Add a member to community' successfully

2018-10-29 15:39:50 - [TEST_STEP][PASSED] - verifyResponseStatusCode: Verify response status code successfully

2018-10-29 15:39:50 - [MESSAGE][PASSED] - Verify response status code successfully

2018-10-29 15:39:50 - [TEST_STEP][PASSED] - Statement - communityDetailsRes = com.kms.katalon.core.webui.keyword.WebUiBuiltInKeywords.callTestCase(com.kms.katalon.core.testcase.TestCaseFactory.findTestCase(Library/Community/Get Community details by ID), ["communityID":CommunityID], STOP_ON_FAILURE): Call Test Case 'Test Cases/Library/Community/Get Community details by ID' successfully

2018-10-29 15:39:50 - [TEST_CASE][PASSED] - Test Cases/Library/Community/Get Community details by ID: Test Cases/Library/Community/Get Community details by ID

2018-10-29 15:39:50 - [TEST_STEP][PASSED] - Statement - getCommunity = com.kms.katalon.core.testobject.ObjectRepository.findTestObject(Community/Get Community, [host:internal.GlobalVariable.g_URL, communityID:communityID]): Finding Test Object with id 'Object Repository/Community/Get Community'

2018-10-29 15:39:50 - [TEST_STEP][PASSED] - Statement - getCommunity.setHttpHeaderProperties(CustomKeywords.requestHeaders.Headers.AddHeaders()): requestHeaders.Headers.AddHeaders is PASSED

2018-10-29 15:39:50 - [MESSAGE][PASSED] - requestHeaders.Headers.AddHeaders is PASSED

2018-10-29 15:39:50 - [TEST_STEP][PASSED] - Statement - getResponse = com.kms.katalon.core.webservice.keyword.WSBuiltInKeywords.sendRequest(getCommunity): Send request successfully

2018-10-29 15:39:50 - [MESSAGE][PASSED] - Send request successfully

2018-10-29 15:39:50 - [TEST_STEP][PASSED] - verifyResponseStatusCode: Verify response status code successfully

2018-10-29 15:39:50 - [MESSAGE][PASSED] - Verify response status code successfully

2018-10-29 15:39:50 - [TEST_STEP][PASSED] - Statement - return getResponse: null

2018-10-29 15:39:50 - [MESSAGE][PASSED] - Call Test Case 'Test Cases/Library/Community/Get Community details by ID' successfully

2018-10-29 15:39:50 - [TEST_STEP][PASSED] - verifyResponseStatusCode: Verify response status code successfully

2018-10-29 15:39:50 - [MESSAGE][PASSED] - Verify response status code successfully

2018-10-29 15:39:50 - [TEST_STEP][PASSED] - Statement - CommunityRole = userMembership: getAttributeValue.GetAttributeValue.GetAttribute is PASSED

2018-10-29 15:39:50 - [MESSAGE][PASSED] - getAttributeValue.GetAttributeValue.GetAttribute is PASSED

2018-10-29 15:39:50 - [TEST_STEP][PASSED] - Statement - firstIndex = CommunityRole.indexOf("role") + 5: null

2018-10-29 15:39:50 - [TEST_STEP][PASSED] - Statement - name = CommunityRole.substring(firstIndex): null

2018-10-29 15:39:50 - [TEST_STEP][PASSED] - Statement - lastIndex = name.indexOf(","): null

2018-10-29 15:39:50 - [TEST_STEP][PASSED] - Statement - finalString = name.substring(0, lastIndex): null

2018-10-29 15:39:50 - [TEST_STEP][PASSED] - Statement - If (finalString == "3"): null

2018-10-29 15:39:50 - [TEST_STEP][PASSED] - Statement - println("if conditions has to pass"): null

2018-10-29 15:39:50 - [TEST_STEP][PASSED] - Statement - retValue = true: null

2018-10-29 15:39:50 - [TEST_STEP][PASSED] - Statement - G_19872BoolValue = retValue: null

2018-10-29 15:39:50 - [TEST_STEP][PASSED] - Statement - return retValue: null]]></system-out>
         <system-err><![CDATA[]]></system-err>
      </testcase>
      <testcase name="Test Cases/TestCases/MD-2560 WithinCommunity_MOB-3486/TC-20097_TC-20073_TC-20085Verify owner can invite more than one user for community" classname="Test Cases/TestCases/MD-2560 WithinCommunity_MOB-3486/TC-20097_TC-20073_TC-20085Verify owner can invite more than one user for community" status="PASSED">
         <system-out><![CDATA[2018-10-29 15:39:50 - [TEST_CASE][PASSED] - Test Cases/TestCases/MD-2560 WithinCommunity_MOB-3486/TC-20097_TC-20073_TC-20085Verify owner can invite more than one user for community: Test Cases/TestCases/MD-2560 WithinCommunity_MOB-3486/TC-20097_TC-20073_TC-20085Verify owner can invite more than one user for community

2018-10-29 15:39:50 - [TEST_STEP][PASSED] - Statement - data = com.kms.katalon.core.testdata.TestDataFactory.findTestData(TestData): Reading CSV file with source file 'comma', separator 'containing header' and '{2}'

2018-10-29 15:39:50 - [TEST_STEP][PASSED] - Statement - response = com.kms.katalon.core.webui.keyword.WebUiBuiltInKeywords.callTestCase(com.kms.katalon.core.testcase.TestCaseFactory.findTestCase(Library/Community/Create Community), ["communityName":data.getValue("CommunityName", 44), "CommunityDesc":data.getValue("CommunityDesc", 44), "allowDiscussionBoards":true, ... ], STOP_ON_FAILURE): Call Test Case 'Test Cases/Library/Community/Create Community' successfully

2018-10-29 15:39:50 - [TEST_CASE][PASSED] - Test Cases/Library/Community/Create Community: Test Cases/Library/Community/Create Community

2018-10-29 15:39:50 - [TEST_STEP][PASSED] - Statement - request = com.kms.katalon.core.testobject.ObjectRepository.findTestObject(Community/POST Create Community, [host:internal.GlobalVariable.g_URL, CommunityName:((" + communityName) + "), CommunityDesc:((" + CommunityDesc) + "), allowDiscussionBoards:((" + allowDiscussionBoards) + "), ... ]): Finding Test Object with id 'Object Repository/Community/POST Create Community'

2018-10-29 15:39:50 - [TEST_STEP][PASSED] - Statement - request.setHttpHeaderProperties(CustomKeywords.requestHeaders.Headers.AddHeaders()): requestHeaders.Headers.AddHeaders is PASSED

2018-10-29 15:39:50 - [MESSAGE][PASSED] - requestHeaders.Headers.AddHeaders is PASSED

2018-10-29 15:39:50 - [TEST_STEP][PASSED] - Statement - response = com.kms.katalon.core.webservice.keyword.WSBuiltInKeywords.sendRequest(request): Send request successfully

2018-10-29 15:39:51 - [MESSAGE][PASSED] - Send request successfully

2018-10-29 15:39:51 - [TEST_STEP][PASSED] - verifyResponseStatusCode: Verify response status code successfully

2018-10-29 15:39:51 - [MESSAGE][PASSED] - Verify response status code successfully

2018-10-29 15:39:51 - [TEST_STEP][PASSED] - containsString: Check contain string successfully

2018-10-29 15:39:51 - [MESSAGE][PASSED] - Check contain string successfully

2018-10-29 15:39:51 - [TEST_STEP][PASSED] - Statement - return response: null

2018-10-29 15:39:51 - [MESSAGE][PASSED] - Call Test Case 'Test Cases/Library/Community/Create Community' successfully

2018-10-29 15:39:51 - [TEST_STEP][PASSED] - Statement - CommunityID = id: getAttributeValue.GetAttributeValue.GetAttribute is PASSED

2018-10-29 15:39:51 - [MESSAGE][PASSED] - getAttributeValue.GetAttributeValue.GetAttribute is PASSED

2018-10-29 15:39:51 - [TEST_STEP][PASSED] - callTestCase: Call Test Case 'Test Cases/Library/Community/Add a member to community' successfully

2018-10-29 15:39:51 - [TEST_CASE][PASSED] - Test Cases/Library/Community/Add a member to community: Test Cases/Library/Community/Add a member to community

2018-10-29 15:39:51 - [TEST_STEP][PASSED] - Statement - request = com.kms.katalon.core.testobject.ObjectRepository.findTestObject(Object Repository/Community/Add a member to community, [host:internal.GlobalVariable.g_URL, CommunityID:communityID, rating:((" + rating) + "), userID:((" + userID) + "), userName:((" + userName) + ")]): Finding Test Object with id 'Object Repository/Community/Add a member to community'

2018-10-29 15:39:51 - [TEST_STEP][PASSED] - Statement - request.setHttpHeaderProperties(CustomKeywords.requestHeaders.Headers.AddHeaders()): requestHeaders.Headers.AddHeaders is PASSED

2018-10-29 15:39:51 - [MESSAGE][PASSED] - requestHeaders.Headers.AddHeaders is PASSED

2018-10-29 15:39:51 - [TEST_STEP][PASSED] - Statement - response = com.kms.katalon.core.webservice.keyword.WSBuiltInKeywords.sendRequest(request): Send request successfully

2018-10-29 15:39:51 - [MESSAGE][PASSED] - Send request successfully

2018-10-29 15:39:51 - [TEST_STEP][PASSED] - verifyResponseStatusCode: Verify response status code successfully

2018-10-29 15:39:51 - [MESSAGE][PASSED] - Verify response status code successfully

2018-10-29 15:39:51 - [TEST_STEP][PASSED] - Statement - return response: null

2018-10-29 15:39:51 - [MESSAGE][PASSED] - Call Test Case 'Test Cases/Library/Community/Add a member to community' successfully

2018-10-29 15:39:51 - [TEST_STEP][PASSED] - Statement - res5 = com.kms.katalon.core.webui.keyword.WebUiBuiltInKeywords.callTestCase(com.kms.katalon.core.testcase.TestCaseFactory.findTestCase(Library/Community/Add a member to community), ["rating":"3", "userID":g_NameTemp, "userName":data.getValue("Moderator", 44), "communityID":CommunityID], STOP_ON_FAILURE): Call Test Case 'Test Cases/Library/Community/Add a member to community' successfully

2018-10-29 15:39:51 - [TEST_CASE][PASSED] - Test Cases/Library/Community/Add a member to community: Test Cases/Library/Community/Add a member to community

2018-10-29 15:39:51 - [TEST_STEP][PASSED] - Statement - request = com.kms.katalon.core.testobject.ObjectRepository.findTestObject(Object Repository/Community/Add a member to community, [host:internal.GlobalVariable.g_URL, CommunityID:communityID, rating:((" + rating) + "), userID:((" + userID) + "), userName:((" + userName) + ")]): Finding Test Object with id 'Object Repository/Community/Add a member to community'

2018-10-29 15:39:51 - [TEST_STEP][PASSED] - Statement - request.setHttpHeaderProperties(CustomKeywords.requestHeaders.Headers.AddHeaders()): requestHeaders.Headers.AddHeaders is PASSED

2018-10-29 15:39:51 - [MESSAGE][PASSED] - requestHeaders.Headers.AddHeaders is PASSED

2018-10-29 15:39:51 - [TEST_STEP][PASSED] - Statement - response = com.kms.katalon.core.webservice.keyword.WSBuiltInKeywords.sendRequest(request): Send request successfully

2018-10-29 15:39:51 - [MESSAGE][PASSED] - Send request successfully

2018-10-29 15:39:51 - [TEST_STEP][PASSED] - verifyResponseStatusCode: Verify response status code successfully

2018-10-29 15:39:51 - [MESSAGE][PASSED] - Verify response status code successfully

2018-10-29 15:39:51 - [TEST_STEP][PASSED] - Statement - return response: null

2018-10-29 15:39:51 - [MESSAGE][PASSED] - Call Test Case 'Test Cases/Library/Community/Add a member to community' successfully

2018-10-29 15:39:51 - [TEST_STEP][PASSED] - Statement - RES6 = com.kms.katalon.core.webui.keyword.WebUiBuiltInKeywords.callTestCase(com.kms.katalon.core.testcase.TestCaseFactory.findTestCase(Library/Community/Get Community details by ID), ["communityID":CommunityID], STOP_ON_FAILURE): Call Test Case 'Test Cases/Library/Community/Get Community details by ID' successfully

2018-10-29 15:39:51 - [TEST_CASE][PASSED] - Test Cases/Library/Community/Get Community details by ID: Test Cases/Library/Community/Get Community details by ID

2018-10-29 15:39:51 - [TEST_STEP][PASSED] - Statement - getCommunity = com.kms.katalon.core.testobject.ObjectRepository.findTestObject(Community/Get Community, [host:internal.GlobalVariable.g_URL, communityID:communityID]): Finding Test Object with id 'Object Repository/Community/Get Community'

2018-10-29 15:39:51 - [TEST_STEP][PASSED] - Statement - getCommunity.setHttpHeaderProperties(CustomKeywords.requestHeaders.Headers.AddHeaders()): requestHeaders.Headers.AddHeaders is PASSED

2018-10-29 15:39:51 - [MESSAGE][PASSED] - requestHeaders.Headers.AddHeaders is PASSED

2018-10-29 15:39:51 - [TEST_STEP][PASSED] - Statement - getResponse = com.kms.katalon.core.webservice.keyword.WSBuiltInKeywords.sendRequest(getCommunity): Send request successfully

2018-10-29 15:39:51 - [MESSAGE][PASSED] - Send request successfully

2018-10-29 15:39:51 - [TEST_STEP][PASSED] - verifyResponseStatusCode: Verify response status code successfully

2018-10-29 15:39:51 - [MESSAGE][PASSED] - Verify response status code successfully

2018-10-29 15:39:51 - [TEST_STEP][PASSED] - Statement - return getResponse: null

2018-10-29 15:39:51 - [MESSAGE][PASSED] - Call Test Case 'Test Cases/Library/Community/Get Community details by ID' successfully

2018-10-29 15:39:51 - [TEST_STEP][PASSED] - comment: {
  "$type": "SumTotal.Services.DataContracts.Core.Social.CommunityDTO, SumTotal.Services.DataContracts",
  "id": "5bd6dc5d7b94901e5c2f5f94",
  "name": "Community092373",
  "description": "Desc198",
  "communityType": 0,
  "communityCode": "Code",
  "entityId": null,
  "logo": null,
  "logoIdentifier": null,
  "isHidden": false,
  "isPrivate": false,
  "allowDiscussionBoards": true,
  "allowBlogPosts": true,
  "allowFileUploads": true,
  "allowFlagging": false,
  "allowGamification": null,
  "inheritGlobalGamification": true,
  "isActive": true,
  "disableJoinRequest": false,
  "avgRating": 0.0,
  "memberCount": 1,
  "blogCount": 0,
  "discussionCount": 0,
  "fileCount": 0,
  "recentActivity": null,
  "userMembership": {
    "$type": "SumTotal.Services.DataContracts.Core.Social.SocialUserDTO, SumTotal.Services.DataContracts",
    "id": "5bd6dc5d7b94901e5c2f5f95",
    "communityId": "5bd6dc5d7b94901e5c2f5f94",
    "userId": "-1",
    "userAvatar": {
      "$type": "SumTotal.Services.DataContracts.Core.Social.AvatarDTO, SumTotal.Services.DataContracts",
      "id": -1,
      "fullName": "Heather Rose",
      "initials": "HR",
      "profileImagePath": "c1aca7a915e04052a321f33b29f04ccc.jpg"
    },
    "role": 1,
    "isFavorite": false,
    "userStatus": 2
  },
  "modifiedDate": "2018-10-29T10:09:33.297Z",
  "modifiedBy": "-1",
  "imageName": null,
  "permissions": 239,
  "communityValidations": null
}

2018-10-29 15:39:51 - [TEST_STEP][PASSED] - Statement - memberCount = memberCount: getAttributeValue.GetAttributeValue.GetAttribute is PASSED

2018-10-29 15:39:51 - [MESSAGE][PASSED] - getAttributeValue.GetAttributeValue.GetAttribute is PASSED

2018-10-29 15:39:51 - [TEST_STEP][PASSED] - Statement - If (java.lang.Integer.parseInt(memberCount) == 1): null

2018-10-29 15:39:51 - [TEST_STEP][PASSED] - Statement - assert true == true: null]]></system-out>
         <system-err><![CDATA[]]></system-err>
      </testcase>
      <testcase name="Test Cases/TestCases/MD-2552 AdhocCommunity_MOB-3482/TC-19851Check by default all users or groups who are invited to the communitees will be contributor" classname="Test Cases/TestCases/MD-2552 AdhocCommunity_MOB-3482/TC-19851Check by default all users or groups who are invited to the communitees will be contributor" status="PASSED">
         <system-out><![CDATA[2018-10-29 15:39:51 - [TEST_CASE][PASSED] - Test Cases/TestCases/MD-2552 AdhocCommunity_MOB-3482/TC-19851Check by default all users or groups who are invited to the communitees will be contributor: Test Cases/TestCases/MD-2552 AdhocCommunity_MOB-3482/TC-19851Check by default all users or groups who are invited to the communitees will be contributor

2018-10-29 15:39:51 - [TEST_STEP][PASSED] - Statement - data = com.kms.katalon.core.testdata.TestDataFactory.findTestData(TestData): Reading CSV file with source file 'comma', separator 'containing header' and '{2}'

2018-10-29 15:39:51 - [TEST_STEP][PASSED] - Statement - response = com.kms.katalon.core.webui.keyword.WebUiBuiltInKeywords.callTestCase(com.kms.katalon.core.testcase.TestCaseFactory.findTestCase(Library/Community/Create Community), ["communityName":data.getValue("CommunityName", 27), "CommunityDesc":data.getValue("CommunityDesc", 27), "allowDiscussionBoards":true, ... ], STOP_ON_FAILURE): Call Test Case 'Test Cases/Library/Community/Create Community' successfully

2018-10-29 15:39:51 - [TEST_CASE][PASSED] - Test Cases/Library/Community/Create Community: Test Cases/Library/Community/Create Community

2018-10-29 15:39:51 - [TEST_STEP][PASSED] - Statement - request = com.kms.katalon.core.testobject.ObjectRepository.findTestObject(Community/POST Create Community, [host:internal.GlobalVariable.g_URL, CommunityName:((" + communityName) + "), CommunityDesc:((" + CommunityDesc) + "), allowDiscussionBoards:((" + allowDiscussionBoards) + "), ... ]): Finding Test Object with id 'Object Repository/Community/POST Create Community'

2018-10-29 15:39:51 - [TEST_STEP][PASSED] - Statement - request.setHttpHeaderProperties(CustomKeywords.requestHeaders.Headers.AddHeaders()): requestHeaders.Headers.AddHeaders is PASSED

2018-10-29 15:39:51 - [MESSAGE][PASSED] - requestHeaders.Headers.AddHeaders is PASSED

2018-10-29 15:39:51 - [TEST_STEP][PASSED] - Statement - response = com.kms.katalon.core.webservice.keyword.WSBuiltInKeywords.sendRequest(request): Send request successfully

2018-10-29 15:39:51 - [MESSAGE][PASSED] - Send request successfully

2018-10-29 15:39:51 - [TEST_STEP][PASSED] - verifyResponseStatusCode: Verify response status code successfully

2018-10-29 15:39:51 - [MESSAGE][PASSED] - Verify response status code successfully

2018-10-29 15:39:51 - [TEST_STEP][PASSED] - containsString: Check contain string successfully

2018-10-29 15:39:51 - [MESSAGE][PASSED] - Check contain string successfully

2018-10-29 15:39:51 - [TEST_STEP][PASSED] - Statement - return response: null

2018-10-29 15:39:51 - [MESSAGE][PASSED] - Call Test Case 'Test Cases/Library/Community/Create Community' successfully

2018-10-29 15:39:51 - [TEST_STEP][PASSED] - Statement - CommunityID = id: getAttributeValue.GetAttributeValue.GetAttribute is PASSED

2018-10-29 15:39:51 - [MESSAGE][PASSED] - getAttributeValue.GetAttributeValue.GetAttribute is PASSED

2018-10-29 15:39:51 - [TEST_STEP][PASSED] - verifyResponseStatusCode: Verify response status code successfully

2018-10-29 15:39:51 - [MESSAGE][PASSED] - Verify response status code successfully

2018-10-29 15:39:51 - [TEST_STEP][PASSED] - Statement - res = com.kms.katalon.core.webui.keyword.WebUiBuiltInKeywords.callTestCase(com.kms.katalon.core.testcase.TestCaseFactory.findTestCase(Library/Community/Get members from community), ["CommunityID":CommunityID], STOP_ON_FAILURE): Call Test Case 'Test Cases/Library/Community/Get members from community' successfully

2018-10-29 15:39:51 - [TEST_CASE][PASSED] - Test Cases/Library/Community/Get members from community: Test Cases/Library/Community/Get members from community

2018-10-29 15:39:52 - [TEST_STEP][PASSED] - Statement - request = com.kms.katalon.core.testobject.ObjectRepository.findTestObject(Object Repository/Community/Get members in Community, [host:internal.GlobalVariable.g_URL, CommunityID:CommunityID]): Finding Test Object with id 'Object Repository/Community/Get members in Community'

2018-10-29 15:39:52 - [TEST_STEP][PASSED] - Statement - request.setHttpHeaderProperties(CustomKeywords.requestHeaders.Headers.AddHeaders()): requestHeaders.Headers.AddHeaders is PASSED

2018-10-29 15:39:52 - [MESSAGE][PASSED] - requestHeaders.Headers.AddHeaders is PASSED

2018-10-29 15:39:52 - [TEST_STEP][PASSED] - Statement - response = com.kms.katalon.core.webservice.keyword.WSBuiltInKeywords.sendRequest(request): Send request successfully

2018-10-29 15:39:52 - [MESSAGE][PASSED] - Send request successfully

2018-10-29 15:39:52 - [TEST_STEP][PASSED] - Statement - return response: null

2018-10-29 15:39:52 - [MESSAGE][PASSED] - Call Test Case 'Test Cases/Library/Community/Get members from community' successfully

2018-10-29 15:39:52 - [TEST_STEP][PASSED] - verifyResponseStatusCode: Verify response status code successfully

2018-10-29 15:39:52 - [MESSAGE][PASSED] - Verify response status code successfully

2018-10-29 15:39:52 - [TEST_STEP][PASSED] - Statement - res2 = com.kms.katalon.core.webui.keyword.WebUiBuiltInKeywords.callTestCase(com.kms.katalon.core.testcase.TestCaseFactory.findTestCase(Library/Community/Get Community details by ID), ["communityID":CommunityID], STOP_ON_FAILURE): Call Test Case 'Test Cases/Library/Community/Get Community details by ID' successfully

2018-10-29 15:39:52 - [TEST_CASE][PASSED] - Test Cases/Library/Community/Get Community details by ID: Test Cases/Library/Community/Get Community details by ID

2018-10-29 15:39:52 - [TEST_STEP][PASSED] - Statement - getCommunity = com.kms.katalon.core.testobject.ObjectRepository.findTestObject(Community/Get Community, [host:internal.GlobalVariable.g_URL, communityID:communityID]): Finding Test Object with id 'Object Repository/Community/Get Community'

2018-10-29 15:39:52 - [TEST_STEP][PASSED] - Statement - getCommunity.setHttpHeaderProperties(CustomKeywords.requestHeaders.Headers.AddHeaders()): requestHeaders.Headers.AddHeaders is PASSED

2018-10-29 15:39:52 - [MESSAGE][PASSED] - requestHeaders.Headers.AddHeaders is PASSED

2018-10-29 15:39:52 - [TEST_STEP][PASSED] - Statement - getResponse = com.kms.katalon.core.webservice.keyword.WSBuiltInKeywords.sendRequest(getCommunity): Send request successfully

2018-10-29 15:39:52 - [MESSAGE][PASSED] - Send request successfully

2018-10-29 15:39:52 - [TEST_STEP][PASSED] - verifyResponseStatusCode: Verify response status code successfully

2018-10-29 15:39:52 - [MESSAGE][PASSED] - Verify response status code successfully

2018-10-29 15:39:52 - [TEST_STEP][PASSED] - Statement - return getResponse: null

2018-10-29 15:39:52 - [MESSAGE][PASSED] - Call Test Case 'Test Cases/Library/Community/Get Community details by ID' successfully

2018-10-29 15:39:52 - [TEST_STEP][PASSED] - verifyElementPropertyValue: Verify element property value successfully

2018-10-29 15:39:52 - [MESSAGE][PASSED] - Verify element property value successfully

2018-10-29 15:39:52 - [TEST_STEP][PASSED] - validations.Assertions.VerifyElementValue: validations.Assertions.VerifyElementValue is PASSED

2018-10-29 15:39:52 - [MESSAGE][PASSED] - validations.Assertions.GetAttribute is PASSED

2018-10-29 15:39:52 - [MESSAGE][PASSED] - Actual text '5bd6dc5e7b948d1a70f74952' and expected text '5bd6dc5e7b948d1a70f74952' are matched 

2018-10-29 15:39:52 - [MESSAGE][PASSED] - validations.Assertions.VerifyElementValue is PASSED]]></system-out>
         <system-err><![CDATA[]]></system-err>
      </testcase>
      <testcase name="Test Cases/TestCases/MD-2560 WithinCommunity_MOB-3486/TC_20066Check user can see the description and owner of the community" classname="Test Cases/TestCases/MD-2560 WithinCommunity_MOB-3486/TC_20066Check user can see the description and owner of the community" status="PASSED">
         <system-out><![CDATA[2018-10-29 15:39:52 - [TEST_CASE][PASSED] - Test Cases/TestCases/MD-2560 WithinCommunity_MOB-3486/TC_20066Check user can see the description and owner of the community: Test Cases/TestCases/MD-2560 WithinCommunity_MOB-3486/TC_20066Check user can see the description and owner of the community

2018-10-29 15:39:52 - [TEST_STEP][PASSED] - Statement - data = com.kms.katalon.core.testdata.TestDataFactory.findTestData(TestData): Reading CSV file with source file 'comma', separator 'containing header' and '{2}'

2018-10-29 15:39:52 - [TEST_STEP][PASSED] - Statement - response = com.kms.katalon.core.webui.keyword.WebUiBuiltInKeywords.callTestCase(com.kms.katalon.core.testcase.TestCaseFactory.findTestCase(Library/Community/Create Community), ["communityName":data.getValue("CommunityName", 21), "CommunityDesc":data.getValue("CommunityDesc", 21), "allowDiscussionBoards":true, ... ], STOP_ON_FAILURE): Call Test Case 'Test Cases/Library/Community/Create Community' successfully

2018-10-29 15:39:52 - [TEST_CASE][PASSED] - Test Cases/Library/Community/Create Community: Test Cases/Library/Community/Create Community

2018-10-29 15:39:52 - [TEST_STEP][PASSED] - Statement - request = com.kms.katalon.core.testobject.ObjectRepository.findTestObject(Community/POST Create Community, [host:internal.GlobalVariable.g_URL, CommunityName:((" + communityName) + "), CommunityDesc:((" + CommunityDesc) + "), allowDiscussionBoards:((" + allowDiscussionBoards) + "), ... ]): Finding Test Object with id 'Object Repository/Community/POST Create Community'

2018-10-29 15:39:52 - [TEST_STEP][PASSED] - Statement - request.setHttpHeaderProperties(CustomKeywords.requestHeaders.Headers.AddHeaders()): requestHeaders.Headers.AddHeaders is PASSED

2018-10-29 15:39:52 - [MESSAGE][PASSED] - requestHeaders.Headers.AddHeaders is PASSED

2018-10-29 15:39:52 - [TEST_STEP][PASSED] - Statement - response = com.kms.katalon.core.webservice.keyword.WSBuiltInKeywords.sendRequest(request): Send request successfully

2018-10-29 15:39:52 - [MESSAGE][PASSED] - Send request successfully

2018-10-29 15:39:52 - [TEST_STEP][PASSED] - verifyResponseStatusCode: Verify response status code successfully

2018-10-29 15:39:52 - [MESSAGE][PASSED] - Verify response status code successfully

2018-10-29 15:39:52 - [TEST_STEP][PASSED] - containsString: Check contain string successfully

2018-10-29 15:39:52 - [MESSAGE][PASSED] - Check contain string successfully

2018-10-29 15:39:52 - [TEST_STEP][PASSED] - Statement - return response: null

2018-10-29 15:39:52 - [MESSAGE][PASSED] - Call Test Case 'Test Cases/Library/Community/Create Community' successfully

2018-10-29 15:39:52 - [TEST_STEP][PASSED] - Statement - CommunityID = id: getAttributeValue.GetAttributeValue.GetAttribute is PASSED

2018-10-29 15:39:52 - [MESSAGE][PASSED] - getAttributeValue.GetAttributeValue.GetAttribute is PASSED

2018-10-29 15:39:52 - [TEST_STEP][PASSED] - verifyResponseStatusCode: Verify response status code successfully

2018-10-29 15:39:52 - [MESSAGE][PASSED] - Verify response status code successfully

2018-10-29 15:39:52 - [TEST_STEP][PASSED] - verifyElementPropertyValue: Verify element property value successfully

2018-10-29 15:39:52 - [MESSAGE][PASSED] - Verify element property value successfully

2018-10-29 15:39:52 - [TEST_STEP][PASSED] - verifyElementPropertyValue: Verify element property value successfully

2018-10-29 15:39:52 - [MESSAGE][PASSED] - Verify element property value successfully]]></system-out>
         <system-err><![CDATA[]]></system-err>
      </testcase>
      <testcase name="Test Cases/TestCases/MD-2560 WithinCommunity_MOB-3486/TC_20067Check user can see the community name of the community" classname="Test Cases/TestCases/MD-2560 WithinCommunity_MOB-3486/TC_20067Check user can see the community name of the community" status="PASSED">
         <system-out><![CDATA[2018-10-29 15:39:52 - [TEST_CASE][PASSED] - Test Cases/TestCases/MD-2560 WithinCommunity_MOB-3486/TC_20067Check user can see the community name of the community: Test Cases/TestCases/MD-2560 WithinCommunity_MOB-3486/TC_20067Check user can see the community name of the community

2018-10-29 15:39:52 - [TEST_STEP][PASSED] - Statement - data = com.kms.katalon.core.testdata.TestDataFactory.findTestData(TestData): Reading CSV file with source file 'comma', separator 'containing header' and '{2}'

2018-10-29 15:39:52 - [TEST_STEP][PASSED] - Statement - response = com.kms.katalon.core.webui.keyword.WebUiBuiltInKeywords.callTestCase(com.kms.katalon.core.testcase.TestCaseFactory.findTestCase(Library/Community/Create Community), ["communityName":data.getValue("CommunityName", 19), "CommunityDesc":data.getValue("CommunityDesc", 19), "allowDiscussionBoards":true, ... ], STOP_ON_FAILURE): Call Test Case 'Test Cases/Library/Community/Create Community' successfully

2018-10-29 15:39:53 - [TEST_CASE][PASSED] - Test Cases/Library/Community/Create Community: Test Cases/Library/Community/Create Community

2018-10-29 15:39:53 - [TEST_STEP][PASSED] - Statement - request = com.kms.katalon.core.testobject.ObjectRepository.findTestObject(Community/POST Create Community, [host:internal.GlobalVariable.g_URL, CommunityName:((" + communityName) + "), CommunityDesc:((" + CommunityDesc) + "), allowDiscussionBoards:((" + allowDiscussionBoards) + "), ... ]): Finding Test Object with id 'Object Repository/Community/POST Create Community'

2018-10-29 15:39:53 - [TEST_STEP][PASSED] - Statement - request.setHttpHeaderProperties(CustomKeywords.requestHeaders.Headers.AddHeaders()): requestHeaders.Headers.AddHeaders is PASSED

2018-10-29 15:39:53 - [MESSAGE][PASSED] - requestHeaders.Headers.AddHeaders is PASSED

2018-10-29 15:39:53 - [TEST_STEP][PASSED] - Statement - response = com.kms.katalon.core.webservice.keyword.WSBuiltInKeywords.sendRequest(request): Send request successfully

2018-10-29 15:39:53 - [MESSAGE][PASSED] - Send request successfully

2018-10-29 15:39:53 - [TEST_STEP][PASSED] - verifyResponseStatusCode: Verify response status code successfully

2018-10-29 15:39:53 - [MESSAGE][PASSED] - Verify response status code successfully

2018-10-29 15:39:53 - [TEST_STEP][PASSED] - containsString: Check contain string successfully

2018-10-29 15:39:53 - [MESSAGE][PASSED] - Check contain string successfully

2018-10-29 15:39:53 - [TEST_STEP][PASSED] - Statement - return response: null

2018-10-29 15:39:53 - [MESSAGE][PASSED] - Call Test Case 'Test Cases/Library/Community/Create Community' successfully

2018-10-29 15:39:53 - [TEST_STEP][PASSED] - Statement - CommunityID = id: getAttributeValue.GetAttributeValue.GetAttribute is PASSED

2018-10-29 15:39:53 - [MESSAGE][PASSED] - getAttributeValue.GetAttributeValue.GetAttribute is PASSED

2018-10-29 15:39:53 - [TEST_STEP][PASSED] - verifyResponseStatusCode: Verify response status code successfully

2018-10-29 15:39:53 - [MESSAGE][PASSED] - Verify response status code successfully

2018-10-29 15:39:53 - [TEST_STEP][PASSED] - verifyElementPropertyValue: Verify element property value successfully

2018-10-29 15:39:53 - [MESSAGE][PASSED] - Verify element property value successfully]]></system-out>
         <system-err><![CDATA[]]></system-err>
      </testcase>
      <testcase name="Test Cases/TestCases/MD-2560 WithinCommunity_MOB-3486/TC_20068Check tabs on the community page which are enabled while creating the community" classname="Test Cases/TestCases/MD-2560 WithinCommunity_MOB-3486/TC_20068Check tabs on the community page which are enabled while creating the community" status="PASSED">
         <system-out><![CDATA[2018-10-29 15:39:53 - [TEST_CASE][PASSED] - Test Cases/TestCases/MD-2560 WithinCommunity_MOB-3486/TC_20068Check tabs on the community page which are enabled while creating the community: Test Cases/TestCases/MD-2560 WithinCommunity_MOB-3486/TC_20068Check tabs on the community page which are enabled while creating the community

2018-10-29 15:39:53 - [TEST_STEP][PASSED] - Statement - data = com.kms.katalon.core.testdata.TestDataFactory.findTestData(TestData): Reading CSV file with source file 'comma', separator 'containing header' and '{2}'

2018-10-29 15:39:53 - [TEST_STEP][PASSED] - Statement - response = com.kms.katalon.core.webui.keyword.WebUiBuiltInKeywords.callTestCase(com.kms.katalon.core.testcase.TestCaseFactory.findTestCase(Library/Community/Create Community), ["communityName":data.getValue("CommunityName", 22), "CommunityDesc":data.getValue("CommunityDesc", 22), "allowDiscussionBoards":true, ... ], STOP_ON_FAILURE): Call Test Case 'Test Cases/Library/Community/Create Community' successfully

2018-10-29 15:39:53 - [TEST_CASE][PASSED] - Test Cases/Library/Community/Create Community: Test Cases/Library/Community/Create Community

2018-10-29 15:39:53 - [TEST_STEP][PASSED] - Statement - request = com.kms.katalon.core.testobject.ObjectRepository.findTestObject(Community/POST Create Community, [host:internal.GlobalVariable.g_URL, CommunityName:((" + communityName) + "), CommunityDesc:((" + CommunityDesc) + "), allowDiscussionBoards:((" + allowDiscussionBoards) + "), ... ]): Finding Test Object with id 'Object Repository/Community/POST Create Community'

2018-10-29 15:39:53 - [TEST_STEP][PASSED] - Statement - request.setHttpHeaderProperties(CustomKeywords.requestHeaders.Headers.AddHeaders()): requestHeaders.Headers.AddHeaders is PASSED

2018-10-29 15:39:53 - [MESSAGE][PASSED] - requestHeaders.Headers.AddHeaders is PASSED

2018-10-29 15:39:53 - [TEST_STEP][PASSED] - Statement - response = com.kms.katalon.core.webservice.keyword.WSBuiltInKeywords.sendRequest(request): Send request successfully

2018-10-29 15:39:53 - [MESSAGE][PASSED] - Send request successfully

2018-10-29 15:39:53 - [TEST_STEP][PASSED] - verifyResponseStatusCode: Verify response status code successfully

2018-10-29 15:39:53 - [MESSAGE][PASSED] - Verify response status code successfully

2018-10-29 15:39:53 - [TEST_STEP][PASSED] - containsString: Check contain string successfully

2018-10-29 15:39:53 - [MESSAGE][PASSED] - Check contain string successfully

2018-10-29 15:39:53 - [TEST_STEP][PASSED] - Statement - return response: null

2018-10-29 15:39:53 - [MESSAGE][PASSED] - Call Test Case 'Test Cases/Library/Community/Create Community' successfully

2018-10-29 15:39:53 - [TEST_STEP][PASSED] - Statement - CommunityID = id: getAttributeValue.GetAttributeValue.GetAttribute is PASSED

2018-10-29 15:39:53 - [MESSAGE][PASSED] - getAttributeValue.GetAttributeValue.GetAttribute is PASSED

2018-10-29 15:39:53 - [TEST_STEP][PASSED] - verifyResponseStatusCode: Verify response status code successfully

2018-10-29 15:39:53 - [MESSAGE][PASSED] - Verify response status code successfully

2018-10-29 15:39:53 - [TEST_STEP][PASSED] - verifyElementPropertyValue: Verify element property value successfully

2018-10-29 15:39:53 - [MESSAGE][PASSED] - Verify element property value successfully

2018-10-29 15:39:53 - [TEST_STEP][PASSED] - verifyElementPropertyValue: Verify element property value successfully

2018-10-29 15:39:53 - [MESSAGE][PASSED] - Verify element property value successfully

2018-10-29 15:39:53 - [TEST_STEP][PASSED] - verifyElementPropertyValue: Verify element property value successfully

2018-10-29 15:39:53 - [MESSAGE][PASSED] - Verify element property value successfully]]></system-out>
         <system-err><![CDATA[]]></system-err>
      </testcase>
      <testcase name="Test Cases/TestCases/Social_SecurityAndRole_MOB-3489/TC-135398Verify the Community owner is able to create a discussion in community" classname="Test Cases/TestCases/Social_SecurityAndRole_MOB-3489/TC-135398Verify the Community owner is able to create a discussion in community" status="PASSED">
         <system-out><![CDATA[2018-10-29 15:39:53 - [TEST_CASE][PASSED] - Test Cases/TestCases/Social_SecurityAndRole_MOB-3489/TC-135398Verify the Community owner is able to create a discussion in community: Test Cases/TestCases/Social_SecurityAndRole_MOB-3489/TC-135398Verify the Community owner is able to create a discussion in community

2018-10-29 15:39:54 - [TEST_STEP][PASSED] - Statement - data = com.kms.katalon.core.testdata.TestDataFactory.findTestData(TestData): Reading CSV file with source file 'comma', separator 'containing header' and '{2}'

2018-10-29 15:39:54 - [TEST_STEP][PASSED] - Statement - Res = com.kms.katalon.core.webui.keyword.WebUiBuiltInKeywords.callTestCase(com.kms.katalon.core.testcase.TestCaseFactory.findTestCase(Library/Community/Create discussion under community), ["CommunityID":CommunityID, "DiscussionName":data.getValue("DiscussionName", 30), "DiscussionDesc":data.getValue("DiscussionDesc", 30)], STOP_ON_FAILURE): Call Test Case 'Test Cases/Library/Community/Create discussion under community' successfully

2018-10-29 15:39:54 - [TEST_CASE][PASSED] - Test Cases/Library/Community/Create discussion under community: Test Cases/Library/Community/Create discussion under community

2018-10-29 15:39:54 - [TEST_STEP][PASSED] - Statement - request = com.kms.katalon.core.testobject.ObjectRepository.findTestObject(Object Repository/Community/Create discussion under community, [host:internal.GlobalVariable.g_URL, CommunityID:((" + CommunityID) + "), DiscussionName:DiscussionName, DiscussionDesc:((" + DiscussionDesc) + ")]): Finding Test Object with id 'Object Repository/Community/Create discussion under community'

2018-10-29 15:39:54 - [TEST_STEP][PASSED] - Statement - request.setHttpHeaderProperties(CustomKeywords.requestHeaders.Headers.AddHeaders()): requestHeaders.Headers.AddHeaders is PASSED

2018-10-29 15:39:54 - [MESSAGE][PASSED] - requestHeaders.Headers.AddHeaders is PASSED

2018-10-29 15:39:54 - [TEST_STEP][PASSED] - Statement - response = <not implemented yet for class: org.codehaus.groovy.ast.expr.EmptyExpression>: null

2018-10-29 15:39:54 - [TEST_STEP][PASSED] - Statement - response = com.kms.katalon.core.webservice.keyword.WSBuiltInKeywords.sendRequest(request): Send request successfully

2018-10-29 15:39:54 - [MESSAGE][PASSED] - Send request successfully

2018-10-29 15:39:54 - [TEST_STEP][PASSED] - verifyResponseStatusCode: Verify response status code successfully

2018-10-29 15:39:54 - [MESSAGE][PASSED] - Verify response status code successfully

2018-10-29 15:39:54 - [TEST_STEP][PASSED] - Statement - return response: null

2018-10-29 15:39:54 - [MESSAGE][PASSED] - Call Test Case 'Test Cases/Library/Community/Create discussion under community' successfully

2018-10-29 15:39:54 - [TEST_STEP][PASSED] - verifyResponseStatusCode: Verify response status code successfully

2018-10-29 15:39:54 - [MESSAGE][PASSED] - Verify response status code successfully

2018-10-29 15:39:54 - [TEST_STEP][PASSED] - Statement - getDis = com.kms.katalon.core.webui.keyword.WebUiBuiltInKeywords.callTestCase(com.kms.katalon.core.testcase.TestCaseFactory.findTestCase(Library/Community/Get Discussions), ["CommunityID":CommunityID], STOP_ON_FAILURE): Call Test Case 'Test Cases/Library/Community/Get Discussions' successfully

2018-10-29 15:39:54 - [TEST_CASE][PASSED] - Test Cases/Library/Community/Get Discussions: Test Cases/Library/Community/Get Discussions

2018-10-29 15:39:54 - [TEST_STEP][PASSED] - Statement - request = com.kms.katalon.core.testobject.ObjectRepository.findTestObject(Object Repository/Community/Get Discussions, [host:internal.GlobalVariable.g_URL, CommunityID:CommunityID]): Finding Test Object with id 'Object Repository/Community/Get Discussions'

2018-10-29 15:39:54 - [TEST_STEP][PASSED] - Statement - request.setHttpHeaderProperties(CustomKeywords.requestHeaders.Headers.AddHeaders()): requestHeaders.Headers.AddHeaders is PASSED

2018-10-29 15:39:54 - [MESSAGE][PASSED] - requestHeaders.Headers.AddHeaders is PASSED

2018-10-29 15:39:54 - [TEST_STEP][PASSED] - Statement - response = com.kms.katalon.core.webservice.keyword.WSBuiltInKeywords.sendRequest(request): Send request successfully

2018-10-29 15:39:54 - [MESSAGE][PASSED] - Send request successfully

2018-10-29 15:39:54 - [TEST_STEP][PASSED] - Statement - return response: null

2018-10-29 15:39:54 - [MESSAGE][PASSED] - Call Test Case 'Test Cases/Library/Community/Get Discussions' successfully

2018-10-29 15:39:54 - [TEST_STEP][PASSED] - containsString: Check contain string successfully

2018-10-29 15:39:54 - [MESSAGE][PASSED] - Check contain string successfully]]></system-out>
         <system-err><![CDATA[]]></system-err>
      </testcase>
      <testcase name="Test Cases/TestCases/Social_SecurityAndRole_MOB-3489/TC-135399Verify the Community Owner is able to edit the discussion thread, created by self" classname="Test Cases/TestCases/Social_SecurityAndRole_MOB-3489/TC-135399Verify the Community Owner is able to edit the discussion thread, created by self" status="PASSED">
         <system-out><![CDATA[2018-10-29 15:39:54 - [TEST_CASE][PASSED] - Test Cases/TestCases/Social_SecurityAndRole_MOB-3489/TC-135399Verify the Community Owner is able to edit the discussion thread, created by self: Test Cases/TestCases/Social_SecurityAndRole_MOB-3489/TC-135399Verify the Community Owner is able to edit the discussion thread, created by self

2018-10-29 15:39:55 - [TEST_STEP][PASSED] - Statement - data = com.kms.katalon.core.testdata.TestDataFactory.findTestData(TestData): Reading CSV file with source file 'comma', separator 'containing header' and '{2}'

2018-10-29 15:39:55 - [TEST_STEP][PASSED] - Statement - rand = new java.util.Random(): null

2018-10-29 15:39:55 - [TEST_STEP][PASSED] - Statement - rand_int1 = rand.nextInt(1000): null

2018-10-29 15:39:55 - [TEST_STEP][PASSED] - Statement - DisName = data.getValue("CommunityName", 31) + rand_int1: null

2018-10-29 15:39:55 - [TEST_STEP][PASSED] - Statement - responseDis = com.kms.katalon.core.webui.keyword.WebUiBuiltInKeywords.callTestCase(com.kms.katalon.core.testcase.TestCaseFactory.findTestCase(Library/Community/Create discussion under community), ["CommunityID":CommunityID, "DiscussionName":data.getValue("DiscussionName", 31), "DiscussionDesc":data.getValue("DiscussionDesc", 31)], STOP_ON_FAILURE): Call Test Case 'Test Cases/Library/Community/Create discussion under community' successfully

2018-10-29 15:39:55 - [TEST_CASE][PASSED] - Test Cases/Library/Community/Create discussion under community: Test Cases/Library/Community/Create discussion under community

2018-10-29 15:39:55 - [TEST_STEP][PASSED] - Statement - request = com.kms.katalon.core.testobject.ObjectRepository.findTestObject(Object Repository/Community/Create discussion under community, [host:internal.GlobalVariable.g_URL, CommunityID:((" + CommunityID) + "), DiscussionName:DiscussionName, DiscussionDesc:((" + DiscussionDesc) + ")]): Finding Test Object with id 'Object Repository/Community/Create discussion under community'

2018-10-29 15:39:55 - [TEST_STEP][PASSED] - Statement - request.setHttpHeaderProperties(CustomKeywords.requestHeaders.Headers.AddHeaders()): requestHeaders.Headers.AddHeaders is PASSED

2018-10-29 15:39:55 - [MESSAGE][PASSED] - requestHeaders.Headers.AddHeaders is PASSED

2018-10-29 15:39:55 - [TEST_STEP][PASSED] - Statement - response = <not implemented yet for class: org.codehaus.groovy.ast.expr.EmptyExpression>: null

2018-10-29 15:39:55 - [TEST_STEP][PASSED] - Statement - response = com.kms.katalon.core.webservice.keyword.WSBuiltInKeywords.sendRequest(request): Send request successfully

2018-10-29 15:39:55 - [MESSAGE][PASSED] - Send request successfully

2018-10-29 15:39:55 - [TEST_STEP][PASSED] - verifyResponseStatusCode: Verify response status code successfully

2018-10-29 15:39:55 - [MESSAGE][PASSED] - Verify response status code successfully

2018-10-29 15:39:55 - [TEST_STEP][PASSED] - Statement - return response: null

2018-10-29 15:39:55 - [MESSAGE][PASSED] - Call Test Case 'Test Cases/Library/Community/Create discussion under community' successfully

2018-10-29 15:39:55 - [TEST_STEP][PASSED] - Statement - res1 = com.kms.katalon.core.webui.keyword.WebUiBuiltInKeywords.callTestCase(com.kms.katalon.core.testcase.TestCaseFactory.findTestCase(Library/Community/Get Discussions), ["CommunityID":CommunityID], STOP_ON_FAILURE): Call Test Case 'Test Cases/Library/Community/Get Discussions' successfully

2018-10-29 15:39:55 - [TEST_CASE][PASSED] - Test Cases/Library/Community/Get Discussions: Test Cases/Library/Community/Get Discussions

2018-10-29 15:39:55 - [TEST_STEP][PASSED] - Statement - request = com.kms.katalon.core.testobject.ObjectRepository.findTestObject(Object Repository/Community/Get Discussions, [host:internal.GlobalVariable.g_URL, CommunityID:CommunityID]): Finding Test Object with id 'Object Repository/Community/Get Discussions'

2018-10-29 15:39:55 - [TEST_STEP][PASSED] - Statement - request.setHttpHeaderProperties(CustomKeywords.requestHeaders.Headers.AddHeaders()): requestHeaders.Headers.AddHeaders is PASSED

2018-10-29 15:39:55 - [MESSAGE][PASSED] - requestHeaders.Headers.AddHeaders is PASSED

2018-10-29 15:39:55 - [TEST_STEP][PASSED] - Statement - response = com.kms.katalon.core.webservice.keyword.WSBuiltInKeywords.sendRequest(request): Send request successfully

2018-10-29 15:39:55 - [MESSAGE][PASSED] - Send request successfully

2018-10-29 15:39:55 - [TEST_STEP][PASSED] - Statement - return response: null

2018-10-29 15:39:55 - [MESSAGE][PASSED] - Call Test Case 'Test Cases/Library/Community/Get Discussions' successfully

2018-10-29 15:39:55 - [TEST_STEP][PASSED] - Statement - DiscussionId = discussions: getAttributeValue.GetAttributeValue.GetAttribute is PASSED

2018-10-29 15:39:55 - [MESSAGE][PASSED] - getAttributeValue.GetAttributeValue.GetAttribute is PASSED

2018-10-29 15:39:58 - [TEST_STEP][PASSED] - Statement - ResponseText = res1.getResponseText(): null

2018-10-29 15:39:59 - [TEST_STEP][PASSED] - Statement - id = ""id"": null

2018-10-29 15:39:59 - [TEST_STEP][PASSED] - Statement - firstIndex = ResponseText.indexOf(id) + id.length(): null

2018-10-29 15:39:59 - [TEST_STEP][PASSED] - Statement - name = ResponseText.substring(firstIndex): null

2018-10-29 15:39:59 - [TEST_STEP][PASSED] - Statement - lastIndex = name.indexOf(","): null

2018-10-29 15:39:59 - [TEST_STEP][PASSED] - Statement - finalString = name.substring(0, lastIndex).replace(""", "").replaceAll("[:]", "").trim(): null

2018-10-29 15:39:59 - [TEST_STEP][PASSED] - callTestCase: Call Test Case 'Test Cases/Library/Community/Create a discussion thread' successfully

2018-10-29 15:39:59 - [TEST_CASE][PASSED] - Test Cases/Library/Community/Create a discussion thread: Test Cases/Library/Community/Create a discussion thread

2018-10-29 15:40:00 - [TEST_STEP][PASSED] - Statement - request = com.kms.katalon.core.testobject.ObjectRepository.findTestObject(Object Repository/Community/Create a discussion thread, [host:internal.GlobalVariable.g_URL, DiscussionID:((" + DiscussionID) + "), Comment:Comment]): Finding Test Object with id 'Object Repository/Community/Create a discussion thread'

2018-10-29 15:40:00 - [TEST_STEP][PASSED] - Statement - request.setHttpHeaderProperties(CustomKeywords.requestHeaders.Headers.AddHeaders()): requestHeaders.Headers.AddHeaders is PASSED

2018-10-29 15:40:00 - [MESSAGE][PASSED] - requestHeaders.Headers.AddHeaders is PASSED

2018-10-29 15:40:00 - [TEST_STEP][PASSED] - Statement - response = <not implemented yet for class: org.codehaus.groovy.ast.expr.EmptyExpression>: null

2018-10-29 15:40:00 - [TEST_STEP][PASSED] - Statement - response = com.kms.katalon.core.webservice.keyword.WSBuiltInKeywords.sendRequest(request): Send request successfully

2018-10-29 15:40:00 - [MESSAGE][PASSED] - Send request successfully

2018-10-29 15:40:00 - [TEST_STEP][PASSED] - verifyResponseStatusCode: Verify response status code successfully

2018-10-29 15:40:00 - [MESSAGE][PASSED] - Verify response status code successfully

2018-10-29 15:40:00 - [TEST_STEP][PASSED] - Statement - return response: null

2018-10-29 15:40:00 - [MESSAGE][PASSED] - Call Test Case 'Test Cases/Library/Community/Create a discussion thread' successfully

2018-10-29 15:40:00 - [TEST_STEP][PASSED] - callTestCase: Call Test Case 'Test Cases/Library/Community/Eidt Discussion' successfully

2018-10-29 15:40:00 - [TEST_CASE][PASSED] - Test Cases/Library/Community/Eidt Discussion: Test Cases/Library/Community/Eidt Discussion

2018-10-29 15:40:00 - [TEST_STEP][PASSED] - Statement - editResponse = com.kms.katalon.core.testobject.ObjectRepository.findTestObject(Object Repository/Community/Edit Discussion, [host:internal.GlobalVariable.g_URL, DiscussionName:((" + DiscussionName) + "), DiscussionID:((" + DiscussionID) + ")]): Finding Test Object with id 'Object Repository/Community/Edit Discussion'

2018-10-29 15:40:00 - [TEST_STEP][PASSED] - Statement - editResponse.setHttpHeaderProperties(CustomKeywords.requestHeaders.Headers.AddHeaders()): requestHeaders.Headers.AddHeaders is PASSED

2018-10-29 15:40:00 - [MESSAGE][PASSED] - requestHeaders.Headers.AddHeaders is PASSED

2018-10-29 15:40:00 - [TEST_STEP][PASSED] - Statement - reponse = <not implemented yet for class: org.codehaus.groovy.ast.expr.EmptyExpression>: null

2018-10-29 15:40:00 - [TEST_STEP][PASSED] - Statement - response = com.kms.katalon.core.webservice.keyword.WSBuiltInKeywords.sendRequest(editResponse): Send request successfully

2018-10-29 15:40:00 - [MESSAGE][PASSED] - Send request successfully

2018-10-29 15:40:00 - [TEST_STEP][PASSED] - verifyResponseStatusCode: Verify response status code successfully

2018-10-29 15:40:00 - [MESSAGE][PASSED] - Verify response status code successfully

2018-10-29 15:40:00 - [TEST_STEP][PASSED] - Statement - return response: null

2018-10-29 15:40:00 - [MESSAGE][PASSED] - Call Test Case 'Test Cases/Library/Community/Eidt Discussion' successfully

2018-10-29 15:40:00 - [TEST_STEP][PASSED] - Statement - GetDiscussions = com.kms.katalon.core.webui.keyword.WebUiBuiltInKeywords.callTestCase(com.kms.katalon.core.testcase.TestCaseFactory.findTestCase(Library/Community/Get Discussions), ["CommunityID":CommunityID], STOP_ON_FAILURE): Call Test Case 'Test Cases/Library/Community/Get Discussions' successfully

2018-10-29 15:40:00 - [TEST_CASE][PASSED] - Test Cases/Library/Community/Get Discussions: Test Cases/Library/Community/Get Discussions

2018-10-29 15:40:00 - [TEST_STEP][PASSED] - Statement - request = com.kms.katalon.core.testobject.ObjectRepository.findTestObject(Object Repository/Community/Get Discussions, [host:internal.GlobalVariable.g_URL, CommunityID:CommunityID]): Finding Test Object with id 'Object Repository/Community/Get Discussions'

2018-10-29 15:40:00 - [TEST_STEP][PASSED] - Statement - request.setHttpHeaderProperties(CustomKeywords.requestHeaders.Headers.AddHeaders()): requestHeaders.Headers.AddHeaders is PASSED

2018-10-29 15:40:00 - [MESSAGE][PASSED] - requestHeaders.Headers.AddHeaders is PASSED

2018-10-29 15:40:00 - [TEST_STEP][PASSED] - Statement - response = com.kms.katalon.core.webservice.keyword.WSBuiltInKeywords.sendRequest(request): Send request successfully

2018-10-29 15:40:00 - [MESSAGE][PASSED] - Send request successfully

2018-10-29 15:40:00 - [TEST_STEP][PASSED] - Statement - return response: null

2018-10-29 15:40:00 - [MESSAGE][PASSED] - Call Test Case 'Test Cases/Library/Community/Get Discussions' successfully

2018-10-29 15:40:00 - [TEST_STEP][PASSED] - containsString: Check contain string successfully

2018-10-29 15:40:00 - [MESSAGE][PASSED] - Check contain string successfully]]></system-out>
         <system-err><![CDATA[]]></system-err>
      </testcase>
      <testcase name="Test Cases/TestCases/Social_SecurityAndRole_MOB-3489/TC-135405Verify the Community Owner is able to create a Blog page in that community page" classname="Test Cases/TestCases/Social_SecurityAndRole_MOB-3489/TC-135405Verify the Community Owner is able to create a Blog page in that community page" status="FAILED">
         <failure type="FAILED" message="(Stack trace: com.kms.katalon.core.exception.StepFailedException: Unable to verify response status code (Root cause: Expected status code is '200' but actual status code is '400')
	at com.kms.katalon.core.keyword.internal.KeywordMain.stepFailed(KeywordMain.groovy:36)
	at com.kms.katalon.core.keyword.internal.KeywordMain.stepFailed(KeywordMain.groovy)
	at com.kms.katalon.core.keyword.internal.KeywordMain.runKeyword(KeywordMain.groovy:56)
	at com.kms.katalon.core.webservice.keyword.builtin.VerifyResponseStatusCodeKeyword.verifyResponseStatusCode(VerifyResponseStatusCodeKeyword.groovy:37)
	at com.kms.katalon.core.webservice.keyword.builtin.VerifyResponseStatusCodeKeyword.execute(VerifyResponseStatusCodeKeyword.groovy:32)
	at com.kms.katalon.core.keyword.internal.KeywordExecutor.executeKeywordForPlatform(KeywordExecutor.groovy:53)
	at com.kms.katalon.core.webservice.keyword.WSBuiltInKeywords.verifyResponseStatusCode(WSBuiltInKeywords.groovy:212)
	at com.kms.katalon.core.webservice.keyword.WSBuiltInKeywords$verifyResponseStatusCode$0.call(Unknown Source)
	at org.codehaus.groovy.runtime.callsite.CallSiteArray.defaultCall(CallSiteArray.java:48)
	at org.codehaus.groovy.runtime.callsite.AbstractCallSite.call(AbstractCallSite.java:113)
	at org.codehaus.groovy.runtime.callsite.AbstractCallSite.call(AbstractCallSite.java:133)
	at Script1531748293831.run(Script1531748293831.groovy:63)
	at com.kms.katalon.core.main.ScriptEngine.run(ScriptEngine.java:183)
	at com.kms.katalon.core.main.ScriptEngine.runScriptAsRawText(ScriptEngine.java:108)
	at com.kms.katalon.core.main.TestCaseExecutor.runScript(TestCaseExecutor.java:294)
	at com.kms.katalon.core.main.TestCaseExecutor.doExecute(TestCaseExecutor.java:285)
	at com.kms.katalon.core.main.TestCaseExecutor.processExecutionPhase(TestCaseExecutor.java:264)
	at com.kms.katalon.core.main.TestCaseExecutor.accessMainPhase(TestCaseExecutor.java:256)
	at com.kms.katalon.core.main.TestCaseExecutor.execute(TestCaseExecutor.java:200)
	at com.kms.katalon.core.main.TestCaseMain.runTestCase(TestCaseMain.java:99)
	at com.kms.katalon.core.keyword.builtin.CallTestCaseKeyword$_callTestCase_closure1.doCall(CallTestCaseKeyword.groovy:60)
	at com.kms.katalon.core.keyword.builtin.CallTestCaseKeyword$_callTestCase_closure1.call(CallTestCaseKeyword.groovy)
	at com.kms.katalon.core.keyword.internal.KeywordMain.runKeyword(KeywordMain.groovy:54)
	at com.kms.katalon.core.keyword.builtin.CallTestCaseKeyword.callTestCase(CallTestCaseKeyword.groovy:81)
	at com.kms.katalon.core.keyword.builtin.CallTestCaseKeyword.execute(CallTestCaseKeyword.groovy:45)
	at com.kms.katalon.core.keyword.internal.KeywordExecutor.executeKeywordForPlatform(KeywordExecutor.groovy:53)
	at com.kms.katalon.core.keyword.BuiltinKeywords.callTestCase(BuiltinKeywords.groovy:334)
	at sun.reflect.GeneratedMethodAccessor17.invoke(Unknown Source)
	at sun.reflect.DelegatingMethodAccessorImpl.invoke(DelegatingMethodAccessorImpl.java:43)
	at java.lang.reflect.Method.invoke(Method.java:498)
	at org.codehaus.groovy.reflection.CachedMethod.invoke(CachedMethod.java:93)
	at groovy.lang.MetaMethod.doMethodInvoke(MetaMethod.java:325)
	at groovy.lang.MetaClassImpl.invokeStaticMethod(MetaClassImpl.java:1469)
	at org.codehaus.groovy.runtime.callsite.StaticMetaClassSite.call(StaticMetaClassSite.java:53)
	at org.codehaus.groovy.runtime.callsite.CallSiteArray.defaultCall(CallSiteArray.java:48)
	at org.codehaus.groovy.runtime.callsite.AbstractCallSite.call(AbstractCallSite.java:113)
	at org.codehaus.groovy.runtime.callsite.AbstractCallSite.call(AbstractCallSite.java:141)
	at Script1532608989637.run(Script1532608989637.groovy:47)
	at com.kms.katalon.core.main.ScriptEngine.run(ScriptEngine.java:183)
	at com.kms.katalon.core.main.ScriptEngine.runScriptAsRawText(ScriptEngine.java:108)
	at com.kms.katalon.core.main.TestCaseExecutor.runScript(TestCaseExecutor.java:294)
	at com.kms.katalon.core.main.TestCaseExecutor.doExecute(TestCaseExecutor.java:285)
	at com.kms.katalon.core.main.TestCaseExecutor.processExecutionPhase(TestCaseExecutor.java:264)
	at com.kms.katalon.core.main.TestCaseExecutor.accessMainPhase(TestCaseExecutor.java:256)
	at com.kms.katalon.core.main.TestCaseExecutor.execute(TestCaseExecutor.java:200)
	at com.kms.katalon.core.main.TestSuiteExecutor.accessTestCaseMainPhase(TestSuiteExecutor.java:129)
	at com.kms.katalon.core.main.TestSuiteExecutor.accessTestSuiteMainPhase(TestSuiteExecutor.java:112)
	at com.kms.katalon.core.main.TestSuiteExecutor.execute(TestSuiteExecutor.java:81)
	at com.kms.katalon.core.main.TestCaseMain.startTestSuite(TestCaseMain.java:142)
	at com.kms.katalon.core.main.TestCaseMain$startTestSuite$0.call(Unknown Source)
	at org.codehaus.groovy.runtime.callsite.CallSiteArray.defaultCall(CallSiteArray.java:48)
	at org.codehaus.groovy.runtime.callsite.AbstractCallSite.call(AbstractCallSite.java:113)
	at org.codehaus.groovy.runtime.callsite.AbstractCallSite.call(AbstractCallSite.java:141)
	at TempTestSuite1540807533822.run(TempTestSuite1540807533822.groovy:36)
	at groovy.lang.GroovyShell.runScriptOrMainOrTestOrRunnable(GroovyShell.java:263)
	at groovy.lang.GroovyShell.run(GroovyShell.java:518)
	at groovy.lang.GroovyShell.run(GroovyShell.java:507)
	at groovy.ui.GroovyMain.processOnce(GroovyMain.java:653)
	at groovy.ui.GroovyMain.run(GroovyMain.java:384)
	at groovy.ui.GroovyMain.process(GroovyMain.java:370)
	at groovy.ui.GroovyMain.processArgs(GroovyMain.java:129)
	at groovy.ui.GroovyMain.main(GroovyMain.java:109)
	at sun.reflect.NativeMethodAccessorImpl.invoke0(Native Method)
	at sun.reflect.NativeMethodAccessorImpl.invoke(NativeMethodAccessorImpl.java:62)
	at sun.reflect.DelegatingMethodAccessorImpl.invoke(DelegatingMethodAccessorImpl.java:43)
	at java.lang.reflect.Method.invoke(Method.java:498)
	at org.codehaus.groovy.tools.GroovyStarter.rootLoader(GroovyStarter.java:109)
	at org.codehaus.groovy.tools.GroovyStarter.main(GroovyStarter.java:131)
)"/>
         <system-out><![CDATA[2018-10-29 15:40:00 - [TEST_CASE][FAILED] - Test Cases/TestCases/Social_SecurityAndRole_MOB-3489/TC-135405Verify the Community Owner is able to create a Blog page in that community page: Test Cases/TestCases/Social_SecurityAndRole_MOB-3489/TC-135405Verify the Community Owner is able to create a Blog page in that community page FAILED because (of) (Stack trace: com.kms.katalon.core.exception.StepFailedException: Unable to verify response status code (Root cause: Expected status code is '200' but actual status code is '400')
	at com.kms.katalon.core.keyword.internal.KeywordMain.stepFailed(KeywordMain.groovy:36)
	at com.kms.katalon.core.keyword.internal.KeywordMain.stepFailed(KeywordMain.groovy)
	at com.kms.katalon.core.keyword.internal.KeywordMain.runKeyword(KeywordMain.groovy:56)
	at com.kms.katalon.core.webservice.keyword.builtin.VerifyResponseStatusCodeKeyword.verifyResponseStatusCode(VerifyResponseStatusCodeKeyword.groovy:37)
	at com.kms.katalon.core.webservice.keyword.builtin.VerifyResponseStatusCodeKeyword.execute(VerifyResponseStatusCodeKeyword.groovy:32)
	at com.kms.katalon.core.keyword.internal.KeywordExecutor.executeKeywordForPlatform(KeywordExecutor.groovy:53)
	at com.kms.katalon.core.webservice.keyword.WSBuiltInKeywords.verifyResponseStatusCode(WSBuiltInKeywords.groovy:212)
	at com.kms.katalon.core.webservice.keyword.WSBuiltInKeywords$verifyResponseStatusCode$0.call(Unknown Source)
	at org.codehaus.groovy.runtime.callsite.CallSiteArray.defaultCall(CallSiteArray.java:48)
	at org.codehaus.groovy.runtime.callsite.AbstractCallSite.call(AbstractCallSite.java:113)
	at org.codehaus.groovy.runtime.callsite.AbstractCallSite.call(AbstractCallSite.java:133)
	at Script1531748293831.run(Script1531748293831.groovy:63)
	at com.kms.katalon.core.main.ScriptEngine.run(ScriptEngine.java:183)
	at com.kms.katalon.core.main.ScriptEngine.runScriptAsRawText(ScriptEngine.java:108)
	at com.kms.katalon.core.main.TestCaseExecutor.runScript(TestCaseExecutor.java:294)
	at com.kms.katalon.core.main.TestCaseExecutor.doExecute(TestCaseExecutor.java:285)
	at com.kms.katalon.core.main.TestCaseExecutor.processExecutionPhase(TestCaseExecutor.java:264)
	at com.kms.katalon.core.main.TestCaseExecutor.accessMainPhase(TestCaseExecutor.java:256)
	at com.kms.katalon.core.main.TestCaseExecutor.execute(TestCaseExecutor.java:200)
	at com.kms.katalon.core.main.TestCaseMain.runTestCase(TestCaseMain.java:99)
	at com.kms.katalon.core.keyword.builtin.CallTestCaseKeyword$_callTestCase_closure1.doCall(CallTestCaseKeyword.groovy:60)
	at com.kms.katalon.core.keyword.builtin.CallTestCaseKeyword$_callTestCase_closure1.call(CallTestCaseKeyword.groovy)
	at com.kms.katalon.core.keyword.internal.KeywordMain.runKeyword(KeywordMain.groovy:54)
	at com.kms.katalon.core.keyword.builtin.CallTestCaseKeyword.callTestCase(CallTestCaseKeyword.groovy:81)
	at com.kms.katalon.core.keyword.builtin.CallTestCaseKeyword.execute(CallTestCaseKeyword.groovy:45)
	at com.kms.katalon.core.keyword.internal.KeywordExecutor.executeKeywordForPlatform(KeywordExecutor.groovy:53)
	at com.kms.katalon.core.keyword.BuiltinKeywords.callTestCase(BuiltinKeywords.groovy:334)
	at sun.reflect.GeneratedMethodAccessor17.invoke(Unknown Source)
	at sun.reflect.DelegatingMethodAccessorImpl.invoke(DelegatingMethodAccessorImpl.java:43)
	at java.lang.reflect.Method.invoke(Method.java:498)
	at org.codehaus.groovy.reflection.CachedMethod.invoke(CachedMethod.java:93)
	at groovy.lang.MetaMethod.doMethodInvoke(MetaMethod.java:325)
	at groovy.lang.MetaClassImpl.invokeStaticMethod(MetaClassImpl.java:1469)
	at org.codehaus.groovy.runtime.callsite.StaticMetaClassSite.call(StaticMetaClassSite.java:53)
	at org.codehaus.groovy.runtime.callsite.CallSiteArray.defaultCall(CallSiteArray.java:48)
	at org.codehaus.groovy.runtime.callsite.AbstractCallSite.call(AbstractCallSite.java:113)
	at org.codehaus.groovy.runtime.callsite.AbstractCallSite.call(AbstractCallSite.java:141)
	at Script1532608989637.run(Script1532608989637.groovy:47)
	at com.kms.katalon.core.main.ScriptEngine.run(ScriptEngine.java:183)
	at com.kms.katalon.core.main.ScriptEngine.runScriptAsRawText(ScriptEngine.java:108)
	at com.kms.katalon.core.main.TestCaseExecutor.runScript(TestCaseExecutor.java:294)
	at com.kms.katalon.core.main.TestCaseExecutor.doExecute(TestCaseExecutor.java:285)
	at com.kms.katalon.core.main.TestCaseExecutor.processExecutionPhase(TestCaseExecutor.java:264)
	at com.kms.katalon.core.main.TestCaseExecutor.accessMainPhase(TestCaseExecutor.java:256)
	at com.kms.katalon.core.main.TestCaseExecutor.execute(TestCaseExecutor.java:200)
	at com.kms.katalon.core.main.TestSuiteExecutor.accessTestCaseMainPhase(TestSuiteExecutor.java:129)
	at com.kms.katalon.core.main.TestSuiteExecutor.accessTestSuiteMainPhase(TestSuiteExecutor.java:112)
	at com.kms.katalon.core.main.TestSuiteExecutor.execute(TestSuiteExecutor.java:81)
	at com.kms.katalon.core.main.TestCaseMain.startTestSuite(TestCaseMain.java:142)
	at com.kms.katalon.core.main.TestCaseMain$startTestSuite$0.call(Unknown Source)
	at org.codehaus.groovy.runtime.callsite.CallSiteArray.defaultCall(CallSiteArray.java:48)
	at org.codehaus.groovy.runtime.callsite.AbstractCallSite.call(AbstractCallSite.java:113)
	at org.codehaus.groovy.runtime.callsite.AbstractCallSite.call(AbstractCallSite.java:141)
	at TempTestSuite1540807533822.run(TempTestSuite1540807533822.groovy:36)
	at groovy.lang.GroovyShell.runScriptOrMainOrTestOrRunnable(GroovyShell.java:263)
	at groovy.lang.GroovyShell.run(GroovyShell.java:518)
	at groovy.lang.GroovyShell.run(GroovyShell.java:507)
	at groovy.ui.GroovyMain.processOnce(GroovyMain.java:653)
	at groovy.ui.GroovyMain.run(GroovyMain.java:384)
	at groovy.ui.GroovyMain.process(GroovyMain.java:370)
	at groovy.ui.GroovyMain.processArgs(GroovyMain.java:129)
	at groovy.ui.GroovyMain.main(GroovyMain.java:109)
	at sun.reflect.NativeMethodAccessorImpl.invoke0(Native Method)
	at sun.reflect.NativeMethodAccessorImpl.invoke(NativeMethodAccessorImpl.java:62)
	at sun.reflect.DelegatingMethodAccessorImpl.invoke(DelegatingMethodAccessorImpl.java:43)
	at java.lang.reflect.Method.invoke(Method.java:498)
	at org.codehaus.groovy.tools.GroovyStarter.rootLoader(GroovyStarter.java:109)
	at org.codehaus.groovy.tools.GroovyStarter.main(GroovyStarter.java:131)
)

2018-10-29 15:40:00 - [TEST_STEP][PASSED] - Statement - data = com.kms.katalon.core.testdata.TestDataFactory.findTestData(TestData): Reading CSV file with source file 'comma', separator 'containing header' and '{2}'

2018-10-29 15:40:00 - [TEST_STEP][FAILED] - Statement - res = com.kms.katalon.core.webui.keyword.WebUiBuiltInKeywords.callTestCase(com.kms.katalon.core.testcase.TestCaseFactory.findTestCase(Library/Community/Create a blog under community), ["blogName":data.getValue("BlogName", 32), "blogDesc":data.getValue("BlogDesc", 32), "CommunityID":CommunityID], STOP_ON_FAILURE): Unable to call Test Case with id 'Test Cases/Library/Community/Create a blog under community' (Root cause: Call Test Case 'Test Cases/Library/Community/Create a blog under community' failed)

2018-10-29 15:40:01 - [TEST_CASE][FAILED] - Test Cases/Library/Community/Create a blog under community: Test Cases/Library/Community/Create a blog under community FAILED because (of) (Stack trace: com.kms.katalon.core.exception.StepFailedException: Unable to verify response status code (Root cause: Expected status code is '200' but actual status code is '400')
	at com.kms.katalon.core.keyword.internal.KeywordMain.stepFailed(KeywordMain.groovy:36)
	at com.kms.katalon.core.keyword.internal.KeywordMain.stepFailed(KeywordMain.groovy)
	at com.kms.katalon.core.keyword.internal.KeywordMain.runKeyword(KeywordMain.groovy:56)
	at com.kms.katalon.core.webservice.keyword.builtin.VerifyResponseStatusCodeKeyword.verifyResponseStatusCode(VerifyResponseStatusCodeKeyword.groovy:37)
	at com.kms.katalon.core.webservice.keyword.builtin.VerifyResponseStatusCodeKeyword.execute(VerifyResponseStatusCodeKeyword.groovy:32)
	at com.kms.katalon.core.keyword.internal.KeywordExecutor.executeKeywordForPlatform(KeywordExecutor.groovy:53)
	at com.kms.katalon.core.webservice.keyword.WSBuiltInKeywords.verifyResponseStatusCode(WSBuiltInKeywords.groovy:212)
	at com.kms.katalon.core.webservice.keyword.WSBuiltInKeywords$verifyResponseStatusCode$0.call(Unknown Source)
	at org.codehaus.groovy.runtime.callsite.CallSiteArray.defaultCall(CallSiteArray.java:48)
	at org.codehaus.groovy.runtime.callsite.AbstractCallSite.call(AbstractCallSite.java:113)
	at org.codehaus.groovy.runtime.callsite.AbstractCallSite.call(AbstractCallSite.java:133)
	at Script1531748293831.run(Script1531748293831.groovy:63)
	at com.kms.katalon.core.main.ScriptEngine.run(ScriptEngine.java:183)
	at com.kms.katalon.core.main.ScriptEngine.runScriptAsRawText(ScriptEngine.java:108)
	at com.kms.katalon.core.main.TestCaseExecutor.runScript(TestCaseExecutor.java:294)
	at com.kms.katalon.core.main.TestCaseExecutor.doExecute(TestCaseExecutor.java:285)
	at com.kms.katalon.core.main.TestCaseExecutor.processExecutionPhase(TestCaseExecutor.java:264)
	at com.kms.katalon.core.main.TestCaseExecutor.accessMainPhase(TestCaseExecutor.java:256)
	at com.kms.katalon.core.main.TestCaseExecutor.execute(TestCaseExecutor.java:200)
	at com.kms.katalon.core.main.TestCaseMain.runTestCase(TestCaseMain.java:99)
	at com.kms.katalon.core.keyword.builtin.CallTestCaseKeyword$_callTestCase_closure1.doCall(CallTestCaseKeyword.groovy:60)
	at com.kms.katalon.core.keyword.builtin.CallTestCaseKeyword$_callTestCase_closure1.call(CallTestCaseKeyword.groovy)
	at com.kms.katalon.core.keyword.internal.KeywordMain.runKeyword(KeywordMain.groovy:54)
	at com.kms.katalon.core.keyword.builtin.CallTestCaseKeyword.callTestCase(CallTestCaseKeyword.groovy:81)
	at com.kms.katalon.core.keyword.builtin.CallTestCaseKeyword.execute(CallTestCaseKeyword.groovy:45)
	at com.kms.katalon.core.keyword.internal.KeywordExecutor.executeKeywordForPlatform(KeywordExecutor.groovy:53)
	at com.kms.katalon.core.keyword.BuiltinKeywords.callTestCase(BuiltinKeywords.groovy:334)
	at sun.reflect.GeneratedMethodAccessor17.invoke(Unknown Source)
	at sun.reflect.DelegatingMethodAccessorImpl.invoke(DelegatingMethodAccessorImpl.java:43)
	at java.lang.reflect.Method.invoke(Method.java:498)
	at org.codehaus.groovy.reflection.CachedMethod.invoke(CachedMethod.java:93)
	at groovy.lang.MetaMethod.doMethodInvoke(MetaMethod.java:325)
	at groovy.lang.MetaClassImpl.invokeStaticMethod(MetaClassImpl.java:1469)
	at org.codehaus.groovy.runtime.callsite.StaticMetaClassSite.call(StaticMetaClassSite.java:53)
	at org.codehaus.groovy.runtime.callsite.CallSiteArray.defaultCall(CallSiteArray.java:48)
	at org.codehaus.groovy.runtime.callsite.AbstractCallSite.call(AbstractCallSite.java:113)
	at org.codehaus.groovy.runtime.callsite.AbstractCallSite.call(AbstractCallSite.java:141)
	at Script1532608989637.run(Script1532608989637.groovy:47)
	at com.kms.katalon.core.main.ScriptEngine.run(ScriptEngine.java:183)
	at com.kms.katalon.core.main.ScriptEngine.runScriptAsRawText(ScriptEngine.java:108)
	at com.kms.katalon.core.main.TestCaseExecutor.runScript(TestCaseExecutor.java:294)
	at com.kms.katalon.core.main.TestCaseExecutor.doExecute(TestCaseExecutor.java:285)
	at com.kms.katalon.core.main.TestCaseExecutor.processExecutionPhase(TestCaseExecutor.java:264)
	at com.kms.katalon.core.main.TestCaseExecutor.accessMainPhase(TestCaseExecutor.java:256)
	at com.kms.katalon.core.main.TestCaseExecutor.execute(TestCaseExecutor.java:200)
	at com.kms.katalon.core.main.TestSuiteExecutor.accessTestCaseMainPhase(TestSuiteExecutor.java:129)
	at com.kms.katalon.core.main.TestSuiteExecutor.accessTestSuiteMainPhase(TestSuiteExecutor.java:112)
	at com.kms.katalon.core.main.TestSuiteExecutor.execute(TestSuiteExecutor.java:81)
	at com.kms.katalon.core.main.TestCaseMain.startTestSuite(TestCaseMain.java:142)
	at com.kms.katalon.core.main.TestCaseMain$startTestSuite$0.call(Unknown Source)
	at org.codehaus.groovy.runtime.callsite.CallSiteArray.defaultCall(CallSiteArray.java:48)
	at org.codehaus.groovy.runtime.callsite.AbstractCallSite.call(AbstractCallSite.java:113)
	at org.codehaus.groovy.runtime.callsite.AbstractCallSite.call(AbstractCallSite.java:141)
	at TempTestSuite1540807533822.run(TempTestSuite1540807533822.groovy:36)
	at groovy.lang.GroovyShell.runScriptOrMainOrTestOrRunnable(GroovyShell.java:263)
	at groovy.lang.GroovyShell.run(GroovyShell.java:518)
	at groovy.lang.GroovyShell.run(GroovyShell.java:507)
	at groovy.ui.GroovyMain.processOnce(GroovyMain.java:653)
	at groovy.ui.GroovyMain.run(GroovyMain.java:384)
	at groovy.ui.GroovyMain.process(GroovyMain.java:370)
	at groovy.ui.GroovyMain.processArgs(GroovyMain.java:129)
	at groovy.ui.GroovyMain.main(GroovyMain.java:109)
	at sun.reflect.NativeMethodAccessorImpl.invoke0(Native Method)
	at sun.reflect.NativeMethodAccessorImpl.invoke(NativeMethodAccessorImpl.java:62)
	at sun.reflect.DelegatingMethodAccessorImpl.invoke(DelegatingMethodAccessorImpl.java:43)
	at java.lang.reflect.Method.invoke(Method.java:498)
	at org.codehaus.groovy.tools.GroovyStarter.rootLoader(GroovyStarter.java:109)
	at org.codehaus.groovy.tools.GroovyStarter.main(GroovyStarter.java:131)
)

2018-10-29 15:40:01 - [TEST_STEP][PASSED] - Statement - request = com.kms.katalon.core.testobject.ObjectRepository.findTestObject(Object Repository/Community/Create blog under community, [host:internal.GlobalVariable.g_URL, communityID:CommunityID, blogName:((" + blogName) + "), blogDesc:((" + blogDesc) + "), ... ]): Finding Test Object with id 'Object Repository/Community/Create blog under community'

2018-10-29 15:40:01 - [TEST_STEP][PASSED] - Statement - request.setHttpHeaderProperties(CustomKeywords.requestHeaders.Headers.AddHeaders()): requestHeaders.Headers.AddHeaders is PASSED

2018-10-29 15:40:01 - [MESSAGE][PASSED] - requestHeaders.Headers.AddHeaders is PASSED

2018-10-29 15:40:01 - [TEST_STEP][PASSED] - Statement - response = com.kms.katalon.core.webservice.keyword.WSBuiltInKeywords.sendRequest(request): Send request successfully

2018-10-29 15:40:01 - [MESSAGE][PASSED] - Send request successfully

2018-10-29 15:40:01 - [TEST_STEP][FAILED] - verifyResponseStatusCode: Unable to verify response status code (Root cause: Expected status code is '200' but actual status code is '400')

2018-10-29 15:40:01 - [MESSAGE][FAILED] - Expected status code is '200' but actual status code is '400'

2018-10-29 15:40:01 - [MESSAGE][FAILED] - Unable to verify response status code (Root cause: Expected status code is '200' but actual status code is '400')

2018-10-29 15:40:05 - [MESSAGE][FAILED] - Unable to call Test Case with id 'Test Cases/Library/Community/Create a blog under community' (Root cause: Call Test Case 'Test Cases/Library/Community/Create a blog under community' failed)]]></system-out>
         <system-err><![CDATA[2018-10-29 15:40:00 - [TEST_CASE][FAILED] - Test Cases/TestCases/Social_SecurityAndRole_MOB-3489/TC-135405Verify the Community Owner is able to create a Blog page in that community page: Test Cases/TestCases/Social_SecurityAndRole_MOB-3489/TC-135405Verify the Community Owner is able to create a Blog page in that community page FAILED because (of) (Stack trace: com.kms.katalon.core.exception.StepFailedException: Unable to verify response status code (Root cause: Expected status code is '200' but actual status code is '400')
	at com.kms.katalon.core.keyword.internal.KeywordMain.stepFailed(KeywordMain.groovy:36)
	at com.kms.katalon.core.keyword.internal.KeywordMain.stepFailed(KeywordMain.groovy)
	at com.kms.katalon.core.keyword.internal.KeywordMain.runKeyword(KeywordMain.groovy:56)
	at com.kms.katalon.core.webservice.keyword.builtin.VerifyResponseStatusCodeKeyword.verifyResponseStatusCode(VerifyResponseStatusCodeKeyword.groovy:37)
	at com.kms.katalon.core.webservice.keyword.builtin.VerifyResponseStatusCodeKeyword.execute(VerifyResponseStatusCodeKeyword.groovy:32)
	at com.kms.katalon.core.keyword.internal.KeywordExecutor.executeKeywordForPlatform(KeywordExecutor.groovy:53)
	at com.kms.katalon.core.webservice.keyword.WSBuiltInKeywords.verifyResponseStatusCode(WSBuiltInKeywords.groovy:212)
	at com.kms.katalon.core.webservice.keyword.WSBuiltInKeywords$verifyResponseStatusCode$0.call(Unknown Source)
	at org.codehaus.groovy.runtime.callsite.CallSiteArray.defaultCall(CallSiteArray.java:48)
	at org.codehaus.groovy.runtime.callsite.AbstractCallSite.call(AbstractCallSite.java:113)
	at org.codehaus.groovy.runtime.callsite.AbstractCallSite.call(AbstractCallSite.java:133)
	at Script1531748293831.run(Script1531748293831.groovy:63)
	at com.kms.katalon.core.main.ScriptEngine.run(ScriptEngine.java:183)
	at com.kms.katalon.core.main.ScriptEngine.runScriptAsRawText(ScriptEngine.java:108)
	at com.kms.katalon.core.main.TestCaseExecutor.runScript(TestCaseExecutor.java:294)
	at com.kms.katalon.core.main.TestCaseExecutor.doExecute(TestCaseExecutor.java:285)
	at com.kms.katalon.core.main.TestCaseExecutor.processExecutionPhase(TestCaseExecutor.java:264)
	at com.kms.katalon.core.main.TestCaseExecutor.accessMainPhase(TestCaseExecutor.java:256)
	at com.kms.katalon.core.main.TestCaseExecutor.execute(TestCaseExecutor.java:200)
	at com.kms.katalon.core.main.TestCaseMain.runTestCase(TestCaseMain.java:99)
	at com.kms.katalon.core.keyword.builtin.CallTestCaseKeyword$_callTestCase_closure1.doCall(CallTestCaseKeyword.groovy:60)
	at com.kms.katalon.core.keyword.builtin.CallTestCaseKeyword$_callTestCase_closure1.call(CallTestCaseKeyword.groovy)
	at com.kms.katalon.core.keyword.internal.KeywordMain.runKeyword(KeywordMain.groovy:54)
	at com.kms.katalon.core.keyword.builtin.CallTestCaseKeyword.callTestCase(CallTestCaseKeyword.groovy:81)
	at com.kms.katalon.core.keyword.builtin.CallTestCaseKeyword.execute(CallTestCaseKeyword.groovy:45)
	at com.kms.katalon.core.keyword.internal.KeywordExecutor.executeKeywordForPlatform(KeywordExecutor.groovy:53)
	at com.kms.katalon.core.keyword.BuiltinKeywords.callTestCase(BuiltinKeywords.groovy:334)
	at sun.reflect.GeneratedMethodAccessor17.invoke(Unknown Source)
	at sun.reflect.DelegatingMethodAccessorImpl.invoke(DelegatingMethodAccessorImpl.java:43)
	at java.lang.reflect.Method.invoke(Method.java:498)
	at org.codehaus.groovy.reflection.CachedMethod.invoke(CachedMethod.java:93)
	at groovy.lang.MetaMethod.doMethodInvoke(MetaMethod.java:325)
	at groovy.lang.MetaClassImpl.invokeStaticMethod(MetaClassImpl.java:1469)
	at org.codehaus.groovy.runtime.callsite.StaticMetaClassSite.call(StaticMetaClassSite.java:53)
	at org.codehaus.groovy.runtime.callsite.CallSiteArray.defaultCall(CallSiteArray.java:48)
	at org.codehaus.groovy.runtime.callsite.AbstractCallSite.call(AbstractCallSite.java:113)
	at org.codehaus.groovy.runtime.callsite.AbstractCallSite.call(AbstractCallSite.java:141)
	at Script1532608989637.run(Script1532608989637.groovy:47)
	at com.kms.katalon.core.main.ScriptEngine.run(ScriptEngine.java:183)
	at com.kms.katalon.core.main.ScriptEngine.runScriptAsRawText(ScriptEngine.java:108)
	at com.kms.katalon.core.main.TestCaseExecutor.runScript(TestCaseExecutor.java:294)
	at com.kms.katalon.core.main.TestCaseExecutor.doExecute(TestCaseExecutor.java:285)
	at com.kms.katalon.core.main.TestCaseExecutor.processExecutionPhase(TestCaseExecutor.java:264)
	at com.kms.katalon.core.main.TestCaseExecutor.accessMainPhase(TestCaseExecutor.java:256)
	at com.kms.katalon.core.main.TestCaseExecutor.execute(TestCaseExecutor.java:200)
	at com.kms.katalon.core.main.TestSuiteExecutor.accessTestCaseMainPhase(TestSuiteExecutor.java:129)
	at com.kms.katalon.core.main.TestSuiteExecutor.accessTestSuiteMainPhase(TestSuiteExecutor.java:112)
	at com.kms.katalon.core.main.TestSuiteExecutor.execute(TestSuiteExecutor.java:81)
	at com.kms.katalon.core.main.TestCaseMain.startTestSuite(TestCaseMain.java:142)
	at com.kms.katalon.core.main.TestCaseMain$startTestSuite$0.call(Unknown Source)
	at org.codehaus.groovy.runtime.callsite.CallSiteArray.defaultCall(CallSiteArray.java:48)
	at org.codehaus.groovy.runtime.callsite.AbstractCallSite.call(AbstractCallSite.java:113)
	at org.codehaus.groovy.runtime.callsite.AbstractCallSite.call(AbstractCallSite.java:141)
	at TempTestSuite1540807533822.run(TempTestSuite1540807533822.groovy:36)
	at groovy.lang.GroovyShell.runScriptOrMainOrTestOrRunnable(GroovyShell.java:263)
	at groovy.lang.GroovyShell.run(GroovyShell.java:518)
	at groovy.lang.GroovyShell.run(GroovyShell.java:507)
	at groovy.ui.GroovyMain.processOnce(GroovyMain.java:653)
	at groovy.ui.GroovyMain.run(GroovyMain.java:384)
	at groovy.ui.GroovyMain.process(GroovyMain.java:370)
	at groovy.ui.GroovyMain.processArgs(GroovyMain.java:129)
	at groovy.ui.GroovyMain.main(GroovyMain.java:109)
	at sun.reflect.NativeMethodAccessorImpl.invoke0(Native Method)
	at sun.reflect.NativeMethodAccessorImpl.invoke(NativeMethodAccessorImpl.java:62)
	at sun.reflect.DelegatingMethodAccessorImpl.invoke(DelegatingMethodAccessorImpl.java:43)
	at java.lang.reflect.Method.invoke(Method.java:498)
	at org.codehaus.groovy.tools.GroovyStarter.rootLoader(GroovyStarter.java:109)
	at org.codehaus.groovy.tools.GroovyStarter.main(GroovyStarter.java:131)
)]]></system-err>
      </testcase>
      <testcase name="Test Cases/TestCases/Social_SecurityAndRole_MOB-3489/TC-135407Verify the Owner of the community page is able to add a blog post in the blog page" classname="Test Cases/TestCases/Social_SecurityAndRole_MOB-3489/TC-135407Verify the Owner of the community page is able to add a blog post in the blog page" status="FAILED">
         <failure type="FAILED" message="(Stack trace: com.kms.katalon.core.exception.StepFailedException: Unable to verify response status code (Root cause: Expected status code is '200' but actual status code is '400')
	at com.kms.katalon.core.keyword.internal.KeywordMain.stepFailed(KeywordMain.groovy:36)
	at com.kms.katalon.core.keyword.internal.KeywordMain.stepFailed(KeywordMain.groovy)
	at com.kms.katalon.core.keyword.internal.KeywordMain.runKeyword(KeywordMain.groovy:56)
	at com.kms.katalon.core.webservice.keyword.builtin.VerifyResponseStatusCodeKeyword.verifyResponseStatusCode(VerifyResponseStatusCodeKeyword.groovy:37)
	at com.kms.katalon.core.webservice.keyword.builtin.VerifyResponseStatusCodeKeyword.execute(VerifyResponseStatusCodeKeyword.groovy:32)
	at com.kms.katalon.core.keyword.internal.KeywordExecutor.executeKeywordForPlatform(KeywordExecutor.groovy:53)
	at com.kms.katalon.core.webservice.keyword.WSBuiltInKeywords.verifyResponseStatusCode(WSBuiltInKeywords.groovy:212)
	at com.kms.katalon.core.webservice.keyword.WSBuiltInKeywords$verifyResponseStatusCode$0.call(Unknown Source)
	at Script1531748293831.run(Script1531748293831.groovy:63)
	at com.kms.katalon.core.main.ScriptEngine.run(ScriptEngine.java:183)
	at com.kms.katalon.core.main.ScriptEngine.runScriptAsRawText(ScriptEngine.java:108)
	at com.kms.katalon.core.main.TestCaseExecutor.runScript(TestCaseExecutor.java:294)
	at com.kms.katalon.core.main.TestCaseExecutor.doExecute(TestCaseExecutor.java:285)
	at com.kms.katalon.core.main.TestCaseExecutor.processExecutionPhase(TestCaseExecutor.java:264)
	at com.kms.katalon.core.main.TestCaseExecutor.accessMainPhase(TestCaseExecutor.java:256)
	at com.kms.katalon.core.main.TestCaseExecutor.execute(TestCaseExecutor.java:200)
	at com.kms.katalon.core.main.TestCaseMain.runTestCase(TestCaseMain.java:99)
	at com.kms.katalon.core.keyword.builtin.CallTestCaseKeyword$_callTestCase_closure1.doCall(CallTestCaseKeyword.groovy:60)
	at com.kms.katalon.core.keyword.builtin.CallTestCaseKeyword$_callTestCase_closure1.call(CallTestCaseKeyword.groovy)
	at com.kms.katalon.core.keyword.internal.KeywordMain.runKeyword(KeywordMain.groovy:54)
	at com.kms.katalon.core.keyword.builtin.CallTestCaseKeyword.callTestCase(CallTestCaseKeyword.groovy:81)
	at com.kms.katalon.core.keyword.builtin.CallTestCaseKeyword.execute(CallTestCaseKeyword.groovy:45)
	at com.kms.katalon.core.keyword.internal.KeywordExecutor.executeKeywordForPlatform(KeywordExecutor.groovy:53)
	at com.kms.katalon.core.keyword.BuiltinKeywords.callTestCase(BuiltinKeywords.groovy:334)
	at sun.reflect.GeneratedMethodAccessor17.invoke(Unknown Source)
	at sun.reflect.DelegatingMethodAccessorImpl.invoke(DelegatingMethodAccessorImpl.java:43)
	at java.lang.reflect.Method.invoke(Method.java:498)
	at org.codehaus.groovy.reflection.CachedMethod.invoke(CachedMethod.java:93)
	at groovy.lang.MetaMethod.doMethodInvoke(MetaMethod.java:325)
	at groovy.lang.MetaClassImpl.invokeStaticMethod(MetaClassImpl.java:1469)
	at org.codehaus.groovy.runtime.callsite.StaticMetaClassSite.call(StaticMetaClassSite.java:53)
	at org.codehaus.groovy.runtime.callsite.CallSiteArray.defaultCall(CallSiteArray.java:48)
	at org.codehaus.groovy.runtime.callsite.AbstractCallSite.call(AbstractCallSite.java:113)
	at org.codehaus.groovy.runtime.callsite.AbstractCallSite.call(AbstractCallSite.java:141)
	at Script1532612458022.run(Script1532612458022.groovy:47)
	at com.kms.katalon.core.main.ScriptEngine.run(ScriptEngine.java:183)
	at com.kms.katalon.core.main.ScriptEngine.runScriptAsRawText(ScriptEngine.java:108)
	at com.kms.katalon.core.main.TestCaseExecutor.runScript(TestCaseExecutor.java:294)
	at com.kms.katalon.core.main.TestCaseExecutor.doExecute(TestCaseExecutor.java:285)
	at com.kms.katalon.core.main.TestCaseExecutor.processExecutionPhase(TestCaseExecutor.java:264)
	at com.kms.katalon.core.main.TestCaseExecutor.accessMainPhase(TestCaseExecutor.java:256)
	at com.kms.katalon.core.main.TestCaseExecutor.execute(TestCaseExecutor.java:200)
	at com.kms.katalon.core.main.TestSuiteExecutor.accessTestCaseMainPhase(TestSuiteExecutor.java:129)
	at com.kms.katalon.core.main.TestSuiteExecutor.accessTestSuiteMainPhase(TestSuiteExecutor.java:112)
	at com.kms.katalon.core.main.TestSuiteExecutor.execute(TestSuiteExecutor.java:81)
	at com.kms.katalon.core.main.TestCaseMain.startTestSuite(TestCaseMain.java:142)
	at com.kms.katalon.core.main.TestCaseMain$startTestSuite$0.call(Unknown Source)
	at org.codehaus.groovy.runtime.callsite.CallSiteArray.defaultCall(CallSiteArray.java:48)
	at org.codehaus.groovy.runtime.callsite.AbstractCallSite.call(AbstractCallSite.java:113)
	at org.codehaus.groovy.runtime.callsite.AbstractCallSite.call(AbstractCallSite.java:141)
	at TempTestSuite1540807533822.run(TempTestSuite1540807533822.groovy:36)
	at groovy.lang.GroovyShell.runScriptOrMainOrTestOrRunnable(GroovyShell.java:263)
	at groovy.lang.GroovyShell.run(GroovyShell.java:518)
	at groovy.lang.GroovyShell.run(GroovyShell.java:507)
	at groovy.ui.GroovyMain.processOnce(GroovyMain.java:653)
	at groovy.ui.GroovyMain.run(GroovyMain.java:384)
	at groovy.ui.GroovyMain.process(GroovyMain.java:370)
	at groovy.ui.GroovyMain.processArgs(GroovyMain.java:129)
	at groovy.ui.GroovyMain.main(GroovyMain.java:109)
	at sun.reflect.NativeMethodAccessorImpl.invoke0(Native Method)
	at sun.reflect.NativeMethodAccessorImpl.invoke(NativeMethodAccessorImpl.java:62)
	at sun.reflect.DelegatingMethodAccessorImpl.invoke(DelegatingMethodAccessorImpl.java:43)
	at java.lang.reflect.Method.invoke(Method.java:498)
	at org.codehaus.groovy.tools.GroovyStarter.rootLoader(GroovyStarter.java:109)
	at org.codehaus.groovy.tools.GroovyStarter.main(GroovyStarter.java:131)
)"/>
         <system-out><![CDATA[2018-10-29 15:40:05 - [TEST_CASE][FAILED] - Test Cases/TestCases/Social_SecurityAndRole_MOB-3489/TC-135407Verify the Owner of the community page is able to add a blog post in the blog page: Test Cases/TestCases/Social_SecurityAndRole_MOB-3489/TC-135407Verify the Owner of the community page is able to add a blog post in the blog page FAILED because (of) (Stack trace: com.kms.katalon.core.exception.StepFailedException: Unable to verify response status code (Root cause: Expected status code is '200' but actual status code is '400')
	at com.kms.katalon.core.keyword.internal.KeywordMain.stepFailed(KeywordMain.groovy:36)
	at com.kms.katalon.core.keyword.internal.KeywordMain.stepFailed(KeywordMain.groovy)
	at com.kms.katalon.core.keyword.internal.KeywordMain.runKeyword(KeywordMain.groovy:56)
	at com.kms.katalon.core.webservice.keyword.builtin.VerifyResponseStatusCodeKeyword.verifyResponseStatusCode(VerifyResponseStatusCodeKeyword.groovy:37)
	at com.kms.katalon.core.webservice.keyword.builtin.VerifyResponseStatusCodeKeyword.execute(VerifyResponseStatusCodeKeyword.groovy:32)
	at com.kms.katalon.core.keyword.internal.KeywordExecutor.executeKeywordForPlatform(KeywordExecutor.groovy:53)
	at com.kms.katalon.core.webservice.keyword.WSBuiltInKeywords.verifyResponseStatusCode(WSBuiltInKeywords.groovy:212)
	at com.kms.katalon.core.webservice.keyword.WSBuiltInKeywords$verifyResponseStatusCode$0.call(Unknown Source)
	at Script1531748293831.run(Script1531748293831.groovy:63)
	at com.kms.katalon.core.main.ScriptEngine.run(ScriptEngine.java:183)
	at com.kms.katalon.core.main.ScriptEngine.runScriptAsRawText(ScriptEngine.java:108)
	at com.kms.katalon.core.main.TestCaseExecutor.runScript(TestCaseExecutor.java:294)
	at com.kms.katalon.core.main.TestCaseExecutor.doExecute(TestCaseExecutor.java:285)
	at com.kms.katalon.core.main.TestCaseExecutor.processExecutionPhase(TestCaseExecutor.java:264)
	at com.kms.katalon.core.main.TestCaseExecutor.accessMainPhase(TestCaseExecutor.java:256)
	at com.kms.katalon.core.main.TestCaseExecutor.execute(TestCaseExecutor.java:200)
	at com.kms.katalon.core.main.TestCaseMain.runTestCase(TestCaseMain.java:99)
	at com.kms.katalon.core.keyword.builtin.CallTestCaseKeyword$_callTestCase_closure1.doCall(CallTestCaseKeyword.groovy:60)
	at com.kms.katalon.core.keyword.builtin.CallTestCaseKeyword$_callTestCase_closure1.call(CallTestCaseKeyword.groovy)
	at com.kms.katalon.core.keyword.internal.KeywordMain.runKeyword(KeywordMain.groovy:54)
	at com.kms.katalon.core.keyword.builtin.CallTestCaseKeyword.callTestCase(CallTestCaseKeyword.groovy:81)
	at com.kms.katalon.core.keyword.builtin.CallTestCaseKeyword.execute(CallTestCaseKeyword.groovy:45)
	at com.kms.katalon.core.keyword.internal.KeywordExecutor.executeKeywordForPlatform(KeywordExecutor.groovy:53)
	at com.kms.katalon.core.keyword.BuiltinKeywords.callTestCase(BuiltinKeywords.groovy:334)
	at sun.reflect.GeneratedMethodAccessor17.invoke(Unknown Source)
	at sun.reflect.DelegatingMethodAccessorImpl.invoke(DelegatingMethodAccessorImpl.java:43)
	at java.lang.reflect.Method.invoke(Method.java:498)
	at org.codehaus.groovy.reflection.CachedMethod.invoke(CachedMethod.java:93)
	at groovy.lang.MetaMethod.doMethodInvoke(MetaMethod.java:325)
	at groovy.lang.MetaClassImpl.invokeStaticMethod(MetaClassImpl.java:1469)
	at org.codehaus.groovy.runtime.callsite.StaticMetaClassSite.call(StaticMetaClassSite.java:53)
	at org.codehaus.groovy.runtime.callsite.CallSiteArray.defaultCall(CallSiteArray.java:48)
	at org.codehaus.groovy.runtime.callsite.AbstractCallSite.call(AbstractCallSite.java:113)
	at org.codehaus.groovy.runtime.callsite.AbstractCallSite.call(AbstractCallSite.java:141)
	at Script1532612458022.run(Script1532612458022.groovy:47)
	at com.kms.katalon.core.main.ScriptEngine.run(ScriptEngine.java:183)
	at com.kms.katalon.core.main.ScriptEngine.runScriptAsRawText(ScriptEngine.java:108)
	at com.kms.katalon.core.main.TestCaseExecutor.runScript(TestCaseExecutor.java:294)
	at com.kms.katalon.core.main.TestCaseExecutor.doExecute(TestCaseExecutor.java:285)
	at com.kms.katalon.core.main.TestCaseExecutor.processExecutionPhase(TestCaseExecutor.java:264)
	at com.kms.katalon.core.main.TestCaseExecutor.accessMainPhase(TestCaseExecutor.java:256)
	at com.kms.katalon.core.main.TestCaseExecutor.execute(TestCaseExecutor.java:200)
	at com.kms.katalon.core.main.TestSuiteExecutor.accessTestCaseMainPhase(TestSuiteExecutor.java:129)
	at com.kms.katalon.core.main.TestSuiteExecutor.accessTestSuiteMainPhase(TestSuiteExecutor.java:112)
	at com.kms.katalon.core.main.TestSuiteExecutor.execute(TestSuiteExecutor.java:81)
	at com.kms.katalon.core.main.TestCaseMain.startTestSuite(TestCaseMain.java:142)
	at com.kms.katalon.core.main.TestCaseMain$startTestSuite$0.call(Unknown Source)
	at org.codehaus.groovy.runtime.callsite.CallSiteArray.defaultCall(CallSiteArray.java:48)
	at org.codehaus.groovy.runtime.callsite.AbstractCallSite.call(AbstractCallSite.java:113)
	at org.codehaus.groovy.runtime.callsite.AbstractCallSite.call(AbstractCallSite.java:141)
	at TempTestSuite1540807533822.run(TempTestSuite1540807533822.groovy:36)
	at groovy.lang.GroovyShell.runScriptOrMainOrTestOrRunnable(GroovyShell.java:263)
	at groovy.lang.GroovyShell.run(GroovyShell.java:518)
	at groovy.lang.GroovyShell.run(GroovyShell.java:507)
	at groovy.ui.GroovyMain.processOnce(GroovyMain.java:653)
	at groovy.ui.GroovyMain.run(GroovyMain.java:384)
	at groovy.ui.GroovyMain.process(GroovyMain.java:370)
	at groovy.ui.GroovyMain.processArgs(GroovyMain.java:129)
	at groovy.ui.GroovyMain.main(GroovyMain.java:109)
	at sun.reflect.NativeMethodAccessorImpl.invoke0(Native Method)
	at sun.reflect.NativeMethodAccessorImpl.invoke(NativeMethodAccessorImpl.java:62)
	at sun.reflect.DelegatingMethodAccessorImpl.invoke(DelegatingMethodAccessorImpl.java:43)
	at java.lang.reflect.Method.invoke(Method.java:498)
	at org.codehaus.groovy.tools.GroovyStarter.rootLoader(GroovyStarter.java:109)
	at org.codehaus.groovy.tools.GroovyStarter.main(GroovyStarter.java:131)
)

2018-10-29 15:40:05 - [TEST_STEP][PASSED] - Statement - data = com.kms.katalon.core.testdata.TestDataFactory.findTestData(TestData): Reading CSV file with source file 'comma', separator 'containing header' and '{2}'

2018-10-29 15:40:05 - [TEST_STEP][FAILED] - callTestCase: Unable to call Test Case with id 'Test Cases/Library/Community/Create a blog under community' (Root cause: Call Test Case 'Test Cases/Library/Community/Create a blog under community' failed)

2018-10-29 15:40:05 - [TEST_CASE][FAILED] - Test Cases/Library/Community/Create a blog under community: Test Cases/Library/Community/Create a blog under community FAILED because (of) (Stack trace: com.kms.katalon.core.exception.StepFailedException: Unable to verify response status code (Root cause: Expected status code is '200' but actual status code is '400')
	at com.kms.katalon.core.keyword.internal.KeywordMain.stepFailed(KeywordMain.groovy:36)
	at com.kms.katalon.core.keyword.internal.KeywordMain.stepFailed(KeywordMain.groovy)
	at com.kms.katalon.core.keyword.internal.KeywordMain.runKeyword(KeywordMain.groovy:56)
	at com.kms.katalon.core.webservice.keyword.builtin.VerifyResponseStatusCodeKeyword.verifyResponseStatusCode(VerifyResponseStatusCodeKeyword.groovy:37)
	at com.kms.katalon.core.webservice.keyword.builtin.VerifyResponseStatusCodeKeyword.execute(VerifyResponseStatusCodeKeyword.groovy:32)
	at com.kms.katalon.core.keyword.internal.KeywordExecutor.executeKeywordForPlatform(KeywordExecutor.groovy:53)
	at com.kms.katalon.core.webservice.keyword.WSBuiltInKeywords.verifyResponseStatusCode(WSBuiltInKeywords.groovy:212)
	at com.kms.katalon.core.webservice.keyword.WSBuiltInKeywords$verifyResponseStatusCode$0.call(Unknown Source)
	at Script1531748293831.run(Script1531748293831.groovy:63)
	at com.kms.katalon.core.main.ScriptEngine.run(ScriptEngine.java:183)
	at com.kms.katalon.core.main.ScriptEngine.runScriptAsRawText(ScriptEngine.java:108)
	at com.kms.katalon.core.main.TestCaseExecutor.runScript(TestCaseExecutor.java:294)
	at com.kms.katalon.core.main.TestCaseExecutor.doExecute(TestCaseExecutor.java:285)
	at com.kms.katalon.core.main.TestCaseExecutor.processExecutionPhase(TestCaseExecutor.java:264)
	at com.kms.katalon.core.main.TestCaseExecutor.accessMainPhase(TestCaseExecutor.java:256)
	at com.kms.katalon.core.main.TestCaseExecutor.execute(TestCaseExecutor.java:200)
	at com.kms.katalon.core.main.TestCaseMain.runTestCase(TestCaseMain.java:99)
	at com.kms.katalon.core.keyword.builtin.CallTestCaseKeyword$_callTestCase_closure1.doCall(CallTestCaseKeyword.groovy:60)
	at com.kms.katalon.core.keyword.builtin.CallTestCaseKeyword$_callTestCase_closure1.call(CallTestCaseKeyword.groovy)
	at com.kms.katalon.core.keyword.internal.KeywordMain.runKeyword(KeywordMain.groovy:54)
	at com.kms.katalon.core.keyword.builtin.CallTestCaseKeyword.callTestCase(CallTestCaseKeyword.groovy:81)
	at com.kms.katalon.core.keyword.builtin.CallTestCaseKeyword.execute(CallTestCaseKeyword.groovy:45)
	at com.kms.katalon.core.keyword.internal.KeywordExecutor.executeKeywordForPlatform(KeywordExecutor.groovy:53)
	at com.kms.katalon.core.keyword.BuiltinKeywords.callTestCase(BuiltinKeywords.groovy:334)
	at sun.reflect.GeneratedMethodAccessor17.invoke(Unknown Source)
	at sun.reflect.DelegatingMethodAccessorImpl.invoke(DelegatingMethodAccessorImpl.java:43)
	at java.lang.reflect.Method.invoke(Method.java:498)
	at org.codehaus.groovy.reflection.CachedMethod.invoke(CachedMethod.java:93)
	at groovy.lang.MetaMethod.doMethodInvoke(MetaMethod.java:325)
	at groovy.lang.MetaClassImpl.invokeStaticMethod(MetaClassImpl.java:1469)
	at org.codehaus.groovy.runtime.callsite.StaticMetaClassSite.call(StaticMetaClassSite.java:53)
	at org.codehaus.groovy.runtime.callsite.CallSiteArray.defaultCall(CallSiteArray.java:48)
	at org.codehaus.groovy.runtime.callsite.AbstractCallSite.call(AbstractCallSite.java:113)
	at org.codehaus.groovy.runtime.callsite.AbstractCallSite.call(AbstractCallSite.java:141)
	at Script1532612458022.run(Script1532612458022.groovy:47)
	at com.kms.katalon.core.main.ScriptEngine.run(ScriptEngine.java:183)
	at com.kms.katalon.core.main.ScriptEngine.runScriptAsRawText(ScriptEngine.java:108)
	at com.kms.katalon.core.main.TestCaseExecutor.runScript(TestCaseExecutor.java:294)
	at com.kms.katalon.core.main.TestCaseExecutor.doExecute(TestCaseExecutor.java:285)
	at com.kms.katalon.core.main.TestCaseExecutor.processExecutionPhase(TestCaseExecutor.java:264)
	at com.kms.katalon.core.main.TestCaseExecutor.accessMainPhase(TestCaseExecutor.java:256)
	at com.kms.katalon.core.main.TestCaseExecutor.execute(TestCaseExecutor.java:200)
	at com.kms.katalon.core.main.TestSuiteExecutor.accessTestCaseMainPhase(TestSuiteExecutor.java:129)
	at com.kms.katalon.core.main.TestSuiteExecutor.accessTestSuiteMainPhase(TestSuiteExecutor.java:112)
	at com.kms.katalon.core.main.TestSuiteExecutor.execute(TestSuiteExecutor.java:81)
	at com.kms.katalon.core.main.TestCaseMain.startTestSuite(TestCaseMain.java:142)
	at com.kms.katalon.core.main.TestCaseMain$startTestSuite$0.call(Unknown Source)
	at org.codehaus.groovy.runtime.callsite.CallSiteArray.defaultCall(CallSiteArray.java:48)
	at org.codehaus.groovy.runtime.callsite.AbstractCallSite.call(AbstractCallSite.java:113)
	at org.codehaus.groovy.runtime.callsite.AbstractCallSite.call(AbstractCallSite.java:141)
	at TempTestSuite1540807533822.run(TempTestSuite1540807533822.groovy:36)
	at groovy.lang.GroovyShell.runScriptOrMainOrTestOrRunnable(GroovyShell.java:263)
	at groovy.lang.GroovyShell.run(GroovyShell.java:518)
	at groovy.lang.GroovyShell.run(GroovyShell.java:507)
	at groovy.ui.GroovyMain.processOnce(GroovyMain.java:653)
	at groovy.ui.GroovyMain.run(GroovyMain.java:384)
	at groovy.ui.GroovyMain.process(GroovyMain.java:370)
	at groovy.ui.GroovyMain.processArgs(GroovyMain.java:129)
	at groovy.ui.GroovyMain.main(GroovyMain.java:109)
	at sun.reflect.NativeMethodAccessorImpl.invoke0(Native Method)
	at sun.reflect.NativeMethodAccessorImpl.invoke(NativeMethodAccessorImpl.java:62)
	at sun.reflect.DelegatingMethodAccessorImpl.invoke(DelegatingMethodAccessorImpl.java:43)
	at java.lang.reflect.Method.invoke(Method.java:498)
	at org.codehaus.groovy.tools.GroovyStarter.rootLoader(GroovyStarter.java:109)
	at org.codehaus.groovy.tools.GroovyStarter.main(GroovyStarter.java:131)
)

2018-10-29 15:40:05 - [TEST_STEP][PASSED] - Statement - request = com.kms.katalon.core.testobject.ObjectRepository.findTestObject(Object Repository/Community/Create blog under community, [host:internal.GlobalVariable.g_URL, communityID:CommunityID, blogName:((" + blogName) + "), blogDesc:((" + blogDesc) + "), ... ]): Finding Test Object with id 'Object Repository/Community/Create blog under community'

2018-10-29 15:40:05 - [TEST_STEP][PASSED] - Statement - request.setHttpHeaderProperties(CustomKeywords.requestHeaders.Headers.AddHeaders()): requestHeaders.Headers.AddHeaders is PASSED

2018-10-29 15:40:05 - [MESSAGE][PASSED] - requestHeaders.Headers.AddHeaders is PASSED

2018-10-29 15:40:05 - [TEST_STEP][PASSED] - Statement - response = com.kms.katalon.core.webservice.keyword.WSBuiltInKeywords.sendRequest(request): Send request successfully

2018-10-29 15:40:05 - [MESSAGE][PASSED] - Send request successfully

2018-10-29 15:40:05 - [TEST_STEP][FAILED] - verifyResponseStatusCode: Unable to verify response status code (Root cause: Expected status code is '200' but actual status code is '400')

2018-10-29 15:40:05 - [MESSAGE][FAILED] - Expected status code is '200' but actual status code is '400'

2018-10-29 15:40:05 - [MESSAGE][FAILED] - Unable to verify response status code (Root cause: Expected status code is '200' but actual status code is '400')

2018-10-29 15:40:05 - [MESSAGE][FAILED] - Unable to call Test Case with id 'Test Cases/Library/Community/Create a blog under community' (Root cause: Call Test Case 'Test Cases/Library/Community/Create a blog under community' failed)]]></system-out>
         <system-err><![CDATA[2018-10-29 15:40:05 - [TEST_CASE][FAILED] - Test Cases/TestCases/Social_SecurityAndRole_MOB-3489/TC-135407Verify the Owner of the community page is able to add a blog post in the blog page: Test Cases/TestCases/Social_SecurityAndRole_MOB-3489/TC-135407Verify the Owner of the community page is able to add a blog post in the blog page FAILED because (of) (Stack trace: com.kms.katalon.core.exception.StepFailedException: Unable to verify response status code (Root cause: Expected status code is '200' but actual status code is '400')
	at com.kms.katalon.core.keyword.internal.KeywordMain.stepFailed(KeywordMain.groovy:36)
	at com.kms.katalon.core.keyword.internal.KeywordMain.stepFailed(KeywordMain.groovy)
	at com.kms.katalon.core.keyword.internal.KeywordMain.runKeyword(KeywordMain.groovy:56)
	at com.kms.katalon.core.webservice.keyword.builtin.VerifyResponseStatusCodeKeyword.verifyResponseStatusCode(VerifyResponseStatusCodeKeyword.groovy:37)
	at com.kms.katalon.core.webservice.keyword.builtin.VerifyResponseStatusCodeKeyword.execute(VerifyResponseStatusCodeKeyword.groovy:32)
	at com.kms.katalon.core.keyword.internal.KeywordExecutor.executeKeywordForPlatform(KeywordExecutor.groovy:53)
	at com.kms.katalon.core.webservice.keyword.WSBuiltInKeywords.verifyResponseStatusCode(WSBuiltInKeywords.groovy:212)
	at com.kms.katalon.core.webservice.keyword.WSBuiltInKeywords$verifyResponseStatusCode$0.call(Unknown Source)
	at Script1531748293831.run(Script1531748293831.groovy:63)
	at com.kms.katalon.core.main.ScriptEngine.run(ScriptEngine.java:183)
	at com.kms.katalon.core.main.ScriptEngine.runScriptAsRawText(ScriptEngine.java:108)
	at com.kms.katalon.core.main.TestCaseExecutor.runScript(TestCaseExecutor.java:294)
	at com.kms.katalon.core.main.TestCaseExecutor.doExecute(TestCaseExecutor.java:285)
	at com.kms.katalon.core.main.TestCaseExecutor.processExecutionPhase(TestCaseExecutor.java:264)
	at com.kms.katalon.core.main.TestCaseExecutor.accessMainPhase(TestCaseExecutor.java:256)
	at com.kms.katalon.core.main.TestCaseExecutor.execute(TestCaseExecutor.java:200)
	at com.kms.katalon.core.main.TestCaseMain.runTestCase(TestCaseMain.java:99)
	at com.kms.katalon.core.keyword.builtin.CallTestCaseKeyword$_callTestCase_closure1.doCall(CallTestCaseKeyword.groovy:60)
	at com.kms.katalon.core.keyword.builtin.CallTestCaseKeyword$_callTestCase_closure1.call(CallTestCaseKeyword.groovy)
	at com.kms.katalon.core.keyword.internal.KeywordMain.runKeyword(KeywordMain.groovy:54)
	at com.kms.katalon.core.keyword.builtin.CallTestCaseKeyword.callTestCase(CallTestCaseKeyword.groovy:81)
	at com.kms.katalon.core.keyword.builtin.CallTestCaseKeyword.execute(CallTestCaseKeyword.groovy:45)
	at com.kms.katalon.core.keyword.internal.KeywordExecutor.executeKeywordForPlatform(KeywordExecutor.groovy:53)
	at com.kms.katalon.core.keyword.BuiltinKeywords.callTestCase(BuiltinKeywords.groovy:334)
	at sun.reflect.GeneratedMethodAccessor17.invoke(Unknown Source)
	at sun.reflect.DelegatingMethodAccessorImpl.invoke(DelegatingMethodAccessorImpl.java:43)
	at java.lang.reflect.Method.invoke(Method.java:498)
	at org.codehaus.groovy.reflection.CachedMethod.invoke(CachedMethod.java:93)
	at groovy.lang.MetaMethod.doMethodInvoke(MetaMethod.java:325)
	at groovy.lang.MetaClassImpl.invokeStaticMethod(MetaClassImpl.java:1469)
	at org.codehaus.groovy.runtime.callsite.StaticMetaClassSite.call(StaticMetaClassSite.java:53)
	at org.codehaus.groovy.runtime.callsite.CallSiteArray.defaultCall(CallSiteArray.java:48)
	at org.codehaus.groovy.runtime.callsite.AbstractCallSite.call(AbstractCallSite.java:113)
	at org.codehaus.groovy.runtime.callsite.AbstractCallSite.call(AbstractCallSite.java:141)
	at Script1532612458022.run(Script1532612458022.groovy:47)
	at com.kms.katalon.core.main.ScriptEngine.run(ScriptEngine.java:183)
	at com.kms.katalon.core.main.ScriptEngine.runScriptAsRawText(ScriptEngine.java:108)
	at com.kms.katalon.core.main.TestCaseExecutor.runScript(TestCaseExecutor.java:294)
	at com.kms.katalon.core.main.TestCaseExecutor.doExecute(TestCaseExecutor.java:285)
	at com.kms.katalon.core.main.TestCaseExecutor.processExecutionPhase(TestCaseExecutor.java:264)
	at com.kms.katalon.core.main.TestCaseExecutor.accessMainPhase(TestCaseExecutor.java:256)
	at com.kms.katalon.core.main.TestCaseExecutor.execute(TestCaseExecutor.java:200)
	at com.kms.katalon.core.main.TestSuiteExecutor.accessTestCaseMainPhase(TestSuiteExecutor.java:129)
	at com.kms.katalon.core.main.TestSuiteExecutor.accessTestSuiteMainPhase(TestSuiteExecutor.java:112)
	at com.kms.katalon.core.main.TestSuiteExecutor.execute(TestSuiteExecutor.java:81)
	at com.kms.katalon.core.main.TestCaseMain.startTestSuite(TestCaseMain.java:142)
	at com.kms.katalon.core.main.TestCaseMain$startTestSuite$0.call(Unknown Source)
	at org.codehaus.groovy.runtime.callsite.CallSiteArray.defaultCall(CallSiteArray.java:48)
	at org.codehaus.groovy.runtime.callsite.AbstractCallSite.call(AbstractCallSite.java:113)
	at org.codehaus.groovy.runtime.callsite.AbstractCallSite.call(AbstractCallSite.java:141)
	at TempTestSuite1540807533822.run(TempTestSuite1540807533822.groovy:36)
	at groovy.lang.GroovyShell.runScriptOrMainOrTestOrRunnable(GroovyShell.java:263)
	at groovy.lang.GroovyShell.run(GroovyShell.java:518)
	at groovy.lang.GroovyShell.run(GroovyShell.java:507)
	at groovy.ui.GroovyMain.processOnce(GroovyMain.java:653)
	at groovy.ui.GroovyMain.run(GroovyMain.java:384)
	at groovy.ui.GroovyMain.process(GroovyMain.java:370)
	at groovy.ui.GroovyMain.processArgs(GroovyMain.java:129)
	at groovy.ui.GroovyMain.main(GroovyMain.java:109)
	at sun.reflect.NativeMethodAccessorImpl.invoke0(Native Method)
	at sun.reflect.NativeMethodAccessorImpl.invoke(NativeMethodAccessorImpl.java:62)
	at sun.reflect.DelegatingMethodAccessorImpl.invoke(DelegatingMethodAccessorImpl.java:43)
	at java.lang.reflect.Method.invoke(Method.java:498)
	at org.codehaus.groovy.tools.GroovyStarter.rootLoader(GroovyStarter.java:109)
	at org.codehaus.groovy.tools.GroovyStarter.main(GroovyStarter.java:131)
)]]></system-err>
      </testcase>
      <testcase name="Test Cases/TestCases/Social_SecurityAndRole_MOB-3489/TC-135428Verify the community owner can change his role himself in the community page" classname="Test Cases/TestCases/Social_SecurityAndRole_MOB-3489/TC-135428Verify the community owner can change his role himself in the community page" status="PASSED">
         <system-out><![CDATA[2018-10-29 15:40:11 - [TEST_CASE][PASSED] - Test Cases/TestCases/Social_SecurityAndRole_MOB-3489/TC-135428Verify the community owner can change his role himself in the community page: Test Cases/TestCases/Social_SecurityAndRole_MOB-3489/TC-135428Verify the community owner can change his role himself in the community page

2018-10-29 15:40:12 - [TEST_STEP][PASSED] - Statement - data = com.kms.katalon.core.testdata.TestDataFactory.findTestData(TestData): Reading CSV file with source file 'comma', separator 'containing header' and '{2}'

2018-10-29 15:40:12 - [TEST_STEP][PASSED] - Statement - response = com.kms.katalon.core.webui.keyword.WebUiBuiltInKeywords.callTestCase(com.kms.katalon.core.testcase.TestCaseFactory.findTestCase(Library/Community/Create Community), ["communityName":data.getValue("CommunityName", 33), "CommunityDesc":data.getValue("CommunityDesc", 33), "allowDiscussionBoards":true, ... ], STOP_ON_FAILURE): Call Test Case 'Test Cases/Library/Community/Create Community' successfully

2018-10-29 15:40:12 - [TEST_CASE][PASSED] - Test Cases/Library/Community/Create Community: Test Cases/Library/Community/Create Community

2018-10-29 15:40:12 - [TEST_STEP][PASSED] - Statement - request = com.kms.katalon.core.testobject.ObjectRepository.findTestObject(Community/POST Create Community, [host:internal.GlobalVariable.g_URL, CommunityName:((" + communityName) + "), CommunityDesc:((" + CommunityDesc) + "), allowDiscussionBoards:((" + allowDiscussionBoards) + "), ... ]): Finding Test Object with id 'Object Repository/Community/POST Create Community'

2018-10-29 15:40:12 - [TEST_STEP][PASSED] - Statement - request.setHttpHeaderProperties(CustomKeywords.requestHeaders.Headers.AddHeaders()): requestHeaders.Headers.AddHeaders is PASSED

2018-10-29 15:40:12 - [MESSAGE][PASSED] - requestHeaders.Headers.AddHeaders is PASSED

2018-10-29 15:40:12 - [TEST_STEP][PASSED] - Statement - response = com.kms.katalon.core.webservice.keyword.WSBuiltInKeywords.sendRequest(request): Send request successfully

2018-10-29 15:40:12 - [MESSAGE][PASSED] - Send request successfully

2018-10-29 15:40:12 - [TEST_STEP][PASSED] - verifyResponseStatusCode: Verify response status code successfully

2018-10-29 15:40:12 - [MESSAGE][PASSED] - Verify response status code successfully

2018-10-29 15:40:12 - [TEST_STEP][PASSED] - containsString: Check contain string successfully

2018-10-29 15:40:12 - [MESSAGE][PASSED] - Check contain string successfully

2018-10-29 15:40:12 - [TEST_STEP][PASSED] - Statement - return response: null

2018-10-29 15:40:12 - [MESSAGE][PASSED] - Call Test Case 'Test Cases/Library/Community/Create Community' successfully

2018-10-29 15:40:12 - [TEST_STEP][PASSED] - Statement - CommunityID = id: getAttributeValue.GetAttributeValue.GetAttribute is PASSED

2018-10-29 15:40:12 - [MESSAGE][PASSED] - getAttributeValue.GetAttributeValue.GetAttribute is PASSED

2018-10-29 15:40:12 - [TEST_STEP][PASSED] - Statement - res = com.kms.katalon.core.webui.keyword.WebUiBuiltInKeywords.callTestCase(com.kms.katalon.core.testcase.TestCaseFactory.findTestCase(Library/Community/Get Community details by ID), ["communityID":CommunityID], STOP_ON_FAILURE): Call Test Case 'Test Cases/Library/Community/Get Community details by ID' successfully

2018-10-29 15:40:12 - [TEST_CASE][PASSED] - Test Cases/Library/Community/Get Community details by ID: Test Cases/Library/Community/Get Community details by ID

2018-10-29 15:40:12 - [TEST_STEP][PASSED] - Statement - getCommunity = com.kms.katalon.core.testobject.ObjectRepository.findTestObject(Community/Get Community, [host:internal.GlobalVariable.g_URL, communityID:communityID]): Finding Test Object with id 'Object Repository/Community/Get Community'

2018-10-29 15:40:12 - [TEST_STEP][PASSED] - Statement - getCommunity.setHttpHeaderProperties(CustomKeywords.requestHeaders.Headers.AddHeaders()): requestHeaders.Headers.AddHeaders is PASSED

2018-10-29 15:40:12 - [MESSAGE][PASSED] - requestHeaders.Headers.AddHeaders is PASSED

2018-10-29 15:40:12 - [TEST_STEP][PASSED] - Statement - getResponse = com.kms.katalon.core.webservice.keyword.WSBuiltInKeywords.sendRequest(getCommunity): Send request successfully

2018-10-29 15:40:12 - [MESSAGE][PASSED] - Send request successfully

2018-10-29 15:40:12 - [TEST_STEP][PASSED] - verifyResponseStatusCode: Verify response status code successfully

2018-10-29 15:40:12 - [MESSAGE][PASSED] - Verify response status code successfully

2018-10-29 15:40:12 - [TEST_STEP][PASSED] - Statement - return getResponse: null

2018-10-29 15:40:12 - [MESSAGE][PASSED] - Call Test Case 'Test Cases/Library/Community/Get Community details by ID' successfully

2018-10-29 15:40:12 - [TEST_STEP][PASSED] - Statement - CommunityRole = userMembership: getAttributeValue.GetAttributeValue.GetAttribute is PASSED

2018-10-29 15:40:12 - [MESSAGE][PASSED] - getAttributeValue.GetAttributeValue.GetAttribute is PASSED

2018-10-29 15:40:12 - [TEST_STEP][PASSED] - Statement - firstIndex = CommunityRole.indexOf("role") + 5: null

2018-10-29 15:40:12 - [TEST_STEP][PASSED] - Statement - name = CommunityRole.substring(firstIndex): null

2018-10-29 15:40:12 - [TEST_STEP][PASSED] - Statement - lastIndex = name.indexOf(","): null

2018-10-29 15:40:12 - [TEST_STEP][PASSED] - Statement - finalString = name.substring(0, lastIndex): null

2018-10-29 15:40:12 - [TEST_STEP][PASSED] - Statement - If (finalString == "3"): null

2018-10-29 15:40:12 - [TEST_STEP][PASSED] - Statement - println("if conditions has to pass"): null]]></system-out>
         <system-err><![CDATA[]]></system-err>
      </testcase>
      <testcase name="Test Cases/TestCases/Social_SecurityAndRole_MOB-3489/TC-135438Verify Community Moderator is able to remove the members from the community" classname="Test Cases/TestCases/Social_SecurityAndRole_MOB-3489/TC-135438Verify Community Moderator is able to remove the members from the community" status="PASSED">
         <system-out><![CDATA[2018-10-29 15:40:12 - [TEST_CASE][PASSED] - Test Cases/TestCases/Social_SecurityAndRole_MOB-3489/TC-135438Verify Community Moderator is able to remove the members from the community: Test Cases/TestCases/Social_SecurityAndRole_MOB-3489/TC-135438Verify Community Moderator is able to remove the members from the community

2018-10-29 15:40:12 - [TEST_STEP][PASSED] - Statement - data = com.kms.katalon.core.testdata.TestDataFactory.findTestData(TestData): Reading CSV file with source file 'comma', separator 'containing header' and '{2}'

2018-10-29 15:40:12 - [TEST_STEP][PASSED] - Statement - personpk = data.getValue("LMUser", 34): null

2018-10-29 15:40:12 - [TEST_STEP][PASSED] - Statement - pk = "'" + personpk + "'": null

2018-10-29 15:40:12 - [TEST_STEP][PASSED] - Statement - userid = "": null

2018-10-29 15:40:12 - [TEST_STEP][PASSED] - Statement - response = com.kms.katalon.core.webui.keyword.WebUiBuiltInKeywords.callTestCase(com.kms.katalon.core.testcase.TestCaseFactory.findTestCase(Library/Community/Create Community), ["communityName":data.getValue("CommunityName", 34), "CommunityDesc":data.getValue("CommunityDesc", 34), "allowDiscussionBoards":true, ... ], STOP_ON_FAILURE): Call Test Case 'Test Cases/Library/Community/Create Community' successfully

2018-10-29 15:40:12 - [TEST_CASE][PASSED] - Test Cases/Library/Community/Create Community: Test Cases/Library/Community/Create Community

2018-10-29 15:40:12 - [TEST_STEP][PASSED] - Statement - request = com.kms.katalon.core.testobject.ObjectRepository.findTestObject(Community/POST Create Community, [host:internal.GlobalVariable.g_URL, CommunityName:((" + communityName) + "), CommunityDesc:((" + CommunityDesc) + "), allowDiscussionBoards:((" + allowDiscussionBoards) + "), ... ]): Finding Test Object with id 'Object Repository/Community/POST Create Community'

2018-10-29 15:40:12 - [TEST_STEP][PASSED] - Statement - request.setHttpHeaderProperties(CustomKeywords.requestHeaders.Headers.AddHeaders()): requestHeaders.Headers.AddHeaders is PASSED

2018-10-29 15:40:18 - [MESSAGE][PASSED] - requestHeaders.Headers.AddHeaders is PASSED

2018-10-29 15:40:18 - [TEST_STEP][PASSED] - Statement - response = com.kms.katalon.core.webservice.keyword.WSBuiltInKeywords.sendRequest(request): Send request successfully

2018-10-29 15:40:18 - [MESSAGE][PASSED] - Send request successfully

2018-10-29 15:40:18 - [TEST_STEP][PASSED] - verifyResponseStatusCode: Verify response status code successfully

2018-10-29 15:40:18 - [MESSAGE][PASSED] - Verify response status code successfully

2018-10-29 15:40:18 - [TEST_STEP][PASSED] - containsString: Check contain string successfully

2018-10-29 15:40:18 - [MESSAGE][PASSED] - Check contain string successfully

2018-10-29 15:40:18 - [TEST_STEP][PASSED] - Statement - return response: null

2018-10-29 15:40:18 - [MESSAGE][PASSED] - Call Test Case 'Test Cases/Library/Community/Create Community' successfully

2018-10-29 15:40:18 - [TEST_STEP][PASSED] - Statement - CommunityID = id: getAttributeValue.GetAttributeValue.GetAttribute is PASSED

2018-10-29 15:40:18 - [MESSAGE][PASSED] - getAttributeValue.GetAttributeValue.GetAttribute is PASSED

2018-10-29 15:40:18 - [TEST_STEP][PASSED] - Statement - addContributerResponse = com.kms.katalon.core.webui.keyword.WebUiBuiltInKeywords.callTestCase(com.kms.katalon.core.testcase.TestCaseFactory.findTestCase(Library/Community/Add a member to community), ["rating":"3", "userID":ContributerID, "userName":data.getValue("Contributer", 34), "communityID":CommunityID], STOP_ON_FAILURE): Call Test Case 'Test Cases/Library/Community/Add a member to community' successfully

2018-10-29 15:40:18 - [TEST_CASE][PASSED] - Test Cases/Library/Community/Add a member to community: Test Cases/Library/Community/Add a member to community

2018-10-29 15:40:18 - [TEST_STEP][PASSED] - Statement - request = com.kms.katalon.core.testobject.ObjectRepository.findTestObject(Object Repository/Community/Add a member to community, [host:internal.GlobalVariable.g_URL, CommunityID:communityID, rating:((" + rating) + "), userID:((" + userID) + "), userName:((" + userName) + ")]): Finding Test Object with id 'Object Repository/Community/Add a member to community'

2018-10-29 15:40:18 - [TEST_STEP][PASSED] - Statement - request.setHttpHeaderProperties(CustomKeywords.requestHeaders.Headers.AddHeaders()): requestHeaders.Headers.AddHeaders is PASSED

2018-10-29 15:40:18 - [MESSAGE][PASSED] - requestHeaders.Headers.AddHeaders is PASSED

2018-10-29 15:40:18 - [TEST_STEP][PASSED] - Statement - response = com.kms.katalon.core.webservice.keyword.WSBuiltInKeywords.sendRequest(request): Send request successfully

2018-10-29 15:40:18 - [MESSAGE][PASSED] - Send request successfully

2018-10-29 15:40:18 - [TEST_STEP][PASSED] - verifyResponseStatusCode: Verify response status code successfully

2018-10-29 15:40:18 - [MESSAGE][PASSED] - Verify response status code successfully

2018-10-29 15:40:18 - [TEST_STEP][PASSED] - Statement - return response: null

2018-10-29 15:40:18 - [MESSAGE][PASSED] - Call Test Case 'Test Cases/Library/Community/Add a member to community' successfully

2018-10-29 15:40:18 - [TEST_STEP][PASSED] - verifyResponseStatusCode: Verify response status code successfully

2018-10-29 15:40:18 - [MESSAGE][PASSED] - Verify response status code successfully

2018-10-29 15:40:18 - [TEST_STEP][PASSED] - Statement - addModeratorResposne = com.kms.katalon.core.webui.keyword.WebUiBuiltInKeywords.callTestCase(com.kms.katalon.core.testcase.TestCaseFactory.findTestCase(Library/Community/Add a member to community), ["rating":"2", "userID":g_NameTemp, "userName":data.getValue("Moderator", 34), "communityID":CommunityID], STOP_ON_FAILURE): Call Test Case 'Test Cases/Library/Community/Add a member to community' successfully

2018-10-29 15:40:18 - [TEST_CASE][PASSED] - Test Cases/Library/Community/Add a member to community: Test Cases/Library/Community/Add a member to community

2018-10-29 15:40:18 - [TEST_STEP][PASSED] - Statement - request = com.kms.katalon.core.testobject.ObjectRepository.findTestObject(Object Repository/Community/Add a member to community, [host:internal.GlobalVariable.g_URL, CommunityID:communityID, rating:((" + rating) + "), userID:((" + userID) + "), userName:((" + userName) + ")]): Finding Test Object with id 'Object Repository/Community/Add a member to community'

2018-10-29 15:40:18 - [TEST_STEP][PASSED] - Statement - request.setHttpHeaderProperties(CustomKeywords.requestHeaders.Headers.AddHeaders()): requestHeaders.Headers.AddHeaders is PASSED

2018-10-29 15:40:18 - [MESSAGE][PASSED] - requestHeaders.Headers.AddHeaders is PASSED

2018-10-29 15:40:18 - [TEST_STEP][PASSED] - Statement - response = com.kms.katalon.core.webservice.keyword.WSBuiltInKeywords.sendRequest(request): Send request successfully

2018-10-29 15:40:18 - [MESSAGE][PASSED] - Send request successfully

2018-10-29 15:40:18 - [TEST_STEP][PASSED] - verifyResponseStatusCode: Verify response status code successfully

2018-10-29 15:40:18 - [MESSAGE][PASSED] - Verify response status code successfully

2018-10-29 15:40:18 - [TEST_STEP][PASSED] - Statement - return response: null

2018-10-29 15:40:18 - [MESSAGE][PASSED] - Call Test Case 'Test Cases/Library/Community/Add a member to community' successfully

2018-10-29 15:40:18 - [TEST_STEP][PASSED] - verifyResponseStatusCode: Verify response status code successfully

2018-10-29 15:40:18 - [MESSAGE][PASSED] - Verify response status code successfully

2018-10-29 15:40:18 - [TEST_STEP][PASSED] - Statement - res = com.kms.katalon.core.webui.keyword.WebUiBuiltInKeywords.callTestCase(com.kms.katalon.core.testcase.TestCaseFactory.findTestCase(Library/Moderator/Remove member from community), ["communityID":CommunityID, "userid":ContributerID], STOP_ON_FAILURE): Call Test Case 'Test Cases/Library/Moderator/Remove member from community' successfully

2018-10-29 15:40:18 - [TEST_CASE][PASSED] - Test Cases/Library/Moderator/Remove member from community: Test Cases/Library/Moderator/Remove member from community

2018-10-29 15:40:18 - [TEST_STEP][PASSED] - Statement - request = com.kms.katalon.core.testobject.ObjectRepository.findTestObject(Object Repository/Community/Remove member from community, [host:internal.GlobalVariable.g_URL, CommunityID:communityID]): Finding Test Object with id 'Object Repository/Community/Remove member from community'

2018-10-29 15:40:18 - [TEST_STEP][PASSED] - Statement - request.setHttpHeaderProperties(CustomKeywords.requestHeaders.Headers.AddHeaders(g_ModeratorToken)): requestHeaders.Headers.AddHeaders is PASSED

2018-10-29 15:40:18 - [MESSAGE][PASSED] - requestHeaders.Headers.AddHeaders is PASSED

2018-10-29 15:40:18 - [TEST_STEP][PASSED] - Statement - reponse = <not implemented yet for class: org.codehaus.groovy.ast.expr.EmptyExpression>: null

2018-10-29 15:40:18 - [TEST_STEP][PASSED] - Statement - vsRequestBody = "": null

2018-10-29 15:40:18 - [TEST_STEP][PASSED] - Statement - vsRequestBody = request.getHttpBody(): null

2018-10-29 15:40:18 - [TEST_STEP][PASSED] - Statement - vsRequestBody = vsRequestBody.replace("${userID}", """ + userid + """): null

2018-10-29 15:40:18 - [TEST_STEP][PASSED] - Statement - request.setHttpBody(vsRequestBody): null

2018-10-29 15:40:18 - [TEST_STEP][PASSED] - Statement - response = com.kms.katalon.core.webservice.keyword.WSBuiltInKeywords.sendRequest(request): Send request successfully

2018-10-29 15:40:19 - [MESSAGE][PASSED] - Send request successfully

2018-10-29 15:40:19 - [TEST_STEP][PASSED] - verifyResponseStatusCode: Verify response status code successfully

2018-10-29 15:40:19 - [MESSAGE][PASSED] - Verify response status code successfully

2018-10-29 15:40:19 - [TEST_STEP][PASSED] - Statement - return response: null

2018-10-29 15:40:19 - [MESSAGE][PASSED] - Call Test Case 'Test Cases/Library/Moderator/Remove member from community' successfully

2018-10-29 15:40:19 - [TEST_STEP][PASSED] - verifyResponseStatusCode: Verify response status code successfully

2018-10-29 15:40:19 - [MESSAGE][PASSED] - Verify response status code successfully]]></system-out>
         <system-err><![CDATA[]]></system-err>
      </testcase>
      <testcase name="Test Cases/TestCases/Social_SecurityAndRole_MOB-3489/TC-135439Verify Community Moderator is able to modify the roles of the members of the community" classname="Test Cases/TestCases/Social_SecurityAndRole_MOB-3489/TC-135439Verify Community Moderator is able to modify the roles of the members of the community" status="PASSED">
         <system-out><![CDATA[2018-10-29 15:40:19 - [TEST_CASE][PASSED] - Test Cases/TestCases/Social_SecurityAndRole_MOB-3489/TC-135439Verify Community Moderator is able to modify the roles of the members of the community: Test Cases/TestCases/Social_SecurityAndRole_MOB-3489/TC-135439Verify Community Moderator is able to modify the roles of the members of the community

2018-10-29 15:40:19 - [TEST_STEP][PASSED] - Statement - data = com.kms.katalon.core.testdata.TestDataFactory.findTestData(TestData): Reading CSV file with source file 'comma', separator 'containing header' and '{2}'

2018-10-29 15:40:19 - [TEST_STEP][PASSED] - Statement - personpk = data.getValue("LMUser", 34): null

2018-10-29 15:40:19 - [TEST_STEP][PASSED] - Statement - pk = "'" + personpk + "'": null

2018-10-29 15:40:19 - [TEST_STEP][PASSED] - Statement - userid = "": null

2018-10-29 15:40:19 - [TEST_STEP][PASSED] - Statement - response = com.kms.katalon.core.webui.keyword.WebUiBuiltInKeywords.callTestCase(com.kms.katalon.core.testcase.TestCaseFactory.findTestCase(Library/Community/Create Community), ["communityName":data.getValue("CommunityName", 35), "CommunityDesc":data.getValue("CommunityDesc", 35), "allowDiscussionBoards":true, ... ], STOP_ON_FAILURE): Call Test Case 'Test Cases/Library/Community/Create Community' successfully

2018-10-29 15:40:19 - [TEST_CASE][PASSED] - Test Cases/Library/Community/Create Community: Test Cases/Library/Community/Create Community

2018-10-29 15:40:24 - [TEST_STEP][PASSED] - Statement - request = com.kms.katalon.core.testobject.ObjectRepository.findTestObject(Community/POST Create Community, [host:internal.GlobalVariable.g_URL, CommunityName:((" + communityName) + "), CommunityDesc:((" + CommunityDesc) + "), allowDiscussionBoards:((" + allowDiscussionBoards) + "), ... ]): Finding Test Object with id 'Object Repository/Community/POST Create Community'

2018-10-29 15:40:24 - [TEST_STEP][PASSED] - Statement - request.setHttpHeaderProperties(CustomKeywords.requestHeaders.Headers.AddHeaders()): requestHeaders.Headers.AddHeaders is PASSED

2018-10-29 15:40:24 - [MESSAGE][PASSED] - requestHeaders.Headers.AddHeaders is PASSED

2018-10-29 15:40:24 - [TEST_STEP][PASSED] - Statement - response = com.kms.katalon.core.webservice.keyword.WSBuiltInKeywords.sendRequest(request): Send request successfully

2018-10-29 15:40:24 - [MESSAGE][PASSED] - Send request successfully

2018-10-29 15:40:24 - [TEST_STEP][PASSED] - verifyResponseStatusCode: Verify response status code successfully

2018-10-29 15:40:24 - [MESSAGE][PASSED] - Verify response status code successfully

2018-10-29 15:40:24 - [TEST_STEP][PASSED] - containsString: Check contain string successfully

2018-10-29 15:40:24 - [MESSAGE][PASSED] - Check contain string successfully

2018-10-29 15:40:24 - [TEST_STEP][PASSED] - Statement - return response: null

2018-10-29 15:40:24 - [MESSAGE][PASSED] - Call Test Case 'Test Cases/Library/Community/Create Community' successfully

2018-10-29 15:40:24 - [TEST_STEP][PASSED] - Statement - CommunityID = id: getAttributeValue.GetAttributeValue.GetAttribute is PASSED

2018-10-29 15:40:24 - [MESSAGE][PASSED] - getAttributeValue.GetAttributeValue.GetAttribute is PASSED

2018-10-29 15:40:24 - [TEST_STEP][PASSED] - Statement - addContributerResponse = com.kms.katalon.core.webui.keyword.WebUiBuiltInKeywords.callTestCase(com.kms.katalon.core.testcase.TestCaseFactory.findTestCase(Library/Community/Add a member to community), ["rating":"3", "userID":ContributerID, "userName":data.getValue("Contributer", 35), "communityID":CommunityID], STOP_ON_FAILURE): Call Test Case 'Test Cases/Library/Community/Add a member to community' successfully

2018-10-29 15:40:24 - [TEST_CASE][PASSED] - Test Cases/Library/Community/Add a member to community: Test Cases/Library/Community/Add a member to community

2018-10-29 15:40:24 - [TEST_STEP][PASSED] - Statement - request = com.kms.katalon.core.testobject.ObjectRepository.findTestObject(Object Repository/Community/Add a member to community, [host:internal.GlobalVariable.g_URL, CommunityID:communityID, rating:((" + rating) + "), userID:((" + userID) + "), userName:((" + userName) + ")]): Finding Test Object with id 'Object Repository/Community/Add a member to community'

2018-10-29 15:40:24 - [TEST_STEP][PASSED] - Statement - request.setHttpHeaderProperties(CustomKeywords.requestHeaders.Headers.AddHeaders()): requestHeaders.Headers.AddHeaders is PASSED

2018-10-29 15:40:24 - [MESSAGE][PASSED] - requestHeaders.Headers.AddHeaders is PASSED

2018-10-29 15:40:24 - [TEST_STEP][PASSED] - Statement - response = com.kms.katalon.core.webservice.keyword.WSBuiltInKeywords.sendRequest(request): Send request successfully

2018-10-29 15:40:24 - [MESSAGE][PASSED] - Send request successfully

2018-10-29 15:40:24 - [TEST_STEP][PASSED] - verifyResponseStatusCode: Verify response status code successfully

2018-10-29 15:40:24 - [MESSAGE][PASSED] - Verify response status code successfully

2018-10-29 15:40:24 - [TEST_STEP][PASSED] - Statement - return response: null

2018-10-29 15:40:24 - [MESSAGE][PASSED] - Call Test Case 'Test Cases/Library/Community/Add a member to community' successfully

2018-10-29 15:40:24 - [TEST_STEP][PASSED] - verifyResponseStatusCode: Verify response status code successfully

2018-10-29 15:40:24 - [MESSAGE][PASSED] - Verify response status code successfully

2018-10-29 15:40:24 - [TEST_STEP][PASSED] - Statement - addModeratorResposne = com.kms.katalon.core.webui.keyword.WebUiBuiltInKeywords.callTestCase(com.kms.katalon.core.testcase.TestCaseFactory.findTestCase(Library/Community/Add a member to community), ["rating":"2", "userID":g_NameTemp, "userName":data.getValue("Moderator", 34), "communityID":CommunityID], STOP_ON_FAILURE): Call Test Case 'Test Cases/Library/Community/Add a member to community' successfully

2018-10-29 15:40:24 - [TEST_CASE][PASSED] - Test Cases/Library/Community/Add a member to community: Test Cases/Library/Community/Add a member to community

2018-10-29 15:40:24 - [TEST_STEP][PASSED] - Statement - request = com.kms.katalon.core.testobject.ObjectRepository.findTestObject(Object Repository/Community/Add a member to community, [host:internal.GlobalVariable.g_URL, CommunityID:communityID, rating:((" + rating) + "), userID:((" + userID) + "), userName:((" + userName) + ")]): Finding Test Object with id 'Object Repository/Community/Add a member to community'

2018-10-29 15:40:24 - [TEST_STEP][PASSED] - Statement - request.setHttpHeaderProperties(CustomKeywords.requestHeaders.Headers.AddHeaders()): requestHeaders.Headers.AddHeaders is PASSED

2018-10-29 15:40:24 - [MESSAGE][PASSED] - requestHeaders.Headers.AddHeaders is PASSED

2018-10-29 15:40:24 - [TEST_STEP][PASSED] - Statement - response = com.kms.katalon.core.webservice.keyword.WSBuiltInKeywords.sendRequest(request): Send request successfully

2018-10-29 15:40:24 - [MESSAGE][PASSED] - Send request successfully

2018-10-29 15:40:24 - [TEST_STEP][PASSED] - verifyResponseStatusCode: Verify response status code successfully

2018-10-29 15:40:24 - [MESSAGE][PASSED] - Verify response status code successfully

2018-10-29 15:40:24 - [TEST_STEP][PASSED] - Statement - return response: null

2018-10-29 15:40:24 - [MESSAGE][PASSED] - Call Test Case 'Test Cases/Library/Community/Add a member to community' successfully

2018-10-29 15:40:24 - [TEST_STEP][PASSED] - verifyResponseStatusCode: Verify response status code successfully

2018-10-29 15:40:24 - [MESSAGE][PASSED] - Verify response status code successfully

2018-10-29 15:40:24 - [TEST_STEP][PASSED] - Statement - res = com.kms.katalon.core.webui.keyword.WebUiBuiltInKeywords.callTestCase(com.kms.katalon.core.testcase.TestCaseFactory.findTestCase(Library/Moderator/Create or Update Rating), ["rating":"2", "userID":g_NameTemp, "communityID":CommunityID], STOP_ON_FAILURE): Call Test Case 'Test Cases/Library/Moderator/Create or Update Rating' successfully

2018-10-29 15:40:25 - [TEST_CASE][PASSED] - Test Cases/Library/Moderator/Create or Update Rating: Test Cases/Library/Moderator/Create or Update Rating

2018-10-29 15:40:25 - [TEST_STEP][PASSED] - Statement - request = com.kms.katalon.core.testobject.ObjectRepository.findTestObject(Object Repository/Community/Create or Update Rating, [host:internal.GlobalVariable.g_URL, communityID:communityID]): Finding Test Object with id 'Object Repository/Community/Create or Update Rating'

2018-10-29 15:40:25 - [TEST_STEP][PASSED] - Statement - request.setHttpHeaderProperties(CustomKeywords.requestHeaders.Headers.AddHeaders(g_ModeratorToken)): requestHeaders.Headers.AddHeaders is PASSED

2018-10-29 15:40:25 - [MESSAGE][PASSED] - requestHeaders.Headers.AddHeaders is PASSED

2018-10-29 15:40:25 - [TEST_STEP][PASSED] - Statement - reponse = <not implemented yet for class: org.codehaus.groovy.ast.expr.EmptyExpression>: null

2018-10-29 15:40:25 - [TEST_STEP][PASSED] - Statement - vsRequestBody = "": null

2018-10-29 15:40:25 - [TEST_STEP][PASSED] - Statement - vsRequestBody = request.getHttpBody(): null

2018-10-29 15:40:25 - [TEST_STEP][PASSED] - Statement - vsRequestBody = vsRequestBody.replace("${userID}", """ + userID + """): null

2018-10-29 15:40:25 - [TEST_STEP][PASSED] - Statement - vsRequestBody = vsRequestBody.replace("${CommunityID}", """ + communityID + """): null

2018-10-29 15:40:25 - [TEST_STEP][PASSED] - Statement - vsRequestBody = vsRequestBody.replace("${Rating}", """ + rating + """): null

2018-10-29 15:40:25 - [TEST_STEP][PASSED] - Statement - request.setHttpBody(vsRequestBody): null

2018-10-29 15:40:25 - [TEST_STEP][PASSED] - Statement - response = com.kms.katalon.core.webservice.keyword.WSBuiltInKeywords.sendRequest(request): Send request successfully

2018-10-29 15:40:25 - [MESSAGE][PASSED] - Send request successfully

2018-10-29 15:40:25 - [TEST_STEP][PASSED] - verifyResponseStatusCode: Verify response status code successfully

2018-10-29 15:40:25 - [MESSAGE][PASSED] - Verify response status code successfully

2018-10-29 15:40:25 - [TEST_STEP][PASSED] - Statement - return response: null

2018-10-29 15:40:25 - [MESSAGE][PASSED] - Call Test Case 'Test Cases/Library/Moderator/Create or Update Rating' successfully

2018-10-29 15:40:25 - [TEST_STEP][PASSED] - verifyResponseStatusCode: Verify response status code successfully

2018-10-29 15:40:25 - [MESSAGE][PASSED] - Verify response status code successfully]]></system-out>
         <system-err><![CDATA[]]></system-err>
      </testcase>
      <testcase name="Test Cases/TestCases/MD-2560 WithinCommunity_MOB-3486/TC_20061_TC-20060Check Rating provided on Community Page" classname="Test Cases/TestCases/MD-2560 WithinCommunity_MOB-3486/TC_20061_TC-20060Check Rating provided on Community Page" status="PASSED">
         <system-out><![CDATA[2018-10-29 15:40:25 - [TEST_CASE][PASSED] - Test Cases/TestCases/MD-2560 WithinCommunity_MOB-3486/TC_20061_TC-20060Check Rating provided on Community Page: Test Cases/TestCases/MD-2560 WithinCommunity_MOB-3486/TC_20061_TC-20060Check Rating provided on Community Page

2018-10-29 15:40:30 - [TEST_STEP][PASSED] - Statement - data = com.kms.katalon.core.testdata.TestDataFactory.findTestData(TestData): Reading CSV file with source file 'comma', separator 'containing header' and '{2}'

2018-10-29 15:40:30 - [TEST_STEP][PASSED] - Statement - response = com.kms.katalon.core.webui.keyword.WebUiBuiltInKeywords.callTestCase(com.kms.katalon.core.testcase.TestCaseFactory.findTestCase(Library/Community/Create Community), ["communityName":data.getValue("CommunityName", 20), "CommunityDesc":data.getValue("CommunityDesc", 20), "allowDiscussionBoards":true, ... ], STOP_ON_FAILURE): Call Test Case 'Test Cases/Library/Community/Create Community' successfully

2018-10-29 15:40:30 - [TEST_CASE][PASSED] - Test Cases/Library/Community/Create Community: Test Cases/Library/Community/Create Community

2018-10-29 15:40:30 - [TEST_STEP][PASSED] - Statement - request = com.kms.katalon.core.testobject.ObjectRepository.findTestObject(Community/POST Create Community, [host:internal.GlobalVariable.g_URL, CommunityName:((" + communityName) + "), CommunityDesc:((" + CommunityDesc) + "), allowDiscussionBoards:((" + allowDiscussionBoards) + "), ... ]): Finding Test Object with id 'Object Repository/Community/POST Create Community'

2018-10-29 15:40:30 - [TEST_STEP][PASSED] - Statement - request.setHttpHeaderProperties(CustomKeywords.requestHeaders.Headers.AddHeaders()): requestHeaders.Headers.AddHeaders is PASSED

2018-10-29 15:40:30 - [MESSAGE][PASSED] - requestHeaders.Headers.AddHeaders is PASSED

2018-10-29 15:40:30 - [TEST_STEP][PASSED] - Statement - response = com.kms.katalon.core.webservice.keyword.WSBuiltInKeywords.sendRequest(request): Send request successfully

2018-10-29 15:40:30 - [MESSAGE][PASSED] - Send request successfully

2018-10-29 15:40:30 - [TEST_STEP][PASSED] - verifyResponseStatusCode: Verify response status code successfully

2018-10-29 15:40:30 - [MESSAGE][PASSED] - Verify response status code successfully

2018-10-29 15:40:30 - [TEST_STEP][PASSED] - containsString: Check contain string successfully

2018-10-29 15:40:30 - [MESSAGE][PASSED] - Check contain string successfully

2018-10-29 15:40:30 - [TEST_STEP][PASSED] - Statement - return response: null

2018-10-29 15:40:30 - [MESSAGE][PASSED] - Call Test Case 'Test Cases/Library/Community/Create Community' successfully

2018-10-29 15:40:30 - [TEST_STEP][PASSED] - Statement - communityID = id: getAttributeValue.GetAttributeValue.GetAttribute is PASSED

2018-10-29 15:40:30 - [MESSAGE][PASSED] - getAttributeValue.GetAttributeValue.GetAttribute is PASSED

2018-10-29 15:40:30 - [TEST_STEP][PASSED] - Statement - response1 = com.kms.katalon.core.webui.keyword.WebUiBuiltInKeywords.callTestCase(com.kms.katalon.core.testcase.TestCaseFactory.findTestCase(Library/Community/Create or Update Rating), ["rating":"1", "userID":g_UserID, "communityID":communityID], STOP_ON_FAILURE): Call Test Case 'Test Cases/Library/Community/Create or Update Rating' successfully

2018-10-29 15:40:30 - [TEST_CASE][PASSED] - Test Cases/Library/Community/Create or Update Rating: Test Cases/Library/Community/Create or Update Rating

2018-10-29 15:40:30 - [TEST_STEP][PASSED] - Statement - request = com.kms.katalon.core.testobject.ObjectRepository.findTestObject(Object Repository/Community/Create or Update Rating, [host:internal.GlobalVariable.g_URL, communityID:communityID, userID:((" + userID) + "), CommunityID:((" + communityID) + "), ... ]): Finding Test Object with id 'Object Repository/Community/Create or Update Rating'

2018-10-29 15:40:30 - [TEST_STEP][PASSED] - Statement - request.setHttpHeaderProperties(CustomKeywords.requestHeaders.Headers.AddHeaders()): requestHeaders.Headers.AddHeaders is PASSED

2018-10-29 15:40:30 - [MESSAGE][PASSED] - requestHeaders.Headers.AddHeaders is PASSED

2018-10-29 15:40:30 - [TEST_STEP][PASSED] - Statement - reponse = <not implemented yet for class: org.codehaus.groovy.ast.expr.EmptyExpression>: null

2018-10-29 15:40:30 - [TEST_STEP][PASSED] - Statement - response = com.kms.katalon.core.webservice.keyword.WSBuiltInKeywords.sendRequest(request): Send request successfully

2018-10-29 15:40:30 - [MESSAGE][PASSED] - Send request successfully

2018-10-29 15:40:30 - [TEST_STEP][PASSED] - verifyResponseStatusCode: Verify response status code successfully

2018-10-29 15:40:30 - [MESSAGE][PASSED] - Verify response status code successfully

2018-10-29 15:40:30 - [TEST_STEP][PASSED] - Statement - return response: null

2018-10-29 15:40:30 - [MESSAGE][PASSED] - Call Test Case 'Test Cases/Library/Community/Create or Update Rating' successfully]]></system-out>
         <system-err><![CDATA[]]></system-err>
      </testcase>
      <testcase name="Test Cases/TestCases/Social_SecurityAndRole_MOB-3489/TC-135441Verify Community Moderator is able to create a discussion thread" classname="Test Cases/TestCases/Social_SecurityAndRole_MOB-3489/TC-135441Verify Community Moderator is able to create a discussion thread" status="PASSED">
         <system-out><![CDATA[2018-10-29 15:40:30 - [TEST_CASE][PASSED] - Test Cases/TestCases/Social_SecurityAndRole_MOB-3489/TC-135441Verify Community Moderator is able to create a discussion thread: Test Cases/TestCases/Social_SecurityAndRole_MOB-3489/TC-135441Verify Community Moderator is able to create a discussion thread

2018-10-29 15:40:30 - [TEST_STEP][PASSED] - Statement - data = com.kms.katalon.core.testdata.TestDataFactory.findTestData(TestData): Reading CSV file with source file 'comma', separator 'containing header' and '{2}'

2018-10-29 15:40:30 - [TEST_STEP][PASSED] - Statement - userName = "'" + data.getValue("Moderator", 38) + "'": null

2018-10-29 15:40:30 - [TEST_STEP][PASSED] - Statement - userid = "": null

2018-10-29 15:40:30 - [TEST_STEP][PASSED] - Statement - response1 = com.kms.katalon.core.webui.keyword.WebUiBuiltInKeywords.callTestCase(com.kms.katalon.core.testcase.TestCaseFactory.findTestCase(Library/Community/Add a member to community), ["rating":"2", "userID":g_NameTemp, "userName":data.getValue("Moderator", 38), "communityID":CommunityID], STOP_ON_FAILURE): Call Test Case 'Test Cases/Library/Community/Add a member to community' successfully

2018-10-29 15:40:30 - [TEST_CASE][PASSED] - Test Cases/Library/Community/Add a member to community: Test Cases/Library/Community/Add a member to community

2018-10-29 15:40:30 - [TEST_STEP][PASSED] - Statement - request = com.kms.katalon.core.testobject.ObjectRepository.findTestObject(Object Repository/Community/Add a member to community, [host:internal.GlobalVariable.g_URL, CommunityID:communityID, rating:((" + rating) + "), userID:((" + userID) + "), userName:((" + userName) + ")]): Finding Test Object with id 'Object Repository/Community/Add a member to community'

2018-10-29 15:40:30 - [TEST_STEP][PASSED] - Statement - request.setHttpHeaderProperties(CustomKeywords.requestHeaders.Headers.AddHeaders()): requestHeaders.Headers.AddHeaders is PASSED

2018-10-29 15:40:30 - [MESSAGE][PASSED] - requestHeaders.Headers.AddHeaders is PASSED

2018-10-29 15:40:30 - [TEST_STEP][PASSED] - Statement - response = com.kms.katalon.core.webservice.keyword.WSBuiltInKeywords.sendRequest(request): Send request successfully

2018-10-29 15:40:30 - [MESSAGE][PASSED] - Send request successfully

2018-10-29 15:40:30 - [TEST_STEP][PASSED] - verifyResponseStatusCode: Verify response status code successfully

2018-10-29 15:40:30 - [MESSAGE][PASSED] - Verify response status code successfully

2018-10-29 15:40:30 - [TEST_STEP][PASSED] - Statement - return response: null

2018-10-29 15:40:30 - [MESSAGE][PASSED] - Call Test Case 'Test Cases/Library/Community/Add a member to community' successfully

2018-10-29 15:40:30 - [TEST_STEP][PASSED] - verifyResponseStatusCode: Verify response status code successfully

2018-10-29 15:40:30 - [MESSAGE][PASSED] - Verify response status code successfully

2018-10-29 15:40:30 - [TEST_STEP][PASSED] - Statement - res = com.kms.katalon.core.webui.keyword.WebUiBuiltInKeywords.callTestCase(com.kms.katalon.core.testcase.TestCaseFactory.findTestCase(Library/Moderator/Create discussion under community), ["CommunityID":CommunityID, "DiscussionName":data.getValue("DiscussionName", 38), "DiscussionDesc":data.getValue("DiscussionDesc", 38)], STOP_ON_FAILURE): Call Test Case 'Test Cases/Library/Moderator/Create discussion under community' successfully

2018-10-29 15:40:30 - [TEST_CASE][PASSED] - Test Cases/Library/Moderator/Create discussion under community: Test Cases/Library/Moderator/Create discussion under community

2018-10-29 15:40:31 - [TEST_STEP][PASSED] - Statement - request = com.kms.katalon.core.testobject.ObjectRepository.findTestObject(Object Repository/Community/Create discussion under community, [host:internal.GlobalVariable.g_URL]): Finding Test Object with id 'Object Repository/Community/Create discussion under community'

2018-10-29 15:40:31 - [TEST_STEP][PASSED] - Statement - request.setHttpHeaderProperties(CustomKeywords.requestHeaders.Headers.AddHeaders(g_ModeratorToken)): requestHeaders.Headers.AddHeaders is PASSED

2018-10-29 15:40:31 - [MESSAGE][PASSED] - requestHeaders.Headers.AddHeaders is PASSED

2018-10-29 15:40:31 - [TEST_STEP][PASSED] - Statement - response = <not implemented yet for class: org.codehaus.groovy.ast.expr.EmptyExpression>: null

2018-10-29 15:40:31 - [TEST_STEP][PASSED] - Statement - vsRequestBody = "": null

2018-10-29 15:40:31 - [TEST_STEP][PASSED] - Statement - vsRequestBody = request.getHttpBody(): null

2018-10-29 15:40:32 - [TEST_STEP][PASSED] - Statement - vsRequestBody = vsRequestBody.replace("${CommunityID}", """ + CommunityID + """): null

2018-10-29 15:40:32 - [TEST_STEP][PASSED] - Statement - vsRequestBody = vsRequestBody.replace("${DiscussionName}", DiscussionName): null

2018-10-29 15:40:32 - [TEST_STEP][PASSED] - Statement - vsRequestBody = vsRequestBody.replace("${DiscussionDesc}", """ + DiscussionDesc + """): null

2018-10-29 15:40:32 - [TEST_STEP][PASSED] - Statement - request.setHttpBody(vsRequestBody): null

2018-10-29 15:40:32 - [TEST_STEP][PASSED] - Statement - response = com.kms.katalon.core.webservice.keyword.WSBuiltInKeywords.sendRequest(request): Send request successfully

2018-10-29 15:40:32 - [MESSAGE][PASSED] - Send request successfully

2018-10-29 15:40:32 - [TEST_STEP][PASSED] - verifyResponseStatusCode: Verify response status code successfully

2018-10-29 15:40:32 - [MESSAGE][PASSED] - Verify response status code successfully

2018-10-29 15:40:32 - [TEST_STEP][PASSED] - Statement - return response: null

2018-10-29 15:40:32 - [MESSAGE][PASSED] - Call Test Case 'Test Cases/Library/Moderator/Create discussion under community' successfully

2018-10-29 15:40:32 - [TEST_STEP][PASSED] - Statement - res3 = com.kms.katalon.core.webui.keyword.WebUiBuiltInKeywords.callTestCase(com.kms.katalon.core.testcase.TestCaseFactory.findTestCase(Library/Community/Get Discussions), ["CommunityID":CommunityID], STOP_ON_FAILURE): Call Test Case 'Test Cases/Library/Community/Get Discussions' successfully

2018-10-29 15:40:32 - [TEST_CASE][PASSED] - Test Cases/Library/Community/Get Discussions: Test Cases/Library/Community/Get Discussions

2018-10-29 15:40:32 - [TEST_STEP][PASSED] - Statement - request = com.kms.katalon.core.testobject.ObjectRepository.findTestObject(Object Repository/Community/Get Discussions, [host:internal.GlobalVariable.g_URL, CommunityID:CommunityID]): Finding Test Object with id 'Object Repository/Community/Get Discussions'

2018-10-29 15:40:32 - [TEST_STEP][PASSED] - Statement - request.setHttpHeaderProperties(CustomKeywords.requestHeaders.Headers.AddHeaders()): requestHeaders.Headers.AddHeaders is PASSED

2018-10-29 15:40:32 - [MESSAGE][PASSED] - requestHeaders.Headers.AddHeaders is PASSED

2018-10-29 15:40:32 - [TEST_STEP][PASSED] - Statement - response = com.kms.katalon.core.webservice.keyword.WSBuiltInKeywords.sendRequest(request): Send request successfully

2018-10-29 15:40:32 - [MESSAGE][PASSED] - Send request successfully

2018-10-29 15:40:32 - [TEST_STEP][PASSED] - Statement - return response: null

2018-10-29 15:40:32 - [MESSAGE][PASSED] - Call Test Case 'Test Cases/Library/Community/Get Discussions' successfully

2018-10-29 15:40:32 - [TEST_STEP][PASSED] - Statement - ResponseText = res3.getResponseText(): null

2018-10-29 15:40:32 - [TEST_STEP][PASSED] - Statement - id = ""id"": null

2018-10-29 15:40:32 - [TEST_STEP][PASSED] - Statement - firstIndex = ResponseText.indexOf(id) + id.length(): null

2018-10-29 15:40:32 - [TEST_STEP][PASSED] - Statement - name = ResponseText.substring(firstIndex): null

2018-10-29 15:40:32 - [TEST_STEP][PASSED] - Statement - lastIndex = name.indexOf(","): null

2018-10-29 15:40:32 - [TEST_STEP][PASSED] - Statement - Discussionid = name.substring(0, lastIndex).replace(""", "").replaceAll("[:]", "").trim(): null

2018-10-29 15:40:32 - [TEST_STEP][PASSED] - Statement - res2 = com.kms.katalon.core.webui.keyword.WebUiBuiltInKeywords.callTestCase(com.kms.katalon.core.testcase.TestCaseFactory.findTestCase(Library/Moderator/Create a discussion thread), ["DiscussionID":Discussionid, "Comment":data.getValue("Comment", 38)], STOP_ON_FAILURE): Call Test Case 'Test Cases/Library/Moderator/Create a discussion thread' successfully

2018-10-29 15:40:32 - [TEST_CASE][PASSED] - Test Cases/Library/Moderator/Create a discussion thread: Test Cases/Library/Moderator/Create a discussion thread

2018-10-29 15:40:33 - [TEST_STEP][PASSED] - Statement - request = com.kms.katalon.core.testobject.ObjectRepository.findTestObject(Object Repository/Community/Create a discussion thread, [host:internal.GlobalVariable.g_URL]): Finding Test Object with id 'Object Repository/Community/Create a discussion thread'

2018-10-29 15:40:33 - [TEST_STEP][PASSED] - Statement - request.setHttpHeaderProperties(CustomKeywords.requestHeaders.Headers.AddHeaders(g_ModeratorToken)): requestHeaders.Headers.AddHeaders is PASSED

2018-10-29 15:40:33 - [MESSAGE][PASSED] - requestHeaders.Headers.AddHeaders is PASSED

2018-10-29 15:40:33 - [TEST_STEP][PASSED] - Statement - response = <not implemented yet for class: org.codehaus.groovy.ast.expr.EmptyExpression>: null

2018-10-29 15:40:33 - [TEST_STEP][PASSED] - Statement - vsRequestBody = "": null

2018-10-29 15:40:33 - [TEST_STEP][PASSED] - Statement - vsRequestBody = request.getHttpBody(): null

2018-10-29 15:40:33 - [TEST_STEP][PASSED] - Statement - vsRequestBody = vsRequestBody.replace("${DiscussionID}", """ + DiscussionID + """): null

2018-10-29 15:40:33 - [TEST_STEP][PASSED] - Statement - request.setHttpBody(vsRequestBody): null

2018-10-29 15:40:33 - [TEST_STEP][PASSED] - Statement - response = com.kms.katalon.core.webservice.keyword.WSBuiltInKeywords.sendRequest(request): Send request successfully

2018-10-29 15:40:33 - [MESSAGE][PASSED] - Send request successfully

2018-10-29 15:40:33 - [TEST_STEP][PASSED] - verifyResponseStatusCode: Verify response status code successfully

2018-10-29 15:40:33 - [MESSAGE][PASSED] - Verify response status code successfully

2018-10-29 15:40:33 - [TEST_STEP][PASSED] - Statement - return response: null

2018-10-29 15:40:33 - [MESSAGE][PASSED] - Call Test Case 'Test Cases/Library/Moderator/Create a discussion thread' successfully

2018-10-29 15:40:33 - [TEST_STEP][PASSED] - verifyResponseStatusCode: Verify response status code successfully

2018-10-29 15:40:33 - [MESSAGE][PASSED] - Verify response status code successfully]]></system-out>
         <system-err><![CDATA[]]></system-err>
      </testcase>
      <testcase name="Test Cases/TestCases/Social_SecurityAndRole_MOB-3489/TC-135443Verify Community Moderator is able to view discussion thread in the community page" classname="Test Cases/TestCases/Social_SecurityAndRole_MOB-3489/TC-135443Verify Community Moderator is able to view discussion thread in the community page" status="PASSED">
         <system-out><![CDATA[2018-10-29 15:40:33 - [TEST_CASE][PASSED] - Test Cases/TestCases/Social_SecurityAndRole_MOB-3489/TC-135443Verify Community Moderator is able to view discussion thread in the community page: Test Cases/TestCases/Social_SecurityAndRole_MOB-3489/TC-135443Verify Community Moderator is able to view discussion thread in the community page

2018-10-29 15:40:33 - [TEST_STEP][PASSED] - Statement - data = com.kms.katalon.core.testdata.TestDataFactory.findTestData(TestData): Reading CSV file with source file 'comma', separator 'containing header' and '{2}'

2018-10-29 15:40:33 - [TEST_STEP][PASSED] - Statement - userName = "'" + data.getValue("Moderator", 38) + "'": null

2018-10-29 15:40:33 - [TEST_STEP][PASSED] - Statement - userid = "": null

2018-10-29 15:40:33 - [TEST_STEP][PASSED] - dbConnectionPackage.DBConnectionKeyword.CloseConnections: dbConnectionPackage.DBConnectionKeyword.CloseConnections is PASSED

2018-10-29 15:40:43 - [MESSAGE][PASSED] - Delayed 10 second(s)

2018-10-29 15:40:43 - [MESSAGE][PASSED] - dbConnectionPackage.DBConnectionKeyword.CloseConnections is PASSED

2018-10-29 15:40:43 - [TEST_STEP][PASSED] - Statement - response1 = com.kms.katalon.core.webui.keyword.WebUiBuiltInKeywords.callTestCase(com.kms.katalon.core.testcase.TestCaseFactory.findTestCase(Library/Community/Add a member to community), ["rating":"2", "userID":g_NameTemp, "userName":data.getValue("Moderator", 38), "communityID":CommunityID], STOP_ON_FAILURE): Call Test Case 'Test Cases/Library/Community/Add a member to community' successfully

2018-10-29 15:40:43 - [TEST_CASE][PASSED] - Test Cases/Library/Community/Add a member to community: Test Cases/Library/Community/Add a member to community

2018-10-29 15:40:43 - [TEST_STEP][PASSED] - Statement - request = com.kms.katalon.core.testobject.ObjectRepository.findTestObject(Object Repository/Community/Add a member to community, [host:internal.GlobalVariable.g_URL, CommunityID:communityID, rating:((" + rating) + "), userID:((" + userID) + "), userName:((" + userName) + ")]): Finding Test Object with id 'Object Repository/Community/Add a member to community'

2018-10-29 15:40:43 - [TEST_STEP][PASSED] - Statement - request.setHttpHeaderProperties(CustomKeywords.requestHeaders.Headers.AddHeaders()): requestHeaders.Headers.AddHeaders is PASSED

2018-10-29 15:40:43 - [MESSAGE][PASSED] - requestHeaders.Headers.AddHeaders is PASSED

2018-10-29 15:40:43 - [TEST_STEP][PASSED] - Statement - response = com.kms.katalon.core.webservice.keyword.WSBuiltInKeywords.sendRequest(request): Send request successfully

2018-10-29 15:40:43 - [MESSAGE][PASSED] - Send request successfully

2018-10-29 15:40:43 - [TEST_STEP][PASSED] - verifyResponseStatusCode: Verify response status code successfully

2018-10-29 15:40:43 - [MESSAGE][PASSED] - Verify response status code successfully

2018-10-29 15:40:43 - [TEST_STEP][PASSED] - Statement - return response: null

2018-10-29 15:40:43 - [MESSAGE][PASSED] - Call Test Case 'Test Cases/Library/Community/Add a member to community' successfully

2018-10-29 15:40:43 - [TEST_STEP][PASSED] - verifyResponseStatusCode: Verify response status code successfully

2018-10-29 15:40:43 - [MESSAGE][PASSED] - Verify response status code successfully

2018-10-29 15:40:43 - [TEST_STEP][PASSED] - Statement - responseDis = com.kms.katalon.core.webui.keyword.WebUiBuiltInKeywords.callTestCase(com.kms.katalon.core.testcase.TestCaseFactory.findTestCase(Library/Community/Create discussion under community), ["CommunityID":CommunityID, "DiscussionName":data.getValue("DiscussionName", 31), "DiscussionDesc":data.getValue("DiscussionDesc", 31)], STOP_ON_FAILURE): Call Test Case 'Test Cases/Library/Community/Create discussion under community' successfully

2018-10-29 15:40:43 - [TEST_CASE][PASSED] - Test Cases/Library/Community/Create discussion under community: Test Cases/Library/Community/Create discussion under community

2018-10-29 15:40:43 - [TEST_STEP][PASSED] - Statement - request = com.kms.katalon.core.testobject.ObjectRepository.findTestObject(Object Repository/Community/Create discussion under community, [host:internal.GlobalVariable.g_URL, CommunityID:((" + CommunityID) + "), DiscussionName:DiscussionName, DiscussionDesc:((" + DiscussionDesc) + ")]): Finding Test Object with id 'Object Repository/Community/Create discussion under community'

2018-10-29 15:40:43 - [TEST_STEP][PASSED] - Statement - request.setHttpHeaderProperties(CustomKeywords.requestHeaders.Headers.AddHeaders()): requestHeaders.Headers.AddHeaders is PASSED

2018-10-29 15:40:43 - [MESSAGE][PASSED] - requestHeaders.Headers.AddHeaders is PASSED

2018-10-29 15:40:43 - [TEST_STEP][PASSED] - Statement - response = <not implemented yet for class: org.codehaus.groovy.ast.expr.EmptyExpression>: null

2018-10-29 15:40:43 - [TEST_STEP][PASSED] - Statement - response = com.kms.katalon.core.webservice.keyword.WSBuiltInKeywords.sendRequest(request): Send request successfully

2018-10-29 15:40:43 - [MESSAGE][PASSED] - Send request successfully

2018-10-29 15:40:43 - [TEST_STEP][PASSED] - verifyResponseStatusCode: Verify response status code successfully

2018-10-29 15:40:43 - [MESSAGE][PASSED] - Verify response status code successfully

2018-10-29 15:40:43 - [TEST_STEP][PASSED] - Statement - return response: null

2018-10-29 15:40:43 - [MESSAGE][PASSED] - Call Test Case 'Test Cases/Library/Community/Create discussion under community' successfully

2018-10-29 15:40:43 - [TEST_STEP][PASSED] - Statement - res1 = com.kms.katalon.core.webui.keyword.WebUiBuiltInKeywords.callTestCase(com.kms.katalon.core.testcase.TestCaseFactory.findTestCase(Library/Community/Get Discussions), ["CommunityID":CommunityID], STOP_ON_FAILURE): Call Test Case 'Test Cases/Library/Community/Get Discussions' successfully

2018-10-29 15:40:43 - [TEST_CASE][PASSED] - Test Cases/Library/Community/Get Discussions: Test Cases/Library/Community/Get Discussions

2018-10-29 15:40:43 - [TEST_STEP][PASSED] - Statement - request = com.kms.katalon.core.testobject.ObjectRepository.findTestObject(Object Repository/Community/Get Discussions, [host:internal.GlobalVariable.g_URL, CommunityID:CommunityID]): Finding Test Object with id 'Object Repository/Community/Get Discussions'

2018-10-29 15:40:43 - [TEST_STEP][PASSED] - Statement - request.setHttpHeaderProperties(CustomKeywords.requestHeaders.Headers.AddHeaders()): requestHeaders.Headers.AddHeaders is PASSED

2018-10-29 15:40:43 - [MESSAGE][PASSED] - requestHeaders.Headers.AddHeaders is PASSED

2018-10-29 15:40:43 - [TEST_STEP][PASSED] - Statement - response = com.kms.katalon.core.webservice.keyword.WSBuiltInKeywords.sendRequest(request): Send request successfully

2018-10-29 15:40:43 - [MESSAGE][PASSED] - Send request successfully

2018-10-29 15:40:43 - [TEST_STEP][PASSED] - Statement - return response: null

2018-10-29 15:40:43 - [MESSAGE][PASSED] - Call Test Case 'Test Cases/Library/Community/Get Discussions' successfully

2018-10-29 15:40:43 - [TEST_STEP][PASSED] - Statement - DiscussionId = discussions: getAttributeValue.GetAttributeValue.GetAttribute is PASSED

2018-10-29 15:40:43 - [MESSAGE][PASSED] - getAttributeValue.GetAttributeValue.GetAttribute is PASSED

2018-10-29 15:40:43 - [TEST_STEP][PASSED] - Statement - ResponseText = res1.getResponseText(): null

2018-10-29 15:40:44 - [TEST_STEP][PASSED] - Statement - id = ""id"": null

2018-10-29 15:40:44 - [TEST_STEP][PASSED] - Statement - firstIndex = ResponseText.indexOf(id) + id.length(): null

2018-10-29 15:40:44 - [TEST_STEP][PASSED] - Statement - name = ResponseText.substring(firstIndex): null

2018-10-29 15:40:44 - [TEST_STEP][PASSED] - Statement - lastIndex = name.indexOf(","): null

2018-10-29 15:40:44 - [TEST_STEP][PASSED] - Statement - finalString = name.substring(0, lastIndex).replace(""", "").replaceAll("[:]", "").trim(): null

2018-10-29 15:40:44 - [TEST_STEP][PASSED] - Statement - disThread = com.kms.katalon.core.webui.keyword.WebUiBuiltInKeywords.callTestCase(com.kms.katalon.core.testcase.TestCaseFactory.findTestCase(Library/Community/Create a discussion thread), ["DiscussionID":finalString, "Comment":data.getValue("Comment", 31)], STOP_ON_FAILURE): Call Test Case 'Test Cases/Library/Community/Create a discussion thread' successfully

2018-10-29 15:40:44 - [TEST_CASE][PASSED] - Test Cases/Library/Community/Create a discussion thread: Test Cases/Library/Community/Create a discussion thread

2018-10-29 15:40:44 - [TEST_STEP][PASSED] - Statement - request = com.kms.katalon.core.testobject.ObjectRepository.findTestObject(Object Repository/Community/Create a discussion thread, [host:internal.GlobalVariable.g_URL, DiscussionID:((" + DiscussionID) + "), Comment:Comment]): Finding Test Object with id 'Object Repository/Community/Create a discussion thread'

2018-10-29 15:40:44 - [TEST_STEP][PASSED] - Statement - request.setHttpHeaderProperties(CustomKeywords.requestHeaders.Headers.AddHeaders()): requestHeaders.Headers.AddHeaders is PASSED

2018-10-29 15:40:44 - [MESSAGE][PASSED] - requestHeaders.Headers.AddHeaders is PASSED

2018-10-29 15:40:44 - [TEST_STEP][PASSED] - Statement - response = <not implemented yet for class: org.codehaus.groovy.ast.expr.EmptyExpression>: null

2018-10-29 15:40:44 - [TEST_STEP][PASSED] - Statement - response = com.kms.katalon.core.webservice.keyword.WSBuiltInKeywords.sendRequest(request): Send request successfully

2018-10-29 15:40:44 - [MESSAGE][PASSED] - Send request successfully

2018-10-29 15:40:44 - [TEST_STEP][PASSED] - verifyResponseStatusCode: Verify response status code successfully

2018-10-29 15:40:44 - [MESSAGE][PASSED] - Verify response status code successfully

2018-10-29 15:40:44 - [TEST_STEP][PASSED] - Statement - return response: null

2018-10-29 15:40:44 - [MESSAGE][PASSED] - Call Test Case 'Test Cases/Library/Community/Create a discussion thread' successfully

2018-10-29 15:40:44 - [TEST_STEP][PASSED] - verifyResponseStatusCode: Verify response status code successfully

2018-10-29 15:40:44 - [MESSAGE][PASSED] - Verify response status code successfully

2018-10-29 15:40:44 - [TEST_STEP][PASSED] - Statement - getallDis = com.kms.katalon.core.webui.keyword.WebUiBuiltInKeywords.callTestCase(com.kms.katalon.core.testcase.TestCaseFactory.findTestCase(Library/Moderator/Get Discussions), ["CommunityID":CommunityID], STOP_ON_FAILURE): Call Test Case 'Test Cases/Library/Moderator/Get Discussions' successfully

2018-10-29 15:40:44 - [TEST_CASE][PASSED] - Test Cases/Library/Moderator/Get Discussions: Test Cases/Library/Moderator/Get Discussions

2018-10-29 15:40:44 - [TEST_STEP][PASSED] - Statement - request = com.kms.katalon.core.testobject.ObjectRepository.findTestObject(Object Repository/Community/Get Discussions, [host:internal.GlobalVariable.g_URL, CommunityID:CommunityID]): Finding Test Object with id 'Object Repository/Community/Get Discussions'

2018-10-29 15:40:44 - [TEST_STEP][PASSED] - Statement - request.setHttpHeaderProperties(CustomKeywords.requestHeaders.Headers.AddHeaders(g_ModeratorToken)): requestHeaders.Headers.AddHeaders is PASSED

2018-10-29 15:40:44 - [MESSAGE][PASSED] - requestHeaders.Headers.AddHeaders is PASSED

2018-10-29 15:40:44 - [TEST_STEP][PASSED] - Statement - response = com.kms.katalon.core.webservice.keyword.WSBuiltInKeywords.sendRequest(request): Send request successfully

2018-10-29 15:40:44 - [MESSAGE][PASSED] - Send request successfully

2018-10-29 15:40:44 - [TEST_STEP][PASSED] - Statement - return response: null

2018-10-29 15:40:44 - [MESSAGE][PASSED] - Call Test Case 'Test Cases/Library/Moderator/Get Discussions' successfully

2018-10-29 15:40:44 - [TEST_STEP][PASSED] - containsString: Check contain string successfully

2018-10-29 15:40:44 - [MESSAGE][PASSED] - Check contain string successfully]]></system-out>
         <system-err><![CDATA[]]></system-err>
      </testcase>
      <testcase name="Test Cases/TestCases/Social_SecurityAndRole_MOB-3489/TC-135444Verify Community moderator is able to delete discussion thread which is created by self" classname="Test Cases/TestCases/Social_SecurityAndRole_MOB-3489/TC-135444Verify Community moderator is able to delete discussion thread which is created by self" status="PASSED">
         <system-out><![CDATA[2018-10-29 15:40:44 - [TEST_CASE][PASSED] - Test Cases/TestCases/Social_SecurityAndRole_MOB-3489/TC-135444Verify Community moderator is able to delete discussion thread which is created by self: Test Cases/TestCases/Social_SecurityAndRole_MOB-3489/TC-135444Verify Community moderator is able to delete discussion thread which is created by self

2018-10-29 15:40:44 - [TEST_STEP][PASSED] - Statement - data = com.kms.katalon.core.testdata.TestDataFactory.findTestData(TestData): Reading CSV file with source file 'comma', separator 'containing header' and '{2}'

2018-10-29 15:40:44 - [TEST_STEP][PASSED] - Statement - userName = "'" + data.getValue("Moderator", 38) + "'": null

2018-10-29 15:40:44 - [TEST_STEP][PASSED] - Statement - userid = "": null

2018-10-29 15:40:44 - [TEST_STEP][PASSED] - dbConnectionPackage.DBConnectionKeyword.CloseConnections: dbConnectionPackage.DBConnectionKeyword.CloseConnections is PASSED

2018-10-29 15:40:54 - [MESSAGE][PASSED] - Delayed 10 second(s)

2018-10-29 15:40:54 - [MESSAGE][PASSED] - dbConnectionPackage.DBConnectionKeyword.CloseConnections is PASSED

2018-10-29 15:40:54 - [TEST_STEP][PASSED] - Statement - response1 = com.kms.katalon.core.webui.keyword.WebUiBuiltInKeywords.callTestCase(com.kms.katalon.core.testcase.TestCaseFactory.findTestCase(Library/Community/Add a member to community), ["rating":"2", "userID":g_NameTemp, "userName":data.getValue("Moderator", 38), "communityID":CommunityID], STOP_ON_FAILURE): Call Test Case 'Test Cases/Library/Community/Add a member to community' successfully

2018-10-29 15:40:54 - [TEST_CASE][PASSED] - Test Cases/Library/Community/Add a member to community: Test Cases/Library/Community/Add a member to community

2018-10-29 15:40:54 - [TEST_STEP][PASSED] - Statement - request = com.kms.katalon.core.testobject.ObjectRepository.findTestObject(Object Repository/Community/Add a member to community, [host:internal.GlobalVariable.g_URL, CommunityID:communityID, rating:((" + rating) + "), userID:((" + userID) + "), userName:((" + userName) + ")]): Finding Test Object with id 'Object Repository/Community/Add a member to community'

2018-10-29 15:40:54 - [TEST_STEP][PASSED] - Statement - request.setHttpHeaderProperties(CustomKeywords.requestHeaders.Headers.AddHeaders()): requestHeaders.Headers.AddHeaders is PASSED

2018-10-29 15:40:54 - [MESSAGE][PASSED] - requestHeaders.Headers.AddHeaders is PASSED

2018-10-29 15:40:54 - [TEST_STEP][PASSED] - Statement - response = com.kms.katalon.core.webservice.keyword.WSBuiltInKeywords.sendRequest(request): Send request successfully

2018-10-29 15:40:55 - [MESSAGE][PASSED] - Send request successfully

2018-10-29 15:40:55 - [TEST_STEP][PASSED] - verifyResponseStatusCode: Verify response status code successfully

2018-10-29 15:40:55 - [MESSAGE][PASSED] - Verify response status code successfully

2018-10-29 15:40:55 - [TEST_STEP][PASSED] - Statement - return response: null

2018-10-29 15:40:55 - [MESSAGE][PASSED] - Call Test Case 'Test Cases/Library/Community/Add a member to community' successfully

2018-10-29 15:40:55 - [TEST_STEP][PASSED] - verifyResponseStatusCode: Verify response status code successfully

2018-10-29 15:40:55 - [MESSAGE][PASSED] - Verify response status code successfully

2018-10-29 15:40:55 - [TEST_STEP][PASSED] - Statement - createDis = com.kms.katalon.core.webui.keyword.WebUiBuiltInKeywords.callTestCase(com.kms.katalon.core.testcase.TestCaseFactory.findTestCase(Library/Community/Create discussion under community), ["CommunityID":CommunityID, "DiscussionName":data.getValue("DiscussionName", 38), "DiscussionDesc":data.getValue("DiscussionDesc", 38)], STOP_ON_FAILURE): Call Test Case 'Test Cases/Library/Community/Create discussion under community' successfully

2018-10-29 15:40:55 - [TEST_CASE][PASSED] - Test Cases/Library/Community/Create discussion under community: Test Cases/Library/Community/Create discussion under community

2018-10-29 15:40:55 - [TEST_STEP][PASSED] - Statement - request = com.kms.katalon.core.testobject.ObjectRepository.findTestObject(Object Repository/Community/Create discussion under community, [host:internal.GlobalVariable.g_URL, CommunityID:((" + CommunityID) + "), DiscussionName:DiscussionName, DiscussionDesc:((" + DiscussionDesc) + ")]): Finding Test Object with id 'Object Repository/Community/Create discussion under community'

2018-10-29 15:40:55 - [TEST_STEP][PASSED] - Statement - request.setHttpHeaderProperties(CustomKeywords.requestHeaders.Headers.AddHeaders()): requestHeaders.Headers.AddHeaders is PASSED

2018-10-29 15:40:55 - [MESSAGE][PASSED] - requestHeaders.Headers.AddHeaders is PASSED

2018-10-29 15:40:55 - [TEST_STEP][PASSED] - Statement - response = <not implemented yet for class: org.codehaus.groovy.ast.expr.EmptyExpression>: null

2018-10-29 15:40:55 - [TEST_STEP][PASSED] - Statement - response = com.kms.katalon.core.webservice.keyword.WSBuiltInKeywords.sendRequest(request): Send request successfully

2018-10-29 15:40:55 - [MESSAGE][PASSED] - Send request successfully

2018-10-29 15:40:55 - [TEST_STEP][PASSED] - verifyResponseStatusCode: Verify response status code successfully

2018-10-29 15:40:55 - [MESSAGE][PASSED] - Verify response status code successfully

2018-10-29 15:40:55 - [TEST_STEP][PASSED] - Statement - return response: null

2018-10-29 15:40:55 - [MESSAGE][PASSED] - Call Test Case 'Test Cases/Library/Community/Create discussion under community' successfully

2018-10-29 15:40:55 - [TEST_STEP][PASSED] - verifyResponseStatusCode: Verify response status code successfully

2018-10-29 15:40:55 - [MESSAGE][PASSED] - Verify response status code successfully

2018-10-29 15:40:55 - [TEST_STEP][PASSED] - Statement - res1 = com.kms.katalon.core.webui.keyword.WebUiBuiltInKeywords.callTestCase(com.kms.katalon.core.testcase.TestCaseFactory.findTestCase(Library/Community/Get Discussions), ["CommunityID":CommunityID], STOP_ON_FAILURE): Call Test Case 'Test Cases/Library/Community/Get Discussions' successfully

2018-10-29 15:40:55 - [TEST_CASE][PASSED] - Test Cases/Library/Community/Get Discussions: Test Cases/Library/Community/Get Discussions

2018-10-29 15:40:55 - [TEST_STEP][PASSED] - Statement - request = com.kms.katalon.core.testobject.ObjectRepository.findTestObject(Object Repository/Community/Get Discussions, [host:internal.GlobalVariable.g_URL, CommunityID:CommunityID]): Finding Test Object with id 'Object Repository/Community/Get Discussions'

2018-10-29 15:40:55 - [TEST_STEP][PASSED] - Statement - request.setHttpHeaderProperties(CustomKeywords.requestHeaders.Headers.AddHeaders()): requestHeaders.Headers.AddHeaders is PASSED

2018-10-29 15:40:55 - [MESSAGE][PASSED] - requestHeaders.Headers.AddHeaders is PASSED

2018-10-29 15:40:55 - [TEST_STEP][PASSED] - Statement - response = com.kms.katalon.core.webservice.keyword.WSBuiltInKeywords.sendRequest(request): Send request successfully

2018-10-29 15:40:55 - [MESSAGE][PASSED] - Send request successfully

2018-10-29 15:40:55 - [TEST_STEP][PASSED] - Statement - return response: null

2018-10-29 15:40:55 - [MESSAGE][PASSED] - Call Test Case 'Test Cases/Library/Community/Get Discussions' successfully

2018-10-29 15:40:55 - [TEST_STEP][PASSED] - Statement - DiscussionId = discussions: getAttributeValue.GetAttributeValue.GetAttribute is PASSED

2018-10-29 15:40:55 - [MESSAGE][PASSED] - getAttributeValue.GetAttributeValue.GetAttribute is PASSED

2018-10-29 15:40:55 - [TEST_STEP][PASSED] - Statement - ResponseText = res1.getResponseText(): null

2018-10-29 15:40:55 - [TEST_STEP][PASSED] - Statement - id = ""id"": null

2018-10-29 15:40:55 - [TEST_STEP][PASSED] - Statement - firstIndex = ResponseText.indexOf(id) + id.length(): null

2018-10-29 15:40:55 - [TEST_STEP][PASSED] - Statement - name = ResponseText.substring(firstIndex): null

2018-10-29 15:40:55 - [TEST_STEP][PASSED] - Statement - lastIndex = name.indexOf(","): null

2018-10-29 15:40:55 - [TEST_STEP][PASSED] - Statement - finalString = name.substring(0, lastIndex).replace(""", "").replaceAll("[:]", "").trim(): null

2018-10-29 15:40:55 - [TEST_STEP][PASSED] - Statement - disThread = com.kms.katalon.core.webui.keyword.WebUiBuiltInKeywords.callTestCase(com.kms.katalon.core.testcase.TestCaseFactory.findTestCase(Library/Community/Create a discussion thread), ["DiscussionID":finalString, "Comment":data.getValue("Comment", 38)], STOP_ON_FAILURE): Call Test Case 'Test Cases/Library/Community/Create a discussion thread' successfully

2018-10-29 15:40:55 - [TEST_CASE][PASSED] - Test Cases/Library/Community/Create a discussion thread: Test Cases/Library/Community/Create a discussion thread

2018-10-29 15:40:55 - [TEST_STEP][PASSED] - Statement - request = com.kms.katalon.core.testobject.ObjectRepository.findTestObject(Object Repository/Community/Create a discussion thread, [host:internal.GlobalVariable.g_URL, DiscussionID:((" + DiscussionID) + "), Comment:Comment]): Finding Test Object with id 'Object Repository/Community/Create a discussion thread'

2018-10-29 15:40:55 - [TEST_STEP][PASSED] - Statement - request.setHttpHeaderProperties(CustomKeywords.requestHeaders.Headers.AddHeaders()): requestHeaders.Headers.AddHeaders is PASSED

2018-10-29 15:40:55 - [MESSAGE][PASSED] - requestHeaders.Headers.AddHeaders is PASSED

2018-10-29 15:40:55 - [TEST_STEP][PASSED] - Statement - response = <not implemented yet for class: org.codehaus.groovy.ast.expr.EmptyExpression>: null

2018-10-29 15:40:55 - [TEST_STEP][PASSED] - Statement - response = com.kms.katalon.core.webservice.keyword.WSBuiltInKeywords.sendRequest(request): Send request successfully

2018-10-29 15:40:55 - [MESSAGE][PASSED] - Send request successfully

2018-10-29 15:40:55 - [TEST_STEP][PASSED] - verifyResponseStatusCode: Verify response status code successfully

2018-10-29 15:40:55 - [MESSAGE][PASSED] - Verify response status code successfully

2018-10-29 15:40:55 - [TEST_STEP][PASSED] - Statement - return response: null

2018-10-29 15:40:55 - [MESSAGE][PASSED] - Call Test Case 'Test Cases/Library/Community/Create a discussion thread' successfully

2018-10-29 15:40:55 - [TEST_STEP][PASSED] - verifyResponseStatusCode: Verify response status code successfully

2018-10-29 15:40:55 - [MESSAGE][PASSED] - Verify response status code successfully

2018-10-29 15:40:55 - [TEST_STEP][PASSED] - Statement - deleteDiss = com.kms.katalon.core.webui.keyword.WebUiBuiltInKeywords.callTestCase(com.kms.katalon.core.testcase.TestCaseFactory.findTestCase(Library/Moderator/Delete Discussion Thread), ["DiscussionID":finalString], STOP_ON_FAILURE): Call Test Case 'Test Cases/Library/Moderator/Delete Discussion Thread' successfully

2018-10-29 15:40:55 - [TEST_CASE][PASSED] - Test Cases/Library/Moderator/Delete Discussion Thread: Test Cases/Library/Moderator/Delete Discussion Thread

2018-10-29 15:40:55 - [TEST_STEP][PASSED] - Statement - request = com.kms.katalon.core.testobject.ObjectRepository.findTestObject(Object Repository/Community/Delete Discussion Thread, [host:internal.GlobalVariable.g_URL, DiscussionID:DiscussionID]): Finding Test Object with id 'Object Repository/Community/Delete Discussion Thread'

2018-10-29 15:40:55 - [TEST_STEP][PASSED] - Statement - request.setHttpHeaderProperties(CustomKeywords.requestHeaders.Headers.AddHeaders(g_ModeratorToken)): requestHeaders.Headers.AddHeaders is PASSED

2018-10-29 15:40:55 - [MESSAGE][PASSED] - requestHeaders.Headers.AddHeaders is PASSED

2018-10-29 15:40:55 - [TEST_STEP][PASSED] - Statement - response = com.kms.katalon.core.webservice.keyword.WSBuiltInKeywords.sendRequest(request): Send request successfully

2018-10-29 15:40:55 - [MESSAGE][PASSED] - Send request successfully

2018-10-29 15:40:55 - [TEST_STEP][PASSED] - verifyResponseStatusCode: Verify response status code successfully

2018-10-29 15:40:55 - [MESSAGE][PASSED] - Verify response status code successfully

2018-10-29 15:40:55 - [TEST_STEP][PASSED] - Statement - return response: null

2018-10-29 15:40:55 - [MESSAGE][PASSED] - Call Test Case 'Test Cases/Library/Moderator/Delete Discussion Thread' successfully

2018-10-29 15:40:55 - [TEST_STEP][PASSED] - verifyResponseStatusCode: Verify response status code successfully

2018-10-29 15:40:55 - [MESSAGE][PASSED] - Verify response status code successfully]]></system-out>
         <system-err><![CDATA[]]></system-err>
      </testcase>
      <testcase name="Test Cases/TestCases/Social_SecurityAndRole_MOB-3489/TC-135463Verify Community Moderator is able to provide rating to the community" classname="Test Cases/TestCases/Social_SecurityAndRole_MOB-3489/TC-135463Verify Community Moderator is able to provide rating to the community" status="PASSED">
         <system-out><![CDATA[2018-10-29 15:40:55 - [TEST_CASE][PASSED] - Test Cases/TestCases/Social_SecurityAndRole_MOB-3489/TC-135463Verify Community Moderator is able to provide rating to the community: Test Cases/TestCases/Social_SecurityAndRole_MOB-3489/TC-135463Verify Community Moderator is able to provide rating to the community

2018-10-29 15:40:56 - [TEST_STEP][PASSED] - Statement - data = com.kms.katalon.core.testdata.TestDataFactory.findTestData(TestData): Reading CSV file with source file 'comma', separator 'containing header' and '{2}'

2018-10-29 15:40:56 - [TEST_STEP][PASSED] - callTestCase: Call Test Case 'Test Cases/Library/Community/Add a member to community' successfully

2018-10-29 15:40:56 - [TEST_CASE][PASSED] - Test Cases/Library/Community/Add a member to community: Test Cases/Library/Community/Add a member to community

2018-10-29 15:40:56 - [TEST_STEP][PASSED] - Statement - request = com.kms.katalon.core.testobject.ObjectRepository.findTestObject(Object Repository/Community/Add a member to community, [host:internal.GlobalVariable.g_URL, CommunityID:communityID, rating:((" + rating) + "), userID:((" + userID) + "), userName:((" + userName) + ")]): Finding Test Object with id 'Object Repository/Community/Add a member to community'

2018-10-29 15:40:56 - [TEST_STEP][PASSED] - Statement - request.setHttpHeaderProperties(CustomKeywords.requestHeaders.Headers.AddHeaders()): requestHeaders.Headers.AddHeaders is PASSED

2018-10-29 15:40:56 - [MESSAGE][PASSED] - requestHeaders.Headers.AddHeaders is PASSED

2018-10-29 15:40:56 - [TEST_STEP][PASSED] - Statement - response = com.kms.katalon.core.webservice.keyword.WSBuiltInKeywords.sendRequest(request): Send request successfully

2018-10-29 15:40:56 - [MESSAGE][PASSED] - Send request successfully

2018-10-29 15:40:56 - [TEST_STEP][PASSED] - verifyResponseStatusCode: Verify response status code successfully

2018-10-29 15:40:56 - [MESSAGE][PASSED] - Verify response status code successfully

2018-10-29 15:40:56 - [TEST_STEP][PASSED] - Statement - return response: null

2018-10-29 15:40:56 - [MESSAGE][PASSED] - Call Test Case 'Test Cases/Library/Community/Add a member to community' successfully

2018-10-29 15:40:56 - [TEST_STEP][PASSED] - Statement - response1 = com.kms.katalon.core.webui.keyword.WebUiBuiltInKeywords.callTestCase(com.kms.katalon.core.testcase.TestCaseFactory.findTestCase(Library/Moderator/Create or Update Rating), ["rating":"5", "userID":g_NameTemp, "communityID":CommunityID], STOP_ON_FAILURE): Call Test Case 'Test Cases/Library/Moderator/Create or Update Rating' successfully

2018-10-29 15:40:56 - [TEST_CASE][PASSED] - Test Cases/Library/Moderator/Create or Update Rating: Test Cases/Library/Moderator/Create or Update Rating

2018-10-29 15:40:56 - [TEST_STEP][PASSED] - Statement - request = com.kms.katalon.core.testobject.ObjectRepository.findTestObject(Object Repository/Community/Create or Update Rating, [host:internal.GlobalVariable.g_URL, communityID:communityID]): Finding Test Object with id 'Object Repository/Community/Create or Update Rating'

2018-10-29 15:40:56 - [TEST_STEP][PASSED] - Statement - request.setHttpHeaderProperties(CustomKeywords.requestHeaders.Headers.AddHeaders(g_ModeratorToken)): requestHeaders.Headers.AddHeaders is PASSED

2018-10-29 15:40:56 - [MESSAGE][PASSED] - requestHeaders.Headers.AddHeaders is PASSED

2018-10-29 15:40:56 - [TEST_STEP][PASSED] - Statement - reponse = <not implemented yet for class: org.codehaus.groovy.ast.expr.EmptyExpression>: null

2018-10-29 15:40:56 - [TEST_STEP][PASSED] - Statement - vsRequestBody = "": null

2018-10-29 15:40:56 - [TEST_STEP][PASSED] - Statement - vsRequestBody = request.getHttpBody(): null

2018-10-29 15:40:56 - [TEST_STEP][PASSED] - Statement - vsRequestBody = vsRequestBody.replace("${userID}", """ + userID + """): null

2018-10-29 15:40:56 - [TEST_STEP][PASSED] - Statement - vsRequestBody = vsRequestBody.replace("${CommunityID}", """ + communityID + """): null

2018-10-29 15:40:56 - [TEST_STEP][PASSED] - Statement - vsRequestBody = vsRequestBody.replace("${Rating}", """ + rating + """): null

2018-10-29 15:40:56 - [TEST_STEP][PASSED] - Statement - request.setHttpBody(vsRequestBody): null

2018-10-29 15:40:56 - [TEST_STEP][PASSED] - Statement - response = com.kms.katalon.core.webservice.keyword.WSBuiltInKeywords.sendRequest(request): Send request successfully

2018-10-29 15:40:56 - [MESSAGE][PASSED] - Send request successfully

2018-10-29 15:40:56 - [TEST_STEP][PASSED] - verifyResponseStatusCode: Verify response status code successfully

2018-10-29 15:40:56 - [MESSAGE][PASSED] - Verify response status code successfully

2018-10-29 15:40:56 - [TEST_STEP][PASSED] - Statement - return response: null

2018-10-29 15:40:56 - [MESSAGE][PASSED] - Call Test Case 'Test Cases/Library/Moderator/Create or Update Rating' successfully

2018-10-29 15:40:56 - [TEST_STEP][PASSED] - verifyResponseStatusCode: Verify response status code successfully

2018-10-29 15:40:56 - [MESSAGE][PASSED] - Verify response status code successfully

2018-10-29 15:40:56 - [TEST_STEP][PASSED] - Statement - com = com.kms.katalon.core.webui.keyword.WebUiBuiltInKeywords.callTestCase(com.kms.katalon.core.testcase.TestCaseFactory.findTestCase(Library/Moderator/Get Community details by ID), ["communityID":CommunityID], STOP_ON_FAILURE): Call Test Case 'Test Cases/Library/Moderator/Get Community details by ID' successfully

2018-10-29 15:40:56 - [TEST_CASE][PASSED] - Test Cases/Library/Moderator/Get Community details by ID: Test Cases/Library/Moderator/Get Community details by ID

2018-10-29 15:40:56 - [TEST_STEP][PASSED] - Statement - getCommunity = com.kms.katalon.core.testobject.ObjectRepository.findTestObject(Community/Get Community, [host:internal.GlobalVariable.g_URL, communityID:communityID]): Finding Test Object with id 'Object Repository/Community/Get Community'

2018-10-29 15:40:56 - [TEST_STEP][PASSED] - Statement - getCommunity.setHttpHeaderProperties(CustomKeywords.requestHeaders.Headers.AddHeaders(g_ModeratorToken)): requestHeaders.Headers.AddHeaders is PASSED

2018-10-29 15:40:56 - [MESSAGE][PASSED] - requestHeaders.Headers.AddHeaders is PASSED

2018-10-29 15:40:56 - [TEST_STEP][PASSED] - Statement - getResponse = com.kms.katalon.core.webservice.keyword.WSBuiltInKeywords.sendRequest(getCommunity): Send request successfully

2018-10-29 15:40:56 - [MESSAGE][PASSED] - Send request successfully

2018-10-29 15:40:56 - [TEST_STEP][PASSED] - verifyResponseStatusCode: Verify response status code successfully

2018-10-29 15:40:56 - [MESSAGE][PASSED] - Verify response status code successfully

2018-10-29 15:40:56 - [TEST_STEP][PASSED] - Statement - return getResponse: null

2018-10-29 15:40:56 - [MESSAGE][PASSED] - Call Test Case 'Test Cases/Library/Moderator/Get Community details by ID' successfully

2018-10-29 15:40:56 - [TEST_STEP][PASSED] - Statement - getRating = avgRating: getAttributeValue.GetAttributeValue.GetAttribute is PASSED

2018-10-29 15:40:56 - [MESSAGE][PASSED] - getAttributeValue.GetAttributeValue.GetAttribute is PASSED

2018-10-29 15:40:56 - [TEST_STEP][PASSED] - Statement - rating = java.lang.Math.round(getRating): null

2018-10-29 15:40:56 - [TEST_STEP][PASSED] - Statement - If (rating == "5"): null

2018-10-29 15:40:56 - [TEST_STEP][PASSED] - Statement - Else If (!(rating) == "5"): null

2018-10-29 15:40:56 - [TEST_STEP][PASSED] - Statement - Else: null

2018-10-29 15:40:56 - [TEST_STEP][PASSED] - Statement - println("if conditions shold not execute"): null]]></system-out>
         <system-err><![CDATA[]]></system-err>
      </testcase>
      <testcase name="Test Cases/TestCases/Social_SecurityAndRole_MOB-3489/TC-135477Verify non member of a public community can provide rating to the community" classname="Test Cases/TestCases/Social_SecurityAndRole_MOB-3489/TC-135477Verify non member of a public community can provide rating to the community" status="PASSED">
         <system-out><![CDATA[2018-10-29 15:40:56 - [TEST_CASE][PASSED] - Test Cases/TestCases/Social_SecurityAndRole_MOB-3489/TC-135477Verify non member of a public community can provide rating to the community: Test Cases/TestCases/Social_SecurityAndRole_MOB-3489/TC-135477Verify non member of a public community can provide rating to the community

2018-10-29 15:40:57 - [TEST_STEP][PASSED] - Statement - data = com.kms.katalon.core.testdata.TestDataFactory.findTestData(TestData): Reading CSV file with source file 'comma', separator 'containing header' and '{2}'

2018-10-29 15:40:57 - [TEST_STEP][PASSED] - Statement - response = com.kms.katalon.core.webui.keyword.WebUiBuiltInKeywords.callTestCase(com.kms.katalon.core.testcase.TestCaseFactory.findTestCase(Library/Community/Create Community), ["communityName":data.getValue("CommunityName", 40), "CommunityDesc":data.getValue("CommunityDesc", 40), "allowDiscussionBoards":true, ... ], STOP_ON_FAILURE): Call Test Case 'Test Cases/Library/Community/Create Community' successfully

2018-10-29 15:40:57 - [TEST_CASE][PASSED] - Test Cases/Library/Community/Create Community: Test Cases/Library/Community/Create Community

2018-10-29 15:40:57 - [TEST_STEP][PASSED] - Statement - request = com.kms.katalon.core.testobject.ObjectRepository.findTestObject(Community/POST Create Community, [host:internal.GlobalVariable.g_URL, CommunityName:((" + communityName) + "), CommunityDesc:((" + CommunityDesc) + "), allowDiscussionBoards:((" + allowDiscussionBoards) + "), ... ]): Finding Test Object with id 'Object Repository/Community/POST Create Community'

2018-10-29 15:40:57 - [TEST_STEP][PASSED] - Statement - request.setHttpHeaderProperties(CustomKeywords.requestHeaders.Headers.AddHeaders()): requestHeaders.Headers.AddHeaders is PASSED

2018-10-29 15:40:57 - [MESSAGE][PASSED] - requestHeaders.Headers.AddHeaders is PASSED

2018-10-29 15:40:57 - [TEST_STEP][PASSED] - Statement - response = com.kms.katalon.core.webservice.keyword.WSBuiltInKeywords.sendRequest(request): Send request successfully

2018-10-29 15:40:57 - [MESSAGE][PASSED] - Send request successfully

2018-10-29 15:40:57 - [TEST_STEP][PASSED] - verifyResponseStatusCode: Verify response status code successfully

2018-10-29 15:40:57 - [MESSAGE][PASSED] - Verify response status code successfully

2018-10-29 15:40:57 - [TEST_STEP][PASSED] - containsString: Check contain string successfully

2018-10-29 15:40:57 - [MESSAGE][PASSED] - Check contain string successfully

2018-10-29 15:40:57 - [TEST_STEP][PASSED] - Statement - return response: null

2018-10-29 15:40:57 - [MESSAGE][PASSED] - Call Test Case 'Test Cases/Library/Community/Create Community' successfully

2018-10-29 15:40:57 - [TEST_STEP][PASSED] - Statement - CommunityID = id: getAttributeValue.GetAttributeValue.GetAttribute is PASSED

2018-10-29 15:40:57 - [MESSAGE][PASSED] - getAttributeValue.GetAttributeValue.GetAttribute is PASSED

2018-10-29 15:40:57 - [TEST_STEP][PASSED] - Statement - res = com.kms.katalon.core.webui.keyword.WebUiBuiltInKeywords.callTestCase(com.kms.katalon.core.testcase.TestCaseFactory.findTestCase(Library/Moderator/Create or Update Rating), ["rating":"4", "userID":g_NameTemp, "communityID":CommunityID], STOP_ON_FAILURE): Call Test Case 'Test Cases/Library/Moderator/Create or Update Rating' successfully

2018-10-29 15:40:57 - [TEST_CASE][PASSED] - Test Cases/Library/Moderator/Create or Update Rating: Test Cases/Library/Moderator/Create or Update Rating

2018-10-29 15:40:57 - [TEST_STEP][PASSED] - Statement - request = com.kms.katalon.core.testobject.ObjectRepository.findTestObject(Object Repository/Community/Create or Update Rating, [host:internal.GlobalVariable.g_URL, communityID:communityID]): Finding Test Object with id 'Object Repository/Community/Create or Update Rating'

2018-10-29 15:40:57 - [TEST_STEP][PASSED] - Statement - request.setHttpHeaderProperties(CustomKeywords.requestHeaders.Headers.AddHeaders(g_ModeratorToken)): requestHeaders.Headers.AddHeaders is PASSED

2018-10-29 15:40:57 - [MESSAGE][PASSED] - requestHeaders.Headers.AddHeaders is PASSED

2018-10-29 15:40:57 - [TEST_STEP][PASSED] - Statement - reponse = <not implemented yet for class: org.codehaus.groovy.ast.expr.EmptyExpression>: null

2018-10-29 15:40:57 - [TEST_STEP][PASSED] - Statement - vsRequestBody = "": null

2018-10-29 15:40:57 - [TEST_STEP][PASSED] - Statement - vsRequestBody = request.getHttpBody(): null

2018-10-29 15:40:57 - [TEST_STEP][PASSED] - Statement - vsRequestBody = vsRequestBody.replace("${userID}", """ + userID + """): null

2018-10-29 15:40:57 - [TEST_STEP][PASSED] - Statement - vsRequestBody = vsRequestBody.replace("${CommunityID}", """ + communityID + """): null

2018-10-29 15:40:57 - [TEST_STEP][PASSED] - Statement - vsRequestBody = vsRequestBody.replace("${Rating}", """ + rating + """): null

2018-10-29 15:40:57 - [TEST_STEP][PASSED] - Statement - request.setHttpBody(vsRequestBody): null

2018-10-29 15:40:57 - [TEST_STEP][PASSED] - Statement - response = com.kms.katalon.core.webservice.keyword.WSBuiltInKeywords.sendRequest(request): Send request successfully

2018-10-29 15:40:57 - [MESSAGE][PASSED] - Send request successfully

2018-10-29 15:40:57 - [TEST_STEP][PASSED] - verifyResponseStatusCode: Verify response status code successfully

2018-10-29 15:40:57 - [MESSAGE][PASSED] - Verify response status code successfully

2018-10-29 15:40:57 - [TEST_STEP][PASSED] - Statement - return response: null

2018-10-29 15:40:57 - [MESSAGE][PASSED] - Call Test Case 'Test Cases/Library/Moderator/Create or Update Rating' successfully

2018-10-29 15:40:57 - [TEST_STEP][PASSED] - verifyResponseStatusCode: Verify response status code successfully

2018-10-29 15:40:57 - [MESSAGE][PASSED] - Verify response status code successfully

2018-10-29 15:40:57 - [TEST_STEP][PASSED] - Statement - com = com.kms.katalon.core.webui.keyword.WebUiBuiltInKeywords.callTestCase(com.kms.katalon.core.testcase.TestCaseFactory.findTestCase(Library/Community/Get Community details by ID), ["communityID":CommunityID], STOP_ON_FAILURE): Call Test Case 'Test Cases/Library/Community/Get Community details by ID' successfully

2018-10-29 15:40:57 - [TEST_CASE][PASSED] - Test Cases/Library/Community/Get Community details by ID: Test Cases/Library/Community/Get Community details by ID

2018-10-29 15:40:57 - [TEST_STEP][PASSED] - Statement - getCommunity = com.kms.katalon.core.testobject.ObjectRepository.findTestObject(Community/Get Community, [host:internal.GlobalVariable.g_URL, communityID:communityID]): Finding Test Object with id 'Object Repository/Community/Get Community'

2018-10-29 15:40:57 - [TEST_STEP][PASSED] - Statement - getCommunity.setHttpHeaderProperties(CustomKeywords.requestHeaders.Headers.AddHeaders()): requestHeaders.Headers.AddHeaders is PASSED

2018-10-29 15:40:57 - [MESSAGE][PASSED] - requestHeaders.Headers.AddHeaders is PASSED

2018-10-29 15:40:57 - [TEST_STEP][PASSED] - Statement - getResponse = com.kms.katalon.core.webservice.keyword.WSBuiltInKeywords.sendRequest(getCommunity): Send request successfully

2018-10-29 15:40:57 - [MESSAGE][PASSED] - Send request successfully

2018-10-29 15:40:57 - [TEST_STEP][PASSED] - verifyResponseStatusCode: Verify response status code successfully

2018-10-29 15:40:57 - [MESSAGE][PASSED] - Verify response status code successfully

2018-10-29 15:40:57 - [TEST_STEP][PASSED] - Statement - return getResponse: null

2018-10-29 15:40:57 - [MESSAGE][PASSED] - Call Test Case 'Test Cases/Library/Community/Get Community details by ID' successfully

2018-10-29 15:40:57 - [TEST_STEP][PASSED] - Statement - getRating = avgRating: getAttributeValue.GetAttributeValue.GetAttribute is PASSED

2018-10-29 15:40:57 - [MESSAGE][PASSED] - getAttributeValue.GetAttributeValue.GetAttribute is PASSED

2018-10-29 15:40:57 - [TEST_STEP][PASSED] - Statement - rating = java.lang.Math.round(getRating): null

2018-10-29 15:40:57 - [TEST_STEP][PASSED] - Statement - If (rating == "4"): null

2018-10-29 15:40:57 - [TEST_STEP][PASSED] - Statement - Else If (!(rating) == "4"): null

2018-10-29 15:40:57 - [TEST_STEP][PASSED] - Statement - Else: null

2018-10-29 15:40:57 - [TEST_STEP][PASSED] - Statement - println("if conditions shold not execute"): null]]></system-out>
         <system-err><![CDATA[]]></system-err>
      </testcase>
      <testcase name="Test Cases/TestCases/Social_SecurityAndRole_MOB-3489/TC-135480Verify Contributor creating Discussion in a Community" classname="Test Cases/TestCases/Social_SecurityAndRole_MOB-3489/TC-135480Verify Contributor creating Discussion in a Community" status="PASSED">
         <system-out><![CDATA[2018-10-29 15:40:57 - [TEST_CASE][PASSED] - Test Cases/TestCases/Social_SecurityAndRole_MOB-3489/TC-135480Verify Contributor creating Discussion in a Community: Test Cases/TestCases/Social_SecurityAndRole_MOB-3489/TC-135480Verify Contributor creating Discussion in a Community

2018-10-29 15:40:57 - [TEST_STEP][PASSED] - Statement - data = com.kms.katalon.core.testdata.TestDataFactory.findTestData(TestData): Reading CSV file with source file 'comma', separator 'containing header' and '{2}'

2018-10-29 15:40:57 - [TEST_STEP][PASSED] - Statement - userName = "'" + data.getValue("Moderator", 38) + "'": null

2018-10-29 15:40:57 - [TEST_STEP][PASSED] - Statement - userid = "": null

2018-10-29 15:40:57 - [TEST_STEP][PASSED] - Statement - response = com.kms.katalon.core.webui.keyword.WebUiBuiltInKeywords.callTestCase(com.kms.katalon.core.testcase.TestCaseFactory.findTestCase(Library/Community/Create Community), ["communityName":data.getValue("CommunityName", 38), "CommunityDesc":data.getValue("CommunityDesc", 38), "allowDiscussionBoards":true, ... ], STOP_ON_FAILURE): Call Test Case 'Test Cases/Library/Community/Create Community' successfully

2018-10-29 15:40:57 - [TEST_CASE][PASSED] - Test Cases/Library/Community/Create Community: Test Cases/Library/Community/Create Community

2018-10-29 15:41:03 - [TEST_STEP][PASSED] - Statement - request = com.kms.katalon.core.testobject.ObjectRepository.findTestObject(Community/POST Create Community, [host:internal.GlobalVariable.g_URL, CommunityName:((" + communityName) + "), CommunityDesc:((" + CommunityDesc) + "), allowDiscussionBoards:((" + allowDiscussionBoards) + "), ... ]): Finding Test Object with id 'Object Repository/Community/POST Create Community'

2018-10-29 15:41:03 - [TEST_STEP][PASSED] - Statement - request.setHttpHeaderProperties(CustomKeywords.requestHeaders.Headers.AddHeaders()): requestHeaders.Headers.AddHeaders is PASSED

2018-10-29 15:41:03 - [MESSAGE][PASSED] - requestHeaders.Headers.AddHeaders is PASSED

2018-10-29 15:41:03 - [TEST_STEP][PASSED] - Statement - response = com.kms.katalon.core.webservice.keyword.WSBuiltInKeywords.sendRequest(request): Send request successfully

2018-10-29 15:41:03 - [MESSAGE][PASSED] - Send request successfully

2018-10-29 15:41:03 - [TEST_STEP][PASSED] - verifyResponseStatusCode: Verify response status code successfully

2018-10-29 15:41:03 - [MESSAGE][PASSED] - Verify response status code successfully

2018-10-29 15:41:03 - [TEST_STEP][PASSED] - containsString: Check contain string successfully

2018-10-29 15:41:03 - [MESSAGE][PASSED] - Check contain string successfully

2018-10-29 15:41:03 - [TEST_STEP][PASSED] - Statement - return response: null

2018-10-29 15:41:03 - [MESSAGE][PASSED] - Call Test Case 'Test Cases/Library/Community/Create Community' successfully

2018-10-29 15:41:03 - [TEST_STEP][PASSED] - Statement - CommunityID = id: getAttributeValue.GetAttributeValue.GetAttribute is PASSED

2018-10-29 15:41:03 - [MESSAGE][PASSED] - getAttributeValue.GetAttributeValue.GetAttribute is PASSED

2018-10-29 15:41:03 - [TEST_STEP][PASSED] - Statement - response1 = com.kms.katalon.core.webui.keyword.WebUiBuiltInKeywords.callTestCase(com.kms.katalon.core.testcase.TestCaseFactory.findTestCase(Library/Community/Add a member to community), ["rating":"3", "userID":ContributerID, "userName":data.getValue("Contributer", 38), "communityID":CommunityID], STOP_ON_FAILURE): Call Test Case 'Test Cases/Library/Community/Add a member to community' successfully

2018-10-29 15:41:03 - [TEST_CASE][PASSED] - Test Cases/Library/Community/Add a member to community: Test Cases/Library/Community/Add a member to community

2018-10-29 15:41:03 - [TEST_STEP][PASSED] - Statement - request = com.kms.katalon.core.testobject.ObjectRepository.findTestObject(Object Repository/Community/Add a member to community, [host:internal.GlobalVariable.g_URL, CommunityID:communityID, rating:((" + rating) + "), userID:((" + userID) + "), userName:((" + userName) + ")]): Finding Test Object with id 'Object Repository/Community/Add a member to community'

2018-10-29 15:41:03 - [TEST_STEP][PASSED] - Statement - request.setHttpHeaderProperties(CustomKeywords.requestHeaders.Headers.AddHeaders()): requestHeaders.Headers.AddHeaders is PASSED

2018-10-29 15:41:03 - [MESSAGE][PASSED] - requestHeaders.Headers.AddHeaders is PASSED

2018-10-29 15:41:03 - [TEST_STEP][PASSED] - Statement - response = com.kms.katalon.core.webservice.keyword.WSBuiltInKeywords.sendRequest(request): Send request successfully

2018-10-29 15:41:03 - [MESSAGE][PASSED] - Send request successfully

2018-10-29 15:41:03 - [TEST_STEP][PASSED] - verifyResponseStatusCode: Verify response status code successfully

2018-10-29 15:41:03 - [MESSAGE][PASSED] - Verify response status code successfully

2018-10-29 15:41:03 - [TEST_STEP][PASSED] - Statement - return response: null

2018-10-29 15:41:03 - [MESSAGE][PASSED] - Call Test Case 'Test Cases/Library/Community/Add a member to community' successfully

2018-10-29 15:41:03 - [TEST_STEP][PASSED] - verifyResponseStatusCode: Verify response status code successfully

2018-10-29 15:41:03 - [MESSAGE][PASSED] - Verify response status code successfully

2018-10-29 15:41:03 - [TEST_STEP][PASSED] - Statement - res = com.kms.katalon.core.webui.keyword.WebUiBuiltInKeywords.callTestCase(com.kms.katalon.core.testcase.TestCaseFactory.findTestCase(Library/Contributer/Create discussion under community), ["CommunityID":CommunityID, "DiscussionName":data.getValue("DiscussionName", 38), "DiscussionDesc":data.getValue("DiscussionDesc", 38)], STOP_ON_FAILURE): Call Test Case 'Test Cases/Library/Contributer/Create discussion under community' successfully

2018-10-29 15:41:03 - [TEST_CASE][PASSED] - Test Cases/Library/Contributer/Create discussion under community: Test Cases/Library/Contributer/Create discussion under community

2018-10-29 15:41:04 - [TEST_STEP][PASSED] - Statement - request = com.kms.katalon.core.testobject.ObjectRepository.findTestObject(Object Repository/Community/Create discussion under community, [host:internal.GlobalVariable.g_URL]): Finding Test Object with id 'Object Repository/Community/Create discussion under community'

2018-10-29 15:41:04 - [TEST_STEP][PASSED] - Statement - request.setHttpHeaderProperties(CustomKeywords.requestHeaders.Headers.AddHeaders(ContributerToken)): requestHeaders.Headers.AddHeaders is PASSED

2018-10-29 15:41:04 - [MESSAGE][PASSED] - requestHeaders.Headers.AddHeaders is PASSED

2018-10-29 15:41:04 - [TEST_STEP][PASSED] - Statement - response = <not implemented yet for class: org.codehaus.groovy.ast.expr.EmptyExpression>: null

2018-10-29 15:41:04 - [TEST_STEP][PASSED] - Statement - vsRequestBody = "": null

2018-10-29 15:41:04 - [TEST_STEP][PASSED] - Statement - vsRequestBody = request.getHttpBody(): null

2018-10-29 15:41:04 - [TEST_STEP][PASSED] - Statement - vsRequestBody = vsRequestBody.replace("${CommunityID}", """ + CommunityID + """): null

2018-10-29 15:41:04 - [TEST_STEP][PASSED] - Statement - vsRequestBody = vsRequestBody.replace("${DiscussionName}", DiscussionName): null

2018-10-29 15:41:04 - [TEST_STEP][PASSED] - Statement - vsRequestBody = vsRequestBody.replace("${DiscussionDesc}", """ + DiscussionDesc + """): null

2018-10-29 15:41:04 - [TEST_STEP][PASSED] - Statement - request.setHttpBody(vsRequestBody): null

2018-10-29 15:41:04 - [TEST_STEP][PASSED] - Statement - response = com.kms.katalon.core.webservice.keyword.WSBuiltInKeywords.sendRequest(request): Send request successfully

2018-10-29 15:41:04 - [MESSAGE][PASSED] - Send request successfully

2018-10-29 15:41:04 - [TEST_STEP][PASSED] - verifyResponseStatusCode: Verify response status code successfully

2018-10-29 15:41:04 - [MESSAGE][PASSED] - Verify response status code successfully

2018-10-29 15:41:04 - [TEST_STEP][PASSED] - Statement - return response: null

2018-10-29 15:41:04 - [MESSAGE][PASSED] - Call Test Case 'Test Cases/Library/Contributer/Create discussion under community' successfully

2018-10-29 15:41:04 - [TEST_STEP][PASSED] - verifyResponseStatusCode: Verify response status code successfully

2018-10-29 15:41:04 - [MESSAGE][PASSED] - Verify response status code successfully

2018-10-29 15:41:04 - [TEST_STEP][PASSED] - Statement - getAllDis = com.kms.katalon.core.webui.keyword.WebUiBuiltInKeywords.callTestCase(com.kms.katalon.core.testcase.TestCaseFactory.findTestCase(Library/Contributer/Get Discussions), ["CommunityID":CommunityID], STOP_ON_FAILURE): Call Test Case 'Test Cases/Library/Contributer/Get Discussions' successfully

2018-10-29 15:41:04 - [TEST_CASE][PASSED] - Test Cases/Library/Contributer/Get Discussions: Test Cases/Library/Contributer/Get Discussions

2018-10-29 15:41:04 - [TEST_STEP][PASSED] - Statement - request = com.kms.katalon.core.testobject.ObjectRepository.findTestObject(Object Repository/Community/Get Discussions, [host:internal.GlobalVariable.g_URL, CommunityID:CommunityID]): Finding Test Object with id 'Object Repository/Community/Get Discussions'

2018-10-29 15:41:04 - [TEST_STEP][PASSED] - Statement - request.setHttpHeaderProperties(CustomKeywords.requestHeaders.Headers.AddHeaders(ContributerToken)): requestHeaders.Headers.AddHeaders is PASSED

2018-10-29 15:41:04 - [MESSAGE][PASSED] - requestHeaders.Headers.AddHeaders is PASSED

2018-10-29 15:41:04 - [TEST_STEP][PASSED] - Statement - response = com.kms.katalon.core.webservice.keyword.WSBuiltInKeywords.sendRequest(request): Send request successfully

2018-10-29 15:41:04 - [MESSAGE][PASSED] - Send request successfully

2018-10-29 15:41:04 - [TEST_STEP][PASSED] - Statement - return response: null

2018-10-29 15:41:04 - [MESSAGE][PASSED] - Call Test Case 'Test Cases/Library/Contributer/Get Discussions' successfully

2018-10-29 15:41:04 - [TEST_STEP][PASSED] - containsString: Check contain string successfully

2018-10-29 15:41:04 - [MESSAGE][PASSED] - Check contain string successfully]]></system-out>
         <system-err><![CDATA[]]></system-err>
      </testcase>
      <testcase name="Test Cases/TestCases/Social_SecurityAndRole_MOB-3489/TC-135481Verify Contributor Editing Discussion in a Community" classname="Test Cases/TestCases/Social_SecurityAndRole_MOB-3489/TC-135481Verify Contributor Editing Discussion in a Community" status="PASSED">
         <system-out><![CDATA[2018-10-29 15:41:04 - [TEST_CASE][PASSED] - Test Cases/TestCases/Social_SecurityAndRole_MOB-3489/TC-135481Verify Contributor Editing Discussion in a Community: Test Cases/TestCases/Social_SecurityAndRole_MOB-3489/TC-135481Verify Contributor Editing Discussion in a Community

2018-10-29 15:41:04 - [TEST_STEP][PASSED] - Statement - data = com.kms.katalon.core.testdata.TestDataFactory.findTestData(TestData): Reading CSV file with source file 'comma', separator 'containing header' and '{2}'

2018-10-29 15:41:04 - [TEST_STEP][PASSED] - Statement - rand = new java.util.Random(): null

2018-10-29 15:41:04 - [TEST_STEP][PASSED] - Statement - newDiscussionName = data.getValue("DiscussionName", 38) + rand.nextInt(1000): null

2018-10-29 15:41:04 - [TEST_STEP][PASSED] - Statement - userName = "'" + data.getValue("Moderator", 38) + "'": null

2018-10-29 15:41:10 - [TEST_STEP][PASSED] - Statement - userid = "": null

2018-10-29 15:41:10 - [TEST_STEP][PASSED] - Statement - response = com.kms.katalon.core.webui.keyword.WebUiBuiltInKeywords.callTestCase(com.kms.katalon.core.testcase.TestCaseFactory.findTestCase(Library/Community/Create Community), ["communityName":data.getValue("CommunityName", 38), "CommunityDesc":data.getValue("CommunityDesc", 38), "allowDiscussionBoards":true, ... ], STOP_ON_FAILURE): Call Test Case 'Test Cases/Library/Community/Create Community' successfully

2018-10-29 15:41:10 - [TEST_CASE][PASSED] - Test Cases/Library/Community/Create Community: Test Cases/Library/Community/Create Community

2018-10-29 15:41:10 - [TEST_STEP][PASSED] - Statement - request = com.kms.katalon.core.testobject.ObjectRepository.findTestObject(Community/POST Create Community, [host:internal.GlobalVariable.g_URL, CommunityName:((" + communityName) + "), CommunityDesc:((" + CommunityDesc) + "), allowDiscussionBoards:((" + allowDiscussionBoards) + "), ... ]): Finding Test Object with id 'Object Repository/Community/POST Create Community'

2018-10-29 15:41:10 - [TEST_STEP][PASSED] - Statement - request.setHttpHeaderProperties(CustomKeywords.requestHeaders.Headers.AddHeaders()): requestHeaders.Headers.AddHeaders is PASSED

2018-10-29 15:41:10 - [MESSAGE][PASSED] - requestHeaders.Headers.AddHeaders is PASSED

2018-10-29 15:41:10 - [TEST_STEP][PASSED] - Statement - response = com.kms.katalon.core.webservice.keyword.WSBuiltInKeywords.sendRequest(request): Send request successfully

2018-10-29 15:41:10 - [MESSAGE][PASSED] - Send request successfully

2018-10-29 15:41:10 - [TEST_STEP][PASSED] - verifyResponseStatusCode: Verify response status code successfully

2018-10-29 15:41:10 - [MESSAGE][PASSED] - Verify response status code successfully

2018-10-29 15:41:10 - [TEST_STEP][PASSED] - containsString: Check contain string successfully

2018-10-29 15:41:10 - [MESSAGE][PASSED] - Check contain string successfully

2018-10-29 15:41:10 - [TEST_STEP][PASSED] - Statement - return response: null

2018-10-29 15:41:10 - [MESSAGE][PASSED] - Call Test Case 'Test Cases/Library/Community/Create Community' successfully

2018-10-29 15:41:10 - [TEST_STEP][PASSED] - Statement - CommunityID = id: getAttributeValue.GetAttributeValue.GetAttribute is PASSED

2018-10-29 15:41:10 - [MESSAGE][PASSED] - getAttributeValue.GetAttributeValue.GetAttribute is PASSED

2018-10-29 15:41:10 - [TEST_STEP][PASSED] - Statement - response1 = com.kms.katalon.core.webui.keyword.WebUiBuiltInKeywords.callTestCase(com.kms.katalon.core.testcase.TestCaseFactory.findTestCase(Library/Community/Add a member to community), ["rating":"3", "userID":ContributerID, "userName":data.getValue("Contributer", 38), "communityID":CommunityID], STOP_ON_FAILURE): Call Test Case 'Test Cases/Library/Community/Add a member to community' successfully

2018-10-29 15:41:10 - [TEST_CASE][PASSED] - Test Cases/Library/Community/Add a member to community: Test Cases/Library/Community/Add a member to community

2018-10-29 15:41:10 - [TEST_STEP][PASSED] - Statement - request = com.kms.katalon.core.testobject.ObjectRepository.findTestObject(Object Repository/Community/Add a member to community, [host:internal.GlobalVariable.g_URL, CommunityID:communityID, rating:((" + rating) + "), userID:((" + userID) + "), userName:((" + userName) + ")]): Finding Test Object with id 'Object Repository/Community/Add a member to community'

2018-10-29 15:41:10 - [TEST_STEP][PASSED] - Statement - request.setHttpHeaderProperties(CustomKeywords.requestHeaders.Headers.AddHeaders()): requestHeaders.Headers.AddHeaders is PASSED

2018-10-29 15:41:10 - [MESSAGE][PASSED] - requestHeaders.Headers.AddHeaders is PASSED

2018-10-29 15:41:10 - [TEST_STEP][PASSED] - Statement - response = com.kms.katalon.core.webservice.keyword.WSBuiltInKeywords.sendRequest(request): Send request successfully

2018-10-29 15:41:10 - [MESSAGE][PASSED] - Send request successfully

2018-10-29 15:41:10 - [TEST_STEP][PASSED] - verifyResponseStatusCode: Verify response status code successfully

2018-10-29 15:41:10 - [MESSAGE][PASSED] - Verify response status code successfully

2018-10-29 15:41:10 - [TEST_STEP][PASSED] - Statement - return response: null

2018-10-29 15:41:10 - [MESSAGE][PASSED] - Call Test Case 'Test Cases/Library/Community/Add a member to community' successfully

2018-10-29 15:41:10 - [TEST_STEP][PASSED] - verifyResponseStatusCode: Verify response status code successfully

2018-10-29 15:41:10 - [MESSAGE][PASSED] - Verify response status code successfully

2018-10-29 15:41:10 - [TEST_STEP][PASSED] - Statement - res = com.kms.katalon.core.webui.keyword.WebUiBuiltInKeywords.callTestCase(com.kms.katalon.core.testcase.TestCaseFactory.findTestCase(Library/Contributer/Create discussion under community), ["CommunityID":CommunityID, "DiscussionName":data.getValue("DiscussionName", 38), "DiscussionDesc":data.getValue("DiscussionDesc", 38)], STOP_ON_FAILURE): Call Test Case 'Test Cases/Library/Contributer/Create discussion under community' successfully

2018-10-29 15:41:10 - [TEST_CASE][PASSED] - Test Cases/Library/Contributer/Create discussion under community: Test Cases/Library/Contributer/Create discussion under community

2018-10-29 15:41:10 - [TEST_STEP][PASSED] - Statement - request = com.kms.katalon.core.testobject.ObjectRepository.findTestObject(Object Repository/Community/Create discussion under community, [host:internal.GlobalVariable.g_URL]): Finding Test Object with id 'Object Repository/Community/Create discussion under community'

2018-10-29 15:41:10 - [TEST_STEP][PASSED] - Statement - request.setHttpHeaderProperties(CustomKeywords.requestHeaders.Headers.AddHeaders(ContributerToken)): requestHeaders.Headers.AddHeaders is PASSED

2018-10-29 15:41:10 - [MESSAGE][PASSED] - requestHeaders.Headers.AddHeaders is PASSED

2018-10-29 15:41:10 - [TEST_STEP][PASSED] - Statement - response = <not implemented yet for class: org.codehaus.groovy.ast.expr.EmptyExpression>: null

2018-10-29 15:41:10 - [TEST_STEP][PASSED] - Statement - vsRequestBody = "": null

2018-10-29 15:41:10 - [TEST_STEP][PASSED] - Statement - vsRequestBody = request.getHttpBody(): null

2018-10-29 15:41:10 - [TEST_STEP][PASSED] - Statement - vsRequestBody = vsRequestBody.replace("${CommunityID}", """ + CommunityID + """): null

2018-10-29 15:41:10 - [TEST_STEP][PASSED] - Statement - vsRequestBody = vsRequestBody.replace("${DiscussionName}", DiscussionName): null

2018-10-29 15:41:10 - [TEST_STEP][PASSED] - Statement - vsRequestBody = vsRequestBody.replace("${DiscussionDesc}", """ + DiscussionDesc + """): null

2018-10-29 15:41:10 - [TEST_STEP][PASSED] - Statement - request.setHttpBody(vsRequestBody): null

2018-10-29 15:41:10 - [TEST_STEP][PASSED] - Statement - response = com.kms.katalon.core.webservice.keyword.WSBuiltInKeywords.sendRequest(request): Send request successfully

2018-10-29 15:41:10 - [MESSAGE][PASSED] - Send request successfully

2018-10-29 15:41:10 - [TEST_STEP][PASSED] - verifyResponseStatusCode: Verify response status code successfully

2018-10-29 15:41:10 - [MESSAGE][PASSED] - Verify response status code successfully

2018-10-29 15:41:10 - [TEST_STEP][PASSED] - Statement - return response: null

2018-10-29 15:41:10 - [MESSAGE][PASSED] - Call Test Case 'Test Cases/Library/Contributer/Create discussion under community' successfully

2018-10-29 15:41:10 - [TEST_STEP][PASSED] - Statement - res1 = com.kms.katalon.core.webui.keyword.WebUiBuiltInKeywords.callTestCase(com.kms.katalon.core.testcase.TestCaseFactory.findTestCase(Library/Community/Get Discussions), ["CommunityID":CommunityID], STOP_ON_FAILURE): Call Test Case 'Test Cases/Library/Community/Get Discussions' successfully

2018-10-29 15:41:10 - [TEST_CASE][PASSED] - Test Cases/Library/Community/Get Discussions: Test Cases/Library/Community/Get Discussions

2018-10-29 15:41:10 - [TEST_STEP][PASSED] - Statement - request = com.kms.katalon.core.testobject.ObjectRepository.findTestObject(Object Repository/Community/Get Discussions, [host:internal.GlobalVariable.g_URL, CommunityID:CommunityID]): Finding Test Object with id 'Object Repository/Community/Get Discussions'

2018-10-29 15:41:10 - [TEST_STEP][PASSED] - Statement - request.setHttpHeaderProperties(CustomKeywords.requestHeaders.Headers.AddHeaders()): requestHeaders.Headers.AddHeaders is PASSED

2018-10-29 15:41:10 - [MESSAGE][PASSED] - requestHeaders.Headers.AddHeaders is PASSED

2018-10-29 15:41:10 - [TEST_STEP][PASSED] - Statement - response = com.kms.katalon.core.webservice.keyword.WSBuiltInKeywords.sendRequest(request): Send request successfully

2018-10-29 15:41:10 - [MESSAGE][PASSED] - Send request successfully

2018-10-29 15:41:10 - [TEST_STEP][PASSED] - Statement - return response: null

2018-10-29 15:41:10 - [MESSAGE][PASSED] - Call Test Case 'Test Cases/Library/Community/Get Discussions' successfully

2018-10-29 15:41:10 - [TEST_STEP][PASSED] - Statement - DiscussionId = discussions: getAttributeValue.GetAttributeValue.GetAttribute is PASSED

2018-10-29 15:41:10 - [MESSAGE][PASSED] - getAttributeValue.GetAttributeValue.GetAttribute is PASSED

2018-10-29 15:41:10 - [TEST_STEP][PASSED] - Statement - ResponseText = res1.getResponseText(): null

2018-10-29 15:41:10 - [TEST_STEP][PASSED] - Statement - id = ""id"": null

2018-10-29 15:41:10 - [TEST_STEP][PASSED] - Statement - firstIndex = ResponseText.indexOf(id) + id.length(): null

2018-10-29 15:41:16 - [TEST_STEP][PASSED] - Statement - name = ResponseText.substring(firstIndex): null

2018-10-29 15:41:16 - [TEST_STEP][PASSED] - Statement - lastIndex = name.indexOf(","): null

2018-10-29 15:41:16 - [TEST_STEP][PASSED] - Statement - finalString = name.substring(0, lastIndex).replace(""", "").replaceAll("[:]", "").trim(): null

2018-10-29 15:41:16 - [TEST_STEP][PASSED] - Statement - editDis = com.kms.katalon.core.webui.keyword.WebUiBuiltInKeywords.callTestCase(com.kms.katalon.core.testcase.TestCaseFactory.findTestCase(Library/Contributer/Eidt Discussion), ["DiscussionName":newDiscussionName, "DiscussionID":finalString], STOP_ON_FAILURE): Call Test Case 'Test Cases/Library/Contributer/Eidt Discussion' successfully

2018-10-29 15:41:16 - [TEST_CASE][PASSED] - Test Cases/Library/Contributer/Eidt Discussion: Test Cases/Library/Contributer/Eidt Discussion

2018-10-29 15:41:16 - [TEST_STEP][PASSED] - Statement - editResponse = com.kms.katalon.core.testobject.ObjectRepository.findTestObject(Object Repository/Community/Edit Discussion, [host:internal.GlobalVariable.g_URL]): Finding Test Object with id 'Object Repository/Community/Edit Discussion'

2018-10-29 15:41:16 - [TEST_STEP][PASSED] - Statement - editResponse.setHttpHeaderProperties(CustomKeywords.requestHeaders.Headers.AddHeaders(ContributerToken)): requestHeaders.Headers.AddHeaders is PASSED

2018-10-29 15:41:16 - [MESSAGE][PASSED] - requestHeaders.Headers.AddHeaders is PASSED

2018-10-29 15:41:16 - [TEST_STEP][PASSED] - Statement - reponse = <not implemented yet for class: org.codehaus.groovy.ast.expr.EmptyExpression>: null

2018-10-29 15:41:16 - [TEST_STEP][PASSED] - Statement - vsRequestBody = "": null

2018-10-29 15:41:16 - [TEST_STEP][PASSED] - Statement - vsRequestBody = editResponse.getHttpBody(): null

2018-10-29 15:41:16 - [TEST_STEP][PASSED] - Statement - vsRequestBody = vsRequestBody.replace("${DiscussionName}", """ + DiscussionName + """): null

2018-10-29 15:41:16 - [TEST_STEP][PASSED] - Statement - vsRequestBody = vsRequestBody.replace("${DiscussionID}", """ + DiscussionID + """): null

2018-10-29 15:41:16 - [TEST_STEP][PASSED] - Statement - editResponse.setHttpBody(vsRequestBody): null

2018-10-29 15:41:16 - [TEST_STEP][PASSED] - Statement - response = com.kms.katalon.core.webservice.keyword.WSBuiltInKeywords.sendRequest(editResponse): Send request successfully

2018-10-29 15:41:16 - [MESSAGE][PASSED] - Send request successfully

2018-10-29 15:41:16 - [TEST_STEP][PASSED] - verifyResponseStatusCode: Verify response status code successfully

2018-10-29 15:41:16 - [MESSAGE][PASSED] - Verify response status code successfully

2018-10-29 15:41:16 - [TEST_STEP][PASSED] - Statement - return response: null

2018-10-29 15:41:16 - [MESSAGE][PASSED] - Call Test Case 'Test Cases/Library/Contributer/Eidt Discussion' successfully

2018-10-29 15:41:16 - [TEST_STEP][PASSED] - verifyResponseStatusCode: Verify response status code successfully

2018-10-29 15:41:16 - [MESSAGE][PASSED] - Verify response status code successfully

2018-10-29 15:41:16 - [TEST_STEP][PASSED] - containsString: Check contain string successfully

2018-10-29 15:41:16 - [MESSAGE][PASSED] - Check contain string successfully]]></system-out>
         <system-err><![CDATA[]]></system-err>
      </testcase>
      <testcase name="Test Cases/TestCases/Social_SecurityAndRole_MOB-3489/TC-135482Verify Contributor Deleting own Discussion in a Community" classname="Test Cases/TestCases/Social_SecurityAndRole_MOB-3489/TC-135482Verify Contributor Deleting own Discussion in a Community" status="PASSED">
         <system-out><![CDATA[2018-10-29 15:41:16 - [TEST_CASE][PASSED] - Test Cases/TestCases/Social_SecurityAndRole_MOB-3489/TC-135482Verify Contributor Deleting own Discussion in a Community: Test Cases/TestCases/Social_SecurityAndRole_MOB-3489/TC-135482Verify Contributor Deleting own Discussion in a Community

2018-10-29 15:41:16 - [TEST_STEP][PASSED] - Statement - data = com.kms.katalon.core.testdata.TestDataFactory.findTestData(TestData): Reading CSV file with source file 'comma', separator 'containing header' and '{2}'

2018-10-29 15:41:16 - [TEST_STEP][PASSED] - Statement - response = com.kms.katalon.core.webui.keyword.WebUiBuiltInKeywords.callTestCase(com.kms.katalon.core.testcase.TestCaseFactory.findTestCase(Library/Community/Create Community), ["communityName":data.getValue("CommunityName", 30), "CommunityDesc":data.getValue("CommunityDesc", 30), "allowDiscussionBoards":true, ... ], STOP_ON_FAILURE): Call Test Case 'Test Cases/Library/Community/Create Community' successfully

2018-10-29 15:41:16 - [TEST_CASE][PASSED] - Test Cases/Library/Community/Create Community: Test Cases/Library/Community/Create Community

2018-10-29 15:41:16 - [TEST_STEP][PASSED] - Statement - request = com.kms.katalon.core.testobject.ObjectRepository.findTestObject(Community/POST Create Community, [host:internal.GlobalVariable.g_URL, CommunityName:((" + communityName) + "), CommunityDesc:((" + CommunityDesc) + "), allowDiscussionBoards:((" + allowDiscussionBoards) + "), ... ]): Finding Test Object with id 'Object Repository/Community/POST Create Community'

2018-10-29 15:41:16 - [TEST_STEP][PASSED] - Statement - request.setHttpHeaderProperties(CustomKeywords.requestHeaders.Headers.AddHeaders()): requestHeaders.Headers.AddHeaders is PASSED

2018-10-29 15:41:16 - [MESSAGE][PASSED] - requestHeaders.Headers.AddHeaders is PASSED

2018-10-29 15:41:16 - [TEST_STEP][PASSED] - Statement - response = com.kms.katalon.core.webservice.keyword.WSBuiltInKeywords.sendRequest(request): Send request successfully

2018-10-29 15:41:16 - [MESSAGE][PASSED] - Send request successfully

2018-10-29 15:41:16 - [TEST_STEP][PASSED] - verifyResponseStatusCode: Verify response status code successfully

2018-10-29 15:41:16 - [MESSAGE][PASSED] - Verify response status code successfully

2018-10-29 15:41:16 - [TEST_STEP][PASSED] - containsString: Check contain string successfully

2018-10-29 15:41:16 - [MESSAGE][PASSED] - Check contain string successfully

2018-10-29 15:41:16 - [TEST_STEP][PASSED] - Statement - return response: null

2018-10-29 15:41:16 - [MESSAGE][PASSED] - Call Test Case 'Test Cases/Library/Community/Create Community' successfully

2018-10-29 15:41:16 - [TEST_STEP][PASSED] - Statement - CommunityID = id: getAttributeValue.GetAttributeValue.GetAttribute is PASSED

2018-10-29 15:41:16 - [MESSAGE][PASSED] - getAttributeValue.GetAttributeValue.GetAttribute is PASSED

2018-10-29 15:41:16 - [TEST_STEP][PASSED] - callTestCase: Call Test Case 'Test Cases/Library/Community/Add a member to community' successfully

2018-10-29 15:41:16 - [TEST_CASE][PASSED] - Test Cases/Library/Community/Add a member to community: Test Cases/Library/Community/Add a member to community

2018-10-29 15:41:16 - [TEST_STEP][PASSED] - Statement - request = com.kms.katalon.core.testobject.ObjectRepository.findTestObject(Object Repository/Community/Add a member to community, [host:internal.GlobalVariable.g_URL, CommunityID:communityID, rating:((" + rating) + "), userID:((" + userID) + "), userName:((" + userName) + ")]): Finding Test Object with id 'Object Repository/Community/Add a member to community'

2018-10-29 15:41:16 - [TEST_STEP][PASSED] - Statement - request.setHttpHeaderProperties(CustomKeywords.requestHeaders.Headers.AddHeaders()): requestHeaders.Headers.AddHeaders is PASSED

2018-10-29 15:41:16 - [MESSAGE][PASSED] - requestHeaders.Headers.AddHeaders is PASSED

2018-10-29 15:41:16 - [TEST_STEP][PASSED] - Statement - response = com.kms.katalon.core.webservice.keyword.WSBuiltInKeywords.sendRequest(request): Send request successfully

2018-10-29 15:41:17 - [MESSAGE][PASSED] - Send request successfully

2018-10-29 15:41:17 - [TEST_STEP][PASSED] - verifyResponseStatusCode: Verify response status code successfully

2018-10-29 15:41:17 - [MESSAGE][PASSED] - Verify response status code successfully

2018-10-29 15:41:17 - [TEST_STEP][PASSED] - Statement - return response: null

2018-10-29 15:41:17 - [MESSAGE][PASSED] - Call Test Case 'Test Cases/Library/Community/Add a member to community' successfully

2018-10-29 15:41:17 - [TEST_STEP][PASSED] - callTestCase: Call Test Case 'Test Cases/Library/Contributer/Create discussion under community' successfully

2018-10-29 15:41:17 - [TEST_CASE][PASSED] - Test Cases/Library/Contributer/Create discussion under community: Test Cases/Library/Contributer/Create discussion under community

2018-10-29 15:41:17 - [TEST_STEP][PASSED] - Statement - request = com.kms.katalon.core.testobject.ObjectRepository.findTestObject(Object Repository/Community/Create discussion under community, [host:internal.GlobalVariable.g_URL]): Finding Test Object with id 'Object Repository/Community/Create discussion under community'

2018-10-29 15:41:17 - [TEST_STEP][PASSED] - Statement - request.setHttpHeaderProperties(CustomKeywords.requestHeaders.Headers.AddHeaders(ContributerToken)): requestHeaders.Headers.AddHeaders is PASSED

2018-10-29 15:41:17 - [MESSAGE][PASSED] - requestHeaders.Headers.AddHeaders is PASSED

2018-10-29 15:41:17 - [TEST_STEP][PASSED] - Statement - response = <not implemented yet for class: org.codehaus.groovy.ast.expr.EmptyExpression>: null

2018-10-29 15:41:22 - [TEST_STEP][PASSED] - Statement - vsRequestBody = "": null

2018-10-29 15:41:22 - [TEST_STEP][PASSED] - Statement - vsRequestBody = request.getHttpBody(): null

2018-10-29 15:41:22 - [TEST_STEP][PASSED] - Statement - vsRequestBody = vsRequestBody.replace("${CommunityID}", """ + CommunityID + """): null

2018-10-29 15:41:22 - [TEST_STEP][PASSED] - Statement - vsRequestBody = vsRequestBody.replace("${DiscussionName}", DiscussionName): null

2018-10-29 15:41:22 - [TEST_STEP][PASSED] - Statement - vsRequestBody = vsRequestBody.replace("${DiscussionDesc}", """ + DiscussionDesc + """): null

2018-10-29 15:41:22 - [TEST_STEP][PASSED] - Statement - request.setHttpBody(vsRequestBody): null

2018-10-29 15:41:22 - [TEST_STEP][PASSED] - Statement - response = com.kms.katalon.core.webservice.keyword.WSBuiltInKeywords.sendRequest(request): Send request successfully

2018-10-29 15:41:23 - [MESSAGE][PASSED] - Send request successfully

2018-10-29 15:41:23 - [TEST_STEP][PASSED] - verifyResponseStatusCode: Verify response status code successfully

2018-10-29 15:41:23 - [MESSAGE][PASSED] - Verify response status code successfully

2018-10-29 15:41:23 - [TEST_STEP][PASSED] - Statement - return response: null

2018-10-29 15:41:23 - [MESSAGE][PASSED] - Call Test Case 'Test Cases/Library/Contributer/Create discussion under community' successfully

2018-10-29 15:41:23 - [TEST_STEP][PASSED] - Statement - res1 = com.kms.katalon.core.webui.keyword.WebUiBuiltInKeywords.callTestCase(com.kms.katalon.core.testcase.TestCaseFactory.findTestCase(Library/Community/Get Discussions), ["CommunityID":CommunityID], STOP_ON_FAILURE): Call Test Case 'Test Cases/Library/Community/Get Discussions' successfully

2018-10-29 15:41:23 - [TEST_CASE][PASSED] - Test Cases/Library/Community/Get Discussions: Test Cases/Library/Community/Get Discussions

2018-10-29 15:41:23 - [TEST_STEP][PASSED] - Statement - request = com.kms.katalon.core.testobject.ObjectRepository.findTestObject(Object Repository/Community/Get Discussions, [host:internal.GlobalVariable.g_URL, CommunityID:CommunityID]): Finding Test Object with id 'Object Repository/Community/Get Discussions'

2018-10-29 15:41:23 - [TEST_STEP][PASSED] - Statement - request.setHttpHeaderProperties(CustomKeywords.requestHeaders.Headers.AddHeaders()): requestHeaders.Headers.AddHeaders is PASSED

2018-10-29 15:41:23 - [MESSAGE][PASSED] - requestHeaders.Headers.AddHeaders is PASSED

2018-10-29 15:41:23 - [TEST_STEP][PASSED] - Statement - response = com.kms.katalon.core.webservice.keyword.WSBuiltInKeywords.sendRequest(request): Send request successfully

2018-10-29 15:41:23 - [MESSAGE][PASSED] - Send request successfully

2018-10-29 15:41:23 - [TEST_STEP][PASSED] - Statement - return response: null

2018-10-29 15:41:23 - [MESSAGE][PASSED] - Call Test Case 'Test Cases/Library/Community/Get Discussions' successfully

2018-10-29 15:41:23 - [TEST_STEP][PASSED] - Statement - DiscussionId = discussions: getAttributeValue.GetAttributeValue.GetAttribute is PASSED

2018-10-29 15:41:23 - [MESSAGE][PASSED] - getAttributeValue.GetAttributeValue.GetAttribute is PASSED

2018-10-29 15:41:23 - [TEST_STEP][PASSED] - Statement - ResponseText = res1.getResponseText(): null

2018-10-29 15:41:23 - [TEST_STEP][PASSED] - Statement - id = ""id"": null

2018-10-29 15:41:23 - [TEST_STEP][PASSED] - Statement - firstIndex = ResponseText.indexOf(id) + id.length(): null

2018-10-29 15:41:23 - [TEST_STEP][PASSED] - Statement - name = ResponseText.substring(firstIndex): null

2018-10-29 15:41:23 - [TEST_STEP][PASSED] - Statement - lastIndex = name.indexOf(","): null

2018-10-29 15:41:23 - [TEST_STEP][PASSED] - Statement - finalString = name.substring(0, lastIndex).replace(""", "").replaceAll("[:]", "").trim(): null

2018-10-29 15:41:23 - [TEST_STEP][PASSED] - Statement - res = com.kms.katalon.core.webui.keyword.WebUiBuiltInKeywords.callTestCase(com.kms.katalon.core.testcase.TestCaseFactory.findTestCase(Library/Contributer/Delete Discussion Thread), ["DiscussionID":finalString], STOP_ON_FAILURE): Call Test Case 'Test Cases/Library/Contributer/Delete Discussion Thread' successfully

2018-10-29 15:41:23 - [TEST_CASE][PASSED] - Test Cases/Library/Contributer/Delete Discussion Thread: Test Cases/Library/Contributer/Delete Discussion Thread

2018-10-29 15:41:23 - [TEST_STEP][PASSED] - Statement - request = com.kms.katalon.core.testobject.ObjectRepository.findTestObject(Object Repository/Community/Delete Discussion Thread, [host:internal.GlobalVariable.g_URL, DiscussionID:DiscussionID]): Finding Test Object with id 'Object Repository/Community/Delete Discussion Thread'

2018-10-29 15:41:23 - [TEST_STEP][PASSED] - Statement - request.setHttpHeaderProperties(CustomKeywords.requestHeaders.Headers.AddHeaders(ContributerToken)): requestHeaders.Headers.AddHeaders is PASSED

2018-10-29 15:41:23 - [MESSAGE][PASSED] - requestHeaders.Headers.AddHeaders is PASSED

2018-10-29 15:41:23 - [TEST_STEP][PASSED] - Statement - response = com.kms.katalon.core.webservice.keyword.WSBuiltInKeywords.sendRequest(request): Send request successfully

2018-10-29 15:41:23 - [MESSAGE][PASSED] - Send request successfully

2018-10-29 15:41:23 - [TEST_STEP][PASSED] - verifyResponseStatusCode: Verify response status code successfully

2018-10-29 15:41:23 - [MESSAGE][PASSED] - Verify response status code successfully

2018-10-29 15:41:23 - [TEST_STEP][PASSED] - Statement - return response: null

2018-10-29 15:41:23 - [MESSAGE][PASSED] - Call Test Case 'Test Cases/Library/Contributer/Delete Discussion Thread' successfully

2018-10-29 15:41:23 - [TEST_STEP][PASSED] - verifyResponseStatusCode: Verify response status code successfully

2018-10-29 15:41:23 - [MESSAGE][PASSED] - Verify response status code successfully]]></system-out>
         <system-err><![CDATA[]]></system-err>
      </testcase>
      <testcase name="Test Cases/TestCases/Social_SecurityAndRole_MOB-3489/TC-135483Verify Contributor replying to Discussion in a Community" classname="Test Cases/TestCases/Social_SecurityAndRole_MOB-3489/TC-135483Verify Contributor replying to Discussion in a Community" status="PASSED">
         <system-out><![CDATA[2018-10-29 15:41:23 - [TEST_CASE][PASSED] - Test Cases/TestCases/Social_SecurityAndRole_MOB-3489/TC-135483Verify Contributor replying to Discussion in a Community: Test Cases/TestCases/Social_SecurityAndRole_MOB-3489/TC-135483Verify Contributor replying to Discussion in a Community

2018-10-29 15:41:23 - [TEST_STEP][PASSED] - Statement - data = com.kms.katalon.core.testdata.TestDataFactory.findTestData(TestData): Reading CSV file with source file 'comma', separator 'containing header' and '{2}'

2018-10-29 15:41:23 - [TEST_STEP][PASSED] - Statement - response = com.kms.katalon.core.webui.keyword.WebUiBuiltInKeywords.callTestCase(com.kms.katalon.core.testcase.TestCaseFactory.findTestCase(Library/Community/Create Community), ["communityName":data.getValue("CommunityName", 46), "CommunityDesc":data.getValue("CommunityDesc", 46), "allowDiscussionBoards":true, ... ], STOP_ON_FAILURE): Call Test Case 'Test Cases/Library/Community/Create Community' successfully

2018-10-29 15:41:23 - [TEST_CASE][PASSED] - Test Cases/Library/Community/Create Community: Test Cases/Library/Community/Create Community

2018-10-29 15:41:23 - [TEST_STEP][PASSED] - Statement - request = com.kms.katalon.core.testobject.ObjectRepository.findTestObject(Community/POST Create Community, [host:internal.GlobalVariable.g_URL, CommunityName:((" + communityName) + "), CommunityDesc:((" + CommunityDesc) + "), allowDiscussionBoards:((" + allowDiscussionBoards) + "), ... ]): Finding Test Object with id 'Object Repository/Community/POST Create Community'

2018-10-29 15:41:23 - [TEST_STEP][PASSED] - Statement - request.setHttpHeaderProperties(CustomKeywords.requestHeaders.Headers.AddHeaders()): requestHeaders.Headers.AddHeaders is PASSED

2018-10-29 15:41:23 - [MESSAGE][PASSED] - requestHeaders.Headers.AddHeaders is PASSED

2018-10-29 15:41:23 - [TEST_STEP][PASSED] - Statement - response = com.kms.katalon.core.webservice.keyword.WSBuiltInKeywords.sendRequest(request): Send request successfully

2018-10-29 15:41:24 - [MESSAGE][PASSED] - Send request successfully

2018-10-29 15:41:24 - [TEST_STEP][PASSED] - verifyResponseStatusCode: Verify response status code successfully

2018-10-29 15:41:24 - [MESSAGE][PASSED] - Verify response status code successfully

2018-10-29 15:41:24 - [TEST_STEP][PASSED] - containsString: Check contain string successfully

2018-10-29 15:41:24 - [MESSAGE][PASSED] - Check contain string successfully

2018-10-29 15:41:24 - [TEST_STEP][PASSED] - Statement - return response: null

2018-10-29 15:41:24 - [MESSAGE][PASSED] - Call Test Case 'Test Cases/Library/Community/Create Community' successfully

2018-10-29 15:41:24 - [TEST_STEP][PASSED] - Statement - CommunityID = id: getAttributeValue.GetAttributeValue.GetAttribute is PASSED

2018-10-29 15:41:24 - [MESSAGE][PASSED] - getAttributeValue.GetAttributeValue.GetAttribute is PASSED

2018-10-29 15:41:24 - [TEST_STEP][PASSED] - callTestCase: Call Test Case 'Test Cases/Library/Community/Add a member to community' successfully

2018-10-29 15:41:24 - [TEST_CASE][PASSED] - Test Cases/Library/Community/Add a member to community: Test Cases/Library/Community/Add a member to community

2018-10-29 15:41:29 - [TEST_STEP][PASSED] - Statement - request = com.kms.katalon.core.testobject.ObjectRepository.findTestObject(Object Repository/Community/Add a member to community, [host:internal.GlobalVariable.g_URL, CommunityID:communityID, rating:((" + rating) + "), userID:((" + userID) + "), userName:((" + userName) + ")]): Finding Test Object with id 'Object Repository/Community/Add a member to community'

2018-10-29 15:41:29 - [TEST_STEP][PASSED] - Statement - request.setHttpHeaderProperties(CustomKeywords.requestHeaders.Headers.AddHeaders()): requestHeaders.Headers.AddHeaders is PASSED

2018-10-29 15:41:29 - [MESSAGE][PASSED] - requestHeaders.Headers.AddHeaders is PASSED

2018-10-29 15:41:29 - [TEST_STEP][PASSED] - Statement - response = com.kms.katalon.core.webservice.keyword.WSBuiltInKeywords.sendRequest(request): Send request successfully

2018-10-29 15:41:29 - [MESSAGE][PASSED] - Send request successfully

2018-10-29 15:41:29 - [TEST_STEP][PASSED] - verifyResponseStatusCode: Verify response status code successfully

2018-10-29 15:41:29 - [MESSAGE][PASSED] - Verify response status code successfully

2018-10-29 15:41:29 - [TEST_STEP][PASSED] - Statement - return response: null

2018-10-29 15:41:29 - [MESSAGE][PASSED] - Call Test Case 'Test Cases/Library/Community/Add a member to community' successfully

2018-10-29 15:41:29 - [TEST_STEP][PASSED] - callTestCase: Call Test Case 'Test Cases/Library/Community/Create discussion under community' successfully

2018-10-29 15:41:29 - [TEST_CASE][PASSED] - Test Cases/Library/Community/Create discussion under community: Test Cases/Library/Community/Create discussion under community

2018-10-29 15:41:29 - [TEST_STEP][PASSED] - Statement - request = com.kms.katalon.core.testobject.ObjectRepository.findTestObject(Object Repository/Community/Create discussion under community, [host:internal.GlobalVariable.g_URL, CommunityID:((" + CommunityID) + "), DiscussionName:DiscussionName, DiscussionDesc:((" + DiscussionDesc) + ")]): Finding Test Object with id 'Object Repository/Community/Create discussion under community'

2018-10-29 15:41:29 - [TEST_STEP][PASSED] - Statement - request.setHttpHeaderProperties(CustomKeywords.requestHeaders.Headers.AddHeaders()): requestHeaders.Headers.AddHeaders is PASSED

2018-10-29 15:41:29 - [MESSAGE][PASSED] - requestHeaders.Headers.AddHeaders is PASSED

2018-10-29 15:41:29 - [TEST_STEP][PASSED] - Statement - response = <not implemented yet for class: org.codehaus.groovy.ast.expr.EmptyExpression>: null

2018-10-29 15:41:29 - [TEST_STEP][PASSED] - Statement - response = com.kms.katalon.core.webservice.keyword.WSBuiltInKeywords.sendRequest(request): Send request successfully

2018-10-29 15:41:29 - [MESSAGE][PASSED] - Send request successfully

2018-10-29 15:41:29 - [TEST_STEP][PASSED] - verifyResponseStatusCode: Verify response status code successfully

2018-10-29 15:41:29 - [MESSAGE][PASSED] - Verify response status code successfully

2018-10-29 15:41:29 - [TEST_STEP][PASSED] - Statement - return response: null

2018-10-29 15:41:29 - [MESSAGE][PASSED] - Call Test Case 'Test Cases/Library/Community/Create discussion under community' successfully

2018-10-29 15:41:29 - [TEST_STEP][PASSED] - Statement - res1 = com.kms.katalon.core.webui.keyword.WebUiBuiltInKeywords.callTestCase(com.kms.katalon.core.testcase.TestCaseFactory.findTestCase(Library/Community/Get Discussions), ["CommunityID":CommunityID], STOP_ON_FAILURE): Call Test Case 'Test Cases/Library/Community/Get Discussions' successfully

2018-10-29 15:41:29 - [TEST_CASE][PASSED] - Test Cases/Library/Community/Get Discussions: Test Cases/Library/Community/Get Discussions

2018-10-29 15:41:29 - [TEST_STEP][PASSED] - Statement - request = com.kms.katalon.core.testobject.ObjectRepository.findTestObject(Object Repository/Community/Get Discussions, [host:internal.GlobalVariable.g_URL, CommunityID:CommunityID]): Finding Test Object with id 'Object Repository/Community/Get Discussions'

2018-10-29 15:41:29 - [TEST_STEP][PASSED] - Statement - request.setHttpHeaderProperties(CustomKeywords.requestHeaders.Headers.AddHeaders()): requestHeaders.Headers.AddHeaders is PASSED

2018-10-29 15:41:29 - [MESSAGE][PASSED] - requestHeaders.Headers.AddHeaders is PASSED

2018-10-29 15:41:29 - [TEST_STEP][PASSED] - Statement - response = com.kms.katalon.core.webservice.keyword.WSBuiltInKeywords.sendRequest(request): Send request successfully

2018-10-29 15:41:29 - [MESSAGE][PASSED] - Send request successfully

2018-10-29 15:41:29 - [TEST_STEP][PASSED] - Statement - return response: null

2018-10-29 15:41:29 - [MESSAGE][PASSED] - Call Test Case 'Test Cases/Library/Community/Get Discussions' successfully

2018-10-29 15:41:29 - [TEST_STEP][PASSED] - Statement - DiscussionId = discussions: getAttributeValue.GetAttributeValue.GetAttribute is PASSED

2018-10-29 15:41:29 - [MESSAGE][PASSED] - getAttributeValue.GetAttributeValue.GetAttribute is PASSED

2018-10-29 15:41:29 - [TEST_STEP][PASSED] - Statement - ResponseText = res1.getResponseText(): null

2018-10-29 15:41:29 - [TEST_STEP][PASSED] - Statement - id = ""id"": null

2018-10-29 15:41:29 - [TEST_STEP][PASSED] - Statement - firstIndex = ResponseText.indexOf(id) + id.length(): null

2018-10-29 15:41:29 - [TEST_STEP][PASSED] - Statement - name = ResponseText.substring(firstIndex): null

2018-10-29 15:41:29 - [TEST_STEP][PASSED] - Statement - lastIndex = name.indexOf(","): null

2018-10-29 15:41:29 - [TEST_STEP][PASSED] - Statement - finalString = name.substring(0, lastIndex).replace(""", "").replaceAll("[:]", "").trim(): null

2018-10-29 15:41:29 - [TEST_STEP][PASSED] - Statement - res = com.kms.katalon.core.webui.keyword.WebUiBuiltInKeywords.callTestCase(com.kms.katalon.core.testcase.TestCaseFactory.findTestCase(Library/Contributer/Create a discussion thread), ["DiscussionID":finalString, "Comment":data.getValue("Comment", 46)], STOP_ON_FAILURE): Call Test Case 'Test Cases/Library/Contributer/Create a discussion thread' successfully

2018-10-29 15:41:29 - [TEST_CASE][PASSED] - Test Cases/Library/Contributer/Create a discussion thread: Test Cases/Library/Contributer/Create a discussion thread

2018-10-29 15:41:30 - [TEST_STEP][PASSED] - Statement - request = com.kms.katalon.core.testobject.ObjectRepository.findTestObject(Object Repository/Community/Create a discussion thread, [host:internal.GlobalVariable.g_URL]): Finding Test Object with id 'Object Repository/Community/Create a discussion thread'

2018-10-29 15:41:30 - [TEST_STEP][PASSED] - Statement - request.setHttpHeaderProperties(CustomKeywords.requestHeaders.Headers.AddHeaders(ContributerToken)): requestHeaders.Headers.AddHeaders is PASSED

2018-10-29 15:41:30 - [MESSAGE][PASSED] - requestHeaders.Headers.AddHeaders is PASSED

2018-10-29 15:41:30 - [TEST_STEP][PASSED] - Statement - response = <not implemented yet for class: org.codehaus.groovy.ast.expr.EmptyExpression>: null

2018-10-29 15:41:30 - [TEST_STEP][PASSED] - Statement - vsRequestBody = "": null

2018-10-29 15:41:30 - [TEST_STEP][PASSED] - Statement - vsRequestBody = request.getHttpBody(): null

2018-10-29 15:41:30 - [TEST_STEP][PASSED] - Statement - vsRequestBody = vsRequestBody.replace("${DiscussionID}", """ + DiscussionID + """): null

2018-10-29 15:41:30 - [TEST_STEP][PASSED] - Statement - request.setHttpBody(vsRequestBody): null

2018-10-29 15:41:30 - [TEST_STEP][PASSED] - Statement - response = com.kms.katalon.core.webservice.keyword.WSBuiltInKeywords.sendRequest(request): Send request successfully

2018-10-29 15:41:30 - [MESSAGE][PASSED] - Send request successfully

2018-10-29 15:41:30 - [TEST_STEP][PASSED] - verifyResponseStatusCode: Verify response status code successfully

2018-10-29 15:41:30 - [MESSAGE][PASSED] - Verify response status code successfully

2018-10-29 15:41:30 - [TEST_STEP][PASSED] - Statement - return response: null

2018-10-29 15:41:30 - [MESSAGE][PASSED] - Call Test Case 'Test Cases/Library/Contributer/Create a discussion thread' successfully

2018-10-29 15:41:30 - [TEST_STEP][PASSED] - verifyResponseStatusCode: Verify response status code successfully

2018-10-29 15:41:30 - [MESSAGE][PASSED] - Verify response status code successfully]]></system-out>
         <system-err><![CDATA[]]></system-err>
      </testcase>
      <testcase name="Test Cases/TestCases/Social_SecurityAndRole_MOB-3489/TC-135500Verify Contributor of a community is able to view discussions created by others" classname="Test Cases/TestCases/Social_SecurityAndRole_MOB-3489/TC-135500Verify Contributor of a community is able to view discussions created by others" status="PASSED">
         <system-out><![CDATA[2018-10-29 15:41:30 - [TEST_CASE][PASSED] - Test Cases/TestCases/Social_SecurityAndRole_MOB-3489/TC-135500Verify Contributor of a community is able to view discussions created by others: Test Cases/TestCases/Social_SecurityAndRole_MOB-3489/TC-135500Verify Contributor of a community is able to view discussions created by others

2018-10-29 15:41:30 - [TEST_STEP][PASSED] - Statement - data = com.kms.katalon.core.testdata.TestDataFactory.findTestData(TestData): Reading CSV file with source file 'comma', separator 'containing header' and '{2}'

2018-10-29 15:41:30 - [TEST_STEP][PASSED] - callTestCase: Call Test Case 'Test Cases/Library/Community/Create discussion under community' successfully

2018-10-29 15:41:30 - [TEST_CASE][PASSED] - Test Cases/Library/Community/Create discussion under community: Test Cases/Library/Community/Create discussion under community

2018-10-29 15:41:30 - [TEST_STEP][PASSED] - Statement - request = com.kms.katalon.core.testobject.ObjectRepository.findTestObject(Object Repository/Community/Create discussion under community, [host:internal.GlobalVariable.g_URL, CommunityID:((" + CommunityID) + "), DiscussionName:DiscussionName, DiscussionDesc:((" + DiscussionDesc) + ")]): Finding Test Object with id 'Object Repository/Community/Create discussion under community'

2018-10-29 15:41:35 - [TEST_STEP][PASSED] - Statement - request.setHttpHeaderProperties(CustomKeywords.requestHeaders.Headers.AddHeaders()): requestHeaders.Headers.AddHeaders is PASSED

2018-10-29 15:41:35 - [MESSAGE][PASSED] - requestHeaders.Headers.AddHeaders is PASSED

2018-10-29 15:41:35 - [TEST_STEP][PASSED] - Statement - response = <not implemented yet for class: org.codehaus.groovy.ast.expr.EmptyExpression>: null

2018-10-29 15:41:35 - [TEST_STEP][PASSED] - Statement - response = com.kms.katalon.core.webservice.keyword.WSBuiltInKeywords.sendRequest(request): Send request successfully

2018-10-29 15:41:35 - [MESSAGE][PASSED] - Send request successfully

2018-10-29 15:41:35 - [TEST_STEP][PASSED] - verifyResponseStatusCode: Verify response status code successfully

2018-10-29 15:41:35 - [MESSAGE][PASSED] - Verify response status code successfully

2018-10-29 15:41:35 - [TEST_STEP][PASSED] - Statement - return response: null

2018-10-29 15:41:35 - [MESSAGE][PASSED] - Call Test Case 'Test Cases/Library/Community/Create discussion under community' successfully

2018-10-29 15:41:35 - [TEST_STEP][PASSED] - callTestCase: Call Test Case 'Test Cases/Library/Community/Add a member to community' successfully

2018-10-29 15:41:35 - [TEST_CASE][PASSED] - Test Cases/Library/Community/Add a member to community: Test Cases/Library/Community/Add a member to community

2018-10-29 15:41:35 - [TEST_STEP][PASSED] - Statement - request = com.kms.katalon.core.testobject.ObjectRepository.findTestObject(Object Repository/Community/Add a member to community, [host:internal.GlobalVariable.g_URL, CommunityID:communityID, rating:((" + rating) + "), userID:((" + userID) + "), userName:((" + userName) + ")]): Finding Test Object with id 'Object Repository/Community/Add a member to community'

2018-10-29 15:41:35 - [TEST_STEP][PASSED] - Statement - request.setHttpHeaderProperties(CustomKeywords.requestHeaders.Headers.AddHeaders()): requestHeaders.Headers.AddHeaders is PASSED

2018-10-29 15:41:35 - [MESSAGE][PASSED] - requestHeaders.Headers.AddHeaders is PASSED

2018-10-29 15:41:35 - [TEST_STEP][PASSED] - Statement - response = com.kms.katalon.core.webservice.keyword.WSBuiltInKeywords.sendRequest(request): Send request successfully

2018-10-29 15:41:36 - [MESSAGE][PASSED] - Send request successfully

2018-10-29 15:41:36 - [TEST_STEP][PASSED] - verifyResponseStatusCode: Verify response status code successfully

2018-10-29 15:41:36 - [MESSAGE][PASSED] - Verify response status code successfully

2018-10-29 15:41:36 - [TEST_STEP][PASSED] - Statement - return response: null

2018-10-29 15:41:36 - [MESSAGE][PASSED] - Call Test Case 'Test Cases/Library/Community/Add a member to community' successfully

2018-10-29 15:41:36 - [TEST_STEP][PASSED] - Statement - res = com.kms.katalon.core.webui.keyword.WebUiBuiltInKeywords.callTestCase(com.kms.katalon.core.testcase.TestCaseFactory.findTestCase(Library/Contributer/Get Discussions), ["CommunityID":CommunityID], STOP_ON_FAILURE): Call Test Case 'Test Cases/Library/Contributer/Get Discussions' successfully

2018-10-29 15:41:36 - [TEST_CASE][PASSED] - Test Cases/Library/Contributer/Get Discussions: Test Cases/Library/Contributer/Get Discussions

2018-10-29 15:41:36 - [TEST_STEP][PASSED] - Statement - request = com.kms.katalon.core.testobject.ObjectRepository.findTestObject(Object Repository/Community/Get Discussions, [host:internal.GlobalVariable.g_URL, CommunityID:CommunityID]): Finding Test Object with id 'Object Repository/Community/Get Discussions'

2018-10-29 15:41:36 - [TEST_STEP][PASSED] - Statement - request.setHttpHeaderProperties(CustomKeywords.requestHeaders.Headers.AddHeaders(ContributerToken)): requestHeaders.Headers.AddHeaders is PASSED

2018-10-29 15:41:36 - [MESSAGE][PASSED] - requestHeaders.Headers.AddHeaders is PASSED

2018-10-29 15:41:36 - [TEST_STEP][PASSED] - Statement - response = com.kms.katalon.core.webservice.keyword.WSBuiltInKeywords.sendRequest(request): Send request successfully

2018-10-29 15:41:36 - [MESSAGE][PASSED] - Send request successfully

2018-10-29 15:41:36 - [TEST_STEP][PASSED] - Statement - return response: null

2018-10-29 15:41:36 - [MESSAGE][PASSED] - Call Test Case 'Test Cases/Library/Contributer/Get Discussions' successfully

2018-10-29 15:41:36 - [TEST_STEP][PASSED] - containsString: Check contain string successfully

2018-10-29 15:41:36 - [MESSAGE][PASSED] - Check contain string successfully]]></system-out>
         <system-err><![CDATA[]]></system-err>
      </testcase>
      <testcase name="Test Cases/TestCases/Social_SecurityAndRole_MOB-3489/TC-135440Verify Community Moderator is able to add Users to the community" classname="Test Cases/TestCases/Social_SecurityAndRole_MOB-3489/TC-135440Verify Community Moderator is able to add Users to the community" status="PASSED">
         <system-out><![CDATA[2018-10-29 15:41:36 - [TEST_CASE][PASSED] - Test Cases/TestCases/Social_SecurityAndRole_MOB-3489/TC-135440Verify Community Moderator is able to add Users to the community: Test Cases/TestCases/Social_SecurityAndRole_MOB-3489/TC-135440Verify Community Moderator is able to add Users to the community

2018-10-29 15:41:36 - [TEST_STEP][PASSED] - Statement - data = com.kms.katalon.core.testdata.TestDataFactory.findTestData(TestData): Reading CSV file with source file 'comma', separator 'containing header' and '{2}'

2018-10-29 15:41:36 - [TEST_STEP][PASSED] - Statement - personpk = data.getValue("LMUser", 34): null

2018-10-29 15:41:36 - [TEST_STEP][PASSED] - Statement - pk = "'" + personpk + "'": null

2018-10-29 15:41:36 - [TEST_STEP][PASSED] - Statement - userid = "": null

2018-10-29 15:41:36 - [TEST_STEP][PASSED] - Statement - response = com.kms.katalon.core.webui.keyword.WebUiBuiltInKeywords.callTestCase(com.kms.katalon.core.testcase.TestCaseFactory.findTestCase(Library/Community/Create Community), ["communityName":data.getValue("CommunityName", 36), "CommunityDesc":data.getValue("CommunityDesc", 36), "allowDiscussionBoards":true, ... ], STOP_ON_FAILURE): Call Test Case 'Test Cases/Library/Community/Create Community' successfully

2018-10-29 15:41:36 - [TEST_CASE][PASSED] - Test Cases/Library/Community/Create Community: Test Cases/Library/Community/Create Community

2018-10-29 15:41:36 - [TEST_STEP][PASSED] - Statement - request = com.kms.katalon.core.testobject.ObjectRepository.findTestObject(Community/POST Create Community, [host:internal.GlobalVariable.g_URL, CommunityName:((" + communityName) + "), CommunityDesc:((" + CommunityDesc) + "), allowDiscussionBoards:((" + allowDiscussionBoards) + "), ... ]): Finding Test Object with id 'Object Repository/Community/POST Create Community'

2018-10-29 15:41:36 - [TEST_STEP][PASSED] - Statement - request.setHttpHeaderProperties(CustomKeywords.requestHeaders.Headers.AddHeaders()): requestHeaders.Headers.AddHeaders is PASSED

2018-10-29 15:41:36 - [MESSAGE][PASSED] - requestHeaders.Headers.AddHeaders is PASSED

2018-10-29 15:41:36 - [TEST_STEP][PASSED] - Statement - response = com.kms.katalon.core.webservice.keyword.WSBuiltInKeywords.sendRequest(request): Send request successfully

2018-10-29 15:41:36 - [MESSAGE][PASSED] - Send request successfully

2018-10-29 15:41:36 - [TEST_STEP][PASSED] - verifyResponseStatusCode: Verify response status code successfully

2018-10-29 15:41:36 - [MESSAGE][PASSED] - Verify response status code successfully

2018-10-29 15:41:36 - [TEST_STEP][PASSED] - containsString: Check contain string successfully

2018-10-29 15:41:36 - [MESSAGE][PASSED] - Check contain string successfully

2018-10-29 15:41:36 - [TEST_STEP][PASSED] - Statement - return response: null

2018-10-29 15:41:36 - [MESSAGE][PASSED] - Call Test Case 'Test Cases/Library/Community/Create Community' successfully

2018-10-29 15:41:36 - [TEST_STEP][PASSED] - Statement - CommunityID = id: getAttributeValue.GetAttributeValue.GetAttribute is PASSED

2018-10-29 15:41:36 - [MESSAGE][PASSED] - getAttributeValue.GetAttributeValue.GetAttribute is PASSED

2018-10-29 15:41:36 - [TEST_STEP][PASSED] - Statement - addModeratorResposne = com.kms.katalon.core.webui.keyword.WebUiBuiltInKeywords.callTestCase(com.kms.katalon.core.testcase.TestCaseFactory.findTestCase(Library/Community/Add a member to community), ["rating":"2", "userID":g_NameTemp, "userName":data.getValue("Contributer", 36), "communityID":CommunityID], STOP_ON_FAILURE): Call Test Case 'Test Cases/Library/Community/Add a member to community' successfully

2018-10-29 15:41:36 - [TEST_CASE][PASSED] - Test Cases/Library/Community/Add a member to community: Test Cases/Library/Community/Add a member to community

2018-10-29 15:41:36 - [TEST_STEP][PASSED] - Statement - request = com.kms.katalon.core.testobject.ObjectRepository.findTestObject(Object Repository/Community/Add a member to community, [host:internal.GlobalVariable.g_URL, CommunityID:communityID, rating:((" + rating) + "), userID:((" + userID) + "), userName:((" + userName) + ")]): Finding Test Object with id 'Object Repository/Community/Add a member to community'

2018-10-29 15:41:36 - [TEST_STEP][PASSED] - Statement - request.setHttpHeaderProperties(CustomKeywords.requestHeaders.Headers.AddHeaders()): requestHeaders.Headers.AddHeaders is PASSED

2018-10-29 15:41:36 - [MESSAGE][PASSED] - requestHeaders.Headers.AddHeaders is PASSED

2018-10-29 15:41:36 - [TEST_STEP][PASSED] - Statement - response = com.kms.katalon.core.webservice.keyword.WSBuiltInKeywords.sendRequest(request): Send request successfully

2018-10-29 15:41:42 - [MESSAGE][PASSED] - Send request successfully

2018-10-29 15:41:42 - [TEST_STEP][PASSED] - verifyResponseStatusCode: Verify response status code successfully

2018-10-29 15:41:42 - [MESSAGE][PASSED] - Verify response status code successfully

2018-10-29 15:41:42 - [TEST_STEP][PASSED] - Statement - return response: null

2018-10-29 15:41:42 - [MESSAGE][PASSED] - Call Test Case 'Test Cases/Library/Community/Add a member to community' successfully

2018-10-29 15:41:42 - [TEST_STEP][PASSED] - verifyResponseStatusCode: Verify response status code successfully

2018-10-29 15:41:42 - [MESSAGE][PASSED] - Verify response status code successfully

2018-10-29 15:41:42 - [TEST_STEP][PASSED] - Statement - addContributerResponse = com.kms.katalon.core.webui.keyword.WebUiBuiltInKeywords.callTestCase(com.kms.katalon.core.testcase.TestCaseFactory.findTestCase(Library/Moderator/Add a member to community), ["rating":"2", "userID":ContributerID, "userName":ContributerUser, "communityID":CommunityID], STOP_ON_FAILURE): Call Test Case 'Test Cases/Library/Moderator/Add a member to community' successfully

2018-10-29 15:41:42 - [TEST_CASE][PASSED] - Test Cases/Library/Moderator/Add a member to community: Test Cases/Library/Moderator/Add a member to community

2018-10-29 15:41:43 - [TEST_STEP][PASSED] - Statement - request = com.kms.katalon.core.testobject.ObjectRepository.findTestObject(Object Repository/Community/Add a member to community, [host:internal.GlobalVariable.g_URL, CommunityID:communityID]): Finding Test Object with id 'Object Repository/Community/Add a member to community'

2018-10-29 15:41:43 - [TEST_STEP][PASSED] - Statement - request.setHttpHeaderProperties(CustomKeywords.requestHeaders.Headers.AddHeaders(g_ModeratorToken)): requestHeaders.Headers.AddHeaders is PASSED

2018-10-29 15:41:43 - [MESSAGE][PASSED] - requestHeaders.Headers.AddHeaders is PASSED

2018-10-29 15:41:43 - [TEST_STEP][PASSED] - Statement - reponse = <not implemented yet for class: org.codehaus.groovy.ast.expr.EmptyExpression>: null

2018-10-29 15:41:43 - [TEST_STEP][PASSED] - Statement - vsRequestBody = "": null

2018-10-29 15:41:43 - [TEST_STEP][PASSED] - Statement - vsRequestBody = request.getHttpBody(): null

2018-10-29 15:41:43 - [TEST_STEP][PASSED] - Statement - vsRequestBody = vsRequestBody.replace("${rating}", """ + rating + """): null

2018-10-29 15:41:43 - [TEST_STEP][PASSED] - Statement - vsRequestBody = vsRequestBody.replace("${userID}", """ + userID + """): null

2018-10-29 15:41:43 - [TEST_STEP][PASSED] - Statement - vsRequestBody = vsRequestBody.replace("${userName}", """ + userName + """): null

2018-10-29 15:41:43 - [TEST_STEP][PASSED] - Statement - request.setHttpBody(vsRequestBody): null

2018-10-29 15:41:43 - [TEST_STEP][PASSED] - Statement - response = com.kms.katalon.core.webservice.keyword.WSBuiltInKeywords.sendRequest(request): Send request successfully

2018-10-29 15:41:43 - [MESSAGE][PASSED] - Send request successfully

2018-10-29 15:41:43 - [TEST_STEP][PASSED] - verifyResponseStatusCode: Verify response status code successfully

2018-10-29 15:41:43 - [MESSAGE][PASSED] - Verify response status code successfully

2018-10-29 15:41:43 - [TEST_STEP][PASSED] - Statement - return response: null

2018-10-29 15:41:43 - [MESSAGE][PASSED] - Call Test Case 'Test Cases/Library/Moderator/Add a member to community' successfully

2018-10-29 15:41:43 - [TEST_STEP][PASSED] - verifyResponseStatusCode: Verify response status code successfully

2018-10-29 15:41:43 - [MESSAGE][PASSED] - Verify response status code successfully]]></system-out>
         <system-err><![CDATA[]]></system-err>
      </testcase>
      <testcase name="Test Cases/TestCases/Social_SecurityAndRole_MOB-3489/TC-135505Verify Contributor of a community is able to provide rating to the community" classname="Test Cases/TestCases/Social_SecurityAndRole_MOB-3489/TC-135505Verify Contributor of a community is able to provide rating to the community" status="PASSED">
         <system-out><![CDATA[2018-10-29 15:41:43 - [TEST_CASE][PASSED] - Test Cases/TestCases/Social_SecurityAndRole_MOB-3489/TC-135505Verify Contributor of a community is able to provide rating to the community: Test Cases/TestCases/Social_SecurityAndRole_MOB-3489/TC-135505Verify Contributor of a community is able to provide rating to the community

2018-10-29 15:41:43 - [TEST_STEP][PASSED] - Statement - data = com.kms.katalon.core.testdata.TestDataFactory.findTestData(TestData): Reading CSV file with source file 'comma', separator 'containing header' and '{2}'

2018-10-29 15:41:43 - [TEST_STEP][PASSED] - Statement - response4 = com.kms.katalon.core.webui.keyword.WebUiBuiltInKeywords.callTestCase(com.kms.katalon.core.testcase.TestCaseFactory.findTestCase(Library/Community/Add a member to community), ["rating":"3", "userID":ContributerID, "userName":ContributerUser, "communityID":CommunityID], STOP_ON_FAILURE): Call Test Case 'Test Cases/Library/Community/Add a member to community' successfully

2018-10-29 15:41:43 - [TEST_CASE][PASSED] - Test Cases/Library/Community/Add a member to community: Test Cases/Library/Community/Add a member to community

2018-10-29 15:41:43 - [TEST_STEP][PASSED] - Statement - request = com.kms.katalon.core.testobject.ObjectRepository.findTestObject(Object Repository/Community/Add a member to community, [host:internal.GlobalVariable.g_URL, CommunityID:communityID, rating:((" + rating) + "), userID:((" + userID) + "), userName:((" + userName) + ")]): Finding Test Object with id 'Object Repository/Community/Add a member to community'

2018-10-29 15:41:43 - [TEST_STEP][PASSED] - Statement - request.setHttpHeaderProperties(CustomKeywords.requestHeaders.Headers.AddHeaders()): requestHeaders.Headers.AddHeaders is PASSED

2018-10-29 15:41:43 - [MESSAGE][PASSED] - requestHeaders.Headers.AddHeaders is PASSED

2018-10-29 15:41:43 - [TEST_STEP][PASSED] - Statement - response = com.kms.katalon.core.webservice.keyword.WSBuiltInKeywords.sendRequest(request): Send request successfully

2018-10-29 15:41:43 - [MESSAGE][PASSED] - Send request successfully

2018-10-29 15:41:43 - [TEST_STEP][PASSED] - verifyResponseStatusCode: Verify response status code successfully

2018-10-29 15:41:43 - [MESSAGE][PASSED] - Verify response status code successfully

2018-10-29 15:41:43 - [TEST_STEP][PASSED] - Statement - return response: null

2018-10-29 15:41:43 - [MESSAGE][PASSED] - Call Test Case 'Test Cases/Library/Community/Add a member to community' successfully

2018-10-29 15:41:43 - [TEST_STEP][PASSED] - verifyResponseStatusCode: Verify response status code successfully

2018-10-29 15:41:43 - [MESSAGE][PASSED] - Verify response status code successfully

2018-10-29 15:41:43 - [TEST_STEP][PASSED] - callTestCase: Call Test Case 'Test Cases/Library/Contributer/Create or Update Rating' successfully

2018-10-29 15:41:43 - [TEST_CASE][PASSED] - Test Cases/Library/Contributer/Create or Update Rating: Test Cases/Library/Contributer/Create or Update Rating

2018-10-29 15:41:43 - [TEST_STEP][PASSED] - Statement - request = com.kms.katalon.core.testobject.ObjectRepository.findTestObject(Object Repository/Community/Create or Update Rating, [host:internal.GlobalVariable.g_URL, communityID:communityID]): Finding Test Object with id 'Object Repository/Community/Create or Update Rating'

2018-10-29 15:41:43 - [TEST_STEP][PASSED] - Statement - request.setHttpHeaderProperties(CustomKeywords.requestHeaders.Headers.AddHeaders(ContributerToken)): requestHeaders.Headers.AddHeaders is PASSED

2018-10-29 15:41:43 - [MESSAGE][PASSED] - requestHeaders.Headers.AddHeaders is PASSED

2018-10-29 15:41:43 - [TEST_STEP][PASSED] - Statement - reponse = <not implemented yet for class: org.codehaus.groovy.ast.expr.EmptyExpression>: null

2018-10-29 15:41:43 - [TEST_STEP][PASSED] - Statement - vsRequestBody = "": null

2018-10-29 15:41:43 - [TEST_STEP][PASSED] - Statement - vsRequestBody = request.getHttpBody(): null

2018-10-29 15:41:43 - [TEST_STEP][PASSED] - Statement - vsRequestBody = vsRequestBody.replace("${userID}", """ + userID + """): null

2018-10-29 15:41:43 - [TEST_STEP][PASSED] - Statement - vsRequestBody = vsRequestBody.replace("${CommunityID}", """ + communityID + """): null

2018-10-29 15:41:43 - [TEST_STEP][PASSED] - Statement - vsRequestBody = vsRequestBody.replace("${Rating}", """ + rating + """): null

2018-10-29 15:41:43 - [TEST_STEP][PASSED] - Statement - request.setHttpBody(vsRequestBody): null

2018-10-29 15:41:43 - [TEST_STEP][PASSED] - Statement - response = com.kms.katalon.core.webservice.keyword.WSBuiltInKeywords.sendRequest(request): Send request successfully

2018-10-29 15:41:43 - [MESSAGE][PASSED] - Send request successfully

2018-10-29 15:41:43 - [TEST_STEP][PASSED] - verifyResponseStatusCode: Verify response status code successfully

2018-10-29 15:41:43 - [MESSAGE][PASSED] - Verify response status code successfully

2018-10-29 15:41:43 - [TEST_STEP][PASSED] - Statement - return response: null

2018-10-29 15:41:43 - [MESSAGE][PASSED] - Call Test Case 'Test Cases/Library/Contributer/Create or Update Rating' successfully

2018-10-29 15:41:43 - [TEST_STEP][PASSED] - Statement - com = com.kms.katalon.core.webui.keyword.WebUiBuiltInKeywords.callTestCase(com.kms.katalon.core.testcase.TestCaseFactory.findTestCase(Library/Community/Get Community details by ID), ["communityID":CommunityID], STOP_ON_FAILURE): Call Test Case 'Test Cases/Library/Community/Get Community details by ID' successfully

2018-10-29 15:41:50 - [TEST_CASE][PASSED] - Test Cases/Library/Community/Get Community details by ID: Test Cases/Library/Community/Get Community details by ID

2018-10-29 15:41:50 - [TEST_STEP][PASSED] - Statement - getCommunity = com.kms.katalon.core.testobject.ObjectRepository.findTestObject(Community/Get Community, [host:internal.GlobalVariable.g_URL, communityID:communityID]): Finding Test Object with id 'Object Repository/Community/Get Community'

2018-10-29 15:41:50 - [TEST_STEP][PASSED] - Statement - getCommunity.setHttpHeaderProperties(CustomKeywords.requestHeaders.Headers.AddHeaders()): requestHeaders.Headers.AddHeaders is PASSED

2018-10-29 15:41:50 - [MESSAGE][PASSED] - requestHeaders.Headers.AddHeaders is PASSED

2018-10-29 15:41:50 - [TEST_STEP][PASSED] - Statement - getResponse = com.kms.katalon.core.webservice.keyword.WSBuiltInKeywords.sendRequest(getCommunity): Send request successfully

2018-10-29 15:41:50 - [MESSAGE][PASSED] - Send request successfully

2018-10-29 15:41:50 - [TEST_STEP][PASSED] - verifyResponseStatusCode: Verify response status code successfully

2018-10-29 15:41:50 - [MESSAGE][PASSED] - Verify response status code successfully

2018-10-29 15:41:50 - [TEST_STEP][PASSED] - Statement - return getResponse: null

2018-10-29 15:41:50 - [MESSAGE][PASSED] - Call Test Case 'Test Cases/Library/Community/Get Community details by ID' successfully

2018-10-29 15:41:50 - [TEST_STEP][PASSED] - Statement - getRating = avgRating: getAttributeValue.GetAttributeValue.GetAttribute is PASSED

2018-10-29 15:41:50 - [MESSAGE][PASSED] - getAttributeValue.GetAttributeValue.GetAttribute is PASSED

2018-10-29 15:41:50 - [TEST_STEP][PASSED] - Statement - rating = java.lang.Math.round(getRating): null

2018-10-29 15:41:50 - [TEST_STEP][PASSED] - Statement - If (rating == "5"): null

2018-10-29 15:41:50 - [TEST_STEP][PASSED] - Statement - Else If (!(rating) == "5"): null

2018-10-29 15:41:50 - [TEST_STEP][PASSED] - Statement - Else: null

2018-10-29 15:41:50 - [TEST_STEP][PASSED] - Statement - println("if conditions shold not execute"): null]]></system-out>
         <system-err><![CDATA[]]></system-err>
      </testcase>
      <testcase name="Test Cases/TestCases/Social_SecurityAndRole_MOB-3489/TC-135509Verify Non Member can View the star rating but cannot edit it for private community" classname="Test Cases/TestCases/Social_SecurityAndRole_MOB-3489/TC-135509Verify Non Member can View the star rating but cannot edit it for private community" status="PASSED">
         <system-out><![CDATA[2018-10-29 15:41:50 - [TEST_CASE][PASSED] - Test Cases/TestCases/Social_SecurityAndRole_MOB-3489/TC-135509Verify Non Member can View the star rating but cannot edit it for private community: Test Cases/TestCases/Social_SecurityAndRole_MOB-3489/TC-135509Verify Non Member can View the star rating but cannot edit it for private community

2018-10-29 15:41:51 - [TEST_STEP][PASSED] - Statement - data = com.kms.katalon.core.testdata.TestDataFactory.findTestData(TestData): Reading CSV file with source file 'comma', separator 'containing header' and '{2}'

2018-10-29 15:41:51 - [TEST_STEP][PASSED] - Statement - response = com.kms.katalon.core.webui.keyword.WebUiBuiltInKeywords.callTestCase(com.kms.katalon.core.testcase.TestCaseFactory.findTestCase(Library/Community/Create Community), ["communityName":data.getValue("CommunityName", 41), "CommunityDesc":data.getValue("CommunityDesc", 41), "allowDiscussionBoards":true, ... ], STOP_ON_FAILURE): Call Test Case 'Test Cases/Library/Community/Create Community' successfully

2018-10-29 15:41:51 - [TEST_CASE][PASSED] - Test Cases/Library/Community/Create Community: Test Cases/Library/Community/Create Community

2018-10-29 15:41:51 - [TEST_STEP][PASSED] - Statement - request = com.kms.katalon.core.testobject.ObjectRepository.findTestObject(Community/POST Create Community, [host:internal.GlobalVariable.g_URL, CommunityName:((" + communityName) + "), CommunityDesc:((" + CommunityDesc) + "), allowDiscussionBoards:((" + allowDiscussionBoards) + "), ... ]): Finding Test Object with id 'Object Repository/Community/POST Create Community'

2018-10-29 15:41:51 - [TEST_STEP][PASSED] - Statement - request.setHttpHeaderProperties(CustomKeywords.requestHeaders.Headers.AddHeaders()): requestHeaders.Headers.AddHeaders is PASSED

2018-10-29 15:41:51 - [MESSAGE][PASSED] - requestHeaders.Headers.AddHeaders is PASSED

2018-10-29 15:41:51 - [TEST_STEP][PASSED] - Statement - response = com.kms.katalon.core.webservice.keyword.WSBuiltInKeywords.sendRequest(request): Send request successfully

2018-10-29 15:41:51 - [MESSAGE][PASSED] - Send request successfully

2018-10-29 15:41:51 - [TEST_STEP][PASSED] - verifyResponseStatusCode: Verify response status code successfully

2018-10-29 15:41:51 - [MESSAGE][PASSED] - Verify response status code successfully

2018-10-29 15:41:51 - [TEST_STEP][PASSED] - containsString: Check contain string successfully

2018-10-29 15:41:51 - [MESSAGE][PASSED] - Check contain string successfully

2018-10-29 15:41:51 - [TEST_STEP][PASSED] - Statement - return response: null

2018-10-29 15:41:51 - [MESSAGE][PASSED] - Call Test Case 'Test Cases/Library/Community/Create Community' successfully

2018-10-29 15:41:51 - [TEST_STEP][PASSED] - verifyResponseStatusCode: Verify response status code successfully

2018-10-29 15:41:51 - [MESSAGE][PASSED] - Verify response status code successfully

2018-10-29 15:41:51 - [TEST_STEP][PASSED] - Statement - CommunityID = id: getAttributeValue.GetAttributeValue.GetAttribute is PASSED

2018-10-29 15:41:51 - [MESSAGE][PASSED] - getAttributeValue.GetAttributeValue.GetAttribute is PASSED

2018-10-29 15:41:51 - [TEST_STEP][PASSED] - callTestCase: Call Test Case 'Test Cases/Library/Community/Create or Update Rating' successfully

2018-10-29 15:41:51 - [TEST_CASE][PASSED] - Test Cases/Library/Community/Create or Update Rating: Test Cases/Library/Community/Create or Update Rating

2018-10-29 15:41:51 - [TEST_STEP][PASSED] - Statement - request = com.kms.katalon.core.testobject.ObjectRepository.findTestObject(Object Repository/Community/Create or Update Rating, [host:internal.GlobalVariable.g_URL, communityID:communityID, userID:((" + userID) + "), CommunityID:((" + communityID) + "), ... ]): Finding Test Object with id 'Object Repository/Community/Create or Update Rating'

2018-10-29 15:41:51 - [TEST_STEP][PASSED] - Statement - request.setHttpHeaderProperties(CustomKeywords.requestHeaders.Headers.AddHeaders()): requestHeaders.Headers.AddHeaders is PASSED

2018-10-29 15:41:51 - [MESSAGE][PASSED] - requestHeaders.Headers.AddHeaders is PASSED

2018-10-29 15:41:51 - [TEST_STEP][PASSED] - Statement - reponse = <not implemented yet for class: org.codehaus.groovy.ast.expr.EmptyExpression>: null

2018-10-29 15:41:51 - [TEST_STEP][PASSED] - Statement - response = com.kms.katalon.core.webservice.keyword.WSBuiltInKeywords.sendRequest(request): Send request successfully

2018-10-29 15:41:51 - [MESSAGE][PASSED] - Send request successfully

2018-10-29 15:41:51 - [TEST_STEP][PASSED] - verifyResponseStatusCode: Verify response status code successfully

2018-10-29 15:41:51 - [MESSAGE][PASSED] - Verify response status code successfully

2018-10-29 15:41:51 - [TEST_STEP][PASSED] - Statement - return response: null

2018-10-29 15:41:51 - [MESSAGE][PASSED] - Call Test Case 'Test Cases/Library/Community/Create or Update Rating' successfully

2018-10-29 15:41:51 - [TEST_STEP][PASSED] - Statement - com = com.kms.katalon.core.webui.keyword.WebUiBuiltInKeywords.callTestCase(com.kms.katalon.core.testcase.TestCaseFactory.findTestCase(Library/Moderator/Get Community details by ID), ["communityID":CommunityID], STOP_ON_FAILURE): Call Test Case 'Test Cases/Library/Moderator/Get Community details by ID' successfully

2018-10-29 15:41:51 - [TEST_CASE][PASSED] - Test Cases/Library/Moderator/Get Community details by ID: Test Cases/Library/Moderator/Get Community details by ID

2018-10-29 15:41:51 - [TEST_STEP][PASSED] - Statement - getCommunity = com.kms.katalon.core.testobject.ObjectRepository.findTestObject(Community/Get Community, [host:internal.GlobalVariable.g_URL, communityID:communityID]): Finding Test Object with id 'Object Repository/Community/Get Community'

2018-10-29 15:41:51 - [TEST_STEP][PASSED] - Statement - getCommunity.setHttpHeaderProperties(CustomKeywords.requestHeaders.Headers.AddHeaders(g_ModeratorToken)): requestHeaders.Headers.AddHeaders is PASSED

2018-10-29 15:41:51 - [MESSAGE][PASSED] - requestHeaders.Headers.AddHeaders is PASSED

2018-10-29 15:41:51 - [TEST_STEP][PASSED] - Statement - getResponse = com.kms.katalon.core.webservice.keyword.WSBuiltInKeywords.sendRequest(getCommunity): Send request successfully

2018-10-29 15:41:51 - [MESSAGE][PASSED] - Send request successfully

2018-10-29 15:41:51 - [TEST_STEP][PASSED] - verifyResponseStatusCode: Verify response status code successfully

2018-10-29 15:41:51 - [MESSAGE][PASSED] - Verify response status code successfully

2018-10-29 15:41:51 - [TEST_STEP][PASSED] - Statement - return getResponse: null

2018-10-29 15:41:51 - [MESSAGE][PASSED] - Call Test Case 'Test Cases/Library/Moderator/Get Community details by ID' successfully

2018-10-29 15:41:51 - [TEST_STEP][PASSED] - Statement - getRating = avgRating: getAttributeValue.GetAttributeValue.GetAttribute is PASSED

2018-10-29 15:41:51 - [MESSAGE][PASSED] - getAttributeValue.GetAttributeValue.GetAttribute is PASSED

2018-10-29 15:41:51 - [TEST_STEP][PASSED] - Statement - rating = java.lang.Math.round(getRating): null

2018-10-29 15:41:58 - [TEST_STEP][PASSED] - Statement - If (rating == "5"): null

2018-10-29 15:41:58 - [TEST_STEP][PASSED] - Statement - Else If (!(rating) == "5"): null

2018-10-29 15:41:58 - [TEST_STEP][PASSED] - Statement - Else: null

2018-10-29 15:41:58 - [TEST_STEP][PASSED] - Statement - println("if conditions shold not execute"): null]]></system-out>
         <system-err><![CDATA[]]></system-err>
      </testcase>
      <testcase name="Test Cases/TestCases/Social_SecurityAndRole_MOB-3489/TC-135424Verify the default role of the user added to the community is a contributor role" classname="Test Cases/TestCases/Social_SecurityAndRole_MOB-3489/TC-135424Verify the default role of the user added to the community is a contributor role" status="PASSED">
         <system-out><![CDATA[2018-10-29 15:41:58 - [TEST_CASE][PASSED] - Test Cases/TestCases/Social_SecurityAndRole_MOB-3489/TC-135424Verify the default role of the user added to the community is a contributor role: Test Cases/TestCases/Social_SecurityAndRole_MOB-3489/TC-135424Verify the default role of the user added to the community is a contributor role

2018-10-29 15:41:59 - [TEST_STEP][PASSED] - Statement - retValue = <not implemented yet for class: org.codehaus.groovy.ast.expr.EmptyExpression>: null

2018-10-29 15:41:59 - [TEST_STEP][PASSED] - Statement - If (G_19872BoolValue == true): null

2018-10-29 15:41:59 - [TEST_STEP][PASSED] - Statement - retValue = true: null

2018-10-29 15:41:59 - [TEST_STEP][PASSED] - Statement - If (retValue == true): null

2018-10-29 15:41:59 - [TEST_STEP][PASSED] - Statement - assert retValue == true: null]]></system-out>
         <system-err><![CDATA[]]></system-err>
      </testcase>
      <testcase name="Test Cases/TestCases/Social_SecurityAndRole_MOB-3489/TC-135456_TC-135457 Moderator is able to delete blog post in the Blog pcreated by self" classname="Test Cases/TestCases/Social_SecurityAndRole_MOB-3489/TC-135456_TC-135457 Moderator is able to delete blog post in the Blog pcreated by self" status="PASSED">
         <system-out><![CDATA[2018-10-29 15:41:59 - [TEST_CASE][PASSED] - Test Cases/TestCases/Social_SecurityAndRole_MOB-3489/TC-135456_TC-135457 Moderator is able to delete blog post in the Blog pcreated by self: Test Cases/TestCases/Social_SecurityAndRole_MOB-3489/TC-135456_TC-135457 Moderator is able to delete blog post in the Blog pcreated by self

2018-10-29 15:41:59 - [TEST_STEP][PASSED] - Statement - data = com.kms.katalon.core.testdata.TestDataFactory.findTestData(TestData): Reading CSV file with source file 'comma', separator 'containing header' and '{2}'

2018-10-29 15:41:59 - [TEST_STEP][PASSED] - Statement - res = com.kms.katalon.core.webui.keyword.WebUiBuiltInKeywords.callTestCase(com.kms.katalon.core.testcase.TestCaseFactory.findTestCase(Library/Community/Create Community), ["communityName":data.getValue("CommunityName", 48), "CommunityDesc":data.getValue("CommunityDesc", 48), "allowDiscussionBoards":true, ... ], STOP_ON_FAILURE): Call Test Case 'Test Cases/Library/Community/Create Community' successfully

2018-10-29 15:41:59 - [TEST_CASE][PASSED] - Test Cases/Library/Community/Create Community: Test Cases/Library/Community/Create Community

2018-10-29 15:41:59 - [TEST_STEP][PASSED] - Statement - request = com.kms.katalon.core.testobject.ObjectRepository.findTestObject(Community/POST Create Community, [host:internal.GlobalVariable.g_URL, CommunityName:((" + communityName) + "), CommunityDesc:((" + CommunityDesc) + "), allowDiscussionBoards:((" + allowDiscussionBoards) + "), ... ]): Finding Test Object with id 'Object Repository/Community/POST Create Community'

2018-10-29 15:41:59 - [TEST_STEP][PASSED] - Statement - request.setHttpHeaderProperties(CustomKeywords.requestHeaders.Headers.AddHeaders()): requestHeaders.Headers.AddHeaders is PASSED

2018-10-29 15:41:59 - [MESSAGE][PASSED] - requestHeaders.Headers.AddHeaders is PASSED

2018-10-29 15:41:59 - [TEST_STEP][PASSED] - Statement - response = com.kms.katalon.core.webservice.keyword.WSBuiltInKeywords.sendRequest(request): Send request successfully

2018-10-29 15:41:59 - [MESSAGE][PASSED] - Send request successfully

2018-10-29 15:41:59 - [TEST_STEP][PASSED] - verifyResponseStatusCode: Verify response status code successfully

2018-10-29 15:41:59 - [MESSAGE][PASSED] - Verify response status code successfully

2018-10-29 15:41:59 - [TEST_STEP][PASSED] - containsString: Check contain string successfully

2018-10-29 15:41:59 - [MESSAGE][PASSED] - Check contain string successfully

2018-10-29 15:41:59 - [TEST_STEP][PASSED] - Statement - return response: null

2018-10-29 15:41:59 - [MESSAGE][PASSED] - Call Test Case 'Test Cases/Library/Community/Create Community' successfully

2018-10-29 15:41:59 - [TEST_STEP][PASSED] - Statement - CommunityID = id: getAttributeValue.GetAttributeValue.GetAttribute is PASSED

2018-10-29 15:41:59 - [MESSAGE][PASSED] - getAttributeValue.GetAttributeValue.GetAttribute is PASSED

2018-10-29 15:41:59 - [TEST_STEP][PASSED] - Statement - res1 = com.kms.katalon.core.webui.keyword.WebUiBuiltInKeywords.callTestCase(com.kms.katalon.core.testcase.TestCaseFactory.findTestCase(Library/Community/Add a member to community), ["rating":"2", "userID":g_NameTemp, "userName":data.getValue("Moderator", 48), "communityID":CommunityID], STOP_ON_FAILURE): Call Test Case 'Test Cases/Library/Community/Add a member to community' successfully

2018-10-29 15:41:59 - [TEST_CASE][PASSED] - Test Cases/Library/Community/Add a member to community: Test Cases/Library/Community/Add a member to community

2018-10-29 15:41:59 - [TEST_STEP][PASSED] - Statement - request = com.kms.katalon.core.testobject.ObjectRepository.findTestObject(Object Repository/Community/Add a member to community, [host:internal.GlobalVariable.g_URL, CommunityID:communityID, rating:((" + rating) + "), userID:((" + userID) + "), userName:((" + userName) + ")]): Finding Test Object with id 'Object Repository/Community/Add a member to community'

2018-10-29 15:41:59 - [TEST_STEP][PASSED] - Statement - request.setHttpHeaderProperties(CustomKeywords.requestHeaders.Headers.AddHeaders()): requestHeaders.Headers.AddHeaders is PASSED

2018-10-29 15:41:59 - [MESSAGE][PASSED] - requestHeaders.Headers.AddHeaders is PASSED

2018-10-29 15:41:59 - [TEST_STEP][PASSED] - Statement - response = com.kms.katalon.core.webservice.keyword.WSBuiltInKeywords.sendRequest(request): Send request successfully

2018-10-29 15:41:59 - [MESSAGE][PASSED] - Send request successfully

2018-10-29 15:41:59 - [TEST_STEP][PASSED] - verifyResponseStatusCode: Verify response status code successfully

2018-10-29 15:41:59 - [MESSAGE][PASSED] - Verify response status code successfully

2018-10-29 15:41:59 - [TEST_STEP][PASSED] - Statement - return response: null

2018-10-29 15:41:59 - [MESSAGE][PASSED] - Call Test Case 'Test Cases/Library/Community/Add a member to community' successfully

2018-10-29 15:41:59 - [TEST_STEP][PASSED] - verifyResponseStatusCode: Verify response status code successfully

2018-10-29 15:41:59 - [MESSAGE][PASSED] - Verify response status code successfully

2018-10-29 15:41:59 - [TEST_STEP][PASSED] - Statement - res2 = com.kms.katalon.core.webui.keyword.WebUiBuiltInKeywords.callTestCase(com.kms.katalon.core.testcase.TestCaseFactory.findTestCase(Library/Moderator/Create a blog under community), ["blogName":data.getValue("BlogName", 48), "blogDesc":data.getValue("BlogDesc", 48), "CommunityID":CommunityID], STOP_ON_FAILURE): Call Test Case 'Test Cases/Library/Moderator/Create a blog under community' successfully

2018-10-29 15:41:59 - [TEST_CASE][PASSED] - Test Cases/Library/Moderator/Create a blog under community: Test Cases/Library/Moderator/Create a blog under community

2018-10-29 15:41:59 - [TEST_STEP][PASSED] - Statement - request = com.kms.katalon.core.testobject.ObjectRepository.findTestObject(Object Repository/Community/Create blog under community, [host:internal.GlobalVariable.g_URL, communityID:CommunityID]): Finding Test Object with id 'Object Repository/Community/Create blog under community'

2018-10-29 15:41:59 - [TEST_STEP][PASSED] - Statement - request.setHttpHeaderProperties(CustomKeywords.requestHeaders.Headers.AddHeaders(g_ModeratorToken)): requestHeaders.Headers.AddHeaders is PASSED

2018-10-29 15:41:59 - [MESSAGE][PASSED] - requestHeaders.Headers.AddHeaders is PASSED

2018-10-29 15:41:59 - [TEST_STEP][PASSED] - Statement - reponse = <not implemented yet for class: org.codehaus.groovy.ast.expr.EmptyExpression>: null

2018-10-29 15:41:59 - [TEST_STEP][PASSED] - Statement - vsRequestBody = "": null

2018-10-29 15:41:59 - [TEST_STEP][PASSED] - Statement - vsRequestBody = request.getHttpBody(): null

2018-10-29 15:41:59 - [TEST_STEP][PASSED] - Statement - vsRequestBody = vsRequestBody.replace("${blogName}", """ + blogName + """): null

2018-10-29 15:42:00 - [TEST_STEP][PASSED] - Statement - vsRequestBody = vsRequestBody.replace("${blogDesc}", """ + blogDesc + """): null

2018-10-29 15:42:00 - [TEST_STEP][PASSED] - Statement - vsRequestBody = vsRequestBody.replace("${CommunityID}", """ + CommunityID + """): null

2018-10-29 15:42:00 - [TEST_STEP][PASSED] - Statement - request.setHttpBody(vsRequestBody): null

2018-10-29 15:42:00 - [TEST_STEP][PASSED] - Statement - response = com.kms.katalon.core.webservice.keyword.WSBuiltInKeywords.sendRequest(request): Send request successfully

2018-10-29 15:42:00 - [MESSAGE][PASSED] - Send request successfully

2018-10-29 15:42:00 - [TEST_STEP][PASSED] - verifyResponseStatusCode: Verify response status code successfully

2018-10-29 15:42:00 - [MESSAGE][PASSED] - Verify response status code successfully

2018-10-29 15:42:00 - [TEST_STEP][PASSED] - Statement - return response: null

2018-10-29 15:42:06 - [MESSAGE][PASSED] - Call Test Case 'Test Cases/Library/Moderator/Create a blog under community' successfully

2018-10-29 15:42:06 - [TEST_STEP][PASSED] - verifyResponseStatusCode: Verify response status code successfully

2018-10-29 15:42:06 - [MESSAGE][PASSED] - Verify response status code successfully

2018-10-29 15:42:06 - [TEST_STEP][PASSED] - Statement - res3 = com.kms.katalon.core.webui.keyword.WebUiBuiltInKeywords.callTestCase(com.kms.katalon.core.testcase.TestCaseFactory.findTestCase(Library/Moderator/Get Blog Details), ["CommunityID":CommunityID], STOP_ON_FAILURE): Call Test Case 'Test Cases/Library/Moderator/Get Blog Details' successfully

2018-10-29 15:42:06 - [TEST_CASE][PASSED] - Test Cases/Library/Moderator/Get Blog Details: Test Cases/Library/Moderator/Get Blog Details

2018-10-29 15:42:06 - [TEST_STEP][PASSED] - Statement - request = com.kms.katalon.core.testobject.ObjectRepository.findTestObject(Object Repository/Community/Get Blogs, [host:internal.GlobalVariable.g_URL, CommunityID:CommunityID]): Finding Test Object with id 'Object Repository/Community/Get Blogs'

2018-10-29 15:42:06 - [TEST_STEP][PASSED] - Statement - request.setHttpHeaderProperties(CustomKeywords.requestHeaders.Headers.AddHeaders(g_ModeratorToken)): requestHeaders.Headers.AddHeaders is PASSED

2018-10-29 15:42:06 - [MESSAGE][PASSED] - requestHeaders.Headers.AddHeaders is PASSED

2018-10-29 15:42:06 - [TEST_STEP][PASSED] - Statement - response = com.kms.katalon.core.webservice.keyword.WSBuiltInKeywords.sendRequest(request): Send request successfully

2018-10-29 15:42:06 - [MESSAGE][PASSED] - Send request successfully

2018-10-29 15:42:06 - [TEST_STEP][PASSED] - Statement - return response: null

2018-10-29 15:42:06 - [MESSAGE][PASSED] - Call Test Case 'Test Cases/Library/Moderator/Get Blog Details' successfully

2018-10-29 15:42:06 - [TEST_STEP][PASSED] - Statement - val = CustomKeywords.getString.GetString.GetStringFromResponse("id", res3): getString.GetString.GetStringFromResponse is PASSED

2018-10-29 15:42:06 - [MESSAGE][PASSED] - getString.GetString.GetStringFromResponse is PASSED

2018-10-29 15:42:06 - [TEST_STEP][PASSED] - Statement - res4 = com.kms.katalon.core.webui.keyword.WebUiBuiltInKeywords.callTestCase(com.kms.katalon.core.testcase.TestCaseFactory.findTestCase(Library/Moderator/Delete Blog), ["CommunityID":CommunityID, "BlogID":val], STOP_ON_FAILURE): Call Test Case 'Test Cases/Library/Moderator/Delete Blog' successfully

2018-10-29 15:42:06 - [TEST_CASE][PASSED] - Test Cases/Library/Moderator/Delete Blog: Test Cases/Library/Moderator/Delete Blog

2018-10-29 15:42:07 - [TEST_STEP][PASSED] - Statement - request = com.kms.katalon.core.testobject.ObjectRepository.findTestObject(Object Repository/Community/Delete Blog, [host:internal.GlobalVariable.g_URL, CommunityID:CommunityID, BlogID:BlogID]): Finding Test Object with id 'Object Repository/Community/Delete Blog'

2018-10-29 15:42:07 - [TEST_STEP][PASSED] - Statement - request.setHttpHeaderProperties(CustomKeywords.requestHeaders.Headers.AddHeaders(g_ModeratorToken)): requestHeaders.Headers.AddHeaders is PASSED

2018-10-29 15:42:07 - [MESSAGE][PASSED] - requestHeaders.Headers.AddHeaders is PASSED

2018-10-29 15:42:07 - [TEST_STEP][PASSED] - Statement - response = com.kms.katalon.core.webservice.keyword.WSBuiltInKeywords.sendRequest(request): Send request successfully

2018-10-29 15:42:07 - [MESSAGE][PASSED] - Send request successfully

2018-10-29 15:42:07 - [TEST_STEP][PASSED] - Statement - return response: null

2018-10-29 15:42:07 - [MESSAGE][PASSED] - Call Test Case 'Test Cases/Library/Moderator/Delete Blog' successfully

2018-10-29 15:42:07 - [TEST_STEP][PASSED] - verifyResponseStatusCode: Verify response status code successfully

2018-10-29 15:42:07 - [MESSAGE][PASSED] - Verify response status code successfully]]></system-out>
         <system-err><![CDATA[]]></system-err>
      </testcase>
      <system-out><![CDATA[2018-10-29 15:35:36 - [TEST_SUITE][FAILED] - All: Test Cases/TestCases/MD-2552 AdhocCommunity_MOB-3482/TC-19861Check user will not able to rate the community if rating is private FAILED because (of) (Stack trace: com.kms.katalon.core.exception.StepFailedException: Unable to verify response status code (Root cause: Expected status code is '200' but actual status code is '403')
	at com.kms.katalon.core.keyword.internal.KeywordMain.stepFailed(KeywordMain.groovy:36)
	at com.kms.katalon.core.keyword.internal.KeywordMain.stepFailed(KeywordMain.groovy)
	at com.kms.katalon.core.keyword.internal.KeywordMain.runKeyword(KeywordMain.groovy:56)
	at com.kms.katalon.core.webservice.keyword.builtin.VerifyResponseStatusCodeKeyword.verifyResponseStatusCode(VerifyResponseStatusCodeKeyword.groovy:37)
	at com.kms.katalon.core.webservice.keyword.builtin.VerifyResponseStatusCodeKeyword.execute(VerifyResponseStatusCodeKeyword.groovy:32)
	at com.kms.katalon.core.keyword.internal.KeywordExecutor.executeKeywordForPlatform(KeywordExecutor.groovy:53)
	at com.kms.katalon.core.webservice.keyword.WSBuiltInKeywords.verifyResponseStatusCode(WSBuiltInKeywords.groovy:212)
	at com.kms.katalon.core.webservice.keyword.WSBuiltInKeywords$verifyResponseStatusCode$0.call(Unknown Source)
	at org.codehaus.groovy.runtime.callsite.CallSiteArray.defaultCall(CallSiteArray.java:48)
	at org.codehaus.groovy.runtime.callsite.AbstractCallSite.call(AbstractCallSite.java:113)
	at org.codehaus.groovy.runtime.callsite.AbstractCallSite.call(AbstractCallSite.java:133)
	at Script1531753003760.run(Script1531753003760.groovy:59)
	at com.kms.katalon.core.main.ScriptEngine.run(ScriptEngine.java:183)
	at com.kms.katalon.core.main.ScriptEngine.runScriptAsRawText(ScriptEngine.java:108)
	at com.kms.katalon.core.main.TestCaseExecutor.runScript(TestCaseExecutor.java:294)
	at com.kms.katalon.core.main.TestCaseExecutor.doExecute(TestCaseExecutor.java:285)
	at com.kms.katalon.core.main.TestCaseExecutor.processExecutionPhase(TestCaseExecutor.java:264)
	at com.kms.katalon.core.main.TestCaseExecutor.accessMainPhase(TestCaseExecutor.java:256)
	at com.kms.katalon.core.main.TestCaseExecutor.execute(TestCaseExecutor.java:200)
	at com.kms.katalon.core.main.TestCaseMain.runTestCase(TestCaseMain.java:99)
	at com.kms.katalon.core.keyword.builtin.CallTestCaseKeyword$_callTestCase_closure1.doCall(CallTestCaseKeyword.groovy:60)
	at com.kms.katalon.core.keyword.builtin.CallTestCaseKeyword$_callTestCase_closure1.call(CallTestCaseKeyword.groovy)
	at com.kms.katalon.core.keyword.internal.KeywordMain.runKeyword(KeywordMain.groovy:54)
	at com.kms.katalon.core.keyword.builtin.CallTestCaseKeyword.callTestCase(CallTestCaseKeyword.groovy:81)
	at com.kms.katalon.core.keyword.builtin.CallTestCaseKeyword.execute(CallTestCaseKeyword.groovy:45)
	at com.kms.katalon.core.keyword.internal.KeywordExecutor.executeKeywordForPlatform(KeywordExecutor.groovy:53)
	at com.kms.katalon.core.keyword.BuiltinKeywords.callTestCase(BuiltinKeywords.groovy:334)
	at sun.reflect.NativeMethodAccessorImpl.invoke0(Native Method)
	at sun.reflect.NativeMethodAccessorImpl.invoke(NativeMethodAccessorImpl.java:62)
	at sun.reflect.DelegatingMethodAccessorImpl.invoke(DelegatingMethodAccessorImpl.java:43)
	at java.lang.reflect.Method.invoke(Method.java:498)
	at org.codehaus.groovy.reflection.CachedMethod.invoke(CachedMethod.java:93)
	at groovy.lang.MetaMethod.doMethodInvoke(MetaMethod.java:325)
	at groovy.lang.MetaClassImpl.invokeStaticMethod(MetaClassImpl.java:1469)
	at org.codehaus.groovy.runtime.callsite.StaticMetaClassSite.call(StaticMetaClassSite.java:53)
	at org.codehaus.groovy.runtime.callsite.CallSiteArray.defaultCall(CallSiteArray.java:48)
	at org.codehaus.groovy.runtime.callsite.AbstractCallSite.call(AbstractCallSite.java:113)
	at org.codehaus.groovy.runtime.callsite.AbstractCallSite.call(AbstractCallSite.java:141)
	at Script1532423337409.run(Script1532423337409.groovy:66)
	at com.kms.katalon.core.main.ScriptEngine.run(ScriptEngine.java:183)
	at com.kms.katalon.core.main.ScriptEngine.runScriptAsRawText(ScriptEngine.java:108)
	at com.kms.katalon.core.main.TestCaseExecutor.runScript(TestCaseExecutor.java:294)
	at com.kms.katalon.core.main.TestCaseExecutor.doExecute(TestCaseExecutor.java:285)
	at com.kms.katalon.core.main.TestCaseExecutor.processExecutionPhase(TestCaseExecutor.java:264)
	at com.kms.katalon.core.main.TestCaseExecutor.accessMainPhase(TestCaseExecutor.java:256)
	at com.kms.katalon.core.main.TestCaseExecutor.execute(TestCaseExecutor.java:200)
	at com.kms.katalon.core.main.TestSuiteExecutor.accessTestCaseMainPhase(TestSuiteExecutor.java:129)
	at com.kms.katalon.core.main.TestSuiteExecutor.accessTestSuiteMainPhase(TestSuiteExecutor.java:112)
	at com.kms.katalon.core.main.TestSuiteExecutor.execute(TestSuiteExecutor.java:81)
	at com.kms.katalon.core.main.TestCaseMain.startTestSuite(TestCaseMain.java:142)
	at com.kms.katalon.core.main.TestCaseMain$startTestSuite$0.call(Unknown Source)
	at org.codehaus.groovy.runtime.callsite.CallSiteArray.defaultCall(CallSiteArray.java:48)
	at org.codehaus.groovy.runtime.callsite.AbstractCallSite.call(AbstractCallSite.java:113)
	at org.codehaus.groovy.runtime.callsite.AbstractCallSite.call(AbstractCallSite.java:141)
	at TempTestSuite1540807533822.run(TempTestSuite1540807533822.groovy:36)
	at groovy.lang.GroovyShell.runScriptOrMainOrTestOrRunnable(GroovyShell.java:263)
	at groovy.lang.GroovyShell.run(GroovyShell.java:518)
	at groovy.lang.GroovyShell.run(GroovyShell.java:507)
	at groovy.ui.GroovyMain.processOnce(GroovyMain.java:653)
	at groovy.ui.GroovyMain.run(GroovyMain.java:384)
	at groovy.ui.GroovyMain.process(GroovyMain.java:370)
	at groovy.ui.GroovyMain.processArgs(GroovyMain.java:129)
	at groovy.ui.GroovyMain.main(GroovyMain.java:109)
	at sun.reflect.NativeMethodAccessorImpl.invoke0(Native Method)
	at sun.reflect.NativeMethodAccessorImpl.invoke(NativeMethodAccessorImpl.java:62)
	at sun.reflect.DelegatingMethodAccessorImpl.invoke(DelegatingMethodAccessorImpl.java:43)
	at java.lang.reflect.Method.invoke(Method.java:498)
	at org.codehaus.groovy.tools.GroovyStarter.rootLoader(GroovyStarter.java:109)
	at org.codehaus.groovy.tools.GroovyStarter.main(GroovyStarter.java:131)
)]]></system-out>
      <system-err><![CDATA[2018-10-29 15:35:36 - [TEST_SUITE][FAILED] - All: Test Cases/TestCases/MD-2552 AdhocCommunity_MOB-3482/TC-19861Check user will not able to rate the community if rating is private FAILED because (of) (Stack trace: com.kms.katalon.core.exception.StepFailedException: Unable to verify response status code (Root cause: Expected status code is '200' but actual status code is '403')
	at com.kms.katalon.core.keyword.internal.KeywordMain.stepFailed(KeywordMain.groovy:36)
	at com.kms.katalon.core.keyword.internal.KeywordMain.stepFailed(KeywordMain.groovy)
	at com.kms.katalon.core.keyword.internal.KeywordMain.runKeyword(KeywordMain.groovy:56)
	at com.kms.katalon.core.webservice.keyword.builtin.VerifyResponseStatusCodeKeyword.verifyResponseStatusCode(VerifyResponseStatusCodeKeyword.groovy:37)
	at com.kms.katalon.core.webservice.keyword.builtin.VerifyResponseStatusCodeKeyword.execute(VerifyResponseStatusCodeKeyword.groovy:32)
	at com.kms.katalon.core.keyword.internal.KeywordExecutor.executeKeywordForPlatform(KeywordExecutor.groovy:53)
	at com.kms.katalon.core.webservice.keyword.WSBuiltInKeywords.verifyResponseStatusCode(WSBuiltInKeywords.groovy:212)
	at com.kms.katalon.core.webservice.keyword.WSBuiltInKeywords$verifyResponseStatusCode$0.call(Unknown Source)
	at org.codehaus.groovy.runtime.callsite.CallSiteArray.defaultCall(CallSiteArray.java:48)
	at org.codehaus.groovy.runtime.callsite.AbstractCallSite.call(AbstractCallSite.java:113)
	at org.codehaus.groovy.runtime.callsite.AbstractCallSite.call(AbstractCallSite.java:133)
	at Script1531753003760.run(Script1531753003760.groovy:59)
	at com.kms.katalon.core.main.ScriptEngine.run(ScriptEngine.java:183)
	at com.kms.katalon.core.main.ScriptEngine.runScriptAsRawText(ScriptEngine.java:108)
	at com.kms.katalon.core.main.TestCaseExecutor.runScript(TestCaseExecutor.java:294)
	at com.kms.katalon.core.main.TestCaseExecutor.doExecute(TestCaseExecutor.java:285)
	at com.kms.katalon.core.main.TestCaseExecutor.processExecutionPhase(TestCaseExecutor.java:264)
	at com.kms.katalon.core.main.TestCaseExecutor.accessMainPhase(TestCaseExecutor.java:256)
	at com.kms.katalon.core.main.TestCaseExecutor.execute(TestCaseExecutor.java:200)
	at com.kms.katalon.core.main.TestCaseMain.runTestCase(TestCaseMain.java:99)
	at com.kms.katalon.core.keyword.builtin.CallTestCaseKeyword$_callTestCase_closure1.doCall(CallTestCaseKeyword.groovy:60)
	at com.kms.katalon.core.keyword.builtin.CallTestCaseKeyword$_callTestCase_closure1.call(CallTestCaseKeyword.groovy)
	at com.kms.katalon.core.keyword.internal.KeywordMain.runKeyword(KeywordMain.groovy:54)
	at com.kms.katalon.core.keyword.builtin.CallTestCaseKeyword.callTestCase(CallTestCaseKeyword.groovy:81)
	at com.kms.katalon.core.keyword.builtin.CallTestCaseKeyword.execute(CallTestCaseKeyword.groovy:45)
	at com.kms.katalon.core.keyword.internal.KeywordExecutor.executeKeywordForPlatform(KeywordExecutor.groovy:53)
	at com.kms.katalon.core.keyword.BuiltinKeywords.callTestCase(BuiltinKeywords.groovy:334)
	at sun.reflect.NativeMethodAccessorImpl.invoke0(Native Method)
	at sun.reflect.NativeMethodAccessorImpl.invoke(NativeMethodAccessorImpl.java:62)
	at sun.reflect.DelegatingMethodAccessorImpl.invoke(DelegatingMethodAccessorImpl.java:43)
	at java.lang.reflect.Method.invoke(Method.java:498)
	at org.codehaus.groovy.reflection.CachedMethod.invoke(CachedMethod.java:93)
	at groovy.lang.MetaMethod.doMethodInvoke(MetaMethod.java:325)
	at groovy.lang.MetaClassImpl.invokeStaticMethod(MetaClassImpl.java:1469)
	at org.codehaus.groovy.runtime.callsite.StaticMetaClassSite.call(StaticMetaClassSite.java:53)
	at org.codehaus.groovy.runtime.callsite.CallSiteArray.defaultCall(CallSiteArray.java:48)
	at org.codehaus.groovy.runtime.callsite.AbstractCallSite.call(AbstractCallSite.java:113)
	at org.codehaus.groovy.runtime.callsite.AbstractCallSite.call(AbstractCallSite.java:141)
	at Script1532423337409.run(Script1532423337409.groovy:66)
	at com.kms.katalon.core.main.ScriptEngine.run(ScriptEngine.java:183)
	at com.kms.katalon.core.main.ScriptEngine.runScriptAsRawText(ScriptEngine.java:108)
	at com.kms.katalon.core.main.TestCaseExecutor.runScript(TestCaseExecutor.java:294)
	at com.kms.katalon.core.main.TestCaseExecutor.doExecute(TestCaseExecutor.java:285)
	at com.kms.katalon.core.main.TestCaseExecutor.processExecutionPhase(TestCaseExecutor.java:264)
	at com.kms.katalon.core.main.TestCaseExecutor.accessMainPhase(TestCaseExecutor.java:256)
	at com.kms.katalon.core.main.TestCaseExecutor.execute(TestCaseExecutor.java:200)
	at com.kms.katalon.core.main.TestSuiteExecutor.accessTestCaseMainPhase(TestSuiteExecutor.java:129)
	at com.kms.katalon.core.main.TestSuiteExecutor.accessTestSuiteMainPhase(TestSuiteExecutor.java:112)
	at com.kms.katalon.core.main.TestSuiteExecutor.execute(TestSuiteExecutor.java:81)
	at com.kms.katalon.core.main.TestCaseMain.startTestSuite(TestCaseMain.java:142)
	at com.kms.katalon.core.main.TestCaseMain$startTestSuite$0.call(Unknown Source)
	at org.codehaus.groovy.runtime.callsite.CallSiteArray.defaultCall(CallSiteArray.java:48)
	at org.codehaus.groovy.runtime.callsite.AbstractCallSite.call(AbstractCallSite.java:113)
	at org.codehaus.groovy.runtime.callsite.AbstractCallSite.call(AbstractCallSite.java:141)
	at TempTestSuite1540807533822.run(TempTestSuite1540807533822.groovy:36)
	at groovy.lang.GroovyShell.runScriptOrMainOrTestOrRunnable(GroovyShell.java:263)
	at groovy.lang.GroovyShell.run(GroovyShell.java:518)
	at groovy.lang.GroovyShell.run(GroovyShell.java:507)
	at groovy.ui.GroovyMain.processOnce(GroovyMain.java:653)
	at groovy.ui.GroovyMain.run(GroovyMain.java:384)
	at groovy.ui.GroovyMain.process(GroovyMain.java:370)
	at groovy.ui.GroovyMain.processArgs(GroovyMain.java:129)
	at groovy.ui.GroovyMain.main(GroovyMain.java:109)
	at sun.reflect.NativeMethodAccessorImpl.invoke0(Native Method)
	at sun.reflect.NativeMethodAccessorImpl.invoke(NativeMethodAccessorImpl.java:62)
	at sun.reflect.DelegatingMethodAccessorImpl.invoke(DelegatingMethodAccessorImpl.java:43)
	at java.lang.reflect.Method.invoke(Method.java:498)
	at org.codehaus.groovy.tools.GroovyStarter.rootLoader(GroovyStarter.java:109)
	at org.codehaus.groovy.tools.GroovyStarter.main(GroovyStarter.java:131)
)]]></system-err>
   </testsuite>
</testsuites>
