<?xml version="1.0" encoding="UTF-8"?>
<testsuites name="All" time="665" tests="49" failures="5" errors="0">
   <testsuite name="All" tests="49" failures="5" errors="0" time="665" timestamp="2018-08-16 16:25:27" hostname="AAYENDLURI - AnuradhaYend1IN.amr.smtf.ds" id="Test Suites/All">
      <properties>
         <property name="deviceName" value=""/>
         <property name="devicePlatform" value=""/>
         <property name="logFolder" value="D:\\KatalonAPI\\KatalonAPITesting\\Reports\\All\\20180816_162525"/>
         <property name="logFiles" value="D:\\KatalonAPI\\KatalonAPITesting\\Reports\\All\\20180816_162525\\execution0.log"/>
         <property name="attachments" value=""/>
         <property name="hostName" value="AAYENDLURI - AnuradhaYend1IN.amr.smtf.ds"/>
         <property name="os" value="Windows 8.1 64bit"/>
         <property name="katalonVersion" value="5.6.0.1"/>
         <property name="browser" value="Chrome 68.0.3440.106"/>
         <property name="hostAddress" value="10.144.23.64"/>
         <property name="sessionId" value="b16bd0189cfbd2f97db9834a97197628"/>
         <property name="seleniumVersion" value="3.7.1"/>
         <property name="proxyInformation" value="ProxyInformation{proxyOption=NO_PROXY, proxyServerType=HTTP, password=, proxyServerAddress=, proxyServerPort=0}"/>
         <property name="platform" value="Windows 8.1"/>
      </properties>
      <testcase name="Test Cases/Common/ContributerEsbToken" classname="Test Cases/Common/ContributerEsbToken" status="PASSED">
         <system-out><![CDATA[2018-08-16 16:25:28 - [TEST_CASE][PASSED] - Test Cases/Common/ContributerEsbToken: Test Cases/Common/ContributerEsbToken

2018-08-16 16:25:28 - [TEST_STEP][PASSED] - dbConnectionPackage.DBConnectionKeyword.CloseConnections: dbConnectionPackage.DBConnectionKeyword.CloseConnections is PASSED

2018-08-16 16:25:33 - [MESSAGE][PASSED] - Delayed 5 second(s)

2018-08-16 16:25:33 - [MESSAGE][PASSED] - dbConnectionPackage.DBConnectionKeyword.CloseConnections is PASSED

2018-08-16 16:25:33 - [TEST_STEP][PASSED] - openBrowser: Browser is opened with url: ''

2018-08-16 16:25:40 - [MESSAGE][PASSED] - Browser is opened with url: ''

2018-08-16 16:25:40 - [TEST_STEP][PASSED] - navigateToUrl: Navigate to 'https://cl12sales.sumtotaldevelopment.net' successfully

2018-08-16 16:25:41 - [MESSAGE][PASSED] - Navigate to 'https://cl12sales.sumtotaldevelopment.net' successfully

2018-08-16 16:25:41 - [TEST_STEP][PASSED] - setText: Text 'Contributer' is set on object 'Object Repository/EsbToken/Page_Sign In/input_ctl00ctl00ctl00BodyConte'

2018-08-16 16:25:41 - [MESSAGE][PASSED] - Text 'Contributer' is set on object 'Object Repository/EsbToken/Page_Sign In/input_ctl00ctl00ctl00BodyConte'

2018-08-16 16:25:41 - [TEST_STEP][PASSED] - setText: Text 'p' is set on object 'Object Repository/EsbToken/Page_Sign In/input_ctl00ctl00ctl00BodyConte_1'

2018-08-16 16:25:42 - [MESSAGE][PASSED] - Text 'p' is set on object 'Object Repository/EsbToken/Page_Sign In/input_ctl00ctl00ctl00BodyConte_1'

2018-08-16 16:25:42 - [TEST_STEP][PASSED] - click: Object: 'Object Repository/EsbToken/Page_Sign In/input_ctl00ctl00ctl00BodyConte_2' is clicked on

2018-08-16 16:25:43 - [MESSAGE][PASSED] - Object: 'Object Repository/EsbToken/Page_Sign In/input_ctl00ctl00ctl00BodyConte_2' is clicked on

2018-08-16 16:25:43 - [TEST_STEP][PASSED] - Statement - s = com.kms.katalon.core.webui.keyword.WebUiBuiltInKeywords.executeJavaScript("return document.documentElement.innerHTML;", null): Execute JavaScript 'return document.documentElement.innerHTML;' successfully

2018-08-16 16:25:44 - [MESSAGE][PASSED] - Execute JavaScript 'return document.documentElement.innerHTML;' successfully

2018-08-16 16:25:44 - [TEST_STEP][PASSED] - waitForPageLoad: Wait for page load successfully

2018-08-16 16:25:44 - [MESSAGE][PASSED] - Wait for page load successfully

2018-08-16 16:25:44 - [TEST_STEP][PASSED] - comment: <head><style type="text/css">@charset "UTF-8";[ng\:cloak],[ng-cloak],[data-ng-cloak],[x-ng-cloak],.ng-cloak,.x-ng-cloak,.ng-hide:not(.ng-hide-animate){display:none !important;}ng\:form{display:block;}.ng-animate-shim{visibility:hidden;}.ng-anchor{position:absolute;}</style>
  <!--
    ElixHR_18.3.0.0_2018.8.7.1;
  -->

  <title aria-atomic="true" aria-live="assertive"></title>
  <meta name="viewport" content="width=device-width, initial-scale=1, minimum-scale=1, maximum-scale=1">
  <meta name="apple-mobile-web-app-capable" content="yes">
  <meta name="format-detection" content="telephone=yes">
  <meta charset="utf-8">
  <base href="/core/">
  <link rel="shortcut icon" href="https://cl12sales.sumtotaldevelopment.net/Core/favicon.sumttheme?img&amp;themekey=DEFAULT_SKILLSOFT&amp;v=-173730855" type="image/x-icon">
  <link rel="icon" href="https://cl12sales.sumtotaldevelopment.net/Core/favicon.sumttheme?img&amp;themekey=DEFAULT_SKILLSOFT&amp;v=-173730855" type="image/ico">
  
  
    <!-- core:css -->
    <link rel="stylesheet" href="/Core/Content/Common/core.css?hash=ElixHR_18.3.0.0_2018.8.7.1" type="text/css">
    <!-- endinject -->
  <link rel="stylesheet" href="/Core/bower_components/gridstack/dist/gridstack.min.css?hash=ElixHR_18.3.0.0_2018.8.7.1" type="text/css">
  <link rel="stylesheet" href="/Core/Content/Common/colorpicker.min.css?hash=ElixHR_18.3.0.0_2018.8.7.1" type="text/css">
  <link rel="stylesheet" href="https://cl12sales.sumtotaldevelopment.net/Core/bootstrap.sumttheme?css&amp;themekey=DEFAULT_SKILLSOFT&amp;v=-173730855" type="text/css">
  <link rel="stylesheet" href="https://cl12sales.sumtotaldevelopment.net/Core/foundation.sumttheme?css&amp;themekey=DEFAULT_SKILLSOFT&amp;v=-173730855" type="text/css">
  <style id="bootstrapThemePreviewStyle" type="text/css">
  </style>
  <style id="foundationThemePreviewStyle" type="text/css">
  </style>

  <link rel="stylesheet" href="https://cl12sales.sumtotaldevelopment.net/Core/elixHR.sumttheme?css&amp;themekey=DEFAULT_SKILLSOFT&amp;v=-173730855" type="text/css">
  <style id="elixHRThemePreviewStyle" type="text/css">
    .showRightSection {
      margin-left: 26%;
    }

    .hideRightSection {
      margin-left: 0px;
    }

    .showLeftSection {
      display: block;
    }

    .hideLeftSection {
      display: none;
    }
  </style>
  <script type="text/javascript">
    (function (root, factory) {
      factory(root);
    }(this, function (root) {
      root['modulesPath'] = '/Core/dist/app/modules/';

      // root should be the window object. there will need to be some items that we place there right off the bat.
      // temp static data is a method which in the future will prepare all of our static data for client consumption.
      root['tempStaticData'] = {"dashboards":{"Hash":"1890454763","Dashboards":[{"Id":-19,"DefaultPage":{"Id":-200,"title":"Learning Focus","Description":"Learning Focus","IsSystemLocked":false,"Name":"Learning Focus","IsGuestPage":false,"ParameterJSON":null,"Personalization":null,"Url":"#/dash/learningfocus/initial","path":"dash/learningfocus","WebPartPageKey":null,"IsEnabled":false,"RPKey":"LM","Priority":1,"WebParts":[{"Id":-8,"ChromeStyle":0,"Definition":{"WebPartDefinitionKey":"LM_RecommendedActivities","Title":"Recommended Activities","Description":"Displays recommended activities based on your interests, your required skills, and suggestions from others in your organization in a carousel.","SubTitle":null,"WebPartIconName":null,"WidgetNotificationMode":0,"WidgetDeeplinkUrlText":null,"CategoryName":"Learning","IsWebPartEnabled":true,"TypeName":null,"WebPartServiceAgentInterfaceTypeName":null,"WebPartDefinitionXml":null,"HideWebPartHeader":true,"HideWebPartFooter":true,"IsFreeFlowing":false,"PillarKey":"LM","ChromeStyle":6,"ParameterJSON":"{\"HeaderLinkIcon\": \"\", \"IsCustomEditor\": false, \"PreviewType\" : \"table\"}","TemplatePath":"app/modules/dashboard/views/webparts/widgetRecommendedActivitiesCarousel.html","IsSystemLocked":false,"Category":{"Id":8,"Name":"Learning","CategoryKey":"WebPartDefinition_Learning","Description":"Learning","ParentId":1,"OrdinalPosition":null},"Id":115},"HeaderColor":null,"IsHidden":false,"Layout":"{\"x\":0,\"y\":52,\"width\":100,\"height\":19,\"marginBottom\":1.8125}","OverrideTemplate":null,"ParameterJSON":"{\"HeaderLinkIcon\":\"\",\"IsCustomEditor\":false,\"PreviewType\":\"table\"}","SubTitle":null,"SupportsFullScreen":true,"Title":null},{"Id":-7,"ChromeStyle":7,"Definition":{"WebPartDefinitionKey":"LM_ResumeLearning","Title":"Resume Learning","Description":"Provides user with quick access to all recently launched non-completed training items.","SubTitle":"List of recently launched activities","WebPartIconName":null,"WidgetNotificationMode":0,"WidgetDeeplinkUrlText":"View All Recently Launched Activities","CategoryName":"Learning","IsWebPartEnabled":true,"TypeName":"SumTotal.SPPortal.WebParts.Core.Learning.RecentlyLaunched.RecentlyLaunched, SumTotal.SPPortal.WebParts, Version=1.0.0.0, Culture=neutral, PublicKeyToken=6b7f90fbd13cce01","WebPartServiceAgentInterfaceTypeName":"ILMWebPartContractAsync","WebPartDefinitionXml":null,"HideWebPartHeader":false,"HideWebPartFooter":true,"IsFreeFlowing":false,"PillarKey":"LM","ChromeStyle":7,"ParameterJSON":"{\"HeaderLinkIcon\": \"\", \"IsCustomEditor\": false, \"PreviewType\" : \"table\"}","TemplatePath":"app/modules/dashboard/views/webparts/widgetRecentlyLaunchedActivitiesList.html","IsSystemLocked":false,"Category":{"Id":8,"Name":"Learning","CategoryKey":"WebPartDefinition_Learning","Description":"Learning","ParentId":1,"OrdinalPosition":null},"Id":114},"HeaderColor":null,"IsHidden":false,"Layout":"{\"x\":41,\"y\":15,\"width\":59,\"height\":17,\"marginBottom\":0}","OverrideTemplate":null,"ParameterJSON":"{\"HeaderLinkIcon\":\"\",\"IsCustomEditor\":false,\"PreviewType\":\"table\"}","SubTitle":"List of recently launched activities","SupportsFullScreen":true,"Title":null},{"Id":-6,"ChromeStyle":0,"Definition":{"WebPartDefinitionKey":"Common_SearchWidget","Title":"Search","Description":"Quick Search for Courses, Training, Videos, Books and Audiobooks","SubTitle":"Search for Courses, Training, Videos, Books and Audiobooks","WebPartIconName":null,"WidgetNotificationMode":0,"WidgetDeeplinkUrlText":null,"CategoryName":"Learning","IsWebPartEnabled":true,"TypeName":null,"WebPartServiceAgentInterfaceTypeName":null,"WebPartDefinitionXml":null,"HideWebPartHeader":true,"HideWebPartFooter":false,"IsFreeFlowing":false,"PillarKey":null,"ChromeStyle":6,"ParameterJSON":"{\"HeaderLinkIcon\": \"\", \"IsCustomEditor\": false, \"PreviewType\" : \"table\"}","TemplatePath":"app/modules/dashboard/views/webparts/widgetEnterpriseSearch.html","IsSystemLocked":false,"Category":{"Id":8,"Name":"Learning","CategoryKey":"WebPartDefinition_Learning","Description":"Learning","ParentId":1,"OrdinalPosition":null},"Id":113},"HeaderColor":null,"IsHidden":false,"Layout":"{\"x\":0,\"y\":0,\"width\":100,\"height\":13,\"marginBottom\":0.8125}","OverrideTemplate":null,"ParameterJSON":"{\"HeaderLinkIcon\":\"\",\"IsCustomEditor\":false,\"PreviewType\":\"table\",\"showBackground\":true,\"showBorder\":false,\"showShadow\":false,\"noScroll\":true}","SubTitle":"Search for Courses, Training, Videos, Books and Audiobooks","SupportsFullScreen":true,"Title":null},{"Id":-5,"ChromeStyle":7,"Definition":{"WebPartDefinitionKey":"LM_FavouritesCarousel","Title":"My Favorites","Description":"Supports quick access to content marked as a favorite by the user in a carousel.","SubTitle":"Activities, Categories, Collaboration Centers","WebPartIconName":null,"WidgetNotificationMode":1,"WidgetDeeplinkUrlText":"More...","CategoryName":"Learning","IsWebPartEnabled":true,"TypeName":"SumTotal.SPPortal.WebParts.Core.Learning.Favorites.Favorites, SumTotal.SPPortal.WebParts, Version=1.0.0.0, Culture=neutral, PublicKeyToken=6b7f90fbd13cce01","WebPartServiceAgentInterfaceTypeName":"ILMWebPartContractAsync","WebPartDefinitionXml":null,"HideWebPartHeader":false,"HideWebPartFooter":true,"IsFreeFlowing":false,"PillarKey":"LM","ChromeStyle":7,"ParameterJSON":"{\"HeaderLinkIcon\": \"\", \"IsCustomEditor\": false, \"PreviewType\" : \"table\"}","TemplatePath":"app/modules/dashboard/views/webparts/widgetFavoritesCarousel.html","IsSystemLocked":false,"Category":{"Id":8,"Name":"Learning","CategoryKey":"WebPartDefinition_Learning","Description":"Learning","ParentId":1,"OrdinalPosition":null},"Id":112},"HeaderColor":null,"IsHidden":false,"Layout":"{\"x\":0,\"y\":34,\"width\":100,\"height\":17,\"marginBottom\":0}","OverrideTemplate":null,"ParameterJSON":"{\"HeaderLinkIcon\":\"\",\"IsCustomEditor\":false,\"PreviewType\":\"table\"}","SubTitle":"Activities, Categories, Collaboration Centers","SupportsFullScreen":true,"Title":null},{"Id":-4,"ChromeStyle":7,"Definition":{"WebPartDefinitionKey":"LM_MyLearning","Title":"My Learning","Description":"Provides user with graphical summary of their assigned training compliance status.","SubTitle":null,"WebPartIconName":null,"WidgetNotificationMode":0,"WidgetDeeplinkUrlText":null,"CategoryName":"Learning","IsWebPartEnabled":true,"TypeName":"SumTotal.SPPortal.WebParts.Core.Learning.MyLearning.MyLearning, SumTotal.SPPortal.WebParts, Version=1.0.0.0, Culture=neutral, PublicKeyToken=6b7f90fbd13cce01","WebPartServiceAgentInterfaceTypeName":"ILMWebPartContractAsync","WebPartDefinitionXml":null,"HideWebPartHeader":false,"HideWebPartFooter":true,"IsFreeFlowing":false,"PillarKey":"LM","ChromeStyle":7,"ParameterJSON":"{\"HeaderLinkIcon\": \"\", \"IsCustomEditor\": false, \"PreviewType\" : \"html\"}","TemplatePath":"app/modules/dashboard/views/webparts/widgetMyLearning.html","IsSystemLocked":false,"Category":{"Id":8,"Name":"Learning","CategoryKey":"WebPartDefinition_Learning","Description":"Learning","ParentId":1,"OrdinalPosition":null},"Id":67},"HeaderColor":null,"IsHidden":false,"Layout":"{\"x\":0,\"y\":15,\"width\":40,\"height\":17,\"marginBottom\":0}","OverrideTemplate":null,"ParameterJSON":"{\"HeaderLinkIcon\":\"\",\"IsCustomEditor\":false,\"PreviewType\":\"html\"}","SubTitle":null,"SupportsFullScreen":true,"Title":null}],"CanAddPage":false,"CanEditPage":false,"CanDeletePage":false,"CanPersonalizePage":false},"Description":"Displays learning related widgets","Name":"Learning Focused Dashboard","Url":"#/dash/learningfocus","WebPartPageDefinitionKey":null,"WebPartPages":[{"Id":-200,"title":"Learning Focus","Description":"Learning Focus","IsSystemLocked":false,"Name":"Learning Focus","IsGuestPage":false,"ParameterJSON":null,"Personalization":null,"Url":"#/dash/learningfocus/initial","path":"dash/learningfocus/initial","WebPartPageKey":null,"IsEnabled":false,"RPKey":"LM","Priority":1,"WebParts":[{"Id":-8,"ChromeStyle":0,"Definition":{"WebPartDefinitionKey":"LM_RecommendedActivities","Title":"Recommended Activities","Description":"Displays recommended activities based on your interests, your required skills, and suggestions from others in your organization in a carousel.","SubTitle":null,"WebPartIconName":null,"WidgetNotificationMode":0,"WidgetDeeplinkUrlText":null,"CategoryName":"Learning","IsWebPartEnabled":true,"TypeName":null,"WebPartServiceAgentInterfaceTypeName":null,"WebPartDefinitionXml":null,"HideWebPartHeader":true,"HideWebPartFooter":true,"IsFreeFlowing":false,"PillarKey":"LM","ChromeStyle":6,"ParameterJSON":"{\"HeaderLinkIcon\": \"\", \"IsCustomEditor\": false, \"PreviewType\" : \"table\"}","TemplatePath":"app/modules/dashboard/views/webparts/widgetRecommendedActivitiesCarousel.html","IsSystemLocked":false,"Category":{"Id":8,"Name":"Learning","CategoryKey":"WebPartDefinition_Learning","Description":"Learning","ParentId":1,"OrdinalPosition":null},"Id":115},"HeaderColor":null,"IsHidden":false,"Layout":"{\"x\":0,\"y\":52,\"width\":100,\"height\":19,\"marginBottom\":1.8125}","OverrideTemplate":null,"ParameterJSON":"{\"HeaderLinkIcon\":\"\",\"IsCustomEditor\":false,\"PreviewType\":\"table\"}","SubTitle":null,"SupportsFullScreen":true,"Title":null},{"Id":-7,"ChromeStyle":7,"Definition":{"WebPartDefinitionKey":"LM_ResumeLearning","Title":"Resume Learning","Description":"Provides user with quick access to all recently launched non-completed training items.","SubTitle":"List of recently launched activities","WebPartIconName":null,"WidgetNotificationMode":0,"WidgetDeeplinkUrlText":"View All Recently Launched Activities","CategoryName":"Learning","IsWebPartEnabled":true,"TypeName":"SumTotal.SPPortal.WebParts.Core.Learning.RecentlyLaunched.RecentlyLaunched, SumTotal.SPPortal.WebParts, Version=1.0.0.0, Culture=neutral, PublicKeyToken=6b7f90fbd13cce01","WebPartServiceAgentInterfaceTypeName":"ILMWebPartContractAsync","WebPartDefinitionXml":null,"HideWebPartHeader":false,"HideWebPartFooter":true,"IsFreeFlowing":false,"PillarKey":"LM","ChromeStyle":7,"ParameterJSON":"{\"HeaderLinkIcon\": \"\", \"IsCustomEditor\": false, \"PreviewType\" : \"table\"}","TemplatePath":"app/modules/dashboard/views/webparts/widgetRecentlyLaunchedActivitiesList.html","IsSystemLocked":false,"Category":{"Id":8,"Name":"Learning","CategoryKey":"WebPartDefinition_Learning","Description":"Learning","ParentId":1,"OrdinalPosition":null},"Id":114},"HeaderColor":null,"IsHidden":false,"Layout":"{\"x\":41,\"y\":15,\"width\":59,\"height\":17,\"marginBottom\":0}","OverrideTemplate":null,"ParameterJSON":"{\"HeaderLinkIcon\":\"\",\"IsCustomEditor\":false,\"PreviewType\":\"table\"}","SubTitle":"List of recently launched activities","SupportsFullScreen":true,"Title":null},{"Id":-6,"ChromeStyle":0,"Definition":{"WebPartDefinitionKey":"Common_SearchWidget","Title":"Search","Description":"Quick Search for Courses, Training, Videos, Books and Audiobooks","SubTitle":"Search for Courses, Training, Videos, Books and Audiobooks","WebPartIconName":null,"WidgetNotificationMode":0,"WidgetDeeplinkUrlText":null,"CategoryName":"Learning","IsWebPartEnabled":true,"TypeName":null,"WebPartServiceAgentInterfaceTypeName":null,"WebPartDefinitionXml":null,"HideWebPartHeader":true,"HideWebPartFooter":false,"IsFreeFlowing":false,"PillarKey":null,"ChromeStyle":6,"ParameterJSON":"{\"HeaderLinkIcon\": \"\", \"IsCustomEditor\": false, \"PreviewType\" : \"table\"}","TemplatePath":"app/modules/dashboard/views/webparts/widgetEnterpriseSearch.html","IsSystemLocked":false,"Category":{"Id":8,"Name":"Learning","CategoryKey":"WebPartDefinition_Learning","Description":"Learning","ParentId":1,"OrdinalPosition":null},"Id":113},"HeaderColor":null,"IsHidden":false,"Layout":"{\"x\":0,\"y\":0,\"width\":100,\"height\":13,\"marginBottom\":0.8125}","OverrideTemplate":null,"ParameterJSON":"{\"HeaderLinkIcon\":\"\",\"IsCustomEditor\":false,\"PreviewType\":\"table\",\"showBackground\":true,\"showBorder\":false,\"showShadow\":false,\"noScroll\":true}","SubTitle":"Search for Courses, Training, Videos, Books and Audiobooks","SupportsFullScreen":true,"Title":null},{"Id":-5,"ChromeStyle":7,"Definition":{"WebPartDefinitionKey":"LM_FavouritesCarousel","Title":"My Favorites","Description":"Supports quick access to content marked as a favorite by the user in a carousel.","SubTitle":"Activities, Categories, Collaboration Centers","WebPartIconName":null,"WidgetNotificationMode":1,"WidgetDeeplinkUrlText":"More...","CategoryName":"Learning","IsWebPartEnabled":true,"TypeName":"SumTotal.SPPortal.WebParts.Core.Learning.Favorites.Favorites, SumTotal.SPPortal.WebParts, Version=1.0.0.0, Culture=neutral, PublicKeyToken=6b7f90fbd13cce01","WebPartServiceAgentInterfaceTypeName":"ILMWebPartContractAsync","WebPartDefinitionXml":null,"HideWebPartHeader":false,"HideWebPartFooter":true,"IsFreeFlowing":false,"PillarKey":"LM","ChromeStyle":7,"ParameterJSON":"{\"HeaderLinkIcon\": \"\", \"IsCustomEditor\": false, \"PreviewType\" : \"table\"}","TemplatePath":"app/modules/dashboard/views/webparts/widgetFavoritesCarousel.html","IsSystemLocked":false,"Category":{"Id":8,"Name":"Learning","CategoryKey":"WebPartDefinition_Learning","Description":"Learning","ParentId":1,"OrdinalPosition":null},"Id":112},"HeaderColor":null,"IsHidden":false,"Layout":"{\"x\":0,\"y\":34,\"width\":100,\"height\":17,\"marginBottom\":0}","OverrideTemplate":null,"ParameterJSON":"{\"HeaderLinkIcon\":\"\",\"IsCustomEditor\":false,\"PreviewType\":\"table\"}","SubTitle":"Activities, Categories, Collaboration Centers","SupportsFullScreen":true,"Title":null},{"Id":-4,"ChromeStyle":7,"Definition":{"WebPartDefinitionKey":"LM_MyLearning","Title":"My Learning","Description":"Provides user with graphical summary of their assigned training compliance status.","SubTitle":null,"WebPartIconName":null,"WidgetNotificationMode":0,"WidgetDeeplinkUrlText":null,"CategoryName":"Learning","IsWebPartEnabled":true,"TypeName":"SumTotal.SPPortal.WebParts.Core.Learning.MyLearning.MyLearning, SumTotal.SPPortal.WebParts, Version=1.0.0.0, Culture=neutral, PublicKeyToken=6b7f90fbd13cce01","WebPartServiceAgentInterfaceTypeName":"ILMWebPartContractAsync","WebPartDefinitionXml":null,"HideWebPartHeader":false,"HideWebPartFooter":true,"IsFreeFlowing":false,"PillarKey":"LM","ChromeStyle":7,"ParameterJSON":"{\"HeaderLinkIcon\": \"\", \"IsCustomEditor\": false, \"PreviewType\" : \"html\"}","TemplatePath":"app/modules/dashboard/views/webparts/widgetMyLearning.html","IsSystemLocked":false,"Category":{"Id":8,"Name":"Learning","CategoryKey":"WebPartDefinition_Learning","Description":"Learning","ParentId":1,"OrdinalPosition":null},"Id":67},"HeaderColor":null,"IsHidden":false,"Layout":"{\"x\":0,\"y\":15,\"width\":40,\"height\":17,\"marginBottom\":0}","OverrideTemplate":null,"ParameterJSON":"{\"HeaderLinkIcon\":\"\",\"IsCustomEditor\":false,\"PreviewType\":\"html\"}","SubTitle":null,"SupportsFullScreen":true,"Title":null}],"CanAddPage":false,"CanEditPage":false,"CanDeletePage":false,"CanPersonalizePage":true}],"IsSystemLocked":false,"IsEnabled":false,"RPKey":"LM","CanViewDashboard":true,"CanAddDashboard":false,"CanEditDashboard":false,"CanDeleteDashboard":false,"CanPersonalizeDashboard":true},{"Id":1,"DefaultPage":{"Id":196,"title":null,"Description":"Home LM","IsSystemLocked":true,"Name":"Home LM","IsGuestPage":false,"ParameterJSON":null,"Personalization":null,"Url":"#/dash/home/LM","path":null,"WebPartPageKey":null,"IsEnabled":true,"RPKey":null,"Priority":20,"WebParts":[{"Id":500,"ChromeStyle":7,"Definition":{"WebPartDefinitionKey":"search_calendarView","Title":"Available Activities Calendar","Description":"Allows learners to browse available learning activity offerings in a calendar view.","SubTitle":"Available Activities Calendar","WebPartIconName":null,"WidgetNotificationMode":0,"WidgetDeeplinkUrlText":null,"CategoryName":"Learning","IsWebPartEnabled":true,"TypeName":null,"WebPartServiceAgentInterfaceTypeName":null,"WebPartDefinitionXml":null,"HideWebPartHeader":false,"HideWebPartFooter":false,"IsFreeFlowing":false,"PillarKey":"LM","ChromeStyle":7,"ParameterJSON":"{\"HeaderLinkIcon\": \"\", \"IsCustomEditor\": false, \"PreviewType\" : \"calendar\"}","TemplatePath":"app/modules/dashboard/views/searchWidgets/calendarView.html","IsSystemLocked":false,"Category":{"Id":8,"Name":"Learning","CategoryKey":"WebPartDefinition_Learning","Description":"Learning","ParentId":1,"OrdinalPosition":null},"Id":111},"HeaderColor":"","IsHidden":false,"Layout":"{\"x\":0,\"y\":0,\"width\":69,\"height\":32}","OverrideTemplate":null,"ParameterJSON":"{\"HeaderLinkIcon\":\"\",\"IsCustomEditor\":false,\"PreviewType\":\"calendar\"}","SubTitle":"Available Activities Calendar","SupportsFullScreen":true,"Title":null}],"CanAddPage":false,"CanEditPage":false,"CanDeletePage":false,"CanPersonalizePage":false},"Description":"Home page","Name":"Home","Url":"#/dash/home","WebPartPageDefinitionKey":null,"WebPartPages":[{"Id":1,"title":"Dashboard","Description":"Default dashboard.","IsSystemLocked":true,"Name":"Dashboard","IsGuestPage":false,"ParameterJSON":null,"Personalization":null,"Url":"#/dash/home","path":"dash/home","WebPartPageKey":null,"IsEnabled":true,"RPKey":null,"Priority":0,"WebParts":[{"Id":438,"ChromeStyle":0,"Definition":{"WebPartDefinitionKey":"Common_ContentEditor","Title":"Content Editor","Description":"Enables users to add custom HTML to a dashboard.","SubTitle":"Content Editor Widget","WebPartIconName":null,"WidgetNotificationMode":0,"WidgetDeeplinkUrlText":null,"CategoryName":"Common","IsWebPartEnabled":true,"TypeName":null,"WebPartServiceAgentInterfaceTypeName":null,"WebPartDefinitionXml":null,"HideWebPartHeader":false,"HideWebPartFooter":true,"IsFreeFlowing":false,"PillarKey":null,"ChromeStyle":7,"ParameterJSON":"{\"HeaderLinkIcon\": \"\", \"IsCustomEditor\": true, \"PreviewType\" : \"iframe\"}","TemplatePath":"app/modules/dashboard/views/webparts/widgetContentEditor.html","IsSystemLocked":false,"Category":{"Id":5,"Name":"Common","CategoryKey":"WebPartDefinition_Common","Description":"Common","ParentId":1,"OrdinalPosition":null},"Id":60},"HeaderColor":"","IsHidden":false,"Layout":"{\"x\":0,\"y\":0,\"width\":20,\"height\":20}","OverrideTemplate":"&lt;iframe src=&quot;https://supp-saux.sumtotaldemo.net/SA_UX/Master/17_1_2/Standard/index.html?lm=yes&amp;tm=yes&amp;wfm=no&quot; class=&quot;sumt-webpart-iframe&quot;&gt;&lt;/iframe&gt;","ParameterJSON":"{\"HeaderLinkIcon\":\"\",\"IsCustomEditor\":true,\"PreviewType\":\"iframe\",\"fullScreen\":true}","SubTitle":"Content Editor Widget","SupportsFullScreen":true,"Title":null}],"CanAddPage":false,"CanEditPage":false,"CanDeletePage":false,"CanPersonalizePage":true},{"Id":196,"title":"Home LM","Description":"Home LM","IsSystemLocked":true,"Name":"Home LM","IsGuestPage":false,"ParameterJSON":null,"Personalization":null,"Url":"#/dash/home/LM","path":"dash/home/LM","WebPartPageKey":null,"IsEnabled":true,"RPKey":null,"Priority":20,"WebParts":[{"Id":500,"ChromeStyle":7,"Definition":{"WebPartDefinitionKey":"search_calendarView","Title":"Available Activities Calendar","Description":"Allows learners to browse available learning activity offerings in a calendar view.","SubTitle":"Available Activities Calendar","WebPartIconName":null,"WidgetNotificationMode":0,"WidgetDeeplinkUrlText":null,"CategoryName":"Learning","IsWebPartEnabled":true,"TypeName":null,"WebPartServiceAgentInterfaceTypeName":null,"WebPartDefinitionXml":null,"HideWebPartHeader":false,"HideWebPartFooter":false,"IsFreeFlowing":false,"PillarKey":"LM","ChromeStyle":7,"ParameterJSON":"{\"HeaderLinkIcon\": \"\", \"IsCustomEditor\": false, \"PreviewType\" : \"calendar\"}","TemplatePath":"app/modules/dashboard/views/searchWidgets/calendarView.html","IsSystemLocked":false,"Category":{"Id":8,"Name":"Learning","CategoryKey":"WebPartDefinition_Learning","Description":"Learning","ParentId":1,"OrdinalPosition":null},"Id":111},"HeaderColor":"","IsHidden":false,"Layout":"{\"x\":0,\"y\":0,\"width\":69,\"height\":32}","OverrideTemplate":null,"ParameterJSON":"{\"HeaderLinkIcon\":\"\",\"IsCustomEditor\":false,\"PreviewType\":\"calendar\"}","SubTitle":"Available Activities Calendar","SupportsFullScreen":true,"Title":null}],"CanAddPage":true,"CanEditPage":true,"CanDeletePage":true,"CanPersonalizePage":true},{"Id":197,"title":"Home TM","Description":"Home TM","IsSystemLocked":true,"Name":"Home TM","IsGuestPage":false,"ParameterJSON":null,"Personalization":null,"Url":"#/dash/home/TM","path":"dash/home/TM","WebPartPageKey":null,"IsEnabled":true,"RPKey":null,"Priority":4,"WebParts":[{"Id":327,"ChromeStyle":0,"Definition":{"WebPartDefinitionKey":"Common_ContentEditor","Title":"Content Editor","Description":"Enables users to add custom HTML to a dashboard.","SubTitle":"Content Editor Widget","WebPartIconName":null,"WidgetNotificationMode":0,"WidgetDeeplinkUrlText":null,"CategoryName":"Common","IsWebPartEnabled":true,"TypeName":null,"WebPartServiceAgentInterfaceTypeName":null,"WebPartDefinitionXml":null,"HideWebPartHeader":false,"HideWebPartFooter":true,"IsFreeFlowing":false,"PillarKey":null,"ChromeStyle":7,"ParameterJSON":"{\"HeaderLinkIcon\": \"\", \"IsCustomEditor\": true, \"PreviewType\" : \"iframe\"}","TemplatePath":"app/modules/dashboard/views/webparts/widgetContentEditor.html","IsSystemLocked":false,"Category":{"Id":5,"Name":"Common","CategoryKey":"WebPartDefinition_Common","Description":"Common","ParentId":1,"OrdinalPosition":null},"Id":60},"HeaderColor":null,"IsHidden":false,"Layout":"{\"x\":0,\"y\":0,\"width\":83,\"height\":64}","OverrideTemplate":"\n\t&lt;!doctype html&gt; &lt;html&gt; &lt;head&gt; &lt;meta charset=&quot;utf-8&quot;&gt; &lt;title&gt;Untitled Document&lt;/title&gt; &lt;style&gt; div.news-container {  background-color:#e9ede5;  background-image:url(./Content/Common/assets/images/personBackground.jpg?1);  height:270px;  background-position: center;  background-repeat:no-repeat; border-radius: 10px 10px 0 0; } div.grad {  max-width:96%;  width:100%;  border:0px solid blue; } table.banner {  height:270px;  border:0px solid red;  max-width:100%;  width:100%; } .banner td {  text-align:center;  border:0px solid red;   } table.subnav {  max-width:96%;  width:100%;  border:0px solid green;  padding-top:15px;  font-family:&#39;Open Sans&#39; Tahoma;  font-weight:600; } .subnav td {  text-align:center;  width:25%;  padding:5px 20px;  font-weight:400;    } .subnav td.icon {  text-align:center;  width:25%;  padding:15px 0 5px 0;  font-weight:400;         height: 60px; } .subnav td.subnavtitle {         font-weight:700; } .subnav td.subnav-text {  text-align:left;  color: #606060;  font-family:Arial;  font-size:12px;  line-height:16px;  font-family:&#39;Open Sans&#39; Tahoma;         vertical-align:top; } &lt;/style&gt; &lt;/head&gt;  &lt;body&gt;  &lt;div class=&quot;news-container&quot;&gt;      &lt;center&gt;         &lt;div class=&quot;grad&quot;&gt;             &lt;table class=&quot;banner&quot;&gt;                 &lt;tr&gt;                     &lt;td colspan=&quot;2&quot; style=&quot;width:50%;&quot;&gt;                                           &lt;/td&gt;                     &lt;td&gt;&lt;/td&gt;                     &lt;td&gt;&lt;/td&gt;                 &lt;/tr&gt;             &lt;/table&gt;          &lt;/div&gt;          &lt;div style=&quot;background-color:#00aed3; text-align:left; border:0px solid orange; padding:5px 20px; font-family:&#39;Open Sans&#39; Tahoma;&quot;&gt;                         &lt;p style=&quot;font-size:14px; color:white; text-transform:uppercase; padding:15px 0px 10px 0px; margin:0px; font-family:&#39;Open Sans&#39; Tahoma;&quot;&gt;BUILDING A BETTER TEAM&lt;/p&gt;&lt;p style=&quot;font-size:30px; color:white; padding-bottom:20px; margin:0px; line-height:30px;&quot;&gt;Developing Individual and Team Talent Drives Company Performance&lt;/p&gt;&lt;p style=&quot;font-size:14px; color:white; font-family:&#39;Open Sans&#39; Tahoma; padding-bottom:20px; max-width:700px;&quot;&gt;Our long term success is fundamentally tied to our ability to develop leaders and more effective employees. As our most vital resource, we are committed to helping you improve in your current, next and long term role. &lt;/p&gt;                          &lt;/div&gt;                      &lt;/center&gt;     &lt;/div&gt; &lt;/body&gt; &lt;/html&gt;\n\t","ParameterJSON":"{\"HeaderLinkIcon\":\"\",\"IsCustomEditor\":true,\"PreviewType\":\"iframe\",\"fullScreen\":true}","SubTitle":"Content Editor Webpart","SupportsFullScreen":true,"Title":null}],"CanAddPage":false,"CanEditPage":false,"CanDeletePage":false,"CanPersonalizePage":true},{"Id":198,"title":"Home WFM","Description":"Home WFM","IsSystemLocked":true,"Name":"Home WFM","IsGuestPage":false,"ParameterJSON":null,"Personalization":null,"Url":"#/dash/home/WFM","path":"dash/home/WFM","WebPartPageKey":null,"IsEnabled":true,"RPKey":null,"Priority":0,"WebParts":[{"Id":336,"ChromeStyle":0,"Definition":{"WebPartDefinitionKey":"Common_ContentEditor","Title":"Content Editor","Description":"Enables users to add custom HTML to a dashboard.","SubTitle":"Content Editor Widget","WebPartIconName":null,"WidgetNotificationMode":0,"WidgetDeeplinkUrlText":null,"CategoryName":"Common","IsWebPartEnabled":true,"TypeName":null,"WebPartServiceAgentInterfaceTypeName":null,"WebPartDefinitionXml":null,"HideWebPartHeader":false,"HideWebPartFooter":true,"IsFreeFlowing":false,"PillarKey":null,"ChromeStyle":7,"ParameterJSON":"{\"HeaderLinkIcon\": \"\", \"IsCustomEditor\": true, \"PreviewType\" : \"iframe\"}","TemplatePath":"app/modules/dashboard/views/webparts/widgetContentEditor.html","IsSystemLocked":false,"Category":{"Id":5,"Name":"Common","CategoryKey":"WebPartDefinition_Common","Description":"Common","ParentId":1,"OrdinalPosition":null},"Id":60},"HeaderColor":null,"IsHidden":false,"Layout":"{\"x\":0,\"y\":0,\"width\":83,\"height\":64}","OverrideTemplate":"&lt;iframe src=&quot;https://supp-saux.sumtotaldemo.net/SA_FTP/LocalUser/wfm_ftp/2017_Standalone/index.html&quot; class=&quot;sumt-webpart-iframe&quot;&gt;&lt;/iframe&gt;","ParameterJSON":"{\"HeaderLinkIcon\":\"\",\"IsCustomEditor\":true,\"PreviewType\":\"iframe\",\"fullScreen\":true}","SubTitle":"Content Editor Webpart","SupportsFullScreen":true,"Title":"Content Editor Webpart"}],"CanAddPage":false,"CanEditPage":false,"CanDeletePage":false,"CanPersonalizePage":true}],"IsSystemLocked":true,"IsEnabled":true,"RPKey":null,"CanViewDashboard":true,"CanAddDashboard":true,"CanEditDashboard":true,"CanDeleteDashboard":true,"CanPersonalizeDashboard":true},{"Id":2,"DefaultPage":{"Id":2,"title":null,"Description":"Learning Dashboard","IsSystemLocked":true,"Name":"Learning","IsGuestPage":false,"ParameterJSON":null,"Personalization":null,"Url":"#/dash/learning","path":null,"WebPartPageKey":null,"IsEnabled":true,"RPKey":null,"Priority":0,"WebParts":[{"Id":310,"ChromeStyle":7,"Definition":{"WebPartDefinitionKey":"Timeline","Title":"Timeline","Description":"Displays tasks, approvals, and other updates in a timeline view.","SubTitle":"Activity timeline","WebPartIconName":null,"WidgetNotificationMode":0,"WidgetDeeplinkUrlText":null,"CategoryName":"Common","IsWebPartEnabled":true,"TypeName":null,"WebPartServiceAgentInterfaceTypeName":null,"WebPartDefinitionXml":null,"HideWebPartHeader":false,"HideWebPartFooter":false,"IsFreeFlowing":false,"PillarKey":null,"ChromeStyle":7,"ParameterJSON":"{\"HeaderLinkIcon\": \"\", \"IsCustomEditor\": false, \"PreviewType\" : \"timeline\"}","TemplatePath":"app/modules/dashboard/views/webparts/widgetTimeline.html","IsSystemLocked":false,"Category":{"Id":5,"Name":"Common","CategoryKey":"WebPartDefinition_Common","Description":"Common","ParentId":1,"OrdinalPosition":null},"Id":61},"HeaderColor":null,"IsHidden":false,"Layout":"{\"x\":34,\"y\":35,\"width\":50,\"height\":22,\"max-width\":10,\"max-height\":10}","OverrideTemplate":null,"ParameterJSON":"{\"HeaderLinkIcon\":\"\",\"IsCustomEditor\":false,\"PreviewType\":\"timeline\"}","SubTitle":"Activity timeline","SupportsFullScreen":true,"Title":"Timeline"},{"Id":476,"ChromeStyle":7,"Definition":{"WebPartDefinitionKey":"About_Me","Title":"About Me","Description":"Displays key profile information about the employee.","SubTitle":"Photo, email and employment information","WebPartIconName":null,"WidgetNotificationMode":0,"WidgetDeeplinkUrlText":"View my profile","CategoryName":"Common","IsWebPartEnabled":true,"TypeName":"SumTotal.SPPortal.WebParts.Core.MySelf.AboutMe.AboutMe, SumTotal.SPPortal.WebParts, Version=1.0.0.0, Culture=neutral, PublicKeyToken=6b7f90fbd13cce01","WebPartServiceAgentInterfaceTypeName":null,"WebPartDefinitionXml":null,"HideWebPartHeader":true,"HideWebPartFooter":true,"IsFreeFlowing":false,"PillarKey":null,"ChromeStyle":7,"ParameterJSON":"{\"HeaderLinkIcon\": \"\", \"IsCustomEditor\": false, \"PreviewType\" : \"aboutme\"}","TemplatePath":"app/modules/dashboard/views/webparts/widgetAboutMe.html","IsSystemLocked":false,"Category":{"Id":5,"Name":"Common","CategoryKey":"WebPartDefinition_Common","Description":"Common","ParentId":1,"OrdinalPosition":null},"Id":43},"HeaderColor":"","IsHidden":false,"Layout":"{\"x\":0,\"y\":0,\"width\":23,\"height\":15}","OverrideTemplate":null,"ParameterJSON":"{\"HeaderLinkIcon\":\"\",\"IsCustomEditor\":false,\"PreviewType\":\"aboutme\"}","SubTitle":"Photo, email and employment information","SupportsFullScreen":true,"Title":null},{"Id":487,"ChromeStyle":7,"Definition":{"WebPartDefinitionKey":"LM_MyLearning","Title":"My Learning","Description":"Provides user with graphical summary of their assigned training compliance status.","SubTitle":null,"WebPartIconName":null,"WidgetNotificationMode":0,"WidgetDeeplinkUrlText":null,"CategoryName":"Learning","IsWebPartEnabled":true,"TypeName":"SumTotal.SPPortal.WebParts.Core.Learning.MyLearning.MyLearning, SumTotal.SPPortal.WebParts, Version=1.0.0.0, Culture=neutral, PublicKeyToken=6b7f90fbd13cce01","WebPartServiceAgentInterfaceTypeName":"ILMWebPartContractAsync","WebPartDefinitionXml":null,"HideWebPartHeader":false,"HideWebPartFooter":true,"IsFreeFlowing":false,"PillarKey":"LM","ChromeStyle":7,"ParameterJSON":"{\"HeaderLinkIcon\": \"\", \"IsCustomEditor\": false, \"PreviewType\" : \"html\"}","TemplatePath":"app/modules/dashboard/views/webparts/widgetMyLearning.html","IsSystemLocked":false,"Category":{"Id":8,"Name":"Learning","CategoryKey":"WebPartDefinition_Learning","Description":"Learning","ParentId":1,"OrdinalPosition":null},"Id":67},"HeaderColor":"","IsHidden":false,"Layout":"{\"x\":23,\"y\":0,\"width\":25,\"height\":15}","OverrideTemplate":null,"ParameterJSON":"{\"HeaderLinkIcon\":\"\",\"IsCustomEditor\":false,\"PreviewType\":\"html\"}","SubTitle":null,"SupportsFullScreen":true,"Title":null},{"Id":488,"ChromeStyle":7,"Definition":{"WebPartDefinitionKey":"LM_LearningTasks","Title":"Learning Tasks","Description":"Displays the user's pending tasks.","SubTitle":"Learning Tasks","WebPartIconName":null,"WidgetNotificationMode":0,"WidgetDeeplinkUrlText":null,"CategoryName":"Learning","IsWebPartEnabled":true,"TypeName":"SSumTotal.SPPortal.WebParts.Core.Learning.LearningTasks.LearningTasks, SumTotal.SPPortal.WebParts, Version=1.0.0.0, Culture=neutral, PublicKeyToken=6b7f90fbd13cce01","WebPartServiceAgentInterfaceTypeName":"ILMWebPartContractAsync","WebPartDefinitionXml":null,"HideWebPartHeader":false,"HideWebPartFooter":true,"IsFreeFlowing":false,"PillarKey":"LM","ChromeStyle":7,"ParameterJSON":"{\"HeaderLinkIcon\": \"\", \"IsCustomEditor\": false, \"PreviewType\" : \"table\"}","TemplatePath":"app/modules/dashboard/views/webparts/widgetLearningTasks.html","IsSystemLocked":false,"Category":{"Id":8,"Name":"Learning","CategoryKey":"WebPartDefinition_Learning","Description":"Learning","ParentId":1,"OrdinalPosition":null},"Id":68},"HeaderColor":"","IsHidden":false,"Layout":"{\"x\":48,\"y\":0,\"width\":34,\"height\":14}","OverrideTemplate":null,"ParameterJSON":"{\"HeaderLinkIcon\":\"\",\"IsCustomEditor\":false,\"PreviewType\":\"table\"}","SubTitle":"Learning Tasks","SupportsFullScreen":true,"Title":null},{"Id":489,"ChromeStyle":7,"Definition":{"WebPartDefinitionKey":"LM_Recommendation","Title":"Recommended Courses","Description":"Displays recommended learning based on your interests, your required skills, and suggestions from others in your organization.","SubTitle":null,"WebPartIconName":null,"WidgetNotificationMode":0,"WidgetDeeplinkUrlText":null,"CategoryName":"Learning","IsWebPartEnabled":true,"TypeName":null,"WebPartServiceAgentInterfaceTypeName":null,"WebPartDefinitionXml":null,"HideWebPartHeader":false,"HideWebPartFooter":true,"IsFreeFlowing":false,"PillarKey":"LM","ChromeStyle":7,"ParameterJSON":"{\"HeaderLinkIcon\": \"\", \"IsCustomEditor\": false, \"PreviewType\" : \"table\"}","TemplatePath":"app/modules/dashboard/views/webparts/widgetRecommendation.html","IsSystemLocked":false,"Category":{"Id":8,"Name":"Learning","CategoryKey":"WebPartDefinition_Learning","Description":"Learning","ParentId":1,"OrdinalPosition":null},"Id":70},"HeaderColor":"","IsHidden":false,"Layout":"{\"x\":0,\"y\":15,\"width\":42,\"height\":20}","OverrideTemplate":null,"ParameterJSON":"{\"HeaderLinkIcon\":\"\",\"IsCustomEditor\":false,\"PreviewType\":\"table\"}","SubTitle":null,"SupportsFullScreen":true,"Title":null},{"Id":490,"ChromeStyle":7,"Definition":{"WebPartDefinitionKey":"LM_RecentlyLaunched","Title":"Recently Launched","Description":"Provides user with quick access to the most recently launched non-completed training item.","SubTitle":"Recently Launched","WebPartIconName":null,"WidgetNotificationMode":0,"WidgetDeeplinkUrlText":"View All Recently Launch Activity","CategoryName":"Learning","IsWebPartEnabled":true,"TypeName":"SumTotal.SPPortal.WebParts.Core.Learning.RecentlyLaunched.RecentlyLaunched, SumTotal.SPPortal.WebParts, Version=1.0.0.0, Culture=neutral, PublicKeyToken=6b7f90fbd13cce01","WebPartServiceAgentInterfaceTypeName":"ILMWebPartContractAsync","WebPartDefinitionXml":null,"HideWebPartHeader":false,"HideWebPartFooter":true,"IsFreeFlowing":false,"PillarKey":"LM","ChromeStyle":7,"ParameterJSON":"{\"HeaderLinkIcon\": \"\", \"IsCustomEditor\": false, \"PreviewType\" : \"table\"}","TemplatePath":"app/modules/dashboard/views/webparts/widgetRecentlyLaunched.html","IsSystemLocked":false,"Category":{"Id":8,"Name":"Learning","CategoryKey":"WebPartDefinition_Learning","Description":"Learning","ParentId":1,"OrdinalPosition":null},"Id":65},"HeaderColor":"","IsHidden":false,"Layout":"{\"x\":42,\"y\":15,\"width\":40,\"height\":20}","OverrideTemplate":null,"ParameterJSON":"{\"HeaderLinkIcon\":\"\",\"IsCustomEditor\":false,\"PreviewType\":\"table\"}","SubTitle":"Recently Launched","SupportsFullScreen":true,"Title":null},{"Id":491,"ChromeStyle":7,"Definition":{"WebPartDefinitionKey":"LM_MyMessages","Title":"My Messages","Description":"Highlights the five most recent unread learning  notifications.","SubTitle":"Recent messages I have received","WebPartIconName":null,"WidgetNotificationMode":1,"WidgetDeeplinkUrlText":"View All Messages","CategoryName":"Learning","IsWebPartEnabled":true,"TypeName":"SumTotal.SPPortal.WebParts.Core.Learning.MyMessages.MyMessages, SumTotal.SPPortal.WebParts, Version=1.0.0.0, Culture=neutral, PublicKeyToken=6b7f90fbd13cce01","WebPartServiceAgentInterfaceTypeName":"ILMWebPartContractAsync","WebPartDefinitionXml":null,"HideWebPartHeader":false,"HideWebPartFooter":true,"IsFreeFlowing":false,"PillarKey":"LM","ChromeStyle":7,"ParameterJSON":"{\"HeaderLinkIcon\": \"\", \"IsCustomEditor\": false, \"MessagesConfig\":{ \"MessageCount\":\"count\", \"MessageData\":[\"date\", \"subject\", \"url\"]}, \"PreviewType\":\"messages\"}","TemplatePath":"app/modules/dashboard/views/webparts/widgetMyMessages.html","IsSystemLocked":false,"Category":{"Id":8,"Name":"Learning","CategoryKey":"WebPartDefinition_Learning","Description":"Learning","ParentId":1,"OrdinalPosition":null},"Id":4},"HeaderColor":"","IsHidden":false,"Layout":"{\"x\":null,\"y\":null,\"width\":33,\"height\":20}","OverrideTemplate":null,"ParameterJSON":"{\"HeaderLinkIcon\":\"\",\"IsCustomEditor\":false,\"MessagesConfig\":{\"MessageCount\":\"count\",\"MessageData\":[\"date\",\"subject\",\"url\"]},\"PreviewType\":\"messages\"}","SubTitle":"Recent messages I have received","SupportsFullScreen":true,"Title":null}],"CanAddPage":false,"CanEditPage":false,"CanDeletePage":false,"CanPersonalizePage":false},"Description":"Learning Dashboard","Name":"LM","Url":"#/dash/learning","WebPartPageDefinitionKey":null,"WebPartPages":[{"Id":2,"title":"Learning","Description":"Learning Dashboard","IsSystemLocked":true,"Name":"Learning","IsGuestPage":false,"ParameterJSON":null,"Personalization":null,"Url":"#/dash/learning","path":"dash/learning","WebPartPageKey":null,"IsEnabled":true,"RPKey":null,"Priority":0,"WebParts":[{"Id":310,"ChromeStyle":7,"Definition":{"WebPartDefinitionKey":"Timeline","Title":"Timeline","Description":"Displays tasks, approvals, and other updates in a timeline view.","SubTitle":"Activity timeline","WebPartIconName":null,"WidgetNotificationMode":0,"WidgetDeeplinkUrlText":null,"CategoryName":"Common","IsWebPartEnabled":true,"TypeName":null,"WebPartServiceAgentInterfaceTypeName":null,"WebPartDefinitionXml":null,"HideWebPartHeader":false,"HideWebPartFooter":false,"IsFreeFlowing":false,"PillarKey":null,"ChromeStyle":7,"ParameterJSON":"{\"HeaderLinkIcon\": \"\", \"IsCustomEditor\": false, \"PreviewType\" : \"timeline\"}","TemplatePath":"app/modules/dashboard/views/webparts/widgetTimeline.html","IsSystemLocked":false,"Category":{"Id":5,"Name":"Common","CategoryKey":"WebPartDefinition_Common","Description":"Common","ParentId":1,"OrdinalPosition":null},"Id":61},"HeaderColor":null,"IsHidden":false,"Layout":"{\"x\":34,\"y\":35,\"width\":50,\"height\":22,\"max-width\":10,\"max-height\":10}","OverrideTemplate":null,"ParameterJSON":"{\"HeaderLinkIcon\":\"\",\"IsCustomEditor\":false,\"PreviewType\":\"timeline\"}","SubTitle":"Activity timeline","SupportsFullScreen":true,"Title":"Timeline"},{"Id":476,"ChromeStyle":7,"Definition":{"WebPartDefinitionKey":"About_Me","Title":"About Me","Description":"Displays key profile information about the employee.","SubTitle":"Photo, email and employment information","WebPartIconName":null,"WidgetNotificationMode":0,"WidgetDeeplinkUrlText":"View my profile","CategoryName":"Common","IsWebPartEnabled":true,"TypeName":"SumTotal.SPPortal.WebParts.Core.MySelf.AboutMe.AboutMe, SumTotal.SPPortal.WebParts, Version=1.0.0.0, Culture=neutral, PublicKeyToken=6b7f90fbd13cce01","WebPartServiceAgentInterfaceTypeName":null,"WebPartDefinitionXml":null,"HideWebPartHeader":true,"HideWebPartFooter":true,"IsFreeFlowing":false,"PillarKey":null,"ChromeStyle":7,"ParameterJSON":"{\"HeaderLinkIcon\": \"\", \"IsCustomEditor\": false, \"PreviewType\" : \"aboutme\"}","TemplatePath":"app/modules/dashboard/views/webparts/widgetAboutMe.html","IsSystemLocked":false,"Category":{"Id":5,"Name":"Common","CategoryKey":"WebPartDefinition_Common","Description":"Common","ParentId":1,"OrdinalPosition":null},"Id":43},"HeaderColor":"","IsHidden":false,"Layout":"{\"x\":0,\"y\":0,\"width\":23,\"height\":15}","OverrideTemplate":null,"ParameterJSON":"{\"HeaderLinkIcon\":\"\",\"IsCustomEditor\":false,\"PreviewType\":\"aboutme\"}","SubTitle":"Photo, email and employment information","SupportsFullScreen":true,"Title":null},{"Id":487,"ChromeStyle":7,"Definition":{"WebPartDefinitionKey":"LM_MyLearning","Title":"My Learning","Description":"Provides user with graphical summary of their assigned training compliance status.","SubTitle":null,"WebPartIconName":null,"WidgetNotificationMode":0,"WidgetDeeplinkUrlText":null,"CategoryName":"Learning","IsWebPartEnabled":true,"TypeName":"SumTotal.SPPortal.WebParts.Core.Learning.MyLearning.MyLearning, SumTotal.SPPortal.WebParts, Version=1.0.0.0, Culture=neutral, PublicKeyToken=6b7f90fbd13cce01","WebPartServiceAgentInterfaceTypeName":"ILMWebPartContractAsync","WebPartDefinitionXml":null,"HideWebPartHeader":false,"HideWebPartFooter":true,"IsFreeFlowing":false,"PillarKey":"LM","ChromeStyle":7,"ParameterJSON":"{\"HeaderLinkIcon\": \"\", \"IsCustomEditor\": false, \"PreviewType\" : \"html\"}","TemplatePath":"app/modules/dashboard/views/webparts/widgetMyLearning.html","IsSystemLocked":false,"Category":{"Id":8,"Name":"Learning","CategoryKey":"WebPartDefinition_Learning","Description":"Learning","ParentId":1,"OrdinalPosition":null},"Id":67},"HeaderColor":"","IsHidden":false,"Layout":"{\"x\":23,\"y\":0,\"width\":25,\"height\":15}","OverrideTemplate":null,"ParameterJSON":"{\"HeaderLinkIcon\":\"\",\"IsCustomEditor\":false,\"PreviewType\":\"html\"}","SubTitle":null,"SupportsFullScreen":true,"Title":null},{"Id":488,"ChromeStyle":7,"Definition":{"WebPartDefinitionKey":"LM_LearningTasks","Title":"Learning Tasks","Description":"Displays the user's pending tasks.","SubTitle":"Learning Tasks","WebPartIconName":null,"WidgetNotificationMode":0,"WidgetDeeplinkUrlText":null,"CategoryName":"Learning","IsWebPartEnabled":true,"TypeName":"SSumTotal.SPPortal.WebParts.Core.Learning.LearningTasks.LearningTasks, SumTotal.SPPortal.WebParts, Version=1.0.0.0, Culture=neutral, PublicKeyToken=6b7f90fbd13cce01","WebPartServiceAgentInterfaceTypeName":"ILMWebPartContractAsync","WebPartDefinitionXml":null,"HideWebPartHeader":false,"HideWebPartFooter":true,"IsFreeFlowing":false,"PillarKey":"LM","ChromeStyle":7,"ParameterJSON":"{\"HeaderLinkIcon\": \"\", \"IsCustomEditor\": false, \"PreviewType\" : \"table\"}","TemplatePath":"app/modules/dashboard/views/webparts/widgetLearningTasks.html","IsSystemLocked":false,"Category":{"Id":8,"Name":"Learning","CategoryKey":"WebPartDefinition_Learning","Description":"Learning","ParentId":1,"OrdinalPosition":null},"Id":68},"HeaderColor":"","IsHidden":false,"Layout":"{\"x\":48,\"y\":0,\"width\":34,\"height\":14}","OverrideTemplate":null,"ParameterJSON":"{\"HeaderLinkIcon\":\"\",\"IsCustomEditor\":false,\"PreviewType\":\"table\"}","SubTitle":"Learning Tasks","SupportsFullScreen":true,"Title":null},{"Id":489,"ChromeStyle":7,"Definition":{"WebPartDefinitionKey":"LM_Recommendation","Title":"Recommended Courses","Description":"Displays recommended learning based on your interests, your required skills, and suggestions from others in your organization.","SubTitle":null,"WebPartIconName":null,"WidgetNotificationMode":0,"WidgetDeeplinkUrlText":null,"CategoryName":"Learning","IsWebPartEnabled":true,"TypeName":null,"WebPartServiceAgentInterfaceTypeName":null,"WebPartDefinitionXml":null,"HideWebPartHeader":false,"HideWebPartFooter":true,"IsFreeFlowing":false,"PillarKey":"LM","ChromeStyle":7,"ParameterJSON":"{\"HeaderLinkIcon\": \"\", \"IsCustomEditor\": false, \"PreviewType\" : \"table\"}","TemplatePath":"app/modules/dashboard/views/webparts/widgetRecommendation.html","IsSystemLocked":false,"Category":{"Id":8,"Name":"Learning","CategoryKey":"WebPartDefinition_Learning","Description":"Learning","ParentId":1,"OrdinalPosition":null},"Id":70},"HeaderColor":"","IsHidden":false,"Layout":"{\"x\":0,\"y\":15,\"width\":42,\"height\":20}","OverrideTemplate":null,"ParameterJSON":"{\"HeaderLinkIcon\":\"\",\"IsCustomEditor\":false,\"PreviewType\":\"table\"}","SubTitle":null,"SupportsFullScreen":true,"Title":null},{"Id":490,"ChromeStyle":7,"Definition":{"WebPartDefinitionKey":"LM_RecentlyLaunched","Title":"Recently Launched","Description":"Provides user with quick access to the most recently launched non-completed training item.","SubTitle":"Recently Launched","WebPartIconName":null,"WidgetNotificationMode":0,"WidgetDeeplinkUrlText":"View All Recently Launch Activity","CategoryName":"Learning","IsWebPartEnabled":true,"TypeName":"SumTotal.SPPortal.WebParts.Core.Learning.RecentlyLaunched.RecentlyLaunched, SumTotal.SPPortal.WebParts, Version=1.0.0.0, Culture=neutral, PublicKeyToken=6b7f90fbd13cce01","WebPartServiceAgentInterfaceTypeName":"ILMWebPartContractAsync","WebPartDefinitionXml":null,"HideWebPartHeader":false,"HideWebPartFooter":true,"IsFreeFlowing":false,"PillarKey":"LM","ChromeStyle":7,"ParameterJSON":"{\"HeaderLinkIcon\": \"\", \"IsCustomEditor\": false, \"PreviewType\" : \"table\"}","TemplatePath":"app/modules/dashboard/views/webparts/widgetRecentlyLaunched.html","IsSystemLocked":false,"Category":{"Id":8,"Name":"Learning","CategoryKey":"WebPartDefinition_Learning","Description":"Learning","ParentId":1,"OrdinalPosition":null},"Id":65},"HeaderColor":"","IsHidden":false,"Layout":"{\"x\":42,\"y\":15,\"width\":40,\"height\":20}","OverrideTemplate":null,"ParameterJSON":"{\"HeaderLinkIcon\":\"\",\"IsCustomEditor\":false,\"PreviewType\":\"table\"}","SubTitle":"Recently Launched","SupportsFullScreen":true,"Title":null},{"Id":491,"ChromeStyle":7,"Definition":{"WebPartDefinitionKey":"LM_MyMessages","Title":"My Messages","Description":"Highlights the five most recent unread learning  notifications.","SubTitle":"Recent messages I have received","WebPartIconName":null,"WidgetNotificationMode":1,"WidgetDeeplinkUrlText":"View All Messages","CategoryName":"Learning","IsWebPartEnabled":true,"TypeName":"SumTotal.SPPortal.WebParts.Core.Learning.MyMessages.MyMessages, SumTotal.SPPortal.WebParts, Version=1.0.0.0, Culture=neutral, PublicKeyToken=6b7f90fbd13cce01","WebPartServiceAgentInterfaceTypeName":"ILMWebPartContractAsync","WebPartDefinitionXml":null,"HideWebPartHeader":false,"HideWebPartFooter":true,"IsFreeFlowing":false,"PillarKey":"LM","ChromeStyle":7,"ParameterJSON":"{\"HeaderLinkIcon\": \"\", \"IsCustomEditor\": false, \"MessagesConfig\":{ \"MessageCount\":\"count\", \"MessageData\":[\"date\", \"subject\", \"url\"]}, \"PreviewType\":\"messages\"}","TemplatePath":"app/modules/dashboard/views/webparts/widgetMyMessages.html","IsSystemLocked":false,"Category":{"Id":8,"Name":"Learning","CategoryKey":"WebPartDefinition_Learning","Description":"Learning","ParentId":1,"OrdinalPosition":null},"Id":4},"HeaderColor":"","IsHidden":false,"Layout":"{\"x\":null,\"y\":null,\"width\":33,\"height\":20}","OverrideTemplate":null,"ParameterJSON":"{\"HeaderLinkIcon\":\"\",\"IsCustomEditor\":false,\"MessagesConfig\":{\"MessageCount\":\"count\",\"MessageData\":[\"date\",\"subject\",\"url\"]},\"PreviewType\":\"messages\"}","SubTitle":"Recent messages I have received","SupportsFullScreen":true,"Title":null}],"CanAddPage":false,"CanEditPage":false,"CanDeletePage":false,"CanPersonalizePage":true}],"IsSystemLocked":true,"IsEnabled":true,"RPKey":null,"CanViewDashboard":true,"CanAddDashboard":false,"CanEditDashboard":false,"CanDeleteDashboard":false,"CanPersonalizeDashboard":true},{"Id":14,"DefaultPage":{"Id":4,"title":null,"Description":"Profile","IsSystemLocked":true,"Name":"Profile","IsGuestPage":false,"ParameterJSON":null,"Personalization":null,"Url":"#/dash/profile","path":null,"WebPartPageKey":null,"IsEnabled":true,"RPKey":null,"Priority":1,"WebParts":[],"CanAddPage":false,"CanEditPage":false,"CanDeletePage":false,"CanPersonalizePage":false},"Description":"Profile","Name":"Profile","Url":"#/dash/profile","WebPartPageDefinitionKey":null,"WebPartPages":[{"Id":4,"title":"Profile","Description":"Profile","IsSystemLocked":true,"Name":"Profile","IsGuestPage":false,"ParameterJSON":null,"Personalization":null,"Url":"#/dash/profile","path":"dash/profile","WebPartPageKey":null,"IsEnabled":true,"RPKey":null,"Priority":1,"WebParts":[],"CanAddPage":false,"CanEditPage":false,"CanDeletePage":false,"CanPersonalizePage":true},{"Id":191,"title":"Public Profile View - Manager","Description":"Public Profile View - Manager","IsSystemLocked":true,"Name":"Public Profile View - Manager","IsGuestPage":false,"ParameterJSON":null,"Personalization":null,"Url":"#/dash/profile/publicProfileManager","path":"dash/profile/publicProfileManager","WebPartPageKey":null,"IsEnabled":true,"RPKey":null,"Priority":1,"WebParts":[{"Id":319,"ChromeStyle":0,"Definition":{"WebPartDefinitionKey":"About_Me","Title":"About Me","Description":"Displays key profile information about the employee.","SubTitle":"Photo, email and employment information","WebPartIconName":null,"WidgetNotificationMode":0,"WidgetDeeplinkUrlText":"View my profile","CategoryName":"Common","IsWebPartEnabled":true,"TypeName":"SumTotal.SPPortal.WebParts.Core.MySelf.AboutMe.AboutMe, SumTotal.SPPortal.WebParts, Version=1.0.0.0, Culture=neutral, PublicKeyToken=6b7f90fbd13cce01","WebPartServiceAgentInterfaceTypeName":null,"WebPartDefinitionXml":null,"HideWebPartHeader":true,"HideWebPartFooter":true,"IsFreeFlowing":false,"PillarKey":null,"ChromeStyle":7,"ParameterJSON":"{\"HeaderLinkIcon\": \"\", \"IsCustomEditor\": false, \"PreviewType\" : \"aboutme\"}","TemplatePath":"app/modules/dashboard/views/webparts/widgetAboutMe.html","IsSystemLocked":false,"Category":{"Id":5,"Name":"Common","CategoryKey":"WebPartDefinition_Common","Description":"Common","ParentId":1,"OrdinalPosition":null},"Id":43},"HeaderColor":null,"IsHidden":false,"Layout":"{\"x\":0,\"y\":\"0\",\"width\":33,\"height\":20}","OverrideTemplate":null,"ParameterJSON":"{\"HeaderLinkIcon\":\"\",\"IsCustomEditor\":false,\"PreviewType\":\"aboutme\"}","SubTitle":"Photo, email and employment information","SupportsFullScreen":true,"Title":null},{"Id":320,"ChromeStyle":7,"Definition":{"WebPartDefinitionKey":"Timeline","Title":"Timeline","Description":"Displays tasks, approvals, and other updates in a timeline view.","SubTitle":"Activity timeline","WebPartIconName":null,"WidgetNotificationMode":0,"WidgetDeeplinkUrlText":null,"CategoryName":"Common","IsWebPartEnabled":true,"TypeName":null,"WebPartServiceAgentInterfaceTypeName":null,"WebPartDefinitionXml":null,"HideWebPartHeader":false,"HideWebPartFooter":false,"IsFreeFlowing":false,"PillarKey":null,"ChromeStyle":7,"ParameterJSON":"{\"HeaderLinkIcon\": \"\", \"IsCustomEditor\": false, \"PreviewType\" : \"timeline\"}","TemplatePath":"app/modules/dashboard/views/webparts/widgetTimeline.html","IsSystemLocked":false,"Category":{"Id":5,"Name":"Common","CategoryKey":"WebPartDefinition_Common","Description":"Common","ParentId":1,"OrdinalPosition":null},"Id":61},"HeaderColor":null,"IsHidden":false,"Layout":"{\"x\":0,\"y\":33,\"width\":33,\"height\":62,\"max-width\":10,\"max-height\":10}","OverrideTemplate":null,"ParameterJSON":"{\"HeaderLinkIcon\":\"\",\"IsCustomEditor\":false,\"PreviewType\":\"timeline\"}","SubTitle":"Activity timeline","SupportsFullScreen":true,"Title":null},{"Id":321,"ChromeStyle":7,"Definition":{"WebPartDefinitionKey":"Direct_Reports","Title":"Direct Reports","Description":"Listing of your direct reports.","SubTitle":"Direct Reports","WebPartIconName":null,"WidgetNotificationMode":0,"WidgetDeeplinkUrlText":null,"CategoryName":"Common","IsWebPartEnabled":true,"TypeName":null,"WebPartServiceAgentInterfaceTypeName":null,"WebPartDefinitionXml":null,"HideWebPartHeader":false,"HideWebPartFooter":true,"IsFreeFlowing":false,"PillarKey":null,"ChromeStyle":7,"ParameterJSON":"{\"HeaderLinkIcon\": \"DirectReports\", \"IsCustomEditor\": false, \"PreviewType\" : \"table\"}","TemplatePath":"app/modules/dashboard/views/webparts/widgetDirectReports.html","IsSystemLocked":false,"Category":{"Id":5,"Name":"Common","CategoryKey":"WebPartDefinition_Common","Description":"Common","ParentId":1,"OrdinalPosition":null},"Id":63},"HeaderColor":null,"IsHidden":false,"Layout":"{\"x\":34,\"y\":0,\"width\":66,\"height\":33}","OverrideTemplate":null,"ParameterJSON":"{\"HeaderLinkIcon\":\"DirectReports\",\"IsCustomEditor\":false,\"PreviewType\":\"table\"}","SubTitle":"Direct Reports","SupportsFullScreen":true,"Title":null}],"CanAddPage":false,"CanEditPage":false,"CanDeletePage":false,"CanPersonalizePage":true},{"Id":192,"title":"Public Profile View - Employee","Description":"Public Profile View - Employee","IsSystemLocked":true,"Name":"Public Profile View - Employee","IsGuestPage":false,"ParameterJSON":null,"Personalization":null,"Url":"#/dash/profile/publicProfileEmployee","path":"dash/profile/publicProfileEmployee","WebPartPageKey":null,"IsEnabled":true,"RPKey":null,"Priority":1,"WebParts":[{"Id":317,"ChromeStyle":7,"Definition":{"WebPartDefinitionKey":"Timeline","Title":"Timeline","Description":"Displays tasks, approvals, and other updates in a timeline view.","SubTitle":"Activity timeline","WebPartIconName":null,"WidgetNotificationMode":0,"WidgetDeeplinkUrlText":null,"CategoryName":"Common","IsWebPartEnabled":true,"TypeName":null,"WebPartServiceAgentInterfaceTypeName":null,"WebPartDefinitionXml":null,"HideWebPartHeader":false,"HideWebPartFooter":false,"IsFreeFlowing":false,"PillarKey":null,"ChromeStyle":7,"ParameterJSON":"{\"HeaderLinkIcon\": \"\", \"IsCustomEditor\": false, \"PreviewType\" : \"timeline\"}","TemplatePath":"app/modules/dashboard/views/webparts/widgetTimeline.html","IsSystemLocked":false,"Category":{"Id":5,"Name":"Common","CategoryKey":"WebPartDefinition_Common","Description":"Common","ParentId":1,"OrdinalPosition":null},"Id":61},"HeaderColor":null,"IsHidden":false,"Layout":"{\"x\":0,\"y\":33,\"width\":33,\"height\":62,\"max-width\":10,\"max-height\":10}","OverrideTemplate":null,"ParameterJSON":"{\"HeaderLinkIcon\":\"\",\"IsCustomEditor\":false,\"PreviewType\":\"timeline\"}","SubTitle":"Activity timeline","SupportsFullScreen":true,"Title":null},{"Id":318,"ChromeStyle":0,"Definition":{"WebPartDefinitionKey":"About_Me","Title":"About Me","Description":"Displays key profile information about the employee.","SubTitle":"Photo, email and employment information","WebPartIconName":null,"WidgetNotificationMode":0,"WidgetDeeplinkUrlText":"View my profile","CategoryName":"Common","IsWebPartEnabled":true,"TypeName":"SumTotal.SPPortal.WebParts.Core.MySelf.AboutMe.AboutMe, SumTotal.SPPortal.WebParts, Version=1.0.0.0, Culture=neutral, PublicKeyToken=6b7f90fbd13cce01","WebPartServiceAgentInterfaceTypeName":null,"WebPartDefinitionXml":null,"HideWebPartHeader":true,"HideWebPartFooter":true,"IsFreeFlowing":false,"PillarKey":null,"ChromeStyle":7,"ParameterJSON":"{\"HeaderLinkIcon\": \"\", \"IsCustomEditor\": false, \"PreviewType\" : \"aboutme\"}","TemplatePath":"app/modules/dashboard/views/webparts/widgetAboutMe.html","IsSystemLocked":false,"Category":{"Id":5,"Name":"Common","CategoryKey":"WebPartDefinition_Common","Description":"Common","ParentId":1,"OrdinalPosition":null},"Id":43},"HeaderColor":null,"IsHidden":false,"Layout":"{\"x\":0,\"y\":\"0\",\"width\":33,\"height\":20}","OverrideTemplate":null,"ParameterJSON":"{\"HeaderLinkIcon\":\"\",\"IsCustomEditor\":false,\"PreviewType\":\"aboutme\"}","SubTitle":"Photo, email and employment information","SupportsFullScreen":true,"Title":null}],"CanAddPage":false,"CanEditPage":false,"CanDeletePage":false,"CanPersonalizePage":true},{"Id":193,"title":"Personal Profile View - Employee","Description":"Personal Profile View - Employee","IsSystemLocked":true,"Name":"Personal Profile View - Employee","IsGuestPage":false,"ParameterJSON":null,"Personalization":null,"Url":"#/dash/profile/personalProfileEmployee","path":"dash/profile/personalProfileEmployee","WebPartPageKey":null,"IsEnabled":true,"RPKey":null,"Priority":18,"WebParts":[{"Id":315,"ChromeStyle":7,"Definition":{"WebPartDefinitionKey":"Timeline","Title":"Timeline","Description":"Displays tasks, approvals, and other updates in a timeline view.","SubTitle":"Activity timeline","WebPartIconName":null,"WidgetNotificationMode":0,"WidgetDeeplinkUrlText":null,"CategoryName":"Common","IsWebPartEnabled":true,"TypeName":null,"WebPartServiceAgentInterfaceTypeName":null,"WebPartDefinitionXml":null,"HideWebPartHeader":false,"HideWebPartFooter":false,"IsFreeFlowing":false,"PillarKey":null,"ChromeStyle":7,"ParameterJSON":"{\"HeaderLinkIcon\": \"\", \"IsCustomEditor\": false, \"PreviewType\" : \"timeline\"}","TemplatePath":"app/modules/dashboard/views/webparts/widgetTimeline.html","IsSystemLocked":false,"Category":{"Id":5,"Name":"Common","CategoryKey":"WebPartDefinition_Common","Description":"Common","ParentId":1,"OrdinalPosition":null},"Id":61},"HeaderColor":null,"IsHidden":false,"Layout":"{\"x\":0,\"y\":21,\"width\":33,\"height\":62,\"max-width\":10,\"max-height\":10}","OverrideTemplate":null,"ParameterJSON":"{\"HeaderLinkIcon\":\"\",\"IsCustomEditor\":false,\"PreviewType\":\"timeline\"}","SubTitle":"Activity timeline","SupportsFullScreen":true,"Title":null},{"Id":316,"ChromeStyle":7,"Definition":{"WebPartDefinitionKey":"Key_Measures","Title":"Key Measures","Description":"Displays key performance measures for a user.","SubTitle":"Key Measures","WebPartIconName":null,"WidgetNotificationMode":0,"WidgetDeeplinkUrlText":null,"CategoryName":"Common","IsWebPartEnabled":true,"TypeName":null,"WebPartServiceAgentInterfaceTypeName":null,"WebPartDefinitionXml":null,"HideWebPartHeader":false,"HideWebPartFooter":true,"IsFreeFlowing":false,"PillarKey":null,"ChromeStyle":7,"ParameterJSON":"{\"HeaderLinkIcon\": \"\", \"IsCustomEditor\": false, \"PreviewType\" : \"claw\"}","TemplatePath":"app/modules/dashboard/views/webparts/widgetKeyMeasures.html","IsSystemLocked":false,"Category":{"Id":5,"Name":"Common","CategoryKey":"WebPartDefinition_Common","Description":"Common","ParentId":1,"OrdinalPosition":null},"Id":62},"HeaderColor":null,"IsHidden":false,"Layout":"{\"x\":33,\"y\":0,\"width\":67,\"height\":20,\"max-width\":10,\"max-height\":10}","OverrideTemplate":null,"ParameterJSON":"{\"HeaderLinkIcon\":\"\",\"IsCustomEditor\":false,\"PreviewType\":\"claw\"}","SubTitle":"Key Measures","SupportsFullScreen":true,"Title":null},{"Id":415,"ChromeStyle":7,"Definition":{"WebPartDefinitionKey":"About_Me","Title":"About Me","Description":"Displays key profile information about the employee.","SubTitle":"Photo, email and employment information","WebPartIconName":null,"WidgetNotificationMode":0,"WidgetDeeplinkUrlText":"View my profile","CategoryName":"Common","IsWebPartEnabled":true,"TypeName":"SumTotal.SPPortal.WebParts.Core.MySelf.AboutMe.AboutMe, SumTotal.SPPortal.WebParts, Version=1.0.0.0, Culture=neutral, PublicKeyToken=6b7f90fbd13cce01","WebPartServiceAgentInterfaceTypeName":null,"WebPartDefinitionXml":null,"HideWebPartHeader":true,"HideWebPartFooter":true,"IsFreeFlowing":false,"PillarKey":null,"ChromeStyle":7,"ParameterJSON":"{\"HeaderLinkIcon\": \"\", \"IsCustomEditor\": false, \"PreviewType\" : \"aboutme\"}","TemplatePath":"app/modules/dashboard/views/webparts/widgetAboutMe.html","IsSystemLocked":false,"Category":{"Id":5,"Name":"Common","CategoryKey":"WebPartDefinition_Common","Description":"Common","ParentId":1,"OrdinalPosition":null},"Id":43},"HeaderColor":"","IsHidden":false,"Layout":"{\"x\":0,\"y\":0,\"width\":30,\"height\":21}","OverrideTemplate":null,"ParameterJSON":"{\"HeaderLinkIcon\":\"\",\"IsCustomEditor\":false,\"PreviewType\":\"aboutme\"}","SubTitle":"Photo, email and employment information","SupportsFullScreen":true,"Title":null},{"Id":416,"ChromeStyle":7,"Definition":{"WebPartDefinitionKey":"LM_Recommendation","Title":"Recommended Courses","Description":"Displays recommended learning based on your interests, your required skills, and suggestions from others in your organization.","SubTitle":null,"WebPartIconName":null,"WidgetNotificationMode":0,"WidgetDeeplinkUrlText":null,"CategoryName":"Learning","IsWebPartEnabled":true,"TypeName":null,"WebPartServiceAgentInterfaceTypeName":null,"WebPartDefinitionXml":null,"HideWebPartHeader":false,"HideWebPartFooter":true,"IsFreeFlowing":false,"PillarKey":"LM","ChromeStyle":7,"ParameterJSON":"{\"HeaderLinkIcon\": \"\", \"IsCustomEditor\": false, \"PreviewType\" : \"table\"}","TemplatePath":"app/modules/dashboard/views/webparts/widgetRecommendation.html","IsSystemLocked":false,"Category":{"Id":8,"Name":"Learning","CategoryKey":"WebPartDefinition_Learning","Description":"Learning","ParentId":1,"OrdinalPosition":null},"Id":70},"HeaderColor":"","IsHidden":false,"Layout":"{\"x\":33,\"y\":20,\"width\":66,\"height\":20}","OverrideTemplate":null,"ParameterJSON":"{\"HeaderLinkIcon\":\"\",\"IsCustomEditor\":false,\"PreviewType\":\"table\"}","SubTitle":null,"SupportsFullScreen":true,"Title":null}],"CanAddPage":false,"CanEditPage":false,"CanDeletePage":false,"CanPersonalizePage":true},{"Id":194,"title":"Personal Profile View - Manager","Description":"Personal Profile View - Manager","IsSystemLocked":true,"Name":"Personal Profile View - Manager","IsGuestPage":false,"ParameterJSON":null,"Personalization":null,"Url":"#/dash/profile/personalProfileManager","path":"dash/profile/personalProfileManager","WebPartPageKey":null,"IsEnabled":true,"RPKey":null,"Priority":21,"WebParts":[{"Id":501,"ChromeStyle":7,"Definition":{"WebPartDefinitionKey":"My_Development_Plan","Title":"My Development Plan","Description":"Displays a user's Development Plan","SubTitle":"My Development Plan","WebPartIconName":null,"WidgetNotificationMode":0,"WidgetDeeplinkUrlText":null,"CategoryName":"Common","IsWebPartEnabled":true,"TypeName":null,"WebPartServiceAgentInterfaceTypeName":null,"WebPartDefinitionXml":null,"HideWebPartHeader":false,"HideWebPartFooter":true,"IsFreeFlowing":false,"PillarKey":null,"ChromeStyle":7,"ParameterJSON":"{\"HeaderLinkIcon\": \"\", \"IsCustomEditor\": false, \"PreviewType\" : \"table\"}","TemplatePath":"app/modules/dashboard/views/webparts/widgetDevelopmentPlan.html","IsSystemLocked":false,"Category":{"Id":5,"Name":"Common","CategoryKey":"WebPartDefinition_Common","Description":"Common","ParentId":1,"OrdinalPosition":null},"Id":90},"HeaderColor":"","IsHidden":false,"Layout":"{\"x\":0,\"y\":23,\"width\":78,\"height\":22}","OverrideTemplate":null,"ParameterJSON":"{\"HeaderLinkIcon\":\"\",\"IsCustomEditor\":false,\"PreviewType\":\"table\"}","SubTitle":"My Development Plan","SupportsFullScreen":true,"Title":null},{"Id":502,"ChromeStyle":7,"Definition":{"WebPartDefinitionKey":"TM_MyTeamDevelopmentStatus","Title":"Team Development Status","Description":"Displays direct report development goals and highlights where manager mentoring may be required.","SubTitle":"Development Status for Your Team","WebPartIconName":null,"WidgetNotificationMode":0,"WidgetDeeplinkUrlText":null,"CategoryName":"Talent","IsWebPartEnabled":true,"TypeName":"SumTotal.SPPortal.WebParts.Core.Performance.TeamDevelopmentStatus.TeamDevelopmentStatus, SumTotal.SPPortal.WebParts, Version=1.0.0.0, Culture=neutral, PublicKeyToken=6b7f90fbd13cce01","WebPartServiceAgentInterfaceTypeName":"IPerformanceWebPartContractAsync","WebPartDefinitionXml":null,"HideWebPartHeader":false,"HideWebPartFooter":true,"IsFreeFlowing":false,"PillarKey":"TM","ChromeStyle":7,"ParameterJSON":"{\"HeaderLinkIcon\": \"\", \"IsCustomEditor\": false, \"ChartConfig\":{\"columnMap\":[\"employees\"], \"barType\":\"bar\", \"ChartLabelColumn\":\"name\"},\"PreviewType\":\"barChart\"}","TemplatePath":"app/modules/dashboard/views/webparts/widgetTeamDevelopmentStatus.html","IsSystemLocked":false,"Category":{"Id":6,"Name":"Talent","CategoryKey":"WebPartDefinition_Talent","Description":"Talent","ParentId":1,"OrdinalPosition":null},"Id":54},"HeaderColor":"","IsHidden":false,"Layout":"{\"x\":6,\"y\":0,\"width\":66,\"height\":23}","OverrideTemplate":null,"ParameterJSON":"{\"HeaderLinkIcon\":\"\",\"IsCustomEditor\":false,\"ChartConfig\":{\"columnMap\":[\"employees\"],\"barType\":\"bar\",\"ChartLabelColumn\":\"name\"},\"PreviewType\":\"barChart\"}","SubTitle":"Development Status for Your Team","SupportsFullScreen":true,"Title":null}],"CanAddPage":false,"CanEditPage":false,"CanDeletePage":false,"CanPersonalizePage":true}],"IsSystemLocked":true,"IsEnabled":true,"RPKey":null,"CanViewDashboard":true,"CanAddDashboard":false,"CanEditDashboard":false,"CanDeleteDashboard":false,"CanPersonalizeDashboard":true},{"Id":17,"DefaultPage":{"Id":190,"title":null,"Description":"First Time Experience desc","IsSystemLocked":true,"Name":"First Time Experience","IsGuestPage":false,"ParameterJSON":null,"Personalization":null,"Url":"#/dash/fte","path":null,"WebPartPageKey":null,"IsEnabled":true,"RPKey":null,"Priority":0,"WebParts":[{"Id":301,"ChromeStyle":7,"Definition":{"WebPartDefinitionKey":"Find_Video","Title":"Find a Video","Description":"Provides a launching point to search for videos in the learning library.","SubTitle":null,"WebPartIconName":null,"WidgetNotificationMode":0,"WidgetDeeplinkUrlText":null,"CategoryName":"Enterprise Search Configuration","IsWebPartEnabled":true,"TypeName":null,"WebPartServiceAgentInterfaceTypeName":null,"WebPartDefinitionXml":null,"HideWebPartHeader":false,"HideWebPartFooter":false,"IsFreeFlowing":false,"PillarKey":null,"ChromeStyle":7,"ParameterJSON":"{ \"HeaderLinkIcon\": \"\", \"IsCustomEditor\": false, \"PreviewType\": \"search\", \"WidgetContent\": [\t{ \"contentItem\": \"ENTERPRISE_SEARCH_FIND_VIDEO_CONTENT_ITEM\", \"contentDescription\": \"ENTERPRISE_SEARCH_FIND_VIDEO_CONTENT_DESC\",  \"isLink\": false\t},\t{ \"contentItem\": \"ENTERPRISE_SEARCH_FIND_VIDEO_CONTENT_ITEM_TWO\", \"contentDescription\": \"ENTERPRISE_SEARCH_FIND_VIDEO_CONTENT_DESC_TWO\", \"contentLink\": \"ENTERPRISE_SEARCH_LEARNER_DASHBOARD_LINK\", \"isLink\": true , \"link\": \"/dash/learning\"\t} ], \"icon\":\"fa-video-camera\", \"catalogItem\":\"Video\"\t}","TemplatePath":"app/modules/dashboard/views/searchWidgets/findVideo.html","IsSystemLocked":false,"Category":{"Id":28,"Name":"Enterprise Search Configuration","CategoryKey":"ENTERPRISE_SEARCH","Description":"The category for enterprise search settings","ParentId":0,"OrdinalPosition":"1"},"Id":73},"HeaderColor":null,"IsHidden":false,"Layout":"{\"y\":0,\"x\":1,\"row\":1,\"col\":1}","OverrideTemplate":null,"ParameterJSON":"{\"HeaderLinkIcon\":\"\",\"IsCustomEditor\":false,\"PreviewType\":\"search\",\"WidgetContent\":[{\"contentItem\":\"translationFactory.current.ENTERPRISE_SEARCH_FIND_VIDEO_CONTENT_ITEM\",\"contentDescription\":\"translationFactory.current.ENTERPRISE_SEARCH_FIND_VIDEO_CONTENT_DESC\",\"isLink\":false},{\"contentItem\":\"translationFactory.current.ENTERPRISE_SEARCH_FIND_VIDEO_CONTENT_ITEM_TWO\",\"contentDescription\":\"translationFactory.current.ENTERPRISE_SEARCH_FIND_VIDEO_CONTENT_DESC_TWO\",\"contentLink\":\"translationFactory.current.ENTERPRISE_SEARCH_LEARNER_DASHBOARD_LINK\",\"isLink\":true,\"link\":\"/dash/learning\"}],\"icon\":\"fa-video-camera\",\"catalogItem\":\"Video\"}","SubTitle":null,"SupportsFullScreen":true,"Title":null},{"Id":302,"ChromeStyle":7,"Definition":{"WebPartDefinitionKey":"Find_Person","Title":"Find another Person","Description":"Provides a launching point to search for people.","SubTitle":null,"WebPartIconName":null,"WidgetNotificationMode":0,"WidgetDeeplinkUrlText":null,"CategoryName":"Enterprise Search Configuration","IsWebPartEnabled":true,"TypeName":null,"WebPartServiceAgentInterfaceTypeName":null,"WebPartDefinitionXml":null,"HideWebPartHeader":false,"HideWebPartFooter":false,"IsFreeFlowing":false,"PillarKey":null,"ChromeStyle":7,"ParameterJSON":"{ \"HeaderLinkIcon\": \"\", \"IsCustomEditor\": false, \"PreviewType\": \"search\", \"WidgetContent\": [\t{ \"contentItem\": \"ENTERPRISE_SEARCH_FIND_PERSON_CONTENT_ITEM\", \"contentDescription\": \"ENTERPRISE_SEARCH_FIND_PERSON_CONTENT_DESC\", \"isLink\": false\t} ], \"icon\":\"fa-users\"\t}","TemplatePath":"app/modules/dashboard/views/searchWidgets/findPerson.html","IsSystemLocked":false,"Category":{"Id":28,"Name":"Enterprise Search Configuration","CategoryKey":"ENTERPRISE_SEARCH","Description":"The category for enterprise search settings","ParentId":0,"OrdinalPosition":"1"},"Id":74},"HeaderColor":null,"IsHidden":false,"Layout":"{\"y\":0,\"x\":2,\"row\":0,\"col\":2}","OverrideTemplate":null,"ParameterJSON":"{\"HeaderLinkIcon\":\"\",\"IsCustomEditor\":false,\"PreviewType\":\"search\",\"WidgetContent\":[{\"contentItem\":\"translationFactory.current.ENTERPRISE_SEARCH_FIND_PERSON_CONTENT_ITEM\",\"contentDescription\":\"translationFactory.current.ENTERPRISE_SEARCH_FIND_PERSON_CONTENT_DESC\",\"isLink\":false}],\"icon\":\"fa-users\"}","SubTitle":null,"SupportsFullScreen":true,"Title":null},{"Id":329,"ChromeStyle":7,"Definition":{"WebPartDefinitionKey":"Find_Job","Title":"Find A Job","Description":"Here are a few different ways to find a job:","SubTitle":null,"WebPartIconName":null,"WidgetNotificationMode":0,"WidgetDeeplinkUrlText":null,"CategoryName":"Enterprise Search Configuration","IsWebPartEnabled":true,"TypeName":null,"WebPartServiceAgentInterfaceTypeName":null,"WebPartDefinitionXml":null,"HideWebPartHeader":false,"HideWebPartFooter":false,"IsFreeFlowing":false,"PillarKey":null,"ChromeStyle":7,"ParameterJSON":"{ \"HeaderLinkIcon\": \"\", \"IsCustomEditor\": false, \"PreviewType\": \"search\", \"WidgetContent\": [\t{ \"contentItem\": \"ENTERPRISE_SEARCH_FIND_JOB_CONTENT_ITEM\", \"isLink\": true\t},\t{ \"contentItem\": \"ENTERPRISE_SEARCH_FIND_JOB_CONTENT_ITEM_TWO\", \"contentDescription\": \"ENTERPRISE_SEARCH_FIND_JOB_CONTENT_DESC_TWO\", \"isLink\": false\t} ], \"icon\":\"fa-search\"\t}","TemplatePath":"app/modules/dashboard/views/searchWidgets/findJob.html","IsSystemLocked":false,"Category":{"Id":28,"Name":"Enterprise Search Configuration","CategoryKey":"ENTERPRISE_SEARCH","Description":"The category for enterprise search settings","ParentId":0,"OrdinalPosition":"1"},"Id":86},"HeaderColor":null,"IsHidden":false,"Layout":"{\"y\":1,\"x\":1,\"row\":1,\"col\":0}","OverrideTemplate":null,"ParameterJSON":"{\"HeaderLinkIcon\":\"\",\"IsCustomEditor\":false,\"PreviewType\":\"search\",\"WidgetContent\":[{\"contentItem\":\"translationFactory.current.ENTERPRISE_SEARCH_FIND_JOB_CONTENT_ITEM\",\"isLink\":true},{\"contentItem\":\"translationFactory.current.ENTERPRISE_SEARCH_FIND_JOB_CONTENT_ITEM_TWO\",\"contentDescription\":\"translationFactory.current.ENTERPRISE_SEARCH_FIND_JOB_CONTENT_DESC_TWO\",\"isLink\":false}],\"icon\":\"fa-search\"}","SubTitle":null,"SupportsFullScreen":true,"Title":"Find A Job"},{"Id":383,"ChromeStyle":7,"Definition":{"WebPartDefinitionKey":"Edit_Profile","Title":"Edit Your Profile","Description":"Edit your profile.","SubTitle":null,"WebPartIconName":null,"WidgetNotificationMode":0,"WidgetDeeplinkUrlText":null,"CategoryName":"Enterprise Search Configuration","IsWebPartEnabled":true,"TypeName":null,"WebPartServiceAgentInterfaceTypeName":null,"WebPartDefinitionXml":null,"HideWebPartHeader":false,"HideWebPartFooter":false,"IsFreeFlowing":false,"PillarKey":null,"ChromeStyle":7,"ParameterJSON":"{\"HeaderLinkIcon\": \"\", \"IsCustomEditor\": false, \"PreviewType\" : \"search\", \"WidgetContent\":[{ \"contentItem\": \"ENTERPRISE_SEARCH_EDIT_PROFILE_CONTENT_ITEM\", \"isLink\": true , \"link\" : \"/dash/profile\"\t}], \"icon\":\"fa-user\"}","TemplatePath":"app/modules/dashboard/views/searchWidgets/editProfile.html","IsSystemLocked":false,"Category":{"Id":28,"Name":"Enterprise Search Configuration","CategoryKey":"ENTERPRISE_SEARCH","Description":"The category for enterprise search settings","ParentId":0,"OrdinalPosition":"1"},"Id":77},"HeaderColor":"","IsHidden":false,"Layout":"{\"x\":2,\"y\":1,\"width\":1,\"height\":1,\"max-width\":1,\"max-height\":1,\"row\":0,\"col\":1}","OverrideTemplate":null,"ParameterJSON":"{\"HeaderLinkIcon\":\"\",\"IsCustomEditor\":false,\"PreviewType\":\"search\",\"WidgetContent\":[{\"contentItem\":\"translationFactory.current.ENTERPRISE_SEARCH_EDIT_PROFILE_CONTENT_ITEM\",\"isLink\":true,\"link\":\"/dash/profile\"}],\"icon\":\"fa-user\"}","SubTitle":null,"SupportsFullScreen":false,"Title":null},{"Id":427,"ChromeStyle":7,"Definition":{"WebPartDefinitionKey":"Find_Report","Title":"Find a Report","Description":"Provides a launching point to search for reports.","SubTitle":null,"WebPartIconName":null,"WidgetNotificationMode":0,"WidgetDeeplinkUrlText":null,"CategoryName":"Enterprise Search Configuration","IsWebPartEnabled":true,"TypeName":null,"WebPartServiceAgentInterfaceTypeName":null,"WebPartDefinitionXml":null,"HideWebPartHeader":false,"HideWebPartFooter":false,"IsFreeFlowing":false,"PillarKey":null,"ChromeStyle":7,"ParameterJSON":"{ \"HeaderLinkIcon\": \"\", \"IsCustomEditor\": false, \"PreviewType\": \"search\", \"WidgetContent\": [\t{ \"contentItem\": \"ENTERPRISE_SEARCH_FIND_REPORT_CONTENT_ITEM\", \"isLink\": true\t},\t{ \"contentItem\": \"ENTERPRISE_SEARCH_FIND_REPORT_CONTENT_ITEM_TWO\", \"contentDescription\": \"ENTERPRISE_SEARCH_FIND_REPORT_CONTENT_DESC_TWO\", \"isLink\": false\t} ], \"icon\":\"fa-file-text-o\"\t}","TemplatePath":"app/modules/dashboard/views/searchWidgets/findReport.html","IsSystemLocked":false,"Category":{"Id":28,"Name":"Enterprise Search Configuration","CategoryKey":"ENTERPRISE_SEARCH","Description":"The category for enterprise search settings","ParentId":0,"OrdinalPosition":"1"},"Id":75},"HeaderColor":"","IsHidden":false,"Layout":"{\"col\":2,\"row\":1,\"size_x\":1,\"size_y\":1,\"max_sizex\":1,\"max_sizey\":1}","OverrideTemplate":null,"ParameterJSON":"{\"HeaderLinkIcon\":\"\",\"IsCustomEditor\":false,\"PreviewType\":\"search\",\"WidgetContent\":[{\"contentItem\":\"translationFactory.current.ENTERPRISE_SEARCH_FIND_REPORT_CONTENT_ITEM\",\"isLink\":true},{\"contentItem\":\"translationFactory.current.ENTERPRISE_SEARCH_FIND_REPORT_CONTENT_ITEM_TWO\",\"contentDescription\":\"translationFactory.current.ENTERPRISE_SEARCH_FIND_REPORT_CONTENT_DESC_TWO\",\"isLink\":false}],\"icon\":\"fa-file-text-o\"}","SubTitle":null,"SupportsFullScreen":false,"Title":"Find a Report"},{"Id":428,"ChromeStyle":7,"Definition":{"WebPartDefinitionKey":"Find_Activity","Title":"Find an Activity","Description":"Provides a launching point to search for courses.","SubTitle":null,"WebPartIconName":null,"WidgetNotificationMode":0,"WidgetDeeplinkUrlText":null,"CategoryName":"Enterprise Search Configuration","IsWebPartEnabled":true,"TypeName":null,"WebPartServiceAgentInterfaceTypeName":null,"WebPartDefinitionXml":null,"HideWebPartHeader":false,"HideWebPartFooter":false,"IsFreeFlowing":false,"PillarKey":null,"ChromeStyle":7,"ParameterJSON":"{ \"HeaderLinkIcon\": \"\", \"IsCustomEditor\": false, \"PreviewType\": \"search\", \"WidgetContent\": [\t{ \"contentItem\": \"ENTERPRISE_SEARCH_FIND_ACTIVITY_CONTENT_ITEM\", \"contentDescription\": \"ENTERPRISE_SEARCH_FIND_ACTIVITY_CONTENT_DESC\", \"isLink\": false\t},\t{ \"contentItem\": \"ENTERPRISE_SEARCH_FIND_ACTIVITY_CONTENT_ITEM_TWO\", \"contentDescription\": \"ENTERPRISE_SEARCH_FIND_ACTIVITY_CONTENT_DESC_TWO\", \"contentLink\": \"ENTERPRISE_SEARCH_LEARNER_DASHBOARD_LINK\", \"isLink\": true, \"link\":\"/dash/learning\"\t} ], \"icon\":\"fa-edit\", \"catalogItem\":\"Activity\"\t}","TemplatePath":"app/modules/dashboard/views/searchWidgets/findActivity.html","IsSystemLocked":false,"Category":{"Id":28,"Name":"Enterprise Search Configuration","CategoryKey":"ENTERPRISE_SEARCH","Description":"The category for enterprise search settings","ParentId":0,"OrdinalPosition":"1"},"Id":78},"HeaderColor":"","IsHidden":false,"Layout":"{\"col\":0,\"row\":0,\"size_x\":1,\"size_y\":1,\"max_sizex\":1,\"max_sizey\":1}","OverrideTemplate":null,"ParameterJSON":"{\"HeaderLinkIcon\":\"\",\"IsCustomEditor\":false,\"PreviewType\":\"search\",\"WidgetContent\":[{\"contentItem\":\"translationFactory.current.ENTERPRISE_SEARCH_FIND_ACTIVITY_CONTENT_ITEM\",\"contentDescription\":\"translationFactory.current.ENTERPRISE_SEARCH_FIND_ACTIVITY_CONTENT_DESC\",\"isLink\":false},{\"contentItem\":\"translationFactory.current.ENTERPRISE_SEARCH_FIND_ACTIVITY_CONTENT_ITEM_TWO\",\"contentDescription\":\"translationFactory.current.ENTERPRISE_SEARCH_FIND_ACTIVITY_CONTENT_DESC_TWO\",\"contentLink\":\"translationFactory.current.ENTERPRISE_SEARCH_LEARNER_DASHBOARD_LINK\",\"isLink\":true,\"link\":\"/dash/learning\"}],\"icon\":\"fa-desktop\",\"catalogItem\":\"Activity\"}","SubTitle":null,"SupportsFullScreen":false,"Title":"Find an Activity"}],"CanAddPage":false,"CanEditPage":false,"CanDeletePage":false,"CanPersonalizePage":false},"Description":"First Time Experience desc","Name":"First Time Experience","Url":"#/dash/fte","WebPartPageDefinitionKey":null,"WebPartPages":[{"Id":190,"title":"First Time Experience","Description":"First Time Experience desc","IsSystemLocked":true,"Name":"First Time Experience","IsGuestPage":false,"ParameterJSON":null,"Personalization":null,"Url":"#/dash/fte","path":"dash/fte","WebPartPageKey":null,"IsEnabled":true,"RPKey":null,"Priority":0,"WebParts":[{"Id":301,"ChromeStyle":7,"Definition":{"WebPartDefinitionKey":"Find_Video","Title":"Find a Video","Description":"Provides a launching point to search for videos in the learning library.","SubTitle":null,"WebPartIconName":null,"WidgetNotificationMode":0,"WidgetDeeplinkUrlText":null,"CategoryName":"Enterprise Search Configuration","IsWebPartEnabled":true,"TypeName":null,"WebPartServiceAgentInterfaceTypeName":null,"WebPartDefinitionXml":null,"HideWebPartHeader":false,"HideWebPartFooter":false,"IsFreeFlowing":false,"PillarKey":null,"ChromeStyle":7,"ParameterJSON":"{ \"HeaderLinkIcon\": \"\", \"IsCustomEditor\": false, \"PreviewType\": \"search\", \"WidgetContent\": [\t{ \"contentItem\": \"ENTERPRISE_SEARCH_FIND_VIDEO_CONTENT_ITEM\", \"contentDescription\": \"ENTERPRISE_SEARCH_FIND_VIDEO_CONTENT_DESC\",  \"isLink\": false\t},\t{ \"contentItem\": \"ENTERPRISE_SEARCH_FIND_VIDEO_CONTENT_ITEM_TWO\", \"contentDescription\": \"ENTERPRISE_SEARCH_FIND_VIDEO_CONTENT_DESC_TWO\", \"contentLink\": \"ENTERPRISE_SEARCH_LEARNER_DASHBOARD_LINK\", \"isLink\": true , \"link\": \"/dash/learning\"\t} ], \"icon\":\"fa-video-camera\", \"catalogItem\":\"Video\"\t}","TemplatePath":"app/modules/dashboard/views/searchWidgets/findVideo.html","IsSystemLocked":false,"Category":{"Id":28,"Name":"Enterprise Search Configuration","CategoryKey":"ENTERPRISE_SEARCH","Description":"The category for enterprise search settings","ParentId":0,"OrdinalPosition":"1"},"Id":73},"HeaderColor":null,"IsHidden":false,"Layout":"{\"y\":0,\"x\":1,\"row\":1,\"col\":1}","OverrideTemplate":null,"ParameterJSON":"{\"HeaderLinkIcon\":\"\",\"IsCustomEditor\":false,\"PreviewType\":\"search\",\"WidgetContent\":[{\"contentItem\":\"translationFactory.current.ENTERPRISE_SEARCH_FIND_VIDEO_CONTENT_ITEM\",\"contentDescription\":\"translationFactory.current.ENTERPRISE_SEARCH_FIND_VIDEO_CONTENT_DESC\",\"isLink\":false},{\"contentItem\":\"translationFactory.current.ENTERPRISE_SEARCH_FIND_VIDEO_CONTENT_ITEM_TWO\",\"contentDescription\":\"translationFactory.current.ENTERPRISE_SEARCH_FIND_VIDEO_CONTENT_DESC_TWO\",\"contentLink\":\"translationFactory.current.ENTERPRISE_SEARCH_LEARNER_DASHBOARD_LINK\",\"isLink\":true,\"link\":\"/dash/learning\"}],\"icon\":\"fa-video-camera\",\"catalogItem\":\"Video\"}","SubTitle":null,"SupportsFullScreen":true,"Title":null},{"Id":302,"ChromeStyle":7,"Definition":{"WebPartDefinitionKey":"Find_Person","Title":"Find another Person","Description":"Provides a launching point to search for people.","SubTitle":null,"WebPartIconName":null,"WidgetNotificationMode":0,"WidgetDeeplinkUrlText":null,"CategoryName":"Enterprise Search Configuration","IsWebPartEnabled":true,"TypeName":null,"WebPartServiceAgentInterfaceTypeName":null,"WebPartDefinitionXml":null,"HideWebPartHeader":false,"HideWebPartFooter":false,"IsFreeFlowing":false,"PillarKey":null,"ChromeStyle":7,"ParameterJSON":"{ \"HeaderLinkIcon\": \"\", \"IsCustomEditor\": false, \"PreviewType\": \"search\", \"WidgetContent\": [\t{ \"contentItem\": \"ENTERPRISE_SEARCH_FIND_PERSON_CONTENT_ITEM\", \"contentDescription\": \"ENTERPRISE_SEARCH_FIND_PERSON_CONTENT_DESC\", \"isLink\": false\t} ], \"icon\":\"fa-users\"\t}","TemplatePath":"app/modules/dashboard/views/searchWidgets/findPerson.html","IsSystemLocked":false,"Category":{"Id":28,"Name":"Enterprise Search Configuration","CategoryKey":"ENTERPRISE_SEARCH","Description":"The category for enterprise search settings","ParentId":0,"OrdinalPosition":"1"},"Id":74},"HeaderColor":null,"IsHidden":false,"Layout":"{\"y\":0,\"x\":2,\"row\":0,\"col\":2}","OverrideTemplate":null,"ParameterJSON":"{\"HeaderLinkIcon\":\"\",\"IsCustomEditor\":false,\"PreviewType\":\"search\",\"WidgetContent\":[{\"contentItem\":\"translationFactory.current.ENTERPRISE_SEARCH_FIND_PERSON_CONTENT_ITEM\",\"contentDescription\":\"translationFactory.current.ENTERPRISE_SEARCH_FIND_PERSON_CONTENT_DESC\",\"isLink\":false}],\"icon\":\"fa-users\"}","SubTitle":null,"SupportsFullScreen":true,"Title":null},{"Id":329,"ChromeStyle":7,"Definition":{"WebPartDefinitionKey":"Find_Job","Title":"Find A Job","Description":"Here are a few different ways to find a job:","SubTitle":null,"WebPartIconName":null,"WidgetNotificationMode":0,"WidgetDeeplinkUrlText":null,"CategoryName":"Enterprise Search Configuration","IsWebPartEnabled":true,"TypeName":null,"WebPartServiceAgentInterfaceTypeName":null,"WebPartDefinitionXml":null,"HideWebPartHeader":false,"HideWebPartFooter":false,"IsFreeFlowing":false,"PillarKey":null,"ChromeStyle":7,"ParameterJSON":"{ \"HeaderLinkIcon\": \"\", \"IsCustomEditor\": false, \"PreviewType\": \"search\", \"WidgetContent\": [\t{ \"contentItem\": \"ENTERPRISE_SEARCH_FIND_JOB_CONTENT_ITEM\", \"isLink\": true\t},\t{ \"contentItem\": \"ENTERPRISE_SEARCH_FIND_JOB_CONTENT_ITEM_TWO\", \"contentDescription\": \"ENTERPRISE_SEARCH_FIND_JOB_CONTENT_DESC_TWO\", \"isLink\": false\t} ], \"icon\":\"fa-search\"\t}","TemplatePath":"app/modules/dashboard/views/searchWidgets/findJob.html","IsSystemLocked":false,"Category":{"Id":28,"Name":"Enterprise Search Configuration","CategoryKey":"ENTERPRISE_SEARCH","Description":"The category for enterprise search settings","ParentId":0,"OrdinalPosition":"1"},"Id":86},"HeaderColor":null,"IsHidden":false,"Layout":"{\"y\":1,\"x\":1,\"row\":1,\"col\":0}","OverrideTemplate":null,"ParameterJSON":"{\"HeaderLinkIcon\":\"\",\"IsCustomEditor\":false,\"PreviewType\":\"search\",\"WidgetContent\":[{\"contentItem\":\"translationFactory.current.ENTERPRISE_SEARCH_FIND_JOB_CONTENT_ITEM\",\"isLink\":true},{\"contentItem\":\"translationFactory.current.ENTERPRISE_SEARCH_FIND_JOB_CONTENT_ITEM_TWO\",\"contentDescription\":\"translationFactory.current.ENTERPRISE_SEARCH_FIND_JOB_CONTENT_DESC_TWO\",\"isLink\":false}],\"icon\":\"fa-search\"}","SubTitle":null,"SupportsFullScreen":true,"Title":"Find A Job"},{"Id":383,"ChromeStyle":7,"Definition":{"WebPartDefinitionKey":"Edit_Profile","Title":"Edit Your Profile","Description":"Edit your profile.","SubTitle":null,"WebPartIconName":null,"WidgetNotificationMode":0,"WidgetDeeplinkUrlText":null,"CategoryName":"Enterprise Search Configuration","IsWebPartEnabled":true,"TypeName":null,"WebPartServiceAgentInterfaceTypeName":null,"WebPartDefinitionXml":null,"HideWebPartHeader":false,"HideWebPartFooter":false,"IsFreeFlowing":false,"PillarKey":null,"ChromeStyle":7,"ParameterJSON":"{\"HeaderLinkIcon\": \"\", \"IsCustomEditor\": false, \"PreviewType\" : \"search\", \"WidgetContent\":[{ \"contentItem\": \"ENTERPRISE_SEARCH_EDIT_PROFILE_CONTENT_ITEM\", \"isLink\": true , \"link\" : \"/dash/profile\"\t}], \"icon\":\"fa-user\"}","TemplatePath":"app/modules/dashboard/views/searchWidgets/editProfile.html","IsSystemLocked":false,"Category":{"Id":28,"Name":"Enterprise Search Configuration","CategoryKey":"ENTERPRISE_SEARCH","Description":"The category for enterprise search settings","ParentId":0,"OrdinalPosition":"1"},"Id":77},"HeaderColor":"","IsHidden":false,"Layout":"{\"x\":2,\"y\":1,\"width\":1,\"height\":1,\"max-width\":1,\"max-height\":1,\"row\":0,\"col\":1}","OverrideTemplate":null,"ParameterJSON":"{\"HeaderLinkIcon\":\"\",\"IsCustomEditor\":false,\"PreviewType\":\"search\",\"WidgetContent\":[{\"contentItem\":\"translationFactory.current.ENTERPRISE_SEARCH_EDIT_PROFILE_CONTENT_ITEM\",\"isLink\":true,\"link\":\"/dash/profile\"}],\"icon\":\"fa-user\"}","SubTitle":null,"SupportsFullScreen":false,"Title":null},{"Id":427,"ChromeStyle":7,"Definition":{"WebPartDefinitionKey":"Find_Report","Title":"Find a Report","Description":"Provides a launching point to search for reports.","SubTitle":null,"WebPartIconName":null,"WidgetNotificationMode":0,"WidgetDeeplinkUrlText":null,"CategoryName":"Enterprise Search Configuration","IsWebPartEnabled":true,"TypeName":null,"WebPartServiceAgentInterfaceTypeName":null,"WebPartDefinitionXml":null,"HideWebPartHeader":false,"HideWebPartFooter":false,"IsFreeFlowing":false,"PillarKey":null,"ChromeStyle":7,"ParameterJSON":"{ \"HeaderLinkIcon\": \"\", \"IsCustomEditor\": false, \"PreviewType\": \"search\", \"WidgetContent\": [\t{ \"contentItem\": \"ENTERPRISE_SEARCH_FIND_REPORT_CONTENT_ITEM\", \"isLink\": true\t},\t{ \"contentItem\": \"ENTERPRISE_SEARCH_FIND_REPORT_CONTENT_ITEM_TWO\", \"contentDescription\": \"ENTERPRISE_SEARCH_FIND_REPORT_CONTENT_DESC_TWO\", \"isLink\": false\t} ], \"icon\":\"fa-file-text-o\"\t}","TemplatePath":"app/modules/dashboard/views/searchWidgets/findReport.html","IsSystemLocked":false,"Category":{"Id":28,"Name":"Enterprise Search Configuration","CategoryKey":"ENTERPRISE_SEARCH","Description":"The category for enterprise search settings","ParentId":0,"OrdinalPosition":"1"},"Id":75},"HeaderColor":"","IsHidden":false,"Layout":"{\"col\":2,\"row\":1,\"size_x\":1,\"size_y\":1,\"max_sizex\":1,\"max_sizey\":1}","OverrideTemplate":null,"ParameterJSON":"{\"HeaderLinkIcon\":\"\",\"IsCustomEditor\":false,\"PreviewType\":\"search\",\"WidgetContent\":[{\"contentItem\":\"translationFactory.current.ENTERPRISE_SEARCH_FIND_REPORT_CONTENT_ITEM\",\"isLink\":true},{\"contentItem\":\"translationFactory.current.ENTERPRISE_SEARCH_FIND_REPORT_CONTENT_ITEM_TWO\",\"contentDescription\":\"translationFactory.current.ENTERPRISE_SEARCH_FIND_REPORT_CONTENT_DESC_TWO\",\"isLink\":false}],\"icon\":\"fa-file-text-o\"}","SubTitle":null,"SupportsFullScreen":false,"Title":"Find a Report"},{"Id":428,"ChromeStyle":7,"Definition":{"WebPartDefinitionKey":"Find_Activity","Title":"Find an Activity","Description":"Provides a launching point to search for courses.","SubTitle":null,"WebPartIconName":null,"WidgetNotificationMode":0,"WidgetDeeplinkUrlText":null,"CategoryName":"Enterprise Search Configuration","IsWebPartEnabled":true,"TypeName":null,"WebPartServiceAgentInterfaceTypeName":null,"WebPartDefinitionXml":null,"HideWebPartHeader":false,"HideWebPartFooter":false,"IsFreeFlowing":false,"PillarKey":null,"ChromeStyle":7,"ParameterJSON":"{ \"HeaderLinkIcon\": \"\", \"IsCustomEditor\": false, \"PreviewType\": \"search\", \"WidgetContent\": [\t{ \"contentItem\": \"ENTERPRISE_SEARCH_FIND_ACTIVITY_CONTENT_ITEM\", \"contentDescription\": \"ENTERPRISE_SEARCH_FIND_ACTIVITY_CONTENT_DESC\", \"isLink\": false\t},\t{ \"contentItem\": \"ENTERPRISE_SEARCH_FIND_ACTIVITY_CONTENT_ITEM_TWO\", \"contentDescription\": \"ENTERPRISE_SEARCH_FIND_ACTIVITY_CONTENT_DESC_TWO\", \"contentLink\": \"ENTERPRISE_SEARCH_LEARNER_DASHBOARD_LINK\", \"isLink\": true, \"link\":\"/dash/learning\"\t} ], \"icon\":\"fa-edit\", \"catalogItem\":\"Activity\"\t}","TemplatePath":"app/modules/dashboard/views/searchWidgets/findActivity.html","IsSystemLocked":false,"Category":{"Id":28,"Name":"Enterprise Search Configuration","CategoryKey":"ENTERPRISE_SEARCH","Description":"The category for enterprise search settings","ParentId":0,"OrdinalPosition":"1"},"Id":78},"HeaderColor":"","IsHidden":false,"Layout":"{\"col\":0,\"row\":0,\"size_x\":1,\"size_y\":1,\"max_sizex\":1,\"max_sizey\":1}","OverrideTemplate":null,"ParameterJSON":"{\"HeaderLinkIcon\":\"\",\"IsCustomEditor\":false,\"PreviewType\":\"search\",\"WidgetContent\":[{\"contentItem\":\"translationFactory.current.ENTERPRISE_SEARCH_FIND_ACTIVITY_CONTENT_ITEM\",\"contentDescription\":\"translationFactory.current.ENTERPRISE_SEARCH_FIND_ACTIVITY_CONTENT_DESC\",\"isLink\":false},{\"contentItem\":\"translationFactory.current.ENTERPRISE_SEARCH_FIND_ACTIVITY_CONTENT_ITEM_TWO\",\"contentDescription\":\"translationFactory.current.ENTERPRISE_SEARCH_FIND_ACTIVITY_CONTENT_DESC_TWO\",\"contentLink\":\"translationFactory.current.ENTERPRISE_SEARCH_LEARNER_DASHBOARD_LINK\",\"isLink\":true,\"link\":\"/dash/learning\"}],\"icon\":\"fa-desktop\",\"catalogItem\":\"Activity\"}","SubTitle":null,"SupportsFullScreen":false,"Title":"Find an Activity"}],"CanAddPage":false,"CanEditPage":false,"CanDeletePage":false,"CanPersonalizePage":true}],"IsSystemLocked":true,"IsEnabled":true,"RPKey":null,"CanViewDashboard":true,"CanAddDashboard":false,"CanEditDashboard":false,"CanDeleteDashboard":false,"CanPersonalizeDashboard":true},{"Id":23,"DefaultPage":{"Id":203,"title":"Team Metrics","Description":"BSD Test","IsSystemLocked":false,"Name":"Team Metrics","IsGuestPage":false,"ParameterJSON":null,"Personalization":null,"Url":"#/dash/BSDTest/initial","path":"dash/BSDTest","WebPartPageKey":null,"IsEnabled":true,"RPKey":null,"Priority":0,"WebParts":[],"CanAddPage":false,"CanEditPage":false,"CanDeletePage":false,"CanPersonalizePage":false},"Description":"Safe to delete","Name":"Embedded Reporting","Url":"#/dash/BSDTest","WebPartPageDefinitionKey":null,"WebPartPages":[{"Id":238,"title":"Position Status","Description":"Position Status","IsSystemLocked":false,"Name":"Position Status","IsGuestPage":false,"ParameterJSON":null,"Personalization":null,"Url":"#/dash/BSDTest/Position_Status","path":"dash/BSDTest/Position_Status","WebPartPageKey":null,"IsEnabled":true,"RPKey":null,"Priority":0,"WebParts":[{"Id":435,"ChromeStyle":7,"Definition":{"WebPartDefinitionKey":"my_reports","Title":"Embedded Report","Description":"Pins a report from Advanced Reporting on the dashboard.","SubTitle":"Advanced Reporting","WebPartIconName":null,"WidgetNotificationMode":0,"WidgetDeeplinkUrlText":null,"CategoryName":"Portal","IsWebPartEnabled":true,"TypeName":null,"WebPartServiceAgentInterfaceTypeName":null,"WebPartDefinitionXml":null,"HideWebPartHeader":false,"HideWebPartFooter":false,"IsFreeFlowing":false,"PillarKey":"AdvancedReport","ChromeStyle":7,"ParameterJSON":"{\"HeaderLinkIcon\": \"\", \"IsCustomEditor\": false, \"PreviewType\" : \"report\", \"reportUrl\": \"\", \"showToolbar\":\"\"}","TemplatePath":"app/modules/dashboard/views/webparts/MyReport.html","IsSystemLocked":false,"Category":{"Id":1,"Name":"Portal","CategoryKey":"TRANSLATIONS_PORTAL","Description":"The root category to store translation strings for the Portal.","ParentId":0,"OrdinalPosition":"1"},"Id":88},"HeaderColor":"","IsHidden":false,"Layout":"{\"x\":0,\"y\":23,\"width\":97,\"height\":20}","OverrideTemplate":null,"ParameterJSON":"{\"HeaderLinkIcon\":\"\",\"IsCustomEditor\":false,\"PreviewType\":\"report\",\"reportUrl\":\"/Custom/Reports/2017_LATAM_Internal_Readiness_Report\",\"showToolbar\":\"\"}","SubTitle":"Advanced Reporting","SupportsFullScreen":true,"Title":"APAC Internal Candidate Readiness"},{"Id":436,"ChromeStyle":7,"Definition":{"WebPartDefinitionKey":"my_reports","Title":"Embedded Report","Description":"Pins a report from Advanced Reporting on the dashboard.","SubTitle":"Advanced Reporting","WebPartIconName":null,"WidgetNotificationMode":0,"WidgetDeeplinkUrlText":null,"CategoryName":"Portal","IsWebPartEnabled":true,"TypeName":null,"WebPartServiceAgentInterfaceTypeName":null,"WebPartDefinitionXml":null,"HideWebPartHeader":false,"HideWebPartFooter":false,"IsFreeFlowing":false,"PillarKey":"AdvancedReport","ChromeStyle":7,"ParameterJSON":"{\"HeaderLinkIcon\": \"\", \"IsCustomEditor\": false, \"PreviewType\" : \"report\", \"reportUrl\": \"\", \"showToolbar\":\"\"}","TemplatePath":"app/modules/dashboard/views/webparts/MyReport.html","IsSystemLocked":false,"Category":{"Id":1,"Name":"Portal","CategoryKey":"TRANSLATIONS_PORTAL","Description":"The root category to store translation strings for the Portal.","ParentId":0,"OrdinalPosition":"1"},"Id":88},"HeaderColor":"","IsHidden":false,"Layout":"{\"x\":0,\"y\":0,\"width\":23,\"height\":23}","OverrideTemplate":null,"ParameterJSON":"{\"HeaderLinkIcon\":\"\",\"IsCustomEditor\":false,\"PreviewType\":\"report\",\"reportUrl\":\"/Custom/Reports/2016_Successors\",\"showToolbar\":\"\"}","SubTitle":"Advanced Reporting","SupportsFullScreen":true,"Title":"Successor Readiness"},{"Id":437,"ChromeStyle":7,"Definition":{"WebPartDefinitionKey":"my_reports","Title":"Embedded Report","Description":"Pins a report from Advanced Reporting on the dashboard.","SubTitle":"Advanced Reporting","WebPartIconName":null,"WidgetNotificationMode":0,"WidgetDeeplinkUrlText":null,"CategoryName":"Portal","IsWebPartEnabled":true,"TypeName":null,"WebPartServiceAgentInterfaceTypeName":null,"WebPartDefinitionXml":null,"HideWebPartHeader":false,"HideWebPartFooter":false,"IsFreeFlowing":false,"PillarKey":"AdvancedReport","ChromeStyle":7,"ParameterJSON":"{\"HeaderLinkIcon\": \"\", \"IsCustomEditor\": false, \"PreviewType\" : \"report\", \"reportUrl\": \"\", \"showToolbar\":\"\"}","TemplatePath":"app/modules/dashboard/views/webparts/MyReport.html","IsSystemLocked":false,"Category":{"Id":1,"Name":"Portal","CategoryKey":"TRANSLATIONS_PORTAL","Description":"The root category to store translation strings for the Portal.","ParentId":0,"OrdinalPosition":"1"},"Id":88},"HeaderColor":"","IsHidden":false,"Layout":"{\"x\":23,\"y\":0,\"width\":74,\"height\":23}","OverrideTemplate":null,"ParameterJSON":"{\"HeaderLinkIcon\":\"\",\"IsCustomEditor\":false,\"PreviewType\":\"report\",\"reportUrl\":\"/Custom/Reports/2016_Position_Fill\",\"showToolbar\":\"\"}","SubTitle":"Advanced Reporting","SupportsFullScreen":true,"Title":"Position Fill"}],"CanAddPage":false,"CanEditPage":false,"CanDeletePage":false,"CanPersonalizePage":true},{"Id":240,"title":"Compliance","Description":"Compliance Information by Organization and Critical Certifications","IsSystemLocked":false,"Name":"Compliance","IsGuestPage":false,"ParameterJSON":null,"Personalization":null,"Url":"#/dash/BSDTest/Compliance_Metrics","path":"dash/BSDTest/Compliance_Metrics","WebPartPageKey":null,"IsEnabled":true,"RPKey":null,"Priority":0,"WebParts":[{"Id":448,"ChromeStyle":7,"Definition":{"WebPartDefinitionKey":"my_reports","Title":"Embedded Report","Description":"Pins a report from Advanced Reporting on the dashboard.","SubTitle":"Advanced Reporting","WebPartIconName":null,"WidgetNotificationMode":0,"WidgetDeeplinkUrlText":null,"CategoryName":"Portal","IsWebPartEnabled":true,"TypeName":null,"WebPartServiceAgentInterfaceTypeName":null,"WebPartDefinitionXml":null,"HideWebPartHeader":false,"HideWebPartFooter":false,"IsFreeFlowing":false,"PillarKey":"AdvancedReport","ChromeStyle":7,"ParameterJSON":"{\"HeaderLinkIcon\": \"\", \"IsCustomEditor\": false, \"PreviewType\" : \"report\", \"reportUrl\": \"\", \"showToolbar\":\"\"}","TemplatePath":"app/modules/dashboard/views/webparts/MyReport.html","IsSystemLocked":false,"Category":{"Id":1,"Name":"Portal","CategoryKey":"TRANSLATIONS_PORTAL","Description":"The root category to store translation strings for the Portal.","ParentId":0,"OrdinalPosition":"1"},"Id":88},"HeaderColor":"","IsHidden":false,"Layout":"{\"x\":0,\"y\":0,\"width\":37,\"height\":39}","OverrideTemplate":null,"ParameterJSON":"{\"HeaderLinkIcon\":\"\",\"IsCustomEditor\":false,\"PreviewType\":\"report\",\"reportUrl\":\"/Custom/Reports/2017_Organization_Certification_Compliance\",\"showToolbar\":\"\"}","SubTitle":"Advanced Reporting","SupportsFullScreen":true,"Title":"Certification Exceptions by Organization"},{"Id":449,"ChromeStyle":7,"Definition":{"WebPartDefinitionKey":"my_reports","Title":"Embedded Report","Description":"Pins a report from Advanced Reporting on the dashboard.","SubTitle":"Advanced Reporting","WebPartIconName":null,"WidgetNotificationMode":0,"WidgetDeeplinkUrlText":null,"CategoryName":"Portal","IsWebPartEnabled":true,"TypeName":null,"WebPartServiceAgentInterfaceTypeName":null,"WebPartDefinitionXml":null,"HideWebPartHeader":false,"HideWebPartFooter":false,"IsFreeFlowing":false,"PillarKey":"AdvancedReport","ChromeStyle":7,"ParameterJSON":"{\"HeaderLinkIcon\": \"\", \"IsCustomEditor\": false, \"PreviewType\" : \"report\", \"reportUrl\": \"\", \"showToolbar\":\"\"}","TemplatePath":"app/modules/dashboard/views/webparts/MyReport.html","IsSystemLocked":false,"Category":{"Id":1,"Name":"Portal","CategoryKey":"TRANSLATIONS_PORTAL","Description":"The root category to store translation strings for the Portal.","ParentId":0,"OrdinalPosition":"1"},"Id":88},"HeaderColor":"","IsHidden":false,"Layout":"{\"x\":38,\"y\":0,\"width\":61,\"height\":39}","OverrideTemplate":null,"ParameterJSON":"{\"HeaderLinkIcon\":\"\",\"IsCustomEditor\":false,\"PreviewType\":\"report\",\"reportUrl\":\"/Custom/Reports/2017_Critical_Certification_Compliance_Report\",\"showToolbar\":\"\"}","SubTitle":"Advanced Reporting","SupportsFullScreen":true,"Title":"Days Until Expiration"}],"CanAddPage":false,"CanEditPage":false,"CanDeletePage":false,"CanPersonalizePage":true}],"IsSystemLocked":false,"IsEnabled":true,"RPKey":null,"CanViewDashboard":true,"CanAddDashboard":false,"CanEditDashboard":false,"CanDeleteDashboard":false,"CanPersonalizeDashboard":true},{"Id":26,"DefaultPage":{"Id":233,"title":"What's New","Description":"What's New","IsSystemLocked":false,"Name":"What's New","IsGuestPage":false,"ParameterJSON":null,"Personalization":null,"Url":"#/dash/wn-pe/initial","path":"dash/wn-pe","WebPartPageKey":null,"IsEnabled":true,"RPKey":null,"Priority":0,"WebParts":[{"Id":419,"ChromeStyle":7,"Definition":{"WebPartDefinitionKey":"LM_PromotedActivities","Title":"Promoted Activities","Description":"Displays the Promoted Activities","SubTitle":null,"WebPartIconName":null,"WidgetNotificationMode":0,"WidgetDeeplinkUrlText":null,"CategoryName":"Learning","IsWebPartEnabled":true,"TypeName":"SumTotal.SPPortal.WebParts.Core.Learning.PromotedActivities.PromotedActivities, SumTotal.SPPortal.WebParts, Version=1.0.0.0, Culture=neutral, PublicKeyToken=6b7f90fbd13cce01","WebPartServiceAgentInterfaceTypeName":"ILMWebPartContractAsync","WebPartDefinitionXml":null,"HideWebPartHeader":false,"HideWebPartFooter":false,"IsFreeFlowing":false,"PillarKey":"LM","ChromeStyle":7,"ParameterJSON":"{\"HeaderLinkIcon\": \"\", \"IsCustomEditor\": false, \"PreviewType\" : \"configTextField\", \"Config\":{\"Name\":\"LearningActivityCodes\",\"Value\":\"\"}}","TemplatePath":"app/modules/dashboard/views/webparts/widgetPromotedActivities.html","IsSystemLocked":false,"Category":{"Id":8,"Name":"Learning","CategoryKey":"WebPartDefinition_Learning","Description":"Learning","ParentId":1,"OrdinalPosition":null},"Id":79},"HeaderColor":"","IsHidden":false,"Layout":"{\"x\":0,\"y\":0,\"width\":98,\"height\":26}","OverrideTemplate":null,"ParameterJSON":"{\"HeaderLinkIcon\":\"\",\"IsCustomEditor\":false,\"PreviewType\":\"configTextField\",\"Config\":{\"Name\":\"LearningActivityCodes\",\"Value\":\"aba_01_a02_bs_enus,pd_32_a03_bs_enus,apd_14_a02_bs_enus\"}}","SubTitle":null,"SupportsFullScreen":true,"Title":null},{"Id":422,"ChromeStyle":7,"Definition":{"WebPartDefinitionKey":"LM_TopRatedContent","Title":"Top Rated Content","Description":"Displays the five highest rated learning activities available to the user.","SubTitle":"Top rated learning activities","WebPartIconName":null,"WidgetNotificationMode":1,"WidgetDeeplinkUrlText":"View All Top Rated Content","CategoryName":"Learning","IsWebPartEnabled":true,"TypeName":"SumTotal.SPPortal.WebParts.Core.Learning.TopRatedContent.TopRatedContent, SumTotal.SPPortal.WebParts, Version=1.0.0.0, Culture=neutral, PublicKeyToken=6b7f90fbd13cce01","WebPartServiceAgentInterfaceTypeName":"ILMWebPartContractAsync","WebPartDefinitionXml":null,"HideWebPartHeader":false,"HideWebPartFooter":true,"IsFreeFlowing":false,"PillarKey":"LM","ChromeStyle":7,"ParameterJSON":"{\"HeaderLinkIcon\": \"\", \"IsCustomEditor\": false, \"PreviewType\" : \"table\"}","TemplatePath":"app/modules/dashboard/views/webparts/widgetTopRatedContent.html","IsSystemLocked":false,"Category":{"Id":8,"Name":"Learning","CategoryKey":"WebPartDefinition_Learning","Description":"Learning","ParentId":1,"OrdinalPosition":null},"Id":7},"HeaderColor":"","IsHidden":false,"Layout":"{\"x\":0,\"y\":26,\"width\":98,\"height\":25}","OverrideTemplate":null,"ParameterJSON":"{\"HeaderLinkIcon\":\"\",\"IsCustomEditor\":false,\"PreviewType\":\"table\"}","SubTitle":"Top rated learning activities","SupportsFullScreen":true,"Title":null}],"CanAddPage":false,"CanEditPage":false,"CanDeletePage":false,"CanPersonalizePage":false},"Description":"Promoted Activities","Name":"What's New","Url":"#/dash/wn-pe","WebPartPageDefinitionKey":null,"WebPartPages":[{"Id":233,"title":"What's New","Description":"What's New","IsSystemLocked":false,"Name":"What's New","IsGuestPage":false,"ParameterJSON":null,"Personalization":null,"Url":"#/dash/wn-pe/initial","path":"dash/wn-pe/initial","WebPartPageKey":null,"IsEnabled":true,"RPKey":null,"Priority":0,"WebParts":[{"Id":419,"ChromeStyle":7,"Definition":{"WebPartDefinitionKey":"LM_PromotedActivities","Title":"Promoted Activities","Description":"Displays the Promoted Activities","SubTitle":null,"WebPartIconName":null,"WidgetNotificationMode":0,"WidgetDeeplinkUrlText":null,"CategoryName":"Learning","IsWebPartEnabled":true,"TypeName":"SumTotal.SPPortal.WebParts.Core.Learning.PromotedActivities.PromotedActivities, SumTotal.SPPortal.WebParts, Version=1.0.0.0, Culture=neutral, PublicKeyToken=6b7f90fbd13cce01","WebPartServiceAgentInterfaceTypeName":"ILMWebPartContractAsync","WebPartDefinitionXml":null,"HideWebPartHeader":false,"HideWebPartFooter":false,"IsFreeFlowing":false,"PillarKey":"LM","ChromeStyle":7,"ParameterJSON":"{\"HeaderLinkIcon\": \"\", \"IsCustomEditor\": false, \"PreviewType\" : \"configTextField\", \"Config\":{\"Name\":\"LearningActivityCodes\",\"Value\":\"\"}}","TemplatePath":"app/modules/dashboard/views/webparts/widgetPromotedActivities.html","IsSystemLocked":false,"Category":{"Id":8,"Name":"Learning","CategoryKey":"WebPartDefinition_Learning","Description":"Learning","ParentId":1,"OrdinalPosition":null},"Id":79},"HeaderColor":"","IsHidden":false,"Layout":"{\"x\":0,\"y\":0,\"width\":98,\"height\":26}","OverrideTemplate":null,"ParameterJSON":"{\"HeaderLinkIcon\":\"\",\"IsCustomEditor\":false,\"PreviewType\":\"configTextField\",\"Config\":{\"Name\":\"LearningActivityCodes\",\"Value\":\"aba_01_a02_bs_enus,pd_32_a03_bs_enus,apd_14_a02_bs_enus\"}}","SubTitle":null,"SupportsFullScreen":true,"Title":null},{"Id":422,"ChromeStyle":7,"Definition":{"WebPartDefinitionKey":"LM_TopRatedContent","Title":"Top Rated Content","Description":"Displays the five highest rated learning activities available to the user.","SubTitle":"Top rated learning activities","WebPartIconName":null,"WidgetNotificationMode":1,"WidgetDeeplinkUrlText":"View All Top Rated Content","CategoryName":"Learning","IsWebPartEnabled":true,"TypeName":"SumTotal.SPPortal.WebParts.Core.Learning.TopRatedContent.TopRatedContent, SumTotal.SPPortal.WebParts, Version=1.0.0.0, Culture=neutral, PublicKeyToken=6b7f90fbd13cce01","WebPartServiceAgentInterfaceTypeName":"ILMWebPartContractAsync","WebPartDefinitionXml":null,"HideWebPartHeader":false,"HideWebPartFooter":true,"IsFreeFlowing":false,"PillarKey":"LM","ChromeStyle":7,"ParameterJSON":"{\"HeaderLinkIcon\": \"\", \"IsCustomEditor\": false, \"PreviewType\" : \"table\"}","TemplatePath":"app/modules/dashboard/views/webparts/widgetTopRatedContent.html","IsSystemLocked":false,"Category":{"Id":8,"Name":"Learning","CategoryKey":"WebPartDefinition_Learning","Description":"Learning","ParentId":1,"OrdinalPosition":null},"Id":7},"HeaderColor":"","IsHidden":false,"Layout":"{\"x\":0,\"y\":26,\"width\":98,\"height\":25}","OverrideTemplate":null,"ParameterJSON":"{\"HeaderLinkIcon\":\"\",\"IsCustomEditor\":false,\"PreviewType\":\"table\"}","SubTitle":"Top rated learning activities","SupportsFullScreen":true,"Title":null}],"CanAddPage":false,"CanEditPage":false,"CanDeletePage":false,"CanPersonalizePage":true}],"IsSystemLocked":false,"IsEnabled":true,"RPKey":null,"CanViewDashboard":true,"CanAddDashboard":false,"CanEditDashboard":false,"CanDeleteDashboard":false,"CanPersonalizeDashboard":true},{"Id":27,"DefaultPage":{"Id":234,"title":"Recommended Training","Description":"Recommended Training","IsSystemLocked":false,"Name":"Recommended Training","IsGuestPage":false,"ParameterJSON":null,"Personalization":null,"Url":"#/dash/rl/initial","path":"dash/rl","WebPartPageKey":null,"IsEnabled":true,"RPKey":null,"Priority":0,"WebParts":[{"Id":421,"ChromeStyle":7,"Definition":{"WebPartDefinitionKey":"LM_Recommendation","Title":"Recommended Courses","Description":"Displays recommended learning based on your interests, your required skills, and suggestions from others in your organization.","SubTitle":null,"WebPartIconName":null,"WidgetNotificationMode":0,"WidgetDeeplinkUrlText":null,"CategoryName":"Learning","IsWebPartEnabled":true,"TypeName":null,"WebPartServiceAgentInterfaceTypeName":null,"WebPartDefinitionXml":null,"HideWebPartHeader":false,"HideWebPartFooter":true,"IsFreeFlowing":false,"PillarKey":"LM","ChromeStyle":7,"ParameterJSON":"{\"HeaderLinkIcon\": \"\", \"IsCustomEditor\": false, \"PreviewType\" : \"table\"}","TemplatePath":"app/modules/dashboard/views/webparts/widgetRecommendation.html","IsSystemLocked":false,"Category":{"Id":8,"Name":"Learning","CategoryKey":"WebPartDefinition_Learning","Description":"Learning","ParentId":1,"OrdinalPosition":null},"Id":70},"HeaderColor":"","IsHidden":false,"Layout":"{\"x\":0,\"y\":0,\"width\":\"98\",\"height\":20}","OverrideTemplate":null,"ParameterJSON":"{\"HeaderLinkIcon\":\"\",\"IsCustomEditor\":false,\"PreviewType\":\"table\"}","SubTitle":null,"SupportsFullScreen":true,"Title":null}],"CanAddPage":false,"CanEditPage":false,"CanDeletePage":false,"CanPersonalizePage":false},"Description":"Recommended Learning","Name":"Recommendations","Url":"#/dash/rl","WebPartPageDefinitionKey":null,"WebPartPages":[{"Id":234,"title":"Recommended Training","Description":"Recommended Training","IsSystemLocked":false,"Name":"Recommended Training","IsGuestPage":false,"ParameterJSON":null,"Personalization":null,"Url":"#/dash/rl/initial","path":"dash/rl/initial","WebPartPageKey":null,"IsEnabled":true,"RPKey":null,"Priority":0,"WebParts":[{"Id":421,"ChromeStyle":7,"Definition":{"WebPartDefinitionKey":"LM_Recommendation","Title":"Recommended Courses","Description":"Displays recommended learning based on your interests, your required skills, and suggestions from others in your organization.","SubTitle":null,"WebPartIconName":null,"WidgetNotificationMode":0,"WidgetDeeplinkUrlText":null,"CategoryName":"Learning","IsWebPartEnabled":true,"TypeName":null,"WebPartServiceAgentInterfaceTypeName":null,"WebPartDefinitionXml":null,"HideWebPartHeader":false,"HideWebPartFooter":true,"IsFreeFlowing":false,"PillarKey":"LM","ChromeStyle":7,"ParameterJSON":"{\"HeaderLinkIcon\": \"\", \"IsCustomEditor\": false, \"PreviewType\" : \"table\"}","TemplatePath":"app/modules/dashboard/views/webparts/widgetRecommendation.html","IsSystemLocked":false,"Category":{"Id":8,"Name":"Learning","CategoryKey":"WebPartDefinition_Learning","Description":"Learning","ParentId":1,"OrdinalPosition":null},"Id":70},"HeaderColor":"","IsHidden":false,"Layout":"{\"x\":0,\"y\":0,\"width\":\"98\",\"height\":20}","OverrideTemplate":null,"ParameterJSON":"{\"HeaderLinkIcon\":\"\",\"IsCustomEditor\":false,\"PreviewType\":\"table\"}","SubTitle":null,"SupportsFullScreen":true,"Title":null}],"CanAddPage":false,"CanEditPage":false,"CanDeletePage":false,"CanPersonalizePage":true}],"IsSystemLocked":false,"IsEnabled":true,"RPKey":null,"CanViewDashboard":true,"CanAddDashboard":false,"CanEditDashboard":false,"CanDeleteDashboard":false,"CanPersonalizeDashboard":true},{"Id":29,"DefaultPage":{"Id":236,"title":"Aggregation","Description":"Aggregation","IsSystemLocked":false,"Name":"Aggregation","IsGuestPage":false,"ParameterJSON":null,"Personalization":null,"Url":"#/dash/aggregation/initial","path":"dash/aggregation","WebPartPageKey":null,"IsEnabled":true,"RPKey":null,"Priority":6,"WebParts":[{"Id":423,"ChromeStyle":0,"Definition":{"WebPartDefinitionKey":"Common_ContentEditor","Title":"Content Editor","Description":"Enables users to add custom HTML to a dashboard.","SubTitle":"Content Editor Widget","WebPartIconName":null,"WidgetNotificationMode":0,"WidgetDeeplinkUrlText":null,"CategoryName":"Common","IsWebPartEnabled":true,"TypeName":null,"WebPartServiceAgentInterfaceTypeName":null,"WebPartDefinitionXml":null,"HideWebPartHeader":false,"HideWebPartFooter":true,"IsFreeFlowing":false,"PillarKey":null,"ChromeStyle":7,"ParameterJSON":"{\"HeaderLinkIcon\": \"\", \"IsCustomEditor\": true, \"PreviewType\" : \"iframe\"}","TemplatePath":"app/modules/dashboard/views/webparts/widgetContentEditor.html","IsSystemLocked":false,"Category":{"Id":5,"Name":"Common","CategoryKey":"WebPartDefinition_Common","Description":"Common","ParentId":1,"OrdinalPosition":null},"Id":60},"HeaderColor":"","IsHidden":false,"Layout":"{\"x\":0,\"y\":0,\"width\":20,\"height\":20}","OverrideTemplate":"&lt;iframe src=&quot;https://supp-saux.sumtotaldemo.net/SA_UX/Master/Content-Aggregator/index.html&quot; class=&quot;sumt-webpart-iframe&quot;&gt;&lt;/iframe&gt;","ParameterJSON":"{\"HeaderLinkIcon\":\"\",\"IsCustomEditor\":true,\"PreviewType\":\"iframe\",\"fullScreen\":true}","SubTitle":"Content Editor Widget","SupportsFullScreen":true,"Title":null},{"Id":494,"ChromeStyle":7,"Definition":{"WebPartDefinitionKey":"About_Me","Title":"About Me","Description":"Displays key profile information about the employee.","SubTitle":"Photo, email and employment information","WebPartIconName":null,"WidgetNotificationMode":0,"WidgetDeeplinkUrlText":"View my profile","CategoryName":"Common","IsWebPartEnabled":true,"TypeName":"SumTotal.SPPortal.WebParts.Core.MySelf.AboutMe.AboutMe, SumTotal.SPPortal.WebParts, Version=1.0.0.0, Culture=neutral, PublicKeyToken=6b7f90fbd13cce01","WebPartServiceAgentInterfaceTypeName":null,"WebPartDefinitionXml":null,"HideWebPartHeader":true,"HideWebPartFooter":true,"IsFreeFlowing":false,"PillarKey":null,"ChromeStyle":7,"ParameterJSON":"{\"HeaderLinkIcon\": \"\", \"IsCustomEditor\": false, \"PreviewType\" : \"aboutme\"}","TemplatePath":"app/modules/dashboard/views/webparts/widgetAboutMe.html","IsSystemLocked":false,"Category":{"Id":5,"Name":"Common","CategoryKey":"WebPartDefinition_Common","Description":"Common","ParentId":1,"OrdinalPosition":null},"Id":43},"HeaderColor":"","IsHidden":false,"Layout":"{\"x\":20,\"y\":0,\"width\":25,\"height\":20}","OverrideTemplate":null,"ParameterJSON":"{\"HeaderLinkIcon\":\"\",\"IsCustomEditor\":false,\"PreviewType\":\"aboutme\"}","SubTitle":"Photo, email and employment information","SupportsFullScreen":true,"Title":null}],"CanAddPage":false,"CanEditPage":false,"CanDeletePage":false,"CanPersonalizePage":false},"Description":"Aggregation of External Content","Name":"Aggregation","Url":"#/dash/aggregation","WebPartPageDefinitionKey":null,"WebPartPages":[{"Id":236,"title":"Aggregation","Description":"Aggregation","IsSystemLocked":false,"Name":"Aggregation","IsGuestPage":false,"ParameterJSON":null,"Personalization":null,"Url":"#/dash/aggregation/initial","path":"dash/aggregation/initial","WebPartPageKey":null,"IsEnabled":true,"RPKey":null,"Priority":6,"WebParts":[{"Id":423,"ChromeStyle":0,"Definition":{"WebPartDefinitionKey":"Common_ContentEditor","Title":"Content Editor","Description":"Enables users to add custom HTML to a dashboard.","SubTitle":"Content Editor Widget","WebPartIconName":null,"WidgetNotificationMode":0,"WidgetDeeplinkUrlText":null,"CategoryName":"Common","IsWebPartEnabled":true,"TypeName":null,"WebPartServiceAgentInterfaceTypeName":null,"WebPartDefinitionXml":null,"HideWebPartHeader":false,"HideWebPartFooter":true,"IsFreeFlowing":false,"PillarKey":null,"ChromeStyle":7,"ParameterJSON":"{\"HeaderLinkIcon\": \"\", \"IsCustomEditor\": true, \"PreviewType\" : \"iframe\"}","TemplatePath":"app/modules/dashboard/views/webparts/widgetContentEditor.html","IsSystemLocked":false,"Category":{"Id":5,"Name":"Common","CategoryKey":"WebPartDefinition_Common","Description":"Common","ParentId":1,"OrdinalPosition":null},"Id":60},"HeaderColor":"","IsHidden":false,"Layout":"{\"x\":0,\"y\":0,\"width\":20,\"height\":20}","OverrideTemplate":"&lt;iframe src=&quot;https://supp-saux.sumtotaldemo.net/SA_UX/Master/Content-Aggregator/index.html&quot; class=&quot;sumt-webpart-iframe&quot;&gt;&lt;/iframe&gt;","ParameterJSON":"{\"HeaderLinkIcon\":\"\",\"IsCustomEditor\":true,\"PreviewType\":\"iframe\",\"fullScreen\":true}","SubTitle":"Content Editor Widget","SupportsFullScreen":true,"Title":null},{"Id":494,"ChromeStyle":7,"Definition":{"WebPartDefinitionKey":"About_Me","Title":"About Me","Description":"Displays key profile information about the employee.","SubTitle":"Photo, email and employment information","WebPartIconName":null,"WidgetNotificationMode":0,"WidgetDeeplinkUrlText":"View my profile","CategoryName":"Common","IsWebPartEnabled":true,"TypeName":"SumTotal.SPPortal.WebParts.Core.MySelf.AboutMe.AboutMe, SumTotal.SPPortal.WebParts, Version=1.0.0.0, Culture=neutral, PublicKeyToken=6b7f90fbd13cce01","WebPartServiceAgentInterfaceTypeName":null,"WebPartDefinitionXml":null,"HideWebPartHeader":true,"HideWebPartFooter":true,"IsFreeFlowing":false,"PillarKey":null,"ChromeStyle":7,"ParameterJSON":"{\"HeaderLinkIcon\": \"\", \"IsCustomEditor\": false, \"PreviewType\" : \"aboutme\"}","TemplatePath":"app/modules/dashboard/views/webparts/widgetAboutMe.html","IsSystemLocked":false,"Category":{"Id":5,"Name":"Common","CategoryKey":"WebPartDefinition_Common","Description":"Common","ParentId":1,"OrdinalPosition":null},"Id":43},"HeaderColor":"","IsHidden":false,"Layout":"{\"x\":20,\"y\":0,\"width\":25,\"height\":20}","OverrideTemplate":null,"ParameterJSON":"{\"HeaderLinkIcon\":\"\",\"IsCustomEditor\":false,\"PreviewType\":\"aboutme\"}","SubTitle":"Photo, email and employment information","SupportsFullScreen":true,"Title":null}],"CanAddPage":false,"CanEditPage":false,"CanDeletePage":false,"CanPersonalizePage":true}],"IsSystemLocked":false,"IsEnabled":true,"RPKey":null,"CanViewDashboard":true,"CanAddDashboard":false,"CanEditDashboard":false,"CanDeleteDashboard":false,"CanPersonalizeDashboard":true},{"Id":30,"DefaultPage":{"Id":237,"title":"Branding","Description":"Branding","IsSystemLocked":false,"Name":"Branding","IsGuestPage":false,"ParameterJSON":null,"Personalization":null,"Url":"#/dash/Branding/initial","path":"dash/Branding","WebPartPageKey":null,"IsEnabled":true,"RPKey":null,"Priority":19,"WebParts":[{"Id":499,"ChromeStyle":7,"Definition":{"WebPartDefinitionKey":"search_calendarView","Title":"Available Activities Calendar","Description":"Allows learners to browse available learning activity offerings in a calendar view.","SubTitle":"Available Activities Calendar","WebPartIconName":null,"WidgetNotificationMode":0,"WidgetDeeplinkUrlText":null,"CategoryName":"Learning","IsWebPartEnabled":true,"TypeName":null,"WebPartServiceAgentInterfaceTypeName":null,"WebPartDefinitionXml":null,"HideWebPartHeader":false,"HideWebPartFooter":false,"IsFreeFlowing":false,"PillarKey":"LM","ChromeStyle":7,"ParameterJSON":"{\"HeaderLinkIcon\": \"\", \"IsCustomEditor\": false, \"PreviewType\" : \"calendar\"}","TemplatePath":"app/modules/dashboard/views/searchWidgets/calendarView.html","IsSystemLocked":false,"Category":{"Id":8,"Name":"Learning","CategoryKey":"WebPartDefinition_Learning","Description":"Learning","ParentId":1,"OrdinalPosition":null},"Id":111},"HeaderColor":"","IsHidden":false,"Layout":"{\"x\":0,\"y\":0,\"width\":76,\"height\":28}","OverrideTemplate":null,"ParameterJSON":"{\"HeaderLinkIcon\":\"\",\"IsCustomEditor\":false,\"PreviewType\":\"calendar\"}","SubTitle":"Available Activities Calendar","SupportsFullScreen":true,"Title":null}],"CanAddPage":false,"CanEditPage":false,"CanDeletePage":false,"CanPersonalizePage":false},"Description":"Branding","Name":"Branding","Url":"#/dash/Branding","WebPartPageDefinitionKey":null,"WebPartPages":[{"Id":237,"title":"Branding","Description":"Branding","IsSystemLocked":false,"Name":"Branding","IsGuestPage":false,"ParameterJSON":null,"Personalization":null,"Url":"#/dash/Branding/initial","path":"dash/Branding/initial","WebPartPageKey":null,"IsEnabled":true,"RPKey":null,"Priority":19,"WebParts":[{"Id":499,"ChromeStyle":7,"Definition":{"WebPartDefinitionKey":"search_calendarView","Title":"Available Activities Calendar","Description":"Allows learners to browse available learning activity offerings in a calendar view.","SubTitle":"Available Activities Calendar","WebPartIconName":null,"WidgetNotificationMode":0,"WidgetDeeplinkUrlText":null,"CategoryName":"Learning","IsWebPartEnabled":true,"TypeName":null,"WebPartServiceAgentInterfaceTypeName":null,"WebPartDefinitionXml":null,"HideWebPartHeader":false,"HideWebPartFooter":false,"IsFreeFlowing":false,"PillarKey":"LM","ChromeStyle":7,"ParameterJSON":"{\"HeaderLinkIcon\": \"\", \"IsCustomEditor\": false, \"PreviewType\" : \"calendar\"}","TemplatePath":"app/modules/dashboard/views/searchWidgets/calendarView.html","IsSystemLocked":false,"Category":{"Id":8,"Name":"Learning","CategoryKey":"WebPartDefinition_Learning","Description":"Learning","ParentId":1,"OrdinalPosition":null},"Id":111},"HeaderColor":"","IsHidden":false,"Layout":"{\"x\":0,\"y\":0,\"width\":76,\"height\":28}","OverrideTemplate":null,"ParameterJSON":"{\"HeaderLinkIcon\":\"\",\"IsCustomEditor\":false,\"PreviewType\":\"calendar\"}","SubTitle":"Available Activities Calendar","SupportsFullScreen":true,"Title":null}],"CanAddPage":false,"CanEditPage":false,"CanDeletePage":false,"CanPersonalizePage":true}],"IsSystemLocked":false,"IsEnabled":true,"RPKey":null,"CanViewDashboard":true,"CanAddDashboard":false,"CanEditDashboard":false,"CanDeleteDashboard":false,"CanPersonalizeDashboard":true},{"Id":31,"DefaultPage":{"Id":239,"title":"Time","Description":"Time","IsSystemLocked":false,"Name":"Time","IsGuestPage":false,"ParameterJSON":null,"Personalization":null,"Url":"#/dash/Time/initial","path":"dash/Time","WebPartPageKey":null,"IsEnabled":true,"RPKey":null,"Priority":22,"WebParts":[{"Id":443,"ChromeStyle":0,"Definition":{"WebPartDefinitionKey":"Common_ContentEditor","Title":"Content Editor","Description":"Enables users to add custom HTML to a dashboard.","SubTitle":"Content Editor Widget","WebPartIconName":null,"WidgetNotificationMode":0,"WidgetDeeplinkUrlText":null,"CategoryName":"Common","IsWebPartEnabled":true,"TypeName":null,"WebPartServiceAgentInterfaceTypeName":null,"WebPartDefinitionXml":null,"HideWebPartHeader":false,"HideWebPartFooter":true,"IsFreeFlowing":false,"PillarKey":null,"ChromeStyle":7,"ParameterJSON":"{\"HeaderLinkIcon\": \"\", \"IsCustomEditor\": true, \"PreviewType\" : \"iframe\"}","TemplatePath":"app/modules/dashboard/views/webparts/widgetContentEditor.html","IsSystemLocked":false,"Category":{"Id":5,"Name":"Common","CategoryKey":"WebPartDefinition_Common","Description":"Common","ParentId":1,"OrdinalPosition":null},"Id":60},"HeaderColor":"","IsHidden":false,"Layout":"{\"x\":0,\"y\":0,\"width\":20,\"height\":20}","OverrideTemplate":"&lt;iframe src=&quot;https://supp-saux.sumtotaldemo.net/SA_FTP/LocalUser/wfm_ftp/master/landing/admin/index.html&quot; class=&quot;sumt-webpart-iframe&quot;&gt;&lt;/iframe&gt;","ParameterJSON":"{\"HeaderLinkIcon\":\"\",\"IsCustomEditor\":true,\"PreviewType\":\"iframe\",\"fullScreen\":true}","SubTitle":"Content Editor Widget","SupportsFullScreen":true,"Title":null}],"CanAddPage":false,"CanEditPage":false,"CanDeletePage":false,"CanPersonalizePage":false},"Description":"Time","Name":"Time","Url":"#/dash/Time","WebPartPageDefinitionKey":null,"WebPartPages":[{"Id":239,"title":"Time","Description":"Time","IsSystemLocked":false,"Name":"Time","IsGuestPage":false,"ParameterJSON":null,"Personalization":null,"Url":"#/dash/Time/initial","path":"dash/Time/initial","WebPartPageKey":null,"IsEnabled":true,"RPKey":null,"Priority":22,"WebParts":[{"Id":443,"ChromeStyle":0,"Definition":{"WebPartDefinitionKey":"Common_ContentEditor","Title":"Content Editor","Description":"Enables users to add custom HTML to a dashboard.","SubTitle":"Content Editor Widget","WebPartIconName":null,"WidgetNotificationMode":0,"WidgetDeeplinkUrlText":null,"CategoryName":"Common","IsWebPartEnabled":true,"TypeName":null,"WebPartServiceAgentInterfaceTypeName":null,"WebPartDefinitionXml":null,"HideWebPartHeader":false,"HideWebPartFooter":true,"IsFreeFlowing":false,"PillarKey":null,"ChromeStyle":7,"ParameterJSON":"{\"HeaderLinkIcon\": \"\", \"IsCustomEditor\": true, \"PreviewType\" : \"iframe\"}","TemplatePath":"app/modules/dashboard/views/webparts/widgetContentEditor.html","IsSystemLocked":false,"Category":{"Id":5,"Name":"Common","CategoryKey":"WebPartDefinition_Common","Description":"Common","ParentId":1,"OrdinalPosition":null},"Id":60},"HeaderColor":"","IsHidden":false,"Layout":"{\"x\":0,\"y\":0,\"width\":20,\"height\":20}","OverrideTemplate":"&lt;iframe src=&quot;https://supp-saux.sumtotaldemo.net/SA_FTP/LocalUser/wfm_ftp/master/landing/admin/index.html&quot; class=&quot;sumt-webpart-iframe&quot;&gt;&lt;/iframe&gt;","ParameterJSON":"{\"HeaderLinkIcon\":\"\",\"IsCustomEditor\":true,\"PreviewType\":\"iframe\",\"fullScreen\":true}","SubTitle":"Content Editor Widget","SupportsFullScreen":true,"Title":null}],"CanAddPage":false,"CanEditPage":false,"CanDeletePage":false,"CanPersonalizePage":true}],"IsSystemLocked":false,"IsEnabled":true,"RPKey":null,"CanViewDashboard":true,"CanAddDashboard":false,"CanEditDashboard":false,"CanDeleteDashboard":false,"CanPersonalizeDashboard":true},{"Id":32,"DefaultPage":{"Id":241,"title":"Experience First","Description":"Experience First","IsSystemLocked":false,"Name":"Experience First","IsGuestPage":false,"ParameterJSON":null,"Personalization":null,"Url":"#/dash/engage/initial","path":"dash/engage","WebPartPageKey":null,"IsEnabled":true,"RPKey":null,"Priority":0,"WebParts":[{"Id":459,"ChromeStyle":7,"Definition":{"WebPartDefinitionKey":"LM_ConfigurableCarouselWidget","Title":"Configurable Carousel Widget","Description":"Displays configured widget data","SubTitle":null,"WebPartIconName":null,"WidgetNotificationMode":0,"WidgetDeeplinkUrlText":null,"CategoryName":"Learning","IsWebPartEnabled":true,"TypeName":null,"WebPartServiceAgentInterfaceTypeName":"ILMWebPartContractAsync","WebPartDefinitionXml":null,"HideWebPartHeader":false,"HideWebPartFooter":false,"IsFreeFlowing":false,"PillarKey":"LM","ChromeStyle":7,"ParameterJSON":"{\"HeaderLinkIcon\": \"\", \"IsCustomEditor\": false, \"PreviewType\" : \"configCarouselDropDown\", \"Config\":{\"Name\":\"ConfigurableCarouselWidgetCodesDropDown\",\"DropDownData\":{\"SelectedKey\": null, \"AvailableOptions\": [{\"id\": \"0\", \"name\":\"Trending For Your Job\"}, {\"id\":\"1\", \"name\":\"Top Picks For You\"}, {\"id\":\"2\", \"name\":\"Top Rated\"}, {\"id\":\"3\", \"name\":\"Saved For Later\"}, {\"id\":\"4\", \"name\":\"Continue Learning\"}, {\"id\":\"5\", \"name\":\"Join Your Peers\"}, {\"id\":\"6\", \"name\":\"Training Recommended For Next Job\"}, {\"id\":\"7\", \"name\":\"Most Popular\"}]}}}","TemplatePath":"app/modules/dashboard/views/webparts/widgetConfigurableCarouselContent.html","IsSystemLocked":false,"Category":{"Id":8,"Name":"Learning","CategoryKey":"WebPartDefinition_Learning","Description":"Learning","ParentId":1,"OrdinalPosition":null},"Id":107},"HeaderColor":"","IsHidden":false,"Layout":"{\"x\":0,\"y\":60,\"width\":98,\"height\":20}","OverrideTemplate":null,"ParameterJSON":"{\"HeaderLinkIcon\":\"\",\"IsCustomEditor\":false,\"PreviewType\":\"configCarouselDropDown\",\"Config\":{\"Name\":\"ConfigurableCarouselWidgetCodesDropDown\",\"DropDownData\":{\"SelectedKey\":\"0\",\"AvailableOptions\":[{\"id\":\"0\",\"name\":\"Trending For Your Job\",\"$$hashKey\":\"object:3150\"},{\"id\":\"1\",\"name\":\"Top Picks For You\",\"$$hashKey\":\"object:3151\"},{\"id\":\"2\",\"name\":\"Top Rated\",\"$$hashKey\":\"object:3152\"},{\"id\":\"3\",\"name\":\"Saved For Later\",\"$$hashKey\":\"object:3153\"},{\"id\":\"4\",\"name\":\"Continue Learning\",\"$$hashKey\":\"object:3154\"},{\"id\":\"5\",\"name\":\"Join Your Peers\",\"$$hashKey\":\"object:3155\"},{\"id\":\"6\",\"name\":\"Training Recommended For Next Job\",\"$$hashKey\":\"object:3156\"},{\"id\":\"7\",\"name\":\"Most Popular\",\"$$hashKey\":\"object:3157\"}]}},\"noScroll\":true}","SubTitle":null,"SupportsFullScreen":true,"Title":"Trending For Your Role"},{"Id":460,"ChromeStyle":7,"Definition":{"WebPartDefinitionKey":"LM_ConfigurableCarouselWidget","Title":"Configurable Carousel Widget","Description":"Displays configured widget data","SubTitle":null,"WebPartIconName":null,"WidgetNotificationMode":0,"WidgetDeeplinkUrlText":null,"CategoryName":"Learning","IsWebPartEnabled":true,"TypeName":null,"WebPartServiceAgentInterfaceTypeName":"ILMWebPartContractAsync","WebPartDefinitionXml":null,"HideWebPartHeader":false,"HideWebPartFooter":false,"IsFreeFlowing":false,"PillarKey":"LM","ChromeStyle":7,"ParameterJSON":"{\"HeaderLinkIcon\": \"\", \"IsCustomEditor\": false, \"PreviewType\" : \"configCarouselDropDown\", \"Config\":{\"Name\":\"ConfigurableCarouselWidgetCodesDropDown\",\"DropDownData\":{\"SelectedKey\": null, \"AvailableOptions\": [{\"id\": \"0\", \"name\":\"Trending For Your Job\"}, {\"id\":\"1\", \"name\":\"Top Picks For You\"}, {\"id\":\"2\", \"name\":\"Top Rated\"}, {\"id\":\"3\", \"name\":\"Saved For Later\"}, {\"id\":\"4\", \"name\":\"Continue Learning\"}, {\"id\":\"5\", \"name\":\"Join Your Peers\"}, {\"id\":\"6\", \"name\":\"Training Recommended For Next Job\"}, {\"id\":\"7\", \"name\":\"Most Popular\"}]}}}","TemplatePath":"app/modules/dashboard/views/webparts/widgetConfigurableCarouselContent.html","IsSystemLocked":false,"Category":{"Id":8,"Name":"Learning","CategoryKey":"WebPartDefinition_Learning","Description":"Learning","ParentId":1,"OrdinalPosition":null},"Id":107},"HeaderColor":"","IsHidden":false,"Layout":"{\"x\":0,\"y\":20,\"width\":98,\"height\":20}","OverrideTemplate":null,"ParameterJSON":"{\"HeaderLinkIcon\":\"\",\"IsCustomEditor\":false,\"PreviewType\":\"configCarouselDropDown\",\"Config\":{\"Name\":\"ConfigurableCarouselWidgetCodesDropDown\",\"DropDownData\":{\"SelectedKey\":\"4\",\"AvailableOptions\":[{\"id\":\"0\",\"name\":\"Trending For Your Job\",\"$$hashKey\":\"object:5658\"},{\"id\":\"1\",\"name\":\"Top Picks For You\",\"$$hashKey\":\"object:5659\"},{\"id\":\"2\",\"name\":\"Top Rated\",\"$$hashKey\":\"object:5660\"},{\"id\":\"3\",\"name\":\"Saved For Later\",\"$$hashKey\":\"object:5661\"},{\"id\":\"4\",\"name\":\"Continue Learning\",\"$$hashKey\":\"object:5662\"},{\"id\":\"5\",\"name\":\"Join Your Peers\",\"$$hashKey\":\"object:5663\"},{\"id\":\"6\",\"name\":\"Training Recommended For Next Job\",\"$$hashKey\":\"object:5664\"},{\"id\":\"7\",\"name\":\"Most Popular\",\"$$hashKey\":\"object:5665\"}]}},\"noScroll\":true}","SubTitle":null,"SupportsFullScreen":true,"Title":"Pick Up Where You Left Off"},{"Id":462,"ChromeStyle":7,"Definition":{"WebPartDefinitionKey":"LM_ConfigurableCarouselWidget","Title":"Configurable Carousel Widget","Description":"Displays configured widget data","SubTitle":null,"WebPartIconName":null,"WidgetNotificationMode":0,"WidgetDeeplinkUrlText":null,"CategoryName":"Learning","IsWebPartEnabled":true,"TypeName":null,"WebPartServiceAgentInterfaceTypeName":"ILMWebPartContractAsync","WebPartDefinitionXml":null,"HideWebPartHeader":false,"HideWebPartFooter":false,"IsFreeFlowing":false,"PillarKey":"LM","ChromeStyle":7,"ParameterJSON":"{\"HeaderLinkIcon\": \"\", \"IsCustomEditor\": false, \"PreviewType\" : \"configCarouselDropDown\", \"Config\":{\"Name\":\"ConfigurableCarouselWidgetCodesDropDown\",\"DropDownData\":{\"SelectedKey\": null, \"AvailableOptions\": [{\"id\": \"0\", \"name\":\"Trending For Your Job\"}, {\"id\":\"1\", \"name\":\"Top Picks For You\"}, {\"id\":\"2\", \"name\":\"Top Rated\"}, {\"id\":\"3\", \"name\":\"Saved For Later\"}, {\"id\":\"4\", \"name\":\"Continue Learning\"}, {\"id\":\"5\", \"name\":\"Join Your Peers\"}, {\"id\":\"6\", \"name\":\"Training Recommended For Next Job\"}, {\"id\":\"7\", \"name\":\"Most Popular\"}]}}}","TemplatePath":"app/modules/dashboard/views/webparts/widgetConfigurableCarouselContent.html","IsSystemLocked":false,"Category":{"Id":8,"Name":"Learning","CategoryKey":"WebPartDefinition_Learning","Description":"Learning","ParentId":1,"OrdinalPosition":null},"Id":107},"HeaderColor":"","IsHidden":false,"Layout":"{\"x\":0,\"y\":60,\"width\":98,\"height\":20}","OverrideTemplate":null,"ParameterJSON":"{\"HeaderLinkIcon\":\"\",\"IsCustomEditor\":false,\"PreviewType\":\"configCarouselDropDown\",\"Config\":{\"Name\":\"ConfigurableCarouselWidgetCodesDropDown\",\"DropDownData\":{\"SelectedKey\":\"7\",\"AvailableOptions\":[{\"id\":\"0\",\"name\":\"Trending For Your Job\",\"$$hashKey\":\"object:4018\"},{\"id\":\"1\",\"name\":\"Top Picks For You\",\"$$hashKey\":\"object:4019\"},{\"id\":\"2\",\"name\":\"Top Rated\",\"$$hashKey\":\"object:4020\"},{\"id\":\"3\",\"name\":\"Saved For Later\",\"$$hashKey\":\"object:4021\"},{\"id\":\"4\",\"name\":\"Continue Learning\",\"$$hashKey\":\"object:4022\"},{\"id\":\"5\",\"name\":\"Join Your Peers\",\"$$hashKey\":\"object:4023\"},{\"id\":\"6\",\"name\":\"Training Recommended For Next Job\",\"$$hashKey\":\"object:4024\"},{\"id\":\"7\",\"name\":\"Most Popular\",\"$$hashKey\":\"object:4025\"}]}},\"noScroll\":true}","SubTitle":null,"SupportsFullScreen":true,"Title":"Most Popular"},{"Id":463,"ChromeStyle":7,"Definition":{"WebPartDefinitionKey":"LM_ConfigurableCarouselWidget","Title":"Configurable Carousel Widget","Description":"Displays configured widget data","SubTitle":null,"WebPartIconName":null,"WidgetNotificationMode":0,"WidgetDeeplinkUrlText":null,"CategoryName":"Learning","IsWebPartEnabled":true,"TypeName":null,"WebPartServiceAgentInterfaceTypeName":"ILMWebPartContractAsync","WebPartDefinitionXml":null,"HideWebPartHeader":false,"HideWebPartFooter":false,"IsFreeFlowing":false,"PillarKey":"LM","ChromeStyle":7,"ParameterJSON":"{\"HeaderLinkIcon\": \"\", \"IsCustomEditor\": false, \"PreviewType\" : \"configCarouselDropDown\", \"Config\":{\"Name\":\"ConfigurableCarouselWidgetCodesDropDown\",\"DropDownData\":{\"SelectedKey\": null, \"AvailableOptions\": [{\"id\": \"0\", \"name\":\"Trending For Your Job\"}, {\"id\":\"1\", \"name\":\"Top Picks For You\"}, {\"id\":\"2\", \"name\":\"Top Rated\"}, {\"id\":\"3\", \"name\":\"Saved For Later\"}, {\"id\":\"4\", \"name\":\"Continue Learning\"}, {\"id\":\"5\", \"name\":\"Join Your Peers\"}, {\"id\":\"6\", \"name\":\"Training Recommended For Next Job\"}, {\"id\":\"7\", \"name\":\"Most Popular\"}]}}}","TemplatePath":"app/modules/dashboard/views/webparts/widgetConfigurableCarouselContent.html","IsSystemLocked":false,"Category":{"Id":8,"Name":"Learning","CategoryKey":"WebPartDefinition_Learning","Description":"Learning","ParentId":1,"OrdinalPosition":null},"Id":107},"HeaderColor":"","IsHidden":false,"Layout":"{\"x\":0,\"y\":40,\"width\":98,\"height\":20}","OverrideTemplate":null,"ParameterJSON":"{\"HeaderLinkIcon\":\"\",\"IsCustomEditor\":false,\"PreviewType\":\"configCarouselDropDown\",\"Config\":{\"Name\":\"ConfigurableCarouselWidgetCodesDropDown\",\"DropDownData\":{\"SelectedKey\":\"6\",\"AvailableOptions\":[{\"id\":\"0\",\"name\":\"Trending For Your Job\",\"$$hashKey\":\"object:2282\"},{\"id\":\"1\",\"name\":\"Top Picks For You\",\"$$hashKey\":\"object:2283\"},{\"id\":\"2\",\"name\":\"Top Rated\",\"$$hashKey\":\"object:2284\"},{\"id\":\"3\",\"name\":\"Saved For Later\",\"$$hashKey\":\"object:2285\"},{\"id\":\"4\",\"name\":\"Continue Learning\",\"$$hashKey\":\"object:2286\"},{\"id\":\"5\",\"name\":\"Join Your Peers\",\"$$hashKey\":\"object:2287\"},{\"id\":\"6\",\"name\":\"Training Recommended For Next Job\",\"$$hashKey\":\"object:2288\"},{\"id\":\"7\",\"name\":\"Most Popular\",\"$$hashKey\":\"object:2289\"}]}},\"noScroll\":true}","SubTitle":null,"SupportsFullScreen":true,"Title":"Prepare For Your Next Role"}],"CanAddPage":false,"CanEditPage":false,"CanDeletePage":false,"CanPersonalizePage":false},"Description":"This engaging experience is unparalleled in the marketplace","Name":"Experience First","Url":"#/dash/engage","WebPartPageDefinitionKey":null,"WebPartPages":[{"Id":241,"title":"Experience First","Description":"Experience First","IsSystemLocked":false,"Name":"Experience First","IsGuestPage":false,"ParameterJSON":null,"Personalization":null,"Url":"#/dash/engage/initial","path":"dash/engage/initial","WebPartPageKey":null,"IsEnabled":true,"RPKey":null,"Priority":0,"WebParts":[{"Id":459,"ChromeStyle":7,"Definition":{"WebPartDefinitionKey":"LM_ConfigurableCarouselWidget","Title":"Configurable Carousel Widget","Description":"Displays configured widget data","SubTitle":null,"WebPartIconName":null,"WidgetNotificationMode":0,"WidgetDeeplinkUrlText":null,"CategoryName":"Learning","IsWebPartEnabled":true,"TypeName":null,"WebPartServiceAgentInterfaceTypeName":"ILMWebPartContractAsync","WebPartDefinitionXml":null,"HideWebPartHeader":false,"HideWebPartFooter":false,"IsFreeFlowing":false,"PillarKey":"LM","ChromeStyle":7,"ParameterJSON":"{\"HeaderLinkIcon\": \"\", \"IsCustomEditor\": false, \"PreviewType\" : \"configCarouselDropDown\", \"Config\":{\"Name\":\"ConfigurableCarouselWidgetCodesDropDown\",\"DropDownData\":{\"SelectedKey\": null, \"AvailableOptions\": [{\"id\": \"0\", \"name\":\"Trending For Your Job\"}, {\"id\":\"1\", \"name\":\"Top Picks For You\"}, {\"id\":\"2\", \"name\":\"Top Rated\"}, {\"id\":\"3\", \"name\":\"Saved For Later\"}, {\"id\":\"4\", \"name\":\"Continue Learning\"}, {\"id\":\"5\", \"name\":\"Join Your Peers\"}, {\"id\":\"6\", \"name\":\"Training Recommended For Next Job\"}, {\"id\":\"7\", \"name\":\"Most Popular\"}]}}}","TemplatePath":"app/modules/dashboard/views/webparts/widgetConfigurableCarouselContent.html","IsSystemLocked":false,"Category":{"Id":8,"Name":"Learning","CategoryKey":"WebPartDefinition_Learning","Description":"Learning","ParentId":1,"OrdinalPosition":null},"Id":107},"HeaderColor":"","IsHidden":false,"Layout":"{\"x\":0,\"y\":60,\"width\":98,\"height\":20}","OverrideTemplate":null,"ParameterJSON":"{\"HeaderLinkIcon\":\"\",\"IsCustomEditor\":false,\"PreviewType\":\"configCarouselDropDown\",\"Config\":{\"Name\":\"ConfigurableCarouselWidgetCodesDropDown\",\"DropDownData\":{\"SelectedKey\":\"0\",\"AvailableOptions\":[{\"id\":\"0\",\"name\":\"Trending For Your Job\",\"$$hashKey\":\"object:3150\"},{\"id\":\"1\",\"name\":\"Top Picks For You\",\"$$hashKey\":\"object:3151\"},{\"id\":\"2\",\"name\":\"Top Rated\",\"$$hashKey\":\"object:3152\"},{\"id\":\"3\",\"name\":\"Saved For Later\",\"$$hashKey\":\"object:3153\"},{\"id\":\"4\",\"name\":\"Continue Learning\",\"$$hashKey\":\"object:3154\"},{\"id\":\"5\",\"name\":\"Join Your Peers\",\"$$hashKey\":\"object:3155\"},{\"id\":\"6\",\"name\":\"Training Recommended For Next Job\",\"$$hashKey\":\"object:3156\"},{\"id\":\"7\",\"name\":\"Most Popular\",\"$$hashKey\":\"object:3157\"}]}},\"noScroll\":true}","SubTitle":null,"SupportsFullScreen":true,"Title":"Trending For Your Role"},{"Id":460,"ChromeStyle":7,"Definition":{"WebPartDefinitionKey":"LM_ConfigurableCarouselWidget","Title":"Configurable Carousel Widget","Description":"Displays configured widget data","SubTitle":null,"WebPartIconName":null,"WidgetNotificationMode":0,"WidgetDeeplinkUrlText":null,"CategoryName":"Learning","IsWebPartEnabled":true,"TypeName":null,"WebPartServiceAgentInterfaceTypeName":"ILMWebPartContractAsync","WebPartDefinitionXml":null,"HideWebPartHeader":false,"HideWebPartFooter":false,"IsFreeFlowing":false,"PillarKey":"LM","ChromeStyle":7,"ParameterJSON":"{\"HeaderLinkIcon\": \"\", \"IsCustomEditor\": false, \"PreviewType\" : \"configCarouselDropDown\", \"Config\":{\"Name\":\"ConfigurableCarouselWidgetCodesDropDown\",\"DropDownData\":{\"SelectedKey\": null, \"AvailableOptions\": [{\"id\": \"0\", \"name\":\"Trending For Your Job\"}, {\"id\":\"1\", \"name\":\"Top Picks For You\"}, {\"id\":\"2\", \"name\":\"Top Rated\"}, {\"id\":\"3\", \"name\":\"Saved For Later\"}, {\"id\":\"4\", \"name\":\"Continue Learning\"}, {\"id\":\"5\", \"name\":\"Join Your Peers\"}, {\"id\":\"6\", \"name\":\"Training Recommended For Next Job\"}, {\"id\":\"7\", \"name\":\"Most Popular\"}]}}}","TemplatePath":"app/modules/dashboard/views/webparts/widgetConfigurableCarouselContent.html","IsSystemLocked":false,"Category":{"Id":8,"Name":"Learning","CategoryKey":"WebPartDefinition_Learning","Description":"Learning","ParentId":1,"OrdinalPosition":null},"Id":107},"HeaderColor":"","IsHidden":false,"Layout":"{\"x\":0,\"y\":20,\"width\":98,\"height\":20}","OverrideTemplate":null,"ParameterJSON":"{\"HeaderLinkIcon\":\"\",\"IsCustomEditor\":false,\"PreviewType\":\"configCarouselDropDown\",\"Config\":{\"Name\":\"ConfigurableCarouselWidgetCodesDropDown\",\"DropDownData\":{\"SelectedKey\":\"4\",\"AvailableOptions\":[{\"id\":\"0\",\"name\":\"Trending For Your Job\",\"$$hashKey\":\"object:5658\"},{\"id\":\"1\",\"name\":\"Top Picks For You\",\"$$hashKey\":\"object:5659\"},{\"id\":\"2\",\"name\":\"Top Rated\",\"$$hashKey\":\"object:5660\"},{\"id\":\"3\",\"name\":\"Saved For Later\",\"$$hashKey\":\"object:5661\"},{\"id\":\"4\",\"name\":\"Continue Learning\",\"$$hashKey\":\"object:5662\"},{\"id\":\"5\",\"name\":\"Join Your Peers\",\"$$hashKey\":\"object:5663\"},{\"id\":\"6\",\"name\":\"Training Recommended For Next Job\",\"$$hashKey\":\"object:5664\"},{\"id\":\"7\",\"name\":\"Most Popular\",\"$$hashKey\":\"object:5665\"}]}},\"noScroll\":true}","SubTitle":null,"SupportsFullScreen":true,"Title":"Pick Up Where You Left Off"},{"Id":462,"ChromeStyle":7,"Definition":{"WebPartDefinitionKey":"LM_ConfigurableCarouselWidget","Title":"Configurable Carousel Widget","Description":"Displays configured widget data","SubTitle":null,"WebPartIconName":null,"WidgetNotificationMode":0,"WidgetDeeplinkUrlText":null,"CategoryName":"Learning","IsWebPartEnabled":true,"TypeName":null,"WebPartServiceAgentInterfaceTypeName":"ILMWebPartContractAsync","WebPartDefinitionXml":null,"HideWebPartHeader":false,"HideWebPartFooter":false,"IsFreeFlowing":false,"PillarKey":"LM","ChromeStyle":7,"ParameterJSON":"{\"HeaderLinkIcon\": \"\", \"IsCustomEditor\": false, \"PreviewType\" : \"configCarouselDropDown\", \"Config\":{\"Name\":\"ConfigurableCarouselWidgetCodesDropDown\",\"DropDownData\":{\"SelectedKey\": null, \"AvailableOptions\": [{\"id\": \"0\", \"name\":\"Trending For Your Job\"}, {\"id\":\"1\", \"name\":\"Top Picks For You\"}, {\"id\":\"2\", \"name\":\"Top Rated\"}, {\"id\":\"3\", \"name\":\"Saved For Later\"}, {\"id\":\"4\", \"name\":\"Continue Learning\"}, {\"id\":\"5\", \"name\":\"Join Your Peers\"}, {\"id\":\"6\", \"name\":\"Training Recommended For Next Job\"}, {\"id\":\"7\", \"name\":\"Most Popular\"}]}}}","TemplatePath":"app/modules/dashboard/views/webparts/widgetConfigurableCarouselContent.html","IsSystemLocked":false,"Category":{"Id":8,"Name":"Learning","CategoryKey":"WebPartDefinition_Learning","Description":"Learning","ParentId":1,"OrdinalPosition":null},"Id":107},"HeaderColor":"","IsHidden":false,"Layout":"{\"x\":0,\"y\":60,\"width\":98,\"height\":20}","OverrideTemplate":null,"ParameterJSON":"{\"HeaderLinkIcon\":\"\",\"IsCustomEditor\":false,\"PreviewType\":\"configCarouselDropDown\",\"Config\":{\"Name\":\"ConfigurableCarouselWidgetCodesDropDown\",\"DropDownData\":{\"SelectedKey\":\"7\",\"AvailableOptions\":[{\"id\":\"0\",\"name\":\"Trending For Your Job\",\"$$hashKey\":\"object:4018\"},{\"id\":\"1\",\"name\":\"Top Picks For You\",\"$$hashKey\":\"object:4019\"},{\"id\":\"2\",\"name\":\"Top Rated\",\"$$hashKey\":\"object:4020\"},{\"id\":\"3\",\"name\":\"Saved For Later\",\"$$hashKey\":\"object:4021\"},{\"id\":\"4\",\"name\":\"Continue Learning\",\"$$hashKey\":\"object:4022\"},{\"id\":\"5\",\"name\":\"Join Your Peers\",\"$$hashKey\":\"object:4023\"},{\"id\":\"6\",\"name\":\"Training Recommended For Next Job\",\"$$hashKey\":\"object:4024\"},{\"id\":\"7\",\"name\":\"Most Popular\",\"$$hashKey\":\"object:4025\"}]}},\"noScroll\":true}","SubTitle":null,"SupportsFullScreen":true,"Title":"Most Popular"},{"Id":463,"ChromeStyle":7,"Definition":{"WebPartDefinitionKey":"LM_ConfigurableCarouselWidget","Title":"Configurable Carousel Widget","Description":"Displays configured widget data","SubTitle":null,"WebPartIconName":null,"WidgetNotificationMode":0,"WidgetDeeplinkUrlText":null,"CategoryName":"Learning","IsWebPartEnabled":true,"TypeName":null,"WebPartServiceAgentInterfaceTypeName":"ILMWebPartContractAsync","WebPartDefinitionXml":null,"HideWebPartHeader":false,"HideWebPartFooter":false,"IsFreeFlowing":false,"PillarKey":"LM","ChromeStyle":7,"ParameterJSON":"{\"HeaderLinkIcon\": \"\", \"IsCustomEditor\": false, \"PreviewType\" : \"configCarouselDropDown\", \"Config\":{\"Name\":\"ConfigurableCarouselWidgetCodesDropDown\",\"DropDownData\":{\"SelectedKey\": null, \"AvailableOptions\": [{\"id\": \"0\", \"name\":\"Trending For Your Job\"}, {\"id\":\"1\", \"name\":\"Top Picks For You\"}, {\"id\":\"2\", \"name\":\"Top Rated\"}, {\"id\":\"3\", \"name\":\"Saved For Later\"}, {\"id\":\"4\", \"name\":\"Continue Learning\"}, {\"id\":\"5\", \"name\":\"Join Your Peers\"}, {\"id\":\"6\", \"name\":\"Training Recommended For Next Job\"}, {\"id\":\"7\", \"name\":\"Most Popular\"}]}}}","TemplatePath":"app/modules/dashboard/views/webparts/widgetConfigurableCarouselContent.html","IsSystemLocked":false,"Category":{"Id":8,"Name":"Learning","CategoryKey":"WebPartDefinition_Learning","Description":"Learning","ParentId":1,"OrdinalPosition":null},"Id":107},"HeaderColor":"","IsHidden":false,"Layout":"{\"x\":0,\"y\":40,\"width\":98,\"height\":20}","OverrideTemplate":null,"ParameterJSON":"{\"HeaderLinkIcon\":\"\",\"IsCustomEditor\":false,\"PreviewType\":\"configCarouselDropDown\",\"Config\":{\"Name\":\"ConfigurableCarouselWidgetCodesDropDown\",\"DropDownData\":{\"SelectedKey\":\"6\",\"AvailableOptions\":[{\"id\":\"0\",\"name\":\"Trending For Your Job\",\"$$hashKey\":\"object:2282\"},{\"id\":\"1\",\"name\":\"Top Picks For You\",\"$$hashKey\":\"object:2283\"},{\"id\":\"2\",\"name\":\"Top Rated\",\"$$hashKey\":\"object:2284\"},{\"id\":\"3\",\"name\":\"Saved For Later\",\"$$hashKey\":\"object:2285\"},{\"id\":\"4\",\"name\":\"Continue Learning\",\"$$hashKey\":\"object:2286\"},{\"id\":\"5\",\"name\":\"Join Your Peers\",\"$$hashKey\":\"object:2287\"},{\"id\":\"6\",\"name\":\"Training Recommended For Next Job\",\"$$hashKey\":\"object:2288\"},{\"id\":\"7\",\"name\":\"Most Popular\",\"$$hashKey\":\"object:2289\"}]}},\"noScroll\":true}","SubTitle":null,"SupportsFullScreen":true,"Title":"Prepare For Your Next Role"}],"CanAddPage":false,"CanEditPage":false,"CanDeletePage":false,"CanPersonalizePage":true}],"IsSystemLocked":false,"IsEnabled":true,"RPKey":null,"CanViewDashboard":true,"CanAddDashboard":false,"CanEditDashboard":false,"CanDeleteDashboard":false,"CanPersonalizeDashboard":true},{"Id":35,"DefaultPage":{"Id":244,"title":"timeline","Description":"timeline","IsSystemLocked":false,"Name":"timeline","IsGuestPage":false,"ParameterJSON":null,"Personalization":null,"Url":"#/dash/timeline/initial","path":"dash/timeline","WebPartPageKey":null,"IsEnabled":true,"RPKey":null,"Priority":0,"WebParts":[],"CanAddPage":false,"CanEditPage":false,"CanDeletePage":false,"CanPersonalizePage":false},"Description":"timeline","Name":"timeline","Url":"#/dash/timeline","WebPartPageDefinitionKey":null,"WebPartPages":[{"Id":244,"title":"timeline","Description":"timeline","IsSystemLocked":false,"Name":"timeline","IsGuestPage":false,"ParameterJSON":null,"Personalization":null,"Url":"#/dash/timeline/initial","path":"dash/timeline/initial","WebPartPageKey":null,"IsEnabled":true,"RPKey":null,"Priority":0,"WebParts":[],"CanAddPage":false,"CanEditPage":false,"CanDeletePage":false,"CanPersonalizePage":true}],"IsSystemLocked":false,"IsEnabled":true,"RPKey":null,"CanViewDashboard":true,"CanAddDashboard":false,"CanEditDashboard":false,"CanDeleteDashboard":false,"CanPersonalizeDashboard":true},{"Id":37,"DefaultPage":{"Id":246,"title":"AboutMeDB_12am","Description":"AboutMeDB_12am","IsSystemLocked":false,"Name":"AboutMeDB_12am","IsGuestPage":false,"ParameterJSON":null,"Personalization":null,"Url":"#/dash/AboutMeDB_12am/initial","path":"dash/AboutMeDB_12am","WebPartPageKey":null,"IsEnabled":true,"RPKey":null,"Priority":5,"WebParts":[{"Id":493,"ChromeStyle":7,"Definition":{"WebPartDefinitionKey":"About_Me","Title":"About Me","Description":"Displays key profile information about the employee.","SubTitle":"Photo, email and employment information","WebPartIconName":null,"WidgetNotificationMode":0,"WidgetDeeplinkUrlText":"View my profile","CategoryName":"Common","IsWebPartEnabled":true,"TypeName":"SumTotal.SPPortal.WebParts.Core.MySelf.AboutMe.AboutMe, SumTotal.SPPortal.WebParts, Version=1.0.0.0, Culture=neutral, PublicKeyToken=6b7f90fbd13cce01","WebPartServiceAgentInterfaceTypeName":null,"WebPartDefinitionXml":null,"HideWebPartHeader":true,"HideWebPartFooter":true,"IsFreeFlowing":false,"PillarKey":null,"ChromeStyle":7,"ParameterJSON":"{\"HeaderLinkIcon\": \"\", \"IsCustomEditor\": false, \"PreviewType\" : \"aboutme\"}","TemplatePath":"app/modules/dashboard/views/webparts/widgetAboutMe.html","IsSystemLocked":false,"Category":{"Id":5,"Name":"Common","CategoryKey":"WebPartDefinition_Common","Description":"Common","ParentId":1,"OrdinalPosition":null},"Id":43},"HeaderColor":"","IsHidden":false,"Layout":"{\"x\":0,\"y\":0,\"width\":25,\"height\":20}","OverrideTemplate":null,"ParameterJSON":"{\"HeaderLinkIcon\":\"\",\"IsCustomEditor\":false,\"PreviewType\":\"aboutme\"}","SubTitle":"Photo, email and employment information","SupportsFullScreen":true,"Title":null}],"CanAddPage":false,"CanEditPage":false,"CanDeletePage":false,"CanPersonalizePage":false},"Description":"AboutMeDB_12am","Name":"AboutMeDB_12am","Url":"#/dash/AboutMeDB_12am","WebPartPageDefinitionKey":null,"WebPartPages":[{"Id":246,"title":"AboutMeDB_12am","Description":"AboutMeDB_12am","IsSystemLocked":false,"Name":"AboutMeDB_12am","IsGuestPage":false,"ParameterJSON":null,"Personalization":null,"Url":"#/dash/AboutMeDB_12am/initial","path":"dash/AboutMeDB_12am/initial","WebPartPageKey":null,"IsEnabled":true,"RPKey":null,"Priority":5,"WebParts":[{"Id":493,"ChromeStyle":7,"Definition":{"WebPartDefinitionKey":"About_Me","Title":"About Me","Description":"Displays key profile information about the employee.","SubTitle":"Photo, email and employment information","WebPartIconName":null,"WidgetNotificationMode":0,"WidgetDeeplinkUrlText":"View my profile","CategoryName":"Common","IsWebPartEnabled":true,"TypeName":"SumTotal.SPPortal.WebParts.Core.MySelf.AboutMe.AboutMe, SumTotal.SPPortal.WebParts, Version=1.0.0.0, Culture=neutral, PublicKeyToken=6b7f90fbd13cce01","WebPartServiceAgentInterfaceTypeName":null,"WebPartDefinitionXml":null,"HideWebPartHeader":true,"HideWebPartFooter":true,"IsFreeFlowing":false,"PillarKey":null,"ChromeStyle":7,"ParameterJSON":"{\"HeaderLinkIcon\": \"\", \"IsCustomEditor\": false, \"PreviewType\" : \"aboutme\"}","TemplatePath":"app/modules/dashboard/views/webparts/widgetAboutMe.html","IsSystemLocked":false,"Category":{"Id":5,"Name":"Common","CategoryKey":"WebPartDefinition_Common","Description":"Common","ParentId":1,"OrdinalPosition":null},"Id":43},"HeaderColor":"","IsHidden":false,"Layout":"{\"x\":0,\"y\":0,\"width\":25,\"height\":20}","OverrideTemplate":null,"ParameterJSON":"{\"HeaderLinkIcon\":\"\",\"IsCustomEditor\":false,\"PreviewType\":\"aboutme\"}","SubTitle":"Photo, email and employment information","SupportsFullScreen":true,"Title":null}],"CanAddPage":false,"CanEditPage":false,"CanDeletePage":false,"CanPersonalizePage":true}],"IsSystemLocked":false,"IsEnabled":true,"RPKey":null,"CanViewDashboard":true,"CanAddDashboard":false,"CanEditDashboard":false,"CanDeleteDashboard":false,"CanPersonalizeDashboard":true},{"Id":38,"DefaultPage":{"Id":247,"title":"DashBoard_Elix9427_12am","Description":"DashBoard_Elix9427_12am","IsSystemLocked":false,"Name":"DashBoard_Elix9427_12am","IsGuestPage":false,"ParameterJSON":null,"Personalization":null,"Url":"#/dash/DashBoard_Elix9427_12am/initial","path":"dash/DashBoard_Elix9427_12am","WebPartPageKey":null,"IsEnabled":true,"RPKey":null,"Priority":13,"WebParts":[{"Id":497,"ChromeStyle":7,"Definition":{"WebPartDefinitionKey":"Common_ContentEditor","Title":"Content Editor","Description":"Enables users to add custom HTML to a dashboard.","SubTitle":"Content Editor Widget","WebPartIconName":null,"WidgetNotificationMode":0,"WidgetDeeplinkUrlText":null,"CategoryName":"Common","IsWebPartEnabled":true,"TypeName":null,"WebPartServiceAgentInterfaceTypeName":null,"WebPartDefinitionXml":null,"HideWebPartHeader":false,"HideWebPartFooter":true,"IsFreeFlowing":false,"PillarKey":null,"ChromeStyle":7,"ParameterJSON":"{\"HeaderLinkIcon\": \"\", \"IsCustomEditor\": true, \"PreviewType\" : \"iframe\"}","TemplatePath":"app/modules/dashboard/views/webparts/widgetContentEditor.html","IsSystemLocked":false,"Category":{"Id":5,"Name":"Common","CategoryKey":"WebPartDefinition_Common","Description":"Common","ParentId":1,"OrdinalPosition":null},"Id":60},"HeaderColor":"","IsHidden":false,"Layout":"{\"x\":0,\"y\":0,\"width\":25,\"height\":20}","OverrideTemplate":"&lt;a target=&quot;_self&quot; href=&quot;/Core/155.sumtfile&quot;&gt;!!!PDFFile_Elix9427_12am&lt;/a&gt;","ParameterJSON":"{\"HeaderLinkIcon\":\"\",\"IsCustomEditor\":true,\"PreviewType\":\"iframe\"}","SubTitle":"Content Editor Widget","SupportsFullScreen":true,"Title":null}],"CanAddPage":false,"CanEditPage":false,"CanDeletePage":false,"CanPersonalizePage":false},"Description":"DashBoard_Elix9427_12am","Name":"DashBoard_Elix9427_12am","Url":"#/dash/DashBoard_Elix9427_12am","WebPartPageDefinitionKey":null,"WebPartPages":[{"Id":247,"title":"DashBoard_Elix9427_12am","Description":"DashBoard_Elix9427_12am","IsSystemLocked":false,"Name":"DashBoard_Elix9427_12am","IsGuestPage":false,"ParameterJSON":null,"Personalization":null,"Url":"#/dash/DashBoard_Elix9427_12am/initial","path":"dash/DashBoard_Elix9427_12am/initial","WebPartPageKey":null,"IsEnabled":true,"RPKey":null,"Priority":13,"WebParts":[{"Id":497,"ChromeStyle":7,"Definition":{"WebPartDefinitionKey":"Common_ContentEditor","Title":"Content Editor","Description":"Enables users to add custom HTML to a dashboard.","SubTitle":"Content Editor Widget","WebPartIconName":null,"WidgetNotificationMode":0,"WidgetDeeplinkUrlText":null,"CategoryName":"Common","IsWebPartEnabled":true,"TypeName":null,"WebPartServiceAgentInterfaceTypeName":null,"WebPartDefinitionXml":null,"HideWebPartHeader":false,"HideWebPartFooter":true,"IsFreeFlowing":false,"PillarKey":null,"ChromeStyle":7,"ParameterJSON":"{\"HeaderLinkIcon\": \"\", \"IsCustomEditor\": true, \"PreviewType\" : \"iframe\"}","TemplatePath":"app/modules/dashboard/views/webparts/widgetContentEditor.html","IsSystemLocked":false,"Category":{"Id":5,"Name":"Common","CategoryKey":"WebPartDefinition_Common","Description":"Common","ParentId":1,"OrdinalPosition":null},"Id":60},"HeaderColor":"","IsHidden":false,"Layout":"{\"x\":0,\"y\":0,\"width\":25,\"height\":20}","OverrideTemplate":"&lt;a target=&quot;_self&quot; href=&quot;/Core/155.sumtfile&quot;&gt;!!!PDFFile_Elix9427_12am&lt;/a&gt;","ParameterJSON":"{\"HeaderLinkIcon\":\"\",\"IsCustomEditor\":true,\"PreviewType\":\"iframe\"}","SubTitle":"Content Editor Widget","SupportsFullScreen":true,"Title":null}],"CanAddPage":false,"CanEditPage":false,"CanDeletePage":false,"CanPersonalizePage":true}],"IsSystemLocked":false,"IsEnabled":true,"RPKey":null,"CanViewDashboard":true,"CanAddDashboard":false,"CanEditDashboard":false,"CanDeleteDashboard":false,"CanPersonalizeDashboard":true}],"EnableDashboards":true,"EnablePersonalization":true,"EnableView":true,"EnableAdd":true,"EnableEdit":true,"EnableDelete":true,"LandingDashboard":{"Name":"Home TM","Description":"Home TM","WebPartPageKey":null,"Url":"#/dash/home/TM","ParameterJSON":null,"WebParts":[{"Definition":{"WebPartDefinitionKey":"Common_ContentEditor","Title":"Content Editor","Description":"Enables users to add custom HTML to a dashboard.","SubTitle":"Content Editor Widget","WebPartIconName":null,"WidgetNotificationMode":0,"WidgetDeeplinkUrlText":null,"CategoryName":"Common","IsWebPartEnabled":true,"TypeName":null,"WebPartServiceAgentInterfaceTypeName":null,"WebPartDefinitionXml":null,"HideWebPartHeader":false,"HideWebPartFooter":true,"IsFreeFlowing":false,"PillarKey":null,"ChromeStyle":7,"ParameterJSON":"{\"HeaderLinkIcon\": \"\", \"IsCustomEditor\": true, \"PreviewType\" : \"iframe\"}","TemplatePath":"app/modules/dashboard/views/webparts/widgetContentEditor.html","IsSystemLocked":false,"Category":{"Id":5,"Name":"Common","CategoryKey":"WebPartDefinition_Common","Description":"Common","ParentId":1,"OrdinalPosition":null},"Id":60},"Title":null,"SubTitle":"Content Editor Webpart","ChromeStyle":0,"SupportsFullScreen":true,"IsHidden":false,"HeaderColor":null,"Layout":"{\"x\":0,\"y\":0,\"width\":83,\"height\":64}","ParameterJSON":"{\"HeaderLinkIcon\":\"\",\"IsCustomEditor\":true,\"PreviewType\":\"iframe\",\"fullScreen\":true}","OverrideTemplate":"\n\t<!doctype html> <html> <head> <meta charset=\"utf-8\"> <title>Untitled Document</title> <style> div.news-container {  background-color:#e9ede5;  background-image:url(./Content/Common/assets/images/personBackground.jpg?1);  height:270px;  background-position: center;  background-repeat:no-repeat; border-radius: 10px 10px 0 0; } div.grad {  max-width:96%;  width:100%;  border:0px solid blue; } table.banner {  height:270px;  border:0px solid red;  max-width:100%;  width:100%; } .banner td {  text-align:center;  border:0px solid red;   } table.subnav {  max-width:96%;  width:100%;  border:0px solid green;  padding-top:15px;  font-family:'Open Sans' Tahoma;  font-weight:600; } .subnav td {  text-align:center;  width:25%;  padding:5px 20px;  font-weight:400;    } .subnav td.icon {  text-align:center;  width:25%;  padding:15px 0 5px 0;  font-weight:400;         height: 60px; } .subnav td.subnavtitle {         font-weight:700; } .subnav td.subnav-text {  text-align:left;  color: #606060;  font-family:Arial;  font-size:12px;  line-height:16px;  font-family:'Open Sans' Tahoma;         vertical-align:top; } </style> </head>  <body>  <div class=\"news-container\">      <center>         <div class=\"grad\">             <table class=\"banner\">                 <tr>                     <td colspan=\"2\" style=\"width:50%;\">                                           </td>                     <td></td>                     <td></td>                 </tr>             </table>          </div>          <div style=\"background-color:#00aed3; text-align:left; border:0px solid orange; padding:5px 20px; font-family:'Open Sans' Tahoma;\">                         <p style=\"font-size:14px; color:white; text-transform:uppercase; padding:15px 0px 10px 0px; margin:0px; font-family:'Open Sans' Tahoma;\">BUILDING A BETTER TEAM</p><p style=\"font-size:30px; color:white; padding-bottom:20px; margin:0px; line-height:30px;\">Developing Individual and Team Talent Drives Company Performance</p><p style=\"font-size:14px; color:white; font-family:'Open Sans' Tahoma; padding-bottom:20px; max-width:700px;\">Our long term success is fundamentally tied to our ability to develop leaders and more effective employees. As our most vital resource, we are committed to helping you improve in your current, next and long term role. </p>                          </div>                      </center>     </div> </body> </html>\n\t","Id":327}],"IsSystemLocked":true,"Personalization":null,"Priority":4,"ParentId":1,"DashboardName":"Home","IsGuestPage":false,"IsEnabled":true,"RPKey":null,"CanAddPage":false,"CanEditPage":false,"CanDeletePage":false,"CanPersonalizePage":true,"CanViewPage":true,"Id":197}},"sitemap":{"Hash":"1944565663","IsChanged":true,"KeyedHomePages":{},"Nodes":[{"Id":6,"childNodes":[{"Id":187,"childNodes":[],"description":"Used to access your Profile.","iconPath":null,"integrationMode":3,"IsHidden":false,"helpUrl":"/Content/Core Platform/Core Platform Guide/My Profile.htm","IsPortalPage":false,"level":2,"name":"Profile","nodeKey":"Profile","ordinalPosition":"1","parentId":6,"RelyingPartyId":9,"RPKey":"ELIXHRUI","tooltip":"Used to access your Profile.","url":"#/dash/profile","activitiesCount":0,"IsEmulationEnabled":false},{"Id":864,"childNodes":[],"description":"Used to view personal details, change system preferences, and manage delegates. Managing delegates requires Talent.","iconPath":null,"integrationMode":3,"IsHidden":false,"helpUrl":"/Content/Core Platform/Core Platform Guide/View or Update Your Personal_1.htm","IsPortalPage":false,"level":2,"name":"Profile Details","nodeKey":"self_personaldetails","ordinalPosition":"2","parentId":6,"RelyingPartyId":9,"RPKey":"ELIXHRUI","tooltip":"Used to view personal details, change system preferences, and manage delegates. Managing delegates requires Talent.","url":"PROFILE_SLIDEOUT","activitiesCount":0,"IsEmulationEnabled":false},{"Id":667,"childNodes":[],"description":"A customizable dashboard for learners.","iconPath":null,"integrationMode":3,"IsHidden":false,"helpUrl":"/Content/Learn/User Guides/Role Based User Guides/Navigate the Learner Dashboard.htm","IsPortalPage":false,"level":2,"name":"Learner Dashboard","nodeKey":"Learner_Dashboard","ordinalPosition":"3","parentId":6,"RelyingPartyId":9,"RPKey":"ELIXHRUI","tooltip":"A customizable dashboard for learners.","url":"#/dash/learning","activitiesCount":0,"IsEmulationEnabled":false},{"Id":898,"childNodes":[],"description":"Initiatives","iconPath":null,"integrationMode":3,"IsHidden":false,"helpUrl":"/Content/Core Platform/Core Platform Guide/Configure an Onboarding Initiative.htm","IsPortalPage":false,"level":2,"name":"Initiatives","nodeKey":"self_initiatives","ordinalPosition":"4","parentId":6,"RelyingPartyId":9,"RPKey":"ELIXHRUI","tooltip":"Initiatives","url":"#/initiatives","activitiesCount":0,"IsEmulationEnabled":false},{"Id":636,"childNodes":[{"Id":176,"childNodes":[],"description":"Used to access and manage favorite learning activity and library Topics.","iconPath":null,"integrationMode":3,"IsHidden":false,"helpUrl":"/Content/Learn/WebHelp/Learner Help - Unique Topics/Manage Your Favorites.htm","IsPortalPage":false,"level":3,"name":"Favorites","nodeKey":"Learner_MenuViewFavorites","ordinalPosition":"0","parentId":636,"RelyingPartyId":2,"RPKey":"LM","tooltip":"Used to access and manage favorite learning activity and library Topics.","url":"app/taxonomy/TAX_Fav.aspx?UserMode=0","activitiesCount":0,"IsEmulationEnabled":false},{"Id":177,"childNodes":[],"description":"Used to upload or link to informational documents (such as manuals or reference materials) and share with others.","iconPath":null,"integrationMode":3,"IsHidden":false,"helpUrl":"/Content/Learn/User Guides/Role Based User Guides/Manage Knowledge Documents.htm","IsPortalPage":false,"level":3,"name":"Knowledge Documents","nodeKey":"Learner_MenuPublishKDoc","ordinalPosition":"1","parentId":636,"RelyingPartyId":2,"RPKey":"LM","tooltip":"Used to upload or link to informational documents (such as manuals or reference materials) and share with others.","url":"app/management/content/LMS_KdocList.aspx?UserMode=0","activitiesCount":0,"IsEmulationEnabled":false},{"Id":179,"childNodes":[],"description":"Used to view and complete evaluations.","iconPath":null,"integrationMode":3,"IsHidden":false,"helpUrl":"/Content/Learn/User Guides/Role Based User Guides/Complete Evaluations.htm","IsPortalPage":false,"level":3,"name":"Learning Activity Evaluations","nodeKey":"Learner_MenuEvaluations","ordinalPosition":"3","parentId":636,"RelyingPartyId":2,"RPKey":"LM","tooltip":"Used to view and complete evaluations.","url":"app/management/LMS_Evaluation.aspx?UserMode=0&Mode=0","activitiesCount":0,"IsEmulationEnabled":false},{"Id":180,"childNodes":[],"description":"Used to read and manage any Learn notifications sent to the learner.","iconPath":null,"integrationMode":3,"IsHidden":false,"helpUrl":"/Content/Learn/User Guides/Role Based User Guides/Manage E mail Messages.htm","IsPortalPage":false,"level":3,"name":"Messages","nodeKey":"Learner_MenuNotifEmails","ordinalPosition":"4","parentId":636,"RelyingPartyId":2,"RPKey":"LM","tooltip":"Used to read and manage any Learn notifications sent to the learner.","url":"app/management/LMS_ListNotifEmails.aspx?UserMode=0","activitiesCount":0,"IsEmulationEnabled":false},{"Id":183,"childNodes":[],"description":"Used to manually enter training completed outside of the Learn system.","iconPath":null,"integrationMode":3,"IsHidden":false,"helpUrl":"/Content/Learn/User Guides/Role Based User Guides/Enter Self Reported Training.htm","IsPortalPage":false,"level":3,"name":"Self-Reported Training","nodeKey":"Learner_MenuSelfReportedTraining","ordinalPosition":"7","parentId":636,"RelyingPartyId":2,"RPKey":"LM","tooltip":"Used to manually enter training completed outside of the Learn system.","url":"app/management/LMS_SelfReportedTraining.aspx?UserMode=0","activitiesCount":0,"IsEmulationEnabled":false},{"Id":185,"childNodes":[],"description":"Used to access all activities related to the learner (assigned and registered, pending, completed, and canceled).","iconPath":null,"integrationMode":3,"IsHidden":false,"helpUrl":"/Content/Learn/User Guides/Role Based User Guides/View Your Training Schedule.htm","IsPortalPage":false,"level":3,"name":"Training Schedule","nodeKey":"Learner_MenuTrainingSch","ordinalPosition":"8","parentId":636,"RelyingPartyId":2,"RPKey":"LM","tooltip":"Used to access all activities related to the learner (assigned and registered, pending, completed, and canceled).","url":"app/management/LMS_Training.aspx?UserMode=0","activitiesCount":0,"IsEmulationEnabled":false},{"Id":172,"childNodes":[],"description":"View your assigned observation checklists and, if applicable, self-asses each task and submit your assessment for approval.","iconPath":null,"integrationMode":3,"IsHidden":false,"helpUrl":"/Content/Learn/User Guides/Role Based User Guides/View and Self Assess My Observation.htm","IsPortalPage":false,"level":3,"name":"My Observation Checklists","nodeKey":"Learner_MyObservationCheckList","ordinalPosition":"11","parentId":636,"RelyingPartyId":2,"RPKey":"LM","tooltip":"View your assigned observation checklists and, if applicable, self-asses each task and submit your assessment for approval.","url":"app/../learner/observerChecklist/Index?UserMode=0","activitiesCount":0,"IsEmulationEnabled":false},{"Id":174,"childNodes":[],"description":"Used to approve or reject observation checklists to which the learner is an observer.","iconPath":null,"integrationMode":3,"IsHidden":false,"helpUrl":"/Content/Learn/User Guides/Role Based User Guides/View and Self Assess My Observation.htm","IsPortalPage":false,"level":3,"name":"Observer Checklists","nodeKey":"Learner_ObserverChecklist","ordinalPosition":"12","parentId":636,"RelyingPartyId":2,"RPKey":"LM","tooltip":"Used to approve or reject observation checklists to which the learner is an observer.","url":"app/../learner/observerChecklist/Observer?UserMode=0","activitiesCount":0,"IsEmulationEnabled":false},{"Id":1094,"childNodes":[],"description":"Provide views to learner whether EHRI request is approved or rejected.","iconPath":null,"integrationMode":3,"IsHidden":false,"helpUrl":"/Content/Learn/User Guides/Role Based User Guides/Manage Your Form Based Approvals.htm","IsPortalPage":false,"level":3,"name":"Form-Based Approval Requests","nodeKey":"Learner_MenuFormBasedApprovalRequests","ordinalPosition":"14","parentId":636,"RelyingPartyId":2,"RPKey":"LM","tooltip":"Provide views to learner whether EHRI request is approved or rejected.","url":"app/../learner/approvalworkflow/GetMyApprovalRequests","activitiesCount":0,"IsEmulationEnabled":false},{"Id":-2143,"childNodes":[],"description":"Training Requests","iconPath":null,"integrationMode":3,"IsHidden":false,"helpUrl":"/Content/Learn/WebHelp/Administrator Help/Manage Training Requests.htm","IsPortalPage":false,"level":3,"name":"Training Requests","nodeKey":"Learner_TrainingRequests","ordinalPosition":"15","parentId":636,"RelyingPartyId":2,"RPKey":"LM","tooltip":"Training Requests","url":"app/administrator/trainingrequest/ListTrainingRequest","activitiesCount":0,"IsEmulationEnabled":false}],"description":null,"iconPath":null,"integrationMode":3,"IsHidden":false,"helpUrl":null,"IsPortalPage":false,"level":2,"name":"Learning","nodeKey":"self_learning","ordinalPosition":"5","parentId":6,"RelyingPartyId":9,"RPKey":"ELIXHRUI","tooltip":null,"url":null,"activitiesCount":0,"IsEmulationEnabled":false},{"Id":637,"childNodes":[{"Id":308,"childNodes":[],"description":"Used to view Performance assessment history.","iconPath":null,"integrationMode":3,"IsHidden":false,"helpUrl":"/Content/Talent/Performance and Goals/Manage a User s Performance.htm","IsPortalPage":false,"level":3,"name":"My Assessments","nodeKey":"performance_myassessments","ordinalPosition":"1","parentId":637,"RelyingPartyId":5,"RPKey":"TM","tooltip":"Used to view Performance assessment history.","url":"scripts/lightyearisapi.dll?tasklst&crit_taskview_modulecd=performance&ttlnmcd=12507&employeepicker=portalgroupid%3dperformance%26portalitemid%3dmyassessments","activitiesCount":0,"IsEmulationEnabled":false},{"Id":309,"childNodes":[],"description":"Used to access observation checklists assigned to the learner.","iconPath":null,"integrationMode":3,"IsHidden":false,"helpUrl":"/Content/Talent/Performance and Goals/Manage personal Goals for_1.htm","IsPortalPage":false,"level":3,"name":"My Goals","nodeKey":"performance_mygoals","ordinalPosition":"2","parentId":637,"RelyingPartyId":5,"RPKey":"TM","tooltip":"Used to access observation checklists assigned to the learner.","url":"scripts/lightyearisapi.dll?matrixgoallist&sdatanavid=mygoals&sdatanavroot=1&sdatanavnmcd=61428&sdatatypcd=5005&sdataaction=view&matrixgoallist_sortcolumn=sdb_matrixgoal_goaldesctxt&matrixgoallist_sortorder=ASC&employeepicker=portalgroupid%3dperformance%26portalitemid%3dmygoals","activitiesCount":0,"IsEmulationEnabled":false},{"Id":286,"childNodes":[],"description":"Used to view and manage organization and personal goals, as well as the goals of any users to whom you have access.","iconPath":null,"integrationMode":3,"IsHidden":false,"helpUrl":"/Content/Talent/Performance and Goals/Manage Personal Goals for.htm","IsPortalPage":false,"level":3,"name":"Goal Explorer","nodeKey":"performance_goalexplorer","ordinalPosition":"4","parentId":637,"RelyingPartyId":5,"RPKey":"TM","tooltip":"Used to view and manage organization and personal goals, as well as the goals of any users to whom you have access.","url":"scripts/lightyearisapi.dll?webapicommand=processtask&sdataobjtyp=0&sdatatypcd=5100&sdatahierid=&sdatahierlevel=&sdatahiercode=&page=w&sdataevntid=0&employeepicker=portalgroupid%3dperformance%26portalitemid%3dgoalexplorer","activitiesCount":0,"IsEmulationEnabled":false},{"Id":186,"childNodes":[],"description":"Used to upload offline 360 Feedback forms.","iconPath":null,"integrationMode":3,"IsHidden":false,"helpUrl":"/Content/Talent/360 Feedback/Upload an Offline 360 Feedback.htm","IsPortalPage":false,"level":3,"name":"Upload Form","nodeKey":"performance_uploadform","ordinalPosition":"5","parentId":637,"RelyingPartyId":5,"RPKey":"TM","tooltip":"Used to upload offline 360 Feedback forms.","url":"scripts/lightyearisapi.dll?parsetemplate&template=home/upload.htm&employeepicker=portalgroupid%3dperformance%26portalitemid%3duploadform","activitiesCount":0,"IsEmulationEnabled":false},{"Id":-1115,"childNodes":[],"description":"Used to view Performance Snapshots","iconPath":null,"integrationMode":3,"IsHidden":false,"helpUrl":null,"IsPortalPage":false,"level":3,"name":"Performance Snapshots","nodeKey":"self_hrlyassessment","ordinalPosition":"6","parentId":637,"RelyingPartyId":9,"RPKey":"ELIXHRUI","tooltip":"Used to view Performance Snapshots","url":"#/administration/applications/common/hourlyassessment","activitiesCount":0,"IsEmulationEnabled":false}],"description":null,"iconPath":null,"integrationMode":3,"IsHidden":false,"helpUrl":null,"IsPortalPage":false,"level":2,"name":"Performance","nodeKey":"self_performance","ordinalPosition":"6","parentId":6,"RelyingPartyId":9,"RPKey":"ELIXHRUI","tooltip":null,"url":null,"activitiesCount":0,"IsEmulationEnabled":false},{"Id":634,"childNodes":[{"Id":1088,"childNodes":[],"description":"Used to manage career plan","iconPath":null,"integrationMode":3,"IsHidden":false,"helpUrl":"/Content/Core Platform/Core Platform Guide/Develop and Manage a Career.htm","IsPortalPage":false,"level":3,"name":"My Career Path","nodeKey":"development_careerplan","ordinalPosition":"2","parentId":634,"RelyingPartyId":9,"RPKey":"ELIXHRUI","tooltip":"Used to manage career plan","url":"#/careerplan","activitiesCount":0,"IsEmulationEnabled":false},{"Id":756,"childNodes":[],"description":"Used to access your Development Plan, used to track and assign tasks that can help you grow and develop in your career.","iconPath":null,"integrationMode":3,"IsHidden":false,"helpUrl":"/Content/Core Platform/Core Platform Guide/As an Individual Contributor.htm","IsPortalPage":false,"level":3,"name":"My Development Plan","nodeKey":"self_developmentplan","ordinalPosition":"3","parentId":634,"RelyingPartyId":9,"RPKey":"ELIXHRUI","tooltip":"Used to access your Development Plan, used to track and assign tasks that can help you grow and develop in your career.","url":"#/devplan","activitiesCount":0,"IsEmulationEnabled":false},{"Id":-1107,"childNodes":[],"description":"Competency Profile","iconPath":null,"integrationMode":3,"IsHidden":false,"helpUrl":"/Content/Core Platform/Core Platform Guide/View Your Competency Profile.htm","IsPortalPage":false,"level":3,"name":"Competency Profile","nodeKey":"Competency_Profile","ordinalPosition":"4","parentId":634,"RelyingPartyId":9,"RPKey":"ELIXHRUI","tooltip":"Competency Profile","url":"#/competencyprofile","activitiesCount":0,"IsEmulationEnabled":false},{"Id":238,"childNodes":[],"description":"Used to manage individual skill sets and requirements.","iconPath":null,"integrationMode":3,"IsHidden":false,"helpUrl":"/Content/Learn/User Guides/Role Based User Guides/Manage Your Skills.htm","IsPortalPage":false,"level":3,"name":"Skill Analysis","nodeKey":"Learner_MenuSkillAnalysis","ordinalPosition":"9","parentId":634,"RelyingPartyId":2,"RPKey":"LM","tooltip":"Used to manage individual skill sets and requirements.","url":"app/management/LMS_SkillGap.aspx?UserMode=0","activitiesCount":0,"IsEmulationEnabled":false},{"Id":162,"childNodes":[],"description":"Used to view your 360 Feedback assessment history.","iconPath":null,"integrationMode":3,"IsHidden":false,"helpUrl":"/Content/Talent/360 Feedback/Manage a User s 360 Feedback.htm","IsPortalPage":false,"level":3,"name":"My Assessments","nodeKey":"development_myassessments","ordinalPosition":"11","parentId":634,"RelyingPartyId":5,"RPKey":"TM","tooltip":"Used to view your 360 Feedback assessment history.","url":"scripts/lightyearisapi.dll?tasklst&crit_taskview_modulecd=360&ttlnmcd=80098&employeepicker=portalgroupid%3ddevelopment%26portalitemid%3dmyassessments","activitiesCount":0,"IsEmulationEnabled":false},{"Id":171,"childNodes":[],"description":"Used to view any continuing education requirements.","iconPath":null,"integrationMode":3,"IsHidden":false,"helpUrl":"/Content/Learn/User Guides/Continuing Education (CE) User Guide/Access Your CE Activities.htm","IsPortalPage":false,"level":3,"name":"CE Requirement Analysis","nodeKey":"Learner_MenuCERequirementAnalysis","ordinalPosition":"14","parentId":634,"RelyingPartyId":2,"RPKey":"LM","tooltip":"Used to view any continuing education requirements.","url":"app/management/LMS_CE_RequirementAnalysis.aspx?UserMode=0","activitiesCount":0,"IsEmulationEnabled":false},{"Id":175,"childNodes":[],"description":"Used to view assigned learning activities.","iconPath":null,"integrationMode":3,"IsHidden":false,"helpUrl":"/Content/Learn/User Guides/Role Based User Guides/Conduct a Training Analysis.htm","IsPortalPage":false,"level":3,"name":"Training Analysis","nodeKey":"Learner_MenuTrainingAnalysis","ordinalPosition":"16","parentId":634,"RelyingPartyId":2,"RPKey":"LM","tooltip":"Used to view assigned learning activities.","url":"app/management/LMS_TrainRequired.aspx?UserMode=0","activitiesCount":0,"IsEmulationEnabled":false}],"description":null,"iconPath":null,"integrationMode":3,"IsHidden":false,"helpUrl":null,"IsPortalPage":false,"level":2,"name":"Development","nodeKey":"self_development","ordinalPosition":"7","parentId":6,"RelyingPartyId":9,"RPKey":"ELIXHRUI","tooltip":null,"url":null,"activitiesCount":0,"IsEmulationEnabled":false},{"Id":639,"childNodes":[{"Id":311,"childNodes":[],"description":"Used to view Succession project assessment history.","iconPath":null,"integrationMode":3,"IsHidden":false,"helpUrl":"/Content/Talent/Succession/Manage a User s Succession.htm","IsPortalPage":false,"level":3,"name":"My Assessments","nodeKey":"succession_myassessments","ordinalPosition":"1","parentId":639,"RelyingPartyId":5,"RPKey":"TM","tooltip":"Used to view Succession project assessment history.","url":"scripts/lightyearisapi.dll?tasklst&crit_taskview_modulecd=succession&ttlnmcd=14116&employeepicker=portalgroupid%3dsuccession%26portalitemid%3dmyassessments","activitiesCount":0,"IsEmulationEnabled":false}],"description":"Used to manage Succession components, such as surveys, processes, and designers.","iconPath":null,"integrationMode":3,"IsHidden":false,"helpUrl":"/Content/Talent/Succession/Succession Overview.htm","IsPortalPage":false,"level":2,"name":"Succession","nodeKey":"self_succession","ordinalPosition":"12","parentId":6,"RelyingPartyId":9,"RPKey":"ELIXHRUI","tooltip":"Used to manage Succession components, such as surveys, processes, and designers.","url":null,"activitiesCount":0,"IsEmulationEnabled":false},{"Id":632,"childNodes":[{"Id":158,"childNodes":[],"description":"Collaboration Centers are an obsolete feature, so keep this page hidden.","iconPath":null,"integrationMode":3,"IsHidden":false,"helpUrl":null,"IsPortalPage":false,"level":3,"name":"Communities","nodeKey":"Learner_MenuCommunities","ordinalPosition":"0","parentId":632,"RelyingPartyId":2,"RPKey":"LM","tooltip":"Collaboration Centers are an obsolete feature, so keep this page hidden.","url":"app/social/CommunityList.aspx","activitiesCount":0,"IsEmulationEnabled":false},{"Id":159,"childNodes":[],"description":"Collaboration Centers are an obsolete feature, so keep this page hidden.","iconPath":null,"integrationMode":3,"IsHidden":false,"helpUrl":null,"IsPortalPage":false,"level":3,"name":"Community Updates","nodeKey":"Learner_MenuCommunityUpdates","ordinalPosition":"1","parentId":632,"RelyingPartyId":2,"RPKey":"LM","tooltip":"Collaboration Centers are an obsolete feature, so keep this page hidden.","url":"app/management/Social_CommunityUpdates.aspx","activitiesCount":0,"IsEmulationEnabled":false},{"Id":1101,"childNodes":[],"description":"Continuous review landing page.","iconPath":null,"integrationMode":3,"IsHidden":false,"helpUrl":"/Content/Core Platform/Core Platform Guide/Using Continuous Feedback.htm","IsPortalPage":false,"level":3,"name":"Continuous Feedback","nodeKey":"self_continuousreview","ordinalPosition":"2","parentId":632,"RelyingPartyId":9,"RPKey":"ELIXHRUI","tooltip":"Continuous review landing page.","url":"#/continuousfeedback/dashboard","activitiesCount":0,"IsEmulationEnabled":false},{"Id":-2179,"childNodes":[],"description":"Social Communities","iconPath":null,"integrationMode":3,"IsHidden":false,"helpUrl":"/Content/Core Platform/Core Platform Guide/Using Social.htm","IsPortalPage":false,"level":3,"name":"Social Communities","nodeKey":"SOCIAL_COMMUNITIES","ordinalPosition":"4","parentId":632,"RelyingPartyId":9,"RPKey":"ELIXHRUI","tooltip":"Social Communities","url":"#/socialCommunities","activitiesCount":0,"IsEmulationEnabled":false}],"description":null,"iconPath":null,"integrationMode":3,"IsHidden":false,"helpUrl":null,"IsPortalPage":false,"level":2,"name":"Collaboration","nodeKey":"self_collaboration","ordinalPosition":"14","parentId":6,"RelyingPartyId":9,"RPKey":"ELIXHRUI","tooltip":null,"url":null,"activitiesCount":0,"IsEmulationEnabled":false},{"Id":638,"childNodes":[{"Id":352,"childNodes":[],"description":"Used to access Advanced Reporting.","iconPath":null,"integrationMode":3,"IsHidden":false,"helpUrl":null,"IsPortalPage":false,"level":3,"name":"Advanced Reporting","nodeKey":"Advanced_Reporting","ordinalPosition":"0","parentId":638,"RelyingPartyId":10,"RPKey":"AdvancedReport","tooltip":"Used to access Advanced Reporting.","url":"https://CL12SALES.sumtotaldevelopment.net/jasperserver-pro","activitiesCount":0,"IsEmulationEnabled":false},{"Id":695,"childNodes":[],"description":"This is Learn legacy link and should remain hidden. Use the Self >Reporting >Training Transcript instead.","iconPath":null,"integrationMode":3,"IsHidden":false,"helpUrl":null,"IsPortalPage":false,"level":3,"name":"Training Transcript","nodeKey":"Learner_MenuTrainingTranscript","ordinalPosition":"3","parentId":638,"RelyingPartyId":2,"RPKey":"LM","tooltip":"This is Learn legacy link and should remain hidden. Use the Self >Reporting >Training Transcript instead.","url":"app/management/LMS_LearnerReports.aspx?UserMode=0&Mode=1","activitiesCount":0,"IsEmulationEnabled":false}],"description":null,"iconPath":null,"integrationMode":3,"IsHidden":false,"helpUrl":null,"IsPortalPage":false,"level":2,"name":"Reporting","nodeKey":"self_reporting","ordinalPosition":"15","parentId":6,"RelyingPartyId":9,"RPKey":"ELIXHRUI","tooltip":null,"url":null,"activitiesCount":0,"IsEmulationEnabled":false},{"Id":894,"childNodes":[],"description":"Used to display team hierarchy.","iconPath":null,"integrationMode":3,"IsHidden":false,"helpUrl":"/Content/Core Platform/Core Platform Guide/View My Team.htm","IsPortalPage":false,"level":2,"name":"My Team","nodeKey":"self_myteam","ordinalPosition":"16","parentId":6,"RelyingPartyId":9,"RPKey":"ELIXHRUI","tooltip":"Used to display team hierarchy.","url":"#/organization","activitiesCount":0,"IsEmulationEnabled":false},{"Id":701,"childNodes":[],"description":"Used to view and record personal notes.","iconPath":null,"integrationMode":3,"IsHidden":false,"helpUrl":"/Content/Talent/Common Functions/Record Personal Notes.htm","IsPortalPage":false,"level":2,"name":"Notes","nodeKey":"main_notes","ordinalPosition":"17","parentId":6,"RelyingPartyId":5,"RPKey":"TM","tooltip":"Used to view and record personal notes.","url":"scripts/lightyearisapi.dll?processtask&sdataobjtyp=0&sdataevntid=0&sdatatypcd=22&sdataacttypcd=23&sdataprnttypcd=&sdataprntactid=&sdatarecipid=#{personpk}&sdatarsrcid=#{personpk}&bmulti=0&bhasparent=0&employeepicker=portalgroupid%3dmain%26portalitemid%3dnotes","activitiesCount":0,"IsEmulationEnabled":false},{"Id":-1119,"childNodes":[],"description":"See the top Gamification scores","iconPath":null,"integrationMode":3,"IsHidden":false,"helpUrl":"/Content/Core Platform/Core Platform Guide/View the Leaderboard.htm","IsPortalPage":false,"level":2,"name":"Leaderboards","nodeKey":"self_leaderboard","ordinalPosition":"18","parentId":6,"RelyingPartyId":14,"RPKey":"GAM","tooltip":"See the top Gamification scores","url":"#/gamification/leaderBoard","activitiesCount":0,"IsEmulationEnabled":false},{"Id":651,"childNodes":[],"description":"Used to change questions and answers used to recover a forgotten password.","iconPath":null,"integrationMode":3,"IsHidden":false,"helpUrl":"/Content/Core Platform/Core Platform Guide/Change Answers to Your Password.htm","IsPortalPage":false,"level":2,"name":"Change Security Questions","nodeKey":"self_questions","ordinalPosition":"21","parentId":6,"RelyingPartyId":9,"RPKey":"ELIXHRUI","tooltip":"Used to change questions and answers used to recover a forgotten password.","url":"#/usersecurityquestion","activitiesCount":0,"IsEmulationEnabled":false}],"description":null,"iconPath":"fa-user","integrationMode":3,"IsHidden":false,"helpUrl":"/Content/Core Platform/Core Platform Guide/My Profile.htm","IsPortalPage":false,"level":1,"name":"Self","nodeKey":"self_header","ordinalPosition":"0","parentId":null,"RelyingPartyId":9,"RPKey":"ELIXHRUI","tooltip":null,"url":"#/dash/profile","activitiesCount":0,"IsEmulationEnabled":false},{"Id":332,"childNodes":[],"description":"Used to access the Learn content library.","iconPath":"fa-library-custom","integrationMode":3,"IsHidden":false,"helpUrl":"/Content/Learn/User Guides/Role Based User Guides/Access the Library to Find.htm","IsPortalPage":false,"level":1,"name":"Library","nodeKey":"Learner_MenuTaxonomy","ordinalPosition":"2","parentId":null,"RelyingPartyId":9,"RPKey":"ELIXHRUI","tooltip":"Used to access the Learn content library.","url":"#/library","activitiesCount":0,"IsEmulationEnabled":false},{"Id":3,"childNodes":[],"description":"Displays the log in the Header menu, used to access the home dashboard.","iconPath":null,"integrationMode":3,"IsHidden":false,"helpUrl":"/Content/Core Platform/Core Platform Guide/Dashboards.htm","IsPortalPage":false,"level":1,"name":"Home","nodeKey":"home_header","ordinalPosition":"4","parentId":null,"RelyingPartyId":9,"RPKey":"ELIXHRUI","tooltip":"Displays the log in the Header menu, used to access the home dashboard.","url":"#","activitiesCount":0,"IsEmulationEnabled":false},{"Id":5,"childNodes":[],"description":"Used to access Enterprise Search.","iconPath":"fa fa-search","integrationMode":3,"IsHidden":false,"helpUrl":"/Content/Core Platform/Core Platform Guide/Using Enterprise Search.htm","IsPortalPage":false,"level":1,"name":"Search","nodeKey":"search_header","ordinalPosition":"5","parentId":null,"RelyingPartyId":9,"RPKey":"ELIXHRUI","tooltip":"Used to access Enterprise Search.","url":"#/search","activitiesCount":0,"IsEmulationEnabled":false},{"Id":2,"childNodes":[],"description":"Used to open the personal Alerts Timeline.","iconPath":"fa fa-list-ul","integrationMode":3,"IsHidden":false,"helpUrl":"/Content/Core Platform/Core Platform Guide/View Your Timeline and Alerts.htm","IsPortalPage":false,"level":1,"name":"Alert","nodeKey":"alert_header","ordinalPosition":"6","parentId":null,"RelyingPartyId":9,"RPKey":"ELIXHRUI","tooltip":"Used to open the personal Alerts Timeline.","url":null,"activitiesCount":0,"IsEmulationEnabled":false},{"Id":668,"childNodes":[],"description":"Used to access online help.","iconPath":"fa fa-question-circle","integrationMode":3,"IsHidden":false,"helpUrl":null,"IsPortalPage":false,"level":1,"name":"Help","nodeKey":"help_header","ordinalPosition":"7","parentId":null,"RelyingPartyId":9,"RPKey":"ELIXHRUI","tooltip":"Used to access online help.","url":null,"activitiesCount":0,"IsEmulationEnabled":false},{"Id":880,"childNodes":[],"description":null,"iconPath":"fa fa-shoppingcart","integrationMode":3,"IsHidden":false,"helpUrl":"/Content/Learn/User Guides/E-Com and EE Guide/Shop for Extended Enterprise.htm","IsPortalPage":false,"level":1,"name":"Shopping Cart","nodeKey":"cart_header","ordinalPosition":"8","parentId":null,"RelyingPartyId":2,"RPKey":"LM","tooltip":null,"url":"app/core/shoppingcart/checkout","activitiesCount":0,"IsEmulationEnabled":false}],"PillarsByKey":{"Expense":{"changePasswordUrl":"http://cl12sales.sumtotaldevelopment.net/portalWS/services/passwordManagementService","forgotPasswordUrl":"http://cl12sales.sumtotaldevelopment.net/expense/session.do?method=forgotPassword","hasMyTasks":false,"hasPortalHomescreen":true,"hasSitemap":true,"homescreenPath":"Expense.aspx","id":1,"isEnabled":false,"isMaster":false,"isPillar":true,"loginEndpoint":"","logOffEndpoint":"","logOffUrl":"http://cl12sales.sumtotaldevelopment.net/LogOff.aspx","name":"Expense","realm":"SUMT:CL12_SALES_TEST_Expense","rpKey":"Expense","serviceUrl":null,"sitemapOrdinalPosition":6,"tenantKey":null,"url":"http://cl12sales.sumtotaldevelopment.net/","webServiceRootUrl":null,"requiresSeperateIFrame":false,"iframeUrl":null},"LM":{"changePasswordUrl":"https://CL12SALES.sumtotaldevelopment.net/learning/UserManagement.svc","forgotPasswordUrl":"https://CL12SALES.sumtotaldevelopment.net/learning/app/LMS_ForgottenPWD.aspx","hasMyTasks":false,"hasPortalHomescreen":true,"hasSitemap":true,"homescreenPath":"LM.aspx","id":2,"isEnabled":true,"isMaster":false,"isPillar":true,"loginEndpoint":"","logOffEndpoint":"","logOffUrl":"https://CL12SALES.sumtotaldevelopment.net/learning/app/SYS_login.aspx?Exit=1","name":"Learning","realm":"https://CL12SALES.sumtotaldevelopment.net/learning/","rpKey":"LM","serviceUrl":null,"sitemapOrdinalPosition":0,"tenantKey":null,"url":"https://CL12SALES.sumtotaldevelopment.net/learning/","webServiceRootUrl":null,"requiresSeperateIFrame":false,"iframeUrl":null},"MaestroLM":{"changePasswordUrl":"http://cl12sales.sumtotaldevelopment.net/ApplicationPillar/NotYetSupported","forgotPasswordUrl":"http://cl12sales.sumtotaldevelopment.net/ApplicationPillar/forgetpass.geo","hasMyTasks":false,"hasPortalHomescreen":false,"hasSitemap":true,"homescreenPath":"myhome.geo","id":3,"isEnabled":false,"isMaster":false,"isPillar":true,"loginEndpoint":"","logOffEndpoint":"","logOffUrl":"http://cl12sales.sumtotaldevelopment.net/ApplicationPillar/logout.geo","name":"Maestro","realm":"SUMT:CL12_SALES_TEST_MaestroLM","rpKey":"MaestroLM","serviceUrl":null,"sitemapOrdinalPosition":3,"tenantKey":null,"url":"http://cl12sales.sumtotaldevelopment.net/ApplicationPillar/","webServiceRootUrl":null,"requiresSeperateIFrame":false,"iframeUrl":null},"PayrollSS":{"changePasswordUrl":"http://cl12sales.sumtotaldevelopment.net/payroll/NotYetSupported","forgotPasswordUrl":"http://cl12sales.sumtotaldevelopment.net/payroll/SelfService?node=Login&direction=Reset","hasMyTasks":false,"hasPortalHomescreen":true,"hasSitemap":true,"homescreenPath":"PayrollSS.aspx","id":4,"isEnabled":false,"isMaster":false,"isPillar":true,"loginEndpoint":"","logOffEndpoint":"","logOffUrl":"http://cl12sales.sumtotaldevelopment.net/payroll/SelfService?node=logout","name":"Payroll Self Service","realm":"SUMT:CL12_SALES_TEST_PayrollSS","rpKey":"PayrollSS","serviceUrl":null,"sitemapOrdinalPosition":4,"tenantKey":null,"url":"http://cl12sales.sumtotaldevelopment.net/payroll/","webServiceRootUrl":null,"requiresSeperateIFrame":false,"iframeUrl":null},"TM":{"changePasswordUrl":"https://CL12SALES.sumtotaldevelopment.net/scripts/lightyearisapi.dll?soapprocess2","forgotPasswordUrl":"https://CL12SALES.sumtotaldevelopment.net/scripts/lightyearisapi.dll?webapicommand=outputresource&amp;resource=login/forgottenpassword.htm&amp;clientcd=47&amp;lngcd=0&amp;siteid=internal","hasMyTasks":false,"hasPortalHomescreen":true,"hasSitemap":true,"homescreenPath":"TM.aspx","id":5,"isEnabled":true,"isMaster":false,"isPillar":true,"loginEndpoint":"","logOffEndpoint":"","logOffUrl":"https://CL12SALES.sumtotaldevelopment.net/scripts/lightyearisapi.dll?logoff","name":"Talent","realm":"https://CL12SALES.sumtotaldevelopment.net/","rpKey":"TM","serviceUrl":null,"sitemapOrdinalPosition":1,"tenantKey":null,"url":"https://CL12SALES.sumtotaldevelopment.net/","webServiceRootUrl":null,"requiresSeperateIFrame":true,"iframeUrl":"https://CL12SALES.sumtotaldevelopment.net//scripts/lightyearisapi.dll?buildworkspaceframeset&portal=1&tenantkey=CL12_SALES_TEST"},"WFM":{"changePasswordUrl":"https://wfmint181.sumtotaldemo.net/ws/soap/","forgotPasswordUrl":"https://wfmint181.sumtotaldemo.net/wfm/forgotpassword","hasMyTasks":false,"hasPortalHomescreen":true,"hasSitemap":true,"homescreenPath":"WFM.aspx","id":6,"isEnabled":false,"isMaster":false,"isPillar":true,"loginEndpoint":"","logOffEndpoint":"","logOffUrl":"https://wfmint181.sumtotaldemo.net/wfm/logout/?otherapps","name":"WFM","realm":"https://wfm.sumtotalsystems.com/MASTER_PROD","rpKey":"WFM","serviceUrl":null,"sitemapOrdinalPosition":2,"tenantKey":null,"url":"https://wfmint181.sumtotaldemo.net/","webServiceRootUrl":null,"requiresSeperateIFrame":false,"iframeUrl":null},"Analytics":{"changePasswordUrl":"https://supp-bi-master.sumtotaldemo.net/ibmcognos/NotYetSupported","forgotPasswordUrl":"https://supp-bi-master.sumtotaldemo.net/ibmcognos/NotYetSupported","hasMyTasks":false,"hasPortalHomescreen":false,"hasSitemap":false,"homescreenPath":null,"id":7,"isEnabled":true,"isMaster":false,"isPillar":false,"loginEndpoint":"","logOffEndpoint":"","logOffUrl":"https://supp-bi-master.sumtotaldemo.net/ibmcognos/cgi-bin/cognosisapi.dll?b_action=xts.run&m=portal/logoff.xts&h_CAM_action=logoff","name":"Analytics","realm":"https://supp-bi-master.sumtotaldemo.net/ibmcognos/","rpKey":"Analytics","serviceUrl":null,"sitemapOrdinalPosition":-1,"tenantKey":null,"url":"https://supp-bi-master.sumtotaldemo.net/ibmcognos/cgi-bin/cognosisapi.dll","webServiceRootUrl":null,"requiresSeperateIFrame":false,"iframeUrl":null},"PayrollFF":{"changePasswordUrl":"http://cl12sales.sumtotaldevelopment.net/ApplicationPillar/NotYetSupported","forgotPasswordUrl":"http://cl12sales.sumtotaldevelopment.net/ApplicationPillar/NotYetSupported","hasMyTasks":false,"hasPortalHomescreen":false,"hasSitemap":false,"homescreenPath":null,"id":8,"isEnabled":false,"isMaster":false,"isPillar":false,"loginEndpoint":"","logOffEndpoint":"","logOffUrl":"http://cl12sales.sumtotaldevelopment.net:8080/LogOff.aspx","name":"Payroll Fast Forward","realm":"SUMT:CL12_SALES_TEST_PayrollFF","rpKey":"PayrollFF","serviceUrl":null,"sitemapOrdinalPosition":5,"tenantKey":null,"url":"http://cl12sales.sumtotaldevelopment.net:8080/","webServiceRootUrl":null,"requiresSeperateIFrame":false,"iframeUrl":null},"ELIXHRUI":{"changePasswordUrl":"https://CL12SALES.sumtotaldevelopment.net/core/NotYetSupported","forgotPasswordUrl":"https://CL12SALES.sumtotaldevelopment.net/core/NotYetSupported","hasMyTasks":false,"hasPortalHomescreen":false,"hasSitemap":false,"homescreenPath":null,"id":9,"isEnabled":true,"isMaster":true,"isPillar":false,"loginEndpoint":"","logOffEndpoint":"","logOffUrl":"https://CL12SALES.sumtotaldevelopment.net/core/publicaccess/logoff","name":"elixHR UI","realm":"https://CL12SALES.sumtotaldevelopment.net/core/","rpKey":"ELIXHRUI","serviceUrl":null,"sitemapOrdinalPosition":0,"tenantKey":null,"url":"https://CL12SALES.sumtotaldevelopment.net/core/","webServiceRootUrl":null,"requiresSeperateIFrame":false,"iframeUrl":null},"AdvancedReport":{"changePasswordUrl":"https://CL12SALES.sumtotaldevelopment.net/jasperserver-pro","forgotPasswordUrl":"https://CL12SALES.sumtotaldevelopment.net/jasperserver-pro","hasMyTasks":false,"hasPortalHomescreen":false,"hasSitemap":false,"homescreenPath":null,"id":10,"isEnabled":true,"isMaster":false,"isPillar":false,"loginEndpoint":"","logOffEndpoint":"","logOffUrl":"https://CL12SALES.sumtotaldevelopment.net/jasperserver-pro/exituser.html","name":"Advanced Reporting","realm":"https://CL12SALES.sumtotaldevelopment.net/jasperserver-pro","rpKey":"AdvancedReport","serviceUrl":null,"sitemapOrdinalPosition":0,"tenantKey":null,"url":"https://CL12SALES.sumtotaldevelopment.net/jasperserver-pro","webServiceRootUrl":null,"requiresSeperateIFrame":false,"iframeUrl":null},"JobBoard":{"changePasswordUrl":"https://CL12SALES.sumtotaldevelopment.net/Careers/reset","forgotPasswordUrl":"https://CL12SALES.sumtotaldevelopment.net/Careers/NotYetSupported","hasMyTasks":false,"hasPortalHomescreen":false,"hasSitemap":false,"homescreenPath":null,"id":11,"isEnabled":true,"isMaster":false,"isPillar":false,"loginEndpoint":"","logOffEndpoint":"","logOffUrl":"https://CL12SALES.sumtotaldevelopment.net/Careers/signout","name":"External Job Board","realm":"https://CL12SALES.sumtotaldevelopment.net/Careers/","rpKey":"JobBoard","serviceUrl":null,"sitemapOrdinalPosition":0,"tenantKey":null,"url":"https://CL12SALES.sumtotaldevelopment.net/Careers/","webServiceRootUrl":null,"requiresSeperateIFrame":false,"iframeUrl":null},"JobBoardPWA":{"changePasswordUrl":"https://CL12SALES.sumtotaldevelopment.net/PWA/reset","forgotPasswordUrl":"https://CL12SALES.sumtotaldevelopment.net/PWA/NotYetSupported","hasMyTasks":false,"hasPortalHomescreen":false,"hasSitemap":false,"homescreenPath":null,"id":12,"isEnabled":true,"isMaster":false,"isPillar":false,"loginEndpoint":"","logOffEndpoint":"","logOffUrl":"https://CL12SALES.sumtotaldevelopment.net/PWA/signout","name":"External Job Board PWA","realm":"https://CL12SALES.sumtotaldevelopment.net/PWA/","rpKey":"JobBoardPWA","serviceUrl":null,"sitemapOrdinalPosition":0,"tenantKey":null,"url":"https://CL12SALES.sumtotaldevelopment.net/PWA/","webServiceRootUrl":null,"requiresSeperateIFrame":false,"iframeUrl":null},"ContentEngine":{"changePasswordUrl":"https://CL12SALES.sumtotaldevelopment.net/core/NotYetSupported","forgotPasswordUrl":"https://CL12SALES.sumtotaldevelopment.net/core/NotYetSupported","hasMyTasks":false,"hasPortalHomescreen":false,"hasSitemap":false,"homescreenPath":null,"id":13,"isEnabled":true,"isMaster":false,"isPillar":true,"loginEndpoint":"","logOffEndpoint":"","logOffUrl":"https://CL12SALES.sumtotaldevelopment.net/contentengine/NotApplicable","name":"Content Engine","realm":"https://CL12SALES.sumtotaldevelopment.net/contentengine/","rpKey":"ContentEngine","serviceUrl":null,"sitemapOrdinalPosition":0,"tenantKey":null,"url":"https://CL12SALES.sumtotaldevelopment.net/contentengine/","webServiceRootUrl":null,"requiresSeperateIFrame":false,"iframeUrl":null},"GAM":{"changePasswordUrl":"http://CL-UGM12A:3000/api/gamification/NotYetSupported","forgotPasswordUrl":"http://CL-UGM12A:3000/api/gamification/NotYetSupported","hasMyTasks":false,"hasPortalHomescreen":false,"hasSitemap":false,"homescreenPath":null,"id":14,"isEnabled":true,"isMaster":false,"isPillar":false,"loginEndpoint":"","logOffEndpoint":"","logOffUrl":"http://CL-UGM12A:3000/api/gamification/NotYetSupported","name":"Gamification Service","realm":"http://CL-UGM12A:3000/api/gamification","rpKey":"GAM","serviceUrl":null,"sitemapOrdinalPosition":0,"tenantKey":null,"url":"http://CL-UGM12A:3000/api/gamification","webServiceRootUrl":null,"requiresSeperateIFrame":false,"iframeUrl":null},"BrowserExtension":{"changePasswordUrl":"https://CL12SALES.sumtotaldevelopment.net/core/NotYetSupported","forgotPasswordUrl":"https://CL12SALES.sumtotaldevelopment.net/core/NotYetSupported","hasMyTasks":false,"hasPortalHomescreen":false,"hasSitemap":false,"homescreenPath":null,"id":15,"isEnabled":true,"isMaster":false,"isPillar":true,"loginEndpoint":"","logOffEndpoint":"","logOffUrl":"https://CL12SALES.sumtotaldevelopment.net/browserextension/NotApplicable","name":"Browser Extension","realm":"https://CL12SALES.sumtotaldevelopment.net/browserextension/","rpKey":"BrowserExtension","serviceUrl":null,"sitemapOrdinalPosition":0,"tenantKey":null,"url":"https://CL12SALES.sumtotaldevelopment.net/browserextension/","webServiceRootUrl":null,"requiresSeperateIFrame":false,"iframeUrl":null}}},"dashboardSitemap":{"Hash":"-1513462796","IsChanged":true,"KeyedHomePages":{},"Nodes":[{"Id":-1117,"childNodes":[{"Id":-23,"childNodes":[{"Id":-238,"childNodes":[],"description":"Position Status","iconPath":null,"integrationMode":1,"IsHidden":false,"helpUrl":null,"IsPortalPage":false,"level":3,"name":"Position Status","nodeKey":"dashboard_238_Position_Status","ordinalPosition":null,"parentId":23,"RelyingPartyId":9,"RPKey":"ELIXHRUI","tooltip":null,"url":"#/dash/BSDTest/Position_Status","activitiesCount":0,"IsEmulationEnabled":false},{"Id":-240,"childNodes":[],"description":"Compliance Information by Organization and Critical Certifications","iconPath":null,"integrationMode":1,"IsHidden":false,"helpUrl":null,"IsPortalPage":false,"level":3,"name":"Compliance","nodeKey":"dashboard_240_Compliance","ordinalPosition":null,"parentId":23,"RelyingPartyId":9,"RPKey":"ELIXHRUI","tooltip":null,"url":"#/dash/BSDTest/Compliance_Metrics","activitiesCount":0,"IsEmulationEnabled":false}],"description":"Safe to delete","iconPath":null,"integrationMode":1,"IsHidden":false,"helpUrl":null,"IsPortalPage":false,"level":2,"name":"Embedded Reporting","nodeKey":"dashboard_23_Embedded_Reporting","ordinalPosition":null,"parentId":-1117,"RelyingPartyId":9,"RPKey":"ELIXHRUI","tooltip":null,"url":"","activitiesCount":0,"IsEmulationEnabled":false},{"Id":-233,"childNodes":[],"description":"What's New","iconPath":null,"integrationMode":1,"IsHidden":false,"helpUrl":null,"IsPortalPage":false,"level":2,"name":"What's New","nodeKey":"dashboard_233_What's_New","ordinalPosition":null,"parentId":26,"RelyingPartyId":9,"RPKey":"ELIXHRUI","tooltip":null,"url":"#/dash/wn-pe/initial","activitiesCount":0,"IsEmulationEnabled":false},{"Id":-234,"childNodes":[],"description":"Recommended Training","iconPath":null,"integrationMode":1,"IsHidden":false,"helpUrl":null,"IsPortalPage":false,"level":2,"name":"Recommendations","nodeKey":"dashboard_234_Recommended_Training","ordinalPosition":null,"parentId":27,"RelyingPartyId":9,"RPKey":"ELIXHRUI","tooltip":null,"url":"#/dash/rl/initial","activitiesCount":0,"IsEmulationEnabled":false},{"Id":-236,"childNodes":[],"description":"Aggregation","iconPath":null,"integrationMode":1,"IsHidden":false,"helpUrl":null,"IsPortalPage":false,"level":2,"name":"Aggregation","nodeKey":"dashboard_236_Aggregation","ordinalPosition":null,"parentId":29,"RelyingPartyId":9,"RPKey":"ELIXHRUI","tooltip":null,"url":"#/dash/aggregation/initial","activitiesCount":0,"IsEmulationEnabled":false},{"Id":-237,"childNodes":[],"description":"Branding","iconPath":null,"integrationMode":1,"IsHidden":false,"helpUrl":null,"IsPortalPage":false,"level":2,"name":"Branding","nodeKey":"dashboard_237_Branding","ordinalPosition":null,"parentId":30,"RelyingPartyId":9,"RPKey":"ELIXHRUI","tooltip":null,"url":"#/dash/Branding/initial","activitiesCount":0,"IsEmulationEnabled":false},{"Id":-239,"childNodes":[],"description":"Time","iconPath":null,"integrationMode":1,"IsHidden":false,"helpUrl":null,"IsPortalPage":false,"level":2,"name":"Time","nodeKey":"dashboard_239_Time","ordinalPosition":null,"parentId":31,"RelyingPartyId":9,"RPKey":"ELIXHRUI","tooltip":null,"url":"#/dash/Time/initial","activitiesCount":0,"IsEmulationEnabled":false},{"Id":-241,"childNodes":[],"description":"Experience First","iconPath":null,"integrationMode":1,"IsHidden":false,"helpUrl":null,"IsPortalPage":false,"level":2,"name":"Experience First","nodeKey":"dashboard_241_Experience_First","ordinalPosition":null,"parentId":32,"RelyingPartyId":9,"RPKey":"ELIXHRUI","tooltip":null,"url":"#/dash/engage/initial","activitiesCount":0,"IsEmulationEnabled":false},{"Id":-244,"childNodes":[],"description":"timeline","iconPath":null,"integrationMode":1,"IsHidden":false,"helpUrl":null,"IsPortalPage":false,"level":2,"name":"timeline","nodeKey":"dashboard_244_timeline","ordinalPosition":null,"parentId":35,"RelyingPartyId":9,"RPKey":"ELIXHRUI","tooltip":null,"url":"#/dash/timeline/initial","activitiesCount":0,"IsEmulationEnabled":false},{"Id":-246,"childNodes":[],"description":"AboutMeDB_12am","iconPath":null,"integrationMode":1,"IsHidden":false,"helpUrl":null,"IsPortalPage":false,"level":2,"name":"AboutMeDB_12am","nodeKey":"dashboard_246_AboutMeDB_12am","ordinalPosition":null,"parentId":37,"RelyingPartyId":9,"RPKey":"ELIXHRUI","tooltip":null,"url":"#/dash/AboutMeDB_12am/initial","activitiesCount":0,"IsEmulationEnabled":false},{"Id":-247,"childNodes":[],"description":"DashBoard_Elix9427_12am","iconPath":null,"integrationMode":1,"IsHidden":false,"helpUrl":null,"IsPortalPage":false,"level":2,"name":"DashBoard_Elix9427_12am","nodeKey":"dashboard_247_DashBoard_Elix9427_12am","ordinalPosition":null,"parentId":38,"RelyingPartyId":9,"RPKey":"ELIXHRUI","tooltip":null,"url":"#/dash/DashBoard_Elix9427_12am/initial","activitiesCount":0,"IsEmulationEnabled":false}],"description":"Displays list of dashboards to which the user has access.","iconPath":null,"integrationMode":3,"IsHidden":false,"helpUrl":"/Content/Core Platform/Core Platform Guide/Configuring Dashboards.htm","IsPortalPage":false,"level":0,"name":"Dashboards","nodeKey":"manage_dashboard_listmenu","ordinalPosition":"0","parentId":6,"RelyingPartyId":9,"RPKey":"ELIXHRUI","tooltip":"Displays list of dashboards to which the user has access.","url":null,"activitiesCount":0,"IsEmulationEnabled":false}],"PillarsByKey":null},"identity":{"EmulatorUserId":null,"EmulatorUserName":null,"IsEmulating":false,"IsRequestLogEnabled":false,"LogLevel":8,"ProperName":"Contributer Contributer","UserId":"FA69158F3C3C1CF1236653C0995DCDED","Id":100890,"UserName":"Contributer"},"culture":{"displayName":"English (United States)","englishName":"English (United States)","lcid":1033,"name":"en-US","nativeName":"English (United States)","isRTL":false,"DateFormat":"MM/dd/yyyy","TimeFormat":"hh:mm a"},"theme":{"hash":-1147512898,"currentTheme":{"CanDelete":false,"CanPersonalize":false,"ClientJSON":{"colors":["#33738a","#e1e6e3","#794544","#7396a2","#c3c356","#aca88b","#34b454"],"axisColor":"#5b5b5b","gridColor":"#5b5b5b","textColor":"#5b5b5b","borderColor":"#ffffff","backgroundColor":"#ffffff","labelColor":"#5b5b5b","@IsThemed":"0","@fonts-path":"'Content/Common/assets/fonts/'","@fontawesome-version":"'4.3.0'","@opensans-version":"'v10'","@font-size-size12":"(@font-size-base * 0.75)","@font-size-size14":"(@font-size-base * 0.875)","@font-size-size18":"(@font-size-base * 1.125)","@sumt-webpart-bg":"transparent","@sumt-webpart-text":"@text-color","@sumt-webpart-header-bg":"transparent","@sumt-webpart-header-text":"inherit","@sumt-card-bg":"#f5f5f5","@sumt-card-height-base":"120px","@sumt-card-list-border":"#ccc","@sumt-card-list-header-border":"#999","@left-nav-width":"320px","@left-nav-header-height":"100px","@left-nav-parent-color":"#8fc9f2","@left-nav-body-background":"#0d446c","@left-nav-header-hover":"#2b9ded","@left-nav-header-background":"#0d446c","@left-nav-childnode-background":"#0c3b5e","@left-nav-node-hover":"#2b9ded","@left-nav-text-color":"#ffffff","@toolbar-background-hover":"#CCD0D6","@toolbar-border-color":"#ADADAD","@toolbar-vertical-margin":".3125rem","@toolbar-bg":"#fafbfb","@toolbar-line-height":"1.5625rem","@toolbar-text-color":"#333","@toolbar-button-vertical-margin":".5rem","@toolbar-hover":"#ccd0d6","@btn-disabled-color":"#999","@sumt-btn-default-color":"#247b97","@slideout-close-btn-bg":"#f27c2a","@slideout-close-color":"#fff","@slideout-width":"22.1875rem","@slideout-leftside-width":"20.3125rem","@slideout-leftside-bg":"#eeeeee","@slideout-item-bordercolor":"#999","@h1-margin":"@line-height-computed 0 @line-height-computed 0","@h2-margin":"@line-height-computed 0 0.625rem 0","@h3-margin":"@line-height-computed 0 0.625rem 0","@h4-margin":"(@line-height-computed / 2) 0 (@line-height-computed / 2) 0","@h5-margin":"(@line-height-computed / 2) 0 (@line-height-computed / 2) 0","@h6-margin":"(@line-height-computed / 2) 0 (@line-height-computed / 2) 0","@timeline-one-rem":"1rem","@timeline-two-rem":"2rem","@timeline-three-rem":"3rem","@one-rem":"1rem","@one-and-half-rem":"1.5rem","@page-dot-size":".6875rem","@header-margins":".2rem","@notification-tile-bg":"#00aed3","@notificaiton-tile-white":"#fff","@loader-color-light":"lighten(@gray-base, 90%)","@loader-color-dark":"lighten(@gray-base, 65%)","@box-shadow-color":"#e5e5e5","@page-container-margin":"2rem","@table-header-border-color":"#adadad","@nav-pills-active-link-hover-border":"#227AB9","@margin-base":"1rem","@tree-title-box":"#428bca","@tree-title-border":"#e5e5e5","@tree-border-color":"#999","@tree-title-color":"#ffffff","@tree-text-color":"@brand-primary","@tree-complete-check":"#1fbba6","@tree-level-one":"#ffffff","@tree-level-two":"#f2f2f2","@tree-level-three":"#e1e1e1","@gray-base":"#33352f","@gray-darker":"lighten(@gray-base, 13.5%)","@gray-dark":"lighten(@gray-base, 20%)","@gray":"lighten(@gray-base, 33.5%)","@gray-light":"lighten(@gray-base, 46.7%)","@gray-lighter":"lighten(@gray-base, 93.5%)","@brand-primary":"darken(#428bca, 6.5%)","@brand-success":"#bbd25e","@brand-info":"#31a3d3","@brand-warning":"#e9bf2f","@brand-danger":"#bf0132","@body-bg":"#fff","@text-color":"@gray-dark","@link-color":"@brand-primary","@link-hover-color":"darken(@link-color, 15%)","@link-hover-decoration":"underline","@font-family-sans-serif":"Open Sans, Tahoma, Geneva, sans-serif","@font-family-serif":"Georgia, \"Times New Roman\", Times, serif","@font-family-monospace":"Menlo, Monaco, Consolas, \"Courier New\", monospace","@font-family-base":"@font-family-sans-serif","@font-size-base":"1rem","@font-size-large":"(@font-size-base * 1.375)","@font-size-small":"(@font-size-base * 0.875)","@font-size-h1":"(@font-size-base * 1.375)","@font-size-h2":"(@font-size-base * 1.125)","@font-size-h3":"(@font-size-base * 1)","@font-size-h4":"(@font-size-base * 0.875)","@font-size-h5":"(@font-size-base * 0.75)","@font-size-h6":"(@font-size-base * 0.6875)","@line-height-base":"1rem","@line-height-computed":"(@font-size-base * @line-height-base)","@headings-font-family":"inherit","@headings-font-weight":"700","@headings-line-height":"1.1rem","@headings-color":"inherit","@icon-font-path":"\"assets/fonts/\"","@icon-font-name":"\"glyphicons-halflings-regular\"","@icon-font-svg-id":"\"glyphicons_halflingsregular\"","@padding-base-vertical":".375rem","@padding-base-horizontal":".75rem","@padding-large-vertical":".625rem","@padding-large-horizontal":"1rem","@padding-small-vertical":".3125rem","@padding-small-horizontal":".625rem","@padding-xs-vertical":".0625rem","@padding-xs-horizontal":".3125rem","@line-height-large":"1.33rem","@line-height-small":".5rem","@border-radius-base":"4px","@border-radius-large":"6px","@border-radius-small":"3px","@component-active-color":"#fff","@component-active-bg":"@brand-primary","@caret-width-base":"4px","@caret-width-large":"5px","@table-cell-padding":".9375rem","@table-condensed-cell-padding":".5rem","@table-bg":"transparent","@table-bg-accent":"#fafbfb","@table-bg-hover":"#f4fbff","@table-bg-active":"@table-bg-hover","@table-border-color":"#dfe4e8","@btn-font-weight":"700","@btn-default-color":"#333","@btn-default-bg":"#fff","@btn-default-border":"#ccc","@btn-primary-color":"#fff","@btn-primary-bg":"#247b97","@btn-primary-border":"transparent","@btn-success-color":"#fff","@btn-success-bg":"@brand-success","@btn-success-border":"darken(@btn-success-bg, 5%)","@btn-info-color":"#fff","@btn-info-bg":"@brand-info","@btn-info-border":"darken(@btn-info-bg, 5%)","@btn-warning-color":"#fff","@btn-warning-bg":"@brand-warning","@btn-warning-border":"darken(@btn-warning-bg, 5%)","@btn-danger-color":"#fff","@btn-danger-bg":"@brand-danger","@btn-danger-border":"darken(@btn-danger-bg, 5%)","@btn-link-disabled-color":"@gray-light","@btn-border-radius-base":"@border-radius-base","@btn-border-radius-large":"@border-radius-large","@btn-border-radius-small":"@border-radius-small","@input-bg":"#fff","@input-bg-disabled":"@gray-lighter","@input-color":"@gray","@input-border":"#ccc","@input-border-radius":"@border-radius-base","@input-border-radius-large":"@border-radius-large","@input-border-radius-small":"@border-radius-small","@input-border-focus":"#66afe9","@input-color-placeholder":"#999","@input-height-base":"2.1875rem","@input-height-large":"(ceil(@font-size-large * @line-height-large) + (@padding-large-vertical * 2) + 2)","@input-height-small":"(floor(@font-size-small * @line-height-small) + (@padding-small-vertical * 2) + 2)","@form-group-margin-bottom":"1rem","@legend-color":"@gray-dark","@legend-border-color":"#e5e5e5","@input-group-addon-bg":"@gray-lighter","@input-group-addon-border-color":"@input-border","@cursor-disabled":"not-allowed","@dropdown-bg":"#fff","@dropdown-border":"rgba(0,0,0,.15)","@dropdown-fallback-border":"#ccc","@dropdown-divider-bg":"#e5e5e5","@dropdown-link-color":"@gray-dark","@dropdown-link-hover-color":"darken(@gray-dark, 5%)","@dropdown-link-hover-bg":"#f5f5f5","@dropdown-link-active-color":"@component-active-color","@dropdown-link-active-bg":"@component-active-bg","@dropdown-link-disabled-color":"@gray-light","@dropdown-header-color":"@gray-light","@dropdown-caret-color":"#000","@screen-xs":"480px","@screen-xs-min":"@screen-xs","@screen-phone":"@screen-xs-min","@screen-sm":"768px","@screen-sm-min":"@screen-sm","@screen-tablet":"@screen-sm-min","@screen-md":"992px","@screen-md-min":"@screen-md","@screen-desktop":"@screen-md-min","@screen-lg":"1200px","@screen-lg-min":"@screen-lg","@screen-lg-desktop":"@screen-lg-min","@screen-xs-max":"(@screen-sm-min - 1)","@screen-sm-max":"(@screen-md-min - 1)","@screen-md-max":"(@screen-lg-min - 1)","@grid-columns":"12","@grid-gutter-width":"30px","@grid-float-breakpoint":"@screen-sm-min","@grid-float-breakpoint-max":"(@grid-float-breakpoint - 1)","@container-tablet":"(720px + @grid-gutter-width)","@container-sm":"@container-tablet","@container-desktop":"(940px + @grid-gutter-width)","@container-md":"@container-desktop","@container-large-desktop":"(1140px + @grid-gutter-width)","@container-lg":"@container-large-desktop","@navbar-height":"3.125rem","@navbar-margin-bottom":"@line-height-computed","@navbar-border-radius":"@border-radius-base","@navbar-padding-horizontal":"floor((@grid-gutter-width / 2))","@navbar-padding-vertical":"((@navbar-height - @line-height-computed) / 2)","@navbar-collapse-max-height":"340px","@navbar-default-color":"#777","@navbar-default-bg":"#f8f8f8","@navbar-default-border":"darken(@navbar-default-bg, 6.5%)","@navbar-default-link-color":"#777","@navbar-default-link-hover-color":"#333","@navbar-default-link-hover-bg":"transparent","@navbar-default-link-active-color":"#555","@navbar-default-link-active-bg":"darken(@navbar-default-bg, 6.5%)","@navbar-default-link-disabled-color":"#ccc","@navbar-default-link-disabled-bg":"transparent","@navbar-default-brand-color":"@navbar-default-link-color","@navbar-default-brand-hover-color":"darken(@navbar-default-brand-color, 10%)","@navbar-default-brand-hover-bg":"transparent","@navbar-default-toggle-hover-bg":"#ddd","@navbar-default-toggle-icon-bar-bg":"#888","@navbar-default-toggle-border-color":"#ddd","@navbar-inverse-color":"lighten(@gray-light, 15%)","@navbar-inverse-bg":"#222","@navbar-inverse-border":"darken(@navbar-inverse-bg, 10%)","@navbar-inverse-link-color":"lighten(@gray-light, 15%)","@navbar-inverse-link-hover-color":"#fff","@navbar-inverse-link-hover-bg":"transparent","@navbar-inverse-link-active-color":"@navbar-inverse-link-hover-color","@navbar-inverse-link-active-bg":"darken(@navbar-inverse-bg, 10%)","@navbar-inverse-link-disabled-color":"#444","@navbar-inverse-link-disabled-bg":"transparent","@navbar-inverse-brand-color":"@navbar-inverse-link-color","@navbar-inverse-brand-hover-color":"#fff","@navbar-inverse-brand-hover-bg":"transparent","@navbar-inverse-toggle-hover-bg":"#333","@navbar-inverse-toggle-icon-bar-bg":"#fff","@navbar-inverse-toggle-border-color":"#333","@nav-link-padding":"10px 15px","@nav-link-hover-bg":"@gray-lighter","@nav-disabled-link-color":"@gray-light","@nav-disabled-link-hover-color":"@gray-light","@nav-tabs-border-color":"#ddd","@nav-tabs-link-hover-border-color":"@gray-lighter","@nav-tabs-active-link-hover-bg":"@body-bg","@nav-tabs-active-link-hover-color":"@gray","@nav-tabs-active-link-hover-border-color":"#ddd","@nav-tabs-justified-link-border-color":"#ddd","@nav-tabs-justified-active-link-border-color":"@body-bg","@nav-pills-border-radius":"0px","@nav-pills-active-link-hover-bg":"#fff","@nav-pills-active-link-hover-color":"#333","@pagination-color":"@link-color","@pagination-bg":"#fff","@pagination-border":"#ddd","@pagination-hover-color":"@link-hover-color","@pagination-hover-bg":"@gray-lighter","@pagination-hover-border":"#ddd","@pagination-active-color":"#fff","@pagination-active-bg":"@brand-primary","@pagination-active-border":"@brand-primary","@pagination-disabled-color":"@gray-light","@pagination-disabled-bg":"#fff","@pagination-disabled-border":"#ddd","@pager-bg":"@pagination-bg","@pager-border":"@pagination-border","@pager-border-radius":"15px","@pager-hover-bg":"@pagination-hover-bg","@pager-active-bg":"@pagination-active-bg","@pager-active-color":"@pagination-active-color","@pager-disabled-color":"@pagination-disabled-color","@jumbotron-padding":"30px","@jumbotron-color":"inherit","@jumbotron-bg":"@gray-lighter","@jumbotron-heading-color":"inherit","@jumbotron-font-size":"ceil((@font-size-base * 1.5))","@jumbotron-heading-font-size":"ceil((@font-size-base * 4.5))","@state-success-text":"#3c763d","@state-success-bg":"@brand-success","@state-success-border":"@state-success-bg","@state-info-text":"#31708f","@state-info-bg":"@brand-info","@state-info-border":"@state-info-bg","@state-warning-text":"#8a6d3b","@state-warning-bg":"@brand-warning","@state-warning-border":"@state-warning-bg","@state-danger-text":"#a94442","@state-danger-bg":"@brand-danger","@state-danger-border":"@state-danger-bg","@tooltip-max-width":"200px","@tooltip-color":"#fff","@tooltip-bg":"#000","@tooltip-opacity":".9","@tooltip-arrow-width":"5px","@tooltip-arrow-color":"@tooltip-bg","@popover-bg":"#fff","@popover-max-width":"276px","@popover-border-color":"rgba(0,0,0,.2)","@popover-fallback-border-color":"#ccc","@popover-title-bg":"darken(@popover-bg, 3%)","@popover-arrow-width":"10px","@popover-arrow-color":"@popover-bg","@popover-arrow-outer-width":"(@popover-arrow-width + 1)","@popover-arrow-outer-color":"fadein(@popover-border-color, 5%)","@popover-arrow-outer-fallback-color":"darken(@popover-fallback-border-color, 20%)","@label-default-bg":"@gray-light","@label-primary-bg":"@brand-primary","@label-success-bg":"@brand-success","@label-info-bg":"@brand-info","@label-warning-bg":"@brand-warning","@label-danger-bg":"@brand-danger","@label-color":"#fff","@label-link-hover-color":"#fff","@modal-inner-padding":".9375rem","@modal-title-padding":".9375rem","@modal-title-line-height":"@line-height-base","@modal-content-bg":"#fff","@modal-content-border-color":"rgba(0,0,0,.2)","@modal-content-fallback-border-color":"#999","@modal-backdrop-bg":"#000","@modal-backdrop-opacity":".5","@modal-header-border-color":"#e5e5e5","@modal-footer-border-color":"@modal-header-border-color","@modal-lg":"900px","@modal-md":"600px","@modal-sm":"300px","@alert-padding":".9375rem","@alert-border-radius":"@border-radius-base","@alert-link-font-weight":"bold","@alert-success-bg":"@state-success-bg","@alert-success-text":"#ffffff","@alert-success-border":"@state-success-border","@alert-info-bg":"@state-info-bg","@alert-info-text":"#ffffff","@alert-info-border":"@state-info-border","@alert-warning-bg":"@state-warning-bg","@alert-warning-text":"#ffffff","@alert-warning-border":"@state-warning-border","@alert-danger-bg":"@state-danger-bg","@alert-danger-text":"#ffffff","@alert-danger-border":"@state-danger-border","@progress-bg":"#f5f5f5","@progress-bar-color":"#fff","@progress-border-radius":"@border-radius-base","@progress-bar-bg":"@brand-primary","@progress-bar-success-bg":"@brand-success","@progress-bar-warning-bg":"@brand-warning","@progress-bar-danger-bg":"@brand-danger","@progress-bar-info-bg":"@brand-info","@list-group-bg":"#fff","@list-group-border":"#ddd","@list-group-border-radius":"@border-radius-base","@list-group-hover-bg":"#f5f5f5","@list-group-active-color":"@component-active-color","@list-group-active-bg":"@component-active-bg","@list-group-active-border":"@list-group-active-bg","@list-group-active-text-color":"lighten(@list-group-active-bg, 40%)","@list-group-disabled-color":"@gray-light","@list-group-disabled-bg":"@gray-lighter","@list-group-disabled-text-color":"@list-group-disabled-color","@list-group-link-color":"#555","@list-group-link-hover-color":"@list-group-link-color","@list-group-link-heading-color":"#333","@panel-bg":"#fff","@panel-body-padding":".625rem .9375rem","@panel-heading-padding":".625rem .9375rem","@panel-footer-padding":"@panel-heading-padding","@panel-border-radius":"@border-radius-base","@panel-inner-border":"#ddd","@panel-footer-bg":"#f5f5f5","@panel-default-text":"@gray-dark","@panel-default-border":"#ddd","@panel-default-heading-bg":"#FFF","@panel-primary-text":"#FFF","@panel-primary-border":"@brand-primary","@panel-primary-heading-bg":"@brand-primary","@panel-success-text":"#FFF","@panel-success-border":"@state-success-border","@panel-success-heading-bg":"@state-success-bg","@panel-info-text":"#FFF","@panel-info-border":"@state-info-border","@panel-info-heading-bg":"@state-info-bg","@panel-warning-text":"#FFF","@panel-warning-border":"@state-warning-border","@panel-warning-heading-bg":"@state-warning-bg","@panel-danger-text":"#FFF","@panel-danger-border":"@state-danger-border","@panel-danger-heading-bg":"@state-danger-bg","@thumbnail-padding":".25rem","@thumbnail-bg":"@body-bg","@thumbnail-border":"#ddd","@thumbnail-border-radius":"@border-radius-base","@thumbnail-caption-color":"@text-color","@thumbnail-caption-padding":".5625rem","@well-bg":"#f5f5f5","@well-border":"darken(@well-bg, 7%)","@badge-color":"#fff","@badge-link-hover-color":"#fff","@badge-bg":"@gray-light","@badge-active-color":"@link-color","@badge-active-bg":"#fff","@badge-font-weight":"bold","@badge-line-height":"1","@badge-border-radius":"10px","@breadcrumb-padding-vertical":"1.25rem","@breadcrumb-padding-horizontal":"0","@breadcrumb-bg":"#fff","@breadcrumb-color":"#ccc","@breadcrumb-active-color":"@gray-light","@breadcrumb-separator":"\"/\"","@carousel-text-shadow":"0 1px 2px rgba(0,0,0,.6)","@carousel-control-color":"#fff","@carousel-control-width":"15%","@carousel-control-opacity":".5","@carousel-control-font-size":"20px","@carousel-indicator-active-bg":"#fff","@carousel-indicator-border-color":"#fff","@carousel-caption-color":"#fff","@close-font-weight":"bold","@close-color":"#000","@close-text-shadow":"0 1px 0 #fff","@code-color":"#c7254e","@code-bg":"#f9f2f4","@kbd-color":"#fff","@kbd-bg":"#333","@pre-bg":"#f5f5f5","@pre-color":"@gray-dark","@pre-border-color":"#ccc","@pre-scrollable-max-height":"340px","@component-offset-horizontal":"180px","@text-muted":"@gray-light","@abbr-border-color":"@gray-light","@headings-small-color":"@gray-light","@blockquote-small-color":"@gray-light","@blockquote-font-size":"(@font-size-base * 1.25)","@blockquote-border-color":"@gray-lighter","@page-header-border-color":"@gray-lighter","@dl-horizontal-offset":"@component-offset-horizontal","@hr-border":"@gray-lighter","@modal-top-offset":"80px","@zindex-navbar":"1000","@zindex-dropdown":"1000","@zindex-popover":"1060","@zindex-tooltip":"1070","@zindex-navbar-fixed":"1030","@zindex-modal-background":"1040","@zindex-modal":"1050","@header-bar-background":"#247b97"},"Description":"The Skillsoft theme for the ElixHR suite","Id":3,"IsActive":true,"IsDefault":true,"IsUserEditable":false,"JSON":{"vars":{"@IsThemed":"0","@fonts-path":"'Content/Common/assets/fonts/'","@fontawesome-version":"'4.3.0'","@opensans-version":"'v10'","@font-size-size12":"(@font-size-base * 0.75)","@font-size-size14":"(@font-size-base * 0.875)","@font-size-size18":"(@font-size-base * 1.125)","@sumt-webpart-bg":"transparent","@sumt-webpart-text":"@text-color","@sumt-webpart-header-bg":"transparent","@sumt-webpart-header-text":"inherit","@sumt-card-bg":"#f5f5f5","@sumt-card-height-base":"120px","@sumt-card-list-border":"#ccc","@sumt-card-list-header-border":"#999","@left-nav-width":"320px","@left-nav-header-height":"100px","@left-nav-parent-color":"#8fc9f2","@left-nav-body-background":"#0d446c","@left-nav-header-hover":"#2b9ded","@left-nav-header-background":"#0d446c","@left-nav-childnode-background":"#0c3b5e","@left-nav-node-hover":"#2b9ded","@left-nav-text-color":"#ffffff","@toolbar-background-hover":"#CCD0D6","@toolbar-border-color":"#ADADAD","@toolbar-vertical-margin":".3125rem","@toolbar-bg":"#fafbfb","@toolbar-line-height":"1.5625rem","@toolbar-text-color":"#333","@toolbar-button-vertical-margin":".5rem","@toolbar-hover":"#ccd0d6","@btn-disabled-color":"#999","@sumt-btn-default-color":"#247b97","@slideout-close-btn-bg":"#f27c2a","@slideout-close-color":"#fff","@slideout-width":"22.1875rem","@slideout-leftside-width":"20.3125rem","@slideout-leftside-bg":"#eeeeee","@slideout-item-bordercolor":"#999","@h1-margin":"@line-height-computed 0 @line-height-computed 0","@h2-margin":"@line-height-computed 0 0.625rem 0","@h3-margin":"@line-height-computed 0 0.625rem 0","@h4-margin":"(@line-height-computed / 2) 0 (@line-height-computed / 2) 0","@h5-margin":"(@line-height-computed / 2) 0 (@line-height-computed / 2) 0","@h6-margin":"(@line-height-computed / 2) 0 (@line-height-computed / 2) 0","@timeline-one-rem":"1rem","@timeline-two-rem":"2rem","@timeline-three-rem":"3rem","@one-rem":"1rem","@one-and-half-rem":"1.5rem","@page-dot-size":".6875rem","@header-margins":".2rem","@notification-tile-bg":"#00aed3","@notificaiton-tile-white":"#fff","@loader-color-light":"lighten(@gray-base, 90%)","@loader-color-dark":"lighten(@gray-base, 65%)","@box-shadow-color":"#e5e5e5","@page-container-margin":"2rem","@table-header-border-color":"#adadad","@nav-pills-active-link-hover-border":"#227AB9","@margin-base":"1rem","@tree-title-box":"#428bca","@tree-title-border":"#e5e5e5","@tree-border-color":"#999","@tree-title-color":"#ffffff","@tree-text-color":"@brand-primary","@tree-complete-check":"#1fbba6","@tree-level-one":"#ffffff","@tree-level-two":"#f2f2f2","@tree-level-three":"#e1e1e1","@gray-base":"#33352f","@gray-darker":"lighten(@gray-base, 13.5%)","@gray-dark":"lighten(@gray-base, 20%)","@gray":"lighten(@gray-base, 33.5%)","@gray-light":"lighten(@gray-base, 46.7%)","@gray-lighter":"lighten(@gray-base, 93.5%)","@brand-primary":"darken(#428bca, 6.5%)","@brand-success":"#bbd25e","@brand-info":"#31a3d3","@brand-warning":"#e9bf2f","@brand-danger":"#bf0132","@body-bg":"#fff","@text-color":"@gray-dark","@link-color":"@brand-primary","@link-hover-color":"darken(@link-color, 15%)","@link-hover-decoration":"underline","@font-family-sans-serif":"Open Sans, Tahoma, Geneva, sans-serif","@font-family-serif":"Georgia, \"Times New Roman\", Times, serif","@font-family-monospace":"Menlo, Monaco, Consolas, \"Courier New\", monospace","@font-family-base":"@font-family-sans-serif","@font-size-base":"1rem","@font-size-large":"(@font-size-base * 1.375)","@font-size-small":"(@font-size-base * 0.875)","@font-size-h1":"(@font-size-base * 1.375)","@font-size-h2":"(@font-size-base * 1.125)","@font-size-h3":"(@font-size-base * 1)","@font-size-h4":"(@font-size-base * 0.875)","@font-size-h5":"(@font-size-base * 0.75)","@font-size-h6":"(@font-size-base * 0.6875)","@line-height-base":"1rem","@line-height-computed":"(@font-size-base * @line-height-base)","@headings-font-family":"inherit","@headings-font-weight":"700","@headings-line-height":"1.1rem","@headings-color":"inherit","@icon-font-path":"\"assets/fonts/\"","@icon-font-name":"\"glyphicons-halflings-regular\"","@icon-font-svg-id":"\"glyphicons_halflingsregular\"","@padding-base-vertical":".375rem","@padding-base-horizontal":".75rem","@padding-large-vertical":".625rem","@padding-large-horizontal":"1rem","@padding-small-vertical":".3125rem","@padding-small-horizontal":".625rem","@padding-xs-vertical":".0625rem","@padding-xs-horizontal":".3125rem","@line-height-large":"1.33rem","@line-height-small":".5rem","@border-radius-base":"4px","@border-radius-large":"6px","@border-radius-small":"3px","@component-active-color":"#fff","@component-active-bg":"@brand-primary","@caret-width-base":"4px","@caret-width-large":"5px","@table-cell-padding":".9375rem","@table-condensed-cell-padding":".5rem","@table-bg":"transparent","@table-bg-accent":"#fafbfb","@table-bg-hover":"#f4fbff","@table-bg-active":"@table-bg-hover","@table-border-color":"#dfe4e8","@btn-font-weight":"700","@btn-default-color":"#333","@btn-default-bg":"#fff","@btn-default-border":"#ccc","@btn-primary-color":"#fff","@btn-primary-bg":"#247b97","@btn-primary-border":"transparent","@btn-success-color":"#fff","@btn-success-bg":"@brand-success","@btn-success-border":"darken(@btn-success-bg, 5%)","@btn-info-color":"#fff","@btn-info-bg":"@brand-info","@btn-info-border":"darken(@btn-info-bg, 5%)","@btn-warning-color":"#fff","@btn-warning-bg":"@brand-warning","@btn-warning-border":"darken(@btn-warning-bg, 5%)","@btn-danger-color":"#fff","@btn-danger-bg":"@brand-danger","@btn-danger-border":"darken(@btn-danger-bg, 5%)","@btn-link-disabled-color":"@gray-light","@btn-border-radius-base":"@border-radius-base","@btn-border-radius-large":"@border-radius-large","@btn-border-radius-small":"@border-radius-small","@input-bg":"#fff","@input-bg-disabled":"@gray-lighter","@input-color":"@gray","@input-border":"#ccc","@input-border-radius":"@border-radius-base","@input-border-radius-large":"@border-radius-large","@input-border-radius-small":"@border-radius-small","@input-border-focus":"#66afe9","@input-color-placeholder":"#999","@input-height-base":"2.1875rem","@input-height-large":"(ceil(@font-size-large * @line-height-large) + (@padding-large-vertical * 2) + 2)","@input-height-small":"(floor(@font-size-small * @line-height-small) + (@padding-small-vertical * 2) + 2)","@form-group-margin-bottom":"1rem","@legend-color":"@gray-dark","@legend-border-color":"#e5e5e5","@input-group-addon-bg":"@gray-lighter","@input-group-addon-border-color":"@input-border","@cursor-disabled":"not-allowed","@dropdown-bg":"#fff","@dropdown-border":"rgba(0,0,0,.15)","@dropdown-fallback-border":"#ccc","@dropdown-divider-bg":"#e5e5e5","@dropdown-link-color":"@gray-dark","@dropdown-link-hover-color":"darken(@gray-dark, 5%)","@dropdown-link-hover-bg":"#f5f5f5","@dropdown-link-active-color":"@component-active-color","@dropdown-link-active-bg":"@component-active-bg","@dropdown-link-disabled-color":"@gray-light","@dropdown-header-color":"@gray-light","@dropdown-caret-color":"#000","@screen-xs":"480px","@screen-xs-min":"@screen-xs","@screen-phone":"@screen-xs-min","@screen-sm":"768px","@screen-sm-min":"@screen-sm","@screen-tablet":"@screen-sm-min","@screen-md":"992px","@screen-md-min":"@screen-md","@screen-desktop":"@screen-md-min","@screen-lg":"1200px","@screen-lg-min":"@screen-lg","@screen-lg-desktop":"@screen-lg-min","@screen-xs-max":"(@screen-sm-min - 1)","@screen-sm-max":"(@screen-md-min - 1)","@screen-md-max":"(@screen-lg-min - 1)","@grid-columns":"12","@grid-gutter-width":"30px","@grid-float-breakpoint":"@screen-sm-min","@grid-float-breakpoint-max":"(@grid-float-breakpoint - 1)","@container-tablet":"(720px + @grid-gutter-width)","@container-sm":"@container-tablet","@container-desktop":"(940px + @grid-gutter-width)","@container-md":"@container-desktop","@container-large-desktop":"(1140px + @grid-gutter-width)","@container-lg":"@container-large-desktop","@navbar-height":"3.125rem","@navbar-margin-bottom":"@line-height-computed","@navbar-border-radius":"@border-radius-base","@navbar-padding-horizontal":"floor((@grid-gutter-width / 2))","@navbar-padding-vertical":"((@navbar-height - @line-height-computed) / 2)","@navbar-collapse-max-height":"340px","@navbar-default-color":"#777","@navbar-default-bg":"#f8f8f8","@navbar-default-border":"darken(@navbar-default-bg, 6.5%)","@navbar-default-link-color":"#777","@navbar-default-link-hover-color":"#333","@navbar-default-link-hover-bg":"transparent","@navbar-default-link-active-color":"#555","@navbar-default-link-active-bg":"darken(@navbar-default-bg, 6.5%)","@navbar-default-link-disabled-color":"#ccc","@navbar-default-link-disabled-bg":"transparent","@navbar-default-brand-color":"@navbar-default-link-color","@navbar-default-brand-hover-color":"darken(@navbar-default-brand-color, 10%)","@navbar-default-brand-hover-bg":"transparent","@navbar-default-toggle-hover-bg":"#ddd","@navbar-default-toggle-icon-bar-bg":"#888","@navbar-default-toggle-border-color":"#ddd","@navbar-inverse-color":"lighten(@gray-light, 15%)","@navbar-inverse-bg":"#222","@navbar-inverse-border":"darken(@navbar-inverse-bg, 10%)","@navbar-inverse-link-color":"lighten(@gray-light, 15%)","@navbar-inverse-link-hover-color":"#fff","@navbar-inverse-link-hover-bg":"transparent","@navbar-inverse-link-active-color":"@navbar-inverse-link-hover-color","@navbar-inverse-link-active-bg":"darken(@navbar-inverse-bg, 10%)","@navbar-inverse-link-disabled-color":"#444","@navbar-inverse-link-disabled-bg":"transparent","@navbar-inverse-brand-color":"@navbar-inverse-link-color","@navbar-inverse-brand-hover-color":"#fff","@navbar-inverse-brand-hover-bg":"transparent","@navbar-inverse-toggle-hover-bg":"#333","@navbar-inverse-toggle-icon-bar-bg":"#fff","@navbar-inverse-toggle-border-color":"#333","@nav-link-padding":"10px 15px","@nav-link-hover-bg":"@gray-lighter","@nav-disabled-link-color":"@gray-light","@nav-disabled-link-hover-color":"@gray-light","@nav-tabs-border-color":"#ddd","@nav-tabs-link-hover-border-color":"@gray-lighter","@nav-tabs-active-link-hover-bg":"@body-bg","@nav-tabs-active-link-hover-color":"@gray","@nav-tabs-active-link-hover-border-color":"#ddd","@nav-tabs-justified-link-border-color":"#ddd","@nav-tabs-justified-active-link-border-color":"@body-bg","@nav-pills-border-radius":"0px","@nav-pills-active-link-hover-bg":"#fff","@nav-pills-active-link-hover-color":"#333","@pagination-color":"@link-color","@pagination-bg":"#fff","@pagination-border":"#ddd","@pagination-hover-color":"@link-hover-color","@pagination-hover-bg":"@gray-lighter","@pagination-hover-border":"#ddd","@pagination-active-color":"#fff","@pagination-active-bg":"@brand-primary","@pagination-active-border":"@brand-primary","@pagination-disabled-color":"@gray-light","@pagination-disabled-bg":"#fff","@pagination-disabled-border":"#ddd","@pager-bg":"@pagination-bg","@pager-border":"@pagination-border","@pager-border-radius":"15px","@pager-hover-bg":"@pagination-hover-bg","@pager-active-bg":"@pagination-active-bg","@pager-active-color":"@pagination-active-color","@pager-disabled-color":"@pagination-disabled-color","@jumbotron-padding":"30px","@jumbotron-color":"inherit","@jumbotron-bg":"@gray-lighter","@jumbotron-heading-color":"inherit","@jumbotron-font-size":"ceil((@font-size-base * 1.5))","@jumbotron-heading-font-size":"ceil((@font-size-base * 4.5))","@state-success-text":"#3c763d","@state-success-bg":"@brand-success","@state-success-border":"@state-success-bg","@state-info-text":"#31708f","@state-info-bg":"@brand-info","@state-info-border":"@state-info-bg","@state-warning-text":"#8a6d3b","@state-warning-bg":"@brand-warning","@state-warning-border":"@state-warning-bg","@state-danger-text":"#a94442","@state-danger-bg":"@brand-danger","@state-danger-border":"@state-danger-bg","@tooltip-max-width":"200px","@tooltip-color":"#fff","@tooltip-bg":"#000","@tooltip-opacity":".9","@tooltip-arrow-width":"5px","@tooltip-arrow-color":"@tooltip-bg","@popover-bg":"#fff","@popover-max-width":"276px","@popover-border-color":"rgba(0,0,0,.2)","@popover-fallback-border-color":"#ccc","@popover-title-bg":"darken(@popover-bg, 3%)","@popover-arrow-width":"10px","@popover-arrow-color":"@popover-bg","@popover-arrow-outer-width":"(@popover-arrow-width + 1)","@popover-arrow-outer-color":"fadein(@popover-border-color, 5%)","@popover-arrow-outer-fallback-color":"darken(@popover-fallback-border-color, 20%)","@label-default-bg":"@gray-light","@label-primary-bg":"@brand-primary","@label-success-bg":"@brand-success","@label-info-bg":"@brand-info","@label-warning-bg":"@brand-warning","@label-danger-bg":"@brand-danger","@label-color":"#fff","@label-link-hover-color":"#fff","@modal-inner-padding":".9375rem","@modal-title-padding":".9375rem","@modal-title-line-height":"@line-height-base","@modal-content-bg":"#fff","@modal-content-border-color":"rgba(0,0,0,.2)","@modal-content-fallback-border-color":"#999","@modal-backdrop-bg":"#000","@modal-backdrop-opacity":".5","@modal-header-border-color":"#e5e5e5","@modal-footer-border-color":"@modal-header-border-color","@modal-lg":"900px","@modal-md":"600px","@modal-sm":"300px","@alert-padding":".9375rem","@alert-border-radius":"@border-radius-base","@alert-link-font-weight":"bold","@alert-success-bg":"@state-success-bg","@alert-success-text":"#ffffff","@alert-success-border":"@state-success-border","@alert-info-bg":"@state-info-bg","@alert-info-text":"#ffffff","@alert-info-border":"@state-info-border","@alert-warning-bg":"@state-warning-bg","@alert-warning-text":"#ffffff","@alert-warning-border":"@state-warning-border","@alert-danger-bg":"@state-danger-bg","@alert-danger-text":"#ffffff","@alert-danger-border":"@state-danger-border","@progress-bg":"#f5f5f5","@progress-bar-color":"#fff","@progress-border-radius":"@border-radius-base","@progress-bar-bg":"@brand-primary","@progress-bar-success-bg":"@brand-success","@progress-bar-warning-bg":"@brand-warning","@progress-bar-danger-bg":"@brand-danger","@progress-bar-info-bg":"@brand-info","@list-group-bg":"#fff","@list-group-border":"#ddd","@list-group-border-radius":"@border-radius-base","@list-group-hover-bg":"#f5f5f5","@list-group-active-color":"@component-active-color","@list-group-active-bg":"@component-active-bg","@list-group-active-border":"@list-group-active-bg","@list-group-active-text-color":"lighten(@list-group-active-bg, 40%)","@list-group-disabled-color":"@gray-light","@list-group-disabled-bg":"@gray-lighter","@list-group-disabled-text-color":"@list-group-disabled-color","@list-group-link-color":"#555","@list-group-link-hover-color":"@list-group-link-color","@list-group-link-heading-color":"#333","@panel-bg":"#fff","@panel-body-padding":".625rem .9375rem","@panel-heading-padding":".625rem .9375rem","@panel-footer-padding":"@panel-heading-padding","@panel-border-radius":"@border-radius-base","@panel-inner-border":"#ddd","@panel-footer-bg":"#f5f5f5","@panel-default-text":"@gray-dark","@panel-default-border":"#ddd","@panel-default-heading-bg":"#FFF","@panel-primary-text":"#FFF","@panel-primary-border":"@brand-primary","@panel-primary-heading-bg":"@brand-primary","@panel-success-text":"#FFF","@panel-success-border":"@state-success-border","@panel-success-heading-bg":"@state-success-bg","@panel-info-text":"#FFF","@panel-info-border":"@state-info-border","@panel-info-heading-bg":"@state-info-bg","@panel-warning-text":"#FFF","@panel-warning-border":"@state-warning-border","@panel-warning-heading-bg":"@state-warning-bg","@panel-danger-text":"#FFF","@panel-danger-border":"@state-danger-border","@panel-danger-heading-bg":"@state-danger-bg","@thumbnail-padding":".25rem","@thumbnail-bg":"@body-bg","@thumbnail-border":"#ddd","@thumbnail-border-radius":"@border-radius-base","@thumbnail-caption-color":"@text-color","@thumbnail-caption-padding":".5625rem","@well-bg":"#f5f5f5","@well-border":"darken(@well-bg, 7%)","@badge-color":"#fff","@badge-link-hover-color":"#fff","@badge-bg":"@gray-light","@badge-active-color":"@link-color","@badge-active-bg":"#fff","@badge-font-weight":"bold","@badge-line-height":"1","@badge-border-radius":"10px","@breadcrumb-padding-vertical":"1.25rem","@breadcrumb-padding-horizontal":"0","@breadcrumb-bg":"#fff","@breadcrumb-color":"#ccc","@breadcrumb-active-color":"@gray-light","@breadcrumb-separator":"\"/\"","@carousel-text-shadow":"0 1px 2px rgba(0,0,0,.6)","@carousel-control-color":"#fff","@carousel-control-width":"15%","@carousel-control-opacity":".5","@carousel-control-font-size":"20px","@carousel-indicator-active-bg":"#fff","@carousel-indicator-border-color":"#fff","@carousel-caption-color":"#fff","@close-font-weight":"bold","@close-color":"#000","@close-text-shadow":"0 1px 0 #fff","@code-color":"#c7254e","@code-bg":"#f9f2f4","@kbd-color":"#fff","@kbd-bg":"#333","@pre-bg":"#f5f5f5","@pre-color":"@gray-dark","@pre-border-color":"#ccc","@pre-scrollable-max-height":"340px","@component-offset-horizontal":"180px","@text-muted":"@gray-light","@abbr-border-color":"@gray-light","@headings-small-color":"@gray-light","@blockquote-small-color":"@gray-light","@blockquote-font-size":"(@font-size-base * 1.25)","@blockquote-border-color":"@gray-lighter","@page-header-border-color":"@gray-lighter","@dl-horizontal-offset":"@component-offset-horizontal","@hr-border":"@gray-lighter","@modal-top-offset":"80px","@zindex-navbar":"1000","@zindex-dropdown":"1000","@zindex-popover":"1060","@zindex-tooltip":"1070","@zindex-navbar-fixed":"1030","@zindex-modal-background":"1040","@zindex-modal":"1050","@header-bar-background":"#247b97"},"css":["print.less","type.less","code.less","grid.less","tables.less","forms.less","buttons.less","responsive-utilities.less","button-groups.less","input-groups.less","navs.less","navbar.less","breadcrumbs.less","pagination.less","pager.less","labels.less","badges.less","jumbotron.less","thumbnails.less","alerts.less","progress-bars.less","media.less","list-group.less","panels.less","responsive-embed.less","wells.less","close.less","component-animations.less","dropdowns.less","tooltip.less","popovers.less","modals.less","carousel.less"],"js":[],"customizerUrl":"http://getbootstrap.com/customize/?id=d54b4f5e56fee51af4f5"},"Name":"Skillsoft","PaletteJSON":{"primary":"#33738a","palette":["#33738a","#e1e6e3","#794544","#7396a2","#c3c356","#aca88b","#34b454"]},"Precedence":0,"ThemeKey":"DEFAULT_SKILLSOFT"},"defaultLessVariables":{"@IsThemed":"0","@fonts-path":"assets/fonts/","@fontawesome-version":"4.7.0","@opensans-version":"v10","@font-size-size12":"(@font-size-base * 0.75)","@font-size-size14":"(@font-size-base * 0.875)","@font-size-size18":"(@font-size-base * 1.125)","@sumt-webpart-bg":"transparent","@sumt-webpart-text":"@text-color","@sumt-webpart-header-bg":"transparent","@sumt-webpart-header-text":"inherit","@sumt-card-bg":"#f5f5f5","@sumt-card-height-base":"120px","@sumt-card-list-border":"#ccc","@sumt-card-list-header-border":"#999","@left-nav-width":"320px","@left-nav-header-height":"100px","@left-nav-parent-color":"#8fc9f2","@left-nav-body-background":"@left-nav-header-background","@left-nav-header-hover":"#2b9ded","@left-nav-header-background":"#0d446c","@left-nav-header-text-color":"#fff","@left-nav-childnode-background":"darken(@left-nav-body-background, 10%)","@left-nav-node-hover":"@left-nav-header-hover","@left-nav-text-color":"#fff","@left-nav-symbol-color":"#fff","@toolbar-background-hover":"#CCD0D6","@toolbar-border-color":"#ADADAD","@toolbar-vertical-margin":".3125rem","@toolbar-bg":"#fafbfb","@toolbar-line-height":"1.5625rem","@toolbar-text-color":"#333","@toolbar-button-vertical-margin":".5rem","@toolbar-hover":"#ccd0d6","@btn-disabled-color":"#999","@sumt-btn-default-color":"#227AB9","@slideout-close-btn-bg":"#f27c2a","@slideout-close-color":"#fff","@slideout-width":"22.1875rem","@slideout-leftside-width":"20.3125rem","@slideout-leftside-bg":"#eeeeee","@slideout-item-bordercolor":"#999","@step-height":"1.875rem","@step-width":"1.875rem","@step-border-thickness":".3125rem","@step-font-size":".9375rem","@step-font-weight":"700","@step-active-font-color":"#333","@step-disabled-font-color":"@toolbar-text-color","@step-todo-font-color":"#fff","@step-active-bg-color":"#fff","@step-disabled-bg-color":"@toolbar-hover","@step-todo-bg-color":"@brand-info","@h1-margin":"@line-height-computed 0 @line-height-computed 0","@h2-margin":"@line-height-computed 0 0.625rem 0","@h3-margin":"@line-height-computed 0 0.625rem 0","@h4-margin":"(@line-height-computed / 2) 0 (@line-height-computed / 2) 0","@h5-margin":"(@line-height-computed / 2) 0 (@line-height-computed / 2) 0","@h6-margin":"(@line-height-computed / 2) 0 (@line-height-computed / 2) 0","@timeline-one-rem":"1rem","@timeline-two-rem":"2rem","@timeline-three-rem":"3rem","@one-rem":"1rem","@one-and-half-rem":"1.5rem","@page-dot-size":".6875rem","@header-margins":".2rem","@notification-tile-bg":"#00aed3","@notificaiton-tile-white":"#fff","@loader-base":"#000","@loader-color-light":"lighten(@loader-base, 90%)","@loader-color-dark":"lighten(@loader-base, 65%)","@box-shadow-color":"#e5e5e5","@page-container-margin":"2rem","@table-header-border-color":"#adadad","@nav-pills-active-link-hover-border":"#227AB9","@margin-base":"1rem","@tree-title-box":"#428bca","@tree-title-border":"#e5e5e5","@tree-border-color":"#999","@tree-title-color":"#ffffff","@tree-text-color":"@brand-primary","@tree-complete-check":"#1fbba6","@tree-level-one":"#ffffff","@tree-level-two":"#f2f2f2","@tree-level-three":"#e1e1e1","@show-logo-outline":"True","@progress-background":"@progress-bg","@progress-bar-background":"@body-bg","@progress-bar-complete":"@brand-success","@progress-bar-ongoing":"@brand-info","@progress-bar-pending":"@brand-warning","@progress-bar-blank":"@body-bg","@progress-bar-text":"@gray-base","@gray-base":"#000","@gray-darker":"lighten(@gray-base, 13.5%)","@gray-dark":"lighten(@gray-base, 20%)","@gray":"lighten(@gray-base, 33.5%)","@gray-light":"lighten(@gray-base, 46.7%)","@gray-lighter":"lighten(@gray-base, 93.5%)","@brand-primary":"darken(#428bca, 6.5%)","@brand-success":"#1fbba6","@brand-info":"#00AED3","@brand-warning":"#ffc600","@brand-danger":"#f27c2a","@body-bg":"#fff","@text-color":"@gray-dark","@link-color":"@brand-primary","@link-hover-color":"darken(@link-color, 15%)","@link-hover-decoration":"underline","@font-family-sans-serif":"Open Sans, Tahoma, Geneva, sans-serif","@font-family-serif":"Georgia, Times New Roman, Times, serif","@font-family-monospace":"Menlo, Monaco, Consolas, Courier New, monospace","@font-family-base":"@font-family-sans-serif","@font-size-base":"1rem","@font-size-large":"(@font-size-base * 1.375)","@font-size-small":"(@font-size-base * 0.875)","@font-size-h1":"(@font-size-base * 1.375)","@font-size-h2":"(@font-size-base * 1.125)","@font-size-h3":"(@font-size-base * 1)","@font-size-h4":"(@font-size-base * 0.875)","@font-size-h5":"(@font-size-base * 0.75)","@font-size-h6":"(@font-size-base * 0.6875)","@line-height-base":"1rem","@line-height-computed":"(@font-size-base * @line-height-base)","@headings-font-family":"inherit","@headings-font-weight":"700","@headings-line-height":"1.1em","@headings-color":"inherit","@icon-font-path":"assets/fonts/","@icon-font-name":"glyphicons-halflings-regular","@icon-font-svg-id":"glyphicons_halflingsregular","@padding-base-vertical":".375rem","@padding-base-horizontal":".75rem","@padding-large-vertical":".625rem","@padding-large-horizontal":"1rem","@padding-small-vertical":".3125rem","@padding-small-horizontal":".625rem","@padding-xs-vertical":".0625rem","@padding-xs-horizontal":".3125rem","@line-height-large":"1.33rem","@line-height-small":".5rem","@border-radius-base":"4px","@border-radius-large":"6px","@border-radius-small":"3px","@component-active-color":"#fff","@component-active-bg":"@brand-primary","@caret-width-base":"4px","@caret-width-large":"5px","@table-cell-padding":".9375rem","@table-condensed-cell-padding":".5rem","@table-bg":"transparent","@table-bg-accent":"#fafbfb","@table-bg-hover":"#f4fbff","@table-bg-active":"@table-bg-hover","@table-border-color":"#dfe4e8","@btn-font-weight":"700","@btn-default-color":"#333","@btn-default-bg":"#fff","@btn-default-border":"#ccc","@btn-primary-color":"#fff","@btn-primary-bg":"#227AB9","@btn-primary-border":"transparent","@btn-success-color":"#fff","@btn-success-bg":"@brand-success","@btn-success-border":"darken(@btn-success-bg, 5%)","@btn-info-color":"#fff","@btn-info-bg":"@brand-info","@btn-info-border":"darken(@btn-info-bg, 5%)","@btn-warning-color":"#fff","@btn-warning-bg":"@brand-warning","@btn-warning-border":"darken(@btn-warning-bg, 5%)","@btn-danger-color":"#fff","@btn-danger-bg":"@brand-danger","@btn-danger-border":"darken(@btn-danger-bg, 5%)","@btn-link-disabled-color":"@gray-light","@btn-border-radius-base":"@border-radius-base","@btn-border-radius-large":"@border-radius-large","@btn-border-radius-small":"@border-radius-small","@input-bg":"#fff","@input-bg-disabled":"@gray-lighter","@input-color":"@gray","@input-border":"#ccc","@input-border-radius":"@border-radius-base","@input-border-radius-large":"@border-radius-large","@input-border-radius-small":"@border-radius-small","@input-border-focus":"#66afe9","@input-color-placeholder":"#999","@input-height-base":"2.1875rem","@input-height-large":"(ceil(@font-size-large * @line-height-large) + (@padding-large-vertical * 2) + 2)","@input-height-small":"(floor(@font-size-small * @line-height-small) + (@padding-small-vertical * 2) + 2)","@form-group-margin-bottom":"1rem","@legend-color":"@gray-dark","@legend-border-color":"#e5e5e5","@input-group-addon-bg":"@gray-lighter","@input-group-addon-border-color":"@input-border","@cursor-disabled":"not-allowed","@dropdown-bg":"#fff","@dropdown-border":"rgba(0,0,0,.15)","@dropdown-fallback-border":"#ccc","@dropdown-divider-bg":"#e5e5e5","@dropdown-link-color":"@gray-dark","@dropdown-link-hover-color":"darken(@gray-dark, 5%)","@dropdown-link-hover-bg":"#f5f5f5","@dropdown-link-active-color":"@component-active-color","@dropdown-link-active-bg":"@component-active-bg","@dropdown-link-disabled-color":"@gray-light","@dropdown-header-color":"@gray-light","@dropdown-caret-color":"#000","@zindex-navbar":"1000","@zindex-dropdown":"1060","@zindex-popover":"1060","@zindex-tooltip":"1070","@zindex-navbar-fixed":"1030","@zindex-modal-background":"1040","@zindex-modal":"1050","@screen-xs":"480px","@screen-xs-min":"@screen-xs","@screen-phone":"@screen-xs-min","@screen-sm":"768px","@screen-sm-min":"@screen-sm","@screen-tablet":"@screen-sm-min","@screen-md":"992px","@screen-md-min":"@screen-md","@screen-desktop":"@screen-md-min","@screen-lg":"1200px","@screen-lg-min":"@screen-lg","@screen-lg-desktop":"@screen-lg-min","@screen-xs-max":"(@screen-sm-min - 1)","@screen-sm-max":"(@screen-md-min - 1)","@screen-md-max":"(@screen-lg-min - 1)","@grid-columns":"12","@grid-gutter-width":"30px","@grid-float-breakpoint":"@screen-sm-min","@grid-float-breakpoint-max":"(@grid-float-breakpoint - 1)","@container-tablet":"(720px + @grid-gutter-width)","@container-sm":"@container-tablet","@container-desktop":"(940px + @grid-gutter-width)","@container-md":"@container-desktop","@container-large-desktop":"(1140px + @grid-gutter-width)","@container-lg":"@container-large-desktop","@navbar-height":"3.125rem","@navbar-margin-bottom":"@line-height-computed","@navbar-border-radius":"@border-radius-base","@navbar-padding-horizontal":"floor((@grid-gutter-width / 2))","@navbar-padding-vertical":"((@navbar-height - @line-height-computed) / 2)","@navbar-collapse-max-height":"340px","@navbar-default-color":"#777","@navbar-default-bg":"#f8f8f8","@navbar-default-border":"darken(@navbar-default-bg, 6.5%)","@navbar-default-link-color":"#777","@navbar-default-link-hover-color":"#333","@navbar-default-link-hover-bg":"transparent","@navbar-default-link-active-color":"#555","@navbar-default-link-active-bg":"darken(@navbar-default-bg, 6.5%)","@navbar-default-link-disabled-color":"#ccc","@navbar-default-link-disabled-bg":"transparent","@navbar-default-brand-color":"@navbar-default-link-color","@navbar-default-brand-hover-color":"darken(@navbar-default-brand-color, 10%)","@navbar-default-brand-hover-bg":"transparent","@navbar-default-toggle-hover-bg":"#ddd","@navbar-default-toggle-icon-bar-bg":"#888","@navbar-default-toggle-border-color":"#ddd","@navbar-inverse-color":"lighten(@gray-light, 15%)","@navbar-inverse-bg":"#222","@navbar-inverse-border":"darken(@navbar-inverse-bg, 10%)","@navbar-inverse-link-color":"lighten(@gray-light, 15%)","@navbar-inverse-link-hover-color":"#fff","@navbar-inverse-link-hover-bg":"transparent","@navbar-inverse-link-active-color":"@navbar-inverse-link-hover-color","@navbar-inverse-link-active-bg":"darken(@navbar-inverse-bg, 10%)","@navbar-inverse-link-disabled-color":"#444","@navbar-inverse-link-disabled-bg":"transparent","@navbar-inverse-brand-color":"@navbar-inverse-link-color","@navbar-inverse-brand-hover-color":"#fff","@navbar-inverse-brand-hover-bg":"transparent","@navbar-inverse-toggle-hover-bg":"#333","@navbar-inverse-toggle-icon-bar-bg":"#fff","@navbar-inverse-toggle-border-color":"#333","@nav-link-padding":"10px 15px","@nav-link-hover-bg":"@gray-lighter","@nav-disabled-link-color":"@gray-light","@nav-disabled-link-hover-color":"@gray-light","@nav-tabs-border-color":"#ddd","@nav-tabs-link-hover-border-color":"@gray-lighter","@nav-tabs-active-link-hover-bg":"@body-bg","@nav-tabs-active-link-hover-color":"@gray","@nav-tabs-active-link-hover-border-color":"#ddd","@nav-tabs-justified-link-border-color":"#ddd","@nav-tabs-justified-active-link-border-color":"@body-bg","@nav-pills-border-radius":"0px","@nav-pills-active-link-hover-bg":"#fff","@nav-pills-active-link-hover-color":"#333","@pagination-color":"@link-color","@pagination-bg":"#fff","@pagination-border":"#ddd","@pagination-hover-color":"@link-hover-color","@pagination-hover-bg":"@gray-lighter","@pagination-hover-border":"#ddd","@pagination-active-color":"#fff","@pagination-active-bg":"@brand-primary","@pagination-active-border":"@brand-primary","@pagination-disabled-color":"@gray-light","@pagination-disabled-bg":"#fff","@pagination-disabled-border":"#ddd","@pager-bg":"@pagination-bg","@pager-border":"@pagination-border","@pager-border-radius":"15px","@pager-hover-bg":"@pagination-hover-bg","@pager-active-bg":"@pagination-active-bg","@pager-active-color":"@pagination-active-color","@pager-disabled-color":"@pagination-disabled-color","@jumbotron-padding":"30px","@jumbotron-color":"inherit","@jumbotron-bg":"@gray-lighter","@jumbotron-heading-color":"inherit","@jumbotron-font-size":"ceil((@font-size-base * 1.5))","@jumbotron-heading-font-size":"ceil((@font-size-base * 4.5))","@state-success-text":"#3c763d","@state-success-bg":"@brand-success","@state-success-border":"@state-success-bg","@state-info-text":"#31708f","@state-info-bg":"@brand-info","@state-info-border":"@state-info-bg","@state-warning-text":"#8a6d3b","@state-warning-bg":"@brand-warning","@state-warning-border":"@state-warning-bg","@state-danger-text":"#a94442","@state-danger-bg":"@brand-danger","@state-danger-border":"@state-danger-bg","@tooltip-max-width":"200px","@tooltip-color":"#fff","@tooltip-bg":"#000","@tooltip-opacity":".9","@tooltip-arrow-width":"5px","@tooltip-arrow-color":"@tooltip-bg","@popover-bg":"#fff","@popover-max-width":"276px","@popover-border-color":"rgba(0,0,0,.2)","@popover-fallback-border-color":"#ccc","@popover-title-bg":"darken(@popover-bg, 3%)","@popover-arrow-width":"10px","@popover-arrow-color":"@popover-bg","@popover-arrow-outer-width":"(@popover-arrow-width + 1)","@popover-arrow-outer-color":"fadein(@popover-border-color, 5%)","@popover-arrow-outer-fallback-color":"darken(@popover-fallback-border-color, 20%)","@label-default-bg":"@gray-light","@label-primary-bg":"@brand-primary","@label-success-bg":"@brand-success","@label-info-bg":"@brand-info","@label-warning-bg":"@brand-warning","@label-danger-bg":"@brand-danger","@label-color":"#fff","@label-link-hover-color":"#fff","@modal-inner-padding":".9375rem","@modal-title-padding":".9375rem","@modal-title-line-height":"@line-height-base","@modal-content-bg":"#fff","@modal-content-border-color":"rgba(0,0,0,.2)","@modal-content-fallback-border-color":"#999","@modal-backdrop-bg":"#000","@modal-backdrop-opacity":".5","@modal-header-border-color":"#e5e5e5","@modal-footer-border-color":"@modal-header-border-color","@modal-lg":"900px","@modal-md":"600px","@modal-sm":"300px","@alert-padding":".9375rem","@alert-border-radius":"@border-radius-base","@alert-link-font-weight":"bold","@alert-success-bg":"@state-success-bg","@alert-success-text":"#ffffff","@alert-success-border":"@state-success-border","@alert-info-bg":"@state-info-bg","@alert-info-text":"#ffffff","@alert-info-border":"@state-info-border","@alert-warning-bg":"@state-warning-bg","@alert-warning-text":"#ffffff","@alert-warning-border":"@state-warning-border","@alert-danger-bg":"@state-danger-bg","@alert-danger-text":"#ffffff","@alert-danger-border":"@state-danger-border","@progress-bg":"#f5f5f5","@progress-bar-color":"#fff","@progress-border-radius":"@border-radius-base","@progress-bar-bg":"@brand-primary","@progress-bar-success-bg":"@brand-success","@progress-bar-warning-bg":"@brand-warning","@progress-bar-danger-bg":"@brand-danger","@progress-bar-info-bg":"@brand-info","@list-group-bg":"#fff","@list-group-border":"#ddd","@list-group-border-radius":"@border-radius-base","@list-group-hover-bg":"#f5f5f5","@list-group-active-color":"@component-active-color","@list-group-active-bg":"@component-active-bg","@list-group-active-border":"@list-group-active-bg","@list-group-active-text-color":"lighten(@list-group-active-bg, 40%)","@list-group-disabled-color":"@gray-light","@list-group-disabled-bg":"@gray-lighter","@list-group-disabled-text-color":"@list-group-disabled-color","@list-group-link-color":"#555","@list-group-link-hover-color":"@list-group-link-color","@list-group-link-heading-color":"#333","@panel-bg":"#fff","@panel-body-padding":".625rem .9375rem","@panel-heading-padding":".625rem .9375rem","@panel-footer-padding":"@panel-heading-padding","@panel-border-radius":"@border-radius-base","@panel-inner-border":"#ddd","@panel-footer-bg":"#f5f5f5","@panel-default-text":"@gray-dark","@panel-default-border":"#ddd","@panel-default-heading-bg":"#FFF","@panel-primary-text":"#FFF","@panel-primary-border":"@brand-primary","@panel-primary-heading-bg":"@brand-primary","@panel-success-text":"#FFF","@panel-success-border":"@state-success-border","@panel-success-heading-bg":"@state-success-bg","@panel-info-text":"#FFF","@panel-info-border":"@state-info-border","@panel-info-heading-bg":"@state-info-bg","@panel-warning-text":"#FFF","@panel-warning-border":"@state-warning-border","@panel-warning-heading-bg":"@state-warning-bg","@panel-danger-text":"#FFF","@panel-danger-border":"@state-danger-border","@panel-danger-heading-bg":"@state-danger-bg","@thumbnail-padding":".25rem","@thumbnail-bg":"@body-bg","@thumbnail-border":"#ddd","@thumbnail-border-radius":"@border-radius-base","@thumbnail-caption-color":"@text-color","@thumbnail-caption-padding":".5625rem","@well-bg":"#f5f5f5","@well-border":"darken(@well-bg, 7%)","@badge-color":"#fff","@badge-link-hover-color":"#fff","@badge-bg":"@gray-light","@badge-active-color":"@link-color","@badge-active-bg":"#fff","@badge-font-weight":"bold","@badge-line-height":"1","@badge-border-radius":"10px","@breadcrumb-padding-vertical":"1.25rem","@breadcrumb-padding-horizontal":"0","@breadcrumb-bg":"#fff","@breadcrumb-color":"#ccc","@breadcrumb-active-color":"@gray-light","@breadcrumb-separator":"/","@carousel-text-shadow":"0 1px 2px rgba(0,0,0,.6)","@carousel-control-color":"#fff","@carousel-control-width":"15%","@carousel-control-opacity":".5","@carousel-control-font-size":"20px","@carousel-indicator-active-bg":"#fff","@carousel-indicator-border-color":"#fff","@carousel-caption-color":"#fff","@close-font-weight":"bold","@close-color":"#000","@close-text-shadow":"0 1px 0 #fff","@code-color":"#c7254e","@code-bg":"#f9f2f4","@kbd-color":"#fff","@kbd-bg":"#333","@pre-bg":"#f5f5f5","@pre-color":"@gray-dark","@pre-border-color":"#ccc","@pre-scrollable-max-height":"340px","@component-offset-horizontal":"180px","@text-muted":"@gray-light","@abbr-border-color":"@gray-light","@headings-small-color":"@gray-light","@blockquote-small-color":"@gray-light","@blockquote-font-size":"(@font-size-base * 1.25)","@blockquote-border-color":"@gray-lighter","@page-header-border-color":"@gray-lighter","@dl-horizontal-offset":"@component-offset-horizontal","@dl-horizontal-breakpoint":"@grid-float-breakpoint","@hr-border":"@gray-lighter","@padding-medium-vertical":".5rem","@modal-top-offset":"80px","@focus-border-color":"#999"}},"debugEnabled":false,"modulesPath":"/Core/dist/app/modules","mustSetSecurityQuestions":false,"appUris":{"baseUri":"https://cl12sales.sumtotaldevelopment.net","root":"/Core/","tenantRoot":"https://cl12sales.sumtotaldevelopment.net/Core/","tenantSpecificWebPathsForRelyingParties":{"LM":"https://cl12sales.sumtotaldevelopment.net/learning/DataStore/CL12_SALES_TEST/Learning/","TM":"https://cl12sales.sumtotaldevelopment.net/DataStore/CL12_SALES_TEST/TM/","Analytics":"https://supp-bi-master.sumtotaldemo.net/ibmcognos/cgi-bin/DataStore/CL12_SALES_TEST/Analytics/","ELIXHRUI":"https://cl12sales.sumtotaldevelopment.net/core/DataStore/CL12_SALES_TEST/Core/","AdvancedReport":"https://cl12sales.sumtotaldevelopment.net/DataStore/CL12_SALES_TEST/AdvancedReport/","JobBoard":"https://cl12sales.sumtotaldevelopment.net/Careers/DataStore/CL12_SALES_TEST/JobBoard/","JobBoardPWA":"https://cl12sales.sumtotaldevelopment.net/PWA/DataStore/CL12_SALES_TEST/JobBoardPWA/","ContentEngine":"https://cl12sales.sumtotaldevelopment.net/contentengine/DataStore/CL12_SALES_TEST/ContentEngine/","GAM":"http://cl-ugm12a:3000/api/DataStore/CL12_SALES_TEST/GAM/","BrowserExtension":"https://cl12sales.sumtotaldevelopment.net/browserextension/DataStore/CL12_SALES_TEST/BrowserExtension/"}},"moduleTranslationInfo":{"TRANSLATIONS_PORTAL":"8C297DAC9A38D707C73E6F0EBB79FCA7","TRANSLATIONS_PORTAL_HOME":"2836C33417A46F1AAFA2F0263FEC144A","TRANSLATIONS_PORTAL_MYTASKS":"1D8F4AFD0290103C3DC85AAEDA814D05","TRANSLATIONS_WEBPARTS":"981CD95385FB09E4706B3CF1E7D00C35","TRANSLATIONS_WIDGETS_ADMIN":"6D3682B63699849B1E18FF0BE15F2D81","TRANSLATIONS_ELIXHR":"3A892542C3B43A744748875B1FB2471C","TRANSLATIONS_SLIDEOUTS":"0A4C4B9B3E6C3303A30706F64C05B07D","TRANSLATIONS_ELIXHR_PROFILE":"7B6ADF3BA7D4590F19BF8E004A1AE302","TRANSLATIONS_CORE":"71D6D7EEA8DF2B6FBCDB607993873A02","TRANSLATIONS_ELIXHR_RESUME":"279DA0BC96D638AA953FCB908E189004","TRANSLATIONS_ELIXHR_MYTEAM":"520BE4BC3A1BE396790780E8B2013E64","TRANSLATIONS_ELIXHR_SOCIAL":"88572AC0E232D8920CBF269FE62F8B0D","TRANSLATIONS_SSO":"1DC2A4BC8CE10A7A6BA9FD0756D7AEE2","TRANSLATIONS_SSO_ATTESTATION":"02DDC423156B2A460E702176B36FB3BD","TRANSLATIONS_ENTERPRISESEARCH":"0ACF9D2FF4D9A76EC0AD7052DD2ABC28","TRANSLATIONS_ORGANIZATION":"B91B1226B932CB19D5E359F0C6591EA8","TRANSLATIONS_PASSWORD":"AB356BBA51A5A788FEC6B2FBD3684838","RECOMMENDATIONS":"621230A5561CF1F31C0FD7626570B2DB","TRANSLATIONS_RECOMMENDEDLEARNING":"6AA3C39EDEF35917253C3AEE345773E2","TRANSLATIONS_SECURITY":"95F430BD9B5A9FBC3BAB3A493AE588D2","TRANSLATIONS_DASHBOARD":"F5CC1EB902E0A7DAB422D28E9716BD98","TRANSLATIONS_CHANGEPASSWORD":"1DC60A9B5A16CC4D0D03DDA88A5BB7C0","TRANSLATIONS_TIMELINE":"AF2F95A1A6CE98CFDB813684044D8FE1","TRANSLATIONS_ADMINISTRATION_CODEMANAGEMENT":"02A3015A7F8A35E68A701F7237039211","TRANSLATIONS_ADMINISTRATION":"05C675C4AD221657312AB1379285CE28","TRANSLATIONS_ADMINISTRATION_CATCODEMANAGEMENT":"C18A3DA2AB6666FA9B9C434138AFB9A7","TRANSLATIONS_REQUISITION":"8B99153D93F8CFB8DF89DD08591C1D58","TRANSLATIONS_MINI_PROFILE":"0D1A61A9227B3C3139CFA74C6466870C","TRANSLATIONS_USERSECURITYQUESTION":"DDBA59416C16C72CF2841E5C9D47370E","TRANSLATIONS_DEVPLAN":"95606F83E2F912B31FFC478BE8B5A6C6","TRANSLATIONS_DEVPLAN_COMMON":"FAE3652FC3DA718FC0A454B8E217C39A","TRANSLATIONS_ADMINISTRATION_ADMINDEVPLAN":"A2DD68112C2005D795149E602F51F9E3","TRANSLATIONS_PERMISSIONLEVEL":"8F0268707E54BFA398F6A0EC93F750A2","TRANSLATIONS_THEMING":"8C4A9BBEE17D9EE343D66E70FFBAF7CD","Social_Kudos":"37EDE38901BEDF3527BF34B0CE33A2D0","TRANSLATIONS_ADMINDASHBOARD":"0F202DC4C400938B181D26CEBC0CD75A","ENTERPRISE_SEARCH":"C2736FC235A3A6CBA8C09EB3A0567B6A","TRANSLATIONS_WIDGETS_EDITOR_ADMIN":"83AD9D083435643263CEE7015649040D","WebPartDefinition_Common":"D126CAB236030AA04273D6CB0BB63561","TRANSLATIONS_SEARCHCONFIGURATION":"17B6C10A00230A20F9236A16B8D79E0B","TRANSLATIONS_LOGONEVENTS":"B2B2E091A905517B49FA320261001711","TRANSLATIONS_SITEMAPCONFIGURATION":"C26BF2CCD2070C6182CD8F6BE9D65A25","TRANSLATIONS_FILEMANAGEMENT":"7B8558218B708372F9D5C8D97A18E503","TRANSLATIONS_INITIATIVES":"6AF4273AB2DE203030B5BEA16C8507D6","TRANSLATIONS_INITIATIVES_EDITINITIATIVE":"8D4BDFA04F8C37BD8F8CE4D6E93EF1EB","TRANSLATIONS_PERSON_RESUME":"062FC03EB32CADBDCEF56B2AC618BE70","TRANSLATIONS_ADMINISTRATION_CONFIG_DEVELOPMENTPLAN":"E7D696EDCF171DC5EE7998BB7CFE1D86","TRANSLATIONS_REPORTING_WIDGET":"8EB62642D93CFD85420463A0667DCCE9","SETTINGS_ELIXHR":"266325C285678BF5894DE708BBCAE214","TRANSLATIONS_ADMINISTRATION_CONFIG_USERACCOUNT":"DCCD171769F7892F6D81C3D225BB088A","TRANSLATIONS_CAREERPLAN":"BCC8EC4E6247E70FC2EE85D225F8A656","TRANSLATIONS_ADMINISTRATION_CONFIG_CAREERPLANSETTINGS":"1D2F59975670462607130FD7FE63D3AB","TRANSLATIONS_ADMINISTRATION_MANAGEPERIOD":"A687646E373D7EE2C410CB23A3488BC6","TRANSLATIONS_ADVANCEDSEARCHCONFIGURATION":"5B0823175B2502A42DDE735EA03609F2","TRANSLATIONS_ADMINISTRATION_CONFIG_EDITTRANSLATIONS":"C76BBDB05338ED55A83E3E1055000698","TRANSLATIONS_COMPETENCYPROFILE":"BB5835F563CCA8502A0FF4306C054939","TRANSLATIONS_ADMINISTRATION_TASK_NOTIFICATIONTEMPLATES":"AFF68DC8D4577B997541E59B20DB778A","WebPartDefinition_Learning":"BF56A2BF90A007CEAE9B1736A8F5AA92","TRANSLATIONS_ADMINISTRATION_SKILLCATEGORIES":"9786B66B1B56603B18DEAE5EE5F272B8","TRANSLATIONS_ADMINISTRATION_CONFIG_SKILLCATEGORIES":"4E8FAD2AC6B8A6E0D2620E7CE006C10A","TRANSLATIONS_ADMINISTRATION_CONFIG_EMPLOYEECOMPETENCYSETTINGS":"6BC7D8A02795DB32D62F419058B3A751","TRANSLATIONS_HOURLY_SURVEY":"CBD9058EEA2880AD7A2FDA5741518149","TRANSLATIONS_CONTINUOUSFEEDBACK":"F0381C7064D56B14E82A2A41578C973D","TRANSLATIONS_CAREER_CORE":"3871C9E17FC7737C70BDC0B1A0CCD1BF","TRANSLATIONS_REQUISITION_WORKSPACE":"97DD34BE9044CE32A645D72F5F88D36B","TRANSLATIONS_ONBOARDING":"3DBF21CE1CC689D7B92FC6778982F2A6","TRANSLATIONS_SOCIALCONFIGURATION":"1EB43C2CF6454D6CF0C4462CE0453D27","TRANSLATIONS_RECRUITING_APPROVAL":"003C24AABEE7DBF118F9F88B29AB6CEB","TRANSLATIONS_RECRUITING_CANDIDATEEXPLORER":"130D7D8C87DBAA8DA916E271912801B4","TRANSLATIONS_ATTESTATION":"607652C9D1FD310F58D27750052B854B","TRANSLATIONS_COACHING":"747745A7131F63FAE0DDF1F8ECD39703","TRANSLATIONS_NBOX":"CB24EA8AA3E9FEC85E541BDF73ADBC7E","TRANSLATIONS_SOCIALCOMMUNITIES":"C0941AE98DDF7B66ED5F3A16D7D11DC8","TRANSLATIONS_LEARN_REGISTRATION":"12BB7A34F6060674CD7E9494C0B5915B","TRANSLATIONS_REQUISITION_WORKSPACE_ADDCANDIDATE":"4B8213A7F5D5E2DA9450202BCBFB397C"},"enabledLanguages":[{"Id":0,"ItemCode":"1","ItemText":"English (United States)","IsUserLang":"1"},{"Id":0,"ItemCode":"2","ItemText":"English (United Kingdom)","IsUserLang":"0"},{"Id":0,"ItemCode":"3","ItemText":"French","IsUserLang":"0"},{"Id":0,"ItemCode":"6","ItemText":"German","IsUserLang":"0"},{"Id":0,"ItemCode":"7","ItemText":"Japanese","IsUserLang":"0"},{"Id":0,"ItemCode":"9","ItemText":"Italian","IsUserLang":"0"},{"Id":0,"ItemCode":"11","ItemText":"Spanish","IsUserLang":"0"},{"Id":0,"ItemCode":"15","ItemText":"Portuguese (Brazilian)","IsUserLang":"0"},{"Id":0,"ItemCode":"19","ItemText":"Chinese (Simplified)","IsUserLang":"0"},{"Id":0,"ItemCode":"20","ItemText":"Chinese (Traditional)","IsUserLang":"0"},{"Id":0,"ItemCode":"26","ItemText":"French (Canadian)","IsUserLang":"0"}],"headerLogoUrl":"https://cl12sales.sumtotaldevelopment.net/Core/headerlogo.sumttheme?img&themekey=DEFAULT_SKILLSOFT&v=-173730855"};

      // place the debug enabled flag on the root
        root['debugEnabled'] = root.tempStaticData.debugEnabled;

       //Setup CKEditor
        root['CKEDITOR_BASEPATH'] = '/Core/bower_components/ckeditor/';

      root['versionNumber'] = 'ElixHR_18.3.0.0_2018.8.7.1';
    }));


    var $

    //guarantee there is a clobal console object with log and error functions (for IE when dev tools are closed)
    if (!window.console)
      window.console = {
        log: function () {
        }, error: function () {
        }, warn: function () {
        }, info: function () {
        }
      };

  </script>
  <!-- core:js -->
  <script src="/Core/dist/bower_components/jquery/dist/jquery.min.js?hash=ElixHR_18.3.0.0_2018.8.7.1" type="text/javascript" true=""></script>
  <script src="/Core/bower_components/foundation-controls/dist/scripts/vendor.js?hash=ElixHR_18.3.0.0_2018.8.7.1" type="text/javascript" true=""></script><style>.ngf-hide{display:none !important}</style><style></style>
  <script src="/Core/bower_components/foundation-controls/dist/scripts/foundation.min.js?hash=ElixHR_18.3.0.0_2018.8.7.1" type="text/javascript" true=""></script>
  <!-- endinject -->
  <!-- other:js -->
  <script src="/Core/dist/bundles/javascript/other.js?hash=ElixHR_18.3.0.0_2018.8.7.1" type="text/javascript" true=""></script><style>.cke{visibility:hidden;}</style>
  <!-- endinject -->
  <script src="/Core/dist/bower_components/angular-i18n/angular-locale_en-US.js?hash=ElixHR_18.3.0.0_2018.8.7.1" defer=""></script>
  
  
  <title></title>
</head>
<body pillar-facilitator="" dir="{{ cultureFactory.options.language.direction }}" ng-class="{'editMode': dashboardFactory.isEditMode}">
  <div id="layoutContainer">
    <sumt-header ng-init="getTimelineAlertDetails();getShoppingCartAlertDetails();"></sumt-header>

    <div class="page-loader" role="status" translate="" translate-attr-aria-label="DASHBOARD_LOADING" aria-hidden="{{!dashboardFactory.viewLoading}}" aria-atomic="{{dashboardFactory.viewLoading}}" ng-show="dashboardFactory.viewLoading">
      <div class="loader loader-large" translate="DASHBOARD_LOADING"></div>
    </div>
    <div sumt-live-region=""></div>
    
    

    
    <div left-navigation="" id="mainLeftNavigation" header="sitemapService.selectedRootNode" nav-data="::sitemapService.rootNodes" selected-nav-data="sitemapService.selectedRootNode" node-clicked="navigateToNode" emulation="sitemapService.staticRootNodes.emulation" switchdomain="sitemapService.staticRootNodes.switchDomain" translationobject="leftNav_translation" imageclicked="profileSlidePage()" exitemulation="emulationclose(sitemapService.staticRootNodes.emulation)" persondata="sitemapService.PersonDetails">
    </div>
    <div left-navigation="" id="libraryLeftNavigation" content-template-url="app/modules/core/views/library/library.client.html"></div>
    

    

<section id="rootViewContainer" role="main" class="view-container" aria-hidden="{{slideoutIsOpen}}" ng-style="!Globalvisib.isHeaderVisible &amp;&amp; {'top':'0px'}" ng-class="{'asideExpanded':leftNavObject.isShown, 'full-screen-mode ': dashboardFactory.fullScreen}">
  
  
  <div class="breadcrumb-container breadcrumbmargin" id="breadcrumbMainContainer">
    <global-breadcrumb-navigation></global-breadcrumb-navigation>
  </div>
  
    
	
	<div ng-view=""></div>
	
</section>


    <div id="divPillarLoadingMsg" style="display: none;background-color: white;">
      <div class="page-loader">
        <div class="loader loader-large"></div>
      </div>
    </div>
    <iframe id="productPillarFrame" ng-attr-lang="{{cultureFactory.options.language.key}}" src="" allowfullscreen="1" style="visibility: hidden;  z-index:-2;" frameborder="0" ng-class="{'iframeBreadcrumbAlign': enablePillarPageBreadcrumb &amp;&amp; enableBreadcrumbNav}" class="productpillars" title="module page frame"></iframe>
    <iframe id="PillarIFrame_TM" ng-attr-lang="{{cultureFactory.options.language.key}}" src="" style="visibility: hidden; z-index:-2;" frameborder="0" ng-class="{'iframeBreadcrumbAlign': enablePillarPageBreadcrumb &amp;&amp; enableBreadcrumbNav}" class="productpillars" title="module page frame"></iframe>


    <div class="dialog-footer-override-container"></div>
    <div master-slideout=""></div>
    <script type="text/javascript">
  ;
  (function(root, initializer) {
    // Create the factory for require
    var factory = initializer(root);
    root.jQuery(root.document).ready(function() {
      root.define('staticData', ['lodash', 'URI'], factory);
    });
  }(this, function(root) {
    var scriptPath = '/Core/';
    var photoPath = '/DataStore/CL12_SALES_TEST/Common/' + 'PersonImages' +'/';
    var filePath = '/DataStore/CL12_SALES_TEST/Common/' +  'FileAssets' + '/';
    var socialFilesPath = '/DataStore/CL12_SALES_TEST/Common/' + 'SocialFileAssets' + '/';
    var customHelpFilesPath = '/DataStore/CL12_SALES_TEST/Common/' + 'CustomHelpFiles' + '/';
    var isAuditEnabled = 'True';

    if (scriptPath.length > 0 && scriptPath.substr(scriptPath.length - 1, 1) === '/') {
      scriptPath = scriptPath.substr(0, scriptPath.length - 1);
    }
    var tenantKey = 'CL12_SALES_TEST';
    var htmlRootPath = '/Core/';
    var esbApiToken = 'eyJ0eXAiOiJKV1QiLCJhbGciOiJIUzI1NiJ9.eyJpc3MiOiJodHRwOlwvXC93d3cuc3VtdG90YWxzeXN0ZW1zLmNvbVwvY29yZXVpIiwic3ViIjoiQ29udHJpYnV0ZXIiLCJhdWQiOiJDTDEyX1NBTEVTX1RFU1QiLCJleHAiOjYzNjcwMDE0NjQyNDg1NjgxMywibmJmIjowLCJpYXQiOjYzNjcwMDEzNzQyNzUxMzEyOCwiYnNlc3Npb25pZCI6ImU5MDEwODAwZDkxMDQwYzliMjZlYjlmMDA3YjQwYzgxIiwiZXVzcmlkIjpudWxsLCJldXNybiI6bnVsbCwiY3VsIjoiZW4tVVMiLCJ1c2VyaWQiOiJDb250cmlidXRlciIsImd1ZXN0YWNjb3VudCI6MCwicGVyc29uaWQiOjEwMDg5MCwiaXNleHRlcm5hbCI6ZmFsc2UsInJwa2V5IjoiRUxJWEhSVUkifQ.5D13332A7B6D052607CF3AFF875B7F2841A526CB2F5B632FCDA7BDD551553E9B';

    function createAPIPaths() {
      return {
        learning:{
          calendarApi: '/Core/Learning/api/calendarapi/GetScheduleInfo',
          favoritesApi: '/Core/Learning/api/favoritesapi/RemoveFavorite',
          isCFREnvironment: 'https://cl12sales.sumtotaldevelopment.net/Services/api/lmpersistsettings/IsCFREnvrionment'
        },
        lmfavorite: {
          favorite: 'https://cl12sales.sumtotaldevelopment.net/Services/api/lmfavorite/favorite'
        },
        shoppingcart:{
          getCartItems : '/Core/Core/api/shoppingcartapi/GetCartItems',
          addActivityToCart:'/Core/Core/api/shoppingcartapi/AddActivityToCart'
        },
        sdo: {
          getInitiatives: 'https://cl12sales.sumtotaldevelopment.net/Services/api/users/{targetUserId}/initiatives',
          initiativeDetail: 'https://cl12sales.sumtotaldevelopment.net/Services/api/',
          initiativeDefinitionImage: 'https://cl12sales.sumtotaldevelopment.net/Services/api/initiativeDefinitions/{id}/images/{imageType}',
          getInitiativeDefinitions: 'https://cl12sales.sumtotaldevelopment.net/Services/api/admin/initiativeDefinitions',
          initiativeDefinitionDetail: 'https://cl12sales.sumtotaldevelopment.net/Services/api/admin/initiativeDefinitions/{id}',
          adminInitiative: 'https://cl12sales.sumtotaldevelopment.net/Services/api/admin/initiatives',
          terminateInitiative: 'https://cl12sales.sumtotaldevelopment.net/Services/api/admin/initiatives/{id}/terminate',
          saveProcessEntity: 'https://cl12sales.sumtotaldevelopment.net/Services/api/processEntities',
          administration: {
            loadProcessActionDefinitions: 'https://cl12sales.sumtotaldevelopment.net/Services/api/admin/processActionDefinitions',
            loadInitiativeActionDefinitions: 'https://cl12sales.sumtotaldevelopment.net/Services/api/admin/initiativeActionDefinitions',
            loadProcessActionsByDefinition: 'https://cl12sales.sumtotaldevelopment.net/Services/api/admin/processActionDefinitions/{id}/processActions',
            loadInitiativeActionDefinition: 'https://cl12sales.sumtotaldevelopment.net/Services/api/admin/initiativeActionDefinitions/{id}',
            loadTransitionEventsForInitiativeDefinitionToProcess: 'https://cl12sales.sumtotaldevelopment.net/Services/api/admin/initiativeDefinitionToProcesses/{id}/initiativeTransitionDetails',
            updateDefinitionStatus: 'https://cl12sales.sumtotaldevelopment.net/Services/api/admin/initiativeDefinitions/{id}/updateStatus',
            loadProcessStepViews: 'https://cl12sales.sumtotaldevelopment.net/Services/api/admin/processStepViews',
            assetsDefinitions:'https://cl12sales.sumtotaldevelopment.net/Services/api/admin/assetsDefinitions'
          }
        },
        search:{
          getObjectActions: 'https://cl12sales.sumtotaldevelopment.net/Services/api/action/getobjectactions',
          getFTEStatistics: 'https://cl12sales.sumtotaldevelopment.net/Services/api/search/getftestatistics',
          searchUrl: 'https://cl12sales.sumtotaldevelopment.net/Services/api/search/search',
          deleteSavedSearch:'https://cl12sales.sumtotaldevelopment.net/Services/api/search/DeleteSavedSearch',
          loadSavedSearch:'https://cl12sales.sumtotaldevelopment.net/Services/api/search/LoadSavedSearch',
          listUserSavedSearches: 'https://cl12sales.sumtotaldevelopment.net/Services/api/search/ListUserSavedSearches',
          saveSearch: 'https://cl12sales.sumtotaldevelopment.net/Services/api/search/SaveSearch',
          saveSearchUrl: 'https://cl12sales.sumtotaldevelopment.net/Services/api/search/SaveSearchTypes',
          searchSkillsoft: 'https://cl12sales.sumtotaldevelopment.net/Services/api/search/searchskillsoft',
          paginateSkillsoft: 'https://cl12sales.sumtotaldevelopment.net/Services/api/search/PaginatedSkillSoftResult',
          searchTypes: 'https://cl12sales.sumtotaldevelopment.net/Services/api/search/getenabledsearchtypes',
          allSearchTypes: 'https://cl12sales.sumtotaldevelopment.net/Services/api/search/getAllSearchTypes',
          suggestionUrl: 'https://cl12sales.sumtotaldevelopment.net/Services/api/search/suggestions',
          getFacets: 'https://cl12sales.sumtotaldevelopment.net/Services/api/search/searchFacets',
          getFacetFieldsList: 'https://cl12sales.sumtotaldevelopment.net/Services/api/search/searchFacetFields',
          includeFacet: 'https://cl12sales.sumtotaldevelopment.net/Services/api/search/includeFacetField',
          sortableFields: 'https://cl12sales.sumtotaldevelopment.net/Services/api/search/getSortableFields',
          esbApiToken: 'eyJ0eXAiOiJKV1QiLCJhbGciOiJIUzI1NiJ9.eyJpc3MiOiJodHRwOlwvXC93d3cuc3VtdG90YWxzeXN0ZW1zLmNvbVwvY29yZXVpIiwic3ViIjoiQ29udHJpYnV0ZXIiLCJhdWQiOiJDTDEyX1NBTEVTX1RFU1QiLCJleHAiOjYzNjcwMDE0NjQyNDg1NjgxMywibmJmIjowLCJpYXQiOjYzNjcwMDEzNzQyNzUxMzEyOCwiYnNlc3Npb25pZCI6ImU5MDEwODAwZDkxMDQwYzliMjZlYjlmMDA3YjQwYzgxIiwiZXVzcmlkIjpudWxsLCJldXNybiI6bnVsbCwiY3VsIjoiZW4tVVMiLCJ1c2VyaWQiOiJDb250cmlidXRlciIsImd1ZXN0YWNjb3VudCI6MCwicGVyc29uaWQiOjEwMDg5MCwiaXNleHRlcm5hbCI6ZmFsc2UsInJwa2V5IjoiRUxJWEhSVUkifQ.5D13332A7B6D052607CF3AFF875B7F2841A526CB2F5B632FCDA7BDD551553E9B',
          getSearchBinCountsUrl:'https://cl12sales.sumtotaldevelopment.net/Services/api/search/getSearchBinCounts',
          retrieveObjectSearchDiagnosticsUrl:'https://cl12sales.sumtotaldevelopment.net/Services/api/search/retrieveObjectSearchDiagnostics',
          getDocumentCountsUrl:'https://cl12sales.sumtotaldevelopment.net/Services/api/search/GetIndexableDocumentCounts',
          forceFullSearchUrl:'https://cl12sales.sumtotaldevelopment.net/Services/api/search/ForceFullSearchForBins',
          saveFavoriteJobUrl:'https://cl12sales.sumtotaldevelopment.net/Services/api/job/SaveFavoriteJob',
        },
        social:{
          getMyFeedUrl:'https://cl12sales.sumtotaldevelopment.net/Services/api/social/GetMyFeed',
          postMessageToYammer:'https://cl12sales.sumtotaldevelopment.net/Services/api/social/PostMessage',
          getAvailableGroupsUrl:'https://cl12sales.sumtotaldevelopment.net/Services/api/social/GetAvailableGroups',
          createGroupUrl:'https://cl12sales.sumtotaldevelopment.net/Services/api/social/CreateGroup',
          deleteGroupUrl:'https://cl12sales.sumtotaldevelopment.net/Services/api/social/DeleteGroup',
          deleteGroupMembershipUrl:'https://cl12sales.sumtotaldevelopment.net/Services/api/social/DeleteGroupMembership',
          addGroupMembershipUrl:'https://cl12sales.sumtotaldevelopment.net/Services/api/social/AddGroupMembership',
          getCurrentUserDataURL:'https://cl12sales.sumtotaldevelopment.net/Services/api/social/GetCurrentUserData',
          getAllUsersURL:'https://cl12sales.sumtotaldevelopment.net/Services/api/social/GetAllUsers',
          getGroupByIdUrl:'https://cl12sales.sumtotaldevelopment.net/Services/api/social/GetGroupById',
          validateGroupNameUrl:'https://cl12sales.sumtotaldevelopment.net/Services/api/social/ValidateGroupName',
          searchGroupUrl:'https://cl12sales.sumtotaldevelopment.net/Services/api/social/SearchGroup'
        },
        timeline:{
          approveTask:'https://cl12sales.sumtotaldevelopment.net/Services/api/timelineapi/ApproveTask',
        },
        bigData: {
          DismissEmployeeRecommendationsUrl: '/Core/Core/api/bigdataapi/DismissEmployeeRecommendations',
          CourseRecommendationForUserUrl: '/Core/Core/api/bigdataapi/GetCourseRecommendationForUser',
          getEmployeePositionFitData: '/Core/Core/api/bigdataapi/RetrieveEmployeePositionFitData',
          GetViewableJobsForUser: '/Core/Core/api/bigdataapi/GetViewableJobsForUser',
          SaveEmployeeRecommendPosition: '/Core/Core/api/bigdataapi/SaveEmployeeRecommendPosition',
          SaveEmployeeRecommendInterest:'/Core/Core/api/bigdataapi/SaveEmployeeRecommendInterest',
          GetViewableSubNodesForJob: '/Core/Core/api/bigdataapi/GetViewableSubNodesForJob',
          GetViewableNodesForJob :'/Core/Core/api/bigdataapi/GetViewableNodesForJob',
          GetJobByPersonId :'/Core/Core/api/bigdataapi/GetJobByPersonId',
          addOrRemoveJobFitAnalysis :'/Core/Core/api/bigdataapi/AddOrRemoveJobFitAnalysis',
          //External Job Recommendation Implementation
          GetViewableExternalJobsForUser: '/Core/Core/api/bigdataapi/GetViewableExternalJobsForUser'
        },
        translations: {
          retrieveTranslations: '/Core/Core/api/translationapi/RetrieveTranslations',
          getTranslationsForModelUrl: '/Core/Core/api/translationapi/GetTranslationsForModel' + '?modelTypeFullName=',
          getTranslationsForObjectUrl: '/Core/Core/api/translationapi/GetTranslationsForObject' + '?modelTypeFullName=',
          saveTranslationsForModelUrl: '/Core/Core/api/translationapi/SaveTranslationsForModel' + '?modelTypeFullName=',
          GetTranslationsForModelAndObjectUrl: '/Core/Core/api/translationapi/GetTranslationsForModelAndObject',
          saveTranslationsForModelAndObjectUrl: '/Core/Core/api/translationapi/SaveTranslationsForModelAndObject',
          getTranslationDefinitionsByCategoryUrl: '/Core/Core/api/translationapi/GetTranslationDefinitionsByCategory',
          getStaticTranslationsForEditorUrl: '/Core/Core/api/translationapi/GetStaticTranslationsForEditor',
          saveStaticTranslationsUrl: '/Core/Core/api/translationapi/SaveStaticTranslations',
          getTranslationCategoriesUrl: '/Core/Core/api/translationapi/GetTranslationCategories',
          getTranslationsUrl:'https://cl12sales.sumtotaldevelopment.net/Services/api/i18n',
        },
        settings: {
          retrieveSettings: '/Core/Core/api/settingapi/RetrieveSettings',
          saveSettings: '/Core/Core/api/settingapi/SaveSettings',
          getSettingsForPreferenceScreen: '/Core/Core/api/settingapi/GetSettingsForPreferenceScreen',
          getSettings: '/Core/Core/api/settingapi/GetSettings',
          saveSettingsForPreferenceScreen: '/Core/Core/api/settingapi/SaveSettingsForPreferenceScreen',
          deleteSettings: '/Core/Core/api/settingapi/DeleteSettings',
          getObjectCriteriaSettings: '/Core/Core/api/settingapi/GetObjectCriteriaSettings',
          SaveObjectCriteriaSettings: '/Core/Core/api/settingapi/SaveObjectCriteriaSettings',
          getTimelineSortOptions: '/Core/Core/api/settingapi/GetTimelineSortOptions'

        },
        mobileConfiguration: {
          getMobileConfiguration: '/Core/Core/api/settingapi/getMobileConfiguration',
          setMobileConfiguration: '/Core/Core/api/settingapi/setMobileConfiguration'
        },
        personalization: {
          retrievePersonalization: '/Core/Core/api/dashboardingapi/RetrievePersonalization',
          retrievePersonalizationType: '/Core/Core/api/dashboardingapi/RetrievePersonalizationType'
        },
        dashboard: {
          getWidget: '/Core/Core/api/dashboardingapi/GetWidgetData',
          saveWidget: '/Core/Core/api/dashboardingapi/SaveWidgetData',
          getMyTasksforNotificationURL: '/Core/Core/api/mytasksapi/GetTimelineNotifications',
          clearWidgetDataCache: '/Core/Core/api/dashboardingapi/ClearWidgetDataCache',
          clearSecurityCache: '/Core/Core/api/dashboardingapi/ClearSecurityCache',
          saveWidgetDashboard: '/Core/Core/api/dashboardingapi/SaveWidgetDashboardData',
          removeDashboard: '/Core/Core/api/dashboardingapi/RemoveDashboardData',
          removeDashboardPage: '/Core/Core/api/dashboardingapi/RemoveDashboardPageData',
          copyDashboard: '/Core/Core/api/dashboardingapi/CopyDashboard',
          copyDashboardPage: '/Core/Core/api/dashboardingapi/CopyDashboardPage',
          myTasksRefresh: '/Core/Core/api/mytasksapi/GetMyTasks',
          retrieveSingleWebPartsData: '/Core/Core/api/dashboardingapi/RetrieveSingleWebPartsData',
          resetDashboardPage: '/Core/Core/api/dashboardingapi/ResetDashboardPage',
          registrationRedirection:'/Core/Core/api/dashboardingapi/GetRegistrationRedirectionData',
          getAllDashboardPages:'/Core/Core/api/dashboardingapi/LoadAllWebPartPages',
		      setUserDefaultDashboard: '/Core/Core/api/dashboardingapi/SetUserDefaultDashboard',
          setDashboardPagePriority: '/Core/Core/api/dashboardingapi/SetDashboardPagePriority',
          getLandingPageDashboardPages:'/Core/Core/api/dashboardingapi/GetLandingPageDashboardPages',
          common: {
            retrieveEmployeePopupDetails: '/Core/Core/api/dashboardingapi/RetrieveEmployeePopupDetails'
          },
          webClock: {
            savePunch: '/Core/Core/api/dashboardingapi/SavePunchDetails',
            getPunch: '/Core/Core/api/dashboardingapi/LastPunchDetails',
            getPositionFromSearch:'/Core/Core/api/dashboardingapi/GetWFMSearch',
            getCostCenterFromSearch:'/Core/Core/api/dashboardingapi/GetWFMSearch',
            getWorkOrderFromSearch:'/Core/Core/api/dashboardingapi/GetWFMSearch',
            getWorkItemFromSearch:'/Core/Core/api/dashboardingapi/GetWFMSearch',
            saveCCP:'/Core/Core/api/dashboardingapi/SaveCCP'
          }
        },
        theming: {
          markThemeActive: '/Core/Core/api/themingapi/MarkThemeActive',
          markThemeAsDefault: '/Core/Core/api/themingapi/MarkThemeAsDefault',
          getHttpRequest: '/Core/Core/api/themingapi/GetHttpRequest',
          loadAllThemes: '/Core/Core/api/themingapi/LoadAllThemes',
          loadEditorViewData: '/Core/Core/api/themingapi/LoadEditorViewData',
          loadLessFiles: '/Core/Core/api/themingapi/LoadLessFiles',
          saveTheme: '/Core/Core/api/themingapi/SaveTheme',
          deleteTheme: '/Core/Core/api/themingapi/DeleteTheme',
          saveThemePrecedenceValues: '/Core/Core/api/themingapi/SaveThemePrecedenceValues',
          proxy: '/Core/proxy.html2canvas'
        },
        user: {
          getPersonIdByNumber: '/Core/Core/api/UserApi/GetPersonIdByNumber',
          getPersonNumberByIdUrl: 'https://cl12sales.sumtotaldevelopment.net/Services/api/core/person/GetPersonNumberById',
          getLoggedInPersonId: '/Core/Core/api/UserApi/GetLoggedInPersonId',
          profileOverview: '/Core/Core/api/profiledata/getprofileoverview',
          employeeMetricsData: '/Core/Core/api/profiledata/GetDataForEnabledProfileSections',
          getUserMiniProfile: '/Core/Core/api/profiledata/GetUserMiniProfile',
          directReportProfileOverview: '/Core/Core/api/profiledata/getprofileoverview',
          getRelationship: '/Core/Core/api/profiledata/getrelationship',
          GetOverAllPerformanceUrl : '/Core/Core/api/UserApi/GetPerformanceRatings',
          GetRecommendedLearningsUrl : '/Core/Core/api/UserApi/GetRecommendedLearnings'+ '?userId=' + 'FA69158F3C3C1CF1236653C0995DCDED' + '&viewPersonId=',
          GetPerformanceHistoryUrl : '/Core/Core/api/UserApi/GetPerformanceHistory',
          getGoalsForUserUrl: '/Core/Core/api/UserApi/GetGoalsForUser',
          getGoalDetailsForUserUrl: '/Core/Core/api/UserApi/GetGoalDetailsForUser',
          getGoalDetailsForTeamUrl: '/Core/Core/api/UserApi/GetGoalDetailsForTeam',
          saveGoalDetailsForUserUrl: '/Core/Core/api/UserApi/SaveGoalDetailsForUser',
          getCompensationDetails: '/Core/Core/api/UserApi/GetCompensationDetails',
          getOverAllCompensation: '/Core/Core/api/UserApi/GetCompensationRatings',
          getResumeData: '/Core/Core/api/resumeapi/GetResumeData?pId=FA69158F3C3C1CF1236653C0995DCDED',
          getResumeDataForTimeline: '/Core/Core/api/resumeapi/GetResumeData',
          getTeachingActivityUrl: '/Core/Core/api/UserApi/GetTeachingActivityDetails',
          getTeamHeaderCountsUrl: '/Core/Core/api/UserApi/GetTeamHeaderCounts',
          getOTPForBrowserExtension:'/Core/Core/api/UserApi/GetOTPForBrowserExtension',
        },

        organization: {
          keyMeasureData: '/Core/Core/api/orgchartapi/getkeymeasures',
          metricBarMetrics: '/Core/Core/api/orgchartapi/getmetricbarmetrics',
          metricBarMetricsForListOfUsers: '/Core/Core/api/orgchartapi/getmetricbarmetricsforlistofusers',
          saveNewHierarchyDetailsUrl: '/Core/Core/api/OrganizationApi/SaveNewHierarchyDetails',
          getCurrentHierarchiesUrl: '/Core/Core/api/OrganizationApi/GetCurrentHierarchies',
          getHierarchyDetailsUrl: '/Core/Core/api/OrganizationApi/GetHierarchyDetails' + '?hierarchyPK=',
          getChildOrganizationsUrl: '/Core/Core/api/OrganizationApi/GetChildOrganizations' + "?",//hierarchyPK=&organizationPK=
          getCodeByCatcdUrl: '/Core/Core/api/lookupsapi/codecats' + '?catcode=',
          getAutoGenOrgCode: '/Core/Core/api/OrganizationApi/GetAutoGenOrgCode',
          getCurrencyList: '/Core/Core/api/OrganizationApi/GetCurrencyList',
          getOrganizationUrl: '/Core/Core/api/OrganizationApi/GetOrganization' + '?organizationPK=',
          saveNewOrganizationDetailsUrl: '/Core/Core/api/OrganizationApi/SaveNewOrganizationDetails',
          createOrEditOrganizationUrl: '/Core/Core/api/OrganizationApi/CreateOrEditOrganization',
          DeleteOrganizationHierarchyUrl: '/Core/Core/api/OrganizationApi/DeleteOrganizationHierarchy',
          addUserByListUrl: '/Core/Core/api/OrganizationApi/AddUserByList',
          ConvertToDomainUrl: '/Core/Core/api/OrganizationApi/ConvertToDomain',
          getAllOrganization: '/Core/Core/api/OrganizationApi/SearchOrganization',
          getPermissionUrl: '/Core/Core/api/OrganizationApi/GetPermission',
          getInstalledPillars: '/Core/Core/api/jobapi/GetInstalledPillars',
          addUserInfoUrl: '/Core/Core/api/OrganizationApi/GetUserInfo',
          getOrgUserUrl: '/Core/Core/api/OrganizationApi/GetOrganizationUsers',
          getAudienceUrl: '/Core/Core/api/OrganizationApi/GetAudience',
          addUserByAudience: '/Core/Core/api/OrganizationApi/AddUserByAudience',
          exportOrganizationsURL: '/Core/Core/api/OrganizationApi/exportOrganization',
          
          editOrg: '/Core/Core/api/OrganizationApi/editOrgUser',
          deleteOrgUsersUrl: '/Core/Core/api/OrganizationApi/deleteOrgUsers',
          timeLineData: '/Core/Core/api/orgchartapi/gettimelinedata' + '?key=',
          employeeSearchForUser: '/Core/Core/api/orgchartapi/EmployeeSearchForUser',
          getSingleSupervisorHierarchyNode: '/Core/Core/api/orgchartapi/GetSingleSupervisorHierarchyNode',
          getSupervisorHierarchy: '/Core/Core/api/orgchartapi/GetSupervisorHierarchy',
          getPositionHierarchy: '/Core/Core/api/orgchartapi/GetPositionHierarchy',
          getDataForEnabledProfileSections: '/Core/Core/api/orgchartapi/GetDataForEnabledProfileSections',
          getAllMetrics: '/Core/Core/api/orgchartapi/GetAllMetrics',
          getSuccessorsForJobPosition: '/Core/Core/api/orgchartapi/GetSuccessorsForJobPosition',
          updateSuccessionForJobPosition: '/Core/Core/api/orgchartapi/UpdateSuccessionForJobPosition',
          getSpecifiedActivities: '/Core/Core/api/orgchartapi/GetSpecifiedActivities',
          getSettings: '/Core/Core/api/orgchartapi/GetSettings',
          isParentOrgURL :'/Core/Core/api/OrganizationApi/IsParentOrganization',
        },
        org: {
          GetUplineHierarchy: '/Core/Core/api/orgchartapi/GetUplineHierarchy',
          GetDirectReportsData: '/Core/Core/api/orgchartapi/GetDirectReportsData',
          GetManagerData: '/Core/Core/api/orgchartapi/GetManagerData',
        },
        tasks:{
          mytasks: '/Core/Core/api/mytasksapi/GetMyTasks' ,
          loadTimelineNotificationCount: '/Core/Core/api/mytasksapi/LoadTimelineNotificationCount' ,
          learningTasks: '/Core/Core/api/mytasksapi/GetLearningTasks',
          learningTasksCount: '/Core/Core/api/mytasksapi/GetLearningTasksCount',
        },
        myteam:
        {
          directReport : '/Core/Core/api/myteam/getteammember?mgrId=FA69158F3C3C1CF1236653C0995DCDED' ,
          directReportProfileOverview: '/Core/Core/api/profiledata/getprofileoverview'
        },
        security:{
          GetPortalSecuredRoutesUrl: '/Core/Core/api/securityapi/GetPortalSecuredRoutes',
          ListPermissionLevelsUrl: '/Core/Core/api/securityapi/ListPermissionLevels',
          LoadPermissionLevelByIdUrl: '/Core/Core/api/securityapi/LoadPermissionLevelById',
          GetRelationshipTo: '/Core/Core/api/securityapi/GetRelationship',
          ListSecurityGroupsUrl: '/Core/Core/api/securityapi/ListSecurityGroups',
          GetSecurityGroupsForUserUrl: '/Core/Core/api/securityapi/GetSecurityGroupsForUser',
          LoadSecurityGroupByIdUrl: '/Core/Core/api/securityapi/LoadSecurityGroupById',
          DeletePermissionLevelDataUrl: '/Core/Core/api/securityapi/DeletePermissionLevel',
          SavePermissionLevelDataUrl: '/Core/Core/api/securityapi/SavePermissionLevel',
          SaveSecurityGroupUrl: '/Core/Core/api/securityapi/SaveSecurityGroup',
          ListPermissionDefinitionsUrl: '/Core/Core/api/securityapi/ListPermissionDefinitions',
          DeleteSecurityGroupDataUrl: '/Core/Core/api/securityapi/DeleteSecurityGroup',
          //GetApplicationRoleTypesUrl: '/Core/Core/api/securityapi/GetApplicationRoleTypes',
          GetApplicationRoleTypesUrl: '/Core/Core/api/securityapi/GetAllPortalRoles',
          GetAllPortalRolesUrl: '/Core/Core/api/securityapi/GetAllPortalRoles',
          SearchApplicationRolesUrl: '/Core/Core/api/securityapi/SearchApplicationRoles',
          ListPermissionDefinitionsByObjTypeUrl: '/Core/Core/api/securityapi/ListPermissionDefinitionsByObjType',
          GetSecurityGroupObjectPermissionsUrl: '/Core/Core/api/securityapi/ListSecurityGroupObjectPermissions',
          AddUpdateSecurityGroupObjectPermissionsUrl: '/Core/Core/api/securityapi/AddUpdateSecurityGroupObjectPermission',
          GetMasterSitemapForPMConfigurationUrl: '/Core/Core/api/securityapi/GetMasterSitemapForPMConfiguration',
          GetBreadcrumbDataForSitemapNodeUrl: '/Core/Core/api/securityapi/GetBreadcrumbDataForSitemapNode',

          SaveMasterSitemapForPMConfigurationUrl: '/Core/Core/api/securityapi/SaveMasterSitemapForPMConfiguration',
          GetAllRelyingPartiesUrl: '/Core/Core/api/securityapi/GetRelyingPartiesForCurrentTenant',
          DeleteSitemapNodeUrl: '/Core/Core/api/securityapi/DeleteSitemapNode',
          ResetChangePasswordByAdmin: '/Core/Core/api/securityapi/ResetChangePasswordByAdmin',
          GetPasswordRules: '/Core/Core/api/securityapi/GetPasswordRules',
          DeleteSitemapNodeUrl: '/Core/Core/api/securityapi/DeleteSitemapNode',
          GetUserLoginHistoryUrl: '/Core/Core/api/securityapi/GetUserLoginHistory',
          getSecurityRelationshipNameList: '/Core/Core/api/profiledata/GetSecurityRelationshipNameList',
          getSecurityRelationship: '/Core/Core/api/profiledata/GetSecurityRelationship',
          getSecurityRelationshipCategoryList: '/Core/Core/api/profiledata/GetSecurityRelationshipCategoryList',
          GetEmployeeProfileSitemap: '/Core/Core/api/securityapi/GetEmployeeProfileSitemap',
          addSecurityRelationship: '/Core/Core/api/profiledata/AddSecurityRelationship',
          updateSecurityRelationship: '/Core/Core/api/profiledata/UpdateSecurityRelationship',
          deleteSecurityRelationship: '/Core/Core/api/profiledata/DeleteSecurityRelationship',
          getMultiLangDetails: '/Core/Core/api/profiledata/GetMultiLangDetails',
          ResetSecurityGroupObjectPermissionUrl: '/Core/Core/api/securityapi/ResetSecurityGroupObjectPermission',
          InheritSecurityGroupObjectPermissionsUrl: '/Core/Core/api/securityapi/InheritSecurityGroupObjectPermissions',

          GetESignatureSettings: '/Core/Core/api/securityapi/GetESignatureSettings',
          ListObjectSecurityGroupsUrl: '/Core/Core/api/securityapi/ListObjectSecurityGroups',
          apiTokenUrl: '/Core/Core/api/securityapi/retrieveApiToken',
          GetUAToken: '/Core/Core/api/securityapi/GetUAToken',
          EmulateProfileByAdmin: '/Core/Core/api/securityapi/EmulateProfileByAdmin',
          IsModuleLicensed: '/Core/Core/api/securityapi/IsModuleLicensed',
          GetSecurityPermissions: '/Core/Core/api/securityapi/GetSecurityPermissions',
          getPageHelpUrl: '/Core/Core/api/securityapi/GetPageHelpUrl'

        },
        library:
        {
          libraryApiURL:'/Core/Core/api/libraryapi/GetCatalogs',
          libraryGetTopicURL:'/Core/Core/api/libraryapi/GetCurrentTopic',
          relatedTopicsApiURL:'/Core/Core/api/libraryapi/GetRelatedTopics'
        },
        trainingActivity:
        {
          activityApi:'/Core/Core/api/trainingapi/GetActivitySummaryDetails'
        },
        eSignature:
        {
          eSignatureApi:'/Core/Core/api/esignatureapi/GetESignatureTranslation'
        },
        password:
        {
          ListProhibitedWordUrl: '/Core/Core/api/passwordmanagerapi/ListProhibitedWords',
          ListSecurityQuestionsUrl: '/Core/Core/api/passwordmanagerapi/ListSecurityQuestions',
          GetUserLanaguageListUrl: '/Core/Core/api/passwordmanagerapi/GetUserLanaguageList',
          SaveSecurityQuestionsUrl: '/Core/Core/api/passwordmanagerapi/SaveSecurityQuestion',
          ListUserSecQuestionsUrl: '/Core/Core/api/passwordmanagerapi/ListUserSecQuestions',
          SaveUserSecQuestionsDataUrl: '/Core/Core/api/passwordmanagerapi/SaveUserSecQuestions',
          SavePasswordPolicyUrl: '/Core/Core/api/passwordmanagerapi/SavePasswordPolicy',
          GetPasswordPolicyUrl: '/Core/Core/api/passwordmanagerapi/GetPasswordPolicies',
          GetPasswordPolicyByIdUrl: '/Core/Core/api/passwordmanagerapi/GetPasswordPolicyById',
          GetPasswordPolicyForUserUrl: '/Core/Core/api/passwordmanagerapi/GetPasswordPolicyForUser',
          GetPasswordRulesForUserUrl: '/Core/Core/api/passwordmanagerapi/GetPasswordRulesForUser',
          GetSecurityQuestionsForUserUrl: '/Core/Core/api/passwordmanagerapi/GetSecurityQuestionsForUser',
          DeletePasswordPoliciesUrl: '/Core/Core/api/passwordmanagerapi/DeletePasswordPolicies',
          SaveProhibitedWordsDataUrl: '/Core/Core/api/passwordmanagerapi/SaveProhibitedWords',
          GetRulesAndSettingsUrl: '/Core/Core/api/passwordmanagerapi/GetRulesAndSettings',
          SaveRulesAndSettingsUrl: '/Core/Core/api/passwordmanagerapi/SaveRulesAndSettings',
          SaveEntityAssignmentUrl: '/Core/Core/api/passwordmanagerapi/SaveEntityAssignment',
          GetPasswordSettingsUrl: '/Core/Core/api/passwordmanagerapi/GetPasswordSettings',
          SavePasswordSettingsUrl: '/Core/Core/api/passwordmanagerapi/SavePasswordSettings',
          ResetPasswordUrl: '/Core/Core/api/passwordmanagerapi/ResetPassword'
        },
        myprofile:{
          getWorkerPersonalDetailsUrl: '/Core/Core/api/profiledata/GetWorkerPersonalDetails',
          saveWorkerPersonalDetailsUrl: '/Core/Core/api/profiledata/SaveWorkerPersonalDetails',
          getWorkerProfileUrl: '/Core/Core/api/profiledata/GetWorkerProfile',
          getWorkerBasicProfileUrl: '/Core/Core/api/profiledata/GetWorkerBasicProfile',
          disabledUserProfileUrl: '/Core/Core/api/profiledata/DisableUserLogins',
          enabledUserProfileUrl: '/Core/Core/api/profiledata/EnableUserLogins',
          terminatePersonDetailsUrl: '/Core/Core/api/profiledata/TerminateWorkerProfile',
          restorePersonDetailsUrl: '/Core/Core/api/profiledata/RestoreWorkerProfile',
          getReassignManagerData: '/Core/Core/api/profiledata/GetReassignManagerData',
          getUsersForReassignManager: '/Core/Core/api/profiledata/getUsersForReassignManager',
          updateUsersReassignManager: '/Core/Core/api/profiledata/UpdateUsersReassignManager',
          getPendingTasksForChangeManager: '/Core/Core/api/profiledata/GetPendingTasksForChangeManager',
          updatePersonRelationDetails: '/Core/Core/api/profiledata/UpdateManagerForPerson',
          getSearchUsers: '/Core/Core/api/profiledata/SearchUser',
          getFreeTextSearchUsers: '/Core/Core/api/profiledata/FreeTextUserSearch',
          getAllUser: '/Core/Core/api/profiledata/GetAllUser',
          exportUsers: '/Core/Core/api/profiledata/ExportUsers',
          removeAccount: '/Core/Core/api/profiledata/RemoveAccount',
          getSecurityRightsUrl: '/Core/Core/api/profiledata/GetSecurityRights',
          getMergeUserConflicts: '/Core/Core/api/profiledata/MergeUserConflicts',
          getTMCheckMergeUser: '/Core/Core/api/profiledata/TMCheckMergeUser',
          mergeUserAccounts: '/Core/Core/api/profiledata/MergeUserAccounts',
          listofmergeAccounts: '/Core/Core/api/profiledata/ListofMergeAccounts',
          exportMergeAccounts: '/Core/Core/api/profiledata/ExportMergeAccounts',
          getMergeUserStatus: '/Core/Core/api/profiledata/GetMergeUserStatus',
          addUpdatePersonUrl: '/Core/Core/api/profiledata/AddUpdatePerson',
          getUserPermissionsUrl: '/Core/Core/api/profiledata/GetUserPermissions',
          getUserPermissionsForEmulateProfileUrl: '/Core/Core/api/profiledata/GetUserPermissionsForEmulateProfile',
          exportPendingApprovalsUrl: '/Core/Core/api/profiledata/ExportPendingApproval',
          ExportPendingAccounts: '/Core/Core/api/profiledata/ExportPendingAccounts',
          getAdvancedPendingApprovalUrl:'/Core/Core/api/profiledata/GetAdvancedPendingApproval',
          ActOnPendingApprovalUrl:'/Core/Core/api/profiledata/ActOnPendingApproval',
          getWorkerPersonalDetailsPAUrl: '/Core/Core/api/profiledata/GetWorkerPersonalDetails',
          pendingApprovalSecurityCheckUrl: '/Core/Core/api/profiledata/PendingApprovalSecurityCheck',
          editUserUrl: '/Core/Core/api/profiledata/EditUser',
          getEmployeeTypeUrl: '/Core/Core/api/profiledata/GetEmployeeType',
          GetProfileOverviewMini: '/Core/Core/api/profiledata/GetProfileOverviewMini',
          gePersonHomeAddressUrl:'/Core/Core/api/profiledata/getUserHomeAddress',
          getCreateUserPermissionUrl: '/Core/Core/api/profiledata/GetCreateUserPermissions',
          isGuestUserUrl: '/Core/Core/api/profiledata/IsGuestUser',
        },

        //added
        myUnlockdata: {
          doUnlockDataUrl: '/Core/Core/api/profiledata/doUnlockAccount'
        },
        commonUtilApis: {
          enabledPillarsUrl: '/Core/Core/api/commonapi/GetEnabledPillars'
        },
        jobtemplates:{
          getNextJobNumUrl: '/Core/Core/api/jobapi/GetNextJobNum',
          getJobTemplatesUrl: '/Core/Core/api/jobapi/GetJobTemplates',
          getJobTemplateUrl: '/Core/Core/api/jobapi/GetJobTemplate',   //Deprecated, use getJobTemplateByIdUrl instead
          getJobTemplateByIdUrl: '/Core/Core/api/jobapi/getJobTemplateById',
          getNextJobsUrl: '/Core/Core/api/jobapi/GetNextJobs',
          getCompetenciesFromJobUrl: '/Core/Core/api/jobapi/GetCompetenciesFromJob',
          getJobRequirementsForUserUrl: '/Core/Core/api/jobapi/GetJobRequirementsForUser',
          copyJobTemplatesUrl: '/Core/Core/api/jobapi/CopyJobTemplates',
          deleteJobTemplatesUrl: '/Core/Core/api/jobapi/DeleteJobTemplates',
          saveJobTemplatesUrl: '/Core/Core/api/jobapi/SaveJobTemplate',
          getInstalledPillars: '/Core/Core/api/jobapi/GetInstalledPillars',
          getCoreRelationships: '/Core/Core/api/jobapi/GetCoreRelationships',
          getCodeByCatcdUrl: '/Core/Core/api/lookupsapi/codecats' + '?catcode=',
          exportJobTemplates: '/Core/Core/api/jobapi/ExportJobTemplates',
          getPermissionUrl: '/Core/Core/api/jobapi/GetPermission',
        },
        skills:{
          getSkillsUrl: '/Core/Core/api/skill/GetSkills',
          getSkillUrl: '/Core/Core/api/skill/GetSkill',
          copySkillsUrl: '/Core/Core/api/skill/CopySkills',
          deleteSkillsUrl: '/Core/Core/api/skill/DeleteSkills',
          saveSkillsUrl: '/Core/Core/api/skill/SaveSkill',
          getContentTypesUrl: '/Core/Core/api/skill/getContentTypes',
          getCodeByCatcdUrl: '/Core/Core/api/lookupsapi/codecats' + '?catcode=',
          exportSkills: '/Core/Core/api/skill/ExportSkills',
          getPermissionUrl: '/Core/Core/api/skill/GetPermission',
          getSkillCategoriesUrl: 'https://cl12sales.sumtotaldevelopment.net/Services/api/SkillCategories/GetSkillCategoriesData',
          saveSkillDataUrl:'https://cl12sales.sumtotaldevelopment.net/Services/api/SkillCategories/SaveSkillWithCategories',
          saveSkillCategoryLevelUrl:'https://cl12sales.sumtotaldevelopment.net/Services/api/SkillCategories/SaveSkillCategoryLevel',
        },

        competencies:{
          getCompetenciesUrl: '/Core/Core/api/competencyapi/GetCompetencies',
          getCompetenciesByPersonUrl: '/Core/Core/api/competencyapi/GetCompetenciesByPerson',
          exportCompetenciesUrl: '/Core/Core/api/competencyapi/ExportCompetencies',
          getCompetencyUrl: '/Core/Core/api/competencyapi/GetCompetency',
          saveCompetencyUrl: '/Core/Core/api/competencyapi/SaveCompetency',
          saveEnabledLanguagesUrl: '/Core/Core/api/competencyapi/GetEnabledLanguages',
          getPermissionUrl: '/Core/Core/api/competencyapi/GetPermission',
          deleteCompetenciesUrl: '/Core/Core/api/competencyapi/DeleteCompetencies',
        },

        recruitingquestion:{
          getRecruitingQuestionById: '/Core/Core/api/recruitingquestionapi/GetRecruitingQuestionById',
          getDateTimeById: '/Core/Core/api/recruitingquestionapi/GetDateTimeById',
          getMultipleTextBoxesById: '/Core/Core/api/recruitingquestionapi/GetMultipleTextBoxesById',
          getRatingMatrixById: '/Core/Core/api/recruitingquestionapi/GetRatingMatrixById',
          getRatingById: '/Core/Core/api/recruitingquestionapi/GetRatingById',
          getRecruitingQuestionWithChoicesById: '/Core/Core/api/recruitingquestionapi/GetRecruitingQuestionWithChoicesById',
          getMultiSelectListDropdownsById: '/Core/Core/api/recruitingquestionapi/GetMultiSelectListDropdownsById',

          getRecruitingQuestions: '/Core/Core/api/recruitingquestionapi/GetRecruitingQuestions',
          getFilteredRecruitingQuestions: '/Core/Core/api/recruitingquestionapi/GetFilteredRecruitingQuestions',

          addOrUpdateFlattenRecruitingQuestion: '/Core/Core/api/recruitingquestionapi/AddOrUpdateFlattenRecruitingQuestion',
          addOrUpdateDateTimeRecruitingQuestion: '/Core/Core/api/recruitingquestionapi/AddOrUpdateDateTimeRecruitingQuestion',
          addOrUpdateMultipleTextBoxes: '/Core/Core/api/recruitingquestionapi/AddOrUpdateMultipleTextBoxes',
          addOrUpdateRatingMatrix: '/Core/Core/api/recruitingquestionapi/AddOrUpdateRatingMatrix',
          addOrUpdateRecruitingQuestionWithChoices: '/Core/Core/api/recruitingquestionapi/AddOrUpdateRecruitingQuestionWithChoices',
          addOrUpdateMultiSelectListDropdowns: '/Core/Core/api/recruitingquestionapi/AddOrUpdateMultiSelectListDropdowns',

          restoreOrInactivateRecruitingQuestion: '/Core/Core/api/recruitingquestionapi/RestoreOrInactivateRecruitingQuestion',
          deleteRecruitingQuestions: '/Core/Core/api/recruitingquestionapi/DeleteRecruitingQuestions',

          searchRecruitingQuestionTags: '/Core/Core/api/recruitingquestionapi/SearchRecruitingQuestionTags',
          getAllRecruitingQuestionTags: '/Core/Core/api/recruitingquestionapi/GetAllRecruitingQuestionTags'
        },

        competencyModels:{
          getPermissionUrl: '/Core/Core/api/competencymodelapi/GetPermission',
          getCompetencyModelsUrl: '/Core/Core/api/competencymodelapi/getcompetencymodels',
          saveCompetencyModelsUrl: '/Core/Core/api/competencymodelapi/savecompetencymodel',
          getCompetencyModelEditUrl: '/Core/Core/api/competencymodelapi/getcompetencymodel' + '?targetAssessmentID=',
          deleteCompetencyModelsUrl: '/Core/Core/api/competencymodelapi/deletecompetencymodels' + '?targetAssessmentIDs=',
          copyCompetencyModelsUrl: '/Core/Core/api/competencymodelapi/CopyCompetencyModel' + '?targetAssessmentIDs='
        },

        behaviors:{
          getBehaviorDetailsUrl: '/Core/Core/api/behaviorapi/GetBehaviorDetail',
          getBehaviorsByCmpIdUrl: '/Core/Core/api/behaviorapi/GetBehaviorsbyCmpID',
          getBehaviorsByCmpIdsUrl: 'https://cl12sales.sumtotaldevelopment.net/Services/api/behavior/GetBehaviorsByCmpIDs',
          SaveNewBehaviorDetailUrl: '/Core/Core/api/behaviorapi/SaveNewBehaviorDetail',
          DeleteOrCopyBehaviorsUrl: '/Core/Core/api/behaviorapi/DeleteOrCopyBehaviors',
          ExportBehaviorsUrl: '/Core/Core/api/behaviorapi/ExportBehaviors',
          getPermissionUrl: '/Core/Core/api/behaviorapi/GetPermission',
          getLeftNavPermissionUrl: '/Core/Core/api/behaviorapi/getLeftNavPermission',
          getAssociatedActivitiesUrl: '/Core/Core/api/behaviorapi/getAssocicatedActivities',
          getActivitiesBySearchCritUrl: '/Core/Core/api/behaviorapi/getActivitiesBySearchCrit',
          addDeleteActivitiesUrl: '/Core/Core/api/behaviorapi/addDeleteActivities',
        },
        domains:{
          getListofLMOrgandDomainsUrl: '/Core/Core/api/DomainDataApi/GetListofDomains',
          getCurrentLoginUserDomainUrl: '/Core/Core/api/DomainDataApi/GetCurrentLoginUserDomain',
          expireCurrentDomainCache: '/Core/Core/api/DomainDataApi/ExpireCurrentDomainCache'
        },
        lookups:{
          getListofLMSecurityRolesUrl: '/Core/Core/api/LookupsApi/GetListofLMSecurityRoles',
          getListofTMBusinessUrl: '/Core/Core/api/LookupsApi/GetListofTMBusiness',
          getCodeDefinitionsUrl: '/Core/Core/api/lookupsapi/allcodecats',
          getCodesUrl: '/Core/Core/api/lookupsapi/codecats',
          getMultipleCodesUrl: '/Core/Core/api/lookupsapi/GetCodeDefinitions',
          getCodesForRatingUrl: '/Core/Core/api/lookupsapi/codecatsforrating',
          getCodeDefinitionsListUrl: '/Core/Core/api/lookupsapi/codecatsforedit',
          getCodeDefinitionsEditUrl: '/Core/Core/api/lookupsapi/editcodecat',
          getCodeDefinitionscodesforeditUrl: '/Core/Core/api/lookupsapi/codesforedit',
          getLinkedCodesForCatcd: '/Core/Core/api/lookupsapi/linkedcodes',
          getCodeDefinitionsSaveUrl: '/Core/Core/api/lookupsapi/savecodecat',
          getCodeDefinitionUpdateStatusUrl: '/Core/Core/api/lookupsapi/updatecodecatstatus',
          getCodesEditUrl: '/Core/Core/api/lookupsapi/editcode',
          getCodesSaveUrl: '/Core/Core/api/lookupsapi/savecode',
          getCodeUpdateStatusUrl: '/Core/Core/api/lookupsapi/updatecodestatus',
          getTimezonesUrl: '/Core/Core/api/lookupsapi/alltimezones',
          getCodeByCatcdUrl: '/Core/Core/api/lookupsapi/codecats' + '?catcode='
        },
        developmentplan:{
          getDevPlanofUserForPeriodUrl: '/Core/Core/api/developmentplanapi/GetDevelopmentPlanForOwnerForPeriod',
          getDevelopmentPlanTasksForPlanUrl: '/Core/Core/api/developmentplanapi/GetDevelopmentPlanTasksForPlan',
          getDevelopmentPlanActivitiesForOwner: '/Core/Core/api/developmentplanapi/GetDevelopmentPlanActivitiesForOwner',
          SaveDevelopmentPlanUrl: '/Core/Core/api/developmentplanapi/SaveDevelopmentPlan',
          SaveDevelopmentPlanActivityUrl: '/Core/Core/api/developmentplanapi/SaveDevelopmentPlanActivity',
          getGoalPeriodsUrl: '/Core/Core/api/developmentplanapi/GetGoalPeriodsList',
          deleteDevelopmentPlanActivityUrl: '/Core/Core/api/developmentplanapi/DeleteDevPlanActivity',
          deleteDevelopmentPlanGroupUrl: '/Core/Core/api/developmentplanapi/DeleteDevelopmentPlanGroup',
          getDevPlanGroupsUrl: '/Core/Core/api/developmentplanapi/GetDevPlanGroups',
          saveDevPlanGroupsUrl: '/Core/Core/api/developmentplanapi/SaveDevelopmentPlanGroup',
          saveDevPlanPeriodUrl: '/Core/Core/api/developmentplanapi/SaveDevelopmentPlanPeriod',
          getDirectReportsDataUrl:'/Core/Core/api/developmentplanapi/getDirectReportsData',
          saveMultipleActivitiesUrl:'/Core/Core/api/developmentplanapi/MultiAssignActivity',
          getAllCompetenciesUrl: '/Core/Core/api/developmentplanapi/GetAllCompetencies',
          getActivitiesForCompetencyUrl: '/Core/Core/api/developmentplanapi/GetActivitiesForCompetency',
          SaveApprovalStatusUrl: '/Core/Core/api/developmentplanapi/SaveApprovalStatus',
          getLatestPeriodUrl: '/Core/Core/api/developmentplanapi/GetLatestGoalPeriod',
          getDevPlanOfUsersForAPeriodUrl: '/Core/Core/api/developmentplanapi/GetDevPlanOfUsersForAPeriod',
          getDevPlanOwnerInfoUrl: '/Core/Core/api/developmentplanapi/GetDevPlanOwnerInfo',
          getDevPlanOwnerUserNameUrl: '/Core/Core/api/developmentplanapi/GetDevPlanOwnerUserName',
          getUserJobUrl: '/Core/Core/api/developmentplanapi/GetUserJob',
          getCompetenciesForUserJobUrl: '/Core/Core/api/developmentplanapi/GetCompetenciesForUserJob',
          getCompetencyBehaviorsUrl: '/Core/Core/api/developmentplanapi/GetCompetencyBehaviors',
          getCodesForDevPlanUrl: '/Core/Core/api/developmentplanapi/GetCodesForDevPlan',
          getRatingScaleUrl: '/Core/Core/api/developmentplanapi/GetRatingScale',
          getTargetScaleUrl: '/Core/Core/api/developmentplanapi/GetTargetScale',
          getAssessedCompetenciesUrl: '/Core/Core/api/developmentplanapi/GetAssessedCompetencies',
          getmodelDataUrl:'/Core/Core/api/developmentplanapi/GetmodelData',
          getCompetenciesForPositionUrl: '/Core/Core/api/developmentplanapi/GetCompetenciesForPosition',
          HasManagerRelationshipUrl:'/Core/Core/api/developmentplanapi/HasManagerRelationship',
          getActivitiesBySearchCritUrl: '/Core/Core/api/developmentplanapi/getActivitiesBySearchCrit',
          getManagerCommentsForDevPlanUrl: '/Core/Core/api/developmentplanapi/GetManagerCommentsForDevPlan',
          getUDPGroupsUrl: '/Core/Core/api/developmentplanapi/GetUDPGroups',
          getUDPGroupDetailsUrl: '/Core/Core/api/developmentplanapi/GetUDPGroupDetails',
          saveUDPGroupDataUrl: '/Core/Core/api/developmentplanapi/SaveUDPGroupData',
          checkDevelopmentPlanSecurityUrl: '/Core/Core/api/developmentplanapi/CheckDevelopmentPlanSecurity',
          SaveDevelopmentPlanObjective: 'https://cl12sales.sumtotaldevelopment.net/Services/api/UDP/SaveDevelopmentPlanObjective',
          getDevPlanObjectives: 'https://cl12sales.sumtotaldevelopment.net/Services/api/UDP/GetDevPlanObjectives',
          deleteObjective: 'https://cl12sales.sumtotaldevelopment.net/Services/api/UDP/DeleteObjective',
          getDevelopmentPlanForOwner: 'https://cl12sales.sumtotaldevelopment.net/Services/api/UDP/GetDevelopmentPlanForOwner'
        },
        newDevelopmentPlan:{
          createEditTaskURL: 'https://cl12sales.sumtotaldevelopment.net/Services/api/UDP/CreateEditTask',
          getDevPlanForUserURL: 'https://cl12sales.sumtotaldevelopment.net/Services/api/UDP/GetUnifiedDevelopmentPlan',
          getDevPlanObjectivesURL: 'https://cl12sales.sumtotaldevelopment.net/Services/api/UDP/GetDevPlanObjectives',
          getDevPlanTasksURL: 'https://cl12sales.sumtotaldevelopment.net/Services/api/UDP/GetDevPlanTasks',
          saveUDPConfigSettingsUrl: 'https://cl12sales.sumtotaldevelopment.net/Services/api/UDP/SaveUDPConfigSettings',
          togglePrivateStatusUrl: 'https://cl12sales.sumtotaldevelopment.net/Services/api/UDP/TogglePrivateStatus',
          saveMultipleActivitiesUrl:'https://cl12sales.sumtotaldevelopment.net/Services/api/UDP/MultiAssignActivity',
          getDevelopmentPlanSettingsUrl:'https://cl12sales.sumtotaldevelopment.net/Services/api/UDP/GetDevelopmentPlanSettings',
          getSkillsForDevPlanTasksUrl: 'https://cl12sales.sumtotaldevelopment.net/Services/api/UDP/GetSkillsForDevPlanTasks',
          getCompetenciesForDevPlanTasksUrl:'https://cl12sales.sumtotaldevelopment.net/Services/api/UDP/GetCompetenciesForDevPlanTasks',
          getSkillsForJobUrl : 'https://cl12sales.sumtotaldevelopment.net/Services/api/UDP/GetSkillsForJob',
          GetActivitiesForSkillUrl:'https://cl12sales.sumtotaldevelopment.net/Services/api/UDP/GetActivitiesForSkill',
          GetSkillsForUserUrl:'https://cl12sales.sumtotaldevelopment.net/Services/api/UDP/GetSkillsForUser',
          GetJobsForActivitiesUrl:'https://cl12sales.sumtotaldevelopment.net/Services/api/UDP/GetJobsForActivities'
        },
        userManagement:{
          getModelsUrl: '/Core/Core/api/globalconfiguratorapi/models',
          getGlobalConfigurationUrl: '/Core/Core/api/globalconfiguratorapi/globalconfigurations',
          saveGlobalConfigurationUrl: '/Core/Core/api/globalconfiguratorapi/saveglobalconfiguration',
          getAdvancedConfigurationUrl: '/Core/Core/api/globalconfiguratorapi/advancedconfigurations',
          saveAdvancedConfigurationUrl: '/Core/Core/api/globalconfiguratorapi/saveadvancedconfiguration',
          getModelConfigurationUrl: '/Core/Core/api/globalconfiguratorapi/modelconfigurations',
          getAvailableUserFieldsUrl: '/Core/Core/api/globalconfiguratorapi/availableuserfields?targetuserid=',
          getAvailableEditUserLinksUrl: '/Core/Core/api/globalconfiguratorapi/availableedituserlinks',
          getExtendedAdvancedConfigurationUrl: '/Core/Core/api/globalconfiguratorapi/extendedconfigurations',
          getAdvancedSectionConfigurationUrl: '/Core/Core/api/globalconfiguratorapi/extendedsectionconfigurations',
          saveExtendedConfigurationUrl: '/Core/Core/api/globalconfiguratorapi/saveextendedconfiguration',
          forgetUserListUrl: 'https://cl12sales.sumtotaldevelopment.net/Services/api/user/forgetuserlist',
          forgetUserUrl: 'https://cl12sales.sumtotaldevelopment.net/Services/api/user/forgetuser'
        },
        userAccount:{
          getUserAccountGeneralSettingsUrl:  '/Core/Core/api/UserAccountCreationApi/GetUserAccountCreationGeneralSettings',
          saveUserAccountGeneralSettingsUrl:  '/Core/Core/api/UserAccountCreationApi/SaveUserAccountCreationGeneralSettings',
          getSSOBrokerUrl:'/Core/Core/api/UserAccountCreationApi/GetSSOBrokerUrl'
        },
        udpConfiguration:{
          getGoalPeriodsUrl: '/Core/Core/api/developmentplanapi/GetGoalPeriodsList',
          getGoalPeriodUrl: '/Core/Core/api/developmentplanapi/GetGoalPeriod',
          saveGoalPeriodUrl: '/Core/Core/api/developmentplanapi/SaveGoalPeriod',
          deleteGoalPeriodsUrl: '/Core/Core/api/developmentplanapi/DeleteGoalPeriods',
          getUdpRequiresApprovalConfigUrl: '/Core/Core/api/developmentplanapi/GetUdpApprovalCofiguration',
          getDevelopmentPlanConfigurationUrl: '/Core/Core/api/developmentplanapi/GetDevelopmentPlanConfiguration',
          getActiveLanguagesUrl: '/Core/Core/api/developmentplanapi/GetActiveLanguages'
        },
        myresume:{
          getResumeDataUrl: '/Core/Core/api/ResumeApi/GetResumeData',
          getCertificationNamesDataUrl: '/Core/Core/api/LookupsApi/GetCertificationNamesList',
          getLstinstitutionsNamesDataUrl: '/Core/Core/api/LookupsApi/GetAvailableSchools',
          getViewLanguageProficiencyDataUrl: '/Core/Core/api/ResumeApi/GetLanguageProficiencyList',
          getEducationByIdUrl: '/Core/Core/api/ResumeApi/GetEducationById',
          getViewLocationPreferenceDataUrl: '/Core/Core/api/ResumeApi/GetLocationPreferenceList',
          getCareerInformationDataUrl: '/Core/Core/api/ResumeApi/GetCareerInformation',
          saveCareerInformationForUserUrl: '/Core/Core/api/ResumeApi/SaveCareerInformationForUser',
          deleteLocationPreferenceUrl: '/Core/Core/api/ResumeApi/deleteLocationPreference',
          getCountriesUrl: '/Core/Core/api/LookupsApi/countries',
          getStatesbyIdUrl: '/Core/Core/api/LookupsApi/provinces',
          getCitiesByIdUrl: '/Core/Core/api/LookupsApi/GetCities',
          getDegreesUrl: '/Core/Core/api/ResumeApi/degreeOptions',
          getWorkExperienceListUrl: '/Core/Core/api/ResumeApi/GetWorkExperienceList',
          saveWorkExperienceDetailsUrl: '/Core/Core/api/ResumeApi/SaveWorkExperienceDetails',
          getIndustryListUrl: '/Core/Core/api/ResumeApi/GetIndustryList'+ '?pid=' + 'FA69158F3C3C1CF1236653C0995DCDED',
          saveProjectExperienceDetailsUrl: '/Core/Core/api/ResumeApi/SaveProjectExperienceDetails',
          getWillingtoTravelOptionsListUrl: '/Core/Core/api/ResumeApi/GetWillingtoTravelOptionsList'+ '?pid=' + 'FA69158F3C3C1CF1236653C0995DCDED',
          savelocationPreferenceDetailsUrl: '/Core/Core/api/ResumeApi/SavelocationPreferenceDetails',
          saveLanguageProficiencyDetailsUrl: '/Core/Core/api/ResumeApi/SaveLanguageProficiencyDetails',
          submitEducationUrl: '/Core/Core/api/ResumeApi/SaveEducation',
          submitMembershipUrl:'/Core/Core/api/ResumeApi/SaveMembership',
          submitCertificationUrl: '/Core/Core/api/ResumeApi/SaveCertification',
          submitSkillUrl: '/Core/Core/api/ResumeApi/SaveSkill',
          getLanguageProficiencyOptionsUrl: '/Core/Core/api/ResumeApi/GetLanguageProficiencyOptions',
          getLanguageOptionsUrl: '/Core/Core/api/ResumeApi/GetLanguageOptions',
          deleteLanguageProficiencyDetailsUrl: '/Core/Core/api/ResumeApi/DeleteLanguageProficiencyDetails',
          deleteLocationPreferenceDetailsUrl: '/Core/Core/api/ResumeApi/DeleteLocationPreferenceDetails',
          getCodeByCatcdUrl: '/Core/Core/api/LookupsApi/catCodesbyLang' + '?catCd=',
          getAllResumeOptionsUrl: '/Core/Core/api/ResumeApi/GetAllResumeOptions',
          getResumeConfigUrl: '/Core/Core/api/ResumeApi/GetResumeConfig',
          GetAwardsUrl: '/Core/Core/api/resumeapi/GetAwards',
          AddAwardsUrl: '/Core/Core/api/resumeapi/AddAwards',
          UpdateAwardsUrl: '/Core/Core/api/resumeapi/UpdateAwards',
          DeleteAwardsUrl: '/Core/Core/api/resumeapi/DeleteAwards'
        },
        onBoardingResume:{
          getResumeDataUrl: '/Core/Core/api/OnBoardingResumeApi/GetResumeData',
          getResumeResponseDataUrl: 'https://cl12sales.sumtotaldevelopment.net/Services/api/Resume/GetResumeResponseData',
          ParseResumeUrl: 'https://cl12sales.sumtotaldevelopment.net/Services/api/Resume/GetParsedResumeData',
          getResumeConfigDataUrl: '/Core/Core/api/OnBoardingResumeApi/GetResumeConfigData',
          getPersonResumesUrl: '/Core/Core/api/OnBoardingResumeApi/GetPersonResumes',
          getMultipleResumesUrl: '/Core/Core/api/OnBoardingResumeApi/GetMultipleResumes',
          getCountriesUrl: '/Core/Core/api/LookupsApi/countries',
          getStatesbyIdUrl: '/Core/Core/api/LookupsApi/provinces',
          getCitiesByIdUrl: '/Core/Core/api/LookupsApi/GetCities',
          saveResumeDataUrl: '/Core/Core/api/OnBoardingResumeApi/SaveResumeData',
          saveMultipleResumesUrl: '/Core/Core/api/OnBoardingResumeApi/SaveMultipleResumes',
          getResumeOptionsUrl: '/Core/Core/api/OnBoardingResumeApi/GetResumeOptions',
          getCodeByCatcdUrl: '/Core/Core/api/LookupsApi/catCodesbyLang' + '?catCd=',
          getRequisitionsHistoryUrl: '/Core/Core/api/OnBoardingResumeApi/GetRequisitionHistoryForUser',
          getFeedbackUrl: '/Core/Core/api/OnBoardingResumeApi/GetFeedback',
          getRequisitionJobTemplateSalaryRangeUrl: '/Core/Core/api/OnBoardingResumeApi/GetRequisitionJobTemplateSalaryRange',
          getInternalEquityDetailsUrl: '/Core/Core/api/OnBoardingResumeApi/GetInternalEquityDetails',
          getResumeReferencesUrl: '/Core/Core/api/OnBoardingResumeApi/GetResumeReferences',
          getManagerInfo: '/Core/Core/api/OnBoardingResumeApi/GetManagerId',
          getSchoolsUrl: '/Core/Core/api/LookupsApi/GetAvailableSchools',
          getResumeAndApplicationPermissionUrl: 'https://cl12sales.sumtotaldevelopment.net/Services/api/Resume/GetResumeAndApplicationPermission'
        },
        onBoardingRequisition:{
          getEmployeesUrl: '/Core/Core/api/OnBoardingRequisitionApi/GetEmployees',
          getPostingSitesUrl: '/Core/Core/api/OnBoardingRequisitionApi/GetPostingSites',
          getWorkLocationsUrl: '/Core/Core/api/OnBoardingRequisitionApi/GetWorkLocations',
          getJobPositionsUrl: '/Core/Core/api/OnBoardingRequisitionApi/GetJobPositions',
          getJobTemplatesUrl: '/Core/Core/api/OnBoardingRequisitionApi/GetJobTemplates',
          saveRequisitionDataUrl: '/Core/Core/api/OnBoardingRequisitionApi/SaveRequisitionData',
          getRequisitionsUrl: '/Core/Core/api/OnBoardingRequisitionApi/GetRequisitions',
          getRequisitionDataUrl: '/Core/Core/api/OnBoardingRequisitionApi/GetRequisitionDetails',
          getRequisitionDataForPreviewUrl: '/Core/Core/api/OnBoardingRequisitionApi/GetRequisitionDetailsForPreview',
          getSkillsUrl: '/Core/Core/api/LookupsApi/GetAvailableSkills',
          getCertificationsUrl: '/Core/Core/api/LookupsApi/GetCertificationNamesList',
          getPostingSiteUrl: '/Core/Core/api/OnBoardingRequisitionApi/GetPostingSite',
          getUpdateRequisitionStatusUrl: '/Core/Core/api/OnBoardingRequisitionApi/UpdateRequisitionStatus',
          getRequisitionPermissionUrl: '/Core/Core/api/OnBoardingRequisitionApi/GetPermissions',
          applyRequisitionUrl: '/Core/Core/api/OnBoardingRequisitionApi/ApplyForRequisition',
          getApplicationAssessmentForRequisitionUrl: '/Core/Core/api/OnBoardingRequisitionApi/GetApplicationAssessmentForRequisition',
          getRequisitionStatusUrl: '/Core/Core/api/OnBoardingRequisitionApi/GetStatusOptions',
          getCreateFromUrl: '/Core/Core/api/OnBoardingRequisitionApi/CreateRequisitionFrom',
          getRequisitionCandidatesUrl: '/Core/Core/api/OnBoardingRequisitionApi/GetCandidates',
          getPositionFitMetricDetails: '/Core/Core/api/OnBoardingRequisitionApi/GetCandidatePositionFitDetails',
          getGeographicalDetailsUrl: '/Core/Core/api/OnBoardingRequisitionApi/GetGeographicalDetails',
          getClientHierarchyLevelsUrl: '/Core/Core/api/OnBoardingRequisitionApi/GetClientHierarchyLevels',
          getJobFitForUser: '/Core/Core/api/OnBoardingRequisitionApi/GetJobFitForUser',
          getRequisitionRolesUrl: '/Core/Core/api/OnBoardingRequisitionApi/GetRequisitionRoles',
          getRecentlyAccessedRequisitionApplicationsUrl:'https://cl12sales.sumtotaldevelopment.net/Services/api/RecruitingWidgets/GetRecentlyAccessedRequisitionApplications',
          saveRecentlyAccessedApplicationUrl:'https://cl12sales.sumtotaldevelopment.net/Services/api/RecruitingWidgets/SaveRecentlyAccessedApplication',
          getRequisitionSummaryUrl:'https://cl12sales.sumtotaldevelopment.net/Services/api/RecruitingWidgets/GetRequisitionSummary',
          getRequisitionDashboardUrl: '/Core/Core/api/OnBoardingRequisitionApi/LoadRequisitionDashboardByUrlWithPermissions',
          getRequisitionAssessmentsUrl: '/Core/Core/api/OnBoardingRequisitionApi/GetRequisitionAssessments',
          getRequisitionAssessmentUrl: '/Core/Core/api/OnBoardingRequisitionApi/GetRequisitionAssessment',
          createUpdateRequisitionAssessmentUrl: '/Core/Core/api/OnBoardingRequisitionApi/CreateUpdateRequisitionAssessment',
          deleteRequisitionAssessmentsUrl: '/Core/Core/api/OnBoardingRequisitionApi/DeleteRequisitionAssessments',
          deleteRequisitionsUrl: '/Core/Core/api/OnBoardingRequisitionApi/DeleteRequisitions',
          getApprovalHistory:'https://cl12sales.sumtotaldevelopment.net/Services/api/Requisition/GetApprovalHistory',
          approveRequisitionUrl: 'https://cl12sales.sumtotaldevelopment.net/Services/api/Requisition/ApproveTask',
          getFavouriteJobsUrl:'https://cl12sales.sumtotaldevelopment.net/Services/api/jobSearch/GetFavoriteJobs/',
          getRecommendedJobsForUserUrl: 'https://cl12sales.sumtotaldevelopment.net/Services/api/RecruitingWidgets/GetRecommendedJobsForUser',
          getRequisitionApplicationsCountForPhaseUrl:'https://cl12sales.sumtotaldevelopment.net/Services/api/CandidateManagement/GetRequisitionApplicationsCountForPhase',
          addRequisitionAssessmentsUrl: '/Core/Core/api/OnBoardingRequisitionApi/AddRequisitionAssessments',
          saveRequisitionAnswersUrl: 'https://cl12sales.sumtotaldevelopment.net/Services/api/Requisition/SaveRequisitionAssessmentAnswer',
          updateJobBoardDataUrl: '/Core/Core/api/OnBoardingRequisitionApi/UpdateJobBoardData',
          postToEQuestUrl: '/Core/Core/api/OnBoardingRequisitionApi/PostToEQuest',
          deletePostingUrl: '/Core/Core/api/OnBoardingRequisitionApi/DeletePosting',
          getEQuestJobPostingsUrl: '/Core/Core/api/OnBoardingRequisitionApi/GetEQuestJobPostings',
          getEQuestJobIdUrl: '/Core/Core/api/OnBoardingRequisitionApi/GetEQuestJobId',
          SubmitRequisitionAssessmentAnswersUrl:'https://cl12sales.sumtotaldevelopment.net/Services/api/Requisition/SubmitRequisitionAssessmentAnswers',
        },
        onBoardingCandidateManagement: {
          getRequisitionCandidateUrl: 'https://cl12sales.sumtotaldevelopment.net/Services/api/CandidateManagement/GetRequisitionCandidates',
          getCodeDefinitionsUrl: 'https://cl12sales.sumtotaldevelopment.net/Services/api/CandidateManagement/GetCodeDefinition',
          updateRequisitionApplicationUrl: 'https://cl12sales.sumtotaldevelopment.net/Services/api/CandidateManagement/UpdateApplicationRaking',
          saveInterviewScheduleUrl: 'https://cl12sales.sumtotaldevelopment.net/Services/api/RecruitingInterview/SaveInterviewSchedule',
          getAssessmentsForInterviewerUrl: 'https://cl12sales.sumtotaldevelopment.net/Services/api/RecruitingInterview/GetAssessmentsForInterviewer',
          getRequisitionsUrl: 'https://cl12sales.sumtotaldevelopment.net/Services/api/CandidateManagement/GetRequistions',
          getUsersUrl : 'https://cl12sales.sumtotaldevelopment.net/Services/api/CandidateManagement/GetUsers',
          AddCandidatesToFolderUrl:'https://cl12sales.sumtotaldevelopment.net/Services/api/CandidateManagement/AddCandidateToFolder',
          getRequisitionApplicationUrl: 'https://cl12sales.sumtotaldevelopment.net/Services/api/CandidateManagement/GetRequisitionApplication',
          getRecruitingFolders:'https://cl12sales.sumtotaldevelopment.net/Services/api/CandidateManagement/GetRecruitingFolders',
          getInterviewsForCandidateUrl: 'https://cl12sales.sumtotaldevelopment.net/Services/api/CandidateManagement/GetInterviewsForCandidate',
          GetEmailLogForCandidateUrl: 'https://cl12sales.sumtotaldevelopment.net/Services/api/CandidateManagement/GetEmailLogForCandidate',
          getListOfFoldersUrl: 'https://cl12sales.sumtotaldevelopment.net/Services/api/CandidateManagement/GetListOfFolders',
          GetEmailLogForCandidateUrl: 'https://cl12sales.sumtotaldevelopment.net/Services/api/CandidateManagement/GetEmailLogForCandidate',
          saveRecruitingFolder: 'https://cl12sales.sumtotaldevelopment.net/Services/api/CandidateManagement/SaveRecruitingFolder',
          savecandidateSearch: 'https://cl12sales.sumtotaldevelopment.net/Services/api/CandidateManagement/SaveCandidateSearch',
          getSavedSearches: 'https://cl12sales.sumtotaldevelopment.net/Services/api/CandidateManagement/GetSavedSearches',
          getCandidateTransactionHistoryUrl:'https://cl12sales.sumtotaldevelopment.net/Services/api/CandidateManagement/GetCandidateTransactionHistory',
          getRequisitionApplicationForCandidateUrl: 'https://cl12sales.sumtotaldevelopment.net/Services/api/CandidateManagement/GetRequisitionApplicationForCandidate',
          applyToRequisitionUrl: 'https://cl12sales.sumtotaldevelopment.net/Services/api/CandidateManagement/ApplyToRequisition',
          getAssessmentsForApplicationUrl: 'https://cl12sales.sumtotaldevelopment.net/Services/api/CandidateManagement/GetAssessmentsForApplication',
          getRequisitionCandidateAssessmentUrl: 'https://cl12sales.sumtotaldevelopment.net/Services/api/CandidateManagement/GetRequisitionCandidateAssessment',
          getCandidateExplorerOptions:'https://cl12sales.sumtotaldevelopment.net/Services/api/CandidateManagement/GetCandidateExplorerOptions',
          getCandidateAssessments: 'https://cl12sales.sumtotaldevelopment.net/Services/api/CandidateManagement/GetCandidateAssessments',
          removeCandidateUrl:'https://cl12sales.sumtotaldevelopment.net/Services/api/CandidateManagement/RemoveCandidate',
          getCandidateChecksData:'https://cl12sales.sumtotaldevelopment.net/Services/api/CandidateManagement/GetCandidateChecksData',
          saveChecksData: 'https://cl12sales.sumtotaldevelopment.net/Services/api/CandidateManagement/saveCandidateChecksData',
          getRecommendedCandidateListUrl:'https://cl12sales.sumtotaldevelopment.net/Services/api/CandidateManagement/GetRecommendedCandidateList',
          recommendedCandidatesActionUrl:'https://cl12sales.sumtotaldevelopment.net/Services/api/CandidateManagement/RecommendedCandidatesAction',
		  deleteGDPRExternalCandidateData:'https://cl12sales.sumtotaldevelopment.net/Services/api/CandidateManagement/deleteGDPRExternalCandidates',
          saveRequisitionCandidateAssessment:'https://cl12sales.sumtotaldevelopment.net/Services/api/CandidateManagement/SaveCandidateAssesssment',
          sendCandidateCommunication: 'https://cl12sales.sumtotaldevelopment.net/Services/api/CandidateManagement/SendCandidateCommunication',
          getCandidateCommunication: 'https://cl12sales.sumtotaldevelopment.net/Services/api/CandidateManagement/GetCandidateCommunicationList',
          getCreateCandidateFormModelUrl: 'https://cl12sales.sumtotaldevelopment.net/Services/api/GlobalConfigurator/modelconfigurations',
          sendCandidateCommunication: 'https://cl12sales.sumtotaldevelopment.net/Services/api/CandidateManagement/SendCandidateCommunication',
          addUserManuallyUrl: 'https://cl12sales.sumtotaldevelopment.net/Services/api/CandidateManagement/AddCandidate',
          deleteCandidateFromRequisitionUrl: 'https://cl12sales.sumtotaldevelopment.net/Services/api/CandidateManagement/DeleteCandidatesFromRequisition',
          getCandidateCommunicationContent: 'https://cl12sales.sumtotaldevelopment.net/Services/api/CandidateManagement/GetCandidateCommunication',
          sendEmailNotificationToCandidateUrl: 'https://cl12sales.sumtotaldevelopment.net/Services/api/CandidateManagement/sendEmailNotificationToCandidate'
        },
        onBoardingOfferManagement: {
          getRequisitionCompensationUrl: 'https://cl12sales.sumtotaldevelopment.net/Services/api/OfferManagement/GetRequisitionCompensationData',
          saveApplicationOfferUrl: 'https://cl12sales.sumtotaldevelopment.net/Services/api/OfferManagement/SaveApplicationOffer',
          getCurrencyCodesUrl: '/Core/Core/api/OnBoardingRequisitionApi/GetCurrencyCodes',
          getOfferDataUrl: 'https://cl12sales.sumtotaldevelopment.net/Services/api/OfferManagement/GetApplicationOfferData',
          deleteCompensationUrl: 'https://cl12sales.sumtotaldevelopment.net/Services/api/OfferManagement/DeleteCompensation',
          deleteAttachmentUrl: 'https://cl12sales.sumtotaldevelopment.net/Services/api/OfferManagement/DeleteAttachment',
          getPayTypeUrl: 'https://cl12sales.sumtotaldevelopment.net/Services/api/OfferManagement/GetPayType',
          getRequisitionOfferWorkflowKey: 'https://cl12sales.sumtotaldevelopment.net/Services/api/OfferManagement/GetRequisitionOfferWorkflowKey',
          sendSignatureRequest:'https://cl12sales.sumtotaldevelopment.net/Services/api/OfferManagement/SendSignatureRequest'
        },
        recruitingHire: {
          processHireUrl: 'https://cl12sales.sumtotaldevelopment.net/Services/api/RecruitingHire/ProcessHire',
          GetRecruitingHiresUrl: 'https://cl12sales.sumtotaldevelopment.net/Services/api/RecruitingHire/GetRecruitingHires',
          ExportCandidateDetailsUrl: '/Core/Core/api/profiledata/ExportCandidateDetails',
          CreateEmployeeRecordUrl : 'https://cl12sales.sumtotaldevelopment.net/Services/api/RecruitingHire/CreateEmployeeRecord',
          FinalizeNewHireUrl: 'https://cl12sales.sumtotaldevelopment.net/Services/api/RecruitingHire/FinalizeNewHire',
          canHireUrl : 'https://cl12sales.sumtotaldevelopment.net/Services/api/RecruitingHire/CanHire'
        },
        coaching:{
          getPermissionsUrl: 'https://cl12sales.sumtotaldevelopment.net/Services/api/coaching/GetPermissions',
          getIssuesForManagerUrl: 'https://cl12sales.sumtotaldevelopment.net/Services/api/Coaching/GetIssuesForManager',
          getEmployeeWithIssueForManagerUrl: 'https://cl12sales.sumtotaldevelopment.net/Services/api/Coaching/GetEmployeeWithIssueForManager'
        },
        continuousfeedback:{
          createOrEditFeedbackRequestUrl: 'https://cl12sales.sumtotaldevelopment.net/Services/api/continuousreview/CreateOrEditFeedbackRequest',
          createFeedbackRequestUrl: 'https://cl12sales.sumtotaldevelopment.net/Services/api/continuousreview/CreateFeedbackRequest',
          createOrEditFeedbackResponseUrl: 'https://cl12sales.sumtotaldevelopment.net/Services/api/continuousreview/CreateOrEditFeedbackResponse',
          getFeedbackRequestUrl: 'https://cl12sales.sumtotaldevelopment.net/Services/api/continuousreview/GetFeedbackRequest',
          getFeedbackResponseUrl: 'https://cl12sales.sumtotaldevelopment.net/Services/api/continuousreview/GetFeedbackResponse',
          getContinuousReviewItemsUrl: 'https://cl12sales.sumtotaldevelopment.net/Services/api/continuousreview/GetContinuousReviewItems',
          addRemoveCommentToFormUrl: 'https://cl12sales.sumtotaldevelopment.net/Services/api/continuousreview/AddRemoveCommentToForm',
          flagItemUrl: 'https://cl12sales.sumtotaldevelopment.net/Services/api/continuousreview/FlagItem',
          thankProviderUrl: 'https://cl12sales.sumtotaldevelopment.net/Services/api/continuousreview/ThankProvider',
          sendReminderUrl: 'https://cl12sales.sumtotaldevelopment.net/Services/api/continuousreview/SendReminder',
          getPermissionsUrl: 'https://cl12sales.sumtotaldevelopment.net/Services/api/continuousreview/GetPermissions',
          getFeedbackDatesDataUrl: 'https://cl12sales.sumtotaldevelopment.net/Services/api/continuousreview/GetFeedbackDatesData',
          createJournalUrl: 'https://cl12sales.sumtotaldevelopment.net/Services/api/continuousreview/CreateJournal',
          getJournalUrl: 'https://cl12sales.sumtotaldevelopment.net/Services/api/continuousreview/GetJournal',
          getCurrentManagerUrl: 'https://cl12sales.sumtotaldevelopment.net/Services/api/continuousreview/GetCurrentManager',
          replyJournalUrl: 'https://cl12sales.sumtotaldevelopment.net/Services/api/continuousreview/ReplyJournal',
          closeJournalUrl: 'https://cl12sales.sumtotaldevelopment.net/Services/api/continuousreview/CloseJournal',
          thankJournalUrl: 'https://cl12sales.sumtotaldevelopment.net/Services/api/continuousreview/ThankJournal',
          deleteJournalUrl: 'https://cl12sales.sumtotaldevelopment.net/Services/api/continuousreview/DeleteJournal',
          hardDeleteContinuousFeedbackUrl: 'https://cl12sales.sumtotaldevelopment.net/Services/api/continuousreview/HardDeleteContinuousFeedback',
          hardDeleteFeedbackJournalUrl: 'https://cl12sales.sumtotaldevelopment.net/Services/api/continuousreview/HardDeleteFeedbackJournal',

        },
        onboardingConfiguration:{
          getApprovalWorkflowsUrl: 'https://cl12sales.sumtotaldevelopment.net/Services/api/onboarding/configuration/getWorkflows',
          getApprovalWorkflowUrl: 'https://cl12sales.sumtotaldevelopment.net/Services/api/onboarding/configuration/getWorkflow',
          copyApprovalWorkflowsUrl: 'https://cl12sales.sumtotaldevelopment.net/Services/api/onboarding/configuration/copyWorkflows',
          saveApprovalWorkflowUrl: 'https://cl12sales.sumtotaldevelopment.net/Services/api/onboarding/configuration/saveWorkflow',
          deleteApprovalWorkflowUrl: 'https://cl12sales.sumtotaldevelopment.net/Services/api/onboarding/configuration/deleteWorkflow',
          activateApprovalWorkflowUrl: 'https://cl12sales.sumtotaldevelopment.net/Services/api/onboarding/configuration/activateWorkflow',
        },
        emailConfiguration: {
          saveEmailTemplateUrl: 'https://cl12sales.sumtotaldevelopment.net/Services/api/core/emailtemplates/saveEmailTemplate',
          getEmailTemplatesUrl: 'https://cl12sales.sumtotaldevelopment.net/Services/api/core/emailtemplates/getEmailTemplates',
          getEmailTemplateUrl: 'https://cl12sales.sumtotaldevelopment.net/Services/api/core/emailtemplates/getEmailTemplate',
          deleteEmailTemplateUrl: 'https://cl12sales.sumtotaldevelopment.net/Services/api/core/emailtemplates/deleteEmailTemplate',
          getEmailTemplateTypesUrl: 'https://cl12sales.sumtotaldevelopment.net/Services/api/core/emailtemplates/getEmailTemplateTypes/{category}'
        },
        journal:{
          addUpdateJournalUrl: '/Core/Core/api/journalapi/AddUpdateJournal',
          getJournalUrl: '/Core/Core/api/journalapi/GetJournal',
          getJournalsUrl: '/Core/Core/api/journalapi/GetJournals',
          getDirectReportsUrl: '/Core/Core/api/journalapi/GetDirectReports' ,
          getJournalAndFeedBackTimeline: '/Core/Core/api/journalapi/GetJournalAndFeedBackTimeLine',
        },
        feedbackTemplateConfiguraion: {
          getFeedbackTemplatesUrl: 'https://cl12sales.sumtotaldevelopment.net/Services/api/core/feedbacktemplates/getFeedbackTemplates',
          saveFeedbackTemplateUrl: 'https://cl12sales.sumtotaldevelopment.net/Services/api/core/feedbacktemplates/saveFeedbackTemplate',
          getFeedbackTemplateUrl: 'https://cl12sales.sumtotaldevelopment.net/Services/api/core/feedbacktemplates/getFeedbackTemplate',
          deleteFeedbackTemplatesUrl: 'https://cl12sales.sumtotaldevelopment.net/Services/api/core/feedbacktemplates/deleteFeedbackTemplates',
          getFeedbackTemplatesForSelectionUrl: 'https://cl12sales.sumtotaldevelopment.net/Services/api/core/feedbacktemplates/getFeedbackTemplatesForSelection'

        },
        feedbackQuestionConfiguraion: {
          getFeedbackQuestionUrl: 'https://cl12sales.sumtotaldevelopment.net/Services/api/core/feedbackquestions/getFeedbackQuestions',
          saveFeedbackQuestionUrl: 'https://cl12sales.sumtotaldevelopment.net/Services/api/core/feedbackquestions/saveFeedbackQuestion',
          deleteFeedbackQuestionsUrl: 'https://cl12sales.sumtotaldevelopment.net/Services/api/core/feedbackquestions/deleteFeedbackQuestions'
        },
        careerplan:{
          getSectionMatchesForJob: '/Core/Core/api/careerplanapi/GetSectionMatchesForJob',
          getCareerPlan:  '/Core/Core/api/careerplanapi/GetCareerPlan',
          getCareerPlanShares: '/Core/Core/api/careerplanapi/GetCareerPlanShares',
          deleteCareerPlanShare: '/Core/Core/api/careerplanapi/DeleteCareerPlanShare',
          addCareerPlanShare: '/Core/Core/api/careerplanapi/AddCareerPlanShare',
          getCareerPlanRecommendedJobs:  '/Core/Core/api/careerplanapi/GetCareerPlanRecommendedJobs',
          getLMskillsFromJob: '/Core/Core/api/careerplanapi/GetLMskillsFromJob',
          deleteCareerPlanJob: '/Core/Core/api/careerplanapi/DeleteCareerPlanJob',
          addCareerPlanJob: '/Core/Core/api/careerplanapi/AddCareerPlanJob',
          canViewCareerPlan: '/Core/Core/api/careerplanapi/CanViewCareerPlan',
          getCareerPlanActions:  '/Core/Core/api/careerplanapi/GetCareerPlanActions',
          addCareerPlanAction: '/Core/Core/api/careerplanapi/AddCareerPlanAction',
            deleteCareerPlanAction: '/Core/Core/api/careerplanapi/DeleteCareerPlanAction',
            learning: 'https://cl12sales.sumtotaldevelopment.net/Services/api/core/careerplan/learning'
        },
        notificationtemplates:
        {
          getNotificationTemplates: '/Core/Core/api/notificationtemplatesapi/getNotificationTemplates',
          getNotificationTemplate: '/Core/Core/api/notificationtemplatesapi/getNotificationTemplate'+ '?notificationID=',
          saveNotificationTemplateURL: '/Core/Core/api/notificationtemplatesapi/SaveNotificationTemplate',
        },
        competencyprofile:{
          getCompetencyProfile: '/Core/Core/api/competencyprofileapi/GetCompetencyProfile',
          getFeedbackForCompetency: '/Core/Core/api/competencyprofileapi/GetFeedbackForCompetency',
          getLMskillsFromCompetency: '/Core/Core/api/competencyprofileapi/GetLMskillsFromCompetency',
          getSuccessorPositionsForUser: '/Core/Core/api/competencyprofileapi/GetSuccessorPositionsForUser',
          getPrimaryJob: '/Core/Core/api/competencyprofileapi/GetPrimaryJob',
          getBehaviorsForCompetency: '/Core/Core/api/competencyprofileapi/GetBehaviorsForCompetency',
          updateCompetencySelfRatings: '/Core/Core/api/competencyprofileapi/UpdateCompetencySelfRatings',
          updateCompetencyManagerRatings: 'https://cl12sales.sumtotaldevelopment.net/Services/api/core/competencyprofile/competencymanagerratings',
          canViewSuccessionPlan: '/Core/Core/api/competencyprofileapi/CanViewSuccessionPlan',
          canViewCompetencyProfile: '/Core/Core/api/competencyprofileapi/CanViewCompetencyProfile'
        },
        surveybuilder:{
          getSurveyConfigDataUrl: 'https://cl12sales.sumtotaldevelopment.net/Services/api/SurveyBuilder/GetSurveyConfiguration',
          saveSurveyConfigDataUrl:'https://cl12sales.sumtotaldevelopment.net/Services/api/SurveyBuilder/SaveSurveyConfiguration',
          getSurveyList : 'https://cl12sales.sumtotaldevelopment.net/Services/api/SurveyBuilder/GetSurveyList',
          pushToAssessmentJobConfigDataUrl : 'https://cl12sales.sumtotaldevelopment.net/Services/api/SurveyBuilder/PushToAssessmentJob',
          copySurveyConfigDataUrl : 'https://cl12sales.sumtotaldevelopment.net/Services/api/SurveyBuilder/CopySurveyConfiguration',
          updateSurveyStatusUrl : 'https://cl12sales.sumtotaldevelopment.net/Services/api/SurveyBuilder/UpdateSurveyStatus',
          getCodeByCatcdUrl: '/Core/Core/api/lookupsapi/codecats',
        },
        assessment:{
          getAssessmentListUrl: 'https://cl12sales.sumtotaldevelopment.net/Services/api/HourlyAssessmentApi/GetHourlyAssessmentList',
          getFilterStatusTypesUrl: 'https://cl12sales.sumtotaldevelopment.net/Services/api/HourlyAssessmentApi/GetFilterStatusTypes',
          getActivityDetailsUrl: 'https://cl12sales.sumtotaldevelopment.net/Services/api/HourlyAssessmentApi/GetActivityDetails',
          deleteCancelAssessmentUrl: 'https://cl12sales.sumtotaldevelopment.net/Services/api/HourlyAssessmentApi/DeleteCancelAssessment',
          getSurveyListUrl:'https://cl12sales.sumtotaldevelopment.net/Services/api/HourlyAssessmentApi/GetSurveyList',
          getJobListUrl: 'https://cl12sales.sumtotaldevelopment.net/Services/api/HourlyAssessmentApi/GetJobList',
          createAssessmentUrl:'https://cl12sales.sumtotaldevelopment.net/Services/api/HourlyAssessmentApi/CreateAssessment',
          transferTaskAssessmentUrl:'https://cl12sales.sumtotaldevelopment.net/Services/api/HourlyAssessmentApi/TransferTaskAssessment',
          CreateAssessmentFromReportWidgetUrl:'https://cl12sales.sumtotaldevelopment.net/Services/api/HourlyAssessmentApi/CreateAssessmentFromReportWidget',
          getUserInfoUrl:'https://cl12sales.sumtotaldevelopment.net/Services/api/HourlyAssessmentApi/GetUserInfo',
          getHourlyAssessmentManagerUrl:'https://cl12sales.sumtotaldevelopment.net/Services/api/HourlyAssessmentApi/GetHourlyAssessmentManager',
          getHourlyAssessmentAccessRightsUrl:'https://cl12sales.sumtotaldevelopment.net/Services/api/HourlyAssessmentApi/GetAccessRightsForHourlyAssessmentSurvey',
          getHourlyAssessmentWidgetData:'https://cl12sales.sumtotaldevelopment.net/Services/api/HourlyAssessmentApi/GetHourlyAssessmentsWidget',
        },
        evaluation:{
          getEvaluationformDataUrl:'https://cl12sales.sumtotaldevelopment.net/Services/api/HourlyAssessmentApi/GetHourlyEvaluationFormData',
          saveEvaluationformDataUrl:'https://cl12sales.sumtotaldevelopment.net/Services/api/HourlyAssessmentApi/SaveHourlyEvaluationFormData',
          getbehaviorsforcompetency:'https://cl12sales.sumtotaldevelopment.net/Services/api/HourlyAssessmentApi/GetBehaviorsforCompetency',
          getCompetenciesUrl : 'https://cl12sales.sumtotaldevelopment.net/Services/api/HourlyAssessmentApi/GetCompetencies'
        },
        interview:{
          getInterviewsForRequisitionUrl: 'https://cl12sales.sumtotaldevelopment.net/Services/api/RecruitingInterview/GetInterviewsForRequisition',
          getTrackingDetailsByRequisitionUrl: 'https://cl12sales.sumtotaldevelopment.net/Services/api/RecruitingInterview/GetTrackingDetailsByRequisition',
          getTrackingDetailsByIdUrl: 'https://cl12sales.sumtotaldevelopment.net/Services/api/RecruitingInterview/GetTrackingDetailsById',
          getRecruitingLocationsUrl: 'https://cl12sales.sumtotaldevelopment.net/Services/api/RecruitingInterview/GetRecruitingLocations',
          saveInterviewUrl: 'https://cl12sales.sumtotaldevelopment.net/Services/api/RecruitingInterview/SaveInterviewDetails',
          getInterviewerInterviewTopicRelationUrl: 'https://cl12sales.sumtotaldevelopment.net/Services/api/RecruitingInterview/GetIntervFiewerInterviewTopicRelation',
          deleteAttachmentUrl: 'https://cl12sales.sumtotaldevelopment.net/Services/api/RecruitingInterview/DeleteAttachment',
          getInterviewDataById: 'https://cl12sales.sumtotaldevelopment.net/Services/api/RecruitingInterview/GetInterviewDetails',
          saveInterviewFeedbackUrl: 'https://cl12sales.sumtotaldevelopment.net/Services/api/RecruitingInterview/SaveInterviewFeedback',
          commitInterviewFeedbackUrl: 'https://cl12sales.sumtotaldevelopment.net/Services/api/RecruitingInterview/CommitInterviewFeedback',
          saveInterviewDiscussionUrl: 'https://cl12sales.sumtotaldevelopment.net/Services/api/RecruitingInterview/SaveInterviewDiscussion',
          getInterviewFeedbacksUrl: 'https://cl12sales.sumtotaldevelopment.net/Services/api/RecruitingInterview/GetInterviewFeedbacks',
          getInterviewDiscussionsUrl: 'https://cl12sales.sumtotaldevelopment.net/Services/api/RecruitingInterview/GetInterviewDiscussions',
          getInterviewFeedbackUrl: 'https://cl12sales.sumtotaldevelopment.net/Services/api/RecruitingInterview/GetInterviewFeedback',
          getRequisitionCandidateAttachementsUrl: 'https://cl12sales.sumtotaldevelopment.net/Services/api/RecruitingInterview/GetRequisitionCandidateAttachements',
          saveRequisitionCandidateAttachmentUrl: 'https://cl12sales.sumtotaldevelopment.net/Services/api/RecruitingInterview/SaveRequisitionCandidateAttachment',
          deleteRequisitionCandidateAttachmentUrl: 'https://cl12sales.sumtotaldevelopment.net/Services/api/RecruitingInterview/DeleteRequisitionCandidateAttachment',
          getInterviewTopicCategoriesUrl: 'https://cl12sales.sumtotaldevelopment.net/Services/api/RecruitingInterview/GetInterviewTopicCategories',
          isInterviewInUseUrl: 'https://cl12sales.sumtotaldevelopment.net/Services/api/RecruitingInterview/IsInterviewInUse',
          getCurrentPersonIdUrl: 'https://cl12sales.sumtotaldevelopment.net/Services/api/RecruitingInterview/GetCurrentPersonId',
          getInterviewStatusUrl: 'https://cl12sales.sumtotaldevelopment.net/Services/api/RecruitingInterview/GetInterviewStatus',
          cancelInterviewUrl: 'https://cl12sales.sumtotaldevelopment.net/Services/api/RecruitingInterview/CancelInterview'
        },
        recruitingassessment:{
          saveAssessment: '/Core/Core/api/recruitingassessmentapi/SaveAssessment',
          getRecruitingAssessmentsUrl: '/Core/Core/api/recruitingassessmentapi/GetRecruitingAssessments',
          getRecruitingAssessmentUrl: '/Core/Core/api/recruitingassessmentapi/GetRecruitingAssessment',
          deleteRecruitingAssessmentsUrl: '/Core/Core/api/recruitingassessmentapi/DeleteRecruitingAssessments',
          copyRecruitingAssessmentUrl: '/Core/Core/api/recruitingassessmentapi/CopyRecruitingAssessment',
          getAllRecruitingTagsUrl: '/Core/Core/api/recruitingassessmentapi/GetAllRecruitingTags',
          searchAssessmentTagsURL: '/Core/Core/api/recruitingassessmentapi/SearchAssessmentTags',
          getRecruitingAssessmentPermissionsUrl: '/Core/Core/api/recruitingassessmentapi/GetRecruitingAssessmentPermissions'
        },
        eventdefinition:{
          getProcess: 'https://cl12sales.sumtotaldevelopment.net/Services/api/EventDefinition/GetProcess',
          getAllProcesses: 'https://cl12sales.sumtotaldevelopment.net/Services/api/EventDefinition/GetAllProcesses'
        },
        gamificationAdmin:{
          badges: 'https://cl12sales.sumtotaldevelopment.net/Services/api/gamification/admin/badges',
          badgesDelete: 'https://cl12sales.sumtotaldevelopment.net/Services/api/gamification/admin/badges/delete',
          levels: 'https://cl12sales.sumtotaldevelopment.net/Services/api/gamification/admin/levels',
          pointcriterions: 'https://cl12sales.sumtotaldevelopment.net/Services/api/gamification/admin/pointcriterions',
          categoryFields: 'https://cl12sales.sumtotaldevelopment.net/Services/api/gamification/admin/categoryFields',
          rulesets:'https://cl12sales.sumtotaldevelopment.net/Services/api/gamification/admin/rulesets',
          rulesetsDelete:'https://cl12sales.sumtotaldevelopment.net/Services/api/gamification/admin/rulesets/delete'
        },
        gamification:{
          leaderboards: 'https://cl12sales.sumtotaldevelopment.net/Services/api/gamification/leaderboards',
          logs: 'https://cl12sales.sumtotaldevelopment.net/Services/api/gamification/logs',
          badges: 'https://cl12sales.sumtotaldevelopment.net/Services/api/gamification/badges',
          leaderboards: 'https://cl12sales.sumtotaldevelopment.net/Services/api/gamification/leaderboards',
          favorites: 'https://cl12sales.sumtotaldevelopment.net/Services/api/gamification/favorites/{targetUserId}',
          summaries: 'https://cl12sales.sumtotaldevelopment.net/Services/api/gamification/summaries/{targetUserId}'
        },
        recruitingConfig:{
          getActions: 'https://cl12sales.sumtotaldevelopment.net/Services/api/recruitingconfiguration/actions',
          getProcessList: 'https://cl12sales.sumtotaldevelopment.net/Services/api/recruitingconfiguration/processes',
          getProcessDetails: 'https://cl12sales.sumtotaldevelopment.net/Services/api/recruitingconfiguration/processes/{id}',
          getAddProcessDetails: 'https://cl12sales.sumtotaldevelopment.net/Services/api/recruitingconfiguration/processes/-1',
          saveProcessDetails: 'https://cl12sales.sumtotaldevelopment.net/Services/api/recruitingconfiguration/saveprocess',
          deleteProcess: 'https://cl12sales.sumtotaldevelopment.net/Services/api/recruitingconfiguration/deleteprocess'
        },
        meeting:{
          getMeetingTimeSlotsUrl: 'https://cl12sales.sumtotaldevelopment.net/Services/api/MeetingScheduler/GetMeetingTimeSlots',
          createMeetingUrl: 'https://cl12sales.sumtotaldevelopment.net/Services/api/MeetingScheduler/CreateMeeting'
        },
        offerTemplate:{
          getOfferTemplate: 'https://cl12sales.sumtotaldevelopment.net/Services/api/OfferManagement/GetOfferTemplate',
          getOfferTemplates: 'https://cl12sales.sumtotaldevelopment.net/Services/api/OfferManagement/GetOfferTemplates',
          saveOfferTemplate: 'https://cl12sales.sumtotaldevelopment.net/Services/api/OfferManagement/SaveOfferTemplate',
          deleteOfferTemplate: 'https://cl12sales.sumtotaldevelopment.net/Services/api/OfferManagement/DeleteOfferTemplate',
          getOfferPreview: '/Core/Core/api/OnBoardingRequisitionApi/GetOfferPreview',
          getTemplatePlaceholderCodes : 'https://cl12sales.sumtotaldevelopment.net/Services/api/OfferManagement/GetTemplatePlaceholderCode',
          getParsedOfferTemplate : 'https://cl12sales.sumtotaldevelopment.net/Services/api/OfferManagement/GetParsedOfferTemplate',
          saveOfferPreview: '/Core/Core/api/OnBoardingRequisitionApi/SaveOfferPreview',
        },
        nBox: {
          getNBoxConfigurationsUrl: 'https://cl12sales.sumtotaldevelopment.net/Services/api/nbox/configuration/nboxconfigurations',
          getNBoxConfigurationUrl: 'https://cl12sales.sumtotaldevelopment.net/Services/api/nbox/configuration/nboxconfigurations/{id}',
          deleteNBoxConfigurationsUrl: 'https://cl12sales.sumtotaldevelopment.net/Services/api/nbox/configuration/deletenboxconfigurations',
          getNBoxConfigurationPermissionsUrl: 'https://cl12sales.sumtotaldevelopment.net/Services/api/nbox/configuration/nboxconfigurationpermissions',
          saveNBoxConfigurationUrl: 'https://cl12sales.sumtotaldevelopment.net/Services/api/nbox/configuration/saveconfiguration',
          filter: 'https://cl12sales.sumtotaldevelopment.net/Services/api/nbox/filter/',
          getNBoxRatingFieldsUrl: 'https://cl12sales.sumtotaldevelopment.net/Services/api/nbox/configuration/ratingfields',
          getNBoxCalibrationsURL: 'https://cl12sales.sumtotaldevelopment.net/Services/api/nboxcalibrationapi/GetNBoxCalibrations',
          getNBoxCalibrationsFromSPTalentPoolURL: 'https://cl12sales.sumtotaldevelopment.net/Services/api/nboxcalibrationapi/GetNBoxCalibrationsFromSPTalentPool',
          getNBoxConfigurationsForUserURL: 'https://cl12sales.sumtotaldevelopment.net/Services/api/nboxcalibrationapi/GetNBoxConfigurationsForUser',
          saveNBoxCalibrationsURL: 'https://cl12sales.sumtotaldevelopment.net/Services/api/nboxcalibrationapi/SaveNBoxCalibrations',
          getDemoGraphicForPersonsURL: 'https://cl12sales.sumtotaldevelopment.net/Services/api/nboxcalibrationapi/GetDemographicForPersons',
          exportNBoxMatrixDetailsURL: 'https://cl12sales.sumtotaldevelopment.net/Services/api/nboxcalibrationapi/ExportNBoxMatrixDetails'
        },
        sumtSocial:{
          communities:'https://cl12sales.sumtotaldevelopment.net/Services/api/sumtSocial/communities',
          adminCommunities:'https://cl12sales.sumtotaldevelopment.net/Services/api/sumtSocial/admin/communities',
          addUpdateUserCommuntiyRating:'https://cl12sales.sumtotaldevelopment.net/Services/api/sumtSocial/user/{communityId}/addUpdateRating',
          getUserCommunityRating:'https://cl12sales.sumtotaldevelopment.net/Services/api/sumtSocial/user/{communityId}/rating',
          favorites:'https://cl12sales.sumtotaldevelopment.net/Services/api/sumtSocial/communities/{communityId}/favorite',
          updateCommunity:'https://cl12sales.sumtotaldevelopment.net/Services/api/sumtSocial/communities/{communityId}/update',
          removeCommunity:'https://cl12sales.sumtotaldevelopment.net/Services/api/sumtSocial/communities/{communityId}/remove',
          removeActivityCommunity:'https://cl12sales.sumtotaldevelopment.net/Services/api/sumtSocial/activities/{activityId}/removeCommunity',
          communityMembers:'https://cl12sales.sumtotaldevelopment.net/Services/api/sumtSocial/communities/{communityId}/members',
          updateCommunityMembership:'https://cl12sales.sumtotaldevelopment.net/Services/api/sumtSocial/users/{targetUserId}/communityMembership',
          updateCommunityMembership:'https://cl12sales.sumtotaldevelopment.net/Services/api/sumtSocial/users/{targetUserId}/communityMembership',
          getCommunity:'https://cl12sales.sumtotaldevelopment.net/Services/api/sumtSocial/communities/{communityId}',
          likeSocialObjectUrl: 'https://cl12sales.sumtotaldevelopment.net/Services/api/social/{objectId}/like',
          likeCommentUrl: 'https://cl12sales.sumtotaldevelopment.net/Services/api/social/comment/{commentId}/like',
          getSocialObjectlikedUsersUrl: 'https://cl12sales.sumtotaldevelopment.net/Services/api/social/{objectId}/likes',
          getPostlikedUsersUrl: 'https://cl12sales.sumtotaldevelopment.net/Services/api/social/comment/{commentId}/likes',
          files:'https://cl12sales.sumtotaldevelopment.net/Services/api/sumtSocial/communities/{communityId}/files',
          removeCommunityMembers: 'https://cl12sales.sumtotaldevelopment.net/Services/api/sumtSocial/communities/{communityId}/removeMembers',
          addUpdateMembers: 'https://cl12sales.sumtotaldevelopment.net/Services/api/sumtSocial/communities/{communityId}/addUpdateMembers',
          removeFile: 'https://cl12sales.sumtotaldevelopment.net/Services/api/sumtSocial/communities/{communityId}/files/{fileId}/remove',
          ownerCount: 'https://cl12sales.sumtotaldevelopment.net/Services/api/sumtSocial/communities/{communityId}/ownerCount',
          fileReferenceCount: 'https://cl12sales.sumtotaldevelopment.net/Services/api/sumtSocial/communities/files/{fileIdentifier}/reference',
          searchEmployees: 'https://cl12sales.sumtotaldevelopment.net/Services/api/sumtSocial/communities/searchEmployees',
          communityFeed:'https://cl12sales.sumtotaldevelopment.net/Services/api/sumtSocial/communities/CommunityFeed',
          flag: {
            getFlaggedObjects: 'https://cl12sales.sumtotaldevelopment.net/Services/api/sumtSocial/flag/{communityId}',
            saveFlagDetails: 'https://cl12sales.sumtotaldevelopment.net/Services/api/sumtSocial/flag/saveflag',
			getFlagDetails: 'https://cl12sales.sumtotaldevelopment.net/Services/api/sumtSocial/communities/{communityId}/flagDetails/{flaggedObjectId}',
            removeFlags: 'https://cl12sales.sumtotaldevelopment.net/Services/api/sumtSocial/communities/{communityId}/{flaggedObjectId}/removeFlags',
            unFlagObject: 'https://cl12sales.sumtotaldevelopment.net/Services/api/sumtSocial/communities/{communityId}/flag/{objectId}/unflag'
          },
          discussion : {
            getDiscussionReplies: 'https://cl12sales.sumtotaldevelopment.net/Services/api/social/discuss/{discussionId}/replies',
            deleteDiscussionReply: 'https://cl12sales.sumtotaldevelopment.net/Services/api/social/discuss/reply/{replyId}',
            getDiscussionDetails: 'https://cl12sales.sumtotaldevelopment.net/Services/api/social/discuss/{discussionId}',
            createDiscussionReply: 'https://cl12sales.sumtotaldevelopment.net/Services/api/social/discuss/reply',
            createAndModifyDiscussion: 'https://cl12sales.sumtotaldevelopment.net/Services/api/social/discuss',
            getCommunityDiscussions: 'https://cl12sales.sumtotaldevelopment.net/Services/api/social/discussions',
            deleteDiscussion: 'https://cl12sales.sumtotaldevelopment.net/Services/api/social/discuss/delete/{id}'
          },
          blog: {
            getBlogsList: 'https://cl12sales.sumtotaldevelopment.net/Services/api/social/communities/{communityId}/blogs',
            getBlogById: 'https://cl12sales.sumtotaldevelopment.net/Services/api/social/communities/blogs/{blogId}',
            createBlog: 'https://cl12sales.sumtotaldevelopment.net/Services/api/social/communities/{communityId}/blogs',
            modifyBlog: 'https://cl12sales.sumtotaldevelopment.net/Services/api/social/blogs',
            deleteBlog: 'https://cl12sales.sumtotaldevelopment.net/Services/api/social/communities/{communityId}/blogs/{blogId}/remove',
            getBlogPosts:'https://cl12sales.sumtotaldevelopment.net/Services/api/social/communities/blogs/{blogId}/blogposts',
            getBlogPostById:'https://cl12sales.sumtotaldevelopment.net/Services/api/social/communities/blogposts/{blogPostId}',
            editBlogPost: 'https://cl12sales.sumtotaldevelopment.net/Services/api/social/communities/blogposts',
            addCommentUrl:'https://cl12sales.sumtotaldevelopment.net/Services/api/social/blogPost/AddComment',
            getCommentUrl: 'https://cl12sales.sumtotaldevelopment.net/Services/api/social/blogPost/GetComments',
            getCommentRepliesUrl: 'https://cl12sales.sumtotaldevelopment.net/Services/api/social/blogPost/GetReplies',
            getCommentDeepLinkResponseUrl:'https://cl12sales.sumtotaldevelopment.net/Services/api/social/blogPost/GetBlogPostRepliesDeepLinkResponse',
            editCommentUrl: 'https://cl12sales.sumtotaldevelopment.net/Services/api/social/blogPost/EditComment',
            deleteCommentUrl: 'https://cl12sales.sumtotaldevelopment.net/Services/api/social/blogPost/DeleteComment',
            approveBlogPost: 'https://cl12sales.sumtotaldevelopment.net/Services/api/social/communities/blogposts/approve'
          }
        }
      };
    }

    // This is the factory function for static data.
    return function(_, URI) {

      var apiPaths = createAPIPaths(),
        staticData = null;

      apiPaths = _.merge(apiPaths, {"attestation":{"attestationApi":{"baseUrl":"/Core/Core/api/AttestationApi/","addAttestationAuditRecord":"/Core/Core/api/AttestationApi/AddAttestationAuditRecord","checkAttestationStatus":"/Core/Core/api/AttestationApi/CheckAttestationStatus","getAllAttestationDefinitions":"/Core/Core/api/AttestationApi/GetAllAttestationDefinitions","getAttestationDefinitionById":"/Core/Core/api/AttestationApi/GetAttestationDefinitionById","getAttestationDefinition":"/Core/Core/api/AttestationApi/GetAttestationDefinition","getAttestationDefinitions":"/Core/Core/api/AttestationApi/GetAttestationDefinitions","saveAttestationDefinition":"/Core/Core/api/AttestationApi/SaveAttestationDefinition"}},"esignatureApi":{"eSignatureApi":{"baseUrl":"/Core/Core/api/ESignatureApi/"}},"timeline":{"timelineApi":{"baseUrl":"/Core/Core/api/TimelineApi/","loadTimelineViewData":"/Core/Core/api/TimelineApi/LoadTimelineViewData","loadNotificationCount":"/Core/Core/api/TimelineApi/LoadNotificationCount","getTimelineTaskCount":"/Core/Core/api/TimelineApi/getTimelineTaskCount"}},"upload":{"uploadApi":{"baseUrl":"/Core/Core/api/UploadApi/","retrieveFiles":"/Core/Core/api/UploadApi/RetrieveFiles","getFileBytes":"/Core/Core/api/UploadApi/GetFileBytes","removeFiles":"/Core/Core/api/UploadApi/RemoveFiles","downloadFile":"/Core/Core/api/UploadApi/DownloadFile","getPermissions":"/Core/Core/api/UploadApi/GetPermissions","uploadFile":"/Core/Core/api/UploadApi/UploadFile","updateFileInfo":"/Core/Core/api/UploadApi/UpdateFileInfo","uploadPersonImage":"/Core/Core/api/UploadApi/UploadPersonImage"}},"calendarApi":{"calendarApi":{"baseUrl":"/Core/Learning/api/CalendarApi/"}},"myprofile":{"profileData":{"baseUrl":"/Core/Core/api/ProfileData/","removePersonImage":"/Core/Core/api/ProfileData/RemovePersonImage","getInstalledPillars":"/Core/Core/api/ProfileData/GetInstalledPillars","actOnPendingApproval":"/Core/Core/api/ProfileData/ActOnPendingApproval","pendingApprovalSecurityCheck":"/Core/Core/api/ProfileData/PendingApprovalSecurityCheck","isGuestUser":"/Core/Core/api/ProfileData/IsGuestUser"}}});

      var modulesPath = '/Core/dist/app/modules';
      staticData = _.merge(root.tempStaticData, {
        versionNumber:  'ElixHR_18.3.0.0_2018.8.7.1',
        majorVersionNumber: '18.3',
        identity: _.cloneDeep(root.tempStaticData.Identity),
        culture: _.cloneDeep(root.tempStaticData.Culture),
        learningCatalog: _.cloneDeep(root.tempStaticData.LearningCatalog),
        userID: 'FA69158F3C3C1CF1236653C0995DCDED',
        guestAccount: '0',
        userTimezone: 'America/Mexico_City',
        debugEnabled: root.tempStaticData.debugEnabled,
        scriptPath: scriptPath,
        currentTheme: null,
        photoUrl: scriptPath + photoPath,
        fileUrl: scriptPath + filePath,
        communityFileUrl: scriptPath + socialFilesPath,
        customHelpFileUrl: scriptPath + customHelpFilesPath,
        isAuditEnabled: isAuditEnabled,
        framesPath: {
          themePreview: '/Core/PublicAccess/ThemePreview',
          componentsPreview: '/Core/PublicAccess/ComponentsPreview'
        },
        appPath: '/Core/app',
        rootPathFolder: htmlRootPath,
        tenantKey: tenantKey,
        apiPaths: apiPaths,
        dashboardPerms: {"CanPersonalizeDashboards":true,"CanEditDashboards":false,"CanAddDashboards":false,"CanDeleteDashboards":false,"CanAccessThemeEditor":false},
        safeOrigin: /(sumtotalsystems\.com|cl12sales\.sumtotaldevelopment\.net|supp-bi-master\.sumtotaldemo\.net|cl-ugm12a)$/i,
        webPartDefinitionCategories: {"Hash":"-246538080","Categories":[{"Category":{"Id":5,"Name":"Common","CategoryKey":"WebPartDefinition_Common","Description":"Common","ParentId":1,"OrdinalPosition":null},"Definitions":[{"WebPartDefinitionKey":"Common_SumtIFrameWebPart","Title":"iFrame","Description":"Enables users to configure a URL to display within the widget.","SubTitle":"IFrame Widget","WebPartIconName":null,"WidgetNotificationMode":0,"WidgetDeeplinkUrlText":null,"CategoryName":"Common","IsWebPartEnabled":true,"TypeName":"SumTotal.SPPortal.WebParts.Core.Common.SumtIFrameWebPart.SumtIFrameWebPart, SumTotal.SPPortal.WebParts, Version=1.0.0.0, Culture=neutral, PublicKeyToken=6b7f90fbd13cce01","WebPartServiceAgentInterfaceTypeName":null,"WebPartDefinitionXml":null,"HideWebPartHeader":false,"HideWebPartFooter":true,"IsFreeFlowing":false,"PillarKey":null,"ChromeStyle":7,"ParameterJSON":"{\"HeaderLinkIcon\": \"\", \"IsCustomEditor\": false, \"PreviewType\" : \"iframe\", \"iFrameUrl\": \"http://www.google.com\"}","TemplatePath":"app/modules/dashboard/views/webparts/widgetIFrame.html","IsSystemLocked":false,"Category":{"Id":5,"Name":"Common","CategoryKey":"WebPartDefinition_Common","Description":"Common","ParentId":1,"OrdinalPosition":null},"Id":3},{"WebPartDefinitionKey":"About_Me","Title":"About Me","Description":"Displays key profile information about the employee.","SubTitle":"Photo, email and employment information","WebPartIconName":null,"WidgetNotificationMode":0,"WidgetDeeplinkUrlText":"View my profile","CategoryName":"Common","IsWebPartEnabled":true,"TypeName":"SumTotal.SPPortal.WebParts.Core.MySelf.AboutMe.AboutMe, SumTotal.SPPortal.WebParts, Version=1.0.0.0, Culture=neutral, PublicKeyToken=6b7f90fbd13cce01","WebPartServiceAgentInterfaceTypeName":null,"WebPartDefinitionXml":null,"HideWebPartHeader":true,"HideWebPartFooter":true,"IsFreeFlowing":false,"PillarKey":null,"ChromeStyle":7,"ParameterJSON":"{\"HeaderLinkIcon\": \"\", \"IsCustomEditor\": false, \"PreviewType\" : \"aboutme\"}","TemplatePath":"app/modules/dashboard/views/webparts/widgetAboutMe.html","IsSystemLocked":false,"Category":{"Id":5,"Name":"Common","CategoryKey":"WebPartDefinition_Common","Description":"Common","ParentId":1,"OrdinalPosition":null},"Id":43},{"WebPartDefinitionKey":"Common_ContentEditor","Title":"Content Editor","Description":"Enables users to add custom HTML to a dashboard.","SubTitle":"Content Editor Widget","WebPartIconName":null,"WidgetNotificationMode":0,"WidgetDeeplinkUrlText":null,"CategoryName":"Common","IsWebPartEnabled":true,"TypeName":null,"WebPartServiceAgentInterfaceTypeName":null,"WebPartDefinitionXml":null,"HideWebPartHeader":false,"HideWebPartFooter":true,"IsFreeFlowing":false,"PillarKey":null,"ChromeStyle":7,"ParameterJSON":"{\"HeaderLinkIcon\": \"\", \"IsCustomEditor\": true, \"PreviewType\" : \"iframe\"}","TemplatePath":"app/modules/dashboard/views/webparts/widgetContentEditor.html","IsSystemLocked":false,"Category":{"Id":5,"Name":"Common","CategoryKey":"WebPartDefinition_Common","Description":"Common","ParentId":1,"OrdinalPosition":null},"Id":60},{"WebPartDefinitionKey":"Timeline","Title":"Timeline","Description":"Displays tasks, approvals, and other updates in a timeline view.","SubTitle":"Activity timeline","WebPartIconName":null,"WidgetNotificationMode":0,"WidgetDeeplinkUrlText":null,"CategoryName":"Common","IsWebPartEnabled":true,"TypeName":null,"WebPartServiceAgentInterfaceTypeName":null,"WebPartDefinitionXml":null,"HideWebPartHeader":false,"HideWebPartFooter":false,"IsFreeFlowing":false,"PillarKey":null,"ChromeStyle":7,"ParameterJSON":"{\"HeaderLinkIcon\": \"\", \"IsCustomEditor\": false, \"PreviewType\" : \"timeline\"}","TemplatePath":"app/modules/dashboard/views/webparts/widgetTimeline.html","IsSystemLocked":false,"Category":{"Id":5,"Name":"Common","CategoryKey":"WebPartDefinition_Common","Description":"Common","ParentId":1,"OrdinalPosition":null},"Id":61},{"WebPartDefinitionKey":"Key_Measures","Title":"Key Measures","Description":"Displays key performance measures for a user.","SubTitle":"Key Measures","WebPartIconName":null,"WidgetNotificationMode":0,"WidgetDeeplinkUrlText":null,"CategoryName":"Common","IsWebPartEnabled":true,"TypeName":null,"WebPartServiceAgentInterfaceTypeName":null,"WebPartDefinitionXml":null,"HideWebPartHeader":false,"HideWebPartFooter":true,"IsFreeFlowing":false,"PillarKey":null,"ChromeStyle":7,"ParameterJSON":"{\"HeaderLinkIcon\": \"\", \"IsCustomEditor\": false, \"PreviewType\" : \"claw\"}","TemplatePath":"app/modules/dashboard/views/webparts/widgetKeyMeasures.html","IsSystemLocked":false,"Category":{"Id":5,"Name":"Common","CategoryKey":"WebPartDefinition_Common","Description":"Common","ParentId":1,"OrdinalPosition":null},"Id":62},{"WebPartDefinitionKey":"Direct_Reports","Title":"Direct Reports","Description":"Listing of your direct reports.","SubTitle":"Direct Reports","WebPartIconName":null,"WidgetNotificationMode":0,"WidgetDeeplinkUrlText":null,"CategoryName":"Common","IsWebPartEnabled":true,"TypeName":null,"WebPartServiceAgentInterfaceTypeName":null,"WebPartDefinitionXml":null,"HideWebPartHeader":false,"HideWebPartFooter":true,"IsFreeFlowing":false,"PillarKey":null,"ChromeStyle":7,"ParameterJSON":"{\"HeaderLinkIcon\": \"DirectReports\", \"IsCustomEditor\": false, \"PreviewType\" : \"table\"}","TemplatePath":"app/modules/dashboard/views/webparts/widgetDirectReports.html","IsSystemLocked":false,"Category":{"Id":5,"Name":"Common","CategoryKey":"WebPartDefinition_Common","Description":"Common","ParentId":1,"OrdinalPosition":null},"Id":63},{"WebPartDefinitionKey":"My_Development_Plan","Title":"My Development Plan","Description":"Displays a user's Development Plan","SubTitle":"My Development Plan","WebPartIconName":null,"WidgetNotificationMode":0,"WidgetDeeplinkUrlText":null,"CategoryName":"Common","IsWebPartEnabled":true,"TypeName":null,"WebPartServiceAgentInterfaceTypeName":null,"WebPartDefinitionXml":null,"HideWebPartHeader":false,"HideWebPartFooter":true,"IsFreeFlowing":false,"PillarKey":null,"ChromeStyle":7,"ParameterJSON":"{\"HeaderLinkIcon\": \"\", \"IsCustomEditor\": false, \"PreviewType\" : \"table\"}","TemplatePath":"app/modules/dashboard/views/webparts/widgetDevelopmentPlan.html","IsSystemLocked":false,"Category":{"Id":5,"Name":"Common","CategoryKey":"WebPartDefinition_Common","Description":"Common","ParentId":1,"OrdinalPosition":null},"Id":90},{"WebPartDefinitionKey":"LeaderBoardDisplay","Title":"Leaderboard Display","Description":"Displays users, ranked by their current Gamification score.","SubTitle":"LeaderBoard Display","WebPartIconName":null,"WidgetNotificationMode":0,"WidgetDeeplinkUrlText":null,"CategoryName":"Common","IsWebPartEnabled":true,"TypeName":null,"WebPartServiceAgentInterfaceTypeName":null,"WebPartDefinitionXml":null,"HideWebPartHeader":false,"HideWebPartFooter":false,"IsFreeFlowing":false,"PillarKey":null,"ChromeStyle":7,"ParameterJSON":"{\"HeaderLinkIcon\": \"\", \"IsCustomEditor\": false, \"PreviewType\" : \"leaderboard\"}","TemplatePath":"app/modules/core/views/gamification/leaderBoard.html","IsSystemLocked":false,"Category":{"Id":5,"Name":"Common","CategoryKey":"WebPartDefinition_Common","Description":"Common","ParentId":1,"OrdinalPosition":null},"Id":97}]},{"Category":{"Id":8,"Name":"Learning","CategoryKey":"WebPartDefinition_Learning","Description":"Learning","ParentId":1,"OrdinalPosition":null},"Definitions":[{"WebPartDefinitionKey":"LM_MyMessages","Title":"My Messages","Description":"Highlights the five most recent unread learning  notifications.","SubTitle":"Recent messages I have received","WebPartIconName":null,"WidgetNotificationMode":1,"WidgetDeeplinkUrlText":"View All Messages","CategoryName":"Learning","IsWebPartEnabled":true,"TypeName":"SumTotal.SPPortal.WebParts.Core.Learning.MyMessages.MyMessages, SumTotal.SPPortal.WebParts, Version=1.0.0.0, Culture=neutral, PublicKeyToken=6b7f90fbd13cce01","WebPartServiceAgentInterfaceTypeName":"ILMWebPartContractAsync","WebPartDefinitionXml":null,"HideWebPartHeader":false,"HideWebPartFooter":true,"IsFreeFlowing":false,"PillarKey":"LM","ChromeStyle":7,"ParameterJSON":"{\"HeaderLinkIcon\": \"\", \"IsCustomEditor\": false, \"MessagesConfig\":{ \"MessageCount\":\"count\", \"MessageData\":[\"date\", \"subject\", \"url\"]}, \"PreviewType\":\"messages\"}","TemplatePath":"app/modules/dashboard/views/webparts/widgetMyMessages.html","IsSystemLocked":false,"Category":{"Id":8,"Name":"Learning","CategoryKey":"WebPartDefinition_Learning","Description":"Learning","ParentId":1,"OrdinalPosition":null},"Id":4},{"WebPartDefinitionKey":"LM_UpcomingTraining","Title":"Upcoming Training","Description":"Shows the next scheduled learning activity the user is enrolled in. Includes options for reviewing summary details.","SubTitle":"Activities","WebPartIconName":null,"WidgetNotificationMode":1,"WidgetDeeplinkUrlText":"View All Upcoming Training","CategoryName":"Learning","IsWebPartEnabled":true,"TypeName":"SumTotal.SPPortal.WebParts.Core.Learning.UpcomingTraining.UpcomingTraining, SumTotal.SPPortal.WebParts, Version=1.0.0.0, Culture=neutral, PublicKeyToken=6b7f90fbd13cce01","WebPartServiceAgentInterfaceTypeName":"ILMWebPartContractAsync","WebPartDefinitionXml":null,"HideWebPartHeader":false,"HideWebPartFooter":true,"IsFreeFlowing":false,"PillarKey":"LM","ChromeStyle":7,"ParameterJSON":"{\"HeaderLinkIcon\": \"\", \"IsCustomEditor\": false, \"PreviewType\" : \"table\"}","TemplatePath":"app/modules/dashboard/views/webparts/widgetUpcomingTraining.html","IsSystemLocked":false,"Category":{"Id":8,"Name":"Learning","CategoryKey":"WebPartDefinition_Learning","Description":"Learning","ParentId":1,"OrdinalPosition":null},"Id":6},{"WebPartDefinitionKey":"LM_TopRatedContent","Title":"Top Rated Content","Description":"Displays the five highest rated learning activities available to the user.","SubTitle":"Top rated learning activities","WebPartIconName":null,"WidgetNotificationMode":1,"WidgetDeeplinkUrlText":"View All Top Rated Content","CategoryName":"Learning","IsWebPartEnabled":true,"TypeName":"SumTotal.SPPortal.WebParts.Core.Learning.TopRatedContent.TopRatedContent, SumTotal.SPPortal.WebParts, Version=1.0.0.0, Culture=neutral, PublicKeyToken=6b7f90fbd13cce01","WebPartServiceAgentInterfaceTypeName":"ILMWebPartContractAsync","WebPartDefinitionXml":null,"HideWebPartHeader":false,"HideWebPartFooter":true,"IsFreeFlowing":false,"PillarKey":"LM","ChromeStyle":7,"ParameterJSON":"{\"HeaderLinkIcon\": \"\", \"IsCustomEditor\": false, \"PreviewType\" : \"table\"}","TemplatePath":"app/modules/dashboard/views/webparts/widgetTopRatedContent.html","IsSystemLocked":false,"Category":{"Id":8,"Name":"Learning","CategoryKey":"WebPartDefinition_Learning","Description":"Learning","ParentId":1,"OrdinalPosition":null},"Id":7},{"WebPartDefinitionKey":"LM_CompletedCertification","Title":"Completed Certifications","Description":"Highlights the user's completed certifications and supports deeplinking to the Activities Detail for each item within the list.","SubTitle":"Activities","WebPartIconName":null,"WidgetNotificationMode":1,"WidgetDeeplinkUrlText":"View All Completed Certifications","CategoryName":"Learning","IsWebPartEnabled":true,"TypeName":"SumTotal.SPPortal.WebParts.Core.Learning.CompletedCertifications.CompletedCertifications, SumTotal.SPPortal.WebParts, Version=1.0.0.0, Culture=neutral, PublicKeyToken=6b7f90fbd13cce01","WebPartServiceAgentInterfaceTypeName":"ILMWebPartContractAsync","WebPartDefinitionXml":null,"HideWebPartHeader":false,"HideWebPartFooter":true,"IsFreeFlowing":false,"PillarKey":"LM","ChromeStyle":7,"ParameterJSON":"{\"HeaderLinkIcon\": \"\", \"IsCustomEditor\": false, \"PreviewType\" : \"table\"}","TemplatePath":"app/modules/dashboard/views/webparts/widgetCompletedCertifications.html","IsSystemLocked":false,"Category":{"Id":8,"Name":"Learning","CategoryKey":"WebPartDefinition_Learning","Description":"Learning","ParentId":1,"OrdinalPosition":null},"Id":8},{"WebPartDefinitionKey":"LM_ExceptionReport","Title":"Exception Report","Description":"Highlights assigned training exceptions (overdue, expired and incomplete) for the user's direct reports.","SubTitle":"Last Updated:","WebPartIconName":null,"WidgetNotificationMode":0,"WidgetDeeplinkUrlText":"View Detailed Exception Report","CategoryName":"Learning","IsWebPartEnabled":true,"TypeName":"SumTotal.SPPortal.WebParts.Core.Learning.ExceptionReport.ExceptionReport, SumTotal.SPPortal.WebParts, Version=1.0.0.0, Culture=neutral, PublicKeyToken=6b7f90fbd13cce01","WebPartServiceAgentInterfaceTypeName":"ILMWebPartContractAsync","WebPartDefinitionXml":null,"HideWebPartHeader":false,"HideWebPartFooter":true,"IsFreeFlowing":false,"PillarKey":"LM","ChromeStyle":7,"ParameterJSON":"{\"HeaderLinkIcon\": \"\", \"IsCustomEditor\": false, \"PreviewType\" : \"donutChart\"}","TemplatePath":"app/modules/dashboard/views/webparts/widgetExceptionReport.html","IsSystemLocked":false,"Category":{"Id":8,"Name":"Learning","CategoryKey":"WebPartDefinition_Learning","Description":"Learning","ParentId":1,"OrdinalPosition":null},"Id":10},{"WebPartDefinitionKey":"LM_MyFavourites","Title":"Favorites","Description":"Supports quick access to content marked as a favorite by the user.","SubTitle":"Activities, Categories, Collaboration Centers","WebPartIconName":null,"WidgetNotificationMode":1,"WidgetDeeplinkUrlText":"More...","CategoryName":"Learning","IsWebPartEnabled":true,"TypeName":"SumTotal.SPPortal.WebParts.Core.Learning.Favorites.Favorites, SumTotal.SPPortal.WebParts, Version=1.0.0.0, Culture=neutral, PublicKeyToken=6b7f90fbd13cce01","WebPartServiceAgentInterfaceTypeName":"ILMWebPartContractAsync","WebPartDefinitionXml":null,"HideWebPartHeader":false,"HideWebPartFooter":true,"IsFreeFlowing":false,"PillarKey":"LM","ChromeStyle":7,"ParameterJSON":"{\"HeaderLinkIcon\": \"\", \"IsCustomEditor\": false, \"PreviewType\" : \"table\"}","TemplatePath":"app/modules/dashboard/views/webparts/widgetFavorites.html","IsSystemLocked":false,"Category":{"Id":8,"Name":"Learning","CategoryKey":"WebPartDefinition_Learning","Description":"Learning","ParentId":1,"OrdinalPosition":null},"Id":12},{"WebPartDefinitionKey":"LM_LearnerAssignment","Title":"Learning Assignments","Description":"Provides quick access to the user's current learning assignments.","SubTitle":"Assignments and duties awaiting completion","WebPartIconName":null,"WidgetNotificationMode":1,"WidgetDeeplinkUrlText":"View All Assignments","CategoryName":"Learning","IsWebPartEnabled":true,"TypeName":"SumTotal.SPPortal.WebParts.Core.Learning.LearningAssignments.LearningAssignments, SumTotal.SPPortal.WebParts, Version=1.0.0.0, Culture=neutral, PublicKeyToken=6b7f90fbd13cce01","WebPartServiceAgentInterfaceTypeName":"ILMWebPartContractAsync","WebPartDefinitionXml":null,"HideWebPartHeader":false,"HideWebPartFooter":true,"IsFreeFlowing":false,"PillarKey":"LM","ChromeStyle":7,"ParameterJSON":"{\"HeaderLinkIcon\": \"\", \"IsCustomEditor\": false, \"PreviewType\" : \"table\"}","TemplatePath":"app/modules/dashboard/views/webparts/widgetLearningAssignments.html","IsSystemLocked":false,"Category":{"Id":8,"Name":"Learning","CategoryKey":"WebPartDefinition_Learning","Description":"Learning","ParentId":1,"OrdinalPosition":null},"Id":14},{"WebPartDefinitionKey":"LM_ExceptionReport_Others","Title":"Exception Report (Others)","Description":"Status of activities assigned to direct reports and managed users. Supports deep linking to Manager Exception page.","SubTitle":"Last Updated:","WebPartIconName":null,"WidgetNotificationMode":0,"WidgetDeeplinkUrlText":"View Detailed Exception Report","CategoryName":"Learning","IsWebPartEnabled":true,"TypeName":"SumTotal.SPPortal.WebParts.Core.Learning.ExceptionReport.ExceptionReport, SumTotal.SPPortal.WebParts, Version=1.0.0.0, Culture=neutral, PublicKeyToken=6b7f90fbd13cce01","WebPartServiceAgentInterfaceTypeName":"ILMWebPartContractAsync","WebPartDefinitionXml":null,"HideWebPartHeader":false,"HideWebPartFooter":true,"IsFreeFlowing":false,"PillarKey":"LM","ChromeStyle":7,"ParameterJSON":"{\"HeaderLinkIcon\": \"\", \"IsCustomEditor\": false, \"PreviewType\" : \"donutChart\"}","TemplatePath":"app/modules/dashboard/views/webparts/widgetExceptionReportOthers.html","IsSystemLocked":false,"Category":{"Id":8,"Name":"Learning","CategoryKey":"WebPartDefinition_Learning","Description":"Learning","ParentId":1,"OrdinalPosition":null},"Id":58},{"WebPartDefinitionKey":"LM_TeachingActivities","Title":"My Instructor Schedule","Description":"Provides instructors with quick access to their current and upcoming training items.","SubTitle":"Widget My Instructor Schedule Activities","WebPartIconName":null,"WidgetNotificationMode":0,"WidgetDeeplinkUrlText":"View All My Instructor Schedule","CategoryName":"Learning","IsWebPartEnabled":true,"TypeName":null,"WebPartServiceAgentInterfaceTypeName":"ILMWebPartContractAsync","WebPartDefinitionXml":null,"HideWebPartHeader":false,"HideWebPartFooter":true,"IsFreeFlowing":false,"PillarKey":"LM","ChromeStyle":7,"ParameterJSON":"{\"HeaderLinkIcon\": \"\", \"IsCustomEditor\": false, \"PreviewType\" : \"table\"}","TemplatePath":"app/modules/dashboard/views/webparts/WidgetTeachingActivities.html","IsSystemLocked":false,"Category":{"Id":8,"Name":"Learning","CategoryKey":"WebPartDefinition_Learning","Description":"Learning","ParentId":1,"OrdinalPosition":null},"Id":64},{"WebPartDefinitionKey":"LM_RecentlyLaunched","Title":"Recently Launched","Description":"Provides user with quick access to the most recently launched non-completed training item.","SubTitle":"Recently Launched","WebPartIconName":null,"WidgetNotificationMode":0,"WidgetDeeplinkUrlText":"View All Recently Launch Activity","CategoryName":"Learning","IsWebPartEnabled":true,"TypeName":"SumTotal.SPPortal.WebParts.Core.Learning.RecentlyLaunched.RecentlyLaunched, SumTotal.SPPortal.WebParts, Version=1.0.0.0, Culture=neutral, PublicKeyToken=6b7f90fbd13cce01","WebPartServiceAgentInterfaceTypeName":"ILMWebPartContractAsync","WebPartDefinitionXml":null,"HideWebPartHeader":false,"HideWebPartFooter":true,"IsFreeFlowing":false,"PillarKey":"LM","ChromeStyle":7,"ParameterJSON":"{\"HeaderLinkIcon\": \"\", \"IsCustomEditor\": false, \"PreviewType\" : \"table\"}","TemplatePath":"app/modules/dashboard/views/webparts/widgetRecentlyLaunched.html","IsSystemLocked":false,"Category":{"Id":8,"Name":"Learning","CategoryKey":"WebPartDefinition_Learning","Description":"Learning","ParentId":1,"OrdinalPosition":null},"Id":65},{"WebPartDefinitionKey":"LM_ProxyRelations","Title":"Proxy Relations","Description":"Allows the user to have quick access to a list of users whom they can act as a proxy for.","SubTitle":"Proxy Relations","WebPartIconName":null,"WidgetNotificationMode":1,"WidgetDeeplinkUrlText":"View All","CategoryName":"Learning","IsWebPartEnabled":true,"TypeName":"SumTotal.SPPortal.WebParts.Core.Learning.ProxyRelations.ProxyRelations, SumTotal.SPPortal.WebParts, Version=1.0.0.0, Culture=neutral, PublicKeyToken=6b7f90fbd13cce01","WebPartServiceAgentInterfaceTypeName":"ILMWebPartContractAsync","WebPartDefinitionXml":null,"HideWebPartHeader":false,"HideWebPartFooter":true,"IsFreeFlowing":false,"PillarKey":"LM","ChromeStyle":7,"ParameterJSON":"{\"HeaderLinkIcon\": \"\", \"IsCustomEditor\": false, \"PreviewType\" : \"table\"}","TemplatePath":"app/modules/dashboard/views/webparts/widgetProxyRelations.html","IsSystemLocked":false,"Category":{"Id":8,"Name":"Learning","CategoryKey":"WebPartDefinition_Learning","Description":"Learning","ParentId":1,"OrdinalPosition":null},"Id":66},{"WebPartDefinitionKey":"LM_MyLearning","Title":"My Learning","Description":"Provides user with graphical summary of their assigned training compliance status.","SubTitle":null,"WebPartIconName":null,"WidgetNotificationMode":0,"WidgetDeeplinkUrlText":null,"CategoryName":"Learning","IsWebPartEnabled":true,"TypeName":"SumTotal.SPPortal.WebParts.Core.Learning.MyLearning.MyLearning, SumTotal.SPPortal.WebParts, Version=1.0.0.0, Culture=neutral, PublicKeyToken=6b7f90fbd13cce01","WebPartServiceAgentInterfaceTypeName":"ILMWebPartContractAsync","WebPartDefinitionXml":null,"HideWebPartHeader":false,"HideWebPartFooter":true,"IsFreeFlowing":false,"PillarKey":"LM","ChromeStyle":7,"ParameterJSON":"{\"HeaderLinkIcon\": \"\", \"IsCustomEditor\": false, \"PreviewType\" : \"html\"}","TemplatePath":"app/modules/dashboard/views/webparts/widgetMyLearning.html","IsSystemLocked":false,"Category":{"Id":8,"Name":"Learning","CategoryKey":"WebPartDefinition_Learning","Description":"Learning","ParentId":1,"OrdinalPosition":null},"Id":67},{"WebPartDefinitionKey":"LM_LearningTasks","Title":"Learning Tasks","Description":"Displays the user's pending tasks.","SubTitle":"Learning Tasks","WebPartIconName":null,"WidgetNotificationMode":0,"WidgetDeeplinkUrlText":null,"CategoryName":"Learning","IsWebPartEnabled":true,"TypeName":"SSumTotal.SPPortal.WebParts.Core.Learning.LearningTasks.LearningTasks, SumTotal.SPPortal.WebParts, Version=1.0.0.0, Culture=neutral, PublicKeyToken=6b7f90fbd13cce01","WebPartServiceAgentInterfaceTypeName":"ILMWebPartContractAsync","WebPartDefinitionXml":null,"HideWebPartHeader":false,"HideWebPartFooter":true,"IsFreeFlowing":false,"PillarKey":"LM","ChromeStyle":7,"ParameterJSON":"{\"HeaderLinkIcon\": \"\", \"IsCustomEditor\": false, \"PreviewType\" : \"table\"}","TemplatePath":"app/modules/dashboard/views/webparts/widgetLearningTasks.html","IsSystemLocked":false,"Category":{"Id":8,"Name":"Learning","CategoryKey":"WebPartDefinition_Learning","Description":"Learning","ParentId":1,"OrdinalPosition":null},"Id":68},{"WebPartDefinitionKey":"LM_QuickLinks","Title":"Quick Links","Description":"Displays the Quick Links for Training Transcript, Training Schedule and Training Analysis.","SubTitle":"Quick Links for Training","WebPartIconName":null,"WidgetNotificationMode":0,"WidgetDeeplinkUrlText":null,"CategoryName":"Learning","IsWebPartEnabled":true,"TypeName":"SumTotal.SPPortal.WebParts.Core.Learning.QuickLinks.QuickLinks, SumTotal.SPPortal.WebParts, Version=1.0.0.0, Culture=neutral, PublicKeyToken=6b7f90fbd13cce01","WebPartServiceAgentInterfaceTypeName":"ILMWebPartContractAsync","WebPartDefinitionXml":null,"HideWebPartHeader":false,"HideWebPartFooter":true,"IsFreeFlowing":false,"PillarKey":"LM","ChromeStyle":7,"ParameterJSON":"{\"HeaderLinkIcon\": \"\", \"IsCustomEditor\": false, \"PreviewType\" : \"table\"}","TemplatePath":"app/modules/dashboard/views/webparts/widgetQuickLinks.html","IsSystemLocked":false,"Category":{"Id":8,"Name":"Learning","CategoryKey":"WebPartDefinition_Learning","Description":"Learning","ParentId":1,"OrdinalPosition":null},"Id":69},{"WebPartDefinitionKey":"LM_Recommendation","Title":"Recommended Courses","Description":"Displays recommended learning based on your interests, your required skills, and suggestions from others in your organization.","SubTitle":null,"WebPartIconName":null,"WidgetNotificationMode":0,"WidgetDeeplinkUrlText":null,"CategoryName":"Learning","IsWebPartEnabled":true,"TypeName":null,"WebPartServiceAgentInterfaceTypeName":null,"WebPartDefinitionXml":null,"HideWebPartHeader":false,"HideWebPartFooter":true,"IsFreeFlowing":false,"PillarKey":"LM","ChromeStyle":7,"ParameterJSON":"{\"HeaderLinkIcon\": \"\", \"IsCustomEditor\": false, \"PreviewType\" : \"table\"}","TemplatePath":"app/modules/dashboard/views/webparts/widgetRecommendation.html","IsSystemLocked":false,"Category":{"Id":8,"Name":"Learning","CategoryKey":"WebPartDefinition_Learning","Description":"Learning","ParentId":1,"OrdinalPosition":null},"Id":70},{"WebPartDefinitionKey":"LM_PromotedActivities","Title":"Promoted Activities","Description":"Displays the Promoted Activities","SubTitle":null,"WebPartIconName":null,"WidgetNotificationMode":0,"WidgetDeeplinkUrlText":null,"CategoryName":"Learning","IsWebPartEnabled":true,"TypeName":"SumTotal.SPPortal.WebParts.Core.Learning.PromotedActivities.PromotedActivities, SumTotal.SPPortal.WebParts, Version=1.0.0.0, Culture=neutral, PublicKeyToken=6b7f90fbd13cce01","WebPartServiceAgentInterfaceTypeName":"ILMWebPartContractAsync","WebPartDefinitionXml":null,"HideWebPartHeader":false,"HideWebPartFooter":false,"IsFreeFlowing":false,"PillarKey":"LM","ChromeStyle":7,"ParameterJSON":"{\"HeaderLinkIcon\": \"\", \"IsCustomEditor\": false, \"PreviewType\" : \"configTextField\", \"Config\":{\"Name\":\"LearningActivityCodes\",\"Value\":\"\"}}","TemplatePath":"app/modules/dashboard/views/webparts/widgetPromotedActivities.html","IsSystemLocked":false,"Category":{"Id":8,"Name":"Learning","CategoryKey":"WebPartDefinition_Learning","Description":"Learning","ParentId":1,"OrdinalPosition":null},"Id":79},{"WebPartDefinitionKey":"LM_Categories","Title":"Browse By Topic","Description":"Display all topics, can browse activities through selected topic.","SubTitle":"Browse By Topic","WebPartIconName":null,"WidgetNotificationMode":0,"WidgetDeeplinkUrlText":"View All Categories","CategoryName":"Learning","IsWebPartEnabled":true,"TypeName":null,"WebPartServiceAgentInterfaceTypeName":"ILMWebPartContractAsync","WebPartDefinitionXml":null,"HideWebPartHeader":false,"HideWebPartFooter":false,"IsFreeFlowing":false,"PillarKey":"LM","ChromeStyle":7,"ParameterJSON":"{\"HeaderLinkIcon\": \"\", \"IsCustomEditor\": false, \"PreviewType\" : \"table\"}","TemplatePath":"app/modules/dashboard/views/webparts/widgetCatalogBrowseByCategory.html","IsSystemLocked":false,"Category":{"Id":8,"Name":"Learning","CategoryKey":"WebPartDefinition_Learning","Description":"Learning","ParentId":1,"OrdinalPosition":null},"Id":80},{"WebPartDefinitionKey":"LM_ActivityTypes","Title":"Browse By Activity Type","Description":"Display all Activity Types, can browse activities through selected Activity Type.","SubTitle":"Browse By Activity Type","WebPartIconName":null,"WidgetNotificationMode":0,"WidgetDeeplinkUrlText":"View All Activity Types","CategoryName":"Learning","IsWebPartEnabled":true,"TypeName":null,"WebPartServiceAgentInterfaceTypeName":"ILMWebPartContractAsync","WebPartDefinitionXml":null,"HideWebPartHeader":false,"HideWebPartFooter":false,"IsFreeFlowing":false,"PillarKey":"LM","ChromeStyle":7,"ParameterJSON":"{\"HeaderLinkIcon\": \"\", \"IsCustomEditor\": false, \"PreviewType\" : \"table\"}","TemplatePath":"app/modules/dashboard/views/webparts/widgetCatalogBrowseByActivityType.html","IsSystemLocked":false,"Category":{"Id":8,"Name":"Learning","CategoryKey":"WebPartDefinition_Learning","Description":"Learning","ParentId":1,"OrdinalPosition":null},"Id":81},{"WebPartDefinitionKey":"LM_PromotedCategories","Title":"Promoted Topics","Description":"Displays selected topics. Users can browse activities through selected topics.","SubTitle":"Promoted Topics","WebPartIconName":null,"WidgetNotificationMode":0,"WidgetDeeplinkUrlText":"View All Topics","CategoryName":"Learning","IsWebPartEnabled":true,"TypeName":null,"WebPartServiceAgentInterfaceTypeName":"ILMWebPartContractAsync","WebPartDefinitionXml":null,"HideWebPartHeader":false,"HideWebPartFooter":false,"IsFreeFlowing":false,"PillarKey":"LM","ChromeStyle":7,"ParameterJSON":"{\"HeaderLinkIcon\": \"\", \"IsCustomEditor\": false, \"PreviewType\" : \"table\"}","TemplatePath":"app/modules/dashboard/views/webparts/widgetPromotedCategories.html","IsSystemLocked":false,"Category":{"Id":8,"Name":"Learning","CategoryKey":"WebPartDefinition_Learning","Description":"Learning","ParentId":1,"OrdinalPosition":null},"Id":82},{"WebPartDefinitionKey":"LM_Calendar","Title":"My Learning Schedule","Description":"Highlights schedule information in calendar.","SubTitle":null,"WebPartIconName":null,"WidgetNotificationMode":0,"WidgetDeeplinkUrlText":null,"CategoryName":"Learning","IsWebPartEnabled":true,"TypeName":"SumTotal.SPPortal.WebParts.Core.Learning.Calendar.Calendar, SumTotal.SPPortal.WebParts, Version=1.0.0.0, Culture=neutral, PublicKeyToken=6b7f90fbd13cce01","WebPartServiceAgentInterfaceTypeName":null,"WebPartDefinitionXml":null,"HideWebPartHeader":false,"HideWebPartFooter":true,"IsFreeFlowing":false,"PillarKey":"LM","ChromeStyle":7,"ParameterJSON":"{\"HeaderLinkIcon\": \"\", \"IsCustomEditor\": false, \"PreviewType\" : \"html\"}","TemplatePath":"app/modules/dashboard/views/webparts/widgetCalendar.html","IsSystemLocked":false,"Category":{"Id":8,"Name":"Learning","CategoryKey":"WebPartDefinition_Learning","Description":"Learning","ParentId":1,"OrdinalPosition":null},"Id":83},{"WebPartDefinitionKey":"LM_News","Title":"News","Description":"Displays the latest news.","SubTitle":"News","WebPartIconName":null,"WidgetNotificationMode":0,"WidgetDeeplinkUrlText":null,"CategoryName":"Learning","IsWebPartEnabled":true,"TypeName":null,"WebPartServiceAgentInterfaceTypeName":null,"WebPartDefinitionXml":null,"HideWebPartHeader":false,"HideWebPartFooter":false,"IsFreeFlowing":false,"PillarKey":"LM","ChromeStyle":7,"ParameterJSON":"{\"HeaderLinkIcon\": \"\", \"IsCustomEditor\": false, \"PreviewType\" : \"table\"}","TemplatePath":"app/modules/dashboard/views/webparts/widgetNews.html","IsSystemLocked":false,"Category":{"Id":8,"Name":"Learning","CategoryKey":"WebPartDefinition_Learning","Description":"Learning","ParentId":1,"OrdinalPosition":null},"Id":85},{"WebPartDefinitionKey":"LM_RecentPurchasedActivities","Title":"Recently Purchased Activities","Description":"Provides user with quick access to the five most recently purchased  activities.","SubTitle":"Recent purchases I have made","WebPartIconName":null,"WidgetNotificationMode":0,"WidgetDeeplinkUrlText":null,"CategoryName":"Learning","IsWebPartEnabled":true,"TypeName":null,"WebPartServiceAgentInterfaceTypeName":"ILMWebPartContractAsync","WebPartDefinitionXml":null,"HideWebPartHeader":false,"HideWebPartFooter":false,"IsFreeFlowing":false,"PillarKey":"LM","ChromeStyle":7,"ParameterJSON":"{\"HeaderLinkIcon\": \"\", \"IsCustomEditor\": false, \"PreviewType\" : \"table\"}","TemplatePath":"app/modules/dashboard/views/webparts/widgetLearningRecentlyPurchasedActivities.html","IsSystemLocked":false,"Category":{"Id":8,"Name":"Learning","CategoryKey":"WebPartDefinition_Learning","Description":"Learning","ParentId":1,"OrdinalPosition":null},"Id":87},{"WebPartDefinitionKey":"LM_ConfigurableWidget","Title":"Configurable Widget","Description":"Displays configured widget data","SubTitle":null,"WebPartIconName":null,"WidgetNotificationMode":0,"WidgetDeeplinkUrlText":null,"CategoryName":"Learning","IsWebPartEnabled":true,"TypeName":null,"WebPartServiceAgentInterfaceTypeName":"ILMWebPartContractAsync","WebPartDefinitionXml":null,"HideWebPartHeader":false,"HideWebPartFooter":false,"IsFreeFlowing":false,"PillarKey":"LM","ChromeStyle":7,"ParameterJSON":"{\"HeaderLinkIcon\": \"\", \"IsCustomEditor\": false, \"PreviewType\" : \"configCarouselDropDown\", \"Config\":{\"Name\":\"ConfigurableCarouselWidgetCodesDropDown\",\"DropDownData\":{\"SelectedKey\": null, \"AvailableOptions\": [{\"id\": \"0\", \"name\":\"Trending For Your Job\"}, {\"id\":\"1\", \"name\":\"Top Picks For You\"}, {\"id\":\"2\", \"name\":\"Top Rated\"}, {\"id\":\"3\", \"name\":\"Saved For Later\"}, {\"id\":\"4\", \"name\":\"Continue Learning\"}, {\"id\":\"5\", \"name\":\"Join Your Peers\"}, {\"id\":\"6\", \"name\":\"Training Recommended For Next Job\"}, {\"id\":\"7\", \"name\":\"Most Popular\"}]}}}","TemplatePath":"app/modules/dashboard/views/webparts/widgetConfigurableContent.html","IsSystemLocked":false,"Category":{"Id":8,"Name":"Learning","CategoryKey":"WebPartDefinition_Learning","Description":"Learning","ParentId":1,"OrdinalPosition":null},"Id":106},{"WebPartDefinitionKey":"LM_ConfigurableCarouselWidget","Title":"Configurable Carousel Widget","Description":"Displays configured widget data","SubTitle":null,"WebPartIconName":null,"WidgetNotificationMode":0,"WidgetDeeplinkUrlText":null,"CategoryName":"Learning","IsWebPartEnabled":true,"TypeName":null,"WebPartServiceAgentInterfaceTypeName":"ILMWebPartContractAsync","WebPartDefinitionXml":null,"HideWebPartHeader":false,"HideWebPartFooter":false,"IsFreeFlowing":false,"PillarKey":"LM","ChromeStyle":7,"ParameterJSON":"{\"HeaderLinkIcon\": \"\", \"IsCustomEditor\": false, \"PreviewType\" : \"configCarouselDropDown\", \"Config\":{\"Name\":\"ConfigurableCarouselWidgetCodesDropDown\",\"DropDownData\":{\"SelectedKey\": null, \"AvailableOptions\": [{\"id\": \"0\", \"name\":\"Trending For Your Job\"}, {\"id\":\"1\", \"name\":\"Top Picks For You\"}, {\"id\":\"2\", \"name\":\"Top Rated\"}, {\"id\":\"3\", \"name\":\"Saved For Later\"}, {\"id\":\"4\", \"name\":\"Continue Learning\"}, {\"id\":\"5\", \"name\":\"Join Your Peers\"}, {\"id\":\"6\", \"name\":\"Training Recommended For Next Job\"}, {\"id\":\"7\", \"name\":\"Most Popular\"}]}}}","TemplatePath":"app/modules/dashboard/views/webparts/widgetConfigurableCarouselContent.html","IsSystemLocked":false,"Category":{"Id":8,"Name":"Learning","CategoryKey":"WebPartDefinition_Learning","Description":"Learning","ParentId":1,"OrdinalPosition":null},"Id":107},{"WebPartDefinitionKey":"search_calendarView","Title":"Available Activities Calendar","Description":"Allows learners to browse available learning activity offerings in a calendar view.","SubTitle":"Available Activities Calendar","WebPartIconName":null,"WidgetNotificationMode":0,"WidgetDeeplinkUrlText":null,"CategoryName":"Learning","IsWebPartEnabled":true,"TypeName":null,"WebPartServiceAgentInterfaceTypeName":null,"WebPartDefinitionXml":null,"HideWebPartHeader":false,"HideWebPartFooter":false,"IsFreeFlowing":false,"PillarKey":"LM","ChromeStyle":7,"ParameterJSON":"{\"HeaderLinkIcon\": \"\", \"IsCustomEditor\": false, \"PreviewType\" : \"calendar\"}","TemplatePath":"app/modules/dashboard/views/searchWidgets/calendarView.html","IsSystemLocked":false,"Category":{"Id":8,"Name":"Learning","CategoryKey":"WebPartDefinition_Learning","Description":"Learning","ParentId":1,"OrdinalPosition":null},"Id":111},{"WebPartDefinitionKey":"LM_FavouritesCarousel","Title":"My Favorites","Description":"Supports quick access to content marked as a favorite by the user in a carousel.","SubTitle":"Activities, Categories, Collaboration Centers","WebPartIconName":null,"WidgetNotificationMode":1,"WidgetDeeplinkUrlText":"More...","CategoryName":"Learning","IsWebPartEnabled":true,"TypeName":"SumTotal.SPPortal.WebParts.Core.Learning.Favorites.Favorites, SumTotal.SPPortal.WebParts, Version=1.0.0.0, Culture=neutral, PublicKeyToken=6b7f90fbd13cce01","WebPartServiceAgentInterfaceTypeName":"ILMWebPartContractAsync","WebPartDefinitionXml":null,"HideWebPartHeader":false,"HideWebPartFooter":true,"IsFreeFlowing":false,"PillarKey":"LM","ChromeStyle":7,"ParameterJSON":"{\"HeaderLinkIcon\": \"\", \"IsCustomEditor\": false, \"PreviewType\" : \"table\"}","TemplatePath":"app/modules/dashboard/views/webparts/widgetFavoritesCarousel.html","IsSystemLocked":false,"Category":{"Id":8,"Name":"Learning","CategoryKey":"WebPartDefinition_Learning","Description":"Learning","ParentId":1,"OrdinalPosition":null},"Id":112},{"WebPartDefinitionKey":"Common_SearchWidget","Title":"Search","Description":"Quick Search for Courses, Training, Videos, Books and Audiobooks","SubTitle":"Search for Courses, Training, Videos, Books and Audiobooks","WebPartIconName":null,"WidgetNotificationMode":0,"WidgetDeeplinkUrlText":null,"CategoryName":"Learning","IsWebPartEnabled":true,"TypeName":null,"WebPartServiceAgentInterfaceTypeName":null,"WebPartDefinitionXml":null,"HideWebPartHeader":true,"HideWebPartFooter":false,"IsFreeFlowing":false,"PillarKey":null,"ChromeStyle":6,"ParameterJSON":"{\"HeaderLinkIcon\": \"\", \"IsCustomEditor\": false, \"PreviewType\" : \"table\"}","TemplatePath":"app/modules/dashboard/views/webparts/widgetEnterpriseSearch.html","IsSystemLocked":false,"Category":{"Id":8,"Name":"Learning","CategoryKey":"WebPartDefinition_Learning","Description":"Learning","ParentId":1,"OrdinalPosition":null},"Id":113},{"WebPartDefinitionKey":"LM_ResumeLearning","Title":"Resume Learning","Description":"Provides user with quick access to all recently launched non-completed training items.","SubTitle":"List of recently launched activities","WebPartIconName":null,"WidgetNotificationMode":0,"WidgetDeeplinkUrlText":"View All Recently Launched Activities","CategoryName":"Learning","IsWebPartEnabled":true,"TypeName":"SumTotal.SPPortal.WebParts.Core.Learning.RecentlyLaunched.RecentlyLaunched, SumTotal.SPPortal.WebParts, Version=1.0.0.0, Culture=neutral, PublicKeyToken=6b7f90fbd13cce01","WebPartServiceAgentInterfaceTypeName":"ILMWebPartContractAsync","WebPartDefinitionXml":null,"HideWebPartHeader":false,"HideWebPartFooter":true,"IsFreeFlowing":false,"PillarKey":"LM","ChromeStyle":7,"ParameterJSON":"{\"HeaderLinkIcon\": \"\", \"IsCustomEditor\": false, \"PreviewType\" : \"table\"}","TemplatePath":"app/modules/dashboard/views/webparts/widgetRecentlyLaunchedActivitiesList.html","IsSystemLocked":false,"Category":{"Id":8,"Name":"Learning","CategoryKey":"WebPartDefinition_Learning","Description":"Learning","ParentId":1,"OrdinalPosition":null},"Id":114},{"WebPartDefinitionKey":"LM_RecommendedActivities","Title":"Recommended Activities","Description":"Displays recommended activities based on your interests, your required skills, and suggestions from others in your organization in a carousel.","SubTitle":null,"WebPartIconName":null,"WidgetNotificationMode":0,"WidgetDeeplinkUrlText":null,"CategoryName":"Learning","IsWebPartEnabled":true,"TypeName":null,"WebPartServiceAgentInterfaceTypeName":null,"WebPartDefinitionXml":null,"HideWebPartHeader":true,"HideWebPartFooter":true,"IsFreeFlowing":false,"PillarKey":"LM","ChromeStyle":6,"ParameterJSON":"{\"HeaderLinkIcon\": \"\", \"IsCustomEditor\": false, \"PreviewType\" : \"table\"}","TemplatePath":"app/modules/dashboard/views/webparts/widgetRecommendedActivitiesCarousel.html","IsSystemLocked":false,"Category":{"Id":8,"Name":"Learning","CategoryKey":"WebPartDefinition_Learning","Description":"Learning","ParentId":1,"OrdinalPosition":null},"Id":115},{"WebPartDefinitionKey":"LM_PromotedActivities","Title":"Promoted Learning  Activities","Description":"Displays activities promoted by your organization.","SubTitle":null,"WebPartIconName":null,"WidgetNotificationMode":0,"WidgetDeeplinkUrlText":null,"CategoryName":"Learning","IsWebPartEnabled":true,"TypeName":"SumTotal.SPPortal.WebParts.Core.Learning.PromotedActivities.PromotedActivities, SumTotal.SPPortal.WebParts, Version=1.0.0.0, Culture=neutral, PublicKeyToken=6b7f90fbd13cce01","WebPartServiceAgentInterfaceTypeName":"ILMWebPartContractAsync","WebPartDefinitionXml":null,"HideWebPartHeader":false,"HideWebPartFooter":false,"IsFreeFlowing":false,"PillarKey":"LM","ChromeStyle":7,"ParameterJSON":"{\"HeaderLinkIcon\": \"\", \"IsCustomEditor\": false, \"PreviewType\" : \"configTextField\", \"Config\":{\"Name\":\"LearningActivityCodes\",\"Value\":\"\"}}","TemplatePath":"app/modules/dashboard/views/webparts/widgetPromotedActivitiesCarousel.html","IsSystemLocked":false,"Category":{"Id":8,"Name":"Learning","CategoryKey":"WebPartDefinition_Learning","Description":"Learning","ParentId":1,"OrdinalPosition":null},"Id":118},{"WebPartDefinitionKey":"LM_PromotedLibraryTopics","Title":"Promoted Library  Topics","Description":"Displays Library topics promoted by your organization.","SubTitle":null,"WebPartIconName":null,"WidgetNotificationMode":0,"WidgetDeeplinkUrlText":"View All Topics","CategoryName":"Learning","IsWebPartEnabled":true,"TypeName":null,"WebPartServiceAgentInterfaceTypeName":"ILMWebPartContractAsync","WebPartDefinitionXml":null,"HideWebPartHeader":false,"HideWebPartFooter":false,"IsFreeFlowing":false,"PillarKey":"LM","ChromeStyle":7,"ParameterJSON":"{\"HeaderLinkIcon\": \"\", \"IsCustomEditor\": false, \"PreviewType\" : \"table\", \"MaxCount\":20}","TemplatePath":"app/modules/dashboard/views/webparts/widgetPromotedCategoriesCarousel.html","IsSystemLocked":false,"Category":{"Id":8,"Name":"Learning","CategoryKey":"WebPartDefinition_Learning","Description":"Learning","ParentId":1,"OrdinalPosition":null},"Id":119}]},{"Category":{"Id":11,"Name":"Social","CategoryKey":"WebPartDefinition_Social","Description":"Social","ParentId":1,"OrdinalPosition":null},"Definitions":[{"WebPartDefinitionKey":"LM_MyCommunities","Title":"My Communities","Description":"Recent posts for the communities which the logged in user is a member, supported by an option to view all updates.","SubTitle":"Favorite discussion forums","WebPartIconName":null,"WidgetNotificationMode":1,"WidgetDeeplinkUrlText":"View All Communities","CategoryName":"Social","IsWebPartEnabled":true,"TypeName":"SumTotal.SPPortal.WebParts.Core.Social.MyCommunities.MyCommunities, SumTotal.SPPortal.WebParts, Version=1.0.0.0, Culture=neutral, PublicKeyToken=6b7f90fbd13cce01","WebPartServiceAgentInterfaceTypeName":"ILMWebPartContractAsync","WebPartDefinitionXml":null,"HideWebPartHeader":false,"HideWebPartFooter":true,"IsFreeFlowing":false,"PillarKey":"LM","ChromeStyle":7,"ParameterJSON":"{\"HeaderLinkIcon\": \"\", \"IsCustomEditor\": false, \"PreviewType\" : \"table\"}","TemplatePath":"app/modules/dashboard/views/webparts/widgetMyCommunities.html","IsSystemLocked":false,"Category":{"Id":11,"Name":"Social","CategoryKey":"WebPartDefinition_Social","Description":"Social","ParentId":1,"OrdinalPosition":null},"Id":5},{"WebPartDefinitionKey":"LM_CommunityUpdates","Title":"Community Updates","Description":"Highlights recent community posts with an option to view all community updates.","SubTitle":"Updated discussion forums  ","WebPartIconName":null,"WidgetNotificationMode":1,"WidgetDeeplinkUrlText":"View All Updates","CategoryName":"Social","IsWebPartEnabled":true,"TypeName":"SumTotal.SPPortal.WebParts.Core.Social.CommunityUpdates.CommunityUpdates, SumTotal.SPPortal.WebParts, Version=1.0.0.0, Culture=neutral, PublicKeyToken=6b7f90fbd13cce01","WebPartServiceAgentInterfaceTypeName":"ILMWebPartContractAsync","WebPartDefinitionXml":null,"HideWebPartHeader":false,"HideWebPartFooter":true,"IsFreeFlowing":false,"PillarKey":"LM","ChromeStyle":7,"ParameterJSON":"{\"HeaderLinkIcon\": \"\", \"IsCustomEditor\": false, \"PreviewType\" : \"table\"}","TemplatePath":"app/modules/dashboard/views/webparts/widgetCommunityUpdates.html","IsSystemLocked":false,"Category":{"Id":11,"Name":"Social","CategoryKey":"WebPartDefinition_Social","Description":"Social","ParentId":1,"OrdinalPosition":null},"Id":11},{"WebPartDefinitionKey":"SocialGroups","Title":"Social Groups","Description":"View all Social groups, manage your Social groups, and post messages.","SubTitle":"Social Groups","WebPartIconName":null,"WidgetNotificationMode":0,"WidgetDeeplinkUrlText":null,"CategoryName":"Social","IsWebPartEnabled":true,"TypeName":null,"WebPartServiceAgentInterfaceTypeName":null,"WebPartDefinitionXml":null,"HideWebPartHeader":false,"HideWebPartFooter":false,"IsFreeFlowing":false,"PillarKey":null,"ChromeStyle":7,"ParameterJSON":"{\"HeaderLinkIcon\": \"\", \"IsCustomEditor\": false, \"PreviewType\" : \"table\"}","TemplatePath":"app/modules/dashboard/views/webparts/widgetSocial.html","IsSystemLocked":false,"Category":{"Id":11,"Name":"Social","CategoryKey":"WebPartDefinition_Social","Description":"Social","ParentId":1,"OrdinalPosition":null},"Id":98},{"WebPartDefinitionKey":"SocialMyFeed","Title":"My Feed","Description":"View and make updates to your Social feed, including groups for which you are a member and public groups.","SubTitle":"My Feed","WebPartIconName":null,"WidgetNotificationMode":0,"WidgetDeeplinkUrlText":null,"CategoryName":"Social","IsWebPartEnabled":true,"TypeName":null,"WebPartServiceAgentInterfaceTypeName":null,"WebPartDefinitionXml":null,"HideWebPartHeader":false,"HideWebPartFooter":false,"IsFreeFlowing":false,"PillarKey":null,"ChromeStyle":7,"ParameterJSON":"{\"HeaderLinkIcon\": \"\", \"IsCustomEditor\": false, \"PreviewType\" : \"table\"}","TemplatePath":"app/modules/dashboard/views/webparts/widgetSocialMyFeed.html","IsSystemLocked":false,"Category":{"Id":11,"Name":"Social","CategoryKey":"WebPartDefinition_Social","Description":"Social","ParentId":1,"OrdinalPosition":null},"Id":99},{"WebPartDefinitionKey":"Social_MyCommunities","Title":"My Social Communities","Description":"Displays social communities that I am a member of","SubTitle":null,"WebPartIconName":null,"WidgetNotificationMode":1,"WidgetDeeplinkUrlText":"View All","CategoryName":"Social","IsWebPartEnabled":true,"TypeName":null,"WebPartServiceAgentInterfaceTypeName":null,"WebPartDefinitionXml":null,"HideWebPartHeader":false,"HideWebPartFooter":false,"IsFreeFlowing":false,"PillarKey":"ELIXHRUI","ChromeStyle":7,"ParameterJSON":"{\"HeaderLinkIcon\": \"\", \"IsCustomEditor\": false, \"PreviewType\" : \"table\"}","TemplatePath":"app/modules/dashboard/views/webparts/widgetSocialMyCommunities.html","IsSystemLocked":false,"Category":{"Id":11,"Name":"Social","CategoryKey":"WebPartDefinition_Social","Description":"Social","ParentId":1,"OrdinalPosition":null},"Id":116},{"WebPartDefinitionKey":"Social_CommunityFeed","Title":"My Social Community Feed","Description":"Displays the social activities of communities I am a member of","SubTitle":null,"WebPartIconName":null,"WidgetNotificationMode":1,"WidgetDeeplinkUrlText":"View All","CategoryName":"Social","IsWebPartEnabled":true,"TypeName":null,"WebPartServiceAgentInterfaceTypeName":null,"WebPartDefinitionXml":null,"HideWebPartHeader":false,"HideWebPartFooter":false,"IsFreeFlowing":false,"PillarKey":"ELIXHRUI","ChromeStyle":7,"ParameterJSON":"{\"HeaderLinkIcon\": \"\", \"IsCustomEditor\": false, \"PreviewType\" : \"table\"}","TemplatePath":"app/modules/dashboard/views/webparts/widgetSocialCommunityFeed.html","IsSystemLocked":false,"Category":{"Id":11,"Name":"Social","CategoryKey":"WebPartDefinition_Social","Description":"Social","ParentId":1,"OrdinalPosition":null},"Id":117}]},{"Category":{"Id":6,"Name":"Talent","CategoryKey":"WebPartDefinition_Talent","Description":"Talent","ParentId":1,"OrdinalPosition":null},"Definitions":[{"WebPartDefinitionKey":"TM_MyProcesses","Title":"My Processes","Description":"Displays status of active processes and supports linking to the process details.","SubTitle":"My assessments and reviews","WebPartIconName":null,"WidgetNotificationMode":0,"WidgetDeeplinkUrlText":"View All Processes","CategoryName":"Talent","IsWebPartEnabled":true,"TypeName":"SumTotal.SPPortal.WebParts.Core.TM.MyProcesses.MyProcesses, SumTotal.SPPortal.WebParts, Version=1.0.0.0, Culture=neutral, PublicKeyToken=6b7f90fbd13cce01","WebPartServiceAgentInterfaceTypeName":"ITMWebPartContractAsync","WebPartDefinitionXml":null,"HideWebPartHeader":false,"HideWebPartFooter":true,"IsFreeFlowing":false,"PillarKey":"TM","ChromeStyle":7,"ParameterJSON":"{\"HeaderLinkIcon\": \"\", \"IsCustomEditor\": false, \"PreviewType\" : \"table\"}","TemplatePath":"app/modules/dashboard/views/webparts/widgetMyProcess.html","IsSystemLocked":false,"Category":{"Id":6,"Name":"Talent","CategoryKey":"WebPartDefinition_Talent","Description":"Talent","ParentId":1,"OrdinalPosition":null},"Id":44},{"WebPartDefinitionKey":"TM_MyTeamProcesses","Title":"My Team - Process List","Description":"Highlights how many direct reports a manager has active within Talent processes.  Users can drill to specific processes.","SubTitle":"Assessments and reviews within my team","WebPartIconName":null,"WidgetNotificationMode":0,"WidgetDeeplinkUrlText":"View All Team Processes","CategoryName":"Talent","IsWebPartEnabled":true,"TypeName":"SumTotal.SPPortal.WebParts.Core.TM.MyTeamProcesses.MyTeamProcesses, SumTotal.SPPortal.WebParts, Version=1.0.0.0, Culture=neutral, PublicKeyToken=6b7f90fbd13cce01","WebPartServiceAgentInterfaceTypeName":"ITMWebPartContractAsync","WebPartDefinitionXml":null,"HideWebPartHeader":false,"HideWebPartFooter":true,"IsFreeFlowing":false,"PillarKey":"TM","ChromeStyle":7,"ParameterJSON":"{\"HeaderLinkIcon\": \"\", \"IsCustomEditor\": false, \"PreviewType\" : \"table\"}","TemplatePath":"app/modules/dashboard/views/webparts/widgetProcessList.html","IsSystemLocked":false,"Category":{"Id":6,"Name":"Talent","CategoryKey":"WebPartDefinition_Talent","Description":"Talent","ParentId":1,"OrdinalPosition":null},"Id":45},{"WebPartDefinitionKey":"TM_MyTeamGoals","Title":"My Team - Goal Summary","Description":"Lists approved goals for direct reports, highlighting due date, progress, and organizational alignment.","SubTitle":"Results of team goals and accomplishments","WebPartIconName":null,"WidgetNotificationMode":0,"WidgetDeeplinkUrlText":"View All My Team Goals","CategoryName":"Talent","IsWebPartEnabled":true,"TypeName":"SumTotal.SPPortal.WebParts.Core.TM.MyTeamGoals.MyTeamGoals, SumTotal.SPPortal.WebParts, Version=1.0.0.0, Culture=neutral, PublicKeyToken=6b7f90fbd13cce01","WebPartServiceAgentInterfaceTypeName":"ITMWebPartContractAsync","WebPartDefinitionXml":null,"HideWebPartHeader":false,"HideWebPartFooter":true,"IsFreeFlowing":false,"PillarKey":"TM","ChromeStyle":7,"ParameterJSON":"{\"HeaderLinkIcon\": \"\", \"IsCustomEditor\": false, \"ChartConfig\":{\"columnMap\":[\"value\"], \"barType\":\"bar\", \"ChartLabelColumn\":\"dataName\"}, \"PreviewType\":\"barChart\"}","TemplatePath":"app/modules/dashboard/views/webparts/widgetMyTeamGoalSummary.html","IsSystemLocked":false,"Category":{"Id":6,"Name":"Talent","CategoryKey":"WebPartDefinition_Talent","Description":"Talent","ParentId":1,"OrdinalPosition":null},"Id":46},{"WebPartDefinitionKey":"TM_MyTeamPerformanceRatingDistribution","Title":"Performance Bell Curve (Manager)","Description":"Organizes direct reports based on their ratings against organizational targeted values.","SubTitle":"Results of team performance reviews","WebPartIconName":null,"WidgetNotificationMode":0,"WidgetDeeplinkUrlText":null,"CategoryName":"Talent","IsWebPartEnabled":true,"TypeName":"SumTotal.SPPortal.WebParts.Core.TM.MyTeamPRD.MyTeamPRD, SumTotal.SPPortal.WebParts, Version=1.0.0.0, Culture=neutral, PublicKeyToken=6b7f90fbd13cce01","WebPartServiceAgentInterfaceTypeName":"ITMWebPartContractAsync","WebPartDefinitionXml":null,"HideWebPartHeader":false,"HideWebPartFooter":true,"IsFreeFlowing":false,"PillarKey":"TM","ChromeStyle":7,"ParameterJSON":"{\"HeaderLinkIcon\": \"\", \"IsCustomEditor\": false, \"ChartConfig\":{\"columnMap\":[\"itemName\", \"count\", \"target\"]}, \"PreviewType\":\"bellChart\"}","TemplatePath":"app/modules/dashboard/views/webparts/widgetRatingDistribution.html","IsSystemLocked":false,"Category":{"Id":6,"Name":"Talent","CategoryKey":"WebPartDefinition_Talent","Description":"Talent","ParentId":1,"OrdinalPosition":null},"Id":47},{"WebPartDefinitionKey":"TM_MyTeamGoalsDetail","Title":"My Team Goals","Description":"Displays all goals and current status for direct reports.","SubTitle":"Detailed information about my team's goals","WebPartIconName":null,"WidgetNotificationMode":0,"WidgetDeeplinkUrlText":"View all my team goals","CategoryName":"Talent","IsWebPartEnabled":true,"TypeName":"SumTotal.SPPortal.WebParts.Core.TM.MyTeamGoalsDetail.MyTeamGoalsDetail, SumTotal.SPPortal.WebParts, Version=1.0.0.0, Culture=neutral, PublicKeyToken=6b7f90fbd13cce01","WebPartServiceAgentInterfaceTypeName":"ITMWebPartContractAsync","WebPartDefinitionXml":null,"HideWebPartHeader":false,"HideWebPartFooter":true,"IsFreeFlowing":false,"PillarKey":"TM","ChromeStyle":7,"ParameterJSON":"{\"HeaderLinkIcon\": \"\", \"IsCustomEditor\": false, \"PreviewType\" : \"table\"}","TemplatePath":"app/modules/dashboard/views/webparts/widgetMyTeamGoals.html","IsSystemLocked":false,"Category":{"Id":6,"Name":"Talent","CategoryKey":"WebPartDefinition_Talent","Description":"Talent","ParentId":1,"OrdinalPosition":null},"Id":48},{"WebPartDefinitionKey":"TM_MyTeamPerformanceProgress","Title":"Team Performance Progress","Description":"Highlights progress against performance processes for direct reports.","SubTitle":"Displays performance processes and the number of employees on each step.","WebPartIconName":null,"WidgetNotificationMode":0,"WidgetDeeplinkUrlText":"Team Completion Report","CategoryName":"Talent","IsWebPartEnabled":true,"TypeName":"SumTotal.SPPortal.WebParts.Core.TM.MyTeamPerfProg.MyTeamPerfProg, SumTotal.SPPortal.WebParts, Version=1.0.0.0, Culture=neutral, PublicKeyToken=6b7f90fbd13cce01","WebPartServiceAgentInterfaceTypeName":"ITMWebPartContractAsync","WebPartDefinitionXml":null,"HideWebPartHeader":false,"HideWebPartFooter":true,"IsFreeFlowing":false,"PillarKey":"TM","ChromeStyle":7,"ParameterJSON":"{\"HeaderLinkIcon\": \"\", \"IsCustomEditor\": false, \"PreviewType\" : \"table\"}","TemplatePath":"app/modules/dashboard/views/webparts/widgetTeamPerformanceProgress.html","IsSystemLocked":false,"Category":{"Id":6,"Name":"Talent","CategoryKey":"WebPartDefinition_Talent","Description":"Talent","ParentId":1,"OrdinalPosition":null},"Id":49},{"WebPartDefinitionKey":"TM_Top5TeamStrengths","Title":"Top 5 Team Strengths","Description":"Identifies team strengths by highlighting average scores of the five highest scored competencies of direct reports.","SubTitle":"Competency Strengths for Your Team","WebPartIconName":null,"WidgetNotificationMode":0,"WidgetDeeplinkUrlText":null,"CategoryName":"Talent","IsWebPartEnabled":true,"TypeName":"SumTotal.SPPortal.WebParts.Core.Performance.Top5TeamStrengths.Top5TeamStrengths, SumTotal.SPPortal.WebParts, Version=1.0.0.0, Culture=neutral, PublicKeyToken=6b7f90fbd13cce01","WebPartServiceAgentInterfaceTypeName":"IPerformanceWebPartContractAsync","WebPartDefinitionXml":null,"HideWebPartHeader":false,"HideWebPartFooter":true,"IsFreeFlowing":false,"PillarKey":"TM","ChromeStyle":7,"ParameterJSON":"{\"HeaderLinkIcon\": \"\", \"IsCustomEditor\": false, \"ChartConfig\":{\"columnMap\":[\"value\"], \"barType\":\"bar\", \"ChartLabelColumn\":\"dataName\"}, \"PreviewType\":\"barChart\"}","TemplatePath":"app/modules/dashboard/views/webparts/widgetTop5TeamStrengths.html","IsSystemLocked":false,"Category":{"Id":6,"Name":"Talent","CategoryKey":"WebPartDefinition_Talent","Description":"Talent","ParentId":1,"OrdinalPosition":null},"Id":50},{"WebPartDefinitionKey":"TM_MyTeamSuccessionStatus","Title":"Team Succession Status","Description":"Provides readiness metrics for direct reports being groomed as successors.","SubTitle":"Succession Information for Your Team","WebPartIconName":null,"WidgetNotificationMode":0,"WidgetDeeplinkUrlText":"View Succession Dashboard","CategoryName":"Talent","IsWebPartEnabled":true,"TypeName":"SumTotal.SPPortal.WebParts.Core.Succession.TeamSuccessionStatus.TeamSuccessionStatus, SumTotal.SPPortal.WebParts, Version=1.0.0.0, Culture=neutral, PublicKeyToken=6b7f90fbd13cce01","WebPartServiceAgentInterfaceTypeName":"ISuccessionWebPartContractAsync","WebPartDefinitionXml":null,"HideWebPartHeader":false,"HideWebPartFooter":true,"IsFreeFlowing":false,"PillarKey":"TM","ChromeStyle":7,"ParameterJSON":"{\"HeaderLinkIcon\": \"\", \"IsCustomEditor\": false, \"ChartConfig\":{\"IsStacked\": true,\"columnMap\":[\"lowBenchStrength\", \"mediumBenchStrength\", \"highBenchStrength\"],\"ChartLabelColumn\":\"name\"},\"PreviewType\":\"barChart\"}","TemplatePath":"app/modules/dashboard/views/webparts/widgetTeamSuccessionStatus.html","IsSystemLocked":false,"Category":{"Id":6,"Name":"Talent","CategoryKey":"WebPartDefinition_Talent","Description":"Talent","ParentId":1,"OrdinalPosition":null},"Id":51},{"WebPartDefinitionKey":"TM_Top5TeamWeaknesses","Title":"Top 5 Team Weaknesses","Description":"Identifies team weaknesses by highlighting average scores of the five lowest scored competencies of direct reports.","SubTitle":"Team Development Opportunities","WebPartIconName":null,"WidgetNotificationMode":0,"WidgetDeeplinkUrlText":null,"CategoryName":"Talent","IsWebPartEnabled":true,"TypeName":"SumTotal.SPPortal.WebParts.Core.Performance.Top5TeamWeaknesses.Top5TeamWeaknesses, SumTotal.SPPortal.WebParts, Version=1.0.0.0, Culture=neutral, PublicKeyToken=6b7f90fbd13cce01","WebPartServiceAgentInterfaceTypeName":"IPerformanceWebPartContractAsync","WebPartDefinitionXml":null,"HideWebPartHeader":false,"HideWebPartFooter":true,"IsFreeFlowing":false,"PillarKey":"TM","ChromeStyle":7,"ParameterJSON":"{\"HeaderLinkIcon\": \"\", \"IsCustomEditor\": false, \"ChartConfig\":{\"columnMap\":[\"value\"], \"barType\":\"bar\", \"ChartLabelColumn\":\"dataName\"},\"PreviewType\":\"barChart\"}","TemplatePath":"app/modules/dashboard/views/webparts/widgetTop5TeamWeaknesses.html","IsSystemLocked":false,"Category":{"Id":6,"Name":"Talent","CategoryKey":"WebPartDefinition_Talent","Description":"Talent","ParentId":1,"OrdinalPosition":null},"Id":52},{"WebPartDefinitionKey":"TM_TeamRetentionRisk","Title":"Team Retention Risk","Description":"Highlights potential retention risks related to a manager's team.","SubTitle":"Flight Risks for Your Team","WebPartIconName":null,"WidgetNotificationMode":0,"WidgetDeeplinkUrlText":"View Succession Dashboard","CategoryName":"Talent","IsWebPartEnabled":true,"TypeName":"SumTotal.SPPortal.WebParts.Core.Succession.TeamRetentionRisk.TeamRetentionRisk, SumTotal.SPPortal.WebParts, Version=1.0.0.0, Culture=neutral, PublicKeyToken=6b7f90fbd13cce01","WebPartServiceAgentInterfaceTypeName":"ISuccessionWebPartContractAsync","WebPartDefinitionXml":null,"HideWebPartHeader":false,"HideWebPartFooter":true,"IsFreeFlowing":false,"PillarKey":"TM","ChromeStyle":7,"ParameterJSON":"{\"HeaderLinkIcon\": \"\", \"IsCustomEditor\": false, \"ChartConfig\":{\"columnMap\":[\"employees\"], \"barType\":\"bar\", \"ChartLabelColumn\":\"name\"},\"PreviewType\":\"barChart\"}","TemplatePath":"app/modules/dashboard/views/webparts/widgetTeamRetentionRisk.html","IsSystemLocked":false,"Category":{"Id":6,"Name":"Talent","CategoryKey":"WebPartDefinition_Talent","Description":"Talent","ParentId":1,"OrdinalPosition":null},"Id":53},{"WebPartDefinitionKey":"TM_MyTeamDevelopmentStatus","Title":"Team Development Status","Description":"Displays direct report development goals and highlights where manager mentoring may be required.","SubTitle":"Development Status for Your Team","WebPartIconName":null,"WidgetNotificationMode":0,"WidgetDeeplinkUrlText":null,"CategoryName":"Talent","IsWebPartEnabled":true,"TypeName":"SumTotal.SPPortal.WebParts.Core.Performance.TeamDevelopmentStatus.TeamDevelopmentStatus, SumTotal.SPPortal.WebParts, Version=1.0.0.0, Culture=neutral, PublicKeyToken=6b7f90fbd13cce01","WebPartServiceAgentInterfaceTypeName":"IPerformanceWebPartContractAsync","WebPartDefinitionXml":null,"HideWebPartHeader":false,"HideWebPartFooter":true,"IsFreeFlowing":false,"PillarKey":"TM","ChromeStyle":7,"ParameterJSON":"{\"HeaderLinkIcon\": \"\", \"IsCustomEditor\": false, \"ChartConfig\":{\"columnMap\":[\"employees\"], \"barType\":\"bar\", \"ChartLabelColumn\":\"name\"},\"PreviewType\":\"barChart\"}","TemplatePath":"app/modules/dashboard/views/webparts/widgetTeamDevelopmentStatus.html","IsSystemLocked":false,"Category":{"Id":6,"Name":"Talent","CategoryKey":"WebPartDefinition_Talent","Description":"Talent","ParentId":1,"OrdinalPosition":null},"Id":54},{"WebPartDefinitionKey":"TM_BudgetSummary","Title":"Budget Summary","Description":"Displays  budget spend percentages for compensation processes.","SubTitle":"Information About Compensation Budgets","WebPartIconName":null,"WidgetNotificationMode":0,"WidgetDeeplinkUrlText":null,"CategoryName":"Talent","IsWebPartEnabled":true,"TypeName":"SumTotal.SPPortal.WebParts.Core.Compensation.BudgetSummary.BudgetSummary, SumTotal.SPPortal.WebParts, Version=1.0.0.0, Culture=neutral, PublicKeyToken=6b7f90fbd13cce01","WebPartServiceAgentInterfaceTypeName":"ICompensationWebPartContractAsync","WebPartDefinitionXml":null,"HideWebPartHeader":false,"HideWebPartFooter":true,"IsFreeFlowing":false,"PillarKey":"TM","ChromeStyle":7,"ParameterJSON":"{\"HeaderLinkIcon\": \"\", \"IsCustomEditor\": false, \"ChartConfig\":{\"columnMap\":[\"spent\"], \"barType\":\"bar\", \"ChartLabelColumn\":\"name\"},\"PreviewType\":\"barChart\"}","TemplatePath":"app/modules/dashboard/views/webparts/widgetBudgetSummary.html","IsSystemLocked":false,"Category":{"Id":6,"Name":"Talent","CategoryKey":"WebPartDefinition_Talent","Description":"Talent","ParentId":1,"OrdinalPosition":null},"Id":55},{"WebPartDefinitionKey":"HRMS_Demographics","Title":"HR Management Demographics","Description":"Displays basic personal information of the current user.","SubTitle":"Get HRMS demographics of current user","WebPartIconName":null,"WidgetNotificationMode":0,"WidgetDeeplinkUrlText":null,"CategoryName":"Talent","IsWebPartEnabled":true,"TypeName":"SumTotal.SPPortal.WebParts.Core.HRMS.HRMSDemographics.HRMSDemographics, SumTotal.SPPortal.WebParts, Version=1.0.0.0, Culture=neutral, PublicKeyToken=6b7f90fbd13cce01","WebPartServiceAgentInterfaceTypeName":"IHRMSWebPartContractAsync","WebPartDefinitionXml":null,"HideWebPartHeader":false,"HideWebPartFooter":true,"IsFreeFlowing":false,"PillarKey":"TM","ChromeStyle":7,"ParameterJSON":"{\"HeaderLinkIcon\": \"\", \"IsCustomEditor\": false, \"PreviewType\" : \"table\"}","TemplatePath":"app/modules/dashboard/views/webparts/widgetHRMSDemographics.html","IsSystemLocked":false,"Category":{"Id":6,"Name":"Talent","CategoryKey":"WebPartDefinition_Talent","Description":"Talent","ParentId":1,"OrdinalPosition":null},"Id":56},{"WebPartDefinitionKey":"HRMS_AddrInfo","Title":"HR Management Address Information","Description":"Displays address information of current user","SubTitle":"Get address information of current user","WebPartIconName":null,"WidgetNotificationMode":0,"WidgetDeeplinkUrlText":null,"CategoryName":"Talent","IsWebPartEnabled":true,"TypeName":"SumTotal.SPPortal.WebParts.Core.HRMS.HRMSAddrInfo.HRMSAddrInfo, SumTotal.SPPortal.WebParts, Version=1.0.0.0, Culture=neutral, PublicKeyToken=6b7f90fbd13cce01","WebPartServiceAgentInterfaceTypeName":"IHRMSWebPartContractAsync","WebPartDefinitionXml":null,"HideWebPartHeader":false,"HideWebPartFooter":true,"IsFreeFlowing":false,"PillarKey":"TM","ChromeStyle":7,"ParameterJSON":"{\"HeaderLinkIcon\": \"\", \"IsCustomEditor\": false, \"PreviewType\" : \"table\"}","TemplatePath":"app/modules/dashboard/views/webparts/widgetHRMSAddressInfo.html","IsSystemLocked":false,"Category":{"Id":6,"Name":"Talent","CategoryKey":"WebPartDefinition_Talent","Description":"Talent","ParentId":1,"OrdinalPosition":null},"Id":57},{"WebPartDefinitionKey":"TM_MyFeedbacks","Title":"My Feedback","Description":"Displays feedbacks provided to user.","SubTitle":"My Feedbacks","WebPartIconName":null,"WidgetNotificationMode":0,"WidgetDeeplinkUrlText":null,"CategoryName":"Talent","IsWebPartEnabled":true,"TypeName":null,"WebPartServiceAgentInterfaceTypeName":null,"WebPartDefinitionXml":null,"HideWebPartHeader":false,"HideWebPartFooter":true,"IsFreeFlowing":false,"PillarKey":"TM","ChromeStyle":7,"ParameterJSON":"{\"HeaderLinkIcon\": \"\", \"IsCustomEditor\": false, \"PreviewType\" : \"configMyFeedback\", \"Config\":{\"NumberOfComments\": \"5\", \"ShowCompetencies\": true, \"ShowGoals\": true}}","TemplatePath":"app/modules/core/views/continuousfeedback/LandingPage.html","IsSystemLocked":false,"Category":{"Id":6,"Name":"Talent","CategoryKey":"WebPartDefinition_Talent","Description":"Talent","ParentId":1,"OrdinalPosition":null},"Id":91},{"WebPartDefinitionKey":"Continuous_Review","Title":"My Team Feedback","Description":"Displays FeedBack Data For Direct Reportees","SubTitle":"My Team Feedback","WebPartIconName":null,"WidgetNotificationMode":0,"WidgetDeeplinkUrlText":null,"CategoryName":"Talent","IsWebPartEnabled":true,"TypeName":null,"WebPartServiceAgentInterfaceTypeName":null,"WebPartDefinitionXml":null,"HideWebPartHeader":false,"HideWebPartFooter":false,"IsFreeFlowing":false,"PillarKey":"TM","ChromeStyle":7,"ParameterJSON":"{\"HeaderLinkIcon\": \"\", \"IsCustomEditor\": false, \"PreviewType\" : \"table\"}","TemplatePath":"app/modules/dashboard/views/webparts/continuousReviewDashboard.html","IsSystemLocked":false,"Category":{"Id":6,"Name":"Talent","CategoryKey":"WebPartDefinition_Talent","Description":"Talent","ParentId":1,"OrdinalPosition":null},"Id":92},{"WebPartDefinitionKey":"Rec_Application_Status","Title":"Application Status","Description":"Track your job applications. You can view your application, check your fit for the job (based on how well your resume matches job requirements), or withdraw your application.","SubTitle":"Requisition Application Status","WebPartIconName":null,"WidgetNotificationMode":0,"WidgetDeeplinkUrlText":null,"CategoryName":"Talent","IsWebPartEnabled":true,"TypeName":null,"WebPartServiceAgentInterfaceTypeName":null,"WebPartDefinitionXml":null,"HideWebPartHeader":false,"HideWebPartFooter":false,"IsFreeFlowing":false,"PillarKey":null,"ChromeStyle":7,"ParameterJSON":"{\"HeaderLinkIcon\": \"\", \"IsCustomEditor\": false, \"PreviewType\" : \"table\"}","TemplatePath":"app/modules/dashboard/views/webparts/widgetApplicationStatus.html","IsSystemLocked":false,"Category":{"Id":6,"Name":"Talent","CategoryKey":"WebPartDefinition_Talent","Description":"Talent","ParentId":1,"OrdinalPosition":null},"Id":103},{"WebPartDefinitionKey":"Rec_Fav_Jobs","Title":"Favorite Jobs","Description":"Keep track of your favorite jobs. You can apply for these jobs if they are still accepting applications.","SubTitle":"Requisition Favorite Jobs","WebPartIconName":null,"WidgetNotificationMode":0,"WidgetDeeplinkUrlText":null,"CategoryName":"Talent","IsWebPartEnabled":true,"TypeName":null,"WebPartServiceAgentInterfaceTypeName":null,"WebPartDefinitionXml":null,"HideWebPartHeader":false,"HideWebPartFooter":false,"IsFreeFlowing":false,"PillarKey":null,"ChromeStyle":7,"ParameterJSON":"{\"HeaderLinkIcon\": \"\", \"IsCustomEditor\": false, \"PreviewType\" : \"table\"}","TemplatePath":"app/modules/dashboard/views/webparts/widgetFavoriteJobs.html","IsSystemLocked":false,"Category":{"Id":6,"Name":"Talent","CategoryKey":"WebPartDefinition_Talent","Description":"Talent","ParentId":1,"OrdinalPosition":null},"Id":104},{"WebPartDefinitionKey":"Rec_Recommended_Jobs","Title":"Recommended Jobs","Description":"View jobs recommended for you, based on your fit for job requirements and your location.","SubTitle":"Requisition Favorite Jobs","WebPartIconName":null,"WidgetNotificationMode":0,"WidgetDeeplinkUrlText":null,"CategoryName":"Talent","IsWebPartEnabled":true,"TypeName":null,"WebPartServiceAgentInterfaceTypeName":null,"WebPartDefinitionXml":null,"HideWebPartHeader":false,"HideWebPartFooter":false,"IsFreeFlowing":false,"PillarKey":null,"ChromeStyle":7,"ParameterJSON":"{\"HeaderLinkIcon\": \"\", \"IsCustomEditor\": false, \"PreviewType\" : \"table\"}","TemplatePath":"app/modules/dashboard/views/webparts/widgetRecommendedJobs.html","IsSystemLocked":false,"Category":{"Id":6,"Name":"Talent","CategoryKey":"WebPartDefinition_Talent","Description":"Talent","ParentId":1,"OrdinalPosition":null},"Id":105}]},{"Category":{"Id":28,"Name":"Enterprise Search Configuration","CategoryKey":"ENTERPRISE_SEARCH","Description":"The category for enterprise search settings","ParentId":0,"OrdinalPosition":"1"},"Definitions":[{"WebPartDefinitionKey":"FTE_Custom_Widget","Title":"Custom Widget","Description":"Widget for First Time Search Experience","SubTitle":null,"WebPartIconName":null,"WidgetNotificationMode":0,"WidgetDeeplinkUrlText":null,"CategoryName":"Enterprise Search Configuration","IsWebPartEnabled":true,"TypeName":null,"WebPartServiceAgentInterfaceTypeName":null,"WebPartDefinitionXml":null,"HideWebPartHeader":false,"HideWebPartFooter":true,"IsFreeFlowing":false,"PillarKey":null,"ChromeStyle":7,"ParameterJSON":"{\"HeaderLinkIcon\": \"\", \"IsCustomEditor\": true, \"PreviewType\" : \"search\", \"WidgetContent\":\"\", \"icon\":\"fa-code\"}","TemplatePath":"app/modules/dashboard/views/searchWidgets/customWidget.html","IsSystemLocked":false,"Category":{"Id":28,"Name":"Enterprise Search Configuration","CategoryKey":"ENTERPRISE_SEARCH","Description":"The category for enterprise search settings","ParentId":0,"OrdinalPosition":"1"},"Id":71},{"WebPartDefinitionKey":"Find_Course","Title":"Find a Course","Description":"Provides a launching point to search for courses in the learning library.","SubTitle":null,"WebPartIconName":null,"WidgetNotificationMode":0,"WidgetDeeplinkUrlText":null,"CategoryName":"Enterprise Search Configuration","IsWebPartEnabled":true,"TypeName":null,"WebPartServiceAgentInterfaceTypeName":null,"WebPartDefinitionXml":null,"HideWebPartHeader":false,"HideWebPartFooter":false,"IsFreeFlowing":false,"PillarKey":null,"ChromeStyle":7,"ParameterJSON":"{ \"HeaderLinkIcon\": \"\", \"IsCustomEditor\": false, \"PreviewType\": \"search\", \"WidgetContent\": [\t{ \"contentItem\": \"ENTERPRISE_SEARCH_FIND_COURSE_CONTENT_ITEM\", \"contentDescription\": \"ENTERPRISE_SEARCH_FIND_COURSE_CONTENT_DESC\", \"isLink\": false\t},\t{ \"contentItem\": \"ENTERPRISE_SEARCH_FIND_COURSE_CONTENT_ITEM_TWO\", \"contentDescription\": \"ENTERPRISE_SEARCH_FIND_COURSE_CONTENT_DESC_TWO\", \"contentLink\": \"ENTERPRISE_SEARCH_LEARNER_DASHBOARD_LINK\", \"isLink\": true , \"link\" : \"/dash/learning\"\t} ], \"icon\":\"fa-desktop\", \"catalogItem\":\"Course\"\t}","TemplatePath":"app/modules/dashboard/views/searchWidgets/findCourse.html","IsSystemLocked":false,"Category":{"Id":28,"Name":"Enterprise Search Configuration","CategoryKey":"ENTERPRISE_SEARCH","Description":"The category for enterprise search settings","ParentId":0,"OrdinalPosition":"1"},"Id":72},{"WebPartDefinitionKey":"Find_Video","Title":"Find a Video","Description":"Provides a launching point to search for videos in the learning library.","SubTitle":null,"WebPartIconName":null,"WidgetNotificationMode":0,"WidgetDeeplinkUrlText":null,"CategoryName":"Enterprise Search Configuration","IsWebPartEnabled":true,"TypeName":null,"WebPartServiceAgentInterfaceTypeName":null,"WebPartDefinitionXml":null,"HideWebPartHeader":false,"HideWebPartFooter":false,"IsFreeFlowing":false,"PillarKey":null,"ChromeStyle":7,"ParameterJSON":"{ \"HeaderLinkIcon\": \"\", \"IsCustomEditor\": false, \"PreviewType\": \"search\", \"WidgetContent\": [\t{ \"contentItem\": \"ENTERPRISE_SEARCH_FIND_VIDEO_CONTENT_ITEM\", \"contentDescription\": \"ENTERPRISE_SEARCH_FIND_VIDEO_CONTENT_DESC\",  \"isLink\": false\t},\t{ \"contentItem\": \"ENTERPRISE_SEARCH_FIND_VIDEO_CONTENT_ITEM_TWO\", \"contentDescription\": \"ENTERPRISE_SEARCH_FIND_VIDEO_CONTENT_DESC_TWO\", \"contentLink\": \"ENTERPRISE_SEARCH_LEARNER_DASHBOARD_LINK\", \"isLink\": true , \"link\": \"/dash/learning\"\t} ], \"icon\":\"fa-video-camera\", \"catalogItem\":\"Video\"\t}","TemplatePath":"app/modules/dashboard/views/searchWidgets/findVideo.html","IsSystemLocked":false,"Category":{"Id":28,"Name":"Enterprise Search Configuration","CategoryKey":"ENTERPRISE_SEARCH","Description":"The category for enterprise search settings","ParentId":0,"OrdinalPosition":"1"},"Id":73},{"WebPartDefinitionKey":"Find_Person","Title":"Find another Person","Description":"Provides a launching point to search for people.","SubTitle":null,"WebPartIconName":null,"WidgetNotificationMode":0,"WidgetDeeplinkUrlText":null,"CategoryName":"Enterprise Search Configuration","IsWebPartEnabled":true,"TypeName":null,"WebPartServiceAgentInterfaceTypeName":null,"WebPartDefinitionXml":null,"HideWebPartHeader":false,"HideWebPartFooter":false,"IsFreeFlowing":false,"PillarKey":null,"ChromeStyle":7,"ParameterJSON":"{ \"HeaderLinkIcon\": \"\", \"IsCustomEditor\": false, \"PreviewType\": \"search\", \"WidgetContent\": [\t{ \"contentItem\": \"ENTERPRISE_SEARCH_FIND_PERSON_CONTENT_ITEM\", \"contentDescription\": \"ENTERPRISE_SEARCH_FIND_PERSON_CONTENT_DESC\", \"isLink\": false\t} ], \"icon\":\"fa-users\"\t}","TemplatePath":"app/modules/dashboard/views/searchWidgets/findPerson.html","IsSystemLocked":false,"Category":{"Id":28,"Name":"Enterprise Search Configuration","CategoryKey":"ENTERPRISE_SEARCH","Description":"The category for enterprise search settings","ParentId":0,"OrdinalPosition":"1"},"Id":74},{"WebPartDefinitionKey":"Find_Report","Title":"Find a Report","Description":"Provides a launching point to search for reports.","SubTitle":null,"WebPartIconName":null,"WidgetNotificationMode":0,"WidgetDeeplinkUrlText":null,"CategoryName":"Enterprise Search Configuration","IsWebPartEnabled":true,"TypeName":null,"WebPartServiceAgentInterfaceTypeName":null,"WebPartDefinitionXml":null,"HideWebPartHeader":false,"HideWebPartFooter":false,"IsFreeFlowing":false,"PillarKey":null,"ChromeStyle":7,"ParameterJSON":"{ \"HeaderLinkIcon\": \"\", \"IsCustomEditor\": false, \"PreviewType\": \"search\", \"WidgetContent\": [\t{ \"contentItem\": \"ENTERPRISE_SEARCH_FIND_REPORT_CONTENT_ITEM\", \"isLink\": true\t},\t{ \"contentItem\": \"ENTERPRISE_SEARCH_FIND_REPORT_CONTENT_ITEM_TWO\", \"contentDescription\": \"ENTERPRISE_SEARCH_FIND_REPORT_CONTENT_DESC_TWO\", \"isLink\": false\t} ], \"icon\":\"fa-file-text-o\"\t}","TemplatePath":"app/modules/dashboard/views/searchWidgets/findReport.html","IsSystemLocked":false,"Category":{"Id":28,"Name":"Enterprise Search Configuration","CategoryKey":"ENTERPRISE_SEARCH","Description":"The category for enterprise search settings","ParentId":0,"OrdinalPosition":"1"},"Id":75},{"WebPartDefinitionKey":"Find_Admin_Page","Title":"Find an Admin Page","Description":"Provides a launching point to search for administrator functions.","SubTitle":null,"WebPartIconName":null,"WidgetNotificationMode":0,"WidgetDeeplinkUrlText":null,"CategoryName":"Enterprise Search Configuration","IsWebPartEnabled":true,"TypeName":null,"WebPartServiceAgentInterfaceTypeName":null,"WebPartDefinitionXml":null,"HideWebPartHeader":false,"HideWebPartFooter":false,"IsFreeFlowing":false,"PillarKey":null,"ChromeStyle":7,"ParameterJSON":"{ \"HeaderLinkIcon\": \"\", \"IsCustomEditor\": false, \"PreviewType\": \"search\", \"WidgetContent\": [\t{ \"contentItem\": \"ENTERPRISE_SEARCH_FIND_ADMIN_CONTENT_ITEM\", \"contentDescription\": \"ENTERPRISE_SEARCH_FIND_ADMIN_CONTENT_DESC\", \"isLink\": false\t} ], \"icon\":\"fa-lock\"\t}","TemplatePath":"app/modules/dashboard/views/searchWidgets/findAdminPage.html","IsSystemLocked":false,"Category":{"Id":28,"Name":"Enterprise Search Configuration","CategoryKey":"ENTERPRISE_SEARCH","Description":"The category for enterprise search settings","ParentId":0,"OrdinalPosition":"1"},"Id":76},{"WebPartDefinitionKey":"Edit_Profile","Title":"Edit Your Profile","Description":"Edit your profile.","SubTitle":null,"WebPartIconName":null,"WidgetNotificationMode":0,"WidgetDeeplinkUrlText":null,"CategoryName":"Enterprise Search Configuration","IsWebPartEnabled":true,"TypeName":null,"WebPartServiceAgentInterfaceTypeName":null,"WebPartDefinitionXml":null,"HideWebPartHeader":false,"HideWebPartFooter":false,"IsFreeFlowing":false,"PillarKey":null,"ChromeStyle":7,"ParameterJSON":"{\"HeaderLinkIcon\": \"\", \"IsCustomEditor\": false, \"PreviewType\" : \"search\", \"WidgetContent\":[{ \"contentItem\": \"ENTERPRISE_SEARCH_EDIT_PROFILE_CONTENT_ITEM\", \"isLink\": true , \"link\" : \"/dash/profile\"\t}], \"icon\":\"fa-user\"}","TemplatePath":"app/modules/dashboard/views/searchWidgets/editProfile.html","IsSystemLocked":false,"Category":{"Id":28,"Name":"Enterprise Search Configuration","CategoryKey":"ENTERPRISE_SEARCH","Description":"The category for enterprise search settings","ParentId":0,"OrdinalPosition":"1"},"Id":77},{"WebPartDefinitionKey":"Find_Activity","Title":"Find an Activity","Description":"Provides a launching point to search for courses.","SubTitle":null,"WebPartIconName":null,"WidgetNotificationMode":0,"WidgetDeeplinkUrlText":null,"CategoryName":"Enterprise Search Configuration","IsWebPartEnabled":true,"TypeName":null,"WebPartServiceAgentInterfaceTypeName":null,"WebPartDefinitionXml":null,"HideWebPartHeader":false,"HideWebPartFooter":false,"IsFreeFlowing":false,"PillarKey":null,"ChromeStyle":7,"ParameterJSON":"{ \"HeaderLinkIcon\": \"\", \"IsCustomEditor\": false, \"PreviewType\": \"search\", \"WidgetContent\": [\t{ \"contentItem\": \"ENTERPRISE_SEARCH_FIND_ACTIVITY_CONTENT_ITEM\", \"contentDescription\": \"ENTERPRISE_SEARCH_FIND_ACTIVITY_CONTENT_DESC\", \"isLink\": false\t},\t{ \"contentItem\": \"ENTERPRISE_SEARCH_FIND_ACTIVITY_CONTENT_ITEM_TWO\", \"contentDescription\": \"ENTERPRISE_SEARCH_FIND_ACTIVITY_CONTENT_DESC_TWO\", \"contentLink\": \"ENTERPRISE_SEARCH_LEARNER_DASHBOARD_LINK\", \"isLink\": true, \"link\":\"/dash/learning\"\t} ], \"icon\":\"fa-edit\", \"catalogItem\":\"Activity\"\t}","TemplatePath":"app/modules/dashboard/views/searchWidgets/findActivity.html","IsSystemLocked":false,"Category":{"Id":28,"Name":"Enterprise Search Configuration","CategoryKey":"ENTERPRISE_SEARCH","Description":"The category for enterprise search settings","ParentId":0,"OrdinalPosition":"1"},"Id":78},{"WebPartDefinitionKey":"Find_Job","Title":"Find A Job","Description":"Here are a few different ways to find a job:","SubTitle":null,"WebPartIconName":null,"WidgetNotificationMode":0,"WidgetDeeplinkUrlText":null,"CategoryName":"Enterprise Search Configuration","IsWebPartEnabled":true,"TypeName":null,"WebPartServiceAgentInterfaceTypeName":null,"WebPartDefinitionXml":null,"HideWebPartHeader":false,"HideWebPartFooter":false,"IsFreeFlowing":false,"PillarKey":null,"ChromeStyle":7,"ParameterJSON":"{ \"HeaderLinkIcon\": \"\", \"IsCustomEditor\": false, \"PreviewType\": \"search\", \"WidgetContent\": [\t{ \"contentItem\": \"ENTERPRISE_SEARCH_FIND_JOB_CONTENT_ITEM\", \"isLink\": true\t},\t{ \"contentItem\": \"ENTERPRISE_SEARCH_FIND_JOB_CONTENT_ITEM_TWO\", \"contentDescription\": \"ENTERPRISE_SEARCH_FIND_JOB_CONTENT_DESC_TWO\", \"isLink\": false\t} ], \"icon\":\"fa-search\"\t}","TemplatePath":"app/modules/dashboard/views/searchWidgets/findJob.html","IsSystemLocked":false,"Category":{"Id":28,"Name":"Enterprise Search Configuration","CategoryKey":"ENTERPRISE_SEARCH","Description":"The category for enterprise search settings","ParentId":0,"OrdinalPosition":"1"},"Id":86}]},{"Category":{"Id":1,"Name":"Portal","CategoryKey":"TRANSLATIONS_PORTAL","Description":"The root category to store translation strings for the Portal.","ParentId":0,"OrdinalPosition":"1"},"Definitions":[{"WebPartDefinitionKey":"my_reports","Title":"Embedded Report","Description":"Pins a report from Advanced Reporting on the dashboard.","SubTitle":"Advanced Reporting","WebPartIconName":null,"WidgetNotificationMode":0,"WidgetDeeplinkUrlText":null,"CategoryName":"Portal","IsWebPartEnabled":true,"TypeName":null,"WebPartServiceAgentInterfaceTypeName":null,"WebPartDefinitionXml":null,"HideWebPartHeader":false,"HideWebPartFooter":false,"IsFreeFlowing":false,"PillarKey":"AdvancedReport","ChromeStyle":7,"ParameterJSON":"{\"HeaderLinkIcon\": \"\", \"IsCustomEditor\": false, \"PreviewType\" : \"report\", \"reportUrl\": \"\", \"showToolbar\":\"\"}","TemplatePath":"app/modules/dashboard/views/webparts/MyReport.html","IsSystemLocked":false,"Category":{"Id":1,"Name":"Portal","CategoryKey":"TRANSLATIONS_PORTAL","Description":"The root category to store translation strings for the Portal.","ParentId":0,"OrdinalPosition":"1"},"Id":88},{"WebPartDefinitionKey":"reporting_widget","Title":"Report List","Description":"Displays selected Advanced Reporting reports in a list. Users can click to view a report in a slide-out panel.","SubTitle":"Advanced Reporting","WebPartIconName":null,"WidgetNotificationMode":0,"WidgetDeeplinkUrlText":null,"CategoryName":"Portal","IsWebPartEnabled":true,"TypeName":null,"WebPartServiceAgentInterfaceTypeName":null,"WebPartDefinitionXml":null,"HideWebPartHeader":false,"HideWebPartFooter":false,"IsFreeFlowing":false,"PillarKey":"AdvancedReport","ChromeStyle":7,"ParameterJSON":"{\"HeaderLinkIcon\": \"\", \"IsCustomEditor\": false, \"PreviewType\" : \"reportList\", \"reportUrl\": \"\", \"showToolbar\":\"\"}","TemplatePath":"app/modules/dashboard/views/webparts/widgetARWidget.html","IsSystemLocked":false,"Category":{"Id":1,"Name":"Portal","CategoryKey":"TRANSLATIONS_PORTAL","Description":"The root category to store translation strings for the Portal.","ParentId":0,"OrdinalPosition":"1"},"Id":89}]},{"Category":{"Id":94,"Name":"Requisition","CategoryKey":"WebPartDefinition_Requisition","Description":"Category for Requisition widget.","ParentId":1,"OrdinalPosition":null},"Definitions":[{"WebPartDefinitionKey":"Requisition_Widget","Title":"Requisition Summary","Description":"Displays key summary information about the requisition","SubTitle":"Requisition Summary","WebPartIconName":null,"WidgetNotificationMode":0,"WidgetDeeplinkUrlText":null,"CategoryName":"Requisition","IsWebPartEnabled":true,"TypeName":null,"WebPartServiceAgentInterfaceTypeName":null,"WebPartDefinitionXml":null,"HideWebPartHeader":false,"HideWebPartFooter":false,"IsFreeFlowing":false,"PillarKey":null,"ChromeStyle":7,"ParameterJSON":"{\"HeaderLinkIcon\": \"\", \"IsCustomEditor\": false, \"PreviewType\" : \"table\"}","TemplatePath":"app/modules/dashboard/views/webparts/widgetRequisitionSummary.html","IsSystemLocked":false,"Category":{"Id":94,"Name":"Requisition","CategoryKey":"WebPartDefinition_Requisition","Description":"Category for Requisition widget.","ParentId":1,"OrdinalPosition":null},"Id":100},{"WebPartDefinitionKey":"Requisition_Widget","Title":"Candidate Summary","Description":"Displays candidates by recruiting phase","SubTitle":"Candidate Summary","WebPartIconName":null,"WidgetNotificationMode":0,"WidgetDeeplinkUrlText":null,"CategoryName":"Requisition","IsWebPartEnabled":true,"TypeName":null,"WebPartServiceAgentInterfaceTypeName":null,"WebPartDefinitionXml":null,"HideWebPartHeader":false,"HideWebPartFooter":false,"IsFreeFlowing":false,"PillarKey":null,"ChromeStyle":7,"ParameterJSON":"{\"HeaderLinkIcon\": \"\", \"IsCustomEditor\": false, \"PreviewType\" : \"table\"}","TemplatePath":"app/modules/dashboard/views/webparts/widgetCandidateSummary.html","IsSystemLocked":false,"Category":{"Id":94,"Name":"Requisition","CategoryKey":"WebPartDefinition_Requisition","Description":"Category for Requisition widget.","ParentId":1,"OrdinalPosition":null},"Id":101},{"WebPartDefinitionKey":"Requisition_Widget","Title":"Recently Accessed Applications","Description":"Displays 10 most recently accessed applications for a requisition","SubTitle":"Requisition Summary","WebPartIconName":null,"WidgetNotificationMode":0,"WidgetDeeplinkUrlText":null,"CategoryName":"Requisition","IsWebPartEnabled":true,"TypeName":null,"WebPartServiceAgentInterfaceTypeName":null,"WebPartDefinitionXml":null,"HideWebPartHeader":false,"HideWebPartFooter":false,"IsFreeFlowing":false,"PillarKey":null,"ChromeStyle":7,"ParameterJSON":"{\"HeaderLinkIcon\": \"\", \"IsCustomEditor\": false, \"PreviewType\" : \"table\"}","TemplatePath":"app/modules/dashboard/views/webparts/widgetRecentlyAccessedRequisition.html","IsSystemLocked":false,"Category":{"Id":94,"Name":"Requisition","CategoryKey":"WebPartDefinition_Requisition","Description":"Category for Requisition widget.","ParentId":1,"OrdinalPosition":null},"Id":102}]}]},
        mustSetSecurityQuestions: _.cloneDeep(root.tempStaticData.MustSetSecurityQuestions),
        esbApiRoot: 'https://cl12sales.sumtotaldevelopment.net/Services/api/',
        useCommonHelpUrl: true,
        commonHelpUrl: 'https://help.sumtotaldevelopment.net/',
        tenantName : 'SumTotal'
      });

      staticData.appUris.makeWorkerUri = function (relativePathToWorker) {
        var uri = null;

        if(staticData.debugEnabled) {
          uri = new URI('app/modules/', staticData.appUris.tenantRoot);
        } else {
          uri = new URI('dist/app/modules/', staticData.appUris.tenantRoot);
        }

        uri = new URI(relativePathToWorker, uri);

        return uri.toString();
      };

      return staticData;
    };
  }));
</script>
    <script type="text/javascript">
      (function(root, factory, errorHandler) {
        root.jQuery(root.document).ready(function() {
          root.require(['main'], factory(root));
        });
      }(this, function(root) {
        return function(main) {
          if(root.debugEnabled) {
            console.log('Main resources have been loaded.', main);
          }
        }
      }, function(error) {
        console.error(error);
      }));
    </script>
  </div>


<input id="textAngular-editableFix-010203040506070809" class="ta-hidden-input" unselectable="on" tabindex="-1"></body>

2018-08-16 16:25:45 - [TEST_STEP][PASSED] - comment: printing string anuadha

2018-08-16 16:25:45 - [TEST_STEP][PASSED] - Statement - startString = s.lastIndexOf("esbApiToken") + "esbApiToken".length() + 1: null

2018-08-16 16:25:45 - [TEST_STEP][PASSED] - Statement - substring = s.substring(startString): null

2018-08-16 16:25:45 - [TEST_STEP][PASSED] - comment: substring 'eyJ0eXAiOiJKV1QiLCJhbGciOiJIUzI1NiJ9.eyJpc3MiOiJodHRwOlwvXC93d3cuc3VtdG90YWxzeXN0ZW1zLmNvbVwvY29yZXVpIiwic3ViIjoiQ29udHJpYnV0ZXIiLCJhdWQiOiJDTDEyX1NBTEVTX1RFU1QiLCJleHAiOjYzNjcwMDE0NjQyNDg1NjgxMywibmJmIjowLCJpYXQiOjYzNjcwMDEzNzQyNzUxMzEyOCwiYnNlc3Npb25pZCI6ImU5MDEwODAwZDkxMDQwYzliMjZlYjlmMDA3YjQwYzgxIiwiZXVzcmlkIjpudWxsLCJldXNybiI6bnVsbCwiY3VsIjoiZW4tVVMiLCJ1c2VyaWQiOiJDb250cmlidXRlciIsImd1ZXN0YWNjb3VudCI6MCwicGVyc29uaWQiOjEwMDg5MCwiaXNleHRlcm5hbCI6ZmFsc2UsInJwa2V5IjoiRUxJWEhSVUkifQ.5D13332A7B6D052607CF3AFF875B7F2841A526CB2F5B632FCDA7BDD551553E9B',
          getSearchBinCountsUrl:'https://cl12sales.sumtotaldevelopment.net/Services/api/search/getSearchBinCounts',
          retrieveObjectSearchDiagnosticsUrl:'https://cl12sales.sumtotaldevelopment.net/Services/api/search/retrieveObjectSearchDiagnostics',
          getDocumentCountsUrl:'https://cl12sales.sumtotaldevelopment.net/Services/api/search/GetIndexableDocumentCounts',
          forceFullSearchUrl:'https://cl12sales.sumtotaldevelopment.net/Services/api/search/ForceFullSearchForBins',
          saveFavoriteJobUrl:'https://cl12sales.sumtotaldevelopment.net/Services/api/job/SaveFavoriteJob',
        },
        social:{
          getMyFeedUrl:'https://cl12sales.sumtotaldevelopment.net/Services/api/social/GetMyFeed',
          postMessageToYammer:'https://cl12sales.sumtotaldevelopment.net/Services/api/social/PostMessage',
          getAvailableGroupsUrl:'https://cl12sales.sumtotaldevelopment.net/Services/api/social/GetAvailableGroups',
          createGroupUrl:'https://cl12sales.sumtotaldevelopment.net/Services/api/social/CreateGroup',
          deleteGroupUrl:'https://cl12sales.sumtotaldevelopment.net/Services/api/social/DeleteGroup',
          deleteGroupMembershipUrl:'https://cl12sales.sumtotaldevelopment.net/Services/api/social/DeleteGroupMembership',
          addGroupMembershipUrl:'https://cl12sales.sumtotaldevelopment.net/Services/api/social/AddGroupMembership',
          getCurrentUserDataURL:'https://cl12sales.sumtotaldevelopment.net/Services/api/social/GetCurrentUserData',
          getAllUsersURL:'https://cl12sales.sumtotaldevelopment.net/Services/api/social/GetAllUsers',
          getGroupByIdUrl:'https://cl12sales.sumtotaldevelopment.net/Services/api/social/GetGroupById',
          validateGroupNameUrl:'https://cl12sales.sumtotaldevelopment.net/Services/api/social/ValidateGroupName',
          searchGroupUrl:'https://cl12sales.sumtotaldevelopment.net/Services/api/social/SearchGroup'
        },
        timeline:{
          approveTask:'https://cl12sales.sumtotaldevelopment.net/Services/api/timelineapi/ApproveTask',
        },
        bigData: {
          DismissEmployeeRecommendationsUrl: '/Core/Core/api/bigdataapi/DismissEmployeeRecommendations',
          CourseRecommendationForUserUrl: '/Core/Core/api/bigdataapi/GetCourseRecommendationForUser',
          getEmployeePositionFitData: '/Core/Core/api/bigdataapi/RetrieveEmployeePositionFitData',
          GetViewableJobsForUser: '/Core/Core/api/bigdataapi/GetViewableJobsForUser',
          SaveEmployeeRecommendPosition: '/Core/Core/api/bigdataapi/SaveEmployeeRecommendPosition',
          SaveEmployeeRecommendInterest:'/Core/Core/api/bigdataapi/SaveEmployeeRecommendInterest',
          GetViewableSubNodesForJob: '/Core/Core/api/bigdataapi/GetViewableSubNodesForJob',
          GetViewableNodesForJob :'/Core/Core/api/bigdataapi/GetViewableNodesForJob',
          GetJobByPersonId :'/Core/Core/api/bigdataapi/GetJobByPersonId',
          addOrRemoveJobFitAnalysis :'/Core/Core/api/bigdataapi/AddOrRemoveJobFitAnalysis',
          //External Job Recommendation Implementation
          GetViewableExternalJobsForUser: '/Core/Core/api/bigdataapi/GetViewableExternalJobsForUser'
        },
        translations: {
          retrieveTranslations: '/Core/Core/api/translationapi/RetrieveTranslations',
          getTranslationsForModelUrl: '/Core/Core/api/translationapi/GetTranslationsForModel' + '?modelTypeFullName=',
          getTranslationsForObjectUrl: '/Core/Core/api/translationapi/GetTranslationsForObject' + '?modelTypeFullName=',
          saveTranslationsForModelUrl: '/Core/Core/api/translationapi/SaveTranslationsForModel' + '?modelTypeFullName=',
          GetTranslationsForModelAndObjectUrl: '/Core/Core/api/translationapi/GetTranslationsForModelAndObject',
          saveTranslationsForModelAndObjectUrl: '/Core/Core/api/translationapi/SaveTranslationsForModelAndObject',
          getTranslationDefinitionsByCategoryUrl: '/Core/Core/api/translationapi/GetTranslationDefinitionsByCategory',
          getStaticTranslationsForEditorUrl: '/Core/Core/api/translationapi/GetStaticTranslationsForEditor',
          saveStaticTranslationsUrl: '/Core/Core/api/translationapi/SaveStaticTranslations',
          getTranslationCategoriesUrl: '/Core/Core/api/translationapi/GetTranslationCategories',
          getTranslationsUrl:'https://cl12sales.sumtotaldevelopment.net/Services/api/i18n',
        },
        settings: {
          retrieveSettings: '/Core/Core/api/settingapi/RetrieveSettings',
          saveSettings: '/Core/Core/api/settingapi/SaveSettings',
          getSettingsForPreferenceScreen: '/Core/Core/api/settingapi/GetSettingsForPreferenceScreen',
          getSettings: '/Core/Core/api/settingapi/GetSettings',
          saveSettingsForPreferenceScreen: '/Core/Core/api/settingapi/SaveSettingsForPreferenceScreen',
          deleteSettings: '/Core/Core/api/settingapi/DeleteSettings',
          getObjectCriteriaSettings: '/Core/Core/api/settingapi/GetObjectCriteriaSettings',
          SaveObjectCriteriaSettings: '/Core/Core/api/settingapi/SaveObjectCriteriaSettings',
          getTimelineSortOptions: '/Core/Core/api/settingapi/GetTimelineSortOptions'

        },
        mobileConfiguration: {
          getMobileConfiguration: '/Core/Core/api/settingapi/getMobileConfiguration',
          setMobileConfiguration: '/Core/Core/api/settingapi/setMobileConfiguration'
        },
        personalization: {
          retrievePersonalization: '/Core/Core/api/dashboardingapi/RetrievePersonalization',
          retrievePersonalizationType: '/Core/Core/api/dashboardingapi/RetrievePersonalizationType'
        },
        dashboard: {
          getWidget: '/Core/Core/api/dashboardingapi/GetWidgetData',
          saveWidget: '/Core/Core/api/dashboardingapi/SaveWidgetData',
          getMyTasksforNotificationURL: '/Core/Core/api/mytasksapi/GetTimelineNotifications',
          clearWidgetDataCache: '/Core/Core/api/dashboardingapi/ClearWidgetDataCache',
          clearSecurityCache: '/Core/Core/api/dashboardingapi/ClearSecurityCache',
          saveWidgetDashboard: '/Core/Core/api/dashboardingapi/SaveWidgetDashboardData',
          removeDashboard: '/Core/Core/api/dashboardingapi/RemoveDashboardData',
          removeDashboardPage: '/Core/Core/api/dashboardingapi/RemoveDashboardPageData',
          copyDashboard: '/Core/Core/api/dashboardingapi/CopyDashboard',
          copyDashboardPage: '/Core/Core/api/dashboardingapi/CopyDashboardPage',
          myTasksRefresh: '/Core/Core/api/mytasksapi/GetMyTasks',
          retrieveSingleWebPartsData: '/Core/Core/api/dashboardingapi/RetrieveSingleWebPartsData',
          resetDashboardPage: '/Core/Core/api/dashboardingapi/ResetDashboardPage',
          registrationRedirection:'/Core/Core/api/dashboardingapi/GetRegistrationRedirectionData',
          getAllDashboardPages:'/Core/Core/api/dashboardingapi/LoadAllWebPartPages',
		      setUserDefaultDashboard: '/Core/Core/api/dashboardingapi/SetUserDefaultDashboard',
          setDashboardPagePriority: '/Core/Core/api/dashboardingapi/SetDashboardPagePriority',
          getLandingPageDashboardPages:'/Core/Core/api/dashboardingapi/GetLandingPageDashboardPages',
          common: {
            retrieveEmployeePopupDetails: '/Core/Core/api/dashboardingapi/RetrieveEmployeePopupDetails'
          },
          webClock: {
            savePunch: '/Core/Core/api/dashboardingapi/SavePunchDetails',
            getPunch: '/Core/Core/api/dashboardingapi/LastPunchDetails',
            getPositionFromSearch:'/Core/Core/api/dashboardingapi/GetWFMSearch',
            getCostCenterFromSearch:'/Core/Core/api/dashboardingapi/GetWFMSearch',
            getWorkOrderFromSearch:'/Core/Core/api/dashboardingapi/GetWFMSearch',
            getWorkItemFromSearch:'/Core/Core/api/dashboardingapi/GetWFMSearch',
            saveCCP:'/Core/Core/api/dashboardingapi/SaveCCP'
          }
        },
        theming: {
          markThemeActive: '/Core/Core/api/themingapi/MarkThemeActive',
          markThemeAsDefault: '/Core/Core/api/themingapi/MarkThemeAsDefault',
          getHttpRequest: '/Core/Core/api/themingapi/GetHttpRequest',
          loadAllThemes: '/Core/Core/api/themingapi/LoadAllThemes',
          loadEditorViewData: '/Core/Core/api/themingapi/LoadEditorViewData',
          loadLessFiles: '/Core/Core/api/themingapi/LoadLessFiles',
          saveTheme: '/Core/Core/api/themingapi/SaveTheme',
          deleteTheme: '/Core/Core/api/themingapi/DeleteTheme',
          saveThemePrecedenceValues: '/Core/Core/api/themingapi/SaveThemePrecedenceValues',
          proxy: '/Core/proxy.html2canvas'
        },
        user: {
          getPersonIdByNumber: '/Core/Core/api/UserApi/GetPersonIdByNumber',
          getPersonNumberByIdUrl: 'https://cl12sales.sumtotaldevelopment.net/Services/api/core/person/GetPersonNumberById',
          getLoggedInPersonId: '/Core/Core/api/UserApi/GetLoggedInPersonId',
          profileOverview: '/Core/Core/api/profiledata/getprofileoverview',
          employeeMetricsData: '/Core/Core/api/profiledata/GetDataForEnabledProfileSections',
          getUserMiniProfile: '/Core/Core/api/profiledata/GetUserMiniProfile',
          directReportProfileOverview: '/Core/Core/api/profiledata/getprofileoverview',
          getRelationship: '/Core/Core/api/profiledata/getrelationship',
          GetOverAllPerformanceUrl : '/Core/Core/api/UserApi/GetPerformanceRatings',
          GetRecommendedLearningsUrl : '/Core/Core/api/UserApi/GetRecommendedLearnings'+ '?userId=' + 'FA69158F3C3C1CF1236653C0995DCDED' + '&viewPersonId=',
          GetPerformanceHistoryUrl : '/Core/Core/api/UserApi/GetPerformanceHistory',
          getGoalsForUserUrl: '/Core/Core/api/UserApi/GetGoalsForUser',
          getGoalDetailsForUserUrl: '/Core/Core/api/UserApi/GetGoalDetailsForUser',
          getGoalDetailsForTeamUrl: '/Core/Core/api/UserApi/GetGoalDetailsForTeam',
          saveGoalDetailsForUserUrl: '/Core/Core/api/UserApi/SaveGoalDetailsForUser',
          getCompensationDetails: '/Core/Core/api/UserApi/GetCompensationDetails',
          getOverAllCompensation: '/Core/Core/api/UserApi/GetCompensationRatings',
          getResumeData: '/Core/Core/api/resumeapi/GetResumeData?pId=FA69158F3C3C1CF1236653C0995DCDED',
          getResumeDataForTimeline: '/Core/Core/api/resumeapi/GetResumeData',
          getTeachingActivityUrl: '/Core/Core/api/UserApi/GetTeachingActivityDetails',
          getTeamHeaderCountsUrl: '/Core/Core/api/UserApi/GetTeamHeaderCounts',
          getOTPForBrowserExtension:'/Core/Core/api/UserApi/GetOTPForBrowserExtension',
        },

        organization: {
          keyMeasureData: '/Core/Core/api/orgchartapi/getkeymeasures',
          metricBarMetrics: '/Core/Core/api/orgchartapi/getmetricbarmetrics',
          metricBarMetricsForListOfUsers: '/Core/Core/api/orgchartapi/getmetricbarmetricsforlistofusers',
          saveNewHierarchyDetailsUrl: '/Core/Core/api/OrganizationApi/SaveNewHierarchyDetails',
          getCurrentHierarchiesUrl: '/Core/Core/api/OrganizationApi/GetCurrentHierarchies',
          getHierarchyDetailsUrl: '/Core/Core/api/OrganizationApi/GetHierarchyDetails' + '?hierarchyPK=',
          getChildOrganizationsUrl: '/Core/Core/api/OrganizationApi/GetChildOrganizations' + "?",//hierarchyPK=&organizationPK=
          getCodeByCatcdUrl: '/Core/Core/api/lookupsapi/codecats' + '?catcode=',
          getAutoGenOrgCode: '/Core/Core/api/OrganizationApi/GetAutoGenOrgCode',
          getCurrencyList: '/Core/Core/api/OrganizationApi/GetCurrencyList',
          getOrganizationUrl: '/Core/Core/api/OrganizationApi/GetOrganization' + '?organizationPK=',
          saveNewOrganizationDetailsUrl: '/Core/Core/api/OrganizationApi/SaveNewOrganizationDetails',
          createOrEditOrganizationUrl: '/Core/Core/api/OrganizationApi/CreateOrEditOrganization',
          DeleteOrganizationHierarchyUrl: '/Core/Core/api/OrganizationApi/DeleteOrganizationHierarchy',
          addUserByListUrl: '/Core/Core/api/OrganizationApi/AddUserByList',
          ConvertToDomainUrl: '/Core/Core/api/OrganizationApi/ConvertToDomain',
          getAllOrganization: '/Core/Core/api/OrganizationApi/SearchOrganization',
          getPermissionUrl: '/Core/Core/api/OrganizationApi/GetPermission',
          getInstalledPillars: '/Core/Core/api/jobapi/GetInstalledPillars',
          addUserInfoUrl: '/Core/Core/api/OrganizationApi/GetUserInfo',
          getOrgUserUrl: '/Core/Core/api/OrganizationApi/GetOrganizationUsers',
          getAudienceUrl: '/Core/Core/api/OrganizationApi/GetAudience',
          addUserByAudience: '/Core/Core/api/OrganizationApi/AddUserByAudience',
          exportOrganizationsURL: '/Core/Core/api/OrganizationApi/exportOrganization',
          
          editOrg: '/Core/Core/api/OrganizationApi/editOrgUser',
          deleteOrgUsersUrl: '/Core/Core/api/OrganizationApi/deleteOrgUsers',
          timeLineData: '/Core/Core/api/orgchartapi/gettimelinedata' + '?key=',
          employeeSearchForUser: '/Core/Core/api/orgchartapi/EmployeeSearchForUser',
          getSingleSupervisorHierarchyNode: '/Core/Core/api/orgchartapi/GetSingleSupervisorHierarchyNode',
          getSupervisorHierarchy: '/Core/Core/api/orgchartapi/GetSupervisorHierarchy',
          getPositionHierarchy: '/Core/Core/api/orgchartapi/GetPositionHierarchy',
          getDataForEnabledProfileSections: '/Core/Core/api/orgchartapi/GetDataForEnabledProfileSections',
          getAllMetrics: '/Core/Core/api/orgchartapi/GetAllMetrics',
          getSuccessorsForJobPosition: '/Core/Core/api/orgchartapi/GetSuccessorsForJobPosition',
          updateSuccessionForJobPosition: '/Core/Core/api/orgchartapi/UpdateSuccessionForJobPosition',
          getSpecifiedActivities: '/Core/Core/api/orgchartapi/GetSpecifiedActivities',
          getSettings: '/Core/Core/api/orgchartapi/GetSettings',
          isParentOrgURL :'/Core/Core/api/OrganizationApi/IsParentOrganization',
        },
        org: {
          GetUplineHierarchy: '/Core/Core/api/orgchartapi/GetUplineHierarchy',
          GetDirectReportsData: '/Core/Core/api/orgchartapi/GetDirectReportsData',
          GetManagerData: '/Core/Core/api/orgchartapi/GetManagerData',
        },
        tasks:{
          mytasks: '/Core/Core/api/mytasksapi/GetMyTasks' ,
          loadTimelineNotificationCount: '/Core/Core/api/mytasksapi/LoadTimelineNotificationCount' ,
          learningTasks: '/Core/Core/api/mytasksapi/GetLearningTasks',
          learningTasksCount: '/Core/Core/api/mytasksapi/GetLearningTasksCount',
        },
        myteam:
        {
          directReport : '/Core/Core/api/myteam/getteammember?mgrId=FA69158F3C3C1CF1236653C0995DCDED' ,
          directReportProfileOverview: '/Core/Core/api/profiledata/getprofileoverview'
        },
        security:{
          GetPortalSecuredRoutesUrl: '/Core/Core/api/securityapi/GetPortalSecuredRoutes',
          ListPermissionLevelsUrl: '/Core/Core/api/securityapi/ListPermissionLevels',
          LoadPermissionLevelByIdUrl: '/Core/Core/api/securityapi/LoadPermissionLevelById',
          GetRelationshipTo: '/Core/Core/api/securityapi/GetRelationship',
          ListSecurityGroupsUrl: '/Core/Core/api/securityapi/ListSecurityGroups',
          GetSecurityGroupsForUserUrl: '/Core/Core/api/securityapi/GetSecurityGroupsForUser',
          LoadSecurityGroupByIdUrl: '/Core/Core/api/securityapi/LoadSecurityGroupById',
          DeletePermissionLevelDataUrl: '/Core/Core/api/securityapi/DeletePermissionLevel',
          SavePermissionLevelDataUrl: '/Core/Core/api/securityapi/SavePermissionLevel',
          SaveSecurityGroupUrl: '/Core/Core/api/securityapi/SaveSecurityGroup',
          ListPermissionDefinitionsUrl: '/Core/Core/api/securityapi/ListPermissionDefinitions',
          DeleteSecurityGroupDataUrl: '/Core/Core/api/securityapi/DeleteSecurityGroup',
          //GetApplicationRoleTypesUrl: '/Core/Core/api/securityapi/GetApplicationRoleTypes',
          GetApplicationRoleTypesUrl: '/Core/Core/api/securityapi/GetAllPortalRoles',
          GetAllPortalRolesUrl: '/Core/Core/api/securityapi/GetAllPortalRoles',
          SearchApplicationRolesUrl: '/Core/Core/api/securityapi/SearchApplicationRoles',
          ListPermissionDefinitionsByObjTypeUrl: '/Core/Core/api/securityapi/ListPermissionDefinitionsByObjType',
          GetSecurityGroupObjectPermissionsUrl: '/Core/Core/api/securityapi/ListSecurityGroupObjectPermissions',
          AddUpdateSecurityGroupObjectPermissionsUrl: '/Core/Core/api/securityapi/AddUpdateSecurityGroupObjectPermission',
          GetMasterSitemapForPMConfigurationUrl: '/Core/Core/api/securityapi/GetMasterSitemapForPMConfiguration',
          GetBreadcrumbDataForSitemapNodeUrl: '/Core/Core/api/securityapi/GetBreadcrumbDataForSitemapNode',

          SaveMasterSitemapForPMConfigurationUrl: '/Core/Core/api/securityapi/SaveMasterSitemapForPMConfiguration',
          GetAllRelyingPartiesUrl: '/Core/Core/api/securityapi/GetRelyingPartiesForCurrentTenant',
          DeleteSitemapNodeUrl: '/Core/Core/api/securityapi/DeleteSitemapNode',
          ResetChangePasswordByAdmin: '/Core/Core/api/securityapi/ResetChangePasswordByAdmin',
          GetPasswordRules: '/Core/Core/api/securityapi/GetPasswordRules',
          DeleteSitemapNodeUrl: '/Core/Core/api/securityapi/DeleteSitemapNode',
          GetUserLoginHistoryUrl: '/Core/Core/api/securityapi/GetUserLoginHistory',
          getSecurityRelationshipNameList: '/Core/Core/api/profiledata/GetSecurityRelationshipNameList',
          getSecurityRelationship: '/Core/Core/api/profiledata/GetSecurityRelationship',
          getSecurityRelationshipCategoryList: '/Core/Core/api/profiledata/GetSecurityRelationshipCategoryList',
          GetEmployeeProfileSitemap: '/Core/Core/api/securityapi/GetEmployeeProfileSitemap',
          addSecurityRelationship: '/Core/Core/api/profiledata/AddSecurityRelationship',
          updateSecurityRelationship: '/Core/Core/api/profiledata/UpdateSecurityRelationship',
          deleteSecurityRelationship: '/Core/Core/api/profiledata/DeleteSecurityRelationship',
          getMultiLangDetails: '/Core/Core/api/profiledata/GetMultiLangDetails',
          ResetSecurityGroupObjectPermissionUrl: '/Core/Core/api/securityapi/ResetSecurityGroupObjectPermission',
          InheritSecurityGroupObjectPermissionsUrl: '/Core/Core/api/securityapi/InheritSecurityGroupObjectPermissions',

          GetESignatureSettings: '/Core/Core/api/securityapi/GetESignatureSettings',
          ListObjectSecurityGroupsUrl: '/Core/Core/api/securityapi/ListObjectSecurityGroups',
          apiTokenUrl: '/Core/Core/api/securityapi/retrieveApiToken',
          GetUAToken: '/Core/Core/api/securityapi/GetUAToken',
          EmulateProfileByAdmin: '/Core/Core/api/securityapi/EmulateProfileByAdmin',
          IsModuleLicensed: '/Core/Core/api/securityapi/IsModuleLicensed',
          GetSecurityPermissions: '/Core/Core/api/securityapi/GetSecurityPermissions',
          getPageHelpUrl: '/Core/Core/api/securityapi/GetPageHelpUrl'

        },
        library:
        {
          libraryApiURL:'/Core/Core/api/libraryapi/GetCatalogs',
          libraryGetTopicURL:'/Core/Core/api/libraryapi/GetCurrentTopic',
          relatedTopicsApiURL:'/Core/Core/api/libraryapi/GetRelatedTopics'
        },
        trainingActivity:
        {
          activityApi:'/Core/Core/api/trainingapi/GetActivitySummaryDetails'
        },
        eSignature:
        {
          eSignatureApi:'/Core/Core/api/esignatureapi/GetESignatureTranslation'
        },
        password:
        {
          ListProhibitedWordUrl: '/Core/Core/api/passwordmanagerapi/ListProhibitedWords',
          ListSecurityQuestionsUrl: '/Core/Core/api/passwordmanagerapi/ListSecurityQuestions',
          GetUserLanaguageListUrl: '/Core/Core/api/passwordmanagerapi/GetUserLanaguageList',
          SaveSecurityQuestionsUrl: '/Core/Core/api/passwordmanagerapi/SaveSecurityQuestion',
          ListUserSecQuestionsUrl: '/Core/Core/api/passwordmanagerapi/ListUserSecQuestions',
          SaveUserSecQuestionsDataUrl: '/Core/Core/api/passwordmanagerapi/SaveUserSecQuestions',
          SavePasswordPolicyUrl: '/Core/Core/api/passwordmanagerapi/SavePasswordPolicy',
          GetPasswordPolicyUrl: '/Core/Core/api/passwordmanagerapi/GetPasswordPolicies',
          GetPasswordPolicyByIdUrl: '/Core/Core/api/passwordmanagerapi/GetPasswordPolicyById',
          GetPasswordPolicyForUserUrl: '/Core/Core/api/passwordmanagerapi/GetPasswordPolicyForUser',
          GetPasswordRulesForUserUrl: '/Core/Core/api/passwordmanagerapi/GetPasswordRulesForUser',
          GetSecurityQuestionsForUserUrl: '/Core/Core/api/passwordmanagerapi/GetSecurityQuestionsForUser',
          DeletePasswordPoliciesUrl: '/Core/Core/api/passwordmanagerapi/DeletePasswordPolicies',
          SaveProhibitedWordsDataUrl: '/Core/Core/api/passwordmanagerapi/SaveProhibitedWords',
          GetRulesAndSettingsUrl: '/Core/Core/api/passwordmanagerapi/GetRulesAndSettings',
          SaveRulesAndSettingsUrl: '/Core/Core/api/passwordmanagerapi/SaveRulesAndSettings',
          SaveEntityAssignmentUrl: '/Core/Core/api/passwordmanagerapi/SaveEntityAssignment',
          GetPasswordSettingsUrl: '/Core/Core/api/passwordmanagerapi/GetPasswordSettings',
          SavePasswordSettingsUrl: '/Core/Core/api/passwordmanagerapi/SavePasswordSettings',
          ResetPasswordUrl: '/Core/Core/api/passwordmanagerapi/ResetPassword'
        },
        myprofile:{
          getWorkerPersonalDetailsUrl: '/Core/Core/api/profiledata/GetWorkerPersonalDetails',
          saveWorkerPersonalDetailsUrl: '/Core/Core/api/profiledata/SaveWorkerPersonalDetails',
          getWorkerProfileUrl: '/Core/Core/api/profiledata/GetWorkerProfile',
          getWorkerBasicProfileUrl: '/Core/Core/api/profiledata/GetWorkerBasicProfile',
          disabledUserProfileUrl: '/Core/Core/api/profiledata/DisableUserLogins',
          enabledUserProfileUrl: '/Core/Core/api/profiledata/EnableUserLogins',
          terminatePersonDetailsUrl: '/Core/Core/api/profiledata/TerminateWorkerProfile',
          restorePersonDetailsUrl: '/Core/Core/api/profiledata/RestoreWorkerProfile',
          getReassignManagerData: '/Core/Core/api/profiledata/GetReassignManagerData',
          getUsersForReassignManager: '/Core/Core/api/profiledata/getUsersForReassignManager',
          updateUsersReassignManager: '/Core/Core/api/profiledata/UpdateUsersReassignManager',
          getPendingTasksForChangeManager: '/Core/Core/api/profiledata/GetPendingTasksForChangeManager',
          updatePersonRelationDetails: '/Core/Core/api/profiledata/UpdateManagerForPerson',
          getSearchUsers: '/Core/Core/api/profiledata/SearchUser',
          getFreeTextSearchUsers: '/Core/Core/api/profiledata/FreeTextUserSearch',
          getAllUser: '/Core/Core/api/profiledata/GetAllUser',
          exportUsers: '/Core/Core/api/profiledata/ExportUsers',
          removeAccount: '/Core/Core/api/profiledata/RemoveAccount',
          getSecurityRightsUrl: '/Core/Core/api/profiledata/GetSecurityRights',
          getMergeUserConflicts: '/Core/Core/api/profiledata/MergeUserConflicts',
          getTMCheckMergeUser: '/Core/Core/api/profiledata/TMCheckMergeUser',
          mergeUserAccounts: '/Core/Core/api/profiledata/MergeUserAccounts',
          listofmergeAccounts: '/Core/Core/api/profiledata/ListofMergeAccounts',
          exportMergeAccounts: '/Core/Core/api/profiledata/ExportMergeAccounts',
          getMergeUserStatus: '/Core/Core/api/profiledata/GetMergeUserStatus',
          addUpdatePersonUrl: '/Core/Core/api/profiledata/AddUpdatePerson',
          getUserPermissionsUrl: '/Core/Core/api/profiledata/GetUserPermissions',
          getUserPermissionsForEmulateProfileUrl: '/Core/Core/api/profiledata/GetUserPermissionsForEmulateProfile',
          exportPendingApprovalsUrl: '/Core/Core/api/profiledata/ExportPendingApproval',
          ExportPendingAccounts: '/Core/Core/api/profiledata/ExportPendingAccounts',
          getAdvancedPendingApprovalUrl:'/Core/Core/api/profiledata/GetAdvancedPendingApproval',
          ActOnPendingApprovalUrl:'/Core/Core/api/profiledata/ActOnPendingApproval',
          getWorkerPersonalDetailsPAUrl: '/Core/Core/api/profiledata/GetWorkerPersonalDetails',
          pendingApprovalSecurityCheckUrl: '/Core/Core/api/profiledata/PendingApprovalSecurityCheck',
          editUserUrl: '/Core/Core/api/profiledata/EditUser',
          getEmployeeTypeUrl: '/Core/Core/api/profiledata/GetEmployeeType',
          GetProfileOverviewMini: '/Core/Core/api/profiledata/GetProfileOverviewMini',
          gePersonHomeAddressUrl:'/Core/Core/api/profiledata/getUserHomeAddress',
          getCreateUserPermissionUrl: '/Core/Core/api/profiledata/GetCreateUserPermissions',
          isGuestUserUrl: '/Core/Core/api/profiledata/IsGuestUser',
        },

        //added
        myUnlockdata: {
          doUnlockDataUrl: '/Core/Core/api/profiledata/doUnlockAccount'
        },
        commonUtilApis: {
          enabledPillarsUrl: '/Core/Core/api/commonapi/GetEnabledPillars'
        },
        jobtemplates:{
          getNextJobNumUrl: '/Core/Core/api/jobapi/GetNextJobNum',
          getJobTemplatesUrl: '/Core/Core/api/jobapi/GetJobTemplates',
          getJobTemplateUrl: '/Core/Core/api/jobapi/GetJobTemplate',   //Deprecated, use getJobTemplateByIdUrl instead
          getJobTemplateByIdUrl: '/Core/Core/api/jobapi/getJobTemplateById',
          getNextJobsUrl: '/Core/Core/api/jobapi/GetNextJobs',
          getCompetenciesFromJobUrl: '/Core/Core/api/jobapi/GetCompetenciesFromJob',
          getJobRequirementsForUserUrl: '/Core/Core/api/jobapi/GetJobRequirementsForUser',
          copyJobTemplatesUrl: '/Core/Core/api/jobapi/CopyJobTemplates',
          deleteJobTemplatesUrl: '/Core/Core/api/jobapi/DeleteJobTemplates',
          saveJobTemplatesUrl: '/Core/Core/api/jobapi/SaveJobTemplate',
          getInstalledPillars: '/Core/Core/api/jobapi/GetInstalledPillars',
          getCoreRelationships: '/Core/Core/api/jobapi/GetCoreRelationships',
          getCodeByCatcdUrl: '/Core/Core/api/lookupsapi/codecats' + '?catcode=',
          exportJobTemplates: '/Core/Core/api/jobapi/ExportJobTemplates',
          getPermissionUrl: '/Core/Core/api/jobapi/GetPermission',
        },
        skills:{
          getSkillsUrl: '/Core/Core/api/skill/GetSkills',
          getSkillUrl: '/Core/Core/api/skill/GetSkill',
          copySkillsUrl: '/Core/Core/api/skill/CopySkills',
          deleteSkillsUrl: '/Core/Core/api/skill/DeleteSkills',
          saveSkillsUrl: '/Core/Core/api/skill/SaveSkill',
          getContentTypesUrl: '/Core/Core/api/skill/getContentTypes',
          getCodeByCatcdUrl: '/Core/Core/api/lookupsapi/codecats' + '?catcode=',
          exportSkills: '/Core/Core/api/skill/ExportSkills',
          getPermissionUrl: '/Core/Core/api/skill/GetPermission',
          getSkillCategoriesUrl: 'https://cl12sales.sumtotaldevelopment.net/Services/api/SkillCategories/GetSkillCategoriesData',
          saveSkillDataUrl:'https://cl12sales.sumtotaldevelopment.net/Services/api/SkillCategories/SaveSkillWithCategories',
          saveSkillCategoryLevelUrl:'https://cl12sales.sumtotaldevelopment.net/Services/api/SkillCategories/SaveSkillCategoryLevel',
        },

        competencies:{
          getCompetenciesUrl: '/Core/Core/api/competencyapi/GetCompetencies',
          getCompetenciesByPersonUrl: '/Core/Core/api/competencyapi/GetCompetenciesByPerson',
          exportCompetenciesUrl: '/Core/Core/api/competencyapi/ExportCompetencies',
          getCompetencyUrl: '/Core/Core/api/competencyapi/GetCompetency',
          saveCompetencyUrl: '/Core/Core/api/competencyapi/SaveCompetency',
          saveEnabledLanguagesUrl: '/Core/Core/api/competencyapi/GetEnabledLanguages',
          getPermissionUrl: '/Core/Core/api/competencyapi/GetPermission',
          deleteCompetenciesUrl: '/Core/Core/api/competencyapi/DeleteCompetencies',
        },

        recruitingquestion:{
          getRecruitingQuestionById: '/Core/Core/api/recruitingquestionapi/GetRecruitingQuestionById',
          getDateTimeById: '/Core/Core/api/recruitingquestionapi/GetDateTimeById',
          getMultipleTextBoxesById: '/Core/Core/api/recruitingquestionapi/GetMultipleTextBoxesById',
          getRatingMatrixById: '/Core/Core/api/recruitingquestionapi/GetRatingMatrixById',
          getRatingById: '/Core/Core/api/recruitingquestionapi/GetRatingById',
          getRecruitingQuestionWithChoicesById: '/Core/Core/api/recruitingquestionapi/GetRecruitingQuestionWithChoicesById',
          getMultiSelectListDropdownsById: '/Core/Core/api/recruitingquestionapi/GetMultiSelectListDropdownsById',

          getRecruitingQuestions: '/Core/Core/api/recruitingquestionapi/GetRecruitingQuestions',
          getFilteredRecruitingQuestions: '/Core/Core/api/recruitingquestionapi/GetFilteredRecruitingQuestions',

          addOrUpdateFlattenRecruitingQuestion: '/Core/Core/api/recruitingquestionapi/AddOrUpdateFlattenRecruitingQuestion',
          addOrUpdateDateTimeRecruitingQuestion: '/Core/Core/api/recruitingquestionapi/AddOrUpdateDateTimeRecruitingQuestion',
          addOrUpdateMultipleTextBoxes: '/Core/Core/api/recruitingquestionapi/AddOrUpdateMultipleTextBoxes',
          addOrUpdateRatingMatrix: '/Core/Core/api/recruitingquestionapi/AddOrUpdateRatingMatrix',
          addOrUpdateRecruitingQuestionWithChoices: '/Core/Core/api/recruitingquestionapi/AddOrUpdateRecruitingQuestionWithChoices',
          addOrUpdateMultiSelectListDropdowns: '/Core/Core/api/recruitingquestionapi/AddOrUpdateMultiSelectListDropdowns',

          restoreOrInactivateRecruitingQuestion: '/Core/Core/api/recruitingquestionapi/RestoreOrInactivateRecruitingQuestion',
          deleteRecruitingQuestions: '/Core/Core/api/recruitingquestionapi/DeleteRecruitingQuestions',

          searchRecruitingQuestionTags: '/Core/Core/api/recruitingquestionapi/SearchRecruitingQuestionTags',
          getAllRecruitingQuestionTags: '/Core/Core/api/recruitingquestionapi/GetAllRecruitingQuestionTags'
        },

        competencyModels:{
          getPermissionUrl: '/Core/Core/api/competencymodelapi/GetPermission',
          getCompetencyModelsUrl: '/Core/Core/api/competencymodelapi/getcompetencymodels',
          saveCompetencyModelsUrl: '/Core/Core/api/competencymodelapi/savecompetencymodel',
          getCompetencyModelEditUrl: '/Core/Core/api/competencymodelapi/getcompetencymodel' + '?targetAssessmentID=',
          deleteCompetencyModelsUrl: '/Core/Core/api/competencymodelapi/deletecompetencymodels' + '?targetAssessmentIDs=',
          copyCompetencyModelsUrl: '/Core/Core/api/competencymodelapi/CopyCompetencyModel' + '?targetAssessmentIDs='
        },

        behaviors:{
          getBehaviorDetailsUrl: '/Core/Core/api/behaviorapi/GetBehaviorDetail',
          getBehaviorsByCmpIdUrl: '/Core/Core/api/behaviorapi/GetBehaviorsbyCmpID',
          getBehaviorsByCmpIdsUrl: 'https://cl12sales.sumtotaldevelopment.net/Services/api/behavior/GetBehaviorsByCmpIDs',
          SaveNewBehaviorDetailUrl: '/Core/Core/api/behaviorapi/SaveNewBehaviorDetail',
          DeleteOrCopyBehaviorsUrl: '/Core/Core/api/behaviorapi/DeleteOrCopyBehaviors',
          ExportBehaviorsUrl: '/Core/Core/api/behaviorapi/ExportBehaviors',
          getPermissionUrl: '/Core/Core/api/behaviorapi/GetPermission',
          getLeftNavPermissionUrl: '/Core/Core/api/behaviorapi/getLeftNavPermission',
          getAssociatedActivitiesUrl: '/Core/Core/api/behaviorapi/getAssocicatedActivities',
          getActivitiesBySearchCritUrl: '/Core/Core/api/behaviorapi/getActivitiesBySearchCrit',
          addDeleteActivitiesUrl: '/Core/Core/api/behaviorapi/addDeleteActivities',
        },
        domains:{
          getListofLMOrgandDomainsUrl: '/Core/Core/api/DomainDataApi/GetListofDomains',
          getCurrentLoginUserDomainUrl: '/Core/Core/api/DomainDataApi/GetCurrentLoginUserDomain',
          expireCurrentDomainCache: '/Core/Core/api/DomainDataApi/ExpireCurrentDomainCache'
        },
        lookups:{
          getListofLMSecurityRolesUrl: '/Core/Core/api/LookupsApi/GetListofLMSecurityRoles',
          getListofTMBusinessUrl: '/Core/Core/api/LookupsApi/GetListofTMBusiness',
          getCodeDefinitionsUrl: '/Core/Core/api/lookupsapi/allcodecats',
          getCodesUrl: '/Core/Core/api/lookupsapi/codecats',
          getMultipleCodesUrl: '/Core/Core/api/lookupsapi/GetCodeDefinitions',
          getCodesForRatingUrl: '/Core/Core/api/lookupsapi/codecatsforrating',
          getCodeDefinitionsListUrl: '/Core/Core/api/lookupsapi/codecatsforedit',
          getCodeDefinitionsEditUrl: '/Core/Core/api/lookupsapi/editcodecat',
          getCodeDefinitionscodesforeditUrl: '/Core/Core/api/lookupsapi/codesforedit',
          getLinkedCodesForCatcd: '/Core/Core/api/lookupsapi/linkedcodes',
          getCodeDefinitionsSaveUrl: '/Core/Core/api/lookupsapi/savecodecat',
          getCodeDefinitionUpdateStatusUrl: '/Core/Core/api/lookupsapi/updatecodecatstatus',
          getCodesEditUrl: '/Core/Core/api/lookupsapi/editcode',
          getCodesSaveUrl: '/Core/Core/api/lookupsapi/savecode',
          getCodeUpdateStatusUrl: '/Core/Core/api/lookupsapi/updatecodestatus',
          getTimezonesUrl: '/Core/Core/api/lookupsapi/alltimezones',
          getCodeByCatcdUrl: '/Core/Core/api/lookupsapi/codecats' + '?catcode='
        },
        developmentplan:{
          getDevPlanofUserForPeriodUrl: '/Core/Core/api/developmentplanapi/GetDevelopmentPlanForOwnerForPeriod',
          getDevelopmentPlanTasksForPlanUrl: '/Core/Core/api/developmentplanapi/GetDevelopmentPlanTasksForPlan',
          getDevelopmentPlanActivitiesForOwner: '/Core/Core/api/developmentplanapi/GetDevelopmentPlanActivitiesForOwner',
          SaveDevelopmentPlanUrl: '/Core/Core/api/developmentplanapi/SaveDevelopmentPlan',
          SaveDevelopmentPlanActivityUrl: '/Core/Core/api/developmentplanapi/SaveDevelopmentPlanActivity',
          getGoalPeriodsUrl: '/Core/Core/api/developmentplanapi/GetGoalPeriodsList',
          deleteDevelopmentPlanActivityUrl: '/Core/Core/api/developmentplanapi/DeleteDevPlanActivity',
          deleteDevelopmentPlanGroupUrl: '/Core/Core/api/developmentplanapi/DeleteDevelopmentPlanGroup',
          getDevPlanGroupsUrl: '/Core/Core/api/developmentplanapi/GetDevPlanGroups',
          saveDevPlanGroupsUrl: '/Core/Core/api/developmentplanapi/SaveDevelopmentPlanGroup',
          saveDevPlanPeriodUrl: '/Core/Core/api/developmentplanapi/SaveDevelopmentPlanPeriod',
          getDirectReportsDataUrl:'/Core/Core/api/developmentplanapi/getDirectReportsData',
          saveMultipleActivitiesUrl:'/Core/Core/api/developmentplanapi/MultiAssignActivity',
          getAllCompetenciesUrl: '/Core/Core/api/developmentplanapi/GetAllCompetencies',
          getActivitiesForCompetencyUrl: '/Core/Core/api/developmentplanapi/GetActivitiesForCompetency',
          SaveApprovalStatusUrl: '/Core/Core/api/developmentplanapi/SaveApprovalStatus',
          getLatestPeriodUrl: '/Core/Core/api/developmentplanapi/GetLatestGoalPeriod',
          getDevPlanOfUsersForAPeriodUrl: '/Core/Core/api/developmentplanapi/GetDevPlanOfUsersForAPeriod',
          getDevPlanOwnerInfoUrl: '/Core/Core/api/developmentplanapi/GetDevPlanOwnerInfo',
          getDevPlanOwnerUserNameUrl: '/Core/Core/api/developmentplanapi/GetDevPlanOwnerUserName',
          getUserJobUrl: '/Core/Core/api/developmentplanapi/GetUserJob',
          getCompetenciesForUserJobUrl: '/Core/Core/api/developmentplanapi/GetCompetenciesForUserJob',
          getCompetencyBehaviorsUrl: '/Core/Core/api/developmentplanapi/GetCompetencyBehaviors',
          getCodesForDevPlanUrl: '/Core/Core/api/developmentplanapi/GetCodesForDevPlan',
          getRatingScaleUrl: '/Core/Core/api/developmentplanapi/GetRatingScale',
          getTargetScaleUrl: '/Core/Core/api/developmentplanapi/GetTargetScale',
          getAssessedCompetenciesUrl: '/Core/Core/api/developmentplanapi/GetAssessedCompetencies',
          getmodelDataUrl:'/Core/Core/api/developmentplanapi/GetmodelData',
          getCompetenciesForPositionUrl: '/Core/Core/api/developmentplanapi/GetCompetenciesForPosition',
          HasManagerRelationshipUrl:'/Core/Core/api/developmentplanapi/HasManagerRelationship',
          getActivitiesBySearchCritUrl: '/Core/Core/api/developmentplanapi/getActivitiesBySearchCrit',
          getManagerCommentsForDevPlanUrl: '/Core/Core/api/developmentplanapi/GetManagerCommentsForDevPlan',
          getUDPGroupsUrl: '/Core/Core/api/developmentplanapi/GetUDPGroups',
          getUDPGroupDetailsUrl: '/Core/Core/api/developmentplanapi/GetUDPGroupDetails',
          saveUDPGroupDataUrl: '/Core/Core/api/developmentplanapi/SaveUDPGroupData',
          checkDevelopmentPlanSecurityUrl: '/Core/Core/api/developmentplanapi/CheckDevelopmentPlanSecurity',
          SaveDevelopmentPlanObjective: 'https://cl12sales.sumtotaldevelopment.net/Services/api/UDP/SaveDevelopmentPlanObjective',
          getDevPlanObjectives: 'https://cl12sales.sumtotaldevelopment.net/Services/api/UDP/GetDevPlanObjectives',
          deleteObjective: 'https://cl12sales.sumtotaldevelopment.net/Services/api/UDP/DeleteObjective',
          getDevelopmentPlanForOwner: 'https://cl12sales.sumtotaldevelopment.net/Services/api/UDP/GetDevelopmentPlanForOwner'
        },
        newDevelopmentPlan:{
          createEditTaskURL: 'https://cl12sales.sumtotaldevelopment.net/Services/api/UDP/CreateEditTask',
          getDevPlanForUserURL: 'https://cl12sales.sumtotaldevelopment.net/Services/api/UDP/GetUnifiedDevelopmentPlan',
          getDevPlanObjectivesURL: 'https://cl12sales.sumtotaldevelopment.net/Services/api/UDP/GetDevPlanObjectives',
          getDevPlanTasksURL: 'https://cl12sales.sumtotaldevelopment.net/Services/api/UDP/GetDevPlanTasks',
          saveUDPConfigSettingsUrl: 'https://cl12sales.sumtotaldevelopment.net/Services/api/UDP/SaveUDPConfigSettings',
          togglePrivateStatusUrl: 'https://cl12sales.sumtotaldevelopment.net/Services/api/UDP/TogglePrivateStatus',
          saveMultipleActivitiesUrl:'https://cl12sales.sumtotaldevelopment.net/Services/api/UDP/MultiAssignActivity',
          getDevelopmentPlanSettingsUrl:'https://cl12sales.sumtotaldevelopment.net/Services/api/UDP/GetDevelopmentPlanSettings',
          getSkillsForDevPlanTasksUrl: 'https://cl12sales.sumtotaldevelopment.net/Services/api/UDP/GetSkillsForDevPlanTasks',
          getCompetenciesForDevPlanTasksUrl:'https://cl12sales.sumtotaldevelopment.net/Services/api/UDP/GetCompetenciesForDevPlanTasks',
          getSkillsForJobUrl : 'https://cl12sales.sumtotaldevelopment.net/Services/api/UDP/GetSkillsForJob',
          GetActivitiesForSkillUrl:'https://cl12sales.sumtotaldevelopment.net/Services/api/UDP/GetActivitiesForSkill',
          GetSkillsForUserUrl:'https://cl12sales.sumtotaldevelopment.net/Services/api/UDP/GetSkillsForUser',
          GetJobsForActivitiesUrl:'https://cl12sales.sumtotaldevelopment.net/Services/api/UDP/GetJobsForActivities'
        },
        userManagement:{
          getModelsUrl: '/Core/Core/api/globalconfiguratorapi/models',
          getGlobalConfigurationUrl: '/Core/Core/api/globalconfiguratorapi/globalconfigurations',
          saveGlobalConfigurationUrl: '/Core/Core/api/globalconfiguratorapi/saveglobalconfiguration',
          getAdvancedConfigurationUrl: '/Core/Core/api/globalconfiguratorapi/advancedconfigurations',
          saveAdvancedConfigurationUrl: '/Core/Core/api/globalconfiguratorapi/saveadvancedconfiguration',
          getModelConfigurationUrl: '/Core/Core/api/globalconfiguratorapi/modelconfigurations',
          getAvailableUserFieldsUrl: '/Core/Core/api/globalconfiguratorapi/availableuserfields?targetuserid=',
          getAvailableEditUserLinksUrl: '/Core/Core/api/globalconfiguratorapi/availableedituserlinks',
          getExtendedAdvancedConfigurationUrl: '/Core/Core/api/globalconfiguratorapi/extendedconfigurations',
          getAdvancedSectionConfigurationUrl: '/Core/Core/api/globalconfiguratorapi/extendedsectionconfigurations',
          saveExtendedConfigurationUrl: '/Core/Core/api/globalconfiguratorapi/saveextendedconfiguration',
          forgetUserListUrl: 'https://cl12sales.sumtotaldevelopment.net/Services/api/user/forgetuserlist',
          forgetUserUrl: 'https://cl12sales.sumtotaldevelopment.net/Services/api/user/forgetuser'
        },
        userAccount:{
          getUserAccountGeneralSettingsUrl:  '/Core/Core/api/UserAccountCreationApi/GetUserAccountCreationGeneralSettings',
          saveUserAccountGeneralSettingsUrl:  '/Core/Core/api/UserAccountCreationApi/SaveUserAccountCreationGeneralSettings',
          getSSOBrokerUrl:'/Core/Core/api/UserAccountCreationApi/GetSSOBrokerUrl'
        },
        udpConfiguration:{
          getGoalPeriodsUrl: '/Core/Core/api/developmentplanapi/GetGoalPeriodsList',
          getGoalPeriodUrl: '/Core/Core/api/developmentplanapi/GetGoalPeriod',
          saveGoalPeriodUrl: '/Core/Core/api/developmentplanapi/SaveGoalPeriod',
          deleteGoalPeriodsUrl: '/Core/Core/api/developmentplanapi/DeleteGoalPeriods',
          getUdpRequiresApprovalConfigUrl: '/Core/Core/api/developmentplanapi/GetUdpApprovalCofiguration',
          getDevelopmentPlanConfigurationUrl: '/Core/Core/api/developmentplanapi/GetDevelopmentPlanConfiguration',
          getActiveLanguagesUrl: '/Core/Core/api/developmentplanapi/GetActiveLanguages'
        },
        myresume:{
          getResumeDataUrl: '/Core/Core/api/ResumeApi/GetResumeData',
          getCertificationNamesDataUrl: '/Core/Core/api/LookupsApi/GetCertificationNamesList',
          getLstinstitutionsNamesDataUrl: '/Core/Core/api/LookupsApi/GetAvailableSchools',
          getViewLanguageProficiencyDataUrl: '/Core/Core/api/ResumeApi/GetLanguageProficiencyList',
          getEducationByIdUrl: '/Core/Core/api/ResumeApi/GetEducationById',
          getViewLocationPreferenceDataUrl: '/Core/Core/api/ResumeApi/GetLocationPreferenceList',
          getCareerInformationDataUrl: '/Core/Core/api/ResumeApi/GetCareerInformation',
          saveCareerInformationForUserUrl: '/Core/Core/api/ResumeApi/SaveCareerInformationForUser',
          deleteLocationPreferenceUrl: '/Core/Core/api/ResumeApi/deleteLocationPreference',
          getCountriesUrl: '/Core/Core/api/LookupsApi/countries',
          getStatesbyIdUrl: '/Core/Core/api/LookupsApi/provinces',
          getCitiesByIdUrl: '/Core/Core/api/LookupsApi/GetCities',
          getDegreesUrl: '/Core/Core/api/ResumeApi/degreeOptions',
          getWorkExperienceListUrl: '/Core/Core/api/ResumeApi/GetWorkExperienceList',
          saveWorkExperienceDetailsUrl: '/Core/Core/api/ResumeApi/SaveWorkExperienceDetails',
          getIndustryListUrl: '/Core/Core/api/ResumeApi/GetIndustryList'+ '?pid=' + 'FA69158F3C3C1CF1236653C0995DCDED',
          saveProjectExperienceDetailsUrl: '/Core/Core/api/ResumeApi/SaveProjectExperienceDetails',
          getWillingtoTravelOptionsListUrl: '/Core/Core/api/ResumeApi/GetWillingtoTravelOptionsList'+ '?pid=' + 'FA69158F3C3C1CF1236653C0995DCDED',
          savelocationPreferenceDetailsUrl: '/Core/Core/api/ResumeApi/SavelocationPreferenceDetails',
          saveLanguageProficiencyDetailsUrl: '/Core/Core/api/ResumeApi/SaveLanguageProficiencyDetails',
          submitEducationUrl: '/Core/Core/api/ResumeApi/SaveEducation',
          submitMembershipUrl:'/Core/Core/api/ResumeApi/SaveMembership',
          submitCertificationUrl: '/Core/Core/api/ResumeApi/SaveCertification',
          submitSkillUrl: '/Core/Core/api/ResumeApi/SaveSkill',
          getLanguageProficiencyOptionsUrl: '/Core/Core/api/ResumeApi/GetLanguageProficiencyOptions',
          getLanguageOptionsUrl: '/Core/Core/api/ResumeApi/GetLanguageOptions',
          deleteLanguageProficiencyDetailsUrl: '/Core/Core/api/ResumeApi/DeleteLanguageProficiencyDetails',
          deleteLocationPreferenceDetailsUrl: '/Core/Core/api/ResumeApi/DeleteLocationPreferenceDetails',
          getCodeByCatcdUrl: '/Core/Core/api/LookupsApi/catCodesbyLang' + '?catCd=',
          getAllResumeOptionsUrl: '/Core/Core/api/ResumeApi/GetAllResumeOptions',
          getResumeConfigUrl: '/Core/Core/api/ResumeApi/GetResumeConfig',
          GetAwardsUrl: '/Core/Core/api/resumeapi/GetAwards',
          AddAwardsUrl: '/Core/Core/api/resumeapi/AddAwards',
          UpdateAwardsUrl: '/Core/Core/api/resumeapi/UpdateAwards',
          DeleteAwardsUrl: '/Core/Core/api/resumeapi/DeleteAwards'
        },
        onBoardingResume:{
          getResumeDataUrl: '/Core/Core/api/OnBoardingResumeApi/GetResumeData',
          getResumeResponseDataUrl: 'https://cl12sales.sumtotaldevelopment.net/Services/api/Resume/GetResumeResponseData',
          ParseResumeUrl: 'https://cl12sales.sumtotaldevelopment.net/Services/api/Resume/GetParsedResumeData',
          getResumeConfigDataUrl: '/Core/Core/api/OnBoardingResumeApi/GetResumeConfigData',
          getPersonResumesUrl: '/Core/Core/api/OnBoardingResumeApi/GetPersonResumes',
          getMultipleResumesUrl: '/Core/Core/api/OnBoardingResumeApi/GetMultipleResumes',
          getCountriesUrl: '/Core/Core/api/LookupsApi/countries',
          getStatesbyIdUrl: '/Core/Core/api/LookupsApi/provinces',
          getCitiesByIdUrl: '/Core/Core/api/LookupsApi/GetCities',
          saveResumeDataUrl: '/Core/Core/api/OnBoardingResumeApi/SaveResumeData',
          saveMultipleResumesUrl: '/Core/Core/api/OnBoardingResumeApi/SaveMultipleResumes',
          getResumeOptionsUrl: '/Core/Core/api/OnBoardingResumeApi/GetResumeOptions',
          getCodeByCatcdUrl: '/Core/Core/api/LookupsApi/catCodesbyLang' + '?catCd=',
          getRequisitionsHistoryUrl: '/Core/Core/api/OnBoardingResumeApi/GetRequisitionHistoryForUser',
          getFeedbackUrl: '/Core/Core/api/OnBoardingResumeApi/GetFeedback',
          getRequisitionJobTemplateSalaryRangeUrl: '/Core/Core/api/OnBoardingResumeApi/GetRequisitionJobTemplateSalaryRange',
          getInternalEquityDetailsUrl: '/Core/Core/api/OnBoardingResumeApi/GetInternalEquityDetails',
          getResumeReferencesUrl: '/Core/Core/api/OnBoardingResumeApi/GetResumeReferences',
          getManagerInfo: '/Core/Core/api/OnBoardingResumeApi/GetManagerId',
          getSchoolsUrl: '/Core/Core/api/LookupsApi/GetAvailableSchools',
          getResumeAndApplicationPermissionUrl: 'https://cl12sales.sumtotaldevelopment.net/Services/api/Resume/GetResumeAndApplicationPermission'
        },
        onBoardingRequisition:{
          getEmployeesUrl: '/Core/Core/api/OnBoardingRequisitionApi/GetEmployees',
          getPostingSitesUrl: '/Core/Core/api/OnBoardingRequisitionApi/GetPostingSites',
          getWorkLocationsUrl: '/Core/Core/api/OnBoardingRequisitionApi/GetWorkLocations',
          getJobPositionsUrl: '/Core/Core/api/OnBoardingRequisitionApi/GetJobPositions',
          getJobTemplatesUrl: '/Core/Core/api/OnBoardingRequisitionApi/GetJobTemplates',
          saveRequisitionDataUrl: '/Core/Core/api/OnBoardingRequisitionApi/SaveRequisitionData',
          getRequisitionsUrl: '/Core/Core/api/OnBoardingRequisitionApi/GetRequisitions',
          getRequisitionDataUrl: '/Core/Core/api/OnBoardingRequisitionApi/GetRequisitionDetails',
          getRequisitionDataForPreviewUrl: '/Core/Core/api/OnBoardingRequisitionApi/GetRequisitionDetailsForPreview',
          getSkillsUrl: '/Core/Core/api/LookupsApi/GetAvailableSkills',
          getCertificationsUrl: '/Core/Core/api/LookupsApi/GetCertificationNamesList',
          getPostingSiteUrl: '/Core/Core/api/OnBoardingRequisitionApi/GetPostingSite',
          getUpdateRequisitionStatusUrl: '/Core/Core/api/OnBoardingRequisitionApi/UpdateRequisitionStatus',
          getRequisitionPermissionUrl: '/Core/Core/api/OnBoardingRequisitionApi/GetPermissions',
          applyRequisitionUrl: '/Core/Core/api/OnBoardingRequisitionApi/ApplyForRequisition',
          getApplicationAssessmentForRequisitionUrl: '/Core/Core/api/OnBoardingRequisitionApi/GetApplicationAssessmentForRequisition',
          getRequisitionStatusUrl: '/Core/Core/api/OnBoardingRequisitionApi/GetStatusOptions',
          getCreateFromUrl: '/Core/Core/api/OnBoardingRequisitionApi/CreateRequisitionFrom',
          getRequisitionCandidatesUrl: '/Core/Core/api/OnBoardingRequisitionApi/GetCandidates',
          getPositionFitMetricDetails: '/Core/Core/api/OnBoardingRequisitionApi/GetCandidatePositionFitDetails',
          getGeographicalDetailsUrl: '/Core/Core/api/OnBoardingRequisitionApi/GetGeographicalDetails',
          getClientHierarchyLevelsUrl: '/Core/Core/api/OnBoardingRequisitionApi/GetClientHierarchyLevels',
          getJobFitForUser: '/Core/Core/api/OnBoardingRequisitionApi/GetJobFitForUser',
          getRequisitionRolesUrl: '/Core/Core/api/OnBoardingRequisitionApi/GetRequisitionRoles',
          getRecentlyAccessedRequisitionApplicationsUrl:'https://cl12sales.sumtotaldevelopment.net/Services/api/RecruitingWidgets/GetRecentlyAccessedRequisitionApplications',
          saveRecentlyAccessedApplicationUrl:'https://cl12sales.sumtotaldevelopment.net/Services/api/RecruitingWidgets/SaveRecentlyAccessedApplication',
          getRequisitionSummaryUrl:'https://cl12sales.sumtotaldevelopment.net/Services/api/RecruitingWidgets/GetRequisitionSummary',
          getRequisitionDashboardUrl: '/Core/Core/api/OnBoardingRequisitionApi/LoadRequisitionDashboardByUrlWithPermissions',
          getRequisitionAssessmentsUrl: '/Core/Core/api/OnBoardingRequisitionApi/GetRequisitionAssessments',
          getRequisitionAssessmentUrl: '/Core/Core/api/OnBoardingRequisitionApi/GetRequisitionAssessment',
          createUpdateRequisitionAssessmentUrl: '/Core/Core/api/OnBoardingRequisitionApi/CreateUpdateRequisitionAssessment',
          deleteRequisitionAssessmentsUrl: '/Core/Core/api/OnBoardingRequisitionApi/DeleteRequisitionAssessments',
          deleteRequisitionsUrl: '/Core/Core/api/OnBoardingRequisitionApi/DeleteRequisitions',
          getApprovalHistory:'https://cl12sales.sumtotaldevelopment.net/Services/api/Requisition/GetApprovalHistory',
          approveRequisitionUrl: 'https://cl12sales.sumtotaldevelopment.net/Services/api/Requisition/ApproveTask',
          getFavouriteJobsUrl:'https://cl12sales.sumtotaldevelopment.net/Services/api/jobSearch/GetFavoriteJobs/',
          getRecommendedJobsForUserUrl: 'https://cl12sales.sumtotaldevelopment.net/Services/api/RecruitingWidgets/GetRecommendedJobsForUser',
          getRequisitionApplicationsCountForPhaseUrl:'https://cl12sales.sumtotaldevelopment.net/Services/api/CandidateManagement/GetRequisitionApplicationsCountForPhase',
          addRequisitionAssessmentsUrl: '/Core/Core/api/OnBoardingRequisitionApi/AddRequisitionAssessments',
          saveRequisitionAnswersUrl: 'https://cl12sales.sumtotaldevelopment.net/Services/api/Requisition/SaveRequisitionAssessmentAnswer',
          updateJobBoardDataUrl: '/Core/Core/api/OnBoardingRequisitionApi/UpdateJobBoardData',
          postToEQuestUrl: '/Core/Core/api/OnBoardingRequisitionApi/PostToEQuest',
          deletePostingUrl: '/Core/Core/api/OnBoardingRequisitionApi/DeletePosting',
          getEQuestJobPostingsUrl: '/Core/Core/api/OnBoardingRequisitionApi/GetEQuestJobPostings',
          getEQuestJobIdUrl: '/Core/Core/api/OnBoardingRequisitionApi/GetEQuestJobId',
          SubmitRequisitionAssessmentAnswersUrl:'https://cl12sales.sumtotaldevelopment.net/Services/api/Requisition/SubmitRequisitionAssessmentAnswers',
        },
        onBoardingCandidateManagement: {
          getRequisitionCandidateUrl: 'https://cl12sales.sumtotaldevelopment.net/Services/api/CandidateManagement/GetRequisitionCandidates',
          getCodeDefinitionsUrl: 'https://cl12sales.sumtotaldevelopment.net/Services/api/CandidateManagement/GetCodeDefinition',
          updateRequisitionApplicationUrl: 'https://cl12sales.sumtotaldevelopment.net/Services/api/CandidateManagement/UpdateApplicationRaking',
          saveInterviewScheduleUrl: 'https://cl12sales.sumtotaldevelopment.net/Services/api/RecruitingInterview/SaveInterviewSchedule',
          getAssessmentsForInterviewerUrl: 'https://cl12sales.sumtotaldevelopment.net/Services/api/RecruitingInterview/GetAssessmentsForInterviewer',
          getRequisitionsUrl: 'https://cl12sales.sumtotaldevelopment.net/Services/api/CandidateManagement/GetRequistions',
          getUsersUrl : 'https://cl12sales.sumtotaldevelopment.net/Services/api/CandidateManagement/GetUsers',
          AddCandidatesToFolderUrl:'https://cl12sales.sumtotaldevelopment.net/Services/api/CandidateManagement/AddCandidateToFolder',
          getRequisitionApplicationUrl: 'https://cl12sales.sumtotaldevelopment.net/Services/api/CandidateManagement/GetRequisitionApplication',
          getRecruitingFolders:'https://cl12sales.sumtotaldevelopment.net/Services/api/CandidateManagement/GetRecruitingFolders',
          getInterviewsForCandidateUrl: 'https://cl12sales.sumtotaldevelopment.net/Services/api/CandidateManagement/GetInterviewsForCandidate',
          GetEmailLogForCandidateUrl: 'https://cl12sales.sumtotaldevelopment.net/Services/api/CandidateManagement/GetEmailLogForCandidate',
          getListOfFoldersUrl: 'https://cl12sales.sumtotaldevelopment.net/Services/api/CandidateManagement/GetListOfFolders',
          GetEmailLogForCandidateUrl: 'https://cl12sales.sumtotaldevelopment.net/Services/api/CandidateManagement/GetEmailLogForCandidate',
          saveRecruitingFolder: 'https://cl12sales.sumtotaldevelopment.net/Services/api/CandidateManagement/SaveRecruitingFolder',
          savecandidateSearch: 'https://cl12sales.sumtotaldevelopment.net/Services/api/CandidateManagement/SaveCandidateSearch',
          getSavedSearches: 'https://cl12sales.sumtotaldevelopment.net/Services/api/CandidateManagement/GetSavedSearches',
          getCandidateTransactionHistoryUrl:'https://cl12sales.sumtotaldevelopment.net/Services/api/CandidateManagement/GetCandidateTransactionHistory',
          getRequisitionApplicationForCandidateUrl: 'https://cl12sales.sumtotaldevelopment.net/Services/api/CandidateManagement/GetRequisitionApplicationForCandidate',
          applyToRequisitionUrl: 'https://cl12sales.sumtotaldevelopment.net/Services/api/CandidateManagement/ApplyToRequisition',
          getAssessmentsForApplicationUrl: 'https://cl12sales.sumtotaldevelopment.net/Services/api/CandidateManagement/GetAssessmentsForApplication',
          getRequisitionCandidateAssessmentUrl: 'https://cl12sales.sumtotaldevelopment.net/Services/api/CandidateManagement/GetRequisitionCandidateAssessment',
          getCandidateExplorerOptions:'https://cl12sales.sumtotaldevelopment.net/Services/api/CandidateManagement/GetCandidateExplorerOptions',
          getCandidateAssessments: 'https://cl12sales.sumtotaldevelopment.net/Services/api/CandidateManagement/GetCandidateAssessments',
          removeCandidateUrl:'https://cl12sales.sumtotaldevelopment.net/Services/api/CandidateManagement/RemoveCandidate',
          getCandidateChecksData:'https://cl12sales.sumtotaldevelopment.net/Services/api/CandidateManagement/GetCandidateChecksData',
          saveChecksData: 'https://cl12sales.sumtotaldevelopment.net/Services/api/CandidateManagement/saveCandidateChecksData',
          getRecommendedCandidateListUrl:'https://cl12sales.sumtotaldevelopment.net/Services/api/CandidateManagement/GetRecommendedCandidateList',
          recommendedCandidatesActionUrl:'https://cl12sales.sumtotaldevelopment.net/Services/api/CandidateManagement/RecommendedCandidatesAction',
		  deleteGDPRExternalCandidateData:'https://cl12sales.sumtotaldevelopment.net/Services/api/CandidateManagement/deleteGDPRExternalCandidates',
          saveRequisitionCandidateAssessment:'https://cl12sales.sumtotaldevelopment.net/Services/api/CandidateManagement/SaveCandidateAssesssment',
          sendCandidateCommunication: 'https://cl12sales.sumtotaldevelopment.net/Services/api/CandidateManagement/SendCandidateCommunication',
          getCandidateCommunication: 'https://cl12sales.sumtotaldevelopment.net/Services/api/CandidateManagement/GetCandidateCommunicationList',
          getCreateCandidateFormModelUrl: 'https://cl12sales.sumtotaldevelopment.net/Services/api/GlobalConfigurator/modelconfigurations',
          sendCandidateCommunication: 'https://cl12sales.sumtotaldevelopment.net/Services/api/CandidateManagement/SendCandidateCommunication',
          addUserManuallyUrl: 'https://cl12sales.sumtotaldevelopment.net/Services/api/CandidateManagement/AddCandidate',
          deleteCandidateFromRequisitionUrl: 'https://cl12sales.sumtotaldevelopment.net/Services/api/CandidateManagement/DeleteCandidatesFromRequisition',
          getCandidateCommunicationContent: 'https://cl12sales.sumtotaldevelopment.net/Services/api/CandidateManagement/GetCandidateCommunication',
          sendEmailNotificationToCandidateUrl: 'https://cl12sales.sumtotaldevelopment.net/Services/api/CandidateManagement/sendEmailNotificationToCandidate'
        },
        onBoardingOfferManagement: {
          getRequisitionCompensationUrl: 'https://cl12sales.sumtotaldevelopment.net/Services/api/OfferManagement/GetRequisitionCompensationData',
          saveApplicationOfferUrl: 'https://cl12sales.sumtotaldevelopment.net/Services/api/OfferManagement/SaveApplicationOffer',
          getCurrencyCodesUrl: '/Core/Core/api/OnBoardingRequisitionApi/GetCurrencyCodes',
          getOfferDataUrl: 'https://cl12sales.sumtotaldevelopment.net/Services/api/OfferManagement/GetApplicationOfferData',
          deleteCompensationUrl: 'https://cl12sales.sumtotaldevelopment.net/Services/api/OfferManagement/DeleteCompensation',
          deleteAttachmentUrl: 'https://cl12sales.sumtotaldevelopment.net/Services/api/OfferManagement/DeleteAttachment',
          getPayTypeUrl: 'https://cl12sales.sumtotaldevelopment.net/Services/api/OfferManagement/GetPayType',
          getRequisitionOfferWorkflowKey: 'https://cl12sales.sumtotaldevelopment.net/Services/api/OfferManagement/GetRequisitionOfferWorkflowKey',
          sendSignatureRequest:'https://cl12sales.sumtotaldevelopment.net/Services/api/OfferManagement/SendSignatureRequest'
        },
        recruitingHire: {
          processHireUrl: 'https://cl12sales.sumtotaldevelopment.net/Services/api/RecruitingHire/ProcessHire',
          GetRecruitingHiresUrl: 'https://cl12sales.sumtotaldevelopment.net/Services/api/RecruitingHire/GetRecruitingHires',
          ExportCandidateDetailsUrl: '/Core/Core/api/profiledata/ExportCandidateDetails',
          CreateEmployeeRecordUrl : 'https://cl12sales.sumtotaldevelopment.net/Services/api/RecruitingHire/CreateEmployeeRecord',
          FinalizeNewHireUrl: 'https://cl12sales.sumtotaldevelopment.net/Services/api/RecruitingHire/FinalizeNewHire',
          canHireUrl : 'https://cl12sales.sumtotaldevelopment.net/Services/api/RecruitingHire/CanHire'
        },
        coaching:{
          getPermissionsUrl: 'https://cl12sales.sumtotaldevelopment.net/Services/api/coaching/GetPermissions',
          getIssuesForManagerUrl: 'https://cl12sales.sumtotaldevelopment.net/Services/api/Coaching/GetIssuesForManager',
          getEmployeeWithIssueForManagerUrl: 'https://cl12sales.sumtotaldevelopment.net/Services/api/Coaching/GetEmployeeWithIssueForManager'
        },
        continuousfeedback:{
          createOrEditFeedbackRequestUrl: 'https://cl12sales.sumtotaldevelopment.net/Services/api/continuousreview/CreateOrEditFeedbackRequest',
          createFeedbackRequestUrl: 'https://cl12sales.sumtotaldevelopment.net/Services/api/continuousreview/CreateFeedbackRequest',
          createOrEditFeedbackResponseUrl: 'https://cl12sales.sumtotaldevelopment.net/Services/api/continuousreview/CreateOrEditFeedbackResponse',
          getFeedbackRequestUrl: 'https://cl12sales.sumtotaldevelopment.net/Services/api/continuousreview/GetFeedbackRequest',
          getFeedbackResponseUrl: 'https://cl12sales.sumtotaldevelopment.net/Services/api/continuousreview/GetFeedbackResponse',
          getContinuousReviewItemsUrl: 'https://cl12sales.sumtotaldevelopment.net/Services/api/continuousreview/GetContinuousReviewItems',
          addRemoveCommentToFormUrl: 'https://cl12sales.sumtotaldevelopment.net/Services/api/continuousreview/AddRemoveCommentToForm',
          flagItemUrl: 'https://cl12sales.sumtotaldevelopment.net/Services/api/continuousreview/FlagItem',
          thankProviderUrl: 'https://cl12sales.sumtotaldevelopment.net/Services/api/continuousreview/ThankProvider',
          sendReminderUrl: 'https://cl12sales.sumtotaldevelopment.net/Services/api/continuousreview/SendReminder',
          getPermissionsUrl: 'https://cl12sales.sumtotaldevelopment.net/Services/api/continuousreview/GetPermissions',
          getFeedbackDatesDataUrl: 'https://cl12sales.sumtotaldevelopment.net/Services/api/continuousreview/GetFeedbackDatesData',
          createJournalUrl: 'https://cl12sales.sumtotaldevelopment.net/Services/api/continuousreview/CreateJournal',
          getJournalUrl: 'https://cl12sales.sumtotaldevelopment.net/Services/api/continuousreview/GetJournal',
          getCurrentManagerUrl: 'https://cl12sales.sumtotaldevelopment.net/Services/api/continuousreview/GetCurrentManager',
          replyJournalUrl: 'https://cl12sales.sumtotaldevelopment.net/Services/api/continuousreview/ReplyJournal',
          closeJournalUrl: 'https://cl12sales.sumtotaldevelopment.net/Services/api/continuousreview/CloseJournal',
          thankJournalUrl: 'https://cl12sales.sumtotaldevelopment.net/Services/api/continuousreview/ThankJournal',
          deleteJournalUrl: 'https://cl12sales.sumtotaldevelopment.net/Services/api/continuousreview/DeleteJournal',
          hardDeleteContinuousFeedbackUrl: 'https://cl12sales.sumtotaldevelopment.net/Services/api/continuousreview/HardDeleteContinuousFeedback',
          hardDeleteFeedbackJournalUrl: 'https://cl12sales.sumtotaldevelopment.net/Services/api/continuousreview/HardDeleteFeedbackJournal',

        },
        onboardingConfiguration:{
          getApprovalWorkflowsUrl: 'https://cl12sales.sumtotaldevelopment.net/Services/api/onboarding/configuration/getWorkflows',
          getApprovalWorkflowUrl: 'https://cl12sales.sumtotaldevelopment.net/Services/api/onboarding/configuration/getWorkflow',
          copyApprovalWorkflowsUrl: 'https://cl12sales.sumtotaldevelopment.net/Services/api/onboarding/configuration/copyWorkflows',
          saveApprovalWorkflowUrl: 'https://cl12sales.sumtotaldevelopment.net/Services/api/onboarding/configuration/saveWorkflow',
          deleteApprovalWorkflowUrl: 'https://cl12sales.sumtotaldevelopment.net/Services/api/onboarding/configuration/deleteWorkflow',
          activateApprovalWorkflowUrl: 'https://cl12sales.sumtotaldevelopment.net/Services/api/onboarding/configuration/activateWorkflow',
        },
        emailConfiguration: {
          saveEmailTemplateUrl: 'https://cl12sales.sumtotaldevelopment.net/Services/api/core/emailtemplates/saveEmailTemplate',
          getEmailTemplatesUrl: 'https://cl12sales.sumtotaldevelopment.net/Services/api/core/emailtemplates/getEmailTemplates',
          getEmailTemplateUrl: 'https://cl12sales.sumtotaldevelopment.net/Services/api/core/emailtemplates/getEmailTemplate',
          deleteEmailTemplateUrl: 'https://cl12sales.sumtotaldevelopment.net/Services/api/core/emailtemplates/deleteEmailTemplate',
          getEmailTemplateTypesUrl: 'https://cl12sales.sumtotaldevelopment.net/Services/api/core/emailtemplates/getEmailTemplateTypes/{category}'
        },
        journal:{
          addUpdateJournalUrl: '/Core/Core/api/journalapi/AddUpdateJournal',
          getJournalUrl: '/Core/Core/api/journalapi/GetJournal',
          getJournalsUrl: '/Core/Core/api/journalapi/GetJournals',
          getDirectReportsUrl: '/Core/Core/api/journalapi/GetDirectReports' ,
          getJournalAndFeedBackTimeline: '/Core/Core/api/journalapi/GetJournalAndFeedBackTimeLine',
        },
        feedbackTemplateConfiguraion: {
          getFeedbackTemplatesUrl: 'https://cl12sales.sumtotaldevelopment.net/Services/api/core/feedbacktemplates/getFeedbackTemplates',
          saveFeedbackTemplateUrl: 'https://cl12sales.sumtotaldevelopment.net/Services/api/core/feedbacktemplates/saveFeedbackTemplate',
          getFeedbackTemplateUrl: 'https://cl12sales.sumtotaldevelopment.net/Services/api/core/feedbacktemplates/getFeedbackTemplate',
          deleteFeedbackTemplatesUrl: 'https://cl12sales.sumtotaldevelopment.net/Services/api/core/feedbacktemplates/deleteFeedbackTemplates',
          getFeedbackTemplatesForSelectionUrl: 'https://cl12sales.sumtotaldevelopment.net/Services/api/core/feedbacktemplates/getFeedbackTemplatesForSelection'

        },
        feedbackQuestionConfiguraion: {
          getFeedbackQuestionUrl: 'https://cl12sales.sumtotaldevelopment.net/Services/api/core/feedbackquestions/getFeedbackQuestions',
          saveFeedbackQuestionUrl: 'https://cl12sales.sumtotaldevelopment.net/Services/api/core/feedbackquestions/saveFeedbackQuestion',
          deleteFeedbackQuestionsUrl: 'https://cl12sales.sumtotaldevelopment.net/Services/api/core/feedbackquestions/deleteFeedbackQuestions'
        },
        careerplan:{
          getSectionMatchesForJob: '/Core/Core/api/careerplanapi/GetSectionMatchesForJob',
          getCareerPlan:  '/Core/Core/api/careerplanapi/GetCareerPlan',
          getCareerPlanShares: '/Core/Core/api/careerplanapi/GetCareerPlanShares',
          deleteCareerPlanShare: '/Core/Core/api/careerplanapi/DeleteCareerPlanShare',
          addCareerPlanShare: '/Core/Core/api/careerplanapi/AddCareerPlanShare',
          getCareerPlanRecommendedJobs:  '/Core/Core/api/careerplanapi/GetCareerPlanRecommendedJobs',
          getLMskillsFromJob: '/Core/Core/api/careerplanapi/GetLMskillsFromJob',
          deleteCareerPlanJob: '/Core/Core/api/careerplanapi/DeleteCareerPlanJob',
          addCareerPlanJob: '/Core/Core/api/careerplanapi/AddCareerPlanJob',
          canViewCareerPlan: '/Core/Core/api/careerplanapi/CanViewCareerPlan',
          getCareerPlanActions:  '/Core/Core/api/careerplanapi/GetCareerPlanActions',
          addCareerPlanAction: '/Core/Core/api/careerplanapi/AddCareerPlanAction',
            deleteCareerPlanAction: '/Core/Core/api/careerplanapi/DeleteCareerPlanAction',
            learning: 'https://cl12sales.sumtotaldevelopment.net/Services/api/core/careerplan/learning'
        },
        notificationtemplates:
        {
          getNotificationTemplates: '/Core/Core/api/notificationtemplatesapi/getNotificationTemplates',
          getNotificationTemplate: '/Core/Core/api/notificationtemplatesapi/getNotificationTemplate'+ '?notificationID=',
          saveNotificationTemplateURL: '/Core/Core/api/notificationtemplatesapi/SaveNotificationTemplate',
        },
        competencyprofile:{
          getCompetencyProfile: '/Core/Core/api/competencyprofileapi/GetCompetencyProfile',
          getFeedbackForCompetency: '/Core/Core/api/competencyprofileapi/GetFeedbackForCompetency',
          getLMskillsFromCompetency: '/Core/Core/api/competencyprofileapi/GetLMskillsFromCompetency',
          getSuccessorPositionsForUser: '/Core/Core/api/competencyprofileapi/GetSuccessorPositionsForUser',
          getPrimaryJob: '/Core/Core/api/competencyprofileapi/GetPrimaryJob',
          getBehaviorsForCompetency: '/Core/Core/api/competencyprofileapi/GetBehaviorsForCompetency',
          updateCompetencySelfRatings: '/Core/Core/api/competencyprofileapi/UpdateCompetencySelfRatings',
          updateCompetencyManagerRatings: 'https://cl12sales.sumtotaldevelopment.net/Services/api/core/competencyprofile/competencymanagerratings',
          canViewSuccessionPlan: '/Core/Core/api/competencyprofileapi/CanViewSuccessionPlan',
          canViewCompetencyProfile: '/Core/Core/api/competencyprofileapi/CanViewCompetencyProfile'
        },
        surveybuilder:{
          getSurveyConfigDataUrl: 'https://cl12sales.sumtotaldevelopment.net/Services/api/SurveyBuilder/GetSurveyConfiguration',
          saveSurveyConfigDataUrl:'https://cl12sales.sumtotaldevelopment.net/Services/api/SurveyBuilder/SaveSurveyConfiguration',
          getSurveyList : 'https://cl12sales.sumtotaldevelopment.net/Services/api/SurveyBuilder/GetSurveyList',
          pushToAssessmentJobConfigDataUrl : 'https://cl12sales.sumtotaldevelopment.net/Services/api/SurveyBuilder/PushToAssessmentJob',
          copySurveyConfigDataUrl : 'https://cl12sales.sumtotaldevelopment.net/Services/api/SurveyBuilder/CopySurveyConfiguration',
          updateSurveyStatusUrl : 'https://cl12sales.sumtotaldevelopment.net/Services/api/SurveyBuilder/UpdateSurveyStatus',
          getCodeByCatcdUrl: '/Core/Core/api/lookupsapi/codecats',
        },
        assessment:{
          getAssessmentListUrl: 'https://cl12sales.sumtotaldevelopment.net/Services/api/HourlyAssessmentApi/GetHourlyAssessmentList',
          getFilterStatusTypesUrl: 'https://cl12sales.sumtotaldevelopment.net/Services/api/HourlyAssessmentApi/GetFilterStatusTypes',
          getActivityDetailsUrl: 'https://cl12sales.sumtotaldevelopment.net/Services/api/HourlyAssessmentApi/GetActivityDetails',
          deleteCancelAssessmentUrl: 'https://cl12sales.sumtotaldevelopment.net/Services/api/HourlyAssessmentApi/DeleteCancelAssessment',
          getSurveyListUrl:'https://cl12sales.sumtotaldevelopment.net/Services/api/HourlyAssessmentApi/GetSurveyList',
          getJobListUrl: 'https://cl12sales.sumtotaldevelopment.net/Services/api/HourlyAssessmentApi/GetJobList',
          createAssessmentUrl:'https://cl12sales.sumtotaldevelopment.net/Services/api/HourlyAssessmentApi/CreateAssessment',
          transferTaskAssessmentUrl:'https://cl12sales.sumtotaldevelopment.net/Services/api/HourlyAssessmentApi/TransferTaskAssessment',
          CreateAssessmentFromReportWidgetUrl:'https://cl12sales.sumtotaldevelopment.net/Services/api/HourlyAssessmentApi/CreateAssessmentFromReportWidget',
          getUserInfoUrl:'https://cl12sales.sumtotaldevelopment.net/Services/api/HourlyAssessmentApi/GetUserInfo',
          getHourlyAssessmentManagerUrl:'https://cl12sales.sumtotaldevelopment.net/Services/api/HourlyAssessmentApi/GetHourlyAssessmentManager',
          getHourlyAssessmentAccessRightsUrl:'https://cl12sales.sumtotaldevelopment.net/Services/api/HourlyAssessmentApi/GetAccessRightsForHourlyAssessmentSurvey',
          getHourlyAssessmentWidgetData:'https://cl12sales.sumtotaldevelopment.net/Services/api/HourlyAssessmentApi/GetHourlyAssessmentsWidget',
        },
        evaluation:{
          getEvaluationformDataUrl:'https://cl12sales.sumtotaldevelopment.net/Services/api/HourlyAssessmentApi/GetHourlyEvaluationFormData',
          saveEvaluationformDataUrl:'https://cl12sales.sumtotaldevelopment.net/Services/api/HourlyAssessmentApi/SaveHourlyEvaluationFormData',
          getbehaviorsforcompetency:'https://cl12sales.sumtotaldevelopment.net/Services/api/HourlyAssessmentApi/GetBehaviorsforCompetency',
          getCompetenciesUrl : 'https://cl12sales.sumtotaldevelopment.net/Services/api/HourlyAssessmentApi/GetCompetencies'
        },
        interview:{
          getInterviewsForRequisitionUrl: 'https://cl12sales.sumtotaldevelopment.net/Services/api/RecruitingInterview/GetInterviewsForRequisition',
          getTrackingDetailsByRequisitionUrl: 'https://cl12sales.sumtotaldevelopment.net/Services/api/RecruitingInterview/GetTrackingDetailsByRequisition',
          getTrackingDetailsByIdUrl: 'https://cl12sales.sumtotaldevelopment.net/Services/api/RecruitingInterview/GetTrackingDetailsById',
          getRecruitingLocationsUrl: 'https://cl12sales.sumtotaldevelopment.net/Services/api/RecruitingInterview/GetRecruitingLocations',
          saveInterviewUrl: 'https://cl12sales.sumtotaldevelopment.net/Services/api/RecruitingInterview/SaveInterviewDetails',
          getInterviewerInterviewTopicRelationUrl: 'https://cl12sales.sumtotaldevelopment.net/Services/api/RecruitingInterview/GetIntervFiewerInterviewTopicRelation',
          deleteAttachmentUrl: 'https://cl12sales.sumtotaldevelopment.net/Services/api/RecruitingInterview/DeleteAttachment',
          getInterviewDataById: 'https://cl12sales.sumtotaldevelopment.net/Services/api/RecruitingInterview/GetInterviewDetails',
          saveInterviewFeedbackUrl: 'https://cl12sales.sumtotaldevelopment.net/Services/api/RecruitingInterview/SaveInterviewFeedback',
          commitInterviewFeedbackUrl: 'https://cl12sales.sumtotaldevelopment.net/Services/api/RecruitingInterview/CommitInterviewFeedback',
          saveInterviewDiscussionUrl: 'https://cl12sales.sumtotaldevelopment.net/Services/api/RecruitingInterview/SaveInterviewDiscussion',
          getInterviewFeedbacksUrl: 'https://cl12sales.sumtotaldevelopment.net/Services/api/RecruitingInterview/GetInterviewFeedbacks',
          getInterviewDiscussionsUrl: 'https://cl12sales.sumtotaldevelopment.net/Services/api/RecruitingInterview/GetInterviewDiscussions',
          getInterviewFeedbackUrl: 'https://cl12sales.sumtotaldevelopment.net/Services/api/RecruitingInterview/GetInterviewFeedback',
          getRequisitionCandidateAttachementsUrl: 'https://cl12sales.sumtotaldevelopment.net/Services/api/RecruitingInterview/GetRequisitionCandidateAttachements',
          saveRequisitionCandidateAttachmentUrl: 'https://cl12sales.sumtotaldevelopment.net/Services/api/RecruitingInterview/SaveRequisitionCandidateAttachment',
          deleteRequisitionCandidateAttachmentUrl: 'https://cl12sales.sumtotaldevelopment.net/Services/api/RecruitingInterview/DeleteRequisitionCandidateAttachment',
          getInterviewTopicCategoriesUrl: 'https://cl12sales.sumtotaldevelopment.net/Services/api/RecruitingInterview/GetInterviewTopicCategories',
          isInterviewInUseUrl: 'https://cl12sales.sumtotaldevelopment.net/Services/api/RecruitingInterview/IsInterviewInUse',
          getCurrentPersonIdUrl: 'https://cl12sales.sumtotaldevelopment.net/Services/api/RecruitingInterview/GetCurrentPersonId',
          getInterviewStatusUrl: 'https://cl12sales.sumtotaldevelopment.net/Services/api/RecruitingInterview/GetInterviewStatus',
          cancelInterviewUrl: 'https://cl12sales.sumtotaldevelopment.net/Services/api/RecruitingInterview/CancelInterview'
        },
        recruitingassessment:{
          saveAssessment: '/Core/Core/api/recruitingassessmentapi/SaveAssessment',
          getRecruitingAssessmentsUrl: '/Core/Core/api/recruitingassessmentapi/GetRecruitingAssessments',
          getRecruitingAssessmentUrl: '/Core/Core/api/recruitingassessmentapi/GetRecruitingAssessment',
          deleteRecruitingAssessmentsUrl: '/Core/Core/api/recruitingassessmentapi/DeleteRecruitingAssessments',
          copyRecruitingAssessmentUrl: '/Core/Core/api/recruitingassessmentapi/CopyRecruitingAssessment',
          getAllRecruitingTagsUrl: '/Core/Core/api/recruitingassessmentapi/GetAllRecruitingTags',
          searchAssessmentTagsURL: '/Core/Core/api/recruitingassessmentapi/SearchAssessmentTags',
          getRecruitingAssessmentPermissionsUrl: '/Core/Core/api/recruitingassessmentapi/GetRecruitingAssessmentPermissions'
        },
        eventdefinition:{
          getProcess: 'https://cl12sales.sumtotaldevelopment.net/Services/api/EventDefinition/GetProcess',
          getAllProcesses: 'https://cl12sales.sumtotaldevelopment.net/Services/api/EventDefinition/GetAllProcesses'
        },
        gamificationAdmin:{
          badges: 'https://cl12sales.sumtotaldevelopment.net/Services/api/gamification/admin/badges',
          badgesDelete: 'https://cl12sales.sumtotaldevelopment.net/Services/api/gamification/admin/badges/delete',
          levels: 'https://cl12sales.sumtotaldevelopment.net/Services/api/gamification/admin/levels',
          pointcriterions: 'https://cl12sales.sumtotaldevelopment.net/Services/api/gamification/admin/pointcriterions',
          categoryFields: 'https://cl12sales.sumtotaldevelopment.net/Services/api/gamification/admin/categoryFields',
          rulesets:'https://cl12sales.sumtotaldevelopment.net/Services/api/gamification/admin/rulesets',
          rulesetsDelete:'https://cl12sales.sumtotaldevelopment.net/Services/api/gamification/admin/rulesets/delete'
        },
        gamification:{
          leaderboards: 'https://cl12sales.sumtotaldevelopment.net/Services/api/gamification/leaderboards',
          logs: 'https://cl12sales.sumtotaldevelopment.net/Services/api/gamification/logs',
          badges: 'https://cl12sales.sumtotaldevelopment.net/Services/api/gamification/badges',
          leaderboards: 'https://cl12sales.sumtotaldevelopment.net/Services/api/gamification/leaderboards',
          favorites: 'https://cl12sales.sumtotaldevelopment.net/Services/api/gamification/favorites/{targetUserId}',
          summaries: 'https://cl12sales.sumtotaldevelopment.net/Services/api/gamification/summaries/{targetUserId}'
        },
        recruitingConfig:{
          getActions: 'https://cl12sales.sumtotaldevelopment.net/Services/api/recruitingconfiguration/actions',
          getProcessList: 'https://cl12sales.sumtotaldevelopment.net/Services/api/recruitingconfiguration/processes',
          getProcessDetails: 'https://cl12sales.sumtotaldevelopment.net/Services/api/recruitingconfiguration/processes/{id}',
          getAddProcessDetails: 'https://cl12sales.sumtotaldevelopment.net/Services/api/recruitingconfiguration/processes/-1',
          saveProcessDetails: 'https://cl12sales.sumtotaldevelopment.net/Services/api/recruitingconfiguration/saveprocess',
          deleteProcess: 'https://cl12sales.sumtotaldevelopment.net/Services/api/recruitingconfiguration/deleteprocess'
        },
        meeting:{
          getMeetingTimeSlotsUrl: 'https://cl12sales.sumtotaldevelopment.net/Services/api/MeetingScheduler/GetMeetingTimeSlots',
          createMeetingUrl: 'https://cl12sales.sumtotaldevelopment.net/Services/api/MeetingScheduler/CreateMeeting'
        },
        offerTemplate:{
          getOfferTemplate: 'https://cl12sales.sumtotaldevelopment.net/Services/api/OfferManagement/GetOfferTemplate',
          getOfferTemplates: 'https://cl12sales.sumtotaldevelopment.net/Services/api/OfferManagement/GetOfferTemplates',
          saveOfferTemplate: 'https://cl12sales.sumtotaldevelopment.net/Services/api/OfferManagement/SaveOfferTemplate',
          deleteOfferTemplate: 'https://cl12sales.sumtotaldevelopment.net/Services/api/OfferManagement/DeleteOfferTemplate',
          getOfferPreview: '/Core/Core/api/OnBoardingRequisitionApi/GetOfferPreview',
          getTemplatePlaceholderCodes : 'https://cl12sales.sumtotaldevelopment.net/Services/api/OfferManagement/GetTemplatePlaceholderCode',
          getParsedOfferTemplate : 'https://cl12sales.sumtotaldevelopment.net/Services/api/OfferManagement/GetParsedOfferTemplate',
          saveOfferPreview: '/Core/Core/api/OnBoardingRequisitionApi/SaveOfferPreview',
        },
        nBox: {
          getNBoxConfigurationsUrl: 'https://cl12sales.sumtotaldevelopment.net/Services/api/nbox/configuration/nboxconfigurations',
          getNBoxConfigurationUrl: 'https://cl12sales.sumtotaldevelopment.net/Services/api/nbox/configuration/nboxconfigurations/{id}',
          deleteNBoxConfigurationsUrl: 'https://cl12sales.sumtotaldevelopment.net/Services/api/nbox/configuration/deletenboxconfigurations',
          getNBoxConfigurationPermissionsUrl: 'https://cl12sales.sumtotaldevelopment.net/Services/api/nbox/configuration/nboxconfigurationpermissions',
          saveNBoxConfigurationUrl: 'https://cl12sales.sumtotaldevelopment.net/Services/api/nbox/configuration/saveconfiguration',
          filter: 'https://cl12sales.sumtotaldevelopment.net/Services/api/nbox/filter/',
          getNBoxRatingFieldsUrl: 'https://cl12sales.sumtotaldevelopment.net/Services/api/nbox/configuration/ratingfields',
          getNBoxCalibrationsURL: 'https://cl12sales.sumtotaldevelopment.net/Services/api/nboxcalibrationapi/GetNBoxCalibrations',
          getNBoxCalibrationsFromSPTalentPoolURL: 'https://cl12sales.sumtotaldevelopment.net/Services/api/nboxcalibrationapi/GetNBoxCalibrationsFromSPTalentPool',
          getNBoxConfigurationsForUserURL: 'https://cl12sales.sumtotaldevelopment.net/Services/api/nboxcalibrationapi/GetNBoxConfigurationsForUser',
          saveNBoxCalibrationsURL: 'https://cl12sales.sumtotaldevelopment.net/Services/api/nboxcalibrationapi/SaveNBoxCalibrations',
          getDemoGraphicForPersonsURL: 'https://cl12sales.sumtotaldevelopment.net/Services/api/nboxcalibrationapi/GetDemographicForPersons',
          exportNBoxMatrixDetailsURL: 'https://cl12sales.sumtotaldevelopment.net/Services/api/nboxcalibrationapi/ExportNBoxMatrixDetails'
        },
        sumtSocial:{
          communities:'https://cl12sales.sumtotaldevelopment.net/Services/api/sumtSocial/communities',
          adminCommunities:'https://cl12sales.sumtotaldevelopment.net/Services/api/sumtSocial/admin/communities',
          addUpdateUserCommuntiyRating:'https://cl12sales.sumtotaldevelopment.net/Services/api/sumtSocial/user/{communityId}/addUpdateRating',
          getUserCommunityRating:'https://cl12sales.sumtotaldevelopment.net/Services/api/sumtSocial/user/{communityId}/rating',
          favorites:'https://cl12sales.sumtotaldevelopment.net/Services/api/sumtSocial/communities/{communityId}/favorite',
          updateCommunity:'https://cl12sales.sumtotaldevelopment.net/Services/api/sumtSocial/communities/{communityId}/update',
          removeCommunity:'https://cl12sales.sumtotaldevelopment.net/Services/api/sumtSocial/communities/{communityId}/remove',
          removeActivityCommunity:'https://cl12sales.sumtotaldevelopment.net/Services/api/sumtSocial/activities/{activityId}/removeCommunity',
          communityMembers:'https://cl12sales.sumtotaldevelopment.net/Services/api/sumtSocial/communities/{communityId}/members',
          updateCommunityMembership:'https://cl12sales.sumtotaldevelopment.net/Services/api/sumtSocial/users/{targetUserId}/communityMembership',
          updateCommunityMembership:'https://cl12sales.sumtotaldevelopment.net/Services/api/sumtSocial/users/{targetUserId}/communityMembership',
          getCommunity:'https://cl12sales.sumtotaldevelopment.net/Services/api/sumtSocial/communities/{communityId}',
          likeSocialObjectUrl: 'https://cl12sales.sumtotaldevelopment.net/Services/api/social/{objectId}/like',
          likeCommentUrl: 'https://cl12sales.sumtotaldevelopment.net/Services/api/social/comment/{commentId}/like',
          getSocialObjectlikedUsersUrl: 'https://cl12sales.sumtotaldevelopment.net/Services/api/social/{objectId}/likes',
          getPostlikedUsersUrl: 'https://cl12sales.sumtotaldevelopment.net/Services/api/social/comment/{commentId}/likes',
          files:'https://cl12sales.sumtotaldevelopment.net/Services/api/sumtSocial/communities/{communityId}/files',
          removeCommunityMembers: 'https://cl12sales.sumtotaldevelopment.net/Services/api/sumtSocial/communities/{communityId}/removeMembers',
          addUpdateMembers: 'https://cl12sales.sumtotaldevelopment.net/Services/api/sumtSocial/communities/{communityId}/addUpdateMembers',
          removeFile: 'https://cl12sales.sumtotaldevelopment.net/Services/api/sumtSocial/communities/{communityId}/files/{fileId}/remove',
          ownerCount: 'https://cl12sales.sumtotaldevelopment.net/Services/api/sumtSocial/communities/{communityId}/ownerCount',
          fileReferenceCount: 'https://cl12sales.sumtotaldevelopment.net/Services/api/sumtSocial/communities/files/{fileIdentifier}/reference',
          searchEmployees: 'https://cl12sales.sumtotaldevelopment.net/Services/api/sumtSocial/communities/searchEmployees',
          communityFeed:'https://cl12sales.sumtotaldevelopment.net/Services/api/sumtSocial/communities/CommunityFeed',
          flag: {
            getFlaggedObjects: 'https://cl12sales.sumtotaldevelopment.net/Services/api/sumtSocial/flag/{communityId}',
            saveFlagDetails: 'https://cl12sales.sumtotaldevelopment.net/Services/api/sumtSocial/flag/saveflag',
			getFlagDetails: 'https://cl12sales.sumtotaldevelopment.net/Services/api/sumtSocial/communities/{communityId}/flagDetails/{flaggedObjectId}',
            removeFlags: 'https://cl12sales.sumtotaldevelopment.net/Services/api/sumtSocial/communities/{communityId}/{flaggedObjectId}/removeFlags',
            unFlagObject: 'https://cl12sales.sumtotaldevelopment.net/Services/api/sumtSocial/communities/{communityId}/flag/{objectId}/unflag'
          },
          discussion : {
            getDiscussionReplies: 'https://cl12sales.sumtotaldevelopment.net/Services/api/social/discuss/{discussionId}/replies',
            deleteDiscussionReply: 'https://cl12sales.sumtotaldevelopment.net/Services/api/social/discuss/reply/{replyId}',
            getDiscussionDetails: 'https://cl12sales.sumtotaldevelopment.net/Services/api/social/discuss/{discussionId}',
            createDiscussionReply: 'https://cl12sales.sumtotaldevelopment.net/Services/api/social/discuss/reply',
            createAndModifyDiscussion: 'https://cl12sales.sumtotaldevelopment.net/Services/api/social/discuss',
            getCommunityDiscussions: 'https://cl12sales.sumtotaldevelopment.net/Services/api/social/discussions',
            deleteDiscussion: 'https://cl12sales.sumtotaldevelopment.net/Services/api/social/discuss/delete/{id}'
          },
          blog: {
            getBlogsList: 'https://cl12sales.sumtotaldevelopment.net/Services/api/social/communities/{communityId}/blogs',
            getBlogById: 'https://cl12sales.sumtotaldevelopment.net/Services/api/social/communities/blogs/{blogId}',
            createBlog: 'https://cl12sales.sumtotaldevelopment.net/Services/api/social/communities/{communityId}/blogs',
            modifyBlog: 'https://cl12sales.sumtotaldevelopment.net/Services/api/social/blogs',
            deleteBlog: 'https://cl12sales.sumtotaldevelopment.net/Services/api/social/communities/{communityId}/blogs/{blogId}/remove',
            getBlogPosts:'https://cl12sales.sumtotaldevelopment.net/Services/api/social/communities/blogs/{blogId}/blogposts',
            getBlogPostById:'https://cl12sales.sumtotaldevelopment.net/Services/api/social/communities/blogposts/{blogPostId}',
            editBlogPost: 'https://cl12sales.sumtotaldevelopment.net/Services/api/social/communities/blogposts',
            addCommentUrl:'https://cl12sales.sumtotaldevelopment.net/Services/api/social/blogPost/AddComment',
            getCommentUrl: 'https://cl12sales.sumtotaldevelopment.net/Services/api/social/blogPost/GetComments',
            getCommentRepliesUrl: 'https://cl12sales.sumtotaldevelopment.net/Services/api/social/blogPost/GetReplies',
            getCommentDeepLinkResponseUrl:'https://cl12sales.sumtotaldevelopment.net/Services/api/social/blogPost/GetBlogPostRepliesDeepLinkResponse',
            editCommentUrl: 'https://cl12sales.sumtotaldevelopment.net/Services/api/social/blogPost/EditComment',
            deleteCommentUrl: 'https://cl12sales.sumtotaldevelopment.net/Services/api/social/blogPost/DeleteComment',
            approveBlogPost: 'https://cl12sales.sumtotaldevelopment.net/Services/api/social/communities/blogposts/approve'
          }
        }
      };
    }

    // This is the factory function for static data.
    return function(_, URI) {

      var apiPaths = createAPIPaths(),
        staticData = null;

      apiPaths = _.merge(apiPaths, {"attestation":{"attestationApi":{"baseUrl":"/Core/Core/api/AttestationApi/","addAttestationAuditRecord":"/Core/Core/api/AttestationApi/AddAttestationAuditRecord","checkAttestationStatus":"/Core/Core/api/AttestationApi/CheckAttestationStatus","getAllAttestationDefinitions":"/Core/Core/api/AttestationApi/GetAllAttestationDefinitions","getAttestationDefinitionById":"/Core/Core/api/AttestationApi/GetAttestationDefinitionById","getAttestationDefinition":"/Core/Core/api/AttestationApi/GetAttestationDefinition","getAttestationDefinitions":"/Core/Core/api/AttestationApi/GetAttestationDefinitions","saveAttestationDefinition":"/Core/Core/api/AttestationApi/SaveAttestationDefinition"}},"esignatureApi":{"eSignatureApi":{"baseUrl":"/Core/Core/api/ESignatureApi/"}},"timeline":{"timelineApi":{"baseUrl":"/Core/Core/api/TimelineApi/","loadTimelineViewData":"/Core/Core/api/TimelineApi/LoadTimelineViewData","loadNotificationCount":"/Core/Core/api/TimelineApi/LoadNotificationCount","getTimelineTaskCount":"/Core/Core/api/TimelineApi/getTimelineTaskCount"}},"upload":{"uploadApi":{"baseUrl":"/Core/Core/api/UploadApi/","retrieveFiles":"/Core/Core/api/UploadApi/RetrieveFiles","getFileBytes":"/Core/Core/api/UploadApi/GetFileBytes","removeFiles":"/Core/Core/api/UploadApi/RemoveFiles","downloadFile":"/Core/Core/api/UploadApi/DownloadFile","getPermissions":"/Core/Core/api/UploadApi/GetPermissions","uploadFile":"/Core/Core/api/UploadApi/UploadFile","updateFileInfo":"/Core/Core/api/UploadApi/UpdateFileInfo","uploadPersonImage":"/Core/Core/api/UploadApi/UploadPersonImage"}},"calendarApi":{"calendarApi":{"baseUrl":"/Core/Learning/api/CalendarApi/"}},"myprofile":{"profileData":{"baseUrl":"/Core/Core/api/ProfileData/","removePersonImage":"/Core/Core/api/ProfileData/RemovePersonImage","getInstalledPillars":"/Core/Core/api/ProfileData/GetInstalledPillars","actOnPendingApproval":"/Core/Core/api/ProfileData/ActOnPendingApproval","pendingApprovalSecurityCheck":"/Core/Core/api/ProfileData/PendingApprovalSecurityCheck","isGuestUser":"/Core/Core/api/ProfileData/IsGuestUser"}}});

      var modulesPath = '/Core/dist/app/modules';
      staticData = _.merge(root.tempStaticData, {
        versionNumber:  'ElixHR_18.3.0.0_2018.8.7.1',
        majorVersionNumber: '18.3',
        identity: _.cloneDeep(root.tempStaticData.Identity),
        culture: _.cloneDeep(root.tempStaticData.Culture),
        learningCatalog: _.cloneDeep(root.tempStaticData.LearningCatalog),
        userID: 'FA69158F3C3C1CF1236653C0995DCDED',
        guestAccount: '0',
        userTimezone: 'America/Mexico_City',
        debugEnabled: root.tempStaticData.debugEnabled,
        scriptPath: scriptPath,
        currentTheme: null,
        photoUrl: scriptPath + photoPath,
        fileUrl: scriptPath + filePath,
        communityFileUrl: scriptPath + socialFilesPath,
        customHelpFileUrl: scriptPath + customHelpFilesPath,
        isAuditEnabled: isAuditEnabled,
        framesPath: {
          themePreview: '/Core/PublicAccess/ThemePreview',
          componentsPreview: '/Core/PublicAccess/ComponentsPreview'
        },
        appPath: '/Core/app',
        rootPathFolder: htmlRootPath,
        tenantKey: tenantKey,
        apiPaths: apiPaths,
        dashboardPerms: {"CanPersonalizeDashboards":true,"CanEditDashboards":false,"CanAddDashboards":false,"CanDeleteDashboards":false,"CanAccessThemeEditor":false},
        safeOrigin: /(sumtotalsystems\.com|cl12sales\.sumtotaldevelopment\.net|supp-bi-master\.sumtotaldemo\.net|cl-ugm12a)$/i,
        webPartDefinitionCategories: {"Hash":"-246538080","Categories":[{"Category":{"Id":5,"Name":"Common","CategoryKey":"WebPartDefinition_Common","Description":"Common","ParentId":1,"OrdinalPosition":null},"Definitions":[{"WebPartDefinitionKey":"Common_SumtIFrameWebPart","Title":"iFrame","Description":"Enables users to configure a URL to display within the widget.","SubTitle":"IFrame Widget","WebPartIconName":null,"WidgetNotificationMode":0,"WidgetDeeplinkUrlText":null,"CategoryName":"Common","IsWebPartEnabled":true,"TypeName":"SumTotal.SPPortal.WebParts.Core.Common.SumtIFrameWebPart.SumtIFrameWebPart, SumTotal.SPPortal.WebParts, Version=1.0.0.0, Culture=neutral, PublicKeyToken=6b7f90fbd13cce01","WebPartServiceAgentInterfaceTypeName":null,"WebPartDefinitionXml":null,"HideWebPartHeader":false,"HideWebPartFooter":true,"IsFreeFlowing":false,"PillarKey":null,"ChromeStyle":7,"ParameterJSON":"{\"HeaderLinkIcon\": \"\", \"IsCustomEditor\": false, \"PreviewType\" : \"iframe\", \"iFrameUrl\": \"http://www.google.com\"}","TemplatePath":"app/modules/dashboard/views/webparts/widgetIFrame.html","IsSystemLocked":false,"Category":{"Id":5,"Name":"Common","CategoryKey":"WebPartDefinition_Common","Description":"Common","ParentId":1,"OrdinalPosition":null},"Id":3},{"WebPartDefinitionKey":"About_Me","Title":"About Me","Description":"Displays key profile information about the employee.","SubTitle":"Photo, email and employment information","WebPartIconName":null,"WidgetNotificationMode":0,"WidgetDeeplinkUrlText":"View my profile","CategoryName":"Common","IsWebPartEnabled":true,"TypeName":"SumTotal.SPPortal.WebParts.Core.MySelf.AboutMe.AboutMe, SumTotal.SPPortal.WebParts, Version=1.0.0.0, Culture=neutral, PublicKeyToken=6b7f90fbd13cce01","WebPartServiceAgentInterfaceTypeName":null,"WebPartDefinitionXml":null,"HideWebPartHeader":true,"HideWebPartFooter":true,"IsFreeFlowing":false,"PillarKey":null,"ChromeStyle":7,"ParameterJSON":"{\"HeaderLinkIcon\": \"\", \"IsCustomEditor\": false, \"PreviewType\" : \"aboutme\"}","TemplatePath":"app/modules/dashboard/views/webparts/widgetAboutMe.html","IsSystemLocked":false,"Category":{"Id":5,"Name":"Common","CategoryKey":"WebPartDefinition_Common","Description":"Common","ParentId":1,"OrdinalPosition":null},"Id":43},{"WebPartDefinitionKey":"Common_ContentEditor","Title":"Content Editor","Description":"Enables users to add custom HTML to a dashboard.","SubTitle":"Content Editor Widget","WebPartIconName":null,"WidgetNotificationMode":0,"WidgetDeeplinkUrlText":null,"CategoryName":"Common","IsWebPartEnabled":true,"TypeName":null,"WebPartServiceAgentInterfaceTypeName":null,"WebPartDefinitionXml":null,"HideWebPartHeader":false,"HideWebPartFooter":true,"IsFreeFlowing":false,"PillarKey":null,"ChromeStyle":7,"ParameterJSON":"{\"HeaderLinkIcon\": \"\", \"IsCustomEditor\": true, \"PreviewType\" : \"iframe\"}","TemplatePath":"app/modules/dashboard/views/webparts/widgetContentEditor.html","IsSystemLocked":false,"Category":{"Id":5,"Name":"Common","CategoryKey":"WebPartDefinition_Common","Description":"Common","ParentId":1,"OrdinalPosition":null},"Id":60},{"WebPartDefinitionKey":"Timeline","Title":"Timeline","Description":"Displays tasks, approvals, and other updates in a timeline view.","SubTitle":"Activity timeline","WebPartIconName":null,"WidgetNotificationMode":0,"WidgetDeeplinkUrlText":null,"CategoryName":"Common","IsWebPartEnabled":true,"TypeName":null,"WebPartServiceAgentInterfaceTypeName":null,"WebPartDefinitionXml":null,"HideWebPartHeader":false,"HideWebPartFooter":false,"IsFreeFlowing":false,"PillarKey":null,"ChromeStyle":7,"ParameterJSON":"{\"HeaderLinkIcon\": \"\", \"IsCustomEditor\": false, \"PreviewType\" : \"timeline\"}","TemplatePath":"app/modules/dashboard/views/webparts/widgetTimeline.html","IsSystemLocked":false,"Category":{"Id":5,"Name":"Common","CategoryKey":"WebPartDefinition_Common","Description":"Common","ParentId":1,"OrdinalPosition":null},"Id":61},{"WebPartDefinitionKey":"Key_Measures","Title":"Key Measures","Description":"Displays key performance measures for a user.","SubTitle":"Key Measures","WebPartIconName":null,"WidgetNotificationMode":0,"WidgetDeeplinkUrlText":null,"CategoryName":"Common","IsWebPartEnabled":true,"TypeName":null,"WebPartServiceAgentInterfaceTypeName":null,"WebPartDefinitionXml":null,"HideWebPartHeader":false,"HideWebPartFooter":true,"IsFreeFlowing":false,"PillarKey":null,"ChromeStyle":7,"ParameterJSON":"{\"HeaderLinkIcon\": \"\", \"IsCustomEditor\": false, \"PreviewType\" : \"claw\"}","TemplatePath":"app/modules/dashboard/views/webparts/widgetKeyMeasures.html","IsSystemLocked":false,"Category":{"Id":5,"Name":"Common","CategoryKey":"WebPartDefinition_Common","Description":"Common","ParentId":1,"OrdinalPosition":null},"Id":62},{"WebPartDefinitionKey":"Direct_Reports","Title":"Direct Reports","Description":"Listing of your direct reports.","SubTitle":"Direct Reports","WebPartIconName":null,"WidgetNotificationMode":0,"WidgetDeeplinkUrlText":null,"CategoryName":"Common","IsWebPartEnabled":true,"TypeName":null,"WebPartServiceAgentInterfaceTypeName":null,"WebPartDefinitionXml":null,"HideWebPartHeader":false,"HideWebPartFooter":true,"IsFreeFlowing":false,"PillarKey":null,"ChromeStyle":7,"ParameterJSON":"{\"HeaderLinkIcon\": \"DirectReports\", \"IsCustomEditor\": false, \"PreviewType\" : \"table\"}","TemplatePath":"app/modules/dashboard/views/webparts/widgetDirectReports.html","IsSystemLocked":false,"Category":{"Id":5,"Name":"Common","CategoryKey":"WebPartDefinition_Common","Description":"Common","ParentId":1,"OrdinalPosition":null},"Id":63},{"WebPartDefinitionKey":"My_Development_Plan","Title":"My Development Plan","Description":"Displays a user's Development Plan","SubTitle":"My Development Plan","WebPartIconName":null,"WidgetNotificationMode":0,"WidgetDeeplinkUrlText":null,"CategoryName":"Common","IsWebPartEnabled":true,"TypeName":null,"WebPartServiceAgentInterfaceTypeName":null,"WebPartDefinitionXml":null,"HideWebPartHeader":false,"HideWebPartFooter":true,"IsFreeFlowing":false,"PillarKey":null,"ChromeStyle":7,"ParameterJSON":"{\"HeaderLinkIcon\": \"\", \"IsCustomEditor\": false, \"PreviewType\" : \"table\"}","TemplatePath":"app/modules/dashboard/views/webparts/widgetDevelopmentPlan.html","IsSystemLocked":false,"Category":{"Id":5,"Name":"Common","CategoryKey":"WebPartDefinition_Common","Description":"Common","ParentId":1,"OrdinalPosition":null},"Id":90},{"WebPartDefinitionKey":"LeaderBoardDisplay","Title":"Leaderboard Display","Description":"Displays users, ranked by their current Gamification score.","SubTitle":"LeaderBoard Display","WebPartIconName":null,"WidgetNotificationMode":0,"WidgetDeeplinkUrlText":null,"CategoryName":"Common","IsWebPartEnabled":true,"TypeName":null,"WebPartServiceAgentInterfaceTypeName":null,"WebPartDefinitionXml":null,"HideWebPartHeader":false,"HideWebPartFooter":false,"IsFreeFlowing":false,"PillarKey":null,"ChromeStyle":7,"ParameterJSON":"{\"HeaderLinkIcon\": \"\", \"IsCustomEditor\": false, \"PreviewType\" : \"leaderboard\"}","TemplatePath":"app/modules/core/views/gamification/leaderBoard.html","IsSystemLocked":false,"Category":{"Id":5,"Name":"Common","CategoryKey":"WebPartDefinition_Common","Description":"Common","ParentId":1,"OrdinalPosition":null},"Id":97}]},{"Category":{"Id":8,"Name":"Learning","CategoryKey":"WebPartDefinition_Learning","Description":"Learning","ParentId":1,"OrdinalPosition":null},"Definitions":[{"WebPartDefinitionKey":"LM_MyMessages","Title":"My Messages","Description":"Highlights the five most recent unread learning  notifications.","SubTitle":"Recent messages I have received","WebPartIconName":null,"WidgetNotificationMode":1,"WidgetDeeplinkUrlText":"View All Messages","CategoryName":"Learning","IsWebPartEnabled":true,"TypeName":"SumTotal.SPPortal.WebParts.Core.Learning.MyMessages.MyMessages, SumTotal.SPPortal.WebParts, Version=1.0.0.0, Culture=neutral, PublicKeyToken=6b7f90fbd13cce01","WebPartServiceAgentInterfaceTypeName":"ILMWebPartContractAsync","WebPartDefinitionXml":null,"HideWebPartHeader":false,"HideWebPartFooter":true,"IsFreeFlowing":false,"PillarKey":"LM","ChromeStyle":7,"ParameterJSON":"{\"HeaderLinkIcon\": \"\", \"IsCustomEditor\": false, \"MessagesConfig\":{ \"MessageCount\":\"count\", \"MessageData\":[\"date\", \"subject\", \"url\"]}, \"PreviewType\":\"messages\"}","TemplatePath":"app/modules/dashboard/views/webparts/widgetMyMessages.html","IsSystemLocked":false,"Category":{"Id":8,"Name":"Learning","CategoryKey":"WebPartDefinition_Learning","Description":"Learning","ParentId":1,"OrdinalPosition":null},"Id":4},{"WebPartDefinitionKey":"LM_UpcomingTraining","Title":"Upcoming Training","Description":"Shows the next scheduled learning activity the user is enrolled in. Includes options for reviewing summary details.","SubTitle":"Activities","WebPartIconName":null,"WidgetNotificationMode":1,"WidgetDeeplinkUrlText":"View All Upcoming Training","CategoryName":"Learning","IsWebPartEnabled":true,"TypeName":"SumTotal.SPPortal.WebParts.Core.Learning.UpcomingTraining.UpcomingTraining, SumTotal.SPPortal.WebParts, Version=1.0.0.0, Culture=neutral, PublicKeyToken=6b7f90fbd13cce01","WebPartServiceAgentInterfaceTypeName":"ILMWebPartContractAsync","WebPartDefinitionXml":null,"HideWebPartHeader":false,"HideWebPartFooter":true,"IsFreeFlowing":false,"PillarKey":"LM","ChromeStyle":7,"ParameterJSON":"{\"HeaderLinkIcon\": \"\", \"IsCustomEditor\": false, \"PreviewType\" : \"table\"}","TemplatePath":"app/modules/dashboard/views/webparts/widgetUpcomingTraining.html","IsSystemLocked":false,"Category":{"Id":8,"Name":"Learning","CategoryKey":"WebPartDefinition_Learning","Description":"Learning","ParentId":1,"OrdinalPosition":null},"Id":6},{"WebPartDefinitionKey":"LM_TopRatedContent","Title":"Top Rated Content","Description":"Displays the five highest rated learning activities available to the user.","SubTitle":"Top rated learning activities","WebPartIconName":null,"WidgetNotificationMode":1,"WidgetDeeplinkUrlText":"View All Top Rated Content","CategoryName":"Learning","IsWebPartEnabled":true,"TypeName":"SumTotal.SPPortal.WebParts.Core.Learning.TopRatedContent.TopRatedContent, SumTotal.SPPortal.WebParts, Version=1.0.0.0, Culture=neutral, PublicKeyToken=6b7f90fbd13cce01","WebPartServiceAgentInterfaceTypeName":"ILMWebPartContractAsync","WebPartDefinitionXml":null,"HideWebPartHeader":false,"HideWebPartFooter":true,"IsFreeFlowing":false,"PillarKey":"LM","ChromeStyle":7,"ParameterJSON":"{\"HeaderLinkIcon\": \"\", \"IsCustomEditor\": false, \"PreviewType\" : \"table\"}","TemplatePath":"app/modules/dashboard/views/webparts/widgetTopRatedContent.html","IsSystemLocked":false,"Category":{"Id":8,"Name":"Learning","CategoryKey":"WebPartDefinition_Learning","Description":"Learning","ParentId":1,"OrdinalPosition":null},"Id":7},{"WebPartDefinitionKey":"LM_CompletedCertification","Title":"Completed Certifications","Description":"Highlights the user's completed certifications and supports deeplinking to the Activities Detail for each item within the list.","SubTitle":"Activities","WebPartIconName":null,"WidgetNotificationMode":1,"WidgetDeeplinkUrlText":"View All Completed Certifications","CategoryName":"Learning","IsWebPartEnabled":true,"TypeName":"SumTotal.SPPortal.WebParts.Core.Learning.CompletedCertifications.CompletedCertifications, SumTotal.SPPortal.WebParts, Version=1.0.0.0, Culture=neutral, PublicKeyToken=6b7f90fbd13cce01","WebPartServiceAgentInterfaceTypeName":"ILMWebPartContractAsync","WebPartDefinitionXml":null,"HideWebPartHeader":false,"HideWebPartFooter":true,"IsFreeFlowing":false,"PillarKey":"LM","ChromeStyle":7,"ParameterJSON":"{\"HeaderLinkIcon\": \"\", \"IsCustomEditor\": false, \"PreviewType\" : \"table\"}","TemplatePath":"app/modules/dashboard/views/webparts/widgetCompletedCertifications.html","IsSystemLocked":false,"Category":{"Id":8,"Name":"Learning","CategoryKey":"WebPartDefinition_Learning","Description":"Learning","ParentId":1,"OrdinalPosition":null},"Id":8},{"WebPartDefinitionKey":"LM_ExceptionReport","Title":"Exception Report","Description":"Highlights assigned training exceptions (overdue, expired and incomplete) for the user's direct reports.","SubTitle":"Last Updated:","WebPartIconName":null,"WidgetNotificationMode":0,"WidgetDeeplinkUrlText":"View Detailed Exception Report","CategoryName":"Learning","IsWebPartEnabled":true,"TypeName":"SumTotal.SPPortal.WebParts.Core.Learning.ExceptionReport.ExceptionReport, SumTotal.SPPortal.WebParts, Version=1.0.0.0, Culture=neutral, PublicKeyToken=6b7f90fbd13cce01","WebPartServiceAgentInterfaceTypeName":"ILMWebPartContractAsync","WebPartDefinitionXml":null,"HideWebPartHeader":false,"HideWebPartFooter":true,"IsFreeFlowing":false,"PillarKey":"LM","ChromeStyle":7,"ParameterJSON":"{\"HeaderLinkIcon\": \"\", \"IsCustomEditor\": false, \"PreviewType\" : \"donutChart\"}","TemplatePath":"app/modules/dashboard/views/webparts/widgetExceptionReport.html","IsSystemLocked":false,"Category":{"Id":8,"Name":"Learning","CategoryKey":"WebPartDefinition_Learning","Description":"Learning","ParentId":1,"OrdinalPosition":null},"Id":10},{"WebPartDefinitionKey":"LM_MyFavourites","Title":"Favorites","Description":"Supports quick access to content marked as a favorite by the user.","SubTitle":"Activities, Categories, Collaboration Centers","WebPartIconName":null,"WidgetNotificationMode":1,"WidgetDeeplinkUrlText":"More...","CategoryName":"Learning","IsWebPartEnabled":true,"TypeName":"SumTotal.SPPortal.WebParts.Core.Learning.Favorites.Favorites, SumTotal.SPPortal.WebParts, Version=1.0.0.0, Culture=neutral, PublicKeyToken=6b7f90fbd13cce01","WebPartServiceAgentInterfaceTypeName":"ILMWebPartContractAsync","WebPartDefinitionXml":null,"HideWebPartHeader":false,"HideWebPartFooter":true,"IsFreeFlowing":false,"PillarKey":"LM","ChromeStyle":7,"ParameterJSON":"{\"HeaderLinkIcon\": \"\", \"IsCustomEditor\": false, \"PreviewType\" : \"table\"}","TemplatePath":"app/modules/dashboard/views/webparts/widgetFavorites.html","IsSystemLocked":false,"Category":{"Id":8,"Name":"Learning","CategoryKey":"WebPartDefinition_Learning","Description":"Learning","ParentId":1,"OrdinalPosition":null},"Id":12},{"WebPartDefinitionKey":"LM_LearnerAssignment","Title":"Learning Assignments","Description":"Provides quick access to the user's current learning assignments.","SubTitle":"Assignments and duties awaiting completion","WebPartIconName":null,"WidgetNotificationMode":1,"WidgetDeeplinkUrlText":"View All Assignments","CategoryName":"Learning","IsWebPartEnabled":true,"TypeName":"SumTotal.SPPortal.WebParts.Core.Learning.LearningAssignments.LearningAssignments, SumTotal.SPPortal.WebParts, Version=1.0.0.0, Culture=neutral, PublicKeyToken=6b7f90fbd13cce01","WebPartServiceAgentInterfaceTypeName":"ILMWebPartContractAsync","WebPartDefinitionXml":null,"HideWebPartHeader":false,"HideWebPartFooter":true,"IsFreeFlowing":false,"PillarKey":"LM","ChromeStyle":7,"ParameterJSON":"{\"HeaderLinkIcon\": \"\", \"IsCustomEditor\": false, \"PreviewType\" : \"table\"}","TemplatePath":"app/modules/dashboard/views/webparts/widgetLearningAssignments.html","IsSystemLocked":false,"Category":{"Id":8,"Name":"Learning","CategoryKey":"WebPartDefinition_Learning","Description":"Learning","ParentId":1,"OrdinalPosition":null},"Id":14},{"WebPartDefinitionKey":"LM_ExceptionReport_Others","Title":"Exception Report (Others)","Description":"Status of activities assigned to direct reports and managed users. Supports deep linking to Manager Exception page.","SubTitle":"Last Updated:","WebPartIconName":null,"WidgetNotificationMode":0,"WidgetDeeplinkUrlText":"View Detailed Exception Report","CategoryName":"Learning","IsWebPartEnabled":true,"TypeName":"SumTotal.SPPortal.WebParts.Core.Learning.ExceptionReport.ExceptionReport, SumTotal.SPPortal.WebParts, Version=1.0.0.0, Culture=neutral, PublicKeyToken=6b7f90fbd13cce01","WebPartServiceAgentInterfaceTypeName":"ILMWebPartContractAsync","WebPartDefinitionXml":null,"HideWebPartHeader":false,"HideWebPartFooter":true,"IsFreeFlowing":false,"PillarKey":"LM","ChromeStyle":7,"ParameterJSON":"{\"HeaderLinkIcon\": \"\", \"IsCustomEditor\": false, \"PreviewType\" : \"donutChart\"}","TemplatePath":"app/modules/dashboard/views/webparts/widgetExceptionReportOthers.html","IsSystemLocked":false,"Category":{"Id":8,"Name":"Learning","CategoryKey":"WebPartDefinition_Learning","Description":"Learning","ParentId":1,"OrdinalPosition":null},"Id":58},{"WebPartDefinitionKey":"LM_TeachingActivities","Title":"My Instructor Schedule","Description":"Provides instructors with quick access to their current and upcoming training items.","SubTitle":"Widget My Instructor Schedule Activities","WebPartIconName":null,"WidgetNotificationMode":0,"WidgetDeeplinkUrlText":"View All My Instructor Schedule","CategoryName":"Learning","IsWebPartEnabled":true,"TypeName":null,"WebPartServiceAgentInterfaceTypeName":"ILMWebPartContractAsync","WebPartDefinitionXml":null,"HideWebPartHeader":false,"HideWebPartFooter":true,"IsFreeFlowing":false,"PillarKey":"LM","ChromeStyle":7,"ParameterJSON":"{\"HeaderLinkIcon\": \"\", \"IsCustomEditor\": false, \"PreviewType\" : \"table\"}","TemplatePath":"app/modules/dashboard/views/webparts/WidgetTeachingActivities.html","IsSystemLocked":false,"Category":{"Id":8,"Name":"Learning","CategoryKey":"WebPartDefinition_Learning","Description":"Learning","ParentId":1,"OrdinalPosition":null},"Id":64},{"WebPartDefinitionKey":"LM_RecentlyLaunched","Title":"Recently Launched","Description":"Provides user with quick access to the most recently launched non-completed training item.","SubTitle":"Recently Launched","WebPartIconName":null,"WidgetNotificationMode":0,"WidgetDeeplinkUrlText":"View All Recently Launch Activity","CategoryName":"Learning","IsWebPartEnabled":true,"TypeName":"SumTotal.SPPortal.WebParts.Core.Learning.RecentlyLaunched.RecentlyLaunched, SumTotal.SPPortal.WebParts, Version=1.0.0.0, Culture=neutral, PublicKeyToken=6b7f90fbd13cce01","WebPartServiceAgentInterfaceTypeName":"ILMWebPartContractAsync","WebPartDefinitionXml":null,"HideWebPartHeader":false,"HideWebPartFooter":true,"IsFreeFlowing":false,"PillarKey":"LM","ChromeStyle":7,"ParameterJSON":"{\"HeaderLinkIcon\": \"\", \"IsCustomEditor\": false, \"PreviewType\" : \"table\"}","TemplatePath":"app/modules/dashboard/views/webparts/widgetRecentlyLaunched.html","IsSystemLocked":false,"Category":{"Id":8,"Name":"Learning","CategoryKey":"WebPartDefinition_Learning","Description":"Learning","ParentId":1,"OrdinalPosition":null},"Id":65},{"WebPartDefinitionKey":"LM_ProxyRelations","Title":"Proxy Relations","Description":"Allows the user to have quick access to a list of users whom they can act as a proxy for.","SubTitle":"Proxy Relations","WebPartIconName":null,"WidgetNotificationMode":1,"WidgetDeeplinkUrlText":"View All","CategoryName":"Learning","IsWebPartEnabled":true,"TypeName":"SumTotal.SPPortal.WebParts.Core.Learning.ProxyRelations.ProxyRelations, SumTotal.SPPortal.WebParts, Version=1.0.0.0, Culture=neutral, PublicKeyToken=6b7f90fbd13cce01","WebPartServiceAgentInterfaceTypeName":"ILMWebPartContractAsync","WebPartDefinitionXml":null,"HideWebPartHeader":false,"HideWebPartFooter":true,"IsFreeFlowing":false,"PillarKey":"LM","ChromeStyle":7,"ParameterJSON":"{\"HeaderLinkIcon\": \"\", \"IsCustomEditor\": false, \"PreviewType\" : \"table\"}","TemplatePath":"app/modules/dashboard/views/webparts/widgetProxyRelations.html","IsSystemLocked":false,"Category":{"Id":8,"Name":"Learning","CategoryKey":"WebPartDefinition_Learning","Description":"Learning","ParentId":1,"OrdinalPosition":null},"Id":66},{"WebPartDefinitionKey":"LM_MyLearning","Title":"My Learning","Description":"Provides user with graphical summary of their assigned training compliance status.","SubTitle":null,"WebPartIconName":null,"WidgetNotificationMode":0,"WidgetDeeplinkUrlText":null,"CategoryName":"Learning","IsWebPartEnabled":true,"TypeName":"SumTotal.SPPortal.WebParts.Core.Learning.MyLearning.MyLearning, SumTotal.SPPortal.WebParts, Version=1.0.0.0, Culture=neutral, PublicKeyToken=6b7f90fbd13cce01","WebPartServiceAgentInterfaceTypeName":"ILMWebPartContractAsync","WebPartDefinitionXml":null,"HideWebPartHeader":false,"HideWebPartFooter":true,"IsFreeFlowing":false,"PillarKey":"LM","ChromeStyle":7,"ParameterJSON":"{\"HeaderLinkIcon\": \"\", \"IsCustomEditor\": false, \"PreviewType\" : \"html\"}","TemplatePath":"app/modules/dashboard/views/webparts/widgetMyLearning.html","IsSystemLocked":false,"Category":{"Id":8,"Name":"Learning","CategoryKey":"WebPartDefinition_Learning","Description":"Learning","ParentId":1,"OrdinalPosition":null},"Id":67},{"WebPartDefinitionKey":"LM_LearningTasks","Title":"Learning Tasks","Description":"Displays the user's pending tasks.","SubTitle":"Learning Tasks","WebPartIconName":null,"WidgetNotificationMode":0,"WidgetDeeplinkUrlText":null,"CategoryName":"Learning","IsWebPartEnabled":true,"TypeName":"SSumTotal.SPPortal.WebParts.Core.Learning.LearningTasks.LearningTasks, SumTotal.SPPortal.WebParts, Version=1.0.0.0, Culture=neutral, PublicKeyToken=6b7f90fbd13cce01","WebPartServiceAgentInterfaceTypeName":"ILMWebPartContractAsync","WebPartDefinitionXml":null,"HideWebPartHeader":false,"HideWebPartFooter":true,"IsFreeFlowing":false,"PillarKey":"LM","ChromeStyle":7,"ParameterJSON":"{\"HeaderLinkIcon\": \"\", \"IsCustomEditor\": false, \"PreviewType\" : \"table\"}","TemplatePath":"app/modules/dashboard/views/webparts/widgetLearningTasks.html","IsSystemLocked":false,"Category":{"Id":8,"Name":"Learning","CategoryKey":"WebPartDefinition_Learning","Description":"Learning","ParentId":1,"OrdinalPosition":null},"Id":68},{"WebPartDefinitionKey":"LM_QuickLinks","Title":"Quick Links","Description":"Displays the Quick Links for Training Transcript, Training Schedule and Training Analysis.","SubTitle":"Quick Links for Training","WebPartIconName":null,"WidgetNotificationMode":0,"WidgetDeeplinkUrlText":null,"CategoryName":"Learning","IsWebPartEnabled":true,"TypeName":"SumTotal.SPPortal.WebParts.Core.Learning.QuickLinks.QuickLinks, SumTotal.SPPortal.WebParts, Version=1.0.0.0, Culture=neutral, PublicKeyToken=6b7f90fbd13cce01","WebPartServiceAgentInterfaceTypeName":"ILMWebPartContractAsync","WebPartDefinitionXml":null,"HideWebPartHeader":false,"HideWebPartFooter":true,"IsFreeFlowing":false,"PillarKey":"LM","ChromeStyle":7,"ParameterJSON":"{\"HeaderLinkIcon\": \"\", \"IsCustomEditor\": false, \"PreviewType\" : \"table\"}","TemplatePath":"app/modules/dashboard/views/webparts/widgetQuickLinks.html","IsSystemLocked":false,"Category":{"Id":8,"Name":"Learning","CategoryKey":"WebPartDefinition_Learning","Description":"Learning","ParentId":1,"OrdinalPosition":null},"Id":69},{"WebPartDefinitionKey":"LM_Recommendation","Title":"Recommended Courses","Description":"Displays recommended learning based on your interests, your required skills, and suggestions from others in your organization.","SubTitle":null,"WebPartIconName":null,"WidgetNotificationMode":0,"WidgetDeeplinkUrlText":null,"CategoryName":"Learning","IsWebPartEnabled":true,"TypeName":null,"WebPartServiceAgentInterfaceTypeName":null,"WebPartDefinitionXml":null,"HideWebPartHeader":false,"HideWebPartFooter":true,"IsFreeFlowing":false,"PillarKey":"LM","ChromeStyle":7,"ParameterJSON":"{\"HeaderLinkIcon\": \"\", \"IsCustomEditor\": false, \"PreviewType\" : \"table\"}","TemplatePath":"app/modules/dashboard/views/webparts/widgetRecommendation.html","IsSystemLocked":false,"Category":{"Id":8,"Name":"Learning","CategoryKey":"WebPartDefinition_Learning","Description":"Learning","ParentId":1,"OrdinalPosition":null},"Id":70},{"WebPartDefinitionKey":"LM_PromotedActivities","Title":"Promoted Activities","Description":"Displays the Promoted Activities","SubTitle":null,"WebPartIconName":null,"WidgetNotificationMode":0,"WidgetDeeplinkUrlText":null,"CategoryName":"Learning","IsWebPartEnabled":true,"TypeName":"SumTotal.SPPortal.WebParts.Core.Learning.PromotedActivities.PromotedActivities, SumTotal.SPPortal.WebParts, Version=1.0.0.0, Culture=neutral, PublicKeyToken=6b7f90fbd13cce01","WebPartServiceAgentInterfaceTypeName":"ILMWebPartContractAsync","WebPartDefinitionXml":null,"HideWebPartHeader":false,"HideWebPartFooter":false,"IsFreeFlowing":false,"PillarKey":"LM","ChromeStyle":7,"ParameterJSON":"{\"HeaderLinkIcon\": \"\", \"IsCustomEditor\": false, \"PreviewType\" : \"configTextField\", \"Config\":{\"Name\":\"LearningActivityCodes\",\"Value\":\"\"}}","TemplatePath":"app/modules/dashboard/views/webparts/widgetPromotedActivities.html","IsSystemLocked":false,"Category":{"Id":8,"Name":"Learning","CategoryKey":"WebPartDefinition_Learning","Description":"Learning","ParentId":1,"OrdinalPosition":null},"Id":79},{"WebPartDefinitionKey":"LM_Categories","Title":"Browse By Topic","Description":"Display all topics, can browse activities through selected topic.","SubTitle":"Browse By Topic","WebPartIconName":null,"WidgetNotificationMode":0,"WidgetDeeplinkUrlText":"View All Categories","CategoryName":"Learning","IsWebPartEnabled":true,"TypeName":null,"WebPartServiceAgentInterfaceTypeName":"ILMWebPartContractAsync","WebPartDefinitionXml":null,"HideWebPartHeader":false,"HideWebPartFooter":false,"IsFreeFlowing":false,"PillarKey":"LM","ChromeStyle":7,"ParameterJSON":"{\"HeaderLinkIcon\": \"\", \"IsCustomEditor\": false, \"PreviewType\" : \"table\"}","TemplatePath":"app/modules/dashboard/views/webparts/widgetCatalogBrowseByCategory.html","IsSystemLocked":false,"Category":{"Id":8,"Name":"Learning","CategoryKey":"WebPartDefinition_Learning","Description":"Learning","ParentId":1,"OrdinalPosition":null},"Id":80},{"WebPartDefinitionKey":"LM_ActivityTypes","Title":"Browse By Activity Type","Description":"Display all Activity Types, can browse activities through selected Activity Type.","SubTitle":"Browse By Activity Type","WebPartIconName":null,"WidgetNotificationMode":0,"WidgetDeeplinkUrlText":"View All Activity Types","CategoryName":"Learning","IsWebPartEnabled":true,"TypeName":null,"WebPartServiceAgentInterfaceTypeName":"ILMWebPartContractAsync","WebPartDefinitionXml":null,"HideWebPartHeader":false,"HideWebPartFooter":false,"IsFreeFlowing":false,"PillarKey":"LM","ChromeStyle":7,"ParameterJSON":"{\"HeaderLinkIcon\": \"\", \"IsCustomEditor\": false, \"PreviewType\" : \"table\"}","TemplatePath":"app/modules/dashboard/views/webparts/widgetCatalogBrowseByActivityType.html","IsSystemLocked":false,"Category":{"Id":8,"Name":"Learning","CategoryKey":"WebPartDefinition_Learning","Description":"Learning","ParentId":1,"OrdinalPosition":null},"Id":81},{"WebPartDefinitionKey":"LM_PromotedCategories","Title":"Promoted Topics","Description":"Displays selected topics. Users can browse activities through selected topics.","SubTitle":"Promoted Topics","WebPartIconName":null,"WidgetNotificationMode":0,"WidgetDeeplinkUrlText":"View All Topics","CategoryName":"Learning","IsWebPartEnabled":true,"TypeName":null,"WebPartServiceAgentInterfaceTypeName":"ILMWebPartContractAsync","WebPartDefinitionXml":null,"HideWebPartHeader":false,"HideWebPartFooter":false,"IsFreeFlowing":false,"PillarKey":"LM","ChromeStyle":7,"ParameterJSON":"{\"HeaderLinkIcon\": \"\", \"IsCustomEditor\": false, \"PreviewType\" : \"table\"}","TemplatePath":"app/modules/dashboard/views/webparts/widgetPromotedCategories.html","IsSystemLocked":false,"Category":{"Id":8,"Name":"Learning","CategoryKey":"WebPartDefinition_Learning","Description":"Learning","ParentId":1,"OrdinalPosition":null},"Id":82},{"WebPartDefinitionKey":"LM_Calendar","Title":"My Learning Schedule","Description":"Highlights schedule information in calendar.","SubTitle":null,"WebPartIconName":null,"WidgetNotificationMode":0,"WidgetDeeplinkUrlText":null,"CategoryName":"Learning","IsWebPartEnabled":true,"TypeName":"SumTotal.SPPortal.WebParts.Core.Learning.Calendar.Calendar, SumTotal.SPPortal.WebParts, Version=1.0.0.0, Culture=neutral, PublicKeyToken=6b7f90fbd13cce01","WebPartServiceAgentInterfaceTypeName":null,"WebPartDefinitionXml":null,"HideWebPartHeader":false,"HideWebPartFooter":true,"IsFreeFlowing":false,"PillarKey":"LM","ChromeStyle":7,"ParameterJSON":"{\"HeaderLinkIcon\": \"\", \"IsCustomEditor\": false, \"PreviewType\" : \"html\"}","TemplatePath":"app/modules/dashboard/views/webparts/widgetCalendar.html","IsSystemLocked":false,"Category":{"Id":8,"Name":"Learning","CategoryKey":"WebPartDefinition_Learning","Description":"Learning","ParentId":1,"OrdinalPosition":null},"Id":83},{"WebPartDefinitionKey":"LM_News","Title":"News","Description":"Displays the latest news.","SubTitle":"News","WebPartIconName":null,"WidgetNotificationMode":0,"WidgetDeeplinkUrlText":null,"CategoryName":"Learning","IsWebPartEnabled":true,"TypeName":null,"WebPartServiceAgentInterfaceTypeName":null,"WebPartDefinitionXml":null,"HideWebPartHeader":false,"HideWebPartFooter":false,"IsFreeFlowing":false,"PillarKey":"LM","ChromeStyle":7,"ParameterJSON":"{\"HeaderLinkIcon\": \"\", \"IsCustomEditor\": false, \"PreviewType\" : \"table\"}","TemplatePath":"app/modules/dashboard/views/webparts/widgetNews.html","IsSystemLocked":false,"Category":{"Id":8,"Name":"Learning","CategoryKey":"WebPartDefinition_Learning","Description":"Learning","ParentId":1,"OrdinalPosition":null},"Id":85},{"WebPartDefinitionKey":"LM_RecentPurchasedActivities","Title":"Recently Purchased Activities","Description":"Provides user with quick access to the five most recently purchased  activities.","SubTitle":"Recent purchases I have made","WebPartIconName":null,"WidgetNotificationMode":0,"WidgetDeeplinkUrlText":null,"CategoryName":"Learning","IsWebPartEnabled":true,"TypeName":null,"WebPartServiceAgentInterfaceTypeName":"ILMWebPartContractAsync","WebPartDefinitionXml":null,"HideWebPartHeader":false,"HideWebPartFooter":false,"IsFreeFlowing":false,"PillarKey":"LM","ChromeStyle":7,"ParameterJSON":"{\"HeaderLinkIcon\": \"\", \"IsCustomEditor\": false, \"PreviewType\" : \"table\"}","TemplatePath":"app/modules/dashboard/views/webparts/widgetLearningRecentlyPurchasedActivities.html","IsSystemLocked":false,"Category":{"Id":8,"Name":"Learning","CategoryKey":"WebPartDefinition_Learning","Description":"Learning","ParentId":1,"OrdinalPosition":null},"Id":87},{"WebPartDefinitionKey":"LM_ConfigurableWidget","Title":"Configurable Widget","Description":"Displays configured widget data","SubTitle":null,"WebPartIconName":null,"WidgetNotificationMode":0,"WidgetDeeplinkUrlText":null,"CategoryName":"Learning","IsWebPartEnabled":true,"TypeName":null,"WebPartServiceAgentInterfaceTypeName":"ILMWebPartContractAsync","WebPartDefinitionXml":null,"HideWebPartHeader":false,"HideWebPartFooter":false,"IsFreeFlowing":false,"PillarKey":"LM","ChromeStyle":7,"ParameterJSON":"{\"HeaderLinkIcon\": \"\", \"IsCustomEditor\": false, \"PreviewType\" : \"configCarouselDropDown\", \"Config\":{\"Name\":\"ConfigurableCarouselWidgetCodesDropDown\",\"DropDownData\":{\"SelectedKey\": null, \"AvailableOptions\": [{\"id\": \"0\", \"name\":\"Trending For Your Job\"}, {\"id\":\"1\", \"name\":\"Top Picks For You\"}, {\"id\":\"2\", \"name\":\"Top Rated\"}, {\"id\":\"3\", \"name\":\"Saved For Later\"}, {\"id\":\"4\", \"name\":\"Continue Learning\"}, {\"id\":\"5\", \"name\":\"Join Your Peers\"}, {\"id\":\"6\", \"name\":\"Training Recommended For Next Job\"}, {\"id\":\"7\", \"name\":\"Most Popular\"}]}}}","TemplatePath":"app/modules/dashboard/views/webparts/widgetConfigurableContent.html","IsSystemLocked":false,"Category":{"Id":8,"Name":"Learning","CategoryKey":"WebPartDefinition_Learning","Description":"Learning","ParentId":1,"OrdinalPosition":null},"Id":106},{"WebPartDefinitionKey":"LM_ConfigurableCarouselWidget","Title":"Configurable Carousel Widget","Description":"Displays configured widget data","SubTitle":null,"WebPartIconName":null,"WidgetNotificationMode":0,"WidgetDeeplinkUrlText":null,"CategoryName":"Learning","IsWebPartEnabled":true,"TypeName":null,"WebPartServiceAgentInterfaceTypeName":"ILMWebPartContractAsync","WebPartDefinitionXml":null,"HideWebPartHeader":false,"HideWebPartFooter":false,"IsFreeFlowing":false,"PillarKey":"LM","ChromeStyle":7,"ParameterJSON":"{\"HeaderLinkIcon\": \"\", \"IsCustomEditor\": false, \"PreviewType\" : \"configCarouselDropDown\", \"Config\":{\"Name\":\"ConfigurableCarouselWidgetCodesDropDown\",\"DropDownData\":{\"SelectedKey\": null, \"AvailableOptions\": [{\"id\": \"0\", \"name\":\"Trending For Your Job\"}, {\"id\":\"1\", \"name\":\"Top Picks For You\"}, {\"id\":\"2\", \"name\":\"Top Rated\"}, {\"id\":\"3\", \"name\":\"Saved For Later\"}, {\"id\":\"4\", \"name\":\"Continue Learning\"}, {\"id\":\"5\", \"name\":\"Join Your Peers\"}, {\"id\":\"6\", \"name\":\"Training Recommended For Next Job\"}, {\"id\":\"7\", \"name\":\"Most Popular\"}]}}}","TemplatePath":"app/modules/dashboard/views/webparts/widgetConfigurableCarouselContent.html","IsSystemLocked":false,"Category":{"Id":8,"Name":"Learning","CategoryKey":"WebPartDefinition_Learning","Description":"Learning","ParentId":1,"OrdinalPosition":null},"Id":107},{"WebPartDefinitionKey":"search_calendarView","Title":"Available Activities Calendar","Description":"Allows learners to browse available learning activity offerings in a calendar view.","SubTitle":"Available Activities Calendar","WebPartIconName":null,"WidgetNotificationMode":0,"WidgetDeeplinkUrlText":null,"CategoryName":"Learning","IsWebPartEnabled":true,"TypeName":null,"WebPartServiceAgentInterfaceTypeName":null,"WebPartDefinitionXml":null,"HideWebPartHeader":false,"HideWebPartFooter":false,"IsFreeFlowing":false,"PillarKey":"LM","ChromeStyle":7,"ParameterJSON":"{\"HeaderLinkIcon\": \"\", \"IsCustomEditor\": false, \"PreviewType\" : \"calendar\"}","TemplatePath":"app/modules/dashboard/views/searchWidgets/calendarView.html","IsSystemLocked":false,"Category":{"Id":8,"Name":"Learning","CategoryKey":"WebPartDefinition_Learning","Description":"Learning","ParentId":1,"OrdinalPosition":null},"Id":111},{"WebPartDefinitionKey":"LM_FavouritesCarousel","Title":"My Favorites","Description":"Supports quick access to content marked as a favorite by the user in a carousel.","SubTitle":"Activities, Categories, Collaboration Centers","WebPartIconName":null,"WidgetNotificationMode":1,"WidgetDeeplinkUrlText":"More...","CategoryName":"Learning","IsWebPartEnabled":true,"TypeName":"SumTotal.SPPortal.WebParts.Core.Learning.Favorites.Favorites, SumTotal.SPPortal.WebParts, Version=1.0.0.0, Culture=neutral, PublicKeyToken=6b7f90fbd13cce01","WebPartServiceAgentInterfaceTypeName":"ILMWebPartContractAsync","WebPartDefinitionXml":null,"HideWebPartHeader":false,"HideWebPartFooter":true,"IsFreeFlowing":false,"PillarKey":"LM","ChromeStyle":7,"ParameterJSON":"{\"HeaderLinkIcon\": \"\", \"IsCustomEditor\": false, \"PreviewType\" : \"table\"}","TemplatePath":"app/modules/dashboard/views/webparts/widgetFavoritesCarousel.html","IsSystemLocked":false,"Category":{"Id":8,"Name":"Learning","CategoryKey":"WebPartDefinition_Learning","Description":"Learning","ParentId":1,"OrdinalPosition":null},"Id":112},{"WebPartDefinitionKey":"Common_SearchWidget","Title":"Search","Description":"Quick Search for Courses, Training, Videos, Books and Audiobooks","SubTitle":"Search for Courses, Training, Videos, Books and Audiobooks","WebPartIconName":null,"WidgetNotificationMode":0,"WidgetDeeplinkUrlText":null,"CategoryName":"Learning","IsWebPartEnabled":true,"TypeName":null,"WebPartServiceAgentInterfaceTypeName":null,"WebPartDefinitionXml":null,"HideWebPartHeader":true,"HideWebPartFooter":false,"IsFreeFlowing":false,"PillarKey":null,"ChromeStyle":6,"ParameterJSON":"{\"HeaderLinkIcon\": \"\", \"IsCustomEditor\": false, \"PreviewType\" : \"table\"}","TemplatePath":"app/modules/dashboard/views/webparts/widgetEnterpriseSearch.html","IsSystemLocked":false,"Category":{"Id":8,"Name":"Learning","CategoryKey":"WebPartDefinition_Learning","Description":"Learning","ParentId":1,"OrdinalPosition":null},"Id":113},{"WebPartDefinitionKey":"LM_ResumeLearning","Title":"Resume Learning","Description":"Provides user with quick access to all recently launched non-completed training items.","SubTitle":"List of recently launched activities","WebPartIconName":null,"WidgetNotificationMode":0,"WidgetDeeplinkUrlText":"View All Recently Launched Activities","CategoryName":"Learning","IsWebPartEnabled":true,"TypeName":"SumTotal.SPPortal.WebParts.Core.Learning.RecentlyLaunched.RecentlyLaunched, SumTotal.SPPortal.WebParts, Version=1.0.0.0, Culture=neutral, PublicKeyToken=6b7f90fbd13cce01","WebPartServiceAgentInterfaceTypeName":"ILMWebPartContractAsync","WebPartDefinitionXml":null,"HideWebPartHeader":false,"HideWebPartFooter":true,"IsFreeFlowing":false,"PillarKey":"LM","ChromeStyle":7,"ParameterJSON":"{\"HeaderLinkIcon\": \"\", \"IsCustomEditor\": false, \"PreviewType\" : \"table\"}","TemplatePath":"app/modules/dashboard/views/webparts/widgetRecentlyLaunchedActivitiesList.html","IsSystemLocked":false,"Category":{"Id":8,"Name":"Learning","CategoryKey":"WebPartDefinition_Learning","Description":"Learning","ParentId":1,"OrdinalPosition":null},"Id":114},{"WebPartDefinitionKey":"LM_RecommendedActivities","Title":"Recommended Activities","Description":"Displays recommended activities based on your interests, your required skills, and suggestions from others in your organization in a carousel.","SubTitle":null,"WebPartIconName":null,"WidgetNotificationMode":0,"WidgetDeeplinkUrlText":null,"CategoryName":"Learning","IsWebPartEnabled":true,"TypeName":null,"WebPartServiceAgentInterfaceTypeName":null,"WebPartDefinitionXml":null,"HideWebPartHeader":true,"HideWebPartFooter":true,"IsFreeFlowing":false,"PillarKey":"LM","ChromeStyle":6,"ParameterJSON":"{\"HeaderLinkIcon\": \"\", \"IsCustomEditor\": false, \"PreviewType\" : \"table\"}","TemplatePath":"app/modules/dashboard/views/webparts/widgetRecommendedActivitiesCarousel.html","IsSystemLocked":false,"Category":{"Id":8,"Name":"Learning","CategoryKey":"WebPartDefinition_Learning","Description":"Learning","ParentId":1,"OrdinalPosition":null},"Id":115},{"WebPartDefinitionKey":"LM_PromotedActivities","Title":"Promoted Learning  Activities","Description":"Displays activities promoted by your organization.","SubTitle":null,"WebPartIconName":null,"WidgetNotificationMode":0,"WidgetDeeplinkUrlText":null,"CategoryName":"Learning","IsWebPartEnabled":true,"TypeName":"SumTotal.SPPortal.WebParts.Core.Learning.PromotedActivities.PromotedActivities, SumTotal.SPPortal.WebParts, Version=1.0.0.0, Culture=neutral, PublicKeyToken=6b7f90fbd13cce01","WebPartServiceAgentInterfaceTypeName":"ILMWebPartContractAsync","WebPartDefinitionXml":null,"HideWebPartHeader":false,"HideWebPartFooter":false,"IsFreeFlowing":false,"PillarKey":"LM","ChromeStyle":7,"ParameterJSON":"{\"HeaderLinkIcon\": \"\", \"IsCustomEditor\": false, \"PreviewType\" : \"configTextField\", \"Config\":{\"Name\":\"LearningActivityCodes\",\"Value\":\"\"}}","TemplatePath":"app/modules/dashboard/views/webparts/widgetPromotedActivitiesCarousel.html","IsSystemLocked":false,"Category":{"Id":8,"Name":"Learning","CategoryKey":"WebPartDefinition_Learning","Description":"Learning","ParentId":1,"OrdinalPosition":null},"Id":118},{"WebPartDefinitionKey":"LM_PromotedLibraryTopics","Title":"Promoted Library  Topics","Description":"Displays Library topics promoted by your organization.","SubTitle":null,"WebPartIconName":null,"WidgetNotificationMode":0,"WidgetDeeplinkUrlText":"View All Topics","CategoryName":"Learning","IsWebPartEnabled":true,"TypeName":null,"WebPartServiceAgentInterfaceTypeName":"ILMWebPartContractAsync","WebPartDefinitionXml":null,"HideWebPartHeader":false,"HideWebPartFooter":false,"IsFreeFlowing":false,"PillarKey":"LM","ChromeStyle":7,"ParameterJSON":"{\"HeaderLinkIcon\": \"\", \"IsCustomEditor\": false, \"PreviewType\" : \"table\", \"MaxCount\":20}","TemplatePath":"app/modules/dashboard/views/webparts/widgetPromotedCategoriesCarousel.html","IsSystemLocked":false,"Category":{"Id":8,"Name":"Learning","CategoryKey":"WebPartDefinition_Learning","Description":"Learning","ParentId":1,"OrdinalPosition":null},"Id":119}]},{"Category":{"Id":11,"Name":"Social","CategoryKey":"WebPartDefinition_Social","Description":"Social","ParentId":1,"OrdinalPosition":null},"Definitions":[{"WebPartDefinitionKey":"LM_MyCommunities","Title":"My Communities","Description":"Recent posts for the communities which the logged in user is a member, supported by an option to view all updates.","SubTitle":"Favorite discussion forums","WebPartIconName":null,"WidgetNotificationMode":1,"WidgetDeeplinkUrlText":"View All Communities","CategoryName":"Social","IsWebPartEnabled":true,"TypeName":"SumTotal.SPPortal.WebParts.Core.Social.MyCommunities.MyCommunities, SumTotal.SPPortal.WebParts, Version=1.0.0.0, Culture=neutral, PublicKeyToken=6b7f90fbd13cce01","WebPartServiceAgentInterfaceTypeName":"ILMWebPartContractAsync","WebPartDefinitionXml":null,"HideWebPartHeader":false,"HideWebPartFooter":true,"IsFreeFlowing":false,"PillarKey":"LM","ChromeStyle":7,"ParameterJSON":"{\"HeaderLinkIcon\": \"\", \"IsCustomEditor\": false, \"PreviewType\" : \"table\"}","TemplatePath":"app/modules/dashboard/views/webparts/widgetMyCommunities.html","IsSystemLocked":false,"Category":{"Id":11,"Name":"Social","CategoryKey":"WebPartDefinition_Social","Description":"Social","ParentId":1,"OrdinalPosition":null},"Id":5},{"WebPartDefinitionKey":"LM_CommunityUpdates","Title":"Community Updates","Description":"Highlights recent community posts with an option to view all community updates.","SubTitle":"Updated discussion forums  ","WebPartIconName":null,"WidgetNotificationMode":1,"WidgetDeeplinkUrlText":"View All Updates","CategoryName":"Social","IsWebPartEnabled":true,"TypeName":"SumTotal.SPPortal.WebParts.Core.Social.CommunityUpdates.CommunityUpdates, SumTotal.SPPortal.WebParts, Version=1.0.0.0, Culture=neutral, PublicKeyToken=6b7f90fbd13cce01","WebPartServiceAgentInterfaceTypeName":"ILMWebPartContractAsync","WebPartDefinitionXml":null,"HideWebPartHeader":false,"HideWebPartFooter":true,"IsFreeFlowing":false,"PillarKey":"LM","ChromeStyle":7,"ParameterJSON":"{\"HeaderLinkIcon\": \"\", \"IsCustomEditor\": false, \"PreviewType\" : \"table\"}","TemplatePath":"app/modules/dashboard/views/webparts/widgetCommunityUpdates.html","IsSystemLocked":false,"Category":{"Id":11,"Name":"Social","CategoryKey":"WebPartDefinition_Social","Description":"Social","ParentId":1,"OrdinalPosition":null},"Id":11},{"WebPartDefinitionKey":"SocialGroups","Title":"Social Groups","Description":"View all Social groups, manage your Social groups, and post messages.","SubTitle":"Social Groups","WebPartIconName":null,"WidgetNotificationMode":0,"WidgetDeeplinkUrlText":null,"CategoryName":"Social","IsWebPartEnabled":true,"TypeName":null,"WebPartServiceAgentInterfaceTypeName":null,"WebPartDefinitionXml":null,"HideWebPartHeader":false,"HideWebPartFooter":false,"IsFreeFlowing":false,"PillarKey":null,"ChromeStyle":7,"ParameterJSON":"{\"HeaderLinkIcon\": \"\", \"IsCustomEditor\": false, \"PreviewType\" : \"table\"}","TemplatePath":"app/modules/dashboard/views/webparts/widgetSocial.html","IsSystemLocked":false,"Category":{"Id":11,"Name":"Social","CategoryKey":"WebPartDefinition_Social","Description":"Social","ParentId":1,"OrdinalPosition":null},"Id":98},{"WebPartDefinitionKey":"SocialMyFeed","Title":"My Feed","Description":"View and make updates to your Social feed, including groups for which you are a member and public groups.","SubTitle":"My Feed","WebPartIconName":null,"WidgetNotificationMode":0,"WidgetDeeplinkUrlText":null,"CategoryName":"Social","IsWebPartEnabled":true,"TypeName":null,"WebPartServiceAgentInterfaceTypeName":null,"WebPartDefinitionXml":null,"HideWebPartHeader":false,"HideWebPartFooter":false,"IsFreeFlowing":false,"PillarKey":null,"ChromeStyle":7,"ParameterJSON":"{\"HeaderLinkIcon\": \"\", \"IsCustomEditor\": false, \"PreviewType\" : \"table\"}","TemplatePath":"app/modules/dashboard/views/webparts/widgetSocialMyFeed.html","IsSystemLocked":false,"Category":{"Id":11,"Name":"Social","CategoryKey":"WebPartDefinition_Social","Description":"Social","ParentId":1,"OrdinalPosition":null},"Id":99},{"WebPartDefinitionKey":"Social_MyCommunities","Title":"My Social Communities","Description":"Displays social communities that I am a member of","SubTitle":null,"WebPartIconName":null,"WidgetNotificationMode":1,"WidgetDeeplinkUrlText":"View All","CategoryName":"Social","IsWebPartEnabled":true,"TypeName":null,"WebPartServiceAgentInterfaceTypeName":null,"WebPartDefinitionXml":null,"HideWebPartHeader":false,"HideWebPartFooter":false,"IsFreeFlowing":false,"PillarKey":"ELIXHRUI","ChromeStyle":7,"ParameterJSON":"{\"HeaderLinkIcon\": \"\", \"IsCustomEditor\": false, \"PreviewType\" : \"table\"}","TemplatePath":"app/modules/dashboard/views/webparts/widgetSocialMyCommunities.html","IsSystemLocked":false,"Category":{"Id":11,"Name":"Social","CategoryKey":"WebPartDefinition_Social","Description":"Social","ParentId":1,"OrdinalPosition":null},"Id":116},{"WebPartDefinitionKey":"Social_CommunityFeed","Title":"My Social Community Feed","Description":"Displays the social activities of communities I am a member of","SubTitle":null,"WebPartIconName":null,"WidgetNotificationMode":1,"WidgetDeeplinkUrlText":"View All","CategoryName":"Social","IsWebPartEnabled":true,"TypeName":null,"WebPartServiceAgentInterfaceTypeName":null,"WebPartDefinitionXml":null,"HideWebPartHeader":false,"HideWebPartFooter":false,"IsFreeFlowing":false,"PillarKey":"ELIXHRUI","ChromeStyle":7,"ParameterJSON":"{\"HeaderLinkIcon\": \"\", \"IsCustomEditor\": false, \"PreviewType\" : \"table\"}","TemplatePath":"app/modules/dashboard/views/webparts/widgetSocialCommunityFeed.html","IsSystemLocked":false,"Category":{"Id":11,"Name":"Social","CategoryKey":"WebPartDefinition_Social","Description":"Social","ParentId":1,"OrdinalPosition":null},"Id":117}]},{"Category":{"Id":6,"Name":"Talent","CategoryKey":"WebPartDefinition_Talent","Description":"Talent","ParentId":1,"OrdinalPosition":null},"Definitions":[{"WebPartDefinitionKey":"TM_MyProcesses","Title":"My Processes","Description":"Displays status of active processes and supports linking to the process details.","SubTitle":"My assessments and reviews","WebPartIconName":null,"WidgetNotificationMode":0,"WidgetDeeplinkUrlText":"View All Processes","CategoryName":"Talent","IsWebPartEnabled":true,"TypeName":"SumTotal.SPPortal.WebParts.Core.TM.MyProcesses.MyProcesses, SumTotal.SPPortal.WebParts, Version=1.0.0.0, Culture=neutral, PublicKeyToken=6b7f90fbd13cce01","WebPartServiceAgentInterfaceTypeName":"ITMWebPartContractAsync","WebPartDefinitionXml":null,"HideWebPartHeader":false,"HideWebPartFooter":true,"IsFreeFlowing":false,"PillarKey":"TM","ChromeStyle":7,"ParameterJSON":"{\"HeaderLinkIcon\": \"\", \"IsCustomEditor\": false, \"PreviewType\" : \"table\"}","TemplatePath":"app/modules/dashboard/views/webparts/widgetMyProcess.html","IsSystemLocked":false,"Category":{"Id":6,"Name":"Talent","CategoryKey":"WebPartDefinition_Talent","Description":"Talent","ParentId":1,"OrdinalPosition":null},"Id":44},{"WebPartDefinitionKey":"TM_MyTeamProcesses","Title":"My Team - Process List","Description":"Highlights how many direct reports a manager has active within Talent processes.  Users can drill to specific processes.","SubTitle":"Assessments and reviews within my team","WebPartIconName":null,"WidgetNotificationMode":0,"WidgetDeeplinkUrlText":"View All Team Processes","CategoryName":"Talent","IsWebPartEnabled":true,"TypeName":"SumTotal.SPPortal.WebParts.Core.TM.MyTeamProcesses.MyTeamProcesses, SumTotal.SPPortal.WebParts, Version=1.0.0.0, Culture=neutral, PublicKeyToken=6b7f90fbd13cce01","WebPartServiceAgentInterfaceTypeName":"ITMWebPartContractAsync","WebPartDefinitionXml":null,"HideWebPartHeader":false,"HideWebPartFooter":true,"IsFreeFlowing":false,"PillarKey":"TM","ChromeStyle":7,"ParameterJSON":"{\"HeaderLinkIcon\": \"\", \"IsCustomEditor\": false, \"PreviewType\" : \"table\"}","TemplatePath":"app/modules/dashboard/views/webparts/widgetProcessList.html","IsSystemLocked":false,"Category":{"Id":6,"Name":"Talent","CategoryKey":"WebPartDefinition_Talent","Description":"Talent","ParentId":1,"OrdinalPosition":null},"Id":45},{"WebPartDefinitionKey":"TM_MyTeamGoals","Title":"My Team - Goal Summary","Description":"Lists approved goals for direct reports, highlighting due date, progress, and organizational alignment.","SubTitle":"Results of team goals and accomplishments","WebPartIconName":null,"WidgetNotificationMode":0,"WidgetDeeplinkUrlText":"View All My Team Goals","CategoryName":"Talent","IsWebPartEnabled":true,"TypeName":"SumTotal.SPPortal.WebParts.Core.TM.MyTeamGoals.MyTeamGoals, SumTotal.SPPortal.WebParts, Version=1.0.0.0, Culture=neutral, PublicKeyToken=6b7f90fbd13cce01","WebPartServiceAgentInterfaceTypeName":"ITMWebPartContractAsync","WebPartDefinitionXml":null,"HideWebPartHeader":false,"HideWebPartFooter":true,"IsFreeFlowing":false,"PillarKey":"TM","ChromeStyle":7,"ParameterJSON":"{\"HeaderLinkIcon\": \"\", \"IsCustomEditor\": false, \"ChartConfig\":{\"columnMap\":[\"value\"], \"barType\":\"bar\", \"ChartLabelColumn\":\"dataName\"}, \"PreviewType\":\"barChart\"}","TemplatePath":"app/modules/dashboard/views/webparts/widgetMyTeamGoalSummary.html","IsSystemLocked":false,"Category":{"Id":6,"Name":"Talent","CategoryKey":"WebPartDefinition_Talent","Description":"Talent","ParentId":1,"OrdinalPosition":null},"Id":46},{"WebPartDefinitionKey":"TM_MyTeamPerformanceRatingDistribution","Title":"Performance Bell Curve (Manager)","Description":"Organizes direct reports based on their ratings against organizational targeted values.","SubTitle":"Results of team performance reviews","WebPartIconName":null,"WidgetNotificationMode":0,"WidgetDeeplinkUrlText":null,"CategoryName":"Talent","IsWebPartEnabled":true,"TypeName":"SumTotal.SPPortal.WebParts.Core.TM.MyTeamPRD.MyTeamPRD, SumTotal.SPPortal.WebParts, Version=1.0.0.0, Culture=neutral, PublicKeyToken=6b7f90fbd13cce01","WebPartServiceAgentInterfaceTypeName":"ITMWebPartContractAsync","WebPartDefinitionXml":null,"HideWebPartHeader":false,"HideWebPartFooter":true,"IsFreeFlowing":false,"PillarKey":"TM","ChromeStyle":7,"ParameterJSON":"{\"HeaderLinkIcon\": \"\", \"IsCustomEditor\": false, \"ChartConfig\":{\"columnMap\":[\"itemName\", \"count\", \"target\"]}, \"PreviewType\":\"bellChart\"}","TemplatePath":"app/modules/dashboard/views/webparts/widgetRatingDistribution.html","IsSystemLocked":false,"Category":{"Id":6,"Name":"Talent","CategoryKey":"WebPartDefinition_Talent","Description":"Talent","ParentId":1,"OrdinalPosition":null},"Id":47},{"WebPartDefinitionKey":"TM_MyTeamGoalsDetail","Title":"My Team Goals","Description":"Displays all goals and current status for direct reports.","SubTitle":"Detailed information about my team's goals","WebPartIconName":null,"WidgetNotificationMode":0,"WidgetDeeplinkUrlText":"View all my team goals","CategoryName":"Talent","IsWebPartEnabled":true,"TypeName":"SumTotal.SPPortal.WebParts.Core.TM.MyTeamGoalsDetail.MyTeamGoalsDetail, SumTotal.SPPortal.WebParts, Version=1.0.0.0, Culture=neutral, PublicKeyToken=6b7f90fbd13cce01","WebPartServiceAgentInterfaceTypeName":"ITMWebPartContractAsync","WebPartDefinitionXml":null,"HideWebPartHeader":false,"HideWebPartFooter":true,"IsFreeFlowing":false,"PillarKey":"TM","ChromeStyle":7,"ParameterJSON":"{\"HeaderLinkIcon\": \"\", \"IsCustomEditor\": false, \"PreviewType\" : \"table\"}","TemplatePath":"app/modules/dashboard/views/webparts/widgetMyTeamGoals.html","IsSystemLocked":false,"Category":{"Id":6,"Name":"Talent","CategoryKey":"WebPartDefinition_Talent","Description":"Talent","ParentId":1,"OrdinalPosition":null},"Id":48},{"WebPartDefinitionKey":"TM_MyTeamPerformanceProgress","Title":"Team Performance Progress","Description":"Highlights progress against performance processes for direct reports.","SubTitle":"Displays performance processes and the number of employees on each step.","WebPartIconName":null,"WidgetNotificationMode":0,"WidgetDeeplinkUrlText":"Team Completion Report","CategoryName":"Talent","IsWebPartEnabled":true,"TypeName":"SumTotal.SPPortal.WebParts.Core.TM.MyTeamPerfProg.MyTeamPerfProg, SumTotal.SPPortal.WebParts, Version=1.0.0.0, Culture=neutral, PublicKeyToken=6b7f90fbd13cce01","WebPartServiceAgentInterfaceTypeName":"ITMWebPartContractAsync","WebPartDefinitionXml":null,"HideWebPartHeader":false,"HideWebPartFooter":true,"IsFreeFlowing":false,"PillarKey":"TM","ChromeStyle":7,"ParameterJSON":"{\"HeaderLinkIcon\": \"\", \"IsCustomEditor\": false, \"PreviewType\" : \"table\"}","TemplatePath":"app/modules/dashboard/views/webparts/widgetTeamPerformanceProgress.html","IsSystemLocked":false,"Category":{"Id":6,"Name":"Talent","CategoryKey":"WebPartDefinition_Talent","Description":"Talent","ParentId":1,"OrdinalPosition":null},"Id":49},{"WebPartDefinitionKey":"TM_Top5TeamStrengths","Title":"Top 5 Team Strengths","Description":"Identifies team strengths by highlighting average scores of the five highest scored competencies of direct reports.","SubTitle":"Competency Strengths for Your Team","WebPartIconName":null,"WidgetNotificationMode":0,"WidgetDeeplinkUrlText":null,"CategoryName":"Talent","IsWebPartEnabled":true,"TypeName":"SumTotal.SPPortal.WebParts.Core.Performance.Top5TeamStrengths.Top5TeamStrengths, SumTotal.SPPortal.WebParts, Version=1.0.0.0, Culture=neutral, PublicKeyToken=6b7f90fbd13cce01","WebPartServiceAgentInterfaceTypeName":"IPerformanceWebPartContractAsync","WebPartDefinitionXml":null,"HideWebPartHeader":false,"HideWebPartFooter":true,"IsFreeFlowing":false,"PillarKey":"TM","ChromeStyle":7,"ParameterJSON":"{\"HeaderLinkIcon\": \"\", \"IsCustomEditor\": false, \"ChartConfig\":{\"columnMap\":[\"value\"], \"barType\":\"bar\", \"ChartLabelColumn\":\"dataName\"}, \"PreviewType\":\"barChart\"}","TemplatePath":"app/modules/dashboard/views/webparts/widgetTop5TeamStrengths.html","IsSystemLocked":false,"Category":{"Id":6,"Name":"Talent","CategoryKey":"WebPartDefinition_Talent","Description":"Talent","ParentId":1,"OrdinalPosition":null},"Id":50},{"WebPartDefinitionKey":"TM_MyTeamSuccessionStatus","Title":"Team Succession Status","Description":"Provides readiness metrics for direct reports being groomed as successors.","SubTitle":"Succession Information for Your Team","WebPartIconName":null,"WidgetNotificationMode":0,"WidgetDeeplinkUrlText":"View Succession Dashboard","CategoryName":"Talent","IsWebPartEnabled":true,"TypeName":"SumTotal.SPPortal.WebParts.Core.Succession.TeamSuccessionStatus.TeamSuccessionStatus, SumTotal.SPPortal.WebParts, Version=1.0.0.0, Culture=neutral, PublicKeyToken=6b7f90fbd13cce01","WebPartServiceAgentInterfaceTypeName":"ISuccessionWebPartContractAsync","WebPartDefinitionXml":null,"HideWebPartHeader":false,"HideWebPartFooter":true,"IsFreeFlowing":false,"PillarKey":"TM","ChromeStyle":7,"ParameterJSON":"{\"HeaderLinkIcon\": \"\", \"IsCustomEditor\": false, \"ChartConfig\":{\"IsStacked\": true,\"columnMap\":[\"lowBenchStrength\", \"mediumBenchStrength\", \"highBenchStrength\"],\"ChartLabelColumn\":\"name\"},\"PreviewType\":\"barChart\"}","TemplatePath":"app/modules/dashboard/views/webparts/widgetTeamSuccessionStatus.html","IsSystemLocked":false,"Category":{"Id":6,"Name":"Talent","CategoryKey":"WebPartDefinition_Talent","Description":"Talent","ParentId":1,"OrdinalPosition":null},"Id":51},{"WebPartDefinitionKey":"TM_Top5TeamWeaknesses","Title":"Top 5 Team Weaknesses","Description":"Identifies team weaknesses by highlighting average scores of the five lowest scored competencies of direct reports.","SubTitle":"Team Development Opportunities","WebPartIconName":null,"WidgetNotificationMode":0,"WidgetDeeplinkUrlText":null,"CategoryName":"Talent","IsWebPartEnabled":true,"TypeName":"SumTotal.SPPortal.WebParts.Core.Performance.Top5TeamWeaknesses.Top5TeamWeaknesses, SumTotal.SPPortal.WebParts, Version=1.0.0.0, Culture=neutral, PublicKeyToken=6b7f90fbd13cce01","WebPartServiceAgentInterfaceTypeName":"IPerformanceWebPartContractAsync","WebPartDefinitionXml":null,"HideWebPartHeader":false,"HideWebPartFooter":true,"IsFreeFlowing":false,"PillarKey":"TM","ChromeStyle":7,"ParameterJSON":"{\"HeaderLinkIcon\": \"\", \"IsCustomEditor\": false, \"ChartConfig\":{\"columnMap\":[\"value\"], \"barType\":\"bar\", \"ChartLabelColumn\":\"dataName\"},\"PreviewType\":\"barChart\"}","TemplatePath":"app/modules/dashboard/views/webparts/widgetTop5TeamWeaknesses.html","IsSystemLocked":false,"Category":{"Id":6,"Name":"Talent","CategoryKey":"WebPartDefinition_Talent","Description":"Talent","ParentId":1,"OrdinalPosition":null},"Id":52},{"WebPartDefinitionKey":"TM_TeamRetentionRisk","Title":"Team Retention Risk","Description":"Highlights potential retention risks related to a manager's team.","SubTitle":"Flight Risks for Your Team","WebPartIconName":null,"WidgetNotificationMode":0,"WidgetDeeplinkUrlText":"View Succession Dashboard","CategoryName":"Talent","IsWebPartEnabled":true,"TypeName":"SumTotal.SPPortal.WebParts.Core.Succession.TeamRetentionRisk.TeamRetentionRisk, SumTotal.SPPortal.WebParts, Version=1.0.0.0, Culture=neutral, PublicKeyToken=6b7f90fbd13cce01","WebPartServiceAgentInterfaceTypeName":"ISuccessionWebPartContractAsync","WebPartDefinitionXml":null,"HideWebPartHeader":false,"HideWebPartFooter":true,"IsFreeFlowing":false,"PillarKey":"TM","ChromeStyle":7,"ParameterJSON":"{\"HeaderLinkIcon\": \"\", \"IsCustomEditor\": false, \"ChartConfig\":{\"columnMap\":[\"employees\"], \"barType\":\"bar\", \"ChartLabelColumn\":\"name\"},\"PreviewType\":\"barChart\"}","TemplatePath":"app/modules/dashboard/views/webparts/widgetTeamRetentionRisk.html","IsSystemLocked":false,"Category":{"Id":6,"Name":"Talent","CategoryKey":"WebPartDefinition_Talent","Description":"Talent","ParentId":1,"OrdinalPosition":null},"Id":53},{"WebPartDefinitionKey":"TM_MyTeamDevelopmentStatus","Title":"Team Development Status","Description":"Displays direct report development goals and highlights where manager mentoring may be required.","SubTitle":"Development Status for Your Team","WebPartIconName":null,"WidgetNotificationMode":0,"WidgetDeeplinkUrlText":null,"CategoryName":"Talent","IsWebPartEnabled":true,"TypeName":"SumTotal.SPPortal.WebParts.Core.Performance.TeamDevelopmentStatus.TeamDevelopmentStatus, SumTotal.SPPortal.WebParts, Version=1.0.0.0, Culture=neutral, PublicKeyToken=6b7f90fbd13cce01","WebPartServiceAgentInterfaceTypeName":"IPerformanceWebPartContractAsync","WebPartDefinitionXml":null,"HideWebPartHeader":false,"HideWebPartFooter":true,"IsFreeFlowing":false,"PillarKey":"TM","ChromeStyle":7,"ParameterJSON":"{\"HeaderLinkIcon\": \"\", \"IsCustomEditor\": false, \"ChartConfig\":{\"columnMap\":[\"employees\"], \"barType\":\"bar\", \"ChartLabelColumn\":\"name\"},\"PreviewType\":\"barChart\"}","TemplatePath":"app/modules/dashboard/views/webparts/widgetTeamDevelopmentStatus.html","IsSystemLocked":false,"Category":{"Id":6,"Name":"Talent","CategoryKey":"WebPartDefinition_Talent","Description":"Talent","ParentId":1,"OrdinalPosition":null},"Id":54},{"WebPartDefinitionKey":"TM_BudgetSummary","Title":"Budget Summary","Description":"Displays  budget spend percentages for compensation processes.","SubTitle":"Information About Compensation Budgets","WebPartIconName":null,"WidgetNotificationMode":0,"WidgetDeeplinkUrlText":null,"CategoryName":"Talent","IsWebPartEnabled":true,"TypeName":"SumTotal.SPPortal.WebParts.Core.Compensation.BudgetSummary.BudgetSummary, SumTotal.SPPortal.WebParts, Version=1.0.0.0, Culture=neutral, PublicKeyToken=6b7f90fbd13cce01","WebPartServiceAgentInterfaceTypeName":"ICompensationWebPartContractAsync","WebPartDefinitionXml":null,"HideWebPartHeader":false,"HideWebPartFooter":true,"IsFreeFlowing":false,"PillarKey":"TM","ChromeStyle":7,"ParameterJSON":"{\"HeaderLinkIcon\": \"\", \"IsCustomEditor\": false, \"ChartConfig\":{\"columnMap\":[\"spent\"], \"barType\":\"bar\", \"ChartLabelColumn\":\"name\"},\"PreviewType\":\"barChart\"}","TemplatePath":"app/modules/dashboard/views/webparts/widgetBudgetSummary.html","IsSystemLocked":false,"Category":{"Id":6,"Name":"Talent","CategoryKey":"WebPartDefinition_Talent","Description":"Talent","ParentId":1,"OrdinalPosition":null},"Id":55},{"WebPartDefinitionKey":"HRMS_Demographics","Title":"HR Management Demographics","Description":"Displays basic personal information of the current user.","SubTitle":"Get HRMS demographics of current user","WebPartIconName":null,"WidgetNotificationMode":0,"WidgetDeeplinkUrlText":null,"CategoryName":"Talent","IsWebPartEnabled":true,"TypeName":"SumTotal.SPPortal.WebParts.Core.HRMS.HRMSDemographics.HRMSDemographics, SumTotal.SPPortal.WebParts, Version=1.0.0.0, Culture=neutral, PublicKeyToken=6b7f90fbd13cce01","WebPartServiceAgentInterfaceTypeName":"IHRMSWebPartContractAsync","WebPartDefinitionXml":null,"HideWebPartHeader":false,"HideWebPartFooter":true,"IsFreeFlowing":false,"PillarKey":"TM","ChromeStyle":7,"ParameterJSON":"{\"HeaderLinkIcon\": \"\", \"IsCustomEditor\": false, \"PreviewType\" : \"table\"}","TemplatePath":"app/modules/dashboard/views/webparts/widgetHRMSDemographics.html","IsSystemLocked":false,"Category":{"Id":6,"Name":"Talent","CategoryKey":"WebPartDefinition_Talent","Description":"Talent","ParentId":1,"OrdinalPosition":null},"Id":56},{"WebPartDefinitionKey":"HRMS_AddrInfo","Title":"HR Management Address Information","Description":"Displays address information of current user","SubTitle":"Get address information of current user","WebPartIconName":null,"WidgetNotificationMode":0,"WidgetDeeplinkUrlText":null,"CategoryName":"Talent","IsWebPartEnabled":true,"TypeName":"SumTotal.SPPortal.WebParts.Core.HRMS.HRMSAddrInfo.HRMSAddrInfo, SumTotal.SPPortal.WebParts, Version=1.0.0.0, Culture=neutral, PublicKeyToken=6b7f90fbd13cce01","WebPartServiceAgentInterfaceTypeName":"IHRMSWebPartContractAsync","WebPartDefinitionXml":null,"HideWebPartHeader":false,"HideWebPartFooter":true,"IsFreeFlowing":false,"PillarKey":"TM","ChromeStyle":7,"ParameterJSON":"{\"HeaderLinkIcon\": \"\", \"IsCustomEditor\": false, \"PreviewType\" : \"table\"}","TemplatePath":"app/modules/dashboard/views/webparts/widgetHRMSAddressInfo.html","IsSystemLocked":false,"Category":{"Id":6,"Name":"Talent","CategoryKey":"WebPartDefinition_Talent","Description":"Talent","ParentId":1,"OrdinalPosition":null},"Id":57},{"WebPartDefinitionKey":"TM_MyFeedbacks","Title":"My Feedback","Description":"Displays feedbacks provided to user.","SubTitle":"My Feedbacks","WebPartIconName":null,"WidgetNotificationMode":0,"WidgetDeeplinkUrlText":null,"CategoryName":"Talent","IsWebPartEnabled":true,"TypeName":null,"WebPartServiceAgentInterfaceTypeName":null,"WebPartDefinitionXml":null,"HideWebPartHeader":false,"HideWebPartFooter":true,"IsFreeFlowing":false,"PillarKey":"TM","ChromeStyle":7,"ParameterJSON":"{\"HeaderLinkIcon\": \"\", \"IsCustomEditor\": false, \"PreviewType\" : \"configMyFeedback\", \"Config\":{\"NumberOfComments\": \"5\", \"ShowCompetencies\": true, \"ShowGoals\": true}}","TemplatePath":"app/modules/core/views/continuousfeedback/LandingPage.html","IsSystemLocked":false,"Category":{"Id":6,"Name":"Talent","CategoryKey":"WebPartDefinition_Talent","Description":"Talent","ParentId":1,"OrdinalPosition":null},"Id":91},{"WebPartDefinitionKey":"Continuous_Review","Title":"My Team Feedback","Description":"Displays FeedBack Data For Direct Reportees","SubTitle":"My Team Feedback","WebPartIconName":null,"WidgetNotificationMode":0,"WidgetDeeplinkUrlText":null,"CategoryName":"Talent","IsWebPartEnabled":true,"TypeName":null,"WebPartServiceAgentInterfaceTypeName":null,"WebPartDefinitionXml":null,"HideWebPartHeader":false,"HideWebPartFooter":false,"IsFreeFlowing":false,"PillarKey":"TM","ChromeStyle":7,"ParameterJSON":"{\"HeaderLinkIcon\": \"\", \"IsCustomEditor\": false, \"PreviewType\" : \"table\"}","TemplatePath":"app/modules/dashboard/views/webparts/continuousReviewDashboard.html","IsSystemLocked":false,"Category":{"Id":6,"Name":"Talent","CategoryKey":"WebPartDefinition_Talent","Description":"Talent","ParentId":1,"OrdinalPosition":null},"Id":92},{"WebPartDefinitionKey":"Rec_Application_Status","Title":"Application Status","Description":"Track your job applications. You can view your application, check your fit for the job (based on how well your resume matches job requirements), or withdraw your application.","SubTitle":"Requisition Application Status","WebPartIconName":null,"WidgetNotificationMode":0,"WidgetDeeplinkUrlText":null,"CategoryName":"Talent","IsWebPartEnabled":true,"TypeName":null,"WebPartServiceAgentInterfaceTypeName":null,"WebPartDefinitionXml":null,"HideWebPartHeader":false,"HideWebPartFooter":false,"IsFreeFlowing":false,"PillarKey":null,"ChromeStyle":7,"ParameterJSON":"{\"HeaderLinkIcon\": \"\", \"IsCustomEditor\": false, \"PreviewType\" : \"table\"}","TemplatePath":"app/modules/dashboard/views/webparts/widgetApplicationStatus.html","IsSystemLocked":false,"Category":{"Id":6,"Name":"Talent","CategoryKey":"WebPartDefinition_Talent","Description":"Talent","ParentId":1,"OrdinalPosition":null},"Id":103},{"WebPartDefinitionKey":"Rec_Fav_Jobs","Title":"Favorite Jobs","Description":"Keep track of your favorite jobs. You can apply for these jobs if they are still accepting applications.","SubTitle":"Requisition Favorite Jobs","WebPartIconName":null,"WidgetNotificationMode":0,"WidgetDeeplinkUrlText":null,"CategoryName":"Talent","IsWebPartEnabled":true,"TypeName":null,"WebPartServiceAgentInterfaceTypeName":null,"WebPartDefinitionXml":null,"HideWebPartHeader":false,"HideWebPartFooter":false,"IsFreeFlowing":false,"PillarKey":null,"ChromeStyle":7,"ParameterJSON":"{\"HeaderLinkIcon\": \"\", \"IsCustomEditor\": false, \"PreviewType\" : \"table\"}","TemplatePath":"app/modules/dashboard/views/webparts/widgetFavoriteJobs.html","IsSystemLocked":false,"Category":{"Id":6,"Name":"Talent","CategoryKey":"WebPartDefinition_Talent","Description":"Talent","ParentId":1,"OrdinalPosition":null},"Id":104},{"WebPartDefinitionKey":"Rec_Recommended_Jobs","Title":"Recommended Jobs","Description":"View jobs recommended for you, based on your fit for job requirements and your location.","SubTitle":"Requisition Favorite Jobs","WebPartIconName":null,"WidgetNotificationMode":0,"WidgetDeeplinkUrlText":null,"CategoryName":"Talent","IsWebPartEnabled":true,"TypeName":null,"WebPartServiceAgentInterfaceTypeName":null,"WebPartDefinitionXml":null,"HideWebPartHeader":false,"HideWebPartFooter":false,"IsFreeFlowing":false,"PillarKey":null,"ChromeStyle":7,"ParameterJSON":"{\"HeaderLinkIcon\": \"\", \"IsCustomEditor\": false, \"PreviewType\" : \"table\"}","TemplatePath":"app/modules/dashboard/views/webparts/widgetRecommendedJobs.html","IsSystemLocked":false,"Category":{"Id":6,"Name":"Talent","CategoryKey":"WebPartDefinition_Talent","Description":"Talent","ParentId":1,"OrdinalPosition":null},"Id":105}]},{"Category":{"Id":28,"Name":"Enterprise Search Configuration","CategoryKey":"ENTERPRISE_SEARCH","Description":"The category for enterprise search settings","ParentId":0,"OrdinalPosition":"1"},"Definitions":[{"WebPartDefinitionKey":"FTE_Custom_Widget","Title":"Custom Widget","Description":"Widget for First Time Search Experience","SubTitle":null,"WebPartIconName":null,"WidgetNotificationMode":0,"WidgetDeeplinkUrlText":null,"CategoryName":"Enterprise Search Configuration","IsWebPartEnabled":true,"TypeName":null,"WebPartServiceAgentInterfaceTypeName":null,"WebPartDefinitionXml":null,"HideWebPartHeader":false,"HideWebPartFooter":true,"IsFreeFlowing":false,"PillarKey":null,"ChromeStyle":7,"ParameterJSON":"{\"HeaderLinkIcon\": \"\", \"IsCustomEditor\": true, \"PreviewType\" : \"search\", \"WidgetContent\":\"\", \"icon\":\"fa-code\"}","TemplatePath":"app/modules/dashboard/views/searchWidgets/customWidget.html","IsSystemLocked":false,"Category":{"Id":28,"Name":"Enterprise Search Configuration","CategoryKey":"ENTERPRISE_SEARCH","Description":"The category for enterprise search settings","ParentId":0,"OrdinalPosition":"1"},"Id":71},{"WebPartDefinitionKey":"Find_Course","Title":"Find a Course","Description":"Provides a launching point to search for courses in the learning library.","SubTitle":null,"WebPartIconName":null,"WidgetNotificationMode":0,"WidgetDeeplinkUrlText":null,"CategoryName":"Enterprise Search Configuration","IsWebPartEnabled":true,"TypeName":null,"WebPartServiceAgentInterfaceTypeName":null,"WebPartDefinitionXml":null,"HideWebPartHeader":false,"HideWebPartFooter":false,"IsFreeFlowing":false,"PillarKey":null,"ChromeStyle":7,"ParameterJSON":"{ \"HeaderLinkIcon\": \"\", \"IsCustomEditor\": false, \"PreviewType\": \"search\", \"WidgetContent\": [\t{ \"contentItem\": \"ENTERPRISE_SEARCH_FIND_COURSE_CONTENT_ITEM\", \"contentDescription\": \"ENTERPRISE_SEARCH_FIND_COURSE_CONTENT_DESC\", \"isLink\": false\t},\t{ \"contentItem\": \"ENTERPRISE_SEARCH_FIND_COURSE_CONTENT_ITEM_TWO\", \"contentDescription\": \"ENTERPRISE_SEARCH_FIND_COURSE_CONTENT_DESC_TWO\", \"contentLink\": \"ENTERPRISE_SEARCH_LEARNER_DASHBOARD_LINK\", \"isLink\": true , \"link\" : \"/dash/learning\"\t} ], \"icon\":\"fa-desktop\", \"catalogItem\":\"Course\"\t}","TemplatePath":"app/modules/dashboard/views/searchWidgets/findCourse.html","IsSystemLocked":false,"Category":{"Id":28,"Name":"Enterprise Search Configuration","CategoryKey":"ENTERPRISE_SEARCH","Description":"The category for enterprise search settings","ParentId":0,"OrdinalPosition":"1"},"Id":72},{"WebPartDefinitionKey":"Find_Video","Title":"Find a Video","Description":"Provides a launching point to search for videos in the learning library.","SubTitle":null,"WebPartIconName":null,"WidgetNotificationMode":0,"WidgetDeeplinkUrlText":null,"CategoryName":"Enterprise Search Configuration","IsWebPartEnabled":true,"TypeName":null,"WebPartServiceAgentInterfaceTypeName":null,"WebPartDefinitionXml":null,"HideWebPartHeader":false,"HideWebPartFooter":false,"IsFreeFlowing":false,"PillarKey":null,"ChromeStyle":7,"ParameterJSON":"{ \"HeaderLinkIcon\": \"\", \"IsCustomEditor\": false, \"PreviewType\": \"search\", \"WidgetContent\": [\t{ \"contentItem\": \"ENTERPRISE_SEARCH_FIND_VIDEO_CONTENT_ITEM\", \"contentDescription\": \"ENTERPRISE_SEARCH_FIND_VIDEO_CONTENT_DESC\",  \"isLink\": false\t},\t{ \"contentItem\": \"ENTERPRISE_SEARCH_FIND_VIDEO_CONTENT_ITEM_TWO\", \"contentDescription\": \"ENTERPRISE_SEARCH_FIND_VIDEO_CONTENT_DESC_TWO\", \"contentLink\": \"ENTERPRISE_SEARCH_LEARNER_DASHBOARD_LINK\", \"isLink\": true , \"link\": \"/dash/learning\"\t} ], \"icon\":\"fa-video-camera\", \"catalogItem\":\"Video\"\t}","TemplatePath":"app/modules/dashboard/views/searchWidgets/findVideo.html","IsSystemLocked":false,"Category":{"Id":28,"Name":"Enterprise Search Configuration","CategoryKey":"ENTERPRISE_SEARCH","Description":"The category for enterprise search settings","ParentId":0,"OrdinalPosition":"1"},"Id":73},{"WebPartDefinitionKey":"Find_Person","Title":"Find another Person","Description":"Provides a launching point to search for people.","SubTitle":null,"WebPartIconName":null,"WidgetNotificationMode":0,"WidgetDeeplinkUrlText":null,"CategoryName":"Enterprise Search Configuration","IsWebPartEnabled":true,"TypeName":null,"WebPartServiceAgentInterfaceTypeName":null,"WebPartDefinitionXml":null,"HideWebPartHeader":false,"HideWebPartFooter":false,"IsFreeFlowing":false,"PillarKey":null,"ChromeStyle":7,"ParameterJSON":"{ \"HeaderLinkIcon\": \"\", \"IsCustomEditor\": false, \"PreviewType\": \"search\", \"WidgetContent\": [\t{ \"contentItem\": \"ENTERPRISE_SEARCH_FIND_PERSON_CONTENT_ITEM\", \"contentDescription\": \"ENTERPRISE_SEARCH_FIND_PERSON_CONTENT_DESC\", \"isLink\": false\t} ], \"icon\":\"fa-users\"\t}","TemplatePath":"app/modules/dashboard/views/searchWidgets/findPerson.html","IsSystemLocked":false,"Category":{"Id":28,"Name":"Enterprise Search Configuration","CategoryKey":"ENTERPRISE_SEARCH","Description":"The category for enterprise search settings","ParentId":0,"OrdinalPosition":"1"},"Id":74},{"WebPartDefinitionKey":"Find_Report","Title":"Find a Report","Description":"Provides a launching point to search for reports.","SubTitle":null,"WebPartIconName":null,"WidgetNotificationMode":0,"WidgetDeeplinkUrlText":null,"CategoryName":"Enterprise Search Configuration","IsWebPartEnabled":true,"TypeName":null,"WebPartServiceAgentInterfaceTypeName":null,"WebPartDefinitionXml":null,"HideWebPartHeader":false,"HideWebPartFooter":false,"IsFreeFlowing":false,"PillarKey":null,"ChromeStyle":7,"ParameterJSON":"{ \"HeaderLinkIcon\": \"\", \"IsCustomEditor\": false, \"PreviewType\": \"search\", \"WidgetContent\": [\t{ \"contentItem\": \"ENTERPRISE_SEARCH_FIND_REPORT_CONTENT_ITEM\", \"isLink\": true\t},\t{ \"contentItem\": \"ENTERPRISE_SEARCH_FIND_REPORT_CONTENT_ITEM_TWO\", \"contentDescription\": \"ENTERPRISE_SEARCH_FIND_REPORT_CONTENT_DESC_TWO\", \"isLink\": false\t} ], \"icon\":\"fa-file-text-o\"\t}","TemplatePath":"app/modules/dashboard/views/searchWidgets/findReport.html","IsSystemLocked":false,"Category":{"Id":28,"Name":"Enterprise Search Configuration","CategoryKey":"ENTERPRISE_SEARCH","Description":"The category for enterprise search settings","ParentId":0,"OrdinalPosition":"1"},"Id":75},{"WebPartDefinitionKey":"Find_Admin_Page","Title":"Find an Admin Page","Description":"Provides a launching point to search for administrator functions.","SubTitle":null,"WebPartIconName":null,"WidgetNotificationMode":0,"WidgetDeeplinkUrlText":null,"CategoryName":"Enterprise Search Configuration","IsWebPartEnabled":true,"TypeName":null,"WebPartServiceAgentInterfaceTypeName":null,"WebPartDefinitionXml":null,"HideWebPartHeader":false,"HideWebPartFooter":false,"IsFreeFlowing":false,"PillarKey":null,"ChromeStyle":7,"ParameterJSON":"{ \"HeaderLinkIcon\": \"\", \"IsCustomEditor\": false, \"PreviewType\": \"search\", \"WidgetContent\": [\t{ \"contentItem\": \"ENTERPRISE_SEARCH_FIND_ADMIN_CONTENT_ITEM\", \"contentDescription\": \"ENTERPRISE_SEARCH_FIND_ADMIN_CONTENT_DESC\", \"isLink\": false\t} ], \"icon\":\"fa-lock\"\t}","TemplatePath":"app/modules/dashboard/views/searchWidgets/findAdminPage.html","IsSystemLocked":false,"Category":{"Id":28,"Name":"Enterprise Search Configuration","CategoryKey":"ENTERPRISE_SEARCH","Description":"The category for enterprise search settings","ParentId":0,"OrdinalPosition":"1"},"Id":76},{"WebPartDefinitionKey":"Edit_Profile","Title":"Edit Your Profile","Description":"Edit your profile.","SubTitle":null,"WebPartIconName":null,"WidgetNotificationMode":0,"WidgetDeeplinkUrlText":null,"CategoryName":"Enterprise Search Configuration","IsWebPartEnabled":true,"TypeName":null,"WebPartServiceAgentInterfaceTypeName":null,"WebPartDefinitionXml":null,"HideWebPartHeader":false,"HideWebPartFooter":false,"IsFreeFlowing":false,"PillarKey":null,"ChromeStyle":7,"ParameterJSON":"{\"HeaderLinkIcon\": \"\", \"IsCustomEditor\": false, \"PreviewType\" : \"search\", \"WidgetContent\":[{ \"contentItem\": \"ENTERPRISE_SEARCH_EDIT_PROFILE_CONTENT_ITEM\", \"isLink\": true , \"link\" : \"/dash/profile\"\t}], \"icon\":\"fa-user\"}","TemplatePath":"app/modules/dashboard/views/searchWidgets/editProfile.html","IsSystemLocked":false,"Category":{"Id":28,"Name":"Enterprise Search Configuration","CategoryKey":"ENTERPRISE_SEARCH","Description":"The category for enterprise search settings","ParentId":0,"OrdinalPosition":"1"},"Id":77},{"WebPartDefinitionKey":"Find_Activity","Title":"Find an Activity","Description":"Provides a launching point to search for courses.","SubTitle":null,"WebPartIconName":null,"WidgetNotificationMode":0,"WidgetDeeplinkUrlText":null,"CategoryName":"Enterprise Search Configuration","IsWebPartEnabled":true,"TypeName":null,"WebPartServiceAgentInterfaceTypeName":null,"WebPartDefinitionXml":null,"HideWebPartHeader":false,"HideWebPartFooter":false,"IsFreeFlowing":false,"PillarKey":null,"ChromeStyle":7,"ParameterJSON":"{ \"HeaderLinkIcon\": \"\", \"IsCustomEditor\": false, \"PreviewType\": \"search\", \"WidgetContent\": [\t{ \"contentItem\": \"ENTERPRISE_SEARCH_FIND_ACTIVITY_CONTENT_ITEM\", \"contentDescription\": \"ENTERPRISE_SEARCH_FIND_ACTIVITY_CONTENT_DESC\", \"isLink\": false\t},\t{ \"contentItem\": \"ENTERPRISE_SEARCH_FIND_ACTIVITY_CONTENT_ITEM_TWO\", \"contentDescription\": \"ENTERPRISE_SEARCH_FIND_ACTIVITY_CONTENT_DESC_TWO\", \"contentLink\": \"ENTERPRISE_SEARCH_LEARNER_DASHBOARD_LINK\", \"isLink\": true, \"link\":\"/dash/learning\"\t} ], \"icon\":\"fa-edit\", \"catalogItem\":\"Activity\"\t}","TemplatePath":"app/modules/dashboard/views/searchWidgets/findActivity.html","IsSystemLocked":false,"Category":{"Id":28,"Name":"Enterprise Search Configuration","CategoryKey":"ENTERPRISE_SEARCH","Description":"The category for enterprise search settings","ParentId":0,"OrdinalPosition":"1"},"Id":78},{"WebPartDefinitionKey":"Find_Job","Title":"Find A Job","Description":"Here are a few different ways to find a job:","SubTitle":null,"WebPartIconName":null,"WidgetNotificationMode":0,"WidgetDeeplinkUrlText":null,"CategoryName":"Enterprise Search Configuration","IsWebPartEnabled":true,"TypeName":null,"WebPartServiceAgentInterfaceTypeName":null,"WebPartDefinitionXml":null,"HideWebPartHeader":false,"HideWebPartFooter":false,"IsFreeFlowing":false,"PillarKey":null,"ChromeStyle":7,"ParameterJSON":"{ \"HeaderLinkIcon\": \"\", \"IsCustomEditor\": false, \"PreviewType\": \"search\", \"WidgetContent\": [\t{ \"contentItem\": \"ENTERPRISE_SEARCH_FIND_JOB_CONTENT_ITEM\", \"isLink\": true\t},\t{ \"contentItem\": \"ENTERPRISE_SEARCH_FIND_JOB_CONTENT_ITEM_TWO\", \"contentDescription\": \"ENTERPRISE_SEARCH_FIND_JOB_CONTENT_DESC_TWO\", \"isLink\": false\t} ], \"icon\":\"fa-search\"\t}","TemplatePath":"app/modules/dashboard/views/searchWidgets/findJob.html","IsSystemLocked":false,"Category":{"Id":28,"Name":"Enterprise Search Configuration","CategoryKey":"ENTERPRISE_SEARCH","Description":"The category for enterprise search settings","ParentId":0,"OrdinalPosition":"1"},"Id":86}]},{"Category":{"Id":1,"Name":"Portal","CategoryKey":"TRANSLATIONS_PORTAL","Description":"The root category to store translation strings for the Portal.","ParentId":0,"OrdinalPosition":"1"},"Definitions":[{"WebPartDefinitionKey":"my_reports","Title":"Embedded Report","Description":"Pins a report from Advanced Reporting on the dashboard.","SubTitle":"Advanced Reporting","WebPartIconName":null,"WidgetNotificationMode":0,"WidgetDeeplinkUrlText":null,"CategoryName":"Portal","IsWebPartEnabled":true,"TypeName":null,"WebPartServiceAgentInterfaceTypeName":null,"WebPartDefinitionXml":null,"HideWebPartHeader":false,"HideWebPartFooter":false,"IsFreeFlowing":false,"PillarKey":"AdvancedReport","ChromeStyle":7,"ParameterJSON":"{\"HeaderLinkIcon\": \"\", \"IsCustomEditor\": false, \"PreviewType\" : \"report\", \"reportUrl\": \"\", \"showToolbar\":\"\"}","TemplatePath":"app/modules/dashboard/views/webparts/MyReport.html","IsSystemLocked":false,"Category":{"Id":1,"Name":"Portal","CategoryKey":"TRANSLATIONS_PORTAL","Description":"The root category to store translation strings for the Portal.","ParentId":0,"OrdinalPosition":"1"},"Id":88},{"WebPartDefinitionKey":"reporting_widget","Title":"Report List","Description":"Displays selected Advanced Reporting reports in a list. Users can click to view a report in a slide-out panel.","SubTitle":"Advanced Reporting","WebPartIconName":null,"WidgetNotificationMode":0,"WidgetDeeplinkUrlText":null,"CategoryName":"Portal","IsWebPartEnabled":true,"TypeName":null,"WebPartServiceAgentInterfaceTypeName":null,"WebPartDefinitionXml":null,"HideWebPartHeader":false,"HideWebPartFooter":false,"IsFreeFlowing":false,"PillarKey":"AdvancedReport","ChromeStyle":7,"ParameterJSON":"{\"HeaderLinkIcon\": \"\", \"IsCustomEditor\": false, \"PreviewType\" : \"reportList\", \"reportUrl\": \"\", \"showToolbar\":\"\"}","TemplatePath":"app/modules/dashboard/views/webparts/widgetARWidget.html","IsSystemLocked":false,"Category":{"Id":1,"Name":"Portal","CategoryKey":"TRANSLATIONS_PORTAL","Description":"The root category to store translation strings for the Portal.","ParentId":0,"OrdinalPosition":"1"},"Id":89}]},{"Category":{"Id":94,"Name":"Requisition","CategoryKey":"WebPartDefinition_Requisition","Description":"Category for Requisition widget.","ParentId":1,"OrdinalPosition":null},"Definitions":[{"WebPartDefinitionKey":"Requisition_Widget","Title":"Requisition Summary","Description":"Displays key summary information about the requisition","SubTitle":"Requisition Summary","WebPartIconName":null,"WidgetNotificationMode":0,"WidgetDeeplinkUrlText":null,"CategoryName":"Requisition","IsWebPartEnabled":true,"TypeName":null,"WebPartServiceAgentInterfaceTypeName":null,"WebPartDefinitionXml":null,"HideWebPartHeader":false,"HideWebPartFooter":false,"IsFreeFlowing":false,"PillarKey":null,"ChromeStyle":7,"ParameterJSON":"{\"HeaderLinkIcon\": \"\", \"IsCustomEditor\": false, \"PreviewType\" : \"table\"}","TemplatePath":"app/modules/dashboard/views/webparts/widgetRequisitionSummary.html","IsSystemLocked":false,"Category":{"Id":94,"Name":"Requisition","CategoryKey":"WebPartDefinition_Requisition","Description":"Category for Requisition widget.","ParentId":1,"OrdinalPosition":null},"Id":100},{"WebPartDefinitionKey":"Requisition_Widget","Title":"Candidate Summary","Description":"Displays candidates by recruiting phase","SubTitle":"Candidate Summary","WebPartIconName":null,"WidgetNotificationMode":0,"WidgetDeeplinkUrlText":null,"CategoryName":"Requisition","IsWebPartEnabled":true,"TypeName":null,"WebPartServiceAgentInterfaceTypeName":null,"WebPartDefinitionXml":null,"HideWebPartHeader":false,"HideWebPartFooter":false,"IsFreeFlowing":false,"PillarKey":null,"ChromeStyle":7,"ParameterJSON":"{\"HeaderLinkIcon\": \"\", \"IsCustomEditor\": false, \"PreviewType\" : \"table\"}","TemplatePath":"app/modules/dashboard/views/webparts/widgetCandidateSummary.html","IsSystemLocked":false,"Category":{"Id":94,"Name":"Requisition","CategoryKey":"WebPartDefinition_Requisition","Description":"Category for Requisition widget.","ParentId":1,"OrdinalPosition":null},"Id":101},{"WebPartDefinitionKey":"Requisition_Widget","Title":"Recently Accessed Applications","Description":"Displays 10 most recently accessed applications for a requisition","SubTitle":"Requisition Summary","WebPartIconName":null,"WidgetNotificationMode":0,"WidgetDeeplinkUrlText":null,"CategoryName":"Requisition","IsWebPartEnabled":true,"TypeName":null,"WebPartServiceAgentInterfaceTypeName":null,"WebPartDefinitionXml":null,"HideWebPartHeader":false,"HideWebPartFooter":false,"IsFreeFlowing":false,"PillarKey":null,"ChromeStyle":7,"ParameterJSON":"{\"HeaderLinkIcon\": \"\", \"IsCustomEditor\": false, \"PreviewType\" : \"table\"}","TemplatePath":"app/modules/dashboard/views/webparts/widgetRecentlyAccessedRequisition.html","IsSystemLocked":false,"Category":{"Id":94,"Name":"Requisition","CategoryKey":"WebPartDefinition_Requisition","Description":"Category for Requisition widget.","ParentId":1,"OrdinalPosition":null},"Id":102}]}]},
        mustSetSecurityQuestions: _.cloneDeep(root.tempStaticData.MustSetSecurityQuestions),
        esbApiRoot: 'https://cl12sales.sumtotaldevelopment.net/Services/api/',
        useCommonHelpUrl: true,
        commonHelpUrl: 'https://help.sumtotaldevelopment.net/',
        tenantName : 'SumTotal'
      });

      staticData.appUris.makeWorkerUri = function (relativePathToWorker) {
        var uri = null;

        if(staticData.debugEnabled) {
          uri = new URI('app/modules/', staticData.appUris.tenantRoot);
        } else {
          uri = new URI('dist/app/modules/', staticData.appUris.tenantRoot);
        }

        uri = new URI(relativePathToWorker, uri);

        return uri.toString();
      };

      return staticData;
    };
  }));
</script>
    <script type="text/javascript">
      (function(root, factory, errorHandler) {
        root.jQuery(root.document).ready(function() {
          root.require(['main'], factory(root));
        });
      }(this, function(root) {
        return function(main) {
          if(root.debugEnabled) {
            console.log('Main resources have been loaded.', main);
          }
        }
      }, function(error) {
        console.error(error);
      }));
    </script>
  </div>


<input id="textAngular-editableFix-010203040506070809" class="ta-hidden-input" unselectable="on" tabindex="-1"></body>

2018-08-16 16:25:45 - [TEST_STEP][PASSED] - Statement - lenght = substring.indexOf(","): null

2018-08-16 16:25:45 - [TEST_STEP][PASSED] - comment: length555

2018-08-16 16:25:45 - [TEST_STEP][PASSED] - Statement - esb = substring.substring(0, lenght): null

2018-08-16 16:25:45 - [TEST_STEP][PASSED] - comment: esb 'eyJ0eXAiOiJKV1QiLCJhbGciOiJIUzI1NiJ9.eyJpc3MiOiJodHRwOlwvXC93d3cuc3VtdG90YWxzeXN0ZW1zLmNvbVwvY29yZXVpIiwic3ViIjoiQ29udHJpYnV0ZXIiLCJhdWQiOiJDTDEyX1NBTEVTX1RFU1QiLCJleHAiOjYzNjcwMDE0NjQyNDg1NjgxMywibmJmIjowLCJpYXQiOjYzNjcwMDEzNzQyNzUxMzEyOCwiYnNlc3Npb25pZCI6ImU5MDEwODAwZDkxMDQwYzliMjZlYjlmMDA3YjQwYzgxIiwiZXVzcmlkIjpudWxsLCJldXNybiI6bnVsbCwiY3VsIjoiZW4tVVMiLCJ1c2VyaWQiOiJDb250cmlidXRlciIsImd1ZXN0YWNjb3VudCI6MCwicGVyc29uaWQiOjEwMDg5MCwiaXNleHRlcm5hbCI6ZmFsc2UsInJwa2V5IjoiRUxJWEhSVUkifQ.5D13332A7B6D052607CF3AFF875B7F2841A526CB2F5B632FCDA7BDD551553E9B'

2018-08-16 16:25:45 - [TEST_STEP][PASSED] - Statement - esbapitoken = esb.subSequence(2, esb.length() - 1): null

2018-08-16 16:25:45 - [TEST_STEP][PASSED] - comment: esb api token eyJ0eXAiOiJKV1QiLCJhbGciOiJIUzI1NiJ9.eyJpc3MiOiJodHRwOlwvXC93d3cuc3VtdG90YWxzeXN0ZW1zLmNvbVwvY29yZXVpIiwic3ViIjoiQ29udHJpYnV0ZXIiLCJhdWQiOiJDTDEyX1NBTEVTX1RFU1QiLCJleHAiOjYzNjcwMDE0NjQyNDg1NjgxMywibmJmIjowLCJpYXQiOjYzNjcwMDEzNzQyNzUxMzEyOCwiYnNlc3Npb25pZCI6ImU5MDEwODAwZDkxMDQwYzliMjZlYjlmMDA3YjQwYzgxIiwiZXVzcmlkIjpudWxsLCJldXNybiI6bnVsbCwiY3VsIjoiZW4tVVMiLCJ1c2VyaWQiOiJDb250cmlidXRlciIsImd1ZXN0YWNjb3VudCI6MCwicGVyc29uaWQiOjEwMDg5MCwiaXNleHRlcm5hbCI6ZmFsc2UsInJwa2V5IjoiRUxJWEhSVUkifQ.5D13332A7B6D052607CF3AFF875B7F2841A526CB2F5B632FCDA7BDD551553E9B

2018-08-16 16:25:45 - [TEST_STEP][PASSED] - Statement - ContributerToken = esbapitoken: null

2018-08-16 16:25:45 - [TEST_STEP][PASSED] - Statement - decoded = new java.lang.String(javax.xml.bind.DatatypeConverter.parseBase64Binary(esbapitoken)): null

2018-08-16 16:25:45 - [TEST_STEP][PASSED] - Statement - decoded = decoded.substring(decoded.indexOf("}{") + 1): null

2018-08-16 16:25:45 - [TEST_STEP][PASSED] - comment: ESB DECRYPTED {"iss":"http:\/\/www.sumtotalsystems.com\/coreui","sub":"Contributer","aud":"CL12_SALES_TEST","exp":636700146424856813,"nbf":0,"iat":636700137427513128,"bsessionid":"e9010800d91040c9b26eb9f007b40c81","eusrid":null,"eusrn":null,"cul":"en-US","userid":"Contributer","guestaccount":0,"personid":100890,"isexternal":false,"rpkey":"ELIXHRUI"}C�}����=9ۭ;]�_;����5������P��C�u��

2018-08-16 16:25:45 - [TEST_STEP][PASSED] - Statement - jsonSlurper = new groovy.json.JsonSlurper(): null

2018-08-16 16:25:45 - [TEST_STEP][PASSED] - Statement - object = jsonSlurper.parseText(decoded.toString()): null

2018-08-16 16:25:45 - [TEST_STEP][PASSED] - Statement - userId = personid: null

2018-08-16 16:25:45 - [TEST_STEP][PASSED] - Statement - userName = sub: null

2018-08-16 16:25:45 - [TEST_STEP][PASSED] - Statement - ContributerID = userId: null

2018-08-16 16:25:45 - [TEST_STEP][PASSED] - Statement - ContributerUser = userName: null

2018-08-16 16:25:45 - [TEST_STEP][PASSED] - click: Object: 'Object Repository/Login/Page_Home - SumTotal/fa fa-user' is clicked on

2018-08-16 16:25:45 - [MESSAGE][PASSED] - Object: 'Object Repository/Login/Page_Home - SumTotal/fa fa-user' is clicked on

2018-08-16 16:25:45 - [TEST_STEP][PASSED] - closeBrowser: Browser is closed

2018-08-16 16:25:46 - [MESSAGE][PASSED] - Browser is closed]]></system-out>
         <system-err><![CDATA[]]></system-err>
      </testcase>
      <testcase name="Test Cases/Common/EsbToken" classname="Test Cases/Common/EsbToken" status="PASSED">
         <system-out><![CDATA[2018-08-16 16:25:46 - [TEST_CASE][PASSED] - Test Cases/Common/EsbToken: Test Cases/Common/EsbToken

2018-08-16 16:25:46 - [TEST_STEP][PASSED] - dbConnectionPackage.DBConnectionKeyword.CloseConnections: dbConnectionPackage.DBConnectionKeyword.CloseConnections is PASSED

2018-08-16 16:25:51 - [MESSAGE][PASSED] - Delayed 5 second(s)

2018-08-16 16:25:51 - [MESSAGE][PASSED] - dbConnectionPackage.DBConnectionKeyword.CloseConnections is PASSED

2018-08-16 16:25:51 - [TEST_STEP][PASSED] - openBrowser: Browser is opened with url: ''

2018-08-16 16:25:57 - [MESSAGE][PASSED] - Browser is opened with url: ''

2018-08-16 16:25:57 - [TEST_STEP][PASSED] - navigateToUrl: Navigate to 'https://cl12sales.sumtotaldevelopment.net' successfully

2018-08-16 16:25:58 - [MESSAGE][PASSED] - Navigate to 'https://cl12sales.sumtotaldevelopment.net' successfully

2018-08-16 16:25:58 - [TEST_STEP][PASSED] - delay: Delayed 5 second(s)

2018-08-16 16:26:03 - [MESSAGE][PASSED] - Delayed 5 second(s)

2018-08-16 16:26:03 - [TEST_STEP][PASSED] - setText: Text 'admin' is set on object 'Object Repository/EsbToken/Page_Sign In/input_ctl00ctl00ctl00BodyConte'

2018-08-16 16:26:03 - [MESSAGE][PASSED] - Text 'admin' is set on object 'Object Repository/EsbToken/Page_Sign In/input_ctl00ctl00ctl00BodyConte'

2018-08-16 16:26:03 - [TEST_STEP][PASSED] - setText: Text 'Think|Demo' is set on object 'Object Repository/EsbToken/Page_Sign In/input_ctl00ctl00ctl00BodyConte_1'

2018-08-16 16:26:03 - [MESSAGE][PASSED] - Text 'Think|Demo' is set on object 'Object Repository/EsbToken/Page_Sign In/input_ctl00ctl00ctl00BodyConte_1'

2018-08-16 16:26:03 - [TEST_STEP][PASSED] - click: Object: 'Object Repository/EsbToken/Page_Sign In/input_ctl00ctl00ctl00BodyConte_2' is clicked on

2018-08-16 16:26:05 - [MESSAGE][PASSED] - Object: 'Object Repository/EsbToken/Page_Sign In/input_ctl00ctl00ctl00BodyConte_2' is clicked on

2018-08-16 16:26:05 - [TEST_STEP][PASSED] - Statement - s = com.kms.katalon.core.webui.keyword.WebUiBuiltInKeywords.executeJavaScript("return document.documentElement.innerHTML;", null): Execute JavaScript 'return document.documentElement.innerHTML;' successfully

2018-08-16 16:26:05 - [MESSAGE][PASSED] - Execute JavaScript 'return document.documentElement.innerHTML;' successfully

2018-08-16 16:26:05 - [TEST_STEP][PASSED] - waitForPageLoad: Wait for page load successfully

2018-08-16 16:26:06 - [MESSAGE][PASSED] - Wait for page load successfully

2018-08-16 16:26:06 - [TEST_STEP][PASSED] - comment: <head><style type="text/css">@charset "UTF-8";[ng\:cloak],[ng-cloak],[data-ng-cloak],[x-ng-cloak],.ng-cloak,.x-ng-cloak,.ng-hide:not(.ng-hide-animate){display:none !important;}ng\:form{display:block;}.ng-animate-shim{visibility:hidden;}.ng-anchor{position:absolute;}</style>
  <!--
    ElixHR_18.3.0.0_2018.8.7.1;
  -->

  <title aria-atomic="true" aria-live="assertive"></title>
  <meta name="viewport" content="width=device-width, initial-scale=1, minimum-scale=1, maximum-scale=1">
  <meta name="apple-mobile-web-app-capable" content="yes">
  <meta name="format-detection" content="telephone=yes">
  <meta charset="utf-8">
  <base href="/core/">
  <link rel="shortcut icon" href="https://cl12sales.sumtotaldevelopment.net/Core/favicon.sumttheme?img&amp;themekey=DEFAULT_SKILLSOFT&amp;v=-173730855" type="image/x-icon">
  <link rel="icon" href="https://cl12sales.sumtotaldevelopment.net/Core/favicon.sumttheme?img&amp;themekey=DEFAULT_SKILLSOFT&amp;v=-173730855" type="image/ico">
  
  
    <!-- core:css -->
    <link rel="stylesheet" href="/Core/Content/Common/core.css?hash=ElixHR_18.3.0.0_2018.8.7.1" type="text/css">
    <!-- endinject -->
  <link rel="stylesheet" href="/Core/bower_components/gridstack/dist/gridstack.min.css?hash=ElixHR_18.3.0.0_2018.8.7.1" type="text/css">
  <link rel="stylesheet" href="/Core/Content/Common/colorpicker.min.css?hash=ElixHR_18.3.0.0_2018.8.7.1" type="text/css">
  <link rel="stylesheet" href="https://cl12sales.sumtotaldevelopment.net/Core/bootstrap.sumttheme?css&amp;themekey=DEFAULT_SKILLSOFT&amp;v=-173730855" type="text/css">
  <link rel="stylesheet" href="https://cl12sales.sumtotaldevelopment.net/Core/foundation.sumttheme?css&amp;themekey=DEFAULT_SKILLSOFT&amp;v=-173730855" type="text/css">
  <style id="bootstrapThemePreviewStyle" type="text/css">
  </style>
  <style id="foundationThemePreviewStyle" type="text/css">
  </style>

  <link rel="stylesheet" href="https://cl12sales.sumtotaldevelopment.net/Core/elixHR.sumttheme?css&amp;themekey=DEFAULT_SKILLSOFT&amp;v=-173730855" type="text/css">
  <style id="elixHRThemePreviewStyle" type="text/css">
    .showRightSection {
      margin-left: 26%;
    }

    .hideRightSection {
      margin-left: 0px;
    }

    .showLeftSection {
      display: block;
    }

    .hideLeftSection {
      display: none;
    }
  </style>
  <script type="text/javascript">
    (function (root, factory) {
      factory(root);
    }(this, function (root) {
      root['modulesPath'] = '/Core/dist/app/modules/';

      // root should be the window object. there will need to be some items that we place there right off the bat.
      // temp static data is a method which in the future will prepare all of our static data for client consumption.
      root['tempStaticData'] = {"dashboards":{"Hash":"2118886835","Dashboards":[{"Id":-19,"DefaultPage":{"Id":-200,"title":"Learning Focus","Description":"Learning Focus","IsSystemLocked":false,"Name":"Learning Focus","IsGuestPage":false,"ParameterJSON":null,"Personalization":null,"Url":"#/dash/learningfocus/initial","path":"dash/learningfocus","WebPartPageKey":null,"IsEnabled":false,"RPKey":"LM","Priority":1,"WebParts":[{"Id":-8,"ChromeStyle":0,"Definition":{"WebPartDefinitionKey":"LM_RecommendedActivities","Title":"Recommended Activities","Description":"Displays recommended activities based on your interests, your required skills, and suggestions from others in your organization in a carousel.","SubTitle":null,"WebPartIconName":null,"WidgetNotificationMode":0,"WidgetDeeplinkUrlText":null,"CategoryName":"Learning","IsWebPartEnabled":true,"TypeName":null,"WebPartServiceAgentInterfaceTypeName":null,"WebPartDefinitionXml":null,"HideWebPartHeader":true,"HideWebPartFooter":true,"IsFreeFlowing":false,"PillarKey":"LM","ChromeStyle":6,"ParameterJSON":"{\"HeaderLinkIcon\": \"\", \"IsCustomEditor\": false, \"PreviewType\" : \"table\"}","TemplatePath":"app/modules/dashboard/views/webparts/widgetRecommendedActivitiesCarousel.html","IsSystemLocked":false,"Category":{"Id":8,"Name":"Learning","CategoryKey":"WebPartDefinition_Learning","Description":"Learning","ParentId":1,"OrdinalPosition":null},"Id":115},"HeaderColor":null,"IsHidden":false,"Layout":"{\"x\":0,\"y\":52,\"width\":100,\"height\":19,\"marginBottom\":1.8125}","OverrideTemplate":null,"ParameterJSON":"{\"HeaderLinkIcon\":\"\",\"IsCustomEditor\":false,\"PreviewType\":\"table\"}","SubTitle":null,"SupportsFullScreen":true,"Title":null},{"Id":-7,"ChromeStyle":7,"Definition":{"WebPartDefinitionKey":"LM_ResumeLearning","Title":"Resume Learning","Description":"Provides user with quick access to all recently launched non-completed training items.","SubTitle":"List of recently launched activities","WebPartIconName":null,"WidgetNotificationMode":0,"WidgetDeeplinkUrlText":"View All Recently Launched Activities","CategoryName":"Learning","IsWebPartEnabled":true,"TypeName":"SumTotal.SPPortal.WebParts.Core.Learning.RecentlyLaunched.RecentlyLaunched, SumTotal.SPPortal.WebParts, Version=1.0.0.0, Culture=neutral, PublicKeyToken=6b7f90fbd13cce01","WebPartServiceAgentInterfaceTypeName":"ILMWebPartContractAsync","WebPartDefinitionXml":null,"HideWebPartHeader":false,"HideWebPartFooter":true,"IsFreeFlowing":false,"PillarKey":"LM","ChromeStyle":7,"ParameterJSON":"{\"HeaderLinkIcon\": \"\", \"IsCustomEditor\": false, \"PreviewType\" : \"table\"}","TemplatePath":"app/modules/dashboard/views/webparts/widgetRecentlyLaunchedActivitiesList.html","IsSystemLocked":false,"Category":{"Id":8,"Name":"Learning","CategoryKey":"WebPartDefinition_Learning","Description":"Learning","ParentId":1,"OrdinalPosition":null},"Id":114},"HeaderColor":null,"IsHidden":false,"Layout":"{\"x\":41,\"y\":15,\"width\":59,\"height\":17,\"marginBottom\":0}","OverrideTemplate":null,"ParameterJSON":"{\"HeaderLinkIcon\":\"\",\"IsCustomEditor\":false,\"PreviewType\":\"table\"}","SubTitle":"List of recently launched activities","SupportsFullScreen":true,"Title":null},{"Id":-6,"ChromeStyle":0,"Definition":{"WebPartDefinitionKey":"Common_SearchWidget","Title":"Search","Description":"Quick Search for Courses, Training, Videos, Books and Audiobooks","SubTitle":"Search for Courses, Training, Videos, Books and Audiobooks","WebPartIconName":null,"WidgetNotificationMode":0,"WidgetDeeplinkUrlText":null,"CategoryName":"Learning","IsWebPartEnabled":true,"TypeName":null,"WebPartServiceAgentInterfaceTypeName":null,"WebPartDefinitionXml":null,"HideWebPartHeader":true,"HideWebPartFooter":false,"IsFreeFlowing":false,"PillarKey":null,"ChromeStyle":6,"ParameterJSON":"{\"HeaderLinkIcon\": \"\", \"IsCustomEditor\": false, \"PreviewType\" : \"table\"}","TemplatePath":"app/modules/dashboard/views/webparts/widgetEnterpriseSearch.html","IsSystemLocked":false,"Category":{"Id":8,"Name":"Learning","CategoryKey":"WebPartDefinition_Learning","Description":"Learning","ParentId":1,"OrdinalPosition":null},"Id":113},"HeaderColor":null,"IsHidden":false,"Layout":"{\"x\":0,\"y\":0,\"width\":100,\"height\":13,\"marginBottom\":0.8125}","OverrideTemplate":null,"ParameterJSON":"{\"HeaderLinkIcon\":\"\",\"IsCustomEditor\":false,\"PreviewType\":\"table\",\"showBackground\":true,\"showBorder\":false,\"showShadow\":false,\"noScroll\":true}","SubTitle":"Search for Courses, Training, Videos, Books and Audiobooks","SupportsFullScreen":true,"Title":null},{"Id":-5,"ChromeStyle":7,"Definition":{"WebPartDefinitionKey":"LM_FavouritesCarousel","Title":"My Favorites","Description":"Supports quick access to content marked as a favorite by the user in a carousel.","SubTitle":"Activities, Categories, Collaboration Centers","WebPartIconName":null,"WidgetNotificationMode":1,"WidgetDeeplinkUrlText":"More...","CategoryName":"Learning","IsWebPartEnabled":true,"TypeName":"SumTotal.SPPortal.WebParts.Core.Learning.Favorites.Favorites, SumTotal.SPPortal.WebParts, Version=1.0.0.0, Culture=neutral, PublicKeyToken=6b7f90fbd13cce01","WebPartServiceAgentInterfaceTypeName":"ILMWebPartContractAsync","WebPartDefinitionXml":null,"HideWebPartHeader":false,"HideWebPartFooter":true,"IsFreeFlowing":false,"PillarKey":"LM","ChromeStyle":7,"ParameterJSON":"{\"HeaderLinkIcon\": \"\", \"IsCustomEditor\": false, \"PreviewType\" : \"table\"}","TemplatePath":"app/modules/dashboard/views/webparts/widgetFavoritesCarousel.html","IsSystemLocked":false,"Category":{"Id":8,"Name":"Learning","CategoryKey":"WebPartDefinition_Learning","Description":"Learning","ParentId":1,"OrdinalPosition":null},"Id":112},"HeaderColor":null,"IsHidden":false,"Layout":"{\"x\":0,\"y\":34,\"width\":100,\"height\":17,\"marginBottom\":0}","OverrideTemplate":null,"ParameterJSON":"{\"HeaderLinkIcon\":\"\",\"IsCustomEditor\":false,\"PreviewType\":\"table\"}","SubTitle":"Activities, Categories, Collaboration Centers","SupportsFullScreen":true,"Title":null},{"Id":-4,"ChromeStyle":7,"Definition":{"WebPartDefinitionKey":"LM_MyLearning","Title":"My Learning","Description":"Provides user with graphical summary of their assigned training compliance status.","SubTitle":null,"WebPartIconName":null,"WidgetNotificationMode":0,"WidgetDeeplinkUrlText":null,"CategoryName":"Learning","IsWebPartEnabled":true,"TypeName":"SumTotal.SPPortal.WebParts.Core.Learning.MyLearning.MyLearning, SumTotal.SPPortal.WebParts, Version=1.0.0.0, Culture=neutral, PublicKeyToken=6b7f90fbd13cce01","WebPartServiceAgentInterfaceTypeName":"ILMWebPartContractAsync","WebPartDefinitionXml":null,"HideWebPartHeader":false,"HideWebPartFooter":true,"IsFreeFlowing":false,"PillarKey":"LM","ChromeStyle":7,"ParameterJSON":"{\"HeaderLinkIcon\": \"\", \"IsCustomEditor\": false, \"PreviewType\" : \"html\"}","TemplatePath":"app/modules/dashboard/views/webparts/widgetMyLearning.html","IsSystemLocked":false,"Category":{"Id":8,"Name":"Learning","CategoryKey":"WebPartDefinition_Learning","Description":"Learning","ParentId":1,"OrdinalPosition":null},"Id":67},"HeaderColor":null,"IsHidden":false,"Layout":"{\"x\":0,\"y\":15,\"width\":40,\"height\":17,\"marginBottom\":0}","OverrideTemplate":null,"ParameterJSON":"{\"HeaderLinkIcon\":\"\",\"IsCustomEditor\":false,\"PreviewType\":\"html\"}","SubTitle":null,"SupportsFullScreen":true,"Title":null}],"CanAddPage":false,"CanEditPage":false,"CanDeletePage":false,"CanPersonalizePage":false},"Description":"Displays learning related widgets","Name":"Learning Focused Dashboard","Url":"#/dash/learningfocus","WebPartPageDefinitionKey":null,"WebPartPages":[{"Id":-200,"title":"Learning Focus","Description":"Learning Focus","IsSystemLocked":false,"Name":"Learning Focus","IsGuestPage":false,"ParameterJSON":null,"Personalization":null,"Url":"#/dash/learningfocus/initial","path":"dash/learningfocus/initial","WebPartPageKey":null,"IsEnabled":false,"RPKey":"LM","Priority":1,"WebParts":[{"Id":-8,"ChromeStyle":0,"Definition":{"WebPartDefinitionKey":"LM_RecommendedActivities","Title":"Recommended Activities","Description":"Displays recommended activities based on your interests, your required skills, and suggestions from others in your organization in a carousel.","SubTitle":null,"WebPartIconName":null,"WidgetNotificationMode":0,"WidgetDeeplinkUrlText":null,"CategoryName":"Learning","IsWebPartEnabled":true,"TypeName":null,"WebPartServiceAgentInterfaceTypeName":null,"WebPartDefinitionXml":null,"HideWebPartHeader":true,"HideWebPartFooter":true,"IsFreeFlowing":false,"PillarKey":"LM","ChromeStyle":6,"ParameterJSON":"{\"HeaderLinkIcon\": \"\", \"IsCustomEditor\": false, \"PreviewType\" : \"table\"}","TemplatePath":"app/modules/dashboard/views/webparts/widgetRecommendedActivitiesCarousel.html","IsSystemLocked":false,"Category":{"Id":8,"Name":"Learning","CategoryKey":"WebPartDefinition_Learning","Description":"Learning","ParentId":1,"OrdinalPosition":null},"Id":115},"HeaderColor":null,"IsHidden":false,"Layout":"{\"x\":0,\"y\":52,\"width\":100,\"height\":19,\"marginBottom\":1.8125}","OverrideTemplate":null,"ParameterJSON":"{\"HeaderLinkIcon\":\"\",\"IsCustomEditor\":false,\"PreviewType\":\"table\"}","SubTitle":null,"SupportsFullScreen":true,"Title":null},{"Id":-7,"ChromeStyle":7,"Definition":{"WebPartDefinitionKey":"LM_ResumeLearning","Title":"Resume Learning","Description":"Provides user with quick access to all recently launched non-completed training items.","SubTitle":"List of recently launched activities","WebPartIconName":null,"WidgetNotificationMode":0,"WidgetDeeplinkUrlText":"View All Recently Launched Activities","CategoryName":"Learning","IsWebPartEnabled":true,"TypeName":"SumTotal.SPPortal.WebParts.Core.Learning.RecentlyLaunched.RecentlyLaunched, SumTotal.SPPortal.WebParts, Version=1.0.0.0, Culture=neutral, PublicKeyToken=6b7f90fbd13cce01","WebPartServiceAgentInterfaceTypeName":"ILMWebPartContractAsync","WebPartDefinitionXml":null,"HideWebPartHeader":false,"HideWebPartFooter":true,"IsFreeFlowing":false,"PillarKey":"LM","ChromeStyle":7,"ParameterJSON":"{\"HeaderLinkIcon\": \"\", \"IsCustomEditor\": false, \"PreviewType\" : \"table\"}","TemplatePath":"app/modules/dashboard/views/webparts/widgetRecentlyLaunchedActivitiesList.html","IsSystemLocked":false,"Category":{"Id":8,"Name":"Learning","CategoryKey":"WebPartDefinition_Learning","Description":"Learning","ParentId":1,"OrdinalPosition":null},"Id":114},"HeaderColor":null,"IsHidden":false,"Layout":"{\"x\":41,\"y\":15,\"width\":59,\"height\":17,\"marginBottom\":0}","OverrideTemplate":null,"ParameterJSON":"{\"HeaderLinkIcon\":\"\",\"IsCustomEditor\":false,\"PreviewType\":\"table\"}","SubTitle":"List of recently launched activities","SupportsFullScreen":true,"Title":null},{"Id":-6,"ChromeStyle":0,"Definition":{"WebPartDefinitionKey":"Common_SearchWidget","Title":"Search","Description":"Quick Search for Courses, Training, Videos, Books and Audiobooks","SubTitle":"Search for Courses, Training, Videos, Books and Audiobooks","WebPartIconName":null,"WidgetNotificationMode":0,"WidgetDeeplinkUrlText":null,"CategoryName":"Learning","IsWebPartEnabled":true,"TypeName":null,"WebPartServiceAgentInterfaceTypeName":null,"WebPartDefinitionXml":null,"HideWebPartHeader":true,"HideWebPartFooter":false,"IsFreeFlowing":false,"PillarKey":null,"ChromeStyle":6,"ParameterJSON":"{\"HeaderLinkIcon\": \"\", \"IsCustomEditor\": false, \"PreviewType\" : \"table\"}","TemplatePath":"app/modules/dashboard/views/webparts/widgetEnterpriseSearch.html","IsSystemLocked":false,"Category":{"Id":8,"Name":"Learning","CategoryKey":"WebPartDefinition_Learning","Description":"Learning","ParentId":1,"OrdinalPosition":null},"Id":113},"HeaderColor":null,"IsHidden":false,"Layout":"{\"x\":0,\"y\":0,\"width\":100,\"height\":13,\"marginBottom\":0.8125}","OverrideTemplate":null,"ParameterJSON":"{\"HeaderLinkIcon\":\"\",\"IsCustomEditor\":false,\"PreviewType\":\"table\",\"showBackground\":true,\"showBorder\":false,\"showShadow\":false,\"noScroll\":true}","SubTitle":"Search for Courses, Training, Videos, Books and Audiobooks","SupportsFullScreen":true,"Title":null},{"Id":-5,"ChromeStyle":7,"Definition":{"WebPartDefinitionKey":"LM_FavouritesCarousel","Title":"My Favorites","Description":"Supports quick access to content marked as a favorite by the user in a carousel.","SubTitle":"Activities, Categories, Collaboration Centers","WebPartIconName":null,"WidgetNotificationMode":1,"WidgetDeeplinkUrlText":"More...","CategoryName":"Learning","IsWebPartEnabled":true,"TypeName":"SumTotal.SPPortal.WebParts.Core.Learning.Favorites.Favorites, SumTotal.SPPortal.WebParts, Version=1.0.0.0, Culture=neutral, PublicKeyToken=6b7f90fbd13cce01","WebPartServiceAgentInterfaceTypeName":"ILMWebPartContractAsync","WebPartDefinitionXml":null,"HideWebPartHeader":false,"HideWebPartFooter":true,"IsFreeFlowing":false,"PillarKey":"LM","ChromeStyle":7,"ParameterJSON":"{\"HeaderLinkIcon\": \"\", \"IsCustomEditor\": false, \"PreviewType\" : \"table\"}","TemplatePath":"app/modules/dashboard/views/webparts/widgetFavoritesCarousel.html","IsSystemLocked":false,"Category":{"Id":8,"Name":"Learning","CategoryKey":"WebPartDefinition_Learning","Description":"Learning","ParentId":1,"OrdinalPosition":null},"Id":112},"HeaderColor":null,"IsHidden":false,"Layout":"{\"x\":0,\"y\":34,\"width\":100,\"height\":17,\"marginBottom\":0}","OverrideTemplate":null,"ParameterJSON":"{\"HeaderLinkIcon\":\"\",\"IsCustomEditor\":false,\"PreviewType\":\"table\"}","SubTitle":"Activities, Categories, Collaboration Centers","SupportsFullScreen":true,"Title":null},{"Id":-4,"ChromeStyle":7,"Definition":{"WebPartDefinitionKey":"LM_MyLearning","Title":"My Learning","Description":"Provides user with graphical summary of their assigned training compliance status.","SubTitle":null,"WebPartIconName":null,"WidgetNotificationMode":0,"WidgetDeeplinkUrlText":null,"CategoryName":"Learning","IsWebPartEnabled":true,"TypeName":"SumTotal.SPPortal.WebParts.Core.Learning.MyLearning.MyLearning, SumTotal.SPPortal.WebParts, Version=1.0.0.0, Culture=neutral, PublicKeyToken=6b7f90fbd13cce01","WebPartServiceAgentInterfaceTypeName":"ILMWebPartContractAsync","WebPartDefinitionXml":null,"HideWebPartHeader":false,"HideWebPartFooter":true,"IsFreeFlowing":false,"PillarKey":"LM","ChromeStyle":7,"ParameterJSON":"{\"HeaderLinkIcon\": \"\", \"IsCustomEditor\": false, \"PreviewType\" : \"html\"}","TemplatePath":"app/modules/dashboard/views/webparts/widgetMyLearning.html","IsSystemLocked":false,"Category":{"Id":8,"Name":"Learning","CategoryKey":"WebPartDefinition_Learning","Description":"Learning","ParentId":1,"OrdinalPosition":null},"Id":67},"HeaderColor":null,"IsHidden":false,"Layout":"{\"x\":0,\"y\":15,\"width\":40,\"height\":17,\"marginBottom\":0}","OverrideTemplate":null,"ParameterJSON":"{\"HeaderLinkIcon\":\"\",\"IsCustomEditor\":false,\"PreviewType\":\"html\"}","SubTitle":null,"SupportsFullScreen":true,"Title":null}],"CanAddPage":true,"CanEditPage":true,"CanDeletePage":true,"CanPersonalizePage":true}],"IsSystemLocked":false,"IsEnabled":false,"RPKey":"LM","CanViewDashboard":true,"CanAddDashboard":true,"CanEditDashboard":true,"CanDeleteDashboard":true,"CanPersonalizeDashboard":true},{"Id":-18,"DefaultPage":{"Id":-199,"title":null,"Description":"Requisition dashboard","IsSystemLocked":true,"Name":"Requisition","IsGuestPage":false,"ParameterJSON":null,"Personalization":null,"Url":"#/dash/requisition","path":null,"WebPartPageKey":null,"IsEnabled":true,"RPKey":null,"Priority":0,"WebParts":[{"Id":445,"ChromeStyle":7,"Definition":{"WebPartDefinitionKey":"Requisition_Widget","Title":"Candidate Summary","Description":"Displays candidates by recruiting phase","SubTitle":"Candidate Summary","WebPartIconName":null,"WidgetNotificationMode":0,"WidgetDeeplinkUrlText":null,"CategoryName":"Requisition","IsWebPartEnabled":true,"TypeName":null,"WebPartServiceAgentInterfaceTypeName":null,"WebPartDefinitionXml":null,"HideWebPartHeader":false,"HideWebPartFooter":false,"IsFreeFlowing":false,"PillarKey":null,"ChromeStyle":7,"ParameterJSON":"{\"HeaderLinkIcon\": \"\", \"IsCustomEditor\": false, \"PreviewType\" : \"table\"}","TemplatePath":"app/modules/dashboard/views/webparts/widgetCandidateSummary.html","IsSystemLocked":false,"Category":{"Id":94,"Name":"Requisition","CategoryKey":"WebPartDefinition_Requisition","Description":"Category for Requisition widget.","ParentId":1,"OrdinalPosition":null},"Id":101},"HeaderColor":"","IsHidden":false,"Layout":"{\"x\":0,\"y\":0,\"width\":51,\"height\":22}","OverrideTemplate":null,"ParameterJSON":"{\"HeaderLinkIcon\":\"\",\"IsCustomEditor\":false,\"PreviewType\":\"table\",\"noScroll\":true}","SubTitle":"Candidate Summary","SupportsFullScreen":true,"Title":null},{"Id":446,"ChromeStyle":7,"Definition":{"WebPartDefinitionKey":"Requisition_Widget","Title":"Recently Accessed Applications","Description":"Displays 10 most recently accessed applications for a requisition","SubTitle":"Requisition Summary","WebPartIconName":null,"WidgetNotificationMode":0,"WidgetDeeplinkUrlText":null,"CategoryName":"Requisition","IsWebPartEnabled":true,"TypeName":null,"WebPartServiceAgentInterfaceTypeName":null,"WebPartDefinitionXml":null,"HideWebPartHeader":false,"HideWebPartFooter":false,"IsFreeFlowing":false,"PillarKey":null,"ChromeStyle":7,"ParameterJSON":"{\"HeaderLinkIcon\": \"\", \"IsCustomEditor\": false, \"PreviewType\" : \"table\"}","TemplatePath":"app/modules/dashboard/views/webparts/widgetRecentlyAccessedRequisition.html","IsSystemLocked":false,"Category":{"Id":94,"Name":"Requisition","CategoryKey":"WebPartDefinition_Requisition","Description":"Category for Requisition widget.","ParentId":1,"OrdinalPosition":null},"Id":102},"HeaderColor":"","IsHidden":false,"Layout":"{\"x\":51,\"y\":0,\"width\":48,\"height\":40}","OverrideTemplate":null,"ParameterJSON":"{\"HeaderLinkIcon\":\"\",\"IsCustomEditor\":false,\"PreviewType\":\"table\"}","SubTitle":"Requisition Summary","SupportsFullScreen":true,"Title":null},{"Id":447,"ChromeStyle":7,"Definition":{"WebPartDefinitionKey":"Requisition_Widget","Title":"Requisition Summary","Description":"Displays key summary information about the requisition","SubTitle":"Requisition Summary","WebPartIconName":null,"WidgetNotificationMode":0,"WidgetDeeplinkUrlText":null,"CategoryName":"Requisition","IsWebPartEnabled":true,"TypeName":null,"WebPartServiceAgentInterfaceTypeName":null,"WebPartDefinitionXml":null,"HideWebPartHeader":false,"HideWebPartFooter":false,"IsFreeFlowing":false,"PillarKey":null,"ChromeStyle":7,"ParameterJSON":"{\"HeaderLinkIcon\": \"\", \"IsCustomEditor\": false, \"PreviewType\" : \"table\"}","TemplatePath":"app/modules/dashboard/views/webparts/widgetRequisitionSummary.html","IsSystemLocked":false,"Category":{"Id":94,"Name":"Requisition","CategoryKey":"WebPartDefinition_Requisition","Description":"Category for Requisition widget.","ParentId":1,"OrdinalPosition":null},"Id":100},"HeaderColor":"","IsHidden":false,"Layout":"{\"x\":0,\"y\":22,\"width\":51,\"height\":20}","OverrideTemplate":null,"ParameterJSON":"{\"HeaderLinkIcon\":\"\",\"IsCustomEditor\":false,\"PreviewType\":\"table\"}","SubTitle":"Requisition Summary","SupportsFullScreen":true,"Title":null}],"CanAddPage":false,"CanEditPage":false,"CanDeletePage":false,"CanPersonalizePage":false},"Description":"Requisition Dashboard","Name":"Requisition","Url":"#/dash/requisition","WebPartPageDefinitionKey":null,"WebPartPages":[{"Id":-199,"title":"Requisition","Description":"Requisition dashboard","IsSystemLocked":true,"Name":"Requisition","IsGuestPage":false,"ParameterJSON":null,"Personalization":null,"Url":"#/dash/requisition","path":"dash/requisition","WebPartPageKey":null,"IsEnabled":true,"RPKey":null,"Priority":0,"WebParts":[{"Id":445,"ChromeStyle":7,"Definition":{"WebPartDefinitionKey":"Requisition_Widget","Title":"Candidate Summary","Description":"Displays candidates by recruiting phase","SubTitle":"Candidate Summary","WebPartIconName":null,"WidgetNotificationMode":0,"WidgetDeeplinkUrlText":null,"CategoryName":"Requisition","IsWebPartEnabled":true,"TypeName":null,"WebPartServiceAgentInterfaceTypeName":null,"WebPartDefinitionXml":null,"HideWebPartHeader":false,"HideWebPartFooter":false,"IsFreeFlowing":false,"PillarKey":null,"ChromeStyle":7,"ParameterJSON":"{\"HeaderLinkIcon\": \"\", \"IsCustomEditor\": false, \"PreviewType\" : \"table\"}","TemplatePath":"app/modules/dashboard/views/webparts/widgetCandidateSummary.html","IsSystemLocked":false,"Category":{"Id":94,"Name":"Requisition","CategoryKey":"WebPartDefinition_Requisition","Description":"Category for Requisition widget.","ParentId":1,"OrdinalPosition":null},"Id":101},"HeaderColor":"","IsHidden":false,"Layout":"{\"x\":0,\"y\":0,\"width\":51,\"height\":22}","OverrideTemplate":null,"ParameterJSON":"{\"HeaderLinkIcon\":\"\",\"IsCustomEditor\":false,\"PreviewType\":\"table\",\"noScroll\":true}","SubTitle":"Candidate Summary","SupportsFullScreen":true,"Title":null},{"Id":446,"ChromeStyle":7,"Definition":{"WebPartDefinitionKey":"Requisition_Widget","Title":"Recently Accessed Applications","Description":"Displays 10 most recently accessed applications for a requisition","SubTitle":"Requisition Summary","WebPartIconName":null,"WidgetNotificationMode":0,"WidgetDeeplinkUrlText":null,"CategoryName":"Requisition","IsWebPartEnabled":true,"TypeName":null,"WebPartServiceAgentInterfaceTypeName":null,"WebPartDefinitionXml":null,"HideWebPartHeader":false,"HideWebPartFooter":false,"IsFreeFlowing":false,"PillarKey":null,"ChromeStyle":7,"ParameterJSON":"{\"HeaderLinkIcon\": \"\", \"IsCustomEditor\": false, \"PreviewType\" : \"table\"}","TemplatePath":"app/modules/dashboard/views/webparts/widgetRecentlyAccessedRequisition.html","IsSystemLocked":false,"Category":{"Id":94,"Name":"Requisition","CategoryKey":"WebPartDefinition_Requisition","Description":"Category for Requisition widget.","ParentId":1,"OrdinalPosition":null},"Id":102},"HeaderColor":"","IsHidden":false,"Layout":"{\"x\":51,\"y\":0,\"width\":48,\"height\":40}","OverrideTemplate":null,"ParameterJSON":"{\"HeaderLinkIcon\":\"\",\"IsCustomEditor\":false,\"PreviewType\":\"table\"}","SubTitle":"Requisition Summary","SupportsFullScreen":true,"Title":null},{"Id":447,"ChromeStyle":7,"Definition":{"WebPartDefinitionKey":"Requisition_Widget","Title":"Requisition Summary","Description":"Displays key summary information about the requisition","SubTitle":"Requisition Summary","WebPartIconName":null,"WidgetNotificationMode":0,"WidgetDeeplinkUrlText":null,"CategoryName":"Requisition","IsWebPartEnabled":true,"TypeName":null,"WebPartServiceAgentInterfaceTypeName":null,"WebPartDefinitionXml":null,"HideWebPartHeader":false,"HideWebPartFooter":false,"IsFreeFlowing":false,"PillarKey":null,"ChromeStyle":7,"ParameterJSON":"{\"HeaderLinkIcon\": \"\", \"IsCustomEditor\": false, \"PreviewType\" : \"table\"}","TemplatePath":"app/modules/dashboard/views/webparts/widgetRequisitionSummary.html","IsSystemLocked":false,"Category":{"Id":94,"Name":"Requisition","CategoryKey":"WebPartDefinition_Requisition","Description":"Category for Requisition widget.","ParentId":1,"OrdinalPosition":null},"Id":100},"HeaderColor":"","IsHidden":false,"Layout":"{\"x\":0,\"y\":22,\"width\":51,\"height\":20}","OverrideTemplate":null,"ParameterJSON":"{\"HeaderLinkIcon\":\"\",\"IsCustomEditor\":false,\"PreviewType\":\"table\"}","SubTitle":"Requisition Summary","SupportsFullScreen":true,"Title":null}],"CanAddPage":false,"CanEditPage":true,"CanDeletePage":false,"CanPersonalizePage":false}],"IsSystemLocked":true,"IsEnabled":true,"RPKey":null,"CanViewDashboard":true,"CanAddDashboard":false,"CanEditDashboard":true,"CanDeleteDashboard":false,"CanPersonalizeDashboard":false},{"Id":1,"DefaultPage":{"Id":196,"title":null,"Description":"Home LM","IsSystemLocked":true,"Name":"Home LM","IsGuestPage":false,"ParameterJSON":null,"Personalization":null,"Url":"#/dash/home/LM","path":null,"WebPartPageKey":null,"IsEnabled":true,"RPKey":null,"Priority":20,"WebParts":[{"Id":500,"ChromeStyle":7,"Definition":{"WebPartDefinitionKey":"search_calendarView","Title":"Available Activities Calendar","Description":"Allows learners to browse available learning activity offerings in a calendar view.","SubTitle":"Available Activities Calendar","WebPartIconName":null,"WidgetNotificationMode":0,"WidgetDeeplinkUrlText":null,"CategoryName":"Learning","IsWebPartEnabled":true,"TypeName":null,"WebPartServiceAgentInterfaceTypeName":null,"WebPartDefinitionXml":null,"HideWebPartHeader":false,"HideWebPartFooter":false,"IsFreeFlowing":false,"PillarKey":"LM","ChromeStyle":7,"ParameterJSON":"{\"HeaderLinkIcon\": \"\", \"IsCustomEditor\": false, \"PreviewType\" : \"calendar\"}","TemplatePath":"app/modules/dashboard/views/searchWidgets/calendarView.html","IsSystemLocked":false,"Category":{"Id":8,"Name":"Learning","CategoryKey":"WebPartDefinition_Learning","Description":"Learning","ParentId":1,"OrdinalPosition":null},"Id":111},"HeaderColor":"","IsHidden":false,"Layout":"{\"x\":0,\"y\":0,\"width\":69,\"height\":32}","OverrideTemplate":null,"ParameterJSON":"{\"HeaderLinkIcon\":\"\",\"IsCustomEditor\":false,\"PreviewType\":\"calendar\"}","SubTitle":"Available Activities Calendar","SupportsFullScreen":true,"Title":null}],"CanAddPage":false,"CanEditPage":false,"CanDeletePage":false,"CanPersonalizePage":false},"Description":"Home page","Name":"Home","Url":"#/dash/home","WebPartPageDefinitionKey":null,"WebPartPages":[{"Id":1,"title":"Dashboard","Description":"Default dashboard.","IsSystemLocked":true,"Name":"Dashboard","IsGuestPage":false,"ParameterJSON":null,"Personalization":{"Id":135,"ObjectType":"SumTotal.Models.Dashboards.WebPartPage","ObjectId":1,"Value":"{\"Name\":\"Dashboard\",\"Description\":\"Default dashboard.\",\"WebPartPageDefinition\":{\"Name\":\"Home\",\"Description\":\"Home page\",\"Url\":\"#/dash/home\",\"DefaultPage\":null,\"WebPartPages\":[],\"IsSystemLocked\":true,\"Created\":null,\"CreatedBy\":null,\"Modified\":null,\"ModifiedBy\":null,\"SecuredPillars\":null,\"IsSecuredByPillar\":false,\"IsEnabledByPillar\":true,\"Id\":1,\"ForceInvariant\":false},\"Url\":\"#/dash/home\",\"ParameterJSON\":null,\"UserHomePages\":null,\"WebParts\":[{\"Definition\":{\"WebPartDefinitionKey\":\"Common_ContentEditor\",\"Title\":\"Content Editor\",\"Description\":\"Enables users to add custom HTML to a dashboard.\",\"Category\":{\"CategoryKey\":\"WebPartDefinition_Common\",\"ObjectType\":null,\"OrdinalPosition\":null,\"HasEditor\":false,\"Parent\":null,\"SubCategories\":null,\"Name\":\"Common\",\"Description\":\"Common\",\"Created\":null,\"CreatedBy\":null,\"Modified\":null,\"ModifiedBy\":null,\"SecuredPillars\":null,\"IsSecuredByPillar\":false,\"IsEnabledByPillar\":true,\"Id\":5,\"ForceInvariant\":false},\"SubTitle\":\"Content Editor Widget\",\"WebPartIconName\":null,\"WidgetNotificationMode\":0,\"WidgetDeeplinkUrlText\":null,\"IsEnabled\":false,\"TypeName\":null,\"WebPartServiceAgentInterfaceTypeName\":null,\"WebPartDefinitionXml\":null,\"HideWebPartHeader\":false,\"HideWebPartFooter\":true,\"IsFreeFlowing\":false,\"RelyingParty\":null,\"IsWebPartEnabled\":false,\"PillarKey\":null,\"ChromeStyle\":7,\"ParameterJSON\":\"{\\\"HeaderLinkIcon\\\": \\\"\\\", \\\"IsCustomEditor\\\": true, \\\"PreviewType\\\" : \\\"iframe\\\"}\",\"TemplatePath\":\"app/modules/dashboard/views/webparts/widgetContentEditor.html\",\"Created\":null,\"CreatedBy\":null,\"Modified\":null,\"ModifiedBy\":null,\"SecuredPillars\":null,\"IsSecuredByPillar\":false,\"IsEnabledByPillar\":true,\"Id\":60,\"ForceInvariant\":false},\"Title\":null,\"SubTitle\":\"Content Editor Widget\",\"ChromeStyle\":0,\"SupportsFullScreen\":true,\"IsHidden\":false,\"HeaderColor\":\"\",\"Layout\":\"{\\\"x\\\":0,\\\"y\\\":0,\\\"width\\\":20,\\\"height\\\":20}\",\"ParameterJSON\":\"{\\\"HeaderLinkIcon\\\":\\\"\\\",\\\"IsCustomEditor\\\":true,\\\"PreviewType\\\":\\\"iframe\\\",\\\"fullScreen\\\":true}\",\"OverrideTemplate\":\"<iframe src=\\\"https://supp-saux.sumtotaldemo.net/SA_UX/Master/17_2/Admin/index.html\\\" class=\\\"sumt-webpart-iframe\\\"></iframe>\",\"Id\":-1,\"ForceInvariant\":false}],\"IsSystemLocked\":true,\"Personalization\":null,\"Personalizations\":null,\"Priority\":0,\"IsGuestPage\":false,\"SecurityGroupObjectPermissions\":null,\"SecurableModelTypeName\":\"SumTotal.Models.Dashboards.WebPartPage\",\"Created\":null,\"CreatedBy\":null,\"Modified\":null,\"ModifiedBy\":null,\"SecuredPillars\":null,\"IsSecuredByPillar\":false,\"IsEnabledByPillar\":true,\"Id\":1,\"ForceInvariant\":false}"},"Url":"#/dash/home","path":"dash/home","WebPartPageKey":null,"IsEnabled":true,"RPKey":null,"Priority":0,"WebParts":[{"Id":438,"ChromeStyle":0,"Definition":{"WebPartDefinitionKey":"Common_ContentEditor","Title":"Content Editor","Description":"Enables users to add custom HTML to a dashboard.","SubTitle":"Content Editor Widget","WebPartIconName":null,"WidgetNotificationMode":0,"WidgetDeeplinkUrlText":null,"CategoryName":"Common","IsWebPartEnabled":true,"TypeName":null,"WebPartServiceAgentInterfaceTypeName":null,"WebPartDefinitionXml":null,"HideWebPartHeader":false,"HideWebPartFooter":true,"IsFreeFlowing":false,"PillarKey":null,"ChromeStyle":7,"ParameterJSON":"{\"HeaderLinkIcon\": \"\", \"IsCustomEditor\": true, \"PreviewType\" : \"iframe\"}","TemplatePath":"app/modules/dashboard/views/webparts/widgetContentEditor.html","IsSystemLocked":false,"Category":{"Id":5,"Name":"Common","CategoryKey":"WebPartDefinition_Common","Description":"Common","ParentId":1,"OrdinalPosition":null},"Id":60},"HeaderColor":"","IsHidden":false,"Layout":"{\"x\":0,\"y\":0,\"width\":20,\"height\":20}","OverrideTemplate":"&lt;iframe src=&quot;https://supp-saux.sumtotaldemo.net/SA_UX/Master/17_1_2/Standard/index.html?lm=yes&amp;tm=yes&amp;wfm=no&quot; class=&quot;sumt-webpart-iframe&quot;&gt;&lt;/iframe&gt;","ParameterJSON":"{\"HeaderLinkIcon\":\"\",\"IsCustomEditor\":true,\"PreviewType\":\"iframe\",\"fullScreen\":true}","SubTitle":"Content Editor Widget","SupportsFullScreen":true,"Title":null}],"CanAddPage":true,"CanEditPage":true,"CanDeletePage":true,"CanPersonalizePage":true},{"Id":5,"title":"Guest User Dashboard","Description":"Guest User Dashboard","IsSystemLocked":true,"Name":"Guest User Dashboard","IsGuestPage":true,"ParameterJSON":null,"Personalization":null,"Url":"#/dash/home/guest","path":"dash/home/guest","WebPartPageKey":null,"IsEnabled":true,"RPKey":null,"Priority":0,"WebParts":[{"Id":334,"ChromeStyle":7,"Definition":{"WebPartDefinitionKey":"LM_TopRatedContent","Title":"Top Rated Content","Description":"Displays the five highest rated learning activities available to the user.","SubTitle":"Top rated learning activities","WebPartIconName":null,"WidgetNotificationMode":1,"WidgetDeeplinkUrlText":"View All Top Rated Content","CategoryName":"Learning","IsWebPartEnabled":true,"TypeName":"SumTotal.SPPortal.WebParts.Core.Learning.TopRatedContent.TopRatedContent, SumTotal.SPPortal.WebParts, Version=1.0.0.0, Culture=neutral, PublicKeyToken=6b7f90fbd13cce01","WebPartServiceAgentInterfaceTypeName":"ILMWebPartContractAsync","WebPartDefinitionXml":null,"HideWebPartHeader":false,"HideWebPartFooter":true,"IsFreeFlowing":false,"PillarKey":"LM","ChromeStyle":7,"ParameterJSON":"{\"HeaderLinkIcon\": \"\", \"IsCustomEditor\": false, \"PreviewType\" : \"table\"}","TemplatePath":"app/modules/dashboard/views/webparts/widgetTopRatedContent.html","IsSystemLocked":false,"Category":{"Id":8,"Name":"Learning","CategoryKey":"WebPartDefinition_Learning","Description":"Learning","ParentId":1,"OrdinalPosition":null},"Id":7},"HeaderColor":null,"IsHidden":false,"Layout":"{\"x\":0,\"y\":23,\"width\":51,\"height\":74}","OverrideTemplate":null,"ParameterJSON":"{\"HeaderLinkIcon\":\"\",\"IsCustomEditor\":false,\"PreviewType\":\"table\"}","SubTitle":"Top rated learning activities","SupportsFullScreen":true,"Title":null},{"Id":335,"ChromeStyle":7,"Definition":{"WebPartDefinitionKey":"LM_PromotedActivities","Title":"Promoted Activities","Description":"Displays the Promoted Activities","SubTitle":null,"WebPartIconName":null,"WidgetNotificationMode":0,"WidgetDeeplinkUrlText":null,"CategoryName":"Learning","IsWebPartEnabled":true,"TypeName":"SumTotal.SPPortal.WebParts.Core.Learning.PromotedActivities.PromotedActivities, SumTotal.SPPortal.WebParts, Version=1.0.0.0, Culture=neutral, PublicKeyToken=6b7f90fbd13cce01","WebPartServiceAgentInterfaceTypeName":"ILMWebPartContractAsync","WebPartDefinitionXml":null,"HideWebPartHeader":false,"HideWebPartFooter":false,"IsFreeFlowing":false,"PillarKey":"LM","ChromeStyle":7,"ParameterJSON":"{\"HeaderLinkIcon\": \"\", \"IsCustomEditor\": false, \"PreviewType\" : \"configTextField\", \"Config\":{\"Name\":\"LearningActivityCodes\",\"Value\":\"\"}}","TemplatePath":"app/modules/dashboard/views/webparts/widgetPromotedActivities.html","IsSystemLocked":false,"Category":{"Id":8,"Name":"Learning","CategoryKey":"WebPartDefinition_Learning","Description":"Learning","ParentId":1,"OrdinalPosition":null},"Id":79},"HeaderColor":null,"IsHidden":false,"Layout":"{\"x\":51,\"y\":23,\"width\":45,\"height\":74}","OverrideTemplate":null,"ParameterJSON":"{\"HeaderLinkIcon\":\"\",\"IsCustomEditor\":false,\"PreviewType\":\"configTextField\",\"Config\":{\"Name\":\"LearningActivityCodes\",\"Value\":\"\"}}","SubTitle":null,"SupportsFullScreen":true,"Title":null}],"CanAddPage":true,"CanEditPage":true,"CanDeletePage":true,"CanPersonalizePage":true},{"Id":196,"title":"Home LM","Description":"Home LM","IsSystemLocked":true,"Name":"Home LM","IsGuestPage":false,"ParameterJSON":null,"Personalization":null,"Url":"#/dash/home/LM","path":"dash/home/LM","WebPartPageKey":null,"IsEnabled":true,"RPKey":null,"Priority":20,"WebParts":[{"Id":500,"ChromeStyle":7,"Definition":{"WebPartDefinitionKey":"search_calendarView","Title":"Available Activities Calendar","Description":"Allows learners to browse available learning activity offerings in a calendar view.","SubTitle":"Available Activities Calendar","WebPartIconName":null,"WidgetNotificationMode":0,"WidgetDeeplinkUrlText":null,"CategoryName":"Learning","IsWebPartEnabled":true,"TypeName":null,"WebPartServiceAgentInterfaceTypeName":null,"WebPartDefinitionXml":null,"HideWebPartHeader":false,"HideWebPartFooter":false,"IsFreeFlowing":false,"PillarKey":"LM","ChromeStyle":7,"ParameterJSON":"{\"HeaderLinkIcon\": \"\", \"IsCustomEditor\": false, \"PreviewType\" : \"calendar\"}","TemplatePath":"app/modules/dashboard/views/searchWidgets/calendarView.html","IsSystemLocked":false,"Category":{"Id":8,"Name":"Learning","CategoryKey":"WebPartDefinition_Learning","Description":"Learning","ParentId":1,"OrdinalPosition":null},"Id":111},"HeaderColor":"","IsHidden":false,"Layout":"{\"x\":0,\"y\":0,\"width\":69,\"height\":32}","OverrideTemplate":null,"ParameterJSON":"{\"HeaderLinkIcon\":\"\",\"IsCustomEditor\":false,\"PreviewType\":\"calendar\"}","SubTitle":"Available Activities Calendar","SupportsFullScreen":true,"Title":null}],"CanAddPage":true,"CanEditPage":true,"CanDeletePage":true,"CanPersonalizePage":true},{"Id":197,"title":"Home TM","Description":"Home TM","IsSystemLocked":true,"Name":"Home TM","IsGuestPage":false,"ParameterJSON":null,"Personalization":null,"Url":"#/dash/home/TM","path":"dash/home/TM","WebPartPageKey":null,"IsEnabled":true,"RPKey":null,"Priority":4,"WebParts":[{"Id":327,"ChromeStyle":0,"Definition":{"WebPartDefinitionKey":"Common_ContentEditor","Title":"Content Editor","Description":"Enables users to add custom HTML to a dashboard.","SubTitle":"Content Editor Widget","WebPartIconName":null,"WidgetNotificationMode":0,"WidgetDeeplinkUrlText":null,"CategoryName":"Common","IsWebPartEnabled":true,"TypeName":null,"WebPartServiceAgentInterfaceTypeName":null,"WebPartDefinitionXml":null,"HideWebPartHeader":false,"HideWebPartFooter":true,"IsFreeFlowing":false,"PillarKey":null,"ChromeStyle":7,"ParameterJSON":"{\"HeaderLinkIcon\": \"\", \"IsCustomEditor\": true, \"PreviewType\" : \"iframe\"}","TemplatePath":"app/modules/dashboard/views/webparts/widgetContentEditor.html","IsSystemLocked":false,"Category":{"Id":5,"Name":"Common","CategoryKey":"WebPartDefinition_Common","Description":"Common","ParentId":1,"OrdinalPosition":null},"Id":60},"HeaderColor":null,"IsHidden":false,"Layout":"{\"x\":0,\"y\":0,\"width\":83,\"height\":64}","OverrideTemplate":"\n\t&lt;!doctype html&gt; &lt;html&gt; &lt;head&gt; &lt;meta charset=&quot;utf-8&quot;&gt; &lt;title&gt;Untitled Document&lt;/title&gt; &lt;style&gt; div.news-container {  background-color:#e9ede5;  background-image:url(./Content/Common/assets/images/personBackground.jpg?1);  height:270px;  background-position: center;  background-repeat:no-repeat; border-radius: 10px 10px 0 0; } div.grad {  max-width:96%;  width:100%;  border:0px solid blue; } table.banner {  height:270px;  border:0px solid red;  max-width:100%;  width:100%; } .banner td {  text-align:center;  border:0px solid red;   } table.subnav {  max-width:96%;  width:100%;  border:0px solid green;  padding-top:15px;  font-family:&#39;Open Sans&#39; Tahoma;  font-weight:600; } .subnav td {  text-align:center;  width:25%;  padding:5px 20px;  font-weight:400;    } .subnav td.icon {  text-align:center;  width:25%;  padding:15px 0 5px 0;  font-weight:400;         height: 60px; } .subnav td.subnavtitle {         font-weight:700; } .subnav td.subnav-text {  text-align:left;  color: #606060;  font-family:Arial;  font-size:12px;  line-height:16px;  font-family:&#39;Open Sans&#39; Tahoma;         vertical-align:top; } &lt;/style&gt; &lt;/head&gt;  &lt;body&gt;  &lt;div class=&quot;news-container&quot;&gt;      &lt;center&gt;         &lt;div class=&quot;grad&quot;&gt;             &lt;table class=&quot;banner&quot;&gt;                 &lt;tr&gt;                     &lt;td colspan=&quot;2&quot; style=&quot;width:50%;&quot;&gt;                                           &lt;/td&gt;                     &lt;td&gt;&lt;/td&gt;                     &lt;td&gt;&lt;/td&gt;                 &lt;/tr&gt;             &lt;/table&gt;          &lt;/div&gt;          &lt;div style=&quot;background-color:#00aed3; text-align:left; border:0px solid orange; padding:5px 20px; font-family:&#39;Open Sans&#39; Tahoma;&quot;&gt;                         &lt;p style=&quot;font-size:14px; color:white; text-transform:uppercase; padding:15px 0px 10px 0px; margin:0px; font-family:&#39;Open Sans&#39; Tahoma;&quot;&gt;BUILDING A BETTER TEAM&lt;/p&gt;&lt;p style=&quot;font-size:30px; color:white; padding-bottom:20px; margin:0px; line-height:30px;&quot;&gt;Developing Individual and Team Talent Drives Company Performance&lt;/p&gt;&lt;p style=&quot;font-size:14px; color:white; font-family:&#39;Open Sans&#39; Tahoma; padding-bottom:20px; max-width:700px;&quot;&gt;Our long term success is fundamentally tied to our ability to develop leaders and more effective employees. As our most vital resource, we are committed to helping you improve in your current, next and long term role. &lt;/p&gt;                          &lt;/div&gt;                      &lt;/center&gt;     &lt;/div&gt; &lt;/body&gt; &lt;/html&gt;\n\t","ParameterJSON":"{\"HeaderLinkIcon\":\"\",\"IsCustomEditor\":true,\"PreviewType\":\"iframe\",\"fullScreen\":true}","SubTitle":"Content Editor Webpart","SupportsFullScreen":true,"Title":null}],"CanAddPage":true,"CanEditPage":true,"CanDeletePage":true,"CanPersonalizePage":true},{"Id":198,"title":"Home WFM","Description":"Home WFM","IsSystemLocked":true,"Name":"Home WFM","IsGuestPage":false,"ParameterJSON":null,"Personalization":{"Id":146,"ObjectType":"SumTotal.Models.Dashboards.WebPartPage","ObjectId":198,"Value":"{\"Name\":\"Home WFM\",\"Description\":\"Home WFM\",\"WebPartPageDefinition\":{\"Name\":\"Home\",\"Description\":\"Home page\",\"Url\":\"#/dash/home\",\"DefaultPage\":null,\"WebPartPages\":[],\"IsSystemLocked\":true,\"Created\":null,\"CreatedBy\":null,\"Modified\":null,\"ModifiedBy\":null,\"SecuredPillars\":null,\"IsSecuredByPillar\":false,\"IsEnabledByPillar\":true,\"Id\":1,\"ForceInvariant\":false},\"Url\":\"#/dash/home/WFM\",\"ParameterJSON\":null,\"UserHomePages\":null,\"WebParts\":[{\"Definition\":{\"WebPartDefinitionKey\":\"Common_ContentEditor\",\"Title\":\"Content Editor\",\"Description\":\"Enables users to add custom HTML to a dashboard.\",\"Category\":{\"CategoryKey\":\"WebPartDefinition_Common\",\"ObjectType\":null,\"OrdinalPosition\":null,\"HasEditor\":false,\"Parent\":null,\"SubCategories\":null,\"Name\":\"Common\",\"Description\":\"Common\",\"Created\":null,\"CreatedBy\":null,\"Modified\":null,\"ModifiedBy\":null,\"SecuredPillars\":null,\"IsSecuredByPillar\":false,\"IsEnabledByPillar\":true,\"Id\":5,\"ForceInvariant\":false},\"SubTitle\":\"Content Editor Widget\",\"WebPartIconName\":null,\"WidgetNotificationMode\":0,\"WidgetDeeplinkUrlText\":null,\"IsEnabled\":false,\"TypeName\":null,\"WebPartServiceAgentInterfaceTypeName\":null,\"WebPartDefinitionXml\":null,\"HideWebPartHeader\":false,\"HideWebPartFooter\":true,\"IsFreeFlowing\":false,\"RelyingParty\":null,\"IsWebPartEnabled\":false,\"PillarKey\":null,\"ChromeStyle\":7,\"ParameterJSON\":\"{\\\"HeaderLinkIcon\\\": \\\"\\\", \\\"IsCustomEditor\\\": true, \\\"PreviewType\\\" : \\\"iframe\\\"}\",\"TemplatePath\":\"app/modules/dashboard/views/webparts/widgetContentEditor.html\",\"Created\":null,\"CreatedBy\":null,\"Modified\":null,\"ModifiedBy\":null,\"SecuredPillars\":null,\"IsSecuredByPillar\":false,\"IsEnabledByPillar\":true,\"Id\":60,\"ForceInvariant\":false},\"Title\":\"Content Editor Webpart\",\"SubTitle\":\"Content Editor Webpart\",\"ChromeStyle\":0,\"SupportsFullScreen\":true,\"IsHidden\":false,\"HeaderColor\":null,\"Layout\":\"{\\\"x\\\":0,\\\"y\\\":0,\\\"width\\\":83,\\\"height\\\":64}\",\"ParameterJSON\":\"{\\\"HeaderLinkIcon\\\":\\\"\\\",\\\"IsCustomEditor\\\":true,\\\"PreviewType\\\":\\\"iframe\\\",\\\"fullScreen\\\":true}\",\"OverrideTemplate\":\"<iframe src=\\\"https://supp-saux.sumtotaldemo.net/SA_FTP/LocalUser/wfm_ftp/2017_Standalone/Admin/index1.html\\\" class=\\\"sumt-webpart-iframe\\\"></iframe>\",\"Id\":336,\"ForceInvariant\":false}],\"IsSystemLocked\":true,\"Personalization\":null,\"Personalizations\":null,\"Priority\":0,\"SecurityGroupObjectPermissions\":null,\"SecurableModelTypeName\":\"SumTotal.Models.Dashboards.WebPartPage\",\"Created\":null,\"CreatedBy\":null,\"Modified\":null,\"ModifiedBy\":null,\"SecuredPillars\":null,\"IsSecuredByPillar\":false,\"IsEnabledByPillar\":true,\"Id\":198,\"ForceInvariant\":false}"},"Url":"#/dash/home/WFM","path":"dash/home/WFM","WebPartPageKey":null,"IsEnabled":true,"RPKey":null,"Priority":0,"WebParts":[{"Id":336,"ChromeStyle":0,"Definition":{"WebPartDefinitionKey":"Common_ContentEditor","Title":"Content Editor","Description":"Enables users to add custom HTML to a dashboard.","SubTitle":"Content Editor Widget","WebPartIconName":null,"WidgetNotificationMode":0,"WidgetDeeplinkUrlText":null,"CategoryName":"Common","IsWebPartEnabled":true,"TypeName":null,"WebPartServiceAgentInterfaceTypeName":null,"WebPartDefinitionXml":null,"HideWebPartHeader":false,"HideWebPartFooter":true,"IsFreeFlowing":false,"PillarKey":null,"ChromeStyle":7,"ParameterJSON":"{\"HeaderLinkIcon\": \"\", \"IsCustomEditor\": true, \"PreviewType\" : \"iframe\"}","TemplatePath":"app/modules/dashboard/views/webparts/widgetContentEditor.html","IsSystemLocked":false,"Category":{"Id":5,"Name":"Common","CategoryKey":"WebPartDefinition_Common","Description":"Common","ParentId":1,"OrdinalPosition":null},"Id":60},"HeaderColor":null,"IsHidden":false,"Layout":"{\"x\":0,\"y\":0,\"width\":83,\"height\":64}","OverrideTemplate":"&lt;iframe src=&quot;https://supp-saux.sumtotaldemo.net/SA_FTP/LocalUser/wfm_ftp/2017_Standalone/index.html&quot; class=&quot;sumt-webpart-iframe&quot;&gt;&lt;/iframe&gt;","ParameterJSON":"{\"HeaderLinkIcon\":\"\",\"IsCustomEditor\":true,\"PreviewType\":\"iframe\",\"fullScreen\":true}","SubTitle":"Content Editor Webpart","SupportsFullScreen":true,"Title":"Content Editor Webpart"}],"CanAddPage":true,"CanEditPage":true,"CanDeletePage":true,"CanPersonalizePage":true}],"IsSystemLocked":true,"IsEnabled":true,"RPKey":null,"CanViewDashboard":true,"CanAddDashboard":true,"CanEditDashboard":true,"CanDeleteDashboard":true,"CanPersonalizeDashboard":true},{"Id":2,"DefaultPage":{"Id":2,"title":null,"Description":"Learning Dashboard","IsSystemLocked":true,"Name":"Learning","IsGuestPage":false,"ParameterJSON":null,"Personalization":null,"Url":"#/dash/learning","path":null,"WebPartPageKey":null,"IsEnabled":true,"RPKey":null,"Priority":0,"WebParts":[{"Id":310,"ChromeStyle":7,"Definition":{"WebPartDefinitionKey":"Timeline","Title":"Timeline","Description":"Displays tasks, approvals, and other updates in a timeline view.","SubTitle":"Activity timeline","WebPartIconName":null,"WidgetNotificationMode":0,"WidgetDeeplinkUrlText":null,"CategoryName":"Common","IsWebPartEnabled":true,"TypeName":null,"WebPartServiceAgentInterfaceTypeName":null,"WebPartDefinitionXml":null,"HideWebPartHeader":false,"HideWebPartFooter":false,"IsFreeFlowing":false,"PillarKey":null,"ChromeStyle":7,"ParameterJSON":"{\"HeaderLinkIcon\": \"\", \"IsCustomEditor\": false, \"PreviewType\" : \"timeline\"}","TemplatePath":"app/modules/dashboard/views/webparts/widgetTimeline.html","IsSystemLocked":false,"Category":{"Id":5,"Name":"Common","CategoryKey":"WebPartDefinition_Common","Description":"Common","ParentId":1,"OrdinalPosition":null},"Id":61},"HeaderColor":null,"IsHidden":false,"Layout":"{\"x\":34,\"y\":35,\"width\":50,\"height\":22,\"max-width\":10,\"max-height\":10}","OverrideTemplate":null,"ParameterJSON":"{\"HeaderLinkIcon\":\"\",\"IsCustomEditor\":false,\"PreviewType\":\"timeline\"}","SubTitle":"Activity timeline","SupportsFullScreen":true,"Title":"Timeline"},{"Id":476,"ChromeStyle":7,"Definition":{"WebPartDefinitionKey":"About_Me","Title":"About Me","Description":"Displays key profile information about the employee.","SubTitle":"Photo, email and employment information","WebPartIconName":null,"WidgetNotificationMode":0,"WidgetDeeplinkUrlText":"View my profile","CategoryName":"Common","IsWebPartEnabled":true,"TypeName":"SumTotal.SPPortal.WebParts.Core.MySelf.AboutMe.AboutMe, SumTotal.SPPortal.WebParts, Version=1.0.0.0, Culture=neutral, PublicKeyToken=6b7f90fbd13cce01","WebPartServiceAgentInterfaceTypeName":null,"WebPartDefinitionXml":null,"HideWebPartHeader":true,"HideWebPartFooter":true,"IsFreeFlowing":false,"PillarKey":null,"ChromeStyle":7,"ParameterJSON":"{\"HeaderLinkIcon\": \"\", \"IsCustomEditor\": false, \"PreviewType\" : \"aboutme\"}","TemplatePath":"app/modules/dashboard/views/webparts/widgetAboutMe.html","IsSystemLocked":false,"Category":{"Id":5,"Name":"Common","CategoryKey":"WebPartDefinition_Common","Description":"Common","ParentId":1,"OrdinalPosition":null},"Id":43},"HeaderColor":"","IsHidden":false,"Layout":"{\"x\":0,\"y\":0,\"width\":23,\"height\":15}","OverrideTemplate":null,"ParameterJSON":"{\"HeaderLinkIcon\":\"\",\"IsCustomEditor\":false,\"PreviewType\":\"aboutme\"}","SubTitle":"Photo, email and employment information","SupportsFullScreen":true,"Title":null},{"Id":487,"ChromeStyle":7,"Definition":{"WebPartDefinitionKey":"LM_MyLearning","Title":"My Learning","Description":"Provides user with graphical summary of their assigned training compliance status.","SubTitle":null,"WebPartIconName":null,"WidgetNotificationMode":0,"WidgetDeeplinkUrlText":null,"CategoryName":"Learning","IsWebPartEnabled":true,"TypeName":"SumTotal.SPPortal.WebParts.Core.Learning.MyLearning.MyLearning, SumTotal.SPPortal.WebParts, Version=1.0.0.0, Culture=neutral, PublicKeyToken=6b7f90fbd13cce01","WebPartServiceAgentInterfaceTypeName":"ILMWebPartContractAsync","WebPartDefinitionXml":null,"HideWebPartHeader":false,"HideWebPartFooter":true,"IsFreeFlowing":false,"PillarKey":"LM","ChromeStyle":7,"ParameterJSON":"{\"HeaderLinkIcon\": \"\", \"IsCustomEditor\": false, \"PreviewType\" : \"html\"}","TemplatePath":"app/modules/dashboard/views/webparts/widgetMyLearning.html","IsSystemLocked":false,"Category":{"Id":8,"Name":"Learning","CategoryKey":"WebPartDefinition_Learning","Description":"Learning","ParentId":1,"OrdinalPosition":null},"Id":67},"HeaderColor":"","IsHidden":false,"Layout":"{\"x\":23,\"y\":0,\"width\":25,\"height\":15}","OverrideTemplate":null,"ParameterJSON":"{\"HeaderLinkIcon\":\"\",\"IsCustomEditor\":false,\"PreviewType\":\"html\"}","SubTitle":null,"SupportsFullScreen":true,"Title":null},{"Id":488,"ChromeStyle":7,"Definition":{"WebPartDefinitionKey":"LM_LearningTasks","Title":"Learning Tasks","Description":"Displays the user's pending tasks.","SubTitle":"Learning Tasks","WebPartIconName":null,"WidgetNotificationMode":0,"WidgetDeeplinkUrlText":null,"CategoryName":"Learning","IsWebPartEnabled":true,"TypeName":"SSumTotal.SPPortal.WebParts.Core.Learning.LearningTasks.LearningTasks, SumTotal.SPPortal.WebParts, Version=1.0.0.0, Culture=neutral, PublicKeyToken=6b7f90fbd13cce01","WebPartServiceAgentInterfaceTypeName":"ILMWebPartContractAsync","WebPartDefinitionXml":null,"HideWebPartHeader":false,"HideWebPartFooter":true,"IsFreeFlowing":false,"PillarKey":"LM","ChromeStyle":7,"ParameterJSON":"{\"HeaderLinkIcon\": \"\", \"IsCustomEditor\": false, \"PreviewType\" : \"table\"}","TemplatePath":"app/modules/dashboard/views/webparts/widgetLearningTasks.html","IsSystemLocked":false,"Category":{"Id":8,"Name":"Learning","CategoryKey":"WebPartDefinition_Learning","Description":"Learning","ParentId":1,"OrdinalPosition":null},"Id":68},"HeaderColor":"","IsHidden":false,"Layout":"{\"x\":48,\"y\":0,\"width\":34,\"height\":14}","OverrideTemplate":null,"ParameterJSON":"{\"HeaderLinkIcon\":\"\",\"IsCustomEditor\":false,\"PreviewType\":\"table\"}","SubTitle":"Learning Tasks","SupportsFullScreen":true,"Title":null},{"Id":489,"ChromeStyle":7,"Definition":{"WebPartDefinitionKey":"LM_Recommendation","Title":"Recommended Courses","Description":"Displays recommended learning based on your interests, your required skills, and suggestions from others in your organization.","SubTitle":null,"WebPartIconName":null,"WidgetNotificationMode":0,"WidgetDeeplinkUrlText":null,"CategoryName":"Learning","IsWebPartEnabled":true,"TypeName":null,"WebPartServiceAgentInterfaceTypeName":null,"WebPartDefinitionXml":null,"HideWebPartHeader":false,"HideWebPartFooter":true,"IsFreeFlowing":false,"PillarKey":"LM","ChromeStyle":7,"ParameterJSON":"{\"HeaderLinkIcon\": \"\", \"IsCustomEditor\": false, \"PreviewType\" : \"table\"}","TemplatePath":"app/modules/dashboard/views/webparts/widgetRecommendation.html","IsSystemLocked":false,"Category":{"Id":8,"Name":"Learning","CategoryKey":"WebPartDefinition_Learning","Description":"Learning","ParentId":1,"OrdinalPosition":null},"Id":70},"HeaderColor":"","IsHidden":false,"Layout":"{\"x\":0,\"y\":15,\"width\":42,\"height\":20}","OverrideTemplate":null,"ParameterJSON":"{\"HeaderLinkIcon\":\"\",\"IsCustomEditor\":false,\"PreviewType\":\"table\"}","SubTitle":null,"SupportsFullScreen":true,"Title":null},{"Id":490,"ChromeStyle":7,"Definition":{"WebPartDefinitionKey":"LM_RecentlyLaunched","Title":"Recently Launched","Description":"Provides user with quick access to the most recently launched non-completed training item.","SubTitle":"Recently Launched","WebPartIconName":null,"WidgetNotificationMode":0,"WidgetDeeplinkUrlText":"View All Recently Launch Activity","CategoryName":"Learning","IsWebPartEnabled":true,"TypeName":"SumTotal.SPPortal.WebParts.Core.Learning.RecentlyLaunched.RecentlyLaunched, SumTotal.SPPortal.WebParts, Version=1.0.0.0, Culture=neutral, PublicKeyToken=6b7f90fbd13cce01","WebPartServiceAgentInterfaceTypeName":"ILMWebPartContractAsync","WebPartDefinitionXml":null,"HideWebPartHeader":false,"HideWebPartFooter":true,"IsFreeFlowing":false,"PillarKey":"LM","ChromeStyle":7,"ParameterJSON":"{\"HeaderLinkIcon\": \"\", \"IsCustomEditor\": false, \"PreviewType\" : \"table\"}","TemplatePath":"app/modules/dashboard/views/webparts/widgetRecentlyLaunched.html","IsSystemLocked":false,"Category":{"Id":8,"Name":"Learning","CategoryKey":"WebPartDefinition_Learning","Description":"Learning","ParentId":1,"OrdinalPosition":null},"Id":65},"HeaderColor":"","IsHidden":false,"Layout":"{\"x\":42,\"y\":15,\"width\":40,\"height\":20}","OverrideTemplate":null,"ParameterJSON":"{\"HeaderLinkIcon\":\"\",\"IsCustomEditor\":false,\"PreviewType\":\"table\"}","SubTitle":"Recently Launched","SupportsFullScreen":true,"Title":null},{"Id":491,"ChromeStyle":7,"Definition":{"WebPartDefinitionKey":"LM_MyMessages","Title":"My Messages","Description":"Highlights the five most recent unread learning  notifications.","SubTitle":"Recent messages I have received","WebPartIconName":null,"WidgetNotificationMode":1,"WidgetDeeplinkUrlText":"View All Messages","CategoryName":"Learning","IsWebPartEnabled":true,"TypeName":"SumTotal.SPPortal.WebParts.Core.Learning.MyMessages.MyMessages, SumTotal.SPPortal.WebParts, Version=1.0.0.0, Culture=neutral, PublicKeyToken=6b7f90fbd13cce01","WebPartServiceAgentInterfaceTypeName":"ILMWebPartContractAsync","WebPartDefinitionXml":null,"HideWebPartHeader":false,"HideWebPartFooter":true,"IsFreeFlowing":false,"PillarKey":"LM","ChromeStyle":7,"ParameterJSON":"{\"HeaderLinkIcon\": \"\", \"IsCustomEditor\": false, \"MessagesConfig\":{ \"MessageCount\":\"count\", \"MessageData\":[\"date\", \"subject\", \"url\"]}, \"PreviewType\":\"messages\"}","TemplatePath":"app/modules/dashboard/views/webparts/widgetMyMessages.html","IsSystemLocked":false,"Category":{"Id":8,"Name":"Learning","CategoryKey":"WebPartDefinition_Learning","Description":"Learning","ParentId":1,"OrdinalPosition":null},"Id":4},"HeaderColor":"","IsHidden":false,"Layout":"{\"x\":null,\"y\":null,\"width\":33,\"height\":20}","OverrideTemplate":null,"ParameterJSON":"{\"HeaderLinkIcon\":\"\",\"IsCustomEditor\":false,\"MessagesConfig\":{\"MessageCount\":\"count\",\"MessageData\":[\"date\",\"subject\",\"url\"]},\"PreviewType\":\"messages\"}","SubTitle":"Recent messages I have received","SupportsFullScreen":true,"Title":null}],"CanAddPage":false,"CanEditPage":false,"CanDeletePage":false,"CanPersonalizePage":false},"Description":"Learning Dashboard","Name":"LM","Url":"#/dash/learning","WebPartPageDefinitionKey":null,"WebPartPages":[{"Id":2,"title":"Learning","Description":"Learning Dashboard","IsSystemLocked":true,"Name":"Learning","IsGuestPage":false,"ParameterJSON":null,"Personalization":{"Id":23,"ObjectType":"SumTotal.Models.Dashboards.WebPartPage","ObjectId":2,"Value":"{\"Name\":\"Learning\",\"Description\":\"Learning Dashboard\",\"WebPartPageDefinition\":{\"Name\":\"LM\",\"Description\":\"Learning Dashboard\",\"Url\":\"#/dash/learning\",\"DefaultPage\":null,\"WebPartPages\":[],\"IsSystemLocked\":true,\"CanViewDashboard\":true,\"CanAddDashboard\":true,\"CanEditDashboard\":true,\"CanDeleteDashboard\":true,\"CanPersonalizeDashboard\":true,\"Created\":null,\"CreatedBy\":null,\"Modified\":null,\"ModifiedBy\":null,\"Id\":2,\"ForceInvariant\":false},\"Url\":\"#/dash/learning\",\"ParameterJSON\":null,\"UserHomePages\":null,\"WebParts\":[{\"Definition\":{\"WebPartDefinitionKey\":\"LM_MyLearning\",\"Title\":\"My Learning\",\"Description\":\"Provides user with graphical summary of their assigned training compliance status.\",\"Category\":{\"CategoryKey\":\"WebPartDefinition_Learning\",\"ObjectType\":null,\"OrdinalPosition\":null,\"Parent\":null,\"SubCategories\":null,\"Name\":\"Learning\",\"Description\":\"Learning\",\"Created\":null,\"CreatedBy\":null,\"Modified\":null,\"ModifiedBy\":null,\"Id\":8,\"ForceInvariant\":false},\"SubTitle\":null,\"WebPartIconName\":null,\"WidgetNotificationMode\":0,\"WidgetDeeplinkUrlText\":null,\"IsEnabled\":false,\"TypeName\":\"SumTotal.SPPortal.WebParts.Core.Learning.MyLearning.MyLearning, SumTotal.SPPortal.WebParts, Version=1.0.0.0, Culture=neutral, PublicKeyToken=6b7f90fbd13cce01\",\"WebPartServiceAgentInterfaceTypeName\":\"ILMWebPartContractAsync\",\"WebPartDefinitionXml\":null,\"HideWebPartHeader\":false,\"HideWebPartFooter\":true,\"IsFreeFlowing\":false,\"RelyingParty\":null,\"IsWebPartEnabled\":false,\"PillarKey\":\"LM\",\"ChromeStyle\":7,\"ParameterJSON\":\"{\\\"HeaderLinkIcon\\\": \\\"\\\", \\\"IsCustomEditor\\\": false, \\\"PreviewType\\\" : \\\"html\\\"}\",\"TemplatePath\":\"app/modules/dashboard/views/webparts/widgetMyLearning.html\",\"Created\":null,\"CreatedBy\":null,\"Modified\":null,\"ModifiedBy\":null,\"Id\":67,\"ForceInvariant\":false},\"Title\":\"My Learning\",\"SubTitle\":null,\"ChromeStyle\":7,\"SupportsFullScreen\":true,\"IsHidden\":false,\"Headerxor\":null,\"Layout\":\"{\\\"x\\\":0,\\\"y\\\":20,\\\"width\\\":19,\\\"height\\\":31,\\\"max-width\\\":10,\\\"max-height\\\":10}\",\"ParameterJSON\":\"{\\\"HeaderLinkIcon\\\":\\\"\\\",\\\"IsCustomEditor\\\":false,\\\"PreviewType\\\":\\\"table\\\"}\",\"OverrideTemplate\":null,\"Id\":307,\"ForceInvariant\":false},{\"Definition\":{\"WebPartDefinitionKey\":\"LM_QuickLinks\",\"Title\":\"Quick Links\",\"Description\":\"Displays the Quick Links for Training Transcript,Training Schedule and Training Analysis\",\"Category\":{\"CategoryKey\":\"WebPartDefinition_Learning\",\"ObjectType\":null,\"OrdinalPosition\":null,\"Parent\":null,\"SubCategories\":null,\"Name\":\"Learning\",\"Description\":\"Learning\",\"Created\":null,\"CreatedBy\":null,\"Modified\":null,\"ModifiedBy\":null,\"Id\":8,\"ForceInvariant\":false},\"SubTitle\":\"Quick Links for Training\",\"WebPartIconName\":null,\"WidgetNotificationMode\":0,\"WidgetDeeplinkUrlText\":null,\"IsEnabled\":false,\"TypeName\":\"SumTotal.SPPortal.WebParts.Core.Learning.QuickLinks.QuickLinks, SumTotal.SPPortal.WebParts, Version=1.0.0.0, Culture=neutral, PublicKeyToken=6b7f90fbd13cce01\",\"WebPartServiceAgentInterfaceTypeName\":\"ILMWebPartContractAsync\",\"WebPartDefinitionXml\":null,\"HideWebPartHeader\":false,\"HideWebPartFooter\":true,\"IsFreeFlowing\":false,\"RelyingParty\":null,\"IsWebPartEnabled\":false,\"PillarKey\":\"LM\",\"ChromeStyle\":7,\"ParameterJSON\":\"{\\\"HeaderLinkIcon\\\": \\\"\\\", \\\"IsCustomEditor\\\": false, \\\"PreviewType\\\" : \\\"table\\\"}\",\"TemplatePath\":\"app/modules/dashboard/views/webparts/widgetQuickLinks.html\",\"Created\":null,\"CreatedBy\":null,\"Modified\":null,\"ModifiedBy\":null,\"Id\":69,\"ForceInvariant\":false},\"Title\":\"Quick Links\",\"SubTitle\":\"Quick Links for Training\",\"ChromeStyle\":7,\"SupportsFullScreen\":true,\"IsHidden\":false,\"Headerxor\":null,\"Layout\":\"{\\\"x\\\":0,\\\"y\\\":51,\\\"width\\\":19,\\\"height\\\":18,\\\"max-width\\\":10,\\\"max-height\\\":10}\",\"ParameterJSON\":\"{\\\"HeaderLinkIcon\\\":\\\"\\\",\\\"IsCustomEditor\\\":false,\\\"PreviewType\\\":\\\"table\\\"}\",\"OverrideTemplate\":null,\"Id\":309,\"ForceInvariant\":false},{\"Definition\":{\"WebPartDefinitionKey\":\"Timeline\",\"Title\":\"Timeline\",\"Description\":\"Displays tasks, approvals, and other updates in a timeline view.\",\"Category\":{\"CategoryKey\":\"WebPartDefinition_Common\",\"ObjectType\":null,\"OrdinalPosition\":null,\"Parent\":null,\"SubCategories\":null,\"Name\":\"Common\",\"Description\":\"Common\",\"Created\":null,\"CreatedBy\":null,\"Modified\":null,\"ModifiedBy\":null,\"Id\":5,\"ForceInvariant\":false},\"SubTitle\":\"Activity timeline\",\"WebPartIconName\":null,\"WidgetNotificationMode\":0,\"WidgetDeeplinkUrlText\":null,\"IsEnabled\":false,\"TypeName\":null,\"WebPartServiceAgentInterfaceTypeName\":null,\"WebPartDefinitionXml\":null,\"HideWebPartHeader\":false,\"HideWebPartFooter\":false,\"IsFreeFlowing\":false,\"RelyingParty\":null,\"IsWebPartEnabled\":false,\"PillarKey\":null,\"ChromeStyle\":7,\"ParameterJSON\":\"{\\\"HeaderLinkIcon\\\": \\\"\\\", \\\"IsCustomEditor\\\": false, \\\"PreviewType\\\" : \\\"timeline\\\"}\",\"TemplatePath\":\"app/modules/dashboard/views/webparts/widgetTimeline.html\",\"Created\":null,\"CreatedBy\":null,\"Modified\":null,\"ModifiedBy\":null,\"Id\":61,\"ForceInvariant\":false},\"Title\":\"Timeline\",\"SubTitle\":\"Activity timeline\",\"ChromeStyle\":7,\"SupportsFullScreen\":true,\"IsHidden\":false,\"Headerxor\":null,\"Layout\":\"{\\\"x\\\":20,\\\"y\\\":21,\\\"width\\\":66,\\\"height\\\":32,\\\"max-width\\\":10,\\\"max-height\\\":10}\",\"ParameterJSON\":\"{\\\"HeaderLinkIcon\\\":\\\"\\\",\\\"IsCustomEditor\\\":false,\\\"PreviewType\\\":\\\"timeline\\\"}\",\"OverrideTemplate\":null,\"Id\":310,\"ForceInvariant\":false},{\"Definition\":{\"WebPartDefinitionKey\":\"LM_News\",\"Title\":\"News\",\"Description\":\"Display latest news.\",\"Category\":{\"CategoryKey\":\"WebPartDefinition_Learning\",\"ObjectType\":null,\"OrdinalPosition\":null,\"Parent\":null,\"SubCategories\":null,\"Name\":\"Learning\",\"Description\":\"Learning\",\"Created\":null,\"CreatedBy\":null,\"Modified\":null,\"ModifiedBy\":null,\"Id\":8,\"ForceInvariant\":false},\"SubTitle\":\"News\",\"WebPartIconName\":null,\"WidgetNotificationMode\":0,\"WidgetDeeplinkUrlText\":null,\"IsEnabled\":false,\"TypeName\":null,\"WebPartServiceAgentInterfaceTypeName\":\"ILMWebPartContractAsync\",\"WebPartDefinitionXml\":null,\"HideWebPartHeader\":false,\"HideWebPartFooter\":false,\"IsFreeFlowing\":false,\"RelyingParty\":null,\"IsWebPartEnabled\":false,\"PillarKey\":\"LM\",\"ChromeStyle\":7,\"ParameterJSON\":\"{\\\"HeaderLinkIcon\\\": \\\"\\\", \\\"IsCustomEditor\\\": false, \\\"PreviewType\\\" : \\\"table\\\"}\",\"TemplatePath\":\"app/modules/dashboard/views/webparts/widgetNews.html\",\"Created\":null,\"CreatedBy\":null,\"Modified\":null,\"ModifiedBy\":null,\"Id\":85,\"ForceInvariant\":false},\"Title\":\"News\",\"SubTitle\":\"News\",\"ChromeStyle\":0,\"SupportsFullScreen\":true,\"IsHidden\":false,\"Headerxor\":null,\"Layout\":\"{\\\"x\\\":20,\\\"y\\\":0,\\\"width\\\":66,\\\"height\\\":21,\\\"max-width\\\":10,\\\"max-height\\\":10}\",\"ParameterJSON\":\"{\\\"HeaderLinkIcon\\\":\\\"\\\",\\\"IsCustomEditor\\\":false,\\\"PreviewType\\\":\\\"timeline\\\"}\",\"OverrideTemplate\":null,\"Id\":311,\"ForceInvariant\":false},{\"Definition\":{\"WebPartDefinitionKey\":\"Key_Measures\",\"Title\":\"Key Measures\",\"Description\":\"Displays key performance measures for a user.\",\"Category\":{\"CategoryKey\":\"WebPartDefinition_Common\",\"ObjectType\":null,\"OrdinalPosition\":null,\"Parent\":null,\"SubCategories\":null,\"Name\":\"Common\",\"Description\":\"Common\",\"Created\":null,\"CreatedBy\":null,\"Modified\":null,\"ModifiedBy\":null,\"Id\":5,\"ForceInvariant\":false},\"SubTitle\":\"Key Measures\",\"WebPartIconName\":null,\"WidgetNotificationMode\":0,\"WidgetDeeplinkUrlText\":null,\"IsEnabled\":false,\"TypeName\":null,\"WebPartServiceAgentInterfaceTypeName\":null,\"WebPartDefinitionXml\":null,\"HideWebPartHeader\":false,\"HideWebPartFooter\":true,\"IsFreeFlowing\":false,\"RelyingParty\":null,\"IsWebPartEnabled\":false,\"PillarKey\":null,\"ChromeStyle\":7,\"ParameterJSON\":\"{\\\"HeaderLinkIcon\\\": \\\"\\\", \\\"IsCustomEditor\\\": false, \\\"PreviewType\\\" : \\\"claw\\\"}\",\"TemplatePath\":\"app/modules/dashboard/views/webparts/widgetKeyMeasures.html\",\"Created\":null,\"CreatedBy\":null,\"Modified\":null,\"ModifiedBy\":null,\"Id\":62,\"ForceInvariant\":false},\"Title\":\"Key Measures\",\"SubTitle\":\"Key Measures\",\"ChromeStyle\":7,\"SupportsFullScreen\":true,\"IsHidden\":false,\"Headerxor\":\"\",\"Layout\":\"{\\\"x\\\":0,\\\"y\\\":0,\\\"width\\\":20,\\\"height\\\":20}\",\"ParameterJSON\":\"{\\\"HeaderLinkIcon\\\":\\\"\\\",\\\"IsCustomEditor\\\":false,\\\"PreviewType\\\":\\\"claw\\\"}\",\"OverrideTemplate\":null,\"Id\":-1,\"ForceInvariant\":false}],\"IsSystemLocked\":true,\"Personalization\":null,\"Personalizations\":null,\"Priority\":0,\"CanAddPage\":true,\"CanEditPage\":true,\"CanDeletePage\":true,\"CanPersonalizePage\":true,\"CanViewPage\":false,\"SecurityGroupObjectPermissions\":null,\"PermissionsByKey\":{},\"Created\":null,\"CreatedBy\":null,\"Modified\":null,\"ModifiedBy\":null,\"Id\":2,\"ForceInvariant\":false}"},"Url":"#/dash/learning","path":"dash/learning","WebPartPageKey":null,"IsEnabled":true,"RPKey":null,"Priority":0,"WebParts":[{"Id":310,"ChromeStyle":7,"Definition":{"WebPartDefinitionKey":"Timeline","Title":"Timeline","Description":"Displays tasks, approvals, and other updates in a timeline view.","SubTitle":"Activity timeline","WebPartIconName":null,"WidgetNotificationMode":0,"WidgetDeeplinkUrlText":null,"CategoryName":"Common","IsWebPartEnabled":true,"TypeName":null,"WebPartServiceAgentInterfaceTypeName":null,"WebPartDefinitionXml":null,"HideWebPartHeader":false,"HideWebPartFooter":false,"IsFreeFlowing":false,"PillarKey":null,"ChromeStyle":7,"ParameterJSON":"{\"HeaderLinkIcon\": \"\", \"IsCustomEditor\": false, \"PreviewType\" : \"timeline\"}","TemplatePath":"app/modules/dashboard/views/webparts/widgetTimeline.html","IsSystemLocked":false,"Category":{"Id":5,"Name":"Common","CategoryKey":"WebPartDefinition_Common","Description":"Common","ParentId":1,"OrdinalPosition":null},"Id":61},"HeaderColor":null,"IsHidden":false,"Layout":"{\"x\":34,\"y\":35,\"width\":50,\"height\":22,\"max-width\":10,\"max-height\":10}","OverrideTemplate":null,"ParameterJSON":"{\"HeaderLinkIcon\":\"\",\"IsCustomEditor\":false,\"PreviewType\":\"timeline\"}","SubTitle":"Activity timeline","SupportsFullScreen":true,"Title":"Timeline"},{"Id":476,"ChromeStyle":7,"Definition":{"WebPartDefinitionKey":"About_Me","Title":"About Me","Description":"Displays key profile information about the employee.","SubTitle":"Photo, email and employment information","WebPartIconName":null,"WidgetNotificationMode":0,"WidgetDeeplinkUrlText":"View my profile","CategoryName":"Common","IsWebPartEnabled":true,"TypeName":"SumTotal.SPPortal.WebParts.Core.MySelf.AboutMe.AboutMe, SumTotal.SPPortal.WebParts, Version=1.0.0.0, Culture=neutral, PublicKeyToken=6b7f90fbd13cce01","WebPartServiceAgentInterfaceTypeName":null,"WebPartDefinitionXml":null,"HideWebPartHeader":true,"HideWebPartFooter":true,"IsFreeFlowing":false,"PillarKey":null,"ChromeStyle":7,"ParameterJSON":"{\"HeaderLinkIcon\": \"\", \"IsCustomEditor\": false, \"PreviewType\" : \"aboutme\"}","TemplatePath":"app/modules/dashboard/views/webparts/widgetAboutMe.html","IsSystemLocked":false,"Category":{"Id":5,"Name":"Common","CategoryKey":"WebPartDefinition_Common","Description":"Common","ParentId":1,"OrdinalPosition":null},"Id":43},"HeaderColor":"","IsHidden":false,"Layout":"{\"x\":0,\"y\":0,\"width\":23,\"height\":15}","OverrideTemplate":null,"ParameterJSON":"{\"HeaderLinkIcon\":\"\",\"IsCustomEditor\":false,\"PreviewType\":\"aboutme\"}","SubTitle":"Photo, email and employment information","SupportsFullScreen":true,"Title":null},{"Id":487,"ChromeStyle":7,"Definition":{"WebPartDefinitionKey":"LM_MyLearning","Title":"My Learning","Description":"Provides user with graphical summary of their assigned training compliance status.","SubTitle":null,"WebPartIconName":null,"WidgetNotificationMode":0,"WidgetDeeplinkUrlText":null,"CategoryName":"Learning","IsWebPartEnabled":true,"TypeName":"SumTotal.SPPortal.WebParts.Core.Learning.MyLearning.MyLearning, SumTotal.SPPortal.WebParts, Version=1.0.0.0, Culture=neutral, PublicKeyToken=6b7f90fbd13cce01","WebPartServiceAgentInterfaceTypeName":"ILMWebPartContractAsync","WebPartDefinitionXml":null,"HideWebPartHeader":false,"HideWebPartFooter":true,"IsFreeFlowing":false,"PillarKey":"LM","ChromeStyle":7,"ParameterJSON":"{\"HeaderLinkIcon\": \"\", \"IsCustomEditor\": false, \"PreviewType\" : \"html\"}","TemplatePath":"app/modules/dashboard/views/webparts/widgetMyLearning.html","IsSystemLocked":false,"Category":{"Id":8,"Name":"Learning","CategoryKey":"WebPartDefinition_Learning","Description":"Learning","ParentId":1,"OrdinalPosition":null},"Id":67},"HeaderColor":"","IsHidden":false,"Layout":"{\"x\":23,\"y\":0,\"width\":25,\"height\":15}","OverrideTemplate":null,"ParameterJSON":"{\"HeaderLinkIcon\":\"\",\"IsCustomEditor\":false,\"PreviewType\":\"html\"}","SubTitle":null,"SupportsFullScreen":true,"Title":null},{"Id":488,"ChromeStyle":7,"Definition":{"WebPartDefinitionKey":"LM_LearningTasks","Title":"Learning Tasks","Description":"Displays the user's pending tasks.","SubTitle":"Learning Tasks","WebPartIconName":null,"WidgetNotificationMode":0,"WidgetDeeplinkUrlText":null,"CategoryName":"Learning","IsWebPartEnabled":true,"TypeName":"SSumTotal.SPPortal.WebParts.Core.Learning.LearningTasks.LearningTasks, SumTotal.SPPortal.WebParts, Version=1.0.0.0, Culture=neutral, PublicKeyToken=6b7f90fbd13cce01","WebPartServiceAgentInterfaceTypeName":"ILMWebPartContractAsync","WebPartDefinitionXml":null,"HideWebPartHeader":false,"HideWebPartFooter":true,"IsFreeFlowing":false,"PillarKey":"LM","ChromeStyle":7,"ParameterJSON":"{\"HeaderLinkIcon\": \"\", \"IsCustomEditor\": false, \"PreviewType\" : \"table\"}","TemplatePath":"app/modules/dashboard/views/webparts/widgetLearningTasks.html","IsSystemLocked":false,"Category":{"Id":8,"Name":"Learning","CategoryKey":"WebPartDefinition_Learning","Description":"Learning","ParentId":1,"OrdinalPosition":null},"Id":68},"HeaderColor":"","IsHidden":false,"Layout":"{\"x\":48,\"y\":0,\"width\":34,\"height\":14}","OverrideTemplate":null,"ParameterJSON":"{\"HeaderLinkIcon\":\"\",\"IsCustomEditor\":false,\"PreviewType\":\"table\"}","SubTitle":"Learning Tasks","SupportsFullScreen":true,"Title":null},{"Id":489,"ChromeStyle":7,"Definition":{"WebPartDefinitionKey":"LM_Recommendation","Title":"Recommended Courses","Description":"Displays recommended learning based on your interests, your required skills, and suggestions from others in your organization.","SubTitle":null,"WebPartIconName":null,"WidgetNotificationMode":0,"WidgetDeeplinkUrlText":null,"CategoryName":"Learning","IsWebPartEnabled":true,"TypeName":null,"WebPartServiceAgentInterfaceTypeName":null,"WebPartDefinitionXml":null,"HideWebPartHeader":false,"HideWebPartFooter":true,"IsFreeFlowing":false,"PillarKey":"LM","ChromeStyle":7,"ParameterJSON":"{\"HeaderLinkIcon\": \"\", \"IsCustomEditor\": false, \"PreviewType\" : \"table\"}","TemplatePath":"app/modules/dashboard/views/webparts/widgetRecommendation.html","IsSystemLocked":false,"Category":{"Id":8,"Name":"Learning","CategoryKey":"WebPartDefinition_Learning","Description":"Learning","ParentId":1,"OrdinalPosition":null},"Id":70},"HeaderColor":"","IsHidden":false,"Layout":"{\"x\":0,\"y\":15,\"width\":42,\"height\":20}","OverrideTemplate":null,"ParameterJSON":"{\"HeaderLinkIcon\":\"\",\"IsCustomEditor\":false,\"PreviewType\":\"table\"}","SubTitle":null,"SupportsFullScreen":true,"Title":null},{"Id":490,"ChromeStyle":7,"Definition":{"WebPartDefinitionKey":"LM_RecentlyLaunched","Title":"Recently Launched","Description":"Provides user with quick access to the most recently launched non-completed training item.","SubTitle":"Recently Launched","WebPartIconName":null,"WidgetNotificationMode":0,"WidgetDeeplinkUrlText":"View All Recently Launch Activity","CategoryName":"Learning","IsWebPartEnabled":true,"TypeName":"SumTotal.SPPortal.WebParts.Core.Learning.RecentlyLaunched.RecentlyLaunched, SumTotal.SPPortal.WebParts, Version=1.0.0.0, Culture=neutral, PublicKeyToken=6b7f90fbd13cce01","WebPartServiceAgentInterfaceTypeName":"ILMWebPartContractAsync","WebPartDefinitionXml":null,"HideWebPartHeader":false,"HideWebPartFooter":true,"IsFreeFlowing":false,"PillarKey":"LM","ChromeStyle":7,"ParameterJSON":"{\"HeaderLinkIcon\": \"\", \"IsCustomEditor\": false, \"PreviewType\" : \"table\"}","TemplatePath":"app/modules/dashboard/views/webparts/widgetRecentlyLaunched.html","IsSystemLocked":false,"Category":{"Id":8,"Name":"Learning","CategoryKey":"WebPartDefinition_Learning","Description":"Learning","ParentId":1,"OrdinalPosition":null},"Id":65},"HeaderColor":"","IsHidden":false,"Layout":"{\"x\":42,\"y\":15,\"width\":40,\"height\":20}","OverrideTemplate":null,"ParameterJSON":"{\"HeaderLinkIcon\":\"\",\"IsCustomEditor\":false,\"PreviewType\":\"table\"}","SubTitle":"Recently Launched","SupportsFullScreen":true,"Title":null},{"Id":491,"ChromeStyle":7,"Definition":{"WebPartDefinitionKey":"LM_MyMessages","Title":"My Messages","Description":"Highlights the five most recent unread learning  notifications.","SubTitle":"Recent messages I have received","WebPartIconName":null,"WidgetNotificationMode":1,"WidgetDeeplinkUrlText":"View All Messages","CategoryName":"Learning","IsWebPartEnabled":true,"TypeName":"SumTotal.SPPortal.WebParts.Core.Learning.MyMessages.MyMessages, SumTotal.SPPortal.WebParts, Version=1.0.0.0, Culture=neutral, PublicKeyToken=6b7f90fbd13cce01","WebPartServiceAgentInterfaceTypeName":"ILMWebPartContractAsync","WebPartDefinitionXml":null,"HideWebPartHeader":false,"HideWebPartFooter":true,"IsFreeFlowing":false,"PillarKey":"LM","ChromeStyle":7,"ParameterJSON":"{\"HeaderLinkIcon\": \"\", \"IsCustomEditor\": false, \"MessagesConfig\":{ \"MessageCount\":\"count\", \"MessageData\":[\"date\", \"subject\", \"url\"]}, \"PreviewType\":\"messages\"}","TemplatePath":"app/modules/dashboard/views/webparts/widgetMyMessages.html","IsSystemLocked":false,"Category":{"Id":8,"Name":"Learning","CategoryKey":"WebPartDefinition_Learning","Description":"Learning","ParentId":1,"OrdinalPosition":null},"Id":4},"HeaderColor":"","IsHidden":false,"Layout":"{\"x\":null,\"y\":null,\"width\":33,\"height\":20}","OverrideTemplate":null,"ParameterJSON":"{\"HeaderLinkIcon\":\"\",\"IsCustomEditor\":false,\"MessagesConfig\":{\"MessageCount\":\"count\",\"MessageData\":[\"date\",\"subject\",\"url\"]},\"PreviewType\":\"messages\"}","SubTitle":"Recent messages I have received","SupportsFullScreen":true,"Title":null}],"CanAddPage":true,"CanEditPage":true,"CanDeletePage":true,"CanPersonalizePage":true}],"IsSystemLocked":true,"IsEnabled":true,"RPKey":null,"CanViewDashboard":true,"CanAddDashboard":true,"CanEditDashboard":true,"CanDeleteDashboard":true,"CanPersonalizeDashboard":true},{"Id":14,"DefaultPage":{"Id":4,"title":null,"Description":"Profile","IsSystemLocked":true,"Name":"Profile","IsGuestPage":false,"ParameterJSON":null,"Personalization":null,"Url":"#/dash/profile","path":null,"WebPartPageKey":null,"IsEnabled":true,"RPKey":null,"Priority":1,"WebParts":[],"CanAddPage":false,"CanEditPage":false,"CanDeletePage":false,"CanPersonalizePage":false},"Description":"Profile","Name":"Profile","Url":"#/dash/profile","WebPartPageDefinitionKey":null,"WebPartPages":[{"Id":4,"title":"Profile","Description":"Profile","IsSystemLocked":true,"Name":"Profile","IsGuestPage":false,"ParameterJSON":null,"Personalization":null,"Url":"#/dash/profile","path":"dash/profile","WebPartPageKey":null,"IsEnabled":true,"RPKey":null,"Priority":1,"WebParts":[],"CanAddPage":true,"CanEditPage":true,"CanDeletePage":true,"CanPersonalizePage":true},{"Id":191,"title":"Public Profile View - Manager","Description":"Public Profile View - Manager","IsSystemLocked":true,"Name":"Public Profile View - Manager","IsGuestPage":false,"ParameterJSON":null,"Personalization":null,"Url":"#/dash/profile/publicProfileManager","path":"dash/profile/publicProfileManager","WebPartPageKey":null,"IsEnabled":true,"RPKey":null,"Priority":1,"WebParts":[{"Id":319,"ChromeStyle":0,"Definition":{"WebPartDefinitionKey":"About_Me","Title":"About Me","Description":"Displays key profile information about the employee.","SubTitle":"Photo, email and employment information","WebPartIconName":null,"WidgetNotificationMode":0,"WidgetDeeplinkUrlText":"View my profile","CategoryName":"Common","IsWebPartEnabled":true,"TypeName":"SumTotal.SPPortal.WebParts.Core.MySelf.AboutMe.AboutMe, SumTotal.SPPortal.WebParts, Version=1.0.0.0, Culture=neutral, PublicKeyToken=6b7f90fbd13cce01","WebPartServiceAgentInterfaceTypeName":null,"WebPartDefinitionXml":null,"HideWebPartHeader":true,"HideWebPartFooter":true,"IsFreeFlowing":false,"PillarKey":null,"ChromeStyle":7,"ParameterJSON":"{\"HeaderLinkIcon\": \"\", \"IsCustomEditor\": false, \"PreviewType\" : \"aboutme\"}","TemplatePath":"app/modules/dashboard/views/webparts/widgetAboutMe.html","IsSystemLocked":false,"Category":{"Id":5,"Name":"Common","CategoryKey":"WebPartDefinition_Common","Description":"Common","ParentId":1,"OrdinalPosition":null},"Id":43},"HeaderColor":null,"IsHidden":false,"Layout":"{\"x\":0,\"y\":\"0\",\"width\":33,\"height\":20}","OverrideTemplate":null,"ParameterJSON":"{\"HeaderLinkIcon\":\"\",\"IsCustomEditor\":false,\"PreviewType\":\"aboutme\"}","SubTitle":"Photo, email and employment information","SupportsFullScreen":true,"Title":null},{"Id":320,"ChromeStyle":7,"Definition":{"WebPartDefinitionKey":"Timeline","Title":"Timeline","Description":"Displays tasks, approvals, and other updates in a timeline view.","SubTitle":"Activity timeline","WebPartIconName":null,"WidgetNotificationMode":0,"WidgetDeeplinkUrlText":null,"CategoryName":"Common","IsWebPartEnabled":true,"TypeName":null,"WebPartServiceAgentInterfaceTypeName":null,"WebPartDefinitionXml":null,"HideWebPartHeader":false,"HideWebPartFooter":false,"IsFreeFlowing":false,"PillarKey":null,"ChromeStyle":7,"ParameterJSON":"{\"HeaderLinkIcon\": \"\", \"IsCustomEditor\": false, \"PreviewType\" : \"timeline\"}","TemplatePath":"app/modules/dashboard/views/webparts/widgetTimeline.html","IsSystemLocked":false,"Category":{"Id":5,"Name":"Common","CategoryKey":"WebPartDefinition_Common","Description":"Common","ParentId":1,"OrdinalPosition":null},"Id":61},"HeaderColor":null,"IsHidden":false,"Layout":"{\"x\":0,\"y\":33,\"width\":33,\"height\":62,\"max-width\":10,\"max-height\":10}","OverrideTemplate":null,"ParameterJSON":"{\"HeaderLinkIcon\":\"\",\"IsCustomEditor\":false,\"PreviewType\":\"timeline\"}","SubTitle":"Activity timeline","SupportsFullScreen":true,"Title":null},{"Id":321,"ChromeStyle":7,"Definition":{"WebPartDefinitionKey":"Direct_Reports","Title":"Direct Reports","Description":"Listing of your direct reports.","SubTitle":"Direct Reports","WebPartIconName":null,"WidgetNotificationMode":0,"WidgetDeeplinkUrlText":null,"CategoryName":"Common","IsWebPartEnabled":true,"TypeName":null,"WebPartServiceAgentInterfaceTypeName":null,"WebPartDefinitionXml":null,"HideWebPartHeader":false,"HideWebPartFooter":true,"IsFreeFlowing":false,"PillarKey":null,"ChromeStyle":7,"ParameterJSON":"{\"HeaderLinkIcon\": \"DirectReports\", \"IsCustomEditor\": false, \"PreviewType\" : \"table\"}","TemplatePath":"app/modules/dashboard/views/webparts/widgetDirectReports.html","IsSystemLocked":false,"Category":{"Id":5,"Name":"Common","CategoryKey":"WebPartDefinition_Common","Description":"Common","ParentId":1,"OrdinalPosition":null},"Id":63},"HeaderColor":null,"IsHidden":false,"Layout":"{\"x\":34,\"y\":0,\"width\":66,\"height\":33}","OverrideTemplate":null,"ParameterJSON":"{\"HeaderLinkIcon\":\"DirectReports\",\"IsCustomEditor\":false,\"PreviewType\":\"table\"}","SubTitle":"Direct Reports","SupportsFullScreen":true,"Title":null}],"CanAddPage":true,"CanEditPage":true,"CanDeletePage":true,"CanPersonalizePage":true},{"Id":192,"title":"Public Profile View - Employee","Description":"Public Profile View - Employee","IsSystemLocked":true,"Name":"Public Profile View - Employee","IsGuestPage":false,"ParameterJSON":null,"Personalization":null,"Url":"#/dash/profile/publicProfileEmployee","path":"dash/profile/publicProfileEmployee","WebPartPageKey":null,"IsEnabled":true,"RPKey":null,"Priority":1,"WebParts":[{"Id":317,"ChromeStyle":7,"Definition":{"WebPartDefinitionKey":"Timeline","Title":"Timeline","Description":"Displays tasks, approvals, and other updates in a timeline view.","SubTitle":"Activity timeline","WebPartIconName":null,"WidgetNotificationMode":0,"WidgetDeeplinkUrlText":null,"CategoryName":"Common","IsWebPartEnabled":true,"TypeName":null,"WebPartServiceAgentInterfaceTypeName":null,"WebPartDefinitionXml":null,"HideWebPartHeader":false,"HideWebPartFooter":false,"IsFreeFlowing":false,"PillarKey":null,"ChromeStyle":7,"ParameterJSON":"{\"HeaderLinkIcon\": \"\", \"IsCustomEditor\": false, \"PreviewType\" : \"timeline\"}","TemplatePath":"app/modules/dashboard/views/webparts/widgetTimeline.html","IsSystemLocked":false,"Category":{"Id":5,"Name":"Common","CategoryKey":"WebPartDefinition_Common","Description":"Common","ParentId":1,"OrdinalPosition":null},"Id":61},"HeaderColor":null,"IsHidden":false,"Layout":"{\"x\":0,\"y\":33,\"width\":33,\"height\":62,\"max-width\":10,\"max-height\":10}","OverrideTemplate":null,"ParameterJSON":"{\"HeaderLinkIcon\":\"\",\"IsCustomEditor\":false,\"PreviewType\":\"timeline\"}","SubTitle":"Activity timeline","SupportsFullScreen":true,"Title":null},{"Id":318,"ChromeStyle":0,"Definition":{"WebPartDefinitionKey":"About_Me","Title":"About Me","Description":"Displays key profile information about the employee.","SubTitle":"Photo, email and employment information","WebPartIconName":null,"WidgetNotificationMode":0,"WidgetDeeplinkUrlText":"View my profile","CategoryName":"Common","IsWebPartEnabled":true,"TypeName":"SumTotal.SPPortal.WebParts.Core.MySelf.AboutMe.AboutMe, SumTotal.SPPortal.WebParts, Version=1.0.0.0, Culture=neutral, PublicKeyToken=6b7f90fbd13cce01","WebPartServiceAgentInterfaceTypeName":null,"WebPartDefinitionXml":null,"HideWebPartHeader":true,"HideWebPartFooter":true,"IsFreeFlowing":false,"PillarKey":null,"ChromeStyle":7,"ParameterJSON":"{\"HeaderLinkIcon\": \"\", \"IsCustomEditor\": false, \"PreviewType\" : \"aboutme\"}","TemplatePath":"app/modules/dashboard/views/webparts/widgetAboutMe.html","IsSystemLocked":false,"Category":{"Id":5,"Name":"Common","CategoryKey":"WebPartDefinition_Common","Description":"Common","ParentId":1,"OrdinalPosition":null},"Id":43},"HeaderColor":null,"IsHidden":false,"Layout":"{\"x\":0,\"y\":\"0\",\"width\":33,\"height\":20}","OverrideTemplate":null,"ParameterJSON":"{\"HeaderLinkIcon\":\"\",\"IsCustomEditor\":false,\"PreviewType\":\"aboutme\"}","SubTitle":"Photo, email and employment information","SupportsFullScreen":true,"Title":null}],"CanAddPage":true,"CanEditPage":true,"CanDeletePage":true,"CanPersonalizePage":true},{"Id":193,"title":"Personal Profile View - Employee","Description":"Personal Profile View - Employee","IsSystemLocked":true,"Name":"Personal Profile View - Employee","IsGuestPage":false,"ParameterJSON":null,"Personalization":null,"Url":"#/dash/profile/personalProfileEmployee","path":"dash/profile/personalProfileEmployee","WebPartPageKey":null,"IsEnabled":true,"RPKey":null,"Priority":18,"WebParts":[{"Id":315,"ChromeStyle":7,"Definition":{"WebPartDefinitionKey":"Timeline","Title":"Timeline","Description":"Displays tasks, approvals, and other updates in a timeline view.","SubTitle":"Activity timeline","WebPartIconName":null,"WidgetNotificationMode":0,"WidgetDeeplinkUrlText":null,"CategoryName":"Common","IsWebPartEnabled":true,"TypeName":null,"WebPartServiceAgentInterfaceTypeName":null,"WebPartDefinitionXml":null,"HideWebPartHeader":false,"HideWebPartFooter":false,"IsFreeFlowing":false,"PillarKey":null,"ChromeStyle":7,"ParameterJSON":"{\"HeaderLinkIcon\": \"\", \"IsCustomEditor\": false, \"PreviewType\" : \"timeline\"}","TemplatePath":"app/modules/dashboard/views/webparts/widgetTimeline.html","IsSystemLocked":false,"Category":{"Id":5,"Name":"Common","CategoryKey":"WebPartDefinition_Common","Description":"Common","ParentId":1,"OrdinalPosition":null},"Id":61},"HeaderColor":null,"IsHidden":false,"Layout":"{\"x\":0,\"y\":21,\"width\":33,\"height\":62,\"max-width\":10,\"max-height\":10}","OverrideTemplate":null,"ParameterJSON":"{\"HeaderLinkIcon\":\"\",\"IsCustomEditor\":false,\"PreviewType\":\"timeline\"}","SubTitle":"Activity timeline","SupportsFullScreen":true,"Title":null},{"Id":316,"ChromeStyle":7,"Definition":{"WebPartDefinitionKey":"Key_Measures","Title":"Key Measures","Description":"Displays key performance measures for a user.","SubTitle":"Key Measures","WebPartIconName":null,"WidgetNotificationMode":0,"WidgetDeeplinkUrlText":null,"CategoryName":"Common","IsWebPartEnabled":true,"TypeName":null,"WebPartServiceAgentInterfaceTypeName":null,"WebPartDefinitionXml":null,"HideWebPartHeader":false,"HideWebPartFooter":true,"IsFreeFlowing":false,"PillarKey":null,"ChromeStyle":7,"ParameterJSON":"{\"HeaderLinkIcon\": \"\", \"IsCustomEditor\": false, \"PreviewType\" : \"claw\"}","TemplatePath":"app/modules/dashboard/views/webparts/widgetKeyMeasures.html","IsSystemLocked":false,"Category":{"Id":5,"Name":"Common","CategoryKey":"WebPartDefinition_Common","Description":"Common","ParentId":1,"OrdinalPosition":null},"Id":62},"HeaderColor":null,"IsHidden":false,"Layout":"{\"x\":33,\"y\":0,\"width\":67,\"height\":20,\"max-width\":10,\"max-height\":10}","OverrideTemplate":null,"ParameterJSON":"{\"HeaderLinkIcon\":\"\",\"IsCustomEditor\":false,\"PreviewType\":\"claw\"}","SubTitle":"Key Measures","SupportsFullScreen":true,"Title":null},{"Id":415,"ChromeStyle":7,"Definition":{"WebPartDefinitionKey":"About_Me","Title":"About Me","Description":"Displays key profile information about the employee.","SubTitle":"Photo, email and employment information","WebPartIconName":null,"WidgetNotificationMode":0,"WidgetDeeplinkUrlText":"View my profile","CategoryName":"Common","IsWebPartEnabled":true,"TypeName":"SumTotal.SPPortal.WebParts.Core.MySelf.AboutMe.AboutMe, SumTotal.SPPortal.WebParts, Version=1.0.0.0, Culture=neutral, PublicKeyToken=6b7f90fbd13cce01","WebPartServiceAgentInterfaceTypeName":null,"WebPartDefinitionXml":null,"HideWebPartHeader":true,"HideWebPartFooter":true,"IsFreeFlowing":false,"PillarKey":null,"ChromeStyle":7,"ParameterJSON":"{\"HeaderLinkIcon\": \"\", \"IsCustomEditor\": false, \"PreviewType\" : \"aboutme\"}","TemplatePath":"app/modules/dashboard/views/webparts/widgetAboutMe.html","IsSystemLocked":false,"Category":{"Id":5,"Name":"Common","CategoryKey":"WebPartDefinition_Common","Description":"Common","ParentId":1,"OrdinalPosition":null},"Id":43},"HeaderColor":"","IsHidden":false,"Layout":"{\"x\":0,\"y\":0,\"width\":30,\"height\":21}","OverrideTemplate":null,"ParameterJSON":"{\"HeaderLinkIcon\":\"\",\"IsCustomEditor\":false,\"PreviewType\":\"aboutme\"}","SubTitle":"Photo, email and employment information","SupportsFullScreen":true,"Title":null},{"Id":416,"ChromeStyle":7,"Definition":{"WebPartDefinitionKey":"LM_Recommendation","Title":"Recommended Courses","Description":"Displays recommended learning based on your interests, your required skills, and suggestions from others in your organization.","SubTitle":null,"WebPartIconName":null,"WidgetNotificationMode":0,"WidgetDeeplinkUrlText":null,"CategoryName":"Learning","IsWebPartEnabled":true,"TypeName":null,"WebPartServiceAgentInterfaceTypeName":null,"WebPartDefinitionXml":null,"HideWebPartHeader":false,"HideWebPartFooter":true,"IsFreeFlowing":false,"PillarKey":"LM","ChromeStyle":7,"ParameterJSON":"{\"HeaderLinkIcon\": \"\", \"IsCustomEditor\": false, \"PreviewType\" : \"table\"}","TemplatePath":"app/modules/dashboard/views/webparts/widgetRecommendation.html","IsSystemLocked":false,"Category":{"Id":8,"Name":"Learning","CategoryKey":"WebPartDefinition_Learning","Description":"Learning","ParentId":1,"OrdinalPosition":null},"Id":70},"HeaderColor":"","IsHidden":false,"Layout":"{\"x\":33,\"y\":20,\"width\":66,\"height\":20}","OverrideTemplate":null,"ParameterJSON":"{\"HeaderLinkIcon\":\"\",\"IsCustomEditor\":false,\"PreviewType\":\"table\"}","SubTitle":null,"SupportsFullScreen":true,"Title":null}],"CanAddPage":true,"CanEditPage":true,"CanDeletePage":true,"CanPersonalizePage":true},{"Id":194,"title":"Personal Profile View - Manager","Description":"Personal Profile View - Manager","IsSystemLocked":true,"Name":"Personal Profile View - Manager","IsGuestPage":false,"ParameterJSON":null,"Personalization":null,"Url":"#/dash/profile/personalProfileManager","path":"dash/profile/personalProfileManager","WebPartPageKey":null,"IsEnabled":true,"RPKey":null,"Priority":21,"WebParts":[{"Id":501,"ChromeStyle":7,"Definition":{"WebPartDefinitionKey":"My_Development_Plan","Title":"My Development Plan","Description":"Displays a user's Development Plan","SubTitle":"My Development Plan","WebPartIconName":null,"WidgetNotificationMode":0,"WidgetDeeplinkUrlText":null,"CategoryName":"Common","IsWebPartEnabled":true,"TypeName":null,"WebPartServiceAgentInterfaceTypeName":null,"WebPartDefinitionXml":null,"HideWebPartHeader":false,"HideWebPartFooter":true,"IsFreeFlowing":false,"PillarKey":null,"ChromeStyle":7,"ParameterJSON":"{\"HeaderLinkIcon\": \"\", \"IsCustomEditor\": false, \"PreviewType\" : \"table\"}","TemplatePath":"app/modules/dashboard/views/webparts/widgetDevelopmentPlan.html","IsSystemLocked":false,"Category":{"Id":5,"Name":"Common","CategoryKey":"WebPartDefinition_Common","Description":"Common","ParentId":1,"OrdinalPosition":null},"Id":90},"HeaderColor":"","IsHidden":false,"Layout":"{\"x\":0,\"y\":23,\"width\":78,\"height\":22}","OverrideTemplate":null,"ParameterJSON":"{\"HeaderLinkIcon\":\"\",\"IsCustomEditor\":false,\"PreviewType\":\"table\"}","SubTitle":"My Development Plan","SupportsFullScreen":true,"Title":null},{"Id":502,"ChromeStyle":7,"Definition":{"WebPartDefinitionKey":"TM_MyTeamDevelopmentStatus","Title":"Team Development Status","Description":"Displays direct report development goals and highlights where manager mentoring may be required.","SubTitle":"Development Status for Your Team","WebPartIconName":null,"WidgetNotificationMode":0,"WidgetDeeplinkUrlText":null,"CategoryName":"Talent","IsWebPartEnabled":true,"TypeName":"SumTotal.SPPortal.WebParts.Core.Performance.TeamDevelopmentStatus.TeamDevelopmentStatus, SumTotal.SPPortal.WebParts, Version=1.0.0.0, Culture=neutral, PublicKeyToken=6b7f90fbd13cce01","WebPartServiceAgentInterfaceTypeName":"IPerformanceWebPartContractAsync","WebPartDefinitionXml":null,"HideWebPartHeader":false,"HideWebPartFooter":true,"IsFreeFlowing":false,"PillarKey":"TM","ChromeStyle":7,"ParameterJSON":"{\"HeaderLinkIcon\": \"\", \"IsCustomEditor\": false, \"ChartConfig\":{\"columnMap\":[\"employees\"], \"barType\":\"bar\", \"ChartLabelColumn\":\"name\"},\"PreviewType\":\"barChart\"}","TemplatePath":"app/modules/dashboard/views/webparts/widgetTeamDevelopmentStatus.html","IsSystemLocked":false,"Category":{"Id":6,"Name":"Talent","CategoryKey":"WebPartDefinition_Talent","Description":"Talent","ParentId":1,"OrdinalPosition":null},"Id":54},"HeaderColor":"","IsHidden":false,"Layout":"{\"x\":6,\"y\":0,\"width\":66,\"height\":23}","OverrideTemplate":null,"ParameterJSON":"{\"HeaderLinkIcon\":\"\",\"IsCustomEditor\":false,\"ChartConfig\":{\"columnMap\":[\"employees\"],\"barType\":\"bar\",\"ChartLabelColumn\":\"name\"},\"PreviewType\":\"barChart\"}","SubTitle":"Development Status for Your Team","SupportsFullScreen":true,"Title":null}],"CanAddPage":true,"CanEditPage":true,"CanDeletePage":true,"CanPersonalizePage":true}],"IsSystemLocked":true,"IsEnabled":true,"RPKey":null,"CanViewDashboard":true,"CanAddDashboard":true,"CanEditDashboard":true,"CanDeleteDashboard":true,"CanPersonalizeDashboard":true},{"Id":17,"DefaultPage":{"Id":190,"title":null,"Description":"First Time Experience desc","IsSystemLocked":true,"Name":"First Time Experience","IsGuestPage":false,"ParameterJSON":null,"Personalization":null,"Url":"#/dash/fte","path":null,"WebPartPageKey":null,"IsEnabled":true,"RPKey":null,"Priority":0,"WebParts":[{"Id":301,"ChromeStyle":7,"Definition":{"WebPartDefinitionKey":"Find_Video","Title":"Find a Video","Description":"Provides a launching point to search for videos in the learning library.","SubTitle":null,"WebPartIconName":null,"WidgetNotificationMode":0,"WidgetDeeplinkUrlText":null,"CategoryName":"Enterprise Search Configuration","IsWebPartEnabled":true,"TypeName":null,"WebPartServiceAgentInterfaceTypeName":null,"WebPartDefinitionXml":null,"HideWebPartHeader":false,"HideWebPartFooter":false,"IsFreeFlowing":false,"PillarKey":null,"ChromeStyle":7,"ParameterJSON":"{ \"HeaderLinkIcon\": \"\", \"IsCustomEditor\": false, \"PreviewType\": \"search\", \"WidgetContent\": [\t{ \"contentItem\": \"ENTERPRISE_SEARCH_FIND_VIDEO_CONTENT_ITEM\", \"contentDescription\": \"ENTERPRISE_SEARCH_FIND_VIDEO_CONTENT_DESC\",  \"isLink\": false\t},\t{ \"contentItem\": \"ENTERPRISE_SEARCH_FIND_VIDEO_CONTENT_ITEM_TWO\", \"contentDescription\": \"ENTERPRISE_SEARCH_FIND_VIDEO_CONTENT_DESC_TWO\", \"contentLink\": \"ENTERPRISE_SEARCH_LEARNER_DASHBOARD_LINK\", \"isLink\": true , \"link\": \"/dash/learning\"\t} ], \"icon\":\"fa-video-camera\", \"catalogItem\":\"Video\"\t}","TemplatePath":"app/modules/dashboard/views/searchWidgets/findVideo.html","IsSystemLocked":false,"Category":{"Id":28,"Name":"Enterprise Search Configuration","CategoryKey":"ENTERPRISE_SEARCH","Description":"The category for enterprise search settings","ParentId":0,"OrdinalPosition":"1"},"Id":73},"HeaderColor":null,"IsHidden":false,"Layout":"{\"y\":0,\"x\":1,\"row\":1,\"col\":1}","OverrideTemplate":null,"ParameterJSON":"{\"HeaderLinkIcon\":\"\",\"IsCustomEditor\":false,\"PreviewType\":\"search\",\"WidgetContent\":[{\"contentItem\":\"translationFactory.current.ENTERPRISE_SEARCH_FIND_VIDEO_CONTENT_ITEM\",\"contentDescription\":\"translationFactory.current.ENTERPRISE_SEARCH_FIND_VIDEO_CONTENT_DESC\",\"isLink\":false},{\"contentItem\":\"translationFactory.current.ENTERPRISE_SEARCH_FIND_VIDEO_CONTENT_ITEM_TWO\",\"contentDescription\":\"translationFactory.current.ENTERPRISE_SEARCH_FIND_VIDEO_CONTENT_DESC_TWO\",\"contentLink\":\"translationFactory.current.ENTERPRISE_SEARCH_LEARNER_DASHBOARD_LINK\",\"isLink\":true,\"link\":\"/dash/learning\"}],\"icon\":\"fa-video-camera\",\"catalogItem\":\"Video\"}","SubTitle":null,"SupportsFullScreen":true,"Title":null},{"Id":302,"ChromeStyle":7,"Definition":{"WebPartDefinitionKey":"Find_Person","Title":"Find another Person","Description":"Provides a launching point to search for people.","SubTitle":null,"WebPartIconName":null,"WidgetNotificationMode":0,"WidgetDeeplinkUrlText":null,"CategoryName":"Enterprise Search Configuration","IsWebPartEnabled":true,"TypeName":null,"WebPartServiceAgentInterfaceTypeName":null,"WebPartDefinitionXml":null,"HideWebPartHeader":false,"HideWebPartFooter":false,"IsFreeFlowing":false,"PillarKey":null,"ChromeStyle":7,"ParameterJSON":"{ \"HeaderLinkIcon\": \"\", \"IsCustomEditor\": false, \"PreviewType\": \"search\", \"WidgetContent\": [\t{ \"contentItem\": \"ENTERPRISE_SEARCH_FIND_PERSON_CONTENT_ITEM\", \"contentDescription\": \"ENTERPRISE_SEARCH_FIND_PERSON_CONTENT_DESC\", \"isLink\": false\t} ], \"icon\":\"fa-users\"\t}","TemplatePath":"app/modules/dashboard/views/searchWidgets/findPerson.html","IsSystemLocked":false,"Category":{"Id":28,"Name":"Enterprise Search Configuration","CategoryKey":"ENTERPRISE_SEARCH","Description":"The category for enterprise search settings","ParentId":0,"OrdinalPosition":"1"},"Id":74},"HeaderColor":null,"IsHidden":false,"Layout":"{\"y\":0,\"x\":2,\"row\":0,\"col\":2}","OverrideTemplate":null,"ParameterJSON":"{\"HeaderLinkIcon\":\"\",\"IsCustomEditor\":false,\"PreviewType\":\"search\",\"WidgetContent\":[{\"contentItem\":\"translationFactory.current.ENTERPRISE_SEARCH_FIND_PERSON_CONTENT_ITEM\",\"contentDescription\":\"translationFactory.current.ENTERPRISE_SEARCH_FIND_PERSON_CONTENT_DESC\",\"isLink\":false}],\"icon\":\"fa-users\"}","SubTitle":null,"SupportsFullScreen":true,"Title":null},{"Id":329,"ChromeStyle":7,"Definition":{"WebPartDefinitionKey":"Find_Job","Title":"Find A Job","Description":"Here are a few different ways to find a job:","SubTitle":null,"WebPartIconName":null,"WidgetNotificationMode":0,"WidgetDeeplinkUrlText":null,"CategoryName":"Enterprise Search Configuration","IsWebPartEnabled":true,"TypeName":null,"WebPartServiceAgentInterfaceTypeName":null,"WebPartDefinitionXml":null,"HideWebPartHeader":false,"HideWebPartFooter":false,"IsFreeFlowing":false,"PillarKey":null,"ChromeStyle":7,"ParameterJSON":"{ \"HeaderLinkIcon\": \"\", \"IsCustomEditor\": false, \"PreviewType\": \"search\", \"WidgetContent\": [\t{ \"contentItem\": \"ENTERPRISE_SEARCH_FIND_JOB_CONTENT_ITEM\", \"isLink\": true\t},\t{ \"contentItem\": \"ENTERPRISE_SEARCH_FIND_JOB_CONTENT_ITEM_TWO\", \"contentDescription\": \"ENTERPRISE_SEARCH_FIND_JOB_CONTENT_DESC_TWO\", \"isLink\": false\t} ], \"icon\":\"fa-search\"\t}","TemplatePath":"app/modules/dashboard/views/searchWidgets/findJob.html","IsSystemLocked":false,"Category":{"Id":28,"Name":"Enterprise Search Configuration","CategoryKey":"ENTERPRISE_SEARCH","Description":"The category for enterprise search settings","ParentId":0,"OrdinalPosition":"1"},"Id":86},"HeaderColor":null,"IsHidden":false,"Layout":"{\"y\":1,\"x\":1,\"row\":1,\"col\":0}","OverrideTemplate":null,"ParameterJSON":"{\"HeaderLinkIcon\":\"\",\"IsCustomEditor\":false,\"PreviewType\":\"search\",\"WidgetContent\":[{\"contentItem\":\"translationFactory.current.ENTERPRISE_SEARCH_FIND_JOB_CONTENT_ITEM\",\"isLink\":true},{\"contentItem\":\"translationFactory.current.ENTERPRISE_SEARCH_FIND_JOB_CONTENT_ITEM_TWO\",\"contentDescription\":\"translationFactory.current.ENTERPRISE_SEARCH_FIND_JOB_CONTENT_DESC_TWO\",\"isLink\":false}],\"icon\":\"fa-search\"}","SubTitle":null,"SupportsFullScreen":true,"Title":"Find A Job"},{"Id":383,"ChromeStyle":7,"Definition":{"WebPartDefinitionKey":"Edit_Profile","Title":"Edit Your Profile","Description":"Edit your profile.","SubTitle":null,"WebPartIconName":null,"WidgetNotificationMode":0,"WidgetDeeplinkUrlText":null,"CategoryName":"Enterprise Search Configuration","IsWebPartEnabled":true,"TypeName":null,"WebPartServiceAgentInterfaceTypeName":null,"WebPartDefinitionXml":null,"HideWebPartHeader":false,"HideWebPartFooter":false,"IsFreeFlowing":false,"PillarKey":null,"ChromeStyle":7,"ParameterJSON":"{\"HeaderLinkIcon\": \"\", \"IsCustomEditor\": false, \"PreviewType\" : \"search\", \"WidgetContent\":[{ \"contentItem\": \"ENTERPRISE_SEARCH_EDIT_PROFILE_CONTENT_ITEM\", \"isLink\": true , \"link\" : \"/dash/profile\"\t}], \"icon\":\"fa-user\"}","TemplatePath":"app/modules/dashboard/views/searchWidgets/editProfile.html","IsSystemLocked":false,"Category":{"Id":28,"Name":"Enterprise Search Configuration","CategoryKey":"ENTERPRISE_SEARCH","Description":"The category for enterprise search settings","ParentId":0,"OrdinalPosition":"1"},"Id":77},"HeaderColor":"","IsHidden":false,"Layout":"{\"x\":2,\"y\":1,\"width\":1,\"height\":1,\"max-width\":1,\"max-height\":1,\"row\":0,\"col\":1}","OverrideTemplate":null,"ParameterJSON":"{\"HeaderLinkIcon\":\"\",\"IsCustomEditor\":false,\"PreviewType\":\"search\",\"WidgetContent\":[{\"contentItem\":\"translationFactory.current.ENTERPRISE_SEARCH_EDIT_PROFILE_CONTENT_ITEM\",\"isLink\":true,\"link\":\"/dash/profile\"}],\"icon\":\"fa-user\"}","SubTitle":null,"SupportsFullScreen":false,"Title":null},{"Id":427,"ChromeStyle":7,"Definition":{"WebPartDefinitionKey":"Find_Report","Title":"Find a Report","Description":"Provides a launching point to search for reports.","SubTitle":null,"WebPartIconName":null,"WidgetNotificationMode":0,"WidgetDeeplinkUrlText":null,"CategoryName":"Enterprise Search Configuration","IsWebPartEnabled":true,"TypeName":null,"WebPartServiceAgentInterfaceTypeName":null,"WebPartDefinitionXml":null,"HideWebPartHeader":false,"HideWebPartFooter":false,"IsFreeFlowing":false,"PillarKey":null,"ChromeStyle":7,"ParameterJSON":"{ \"HeaderLinkIcon\": \"\", \"IsCustomEditor\": false, \"PreviewType\": \"search\", \"WidgetContent\": [\t{ \"contentItem\": \"ENTERPRISE_SEARCH_FIND_REPORT_CONTENT_ITEM\", \"isLink\": true\t},\t{ \"contentItem\": \"ENTERPRISE_SEARCH_FIND_REPORT_CONTENT_ITEM_TWO\", \"contentDescription\": \"ENTERPRISE_SEARCH_FIND_REPORT_CONTENT_DESC_TWO\", \"isLink\": false\t} ], \"icon\":\"fa-file-text-o\"\t}","TemplatePath":"app/modules/dashboard/views/searchWidgets/findReport.html","IsSystemLocked":false,"Category":{"Id":28,"Name":"Enterprise Search Configuration","CategoryKey":"ENTERPRISE_SEARCH","Description":"The category for enterprise search settings","ParentId":0,"OrdinalPosition":"1"},"Id":75},"HeaderColor":"","IsHidden":false,"Layout":"{\"col\":2,\"row\":1,\"size_x\":1,\"size_y\":1,\"max_sizex\":1,\"max_sizey\":1}","OverrideTemplate":null,"ParameterJSON":"{\"HeaderLinkIcon\":\"\",\"IsCustomEditor\":false,\"PreviewType\":\"search\",\"WidgetContent\":[{\"contentItem\":\"translationFactory.current.ENTERPRISE_SEARCH_FIND_REPORT_CONTENT_ITEM\",\"isLink\":true},{\"contentItem\":\"translationFactory.current.ENTERPRISE_SEARCH_FIND_REPORT_CONTENT_ITEM_TWO\",\"contentDescription\":\"translationFactory.current.ENTERPRISE_SEARCH_FIND_REPORT_CONTENT_DESC_TWO\",\"isLink\":false}],\"icon\":\"fa-file-text-o\"}","SubTitle":null,"SupportsFullScreen":false,"Title":"Find a Report"},{"Id":428,"ChromeStyle":7,"Definition":{"WebPartDefinitionKey":"Find_Activity","Title":"Find an Activity","Description":"Provides a launching point to search for courses.","SubTitle":null,"WebPartIconName":null,"WidgetNotificationMode":0,"WidgetDeeplinkUrlText":null,"CategoryName":"Enterprise Search Configuration","IsWebPartEnabled":true,"TypeName":null,"WebPartServiceAgentInterfaceTypeName":null,"WebPartDefinitionXml":null,"HideWebPartHeader":false,"HideWebPartFooter":false,"IsFreeFlowing":false,"PillarKey":null,"ChromeStyle":7,"ParameterJSON":"{ \"HeaderLinkIcon\": \"\", \"IsCustomEditor\": false, \"PreviewType\": \"search\", \"WidgetContent\": [\t{ \"contentItem\": \"ENTERPRISE_SEARCH_FIND_ACTIVITY_CONTENT_ITEM\", \"contentDescription\": \"ENTERPRISE_SEARCH_FIND_ACTIVITY_CONTENT_DESC\", \"isLink\": false\t},\t{ \"contentItem\": \"ENTERPRISE_SEARCH_FIND_ACTIVITY_CONTENT_ITEM_TWO\", \"contentDescription\": \"ENTERPRISE_SEARCH_FIND_ACTIVITY_CONTENT_DESC_TWO\", \"contentLink\": \"ENTERPRISE_SEARCH_LEARNER_DASHBOARD_LINK\", \"isLink\": true, \"link\":\"/dash/learning\"\t} ], \"icon\":\"fa-edit\", \"catalogItem\":\"Activity\"\t}","TemplatePath":"app/modules/dashboard/views/searchWidgets/findActivity.html","IsSystemLocked":false,"Category":{"Id":28,"Name":"Enterprise Search Configuration","CategoryKey":"ENTERPRISE_SEARCH","Description":"The category for enterprise search settings","ParentId":0,"OrdinalPosition":"1"},"Id":78},"HeaderColor":"","IsHidden":false,"Layout":"{\"col\":0,\"row\":0,\"size_x\":1,\"size_y\":1,\"max_sizex\":1,\"max_sizey\":1}","OverrideTemplate":null,"ParameterJSON":"{\"HeaderLinkIcon\":\"\",\"IsCustomEditor\":false,\"PreviewType\":\"search\",\"WidgetContent\":[{\"contentItem\":\"translationFactory.current.ENTERPRISE_SEARCH_FIND_ACTIVITY_CONTENT_ITEM\",\"contentDescription\":\"translationFactory.current.ENTERPRISE_SEARCH_FIND_ACTIVITY_CONTENT_DESC\",\"isLink\":false},{\"contentItem\":\"translationFactory.current.ENTERPRISE_SEARCH_FIND_ACTIVITY_CONTENT_ITEM_TWO\",\"contentDescription\":\"translationFactory.current.ENTERPRISE_SEARCH_FIND_ACTIVITY_CONTENT_DESC_TWO\",\"contentLink\":\"translationFactory.current.ENTERPRISE_SEARCH_LEARNER_DASHBOARD_LINK\",\"isLink\":true,\"link\":\"/dash/learning\"}],\"icon\":\"fa-desktop\",\"catalogItem\":\"Activity\"}","SubTitle":null,"SupportsFullScreen":false,"Title":"Find an Activity"}],"CanAddPage":false,"CanEditPage":false,"CanDeletePage":false,"CanPersonalizePage":false},"Description":"First Time Experience desc","Name":"First Time Experience","Url":"#/dash/fte","WebPartPageDefinitionKey":null,"WebPartPages":[{"Id":190,"title":"First Time Experience","Description":"First Time Experience desc","IsSystemLocked":true,"Name":"First Time Experience","IsGuestPage":false,"ParameterJSON":null,"Personalization":null,"Url":"#/dash/fte","path":"dash/fte","WebPartPageKey":null,"IsEnabled":true,"RPKey":null,"Priority":0,"WebParts":[{"Id":301,"ChromeStyle":7,"Definition":{"WebPartDefinitionKey":"Find_Video","Title":"Find a Video","Description":"Provides a launching point to search for videos in the learning library.","SubTitle":null,"WebPartIconName":null,"WidgetNotificationMode":0,"WidgetDeeplinkUrlText":null,"CategoryName":"Enterprise Search Configuration","IsWebPartEnabled":true,"TypeName":null,"WebPartServiceAgentInterfaceTypeName":null,"WebPartDefinitionXml":null,"HideWebPartHeader":false,"HideWebPartFooter":false,"IsFreeFlowing":false,"PillarKey":null,"ChromeStyle":7,"ParameterJSON":"{ \"HeaderLinkIcon\": \"\", \"IsCustomEditor\": false, \"PreviewType\": \"search\", \"WidgetContent\": [\t{ \"contentItem\": \"ENTERPRISE_SEARCH_FIND_VIDEO_CONTENT_ITEM\", \"contentDescription\": \"ENTERPRISE_SEARCH_FIND_VIDEO_CONTENT_DESC\",  \"isLink\": false\t},\t{ \"contentItem\": \"ENTERPRISE_SEARCH_FIND_VIDEO_CONTENT_ITEM_TWO\", \"contentDescription\": \"ENTERPRISE_SEARCH_FIND_VIDEO_CONTENT_DESC_TWO\", \"contentLink\": \"ENTERPRISE_SEARCH_LEARNER_DASHBOARD_LINK\", \"isLink\": true , \"link\": \"/dash/learning\"\t} ], \"icon\":\"fa-video-camera\", \"catalogItem\":\"Video\"\t}","TemplatePath":"app/modules/dashboard/views/searchWidgets/findVideo.html","IsSystemLocked":false,"Category":{"Id":28,"Name":"Enterprise Search Configuration","CategoryKey":"ENTERPRISE_SEARCH","Description":"The category for enterprise search settings","ParentId":0,"OrdinalPosition":"1"},"Id":73},"HeaderColor":null,"IsHidden":false,"Layout":"{\"y\":0,\"x\":1,\"row\":1,\"col\":1}","OverrideTemplate":null,"ParameterJSON":"{\"HeaderLinkIcon\":\"\",\"IsCustomEditor\":false,\"PreviewType\":\"search\",\"WidgetContent\":[{\"contentItem\":\"translationFactory.current.ENTERPRISE_SEARCH_FIND_VIDEO_CONTENT_ITEM\",\"contentDescription\":\"translationFactory.current.ENTERPRISE_SEARCH_FIND_VIDEO_CONTENT_DESC\",\"isLink\":false},{\"contentItem\":\"translationFactory.current.ENTERPRISE_SEARCH_FIND_VIDEO_CONTENT_ITEM_TWO\",\"contentDescription\":\"translationFactory.current.ENTERPRISE_SEARCH_FIND_VIDEO_CONTENT_DESC_TWO\",\"contentLink\":\"translationFactory.current.ENTERPRISE_SEARCH_LEARNER_DASHBOARD_LINK\",\"isLink\":true,\"link\":\"/dash/learning\"}],\"icon\":\"fa-video-camera\",\"catalogItem\":\"Video\"}","SubTitle":null,"SupportsFullScreen":true,"Title":null},{"Id":302,"ChromeStyle":7,"Definition":{"WebPartDefinitionKey":"Find_Person","Title":"Find another Person","Description":"Provides a launching point to search for people.","SubTitle":null,"WebPartIconName":null,"WidgetNotificationMode":0,"WidgetDeeplinkUrlText":null,"CategoryName":"Enterprise Search Configuration","IsWebPartEnabled":true,"TypeName":null,"WebPartServiceAgentInterfaceTypeName":null,"WebPartDefinitionXml":null,"HideWebPartHeader":false,"HideWebPartFooter":false,"IsFreeFlowing":false,"PillarKey":null,"ChromeStyle":7,"ParameterJSON":"{ \"HeaderLinkIcon\": \"\", \"IsCustomEditor\": false, \"PreviewType\": \"search\", \"WidgetContent\": [\t{ \"contentItem\": \"ENTERPRISE_SEARCH_FIND_PERSON_CONTENT_ITEM\", \"contentDescription\": \"ENTERPRISE_SEARCH_FIND_PERSON_CONTENT_DESC\", \"isLink\": false\t} ], \"icon\":\"fa-users\"\t}","TemplatePath":"app/modules/dashboard/views/searchWidgets/findPerson.html","IsSystemLocked":false,"Category":{"Id":28,"Name":"Enterprise Search Configuration","CategoryKey":"ENTERPRISE_SEARCH","Description":"The category for enterprise search settings","ParentId":0,"OrdinalPosition":"1"},"Id":74},"HeaderColor":null,"IsHidden":false,"Layout":"{\"y\":0,\"x\":2,\"row\":0,\"col\":2}","OverrideTemplate":null,"ParameterJSON":"{\"HeaderLinkIcon\":\"\",\"IsCustomEditor\":false,\"PreviewType\":\"search\",\"WidgetContent\":[{\"contentItem\":\"translationFactory.current.ENTERPRISE_SEARCH_FIND_PERSON_CONTENT_ITEM\",\"contentDescription\":\"translationFactory.current.ENTERPRISE_SEARCH_FIND_PERSON_CONTENT_DESC\",\"isLink\":false}],\"icon\":\"fa-users\"}","SubTitle":null,"SupportsFullScreen":true,"Title":null},{"Id":329,"ChromeStyle":7,"Definition":{"WebPartDefinitionKey":"Find_Job","Title":"Find A Job","Description":"Here are a few different ways to find a job:","SubTitle":null,"WebPartIconName":null,"WidgetNotificationMode":0,"WidgetDeeplinkUrlText":null,"CategoryName":"Enterprise Search Configuration","IsWebPartEnabled":true,"TypeName":null,"WebPartServiceAgentInterfaceTypeName":null,"WebPartDefinitionXml":null,"HideWebPartHeader":false,"HideWebPartFooter":false,"IsFreeFlowing":false,"PillarKey":null,"ChromeStyle":7,"ParameterJSON":"{ \"HeaderLinkIcon\": \"\", \"IsCustomEditor\": false, \"PreviewType\": \"search\", \"WidgetContent\": [\t{ \"contentItem\": \"ENTERPRISE_SEARCH_FIND_JOB_CONTENT_ITEM\", \"isLink\": true\t},\t{ \"contentItem\": \"ENTERPRISE_SEARCH_FIND_JOB_CONTENT_ITEM_TWO\", \"contentDescription\": \"ENTERPRISE_SEARCH_FIND_JOB_CONTENT_DESC_TWO\", \"isLink\": false\t} ], \"icon\":\"fa-search\"\t}","TemplatePath":"app/modules/dashboard/views/searchWidgets/findJob.html","IsSystemLocked":false,"Category":{"Id":28,"Name":"Enterprise Search Configuration","CategoryKey":"ENTERPRISE_SEARCH","Description":"The category for enterprise search settings","ParentId":0,"OrdinalPosition":"1"},"Id":86},"HeaderColor":null,"IsHidden":false,"Layout":"{\"y\":1,\"x\":1,\"row\":1,\"col\":0}","OverrideTemplate":null,"ParameterJSON":"{\"HeaderLinkIcon\":\"\",\"IsCustomEditor\":false,\"PreviewType\":\"search\",\"WidgetContent\":[{\"contentItem\":\"translationFactory.current.ENTERPRISE_SEARCH_FIND_JOB_CONTENT_ITEM\",\"isLink\":true},{\"contentItem\":\"translationFactory.current.ENTERPRISE_SEARCH_FIND_JOB_CONTENT_ITEM_TWO\",\"contentDescription\":\"translationFactory.current.ENTERPRISE_SEARCH_FIND_JOB_CONTENT_DESC_TWO\",\"isLink\":false}],\"icon\":\"fa-search\"}","SubTitle":null,"SupportsFullScreen":true,"Title":"Find A Job"},{"Id":383,"ChromeStyle":7,"Definition":{"WebPartDefinitionKey":"Edit_Profile","Title":"Edit Your Profile","Description":"Edit your profile.","SubTitle":null,"WebPartIconName":null,"WidgetNotificationMode":0,"WidgetDeeplinkUrlText":null,"CategoryName":"Enterprise Search Configuration","IsWebPartEnabled":true,"TypeName":null,"WebPartServiceAgentInterfaceTypeName":null,"WebPartDefinitionXml":null,"HideWebPartHeader":false,"HideWebPartFooter":false,"IsFreeFlowing":false,"PillarKey":null,"ChromeStyle":7,"ParameterJSON":"{\"HeaderLinkIcon\": \"\", \"IsCustomEditor\": false, \"PreviewType\" : \"search\", \"WidgetContent\":[{ \"contentItem\": \"ENTERPRISE_SEARCH_EDIT_PROFILE_CONTENT_ITEM\", \"isLink\": true , \"link\" : \"/dash/profile\"\t}], \"icon\":\"fa-user\"}","TemplatePath":"app/modules/dashboard/views/searchWidgets/editProfile.html","IsSystemLocked":false,"Category":{"Id":28,"Name":"Enterprise Search Configuration","CategoryKey":"ENTERPRISE_SEARCH","Description":"The category for enterprise search settings","ParentId":0,"OrdinalPosition":"1"},"Id":77},"HeaderColor":"","IsHidden":false,"Layout":"{\"x\":2,\"y\":1,\"width\":1,\"height\":1,\"max-width\":1,\"max-height\":1,\"row\":0,\"col\":1}","OverrideTemplate":null,"ParameterJSON":"{\"HeaderLinkIcon\":\"\",\"IsCustomEditor\":false,\"PreviewType\":\"search\",\"WidgetContent\":[{\"contentItem\":\"translationFactory.current.ENTERPRISE_SEARCH_EDIT_PROFILE_CONTENT_ITEM\",\"isLink\":true,\"link\":\"/dash/profile\"}],\"icon\":\"fa-user\"}","SubTitle":null,"SupportsFullScreen":false,"Title":null},{"Id":427,"ChromeStyle":7,"Definition":{"WebPartDefinitionKey":"Find_Report","Title":"Find a Report","Description":"Provides a launching point to search for reports.","SubTitle":null,"WebPartIconName":null,"WidgetNotificationMode":0,"WidgetDeeplinkUrlText":null,"CategoryName":"Enterprise Search Configuration","IsWebPartEnabled":true,"TypeName":null,"WebPartServiceAgentInterfaceTypeName":null,"WebPartDefinitionXml":null,"HideWebPartHeader":false,"HideWebPartFooter":false,"IsFreeFlowing":false,"PillarKey":null,"ChromeStyle":7,"ParameterJSON":"{ \"HeaderLinkIcon\": \"\", \"IsCustomEditor\": false, \"PreviewType\": \"search\", \"WidgetContent\": [\t{ \"contentItem\": \"ENTERPRISE_SEARCH_FIND_REPORT_CONTENT_ITEM\", \"isLink\": true\t},\t{ \"contentItem\": \"ENTERPRISE_SEARCH_FIND_REPORT_CONTENT_ITEM_TWO\", \"contentDescription\": \"ENTERPRISE_SEARCH_FIND_REPORT_CONTENT_DESC_TWO\", \"isLink\": false\t} ], \"icon\":\"fa-file-text-o\"\t}","TemplatePath":"app/modules/dashboard/views/searchWidgets/findReport.html","IsSystemLocked":false,"Category":{"Id":28,"Name":"Enterprise Search Configuration","CategoryKey":"ENTERPRISE_SEARCH","Description":"The category for enterprise search settings","ParentId":0,"OrdinalPosition":"1"},"Id":75},"HeaderColor":"","IsHidden":false,"Layout":"{\"col\":2,\"row\":1,\"size_x\":1,\"size_y\":1,\"max_sizex\":1,\"max_sizey\":1}","OverrideTemplate":null,"ParameterJSON":"{\"HeaderLinkIcon\":\"\",\"IsCustomEditor\":false,\"PreviewType\":\"search\",\"WidgetContent\":[{\"contentItem\":\"translationFactory.current.ENTERPRISE_SEARCH_FIND_REPORT_CONTENT_ITEM\",\"isLink\":true},{\"contentItem\":\"translationFactory.current.ENTERPRISE_SEARCH_FIND_REPORT_CONTENT_ITEM_TWO\",\"contentDescription\":\"translationFactory.current.ENTERPRISE_SEARCH_FIND_REPORT_CONTENT_DESC_TWO\",\"isLink\":false}],\"icon\":\"fa-file-text-o\"}","SubTitle":null,"SupportsFullScreen":false,"Title":"Find a Report"},{"Id":428,"ChromeStyle":7,"Definition":{"WebPartDefinitionKey":"Find_Activity","Title":"Find an Activity","Description":"Provides a launching point to search for courses.","SubTitle":null,"WebPartIconName":null,"WidgetNotificationMode":0,"WidgetDeeplinkUrlText":null,"CategoryName":"Enterprise Search Configuration","IsWebPartEnabled":true,"TypeName":null,"WebPartServiceAgentInterfaceTypeName":null,"WebPartDefinitionXml":null,"HideWebPartHeader":false,"HideWebPartFooter":false,"IsFreeFlowing":false,"PillarKey":null,"ChromeStyle":7,"ParameterJSON":"{ \"HeaderLinkIcon\": \"\", \"IsCustomEditor\": false, \"PreviewType\": \"search\", \"WidgetContent\": [\t{ \"contentItem\": \"ENTERPRISE_SEARCH_FIND_ACTIVITY_CONTENT_ITEM\", \"contentDescription\": \"ENTERPRISE_SEARCH_FIND_ACTIVITY_CONTENT_DESC\", \"isLink\": false\t},\t{ \"contentItem\": \"ENTERPRISE_SEARCH_FIND_ACTIVITY_CONTENT_ITEM_TWO\", \"contentDescription\": \"ENTERPRISE_SEARCH_FIND_ACTIVITY_CONTENT_DESC_TWO\", \"contentLink\": \"ENTERPRISE_SEARCH_LEARNER_DASHBOARD_LINK\", \"isLink\": true, \"link\":\"/dash/learning\"\t} ], \"icon\":\"fa-edit\", \"catalogItem\":\"Activity\"\t}","TemplatePath":"app/modules/dashboard/views/searchWidgets/findActivity.html","IsSystemLocked":false,"Category":{"Id":28,"Name":"Enterprise Search Configuration","CategoryKey":"ENTERPRISE_SEARCH","Description":"The category for enterprise search settings","ParentId":0,"OrdinalPosition":"1"},"Id":78},"HeaderColor":"","IsHidden":false,"Layout":"{\"col\":0,\"row\":0,\"size_x\":1,\"size_y\":1,\"max_sizex\":1,\"max_sizey\":1}","OverrideTemplate":null,"ParameterJSON":"{\"HeaderLinkIcon\":\"\",\"IsCustomEditor\":false,\"PreviewType\":\"search\",\"WidgetContent\":[{\"contentItem\":\"translationFactory.current.ENTERPRISE_SEARCH_FIND_ACTIVITY_CONTENT_ITEM\",\"contentDescription\":\"translationFactory.current.ENTERPRISE_SEARCH_FIND_ACTIVITY_CONTENT_DESC\",\"isLink\":false},{\"contentItem\":\"translationFactory.current.ENTERPRISE_SEARCH_FIND_ACTIVITY_CONTENT_ITEM_TWO\",\"contentDescription\":\"translationFactory.current.ENTERPRISE_SEARCH_FIND_ACTIVITY_CONTENT_DESC_TWO\",\"contentLink\":\"translationFactory.current.ENTERPRISE_SEARCH_LEARNER_DASHBOARD_LINK\",\"isLink\":true,\"link\":\"/dash/learning\"}],\"icon\":\"fa-desktop\",\"catalogItem\":\"Activity\"}","SubTitle":null,"SupportsFullScreen":false,"Title":"Find an Activity"}],"CanAddPage":true,"CanEditPage":true,"CanDeletePage":true,"CanPersonalizePage":true}],"IsSystemLocked":true,"IsEnabled":true,"RPKey":null,"CanViewDashboard":true,"CanAddDashboard":true,"CanEditDashboard":true,"CanDeleteDashboard":true,"CanPersonalizeDashboard":true},{"Id":23,"DefaultPage":{"Id":203,"title":"Team Metrics","Description":"BSD Test","IsSystemLocked":false,"Name":"Team Metrics","IsGuestPage":false,"ParameterJSON":null,"Personalization":null,"Url":"#/dash/BSDTest/initial","path":"dash/BSDTest","WebPartPageKey":null,"IsEnabled":true,"RPKey":null,"Priority":0,"WebParts":[],"CanAddPage":false,"CanEditPage":false,"CanDeletePage":false,"CanPersonalizePage":false},"Description":"Safe to delete","Name":"Embedded Reporting","Url":"#/dash/BSDTest","WebPartPageDefinitionKey":null,"WebPartPages":[{"Id":203,"title":"Team Metrics","Description":"BSD Test","IsSystemLocked":false,"Name":"Team Metrics","IsGuestPage":false,"ParameterJSON":null,"Personalization":{"Id":19,"ObjectType":"SumTotal.Models.Dashboards.WebPartPage","ObjectId":203,"Value":"{\"Name\":\"Team Metrics\",\"Description\":\"BSD Test\",\"WebPartPageDefinition\":{\"Name\":\"Embedded Reporting\",\"Description\":\"Safe to delete\",\"Url\":\"#/dash/BSDTest\",\"DefaultPage\":null,\"WebPartPages\":[],\"IsSystemLocked\":false,\"Created\":null,\"CreatedBy\":null,\"Modified\":null,\"ModifiedBy\":null,\"Id\":23,\"ForceInvariant\":false},\"Url\":\"#/dash/BSDTest/initial\",\"ParameterJSON\":null,\"UserHomePages\":null,\"WebParts\":[],\"IsSystemLocked\":false,\"Personalization\":null,\"Personalizations\":null,\"Priority\":0,\"SecurityGroupObjectPermissions\":null,\"SecurableModelTypeName\":\"SumTotal.Models.Dashboards.WebPartPage\",\"Created\":null,\"CreatedBy\":null,\"Modified\":null,\"ModifiedBy\":null,\"Id\":203,\"ForceInvariant\":false}"},"Url":"#/dash/BSDTest/initial","path":"dash/BSDTest/initial","WebPartPageKey":null,"IsEnabled":true,"RPKey":null,"Priority":0,"WebParts":[],"CanAddPage":true,"CanEditPage":true,"CanDeletePage":true,"CanPersonalizePage":true},{"Id":238,"title":"Position Status","Description":"Position Status","IsSystemLocked":false,"Name":"Position Status","IsGuestPage":false,"ParameterJSON":null,"Personalization":null,"Url":"#/dash/BSDTest/Position_Status","path":"dash/BSDTest/Position_Status","WebPartPageKey":null,"IsEnabled":true,"RPKey":null,"Priority":0,"WebParts":[{"Id":435,"ChromeStyle":7,"Definition":{"WebPartDefinitionKey":"my_reports","Title":"Embedded Report","Description":"Pins a report from Advanced Reporting on the dashboard.","SubTitle":"Advanced Reporting","WebPartIconName":null,"WidgetNotificationMode":0,"WidgetDeeplinkUrlText":null,"CategoryName":"Portal","IsWebPartEnabled":true,"TypeName":null,"WebPartServiceAgentInterfaceTypeName":null,"WebPartDefinitionXml":null,"HideWebPartHeader":false,"HideWebPartFooter":false,"IsFreeFlowing":false,"PillarKey":"AdvancedReport","ChromeStyle":7,"ParameterJSON":"{\"HeaderLinkIcon\": \"\", \"IsCustomEditor\": false, \"PreviewType\" : \"report\", \"reportUrl\": \"\", \"showToolbar\":\"\"}","TemplatePath":"app/modules/dashboard/views/webparts/MyReport.html","IsSystemLocked":false,"Category":{"Id":1,"Name":"Portal","CategoryKey":"TRANSLATIONS_PORTAL","Description":"The root category to store translation strings for the Portal.","ParentId":0,"OrdinalPosition":"1"},"Id":88},"HeaderColor":"","IsHidden":false,"Layout":"{\"x\":0,\"y\":23,\"width\":97,\"height\":20}","OverrideTemplate":null,"ParameterJSON":"{\"HeaderLinkIcon\":\"\",\"IsCustomEditor\":false,\"PreviewType\":\"report\",\"reportUrl\":\"/Custom/Reports/2017_LATAM_Internal_Readiness_Report\",\"showToolbar\":\"\"}","SubTitle":"Advanced Reporting","SupportsFullScreen":true,"Title":"APAC Internal Candidate Readiness"},{"Id":436,"ChromeStyle":7,"Definition":{"WebPartDefinitionKey":"my_reports","Title":"Embedded Report","Description":"Pins a report from Advanced Reporting on the dashboard.","SubTitle":"Advanced Reporting","WebPartIconName":null,"WidgetNotificationMode":0,"WidgetDeeplinkUrlText":null,"CategoryName":"Portal","IsWebPartEnabled":true,"TypeName":null,"WebPartServiceAgentInterfaceTypeName":null,"WebPartDefinitionXml":null,"HideWebPartHeader":false,"HideWebPartFooter":false,"IsFreeFlowing":false,"PillarKey":"AdvancedReport","ChromeStyle":7,"ParameterJSON":"{\"HeaderLinkIcon\": \"\", \"IsCustomEditor\": false, \"PreviewType\" : \"report\", \"reportUrl\": \"\", \"showToolbar\":\"\"}","TemplatePath":"app/modules/dashboard/views/webparts/MyReport.html","IsSystemLocked":false,"Category":{"Id":1,"Name":"Portal","CategoryKey":"TRANSLATIONS_PORTAL","Description":"The root category to store translation strings for the Portal.","ParentId":0,"OrdinalPosition":"1"},"Id":88},"HeaderColor":"","IsHidden":false,"Layout":"{\"x\":0,\"y\":0,\"width\":23,\"height\":23}","OverrideTemplate":null,"ParameterJSON":"{\"HeaderLinkIcon\":\"\",\"IsCustomEditor\":false,\"PreviewType\":\"report\",\"reportUrl\":\"/Custom/Reports/2016_Successors\",\"showToolbar\":\"\"}","SubTitle":"Advanced Reporting","SupportsFullScreen":true,"Title":"Successor Readiness"},{"Id":437,"ChromeStyle":7,"Definition":{"WebPartDefinitionKey":"my_reports","Title":"Embedded Report","Description":"Pins a report from Advanced Reporting on the dashboard.","SubTitle":"Advanced Reporting","WebPartIconName":null,"WidgetNotificationMode":0,"WidgetDeeplinkUrlText":null,"CategoryName":"Portal","IsWebPartEnabled":true,"TypeName":null,"WebPartServiceAgentInterfaceTypeName":null,"WebPartDefinitionXml":null,"HideWebPartHeader":false,"HideWebPartFooter":false,"IsFreeFlowing":false,"PillarKey":"AdvancedReport","ChromeStyle":7,"ParameterJSON":"{\"HeaderLinkIcon\": \"\", \"IsCustomEditor\": false, \"PreviewType\" : \"report\", \"reportUrl\": \"\", \"showToolbar\":\"\"}","TemplatePath":"app/modules/dashboard/views/webparts/MyReport.html","IsSystemLocked":false,"Category":{"Id":1,"Name":"Portal","CategoryKey":"TRANSLATIONS_PORTAL","Description":"The root category to store translation strings for the Portal.","ParentId":0,"OrdinalPosition":"1"},"Id":88},"HeaderColor":"","IsHidden":false,"Layout":"{\"x\":23,\"y\":0,\"width\":74,\"height\":23}","OverrideTemplate":null,"ParameterJSON":"{\"HeaderLinkIcon\":\"\",\"IsCustomEditor\":false,\"PreviewType\":\"report\",\"reportUrl\":\"/Custom/Reports/2016_Position_Fill\",\"showToolbar\":\"\"}","SubTitle":"Advanced Reporting","SupportsFullScreen":true,"Title":"Position Fill"}],"CanAddPage":true,"CanEditPage":true,"CanDeletePage":true,"CanPersonalizePage":true},{"Id":240,"title":"Compliance","Description":"Compliance Information by Organization and Critical Certifications","IsSystemLocked":false,"Name":"Compliance","IsGuestPage":false,"ParameterJSON":null,"Personalization":null,"Url":"#/dash/BSDTest/Compliance_Metrics","path":"dash/BSDTest/Compliance_Metrics","WebPartPageKey":null,"IsEnabled":true,"RPKey":null,"Priority":0,"WebParts":[{"Id":448,"ChromeStyle":7,"Definition":{"WebPartDefinitionKey":"my_reports","Title":"Embedded Report","Description":"Pins a report from Advanced Reporting on the dashboard.","SubTitle":"Advanced Reporting","WebPartIconName":null,"WidgetNotificationMode":0,"WidgetDeeplinkUrlText":null,"CategoryName":"Portal","IsWebPartEnabled":true,"TypeName":null,"WebPartServiceAgentInterfaceTypeName":null,"WebPartDefinitionXml":null,"HideWebPartHeader":false,"HideWebPartFooter":false,"IsFreeFlowing":false,"PillarKey":"AdvancedReport","ChromeStyle":7,"ParameterJSON":"{\"HeaderLinkIcon\": \"\", \"IsCustomEditor\": false, \"PreviewType\" : \"report\", \"reportUrl\": \"\", \"showToolbar\":\"\"}","TemplatePath":"app/modules/dashboard/views/webparts/MyReport.html","IsSystemLocked":false,"Category":{"Id":1,"Name":"Portal","CategoryKey":"TRANSLATIONS_PORTAL","Description":"The root category to store translation strings for the Portal.","ParentId":0,"OrdinalPosition":"1"},"Id":88},"HeaderColor":"","IsHidden":false,"Layout":"{\"x\":0,\"y\":0,\"width\":37,\"height\":39}","OverrideTemplate":null,"ParameterJSON":"{\"HeaderLinkIcon\":\"\",\"IsCustomEditor\":false,\"PreviewType\":\"report\",\"reportUrl\":\"/Custom/Reports/2017_Organization_Certification_Compliance\",\"showToolbar\":\"\"}","SubTitle":"Advanced Reporting","SupportsFullScreen":true,"Title":"Certification Exceptions by Organization"},{"Id":449,"ChromeStyle":7,"Definition":{"WebPartDefinitionKey":"my_reports","Title":"Embedded Report","Description":"Pins a report from Advanced Reporting on the dashboard.","SubTitle":"Advanced Reporting","WebPartIconName":null,"WidgetNotificationMode":0,"WidgetDeeplinkUrlText":null,"CategoryName":"Portal","IsWebPartEnabled":true,"TypeName":null,"WebPartServiceAgentInterfaceTypeName":null,"WebPartDefinitionXml":null,"HideWebPartHeader":false,"HideWebPartFooter":false,"IsFreeFlowing":false,"PillarKey":"AdvancedReport","ChromeStyle":7,"ParameterJSON":"{\"HeaderLinkIcon\": \"\", \"IsCustomEditor\": false, \"PreviewType\" : \"report\", \"reportUrl\": \"\", \"showToolbar\":\"\"}","TemplatePath":"app/modules/dashboard/views/webparts/MyReport.html","IsSystemLocked":false,"Category":{"Id":1,"Name":"Portal","CategoryKey":"TRANSLATIONS_PORTAL","Description":"The root category to store translation strings for the Portal.","ParentId":0,"OrdinalPosition":"1"},"Id":88},"HeaderColor":"","IsHidden":false,"Layout":"{\"x\":38,\"y\":0,\"width\":61,\"height\":39}","OverrideTemplate":null,"ParameterJSON":"{\"HeaderLinkIcon\":\"\",\"IsCustomEditor\":false,\"PreviewType\":\"report\",\"reportUrl\":\"/Custom/Reports/2017_Critical_Certification_Compliance_Report\",\"showToolbar\":\"\"}","SubTitle":"Advanced Reporting","SupportsFullScreen":true,"Title":"Days Until Expiration"}],"CanAddPage":true,"CanEditPage":true,"CanDeletePage":true,"CanPersonalizePage":true}],"IsSystemLocked":false,"IsEnabled":true,"RPKey":null,"CanViewDashboard":true,"CanAddDashboard":true,"CanEditDashboard":true,"CanDeleteDashboard":true,"CanPersonalizeDashboard":true},{"Id":26,"DefaultPage":{"Id":233,"title":"What's New","Description":"What's New","IsSystemLocked":false,"Name":"What's New","IsGuestPage":false,"ParameterJSON":null,"Personalization":null,"Url":"#/dash/wn-pe/initial","path":"dash/wn-pe","WebPartPageKey":null,"IsEnabled":true,"RPKey":null,"Priority":0,"WebParts":[{"Id":419,"ChromeStyle":7,"Definition":{"WebPartDefinitionKey":"LM_PromotedActivities","Title":"Promoted Activities","Description":"Displays the Promoted Activities","SubTitle":null,"WebPartIconName":null,"WidgetNotificationMode":0,"WidgetDeeplinkUrlText":null,"CategoryName":"Learning","IsWebPartEnabled":true,"TypeName":"SumTotal.SPPortal.WebParts.Core.Learning.PromotedActivities.PromotedActivities, SumTotal.SPPortal.WebParts, Version=1.0.0.0, Culture=neutral, PublicKeyToken=6b7f90fbd13cce01","WebPartServiceAgentInterfaceTypeName":"ILMWebPartContractAsync","WebPartDefinitionXml":null,"HideWebPartHeader":false,"HideWebPartFooter":false,"IsFreeFlowing":false,"PillarKey":"LM","ChromeStyle":7,"ParameterJSON":"{\"HeaderLinkIcon\": \"\", \"IsCustomEditor\": false, \"PreviewType\" : \"configTextField\", \"Config\":{\"Name\":\"LearningActivityCodes\",\"Value\":\"\"}}","TemplatePath":"app/modules/dashboard/views/webparts/widgetPromotedActivities.html","IsSystemLocked":false,"Category":{"Id":8,"Name":"Learning","CategoryKey":"WebPartDefinition_Learning","Description":"Learning","ParentId":1,"OrdinalPosition":null},"Id":79},"HeaderColor":"","IsHidden":false,"Layout":"{\"x\":0,\"y\":0,\"width\":98,\"height\":26}","OverrideTemplate":null,"ParameterJSON":"{\"HeaderLinkIcon\":\"\",\"IsCustomEditor\":false,\"PreviewType\":\"configTextField\",\"Config\":{\"Name\":\"LearningActivityCodes\",\"Value\":\"aba_01_a02_bs_enus,pd_32_a03_bs_enus,apd_14_a02_bs_enus\"}}","SubTitle":null,"SupportsFullScreen":true,"Title":null},{"Id":422,"ChromeStyle":7,"Definition":{"WebPartDefinitionKey":"LM_TopRatedContent","Title":"Top Rated Content","Description":"Displays the five highest rated learning activities available to the user.","SubTitle":"Top rated learning activities","WebPartIconName":null,"WidgetNotificationMode":1,"WidgetDeeplinkUrlText":"View All Top Rated Content","CategoryName":"Learning","IsWebPartEnabled":true,"TypeName":"SumTotal.SPPortal.WebParts.Core.Learning.TopRatedContent.TopRatedContent, SumTotal.SPPortal.WebParts, Version=1.0.0.0, Culture=neutral, PublicKeyToken=6b7f90fbd13cce01","WebPartServiceAgentInterfaceTypeName":"ILMWebPartContractAsync","WebPartDefinitionXml":null,"HideWebPartHeader":false,"HideWebPartFooter":true,"IsFreeFlowing":false,"PillarKey":"LM","ChromeStyle":7,"ParameterJSON":"{\"HeaderLinkIcon\": \"\", \"IsCustomEditor\": false, \"PreviewType\" : \"table\"}","TemplatePath":"app/modules/dashboard/views/webparts/widgetTopRatedContent.html","IsSystemLocked":false,"Category":{"Id":8,"Name":"Learning","CategoryKey":"WebPartDefinition_Learning","Description":"Learning","ParentId":1,"OrdinalPosition":null},"Id":7},"HeaderColor":"","IsHidden":false,"Layout":"{\"x\":0,\"y\":26,\"width\":98,\"height\":25}","OverrideTemplate":null,"ParameterJSON":"{\"HeaderLinkIcon\":\"\",\"IsCustomEditor\":false,\"PreviewType\":\"table\"}","SubTitle":"Top rated learning activities","SupportsFullScreen":true,"Title":null}],"CanAddPage":false,"CanEditPage":false,"CanDeletePage":false,"CanPersonalizePage":false},"Description":"Promoted Activities","Name":"What's New","Url":"#/dash/wn-pe","WebPartPageDefinitionKey":null,"WebPartPages":[{"Id":233,"title":"What's New","Description":"What's New","IsSystemLocked":false,"Name":"What's New","IsGuestPage":false,"ParameterJSON":null,"Personalization":null,"Url":"#/dash/wn-pe/initial","path":"dash/wn-pe/initial","WebPartPageKey":null,"IsEnabled":true,"RPKey":null,"Priority":0,"WebParts":[{"Id":419,"ChromeStyle":7,"Definition":{"WebPartDefinitionKey":"LM_PromotedActivities","Title":"Promoted Activities","Description":"Displays the Promoted Activities","SubTitle":null,"WebPartIconName":null,"WidgetNotificationMode":0,"WidgetDeeplinkUrlText":null,"CategoryName":"Learning","IsWebPartEnabled":true,"TypeName":"SumTotal.SPPortal.WebParts.Core.Learning.PromotedActivities.PromotedActivities, SumTotal.SPPortal.WebParts, Version=1.0.0.0, Culture=neutral, PublicKeyToken=6b7f90fbd13cce01","WebPartServiceAgentInterfaceTypeName":"ILMWebPartContractAsync","WebPartDefinitionXml":null,"HideWebPartHeader":false,"HideWebPartFooter":false,"IsFreeFlowing":false,"PillarKey":"LM","ChromeStyle":7,"ParameterJSON":"{\"HeaderLinkIcon\": \"\", \"IsCustomEditor\": false, \"PreviewType\" : \"configTextField\", \"Config\":{\"Name\":\"LearningActivityCodes\",\"Value\":\"\"}}","TemplatePath":"app/modules/dashboard/views/webparts/widgetPromotedActivities.html","IsSystemLocked":false,"Category":{"Id":8,"Name":"Learning","CategoryKey":"WebPartDefinition_Learning","Description":"Learning","ParentId":1,"OrdinalPosition":null},"Id":79},"HeaderColor":"","IsHidden":false,"Layout":"{\"x\":0,\"y\":0,\"width\":98,\"height\":26}","OverrideTemplate":null,"ParameterJSON":"{\"HeaderLinkIcon\":\"\",\"IsCustomEditor\":false,\"PreviewType\":\"configTextField\",\"Config\":{\"Name\":\"LearningActivityCodes\",\"Value\":\"aba_01_a02_bs_enus,pd_32_a03_bs_enus,apd_14_a02_bs_enus\"}}","SubTitle":null,"SupportsFullScreen":true,"Title":null},{"Id":422,"ChromeStyle":7,"Definition":{"WebPartDefinitionKey":"LM_TopRatedContent","Title":"Top Rated Content","Description":"Displays the five highest rated learning activities available to the user.","SubTitle":"Top rated learning activities","WebPartIconName":null,"WidgetNotificationMode":1,"WidgetDeeplinkUrlText":"View All Top Rated Content","CategoryName":"Learning","IsWebPartEnabled":true,"TypeName":"SumTotal.SPPortal.WebParts.Core.Learning.TopRatedContent.TopRatedContent, SumTotal.SPPortal.WebParts, Version=1.0.0.0, Culture=neutral, PublicKeyToken=6b7f90fbd13cce01","WebPartServiceAgentInterfaceTypeName":"ILMWebPartContractAsync","WebPartDefinitionXml":null,"HideWebPartHeader":false,"HideWebPartFooter":true,"IsFreeFlowing":false,"PillarKey":"LM","ChromeStyle":7,"ParameterJSON":"{\"HeaderLinkIcon\": \"\", \"IsCustomEditor\": false, \"PreviewType\" : \"table\"}","TemplatePath":"app/modules/dashboard/views/webparts/widgetTopRatedContent.html","IsSystemLocked":false,"Category":{"Id":8,"Name":"Learning","CategoryKey":"WebPartDefinition_Learning","Description":"Learning","ParentId":1,"OrdinalPosition":null},"Id":7},"HeaderColor":"","IsHidden":false,"Layout":"{\"x\":0,\"y\":26,\"width\":98,\"height\":25}","OverrideTemplate":null,"ParameterJSON":"{\"HeaderLinkIcon\":\"\",\"IsCustomEditor\":false,\"PreviewType\":\"table\"}","SubTitle":"Top rated learning activities","SupportsFullScreen":true,"Title":null}],"CanAddPage":true,"CanEditPage":true,"CanDeletePage":true,"CanPersonalizePage":true}],"IsSystemLocked":false,"IsEnabled":true,"RPKey":null,"CanViewDashboard":true,"CanAddDashboard":true,"CanEditDashboard":true,"CanDeleteDashboard":true,"CanPersonalizeDashboard":true},{"Id":27,"DefaultPage":{"Id":234,"title":"Recommended Training","Description":"Recommended Training","IsSystemLocked":false,"Name":"Recommended Training","IsGuestPage":false,"ParameterJSON":null,"Personalization":null,"Url":"#/dash/rl/initial","path":"dash/rl","WebPartPageKey":null,"IsEnabled":true,"RPKey":null,"Priority":0,"WebParts":[{"Id":421,"ChromeStyle":7,"Definition":{"WebPartDefinitionKey":"LM_Recommendation","Title":"Recommended Courses","Description":"Displays recommended learning based on your interests, your required skills, and suggestions from others in your organization.","SubTitle":null,"WebPartIconName":null,"WidgetNotificationMode":0,"WidgetDeeplinkUrlText":null,"CategoryName":"Learning","IsWebPartEnabled":true,"TypeName":null,"WebPartServiceAgentInterfaceTypeName":null,"WebPartDefinitionXml":null,"HideWebPartHeader":false,"HideWebPartFooter":true,"IsFreeFlowing":false,"PillarKey":"LM","ChromeStyle":7,"ParameterJSON":"{\"HeaderLinkIcon\": \"\", \"IsCustomEditor\": false, \"PreviewType\" : \"table\"}","TemplatePath":"app/modules/dashboard/views/webparts/widgetRecommendation.html","IsSystemLocked":false,"Category":{"Id":8,"Name":"Learning","CategoryKey":"WebPartDefinition_Learning","Description":"Learning","ParentId":1,"OrdinalPosition":null},"Id":70},"HeaderColor":"","IsHidden":false,"Layout":"{\"x\":0,\"y\":0,\"width\":\"98\",\"height\":20}","OverrideTemplate":null,"ParameterJSON":"{\"HeaderLinkIcon\":\"\",\"IsCustomEditor\":false,\"PreviewType\":\"table\"}","SubTitle":null,"SupportsFullScreen":true,"Title":null}],"CanAddPage":false,"CanEditPage":false,"CanDeletePage":false,"CanPersonalizePage":false},"Description":"Recommended Learning","Name":"Recommendations","Url":"#/dash/rl","WebPartPageDefinitionKey":null,"WebPartPages":[{"Id":234,"title":"Recommended Training","Description":"Recommended Training","IsSystemLocked":false,"Name":"Recommended Training","IsGuestPage":false,"ParameterJSON":null,"Personalization":null,"Url":"#/dash/rl/initial","path":"dash/rl/initial","WebPartPageKey":null,"IsEnabled":true,"RPKey":null,"Priority":0,"WebParts":[{"Id":421,"ChromeStyle":7,"Definition":{"WebPartDefinitionKey":"LM_Recommendation","Title":"Recommended Courses","Description":"Displays recommended learning based on your interests, your required skills, and suggestions from others in your organization.","SubTitle":null,"WebPartIconName":null,"WidgetNotificationMode":0,"WidgetDeeplinkUrlText":null,"CategoryName":"Learning","IsWebPartEnabled":true,"TypeName":null,"WebPartServiceAgentInterfaceTypeName":null,"WebPartDefinitionXml":null,"HideWebPartHeader":false,"HideWebPartFooter":true,"IsFreeFlowing":false,"PillarKey":"LM","ChromeStyle":7,"ParameterJSON":"{\"HeaderLinkIcon\": \"\", \"IsCustomEditor\": false, \"PreviewType\" : \"table\"}","TemplatePath":"app/modules/dashboard/views/webparts/widgetRecommendation.html","IsSystemLocked":false,"Category":{"Id":8,"Name":"Learning","CategoryKey":"WebPartDefinition_Learning","Description":"Learning","ParentId":1,"OrdinalPosition":null},"Id":70},"HeaderColor":"","IsHidden":false,"Layout":"{\"x\":0,\"y\":0,\"width\":\"98\",\"height\":20}","OverrideTemplate":null,"ParameterJSON":"{\"HeaderLinkIcon\":\"\",\"IsCustomEditor\":false,\"PreviewType\":\"table\"}","SubTitle":null,"SupportsFullScreen":true,"Title":null}],"CanAddPage":true,"CanEditPage":true,"CanDeletePage":true,"CanPersonalizePage":true}],"IsSystemLocked":false,"IsEnabled":true,"RPKey":null,"CanViewDashboard":true,"CanAddDashboard":true,"CanEditDashboard":true,"CanDeleteDashboard":true,"CanPersonalizeDashboard":true},{"Id":28,"DefaultPage":{"Id":235,"title":"Training Schedule","Description":"Training Schedule","IsSystemLocked":false,"Name":"Training Schedule","IsGuestPage":false,"ParameterJSON":null,"Personalization":null,"Url":"#/dash/ts/initial","path":"dash/ts","WebPartPageKey":null,"IsEnabled":true,"RPKey":null,"Priority":0,"WebParts":[{"Id":451,"ChromeStyle":7,"Definition":{"WebPartDefinitionKey":"my_reports","Title":"Embedded Report","Description":"Pins a report from Advanced Reporting on the dashboard.","SubTitle":"Advanced Reporting","WebPartIconName":null,"WidgetNotificationMode":0,"WidgetDeeplinkUrlText":null,"CategoryName":"Portal","IsWebPartEnabled":true,"TypeName":null,"WebPartServiceAgentInterfaceTypeName":null,"WebPartDefinitionXml":null,"HideWebPartHeader":false,"HideWebPartFooter":false,"IsFreeFlowing":false,"PillarKey":"AdvancedReport","ChromeStyle":7,"ParameterJSON":"{\"HeaderLinkIcon\": \"\", \"IsCustomEditor\": false, \"PreviewType\" : \"report\", \"reportUrl\": \"\", \"showToolbar\":\"\"}","TemplatePath":"app/modules/dashboard/views/webparts/MyReport.html","IsSystemLocked":false,"Category":{"Id":1,"Name":"Portal","CategoryKey":"TRANSLATIONS_PORTAL","Description":"The root category to store translation strings for the Portal.","ParentId":0,"OrdinalPosition":"1"},"Id":88},"HeaderColor":"","IsHidden":false,"Layout":"{\"x\":60,\"y\":20,\"width\":38,\"height\":20}","OverrideTemplate":null,"ParameterJSON":"{\"HeaderLinkIcon\":\"\",\"IsCustomEditor\":false,\"PreviewType\":\"report\",\"reportUrl\":\"/Custom/Reports/Trended_Qualified_Bids_Report\",\"showToolbar\":\"\"}","SubTitle":"Advanced Reporting","SupportsFullScreen":true,"Title":"Qualified Bids"},{"Id":452,"ChromeStyle":7,"Definition":{"WebPartDefinitionKey":"my_reports","Title":"Embedded Report","Description":"Pins a report from Advanced Reporting on the dashboard.","SubTitle":"Advanced Reporting","WebPartIconName":null,"WidgetNotificationMode":0,"WidgetDeeplinkUrlText":null,"CategoryName":"Portal","IsWebPartEnabled":true,"TypeName":null,"WebPartServiceAgentInterfaceTypeName":null,"WebPartDefinitionXml":null,"HideWebPartHeader":false,"HideWebPartFooter":false,"IsFreeFlowing":false,"PillarKey":"AdvancedReport","ChromeStyle":7,"ParameterJSON":"{\"HeaderLinkIcon\": \"\", \"IsCustomEditor\": false, \"PreviewType\" : \"report\", \"reportUrl\": \"\", \"showToolbar\":\"\"}","TemplatePath":"app/modules/dashboard/views/webparts/MyReport.html","IsSystemLocked":false,"Category":{"Id":1,"Name":"Portal","CategoryKey":"TRANSLATIONS_PORTAL","Description":"The root category to store translation strings for the Portal.","ParentId":0,"OrdinalPosition":"1"},"Id":88},"HeaderColor":"","IsHidden":false,"Layout":"{\"x\":60,\"y\":20,\"width\":38,\"height\":20}","OverrideTemplate":null,"ParameterJSON":"{\"HeaderLinkIcon\":\"\",\"IsCustomEditor\":false,\"PreviewType\":\"report\",\"reportUrl\":\"/Custom/Reports/Trended_Videos_Watched\",\"showToolbar\":\"\"}","SubTitle":"Advanced Reporting","SupportsFullScreen":true,"Title":"Videos Watched"},{"Id":468,"ChromeStyle":7,"Definition":{"WebPartDefinitionKey":"LeaderBoardDisplay","Title":"Leaderboard Display","Description":"Displays users, ranked by their current Gamification score.","SubTitle":"LeaderBoard Display","WebPartIconName":null,"WidgetNotificationMode":0,"WidgetDeeplinkUrlText":null,"CategoryName":"Common","IsWebPartEnabled":true,"TypeName":null,"WebPartServiceAgentInterfaceTypeName":null,"WebPartDefinitionXml":null,"HideWebPartHeader":false,"HideWebPartFooter":false,"IsFreeFlowing":false,"PillarKey":null,"ChromeStyle":7,"ParameterJSON":"{\"HeaderLinkIcon\": \"\", \"IsCustomEditor\": false, \"PreviewType\" : \"leaderboard\"}","TemplatePath":"app/modules/core/views/gamification/leaderBoard.html","IsSystemLocked":false,"Category":{"Id":5,"Name":"Common","CategoryKey":"WebPartDefinition_Common","Description":"Common","ParentId":1,"OrdinalPosition":null},"Id":97},"HeaderColor":"","IsHidden":false,"Layout":"{\"x\":0,\"y\":0,\"width\":60,\"height\":62}","OverrideTemplate":null,"ParameterJSON":"{\"HeaderLinkIcon\":\"\",\"IsCustomEditor\":false,\"PreviewType\":\"leaderboard\"}","SubTitle":"LeaderBoard Display","SupportsFullScreen":true,"Title":null}],"CanAddPage":false,"CanEditPage":false,"CanDeletePage":false,"CanPersonalizePage":false},"Description":"Training Schedule","Name":"Strategic Effectiveness","Url":"#/dash/ts","WebPartPageDefinitionKey":null,"WebPartPages":[{"Id":235,"title":"Training Schedule","Description":"Training Schedule","IsSystemLocked":false,"Name":"Training Schedule","IsGuestPage":false,"ParameterJSON":null,"Personalization":null,"Url":"#/dash/ts/initial","path":"dash/ts/initial","WebPartPageKey":null,"IsEnabled":true,"RPKey":null,"Priority":0,"WebParts":[{"Id":451,"ChromeStyle":7,"Definition":{"WebPartDefinitionKey":"my_reports","Title":"Embedded Report","Description":"Pins a report from Advanced Reporting on the dashboard.","SubTitle":"Advanced Reporting","WebPartIconName":null,"WidgetNotificationMode":0,"WidgetDeeplinkUrlText":null,"CategoryName":"Portal","IsWebPartEnabled":true,"TypeName":null,"WebPartServiceAgentInterfaceTypeName":null,"WebPartDefinitionXml":null,"HideWebPartHeader":false,"HideWebPartFooter":false,"IsFreeFlowing":false,"PillarKey":"AdvancedReport","ChromeStyle":7,"ParameterJSON":"{\"HeaderLinkIcon\": \"\", \"IsCustomEditor\": false, \"PreviewType\" : \"report\", \"reportUrl\": \"\", \"showToolbar\":\"\"}","TemplatePath":"app/modules/dashboard/views/webparts/MyReport.html","IsSystemLocked":false,"Category":{"Id":1,"Name":"Portal","CategoryKey":"TRANSLATIONS_PORTAL","Description":"The root category to store translation strings for the Portal.","ParentId":0,"OrdinalPosition":"1"},"Id":88},"HeaderColor":"","IsHidden":false,"Layout":"{\"x\":60,\"y\":20,\"width\":38,\"height\":20}","OverrideTemplate":null,"ParameterJSON":"{\"HeaderLinkIcon\":\"\",\"IsCustomEditor\":false,\"PreviewType\":\"report\",\"reportUrl\":\"/Custom/Reports/Trended_Qualified_Bids_Report\",\"showToolbar\":\"\"}","SubTitle":"Advanced Reporting","SupportsFullScreen":true,"Title":"Qualified Bids"},{"Id":452,"ChromeStyle":7,"Definition":{"WebPartDefinitionKey":"my_reports","Title":"Embedded Report","Description":"Pins a report from Advanced Reporting on the dashboard.","SubTitle":"Advanced Reporting","WebPartIconName":null,"WidgetNotificationMode":0,"WidgetDeeplinkUrlText":null,"CategoryName":"Portal","IsWebPartEnabled":true,"TypeName":null,"WebPartServiceAgentInterfaceTypeName":null,"WebPartDefinitionXml":null,"HideWebPartHeader":false,"HideWebPartFooter":false,"IsFreeFlowing":false,"PillarKey":"AdvancedReport","ChromeStyle":7,"ParameterJSON":"{\"HeaderLinkIcon\": \"\", \"IsCustomEditor\": false, \"PreviewType\" : \"report\", \"reportUrl\": \"\", \"showToolbar\":\"\"}","TemplatePath":"app/modules/dashboard/views/webparts/MyReport.html","IsSystemLocked":false,"Category":{"Id":1,"Name":"Portal","CategoryKey":"TRANSLATIONS_PORTAL","Description":"The root category to store translation strings for the Portal.","ParentId":0,"OrdinalPosition":"1"},"Id":88},"HeaderColor":"","IsHidden":false,"Layout":"{\"x\":60,\"y\":20,\"width\":38,\"height\":20}","OverrideTemplate":null,"ParameterJSON":"{\"HeaderLinkIcon\":\"\",\"IsCustomEditor\":false,\"PreviewType\":\"report\",\"reportUrl\":\"/Custom/Reports/Trended_Videos_Watched\",\"showToolbar\":\"\"}","SubTitle":"Advanced Reporting","SupportsFullScreen":true,"Title":"Videos Watched"},{"Id":468,"ChromeStyle":7,"Definition":{"WebPartDefinitionKey":"LeaderBoardDisplay","Title":"Leaderboard Display","Description":"Displays users, ranked by their current Gamification score.","SubTitle":"LeaderBoard Display","WebPartIconName":null,"WidgetNotificationMode":0,"WidgetDeeplinkUrlText":null,"CategoryName":"Common","IsWebPartEnabled":true,"TypeName":null,"WebPartServiceAgentInterfaceTypeName":null,"WebPartDefinitionXml":null,"HideWebPartHeader":false,"HideWebPartFooter":false,"IsFreeFlowing":false,"PillarKey":null,"ChromeStyle":7,"ParameterJSON":"{\"HeaderLinkIcon\": \"\", \"IsCustomEditor\": false, \"PreviewType\" : \"leaderboard\"}","TemplatePath":"app/modules/core/views/gamification/leaderBoard.html","IsSystemLocked":false,"Category":{"Id":5,"Name":"Common","CategoryKey":"WebPartDefinition_Common","Description":"Common","ParentId":1,"OrdinalPosition":null},"Id":97},"HeaderColor":"","IsHidden":false,"Layout":"{\"x\":0,\"y\":0,\"width\":60,\"height\":62}","OverrideTemplate":null,"ParameterJSON":"{\"HeaderLinkIcon\":\"\",\"IsCustomEditor\":false,\"PreviewType\":\"leaderboard\"}","SubTitle":"LeaderBoard Display","SupportsFullScreen":true,"Title":null}],"CanAddPage":true,"CanEditPage":true,"CanDeletePage":true,"CanPersonalizePage":true}],"IsSystemLocked":false,"IsEnabled":true,"RPKey":null,"CanViewDashboard":true,"CanAddDashboard":true,"CanEditDashboard":true,"CanDeleteDashboard":true,"CanPersonalizeDashboard":true},{"Id":29,"DefaultPage":{"Id":236,"title":"Aggregation","Description":"Aggregation","IsSystemLocked":false,"Name":"Aggregation","IsGuestPage":false,"ParameterJSON":null,"Personalization":null,"Url":"#/dash/aggregation/initial","path":"dash/aggregation","WebPartPageKey":null,"IsEnabled":true,"RPKey":null,"Priority":6,"WebParts":[{"Id":423,"ChromeStyle":0,"Definition":{"WebPartDefinitionKey":"Common_ContentEditor","Title":"Content Editor","Description":"Enables users to add custom HTML to a dashboard.","SubTitle":"Content Editor Widget","WebPartIconName":null,"WidgetNotificationMode":0,"WidgetDeeplinkUrlText":null,"CategoryName":"Common","IsWebPartEnabled":true,"TypeName":null,"WebPartServiceAgentInterfaceTypeName":null,"WebPartDefinitionXml":null,"HideWebPartHeader":false,"HideWebPartFooter":true,"IsFreeFlowing":false,"PillarKey":null,"ChromeStyle":7,"ParameterJSON":"{\"HeaderLinkIcon\": \"\", \"IsCustomEditor\": true, \"PreviewType\" : \"iframe\"}","TemplatePath":"app/modules/dashboard/views/webparts/widgetContentEditor.html","IsSystemLocked":false,"Category":{"Id":5,"Name":"Common","CategoryKey":"WebPartDefinition_Common","Description":"Common","ParentId":1,"OrdinalPosition":null},"Id":60},"HeaderColor":"","IsHidden":false,"Layout":"{\"x\":0,\"y\":0,\"width\":20,\"height\":20}","OverrideTemplate":"&lt;iframe src=&quot;https://supp-saux.sumtotaldemo.net/SA_UX/Master/Content-Aggregator/index.html&quot; class=&quot;sumt-webpart-iframe&quot;&gt;&lt;/iframe&gt;","ParameterJSON":"{\"HeaderLinkIcon\":\"\",\"IsCustomEditor\":true,\"PreviewType\":\"iframe\",\"fullScreen\":true}","SubTitle":"Content Editor Widget","SupportsFullScreen":true,"Title":null},{"Id":494,"ChromeStyle":7,"Definition":{"WebPartDefinitionKey":"About_Me","Title":"About Me","Description":"Displays key profile information about the employee.","SubTitle":"Photo, email and employment information","WebPartIconName":null,"WidgetNotificationMode":0,"WidgetDeeplinkUrlText":"View my profile","CategoryName":"Common","IsWebPartEnabled":true,"TypeName":"SumTotal.SPPortal.WebParts.Core.MySelf.AboutMe.AboutMe, SumTotal.SPPortal.WebParts, Version=1.0.0.0, Culture=neutral, PublicKeyToken=6b7f90fbd13cce01","WebPartServiceAgentInterfaceTypeName":null,"WebPartDefinitionXml":null,"HideWebPartHeader":true,"HideWebPartFooter":true,"IsFreeFlowing":false,"PillarKey":null,"ChromeStyle":7,"ParameterJSON":"{\"HeaderLinkIcon\": \"\", \"IsCustomEditor\": false, \"PreviewType\" : \"aboutme\"}","TemplatePath":"app/modules/dashboard/views/webparts/widgetAboutMe.html","IsSystemLocked":false,"Category":{"Id":5,"Name":"Common","CategoryKey":"WebPartDefinition_Common","Description":"Common","ParentId":1,"OrdinalPosition":null},"Id":43},"HeaderColor":"","IsHidden":false,"Layout":"{\"x\":20,\"y\":0,\"width\":25,\"height\":20}","OverrideTemplate":null,"ParameterJSON":"{\"HeaderLinkIcon\":\"\",\"IsCustomEditor\":false,\"PreviewType\":\"aboutme\"}","SubTitle":"Photo, email and employment information","SupportsFullScreen":true,"Title":null}],"CanAddPage":false,"CanEditPage":false,"CanDeletePage":false,"CanPersonalizePage":false},"Description":"Aggregation of External Content","Name":"Aggregation","Url":"#/dash/aggregation","WebPartPageDefinitionKey":null,"WebPartPages":[{"Id":236,"title":"Aggregation","Description":"Aggregation","IsSystemLocked":false,"Name":"Aggregation","IsGuestPage":false,"ParameterJSON":null,"Personalization":null,"Url":"#/dash/aggregation/initial","path":"dash/aggregation/initial","WebPartPageKey":null,"IsEnabled":true,"RPKey":null,"Priority":6,"WebParts":[{"Id":423,"ChromeStyle":0,"Definition":{"WebPartDefinitionKey":"Common_ContentEditor","Title":"Content Editor","Description":"Enables users to add custom HTML to a dashboard.","SubTitle":"Content Editor Widget","WebPartIconName":null,"WidgetNotificationMode":0,"WidgetDeeplinkUrlText":null,"CategoryName":"Common","IsWebPartEnabled":true,"TypeName":null,"WebPartServiceAgentInterfaceTypeName":null,"WebPartDefinitionXml":null,"HideWebPartHeader":false,"HideWebPartFooter":true,"IsFreeFlowing":false,"PillarKey":null,"ChromeStyle":7,"ParameterJSON":"{\"HeaderLinkIcon\": \"\", \"IsCustomEditor\": true, \"PreviewType\" : \"iframe\"}","TemplatePath":"app/modules/dashboard/views/webparts/widgetContentEditor.html","IsSystemLocked":false,"Category":{"Id":5,"Name":"Common","CategoryKey":"WebPartDefinition_Common","Description":"Common","ParentId":1,"OrdinalPosition":null},"Id":60},"HeaderColor":"","IsHidden":false,"Layout":"{\"x\":0,\"y\":0,\"width\":20,\"height\":20}","OverrideTemplate":"&lt;iframe src=&quot;https://supp-saux.sumtotaldemo.net/SA_UX/Master/Content-Aggregator/index.html&quot; class=&quot;sumt-webpart-iframe&quot;&gt;&lt;/iframe&gt;","ParameterJSON":"{\"HeaderLinkIcon\":\"\",\"IsCustomEditor\":true,\"PreviewType\":\"iframe\",\"fullScreen\":true}","SubTitle":"Content Editor Widget","SupportsFullScreen":true,"Title":null},{"Id":494,"ChromeStyle":7,"Definition":{"WebPartDefinitionKey":"About_Me","Title":"About Me","Description":"Displays key profile information about the employee.","SubTitle":"Photo, email and employment information","WebPartIconName":null,"WidgetNotificationMode":0,"WidgetDeeplinkUrlText":"View my profile","CategoryName":"Common","IsWebPartEnabled":true,"TypeName":"SumTotal.SPPortal.WebParts.Core.MySelf.AboutMe.AboutMe, SumTotal.SPPortal.WebParts, Version=1.0.0.0, Culture=neutral, PublicKeyToken=6b7f90fbd13cce01","WebPartServiceAgentInterfaceTypeName":null,"WebPartDefinitionXml":null,"HideWebPartHeader":true,"HideWebPartFooter":true,"IsFreeFlowing":false,"PillarKey":null,"ChromeStyle":7,"ParameterJSON":"{\"HeaderLinkIcon\": \"\", \"IsCustomEditor\": false, \"PreviewType\" : \"aboutme\"}","TemplatePath":"app/modules/dashboard/views/webparts/widgetAboutMe.html","IsSystemLocked":false,"Category":{"Id":5,"Name":"Common","CategoryKey":"WebPartDefinition_Common","Description":"Common","ParentId":1,"OrdinalPosition":null},"Id":43},"HeaderColor":"","IsHidden":false,"Layout":"{\"x\":20,\"y\":0,\"width\":25,\"height\":20}","OverrideTemplate":null,"ParameterJSON":"{\"HeaderLinkIcon\":\"\",\"IsCustomEditor\":false,\"PreviewType\":\"aboutme\"}","SubTitle":"Photo, email and employment information","SupportsFullScreen":true,"Title":null}],"CanAddPage":true,"CanEditPage":true,"CanDeletePage":true,"CanPersonalizePage":true}],"IsSystemLocked":false,"IsEnabled":true,"RPKey":null,"CanViewDashboard":true,"CanAddDashboard":true,"CanEditDashboard":true,"CanDeleteDashboard":true,"CanPersonalizeDashboard":true},{"Id":30,"DefaultPage":{"Id":237,"title":"Branding","Description":"Branding","IsSystemLocked":false,"Name":"Branding","IsGuestPage":false,"ParameterJSON":null,"Personalization":null,"Url":"#/dash/Branding/initial","path":"dash/Branding","WebPartPageKey":null,"IsEnabled":true,"RPKey":null,"Priority":19,"WebParts":[{"Id":499,"ChromeStyle":7,"Definition":{"WebPartDefinitionKey":"search_calendarView","Title":"Available Activities Calendar","Description":"Allows learners to browse available learning activity offerings in a calendar view.","SubTitle":"Available Activities Calendar","WebPartIconName":null,"WidgetNotificationMode":0,"WidgetDeeplinkUrlText":null,"CategoryName":"Learning","IsWebPartEnabled":true,"TypeName":null,"WebPartServiceAgentInterfaceTypeName":null,"WebPartDefinitionXml":null,"HideWebPartHeader":false,"HideWebPartFooter":false,"IsFreeFlowing":false,"PillarKey":"LM","ChromeStyle":7,"ParameterJSON":"{\"HeaderLinkIcon\": \"\", \"IsCustomEditor\": false, \"PreviewType\" : \"calendar\"}","TemplatePath":"app/modules/dashboard/views/searchWidgets/calendarView.html","IsSystemLocked":false,"Category":{"Id":8,"Name":"Learning","CategoryKey":"WebPartDefinition_Learning","Description":"Learning","ParentId":1,"OrdinalPosition":null},"Id":111},"HeaderColor":"","IsHidden":false,"Layout":"{\"x\":0,\"y\":0,\"width\":76,\"height\":28}","OverrideTemplate":null,"ParameterJSON":"{\"HeaderLinkIcon\":\"\",\"IsCustomEditor\":false,\"PreviewType\":\"calendar\"}","SubTitle":"Available Activities Calendar","SupportsFullScreen":true,"Title":null}],"CanAddPage":false,"CanEditPage":false,"CanDeletePage":false,"CanPersonalizePage":false},"Description":"Branding","Name":"Branding","Url":"#/dash/Branding","WebPartPageDefinitionKey":null,"WebPartPages":[{"Id":237,"title":"Branding","Description":"Branding","IsSystemLocked":false,"Name":"Branding","IsGuestPage":false,"ParameterJSON":null,"Personalization":null,"Url":"#/dash/Branding/initial","path":"dash/Branding/initial","WebPartPageKey":null,"IsEnabled":true,"RPKey":null,"Priority":19,"WebParts":[{"Id":499,"ChromeStyle":7,"Definition":{"WebPartDefinitionKey":"search_calendarView","Title":"Available Activities Calendar","Description":"Allows learners to browse available learning activity offerings in a calendar view.","SubTitle":"Available Activities Calendar","WebPartIconName":null,"WidgetNotificationMode":0,"WidgetDeeplinkUrlText":null,"CategoryName":"Learning","IsWebPartEnabled":true,"TypeName":null,"WebPartServiceAgentInterfaceTypeName":null,"WebPartDefinitionXml":null,"HideWebPartHeader":false,"HideWebPartFooter":false,"IsFreeFlowing":false,"PillarKey":"LM","ChromeStyle":7,"ParameterJSON":"{\"HeaderLinkIcon\": \"\", \"IsCustomEditor\": false, \"PreviewType\" : \"calendar\"}","TemplatePath":"app/modules/dashboard/views/searchWidgets/calendarView.html","IsSystemLocked":false,"Category":{"Id":8,"Name":"Learning","CategoryKey":"WebPartDefinition_Learning","Description":"Learning","ParentId":1,"OrdinalPosition":null},"Id":111},"HeaderColor":"","IsHidden":false,"Layout":"{\"x\":0,\"y\":0,\"width\":76,\"height\":28}","OverrideTemplate":null,"ParameterJSON":"{\"HeaderLinkIcon\":\"\",\"IsCustomEditor\":false,\"PreviewType\":\"calendar\"}","SubTitle":"Available Activities Calendar","SupportsFullScreen":true,"Title":null}],"CanAddPage":true,"CanEditPage":true,"CanDeletePage":true,"CanPersonalizePage":true}],"IsSystemLocked":false,"IsEnabled":true,"RPKey":null,"CanViewDashboard":true,"CanAddDashboard":true,"CanEditDashboard":true,"CanDeleteDashboard":true,"CanPersonalizeDashboard":true},{"Id":31,"DefaultPage":{"Id":239,"title":"Time","Description":"Time","IsSystemLocked":false,"Name":"Time","IsGuestPage":false,"ParameterJSON":null,"Personalization":null,"Url":"#/dash/Time/initial","path":"dash/Time","WebPartPageKey":null,"IsEnabled":true,"RPKey":null,"Priority":22,"WebParts":[{"Id":443,"ChromeStyle":0,"Definition":{"WebPartDefinitionKey":"Common_ContentEditor","Title":"Content Editor","Description":"Enables users to add custom HTML to a dashboard.","SubTitle":"Content Editor Widget","WebPartIconName":null,"WidgetNotificationMode":0,"WidgetDeeplinkUrlText":null,"CategoryName":"Common","IsWebPartEnabled":true,"TypeName":null,"WebPartServiceAgentInterfaceTypeName":null,"WebPartDefinitionXml":null,"HideWebPartHeader":false,"HideWebPartFooter":true,"IsFreeFlowing":false,"PillarKey":null,"ChromeStyle":7,"ParameterJSON":"{\"HeaderLinkIcon\": \"\", \"IsCustomEditor\": true, \"PreviewType\" : \"iframe\"}","TemplatePath":"app/modules/dashboard/views/webparts/widgetContentEditor.html","IsSystemLocked":false,"Category":{"Id":5,"Name":"Common","CategoryKey":"WebPartDefinition_Common","Description":"Common","ParentId":1,"OrdinalPosition":null},"Id":60},"HeaderColor":"","IsHidden":false,"Layout":"{\"x\":0,\"y\":0,\"width\":20,\"height\":20}","OverrideTemplate":"&lt;iframe src=&quot;https://supp-saux.sumtotaldemo.net/SA_FTP/LocalUser/wfm_ftp/master/landing/admin/index.html&quot; class=&quot;sumt-webpart-iframe&quot;&gt;&lt;/iframe&gt;","ParameterJSON":"{\"HeaderLinkIcon\":\"\",\"IsCustomEditor\":true,\"PreviewType\":\"iframe\",\"fullScreen\":true}","SubTitle":"Content Editor Widget","SupportsFullScreen":true,"Title":null}],"CanAddPage":false,"CanEditPage":false,"CanDeletePage":false,"CanPersonalizePage":false},"Description":"Time","Name":"Time","Url":"#/dash/Time","WebPartPageDefinitionKey":null,"WebPartPages":[{"Id":239,"title":"Time","Description":"Time","IsSystemLocked":false,"Name":"Time","IsGuestPage":false,"ParameterJSON":null,"Personalization":null,"Url":"#/dash/Time/initial","path":"dash/Time/initial","WebPartPageKey":null,"IsEnabled":true,"RPKey":null,"Priority":22,"WebParts":[{"Id":443,"ChromeStyle":0,"Definition":{"WebPartDefinitionKey":"Common_ContentEditor","Title":"Content Editor","Description":"Enables users to add custom HTML to a dashboard.","SubTitle":"Content Editor Widget","WebPartIconName":null,"WidgetNotificationMode":0,"WidgetDeeplinkUrlText":null,"CategoryName":"Common","IsWebPartEnabled":true,"TypeName":null,"WebPartServiceAgentInterfaceTypeName":null,"WebPartDefinitionXml":null,"HideWebPartHeader":false,"HideWebPartFooter":true,"IsFreeFlowing":false,"PillarKey":null,"ChromeStyle":7,"ParameterJSON":"{\"HeaderLinkIcon\": \"\", \"IsCustomEditor\": true, \"PreviewType\" : \"iframe\"}","TemplatePath":"app/modules/dashboard/views/webparts/widgetContentEditor.html","IsSystemLocked":false,"Category":{"Id":5,"Name":"Common","CategoryKey":"WebPartDefinition_Common","Description":"Common","ParentId":1,"OrdinalPosition":null},"Id":60},"HeaderColor":"","IsHidden":false,"Layout":"{\"x\":0,\"y\":0,\"width\":20,\"height\":20}","OverrideTemplate":"&lt;iframe src=&quot;https://supp-saux.sumtotaldemo.net/SA_FTP/LocalUser/wfm_ftp/master/landing/admin/index.html&quot; class=&quot;sumt-webpart-iframe&quot;&gt;&lt;/iframe&gt;","ParameterJSON":"{\"HeaderLinkIcon\":\"\",\"IsCustomEditor\":true,\"PreviewType\":\"iframe\",\"fullScreen\":true}","SubTitle":"Content Editor Widget","SupportsFullScreen":true,"Title":null}],"CanAddPage":true,"CanEditPage":true,"CanDeletePage":true,"CanPersonalizePage":true}],"IsSystemLocked":false,"IsEnabled":true,"RPKey":null,"CanViewDashboard":true,"CanAddDashboard":true,"CanEditDashboard":true,"CanDeleteDashboard":true,"CanPersonalizeDashboard":true},{"Id":32,"DefaultPage":{"Id":241,"title":"Experience First","Description":"Experience First","IsSystemLocked":false,"Name":"Experience First","IsGuestPage":false,"ParameterJSON":null,"Personalization":null,"Url":"#/dash/engage/initial","path":"dash/engage","WebPartPageKey":null,"IsEnabled":true,"RPKey":null,"Priority":0,"WebParts":[{"Id":459,"ChromeStyle":7,"Definition":{"WebPartDefinitionKey":"LM_ConfigurableCarouselWidget","Title":"Configurable Carousel Widget","Description":"Displays configured widget data","SubTitle":null,"WebPartIconName":null,"WidgetNotificationMode":0,"WidgetDeeplinkUrlText":null,"CategoryName":"Learning","IsWebPartEnabled":true,"TypeName":null,"WebPartServiceAgentInterfaceTypeName":"ILMWebPartContractAsync","WebPartDefinitionXml":null,"HideWebPartHeader":false,"HideWebPartFooter":false,"IsFreeFlowing":false,"PillarKey":"LM","ChromeStyle":7,"ParameterJSON":"{\"HeaderLinkIcon\": \"\", \"IsCustomEditor\": false, \"PreviewType\" : \"configCarouselDropDown\", \"Config\":{\"Name\":\"ConfigurableCarouselWidgetCodesDropDown\",\"DropDownData\":{\"SelectedKey\": null, \"AvailableOptions\": [{\"id\": \"0\", \"name\":\"Trending For Your Job\"}, {\"id\":\"1\", \"name\":\"Top Picks For You\"}, {\"id\":\"2\", \"name\":\"Top Rated\"}, {\"id\":\"3\", \"name\":\"Saved For Later\"}, {\"id\":\"4\", \"name\":\"Continue Learning\"}, {\"id\":\"5\", \"name\":\"Join Your Peers\"}, {\"id\":\"6\", \"name\":\"Training Recommended For Next Job\"}, {\"id\":\"7\", \"name\":\"Most Popular\"}]}}}","TemplatePath":"app/modules/dashboard/views/webparts/widgetConfigurableCarouselContent.html","IsSystemLocked":false,"Category":{"Id":8,"Name":"Learning","CategoryKey":"WebPartDefinition_Learning","Description":"Learning","ParentId":1,"OrdinalPosition":null},"Id":107},"HeaderColor":"","IsHidden":false,"Layout":"{\"x\":0,\"y\":60,\"width\":98,\"height\":20}","OverrideTemplate":null,"ParameterJSON":"{\"HeaderLinkIcon\":\"\",\"IsCustomEditor\":false,\"PreviewType\":\"configCarouselDropDown\",\"Config\":{\"Name\":\"ConfigurableCarouselWidgetCodesDropDown\",\"DropDownData\":{\"SelectedKey\":\"0\",\"AvailableOptions\":[{\"id\":\"0\",\"name\":\"Trending For Your Job\",\"$$hashKey\":\"object:3150\"},{\"id\":\"1\",\"name\":\"Top Picks For You\",\"$$hashKey\":\"object:3151\"},{\"id\":\"2\",\"name\":\"Top Rated\",\"$$hashKey\":\"object:3152\"},{\"id\":\"3\",\"name\":\"Saved For Later\",\"$$hashKey\":\"object:3153\"},{\"id\":\"4\",\"name\":\"Continue Learning\",\"$$hashKey\":\"object:3154\"},{\"id\":\"5\",\"name\":\"Join Your Peers\",\"$$hashKey\":\"object:3155\"},{\"id\":\"6\",\"name\":\"Training Recommended For Next Job\",\"$$hashKey\":\"object:3156\"},{\"id\":\"7\",\"name\":\"Most Popular\",\"$$hashKey\":\"object:3157\"}]}},\"noScroll\":true}","SubTitle":null,"SupportsFullScreen":true,"Title":"Trending For Your Role"},{"Id":460,"ChromeStyle":7,"Definition":{"WebPartDefinitionKey":"LM_ConfigurableCarouselWidget","Title":"Configurable Carousel Widget","Description":"Displays configured widget data","SubTitle":null,"WebPartIconName":null,"WidgetNotificationMode":0,"WidgetDeeplinkUrlText":null,"CategoryName":"Learning","IsWebPartEnabled":true,"TypeName":null,"WebPartServiceAgentInterfaceTypeName":"ILMWebPartContractAsync","WebPartDefinitionXml":null,"HideWebPartHeader":false,"HideWebPartFooter":false,"IsFreeFlowing":false,"PillarKey":"LM","ChromeStyle":7,"ParameterJSON":"{\"HeaderLinkIcon\": \"\", \"IsCustomEditor\": false, \"PreviewType\" : \"configCarouselDropDown\", \"Config\":{\"Name\":\"ConfigurableCarouselWidgetCodesDropDown\",\"DropDownData\":{\"SelectedKey\": null, \"AvailableOptions\": [{\"id\": \"0\", \"name\":\"Trending For Your Job\"}, {\"id\":\"1\", \"name\":\"Top Picks For You\"}, {\"id\":\"2\", \"name\":\"Top Rated\"}, {\"id\":\"3\", \"name\":\"Saved For Later\"}, {\"id\":\"4\", \"name\":\"Continue Learning\"}, {\"id\":\"5\", \"name\":\"Join Your Peers\"}, {\"id\":\"6\", \"name\":\"Training Recommended For Next Job\"}, {\"id\":\"7\", \"name\":\"Most Popular\"}]}}}","TemplatePath":"app/modules/dashboard/views/webparts/widgetConfigurableCarouselContent.html","IsSystemLocked":false,"Category":{"Id":8,"Name":"Learning","CategoryKey":"WebPartDefinition_Learning","Description":"Learning","ParentId":1,"OrdinalPosition":null},"Id":107},"HeaderColor":"","IsHidden":false,"Layout":"{\"x\":0,\"y\":20,\"width\":98,\"height\":20}","OverrideTemplate":null,"ParameterJSON":"{\"HeaderLinkIcon\":\"\",\"IsCustomEditor\":false,\"PreviewType\":\"configCarouselDropDown\",\"Config\":{\"Name\":\"ConfigurableCarouselWidgetCodesDropDown\",\"DropDownData\":{\"SelectedKey\":\"4\",\"AvailableOptions\":[{\"id\":\"0\",\"name\":\"Trending For Your Job\",\"$$hashKey\":\"object:5658\"},{\"id\":\"1\",\"name\":\"Top Picks For You\",\"$$hashKey\":\"object:5659\"},{\"id\":\"2\",\"name\":\"Top Rated\",\"$$hashKey\":\"object:5660\"},{\"id\":\"3\",\"name\":\"Saved For Later\",\"$$hashKey\":\"object:5661\"},{\"id\":\"4\",\"name\":\"Continue Learning\",\"$$hashKey\":\"object:5662\"},{\"id\":\"5\",\"name\":\"Join Your Peers\",\"$$hashKey\":\"object:5663\"},{\"id\":\"6\",\"name\":\"Training Recommended For Next Job\",\"$$hashKey\":\"object:5664\"},{\"id\":\"7\",\"name\":\"Most Popular\",\"$$hashKey\":\"object:5665\"}]}},\"noScroll\":true}","SubTitle":null,"SupportsFullScreen":true,"Title":"Pick Up Where You Left Off"},{"Id":462,"ChromeStyle":7,"Definition":{"WebPartDefinitionKey":"LM_ConfigurableCarouselWidget","Title":"Configurable Carousel Widget","Description":"Displays configured widget data","SubTitle":null,"WebPartIconName":null,"WidgetNotificationMode":0,"WidgetDeeplinkUrlText":null,"CategoryName":"Learning","IsWebPartEnabled":true,"TypeName":null,"WebPartServiceAgentInterfaceTypeName":"ILMWebPartContractAsync","WebPartDefinitionXml":null,"HideWebPartHeader":false,"HideWebPartFooter":false,"IsFreeFlowing":false,"PillarKey":"LM","ChromeStyle":7,"ParameterJSON":"{\"HeaderLinkIcon\": \"\", \"IsCustomEditor\": false, \"PreviewType\" : \"configCarouselDropDown\", \"Config\":{\"Name\":\"ConfigurableCarouselWidgetCodesDropDown\",\"DropDownData\":{\"SelectedKey\": null, \"AvailableOptions\": [{\"id\": \"0\", \"name\":\"Trending For Your Job\"}, {\"id\":\"1\", \"name\":\"Top Picks For You\"}, {\"id\":\"2\", \"name\":\"Top Rated\"}, {\"id\":\"3\", \"name\":\"Saved For Later\"}, {\"id\":\"4\", \"name\":\"Continue Learning\"}, {\"id\":\"5\", \"name\":\"Join Your Peers\"}, {\"id\":\"6\", \"name\":\"Training Recommended For Next Job\"}, {\"id\":\"7\", \"name\":\"Most Popular\"}]}}}","TemplatePath":"app/modules/dashboard/views/webparts/widgetConfigurableCarouselContent.html","IsSystemLocked":false,"Category":{"Id":8,"Name":"Learning","CategoryKey":"WebPartDefinition_Learning","Description":"Learning","ParentId":1,"OrdinalPosition":null},"Id":107},"HeaderColor":"","IsHidden":false,"Layout":"{\"x\":0,\"y\":60,\"width\":98,\"height\":20}","OverrideTemplate":null,"ParameterJSON":"{\"HeaderLinkIcon\":\"\",\"IsCustomEditor\":false,\"PreviewType\":\"configCarouselDropDown\",\"Config\":{\"Name\":\"ConfigurableCarouselWidgetCodesDropDown\",\"DropDownData\":{\"SelectedKey\":\"7\",\"AvailableOptions\":[{\"id\":\"0\",\"name\":\"Trending For Your Job\",\"$$hashKey\":\"object:4018\"},{\"id\":\"1\",\"name\":\"Top Picks For You\",\"$$hashKey\":\"object:4019\"},{\"id\":\"2\",\"name\":\"Top Rated\",\"$$hashKey\":\"object:4020\"},{\"id\":\"3\",\"name\":\"Saved For Later\",\"$$hashKey\":\"object:4021\"},{\"id\":\"4\",\"name\":\"Continue Learning\",\"$$hashKey\":\"object:4022\"},{\"id\":\"5\",\"name\":\"Join Your Peers\",\"$$hashKey\":\"object:4023\"},{\"id\":\"6\",\"name\":\"Training Recommended For Next Job\",\"$$hashKey\":\"object:4024\"},{\"id\":\"7\",\"name\":\"Most Popular\",\"$$hashKey\":\"object:4025\"}]}},\"noScroll\":true}","SubTitle":null,"SupportsFullScreen":true,"Title":"Most Popular"},{"Id":463,"ChromeStyle":7,"Definition":{"WebPartDefinitionKey":"LM_ConfigurableCarouselWidget","Title":"Configurable Carousel Widget","Description":"Displays configured widget data","SubTitle":null,"WebPartIconName":null,"WidgetNotificationMode":0,"WidgetDeeplinkUrlText":null,"CategoryName":"Learning","IsWebPartEnabled":true,"TypeName":null,"WebPartServiceAgentInterfaceTypeName":"ILMWebPartContractAsync","WebPartDefinitionXml":null,"HideWebPartHeader":false,"HideWebPartFooter":false,"IsFreeFlowing":false,"PillarKey":"LM","ChromeStyle":7,"ParameterJSON":"{\"HeaderLinkIcon\": \"\", \"IsCustomEditor\": false, \"PreviewType\" : \"configCarouselDropDown\", \"Config\":{\"Name\":\"ConfigurableCarouselWidgetCodesDropDown\",\"DropDownData\":{\"SelectedKey\": null, \"AvailableOptions\": [{\"id\": \"0\", \"name\":\"Trending For Your Job\"}, {\"id\":\"1\", \"name\":\"Top Picks For You\"}, {\"id\":\"2\", \"name\":\"Top Rated\"}, {\"id\":\"3\", \"name\":\"Saved For Later\"}, {\"id\":\"4\", \"name\":\"Continue Learning\"}, {\"id\":\"5\", \"name\":\"Join Your Peers\"}, {\"id\":\"6\", \"name\":\"Training Recommended For Next Job\"}, {\"id\":\"7\", \"name\":\"Most Popular\"}]}}}","TemplatePath":"app/modules/dashboard/views/webparts/widgetConfigurableCarouselContent.html","IsSystemLocked":false,"Category":{"Id":8,"Name":"Learning","CategoryKey":"WebPartDefinition_Learning","Description":"Learning","ParentId":1,"OrdinalPosition":null},"Id":107},"HeaderColor":"","IsHidden":false,"Layout":"{\"x\":0,\"y\":40,\"width\":98,\"height\":20}","OverrideTemplate":null,"ParameterJSON":"{\"HeaderLinkIcon\":\"\",\"IsCustomEditor\":false,\"PreviewType\":\"configCarouselDropDown\",\"Config\":{\"Name\":\"ConfigurableCarouselWidgetCodesDropDown\",\"DropDownData\":{\"SelectedKey\":\"6\",\"AvailableOptions\":[{\"id\":\"0\",\"name\":\"Trending For Your Job\",\"$$hashKey\":\"object:2282\"},{\"id\":\"1\",\"name\":\"Top Picks For You\",\"$$hashKey\":\"object:2283\"},{\"id\":\"2\",\"name\":\"Top Rated\",\"$$hashKey\":\"object:2284\"},{\"id\":\"3\",\"name\":\"Saved For Later\",\"$$hashKey\":\"object:2285\"},{\"id\":\"4\",\"name\":\"Continue Learning\",\"$$hashKey\":\"object:2286\"},{\"id\":\"5\",\"name\":\"Join Your Peers\",\"$$hashKey\":\"object:2287\"},{\"id\":\"6\",\"name\":\"Training Recommended For Next Job\",\"$$hashKey\":\"object:2288\"},{\"id\":\"7\",\"name\":\"Most Popular\",\"$$hashKey\":\"object:2289\"}]}},\"noScroll\":true}","SubTitle":null,"SupportsFullScreen":true,"Title":"Prepare For Your Next Role"}],"CanAddPage":false,"CanEditPage":false,"CanDeletePage":false,"CanPersonalizePage":false},"Description":"This engaging experience is unparalleled in the marketplace","Name":"Experience First","Url":"#/dash/engage","WebPartPageDefinitionKey":null,"WebPartPages":[{"Id":241,"title":"Experience First","Description":"Experience First","IsSystemLocked":false,"Name":"Experience First","IsGuestPage":false,"ParameterJSON":null,"Personalization":null,"Url":"#/dash/engage/initial","path":"dash/engage/initial","WebPartPageKey":null,"IsEnabled":true,"RPKey":null,"Priority":0,"WebParts":[{"Id":459,"ChromeStyle":7,"Definition":{"WebPartDefinitionKey":"LM_ConfigurableCarouselWidget","Title":"Configurable Carousel Widget","Description":"Displays configured widget data","SubTitle":null,"WebPartIconName":null,"WidgetNotificationMode":0,"WidgetDeeplinkUrlText":null,"CategoryName":"Learning","IsWebPartEnabled":true,"TypeName":null,"WebPartServiceAgentInterfaceTypeName":"ILMWebPartContractAsync","WebPartDefinitionXml":null,"HideWebPartHeader":false,"HideWebPartFooter":false,"IsFreeFlowing":false,"PillarKey":"LM","ChromeStyle":7,"ParameterJSON":"{\"HeaderLinkIcon\": \"\", \"IsCustomEditor\": false, \"PreviewType\" : \"configCarouselDropDown\", \"Config\":{\"Name\":\"ConfigurableCarouselWidgetCodesDropDown\",\"DropDownData\":{\"SelectedKey\": null, \"AvailableOptions\": [{\"id\": \"0\", \"name\":\"Trending For Your Job\"}, {\"id\":\"1\", \"name\":\"Top Picks For You\"}, {\"id\":\"2\", \"name\":\"Top Rated\"}, {\"id\":\"3\", \"name\":\"Saved For Later\"}, {\"id\":\"4\", \"name\":\"Continue Learning\"}, {\"id\":\"5\", \"name\":\"Join Your Peers\"}, {\"id\":\"6\", \"name\":\"Training Recommended For Next Job\"}, {\"id\":\"7\", \"name\":\"Most Popular\"}]}}}","TemplatePath":"app/modules/dashboard/views/webparts/widgetConfigurableCarouselContent.html","IsSystemLocked":false,"Category":{"Id":8,"Name":"Learning","CategoryKey":"WebPartDefinition_Learning","Description":"Learning","ParentId":1,"OrdinalPosition":null},"Id":107},"HeaderColor":"","IsHidden":false,"Layout":"{\"x\":0,\"y\":60,\"width\":98,\"height\":20}","OverrideTemplate":null,"ParameterJSON":"{\"HeaderLinkIcon\":\"\",\"IsCustomEditor\":false,\"PreviewType\":\"configCarouselDropDown\",\"Config\":{\"Name\":\"ConfigurableCarouselWidgetCodesDropDown\",\"DropDownData\":{\"SelectedKey\":\"0\",\"AvailableOptions\":[{\"id\":\"0\",\"name\":\"Trending For Your Job\",\"$$hashKey\":\"object:3150\"},{\"id\":\"1\",\"name\":\"Top Picks For You\",\"$$hashKey\":\"object:3151\"},{\"id\":\"2\",\"name\":\"Top Rated\",\"$$hashKey\":\"object:3152\"},{\"id\":\"3\",\"name\":\"Saved For Later\",\"$$hashKey\":\"object:3153\"},{\"id\":\"4\",\"name\":\"Continue Learning\",\"$$hashKey\":\"object:3154\"},{\"id\":\"5\",\"name\":\"Join Your Peers\",\"$$hashKey\":\"object:3155\"},{\"id\":\"6\",\"name\":\"Training Recommended For Next Job\",\"$$hashKey\":\"object:3156\"},{\"id\":\"7\",\"name\":\"Most Popular\",\"$$hashKey\":\"object:3157\"}]}},\"noScroll\":true}","SubTitle":null,"SupportsFullScreen":true,"Title":"Trending For Your Role"},{"Id":460,"ChromeStyle":7,"Definition":{"WebPartDefinitionKey":"LM_ConfigurableCarouselWidget","Title":"Configurable Carousel Widget","Description":"Displays configured widget data","SubTitle":null,"WebPartIconName":null,"WidgetNotificationMode":0,"WidgetDeeplinkUrlText":null,"CategoryName":"Learning","IsWebPartEnabled":true,"TypeName":null,"WebPartServiceAgentInterfaceTypeName":"ILMWebPartContractAsync","WebPartDefinitionXml":null,"HideWebPartHeader":false,"HideWebPartFooter":false,"IsFreeFlowing":false,"PillarKey":"LM","ChromeStyle":7,"ParameterJSON":"{\"HeaderLinkIcon\": \"\", \"IsCustomEditor\": false, \"PreviewType\" : \"configCarouselDropDown\", \"Config\":{\"Name\":\"ConfigurableCarouselWidgetCodesDropDown\",\"DropDownData\":{\"SelectedKey\": null, \"AvailableOptions\": [{\"id\": \"0\", \"name\":\"Trending For Your Job\"}, {\"id\":\"1\", \"name\":\"Top Picks For You\"}, {\"id\":\"2\", \"name\":\"Top Rated\"}, {\"id\":\"3\", \"name\":\"Saved For Later\"}, {\"id\":\"4\", \"name\":\"Continue Learning\"}, {\"id\":\"5\", \"name\":\"Join Your Peers\"}, {\"id\":\"6\", \"name\":\"Training Recommended For Next Job\"}, {\"id\":\"7\", \"name\":\"Most Popular\"}]}}}","TemplatePath":"app/modules/dashboard/views/webparts/widgetConfigurableCarouselContent.html","IsSystemLocked":false,"Category":{"Id":8,"Name":"Learning","CategoryKey":"WebPartDefinition_Learning","Description":"Learning","ParentId":1,"OrdinalPosition":null},"Id":107},"HeaderColor":"","IsHidden":false,"Layout":"{\"x\":0,\"y\":20,\"width\":98,\"height\":20}","OverrideTemplate":null,"ParameterJSON":"{\"HeaderLinkIcon\":\"\",\"IsCustomEditor\":false,\"PreviewType\":\"configCarouselDropDown\",\"Config\":{\"Name\":\"ConfigurableCarouselWidgetCodesDropDown\",\"DropDownData\":{\"SelectedKey\":\"4\",\"AvailableOptions\":[{\"id\":\"0\",\"name\":\"Trending For Your Job\",\"$$hashKey\":\"object:5658\"},{\"id\":\"1\",\"name\":\"Top Picks For You\",\"$$hashKey\":\"object:5659\"},{\"id\":\"2\",\"name\":\"Top Rated\",\"$$hashKey\":\"object:5660\"},{\"id\":\"3\",\"name\":\"Saved For Later\",\"$$hashKey\":\"object:5661\"},{\"id\":\"4\",\"name\":\"Continue Learning\",\"$$hashKey\":\"object:5662\"},{\"id\":\"5\",\"name\":\"Join Your Peers\",\"$$hashKey\":\"object:5663\"},{\"id\":\"6\",\"name\":\"Training Recommended For Next Job\",\"$$hashKey\":\"object:5664\"},{\"id\":\"7\",\"name\":\"Most Popular\",\"$$hashKey\":\"object:5665\"}]}},\"noScroll\":true}","SubTitle":null,"SupportsFullScreen":true,"Title":"Pick Up Where You Left Off"},{"Id":462,"ChromeStyle":7,"Definition":{"WebPartDefinitionKey":"LM_ConfigurableCarouselWidget","Title":"Configurable Carousel Widget","Description":"Displays configured widget data","SubTitle":null,"WebPartIconName":null,"WidgetNotificationMode":0,"WidgetDeeplinkUrlText":null,"CategoryName":"Learning","IsWebPartEnabled":true,"TypeName":null,"WebPartServiceAgentInterfaceTypeName":"ILMWebPartContractAsync","WebPartDefinitionXml":null,"HideWebPartHeader":false,"HideWebPartFooter":false,"IsFreeFlowing":false,"PillarKey":"LM","ChromeStyle":7,"ParameterJSON":"{\"HeaderLinkIcon\": \"\", \"IsCustomEditor\": false, \"PreviewType\" : \"configCarouselDropDown\", \"Config\":{\"Name\":\"ConfigurableCarouselWidgetCodesDropDown\",\"DropDownData\":{\"SelectedKey\": null, \"AvailableOptions\": [{\"id\": \"0\", \"name\":\"Trending For Your Job\"}, {\"id\":\"1\", \"name\":\"Top Picks For You\"}, {\"id\":\"2\", \"name\":\"Top Rated\"}, {\"id\":\"3\", \"name\":\"Saved For Later\"}, {\"id\":\"4\", \"name\":\"Continue Learning\"}, {\"id\":\"5\", \"name\":\"Join Your Peers\"}, {\"id\":\"6\", \"name\":\"Training Recommended For Next Job\"}, {\"id\":\"7\", \"name\":\"Most Popular\"}]}}}","TemplatePath":"app/modules/dashboard/views/webparts/widgetConfigurableCarouselContent.html","IsSystemLocked":false,"Category":{"Id":8,"Name":"Learning","CategoryKey":"WebPartDefinition_Learning","Description":"Learning","ParentId":1,"OrdinalPosition":null},"Id":107},"HeaderColor":"","IsHidden":false,"Layout":"{\"x\":0,\"y\":60,\"width\":98,\"height\":20}","OverrideTemplate":null,"ParameterJSON":"{\"HeaderLinkIcon\":\"\",\"IsCustomEditor\":false,\"PreviewType\":\"configCarouselDropDown\",\"Config\":{\"Name\":\"ConfigurableCarouselWidgetCodesDropDown\",\"DropDownData\":{\"SelectedKey\":\"7\",\"AvailableOptions\":[{\"id\":\"0\",\"name\":\"Trending For Your Job\",\"$$hashKey\":\"object:4018\"},{\"id\":\"1\",\"name\":\"Top Picks For You\",\"$$hashKey\":\"object:4019\"},{\"id\":\"2\",\"name\":\"Top Rated\",\"$$hashKey\":\"object:4020\"},{\"id\":\"3\",\"name\":\"Saved For Later\",\"$$hashKey\":\"object:4021\"},{\"id\":\"4\",\"name\":\"Continue Learning\",\"$$hashKey\":\"object:4022\"},{\"id\":\"5\",\"name\":\"Join Your Peers\",\"$$hashKey\":\"object:4023\"},{\"id\":\"6\",\"name\":\"Training Recommended For Next Job\",\"$$hashKey\":\"object:4024\"},{\"id\":\"7\",\"name\":\"Most Popular\",\"$$hashKey\":\"object:4025\"}]}},\"noScroll\":true}","SubTitle":null,"SupportsFullScreen":true,"Title":"Most Popular"},{"Id":463,"ChromeStyle":7,"Definition":{"WebPartDefinitionKey":"LM_ConfigurableCarouselWidget","Title":"Configurable Carousel Widget","Description":"Displays configured widget data","SubTitle":null,"WebPartIconName":null,"WidgetNotificationMode":0,"WidgetDeeplinkUrlText":null,"CategoryName":"Learning","IsWebPartEnabled":true,"TypeName":null,"WebPartServiceAgentInterfaceTypeName":"ILMWebPartContractAsync","WebPartDefinitionXml":null,"HideWebPartHeader":false,"HideWebPartFooter":false,"IsFreeFlowing":false,"PillarKey":"LM","ChromeStyle":7,"ParameterJSON":"{\"HeaderLinkIcon\": \"\", \"IsCustomEditor\": false, \"PreviewType\" : \"configCarouselDropDown\", \"Config\":{\"Name\":\"ConfigurableCarouselWidgetCodesDropDown\",\"DropDownData\":{\"SelectedKey\": null, \"AvailableOptions\": [{\"id\": \"0\", \"name\":\"Trending For Your Job\"}, {\"id\":\"1\", \"name\":\"Top Picks For You\"}, {\"id\":\"2\", \"name\":\"Top Rated\"}, {\"id\":\"3\", \"name\":\"Saved For Later\"}, {\"id\":\"4\", \"name\":\"Continue Learning\"}, {\"id\":\"5\", \"name\":\"Join Your Peers\"}, {\"id\":\"6\", \"name\":\"Training Recommended For Next Job\"}, {\"id\":\"7\", \"name\":\"Most Popular\"}]}}}","TemplatePath":"app/modules/dashboard/views/webparts/widgetConfigurableCarouselContent.html","IsSystemLocked":false,"Category":{"Id":8,"Name":"Learning","CategoryKey":"WebPartDefinition_Learning","Description":"Learning","ParentId":1,"OrdinalPosition":null},"Id":107},"HeaderColor":"","IsHidden":false,"Layout":"{\"x\":0,\"y\":40,\"width\":98,\"height\":20}","OverrideTemplate":null,"ParameterJSON":"{\"HeaderLinkIcon\":\"\",\"IsCustomEditor\":false,\"PreviewType\":\"configCarouselDropDown\",\"Config\":{\"Name\":\"ConfigurableCarouselWidgetCodesDropDown\",\"DropDownData\":{\"SelectedKey\":\"6\",\"AvailableOptions\":[{\"id\":\"0\",\"name\":\"Trending For Your Job\",\"$$hashKey\":\"object:2282\"},{\"id\":\"1\",\"name\":\"Top Picks For You\",\"$$hashKey\":\"object:2283\"},{\"id\":\"2\",\"name\":\"Top Rated\",\"$$hashKey\":\"object:2284\"},{\"id\":\"3\",\"name\":\"Saved For Later\",\"$$hashKey\":\"object:2285\"},{\"id\":\"4\",\"name\":\"Continue Learning\",\"$$hashKey\":\"object:2286\"},{\"id\":\"5\",\"name\":\"Join Your Peers\",\"$$hashKey\":\"object:2287\"},{\"id\":\"6\",\"name\":\"Training Recommended For Next Job\",\"$$hashKey\":\"object:2288\"},{\"id\":\"7\",\"name\":\"Most Popular\",\"$$hashKey\":\"object:2289\"}]}},\"noScroll\":true}","SubTitle":null,"SupportsFullScreen":true,"Title":"Prepare For Your Next Role"}],"CanAddPage":true,"CanEditPage":true,"CanDeletePage":true,"CanPersonalizePage":true}],"IsSystemLocked":false,"IsEnabled":true,"RPKey":null,"CanViewDashboard":true,"CanAddDashboard":true,"CanEditDashboard":true,"CanDeleteDashboard":true,"CanPersonalizeDashboard":true},{"Id":35,"DefaultPage":{"Id":244,"title":"timeline","Description":"timeline","IsSystemLocked":false,"Name":"timeline","IsGuestPage":false,"ParameterJSON":null,"Personalization":null,"Url":"#/dash/timeline/initial","path":"dash/timeline","WebPartPageKey":null,"IsEnabled":true,"RPKey":null,"Priority":0,"WebParts":[],"CanAddPage":false,"CanEditPage":false,"CanDeletePage":false,"CanPersonalizePage":false},"Description":"timeline","Name":"timeline","Url":"#/dash/timeline","WebPartPageDefinitionKey":null,"WebPartPages":[{"Id":244,"title":"timeline","Description":"timeline","IsSystemLocked":false,"Name":"timeline","IsGuestPage":false,"ParameterJSON":null,"Personalization":null,"Url":"#/dash/timeline/initial","path":"dash/timeline/initial","WebPartPageKey":null,"IsEnabled":true,"RPKey":null,"Priority":0,"WebParts":[],"CanAddPage":true,"CanEditPage":true,"CanDeletePage":true,"CanPersonalizePage":true}],"IsSystemLocked":false,"IsEnabled":true,"RPKey":null,"CanViewDashboard":true,"CanAddDashboard":true,"CanEditDashboard":true,"CanDeleteDashboard":true,"CanPersonalizeDashboard":true},{"Id":37,"DefaultPage":{"Id":246,"title":"AboutMeDB_12am","Description":"AboutMeDB_12am","IsSystemLocked":false,"Name":"AboutMeDB_12am","IsGuestPage":false,"ParameterJSON":null,"Personalization":null,"Url":"#/dash/AboutMeDB_12am/initial","path":"dash/AboutMeDB_12am","WebPartPageKey":null,"IsEnabled":true,"RPKey":null,"Priority":5,"WebParts":[{"Id":493,"ChromeStyle":7,"Definition":{"WebPartDefinitionKey":"About_Me","Title":"About Me","Description":"Displays key profile information about the employee.","SubTitle":"Photo, email and employment information","WebPartIconName":null,"WidgetNotificationMode":0,"WidgetDeeplinkUrlText":"View my profile","CategoryName":"Common","IsWebPartEnabled":true,"TypeName":"SumTotal.SPPortal.WebParts.Core.MySelf.AboutMe.AboutMe, SumTotal.SPPortal.WebParts, Version=1.0.0.0, Culture=neutral, PublicKeyToken=6b7f90fbd13cce01","WebPartServiceAgentInterfaceTypeName":null,"WebPartDefinitionXml":null,"HideWebPartHeader":true,"HideWebPartFooter":true,"IsFreeFlowing":false,"PillarKey":null,"ChromeStyle":7,"ParameterJSON":"{\"HeaderLinkIcon\": \"\", \"IsCustomEditor\": false, \"PreviewType\" : \"aboutme\"}","TemplatePath":"app/modules/dashboard/views/webparts/widgetAboutMe.html","IsSystemLocked":false,"Category":{"Id":5,"Name":"Common","CategoryKey":"WebPartDefinition_Common","Description":"Common","ParentId":1,"OrdinalPosition":null},"Id":43},"HeaderColor":"","IsHidden":false,"Layout":"{\"x\":0,\"y\":0,\"width\":25,\"height\":20}","OverrideTemplate":null,"ParameterJSON":"{\"HeaderLinkIcon\":\"\",\"IsCustomEditor\":false,\"PreviewType\":\"aboutme\"}","SubTitle":"Photo, email and employment information","SupportsFullScreen":true,"Title":null}],"CanAddPage":false,"CanEditPage":false,"CanDeletePage":false,"CanPersonalizePage":false},"Description":"AboutMeDB_12am","Name":"AboutMeDB_12am","Url":"#/dash/AboutMeDB_12am","WebPartPageDefinitionKey":null,"WebPartPages":[{"Id":246,"title":"AboutMeDB_12am","Description":"AboutMeDB_12am","IsSystemLocked":false,"Name":"AboutMeDB_12am","IsGuestPage":false,"ParameterJSON":null,"Personalization":null,"Url":"#/dash/AboutMeDB_12am/initial","path":"dash/AboutMeDB_12am/initial","WebPartPageKey":null,"IsEnabled":true,"RPKey":null,"Priority":5,"WebParts":[{"Id":493,"ChromeStyle":7,"Definition":{"WebPartDefinitionKey":"About_Me","Title":"About Me","Description":"Displays key profile information about the employee.","SubTitle":"Photo, email and employment information","WebPartIconName":null,"WidgetNotificationMode":0,"WidgetDeeplinkUrlText":"View my profile","CategoryName":"Common","IsWebPartEnabled":true,"TypeName":"SumTotal.SPPortal.WebParts.Core.MySelf.AboutMe.AboutMe, SumTotal.SPPortal.WebParts, Version=1.0.0.0, Culture=neutral, PublicKeyToken=6b7f90fbd13cce01","WebPartServiceAgentInterfaceTypeName":null,"WebPartDefinitionXml":null,"HideWebPartHeader":true,"HideWebPartFooter":true,"IsFreeFlowing":false,"PillarKey":null,"ChromeStyle":7,"ParameterJSON":"{\"HeaderLinkIcon\": \"\", \"IsCustomEditor\": false, \"PreviewType\" : \"aboutme\"}","TemplatePath":"app/modules/dashboard/views/webparts/widgetAboutMe.html","IsSystemLocked":false,"Category":{"Id":5,"Name":"Common","CategoryKey":"WebPartDefinition_Common","Description":"Common","ParentId":1,"OrdinalPosition":null},"Id":43},"HeaderColor":"","IsHidden":false,"Layout":"{\"x\":0,\"y\":0,\"width\":25,\"height\":20}","OverrideTemplate":null,"ParameterJSON":"{\"HeaderLinkIcon\":\"\",\"IsCustomEditor\":false,\"PreviewType\":\"aboutme\"}","SubTitle":"Photo, email and employment information","SupportsFullScreen":true,"Title":null}],"CanAddPage":true,"CanEditPage":true,"CanDeletePage":true,"CanPersonalizePage":true}],"IsSystemLocked":false,"IsEnabled":true,"RPKey":null,"CanViewDashboard":true,"CanAddDashboard":true,"CanEditDashboard":true,"CanDeleteDashboard":true,"CanPersonalizeDashboard":true},{"Id":38,"DefaultPage":{"Id":247,"title":"DashBoard_Elix9427_12am","Description":"DashBoard_Elix9427_12am","IsSystemLocked":false,"Name":"DashBoard_Elix9427_12am","IsGuestPage":false,"ParameterJSON":null,"Personalization":null,"Url":"#/dash/DashBoard_Elix9427_12am/initial","path":"dash/DashBoard_Elix9427_12am","WebPartPageKey":null,"IsEnabled":true,"RPKey":null,"Priority":13,"WebParts":[{"Id":497,"ChromeStyle":7,"Definition":{"WebPartDefinitionKey":"Common_ContentEditor","Title":"Content Editor","Description":"Enables users to add custom HTML to a dashboard.","SubTitle":"Content Editor Widget","WebPartIconName":null,"WidgetNotificationMode":0,"WidgetDeeplinkUrlText":null,"CategoryName":"Common","IsWebPartEnabled":true,"TypeName":null,"WebPartServiceAgentInterfaceTypeName":null,"WebPartDefinitionXml":null,"HideWebPartHeader":false,"HideWebPartFooter":true,"IsFreeFlowing":false,"PillarKey":null,"ChromeStyle":7,"ParameterJSON":"{\"HeaderLinkIcon\": \"\", \"IsCustomEditor\": true, \"PreviewType\" : \"iframe\"}","TemplatePath":"app/modules/dashboard/views/webparts/widgetContentEditor.html","IsSystemLocked":false,"Category":{"Id":5,"Name":"Common","CategoryKey":"WebPartDefinition_Common","Description":"Common","ParentId":1,"OrdinalPosition":null},"Id":60},"HeaderColor":"","IsHidden":false,"Layout":"{\"x\":0,\"y\":0,\"width\":25,\"height\":20}","OverrideTemplate":"&lt;a target=&quot;_self&quot; href=&quot;/Core/155.sumtfile&quot;&gt;!!!PDFFile_Elix9427_12am&lt;/a&gt;","ParameterJSON":"{\"HeaderLinkIcon\":\"\",\"IsCustomEditor\":true,\"PreviewType\":\"iframe\"}","SubTitle":"Content Editor Widget","SupportsFullScreen":true,"Title":null}],"CanAddPage":false,"CanEditPage":false,"CanDeletePage":false,"CanPersonalizePage":false},"Description":"DashBoard_Elix9427_12am","Name":"DashBoard_Elix9427_12am","Url":"#/dash/DashBoard_Elix9427_12am","WebPartPageDefinitionKey":null,"WebPartPages":[{"Id":247,"title":"DashBoard_Elix9427_12am","Description":"DashBoard_Elix9427_12am","IsSystemLocked":false,"Name":"DashBoard_Elix9427_12am","IsGuestPage":false,"ParameterJSON":null,"Personalization":null,"Url":"#/dash/DashBoard_Elix9427_12am/initial","path":"dash/DashBoard_Elix9427_12am/initial","WebPartPageKey":null,"IsEnabled":true,"RPKey":null,"Priority":13,"WebParts":[{"Id":497,"ChromeStyle":7,"Definition":{"WebPartDefinitionKey":"Common_ContentEditor","Title":"Content Editor","Description":"Enables users to add custom HTML to a dashboard.","SubTitle":"Content Editor Widget","WebPartIconName":null,"WidgetNotificationMode":0,"WidgetDeeplinkUrlText":null,"CategoryName":"Common","IsWebPartEnabled":true,"TypeName":null,"WebPartServiceAgentInterfaceTypeName":null,"WebPartDefinitionXml":null,"HideWebPartHeader":false,"HideWebPartFooter":true,"IsFreeFlowing":false,"PillarKey":null,"ChromeStyle":7,"ParameterJSON":"{\"HeaderLinkIcon\": \"\", \"IsCustomEditor\": true, \"PreviewType\" : \"iframe\"}","TemplatePath":"app/modules/dashboard/views/webparts/widgetContentEditor.html","IsSystemLocked":false,"Category":{"Id":5,"Name":"Common","CategoryKey":"WebPartDefinition_Common","Description":"Common","ParentId":1,"OrdinalPosition":null},"Id":60},"HeaderColor":"","IsHidden":false,"Layout":"{\"x\":0,\"y\":0,\"width\":25,\"height\":20}","OverrideTemplate":"&lt;a target=&quot;_self&quot; href=&quot;/Core/155.sumtfile&quot;&gt;!!!PDFFile_Elix9427_12am&lt;/a&gt;","ParameterJSON":"{\"HeaderLinkIcon\":\"\",\"IsCustomEditor\":true,\"PreviewType\":\"iframe\"}","SubTitle":"Content Editor Widget","SupportsFullScreen":true,"Title":null}],"CanAddPage":true,"CanEditPage":true,"CanDeletePage":true,"CanPersonalizePage":true}],"IsSystemLocked":false,"IsEnabled":true,"RPKey":null,"CanViewDashboard":true,"CanAddDashboard":true,"CanEditDashboard":true,"CanDeleteDashboard":true,"CanPersonalizeDashboard":true}],"EnableDashboards":true,"EnablePersonalization":true,"EnableView":true,"EnableAdd":true,"EnableEdit":true,"EnableDelete":true,"LandingDashboard":{"Name":"Branding","Description":"Branding","WebPartPageKey":null,"Url":"#/dash/Branding/initial","ParameterJSON":null,"WebParts":[{"Definition":{"WebPartDefinitionKey":"search_calendarView","Title":"Available Activities Calendar","Description":"Allows learners to browse available learning activity offerings in a calendar view.","SubTitle":"Available Activities Calendar","WebPartIconName":null,"WidgetNotificationMode":0,"WidgetDeeplinkUrlText":null,"CategoryName":"Learning","IsWebPartEnabled":true,"TypeName":null,"WebPartServiceAgentInterfaceTypeName":null,"WebPartDefinitionXml":null,"HideWebPartHeader":false,"HideWebPartFooter":false,"IsFreeFlowing":false,"PillarKey":"LM","ChromeStyle":7,"ParameterJSON":"{\"HeaderLinkIcon\": \"\", \"IsCustomEditor\": false, \"PreviewType\" : \"calendar\"}","TemplatePath":"app/modules/dashboard/views/searchWidgets/calendarView.html","IsSystemLocked":false,"Category":{"Id":8,"Name":"Learning","CategoryKey":"WebPartDefinition_Learning","Description":"Learning","ParentId":1,"OrdinalPosition":null},"Id":111},"Title":null,"SubTitle":"Available Activities Calendar","ChromeStyle":7,"SupportsFullScreen":true,"IsHidden":false,"HeaderColor":"","Layout":"{\"x\":0,\"y\":0,\"width\":76,\"height\":28}","ParameterJSON":"{\"HeaderLinkIcon\":\"\",\"IsCustomEditor\":false,\"PreviewType\":\"calendar\"}","OverrideTemplate":null,"Id":499}],"IsSystemLocked":false,"Personalization":null,"Priority":19,"ParentId":30,"DashboardName":"Branding","IsGuestPage":false,"IsEnabled":true,"RPKey":null,"CanAddPage":true,"CanEditPage":true,"CanDeletePage":true,"CanPersonalizePage":true,"CanViewPage":true,"Id":237}},"sitemap":{"Hash":"1292240595","IsChanged":true,"KeyedHomePages":{},"Nodes":[{"Id":6,"childNodes":[{"Id":187,"childNodes":[],"description":"Used to access your Profile.","iconPath":null,"integrationMode":3,"IsHidden":false,"helpUrl":"/Content/Core Platform/Core Platform Guide/My Profile.htm","IsPortalPage":false,"level":2,"name":"Profile","nodeKey":"Profile","ordinalPosition":"1","parentId":6,"RelyingPartyId":9,"RPKey":"ELIXHRUI","tooltip":"Used to access your Profile.","url":"#/dash/profile","activitiesCount":0,"IsEmulationEnabled":false},{"Id":864,"childNodes":[],"description":"Used to view personal details, change system preferences, and manage delegates. Managing delegates requires Talent.","iconPath":null,"integrationMode":3,"IsHidden":false,"helpUrl":"/Content/Core Platform/Core Platform Guide/View or Update Your Personal_1.htm","IsPortalPage":false,"level":2,"name":"Profile Details","nodeKey":"self_personaldetails","ordinalPosition":"2","parentId":6,"RelyingPartyId":9,"RPKey":"ELIXHRUI","tooltip":"Used to view personal details, change system preferences, and manage delegates. Managing delegates requires Talent.","url":"PROFILE_SLIDEOUT","activitiesCount":0,"IsEmulationEnabled":false},{"Id":667,"childNodes":[],"description":"A customizable dashboard for learners.","iconPath":null,"integrationMode":3,"IsHidden":false,"helpUrl":"/Content/Learn/User Guides/Role Based User Guides/Navigate the Learner Dashboard.htm","IsPortalPage":false,"level":2,"name":"Learner Dashboard","nodeKey":"Learner_Dashboard","ordinalPosition":"3","parentId":6,"RelyingPartyId":9,"RPKey":"ELIXHRUI","tooltip":"A customizable dashboard for learners.","url":"#/dash/learning","activitiesCount":0,"IsEmulationEnabled":false},{"Id":898,"childNodes":[],"description":"Initiatives","iconPath":null,"integrationMode":3,"IsHidden":false,"helpUrl":"/Content/Core Platform/Core Platform Guide/Configure an Onboarding Initiative.htm","IsPortalPage":false,"level":2,"name":"Initiatives","nodeKey":"self_initiatives","ordinalPosition":"4","parentId":6,"RelyingPartyId":9,"RPKey":"ELIXHRUI","tooltip":"Initiatives","url":"#/initiatives","activitiesCount":0,"IsEmulationEnabled":false},{"Id":637,"childNodes":[{"Id":308,"childNodes":[],"description":"Used to view Performance assessment history.","iconPath":null,"integrationMode":3,"IsHidden":false,"helpUrl":"/Content/Talent/Performance and Goals/Manage a User s Performance.htm","IsPortalPage":false,"level":3,"name":"My Assessments","nodeKey":"performance_myassessments","ordinalPosition":"1","parentId":637,"RelyingPartyId":5,"RPKey":"TM","tooltip":"Used to view Performance assessment history.","url":"scripts/lightyearisapi.dll?tasklst&crit_taskview_modulecd=performance&ttlnmcd=12507&employeepicker=portalgroupid%3dperformance%26portalitemid%3dmyassessments","activitiesCount":0,"IsEmulationEnabled":false},{"Id":309,"childNodes":[],"description":"Used to access observation checklists assigned to the learner.","iconPath":null,"integrationMode":3,"IsHidden":false,"helpUrl":"/Content/Talent/Performance and Goals/Manage personal Goals for_1.htm","IsPortalPage":false,"level":3,"name":"My Goals","nodeKey":"performance_mygoals","ordinalPosition":"2","parentId":637,"RelyingPartyId":5,"RPKey":"TM","tooltip":"Used to access observation checklists assigned to the learner.","url":"scripts/lightyearisapi.dll?matrixgoallist&sdatanavid=mygoals&sdatanavroot=1&sdatanavnmcd=61428&sdatatypcd=5005&sdataaction=view&matrixgoallist_sortcolumn=sdb_matrixgoal_goaldesctxt&matrixgoallist_sortorder=ASC&employeepicker=portalgroupid%3dperformance%26portalitemid%3dmygoals","activitiesCount":0,"IsEmulationEnabled":false},{"Id":286,"childNodes":[],"description":"Used to view and manage organization and personal goals, as well as the goals of any users to whom you have access.","iconPath":null,"integrationMode":3,"IsHidden":false,"helpUrl":"/Content/Talent/Performance and Goals/Manage Personal Goals for.htm","IsPortalPage":false,"level":3,"name":"Goal Explorer","nodeKey":"performance_goalexplorer","ordinalPosition":"4","parentId":637,"RelyingPartyId":5,"RPKey":"TM","tooltip":"Used to view and manage organization and personal goals, as well as the goals of any users to whom you have access.","url":"scripts/lightyearisapi.dll?webapicommand=processtask&sdataobjtyp=0&sdatatypcd=5100&sdatahierid=&sdatahierlevel=&sdatahiercode=&page=w&sdataevntid=0&employeepicker=portalgroupid%3dperformance%26portalitemid%3dgoalexplorer","activitiesCount":0,"IsEmulationEnabled":false},{"Id":186,"childNodes":[],"description":"Used to upload offline 360 Feedback forms.","iconPath":null,"integrationMode":3,"IsHidden":false,"helpUrl":"/Content/Talent/360 Feedback/Upload an Offline 360 Feedback.htm","IsPortalPage":false,"level":3,"name":"Upload Form","nodeKey":"performance_uploadform","ordinalPosition":"5","parentId":637,"RelyingPartyId":5,"RPKey":"TM","tooltip":"Used to upload offline 360 Feedback forms.","url":"scripts/lightyearisapi.dll?parsetemplate&template=home/upload.htm&employeepicker=portalgroupid%3dperformance%26portalitemid%3duploadform","activitiesCount":0,"IsEmulationEnabled":false},{"Id":-1115,"childNodes":[],"description":"Used to view Performance Snapshots","iconPath":null,"integrationMode":3,"IsHidden":false,"helpUrl":null,"IsPortalPage":false,"level":3,"name":"Performance Snapshots","nodeKey":"self_hrlyassessment","ordinalPosition":"6","parentId":637,"RelyingPartyId":9,"RPKey":"ELIXHRUI","tooltip":"Used to view Performance Snapshots","url":"#/administration/applications/common/hourlyassessment","activitiesCount":0,"IsEmulationEnabled":false}],"description":null,"iconPath":null,"integrationMode":3,"IsHidden":false,"helpUrl":null,"IsPortalPage":false,"level":2,"name":"Performance","nodeKey":"self_performance","ordinalPosition":"6","parentId":6,"RelyingPartyId":9,"RPKey":"ELIXHRUI","tooltip":null,"url":null,"activitiesCount":0,"IsEmulationEnabled":false},{"Id":634,"childNodes":[{"Id":1088,"childNodes":[],"description":"Used to manage career plan","iconPath":null,"integrationMode":3,"IsHidden":false,"helpUrl":"/Content/Core Platform/Core Platform Guide/Develop and Manage a Career.htm","IsPortalPage":false,"level":3,"name":"My Career Path","nodeKey":"development_careerplan","ordinalPosition":"2","parentId":634,"RelyingPartyId":9,"RPKey":"ELIXHRUI","tooltip":"Used to manage career plan","url":"#/careerplan","activitiesCount":0,"IsEmulationEnabled":false},{"Id":756,"childNodes":[],"description":"Used to access your Development Plan, used to track and assign tasks that can help you grow and develop in your career.","iconPath":null,"integrationMode":3,"IsHidden":false,"helpUrl":"/Content/Core Platform/Core Platform Guide/As an Individual Contributor.htm","IsPortalPage":false,"level":3,"name":"My Development Plan","nodeKey":"self_developmentplan","ordinalPosition":"3","parentId":634,"RelyingPartyId":9,"RPKey":"ELIXHRUI","tooltip":"Used to access your Development Plan, used to track and assign tasks that can help you grow and develop in your career.","url":"#/devplan","activitiesCount":0,"IsEmulationEnabled":false},{"Id":-1107,"childNodes":[],"description":"Competency Profile","iconPath":null,"integrationMode":3,"IsHidden":false,"helpUrl":"/Content/Core Platform/Core Platform Guide/View Your Competency Profile.htm","IsPortalPage":false,"level":3,"name":"Competency Profile","nodeKey":"Competency_Profile","ordinalPosition":"4","parentId":634,"RelyingPartyId":9,"RPKey":"ELIXHRUI","tooltip":"Competency Profile","url":"#/competencyprofile","activitiesCount":0,"IsEmulationEnabled":false},{"Id":162,"childNodes":[],"description":"Used to view your 360 Feedback assessment history.","iconPath":null,"integrationMode":3,"IsHidden":false,"helpUrl":"/Content/Talent/360 Feedback/Manage a User s 360 Feedback.htm","IsPortalPage":false,"level":3,"name":"My Assessments","nodeKey":"development_myassessments","ordinalPosition":"11","parentId":634,"RelyingPartyId":5,"RPKey":"TM","tooltip":"Used to view your 360 Feedback assessment history.","url":"scripts/lightyearisapi.dll?tasklst&crit_taskview_modulecd=360&ttlnmcd=80098&employeepicker=portalgroupid%3ddevelopment%26portalitemid%3dmyassessments","activitiesCount":0,"IsEmulationEnabled":false},{"Id":246,"childNodes":[],"description":"Used to access your 360 Feedback Reports.","iconPath":null,"integrationMode":3,"IsHidden":false,"helpUrl":"/Content/Talent/360 Feedback/Manage 360 Feedback Reports.htm","IsPortalPage":false,"level":3,"name":"Feedback Reports","nodeKey":"development_feedbackreports","ordinalPosition":"17","parentId":634,"RelyingPartyId":5,"RPKey":"TM","tooltip":"Used to access your 360 Feedback Reports.","url":"scripts/lightyearisapi.dll?invoke&suiaction.value=s360reportlstdlg.open()&s360reportlstdlg.typcd=5020&s360reportlstdlg.searchcrit=and%201=1%20&sdatasortcolumn=gendt&sdatasortorder=DESC&rsrcid=#{personpk}&sdatarsrcid=#{personpk}&employeepicker=portalgroupid%3ddevelopment%26portalitemid%3dfeedbackreports","activitiesCount":0,"IsEmulationEnabled":false},{"Id":669,"childNodes":[],"description":"Used to access 360 Feedback reports.","iconPath":null,"integrationMode":3,"IsHidden":false,"helpUrl":"/Content/Talent/360 Feedback/Manage 360 Feedback Reports.htm","IsPortalPage":false,"level":3,"name":"360 Reports","nodeKey":"development_360reports","ordinalPosition":"18","parentId":634,"RelyingPartyId":5,"RPKey":"TM","tooltip":"Used to access 360 Feedback reports.","url":"scripts/lightyearisapi.dll?invoke&suiaction.value=sreportlst.open&sreportlst.criterion=rprtmodtype=360%26qry_reportdefinition_rprtprctypcd_eq=7&rprttype=7&tablvl1id=tabFilter3&employeepicker=portalgroupid%3ddevelopment%26portalitemid%3d360reports","activitiesCount":0,"IsEmulationEnabled":false}],"description":null,"iconPath":null,"integrationMode":3,"IsHidden":false,"helpUrl":null,"IsPortalPage":false,"level":2,"name":"Development","nodeKey":"self_development","ordinalPosition":"7","parentId":6,"RelyingPartyId":9,"RPKey":"ELIXHRUI","tooltip":null,"url":null,"activitiesCount":0,"IsEmulationEnabled":false},{"Id":633,"childNodes":[{"Id":193,"childNodes":[],"description":"Used to access your personal Compensation Statement.","iconPath":null,"integrationMode":3,"IsHidden":false,"helpUrl":"/Content/Talent/Compensation/View My Compensation Statement.htm","IsPortalPage":false,"level":3,"name":"My Statement","nodeKey":"compensation_compensationstatement","ordinalPosition":"1","parentId":633,"RelyingPartyId":5,"RPKey":"TM","tooltip":"Used to access your personal Compensation Statement.","url":"scripts/lightyearisapi.dll?cmstatement&sdatatypcd=7038&sdataaction=open&employeepicker=portalgroupid%3dcompensation%26portalitemid%3dcompensationstatement","activitiesCount":0,"IsEmulationEnabled":false}],"description":"This is a legacy Talent link and should remain hidden.","iconPath":null,"integrationMode":3,"IsHidden":false,"helpUrl":null,"IsPortalPage":false,"level":2,"name":"Compensation","nodeKey":"self_compensation","ordinalPosition":"9","parentId":6,"RelyingPartyId":9,"RPKey":"ELIXHRUI","tooltip":"This is a legacy Talent link and should remain hidden.","url":null,"activitiesCount":0,"IsEmulationEnabled":false},{"Id":639,"childNodes":[{"Id":311,"childNodes":[],"description":"Used to view Succession project assessment history.","iconPath":null,"integrationMode":3,"IsHidden":false,"helpUrl":"/Content/Talent/Succession/Manage a User s Succession.htm","IsPortalPage":false,"level":3,"name":"My Assessments","nodeKey":"succession_myassessments","ordinalPosition":"1","parentId":639,"RelyingPartyId":5,"RPKey":"TM","tooltip":"Used to view Succession project assessment history.","url":"scripts/lightyearisapi.dll?tasklst&crit_taskview_modulecd=succession&ttlnmcd=14116&employeepicker=portalgroupid%3dsuccession%26portalitemid%3dmyassessments","activitiesCount":0,"IsEmulationEnabled":false}],"description":"Used to manage Succession components, such as surveys, processes, and designers.","iconPath":null,"integrationMode":3,"IsHidden":false,"helpUrl":"/Content/Talent/Succession/Succession Overview.htm","IsPortalPage":false,"level":2,"name":"Succession","nodeKey":"self_succession","ordinalPosition":"12","parentId":6,"RelyingPartyId":9,"RPKey":"ELIXHRUI","tooltip":"Used to manage Succession components, such as surveys, processes, and designers.","url":null,"activitiesCount":0,"IsEmulationEnabled":false},{"Id":632,"childNodes":[{"Id":1101,"childNodes":[],"description":"Continuous review landing page.","iconPath":null,"integrationMode":3,"IsHidden":false,"helpUrl":"/Content/Core Platform/Core Platform Guide/Using Continuous Feedback.htm","IsPortalPage":false,"level":3,"name":"Continuous Feedback","nodeKey":"self_continuousreview","ordinalPosition":"2","parentId":632,"RelyingPartyId":9,"RPKey":"ELIXHRUI","tooltip":"Continuous review landing page.","url":"#/continuousfeedback/dashboard","activitiesCount":0,"IsEmulationEnabled":false},{"Id":-2179,"childNodes":[],"description":"Social Communities","iconPath":null,"integrationMode":3,"IsHidden":false,"helpUrl":"/Content/Core Platform/Core Platform Guide/Using Social.htm","IsPortalPage":false,"level":3,"name":"Social Communities","nodeKey":"SOCIAL_COMMUNITIES","ordinalPosition":"4","parentId":632,"RelyingPartyId":9,"RPKey":"ELIXHRUI","tooltip":"Social Communities","url":"#/socialCommunities","activitiesCount":0,"IsEmulationEnabled":false}],"description":null,"iconPath":null,"integrationMode":3,"IsHidden":false,"helpUrl":null,"IsPortalPage":false,"level":2,"name":"Collaboration","nodeKey":"self_collaboration","ordinalPosition":"14","parentId":6,"RelyingPartyId":9,"RPKey":"ELIXHRUI","tooltip":null,"url":null,"activitiesCount":0,"IsEmulationEnabled":false},{"Id":638,"childNodes":[{"Id":352,"childNodes":[],"description":"Used to access Advanced Reporting.","iconPath":null,"integrationMode":3,"IsHidden":false,"helpUrl":null,"IsPortalPage":false,"level":3,"name":"Advanced Reporting","nodeKey":"Advanced_Reporting","ordinalPosition":"0","parentId":638,"RelyingPartyId":10,"RPKey":"AdvancedReport","tooltip":"Used to access Advanced Reporting.","url":"https://CL12SALES.sumtotaldevelopment.net/jasperserver-pro","activitiesCount":0,"IsEmulationEnabled":false},{"Id":764,"childNodes":[],"description":"Used to access Analytics.","iconPath":null,"integrationMode":3,"IsHidden":false,"helpUrl":null,"IsPortalPage":false,"level":3,"name":"Analytics","nodeKey":"main_analytics","ordinalPosition":"1","parentId":638,"RelyingPartyId":5,"RPKey":"TM","tooltip":"Used to access Analytics.","url":"scripts/lightyearisapi.dll?parsetemplate&template=bi/scognos.htm&employeepicker=portalgroupid%3dmain%26portalitemid%3danalytics","activitiesCount":0,"IsEmulationEnabled":false},{"Id":343,"childNodes":[],"description":"Used to manage and run Talent standard reports.","iconPath":null,"integrationMode":3,"IsHidden":false,"helpUrl":null,"IsPortalPage":false,"level":3,"name":"Talent Reports","nodeKey":"reports_generalreports","ordinalPosition":"6","parentId":638,"RelyingPartyId":5,"RPKey":"TM","tooltip":"Used to manage and run Talent standard reports.","url":"scripts/lightyearisapi.dll?parsetemplate&template=reports/sreporttreenav.htm&sidebargroupid=reports&sidebaritemid=generalreports&employeepicker=portalgroupid%3dreports%26portalitemid%3dgeneralreports","activitiesCount":0,"IsEmulationEnabled":false}],"description":null,"iconPath":null,"integrationMode":3,"IsHidden":false,"helpUrl":null,"IsPortalPage":false,"level":2,"name":"Reporting","nodeKey":"self_reporting","ordinalPosition":"15","parentId":6,"RelyingPartyId":9,"RPKey":"ELIXHRUI","tooltip":null,"url":null,"activitiesCount":0,"IsEmulationEnabled":false},{"Id":894,"childNodes":[],"description":"Used to display team hierarchy.","iconPath":null,"integrationMode":3,"IsHidden":false,"helpUrl":"/Content/Core Platform/Core Platform Guide/View My Team.htm","IsPortalPage":false,"level":2,"name":"My Team","nodeKey":"self_myteam","ordinalPosition":"16","parentId":6,"RelyingPartyId":9,"RPKey":"ELIXHRUI","tooltip":"Used to display team hierarchy.","url":"#/organization","activitiesCount":0,"IsEmulationEnabled":false},{"Id":701,"childNodes":[],"description":"Used to view and record personal notes.","iconPath":null,"integrationMode":3,"IsHidden":false,"helpUrl":"/Content/Talent/Common Functions/Record Personal Notes.htm","IsPortalPage":false,"level":2,"name":"Notes","nodeKey":"main_notes","ordinalPosition":"17","parentId":6,"RelyingPartyId":5,"RPKey":"TM","tooltip":"Used to view and record personal notes.","url":"scripts/lightyearisapi.dll?processtask&sdataobjtyp=0&sdataevntid=0&sdatatypcd=22&sdataacttypcd=23&sdataprnttypcd=&sdataprntactid=&sdatarecipid=#{personpk}&sdatarsrcid=#{personpk}&bmulti=0&bhasparent=0&employeepicker=portalgroupid%3dmain%26portalitemid%3dnotes","activitiesCount":0,"IsEmulationEnabled":false},{"Id":-1119,"childNodes":[],"description":"See the top Gamification scores","iconPath":null,"integrationMode":3,"IsHidden":false,"helpUrl":"/Content/Core Platform/Core Platform Guide/View the Leaderboard.htm","IsPortalPage":false,"level":2,"name":"Leaderboards","nodeKey":"self_leaderboard","ordinalPosition":"18","parentId":6,"RelyingPartyId":14,"RPKey":"GAM","tooltip":"See the top Gamification scores","url":"#/gamification/leaderBoard","activitiesCount":0,"IsEmulationEnabled":false},{"Id":651,"childNodes":[],"description":"Used to change questions and answers used to recover a forgotten password.","iconPath":null,"integrationMode":3,"IsHidden":false,"helpUrl":"/Content/Core Platform/Core Platform Guide/Change Answers to Your Password.htm","IsPortalPage":false,"level":2,"name":"Change Security Questions","nodeKey":"self_questions","ordinalPosition":"21","parentId":6,"RelyingPartyId":9,"RPKey":"ELIXHRUI","tooltip":"Used to change questions and answers used to recover a forgotten password.","url":"#/usersecurityquestion","activitiesCount":0,"IsEmulationEnabled":false},{"Id":652,"childNodes":[],"description":"Used to change the your password.","iconPath":null,"integrationMode":3,"IsHidden":false,"helpUrl":"/Content/Core Platform/Core Platform Guide/Change Your Password.htm","IsPortalPage":false,"level":2,"name":"Change Password","nodeKey":"self_password","ordinalPosition":"22","parentId":6,"RelyingPartyId":9,"RPKey":"ELIXHRUI","tooltip":"Used to change the your password.","url":"#/changepassword","activitiesCount":0,"IsEmulationEnabled":false},{"Id":8,"childNodes":[],"description":"Used to log out of the system.","iconPath":"fa fa-sign-out","integrationMode":3,"IsHidden":false,"helpUrl":null,"IsPortalPage":false,"level":2,"name":"Signout","nodeKey":"menu_signout","ordinalPosition":"23","parentId":6,"RelyingPartyId":9,"RPKey":"ELIXHRUI","tooltip":"Used to log out of the system.","url":"https://$HOST_NAME/Broker/Token/Saml11.ashx?wa=wsignout1.0&wtrealm=https://CL12SALES.sumtotaldevelopment.net/core/","activitiesCount":0,"IsEmulationEnabled":false}],"description":null,"iconPath":"fa-user","integrationMode":3,"IsHidden":false,"helpUrl":"/Content/Core Platform/Core Platform Guide/My Profile.htm","IsPortalPage":false,"level":1,"name":"Self","nodeKey":"self_header","ordinalPosition":"0","parentId":null,"RelyingPartyId":9,"RPKey":"ELIXHRUI","tooltip":null,"url":"#/dash/profile","activitiesCount":0,"IsEmulationEnabled":false},{"Id":7,"childNodes":[{"Id":321,"childNodes":[],"description":"Used to compare critical metrics of multiple employees.","iconPath":null,"integrationMode":3,"IsHidden":false,"helpUrl":"/Content/Talent/Succession/Run an Employee Comparison.htm","IsPortalPage":false,"level":2,"name":"Employee Comparison","nodeKey":"team_employeecompare","ordinalPosition":"2","parentId":7,"RelyingPartyId":5,"RPKey":"TM","tooltip":"Used to compare critical metrics of multiple employees.","url":"scripts/lightyearisapi.dll?employeecomparison&sdatatypcd=42500&sdatarsrcid=#{rsrcids}&employeepicker=portalgroupid%3dteam%26portalitemid%3demployeecompare","activitiesCount":0,"IsEmulationEnabled":false},{"Id":643,"childNodes":[{"Id":123,"childNodes":[],"description":"Used to assign a Performance or Succession project assessment to a user.","iconPath":null,"integrationMode":3,"IsHidden":false,"helpUrl":"/Content/Talent/Performance and Goals/Assign a Performance Project.htm","IsPortalPage":false,"level":3,"name":"Create Assessment","nodeKey":"performance_createassessment","ordinalPosition":"2","parentId":643,"RelyingPartyId":5,"RPKey":"TM","tooltip":"Used to assign a Performance or Succession project assessment to a user.","url":"scripts/lightyearisapi.dll?parsetemplate&template=pm/pm_review_selfassign.htm&employeepicker=portalgroupid%3dperformance%26portalitemid%3dcreateassessment","activitiesCount":0,"IsEmulationEnabled":false},{"Id":290,"childNodes":[],"description":"Used to batch print Performance assessment forms for multiple users.","iconPath":null,"integrationMode":3,"IsHidden":false,"helpUrl":"/Content/Talent/Performance and Goals/Batch Print Multiple Performance.htm","IsPortalPage":false,"level":3,"name":"Batch Print Wizard","nodeKey":"performance_performancebatchprint","ordinalPosition":"3","parentId":643,"RelyingPartyId":5,"RPKey":"TM","tooltip":"Used to batch print Performance assessment forms for multiple users.","url":"scripts/lightyearisapi.dll?pmbatchprint&sdataevntid=0&sdatatypcd=12516&sdataaction=new&pmbatchprint_sortcolumn=sdb_person_lastname&pmbatchprint_pagenum=1&pmbatchprint_pagesize=20&pmbatchprint_criterion=&employeepicker=portalgroupid%3dperformance%26portalitemid%3dperformancebatchprint","activitiesCount":0,"IsEmulationEnabled":false},{"Id":291,"childNodes":[],"description":"Used to access the Rating Distribution Management (RDM) Worksheet for your team (or for another manager, if you are a Performance administrator).","iconPath":null,"integrationMode":3,"IsHidden":false,"helpUrl":"/Content/Talent/Performance and Goals/Perform Rating Distribution.htm","IsPortalPage":false,"level":3,"name":"RDM Worksheet","nodeKey":"performance_rdmworksheet","ordinalPosition":"4","parentId":643,"RelyingPartyId":5,"RPKey":"TM","tooltip":"Used to access the Rating Distribution Management (RDM) Worksheet for your team (or for another manager, if you are a Performance administrator).","url":"scripts/lightyearisapi.dll?parsetemplate&template=pm/rdm/rdm_opentask_step1.htm&employeepicker=portalgroupid%3dperformance%26portalitemid%3drdmworksheet","activitiesCount":0,"IsEmulationEnabled":false},{"Id":370,"childNodes":[],"description":"Used to manage and run Performance standard reports.","iconPath":null,"integrationMode":3,"IsHidden":false,"helpUrl":null,"IsPortalPage":false,"level":3,"name":"Reports","nodeKey":"performance_performancereports","ordinalPosition":"5","parentId":643,"RelyingPartyId":5,"RPKey":"TM","tooltip":"Used to manage and run Performance standard reports.","url":"scripts/lightyearisapi.dll?invoke&suiaction.value=sreportlst.open&sreportlst.criterion=rprtmodtype=performance%26qry_reportdefinition_rprtprctypcd_eq=7&rprttype=7&tablvl1id=tabFilter3&employeepicker=portalgroupid%3dperformance%26portalitemid%3dperformancereports","activitiesCount":0,"IsEmulationEnabled":false},{"Id":-2198,"childNodes":[],"description":"To Manage Performance Snapshots and their assignment","iconPath":null,"integrationMode":3,"IsHidden":false,"helpUrl":null,"IsPortalPage":false,"level":3,"name":"Manage Performance Snapshots","nodeKey":"manager_hrlyassessment","ordinalPosition":"6","parentId":643,"RelyingPartyId":9,"RPKey":"ELIXHRUI","tooltip":"To Manage Performance Snapshots and their assignment","url":"#/administration/applications/common/hourlyassessmentwidget","activitiesCount":0,"IsEmulationEnabled":false}],"description":null,"iconPath":null,"integrationMode":3,"IsHidden":false,"helpUrl":null,"IsPortalPage":false,"level":2,"name":"Performance","nodeKey":"team_performance","ordinalPosition":"4","parentId":7,"RelyingPartyId":9,"RPKey":"ELIXHRUI","tooltip":null,"url":null,"activitiesCount":0,"IsEmulationEnabled":false},{"Id":600,"childNodes":[{"Id":757,"childNodes":[],"description":"View, edit, or approve/reject Development Plans for your direct reports.","iconPath":null,"integrationMode":3,"IsHidden":false,"helpUrl":"/Content/Core Platform/Core Platform Guide/As a Manager.htm","IsPortalPage":false,"level":3,"name":"My Team Development Plans","nodeKey":"team_developmentplans","ordinalPosition":"0","parentId":600,"RelyingPartyId":9,"RPKey":"ELIXHRUI","tooltip":"View, edit, or approve/reject Development Plans for your direct reports.","url":"#/devplan/team","activitiesCount":0,"IsEmulationEnabled":false},{"Id":244,"childNodes":[],"description":"Used to assign an ad-hoc 360 Feedback assessment to a user.","iconPath":null,"integrationMode":3,"IsHidden":false,"helpUrl":"/Content/Talent/360 Feedback/Assign a 360 Feedback Assessment.htm","IsPortalPage":false,"level":3,"name":"Assign Task","nodeKey":"development_assign360task","ordinalPosition":"8","parentId":600,"RelyingPartyId":5,"RPKey":"TM","tooltip":"Used to assign an ad-hoc 360 Feedback assessment to a user.","url":"scripts/lightyearisapi.dll?invoke&suiaction.value=sassign360dlg.open&employeepicker=portalgroupid%3ddevelopment%26portalitemid%3dassign360task","activitiesCount":0,"IsEmulationEnabled":false},{"Id":367,"childNodes":[],"description":"This is a legacy Talent link and should remain hidden.","iconPath":null,"integrationMode":3,"IsHidden":false,"helpUrl":null,"IsPortalPage":false,"level":3,"name":"Reports","nodeKey":"development_developmentreports","ordinalPosition":"10","parentId":600,"RelyingPartyId":5,"RPKey":"TM","tooltip":"This is a legacy Talent link and should remain hidden.","url":"scripts/lightyearisapi.dll?invoke&suiaction.value=sreportlst.open&sreportlst.criterion=rprtmodtype=development%26qry_reportdefinition_rprtprctypcd_eq=7&rprttype=7&tablvl1id=tabFilter3&employeepicker=portalgroupid%3ddevelopment%26portalitemid%3ddevelopmentreports","activitiesCount":0,"IsEmulationEnabled":false}],"description":"This is a legacy Learn link and should remain hidden.","iconPath":null,"integrationMode":3,"IsHidden":false,"helpUrl":null,"IsPortalPage":false,"level":2,"name":"Development","nodeKey":"team_development","ordinalPosition":"5","parentId":7,"RelyingPartyId":9,"RPKey":"ELIXHRUI","tooltip":"This is a legacy Learn link and should remain hidden.","url":null,"activitiesCount":0,"IsEmulationEnabled":false},{"Id":663,"childNodes":[{"Id":240,"childNodes":[],"description":"Used to access the Budget Worksheet for your team (or another manager, if you are a Compensation administrator).","iconPath":null,"integrationMode":3,"IsHidden":false,"helpUrl":"/Content/Talent/Compensation/Open a User s Budget Worksheet.htm","IsPortalPage":false,"level":3,"name":"My Budget Worksheet","nodeKey":"compensation_budgetworksheet","ordinalPosition":"1","parentId":663,"RelyingPartyId":5,"RPKey":"TM","tooltip":"Used to access the Budget Worksheet for your team (or another manager, if you are a Compensation administrator).","url":"scripts/lightyearisapi.dll?parsetemplate&template=cm/budget/cm_budgetworksheet_step1.htm&employeepicker=portalgroupid%3dcompensation%26portalitemid%3dbudgetworksheet","activitiesCount":0,"IsEmulationEnabled":false},{"Id":241,"childNodes":[],"description":"Used to access the Compensation Worksheet for your team (or another manager, if you are a Compensation administrator).","iconPath":null,"integrationMode":3,"IsHidden":false,"helpUrl":"/Content/Talent/Compensation/Open a User s Compensation.htm","IsPortalPage":false,"level":3,"name":"My Worksheet","nodeKey":"compensation_compensationworksheet","ordinalPosition":"2","parentId":663,"RelyingPartyId":5,"RPKey":"TM","tooltip":"Used to access the Compensation Worksheet for your team (or another manager, if you are a Compensation administrator).","url":"scripts/lightyearisapi.dll?parsetemplate&template=cm/cm_excelworksheetnew_step1.htm&employeepicker=portalgroupid%3dcompensation%26portalitemid%3dcompensationworksheet","activitiesCount":0,"IsEmulationEnabled":false},{"Id":366,"childNodes":[],"description":"This is a legacy Talent link and should remain hidden.","iconPath":null,"integrationMode":3,"IsHidden":false,"helpUrl":null,"IsPortalPage":false,"level":3,"name":"Reports","nodeKey":"compensation_compensationreports","ordinalPosition":"3","parentId":663,"RelyingPartyId":5,"RPKey":"TM","tooltip":"This is a legacy Talent link and should remain hidden.","url":"scripts/lightyearisapi.dll?invoke&suiaction.value=sreportlst.open&sreportlst.criterion=rprtmodtype=compensation%26qry_reportdefinition_rprtprctypcd_eq=7&tablvl1id=tabFilter3&employeepicker=portalgroupid%3dcompensation%26portalitemid%3dcompensationreports","activitiesCount":0,"IsEmulationEnabled":false}],"description":null,"iconPath":null,"integrationMode":3,"IsHidden":false,"helpUrl":null,"IsPortalPage":false,"level":2,"name":"Compensation","nodeKey":"team_compensation","ordinalPosition":"6","parentId":7,"RelyingPartyId":9,"RPKey":"ELIXHRUI","tooltip":null,"url":null,"activitiesCount":0,"IsEmulationEnabled":false},{"Id":624,"childNodes":[{"Id":895,"childNodes":[],"description":"Used to display requisitions related to self.","iconPath":null,"integrationMode":3,"IsHidden":false,"helpUrl":"Content/Talent/Recruiting/Manage a Requisition.htm","IsPortalPage":false,"level":3,"name":"My Requisitions","nodeKey":"Manage_Requisition","ordinalPosition":"0","parentId":624,"RelyingPartyId":9,"RPKey":"ELIXHRUI","tooltip":"Used to display requisitions related to self.","url":"#/requisition/list","activitiesCount":0,"IsEmulationEnabled":false},{"Id":-2114,"childNodes":[],"description":"Assessments Management","iconPath":null,"integrationMode":3,"IsHidden":false,"helpUrl":"Content/Manage Your Assessments.htm","IsPortalPage":false,"level":3,"name":"Assessments","nodeKey":"Recruiting_Assessments","ordinalPosition":"5","parentId":624,"RelyingPartyId":9,"RPKey":"ELIXHRUI","tooltip":"Assessments Management","url":"#/onboarding/recruitingAssessmentList","activitiesCount":0,"IsEmulationEnabled":false},{"Id":-2115,"childNodes":[],"description":"Candidate Explorer","iconPath":null,"integrationMode":3,"IsHidden":false,"helpUrl":"Content/Core Platform/Recruiting and Onboarding/Candidate Explorer.htm","IsPortalPage":false,"level":3,"name":"Candidate Explorer ","nodeKey":"requisition_candidate_explorer","ordinalPosition":"6","parentId":624,"RelyingPartyId":9,"RPKey":"ELIXHRUI","tooltip":"Candidate Explorer","url":"#/recruiting/candidateExplorer","activitiesCount":0,"IsEmulationEnabled":false},{"Id":-2148,"childNodes":[],"description":"Process New Hires","iconPath":null,"integrationMode":3,"IsHidden":false,"helpUrl":"/Content/Core Platform/Recruiting and Onboarding/Process New Hires.htm","IsPortalPage":false,"level":3,"name":"Process New Hires","nodeKey":"RECRUITING_PROCESS_HIRES","ordinalPosition":"7","parentId":624,"RelyingPartyId":9,"RPKey":"ELIXHRUI","tooltip":"Process New Hires","url":"#/recruiting/NewHires","activitiesCount":0,"IsEmulationEnabled":false}],"description":"Used to administer Hiring components, such as work locations, posting sites, and notification templates.","iconPath":null,"integrationMode":3,"IsHidden":false,"helpUrl":null,"IsPortalPage":false,"level":2,"name":"Recruiting","nodeKey":"team_hiring_hiring","ordinalPosition":"7","parentId":7,"RelyingPartyId":9,"RPKey":"ELIXHRUI","tooltip":"Used to administer Hiring components, such as work locations, posting sites, and notification templates.","url":null,"activitiesCount":0,"IsEmulationEnabled":false},{"Id":645,"childNodes":[{"Id":315,"childNodes":[],"description":"Used to manage public and private Talent Pools.","iconPath":null,"integrationMode":3,"IsHidden":false,"helpUrl":"/Content/Talent/Succession/Manage Succession Talent Pools.htm","IsPortalPage":false,"level":3,"name":"Talent Explorer","nodeKey":"succession_talentexplorer","ordinalPosition":"1","parentId":645,"RelyingPartyId":5,"RPKey":"TM","tooltip":"Used to manage public and private Talent Pools.","url":"scripts/lightyearisapi.dll?sptalentpoolext&sdataaction=run&sdataactid=myteampool&sdatatypcd=14018&sdatashowhiddenflg=1&sptalentpoolext_sortcolumn=sdb_person_lastname&sptalentpoolext_sortorder=ASC&employeepicker=portalgroupid%3dsuccession%26portalitemid%3dtalentexplorer","activitiesCount":0,"IsEmulationEnabled":false},{"Id":307,"childNodes":[],"description":"Used to manage reusable pools of successors and nominees.","iconPath":null,"integrationMode":3,"IsHidden":false,"helpUrl":"/Content/Talent/Succession/Manage Successor Pools.htm","IsPortalPage":false,"level":3,"name":"Manage Successor Pools","nodeKey":"succession_successorpool","ordinalPosition":"2","parentId":645,"RelyingPartyId":5,"RPKey":"TM","tooltip":"Used to manage reusable pools of successors and nominees.","url":"scripts/lightyearisapi.dll?sppositionlist&sdataaction=view&sdatatypcd=14064&sppositionlist_sortcolumn=sdb_successorpoolsview_actnm&employeepicker=portalgroupid%3dsuccession%26portalitemid%3dsuccessorpool","activitiesCount":0,"IsEmulationEnabled":false},{"Id":312,"childNodes":[],"description":"Used to create a new position.","iconPath":null,"integrationMode":3,"IsHidden":false,"helpUrl":"/Content/Talent/Succession/Create or Edit a Position.htm","IsPortalPage":false,"level":3,"name":"New Position","nodeKey":"succession_positionwizard","ordinalPosition":"3","parentId":645,"RelyingPartyId":5,"RPKey":"TM","tooltip":"Used to create a new position.","url":"scripts/lightyearisapi.dll?processtask&sdatanavid=auto&sdatanavroot=1&sdatanavnm=New Position&sdatatypcd=14050&sdataevntid=0&sdataaction=create&employeepicker=portalgroupid%3dsuccession%26portalitemid%3dpositionwizard","activitiesCount":0,"IsEmulationEnabled":false},{"Id":314,"childNodes":[],"description":"Search for, and view or edit, a position.","iconPath":null,"integrationMode":3,"IsHidden":false,"helpUrl":"/Content/Talent/Succession/Manage Positions.htm","IsPortalPage":false,"level":3,"name":"Search Positions","nodeKey":"succession_positionsearch","ordinalPosition":"4","parentId":645,"RelyingPartyId":5,"RPKey":"TM","tooltip":"Search for, and view or edit, a position.","url":"scripts/lightyearisapi.dll?sppositionlist&sdatatypcd=14049&sdataaction=opensearch&datasrc=sppositionlist&sdatanavroot=1&sdatanavid=positionsearch&sdatanavnmcd=14202&employeepicker=portalgroupid%3dsuccession%26portalitemid%3dpositionsearch","activitiesCount":0,"IsEmulationEnabled":false},{"Id":374,"childNodes":[],"description":"Used to manage and run Succession standard reports.","iconPath":null,"integrationMode":3,"IsHidden":false,"helpUrl":null,"IsPortalPage":false,"level":3,"name":"Reports","nodeKey":"succession_successionreports","ordinalPosition":"5","parentId":645,"RelyingPartyId":5,"RPKey":"TM","tooltip":"Used to manage and run Succession standard reports.","url":"scripts/lightyearisapi.dll?invoke&suiaction.value=sreportlst.open&sreportlst.criterion=rprtmodtype=succession%26qry_reportdefinition_rprtprctypcd_eq=7&rprttype=7&tablvl1id=tabFilter3&employeepicker=portalgroupid%3dsuccession%26portalitemid%3dsuccessionreports","activitiesCount":0,"IsEmulationEnabled":false}],"description":null,"iconPath":null,"integrationMode":3,"IsHidden":false,"helpUrl":null,"IsPortalPage":false,"level":2,"name":"Succession","nodeKey":"team_succession","ordinalPosition":"9","parentId":7,"RelyingPartyId":9,"RPKey":"ELIXHRUI","tooltip":null,"url":null,"activitiesCount":0,"IsEmulationEnabled":false},{"Id":644,"childNodes":[{"Id":344,"childNodes":[],"description":"Used to manage and run Talent standard reports.","iconPath":null,"integrationMode":3,"IsHidden":false,"helpUrl":null,"IsPortalPage":false,"level":3,"name":"Talent Reports","nodeKey":"reports_generalreports","ordinalPosition":"6","parentId":644,"RelyingPartyId":5,"RPKey":"TM","tooltip":"Used to manage and run Talent standard reports.","url":"scripts/lightyearisapi.dll?parsetemplate&template=reports/sreporttreenav.htm&sidebargroupid=reports&sidebaritemid=generalreports&employeepicker=portalgroupid%3dreports%26portalitemid%3dgeneralreports","activitiesCount":0,"IsEmulationEnabled":false}],"description":null,"iconPath":null,"integrationMode":3,"IsHidden":false,"helpUrl":null,"IsPortalPage":false,"level":2,"name":"Reporting","nodeKey":"team_reporting","ordinalPosition":"10","parentId":7,"RelyingPartyId":9,"RPKey":"ELIXHRUI","tooltip":null,"url":null,"activitiesCount":0,"IsEmulationEnabled":false}],"description":null,"iconPath":"fa-users","integrationMode":3,"IsHidden":false,"helpUrl":"/Content/Core Platform/Core Platform Guide/View My Team.htm","IsPortalPage":false,"level":1,"name":"My Team","nodeKey":"team_header","ordinalPosition":"1","parentId":null,"RelyingPartyId":9,"RPKey":"ELIXHRUI","tooltip":null,"url":"#/organization","activitiesCount":0,"IsEmulationEnabled":false},{"Id":1,"childNodes":[{"Id":628,"childNodes":[{"Id":622,"childNodes":[{"Id":676,"childNodes":[],"description":"Used to view and access users to whom the accessing user has rights. Required to create new users.","iconPath":null,"integrationMode":3,"IsHidden":false,"helpUrl":"/Content/Core Platform/Core Platform Guide/Manage Users.htm","IsPortalPage":false,"level":4,"name":"All Users","nodeKey":"common_list_users","ordinalPosition":"0","parentId":622,"RelyingPartyId":9,"RPKey":"ELIXHRUI","tooltip":"Used to view and access users to whom the accessing user has rights. Required to create new users.","url":"#/administration/users/allusers","activitiesCount":0,"IsEmulationEnabled":false},{"Id":684,"childNodes":[],"description":"Used to merge training records of multiple user accounts, such as for a contractor who has been hired on as a full-time employee. Can also be used to deactivate the source employee.","iconPath":null,"integrationMode":3,"IsHidden":false,"helpUrl":"/Content/Core Platform/Core Platform Guide/Merge Users.htm","IsPortalPage":false,"level":4,"name":"Merge User Accounts","nodeKey":"Administrator_MenuMergeUsers","ordinalPosition":"1","parentId":622,"RelyingPartyId":9,"RPKey":"ELIXHRUI","tooltip":"Used to merge training records of multiple user accounts, such as for a contractor who has been hired on as a full-time employee. Can also be used to deactivate the source employee.","url":"#/administration/users/mergeaccounts","activitiesCount":0,"IsEmulationEnabled":false},{"Id":677,"childNodes":[],"description":"Used to change the direct manager of a user.","iconPath":null,"integrationMode":3,"IsHidden":false,"helpUrl":"/Content/Core Platform/Core Platform Guide/Assign or Change a Single.htm","IsPortalPage":false,"level":4,"name":"Change Manager","nodeKey":"common_change_manager","ordinalPosition":"2","parentId":622,"RelyingPartyId":9,"RPKey":"ELIXHRUI","tooltip":"Used to change the direct manager of a user.","url":"#/administration/users/changemanager","activitiesCount":0,"IsEmulationEnabled":false},{"Id":686,"childNodes":[],"description":"Used to reassign multiple reports from one manager to another.","iconPath":null,"integrationMode":3,"IsHidden":false,"helpUrl":"/Content/Core Platform/Core Platform Guide/Change the Manager of a Group.htm","IsPortalPage":false,"level":4,"name":"Reassign Manager","nodeKey":"common_reassign_manager","ordinalPosition":"3","parentId":622,"RelyingPartyId":9,"RPKey":"ELIXHRUI","tooltip":"Used to reassign multiple reports from one manager to another.","url":"#/administration/users/reassignmanager","activitiesCount":0,"IsEmulationEnabled":false},{"Id":685,"childNodes":[],"description":"Used to approve and reject self-account creation requests.","iconPath":null,"integrationMode":3,"IsHidden":false,"helpUrl":"/Content/Core Platform/Core Platform Guide/Working with Approvals and.htm","IsPortalPage":false,"level":4,"name":"Pending Approval","nodeKey":"common_pending_approvals","ordinalPosition":"4","parentId":622,"RelyingPartyId":9,"RPKey":"ELIXHRUI","tooltip":"Used to approve and reject self-account creation requests.","url":"#/administration/users/pendingapproval","activitiesCount":0,"IsEmulationEnabled":false},{"Id":900,"childNodes":[],"description":"Used to confirm or reject self-account creation requests that are pending confirmation","iconPath":null,"integrationMode":3,"IsHidden":false,"helpUrl":"/Content/Core Platform/Core Platform Guide/Working with Approvals and.htm","IsPortalPage":false,"level":4,"name":"Pending Confirmation","nodeKey":"common_pending_confirmation","ordinalPosition":"5","parentId":622,"RelyingPartyId":9,"RPKey":"ELIXHRUI","tooltip":"Used to confirm or reject self-account creation requests that are pending confirmation","url":"#/administration/users/pendingconfirmation","activitiesCount":0,"IsEmulationEnabled":false},{"Id":674,"childNodes":[],"description":"Used to reactivate deactivated user accounts.","iconPath":null,"integrationMode":3,"IsHidden":false,"helpUrl":"/Content/Core Platform/Core Platform Guide/Restore an Inactive User.htm","IsPortalPage":false,"level":4,"name":"Activate Account","nodeKey":"common_activate_account","ordinalPosition":"6","parentId":622,"RelyingPartyId":9,"RPKey":"ELIXHRUI","tooltip":"Used to reactivate deactivated user accounts.","url":"#/administration/users/activateaccount","activitiesCount":0,"IsEmulationEnabled":false},{"Id":678,"childNodes":[],"description":"Used to deactivate user accounts.","iconPath":null,"integrationMode":3,"IsHidden":false,"helpUrl":"/Content/Core Platform/Core Platform Guide/Deactivate a User.htm","IsPortalPage":false,"level":4,"name":"Deactivate Account","nodeKey":"common_deactivate_account","ordinalPosition":"7","parentId":622,"RelyingPartyId":9,"RPKey":"ELIXHRUI","tooltip":"Used to deactivate user accounts.","url":"#/administration/users/deactivateaccount","activitiesCount":0,"IsEmulationEnabled":false},{"Id":687,"childNodes":[],"description":"Used to delete user accounts.","iconPath":null,"integrationMode":3,"IsHidden":false,"helpUrl":"/Content/Core Platform/Core Platform Guide/Remove or Delete a User.htm","IsPortalPage":false,"level":4,"name":"Remove Account","nodeKey":"common_remove_account","ordinalPosition":"8","parentId":622,"RelyingPartyId":9,"RPKey":"ELIXHRUI","tooltip":"Used to delete user accounts.","url":"#/administration/users/removeaccount","activitiesCount":0,"IsEmulationEnabled":false},{"Id":683,"childNodes":[],"description":"Used to enable the login ability of users.","iconPath":null,"integrationMode":3,"IsHidden":false,"helpUrl":"/Content/Core Platform/Core Platform Guide/Enable Users Login Ability.htm","IsPortalPage":false,"level":4,"name":"Enable Login","nodeKey":"common_enable_login","ordinalPosition":"9","parentId":622,"RelyingPartyId":9,"RPKey":"ELIXHRUI","tooltip":"Used to enable the login ability of users.","url":"#/administration/users/enablelogin","activitiesCount":0,"IsEmulationEnabled":false},{"Id":679,"childNodes":[],"description":"Used to disable the login ability of users.","iconPath":null,"integrationMode":3,"IsHidden":false,"helpUrl":"/Content/Core Platform/Core Platform Guide/Disable Users Login Ability.htm","IsPortalPage":false,"level":4,"name":"Disable Login","nodeKey":"common_disable_login","ordinalPosition":"10","parentId":622,"RelyingPartyId":9,"RPKey":"ELIXHRUI","tooltip":"Used to disable the login ability of users.","url":"#/administration/users/disablelogin","activitiesCount":0,"IsEmulationEnabled":false},{"Id":688,"childNodes":[],"description":"Used to reset or change user passwords.","iconPath":null,"integrationMode":3,"IsHidden":false,"helpUrl":"/Content/Core Platform/Core Platform Guide/Reset or Change a User s Password.htm","IsPortalPage":false,"level":4,"name":"Reset Password","nodeKey":"common_reset_password","ordinalPosition":"11","parentId":622,"RelyingPartyId":9,"RPKey":"ELIXHRUI","tooltip":"Used to reset or change user passwords.","url":"#/administration/users/resetpassword","activitiesCount":0,"IsEmulationEnabled":false},{"Id":690,"childNodes":[],"description":"Used to unlock the accounts of users who have had their account locked due to multiple failed login attempts.","iconPath":null,"integrationMode":3,"IsHidden":false,"helpUrl":"/Content/Core Platform/Core Platform Guide/Unlock a Locked User Account.htm","IsPortalPage":false,"level":4,"name":"Unlock Accounts","nodeKey":"common_unlock_accounts","ordinalPosition":"12","parentId":622,"RelyingPartyId":9,"RPKey":"ELIXHRUI","tooltip":"Used to unlock the accounts of users who have had their account locked due to multiple failed login attempts.","url":"#/administration/users/unlockaccount","activitiesCount":0,"IsEmulationEnabled":false},{"Id":67,"childNodes":[],"description":"This is for administrators to manage proxy relationship of the users in the current domain.","iconPath":null,"integrationMode":3,"IsHidden":false,"helpUrl":"/Content/Core Platform/Core Platform Guide/Manage Proxies.htm","IsPortalPage":false,"level":4,"name":"Manage Proxies","nodeKey":"Administrator_MenuProxy","ordinalPosition":"13","parentId":622,"RelyingPartyId":2,"RPKey":"LM","tooltip":"This is for administrators to manage proxy relationship of the users in the current domain.","url":"app/administration/user/proxy/ADM_ListProxies.aspx","activitiesCount":0,"IsEmulationEnabled":false},{"Id":-2153,"childNodes":[],"description":"Deletes user from the system","iconPath":null,"integrationMode":3,"IsHidden":false,"helpUrl":"/Content/Core Platform/Core Platform Guide/Delete All Data for a User.htm","IsPortalPage":false,"level":4,"name":"Delete User","nodeKey":"common_HardDeleteData","ordinalPosition":"14","parentId":622,"RelyingPartyId":9,"RPKey":"ELIXHRUI","tooltip":"Deletes user from the system","url":"#/administration/users/deleteuser","activitiesCount":0,"IsEmulationEnabled":false}],"description":null,"iconPath":null,"integrationMode":3,"IsHidden":false,"helpUrl":null,"IsPortalPage":false,"level":3,"name":"Users","nodeKey":"common_users","ordinalPosition":"0","parentId":628,"RelyingPartyId":9,"RPKey":"ELIXHRUI","tooltip":null,"url":null,"activitiesCount":0,"IsEmulationEnabled":false},{"Id":623,"childNodes":[{"Id":662,"childNodes":[],"description":"Manage common notifications for password resets and new user accounts.","iconPath":null,"integrationMode":3,"IsHidden":false,"helpUrl":"/Content/Learn/WebHelp/Administrator Help/Working with Notifications.htm","IsPortalPage":false,"level":4,"name":"Notifications","nodeKey":"common_notifications","ordinalPosition":"0","parentId":623,"RelyingPartyId":9,"RPKey":"ELIXHRUI","tooltip":"Manage common notifications for password resets and new user accounts.","url":"#/administration/task/notifications?pageId=662","activitiesCount":0,"IsEmulationEnabled":false},{"Id":758,"childNodes":[],"description":"Assign development plan activities to users.","iconPath":null,"integrationMode":3,"IsHidden":false,"helpUrl":"/Content/Core Platform/Core Platform Guide/As an Administrator_1.htm","IsPortalPage":false,"level":4,"name":"Manage Development Plans","nodeKey":"common_task_developmentplan","ordinalPosition":"1","parentId":623,"RelyingPartyId":9,"RPKey":"ELIXHRUI","tooltip":"Assign development plan activities to users.","url":"#/administration/admindevplan","activitiesCount":0,"IsEmulationEnabled":false},{"Id":1093,"childNodes":[],"description":"Development Plan Notification Templates","iconPath":null,"integrationMode":3,"IsHidden":false,"helpUrl":"/Content/Manage Development Plan Notifications.htm","IsPortalPage":false,"level":4,"name":"Development Plan Notification Templates","nodeKey":"UDP_Notifications","ordinalPosition":"2","parentId":623,"RelyingPartyId":9,"RPKey":"ELIXHRUI","tooltip":"Development Plan Notification Templates","url":"#/administration/task/notificationTemplates","activitiesCount":0,"IsEmulationEnabled":false}],"description":null,"iconPath":null,"integrationMode":3,"IsHidden":false,"helpUrl":null,"IsPortalPage":false,"level":3,"name":"Tasks","nodeKey":"common_tasks","ordinalPosition":"1","parentId":628,"RelyingPartyId":9,"RPKey":"ELIXHRUI","tooltip":null,"url":null,"activitiesCount":0,"IsEmulationEnabled":false},{"Id":661,"childNodes":[{"Id":337,"childNodes":[],"description":"Used to manage the groups of users who receive certain groups of permissions.","iconPath":null,"integrationMode":3,"IsHidden":false,"helpUrl":"/Content/Core Platform/Core Platform Guide/Manage Security Groups.htm","IsPortalPage":false,"level":4,"name":"Security Groups","nodeKey":"Manage_Security_Groups","ordinalPosition":"0","parentId":661,"RelyingPartyId":9,"RPKey":"ELIXHRUI","tooltip":"Used to manage the groups of users who receive certain groups of permissions.","url":"#/security","activitiesCount":0,"IsEmulationEnabled":false},{"Id":338,"childNodes":[],"description":"Manage permissions available to security groups.","iconPath":null,"integrationMode":3,"IsHidden":false,"helpUrl":"/Content/Core Platform/Core Platform Guide/Manage Permission Levels.htm","IsPortalPage":false,"level":4,"name":"Permission Levels","nodeKey":"Manage_Privileges","ordinalPosition":"1","parentId":661,"RelyingPartyId":9,"RPKey":"ELIXHRUI","tooltip":"Manage permissions available to security groups.","url":"#/permissionlevel","activitiesCount":0,"IsEmulationEnabled":false},{"Id":339,"childNodes":[],"description":"Used to manage password policies, used to define the rules and restrictions on user passwords.","iconPath":null,"integrationMode":3,"IsHidden":false,"helpUrl":"/Content/Core Platform/Core Platform Guide/Manage Password Policies.htm","IsPortalPage":false,"level":4,"name":"Password Policies","nodeKey":"Manage_Password_Policies","ordinalPosition":"2","parentId":661,"RelyingPartyId":9,"RPKey":"ELIXHRUI","tooltip":"Used to manage password policies, used to define the rules and restrictions on user passwords.","url":"#/password","activitiesCount":0,"IsEmulationEnabled":false},{"Id":-2151,"childNodes":[],"description":"Used to configure attestation","iconPath":null,"integrationMode":3,"IsHidden":false,"helpUrl":"/Content/Core Platform/Core Platform Guide/Configure Attestation.htm","IsPortalPage":false,"level":4,"name":"Attestation Configuration","nodeKey":"Attestation_Configuration","ordinalPosition":"3","parentId":661,"RelyingPartyId":9,"RPKey":"ELIXHRUI","tooltip":"Used to configure attestation","url":"#/attestation","activitiesCount":0,"IsEmulationEnabled":false},{"Id":753,"childNodes":[],"description":"Used to manage relationship definitions, used to specify read and write access to user management forms and fields.","iconPath":null,"integrationMode":3,"IsHidden":false,"helpUrl":"/Content/Core Platform/Core Platform Guide/Manage Relationship Security.htm","IsPortalPage":false,"level":4,"name":"Relationship Management","nodeKey":"common_security_relationships","ordinalPosition":"4","parentId":661,"RelyingPartyId":9,"RPKey":"ELIXHRUI","tooltip":"Used to manage relationship definitions, used to specify read and write access to user management forms and fields.","url":"#/administration/securityRelationship/dashboard","activitiesCount":0,"IsEmulationEnabled":false},{"Id":696,"childNodes":[],"description":"Used to view login attempt history for the site.","iconPath":null,"integrationMode":3,"IsHidden":false,"helpUrl":"/Content/Core Platform/Core Platform Guide/View Logon Events.htm","IsPortalPage":false,"level":4,"name":"Logon Events","nodeKey":"Manage_Logon_Events","ordinalPosition":"5","parentId":661,"RelyingPartyId":9,"RPKey":"ELIXHRUI","tooltip":"Used to view login attempt history for the site.","url":"#/logonevents","activitiesCount":0,"IsEmulationEnabled":false}],"description":null,"iconPath":null,"integrationMode":3,"IsHidden":false,"helpUrl":null,"IsPortalPage":false,"level":3,"name":"Security","nodeKey":"common_security","ordinalPosition":"2","parentId":628,"RelyingPartyId":9,"RPKey":"ELIXHRUI","tooltip":null,"url":null,"activitiesCount":0,"IsEmulationEnabled":false},{"Id":594,"childNodes":[{"Id":14,"childNodes":[],"description":"Used to manage templates and jobs for importing common objects.","iconPath":null,"integrationMode":3,"IsHidden":false,"helpUrl":null,"IsPortalPage":false,"level":4,"name":"Data Import","nodeKey":"Administrator_MenuDataImports","ordinalPosition":"0","parentId":594,"RelyingPartyId":9,"RPKey":"ELIXHRUI","tooltip":"Used to manage templates and jobs for importing common objects.","url":"#/administration/data/dataimport?pageId=14","activitiesCount":0,"IsEmulationEnabled":false},{"Id":306,"childNodes":[],"description":"Used to manage goal (assessment) periods.","iconPath":null,"integrationMode":3,"IsHidden":false,"helpUrl":"/Content/Core Platform/Core Platform Guide/Manage Goal Periods.htm","IsPortalPage":false,"level":4,"name":"Goal Periods","nodeKey":"performance_goalperiods","ordinalPosition":"1","parentId":594,"RelyingPartyId":9,"RPKey":"ELIXHRUI","tooltip":"Used to manage goal (assessment) periods.","url":"#/administration/manageperiod","activitiesCount":0,"IsEmulationEnabled":false},{"Id":754,"childNodes":[],"description":"Used to manage codes and code categories.","iconPath":null,"integrationMode":3,"IsHidden":false,"helpUrl":"/Content/Core Platform/Core Platform Guide/Manage Codes System Drop Down.htm","IsPortalPage":false,"level":4,"name":"Code Management","nodeKey":"common_data_codemanagement","ordinalPosition":"2","parentId":594,"RelyingPartyId":9,"RPKey":"ELIXHRUI","tooltip":"Used to manage codes and code categories.","url":"#/administration/codeManagement","activitiesCount":0,"IsEmulationEnabled":false},{"Id":-2180,"childNodes":[],"description":"Used to manage social communities","iconPath":null,"integrationMode":3,"IsHidden":false,"helpUrl":"/Content/Core Platform/Core Platform Guide/Create and Manage Ad Hoc Community.htm","IsPortalPage":false,"level":4,"name":"Community Management","nodeKey":"SOCIAL_MANAGE_COMMUNITIES","ordinalPosition":"3","parentId":594,"RelyingPartyId":9,"RPKey":"ELIXHRUI","tooltip":"Used to manage social communities","url":"#/communityManagement","activitiesCount":0,"IsEmulationEnabled":false},{"Id":10,"childNodes":[],"description":"This is a legacy Learn link and should remain hidden.","iconPath":null,"integrationMode":3,"IsHidden":false,"helpUrl":null,"IsPortalPage":false,"level":4,"name":"Organization Hierarchy","nodeKey":"Administrator_MenuOrgHierarchy","ordinalPosition":"4","parentId":594,"RelyingPartyId":2,"RPKey":"LM","tooltip":"This is a legacy Learn link and should remain hidden.","url":"app/administration/Security/SupplementalData/ADM_ListData.aspx?DataMode=HierType&UserMode=2","activitiesCount":0,"IsEmulationEnabled":false},{"Id":340,"childNodes":[],"description":"Used to manage jobs.","iconPath":null,"integrationMode":3,"IsHidden":false,"helpUrl":"/Content/Core Platform/Core Platform Guide/Manage Jobs.htm","IsPortalPage":false,"level":4,"name":"Jobs","nodeKey":"common_jobs","ordinalPosition":"5","parentId":594,"RelyingPartyId":9,"RPKey":"ELIXHRUI","tooltip":"Used to manage jobs.","url":"#/administration/jobtemplate/jobtemplatemanager","activitiesCount":0,"IsEmulationEnabled":false},{"Id":341,"childNodes":[],"description":"Used to manage organization hierarchies, organizations, and domains.","iconPath":null,"integrationMode":3,"IsHidden":false,"helpUrl":"/Content/Core Platform/Core Platform Guide/Manage Hierarchies Organizations.htm","IsPortalPage":false,"level":4,"name":"Organizations","nodeKey":"common_organizations","ordinalPosition":"6","parentId":594,"RelyingPartyId":9,"RPKey":"ELIXHRUI","tooltip":"Used to manage organization hierarchies, organizations, and domains.","url":"#/administration/organization/dashboard","activitiesCount":0,"IsEmulationEnabled":false},{"Id":342,"childNodes":[],"description":"Used to manage competencies and behaviors.","iconPath":null,"integrationMode":3,"IsHidden":false,"helpUrl":"/Content/Core Platform/Core Platform Guide/Manage Competencies and Behaviors.htm","IsPortalPage":false,"level":4,"name":"Competencies","nodeKey":"common_competencies","ordinalPosition":"7","parentId":594,"RelyingPartyId":9,"RPKey":"ELIXHRUI","tooltip":"Used to manage competencies and behaviors.","url":"#/administration/competency/competencymanager","activitiesCount":0,"IsEmulationEnabled":false},{"Id":650,"childNodes":[],"description":"Used to manage Learn skills.","iconPath":null,"integrationMode":3,"IsHidden":false,"helpUrl":"/Content/Core Platform/Core Platform Guide/Manage SumTotal Learn Skills.htm","IsPortalPage":false,"level":4,"name":"Skill Manager","nodeKey":"skill_manager","ordinalPosition":"8","parentId":594,"RelyingPartyId":9,"RPKey":"ELIXHRUI","tooltip":"Used to manage Learn skills.","url":"#/administration/skill/skillmanager","activitiesCount":0,"IsEmulationEnabled":false},{"Id":693,"childNodes":[],"description":"Used to manage competency models.","iconPath":null,"integrationMode":3,"IsHidden":false,"helpUrl":"/Content/Core Platform/Core Platform Guide/Manage Competency Models.htm","IsPortalPage":false,"level":4,"name":"Competency Models","nodeKey":"admin_competencymodels","ordinalPosition":"9","parentId":594,"RelyingPartyId":9,"RPKey":"ELIXHRUI","tooltip":"Used to manage competency models.","url":"#/administration/competencymodel/competencymodelmanager","activitiesCount":0,"IsEmulationEnabled":false},{"Id":763,"childNodes":[],"description":"Used to upload and download files for storage, sharing, and display in widgets.","iconPath":null,"integrationMode":3,"IsHidden":false,"helpUrl":"/Content/Core Platform/Core Platform Guide/Manage Files.htm","IsPortalPage":false,"level":4,"name":"File Management","nodeKey":"File_Management","ordinalPosition":"10","parentId":594,"RelyingPartyId":9,"RPKey":"ELIXHRUI","tooltip":"Used to upload and download files for storage, sharing, and display in widgets.","url":"#/fileManagement","activitiesCount":0,"IsEmulationEnabled":false},{"Id":871,"childNodes":[],"description":null,"iconPath":null,"integrationMode":3,"IsHidden":false,"helpUrl":"/Content/Core Platform/Core Platform Guide/Configure Rating Scales.htm","IsPortalPage":false,"level":4,"name":"Manage Rating Scales","nodeKey":"common_data_ratingmanagement","ordinalPosition":"11","parentId":594,"RelyingPartyId":9,"RPKey":"ELIXHRUI","tooltip":null,"url":"#/administration/ratingmanagement?catcode=8000","activitiesCount":0,"IsEmulationEnabled":false},{"Id":1087,"childNodes":[],"description":"Translation Editor","iconPath":null,"integrationMode":3,"IsHidden":false,"helpUrl":"/Content/Core Platform/Core Platform Guide/Manage Core Platform Text and Translations.htm","IsPortalPage":false,"level":4,"name":"Translation Editor","nodeKey":"Translation_Editor","ordinalPosition":"12","parentId":594,"RelyingPartyId":9,"RPKey":"ELIXHRUI","tooltip":"Translation Editor","url":"#/administration/config/editTranslations","activitiesCount":0,"IsEmulationEnabled":false},{"Id":-1104,"childNodes":[],"description":"Used to manage skill categories","iconPath":null,"integrationMode":3,"IsHidden":false,"helpUrl":"/Content/Core Platform/elixHR Platform Guide/Manage Resume Skills.htm","IsPortalPage":false,"level":4,"name":"Resume Skills","nodeKey":"skill_categories","ordinalPosition":"13","parentId":594,"RelyingPartyId":9,"RPKey":"ELIXHRUI","tooltip":"Used to manage skill categories","url":"#/administration/skillcategories","activitiesCount":0,"IsEmulationEnabled":false},{"Id":-1127,"childNodes":[],"description":"Used to manage recruiting questions","iconPath":null,"integrationMode":3,"IsHidden":false,"helpUrl":"/Content/Core Platform/Core Platform Guide/Manage Core Platform Text and Translations.htm","IsPortalPage":false,"level":4,"name":"Questions Library","nodeKey":"common_questions","ordinalPosition":"14","parentId":594,"RelyingPartyId":9,"RPKey":"ELIXHRUI","tooltip":"Used to manage recruiting questions","url":"#/onboarding/questionlibrary","activitiesCount":0,"IsEmulationEnabled":false},{"Id":-2152,"childNodes":[],"description":"Used to manage Continuous Feedback questions","iconPath":null,"integrationMode":3,"IsHidden":false,"helpUrl":"/Content/Talent/Performance and Goals/Manage Additional Questions for Continuous Feedback.htm","IsPortalPage":false,"level":4,"name":"Continuous Feedback Question Library","nodeKey":"continuous_feedback_question_library_admin","ordinalPosition":"15","parentId":594,"RelyingPartyId":9,"RPKey":"ELIXHRUI","tooltip":"Used to manage Continuous Feedback questions","url":"#/administration/continuousfeedback/questionlibrary","activitiesCount":0,"IsEmulationEnabled":false}],"description":null,"iconPath":null,"integrationMode":3,"IsHidden":false,"helpUrl":null,"IsPortalPage":false,"level":3,"name":"Data","nodeKey":"common_data","ordinalPosition":"3","parentId":628,"RelyingPartyId":9,"RPKey":"ELIXHRUI","tooltip":null,"url":null,"activitiesCount":0,"IsEmulationEnabled":false},{"Id":886,"childNodes":[{"Id":675,"childNodes":[],"description":"Used to configure forms used to create and manage users and user attributes.","iconPath":null,"integrationMode":3,"IsHidden":false,"helpUrl":"/Content/Core Platform/Core Platform Guide/Advanced User Configuration.htm","IsPortalPage":false,"level":4,"name":"Advanced User Configuration","nodeKey":"common_configure_user","ordinalPosition":"0","parentId":886,"RelyingPartyId":9,"RPKey":"ELIXHRUI","tooltip":"Used to configure forms used to create and manage users and user attributes.","url":"#/administration/users/advanceduserconfig?entitytype=user","activitiesCount":0,"IsEmulationEnabled":false},{"Id":1090,"childNodes":[],"description":"Career Path Configuration","iconPath":null,"integrationMode":3,"IsHidden":false,"helpUrl":"/Content/Core Platform/Core Platform Guide/Configure Career Plan Settings.htm","IsPortalPage":false,"level":4,"name":"Career Path Configuration","nodeKey":"Career_Plan_Configuration","ordinalPosition":"1","parentId":886,"RelyingPartyId":9,"RPKey":"ELIXHRUI","tooltip":"Career Path Configuration","url":"#/administration/config/CareerPlanSettings","activitiesCount":0,"IsEmulationEnabled":false},{"Id":1089,"childNodes":[],"description":"Career Path Job Match Configuration","iconPath":null,"integrationMode":3,"IsHidden":false,"helpUrl":"/Content/Core Platform/Core Platform Guide/Configure Job Matching Calculation.htm","IsPortalPage":false,"level":4,"name":"Career Path Job Match Configuration","nodeKey":"CareerPlanning_Jobmatch_Configuration","ordinalPosition":"2","parentId":886,"RelyingPartyId":9,"RPKey":"ELIXHRUI","tooltip":"Career Path Job Match Configuration","url":"#/administration/config/ObjectCriteriaSettings?objectType=JobTemplateMatch","activitiesCount":0,"IsEmulationEnabled":false},{"Id":-2149,"childNodes":[],"description":"Continuous Feedback Templates Administration","iconPath":null,"integrationMode":3,"IsHidden":false,"helpUrl":"/Content/Talent/Performance and Goals/Manage Continuous Feedback Templates.htm","IsPortalPage":false,"level":4,"name":"Continuous Feedback Templates","nodeKey":"continuous_feedback_template_admin","ordinalPosition":"3","parentId":886,"RelyingPartyId":9,"RPKey":"ELIXHRUI","tooltip":"Continuous Feedback Templates Administration","url":"#/administration/continuousfeedback/templates","activitiesCount":0,"IsEmulationEnabled":false},{"Id":887,"childNodes":[],"description":"Development plan configuration link","iconPath":null,"integrationMode":3,"IsHidden":false,"helpUrl":"/Content/Core Platform/Core Platform Guide/Change Development Plan Settings.htm","IsPortalPage":false,"level":4,"name":"Development Plan Configuration","nodeKey":"common_udp_configuration","ordinalPosition":"4","parentId":886,"RelyingPartyId":9,"RPKey":"ELIXHRUI","tooltip":"Development plan configuration link","url":"#/administration/config/developmentplan","activitiesCount":0,"IsEmulationEnabled":false},{"Id":-1106,"childNodes":[],"description":"Employee Competency Configuration","iconPath":null,"integrationMode":3,"IsHidden":false,"helpUrl":"/Content/Core Platform/elixHR Platform Guide/Configure the Competency Profile.htm","IsPortalPage":false,"level":4,"name":"Employee Competency Configuration","nodeKey":"common_competency_profile_configuration","ordinalPosition":"5","parentId":886,"RelyingPartyId":9,"RPKey":"ELIXHRUI","tooltip":"Employee Competency Configuration","url":"#/administration/config/EmployeeCompetencySettings","activitiesCount":0,"IsEmulationEnabled":false},{"Id":-1120,"childNodes":[],"description":"Used to configure Gamification settings","iconPath":null,"integrationMode":3,"IsHidden":false,"helpUrl":"/Content/Core Platform/Core Platform Guide/Configure Gamification.htm","IsPortalPage":false,"level":4,"name":"Gamification Configuration","nodeKey":"gamification_configuration","ordinalPosition":"6","parentId":886,"RelyingPartyId":14,"RPKey":"GAM","tooltip":"Used to configure Gamification settings","url":"#/administration/applications/gamification/gamificationAdministration","activitiesCount":0,"IsEmulationEnabled":false},{"Id":694,"childNodes":[],"description":"Used to configure fields that appear on Advanced User Configuration forms.","iconPath":null,"integrationMode":3,"IsHidden":false,"helpUrl":"/Content/Core Platform/Core Platform Guide/Global User Attribute Configuration.htm","IsPortalPage":false,"level":4,"name":"Global User Attribute Configuration","nodeKey":"common_global_configuration","ordinalPosition":"7","parentId":886,"RelyingPartyId":9,"RPKey":"ELIXHRUI","tooltip":"Used to configure fields that appear on Advanced User Configuration forms.","url":"#/administration/users/globaluserattributeconfig?entitytype=user","activitiesCount":0,"IsEmulationEnabled":false},{"Id":889,"childNodes":[],"description":"Used to configure goal and competency feedback setting.","iconPath":null,"integrationMode":3,"IsHidden":false,"helpUrl":"/Content/Core Platform/Core Platform Guide/Configure Continuous Feedback.htm","IsPortalPage":false,"level":4,"name":"Goal and Competency Feedback Configuration","nodeKey":"common_goal_and_competency_feedback_configuration","ordinalPosition":"8","parentId":886,"RelyingPartyId":9,"RPKey":"ELIXHRUI","tooltip":"Used to configure goal and competency feedback setting.","url":"#/administration/applications/common/goalAndCompetencyFeedbackConfiguration","activitiesCount":0,"IsEmulationEnabled":false},{"Id":899,"childNodes":[],"description":"Job Match Configuration","iconPath":null,"integrationMode":3,"IsHidden":false,"helpUrl":"/Content/Core Platform/Core Platform Guide/Configure Job Matching Calculation.htm","IsPortalPage":false,"level":4,"name":"Job Match Configuration","nodeKey":"Jobmatch_Configuration","ordinalPosition":"9","parentId":886,"RelyingPartyId":9,"RPKey":"ELIXHRUI","tooltip":"Job Match Configuration","url":"#/administration/config/ObjectCriteriaSettings","activitiesCount":0,"IsEmulationEnabled":false},{"Id":1095,"childNodes":[],"description":"Used for changing mobile settings","iconPath":null,"integrationMode":3,"IsHidden":false,"helpUrl":"/Content/Mobile/SumTotal Learn Summer 2016 Mobile Administrator Guide/Configure Mobile Settings.htm","IsPortalPage":false,"level":4,"name":"Mobile Configuration","nodeKey":"Mobile_Configuration","ordinalPosition":"10","parentId":886,"RelyingPartyId":9,"RPKey":"ELIXHRUI","tooltip":"Used for changing mobile settings","url":"#/administration/applications/common/mobileConfiguration","activitiesCount":0,"IsEmulationEnabled":false},{"Id":-2157,"childNodes":[],"description":"nBox Configuration","iconPath":null,"integrationMode":3,"IsHidden":false,"helpUrl":"/Content/Talent/Succession/Perform Succession Planning_1.htm","IsPortalPage":false,"level":4,"name":"nBox Configuration","nodeKey":"nBox_Configuration","ordinalPosition":"11","parentId":886,"RelyingPartyId":9,"RPKey":"ELIXHRUI","tooltip":"nBox Configuration","url":"#/administration/config/nBoxSettings","activitiesCount":0,"IsEmulationEnabled":false},{"Id":-1116,"childNodes":[],"description":"Used to view Performance Snapshot configurations","iconPath":null,"integrationMode":3,"IsHidden":false,"helpUrl":null,"IsPortalPage":false,"level":4,"name":"Performance Snapshot Configuration","nodeKey":"common_hrlysurvey_configuration","ordinalPosition":"12","parentId":886,"RelyingPartyId":9,"RPKey":"ELIXHRUI","tooltip":"Used to view Performance Snapshot configurations","url":"#/administration/config/Surveylist","activitiesCount":0,"IsEmulationEnabled":false},{"Id":336,"childNodes":[],"description":"Used to configure the content of Key Metrics and the employee profile photo metric.","iconPath":null,"integrationMode":3,"IsHidden":false,"helpUrl":"/Content/Core Platform/Core Platform Guide/Configure Profile and Team.htm","IsPortalPage":false,"level":4,"name":"Profile and Team Configuration","nodeKey":"Profile_and_Team_Configuration","ordinalPosition":"13","parentId":886,"RelyingPartyId":9,"RPKey":"ELIXHRUI","tooltip":"Used to configure the content of Key Metrics and the employee profile photo metric.","url":"#/administration/applications/common/profileAndTeamConfiguration","activitiesCount":0,"IsEmulationEnabled":false},{"Id":-1124,"childNodes":[{"Id":897,"childNodes":[],"description":"Used to configure Requisition form attributes.","iconPath":null,"integrationMode":3,"IsHidden":false,"helpUrl":"Content/Talent/Recruiting/Advanced Requisition Configuration.htm","IsPortalPage":false,"level":5,"name":"Advanced Requisition Configuration","nodeKey":"common_configure_requisition","ordinalPosition":"0","parentId":-1124,"RelyingPartyId":9,"RPKey":"ELIXHRUI","tooltip":"Used to configure Requisition form attributes.","url":"#/administration/users/advanceduserconfig?entitytype=requisition","activitiesCount":0,"IsEmulationEnabled":false},{"Id":896,"childNodes":[],"description":"Used to configure fields that appear on the requisition, via Requisition Configuration.","iconPath":null,"integrationMode":3,"IsHidden":false,"helpUrl":"Content/Talent/Recruiting/Global Requisition Attribute.htm","IsPortalPage":false,"level":5,"name":"Global Requisition Attribute Configuration","nodeKey":"common_requisition_configuration","ordinalPosition":"1","parentId":-1124,"RelyingPartyId":9,"RPKey":"ELIXHRUI","tooltip":"Used to configure fields that appear on the requisition, via Requisition Configuration.","url":"#/administration/users/globaluserattributeconfig?entitytype=requisition","activitiesCount":0,"IsEmulationEnabled":false},{"Id":-2112,"childNodes":[],"description":"Used to manage Recruiting Notification Templates","iconPath":null,"integrationMode":3,"IsHidden":false,"helpUrl":"Content/Core Platform/Recruiting and Onboarding/Manage Recruiting Notification Templates.htm","IsPortalPage":false,"level":5,"name":"Notification Templates","nodeKey":"manage_recruiting_notification_templates","ordinalPosition":"2","parentId":-1124,"RelyingPartyId":9,"RPKey":"ELIXHRUI","tooltip":"Used to manage Recruiting Notification Templates","url":"#/administration/task/emailtemplates?category=1","activitiesCount":0,"IsEmulationEnabled":false},{"Id":-1126,"childNodes":[],"description":"Used to manage offer letter templates","iconPath":null,"integrationMode":3,"IsHidden":false,"helpUrl":"Content/Core Platform/Recruiting and Onboarding/Manage Offer Letter Templates.htm","IsPortalPage":false,"level":5,"name":"Offer Letter Templates","nodeKey":"Offer_Template_Management","ordinalPosition":"3","parentId":-1124,"RelyingPartyId":9,"RPKey":"ELIXHRUI","tooltip":"Used to manage offer letter templates","url":"#/administration/onboarding/offertemplate","activitiesCount":0,"IsEmulationEnabled":false},{"Id":-1123,"childNodes":[],"description":"All partner account settings that are required for configuring third-party integration with the Recruiting module","iconPath":null,"integrationMode":3,"IsHidden":false,"helpUrl":"Content/Core Platform/Recruiting and Onboarding/Manage Partner Account Settings.htm","IsPortalPage":false,"level":5,"name":"Recruiting Configurations","nodeKey":"PARTNER_ACCOUNT_SETTINGS","ordinalPosition":"4","parentId":-1124,"RelyingPartyId":9,"RPKey":"ELIXHRUI","tooltip":"All partner account settings that are required for configuring third-party integration with the Recruiting module","url":"#/administration/applications/common/partnerAccountSettings","activitiesCount":0,"IsEmulationEnabled":false},{"Id":-1128,"childNodes":[],"description":"Recruiting Process","iconPath":null,"integrationMode":3,"IsHidden":false,"helpUrl":"Content/Core Platform/Recruiting and Onboarding/Manage Recruiting Processes.htm","IsPortalPage":false,"level":5,"name":"Recruiting Process","nodeKey":"manage_recruiting_Process","ordinalPosition":"5","parentId":-1124,"RelyingPartyId":9,"RPKey":"ELIXHRUI","tooltip":"Recruiting Process","url":"#/administration/recruiting/recruitingProcess","activitiesCount":0,"IsEmulationEnabled":false},{"Id":-1125,"childNodes":[],"description":"Approval Workflows","iconPath":null,"integrationMode":3,"IsHidden":false,"helpUrl":"Content/Core Platform/Recruiting and Onboarding/Manage Recruiting Approval Workflows.htm","IsPortalPage":false,"level":5,"name":"Approval Workflows","nodeKey":"manage_recruiting_workflows","ordinalPosition":"6","parentId":-1124,"RelyingPartyId":9,"RPKey":"ELIXHRUI","tooltip":"Approval Workflows","url":"#/administration/onboarding/approvalWorkflow?category=1","activitiesCount":0,"IsEmulationEnabled":false},{"Id":-2113,"childNodes":[],"description":"Used to configure or edit Requisition Dashboard","iconPath":null,"integrationMode":3,"IsHidden":false,"helpUrl":"Content/Core Platform/Recruiting and Onboarding/Viewing the Requisition Dashboard.htm","IsPortalPage":false,"level":5,"name":"Requisition Dashboard","nodeKey":"Manage_Requisition_Dashboard","ordinalPosition":"7","parentId":-1124,"RelyingPartyId":9,"RPKey":"ELIXHRUI","tooltip":"Used to configure or edit Requisition Dashboard","url":"#/dash/requisition","activitiesCount":0,"IsEmulationEnabled":false},{"Id":-2116,"childNodes":[],"description":"Work Locations","iconPath":null,"integrationMode":3,"IsHidden":false,"helpUrl":"Content/Core Platform/Recruiting and Onboarding/Manage Work Locations.htm","IsPortalPage":false,"level":5,"name":"Work Locations","nodeKey":"manage_work_locations","ordinalPosition":"8","parentId":-1124,"RelyingPartyId":9,"RPKey":"ELIXHRUI","tooltip":"Work Locations","url":"#/administration/recruiting/workLocations?pageId=99","activitiesCount":0,"IsEmulationEnabled":false},{"Id":-2144,"childNodes":[],"description":"Create Self-Identification Assessments","iconPath":null,"integrationMode":3,"IsHidden":false,"helpUrl":"/Content/Core Platform/Recruiting and Onboarding/Manage Self-Identification Assessments.htm","IsPortalPage":false,"level":5,"name":"Self-Identification Assessments","nodeKey":"Self_Identification_Assessments","ordinalPosition":"9","parentId":-1124,"RelyingPartyId":9,"RPKey":"ELIXHRUI","tooltip":"Create Self-Identification Assessments","url":"#/administration/recruiting/SelfIdentificationAssessment","activitiesCount":0,"IsEmulationEnabled":false}],"description":"Recruiting Configuration Sitemap Node","iconPath":null,"integrationMode":3,"IsHidden":false,"helpUrl":null,"IsPortalPage":false,"level":4,"name":"Recruiting Configuration","nodeKey":"administration_configuration_recruiting","ordinalPosition":"14","parentId":886,"RelyingPartyId":9,"RPKey":"ELIXHRUI","tooltip":"Recruiting Configuration Sitemap Node","url":null,"activitiesCount":0,"IsEmulationEnabled":false},{"Id":892,"childNodes":[],"description":"Used to configure fields that appear on Resume Configuration form.","iconPath":null,"integrationMode":3,"IsHidden":false,"helpUrl":"/Content/Core Platform/Resume/Configure the Resume.htm","IsPortalPage":false,"level":4,"name":"Resume Configuration","nodeKey":"common_resume_configuration","ordinalPosition":"15","parentId":886,"RelyingPartyId":9,"RPKey":"ELIXHRUI","tooltip":"Used to configure fields that appear on Resume Configuration form.","url":"#/administration/config/ResumeConfiguration","activitiesCount":0,"IsEmulationEnabled":false},{"Id":-1105,"childNodes":[],"description":"Used to configure skill category levels.","iconPath":null,"integrationMode":3,"IsHidden":false,"helpUrl":"/Content/Core Platform/elixHR Platform Guide/Manage Resume Skills.htm","IsPortalPage":false,"level":4,"name":"Resume Skill Categories Configuration","nodeKey":"skill_categories_configuration","ordinalPosition":"16","parentId":886,"RelyingPartyId":9,"RPKey":"ELIXHRUI","tooltip":"Used to configure skill category levels.","url":"#/administration/config/skillcategories","activitiesCount":0,"IsEmulationEnabled":false},{"Id":890,"childNodes":[],"description":"Enterprise Search Configuration screen","iconPath":null,"integrationMode":3,"IsHidden":false,"helpUrl":"/Content/Core Platform/Core Platform Guide/Configure Enterprise Search.htm","IsPortalPage":false,"level":4,"name":"Search Configuration","nodeKey":"Search_Configuration","ordinalPosition":"17","parentId":886,"RelyingPartyId":9,"RPKey":"ELIXHRUI","tooltip":"Enterprise Search Configuration screen","url":"#/searchConfiguration","activitiesCount":0,"IsEmulationEnabled":false},{"Id":891,"childNodes":[],"description":"Sitemap Configuration","iconPath":null,"integrationMode":3,"IsHidden":false,"helpUrl":"/Content/Core Platform/Core Platform Guide/Appendix B Sitemap Configuration.htm","IsPortalPage":false,"level":4,"name":"Sitemap Configuration","nodeKey":"Manage_Sitemap","ordinalPosition":"18","parentId":886,"RelyingPartyId":9,"RPKey":"ELIXHRUI","tooltip":"Sitemap Configuration","url":"#/sitemapConfiguration","activitiesCount":0,"IsEmulationEnabled":false},{"Id":-2182,"childNodes":[{"Id":-2183,"childNodes":[],"description":"Used to manage Social Notification Templates","iconPath":null,"integrationMode":3,"IsHidden":false,"helpUrl":"/Content/Core Platform/Core Platform Guide/Social Notification for Built-in Social.htm","IsPortalPage":false,"level":5,"name":"Notification Templates","nodeKey":"manage_social_notification_templates","ordinalPosition":"0","parentId":-2182,"RelyingPartyId":9,"RPKey":"ELIXHRUI","tooltip":"Used to manage Social Notification Templates","url":"#/administration/task/emailtemplates?category=2","activitiesCount":0,"IsEmulationEnabled":false},{"Id":-1122,"childNodes":[],"description":"Social Settings","iconPath":null,"integrationMode":3,"IsHidden":false,"helpUrl":"/Content/Core Platform/Set Up Yammer Integration.htm","IsPortalPage":false,"level":5,"name":"Social Settings","nodeKey":"SOCIAL_SETTINGS","ordinalPosition":"1","parentId":-2182,"RelyingPartyId":9,"RPKey":"ELIXHRUI","tooltip":"Social Settings","url":"#/socialConfiguration","activitiesCount":0,"IsEmulationEnabled":false}],"description":"Social Configuration Sitemap Node","iconPath":null,"integrationMode":3,"IsHidden":false,"helpUrl":null,"IsPortalPage":false,"level":4,"name":"Social Configuration","nodeKey":"social_configuration","ordinalPosition":"19","parentId":886,"RelyingPartyId":9,"RPKey":"ELIXHRUI","tooltip":"Social Configuration Sitemap Node","url":null,"activitiesCount":0,"IsEmulationEnabled":false},{"Id":1086,"childNodes":[],"description":"Used to configure forms used to create self accounts.","iconPath":null,"integrationMode":3,"IsHidden":false,"helpUrl":"/Content/Core Platform/Core Platform Guide/Change User Account Settings.htm","IsPortalPage":false,"level":4,"name":"User Account Settings Configuration","nodeKey":"common_configure_selfuseraccount","ordinalPosition":"20","parentId":886,"RelyingPartyId":9,"RPKey":"ELIXHRUI","tooltip":"Used to configure forms used to create self accounts.","url":"#/administration/config/useraccount","activitiesCount":0,"IsEmulationEnabled":false}],"description":null,"iconPath":null,"integrationMode":3,"IsHidden":false,"helpUrl":null,"IsPortalPage":false,"level":3,"name":"Configuration","nodeKey":"administration_configuration","ordinalPosition":"4","parentId":628,"RelyingPartyId":9,"RPKey":"ELIXHRUI","tooltip":null,"url":null,"activitiesCount":0,"IsEmulationEnabled":false}],"description":null,"iconPath":null,"integrationMode":3,"IsHidden":false,"helpUrl":null,"IsPortalPage":false,"level":2,"name":"Common Objects","nodeKey":"common_objects","ordinalPosition":"0","parentId":1,"RelyingPartyId":9,"RPKey":"ELIXHRUI","tooltip":null,"url":null,"activitiesCount":0,"IsEmulationEnabled":false},{"Id":631,"childNodes":[{"Id":621,"childNodes":[{"Id":671,"childNodes":[],"description":"A customizable administrative \"home page.\" Use it to check for news and events, access SumTotal resources, change domains, and more.","iconPath":null,"integrationMode":3,"IsHidden":false,"helpUrl":"/Content/Learn/WebHelp/Administrator Help/Navigate the Learn Administrator Dashboard.htm","IsPortalPage":false,"level":4,"name":"Administrator Dashboard","nodeKey":"Administrator_Dashboard","ordinalPosition":"0","parentId":621,"RelyingPartyId":2,"RPKey":"LM","tooltip":"A customizable administrative \"home page.\" Use it to check for news and events, access SumTotal resources, change domains, and more.","url":"app/administration/ADM_AdminHome.aspx","activitiesCount":0,"IsEmulationEnabled":false},{"Id":106,"childNodes":[],"description":"Used to view and manage available audiences.","iconPath":null,"integrationMode":3,"IsHidden":false,"helpUrl":"/Content/Learn/WebHelp/Administrator Help/Managing Audiences.htm","IsPortalPage":false,"level":4,"name":"Audiences","nodeKey":"Administrator_MenuAudiences","ordinalPosition":"1","parentId":621,"RelyingPartyId":2,"RPKey":"LM","tooltip":"Used to view and manage available audiences.","url":"app/administration/user/audience/ADM_ListAudiences.aspx","activitiesCount":0,"IsEmulationEnabled":false},{"Id":107,"childNodes":[],"description":"View and manage organizational objectives and assign them to Learn development plans.","iconPath":null,"integrationMode":3,"IsHidden":false,"helpUrl":"/Content/Learn/WebHelp/Administrator Help/Managing Business Objectives.htm","IsPortalPage":false,"level":4,"name":"Business Objectives","nodeKey":"Administrator_MenuBizObj","ordinalPosition":"2","parentId":621,"RelyingPartyId":2,"RPKey":"LM","tooltip":"View and manage organizational objectives and assign them to Learn development plans.","url":"app/management/LMS_DevPlan_BizObjSelect.aspx?UserMode=2&ManageBizObj=1","activitiesCount":0,"IsEmulationEnabled":false},{"Id":103,"childNodes":[],"description":"Used to manage communities owned or shared by the domain.","iconPath":null,"integrationMode":3,"IsHidden":false,"helpUrl":"/Content/Learn/User Guides/Social Learning User Guide/Manage Topic Related Communities.htm","IsPortalPage":false,"level":4,"name":"Communities","nodeKey":"Administrator_Communities","ordinalPosition":"3","parentId":621,"RelyingPartyId":2,"RPKey":"LM","tooltip":"Used to manage communities owned or shared by the domain.","url":"app/administration/Social/CommunitiesList.aspx","activitiesCount":0,"IsEmulationEnabled":false},{"Id":111,"childNodes":[],"description":"Used to create and manage evaluations you can associate with learning activities.","iconPath":null,"integrationMode":3,"IsHidden":false,"helpUrl":"/Content/Learn/WebHelp/Administrator Help/Working with Evaluations.htm","IsPortalPage":false,"level":4,"name":"Evaluations","nodeKey":"Administrator_MenuAdminEvaluations","ordinalPosition":"5","parentId":621,"RelyingPartyId":2,"RPKey":"LM","tooltip":"Used to create and manage evaluations you can associate with learning activities.","url":"app/administration/evaluations/evaluation/ADM_ListEvaluations.aspx","activitiesCount":0,"IsEmulationEnabled":false},{"Id":114,"childNodes":[],"description":"Used to create and manage learning activities.","iconPath":null,"integrationMode":3,"IsHidden":false,"helpUrl":"/Content/Learn/WebHelp/Administrator Help/About Learning Activities.htm","IsPortalPage":false,"level":4,"name":"Learning Activities","nodeKey":"Administrator_MenuLearningActivies","ordinalPosition":"6","parentId":621,"RelyingPartyId":2,"RPKey":"LM","tooltip":"Used to create and manage learning activities.","url":"app/administration/Learning/Activity/ADM_ListActivities.aspx","activitiesCount":0,"IsEmulationEnabled":false},{"Id":108,"childNodes":[],"description":"Used to create and manage Library topics and subtopics.","iconPath":null,"integrationMode":3,"IsHidden":false,"helpUrl":"/Content/Learn/WebHelp/Administrator Help/Managing Topics.htm","IsPortalPage":false,"level":4,"name":"Manage Library","nodeKey":"Administrator_MenuAdminTaxonomy","ordinalPosition":"7","parentId":621,"RelyingPartyId":2,"RPKey":"LM","tooltip":"Used to create and manage Library topics and subtopics.","url":"app/administrator/catalog/ListTopics","activitiesCount":0,"IsEmulationEnabled":false},{"Id":116,"childNodes":[],"description":"Used to rename and provide translations for shortcut boxes that appear on various Home pages.","iconPath":null,"integrationMode":3,"IsHidden":false,"helpUrl":"/Content/Learn/WebHelp/Administrator Help/Edit Names of Shortcut Boxes.htm","IsPortalPage":false,"level":4,"name":"Shortcut Boxes","nodeKey":"Administrator_MenuShortcutBoxes","ordinalPosition":"9","parentId":621,"RelyingPartyId":2,"RPKey":"LM","tooltip":"Used to rename and provide translations for shortcut boxes that appear on various Home pages.","url":"app/administration/Security/SupplementalData/ADM_ListData.aspx?DataMode=ShortcutBox&UserMode=2","activitiesCount":0,"IsEmulationEnabled":false},{"Id":117,"childNodes":[],"description":"This is Learn legacy link and should remain hidden. Use the Self >Development >Training Plans instead.","iconPath":null,"integrationMode":3,"IsHidden":false,"helpUrl":null,"IsPortalPage":false,"level":4,"name":"Training Plans","nodeKey":"Administrator_LearnMenuTrainingPlans","ordinalPosition":"10","parentId":621,"RelyingPartyId":2,"RPKey":"LM","tooltip":"This is Learn legacy link and should remain hidden. Use the Self >Development >Training Plans instead.","url":"app/administration/Learning/TrainingPlan/ADM_ListTrainingPlans.aspx","activitiesCount":0,"IsEmulationEnabled":false},{"Id":24,"childNodes":[],"description":"Used to create and manage question banks and their questions.","iconPath":null,"integrationMode":3,"IsHidden":false,"helpUrl":"/Content/Learn/User Guides/Role Based User Guides/Manage Question Banks and.htm","IsPortalPage":false,"level":4,"name":"Question Banks","nodeKey":"Administrator_QuestionBanks","ordinalPosition":"11","parentId":621,"RelyingPartyId":2,"RPKey":"LM","tooltip":"Used to create and manage question banks and their questions.","url":"app/administration/QuickAssessment/QuestionBankList.aspx","activitiesCount":0,"IsEmulationEnabled":false},{"Id":615,"childNodes":[{"Id":96,"childNodes":[],"description":"Used to configure the Ad Hoc training activities submitted via Outlook.","iconPath":null,"integrationMode":3,"IsHidden":false,"helpUrl":"/Content/Learn/WebHelp/Administrator Help/Ad Hoc Activity Approval Settings.htm","IsPortalPage":false,"level":5,"name":"Ad Hoc Activity Approval","nodeKey":"Administrator_MenuAdHocTrnApproval","ordinalPosition":"0","parentId":615,"RelyingPartyId":2,"RPKey":"LM","tooltip":"Used to configure the Ad Hoc training activities submitted via Outlook.","url":"app/administration/Learning/Activity/ADM_ListAdHocRequests.aspx?UserMode=2","activitiesCount":0,"IsEmulationEnabled":false},{"Id":97,"childNodes":[],"description":"(Auditing users only) Used to provide administrative electronic signatures.","iconPath":null,"integrationMode":3,"IsHidden":false,"helpUrl":"/Content/Learn/WebHelp/Administrator Help/Provide Electronic Signatures.htm","IsPortalPage":false,"level":5,"name":"Pending Signatures","nodeKey":"Administrator_MenuPendingSignatures","ordinalPosition":"1","parentId":615,"RelyingPartyId":2,"RPKey":"LM","tooltip":"(Auditing users only) Used to provide administrative electronic signatures.","url":"app/management/CFR/ADM_ListPendingSignatures.aspx?UserMode=2&SignatureType=2","activitiesCount":0,"IsEmulationEnabled":false},{"Id":98,"childNodes":[],"description":"Used to approve or deny resource requests (such as for equipment or a facility) submitted by other users.","iconPath":null,"integrationMode":3,"IsHidden":false,"helpUrl":"/Content/Learn/User Guides/Role Based User Guides/Accept or Reject Resource.htm","IsPortalPage":false,"level":5,"name":"Resource Approvals","nodeKey":"Administrator_MenuApprovals","ordinalPosition":"2","parentId":615,"RelyingPartyId":2,"RPKey":"LM","tooltip":"Used to approve or deny resource requests (such as for equipment or a facility) submitted by other users.","url":"app/administration/asset/resource/ADM_ListApprovals.aspx?UserMode=2","activitiesCount":0,"IsEmulationEnabled":false}],"description":null,"iconPath":null,"integrationMode":3,"IsHidden":false,"helpUrl":null,"IsPortalPage":false,"level":4,"name":"Approvals and Signatures","nodeKey":"administration_approvals","ordinalPosition":"14","parentId":621,"RelyingPartyId":9,"RPKey":"ELIXHRUI","tooltip":null,"url":null,"activitiesCount":0,"IsEmulationEnabled":false},{"Id":616,"childNodes":[{"Id":99,"childNodes":[],"description":"Used to clear system space by deleting inactive learning activities or their content.","iconPath":null,"integrationMode":3,"IsHidden":false,"helpUrl":"/Content/Learn/WebHelp/Administrator Help/Manage the Content of Inactive.htm","IsPortalPage":false,"level":5,"name":"Activity Content Manager","nodeKey":"Administrator_MenuArchiveManager","ordinalPosition":"0","parentId":616,"RelyingPartyId":2,"RPKey":"LM","tooltip":"Used to clear system space by deleting inactive learning activities or their content.","url":"app/administration/ArchiveManager/ADM_ArchiveManager.aspx","activitiesCount":0,"IsEmulationEnabled":false}],"description":null,"iconPath":null,"integrationMode":3,"IsHidden":false,"helpUrl":null,"IsPortalPage":false,"level":4,"name":"Archiving","nodeKey":"administration_archival","ordinalPosition":"15","parentId":621,"RelyingPartyId":9,"RPKey":"ELIXHRUI","tooltip":null,"url":null,"activitiesCount":0,"IsEmulationEnabled":false},{"Id":620,"childNodes":[{"Id":345,"childNodes":[],"description":"(Auditing users only) Used to generate reports to view the audit history of objects (such as users or activities) using various filters.","iconPath":null,"integrationMode":3,"IsHidden":false,"helpUrl":"/Content/Learn/Config, Install, Reference/Auditing Reference Guide/Running a Report.htm","IsPortalPage":false,"level":5,"name":"Audit Change Report","nodeKey":"Administrator_MenuAuditChangeReport","ordinalPosition":"0","parentId":620,"RelyingPartyId":2,"RPKey":"LM","tooltip":"(Auditing users only) Used to generate reports to view the audit history of objects (such as users or activities) using various filters.","url":"app/administration/reports/ADM_CFR_AuditReportFilter.aspx?UserMode=2","activitiesCount":0,"IsEmulationEnabled":false},{"Id":347,"childNodes":[],"description":"(Auditing users only) Used to generate a report that provides a consolidated view of electronic signatures applied to completed training records.","iconPath":null,"integrationMode":3,"IsHidden":false,"helpUrl":"/Content/Learn/Config, Install, Reference/Auditing Reference Guide/Running a Report.htm","IsPortalPage":false,"level":5,"name":"Electronic Signatures Report","nodeKey":"Administrator_MenuTranscriptSignReport","ordinalPosition":"1","parentId":620,"RelyingPartyId":2,"RPKey":"LM","tooltip":"(Auditing users only) Used to generate a report that provides a consolidated view of electronic signatures applied to completed training records.","url":"app/administration/reports/ADM_CFR_SignatureReportFilter.aspx?UserMode=2&ReportType=1","activitiesCount":0,"IsEmulationEnabled":false},{"Id":349,"childNodes":[],"description":"(Auditing users only) Used to generate an Electronic Signatures Report organized by activity.","iconPath":null,"integrationMode":3,"IsHidden":false,"helpUrl":"/Content/Learn/Config, Install, Reference/Auditing Reference Guide/Running a Report.htm","IsPortalPage":false,"level":5,"name":"Signature Report by Activity","nodeKey":"Administrator_MenuTranscriptActivityReport","ordinalPosition":"3","parentId":620,"RelyingPartyId":2,"RPKey":"LM","tooltip":"(Auditing users only) Used to generate an Electronic Signatures Report organized by activity.","url":"app/administration/reports/ADM_CFR_SignatureReportFilter.aspx?UserMode=2&ReportType=2","activitiesCount":0,"IsEmulationEnabled":false},{"Id":350,"childNodes":[],"description":"(Auditing users only) Used to generate an Electronic Signatures Report organized by learner.","iconPath":null,"integrationMode":3,"IsHidden":false,"helpUrl":"/Content/Learn/Config, Install, Reference/Auditing Reference Guide/Running a Report.htm","IsPortalPage":false,"level":5,"name":"Signature Report by Learner","nodeKey":"Administrator_MenuTranscriptLearnerReport","ordinalPosition":"4","parentId":620,"RelyingPartyId":2,"RPKey":"LM","tooltip":"(Auditing users only) Used to generate an Electronic Signatures Report organized by learner.","url":"app/administration/reports/ADM_CFR_SignatureReportFilter.aspx?UserMode=2&ReportType=4","activitiesCount":0,"IsEmulationEnabled":false},{"Id":351,"childNodes":[],"description":"(Auditing users only) Used to generate an Electronic Signatures Report organized by signer.","iconPath":null,"integrationMode":3,"IsHidden":false,"helpUrl":"/Content/Learn/Config, Install, Reference/Auditing Reference Guide/Running a Report.htm","IsPortalPage":false,"level":5,"name":"Signature Report by Signer","nodeKey":"Administrator_MenuTranscriptSignerReport","ordinalPosition":"5","parentId":620,"RelyingPartyId":2,"RPKey":"LM","tooltip":"(Auditing users only) Used to generate an Electronic Signatures Report organized by signer.","url":"app/administration/reports/ADM_CFR_SignatureReportFilter.aspx?UserMode=2&ReportType=3","activitiesCount":0,"IsEmulationEnabled":false}],"description":null,"iconPath":null,"integrationMode":3,"IsHidden":false,"helpUrl":null,"IsPortalPage":false,"level":4,"name":"Audit and Signature Reports","nodeKey":"administration_reports","ordinalPosition":"16","parentId":621,"RelyingPartyId":9,"RPKey":"ELIXHRUI","tooltip":null,"url":null,"activitiesCount":0,"IsEmulationEnabled":false},{"Id":-2140,"childNodes":[],"description":"Skill Matrix","iconPath":null,"integrationMode":3,"IsHidden":false,"helpUrl":"/Content/Learn/WebHelp/Administrator Help/Create and Manage Skill Matrices.htm","IsPortalPage":false,"level":4,"name":"Skill Matrix","nodeKey":"Administrator_SkillMatrix","ordinalPosition":"17","parentId":621,"RelyingPartyId":2,"RPKey":"LM","tooltip":"Skill Matrix","url":"app/administrator/skilling/ListSkillMatrix","activitiesCount":0,"IsEmulationEnabled":false},{"Id":-2199,"childNodes":[],"description":"Role Development Plan Templates","iconPath":null,"integrationMode":3,"IsHidden":false,"helpUrl":null,"IsPortalPage":false,"level":4,"name":"Role Development Plan Templates","nodeKey":"Administrator_MenuRoleDevelopmentPlanTemplate","ordinalPosition":"18","parentId":621,"RelyingPartyId":2,"RPKey":"LM","tooltip":"Role Development Plan Templates","url":"app/administrator/learning/rdp/templates/GetListTemplates","activitiesCount":0,"IsEmulationEnabled":false},{"Id":-2190,"childNodes":[{"Id":-2191,"childNodes":[],"description":"Used to manage Percipio License Pools.","iconPath":null,"integrationMode":3,"IsHidden":false,"helpUrl":null,"IsPortalPage":false,"level":5,"name":"Skillsoft PES License Pools","nodeKey":"Administrator_MenuPercipioLicensePools","ordinalPosition":"0","parentId":-2190,"RelyingPartyId":2,"RPKey":"LM","tooltip":"Used to manage Percipio License Pools.","url":"app/administrator/contentintegrationobjectmanagement/PercipioLicensePools","activitiesCount":0,"IsEmulationEnabled":false}],"description":"Used to associate third-party integrated objects with Learn content.","iconPath":null,"integrationMode":3,"IsHidden":false,"helpUrl":null,"IsPortalPage":false,"level":4,"name":"Integrated Objects","nodeKey":"Administrator_MenuIntegratedObjects","ordinalPosition":"19","parentId":621,"RelyingPartyId":2,"RPKey":"LM","tooltip":"Used to associate third-party integrated objects with Learn content.","url":"","activitiesCount":0,"IsEmulationEnabled":false}],"description":null,"iconPath":null,"integrationMode":3,"IsHidden":false,"helpUrl":null,"IsPortalPage":false,"level":3,"name":"Learning","nodeKey":"administration_learning","ordinalPosition":"0","parentId":631,"RelyingPartyId":9,"RPKey":"ELIXHRUI","tooltip":null,"url":null,"activitiesCount":0,"IsEmulationEnabled":false},{"Id":595,"childNodes":[{"Id":673,"childNodes":[],"description":"Used to manage user tasks, security profiles, and group access rights.","iconPath":null,"integrationMode":3,"IsHidden":false,"helpUrl":"/Content/Talent/Talent Administration/Talent Administration Overview.htm","IsPortalPage":false,"level":4,"name":"Tasks and Security","nodeKey":"admin_users","ordinalPosition":"0","parentId":595,"RelyingPartyId":5,"RPKey":"TM","tooltip":"Used to manage user tasks, security profiles, and group access rights.","url":"scripts/lightyearisapi.dll?parsetemplate&template=admin/admin_wkspc.htm&sidebargroupid=admin.users&employeepicker=portalgroupid%3dadmin%26portalitemid%3dusers","activitiesCount":0,"IsEmulationEnabled":false},{"Id":129,"childNodes":[],"description":"Used to administer reusable Talent objects, such as surveys, processes, workflows, and content libraries.","iconPath":null,"integrationMode":3,"IsHidden":false,"helpUrl":"/Content/Talent/Talent Administration/Talent Administration Overview.htm","IsPortalPage":false,"level":4,"name":"Content","nodeKey":"admin_content","ordinalPosition":"1","parentId":595,"RelyingPartyId":5,"RPKey":"TM","tooltip":"Used to administer reusable Talent objects, such as surveys, processes, workflows, and content libraries.","url":"scripts/lightyearisapi.dll?parsetemplate&template=admin/admin_wkspc.htm&sidebargroupid=admin.content&employeepicker=portalgroupid%3dadmin%26portalitemid%3dcontent","activitiesCount":0,"IsEmulationEnabled":false},{"Id":122,"childNodes":[],"description":"Used to administer 360 Feedback components, such as surveys and processes.","iconPath":null,"integrationMode":3,"IsHidden":false,"helpUrl":"/Content/Talent/360 Feedback/360 Feedback Overview.htm","IsPortalPage":false,"level":4,"name":"360 Assessments","nodeKey":"admin.modules_360feedback","ordinalPosition":"2","parentId":595,"RelyingPartyId":5,"RPKey":"TM","tooltip":"Used to administer 360 Feedback components, such as surveys and processes.","url":"scripts/lightyearisapi.dll?parsetemplate&template=admin/admin_wkspc.htm&sidebargroupid=admin.modules.360feedback&employeepicker=portalgroupid%3dadmin%252emodules%26portalitemid%3d360feedback","activitiesCount":0,"IsEmulationEnabled":false},{"Id":128,"childNodes":[],"description":"Used to administer Compensation components, such as variables, policies, and plans.","iconPath":null,"integrationMode":3,"IsHidden":false,"helpUrl":"/Content/Talent/Compensation/Compensation Overview.htm","IsPortalPage":false,"level":4,"name":"Compensation","nodeKey":"admin.modules_compensation","ordinalPosition":"3","parentId":595,"RelyingPartyId":5,"RPKey":"TM","tooltip":"Used to administer Compensation components, such as variables, policies, and plans.","url":"scripts/lightyearisapi.dll?parsetemplate&template=admin/admin_wkspc.htm&sidebargroupid=admin.modules.compensation&employeepicker=portalgroupid%3dadmin%252emodules%26portalitemid%3dcompensation","activitiesCount":0,"IsEmulationEnabled":false},{"Id":127,"childNodes":[],"description":"Manage administration components for Succession, including Succession assessments and advanced configuration components.","iconPath":null,"integrationMode":3,"IsHidden":false,"helpUrl":"/Content/Talent/Succession/Succession Overview.htm","IsPortalPage":false,"level":4,"name":"Succession","nodeKey":"admin.modules_succession","ordinalPosition":"6","parentId":595,"RelyingPartyId":5,"RPKey":"TM","tooltip":"Manage administration components for Succession, including Succession assessments and advanced configuration components.","url":"scripts/lightyearisapi.dll?parsetemplate&template=admin/admin_wkspc.htm&sidebargroupid=admin.modules.succession&employeepicker=portalgroupid%3dadmin%252emodules%26portalitemid%3dsuccession","activitiesCount":0,"IsEmulationEnabled":false},{"Id":596,"childNodes":[{"Id":125,"childNodes":[],"description":"Used to manage Performance components, such as surveys, processes, and Rating Distribution Management (RDM) objects.","iconPath":null,"integrationMode":3,"IsHidden":false,"helpUrl":"/Content/Talent/Performance and Goals/Develop and Implement a Performance.htm","IsPortalPage":false,"level":5,"name":"Module Administration","nodeKey":"admin.modules_performance","ordinalPosition":"0","parentId":596,"RelyingPartyId":5,"RPKey":"TM","tooltip":"Used to manage Performance components, such as surveys, processes, and Rating Distribution Management (RDM) objects.","url":"scripts/lightyearisapi.dll?parsetemplate&template=admin/admin_wkspc.htm&sidebargroupid=admin.modules.performance&employeepicker=portalgroupid%3dadmin%252emodules%26portalitemid%3dperformance","activitiesCount":0,"IsEmulationEnabled":false},{"Id":124,"childNodes":[],"description":"Used to manage KPIs, used to describe the performance thresholds for ratings users can receive in an assessment.","iconPath":null,"integrationMode":3,"IsHidden":false,"helpUrl":"/Content/Talent/Performance and Goals/Manage Key Performance Indicators.htm","IsPortalPage":false,"level":5,"name":"Key Performance Indicators (KPIs)","nodeKey":"performance_goalkpis","ordinalPosition":"1","parentId":596,"RelyingPartyId":5,"RPKey":"TM","tooltip":"Used to manage KPIs, used to describe the performance thresholds for ratings users can receive in an assessment.","url":"scripts/lightyearisapi.dll?invoke&submitaction=submit&suiaction.value=sobjectlstdlg.open&sdatatypcd=12200&qry_goalkpiview_lngcd_eq=0&frommenu=1&employeepicker=portalgroupid%3dperformance%26portalitemid%3dgoalkpis","activitiesCount":0,"IsEmulationEnabled":false}],"description":null,"iconPath":null,"integrationMode":3,"IsHidden":false,"helpUrl":null,"IsPortalPage":false,"level":4,"name":"Performance","nodeKey":"administration_talent_performance","ordinalPosition":"8","parentId":595,"RelyingPartyId":9,"RPKey":"ELIXHRUI","tooltip":null,"url":null,"activitiesCount":0,"IsEmulationEnabled":false},{"Id":747,"childNodes":[{"Id":372,"childNodes":[],"description":"Used to specify what information goes on each Talent report.","iconPath":null,"integrationMode":3,"IsHidden":false,"helpUrl":null,"IsPortalPage":false,"level":5,"name":"Report Criteria","nodeKey":"reports_reportcriteria","ordinalPosition":"0","parentId":747,"RelyingPartyId":5,"RPKey":"TM","tooltip":"Used to specify what information goes on each Talent report.","url":"scripts/lightyearisapi.dll?invoke&suiaction.value=sreportcriterialst.open&employeepicker=portalgroupid%3dreports%26portalitemid%3dreportcriteria","activitiesCount":0,"IsEmulationEnabled":false},{"Id":373,"childNodes":[],"description":"Used to specify details, security, and columns/user activities for reports.","iconPath":null,"integrationMode":3,"IsHidden":false,"helpUrl":null,"IsPortalPage":false,"level":5,"name":"Report Sources","nodeKey":"reports_reportsources","ordinalPosition":"1","parentId":747,"RelyingPartyId":5,"RPKey":"TM","tooltip":"Used to specify details, security, and columns/user activities for reports.","url":"scripts/lightyearisapi.dll?invoke&suiaction.value=sreportsourcelst.open&employeepicker=portalgroupid%3dreports%26portalitemid%3dreportsources","activitiesCount":0,"IsEmulationEnabled":false}],"description":null,"iconPath":null,"integrationMode":3,"IsHidden":false,"helpUrl":null,"IsPortalPage":false,"level":4,"name":"Reporting","nodeKey":"admininistration_talent_reporting","ordinalPosition":"9","parentId":595,"RelyingPartyId":9,"RPKey":"ELIXHRUI","tooltip":null,"url":null,"activitiesCount":0,"IsEmulationEnabled":false}],"description":null,"iconPath":null,"integrationMode":3,"IsHidden":false,"helpUrl":null,"IsPortalPage":false,"level":3,"name":"Talent","nodeKey":"administration_talent","ordinalPosition":"1","parentId":631,"RelyingPartyId":9,"RPKey":"ELIXHRUI","tooltip":null,"url":null,"activitiesCount":0,"IsEmulationEnabled":false}],"description":null,"iconPath":null,"integrationMode":3,"IsHidden":false,"helpUrl":null,"IsPortalPage":false,"level":2,"name":"Product Administration","nodeKey":"product_administration","ordinalPosition":"1","parentId":1,"RelyingPartyId":9,"RPKey":"ELIXHRUI","tooltip":null,"url":null,"activitiesCount":0,"IsEmulationEnabled":false},{"Id":629,"childNodes":[{"Id":604,"childNodes":[{"Id":761,"childNodes":[],"description":"Used to create and manage domains and their properties.","iconPath":null,"integrationMode":3,"IsHidden":false,"helpUrl":"/Content/Learn/WebHelp/Administrator Help/Managing Domains.htm","IsPortalPage":false,"level":4,"name":"Domain Management","nodeKey":"Administrator_MenuDomains","ordinalPosition":"0","parentId":604,"RelyingPartyId":2,"RPKey":"LM","tooltip":"Used to create and manage domains and their properties.","url":"app/administration/user/domain/ADM_DomainTree.aspx","activitiesCount":0,"IsEmulationEnabled":false},{"Id":607,"childNodes":[{"Id":105,"childNodes":[],"description":"Used to manage vendors.","iconPath":null,"integrationMode":3,"IsHidden":false,"helpUrl":"/Content/Learn/WebHelp/Administrator Help/Manage Vendors.htm","IsPortalPage":false,"level":5,"name":"Vendors","nodeKey":"Administrator_MenuVendors","ordinalPosition":"0","parentId":607,"RelyingPartyId":2,"RPKey":"LM","tooltip":"Used to manage vendors.","url":"app/administration/asset/resource/ADM_ListResource.aspx?Tbl=Ven&UserMode=2","activitiesCount":0,"IsEmulationEnabled":false},{"Id":18,"childNodes":[],"description":"Used to manage transaction accounts.","iconPath":null,"integrationMode":3,"IsHidden":false,"helpUrl":"/Content/Learn/WebHelp/Administrator Help/Accounts.htm","IsPortalPage":false,"level":5,"name":"Accounts","nodeKey":"Administrator_MenuAccounts","ordinalPosition":"1","parentId":607,"RelyingPartyId":2,"RPKey":"LM","tooltip":"Used to manage transaction accounts.","url":"app/e-commerce/ui/AccountList.aspx?UserMode=2","activitiesCount":0,"IsEmulationEnabled":false},{"Id":19,"childNodes":[],"description":"Used to manage equipment (such as a projector) administrators can assign to training.","iconPath":null,"integrationMode":3,"IsHidden":false,"helpUrl":"/Content/Learn/WebHelp/Administrator Help/Manage Equipment.htm","IsPortalPage":false,"level":5,"name":"Equipment","nodeKey":"Administrator_MenuEquipments","ordinalPosition":"2","parentId":607,"RelyingPartyId":2,"RPKey":"LM","tooltip":"Used to manage equipment (such as a projector) administrators can assign to training.","url":"app/administration/asset/resource/ADM_ListResource.aspx?Tbl=Equip&UserMode=2","activitiesCount":0,"IsEmulationEnabled":false},{"Id":20,"childNodes":[],"description":"Used to manage facilities (such as \"Wrigley Board Room\") where training can take place.","iconPath":null,"integrationMode":3,"IsHidden":false,"helpUrl":"/Content/Learn/WebHelp/Administrator Help/Manage Facilities.htm","IsPortalPage":false,"level":5,"name":"Facilities","nodeKey":"Administrator_MenuFacilities","ordinalPosition":"3","parentId":607,"RelyingPartyId":2,"RPKey":"LM","tooltip":"Used to manage facilities (such as \"Wrigley Board Room\") where training can take place.","url":"app/administration/asset/resource/ADM_ListResource.aspx?Tbl=Fac&UserMode=2","activitiesCount":0,"IsEmulationEnabled":false},{"Id":21,"childNodes":[],"description":"Used to manage locations (such as \"Chicago\") where training can take place.","iconPath":null,"integrationMode":3,"IsHidden":false,"helpUrl":"/Content/Learn/WebHelp/Administrator Help/Manage Locations.htm","IsPortalPage":false,"level":5,"name":"Locations","nodeKey":"Administrator_MenuLocations","ordinalPosition":"4","parentId":607,"RelyingPartyId":2,"RPKey":"LM","tooltip":"Used to manage locations (such as \"Chicago\") where training can take place.","url":"app/administration/asset/resource/ADM_ListResource.aspx?Tbl=Loc&UserMode=2","activitiesCount":0,"IsEmulationEnabled":false},{"Id":22,"childNodes":[],"description":"Used to manage notification templates and their properties.","iconPath":null,"integrationMode":3,"IsHidden":false,"helpUrl":"/Content/Learn/User Guides/Notifications User Guide/Create or Modify Notification.htm","IsPortalPage":false,"level":5,"name":"Notification Templates","nodeKey":"Administrator_MenuNotifTemplates","ordinalPosition":"5","parentId":607,"RelyingPartyId":2,"RPKey":"LM","tooltip":"Used to manage notification templates and their properties.","url":"app/administration/Notification/ADM_ListNotfTpl.aspx?UserMode=2","activitiesCount":0,"IsEmulationEnabled":false},{"Id":23,"childNodes":[],"description":"Used to manage purchase orders.","iconPath":null,"integrationMode":3,"IsHidden":false,"helpUrl":"/Content/Learn/WebHelp/Administrator Help/Manage Purchase Orders.htm","IsPortalPage":false,"level":5,"name":"Purchase Orders","nodeKey":"Administrator_MenuPO","ordinalPosition":"6","parentId":607,"RelyingPartyId":2,"RPKey":"LM","tooltip":"Used to manage purchase orders.","url":"app/administration/asset/PurchaseOrders/ADM_ListPO.aspx?UserMode=2","activitiesCount":0,"IsEmulationEnabled":false},{"Id":-2146,"childNodes":[],"description":"Used to manage offering templates.","iconPath":null,"integrationMode":3,"IsHidden":false,"helpUrl":"/Content/Learn/WebHelp/Administrator Help/Manage Dynamic Offering Templates.htm","IsPortalPage":false,"level":5,"name":"Dynamic Offering Templates","nodeKey":"Administrator_MenuOfferingTemplate","ordinalPosition":"7","parentId":607,"RelyingPartyId":2,"RPKey":"LM","tooltip":"Used to manage offering templates.","url":"app/administrator/OfferingTemplates/OfferingTemplate/ListOfferingTemplate","activitiesCount":0,"IsEmulationEnabled":false}],"description":null,"iconPath":null,"integrationMode":3,"IsHidden":false,"helpUrl":null,"IsPortalPage":false,"level":4,"name":"Domain Resources","nodeKey":"global_domain_objects","ordinalPosition":"1","parentId":604,"RelyingPartyId":9,"RPKey":"ELIXHRUI","tooltip":null,"url":null,"activitiesCount":0,"IsEmulationEnabled":false},{"Id":608,"childNodes":[{"Id":26,"childNodes":[],"description":"Used to select the information that appears on the activity's Details page.","iconPath":null,"integrationMode":3,"IsHidden":false,"helpUrl":"/Content/Learn/WebHelp/Administrator Help/Configure Activity Detail.htm","IsPortalPage":false,"level":5,"name":"Activity Details Settings","nodeKey":"Administrator_MenuActDetails","ordinalPosition":"0","parentId":608,"RelyingPartyId":2,"RPKey":"LM","tooltip":"Used to select the information that appears on the activity's Details page.","url":"app/administration/system/ActDetails/ADM_ActDetailsSetup.aspx","activitiesCount":0,"IsEmulationEnabled":false},{"Id":27,"childNodes":[],"description":"Used to customize the look and feel of the Training Transcript, Learning Activities, and Jobs pages.","iconPath":null,"integrationMode":3,"IsHidden":false,"helpUrl":"/Content/Learn/WebHelp/Administrator Help/Configure Administrator Mode.htm","IsPortalPage":false,"level":5,"name":"Administrator Mode Page Settings","nodeKey":"Administrator_MenuAdminModeSettings","ordinalPosition":"1","parentId":608,"RelyingPartyId":2,"RPKey":"LM","tooltip":"Used to customize the look and feel of the Training Transcript, Learning Activities, and Jobs pages.","url":"app/administration/ADM_AdminModePagesConfig.aspx","activitiesCount":0,"IsEmulationEnabled":false},{"Id":28,"childNodes":[],"description":"Used to enable and configure registration approval settings.","iconPath":null,"integrationMode":3,"IsHidden":false,"helpUrl":"/Content/Learn/WebHelp/Administrator Help/Configure the Registration.htm","IsPortalPage":false,"level":5,"name":"Approval Settings","nodeKey":"Administrator_MenuRegApproval","ordinalPosition":"2","parentId":608,"RelyingPartyId":2,"RPKey":"LM","tooltip":"Used to enable and configure registration approval settings.","url":"app/administration/system/approval/ADM_ApprovalSetup.aspx?UserMode=2","activitiesCount":0,"IsEmulationEnabled":false},{"Id":29,"childNodes":[],"description":"Used to configure a variety of basic domain settings, including activity roster and online content settings.","iconPath":null,"integrationMode":3,"IsHidden":false,"helpUrl":"/Content/Learn/WebHelp/Administrator Help/Configure Basic Settings for.htm","IsPortalPage":false,"level":5,"name":"Basic Settings","nodeKey":"Administrator_MenuBasicSettings","ordinalPosition":"3","parentId":608,"RelyingPartyId":2,"RPKey":"LM","tooltip":"Used to configure a variety of basic domain settings, including activity roster and online content settings.","url":"app/maintenance/MNT_BasicSettings.aspx?UserMode=2","activitiesCount":0,"IsEmulationEnabled":false},{"Id":31,"childNodes":[],"description":"Configure settings for the Development Plan, such as required approvals.","iconPath":null,"integrationMode":3,"IsHidden":false,"helpUrl":"/Content/Learn/WebHelp/Administrator Help/Configure Development Plan.htm","IsPortalPage":false,"level":5,"name":"Development Plan Settings","nodeKey":"Administrator_MenuDevPlanSettings","ordinalPosition":"4","parentId":608,"RelyingPartyId":2,"RPKey":"LM","tooltip":"Configure settings for the Development Plan, such as required approvals.","url":"app/administration/ADM_DevPlanSettings.aspx","activitiesCount":0,"IsEmulationEnabled":false},{"Id":32,"childNodes":[],"description":"Used to create and manage diploma templates.","iconPath":null,"integrationMode":3,"IsHidden":false,"helpUrl":"/Content/Learn/WebHelp/Administrator Help/Add a Diploma Template.htm","IsPortalPage":false,"level":5,"name":"Diploma Templates","nodeKey":"Administrator_MenuDiplomaTemplates","ordinalPosition":"5","parentId":608,"RelyingPartyId":2,"RPKey":"LM","tooltip":"Used to create and manage diploma templates.","url":"app/administration/user/domain/ADM_ListDiplomaTemplates.aspx","activitiesCount":0,"IsEmulationEnabled":false},{"Id":34,"childNodes":[],"description":"Used to enable and configure e-commerce.","iconPath":null,"integrationMode":3,"IsHidden":false,"helpUrl":"/Content/Learn/User Guides/E-Com and EE Guide/Configure E Commerce Settings.htm","IsPortalPage":false,"level":5,"name":"E-Commerce Settings","nodeKey":"Administrator_MenuEcommerce","ordinalPosition":"6","parentId":608,"RelyingPartyId":2,"RPKey":"LM","tooltip":"Used to enable and configure e-commerce.","url":"app/maintenance/MNT_MerchantInfo.aspx?UserMode=2","activitiesCount":0,"IsEmulationEnabled":false},{"Id":35,"childNodes":[],"description":"(Auditing users only) Used to configure basic e-signatures.","iconPath":null,"integrationMode":3,"IsHidden":false,"helpUrl":"/Content/Learn/WebHelp/Administrator Help/Configure Electronic Signature.htm","IsPortalPage":false,"level":5,"name":"Electronic Signature Settings","nodeKey":"Administrator_MenuCFRMgr","ordinalPosition":"7","parentId":608,"RelyingPartyId":2,"RPKey":"LM","tooltip":"(Auditing users only) Used to configure basic e-signatures.","url":"app/administration/System/CFR/ADM_CFR.aspx?UserMode=2","activitiesCount":0,"IsEmulationEnabled":false},{"Id":36,"childNodes":[],"description":"Used to customize settings for the Learner, Manager, and Administrator Dashboards.","iconPath":null,"integrationMode":3,"IsHidden":false,"helpUrl":"/Content/Learn/User Guides/Learn System Administrator Guide/Dashboard Settings.htm","IsPortalPage":false,"level":5,"name":"Dashboard Settings","nodeKey":"Administrator_MenuHomePageSettings","ordinalPosition":"8","parentId":608,"RelyingPartyId":2,"RPKey":"LM","tooltip":"Used to customize settings for the Learner, Manager, and Administrator Dashboards.","url":"app/maintenance/MNT_HomePageSettings.aspx?UserMode=2","activitiesCount":0,"IsEmulationEnabled":false},{"Id":38,"childNodes":[],"description":"Used to configure manager assignment permissions.","iconPath":null,"integrationMode":3,"IsHidden":false,"helpUrl":"/Content/Learn/WebHelp/Administrator Help/Configure Manager Assignment.htm","IsPortalPage":false,"level":5,"name":"Manager Assignment Settings","nodeKey":"Administrator_MenuMgrAsgnmntSettings","ordinalPosition":"10","parentId":608,"RelyingPartyId":2,"RPKey":"LM","tooltip":"Used to configure manager assignment permissions.","url":"app/administration/ADM_MgrAsgnmntSettings.aspx","activitiesCount":0,"IsEmulationEnabled":false},{"Id":39,"childNodes":[],"description":"Used to upload and manage News that displays in the News widget.","iconPath":null,"integrationMode":3,"IsHidden":false,"helpUrl":"/Content/Learn/User Guides/Learn System Administrator Guide/News Settings and Customization.htm","IsPortalPage":false,"level":5,"name":"News","nodeKey":"Administrator_MenuNews","ordinalPosition":"11","parentId":608,"RelyingPartyId":2,"RPKey":"LM","tooltip":"Used to upload and manage News that displays in the News widget.","url":"app/administration/user/organization/ADM_News.aspx","activitiesCount":0,"IsEmulationEnabled":false},{"Id":40,"childNodes":[],"description":"Used to manage system-defined notifications. ","iconPath":null,"integrationMode":3,"IsHidden":false,"helpUrl":"/Content/Core Platform/Core Platform Guide/Configure Notifications.htm","IsPortalPage":false,"level":5,"name":"Notifications","nodeKey":"Administrator_MenuMessenger","ordinalPosition":"12","parentId":608,"RelyingPartyId":2,"RPKey":"LM","tooltip":"Used to manage system-defined notifications. ","url":"app/administration/notification/ADM_ListNotificationSettings.aspx?UserMode=2","activitiesCount":0,"IsEmulationEnabled":false},{"Id":42,"childNodes":[],"description":"Used to configure registration settings, such as what information displays during self-registration or batch registration.","iconPath":null,"integrationMode":3,"IsHidden":false,"helpUrl":"/Content/Learn/WebHelp/Administrator Help/Configure Registration Panel.htm","IsPortalPage":false,"level":5,"name":"Registration Panel Settings","nodeKey":"Administrator_MenuRegPanel","ordinalPosition":"13","parentId":608,"RelyingPartyId":2,"RPKey":"LM","tooltip":"Used to configure registration settings, such as what information displays during self-registration or batch registration.","url":"app/administration/system/regpanel/ADM_RegPanelSetup.aspx","activitiesCount":0,"IsEmulationEnabled":false},{"Id":41,"childNodes":[],"description":"Used to configure proxy feature.","iconPath":null,"integrationMode":3,"IsHidden":false,"helpUrl":"/Content/Learn/User Guides/Learn System Administrator Guide/Proxy Settings.htm","IsPortalPage":false,"level":5,"name":"Proxy Settings","nodeKey":"Administrator_MenuProxySettings","ordinalPosition":"14","parentId":608,"RelyingPartyId":2,"RPKey":"LM","tooltip":"Used to configure proxy feature.","url":"app/administration/ADM_ProxySettings.aspx","activitiesCount":0,"IsEmulationEnabled":false},{"Id":43,"childNodes":[],"description":"Used to set up Remote Content Servers.","iconPath":null,"integrationMode":3,"IsHidden":false,"helpUrl":"/Content/Learn/WebHelp/Administrator Help/Configure the Remote Content.htm","IsPortalPage":false,"level":5,"name":"Remote Content Server Settings","nodeKey":"Administrator_MenuRemoteServer","ordinalPosition":"15","parentId":608,"RelyingPartyId":2,"RPKey":"LM","tooltip":"Used to set up Remote Content Servers.","url":"app/administration/System/RemoteServer/ADM_RemoteServerSettings.aspx?UserMode=2","activitiesCount":0,"IsEmulationEnabled":false},{"Id":44,"childNodes":[],"description":"Used to determine which security permissions appear on the Role Permissions page.","iconPath":null,"integrationMode":3,"IsHidden":false,"helpUrl":"/Content/Learn/WebHelp/Administrator Help/Configure Role Mask Settings.htm","IsPortalPage":false,"level":5,"name":"Role Mask Settings","nodeKey":"Administrator_MenuRoleMaskMgr","ordinalPosition":"16","parentId":608,"RelyingPartyId":2,"RPKey":"LM","tooltip":"Used to determine which security permissions appear on the Role Permissions page.","url":"app/administration/Security/roles/ADM_EditPermissions.aspx?RoleMask=1","activitiesCount":0,"IsEmulationEnabled":false},{"Id":45,"childNodes":[],"description":"Used to configure Skillsoft OLSA integration.","iconPath":null,"integrationMode":3,"IsHidden":false,"helpUrl":"/Content/Learn/WebHelp/Administrator Help/Configure Skillsoft Settings.htm","IsPortalPage":false,"level":5,"name":"Skillsoft OLSA Settings","nodeKey":"Administrator_MenuSkillsoft","ordinalPosition":"17","parentId":608,"RelyingPartyId":2,"RPKey":"LM","tooltip":"Used to configure Skillsoft OLSA integration.","url":"app/administration/ADM_SkillSoftConfig.aspx","activitiesCount":0,"IsEmulationEnabled":false},{"Id":609,"childNodes":[{"Id":49,"childNodes":[],"description":"Used to configure Adobe Connect integration.","iconPath":null,"integrationMode":3,"IsHidden":false,"helpUrl":"/Content/Learn/WebHelp/Administrator Help/Configure Adobe Connect Settings.htm","IsPortalPage":false,"level":6,"name":"Adobe Connect Settings","nodeKey":"Administrator_MenuAdobe","ordinalPosition":"0","parentId":609,"RelyingPartyId":2,"RPKey":"LM","tooltip":"Used to configure Adobe Connect integration.","url":"app/administration/ADM_AdobeConfig.aspx","activitiesCount":0,"IsEmulationEnabled":false},{"Id":52,"childNodes":[],"description":"Used to configure iLinc integration.","iconPath":null,"integrationMode":3,"IsHidden":false,"helpUrl":"/Content/Learn/WebHelp/Administrator Help/Configure iLinc Settings for.htm","IsPortalPage":false,"level":6,"name":"iLinc Settings","nodeKey":"Administrator_MenuILincManager","ordinalPosition":"1","parentId":609,"RelyingPartyId":2,"RPKey":"LM","tooltip":"Used to configure iLinc integration.","url":"app/administration/ADM_SyncServerConfig.aspx?CP=iLinc","activitiesCount":0,"IsEmulationEnabled":false},{"Id":53,"childNodes":[],"description":"Used to configure Live Meeting integration.","iconPath":null,"integrationMode":3,"IsHidden":false,"helpUrl":"/Content/Learn/WebHelp/Administrator Help/Configure Live Meeting Settings.htm","IsPortalPage":false,"level":6,"name":"Live Meeting Settings","nodeKey":"Administrator_MenuLiveMeeting","ordinalPosition":"2","parentId":609,"RelyingPartyId":2,"RPKey":"LM","tooltip":"Used to configure Live Meeting integration.","url":"app/administration/ADM_SyncServerConfig.aspx?CP=LiveMeeting","activitiesCount":0,"IsEmulationEnabled":false},{"Id":54,"childNodes":[],"description":"Used to configure WebEx.","iconPath":null,"integrationMode":3,"IsHidden":false,"helpUrl":"/Content/Learn/WebHelp/Administrator Help/Configure the WebEx Settings.htm","IsPortalPage":false,"level":6,"name":"WebEx Settings","nodeKey":"Administrator_MenuWebEx","ordinalPosition":"3","parentId":609,"RelyingPartyId":2,"RPKey":"LM","tooltip":"Used to configure WebEx.","url":"app/administration/ADM_SyncServerConfig.aspx?CP=WebEx","activitiesCount":0,"IsEmulationEnabled":false},{"Id":-2181,"childNodes":[],"description":"GoTo Settings","iconPath":null,"integrationMode":3,"IsHidden":false,"helpUrl":"/Content/Learn/WebHelp/Administrator Help/Configure GoTo training Settings for.htm","IsPortalPage":false,"level":6,"name":"GoTo Settings","nodeKey":"Administrator_MenuGoToTraining","ordinalPosition":"4","parentId":609,"RelyingPartyId":2,"RPKey":"LM","tooltip":"GoTo Settings","url":"app/administrator/gototrainingsettings/GetGoToTrainingSetting","activitiesCount":0,"IsEmulationEnabled":false}],"description":null,"iconPath":null,"integrationMode":3,"IsHidden":false,"helpUrl":null,"IsPortalPage":false,"level":5,"name":"Domain Virtual Classrooms","nodeKey":"global_domain_virtual classrooms","ordinalPosition":"20","parentId":608,"RelyingPartyId":9,"RPKey":"ELIXHRUI","tooltip":null,"url":null,"activitiesCount":0,"IsEmulationEnabled":false},{"Id":884,"childNodes":[],"description":null,"iconPath":null,"integrationMode":3,"IsHidden":false,"helpUrl":"/Content/Learn/WebHelp/Administrator Help/Configure Recharge Settings.htm","IsPortalPage":false,"level":5,"name":"Recharge Settings","nodeKey":"Administrator_MenuRechargeSettings","ordinalPosition":"22","parentId":608,"RelyingPartyId":2,"RPKey":"LM","tooltip":null,"url":"app/maintenance/MNT_RechargeSettings.aspx?UserMode=2","activitiesCount":0,"IsEmulationEnabled":false},{"Id":-1118,"childNodes":[],"description":"Displays Content Integrations in Sitemap under Domain Settings","iconPath":null,"integrationMode":3,"IsHidden":false,"helpUrl":null,"IsPortalPage":false,"level":5,"name":"Content Integrations","nodeKey":"Administrator_MenuDomContentIntegration","ordinalPosition":"23","parentId":608,"RelyingPartyId":2,"RPKey":"LM","tooltip":"Displays Content Integrations in Sitemap under Domain Settings","url":"app/administrator/contentintegration","activitiesCount":0,"IsEmulationEnabled":false},{"Id":885,"childNodes":[],"description":null,"iconPath":null,"integrationMode":3,"IsHidden":false,"helpUrl":"/Content/Learn/WebHelp/Administrator Help/Configure Domain Level Audience.htm","IsPortalPage":false,"level":5,"name":"Audience Settings","nodeKey":"Administrator_MenuDomAudienceSettings","ordinalPosition":"24","parentId":608,"RelyingPartyId":2,"RPKey":"LM","tooltip":null,"url":"app/administration/ADM_AudienceSettings.aspx?UserMode=2","activitiesCount":0,"IsEmulationEnabled":false},{"Id":1085,"childNodes":[],"description":"Form-Based Approval Workflows","iconPath":null,"integrationMode":3,"IsHidden":false,"helpUrl":"/Content/Learn/WebHelp/Administrator Help/Create and Manage Form-Based Approval Workflows.htm","IsPortalPage":false,"level":5,"name":"Form-Based Approval Workflows","nodeKey":"Administrator_MenuWorkflow","ordinalPosition":"25","parentId":608,"RelyingPartyId":2,"RPKey":"LM","tooltip":"Form-Based Approval Workflows","url":"app/learner/ApprovalWorkflow/ListApprovalWorkflow","activitiesCount":0,"IsEmulationEnabled":false},{"Id":-2142,"childNodes":[],"description":"Training Request Approval Settings","iconPath":null,"integrationMode":3,"IsHidden":false,"helpUrl":"/Content/Learn/WebHelp/Administrator Help/Configure Training Request Approval Settings.htm","IsPortalPage":false,"level":5,"name":"Training Request Approval Settings","nodeKey":"Administrator_MenuTrainingRequestApprovalSettings","ordinalPosition":"26","parentId":608,"RelyingPartyId":2,"RPKey":"LM","tooltip":"Training Request Approval Settings","url":"app/administrator/TrainingRequest/GetTrainingRequestApprovers","activitiesCount":0,"IsEmulationEnabled":false},{"Id":-2147,"childNodes":[],"description":"Used to configure gamification settings in Learn under Domain Settings","iconPath":null,"integrationMode":3,"IsHidden":false,"helpUrl":"/Content/Learn/WebHelp/Administrator Help/Configure Domain Gamification Settings.htm","IsPortalPage":false,"level":5,"name":"Gamification Settings","nodeKey":"Administrator_MenuGamificationSettings","ordinalPosition":"27","parentId":608,"RelyingPartyId":2,"RPKey":"LM","tooltip":"Used to configure gamification settings in Learn under Domain Settings","url":"app/administrator/gamificationsettings","activitiesCount":0,"IsEmulationEnabled":false},{"Id":-2192,"childNodes":[],"description":"Domain level Virtual Lab settings","iconPath":null,"integrationMode":3,"IsHidden":false,"helpUrl":null,"IsPortalPage":false,"level":5,"name":"Virtual Lab Integrations","nodeKey":"Administrator_MenuVirtualLab","ordinalPosition":"28","parentId":608,"RelyingPartyId":2,"RPKey":"LM","tooltip":"Domain level Virtual Lab settings","url":"app/administrator/VirtualLab","activitiesCount":0,"IsEmulationEnabled":false}],"description":null,"iconPath":null,"integrationMode":3,"IsHidden":false,"helpUrl":null,"IsPortalPage":false,"level":4,"name":"Domain Settings","nodeKey":"global_domain_settings","ordinalPosition":"2","parentId":604,"RelyingPartyId":9,"RPKey":"ELIXHRUI","tooltip":null,"url":null,"activitiesCount":0,"IsEmulationEnabled":false},{"Id":610,"childNodes":[{"Id":93,"childNodes":[],"description":"Used to customize the fields the system searches when users look for learning activities via Enterprise Search.","iconPath":null,"integrationMode":3,"IsHidden":false,"helpUrl":"/Content/Learn/User Guides/Learn System Administrator Guide/Activity Search Settings.htm","IsPortalPage":false,"level":5,"name":"Activity Search Settings","nodeKey":"Administrator_MenuBasicSearchSettings","ordinalPosition":"0","parentId":610,"RelyingPartyId":2,"RPKey":"LM","tooltip":"Used to customize the fields the system searches when users look for learning activities via Enterprise Search.","url":"app/maintenance/MNT_BasicSearchSettings.aspx?UserMode=2","activitiesCount":0,"IsEmulationEnabled":false},{"Id":94,"childNodes":[],"description":"Used to manage the statuses used to described learning activities (such as cancelled or postponed).","iconPath":null,"integrationMode":3,"IsHidden":false,"helpUrl":"/Content/Learn/WebHelp/Administrator Help/Add a New Choice Activity Status.htm","IsPortalPage":false,"level":5,"name":"Activity Status","nodeKey":"Administrator_MenuEventStatus","ordinalPosition":"1","parentId":610,"RelyingPartyId":2,"RPKey":"LM","tooltip":"Used to manage the statuses used to described learning activities (such as cancelled or postponed).","url":"app/administration/Security/SupplementalData/ADM_ListData.aspx?DataMode=EvtStat&UserMode=2","activitiesCount":0,"IsEmulationEnabled":false},{"Id":95,"childNodes":[],"description":"Used to manage learning activity types (such as Class or ILT Course).","iconPath":null,"integrationMode":3,"IsHidden":false,"helpUrl":"/Content/Learn/WebHelp/Administrator Help/Add a New Choice Activity Type.htm","IsPortalPage":false,"level":5,"name":"Activity Types","nodeKey":"Administrator_MenuActivityTypes","ordinalPosition":"2","parentId":610,"RelyingPartyId":2,"RPKey":"LM","tooltip":"Used to manage learning activity types (such as Class or ILT Course).","url":"app/administration/Security/SupplementalData/ADM_ListData.aspx?DataMode=ActLabel&UserMode=2","activitiesCount":0,"IsEmulationEnabled":false},{"Id":25,"childNodes":[],"description":"(Auditing and E-Signature enabled users only) Used to create and manage the \"Reason for Change\" selection users provide when prompted for their e-signature after making changes to user accounts and learning activities.","iconPath":null,"integrationMode":3,"IsHidden":false,"helpUrl":"/Content/Learn/WebHelp/Administrator Help/View Reason for Change.htm","IsPortalPage":false,"level":5,"name":"Reason for Change","nodeKey":"Administrator_MenuReasonForChange","ordinalPosition":"3","parentId":610,"RelyingPartyId":2,"RPKey":"LM","tooltip":"(Auditing and E-Signature enabled users only) Used to create and manage the \"Reason for Change\" selection users provide when prompted for their e-signature after making changes to user accounts and learning activities.","url":"app/administration/security/SupplementalData/ADM_ListData.aspx?DataMode=Audit_Reason&UserMode=2","activitiesCount":0,"IsEmulationEnabled":false},{"Id":664,"childNodes":[],"description":"Used to configure the Recommended Activities and Recommended Courses widget.","iconPath":null,"integrationMode":3,"IsHidden":false,"helpUrl":"/Content/Learn/WebHelp/Administrator Help/Recommended Learning Configuration.htm","IsPortalPage":false,"level":5,"name":"Recommended Activities","nodeKey":"common_tasks_recommendations","ordinalPosition":"4","parentId":610,"RelyingPartyId":9,"RPKey":"ELIXHRUI","tooltip":"Used to configure the Recommended Activities and Recommended Courses widget.","url":"#/recommendedLearning","activitiesCount":0,"IsEmulationEnabled":false},{"Id":55,"childNodes":[],"description":"Used to configure settings related to the audience and related objects.","iconPath":null,"integrationMode":3,"IsHidden":false,"helpUrl":"/Content/Learn/WebHelp/Administrator Help/Configure Global Level Audience.htm","IsPortalPage":false,"level":5,"name":"Audience Settings","nodeKey":"Administrator_MenuAudienceSettings","ordinalPosition":"5","parentId":610,"RelyingPartyId":2,"RPKey":"LM","tooltip":"Used to configure settings related to the audience and related objects.","url":"app/administration/user/Audience/ADM_AudienceSettings.aspx?UserMode=2","activitiesCount":0,"IsEmulationEnabled":false},{"Id":56,"childNodes":[],"description":"Used to update CE Requirement settings.","iconPath":null,"integrationMode":3,"IsHidden":false,"helpUrl":"/Content/Learn/WebHelp/Administrator Help/Configure Continuing Education.htm","IsPortalPage":false,"level":5,"name":"Continuing Education Settings","nodeKey":"Administrator_MenuCESettings","ordinalPosition":"6","parentId":610,"RelyingPartyId":2,"RPKey":"LM","tooltip":"Used to update CE Requirement settings.","url":"app/maintenance/MNT_CESettings.aspx?UserMode=2","activitiesCount":0,"IsEmulationEnabled":false},{"Id":57,"childNodes":[],"description":"Used to activate or inactivate available currencies users can select when paying for items in Learn.","iconPath":null,"integrationMode":3,"IsHidden":false,"helpUrl":"/Content/Learn/WebHelp/Administrator Help/Update Currency Settings.htm","IsPortalPage":false,"level":5,"name":"Currency Settings","nodeKey":"Administrator_MenuCurrencySettings","ordinalPosition":"7","parentId":610,"RelyingPartyId":2,"RPKey":"LM","tooltip":"Used to activate or inactivate available currencies users can select when paying for items in Learn.","url":"app/maintenance/MNT_CurrencySettings.aspx?UserMode=2","activitiesCount":0,"IsEmulationEnabled":false},{"Id":59,"childNodes":[],"description":"Used to determine acceptable file types to use when uploading content to Learn.","iconPath":null,"integrationMode":3,"IsHidden":false,"helpUrl":"/Content/Learn/WebHelp/Administrator Help/Configure Security Settings.htm","IsPortalPage":false,"level":5,"name":"File Upload Security","nodeKey":"Administrator_MenuUploadSecurity","ordinalPosition":"9","parentId":610,"RelyingPartyId":2,"RPKey":"LM","tooltip":"Used to determine acceptable file types to use when uploading content to Learn.","url":"app/administration/security/FileTypes/ADM_SupportedFileTypes.aspx?UserMode=2","activitiesCount":0,"IsEmulationEnabled":false},{"Id":60,"childNodes":[],"description":"Used to configure a number of basic global settings, including approval and observation checklist settings.","iconPath":null,"integrationMode":3,"IsHidden":false,"helpUrl":"/Content/Learn/WebHelp/Administrator Help/Configure General Settings.htm","IsPortalPage":false,"level":5,"name":"General Settings","nodeKey":"Administrator_MenuGeneralSettings","ordinalPosition":"10","parentId":610,"RelyingPartyId":2,"RPKey":"LM","tooltip":"Used to configure a number of basic global settings, including approval and observation checklist settings.","url":"app/maintenance/MNT_GeneralSettings.aspx?UserMode=2","activitiesCount":0,"IsEmulationEnabled":false},{"Id":86,"childNodes":[],"description":"Used to set options for remote content servers. (To configure remote content servers, access Global Settings >Remote Content Servers).","iconPath":null,"integrationMode":3,"IsHidden":false,"helpUrl":"/Content/Learn/WebHelp/Administrator Help/Configure Remote Content Server.htm","IsPortalPage":false,"level":5,"name":"Remote Content Servers","nodeKey":"Administrator_MenuRemoteServers","ordinalPosition":"11","parentId":610,"RelyingPartyId":2,"RPKey":"LM","tooltip":"Used to set options for remote content servers. (To configure remote content servers, access Global Settings >Remote Content Servers).","url":"app/administration/system/RemoteServer/ADM_ListRemoteServers.aspx?UserMode=2","activitiesCount":0,"IsEmulationEnabled":false},{"Id":62,"childNodes":[],"description":"Used to activate or inactivate available languages administrators can use to enter translations.","iconPath":null,"integrationMode":3,"IsHidden":false,"helpUrl":"/Content/Learn/WebHelp/Administrator Help/Revise Language Settings.htm","IsPortalPage":false,"level":5,"name":"Language Settings","nodeKey":"Administrator_MenuLanguageSettings","ordinalPosition":"12","parentId":610,"RelyingPartyId":2,"RPKey":"LM","tooltip":"Used to activate or inactivate available languages administrators can use to enter translations.","url":"app/maintenance/MNT_LanguageSettings.aspx?UserMode=2","activitiesCount":0,"IsEmulationEnabled":false},{"Id":65,"childNodes":[],"description":"Used to assign and associate metadata with learning activities.","iconPath":null,"integrationMode":3,"IsHidden":false,"helpUrl":"/Content/Learn/WebHelp/Administrator Help/Working with Metadata.htm","IsPortalPage":false,"level":5,"name":"Metadata Settings","nodeKey":"Administrator_MenuMetadataSettings","ordinalPosition":"14","parentId":610,"RelyingPartyId":2,"RPKey":"LM","tooltip":"Used to assign and associate metadata with learning activities.","url":"app/administration/ADM_MetadataSettings.aspx?UserMode=2","activitiesCount":0,"IsEmulationEnabled":false},{"Id":68,"childNodes":[],"description":"Used to integrate with SharePoint.","iconPath":null,"integrationMode":3,"IsHidden":false,"helpUrl":"/Content/Learn/WebHelp/Administrator Help/Integrate with SharePoint.htm","IsPortalPage":false,"level":5,"name":"SharePoint Integration Settings","nodeKey":"Administrator_MenuSPIntegrationSettings","ordinalPosition":"15","parentId":610,"RelyingPartyId":2,"RPKey":"LM","tooltip":"Used to integrate with SharePoint.","url":"app/maintenance/MNT_SPIntegrationSettings.aspx?UserMode=2","activitiesCount":0,"IsEmulationEnabled":false},{"Id":69,"childNodes":[],"description":"(Auditing and e-signature enabled users only) Used to view translated signatures.","iconPath":null,"integrationMode":3,"IsHidden":false,"helpUrl":"/Content/Learn/WebHelp/Administrator Help/View Signature Meaning.htm","IsPortalPage":false,"level":5,"name":"Signature Meaning","nodeKey":"Administrator_MenuSignatureMeaning","ordinalPosition":"16","parentId":610,"RelyingPartyId":2,"RPKey":"LM","tooltip":"(Auditing and e-signature enabled users only) Used to view translated signatures.","url":"app/administration/security/SupplementalData/ADM_ListData.aspx?DataMode=Signature_Meaning&UserMode=2","activitiesCount":0,"IsEmulationEnabled":false},{"Id":879,"childNodes":[],"description":null,"iconPath":null,"integrationMode":3,"IsHidden":false,"helpUrl":"/Content/Learn/WebHelp/Administrator Help/Configure Extended Enterprise.htm","IsPortalPage":false,"level":5,"name":"Extended Enterprise Settings","nodeKey":"Administrator_MenuExtendedEnterpriseSettings","ordinalPosition":"17","parentId":610,"RelyingPartyId":2,"RPKey":"LM","tooltip":null,"url":"app/../administrator/maintenance/extendedenterprisesetting?UserMode=2","activitiesCount":0,"IsEmulationEnabled":false},{"Id":-2141,"childNodes":[],"description":"Training Request Field Security","iconPath":null,"integrationMode":3,"IsHidden":false,"helpUrl":"/Content/Learn/WebHelp/Administrator Help/Configure Training Request Field Security.htm","IsPortalPage":false,"level":5,"name":"Training Request Field Security","nodeKey":"Administrator_MenuTrainingRequestFieldSecurity","ordinalPosition":"18","parentId":610,"RelyingPartyId":2,"RPKey":"LM","tooltip":"Training Request Field Security","url":"app/administrator/trainingrequest/FieldSecurity","activitiesCount":0,"IsEmulationEnabled":false},{"Id":-2150,"childNodes":[],"description":"HBP Integration Settings","iconPath":null,"integrationMode":3,"IsHidden":false,"helpUrl":"Content/Learn/WebHelp/Administrator Help/Integrate HBP.htm","IsPortalPage":false,"level":5,"name":"HBP Integration Settings","nodeKey":"Administrator_MenuHBPIntegrationSettings","ordinalPosition":"19","parentId":610,"RelyingPartyId":2,"RPKey":"LM","tooltip":"HBP Integration Settings","url":"app/../administrator/system/hbpintegration?UserMode=2","activitiesCount":0,"IsEmulationEnabled":false}],"description":null,"iconPath":null,"integrationMode":3,"IsHidden":false,"helpUrl":null,"IsPortalPage":false,"level":4,"name":"Global Settings","nodeKey":"global_global_settings","ordinalPosition":"3","parentId":604,"RelyingPartyId":9,"RPKey":"ELIXHRUI","tooltip":null,"url":null,"activitiesCount":0,"IsEmulationEnabled":false},{"Id":611,"childNodes":[{"Id":88,"childNodes":[],"description":"Used to manage types of accounts used on the Domain Resources >Accounts page.","iconPath":null,"integrationMode":3,"IsHidden":false,"helpUrl":"/Content/Learn/User Guides/E-Com and EE Guide/Manage Account Types.htm","IsPortalPage":false,"level":5,"name":"Account Types","nodeKey":"Administrator_MenuAccountTypes","ordinalPosition":"0","parentId":611,"RelyingPartyId":2,"RPKey":"LM","tooltip":"Used to manage types of accounts used on the Domain Resources >Accounts page.","url":"app/administration/Security/SupplementalData/ADM_ListData.aspx?DataMode=AccountType&UserMode=2","activitiesCount":0,"IsEmulationEnabled":false},{"Id":89,"childNodes":[],"description":"Used to types of accounts used on the Domain Resources >Equipment page.","iconPath":null,"integrationMode":3,"IsHidden":false,"helpUrl":"/Content/Learn/WebHelp/Administrator Help/Define Equipment Types.htm","IsPortalPage":false,"level":5,"name":"Equipment Types","nodeKey":"Administrator_MenuEquipmentTypes","ordinalPosition":"1","parentId":611,"RelyingPartyId":2,"RPKey":"LM","tooltip":"Used to types of accounts used on the Domain Resources >Equipment page.","url":"app/administration/Security/SupplementalData/ADM_ListData.aspx?DataMode=EquipCatgy&UserMode=2","activitiesCount":0,"IsEmulationEnabled":false},{"Id":70,"childNodes":[],"description":"Used to manage values in the Approvals list (such as Pending or Approved).","iconPath":null,"integrationMode":3,"IsHidden":false,"helpUrl":"/Content/Learn/WebHelp/Administrator Help/Add a New Choice in the Approvals.htm","IsPortalPage":false,"level":5,"name":"Approval Terms","nodeKey":"Administrator_MenuApprovalsSettings","ordinalPosition":"2","parentId":611,"RelyingPartyId":2,"RPKey":"LM","tooltip":"Used to manage values in the Approvals list (such as Pending or Approved).","url":"app/administration/Security/SupplementalData/ADM_ListData.aspx?DataMode=ApprStat&UserMode=2","activitiesCount":0,"IsEmulationEnabled":false},{"Id":71,"childNodes":[],"description":"Used to specify a reason for continuing education (CE) adjustments.","iconPath":null,"integrationMode":3,"IsHidden":false,"helpUrl":"/Content/Learn/User Guides/Continuing Education (CE) User Guide/Manage CE Adjustment Reasons.htm","IsPortalPage":false,"level":5,"name":"CE Adjustment Reasons","nodeKey":"Administrator_MenuCEAdjustmentReasons","ordinalPosition":"3","parentId":611,"RelyingPartyId":2,"RPKey":"LM","tooltip":"Used to specify a reason for continuing education (CE) adjustments.","url":"app/administration/Security/SupplementalData/ADM_ListData.aspx?DataMode=CEAdjustmentReason&amp;UserMode=2","activitiesCount":0,"IsEmulationEnabled":false},{"Id":72,"childNodes":[],"description":"Used to create and manage category types for CE (such as Accounting).","iconPath":null,"integrationMode":3,"IsHidden":false,"helpUrl":"/Content/Learn/User Guides/Continuing Education (CE) User Guide/Manage CE Credit CategoryTypes.htm","IsPortalPage":false,"level":5,"name":"CE Credit Category Types","nodeKey":"Administrator_MenuCreditCatType","ordinalPosition":"4","parentId":611,"RelyingPartyId":2,"RPKey":"LM","tooltip":"Used to create and manage category types for CE (such as Accounting).","url":"app/administration/Security/SupplementalData/ADM_ListData.aspx?DataMode=CreditCatType&UserMode=2","activitiesCount":0,"IsEmulationEnabled":false},{"Id":73,"childNodes":[],"description":"Used to manage regions used when tracking CE.","iconPath":null,"integrationMode":3,"IsHidden":false,"helpUrl":"/Content/Learn/User Guides/Continuing Education (CE) User Guide/Create and Update CE Regions.htm","IsPortalPage":false,"level":5,"name":"CE Regions","nodeKey":"Administrator_MenuCERegion","ordinalPosition":"5","parentId":611,"RelyingPartyId":2,"RPKey":"LM","tooltip":"Used to manage regions used when tracking CE.","url":"app/administration/Security/SupplementalData/ADM_ListData.aspx?DataMode=CERegion&UserMode=2","activitiesCount":0,"IsEmulationEnabled":false},{"Id":74,"childNodes":[],"description":"Used to manage types of requirements for different professions in order to track CE.","iconPath":null,"integrationMode":3,"IsHidden":false,"helpUrl":"/Content/Learn/User Guides/Continuing Education (CE) User Guide/Manage CE Requirement Types.htm","IsPortalPage":false,"level":5,"name":"CE Requirement Types","nodeKey":"Administrator_MenuReqType","ordinalPosition":"6","parentId":611,"RelyingPartyId":2,"RPKey":"LM","tooltip":"Used to manage types of requirements for different professions in order to track CE.","url":"app/administration/Security/SupplementalData/ADM_ListData.aspx?DataMode=ReqType&UserMode=2","activitiesCount":0,"IsEmulationEnabled":false},{"Id":75,"childNodes":[],"description":"Used to create and manage observation checklist categories.","iconPath":null,"integrationMode":3,"IsHidden":false,"helpUrl":"/Content/Learn/User Guides/Role Based User Guides/Add Checklist Categories.htm","IsPortalPage":false,"level":5,"name":"Checklist Categories","nodeKey":"Administrator_MenuAdminChecklistCategory","ordinalPosition":"7","parentId":611,"RelyingPartyId":2,"RPKey":"LM","tooltip":"Used to create and manage observation checklist categories.","url":"app/administration/Security/SupplementalData/ADM_ListData.aspx?DataMode=OCLCategories&UserMode=2","activitiesCount":0,"IsEmulationEnabled":false},{"Id":76,"childNodes":[],"description":"Used to create and manage observation checklist tasks.","iconPath":null,"integrationMode":3,"IsHidden":false,"helpUrl":"/Content/Learn/User Guides/Role Based User Guides/Add Checklist Tasks.htm","IsPortalPage":false,"level":5,"name":"Checklist Tasks","nodeKey":"Administrator_MenuAdminChecklistTasks","ordinalPosition":"8","parentId":611,"RelyingPartyId":2,"RPKey":"LM","tooltip":"Used to create and manage observation checklist tasks.","url":"app/administration/Security/SupplementalData/ADM_ListData.aspx?DataMode=OCLTasks&UserMode=2","activitiesCount":0,"IsEmulationEnabled":false},{"Id":77,"childNodes":[],"description":"Used to manage the property setting used to describe the subject matter covered by an activity (for metadata purposes).","iconPath":null,"integrationMode":3,"IsHidden":false,"helpUrl":"/Content/Learn/WebHelp/Administrator Help/Add a New Choice in the Content.htm","IsPortalPage":false,"level":5,"name":"Content Types","nodeKey":"Administrator_MenuContentTypes","ordinalPosition":"9","parentId":611,"RelyingPartyId":2,"RPKey":"LM","tooltip":"Used to manage the property setting used to describe the subject matter covered by an activity (for metadata purposes).","url":"app/administration/Security/SupplementalData/ADM_ListData.aspx?DataMode=ConType&UserMode=2","activitiesCount":0,"IsEmulationEnabled":false},{"Id":78,"childNodes":[],"description":"Used to manage specify a category for the cost of a learning activity.","iconPath":null,"integrationMode":3,"IsHidden":false,"helpUrl":"/Content/Learn/WebHelp/Administrator Help/Define Cost Categories.htm","IsPortalPage":false,"level":5,"name":"Cost Categories","nodeKey":"Administrator_MenuCostCatgy","ordinalPosition":"10","parentId":611,"RelyingPartyId":2,"RPKey":"LM","tooltip":"Used to manage specify a category for the cost of a learning activity.","url":"app/administration/Security/SupplementalData/ADM_ListData.aspx?DataMode=CostCatgy&UserMode=2","activitiesCount":0,"IsEmulationEnabled":false},{"Id":79,"childNodes":[],"description":"Used to manage decertification reasons managers can select when decertifying a certification.","iconPath":null,"integrationMode":3,"IsHidden":false,"helpUrl":"/Content/Learn/WebHelp/Administrator Help/Define Decertification Reasons.htm","IsPortalPage":false,"level":5,"name":"Decertification Reasons","nodeKey":"Administrator_MenuDeCertifyReason","ordinalPosition":"11","parentId":611,"RelyingPartyId":2,"RPKey":"LM","tooltip":"Used to manage decertification reasons managers can select when decertifying a certification.","url":"app/administration/Security/SupplementalData/ADM_ListData.aspx?DataMode=DeCertifyReason&UserMode=2","activitiesCount":0,"IsEmulationEnabled":false},{"Id":80,"childNodes":[],"description":"Used to manage the property setting used to describe how an activity is offered (for metadata purposes).","iconPath":null,"integrationMode":3,"IsHidden":false,"helpUrl":"/Content/Learn/WebHelp/Administrator Help/Manage Delivery Methods.htm","IsPortalPage":false,"level":5,"name":"Delivery Methods","nodeKey":"Administrator_MenuLLeDef","ordinalPosition":"12","parentId":611,"RelyingPartyId":2,"RPKey":"LM","tooltip":"Used to manage the property setting used to describe how an activity is offered (for metadata purposes).","url":"app/administration/Security/SupplementalData/ADM_ListData.aspx?DataMode=LEMtd&UserMode=2","activitiesCount":0,"IsEmulationEnabled":false},{"Id":81,"childNodes":[],"description":"Used to create and manage grades (such as \"A\") used on grading scales.","iconPath":null,"integrationMode":3,"IsHidden":false,"helpUrl":"/Content/Learn/User Guides/Role Based User Guides/Create and Manage Grades.htm","IsPortalPage":false,"level":5,"name":"Grades","nodeKey":"Administrator_MenuGrades","ordinalPosition":"13","parentId":611,"RelyingPartyId":2,"RPKey":"LM","tooltip":"Used to create and manage grades (such as \"A\") used on grading scales.","url":"app/administration/Security/SupplementalData/ADM_ListData.aspx?DataMode=Grd&UserMode=2","activitiesCount":0,"IsEmulationEnabled":false},{"Id":82,"childNodes":[],"description":"Used to manage the property setting used to describe the type of media used for an activity (for metadata purposes).","iconPath":null,"integrationMode":3,"IsHidden":false,"helpUrl":"/Content/Learn/WebHelp/Administrator Help/Add a New Choice in the Media.htm","IsPortalPage":false,"level":5,"name":"Media Types","nodeKey":"Administrator_MenuMediaTypes","ordinalPosition":"14","parentId":611,"RelyingPartyId":2,"RPKey":"LM","tooltip":"Used to manage the property setting used to describe the type of media used for an activity (for metadata purposes).","url":"app/administration/Security/SupplementalData/ADM_ListData.aspx?DataMode=MedType&UserMode=2","activitiesCount":0,"IsEmulationEnabled":false},{"Id":83,"childNodes":[],"description":"Used to specify how attendees will be paying for an activity.","iconPath":null,"integrationMode":3,"IsHidden":false,"helpUrl":"/Content/Learn/WebHelp/Administrator Help/Add a New Choice in the Payment.htm","IsPortalPage":false,"level":5,"name":"Payment Terms","nodeKey":"Administrator_MenuPayTerm","ordinalPosition":"15","parentId":611,"RelyingPartyId":2,"RPKey":"LM","tooltip":"Used to specify how attendees will be paying for an activity.","url":"app/administration/Security/SupplementalData/ADM_ListData.aspx?DataMode=PayTerm&UserMode=2","activitiesCount":0,"IsEmulationEnabled":false},{"Id":85,"childNodes":[],"description":"Used to manage the regulatory bodies administrators can select when setting up a certification.","iconPath":null,"integrationMode":3,"IsHidden":false,"helpUrl":"/Content/Learn/WebHelp/Administrator Help/Add a New Regulatory Body.htm","IsPortalPage":false,"level":5,"name":"Regulatory Bodies","nodeKey":"Administrator_MenuRegBody","ordinalPosition":"16","parentId":611,"RelyingPartyId":2,"RPKey":"LM","tooltip":"Used to manage the regulatory bodies administrators can select when setting up a certification.","url":"app/administration/Security/SupplementalData/ADM_ListData.aspx?DataMode=RegBody&UserMode=2","activitiesCount":0,"IsEmulationEnabled":false},{"Id":87,"childNodes":[],"description":"Used to set security permissions for various user roles (such as Learner or Manager).","iconPath":null,"integrationMode":3,"IsHidden":false,"helpUrl":"/Content/Learn/WebHelp/Administrator Help/Managing Security Roles.htm","IsPortalPage":false,"level":5,"name":"Role Management","nodeKey":"Administrator_MenuRoleMgr","ordinalPosition":"17","parentId":611,"RelyingPartyId":2,"RPKey":"LM","tooltip":"Used to set security permissions for various user roles (such as Learner or Manager).","url":"app/administration/Security/roles/ADM_ListRoles.aspx","activitiesCount":0,"IsEmulationEnabled":false},{"Id":365,"childNodes":[],"description":"Used to create and manage grading scales (such as \"Alphabetical\") administrators can assign to learning activities.","iconPath":null,"integrationMode":3,"IsHidden":false,"helpUrl":"/Content/Learn/User Guides/Role Based User Guides/Create and Manage Grading.htm","IsPortalPage":false,"level":5,"name":"Grading Scale","nodeKey":"Administrator_GradingScales","ordinalPosition":"18","parentId":611,"RelyingPartyId":2,"RPKey":"LM","tooltip":"Used to create and manage grading scales (such as \"Alphabetical\") administrators can assign to learning activities.","url":"app/administrator/assess/gradingscale/gradingscale/listgradingscale","activitiesCount":0,"IsEmulationEnabled":false}],"description":"Used to manage values in the Priority lists for skills and competencies.","iconPath":null,"integrationMode":3,"IsHidden":false,"helpUrl":null,"IsPortalPage":false,"level":4,"name":"Learn Configuration","nodeKey":"global_learn_configuration","ordinalPosition":"4","parentId":604,"RelyingPartyId":9,"RPKey":"ELIXHRUI","tooltip":"Used to manage values in the Priority lists for skills and competencies.","url":null,"activitiesCount":0,"IsEmulationEnabled":false}],"description":null,"iconPath":null,"integrationMode":3,"IsHidden":false,"helpUrl":null,"IsPortalPage":false,"level":3,"name":"Learning","nodeKey":"global_learning","ordinalPosition":"0","parentId":629,"RelyingPartyId":9,"RPKey":"ELIXHRUI","tooltip":null,"url":null,"activitiesCount":0,"IsEmulationEnabled":false},{"Id":613,"childNodes":[{"Id":90,"childNodes":[],"description":"Used to access system settings, system management tools, batch processes, and so on.","iconPath":null,"integrationMode":3,"IsHidden":false,"helpUrl":"/Content/Talent/Talent Administration/Manage the Talent System.htm","IsPortalPage":false,"level":4,"name":"System","nodeKey":"admin_system","ordinalPosition":"0","parentId":613,"RelyingPartyId":5,"RPKey":"TM","tooltip":"Used to access system settings, system management tools, batch processes, and so on.","url":"scripts/lightyearisapi.dll?parsetemplate&template=admin/admin_wkspc.htm&sidebargroupid=admin.system&employeepicker=portalgroupid%3dadmin%26portalitemid%3dsystem","activitiesCount":0,"IsEmulationEnabled":false},{"Id":91,"childNodes":[],"description":"Used to access designers used to configure advanced Talent settings.","iconPath":null,"integrationMode":3,"IsHidden":false,"helpUrl":"/Content/Talent/Advanced Configuration/Talent Advanced Configuration.htm","IsPortalPage":false,"level":4,"name":"Advanced","nodeKey":"admin_config","ordinalPosition":"1","parentId":613,"RelyingPartyId":5,"RPKey":"TM","tooltip":"Used to access designers used to configure advanced Talent settings.","url":"scripts/lightyearisapi.dll?parsetemplate&template=admin/admin_wkspc.htm&sidebargroupid=admin.config&employeepicker=portalgroupid%3dadmin%26portalitemid%3dconfig","activitiesCount":0,"IsEmulationEnabled":false}],"description":null,"iconPath":null,"integrationMode":3,"IsHidden":false,"helpUrl":null,"IsPortalPage":false,"level":3,"name":"Talent","nodeKey":"global_talent","ordinalPosition":"1","parentId":629,"RelyingPartyId":9,"RPKey":"ELIXHRUI","tooltip":null,"url":null,"activitiesCount":0,"IsEmulationEnabled":false}],"description":null,"iconPath":null,"integrationMode":3,"IsHidden":false,"helpUrl":null,"IsPortalPage":false,"level":2,"name":"Setup","nodeKey":"global_configuration","ordinalPosition":"2","parentId":1,"RelyingPartyId":9,"RPKey":"ELIXHRUI","tooltip":null,"url":null,"activitiesCount":0,"IsEmulationEnabled":false}],"description":null,"iconPath":"fa-admin-custom","integrationMode":3,"IsHidden":false,"helpUrl":null,"IsPortalPage":false,"level":1,"name":"Administration","nodeKey":"admin_header","ordinalPosition":"3","parentId":null,"RelyingPartyId":9,"RPKey":"ELIXHRUI","tooltip":null,"url":"#/admindashboard","activitiesCount":0,"IsEmulationEnabled":false},{"Id":3,"childNodes":[],"description":"Displays the log in the Header menu, used to access the home dashboard.","iconPath":null,"integrationMode":3,"IsHidden":false,"helpUrl":"/Content/Core Platform/Core Platform Guide/Dashboards.htm","IsPortalPage":false,"level":1,"name":"Home","nodeKey":"home_header","ordinalPosition":"4","parentId":null,"RelyingPartyId":9,"RPKey":"ELIXHRUI","tooltip":"Displays the log in the Header menu, used to access the home dashboard.","url":"#","activitiesCount":0,"IsEmulationEnabled":false},{"Id":5,"childNodes":[],"description":"Used to access Enterprise Search.","iconPath":"fa fa-search","integrationMode":3,"IsHidden":false,"helpUrl":"/Content/Core Platform/Core Platform Guide/Using Enterprise Search.htm","IsPortalPage":false,"level":1,"name":"Search","nodeKey":"search_header","ordinalPosition":"5","parentId":null,"RelyingPartyId":9,"RPKey":"ELIXHRUI","tooltip":"Used to access Enterprise Search.","url":"#/search","activitiesCount":0,"IsEmulationEnabled":false},{"Id":2,"childNodes":[],"description":"Used to open the personal Alerts Timeline.","iconPath":"fa fa-list-ul","integrationMode":3,"IsHidden":false,"helpUrl":"/Content/Core Platform/Core Platform Guide/View Your Timeline and Alerts.htm","IsPortalPage":false,"level":1,"name":"Alert","nodeKey":"alert_header","ordinalPosition":"6","parentId":null,"RelyingPartyId":9,"RPKey":"ELIXHRUI","tooltip":"Used to open the personal Alerts Timeline.","url":null,"activitiesCount":0,"IsEmulationEnabled":false},{"Id":668,"childNodes":[],"description":"Used to access online help.","iconPath":"fa fa-question-circle","integrationMode":3,"IsHidden":false,"helpUrl":null,"IsPortalPage":false,"level":1,"name":"Help","nodeKey":"help_header","ordinalPosition":"7","parentId":null,"RelyingPartyId":9,"RPKey":"ELIXHRUI","tooltip":"Used to access online help.","url":null,"activitiesCount":0,"IsEmulationEnabled":false},{"Id":766,"childNodes":[],"description":"Used to view the current domain and switch to a different one. Displays at the top of the Administration menu.","iconPath":null,"integrationMode":3,"IsHidden":false,"helpUrl":"/Content/Learn/User Guides/Learn System Administrator Guide/Access and Navigate Between.htm","IsPortalPage":false,"level":1,"name":"Global","nodeKey":"Administrator_SwitchDomain","ordinalPosition":"9","parentId":null,"RelyingPartyId":2,"RPKey":"LM","tooltip":"Used to view the current domain and switch to a different one. Displays at the top of the Administration menu.","url":"app/administration/user/domain/ADM_ListViewDomains.aspx?Mode=1&Caller=0&Type=1&UserMode=2","activitiesCount":0,"IsEmulationEnabled":false}],"PillarsByKey":{"Expense":{"changePasswordUrl":"http://cl12sales.sumtotaldevelopment.net/portalWS/services/passwordManagementService","forgotPasswordUrl":"http://cl12sales.sumtotaldevelopment.net/expense/session.do?method=forgotPassword","hasMyTasks":false,"hasPortalHomescreen":true,"hasSitemap":true,"homescreenPath":"Expense.aspx","id":1,"isEnabled":false,"isMaster":false,"isPillar":true,"loginEndpoint":"","logOffEndpoint":"","logOffUrl":"http://cl12sales.sumtotaldevelopment.net/LogOff.aspx","name":"Expense","realm":"SUMT:CL12_SALES_TEST_Expense","rpKey":"Expense","serviceUrl":null,"sitemapOrdinalPosition":6,"tenantKey":null,"url":"http://cl12sales.sumtotaldevelopment.net/","webServiceRootUrl":null,"requiresSeperateIFrame":false,"iframeUrl":null},"LM":{"changePasswordUrl":"https://CL12SALES.sumtotaldevelopment.net/learning/UserManagement.svc","forgotPasswordUrl":"https://CL12SALES.sumtotaldevelopment.net/learning/app/LMS_ForgottenPWD.aspx","hasMyTasks":false,"hasPortalHomescreen":true,"hasSitemap":true,"homescreenPath":"LM.aspx","id":2,"isEnabled":true,"isMaster":false,"isPillar":true,"loginEndpoint":"","logOffEndpoint":"","logOffUrl":"https://CL12SALES.sumtotaldevelopment.net/learning/app/SYS_login.aspx?Exit=1","name":"Learning","realm":"https://CL12SALES.sumtotaldevelopment.net/learning/","rpKey":"LM","serviceUrl":null,"sitemapOrdinalPosition":0,"tenantKey":null,"url":"https://CL12SALES.sumtotaldevelopment.net/learning/","webServiceRootUrl":null,"requiresSeperateIFrame":false,"iframeUrl":null},"MaestroLM":{"changePasswordUrl":"http://cl12sales.sumtotaldevelopment.net/ApplicationPillar/NotYetSupported","forgotPasswordUrl":"http://cl12sales.sumtotaldevelopment.net/ApplicationPillar/forgetpass.geo","hasMyTasks":false,"hasPortalHomescreen":false,"hasSitemap":true,"homescreenPath":"myhome.geo","id":3,"isEnabled":false,"isMaster":false,"isPillar":true,"loginEndpoint":"","logOffEndpoint":"","logOffUrl":"http://cl12sales.sumtotaldevelopment.net/ApplicationPillar/logout.geo","name":"Maestro","realm":"SUMT:CL12_SALES_TEST_MaestroLM","rpKey":"MaestroLM","serviceUrl":null,"sitemapOrdinalPosition":3,"tenantKey":null,"url":"http://cl12sales.sumtotaldevelopment.net/ApplicationPillar/","webServiceRootUrl":null,"requiresSeperateIFrame":false,"iframeUrl":null},"PayrollSS":{"changePasswordUrl":"http://cl12sales.sumtotaldevelopment.net/payroll/NotYetSupported","forgotPasswordUrl":"http://cl12sales.sumtotaldevelopment.net/payroll/SelfService?node=Login&direction=Reset","hasMyTasks":false,"hasPortalHomescreen":true,"hasSitemap":true,"homescreenPath":"PayrollSS.aspx","id":4,"isEnabled":false,"isMaster":false,"isPillar":true,"loginEndpoint":"","logOffEndpoint":"","logOffUrl":"http://cl12sales.sumtotaldevelopment.net/payroll/SelfService?node=logout","name":"Payroll Self Service","realm":"SUMT:CL12_SALES_TEST_PayrollSS","rpKey":"PayrollSS","serviceUrl":null,"sitemapOrdinalPosition":4,"tenantKey":null,"url":"http://cl12sales.sumtotaldevelopment.net/payroll/","webServiceRootUrl":null,"requiresSeperateIFrame":false,"iframeUrl":null},"TM":{"changePasswordUrl":"https://CL12SALES.sumtotaldevelopment.net/scripts/lightyearisapi.dll?soapprocess2","forgotPasswordUrl":"https://CL12SALES.sumtotaldevelopment.net/scripts/lightyearisapi.dll?webapicommand=outputresource&amp;resource=login/forgottenpassword.htm&amp;clientcd=47&amp;lngcd=0&amp;siteid=internal","hasMyTasks":false,"hasPortalHomescreen":true,"hasSitemap":true,"homescreenPath":"TM.aspx","id":5,"isEnabled":true,"isMaster":false,"isPillar":true,"loginEndpoint":"","logOffEndpoint":"","logOffUrl":"https://CL12SALES.sumtotaldevelopment.net/scripts/lightyearisapi.dll?logoff","name":"Talent","realm":"https://CL12SALES.sumtotaldevelopment.net/","rpKey":"TM","serviceUrl":null,"sitemapOrdinalPosition":1,"tenantKey":null,"url":"https://CL12SALES.sumtotaldevelopment.net/","webServiceRootUrl":null,"requiresSeperateIFrame":true,"iframeUrl":"https://CL12SALES.sumtotaldevelopment.net//scripts/lightyearisapi.dll?buildworkspaceframeset&portal=1&tenantkey=CL12_SALES_TEST"},"WFM":{"changePasswordUrl":"https://wfmint181.sumtotaldemo.net/ws/soap/","forgotPasswordUrl":"https://wfmint181.sumtotaldemo.net/wfm/forgotpassword","hasMyTasks":false,"hasPortalHomescreen":true,"hasSitemap":true,"homescreenPath":"WFM.aspx","id":6,"isEnabled":false,"isMaster":false,"isPillar":true,"loginEndpoint":"","logOffEndpoint":"","logOffUrl":"https://wfmint181.sumtotaldemo.net/wfm/logout/?otherapps","name":"WFM","realm":"https://wfm.sumtotalsystems.com/MASTER_PROD","rpKey":"WFM","serviceUrl":null,"sitemapOrdinalPosition":2,"tenantKey":null,"url":"https://wfmint181.sumtotaldemo.net/","webServiceRootUrl":null,"requiresSeperateIFrame":false,"iframeUrl":null},"Analytics":{"changePasswordUrl":"https://supp-bi-master.sumtotaldemo.net/ibmcognos/NotYetSupported","forgotPasswordUrl":"https://supp-bi-master.sumtotaldemo.net/ibmcognos/NotYetSupported","hasMyTasks":false,"hasPortalHomescreen":false,"hasSitemap":false,"homescreenPath":null,"id":7,"isEnabled":true,"isMaster":false,"isPillar":false,"loginEndpoint":"","logOffEndpoint":"","logOffUrl":"https://supp-bi-master.sumtotaldemo.net/ibmcognos/cgi-bin/cognosisapi.dll?b_action=xts.run&m=portal/logoff.xts&h_CAM_action=logoff","name":"Analytics","realm":"https://supp-bi-master.sumtotaldemo.net/ibmcognos/","rpKey":"Analytics","serviceUrl":null,"sitemapOrdinalPosition":-1,"tenantKey":null,"url":"https://supp-bi-master.sumtotaldemo.net/ibmcognos/cgi-bin/cognosisapi.dll","webServiceRootUrl":null,"requiresSeperateIFrame":false,"iframeUrl":null},"PayrollFF":{"changePasswordUrl":"http://cl12sales.sumtotaldevelopment.net/ApplicationPillar/NotYetSupported","forgotPasswordUrl":"http://cl12sales.sumtotaldevelopment.net/ApplicationPillar/NotYetSupported","hasMyTasks":false,"hasPortalHomescreen":false,"hasSitemap":false,"homescreenPath":null,"id":8,"isEnabled":false,"isMaster":false,"isPillar":false,"loginEndpoint":"","logOffEndpoint":"","logOffUrl":"http://cl12sales.sumtotaldevelopment.net:8080/LogOff.aspx","name":"Payroll Fast Forward","realm":"SUMT:CL12_SALES_TEST_PayrollFF","rpKey":"PayrollFF","serviceUrl":null,"sitemapOrdinalPosition":5,"tenantKey":null,"url":"http://cl12sales.sumtotaldevelopment.net:8080/","webServiceRootUrl":null,"requiresSeperateIFrame":false,"iframeUrl":null},"ELIXHRUI":{"changePasswordUrl":"https://CL12SALES.sumtotaldevelopment.net/core/NotYetSupported","forgotPasswordUrl":"https://CL12SALES.sumtotaldevelopment.net/core/NotYetSupported","hasMyTasks":false,"hasPortalHomescreen":false,"hasSitemap":false,"homescreenPath":null,"id":9,"isEnabled":true,"isMaster":true,"isPillar":false,"loginEndpoint":"","logOffEndpoint":"","logOffUrl":"https://CL12SALES.sumtotaldevelopment.net/core/publicaccess/logoff","name":"elixHR UI","realm":"https://CL12SALES.sumtotaldevelopment.net/core/","rpKey":"ELIXHRUI","serviceUrl":null,"sitemapOrdinalPosition":0,"tenantKey":null,"url":"https://CL12SALES.sumtotaldevelopment.net/core/","webServiceRootUrl":null,"requiresSeperateIFrame":false,"iframeUrl":null},"AdvancedReport":{"changePasswordUrl":"https://CL12SALES.sumtotaldevelopment.net/jasperserver-pro","forgotPasswordUrl":"https://CL12SALES.sumtotaldevelopment.net/jasperserver-pro","hasMyTasks":false,"hasPortalHomescreen":false,"hasSitemap":false,"homescreenPath":null,"id":10,"isEnabled":true,"isMaster":false,"isPillar":false,"loginEndpoint":"","logOffEndpoint":"","logOffUrl":"https://CL12SALES.sumtotaldevelopment.net/jasperserver-pro/exituser.html","name":"Advanced Reporting","realm":"https://CL12SALES.sumtotaldevelopment.net/jasperserver-pro","rpKey":"AdvancedReport","serviceUrl":null,"sitemapOrdinalPosition":0,"tenantKey":null,"url":"https://CL12SALES.sumtotaldevelopment.net/jasperserver-pro","webServiceRootUrl":null,"requiresSeperateIFrame":false,"iframeUrl":null},"JobBoard":{"changePasswordUrl":"https://CL12SALES.sumtotaldevelopment.net/Careers/reset","forgotPasswordUrl":"https://CL12SALES.sumtotaldevelopment.net/Careers/NotYetSupported","hasMyTasks":false,"hasPortalHomescreen":false,"hasSitemap":false,"homescreenPath":null,"id":11,"isEnabled":true,"isMaster":false,"isPillar":false,"loginEndpoint":"","logOffEndpoint":"","logOffUrl":"https://CL12SALES.sumtotaldevelopment.net/Careers/signout","name":"External Job Board","realm":"https://CL12SALES.sumtotaldevelopment.net/Careers/","rpKey":"JobBoard","serviceUrl":null,"sitemapOrdinalPosition":0,"tenantKey":null,"url":"https://CL12SALES.sumtotaldevelopment.net/Careers/","webServiceRootUrl":null,"requiresSeperateIFrame":false,"iframeUrl":null},"JobBoardPWA":{"changePasswordUrl":"https://CL12SALES.sumtotaldevelopment.net/PWA/reset","forgotPasswordUrl":"https://CL12SALES.sumtotaldevelopment.net/PWA/NotYetSupported","hasMyTasks":false,"hasPortalHomescreen":false,"hasSitemap":false,"homescreenPath":null,"id":12,"isEnabled":true,"isMaster":false,"isPillar":false,"loginEndpoint":"","logOffEndpoint":"","logOffUrl":"https://CL12SALES.sumtotaldevelopment.net/PWA/signout","name":"External Job Board PWA","realm":"https://CL12SALES.sumtotaldevelopment.net/PWA/","rpKey":"JobBoardPWA","serviceUrl":null,"sitemapOrdinalPosition":0,"tenantKey":null,"url":"https://CL12SALES.sumtotaldevelopment.net/PWA/","webServiceRootUrl":null,"requiresSeperateIFrame":false,"iframeUrl":null},"ContentEngine":{"changePasswordUrl":"https://CL12SALES.sumtotaldevelopment.net/core/NotYetSupported","forgotPasswordUrl":"https://CL12SALES.sumtotaldevelopment.net/core/NotYetSupported","hasMyTasks":false,"hasPortalHomescreen":false,"hasSitemap":false,"homescreenPath":null,"id":13,"isEnabled":true,"isMaster":false,"isPillar":true,"loginEndpoint":"","logOffEndpoint":"","logOffUrl":"https://CL12SALES.sumtotaldevelopment.net/contentengine/NotApplicable","name":"Content Engine","realm":"https://CL12SALES.sumtotaldevelopment.net/contentengine/","rpKey":"ContentEngine","serviceUrl":null,"sitemapOrdinalPosition":0,"tenantKey":null,"url":"https://CL12SALES.sumtotaldevelopment.net/contentengine/","webServiceRootUrl":null,"requiresSeperateIFrame":false,"iframeUrl":null},"GAM":{"changePasswordUrl":"http://CL-UGM12A:3000/api/gamification/NotYetSupported","forgotPasswordUrl":"http://CL-UGM12A:3000/api/gamification/NotYetSupported","hasMyTasks":false,"hasPortalHomescreen":false,"hasSitemap":false,"homescreenPath":null,"id":14,"isEnabled":true,"isMaster":false,"isPillar":false,"loginEndpoint":"","logOffEndpoint":"","logOffUrl":"http://CL-UGM12A:3000/api/gamification/NotYetSupported","name":"Gamification Service","realm":"http://CL-UGM12A:3000/api/gamification","rpKey":"GAM","serviceUrl":null,"sitemapOrdinalPosition":0,"tenantKey":null,"url":"http://CL-UGM12A:3000/api/gamification","webServiceRootUrl":null,"requiresSeperateIFrame":false,"iframeUrl":null},"BrowserExtension":{"changePasswordUrl":"https://CL12SALES.sumtotaldevelopment.net/core/NotYetSupported","forgotPasswordUrl":"https://CL12SALES.sumtotaldevelopment.net/core/NotYetSupported","hasMyTasks":false,"hasPortalHomescreen":false,"hasSitemap":false,"homescreenPath":null,"id":15,"isEnabled":true,"isMaster":false,"isPillar":true,"loginEndpoint":"","logOffEndpoint":"","logOffUrl":"https://CL12SALES.sumtotaldevelopment.net/browserextension/NotApplicable","name":"Browser Extension","realm":"https://CL12SALES.sumtotaldevelopment.net/browserextension/","rpKey":"BrowserExtension","serviceUrl":null,"sitemapOrdinalPosition":0,"tenantKey":null,"url":"https://CL12SALES.sumtotaldevelopment.net/browserextension/","webServiceRootUrl":null,"requiresSeperateIFrame":false,"iframeUrl":null}}},"dashboardSitemap":{"Hash":"-247457452","IsChanged":true,"KeyedHomePages":{},"Nodes":[{"Id":-1117,"childNodes":[{"Id":-23,"childNodes":[{"Id":-203,"childNodes":[],"description":"BSD Test","iconPath":null,"integrationMode":1,"IsHidden":false,"helpUrl":null,"IsPortalPage":false,"level":3,"name":"Team Metrics","nodeKey":"dashboard_203_Team_Metrics","ordinalPosition":null,"parentId":23,"RelyingPartyId":9,"RPKey":"ELIXHRUI","tooltip":null,"url":"#/dash/BSDTest/initial","activitiesCount":0,"IsEmulationEnabled":false},{"Id":-238,"childNodes":[],"description":"Position Status","iconPath":null,"integrationMode":1,"IsHidden":false,"helpUrl":null,"IsPortalPage":false,"level":3,"name":"Position Status","nodeKey":"dashboard_238_Position_Status","ordinalPosition":null,"parentId":23,"RelyingPartyId":9,"RPKey":"ELIXHRUI","tooltip":null,"url":"#/dash/BSDTest/Position_Status","activitiesCount":0,"IsEmulationEnabled":false},{"Id":-240,"childNodes":[],"description":"Compliance Information by Organization and Critical Certifications","iconPath":null,"integrationMode":1,"IsHidden":false,"helpUrl":null,"IsPortalPage":false,"level":3,"name":"Compliance","nodeKey":"dashboard_240_Compliance","ordinalPosition":null,"parentId":23,"RelyingPartyId":9,"RPKey":"ELIXHRUI","tooltip":null,"url":"#/dash/BSDTest/Compliance_Metrics","activitiesCount":0,"IsEmulationEnabled":false}],"description":"Safe to delete","iconPath":null,"integrationMode":1,"IsHidden":false,"helpUrl":null,"IsPortalPage":false,"level":2,"name":"Embedded Reporting","nodeKey":"dashboard_23_Embedded_Reporting","ordinalPosition":null,"parentId":-1117,"RelyingPartyId":9,"RPKey":"ELIXHRUI","tooltip":null,"url":"","activitiesCount":0,"IsEmulationEnabled":false},{"Id":-233,"childNodes":[],"description":"What's New","iconPath":null,"integrationMode":1,"IsHidden":false,"helpUrl":null,"IsPortalPage":false,"level":2,"name":"What's New","nodeKey":"dashboard_233_What's_New","ordinalPosition":null,"parentId":26,"RelyingPartyId":9,"RPKey":"ELIXHRUI","tooltip":null,"url":"#/dash/wn-pe/initial","activitiesCount":0,"IsEmulationEnabled":false},{"Id":-234,"childNodes":[],"description":"Recommended Training","iconPath":null,"integrationMode":1,"IsHidden":false,"helpUrl":null,"IsPortalPage":false,"level":2,"name":"Recommendations","nodeKey":"dashboard_234_Recommended_Training","ordinalPosition":null,"parentId":27,"RelyingPartyId":9,"RPKey":"ELIXHRUI","tooltip":null,"url":"#/dash/rl/initial","activitiesCount":0,"IsEmulationEnabled":false},{"Id":-235,"childNodes":[],"description":"Training Schedule","iconPath":null,"integrationMode":1,"IsHidden":false,"helpUrl":null,"IsPortalPage":false,"level":2,"name":"Strategic Effectiveness","nodeKey":"dashboard_235_Training_Schedule","ordinalPosition":null,"parentId":28,"RelyingPartyId":9,"RPKey":"ELIXHRUI","tooltip":null,"url":"#/dash/ts/initial","activitiesCount":0,"IsEmulationEnabled":false},{"Id":-236,"childNodes":[],"description":"Aggregation","iconPath":null,"integrationMode":1,"IsHidden":false,"helpUrl":null,"IsPortalPage":false,"level":2,"name":"Aggregation","nodeKey":"dashboard_236_Aggregation","ordinalPosition":null,"parentId":29,"RelyingPartyId":9,"RPKey":"ELIXHRUI","tooltip":null,"url":"#/dash/aggregation/initial","activitiesCount":0,"IsEmulationEnabled":false},{"Id":-237,"childNodes":[],"description":"Branding","iconPath":null,"integrationMode":1,"IsHidden":false,"helpUrl":null,"IsPortalPage":false,"level":2,"name":"Branding","nodeKey":"dashboard_237_Branding","ordinalPosition":null,"parentId":30,"RelyingPartyId":9,"RPKey":"ELIXHRUI","tooltip":null,"url":"#/dash/Branding/initial","activitiesCount":0,"IsEmulationEnabled":false},{"Id":-239,"childNodes":[],"description":"Time","iconPath":null,"integrationMode":1,"IsHidden":false,"helpUrl":null,"IsPortalPage":false,"level":2,"name":"Time","nodeKey":"dashboard_239_Time","ordinalPosition":null,"parentId":31,"RelyingPartyId":9,"RPKey":"ELIXHRUI","tooltip":null,"url":"#/dash/Time/initial","activitiesCount":0,"IsEmulationEnabled":false},{"Id":-241,"childNodes":[],"description":"Experience First","iconPath":null,"integrationMode":1,"IsHidden":false,"helpUrl":null,"IsPortalPage":false,"level":2,"name":"Experience First","nodeKey":"dashboard_241_Experience_First","ordinalPosition":null,"parentId":32,"RelyingPartyId":9,"RPKey":"ELIXHRUI","tooltip":null,"url":"#/dash/engage/initial","activitiesCount":0,"IsEmulationEnabled":false},{"Id":-244,"childNodes":[],"description":"timeline","iconPath":null,"integrationMode":1,"IsHidden":false,"helpUrl":null,"IsPortalPage":false,"level":2,"name":"timeline","nodeKey":"dashboard_244_timeline","ordinalPosition":null,"parentId":35,"RelyingPartyId":9,"RPKey":"ELIXHRUI","tooltip":null,"url":"#/dash/timeline/initial","activitiesCount":0,"IsEmulationEnabled":false},{"Id":-246,"childNodes":[],"description":"AboutMeDB_12am","iconPath":null,"integrationMode":1,"IsHidden":false,"helpUrl":null,"IsPortalPage":false,"level":2,"name":"AboutMeDB_12am","nodeKey":"dashboard_246_AboutMeDB_12am","ordinalPosition":null,"parentId":37,"RelyingPartyId":9,"RPKey":"ELIXHRUI","tooltip":null,"url":"#/dash/AboutMeDB_12am/initial","activitiesCount":0,"IsEmulationEnabled":false},{"Id":-247,"childNodes":[],"description":"DashBoard_Elix9427_12am","iconPath":null,"integrationMode":1,"IsHidden":false,"helpUrl":null,"IsPortalPage":false,"level":2,"name":"DashBoard_Elix9427_12am","nodeKey":"dashboard_247_DashBoard_Elix9427_12am","ordinalPosition":null,"parentId":38,"RelyingPartyId":9,"RPKey":"ELIXHRUI","tooltip":null,"url":"#/dash/DashBoard_Elix9427_12am/initial","activitiesCount":0,"IsEmulationEnabled":false}],"description":"Displays list of dashboards to which the user has access.","iconPath":null,"integrationMode":3,"IsHidden":false,"helpUrl":"/Content/Core Platform/Core Platform Guide/Configuring Dashboards.htm","IsPortalPage":false,"level":0,"name":"Dashboards","nodeKey":"manage_dashboard_listmenu","ordinalPosition":"0","parentId":6,"RelyingPartyId":9,"RPKey":"ELIXHRUI","tooltip":"Displays list of dashboards to which the user has access.","url":null,"activitiesCount":0,"IsEmulationEnabled":false}],"PillarsByKey":null},"identity":{"EmulatorUserId":null,"EmulatorUserName":null,"IsEmulating":false,"IsRequestLogEnabled":false,"LogLevel":8,"ProperName":"Heather Rose","UserId":"0B2C41BD84D9677058BDB058FB29D1CB","Id":-1,"UserName":"admin"},"culture":{"displayName":"English (United States)","englishName":"English (United States)","lcid":1033,"name":"en-US","nativeName":"English (United States)","isRTL":false,"DateFormat":"MM/dd/yyyy","TimeFormat":"hh:mm a"},"theme":{"hash":-1147512898,"currentTheme":{"CanDelete":false,"CanPersonalize":false,"ClientJSON":{"colors":["#33738a","#e1e6e3","#794544","#7396a2","#c3c356","#aca88b","#34b454"],"axisColor":"#5b5b5b","gridColor":"#5b5b5b","textColor":"#5b5b5b","borderColor":"#ffffff","backgroundColor":"#ffffff","labelColor":"#5b5b5b","@IsThemed":"0","@fonts-path":"'Content/Common/assets/fonts/'","@fontawesome-version":"'4.3.0'","@opensans-version":"'v10'","@font-size-size12":"(@font-size-base * 0.75)","@font-size-size14":"(@font-size-base * 0.875)","@font-size-size18":"(@font-size-base * 1.125)","@sumt-webpart-bg":"transparent","@sumt-webpart-text":"@text-color","@sumt-webpart-header-bg":"transparent","@sumt-webpart-header-text":"inherit","@sumt-card-bg":"#f5f5f5","@sumt-card-height-base":"120px","@sumt-card-list-border":"#ccc","@sumt-card-list-header-border":"#999","@left-nav-width":"320px","@left-nav-header-height":"100px","@left-nav-parent-color":"#8fc9f2","@left-nav-body-background":"#0d446c","@left-nav-header-hover":"#2b9ded","@left-nav-header-background":"#0d446c","@left-nav-childnode-background":"#0c3b5e","@left-nav-node-hover":"#2b9ded","@left-nav-text-color":"#ffffff","@toolbar-background-hover":"#CCD0D6","@toolbar-border-color":"#ADADAD","@toolbar-vertical-margin":".3125rem","@toolbar-bg":"#fafbfb","@toolbar-line-height":"1.5625rem","@toolbar-text-color":"#333","@toolbar-button-vertical-margin":".5rem","@toolbar-hover":"#ccd0d6","@btn-disabled-color":"#999","@sumt-btn-default-color":"#247b97","@slideout-close-btn-bg":"#f27c2a","@slideout-close-color":"#fff","@slideout-width":"22.1875rem","@slideout-leftside-width":"20.3125rem","@slideout-leftside-bg":"#eeeeee","@slideout-item-bordercolor":"#999","@h1-margin":"@line-height-computed 0 @line-height-computed 0","@h2-margin":"@line-height-computed 0 0.625rem 0","@h3-margin":"@line-height-computed 0 0.625rem 0","@h4-margin":"(@line-height-computed / 2) 0 (@line-height-computed / 2) 0","@h5-margin":"(@line-height-computed / 2) 0 (@line-height-computed / 2) 0","@h6-margin":"(@line-height-computed / 2) 0 (@line-height-computed / 2) 0","@timeline-one-rem":"1rem","@timeline-two-rem":"2rem","@timeline-three-rem":"3rem","@one-rem":"1rem","@one-and-half-rem":"1.5rem","@page-dot-size":".6875rem","@header-margins":".2rem","@notification-tile-bg":"#00aed3","@notificaiton-tile-white":"#fff","@loader-color-light":"lighten(@gray-base, 90%)","@loader-color-dark":"lighten(@gray-base, 65%)","@box-shadow-color":"#e5e5e5","@page-container-margin":"2rem","@table-header-border-color":"#adadad","@nav-pills-active-link-hover-border":"#227AB9","@margin-base":"1rem","@tree-title-box":"#428bca","@tree-title-border":"#e5e5e5","@tree-border-color":"#999","@tree-title-color":"#ffffff","@tree-text-color":"@brand-primary","@tree-complete-check":"#1fbba6","@tree-level-one":"#ffffff","@tree-level-two":"#f2f2f2","@tree-level-three":"#e1e1e1","@gray-base":"#33352f","@gray-darker":"lighten(@gray-base, 13.5%)","@gray-dark":"lighten(@gray-base, 20%)","@gray":"lighten(@gray-base, 33.5%)","@gray-light":"lighten(@gray-base, 46.7%)","@gray-lighter":"lighten(@gray-base, 93.5%)","@brand-primary":"darken(#428bca, 6.5%)","@brand-success":"#bbd25e","@brand-info":"#31a3d3","@brand-warning":"#e9bf2f","@brand-danger":"#bf0132","@body-bg":"#fff","@text-color":"@gray-dark","@link-color":"@brand-primary","@link-hover-color":"darken(@link-color, 15%)","@link-hover-decoration":"underline","@font-family-sans-serif":"Open Sans, Tahoma, Geneva, sans-serif","@font-family-serif":"Georgia, \"Times New Roman\", Times, serif","@font-family-monospace":"Menlo, Monaco, Consolas, \"Courier New\", monospace","@font-family-base":"@font-family-sans-serif","@font-size-base":"1rem","@font-size-large":"(@font-size-base * 1.375)","@font-size-small":"(@font-size-base * 0.875)","@font-size-h1":"(@font-size-base * 1.375)","@font-size-h2":"(@font-size-base * 1.125)","@font-size-h3":"(@font-size-base * 1)","@font-size-h4":"(@font-size-base * 0.875)","@font-size-h5":"(@font-size-base * 0.75)","@font-size-h6":"(@font-size-base * 0.6875)","@line-height-base":"1rem","@line-height-computed":"(@font-size-base * @line-height-base)","@headings-font-family":"inherit","@headings-font-weight":"700","@headings-line-height":"1.1rem","@headings-color":"inherit","@icon-font-path":"\"assets/fonts/\"","@icon-font-name":"\"glyphicons-halflings-regular\"","@icon-font-svg-id":"\"glyphicons_halflingsregular\"","@padding-base-vertical":".375rem","@padding-base-horizontal":".75rem","@padding-large-vertical":".625rem","@padding-large-horizontal":"1rem","@padding-small-vertical":".3125rem","@padding-small-horizontal":".625rem","@padding-xs-vertical":".0625rem","@padding-xs-horizontal":".3125rem","@line-height-large":"1.33rem","@line-height-small":".5rem","@border-radius-base":"4px","@border-radius-large":"6px","@border-radius-small":"3px","@component-active-color":"#fff","@component-active-bg":"@brand-primary","@caret-width-base":"4px","@caret-width-large":"5px","@table-cell-padding":".9375rem","@table-condensed-cell-padding":".5rem","@table-bg":"transparent","@table-bg-accent":"#fafbfb","@table-bg-hover":"#f4fbff","@table-bg-active":"@table-bg-hover","@table-border-color":"#dfe4e8","@btn-font-weight":"700","@btn-default-color":"#333","@btn-default-bg":"#fff","@btn-default-border":"#ccc","@btn-primary-color":"#fff","@btn-primary-bg":"#247b97","@btn-primary-border":"transparent","@btn-success-color":"#fff","@btn-success-bg":"@brand-success","@btn-success-border":"darken(@btn-success-bg, 5%)","@btn-info-color":"#fff","@btn-info-bg":"@brand-info","@btn-info-border":"darken(@btn-info-bg, 5%)","@btn-warning-color":"#fff","@btn-warning-bg":"@brand-warning","@btn-warning-border":"darken(@btn-warning-bg, 5%)","@btn-danger-color":"#fff","@btn-danger-bg":"@brand-danger","@btn-danger-border":"darken(@btn-danger-bg, 5%)","@btn-link-disabled-color":"@gray-light","@btn-border-radius-base":"@border-radius-base","@btn-border-radius-large":"@border-radius-large","@btn-border-radius-small":"@border-radius-small","@input-bg":"#fff","@input-bg-disabled":"@gray-lighter","@input-color":"@gray","@input-border":"#ccc","@input-border-radius":"@border-radius-base","@input-border-radius-large":"@border-radius-large","@input-border-radius-small":"@border-radius-small","@input-border-focus":"#66afe9","@input-color-placeholder":"#999","@input-height-base":"2.1875rem","@input-height-large":"(ceil(@font-size-large * @line-height-large) + (@padding-large-vertical * 2) + 2)","@input-height-small":"(floor(@font-size-small * @line-height-small) + (@padding-small-vertical * 2) + 2)","@form-group-margin-bottom":"1rem","@legend-color":"@gray-dark","@legend-border-color":"#e5e5e5","@input-group-addon-bg":"@gray-lighter","@input-group-addon-border-color":"@input-border","@cursor-disabled":"not-allowed","@dropdown-bg":"#fff","@dropdown-border":"rgba(0,0,0,.15)","@dropdown-fallback-border":"#ccc","@dropdown-divider-bg":"#e5e5e5","@dropdown-link-color":"@gray-dark","@dropdown-link-hover-color":"darken(@gray-dark, 5%)","@dropdown-link-hover-bg":"#f5f5f5","@dropdown-link-active-color":"@component-active-color","@dropdown-link-active-bg":"@component-active-bg","@dropdown-link-disabled-color":"@gray-light","@dropdown-header-color":"@gray-light","@dropdown-caret-color":"#000","@screen-xs":"480px","@screen-xs-min":"@screen-xs","@screen-phone":"@screen-xs-min","@screen-sm":"768px","@screen-sm-min":"@screen-sm","@screen-tablet":"@screen-sm-min","@screen-md":"992px","@screen-md-min":"@screen-md","@screen-desktop":"@screen-md-min","@screen-lg":"1200px","@screen-lg-min":"@screen-lg","@screen-lg-desktop":"@screen-lg-min","@screen-xs-max":"(@screen-sm-min - 1)","@screen-sm-max":"(@screen-md-min - 1)","@screen-md-max":"(@screen-lg-min - 1)","@grid-columns":"12","@grid-gutter-width":"30px","@grid-float-breakpoint":"@screen-sm-min","@grid-float-breakpoint-max":"(@grid-float-breakpoint - 1)","@container-tablet":"(720px + @grid-gutter-width)","@container-sm":"@container-tablet","@container-desktop":"(940px + @grid-gutter-width)","@container-md":"@container-desktop","@container-large-desktop":"(1140px + @grid-gutter-width)","@container-lg":"@container-large-desktop","@navbar-height":"3.125rem","@navbar-margin-bottom":"@line-height-computed","@navbar-border-radius":"@border-radius-base","@navbar-padding-horizontal":"floor((@grid-gutter-width / 2))","@navbar-padding-vertical":"((@navbar-height - @line-height-computed) / 2)","@navbar-collapse-max-height":"340px","@navbar-default-color":"#777","@navbar-default-bg":"#f8f8f8","@navbar-default-border":"darken(@navbar-default-bg, 6.5%)","@navbar-default-link-color":"#777","@navbar-default-link-hover-color":"#333","@navbar-default-link-hover-bg":"transparent","@navbar-default-link-active-color":"#555","@navbar-default-link-active-bg":"darken(@navbar-default-bg, 6.5%)","@navbar-default-link-disabled-color":"#ccc","@navbar-default-link-disabled-bg":"transparent","@navbar-default-brand-color":"@navbar-default-link-color","@navbar-default-brand-hover-color":"darken(@navbar-default-brand-color, 10%)","@navbar-default-brand-hover-bg":"transparent","@navbar-default-toggle-hover-bg":"#ddd","@navbar-default-toggle-icon-bar-bg":"#888","@navbar-default-toggle-border-color":"#ddd","@navbar-inverse-color":"lighten(@gray-light, 15%)","@navbar-inverse-bg":"#222","@navbar-inverse-border":"darken(@navbar-inverse-bg, 10%)","@navbar-inverse-link-color":"lighten(@gray-light, 15%)","@navbar-inverse-link-hover-color":"#fff","@navbar-inverse-link-hover-bg":"transparent","@navbar-inverse-link-active-color":"@navbar-inverse-link-hover-color","@navbar-inverse-link-active-bg":"darken(@navbar-inverse-bg, 10%)","@navbar-inverse-link-disabled-color":"#444","@navbar-inverse-link-disabled-bg":"transparent","@navbar-inverse-brand-color":"@navbar-inverse-link-color","@navbar-inverse-brand-hover-color":"#fff","@navbar-inverse-brand-hover-bg":"transparent","@navbar-inverse-toggle-hover-bg":"#333","@navbar-inverse-toggle-icon-bar-bg":"#fff","@navbar-inverse-toggle-border-color":"#333","@nav-link-padding":"10px 15px","@nav-link-hover-bg":"@gray-lighter","@nav-disabled-link-color":"@gray-light","@nav-disabled-link-hover-color":"@gray-light","@nav-tabs-border-color":"#ddd","@nav-tabs-link-hover-border-color":"@gray-lighter","@nav-tabs-active-link-hover-bg":"@body-bg","@nav-tabs-active-link-hover-color":"@gray","@nav-tabs-active-link-hover-border-color":"#ddd","@nav-tabs-justified-link-border-color":"#ddd","@nav-tabs-justified-active-link-border-color":"@body-bg","@nav-pills-border-radius":"0px","@nav-pills-active-link-hover-bg":"#fff","@nav-pills-active-link-hover-color":"#333","@pagination-color":"@link-color","@pagination-bg":"#fff","@pagination-border":"#ddd","@pagination-hover-color":"@link-hover-color","@pagination-hover-bg":"@gray-lighter","@pagination-hover-border":"#ddd","@pagination-active-color":"#fff","@pagination-active-bg":"@brand-primary","@pagination-active-border":"@brand-primary","@pagination-disabled-color":"@gray-light","@pagination-disabled-bg":"#fff","@pagination-disabled-border":"#ddd","@pager-bg":"@pagination-bg","@pager-border":"@pagination-border","@pager-border-radius":"15px","@pager-hover-bg":"@pagination-hover-bg","@pager-active-bg":"@pagination-active-bg","@pager-active-color":"@pagination-active-color","@pager-disabled-color":"@pagination-disabled-color","@jumbotron-padding":"30px","@jumbotron-color":"inherit","@jumbotron-bg":"@gray-lighter","@jumbotron-heading-color":"inherit","@jumbotron-font-size":"ceil((@font-size-base * 1.5))","@jumbotron-heading-font-size":"ceil((@font-size-base * 4.5))","@state-success-text":"#3c763d","@state-success-bg":"@brand-success","@state-success-border":"@state-success-bg","@state-info-text":"#31708f","@state-info-bg":"@brand-info","@state-info-border":"@state-info-bg","@state-warning-text":"#8a6d3b","@state-warning-bg":"@brand-warning","@state-warning-border":"@state-warning-bg","@state-danger-text":"#a94442","@state-danger-bg":"@brand-danger","@state-danger-border":"@state-danger-bg","@tooltip-max-width":"200px","@tooltip-color":"#fff","@tooltip-bg":"#000","@tooltip-opacity":".9","@tooltip-arrow-width":"5px","@tooltip-arrow-color":"@tooltip-bg","@popover-bg":"#fff","@popover-max-width":"276px","@popover-border-color":"rgba(0,0,0,.2)","@popover-fallback-border-color":"#ccc","@popover-title-bg":"darken(@popover-bg, 3%)","@popover-arrow-width":"10px","@popover-arrow-color":"@popover-bg","@popover-arrow-outer-width":"(@popover-arrow-width + 1)","@popover-arrow-outer-color":"fadein(@popover-border-color, 5%)","@popover-arrow-outer-fallback-color":"darken(@popover-fallback-border-color, 20%)","@label-default-bg":"@gray-light","@label-primary-bg":"@brand-primary","@label-success-bg":"@brand-success","@label-info-bg":"@brand-info","@label-warning-bg":"@brand-warning","@label-danger-bg":"@brand-danger","@label-color":"#fff","@label-link-hover-color":"#fff","@modal-inner-padding":".9375rem","@modal-title-padding":".9375rem","@modal-title-line-height":"@line-height-base","@modal-content-bg":"#fff","@modal-content-border-color":"rgba(0,0,0,.2)","@modal-content-fallback-border-color":"#999","@modal-backdrop-bg":"#000","@modal-backdrop-opacity":".5","@modal-header-border-color":"#e5e5e5","@modal-footer-border-color":"@modal-header-border-color","@modal-lg":"900px","@modal-md":"600px","@modal-sm":"300px","@alert-padding":".9375rem","@alert-border-radius":"@border-radius-base","@alert-link-font-weight":"bold","@alert-success-bg":"@state-success-bg","@alert-success-text":"#ffffff","@alert-success-border":"@state-success-border","@alert-info-bg":"@state-info-bg","@alert-info-text":"#ffffff","@alert-info-border":"@state-info-border","@alert-warning-bg":"@state-warning-bg","@alert-warning-text":"#ffffff","@alert-warning-border":"@state-warning-border","@alert-danger-bg":"@state-danger-bg","@alert-danger-text":"#ffffff","@alert-danger-border":"@state-danger-border","@progress-bg":"#f5f5f5","@progress-bar-color":"#fff","@progress-border-radius":"@border-radius-base","@progress-bar-bg":"@brand-primary","@progress-bar-success-bg":"@brand-success","@progress-bar-warning-bg":"@brand-warning","@progress-bar-danger-bg":"@brand-danger","@progress-bar-info-bg":"@brand-info","@list-group-bg":"#fff","@list-group-border":"#ddd","@list-group-border-radius":"@border-radius-base","@list-group-hover-bg":"#f5f5f5","@list-group-active-color":"@component-active-color","@list-group-active-bg":"@component-active-bg","@list-group-active-border":"@list-group-active-bg","@list-group-active-text-color":"lighten(@list-group-active-bg, 40%)","@list-group-disabled-color":"@gray-light","@list-group-disabled-bg":"@gray-lighter","@list-group-disabled-text-color":"@list-group-disabled-color","@list-group-link-color":"#555","@list-group-link-hover-color":"@list-group-link-color","@list-group-link-heading-color":"#333","@panel-bg":"#fff","@panel-body-padding":".625rem .9375rem","@panel-heading-padding":".625rem .9375rem","@panel-footer-padding":"@panel-heading-padding","@panel-border-radius":"@border-radius-base","@panel-inner-border":"#ddd","@panel-footer-bg":"#f5f5f5","@panel-default-text":"@gray-dark","@panel-default-border":"#ddd","@panel-default-heading-bg":"#FFF","@panel-primary-text":"#FFF","@panel-primary-border":"@brand-primary","@panel-primary-heading-bg":"@brand-primary","@panel-success-text":"#FFF","@panel-success-border":"@state-success-border","@panel-success-heading-bg":"@state-success-bg","@panel-info-text":"#FFF","@panel-info-border":"@state-info-border","@panel-info-heading-bg":"@state-info-bg","@panel-warning-text":"#FFF","@panel-warning-border":"@state-warning-border","@panel-warning-heading-bg":"@state-warning-bg","@panel-danger-text":"#FFF","@panel-danger-border":"@state-danger-border","@panel-danger-heading-bg":"@state-danger-bg","@thumbnail-padding":".25rem","@thumbnail-bg":"@body-bg","@thumbnail-border":"#ddd","@thumbnail-border-radius":"@border-radius-base","@thumbnail-caption-color":"@text-color","@thumbnail-caption-padding":".5625rem","@well-bg":"#f5f5f5","@well-border":"darken(@well-bg, 7%)","@badge-color":"#fff","@badge-link-hover-color":"#fff","@badge-bg":"@gray-light","@badge-active-color":"@link-color","@badge-active-bg":"#fff","@badge-font-weight":"bold","@badge-line-height":"1","@badge-border-radius":"10px","@breadcrumb-padding-vertical":"1.25rem","@breadcrumb-padding-horizontal":"0","@breadcrumb-bg":"#fff","@breadcrumb-color":"#ccc","@breadcrumb-active-color":"@gray-light","@breadcrumb-separator":"\"/\"","@carousel-text-shadow":"0 1px 2px rgba(0,0,0,.6)","@carousel-control-color":"#fff","@carousel-control-width":"15%","@carousel-control-opacity":".5","@carousel-control-font-size":"20px","@carousel-indicator-active-bg":"#fff","@carousel-indicator-border-color":"#fff","@carousel-caption-color":"#fff","@close-font-weight":"bold","@close-color":"#000","@close-text-shadow":"0 1px 0 #fff","@code-color":"#c7254e","@code-bg":"#f9f2f4","@kbd-color":"#fff","@kbd-bg":"#333","@pre-bg":"#f5f5f5","@pre-color":"@gray-dark","@pre-border-color":"#ccc","@pre-scrollable-max-height":"340px","@component-offset-horizontal":"180px","@text-muted":"@gray-light","@abbr-border-color":"@gray-light","@headings-small-color":"@gray-light","@blockquote-small-color":"@gray-light","@blockquote-font-size":"(@font-size-base * 1.25)","@blockquote-border-color":"@gray-lighter","@page-header-border-color":"@gray-lighter","@dl-horizontal-offset":"@component-offset-horizontal","@hr-border":"@gray-lighter","@modal-top-offset":"80px","@zindex-navbar":"1000","@zindex-dropdown":"1000","@zindex-popover":"1060","@zindex-tooltip":"1070","@zindex-navbar-fixed":"1030","@zindex-modal-background":"1040","@zindex-modal":"1050","@header-bar-background":"#247b97"},"Description":"The Skillsoft theme for the ElixHR suite","Id":3,"IsActive":true,"IsDefault":true,"IsUserEditable":false,"JSON":{"vars":{"@IsThemed":"0","@fonts-path":"'Content/Common/assets/fonts/'","@fontawesome-version":"'4.3.0'","@opensans-version":"'v10'","@font-size-size12":"(@font-size-base * 0.75)","@font-size-size14":"(@font-size-base * 0.875)","@font-size-size18":"(@font-size-base * 1.125)","@sumt-webpart-bg":"transparent","@sumt-webpart-text":"@text-color","@sumt-webpart-header-bg":"transparent","@sumt-webpart-header-text":"inherit","@sumt-card-bg":"#f5f5f5","@sumt-card-height-base":"120px","@sumt-card-list-border":"#ccc","@sumt-card-list-header-border":"#999","@left-nav-width":"320px","@left-nav-header-height":"100px","@left-nav-parent-color":"#8fc9f2","@left-nav-body-background":"#0d446c","@left-nav-header-hover":"#2b9ded","@left-nav-header-background":"#0d446c","@left-nav-childnode-background":"#0c3b5e","@left-nav-node-hover":"#2b9ded","@left-nav-text-color":"#ffffff","@toolbar-background-hover":"#CCD0D6","@toolbar-border-color":"#ADADAD","@toolbar-vertical-margin":".3125rem","@toolbar-bg":"#fafbfb","@toolbar-line-height":"1.5625rem","@toolbar-text-color":"#333","@toolbar-button-vertical-margin":".5rem","@toolbar-hover":"#ccd0d6","@btn-disabled-color":"#999","@sumt-btn-default-color":"#247b97","@slideout-close-btn-bg":"#f27c2a","@slideout-close-color":"#fff","@slideout-width":"22.1875rem","@slideout-leftside-width":"20.3125rem","@slideout-leftside-bg":"#eeeeee","@slideout-item-bordercolor":"#999","@h1-margin":"@line-height-computed 0 @line-height-computed 0","@h2-margin":"@line-height-computed 0 0.625rem 0","@h3-margin":"@line-height-computed 0 0.625rem 0","@h4-margin":"(@line-height-computed / 2) 0 (@line-height-computed / 2) 0","@h5-margin":"(@line-height-computed / 2) 0 (@line-height-computed / 2) 0","@h6-margin":"(@line-height-computed / 2) 0 (@line-height-computed / 2) 0","@timeline-one-rem":"1rem","@timeline-two-rem":"2rem","@timeline-three-rem":"3rem","@one-rem":"1rem","@one-and-half-rem":"1.5rem","@page-dot-size":".6875rem","@header-margins":".2rem","@notification-tile-bg":"#00aed3","@notificaiton-tile-white":"#fff","@loader-color-light":"lighten(@gray-base, 90%)","@loader-color-dark":"lighten(@gray-base, 65%)","@box-shadow-color":"#e5e5e5","@page-container-margin":"2rem","@table-header-border-color":"#adadad","@nav-pills-active-link-hover-border":"#227AB9","@margin-base":"1rem","@tree-title-box":"#428bca","@tree-title-border":"#e5e5e5","@tree-border-color":"#999","@tree-title-color":"#ffffff","@tree-text-color":"@brand-primary","@tree-complete-check":"#1fbba6","@tree-level-one":"#ffffff","@tree-level-two":"#f2f2f2","@tree-level-three":"#e1e1e1","@gray-base":"#33352f","@gray-darker":"lighten(@gray-base, 13.5%)","@gray-dark":"lighten(@gray-base, 20%)","@gray":"lighten(@gray-base, 33.5%)","@gray-light":"lighten(@gray-base, 46.7%)","@gray-lighter":"lighten(@gray-base, 93.5%)","@brand-primary":"darken(#428bca, 6.5%)","@brand-success":"#bbd25e","@brand-info":"#31a3d3","@brand-warning":"#e9bf2f","@brand-danger":"#bf0132","@body-bg":"#fff","@text-color":"@gray-dark","@link-color":"@brand-primary","@link-hover-color":"darken(@link-color, 15%)","@link-hover-decoration":"underline","@font-family-sans-serif":"Open Sans, Tahoma, Geneva, sans-serif","@font-family-serif":"Georgia, \"Times New Roman\", Times, serif","@font-family-monospace":"Menlo, Monaco, Consolas, \"Courier New\", monospace","@font-family-base":"@font-family-sans-serif","@font-size-base":"1rem","@font-size-large":"(@font-size-base * 1.375)","@font-size-small":"(@font-size-base * 0.875)","@font-size-h1":"(@font-size-base * 1.375)","@font-size-h2":"(@font-size-base * 1.125)","@font-size-h3":"(@font-size-base * 1)","@font-size-h4":"(@font-size-base * 0.875)","@font-size-h5":"(@font-size-base * 0.75)","@font-size-h6":"(@font-size-base * 0.6875)","@line-height-base":"1rem","@line-height-computed":"(@font-size-base * @line-height-base)","@headings-font-family":"inherit","@headings-font-weight":"700","@headings-line-height":"1.1rem","@headings-color":"inherit","@icon-font-path":"\"assets/fonts/\"","@icon-font-name":"\"glyphicons-halflings-regular\"","@icon-font-svg-id":"\"glyphicons_halflingsregular\"","@padding-base-vertical":".375rem","@padding-base-horizontal":".75rem","@padding-large-vertical":".625rem","@padding-large-horizontal":"1rem","@padding-small-vertical":".3125rem","@padding-small-horizontal":".625rem","@padding-xs-vertical":".0625rem","@padding-xs-horizontal":".3125rem","@line-height-large":"1.33rem","@line-height-small":".5rem","@border-radius-base":"4px","@border-radius-large":"6px","@border-radius-small":"3px","@component-active-color":"#fff","@component-active-bg":"@brand-primary","@caret-width-base":"4px","@caret-width-large":"5px","@table-cell-padding":".9375rem","@table-condensed-cell-padding":".5rem","@table-bg":"transparent","@table-bg-accent":"#fafbfb","@table-bg-hover":"#f4fbff","@table-bg-active":"@table-bg-hover","@table-border-color":"#dfe4e8","@btn-font-weight":"700","@btn-default-color":"#333","@btn-default-bg":"#fff","@btn-default-border":"#ccc","@btn-primary-color":"#fff","@btn-primary-bg":"#247b97","@btn-primary-border":"transparent","@btn-success-color":"#fff","@btn-success-bg":"@brand-success","@btn-success-border":"darken(@btn-success-bg, 5%)","@btn-info-color":"#fff","@btn-info-bg":"@brand-info","@btn-info-border":"darken(@btn-info-bg, 5%)","@btn-warning-color":"#fff","@btn-warning-bg":"@brand-warning","@btn-warning-border":"darken(@btn-warning-bg, 5%)","@btn-danger-color":"#fff","@btn-danger-bg":"@brand-danger","@btn-danger-border":"darken(@btn-danger-bg, 5%)","@btn-link-disabled-color":"@gray-light","@btn-border-radius-base":"@border-radius-base","@btn-border-radius-large":"@border-radius-large","@btn-border-radius-small":"@border-radius-small","@input-bg":"#fff","@input-bg-disabled":"@gray-lighter","@input-color":"@gray","@input-border":"#ccc","@input-border-radius":"@border-radius-base","@input-border-radius-large":"@border-radius-large","@input-border-radius-small":"@border-radius-small","@input-border-focus":"#66afe9","@input-color-placeholder":"#999","@input-height-base":"2.1875rem","@input-height-large":"(ceil(@font-size-large * @line-height-large) + (@padding-large-vertical * 2) + 2)","@input-height-small":"(floor(@font-size-small * @line-height-small) + (@padding-small-vertical * 2) + 2)","@form-group-margin-bottom":"1rem","@legend-color":"@gray-dark","@legend-border-color":"#e5e5e5","@input-group-addon-bg":"@gray-lighter","@input-group-addon-border-color":"@input-border","@cursor-disabled":"not-allowed","@dropdown-bg":"#fff","@dropdown-border":"rgba(0,0,0,.15)","@dropdown-fallback-border":"#ccc","@dropdown-divider-bg":"#e5e5e5","@dropdown-link-color":"@gray-dark","@dropdown-link-hover-color":"darken(@gray-dark, 5%)","@dropdown-link-hover-bg":"#f5f5f5","@dropdown-link-active-color":"@component-active-color","@dropdown-link-active-bg":"@component-active-bg","@dropdown-link-disabled-color":"@gray-light","@dropdown-header-color":"@gray-light","@dropdown-caret-color":"#000","@screen-xs":"480px","@screen-xs-min":"@screen-xs","@screen-phone":"@screen-xs-min","@screen-sm":"768px","@screen-sm-min":"@screen-sm","@screen-tablet":"@screen-sm-min","@screen-md":"992px","@screen-md-min":"@screen-md","@screen-desktop":"@screen-md-min","@screen-lg":"1200px","@screen-lg-min":"@screen-lg","@screen-lg-desktop":"@screen-lg-min","@screen-xs-max":"(@screen-sm-min - 1)","@screen-sm-max":"(@screen-md-min - 1)","@screen-md-max":"(@screen-lg-min - 1)","@grid-columns":"12","@grid-gutter-width":"30px","@grid-float-breakpoint":"@screen-sm-min","@grid-float-breakpoint-max":"(@grid-float-breakpoint - 1)","@container-tablet":"(720px + @grid-gutter-width)","@container-sm":"@container-tablet","@container-desktop":"(940px + @grid-gutter-width)","@container-md":"@container-desktop","@container-large-desktop":"(1140px + @grid-gutter-width)","@container-lg":"@container-large-desktop","@navbar-height":"3.125rem","@navbar-margin-bottom":"@line-height-computed","@navbar-border-radius":"@border-radius-base","@navbar-padding-horizontal":"floor((@grid-gutter-width / 2))","@navbar-padding-vertical":"((@navbar-height - @line-height-computed) / 2)","@navbar-collapse-max-height":"340px","@navbar-default-color":"#777","@navbar-default-bg":"#f8f8f8","@navbar-default-border":"darken(@navbar-default-bg, 6.5%)","@navbar-default-link-color":"#777","@navbar-default-link-hover-color":"#333","@navbar-default-link-hover-bg":"transparent","@navbar-default-link-active-color":"#555","@navbar-default-link-active-bg":"darken(@navbar-default-bg, 6.5%)","@navbar-default-link-disabled-color":"#ccc","@navbar-default-link-disabled-bg":"transparent","@navbar-default-brand-color":"@navbar-default-link-color","@navbar-default-brand-hover-color":"darken(@navbar-default-brand-color, 10%)","@navbar-default-brand-hover-bg":"transparent","@navbar-default-toggle-hover-bg":"#ddd","@navbar-default-toggle-icon-bar-bg":"#888","@navbar-default-toggle-border-color":"#ddd","@navbar-inverse-color":"lighten(@gray-light, 15%)","@navbar-inverse-bg":"#222","@navbar-inverse-border":"darken(@navbar-inverse-bg, 10%)","@navbar-inverse-link-color":"lighten(@gray-light, 15%)","@navbar-inverse-link-hover-color":"#fff","@navbar-inverse-link-hover-bg":"transparent","@navbar-inverse-link-active-color":"@navbar-inverse-link-hover-color","@navbar-inverse-link-active-bg":"darken(@navbar-inverse-bg, 10%)","@navbar-inverse-link-disabled-color":"#444","@navbar-inverse-link-disabled-bg":"transparent","@navbar-inverse-brand-color":"@navbar-inverse-link-color","@navbar-inverse-brand-hover-color":"#fff","@navbar-inverse-brand-hover-bg":"transparent","@navbar-inverse-toggle-hover-bg":"#333","@navbar-inverse-toggle-icon-bar-bg":"#fff","@navbar-inverse-toggle-border-color":"#333","@nav-link-padding":"10px 15px","@nav-link-hover-bg":"@gray-lighter","@nav-disabled-link-color":"@gray-light","@nav-disabled-link-hover-color":"@gray-light","@nav-tabs-border-color":"#ddd","@nav-tabs-link-hover-border-color":"@gray-lighter","@nav-tabs-active-link-hover-bg":"@body-bg","@nav-tabs-active-link-hover-color":"@gray","@nav-tabs-active-link-hover-border-color":"#ddd","@nav-tabs-justified-link-border-color":"#ddd","@nav-tabs-justified-active-link-border-color":"@body-bg","@nav-pills-border-radius":"0px","@nav-pills-active-link-hover-bg":"#fff","@nav-pills-active-link-hover-color":"#333","@pagination-color":"@link-color","@pagination-bg":"#fff","@pagination-border":"#ddd","@pagination-hover-color":"@link-hover-color","@pagination-hover-bg":"@gray-lighter","@pagination-hover-border":"#ddd","@pagination-active-color":"#fff","@pagination-active-bg":"@brand-primary","@pagination-active-border":"@brand-primary","@pagination-disabled-color":"@gray-light","@pagination-disabled-bg":"#fff","@pagination-disabled-border":"#ddd","@pager-bg":"@pagination-bg","@pager-border":"@pagination-border","@pager-border-radius":"15px","@pager-hover-bg":"@pagination-hover-bg","@pager-active-bg":"@pagination-active-bg","@pager-active-color":"@pagination-active-color","@pager-disabled-color":"@pagination-disabled-color","@jumbotron-padding":"30px","@jumbotron-color":"inherit","@jumbotron-bg":"@gray-lighter","@jumbotron-heading-color":"inherit","@jumbotron-font-size":"ceil((@font-size-base * 1.5))","@jumbotron-heading-font-size":"ceil((@font-size-base * 4.5))","@state-success-text":"#3c763d","@state-success-bg":"@brand-success","@state-success-border":"@state-success-bg","@state-info-text":"#31708f","@state-info-bg":"@brand-info","@state-info-border":"@state-info-bg","@state-warning-text":"#8a6d3b","@state-warning-bg":"@brand-warning","@state-warning-border":"@state-warning-bg","@state-danger-text":"#a94442","@state-danger-bg":"@brand-danger","@state-danger-border":"@state-danger-bg","@tooltip-max-width":"200px","@tooltip-color":"#fff","@tooltip-bg":"#000","@tooltip-opacity":".9","@tooltip-arrow-width":"5px","@tooltip-arrow-color":"@tooltip-bg","@popover-bg":"#fff","@popover-max-width":"276px","@popover-border-color":"rgba(0,0,0,.2)","@popover-fallback-border-color":"#ccc","@popover-title-bg":"darken(@popover-bg, 3%)","@popover-arrow-width":"10px","@popover-arrow-color":"@popover-bg","@popover-arrow-outer-width":"(@popover-arrow-width + 1)","@popover-arrow-outer-color":"fadein(@popover-border-color, 5%)","@popover-arrow-outer-fallback-color":"darken(@popover-fallback-border-color, 20%)","@label-default-bg":"@gray-light","@label-primary-bg":"@brand-primary","@label-success-bg":"@brand-success","@label-info-bg":"@brand-info","@label-warning-bg":"@brand-warning","@label-danger-bg":"@brand-danger","@label-color":"#fff","@label-link-hover-color":"#fff","@modal-inner-padding":".9375rem","@modal-title-padding":".9375rem","@modal-title-line-height":"@line-height-base","@modal-content-bg":"#fff","@modal-content-border-color":"rgba(0,0,0,.2)","@modal-content-fallback-border-color":"#999","@modal-backdrop-bg":"#000","@modal-backdrop-opacity":".5","@modal-header-border-color":"#e5e5e5","@modal-footer-border-color":"@modal-header-border-color","@modal-lg":"900px","@modal-md":"600px","@modal-sm":"300px","@alert-padding":".9375rem","@alert-border-radius":"@border-radius-base","@alert-link-font-weight":"bold","@alert-success-bg":"@state-success-bg","@alert-success-text":"#ffffff","@alert-success-border":"@state-success-border","@alert-info-bg":"@state-info-bg","@alert-info-text":"#ffffff","@alert-info-border":"@state-info-border","@alert-warning-bg":"@state-warning-bg","@alert-warning-text":"#ffffff","@alert-warning-border":"@state-warning-border","@alert-danger-bg":"@state-danger-bg","@alert-danger-text":"#ffffff","@alert-danger-border":"@state-danger-border","@progress-bg":"#f5f5f5","@progress-bar-color":"#fff","@progress-border-radius":"@border-radius-base","@progress-bar-bg":"@brand-primary","@progress-bar-success-bg":"@brand-success","@progress-bar-warning-bg":"@brand-warning","@progress-bar-danger-bg":"@brand-danger","@progress-bar-info-bg":"@brand-info","@list-group-bg":"#fff","@list-group-border":"#ddd","@list-group-border-radius":"@border-radius-base","@list-group-hover-bg":"#f5f5f5","@list-group-active-color":"@component-active-color","@list-group-active-bg":"@component-active-bg","@list-group-active-border":"@list-group-active-bg","@list-group-active-text-color":"lighten(@list-group-active-bg, 40%)","@list-group-disabled-color":"@gray-light","@list-group-disabled-bg":"@gray-lighter","@list-group-disabled-text-color":"@list-group-disabled-color","@list-group-link-color":"#555","@list-group-link-hover-color":"@list-group-link-color","@list-group-link-heading-color":"#333","@panel-bg":"#fff","@panel-body-padding":".625rem .9375rem","@panel-heading-padding":".625rem .9375rem","@panel-footer-padding":"@panel-heading-padding","@panel-border-radius":"@border-radius-base","@panel-inner-border":"#ddd","@panel-footer-bg":"#f5f5f5","@panel-default-text":"@gray-dark","@panel-default-border":"#ddd","@panel-default-heading-bg":"#FFF","@panel-primary-text":"#FFF","@panel-primary-border":"@brand-primary","@panel-primary-heading-bg":"@brand-primary","@panel-success-text":"#FFF","@panel-success-border":"@state-success-border","@panel-success-heading-bg":"@state-success-bg","@panel-info-text":"#FFF","@panel-info-border":"@state-info-border","@panel-info-heading-bg":"@state-info-bg","@panel-warning-text":"#FFF","@panel-warning-border":"@state-warning-border","@panel-warning-heading-bg":"@state-warning-bg","@panel-danger-text":"#FFF","@panel-danger-border":"@state-danger-border","@panel-danger-heading-bg":"@state-danger-bg","@thumbnail-padding":".25rem","@thumbnail-bg":"@body-bg","@thumbnail-border":"#ddd","@thumbnail-border-radius":"@border-radius-base","@thumbnail-caption-color":"@text-color","@thumbnail-caption-padding":".5625rem","@well-bg":"#f5f5f5","@well-border":"darken(@well-bg, 7%)","@badge-color":"#fff","@badge-link-hover-color":"#fff","@badge-bg":"@gray-light","@badge-active-color":"@link-color","@badge-active-bg":"#fff","@badge-font-weight":"bold","@badge-line-height":"1","@badge-border-radius":"10px","@breadcrumb-padding-vertical":"1.25rem","@breadcrumb-padding-horizontal":"0","@breadcrumb-bg":"#fff","@breadcrumb-color":"#ccc","@breadcrumb-active-color":"@gray-light","@breadcrumb-separator":"\"/\"","@carousel-text-shadow":"0 1px 2px rgba(0,0,0,.6)","@carousel-control-color":"#fff","@carousel-control-width":"15%","@carousel-control-opacity":".5","@carousel-control-font-size":"20px","@carousel-indicator-active-bg":"#fff","@carousel-indicator-border-color":"#fff","@carousel-caption-color":"#fff","@close-font-weight":"bold","@close-color":"#000","@close-text-shadow":"0 1px 0 #fff","@code-color":"#c7254e","@code-bg":"#f9f2f4","@kbd-color":"#fff","@kbd-bg":"#333","@pre-bg":"#f5f5f5","@pre-color":"@gray-dark","@pre-border-color":"#ccc","@pre-scrollable-max-height":"340px","@component-offset-horizontal":"180px","@text-muted":"@gray-light","@abbr-border-color":"@gray-light","@headings-small-color":"@gray-light","@blockquote-small-color":"@gray-light","@blockquote-font-size":"(@font-size-base * 1.25)","@blockquote-border-color":"@gray-lighter","@page-header-border-color":"@gray-lighter","@dl-horizontal-offset":"@component-offset-horizontal","@hr-border":"@gray-lighter","@modal-top-offset":"80px","@zindex-navbar":"1000","@zindex-dropdown":"1000","@zindex-popover":"1060","@zindex-tooltip":"1070","@zindex-navbar-fixed":"1030","@zindex-modal-background":"1040","@zindex-modal":"1050","@header-bar-background":"#247b97"},"css":["print.less","type.less","code.less","grid.less","tables.less","forms.less","buttons.less","responsive-utilities.less","button-groups.less","input-groups.less","navs.less","navbar.less","breadcrumbs.less","pagination.less","pager.less","labels.less","badges.less","jumbotron.less","thumbnails.less","alerts.less","progress-bars.less","media.less","list-group.less","panels.less","responsive-embed.less","wells.less","close.less","component-animations.less","dropdowns.less","tooltip.less","popovers.less","modals.less","carousel.less"],"js":[],"customizerUrl":"http://getbootstrap.com/customize/?id=d54b4f5e56fee51af4f5"},"Name":"Skillsoft","PaletteJSON":{"primary":"#33738a","palette":["#33738a","#e1e6e3","#794544","#7396a2","#c3c356","#aca88b","#34b454"]},"Precedence":0,"ThemeKey":"DEFAULT_SKILLSOFT"},"defaultLessVariables":{"@IsThemed":"0","@fonts-path":"assets/fonts/","@fontawesome-version":"4.7.0","@opensans-version":"v10","@font-size-size12":"(@font-size-base * 0.75)","@font-size-size14":"(@font-size-base * 0.875)","@font-size-size18":"(@font-size-base * 1.125)","@sumt-webpart-bg":"transparent","@sumt-webpart-text":"@text-color","@sumt-webpart-header-bg":"transparent","@sumt-webpart-header-text":"inherit","@sumt-card-bg":"#f5f5f5","@sumt-card-height-base":"120px","@sumt-card-list-border":"#ccc","@sumt-card-list-header-border":"#999","@left-nav-width":"320px","@left-nav-header-height":"100px","@left-nav-parent-color":"#8fc9f2","@left-nav-body-background":"@left-nav-header-background","@left-nav-header-hover":"#2b9ded","@left-nav-header-background":"#0d446c","@left-nav-header-text-color":"#fff","@left-nav-childnode-background":"darken(@left-nav-body-background, 10%)","@left-nav-node-hover":"@left-nav-header-hover","@left-nav-text-color":"#fff","@left-nav-symbol-color":"#fff","@toolbar-background-hover":"#CCD0D6","@toolbar-border-color":"#ADADAD","@toolbar-vertical-margin":".3125rem","@toolbar-bg":"#fafbfb","@toolbar-line-height":"1.5625rem","@toolbar-text-color":"#333","@toolbar-button-vertical-margin":".5rem","@toolbar-hover":"#ccd0d6","@btn-disabled-color":"#999","@sumt-btn-default-color":"#227AB9","@slideout-close-btn-bg":"#f27c2a","@slideout-close-color":"#fff","@slideout-width":"22.1875rem","@slideout-leftside-width":"20.3125rem","@slideout-leftside-bg":"#eeeeee","@slideout-item-bordercolor":"#999","@step-height":"1.875rem","@step-width":"1.875rem","@step-border-thickness":".3125rem","@step-font-size":".9375rem","@step-font-weight":"700","@step-active-font-color":"#333","@step-disabled-font-color":"@toolbar-text-color","@step-todo-font-color":"#fff","@step-active-bg-color":"#fff","@step-disabled-bg-color":"@toolbar-hover","@step-todo-bg-color":"@brand-info","@h1-margin":"@line-height-computed 0 @line-height-computed 0","@h2-margin":"@line-height-computed 0 0.625rem 0","@h3-margin":"@line-height-computed 0 0.625rem 0","@h4-margin":"(@line-height-computed / 2) 0 (@line-height-computed / 2) 0","@h5-margin":"(@line-height-computed / 2) 0 (@line-height-computed / 2) 0","@h6-margin":"(@line-height-computed / 2) 0 (@line-height-computed / 2) 0","@timeline-one-rem":"1rem","@timeline-two-rem":"2rem","@timeline-three-rem":"3rem","@one-rem":"1rem","@one-and-half-rem":"1.5rem","@page-dot-size":".6875rem","@header-margins":".2rem","@notification-tile-bg":"#00aed3","@notificaiton-tile-white":"#fff","@loader-base":"#000","@loader-color-light":"lighten(@loader-base, 90%)","@loader-color-dark":"lighten(@loader-base, 65%)","@box-shadow-color":"#e5e5e5","@page-container-margin":"2rem","@table-header-border-color":"#adadad","@nav-pills-active-link-hover-border":"#227AB9","@margin-base":"1rem","@tree-title-box":"#428bca","@tree-title-border":"#e5e5e5","@tree-border-color":"#999","@tree-title-color":"#ffffff","@tree-text-color":"@brand-primary","@tree-complete-check":"#1fbba6","@tree-level-one":"#ffffff","@tree-level-two":"#f2f2f2","@tree-level-three":"#e1e1e1","@show-logo-outline":"True","@progress-background":"@progress-bg","@progress-bar-background":"@body-bg","@progress-bar-complete":"@brand-success","@progress-bar-ongoing":"@brand-info","@progress-bar-pending":"@brand-warning","@progress-bar-blank":"@body-bg","@progress-bar-text":"@gray-base","@gray-base":"#000","@gray-darker":"lighten(@gray-base, 13.5%)","@gray-dark":"lighten(@gray-base, 20%)","@gray":"lighten(@gray-base, 33.5%)","@gray-light":"lighten(@gray-base, 46.7%)","@gray-lighter":"lighten(@gray-base, 93.5%)","@brand-primary":"darken(#428bca, 6.5%)","@brand-success":"#1fbba6","@brand-info":"#00AED3","@brand-warning":"#ffc600","@brand-danger":"#f27c2a","@body-bg":"#fff","@text-color":"@gray-dark","@link-color":"@brand-primary","@link-hover-color":"darken(@link-color, 15%)","@link-hover-decoration":"underline","@font-family-sans-serif":"Open Sans, Tahoma, Geneva, sans-serif","@font-family-serif":"Georgia, Times New Roman, Times, serif","@font-family-monospace":"Menlo, Monaco, Consolas, Courier New, monospace","@font-family-base":"@font-family-sans-serif","@font-size-base":"1rem","@font-size-large":"(@font-size-base * 1.375)","@font-size-small":"(@font-size-base * 0.875)","@font-size-h1":"(@font-size-base * 1.375)","@font-size-h2":"(@font-size-base * 1.125)","@font-size-h3":"(@font-size-base * 1)","@font-size-h4":"(@font-size-base * 0.875)","@font-size-h5":"(@font-size-base * 0.75)","@font-size-h6":"(@font-size-base * 0.6875)","@line-height-base":"1rem","@line-height-computed":"(@font-size-base * @line-height-base)","@headings-font-family":"inherit","@headings-font-weight":"700","@headings-line-height":"1.1em","@headings-color":"inherit","@icon-font-path":"assets/fonts/","@icon-font-name":"glyphicons-halflings-regular","@icon-font-svg-id":"glyphicons_halflingsregular","@padding-base-vertical":".375rem","@padding-base-horizontal":".75rem","@padding-large-vertical":".625rem","@padding-large-horizontal":"1rem","@padding-small-vertical":".3125rem","@padding-small-horizontal":".625rem","@padding-xs-vertical":".0625rem","@padding-xs-horizontal":".3125rem","@line-height-large":"1.33rem","@line-height-small":".5rem","@border-radius-base":"4px","@border-radius-large":"6px","@border-radius-small":"3px","@component-active-color":"#fff","@component-active-bg":"@brand-primary","@caret-width-base":"4px","@caret-width-large":"5px","@table-cell-padding":".9375rem","@table-condensed-cell-padding":".5rem","@table-bg":"transparent","@table-bg-accent":"#fafbfb","@table-bg-hover":"#f4fbff","@table-bg-active":"@table-bg-hover","@table-border-color":"#dfe4e8","@btn-font-weight":"700","@btn-default-color":"#333","@btn-default-bg":"#fff","@btn-default-border":"#ccc","@btn-primary-color":"#fff","@btn-primary-bg":"#227AB9","@btn-primary-border":"transparent","@btn-success-color":"#fff","@btn-success-bg":"@brand-success","@btn-success-border":"darken(@btn-success-bg, 5%)","@btn-info-color":"#fff","@btn-info-bg":"@brand-info","@btn-info-border":"darken(@btn-info-bg, 5%)","@btn-warning-color":"#fff","@btn-warning-bg":"@brand-warning","@btn-warning-border":"darken(@btn-warning-bg, 5%)","@btn-danger-color":"#fff","@btn-danger-bg":"@brand-danger","@btn-danger-border":"darken(@btn-danger-bg, 5%)","@btn-link-disabled-color":"@gray-light","@btn-border-radius-base":"@border-radius-base","@btn-border-radius-large":"@border-radius-large","@btn-border-radius-small":"@border-radius-small","@input-bg":"#fff","@input-bg-disabled":"@gray-lighter","@input-color":"@gray","@input-border":"#ccc","@input-border-radius":"@border-radius-base","@input-border-radius-large":"@border-radius-large","@input-border-radius-small":"@border-radius-small","@input-border-focus":"#66afe9","@input-color-placeholder":"#999","@input-height-base":"2.1875rem","@input-height-large":"(ceil(@font-size-large * @line-height-large) + (@padding-large-vertical * 2) + 2)","@input-height-small":"(floor(@font-size-small * @line-height-small) + (@padding-small-vertical * 2) + 2)","@form-group-margin-bottom":"1rem","@legend-color":"@gray-dark","@legend-border-color":"#e5e5e5","@input-group-addon-bg":"@gray-lighter","@input-group-addon-border-color":"@input-border","@cursor-disabled":"not-allowed","@dropdown-bg":"#fff","@dropdown-border":"rgba(0,0,0,.15)","@dropdown-fallback-border":"#ccc","@dropdown-divider-bg":"#e5e5e5","@dropdown-link-color":"@gray-dark","@dropdown-link-hover-color":"darken(@gray-dark, 5%)","@dropdown-link-hover-bg":"#f5f5f5","@dropdown-link-active-color":"@component-active-color","@dropdown-link-active-bg":"@component-active-bg","@dropdown-link-disabled-color":"@gray-light","@dropdown-header-color":"@gray-light","@dropdown-caret-color":"#000","@zindex-navbar":"1000","@zindex-dropdown":"1060","@zindex-popover":"1060","@zindex-tooltip":"1070","@zindex-navbar-fixed":"1030","@zindex-modal-background":"1040","@zindex-modal":"1050","@screen-xs":"480px","@screen-xs-min":"@screen-xs","@screen-phone":"@screen-xs-min","@screen-sm":"768px","@screen-sm-min":"@screen-sm","@screen-tablet":"@screen-sm-min","@screen-md":"992px","@screen-md-min":"@screen-md","@screen-desktop":"@screen-md-min","@screen-lg":"1200px","@screen-lg-min":"@screen-lg","@screen-lg-desktop":"@screen-lg-min","@screen-xs-max":"(@screen-sm-min - 1)","@screen-sm-max":"(@screen-md-min - 1)","@screen-md-max":"(@screen-lg-min - 1)","@grid-columns":"12","@grid-gutter-width":"30px","@grid-float-breakpoint":"@screen-sm-min","@grid-float-breakpoint-max":"(@grid-float-breakpoint - 1)","@container-tablet":"(720px + @grid-gutter-width)","@container-sm":"@container-tablet","@container-desktop":"(940px + @grid-gutter-width)","@container-md":"@container-desktop","@container-large-desktop":"(1140px + @grid-gutter-width)","@container-lg":"@container-large-desktop","@navbar-height":"3.125rem","@navbar-margin-bottom":"@line-height-computed","@navbar-border-radius":"@border-radius-base","@navbar-padding-horizontal":"floor((@grid-gutter-width / 2))","@navbar-padding-vertical":"((@navbar-height - @line-height-computed) / 2)","@navbar-collapse-max-height":"340px","@navbar-default-color":"#777","@navbar-default-bg":"#f8f8f8","@navbar-default-border":"darken(@navbar-default-bg, 6.5%)","@navbar-default-link-color":"#777","@navbar-default-link-hover-color":"#333","@navbar-default-link-hover-bg":"transparent","@navbar-default-link-active-color":"#555","@navbar-default-link-active-bg":"darken(@navbar-default-bg, 6.5%)","@navbar-default-link-disabled-color":"#ccc","@navbar-default-link-disabled-bg":"transparent","@navbar-default-brand-color":"@navbar-default-link-color","@navbar-default-brand-hover-color":"darken(@navbar-default-brand-color, 10%)","@navbar-default-brand-hover-bg":"transparent","@navbar-default-toggle-hover-bg":"#ddd","@navbar-default-toggle-icon-bar-bg":"#888","@navbar-default-toggle-border-color":"#ddd","@navbar-inverse-color":"lighten(@gray-light, 15%)","@navbar-inverse-bg":"#222","@navbar-inverse-border":"darken(@navbar-inverse-bg, 10%)","@navbar-inverse-link-color":"lighten(@gray-light, 15%)","@navbar-inverse-link-hover-color":"#fff","@navbar-inverse-link-hover-bg":"transparent","@navbar-inverse-link-active-color":"@navbar-inverse-link-hover-color","@navbar-inverse-link-active-bg":"darken(@navbar-inverse-bg, 10%)","@navbar-inverse-link-disabled-color":"#444","@navbar-inverse-link-disabled-bg":"transparent","@navbar-inverse-brand-color":"@navbar-inverse-link-color","@navbar-inverse-brand-hover-color":"#fff","@navbar-inverse-brand-hover-bg":"transparent","@navbar-inverse-toggle-hover-bg":"#333","@navbar-inverse-toggle-icon-bar-bg":"#fff","@navbar-inverse-toggle-border-color":"#333","@nav-link-padding":"10px 15px","@nav-link-hover-bg":"@gray-lighter","@nav-disabled-link-color":"@gray-light","@nav-disabled-link-hover-color":"@gray-light","@nav-tabs-border-color":"#ddd","@nav-tabs-link-hover-border-color":"@gray-lighter","@nav-tabs-active-link-hover-bg":"@body-bg","@nav-tabs-active-link-hover-color":"@gray","@nav-tabs-active-link-hover-border-color":"#ddd","@nav-tabs-justified-link-border-color":"#ddd","@nav-tabs-justified-active-link-border-color":"@body-bg","@nav-pills-border-radius":"0px","@nav-pills-active-link-hover-bg":"#fff","@nav-pills-active-link-hover-color":"#333","@pagination-color":"@link-color","@pagination-bg":"#fff","@pagination-border":"#ddd","@pagination-hover-color":"@link-hover-color","@pagination-hover-bg":"@gray-lighter","@pagination-hover-border":"#ddd","@pagination-active-color":"#fff","@pagination-active-bg":"@brand-primary","@pagination-active-border":"@brand-primary","@pagination-disabled-color":"@gray-light","@pagination-disabled-bg":"#fff","@pagination-disabled-border":"#ddd","@pager-bg":"@pagination-bg","@pager-border":"@pagination-border","@pager-border-radius":"15px","@pager-hover-bg":"@pagination-hover-bg","@pager-active-bg":"@pagination-active-bg","@pager-active-color":"@pagination-active-color","@pager-disabled-color":"@pagination-disabled-color","@jumbotron-padding":"30px","@jumbotron-color":"inherit","@jumbotron-bg":"@gray-lighter","@jumbotron-heading-color":"inherit","@jumbotron-font-size":"ceil((@font-size-base * 1.5))","@jumbotron-heading-font-size":"ceil((@font-size-base * 4.5))","@state-success-text":"#3c763d","@state-success-bg":"@brand-success","@state-success-border":"@state-success-bg","@state-info-text":"#31708f","@state-info-bg":"@brand-info","@state-info-border":"@state-info-bg","@state-warning-text":"#8a6d3b","@state-warning-bg":"@brand-warning","@state-warning-border":"@state-warning-bg","@state-danger-text":"#a94442","@state-danger-bg":"@brand-danger","@state-danger-border":"@state-danger-bg","@tooltip-max-width":"200px","@tooltip-color":"#fff","@tooltip-bg":"#000","@tooltip-opacity":".9","@tooltip-arrow-width":"5px","@tooltip-arrow-color":"@tooltip-bg","@popover-bg":"#fff","@popover-max-width":"276px","@popover-border-color":"rgba(0,0,0,.2)","@popover-fallback-border-color":"#ccc","@popover-title-bg":"darken(@popover-bg, 3%)","@popover-arrow-width":"10px","@popover-arrow-color":"@popover-bg","@popover-arrow-outer-width":"(@popover-arrow-width + 1)","@popover-arrow-outer-color":"fadein(@popover-border-color, 5%)","@popover-arrow-outer-fallback-color":"darken(@popover-fallback-border-color, 20%)","@label-default-bg":"@gray-light","@label-primary-bg":"@brand-primary","@label-success-bg":"@brand-success","@label-info-bg":"@brand-info","@label-warning-bg":"@brand-warning","@label-danger-bg":"@brand-danger","@label-color":"#fff","@label-link-hover-color":"#fff","@modal-inner-padding":".9375rem","@modal-title-padding":".9375rem","@modal-title-line-height":"@line-height-base","@modal-content-bg":"#fff","@modal-content-border-color":"rgba(0,0,0,.2)","@modal-content-fallback-border-color":"#999","@modal-backdrop-bg":"#000","@modal-backdrop-opacity":".5","@modal-header-border-color":"#e5e5e5","@modal-footer-border-color":"@modal-header-border-color","@modal-lg":"900px","@modal-md":"600px","@modal-sm":"300px","@alert-padding":".9375rem","@alert-border-radius":"@border-radius-base","@alert-link-font-weight":"bold","@alert-success-bg":"@state-success-bg","@alert-success-text":"#ffffff","@alert-success-border":"@state-success-border","@alert-info-bg":"@state-info-bg","@alert-info-text":"#ffffff","@alert-info-border":"@state-info-border","@alert-warning-bg":"@state-warning-bg","@alert-warning-text":"#ffffff","@alert-warning-border":"@state-warning-border","@alert-danger-bg":"@state-danger-bg","@alert-danger-text":"#ffffff","@alert-danger-border":"@state-danger-border","@progress-bg":"#f5f5f5","@progress-bar-color":"#fff","@progress-border-radius":"@border-radius-base","@progress-bar-bg":"@brand-primary","@progress-bar-success-bg":"@brand-success","@progress-bar-warning-bg":"@brand-warning","@progress-bar-danger-bg":"@brand-danger","@progress-bar-info-bg":"@brand-info","@list-group-bg":"#fff","@list-group-border":"#ddd","@list-group-border-radius":"@border-radius-base","@list-group-hover-bg":"#f5f5f5","@list-group-active-color":"@component-active-color","@list-group-active-bg":"@component-active-bg","@list-group-active-border":"@list-group-active-bg","@list-group-active-text-color":"lighten(@list-group-active-bg, 40%)","@list-group-disabled-color":"@gray-light","@list-group-disabled-bg":"@gray-lighter","@list-group-disabled-text-color":"@list-group-disabled-color","@list-group-link-color":"#555","@list-group-link-hover-color":"@list-group-link-color","@list-group-link-heading-color":"#333","@panel-bg":"#fff","@panel-body-padding":".625rem .9375rem","@panel-heading-padding":".625rem .9375rem","@panel-footer-padding":"@panel-heading-padding","@panel-border-radius":"@border-radius-base","@panel-inner-border":"#ddd","@panel-footer-bg":"#f5f5f5","@panel-default-text":"@gray-dark","@panel-default-border":"#ddd","@panel-default-heading-bg":"#FFF","@panel-primary-text":"#FFF","@panel-primary-border":"@brand-primary","@panel-primary-heading-bg":"@brand-primary","@panel-success-text":"#FFF","@panel-success-border":"@state-success-border","@panel-success-heading-bg":"@state-success-bg","@panel-info-text":"#FFF","@panel-info-border":"@state-info-border","@panel-info-heading-bg":"@state-info-bg","@panel-warning-text":"#FFF","@panel-warning-border":"@state-warning-border","@panel-warning-heading-bg":"@state-warning-bg","@panel-danger-text":"#FFF","@panel-danger-border":"@state-danger-border","@panel-danger-heading-bg":"@state-danger-bg","@thumbnail-padding":".25rem","@thumbnail-bg":"@body-bg","@thumbnail-border":"#ddd","@thumbnail-border-radius":"@border-radius-base","@thumbnail-caption-color":"@text-color","@thumbnail-caption-padding":".5625rem","@well-bg":"#f5f5f5","@well-border":"darken(@well-bg, 7%)","@badge-color":"#fff","@badge-link-hover-color":"#fff","@badge-bg":"@gray-light","@badge-active-color":"@link-color","@badge-active-bg":"#fff","@badge-font-weight":"bold","@badge-line-height":"1","@badge-border-radius":"10px","@breadcrumb-padding-vertical":"1.25rem","@breadcrumb-padding-horizontal":"0","@breadcrumb-bg":"#fff","@breadcrumb-color":"#ccc","@breadcrumb-active-color":"@gray-light","@breadcrumb-separator":"/","@carousel-text-shadow":"0 1px 2px rgba(0,0,0,.6)","@carousel-control-color":"#fff","@carousel-control-width":"15%","@carousel-control-opacity":".5","@carousel-control-font-size":"20px","@carousel-indicator-active-bg":"#fff","@carousel-indicator-border-color":"#fff","@carousel-caption-color":"#fff","@close-font-weight":"bold","@close-color":"#000","@close-text-shadow":"0 1px 0 #fff","@code-color":"#c7254e","@code-bg":"#f9f2f4","@kbd-color":"#fff","@kbd-bg":"#333","@pre-bg":"#f5f5f5","@pre-color":"@gray-dark","@pre-border-color":"#ccc","@pre-scrollable-max-height":"340px","@component-offset-horizontal":"180px","@text-muted":"@gray-light","@abbr-border-color":"@gray-light","@headings-small-color":"@gray-light","@blockquote-small-color":"@gray-light","@blockquote-font-size":"(@font-size-base * 1.25)","@blockquote-border-color":"@gray-lighter","@page-header-border-color":"@gray-lighter","@dl-horizontal-offset":"@component-offset-horizontal","@dl-horizontal-breakpoint":"@grid-float-breakpoint","@hr-border":"@gray-lighter","@padding-medium-vertical":".5rem","@modal-top-offset":"80px","@focus-border-color":"#999"}},"debugEnabled":false,"modulesPath":"/Core/dist/app/modules","mustSetSecurityQuestions":false,"appUris":{"baseUri":"https://cl12sales.sumtotaldevelopment.net","root":"/Core/","tenantRoot":"https://cl12sales.sumtotaldevelopment.net/Core/","tenantSpecificWebPathsForRelyingParties":{"LM":"https://cl12sales.sumtotaldevelopment.net/learning/DataStore/CL12_SALES_TEST/Learning/","TM":"https://cl12sales.sumtotaldevelopment.net/DataStore/CL12_SALES_TEST/TM/","Analytics":"https://supp-bi-master.sumtotaldemo.net/ibmcognos/cgi-bin/DataStore/CL12_SALES_TEST/Analytics/","ELIXHRUI":"https://cl12sales.sumtotaldevelopment.net/core/DataStore/CL12_SALES_TEST/Core/","AdvancedReport":"https://cl12sales.sumtotaldevelopment.net/DataStore/CL12_SALES_TEST/AdvancedReport/","JobBoard":"https://cl12sales.sumtotaldevelopment.net/Careers/DataStore/CL12_SALES_TEST/JobBoard/","JobBoardPWA":"https://cl12sales.sumtotaldevelopment.net/PWA/DataStore/CL12_SALES_TEST/JobBoardPWA/","ContentEngine":"https://cl12sales.sumtotaldevelopment.net/contentengine/DataStore/CL12_SALES_TEST/ContentEngine/","GAM":"http://cl-ugm12a:3000/api/DataStore/CL12_SALES_TEST/GAM/","BrowserExtension":"https://cl12sales.sumtotaldevelopment.net/browserextension/DataStore/CL12_SALES_TEST/BrowserExtension/"}},"moduleTranslationInfo":{"TRANSLATIONS_PORTAL":"8C297DAC9A38D707C73E6F0EBB79FCA7","TRANSLATIONS_PORTAL_HOME":"2836C33417A46F1AAFA2F0263FEC144A","TRANSLATIONS_PORTAL_MYTASKS":"1D8F4AFD0290103C3DC85AAEDA814D05","TRANSLATIONS_WEBPARTS":"981CD95385FB09E4706B3CF1E7D00C35","TRANSLATIONS_WIDGETS_ADMIN":"6D3682B63699849B1E18FF0BE15F2D81","TRANSLATIONS_ELIXHR":"3A892542C3B43A744748875B1FB2471C","TRANSLATIONS_SLIDEOUTS":"0A4C4B9B3E6C3303A30706F64C05B07D","TRANSLATIONS_ELIXHR_PROFILE":"7B6ADF3BA7D4590F19BF8E004A1AE302","TRANSLATIONS_CORE":"71D6D7EEA8DF2B6FBCDB607993873A02","TRANSLATIONS_ELIXHR_RESUME":"279DA0BC96D638AA953FCB908E189004","TRANSLATIONS_ELIXHR_MYTEAM":"520BE4BC3A1BE396790780E8B2013E64","TRANSLATIONS_ELIXHR_SOCIAL":"88572AC0E232D8920CBF269FE62F8B0D","TRANSLATIONS_SSO":"1DC2A4BC8CE10A7A6BA9FD0756D7AEE2","TRANSLATIONS_SSO_ATTESTATION":"02DDC423156B2A460E702176B36FB3BD","TRANSLATIONS_ENTERPRISESEARCH":"0ACF9D2FF4D9A76EC0AD7052DD2ABC28","TRANSLATIONS_ORGANIZATION":"B91B1226B932CB19D5E359F0C6591EA8","TRANSLATIONS_PASSWORD":"AB356BBA51A5A788FEC6B2FBD3684838","RECOMMENDATIONS":"621230A5561CF1F31C0FD7626570B2DB","TRANSLATIONS_RECOMMENDEDLEARNING":"6AA3C39EDEF35917253C3AEE345773E2","TRANSLATIONS_SECURITY":"95F430BD9B5A9FBC3BAB3A493AE588D2","TRANSLATIONS_DASHBOARD":"F5CC1EB902E0A7DAB422D28E9716BD98","TRANSLATIONS_CHANGEPASSWORD":"1DC60A9B5A16CC4D0D03DDA88A5BB7C0","TRANSLATIONS_TIMELINE":"AF2F95A1A6CE98CFDB813684044D8FE1","TRANSLATIONS_ADMINISTRATION_CODEMANAGEMENT":"02A3015A7F8A35E68A701F7237039211","TRANSLATIONS_ADMINISTRATION":"05C675C4AD221657312AB1379285CE28","TRANSLATIONS_ADMINISTRATION_CATCODEMANAGEMENT":"C18A3DA2AB6666FA9B9C434138AFB9A7","TRANSLATIONS_REQUISITION":"8B99153D93F8CFB8DF89DD08591C1D58","TRANSLATIONS_MINI_PROFILE":"0D1A61A9227B3C3139CFA74C6466870C","TRANSLATIONS_USERSECURITYQUESTION":"DDBA59416C16C72CF2841E5C9D47370E","TRANSLATIONS_DEVPLAN":"95606F83E2F912B31FFC478BE8B5A6C6","TRANSLATIONS_DEVPLAN_COMMON":"FAE3652FC3DA718FC0A454B8E217C39A","TRANSLATIONS_ADMINISTRATION_ADMINDEVPLAN":"A2DD68112C2005D795149E602F51F9E3","TRANSLATIONS_PERMISSIONLEVEL":"8F0268707E54BFA398F6A0EC93F750A2","TRANSLATIONS_THEMING":"8C4A9BBEE17D9EE343D66E70FFBAF7CD","Social_Kudos":"37EDE38901BEDF3527BF34B0CE33A2D0","TRANSLATIONS_ADMINDASHBOARD":"0F202DC4C400938B181D26CEBC0CD75A","ENTERPRISE_SEARCH":"C2736FC235A3A6CBA8C09EB3A0567B6A","TRANSLATIONS_WIDGETS_EDITOR_ADMIN":"83AD9D083435643263CEE7015649040D","WebPartDefinition_Common":"D126CAB236030AA04273D6CB0BB63561","TRANSLATIONS_SEARCHCONFIGURATION":"17B6C10A00230A20F9236A16B8D79E0B","TRANSLATIONS_LOGONEVENTS":"B2B2E091A905517B49FA320261001711","TRANSLATIONS_SITEMAPCONFIGURATION":"C26BF2CCD2070C6182CD8F6BE9D65A25","TRANSLATIONS_FILEMANAGEMENT":"7B8558218B708372F9D5C8D97A18E503","TRANSLATIONS_INITIATIVES":"6AF4273AB2DE203030B5BEA16C8507D6","TRANSLATIONS_INITIATIVES_EDITINITIATIVE":"8D4BDFA04F8C37BD8F8CE4D6E93EF1EB","TRANSLATIONS_PERSON_RESUME":"062FC03EB32CADBDCEF56B2AC618BE70","TRANSLATIONS_ADMINISTRATION_CONFIG_DEVELOPMENTPLAN":"E7D696EDCF171DC5EE7998BB7CFE1D86","TRANSLATIONS_REPORTING_WIDGET":"8EB62642D93CFD85420463A0667DCCE9","SETTINGS_ELIXHR":"266325C285678BF5894DE708BBCAE214","TRANSLATIONS_ADMINISTRATION_CONFIG_USERACCOUNT":"DCCD171769F7892F6D81C3D225BB088A","TRANSLATIONS_CAREERPLAN":"BCC8EC4E6247E70FC2EE85D225F8A656","TRANSLATIONS_ADMINISTRATION_CONFIG_CAREERPLANSETTINGS":"1D2F59975670462607130FD7FE63D3AB","TRANSLATIONS_ADMINISTRATION_MANAGEPERIOD":"A687646E373D7EE2C410CB23A3488BC6","TRANSLATIONS_ADVANCEDSEARCHCONFIGURATION":"5B0823175B2502A42DDE735EA03609F2","TRANSLATIONS_ADMINISTRATION_CONFIG_EDITTRANSLATIONS":"C76BBDB05338ED55A83E3E1055000698","TRANSLATIONS_COMPETENCYPROFILE":"BB5835F563CCA8502A0FF4306C054939","TRANSLATIONS_ADMINISTRATION_TASK_NOTIFICATIONTEMPLATES":"AFF68DC8D4577B997541E59B20DB778A","WebPartDefinition_Learning":"BF56A2BF90A007CEAE9B1736A8F5AA92","TRANSLATIONS_ADMINISTRATION_SKILLCATEGORIES":"9786B66B1B56603B18DEAE5EE5F272B8","TRANSLATIONS_ADMINISTRATION_CONFIG_SKILLCATEGORIES":"4E8FAD2AC6B8A6E0D2620E7CE006C10A","TRANSLATIONS_ADMINISTRATION_CONFIG_EMPLOYEECOMPETENCYSETTINGS":"6BC7D8A02795DB32D62F419058B3A751","TRANSLATIONS_HOURLY_SURVEY":"CBD9058EEA2880AD7A2FDA5741518149","TRANSLATIONS_CONTINUOUSFEEDBACK":"F0381C7064D56B14E82A2A41578C973D","TRANSLATIONS_CAREER_CORE":"3871C9E17FC7737C70BDC0B1A0CCD1BF","TRANSLATIONS_REQUISITION_WORKSPACE":"97DD34BE9044CE32A645D72F5F88D36B","TRANSLATIONS_ONBOARDING":"3DBF21CE1CC689D7B92FC6778982F2A6","TRANSLATIONS_SOCIALCONFIGURATION":"1EB43C2CF6454D6CF0C4462CE0453D27","TRANSLATIONS_RECRUITING_APPROVAL":"003C24AABEE7DBF118F9F88B29AB6CEB","TRANSLATIONS_RECRUITING_CANDIDATEEXPLORER":"130D7D8C87DBAA8DA916E271912801B4","TRANSLATIONS_ATTESTATION":"607652C9D1FD310F58D27750052B854B","TRANSLATIONS_COACHING":"747745A7131F63FAE0DDF1F8ECD39703","TRANSLATIONS_NBOX":"CB24EA8AA3E9FEC85E541BDF73ADBC7E","TRANSLATIONS_SOCIALCOMMUNITIES":"C0941AE98DDF7B66ED5F3A16D7D11DC8","TRANSLATIONS_LEARN_REGISTRATION":"12BB7A34F6060674CD7E9494C0B5915B","TRANSLATIONS_REQUISITION_WORKSPACE_ADDCANDIDATE":"4B8213A7F5D5E2DA9450202BCBFB397C"},"enabledLanguages":[{"Id":0,"ItemCode":"1","ItemText":"English (United States)","IsUserLang":"1"},{"Id":0,"ItemCode":"2","ItemText":"English (United Kingdom)","IsUserLang":"0"},{"Id":0,"ItemCode":"3","ItemText":"French","IsUserLang":"0"},{"Id":0,"ItemCode":"6","ItemText":"German","IsUserLang":"0"},{"Id":0,"ItemCode":"7","ItemText":"Japanese","IsUserLang":"0"},{"Id":0,"ItemCode":"9","ItemText":"Italian","IsUserLang":"0"},{"Id":0,"ItemCode":"11","ItemText":"Spanish","IsUserLang":"0"},{"Id":0,"ItemCode":"15","ItemText":"Portuguese (Brazilian)","IsUserLang":"0"},{"Id":0,"ItemCode":"19","ItemText":"Chinese (Simplified)","IsUserLang":"0"},{"Id":0,"ItemCode":"20","ItemText":"Chinese (Traditional)","IsUserLang":"0"},{"Id":0,"ItemCode":"26","ItemText":"French (Canadian)","IsUserLang":"0"}],"headerLogoUrl":"https://cl12sales.sumtotaldevelopment.net/Core/headerlogo.sumttheme?img&themekey=DEFAULT_SKILLSOFT&v=-173730855"};

      // place the debug enabled flag on the root
        root['debugEnabled'] = root.tempStaticData.debugEnabled;

       //Setup CKEditor
        root['CKEDITOR_BASEPATH'] = '/Core/bower_components/ckeditor/';

      root['versionNumber'] = 'ElixHR_18.3.0.0_2018.8.7.1';
    }));


    var $

    //guarantee there is a clobal console object with log and error functions (for IE when dev tools are closed)
    if (!window.console)
      window.console = {
        log: function () {
        }, error: function () {
        }, warn: function () {
        }, info: function () {
        }
      };

  </script>
  <!-- core:js -->
  <script src="/Core/dist/bower_components/jquery/dist/jquery.min.js?hash=ElixHR_18.3.0.0_2018.8.7.1" type="text/javascript" true=""></script>
  <script src="/Core/bower_components/foundation-controls/dist/scripts/vendor.js?hash=ElixHR_18.3.0.0_2018.8.7.1" type="text/javascript" true=""></script><style>.ngf-hide{display:none !important}</style><style></style>
  <script src="/Core/bower_components/foundation-controls/dist/scripts/foundation.min.js?hash=ElixHR_18.3.0.0_2018.8.7.1" type="text/javascript" true=""></script>
  <!-- endinject -->
  <!-- other:js -->
  <script src="/Core/dist/bundles/javascript/other.js?hash=ElixHR_18.3.0.0_2018.8.7.1" type="text/javascript" true=""></script><style>.cke{visibility:hidden;}</style>
  <!-- endinject -->
  <script src="/Core/dist/bower_components/angular-i18n/angular-locale_en-US.js?hash=ElixHR_18.3.0.0_2018.8.7.1" defer=""></script>
  
  
  <title></title>
</head>
<body pillar-facilitator="" dir="{{ cultureFactory.options.language.direction }}" ng-class="{'editMode': dashboardFactory.isEditMode}">
  <div id="layoutContainer">
    <sumt-header ng-init="getTimelineAlertDetails();getShoppingCartAlertDetails();"></sumt-header>

    <div class="page-loader" role="status" translate="" translate-attr-aria-label="DASHBOARD_LOADING" aria-hidden="{{!dashboardFactory.viewLoading}}" aria-atomic="{{dashboardFactory.viewLoading}}" ng-show="dashboardFactory.viewLoading">
      <div class="loader loader-large" translate="DASHBOARD_LOADING"></div>
    </div>
    <div sumt-live-region=""></div>
    
    

    
    <div left-navigation="" id="mainLeftNavigation" header="sitemapService.selectedRootNode" nav-data="::sitemapService.rootNodes" selected-nav-data="sitemapService.selectedRootNode" node-clicked="navigateToNode" emulation="sitemapService.staticRootNodes.emulation" switchdomain="sitemapService.staticRootNodes.switchDomain" translationobject="leftNav_translation" imageclicked="profileSlidePage()" exitemulation="emulationclose(sitemapService.staticRootNodes.emulation)" persondata="sitemapService.PersonDetails">
    </div>
    <div left-navigation="" id="libraryLeftNavigation" content-template-url="app/modules/core/views/library/library.client.html"></div>
    

    

<section id="rootViewContainer" role="main" class="view-container" aria-hidden="{{slideoutIsOpen}}" ng-style="!Globalvisib.isHeaderVisible &amp;&amp; {'top':'0px'}" ng-class="{'asideExpanded':leftNavObject.isShown, 'full-screen-mode ': dashboardFactory.fullScreen}">
  
  
  <div class="breadcrumb-container breadcrumbmargin" id="breadcrumbMainContainer">
    <global-breadcrumb-navigation></global-breadcrumb-navigation>
  </div>
  
    
	
	<div ng-view=""></div>
	
</section>


    <div id="divPillarLoadingMsg" style="display: none;background-color: white;">
      <div class="page-loader">
        <div class="loader loader-large"></div>
      </div>
    </div>
    <iframe id="productPillarFrame" ng-attr-lang="{{cultureFactory.options.language.key}}" src="" allowfullscreen="1" style="visibility: hidden;  z-index:-2;" frameborder="0" ng-class="{'iframeBreadcrumbAlign': enablePillarPageBreadcrumb &amp;&amp; enableBreadcrumbNav}" class="productpillars" title="module page frame"></iframe>
    <iframe id="PillarIFrame_TM" ng-attr-lang="{{cultureFactory.options.language.key}}" src="" style="visibility: hidden; z-index:-2;" frameborder="0" ng-class="{'iframeBreadcrumbAlign': enablePillarPageBreadcrumb &amp;&amp; enableBreadcrumbNav}" class="productpillars" title="module page frame"></iframe>


    <div class="dialog-footer-override-container"></div>
    <div master-slideout=""></div>
    <script type="text/javascript">
  ;
  (function(root, initializer) {
    // Create the factory for require
    var factory = initializer(root);
    root.jQuery(root.document).ready(function() {
      root.define('staticData', ['lodash', 'URI'], factory);
    });
  }(this, function(root) {
    var scriptPath = '/Core/';
    var photoPath = '/DataStore/CL12_SALES_TEST/Common/' + 'PersonImages' +'/';
    var filePath = '/DataStore/CL12_SALES_TEST/Common/' +  'FileAssets' + '/';
    var socialFilesPath = '/DataStore/CL12_SALES_TEST/Common/' + 'SocialFileAssets' + '/';
    var customHelpFilesPath = '/DataStore/CL12_SALES_TEST/Common/' + 'CustomHelpFiles' + '/';
    var isAuditEnabled = 'True';

    if (scriptPath.length > 0 && scriptPath.substr(scriptPath.length - 1, 1) === '/') {
      scriptPath = scriptPath.substr(0, scriptPath.length - 1);
    }
    var tenantKey = 'CL12_SALES_TEST';
    var htmlRootPath = '/Core/';
    var esbApiToken = 'eyJ0eXAiOiJKV1QiLCJhbGciOiJIUzI1NiJ9.eyJpc3MiOiJodHRwOlwvXC93d3cuc3VtdG90YWxzeXN0ZW1zLmNvbVwvY29yZXVpIiwic3ViIjoiYWRtaW4iLCJhdWQiOiJDTDEyX1NBTEVTX1RFU1QiLCJleHAiOjYzNjcwMDE0NjY0MDA1MjIyMywibmJmIjowLCJpYXQiOjYzNjcwMDEzNzY0NDg5NjA4NCwiYnNlc3Npb25pZCI6IjE0YmM2MDM1NTYwYzQ3N2FiOWQ5NzJiNTE2NGRkMjZiIiwiZXVzcmlkIjpudWxsLCJldXNybiI6bnVsbCwiY3VsIjoiZW4tVVMiLCJ1c2VyaWQiOiIxIiwiZ3Vlc3RhY2NvdW50IjowLCJwZXJzb25pZCI6LTEsImlzZXh0ZXJuYWwiOmZhbHNlLCJycGtleSI6IkVMSVhIUlVJIn0.907649903771895462BB690BBA0A7D28F9581D706E6AC489189D15C1AB565C91';

    function createAPIPaths() {
      return {
        learning:{
          calendarApi: '/Core/Learning/api/calendarapi/GetScheduleInfo',
          favoritesApi: '/Core/Learning/api/favoritesapi/RemoveFavorite',
          isCFREnvironment: 'https://cl12sales.sumtotaldevelopment.net/Services/api/lmpersistsettings/IsCFREnvrionment'
        },
        lmfavorite: {
          favorite: 'https://cl12sales.sumtotaldevelopment.net/Services/api/lmfavorite/favorite'
        },
        shoppingcart:{
          getCartItems : '/Core/Core/api/shoppingcartapi/GetCartItems',
          addActivityToCart:'/Core/Core/api/shoppingcartapi/AddActivityToCart'
        },
        sdo: {
          getInitiatives: 'https://cl12sales.sumtotaldevelopment.net/Services/api/users/{targetUserId}/initiatives',
          initiativeDetail: 'https://cl12sales.sumtotaldevelopment.net/Services/api/',
          initiativeDefinitionImage: 'https://cl12sales.sumtotaldevelopment.net/Services/api/initiativeDefinitions/{id}/images/{imageType}',
          getInitiativeDefinitions: 'https://cl12sales.sumtotaldevelopment.net/Services/api/admin/initiativeDefinitions',
          initiativeDefinitionDetail: 'https://cl12sales.sumtotaldevelopment.net/Services/api/admin/initiativeDefinitions/{id}',
          adminInitiative: 'https://cl12sales.sumtotaldevelopment.net/Services/api/admin/initiatives',
          terminateInitiative: 'https://cl12sales.sumtotaldevelopment.net/Services/api/admin/initiatives/{id}/terminate',
          saveProcessEntity: 'https://cl12sales.sumtotaldevelopment.net/Services/api/processEntities',
          administration: {
            loadProcessActionDefinitions: 'https://cl12sales.sumtotaldevelopment.net/Services/api/admin/processActionDefinitions',
            loadInitiativeActionDefinitions: 'https://cl12sales.sumtotaldevelopment.net/Services/api/admin/initiativeActionDefinitions',
            loadProcessActionsByDefinition: 'https://cl12sales.sumtotaldevelopment.net/Services/api/admin/processActionDefinitions/{id}/processActions',
            loadInitiativeActionDefinition: 'https://cl12sales.sumtotaldevelopment.net/Services/api/admin/initiativeActionDefinitions/{id}',
            loadTransitionEventsForInitiativeDefinitionToProcess: 'https://cl12sales.sumtotaldevelopment.net/Services/api/admin/initiativeDefinitionToProcesses/{id}/initiativeTransitionDetails',
            updateDefinitionStatus: 'https://cl12sales.sumtotaldevelopment.net/Services/api/admin/initiativeDefinitions/{id}/updateStatus',
            loadProcessStepViews: 'https://cl12sales.sumtotaldevelopment.net/Services/api/admin/processStepViews',
            assetsDefinitions:'https://cl12sales.sumtotaldevelopment.net/Services/api/admin/assetsDefinitions'
          }
        },
        search:{
          getObjectActions: 'https://cl12sales.sumtotaldevelopment.net/Services/api/action/getobjectactions',
          getFTEStatistics: 'https://cl12sales.sumtotaldevelopment.net/Services/api/search/getftestatistics',
          searchUrl: 'https://cl12sales.sumtotaldevelopment.net/Services/api/search/search',
          deleteSavedSearch:'https://cl12sales.sumtotaldevelopment.net/Services/api/search/DeleteSavedSearch',
          loadSavedSearch:'https://cl12sales.sumtotaldevelopment.net/Services/api/search/LoadSavedSearch',
          listUserSavedSearches: 'https://cl12sales.sumtotaldevelopment.net/Services/api/search/ListUserSavedSearches',
          saveSearch: 'https://cl12sales.sumtotaldevelopment.net/Services/api/search/SaveSearch',
          saveSearchUrl: 'https://cl12sales.sumtotaldevelopment.net/Services/api/search/SaveSearchTypes',
          searchSkillsoft: 'https://cl12sales.sumtotaldevelopment.net/Services/api/search/searchskillsoft',
          paginateSkillsoft: 'https://cl12sales.sumtotaldevelopment.net/Services/api/search/PaginatedSkillSoftResult',
          searchTypes: 'https://cl12sales.sumtotaldevelopment.net/Services/api/search/getenabledsearchtypes',
          allSearchTypes: 'https://cl12sales.sumtotaldevelopment.net/Services/api/search/getAllSearchTypes',
          suggestionUrl: 'https://cl12sales.sumtotaldevelopment.net/Services/api/search/suggestions',
          getFacets: 'https://cl12sales.sumtotaldevelopment.net/Services/api/search/searchFacets',
          getFacetFieldsList: 'https://cl12sales.sumtotaldevelopment.net/Services/api/search/searchFacetFields',
          includeFacet: 'https://cl12sales.sumtotaldevelopment.net/Services/api/search/includeFacetField',
          sortableFields: 'https://cl12sales.sumtotaldevelopment.net/Services/api/search/getSortableFields',
          esbApiToken: 'eyJ0eXAiOiJKV1QiLCJhbGciOiJIUzI1NiJ9.eyJpc3MiOiJodHRwOlwvXC93d3cuc3VtdG90YWxzeXN0ZW1zLmNvbVwvY29yZXVpIiwic3ViIjoiYWRtaW4iLCJhdWQiOiJDTDEyX1NBTEVTX1RFU1QiLCJleHAiOjYzNjcwMDE0NjY0MDA1MjIyMywibmJmIjowLCJpYXQiOjYzNjcwMDEzNzY0NDg5NjA4NCwiYnNlc3Npb25pZCI6IjE0YmM2MDM1NTYwYzQ3N2FiOWQ5NzJiNTE2NGRkMjZiIiwiZXVzcmlkIjpudWxsLCJldXNybiI6bnVsbCwiY3VsIjoiZW4tVVMiLCJ1c2VyaWQiOiIxIiwiZ3Vlc3RhY2NvdW50IjowLCJwZXJzb25pZCI6LTEsImlzZXh0ZXJuYWwiOmZhbHNlLCJycGtleSI6IkVMSVhIUlVJIn0.907649903771895462BB690BBA0A7D28F9581D706E6AC489189D15C1AB565C91',
          getSearchBinCountsUrl:'https://cl12sales.sumtotaldevelopment.net/Services/api/search/getSearchBinCounts',
          retrieveObjectSearchDiagnosticsUrl:'https://cl12sales.sumtotaldevelopment.net/Services/api/search/retrieveObjectSearchDiagnostics',
          getDocumentCountsUrl:'https://cl12sales.sumtotaldevelopment.net/Services/api/search/GetIndexableDocumentCounts',
          forceFullSearchUrl:'https://cl12sales.sumtotaldevelopment.net/Services/api/search/ForceFullSearchForBins',
          saveFavoriteJobUrl:'https://cl12sales.sumtotaldevelopment.net/Services/api/job/SaveFavoriteJob',
        },
        social:{
          getMyFeedUrl:'https://cl12sales.sumtotaldevelopment.net/Services/api/social/GetMyFeed',
          postMessageToYammer:'https://cl12sales.sumtotaldevelopment.net/Services/api/social/PostMessage',
          getAvailableGroupsUrl:'https://cl12sales.sumtotaldevelopment.net/Services/api/social/GetAvailableGroups',
          createGroupUrl:'https://cl12sales.sumtotaldevelopment.net/Services/api/social/CreateGroup',
          deleteGroupUrl:'https://cl12sales.sumtotaldevelopment.net/Services/api/social/DeleteGroup',
          deleteGroupMembershipUrl:'https://cl12sales.sumtotaldevelopment.net/Services/api/social/DeleteGroupMembership',
          addGroupMembershipUrl:'https://cl12sales.sumtotaldevelopment.net/Services/api/social/AddGroupMembership',
          getCurrentUserDataURL:'https://cl12sales.sumtotaldevelopment.net/Services/api/social/GetCurrentUserData',
          getAllUsersURL:'https://cl12sales.sumtotaldevelopment.net/Services/api/social/GetAllUsers',
          getGroupByIdUrl:'https://cl12sales.sumtotaldevelopment.net/Services/api/social/GetGroupById',
          validateGroupNameUrl:'https://cl12sales.sumtotaldevelopment.net/Services/api/social/ValidateGroupName',
          searchGroupUrl:'https://cl12sales.sumtotaldevelopment.net/Services/api/social/SearchGroup'
        },
        timeline:{
          approveTask:'https://cl12sales.sumtotaldevelopment.net/Services/api/timelineapi/ApproveTask',
        },
        bigData: {
          DismissEmployeeRecommendationsUrl: '/Core/Core/api/bigdataapi/DismissEmployeeRecommendations',
          CourseRecommendationForUserUrl: '/Core/Core/api/bigdataapi/GetCourseRecommendationForUser',
          getEmployeePositionFitData: '/Core/Core/api/bigdataapi/RetrieveEmployeePositionFitData',
          GetViewableJobsForUser: '/Core/Core/api/bigdataapi/GetViewableJobsForUser',
          SaveEmployeeRecommendPosition: '/Core/Core/api/bigdataapi/SaveEmployeeRecommendPosition',
          SaveEmployeeRecommendInterest:'/Core/Core/api/bigdataapi/SaveEmployeeRecommendInterest',
          GetViewableSubNodesForJob: '/Core/Core/api/bigdataapi/GetViewableSubNodesForJob',
          GetViewableNodesForJob :'/Core/Core/api/bigdataapi/GetViewableNodesForJob',
          GetJobByPersonId :'/Core/Core/api/bigdataapi/GetJobByPersonId',
          addOrRemoveJobFitAnalysis :'/Core/Core/api/bigdataapi/AddOrRemoveJobFitAnalysis',
          //External Job Recommendation Implementation
          GetViewableExternalJobsForUser: '/Core/Core/api/bigdataapi/GetViewableExternalJobsForUser'
        },
        translations: {
          retrieveTranslations: '/Core/Core/api/translationapi/RetrieveTranslations',
          getTranslationsForModelUrl: '/Core/Core/api/translationapi/GetTranslationsForModel' + '?modelTypeFullName=',
          getTranslationsForObjectUrl: '/Core/Core/api/translationapi/GetTranslationsForObject' + '?modelTypeFullName=',
          saveTranslationsForModelUrl: '/Core/Core/api/translationapi/SaveTranslationsForModel' + '?modelTypeFullName=',
          GetTranslationsForModelAndObjectUrl: '/Core/Core/api/translationapi/GetTranslationsForModelAndObject',
          saveTranslationsForModelAndObjectUrl: '/Core/Core/api/translationapi/SaveTranslationsForModelAndObject',
          getTranslationDefinitionsByCategoryUrl: '/Core/Core/api/translationapi/GetTranslationDefinitionsByCategory',
          getStaticTranslationsForEditorUrl: '/Core/Core/api/translationapi/GetStaticTranslationsForEditor',
          saveStaticTranslationsUrl: '/Core/Core/api/translationapi/SaveStaticTranslations',
          getTranslationCategoriesUrl: '/Core/Core/api/translationapi/GetTranslationCategories',
          getTranslationsUrl:'https://cl12sales.sumtotaldevelopment.net/Services/api/i18n',
        },
        settings: {
          retrieveSettings: '/Core/Core/api/settingapi/RetrieveSettings',
          saveSettings: '/Core/Core/api/settingapi/SaveSettings',
          getSettingsForPreferenceScreen: '/Core/Core/api/settingapi/GetSettingsForPreferenceScreen',
          getSettings: '/Core/Core/api/settingapi/GetSettings',
          saveSettingsForPreferenceScreen: '/Core/Core/api/settingapi/SaveSettingsForPreferenceScreen',
          deleteSettings: '/Core/Core/api/settingapi/DeleteSettings',
          getObjectCriteriaSettings: '/Core/Core/api/settingapi/GetObjectCriteriaSettings',
          SaveObjectCriteriaSettings: '/Core/Core/api/settingapi/SaveObjectCriteriaSettings',
          getTimelineSortOptions: '/Core/Core/api/settingapi/GetTimelineSortOptions'

        },
        mobileConfiguration: {
          getMobileConfiguration: '/Core/Core/api/settingapi/getMobileConfiguration',
          setMobileConfiguration: '/Core/Core/api/settingapi/setMobileConfiguration'
        },
        personalization: {
          retrievePersonalization: '/Core/Core/api/dashboardingapi/RetrievePersonalization',
          retrievePersonalizationType: '/Core/Core/api/dashboardingapi/RetrievePersonalizationType'
        },
        dashboard: {
          getWidget: '/Core/Core/api/dashboardingapi/GetWidgetData',
          saveWidget: '/Core/Core/api/dashboardingapi/SaveWidgetData',
          getMyTasksforNotificationURL: '/Core/Core/api/mytasksapi/GetTimelineNotifications',
          clearWidgetDataCache: '/Core/Core/api/dashboardingapi/ClearWidgetDataCache',
          clearSecurityCache: '/Core/Core/api/dashboardingapi/ClearSecurityCache',
          saveWidgetDashboard: '/Core/Core/api/dashboardingapi/SaveWidgetDashboardData',
          removeDashboard: '/Core/Core/api/dashboardingapi/RemoveDashboardData',
          removeDashboardPage: '/Core/Core/api/dashboardingapi/RemoveDashboardPageData',
          copyDashboard: '/Core/Core/api/dashboardingapi/CopyDashboard',
          copyDashboardPage: '/Core/Core/api/dashboardingapi/CopyDashboardPage',
          myTasksRefresh: '/Core/Core/api/mytasksapi/GetMyTasks',
          retrieveSingleWebPartsData: '/Core/Core/api/dashboardingapi/RetrieveSingleWebPartsData',
          resetDashboardPage: '/Core/Core/api/dashboardingapi/ResetDashboardPage',
          registrationRedirection:'/Core/Core/api/dashboardingapi/GetRegistrationRedirectionData',
          getAllDashboardPages:'/Core/Core/api/dashboardingapi/LoadAllWebPartPages',
		      setUserDefaultDashboard: '/Core/Core/api/dashboardingapi/SetUserDefaultDashboard',
          setDashboardPagePriority: '/Core/Core/api/dashboardingapi/SetDashboardPagePriority',
          getLandingPageDashboardPages:'/Core/Core/api/dashboardingapi/GetLandingPageDashboardPages',
          common: {
            retrieveEmployeePopupDetails: '/Core/Core/api/dashboardingapi/RetrieveEmployeePopupDetails'
          },
          webClock: {
            savePunch: '/Core/Core/api/dashboardingapi/SavePunchDetails',
            getPunch: '/Core/Core/api/dashboardingapi/LastPunchDetails',
            getPositionFromSearch:'/Core/Core/api/dashboardingapi/GetWFMSearch',
            getCostCenterFromSearch:'/Core/Core/api/dashboardingapi/GetWFMSearch',
            getWorkOrderFromSearch:'/Core/Core/api/dashboardingapi/GetWFMSearch',
            getWorkItemFromSearch:'/Core/Core/api/dashboardingapi/GetWFMSearch',
            saveCCP:'/Core/Core/api/dashboardingapi/SaveCCP'
          }
        },
        theming: {
          markThemeActive: '/Core/Core/api/themingapi/MarkThemeActive',
          markThemeAsDefault: '/Core/Core/api/themingapi/MarkThemeAsDefault',
          getHttpRequest: '/Core/Core/api/themingapi/GetHttpRequest',
          loadAllThemes: '/Core/Core/api/themingapi/LoadAllThemes',
          loadEditorViewData: '/Core/Core/api/themingapi/LoadEditorViewData',
          loadLessFiles: '/Core/Core/api/themingapi/LoadLessFiles',
          saveTheme: '/Core/Core/api/themingapi/SaveTheme',
          deleteTheme: '/Core/Core/api/themingapi/DeleteTheme',
          saveThemePrecedenceValues: '/Core/Core/api/themingapi/SaveThemePrecedenceValues',
          proxy: '/Core/proxy.html2canvas'
        },
        user: {
          getPersonIdByNumber: '/Core/Core/api/UserApi/GetPersonIdByNumber',
          getPersonNumberByIdUrl: 'https://cl12sales.sumtotaldevelopment.net/Services/api/core/person/GetPersonNumberById',
          getLoggedInPersonId: '/Core/Core/api/UserApi/GetLoggedInPersonId',
          profileOverview: '/Core/Core/api/profiledata/getprofileoverview',
          employeeMetricsData: '/Core/Core/api/profiledata/GetDataForEnabledProfileSections',
          getUserMiniProfile: '/Core/Core/api/profiledata/GetUserMiniProfile',
          directReportProfileOverview: '/Core/Core/api/profiledata/getprofileoverview',
          getRelationship: '/Core/Core/api/profiledata/getrelationship',
          GetOverAllPerformanceUrl : '/Core/Core/api/UserApi/GetPerformanceRatings',
          GetRecommendedLearningsUrl : '/Core/Core/api/UserApi/GetRecommendedLearnings'+ '?userId=' + '0B2C41BD84D9677058BDB058FB29D1CB' + '&viewPersonId=',
          GetPerformanceHistoryUrl : '/Core/Core/api/UserApi/GetPerformanceHistory',
          getGoalsForUserUrl: '/Core/Core/api/UserApi/GetGoalsForUser',
          getGoalDetailsForUserUrl: '/Core/Core/api/UserApi/GetGoalDetailsForUser',
          getGoalDetailsForTeamUrl: '/Core/Core/api/UserApi/GetGoalDetailsForTeam',
          saveGoalDetailsForUserUrl: '/Core/Core/api/UserApi/SaveGoalDetailsForUser',
          getCompensationDetails: '/Core/Core/api/UserApi/GetCompensationDetails',
          getOverAllCompensation: '/Core/Core/api/UserApi/GetCompensationRatings',
          getResumeData: '/Core/Core/api/resumeapi/GetResumeData?pId=0B2C41BD84D9677058BDB058FB29D1CB',
          getResumeDataForTimeline: '/Core/Core/api/resumeapi/GetResumeData',
          getTeachingActivityUrl: '/Core/Core/api/UserApi/GetTeachingActivityDetails',
          getTeamHeaderCountsUrl: '/Core/Core/api/UserApi/GetTeamHeaderCounts',
          getOTPForBrowserExtension:'/Core/Core/api/UserApi/GetOTPForBrowserExtension',
        },

        organization: {
          keyMeasureData: '/Core/Core/api/orgchartapi/getkeymeasures',
          metricBarMetrics: '/Core/Core/api/orgchartapi/getmetricbarmetrics',
          metricBarMetricsForListOfUsers: '/Core/Core/api/orgchartapi/getmetricbarmetricsforlistofusers',
          saveNewHierarchyDetailsUrl: '/Core/Core/api/OrganizationApi/SaveNewHierarchyDetails',
          getCurrentHierarchiesUrl: '/Core/Core/api/OrganizationApi/GetCurrentHierarchies',
          getHierarchyDetailsUrl: '/Core/Core/api/OrganizationApi/GetHierarchyDetails' + '?hierarchyPK=',
          getChildOrganizationsUrl: '/Core/Core/api/OrganizationApi/GetChildOrganizations' + "?",//hierarchyPK=&organizationPK=
          getCodeByCatcdUrl: '/Core/Core/api/lookupsapi/codecats' + '?catcode=',
          getAutoGenOrgCode: '/Core/Core/api/OrganizationApi/GetAutoGenOrgCode',
          getCurrencyList: '/Core/Core/api/OrganizationApi/GetCurrencyList',
          getOrganizationUrl: '/Core/Core/api/OrganizationApi/GetOrganization' + '?organizationPK=',
          saveNewOrganizationDetailsUrl: '/Core/Core/api/OrganizationApi/SaveNewOrganizationDetails',
          createOrEditOrganizationUrl: '/Core/Core/api/OrganizationApi/CreateOrEditOrganization',
          DeleteOrganizationHierarchyUrl: '/Core/Core/api/OrganizationApi/DeleteOrganizationHierarchy',
          addUserByListUrl: '/Core/Core/api/OrganizationApi/AddUserByList',
          ConvertToDomainUrl: '/Core/Core/api/OrganizationApi/ConvertToDomain',
          getAllOrganization: '/Core/Core/api/OrganizationApi/SearchOrganization',
          getPermissionUrl: '/Core/Core/api/OrganizationApi/GetPermission',
          getInstalledPillars: '/Core/Core/api/jobapi/GetInstalledPillars',
          addUserInfoUrl: '/Core/Core/api/OrganizationApi/GetUserInfo',
          getOrgUserUrl: '/Core/Core/api/OrganizationApi/GetOrganizationUsers',
          getAudienceUrl: '/Core/Core/api/OrganizationApi/GetAudience',
          addUserByAudience: '/Core/Core/api/OrganizationApi/AddUserByAudience',
          exportOrganizationsURL: '/Core/Core/api/OrganizationApi/exportOrganization',
          
          editOrg: '/Core/Core/api/OrganizationApi/editOrgUser',
          deleteOrgUsersUrl: '/Core/Core/api/OrganizationApi/deleteOrgUsers',
          timeLineData: '/Core/Core/api/orgchartapi/gettimelinedata' + '?key=',
          employeeSearchForUser: '/Core/Core/api/orgchartapi/EmployeeSearchForUser',
          getSingleSupervisorHierarchyNode: '/Core/Core/api/orgchartapi/GetSingleSupervisorHierarchyNode',
          getSupervisorHierarchy: '/Core/Core/api/orgchartapi/GetSupervisorHierarchy',
          getPositionHierarchy: '/Core/Core/api/orgchartapi/GetPositionHierarchy',
          getDataForEnabledProfileSections: '/Core/Core/api/orgchartapi/GetDataForEnabledProfileSections',
          getAllMetrics: '/Core/Core/api/orgchartapi/GetAllMetrics',
          getSuccessorsForJobPosition: '/Core/Core/api/orgchartapi/GetSuccessorsForJobPosition',
          updateSuccessionForJobPosition: '/Core/Core/api/orgchartapi/UpdateSuccessionForJobPosition',
          getSpecifiedActivities: '/Core/Core/api/orgchartapi/GetSpecifiedActivities',
          getSettings: '/Core/Core/api/orgchartapi/GetSettings',
          isParentOrgURL :'/Core/Core/api/OrganizationApi/IsParentOrganization',
        },
        org: {
          GetUplineHierarchy: '/Core/Core/api/orgchartapi/GetUplineHierarchy',
          GetDirectReportsData: '/Core/Core/api/orgchartapi/GetDirectReportsData',
          GetManagerData: '/Core/Core/api/orgchartapi/GetManagerData',
        },
        tasks:{
          mytasks: '/Core/Core/api/mytasksapi/GetMyTasks' ,
          loadTimelineNotificationCount: '/Core/Core/api/mytasksapi/LoadTimelineNotificationCount' ,
          learningTasks: '/Core/Core/api/mytasksapi/GetLearningTasks',
          learningTasksCount: '/Core/Core/api/mytasksapi/GetLearningTasksCount',
        },
        myteam:
        {
          directReport : '/Core/Core/api/myteam/getteammember?mgrId=0B2C41BD84D9677058BDB058FB29D1CB' ,
          directReportProfileOverview: '/Core/Core/api/profiledata/getprofileoverview'
        },
        security:{
          GetPortalSecuredRoutesUrl: '/Core/Core/api/securityapi/GetPortalSecuredRoutes',
          ListPermissionLevelsUrl: '/Core/Core/api/securityapi/ListPermissionLevels',
          LoadPermissionLevelByIdUrl: '/Core/Core/api/securityapi/LoadPermissionLevelById',
          GetRelationshipTo: '/Core/Core/api/securityapi/GetRelationship',
          ListSecurityGroupsUrl: '/Core/Core/api/securityapi/ListSecurityGroups',
          GetSecurityGroupsForUserUrl: '/Core/Core/api/securityapi/GetSecurityGroupsForUser',
          LoadSecurityGroupByIdUrl: '/Core/Core/api/securityapi/LoadSecurityGroupById',
          DeletePermissionLevelDataUrl: '/Core/Core/api/securityapi/DeletePermissionLevel',
          SavePermissionLevelDataUrl: '/Core/Core/api/securityapi/SavePermissionLevel',
          SaveSecurityGroupUrl: '/Core/Core/api/securityapi/SaveSecurityGroup',
          ListPermissionDefinitionsUrl: '/Core/Core/api/securityapi/ListPermissionDefinitions',
          DeleteSecurityGroupDataUrl: '/Core/Core/api/securityapi/DeleteSecurityGroup',
          //GetApplicationRoleTypesUrl: '/Core/Core/api/securityapi/GetApplicationRoleTypes',
          GetApplicationRoleTypesUrl: '/Core/Core/api/securityapi/GetAllPortalRoles',
          GetAllPortalRolesUrl: '/Core/Core/api/securityapi/GetAllPortalRoles',
          SearchApplicationRolesUrl: '/Core/Core/api/securityapi/SearchApplicationRoles',
          ListPermissionDefinitionsByObjTypeUrl: '/Core/Core/api/securityapi/ListPermissionDefinitionsByObjType',
          GetSecurityGroupObjectPermissionsUrl: '/Core/Core/api/securityapi/ListSecurityGroupObjectPermissions',
          AddUpdateSecurityGroupObjectPermissionsUrl: '/Core/Core/api/securityapi/AddUpdateSecurityGroupObjectPermission',
          GetMasterSitemapForPMConfigurationUrl: '/Core/Core/api/securityapi/GetMasterSitemapForPMConfiguration',
          GetBreadcrumbDataForSitemapNodeUrl: '/Core/Core/api/securityapi/GetBreadcrumbDataForSitemapNode',

          SaveMasterSitemapForPMConfigurationUrl: '/Core/Core/api/securityapi/SaveMasterSitemapForPMConfiguration',
          GetAllRelyingPartiesUrl: '/Core/Core/api/securityapi/GetRelyingPartiesForCurrentTenant',
          DeleteSitemapNodeUrl: '/Core/Core/api/securityapi/DeleteSitemapNode',
          ResetChangePasswordByAdmin: '/Core/Core/api/securityapi/ResetChangePasswordByAdmin',
          GetPasswordRules: '/Core/Core/api/securityapi/GetPasswordRules',
          DeleteSitemapNodeUrl: '/Core/Core/api/securityapi/DeleteSitemapNode',
          GetUserLoginHistoryUrl: '/Core/Core/api/securityapi/GetUserLoginHistory',
          getSecurityRelationshipNameList: '/Core/Core/api/profiledata/GetSecurityRelationshipNameList',
          getSecurityRelationship: '/Core/Core/api/profiledata/GetSecurityRelationship',
          getSecurityRelationshipCategoryList: '/Core/Core/api/profiledata/GetSecurityRelationshipCategoryList',
          GetEmployeeProfileSitemap: '/Core/Core/api/securityapi/GetEmployeeProfileSitemap',
          addSecurityRelationship: '/Core/Core/api/profiledata/AddSecurityRelationship',
          updateSecurityRelationship: '/Core/Core/api/profiledata/UpdateSecurityRelationship',
          deleteSecurityRelationship: '/Core/Core/api/profiledata/DeleteSecurityRelationship',
          getMultiLangDetails: '/Core/Core/api/profiledata/GetMultiLangDetails',
          ResetSecurityGroupObjectPermissionUrl: '/Core/Core/api/securityapi/ResetSecurityGroupObjectPermission',
          InheritSecurityGroupObjectPermissionsUrl: '/Core/Core/api/securityapi/InheritSecurityGroupObjectPermissions',

          GetESignatureSettings: '/Core/Core/api/securityapi/GetESignatureSettings',
          ListObjectSecurityGroupsUrl: '/Core/Core/api/securityapi/ListObjectSecurityGroups',
          apiTokenUrl: '/Core/Core/api/securityapi/retrieveApiToken',
          GetUAToken: '/Core/Core/api/securityapi/GetUAToken',
          EmulateProfileByAdmin: '/Core/Core/api/securityapi/EmulateProfileByAdmin',
          IsModuleLicensed: '/Core/Core/api/securityapi/IsModuleLicensed',
          GetSecurityPermissions: '/Core/Core/api/securityapi/GetSecurityPermissions',
          getPageHelpUrl: '/Core/Core/api/securityapi/GetPageHelpUrl'

        },
        library:
        {
          libraryApiURL:'/Core/Core/api/libraryapi/GetCatalogs',
          libraryGetTopicURL:'/Core/Core/api/libraryapi/GetCurrentTopic',
          relatedTopicsApiURL:'/Core/Core/api/libraryapi/GetRelatedTopics'
        },
        trainingActivity:
        {
          activityApi:'/Core/Core/api/trainingapi/GetActivitySummaryDetails'
        },
        eSignature:
        {
          eSignatureApi:'/Core/Core/api/esignatureapi/GetESignatureTranslation'
        },
        password:
        {
          ListProhibitedWordUrl: '/Core/Core/api/passwordmanagerapi/ListProhibitedWords',
          ListSecurityQuestionsUrl: '/Core/Core/api/passwordmanagerapi/ListSecurityQuestions',
          GetUserLanaguageListUrl: '/Core/Core/api/passwordmanagerapi/GetUserLanaguageList',
          SaveSecurityQuestionsUrl: '/Core/Core/api/passwordmanagerapi/SaveSecurityQuestion',
          ListUserSecQuestionsUrl: '/Core/Core/api/passwordmanagerapi/ListUserSecQuestions',
          SaveUserSecQuestionsDataUrl: '/Core/Core/api/passwordmanagerapi/SaveUserSecQuestions',
          SavePasswordPolicyUrl: '/Core/Core/api/passwordmanagerapi/SavePasswordPolicy',
          GetPasswordPolicyUrl: '/Core/Core/api/passwordmanagerapi/GetPasswordPolicies',
          GetPasswordPolicyByIdUrl: '/Core/Core/api/passwordmanagerapi/GetPasswordPolicyById',
          GetPasswordPolicyForUserUrl: '/Core/Core/api/passwordmanagerapi/GetPasswordPolicyForUser',
          GetPasswordRulesForUserUrl: '/Core/Core/api/passwordmanagerapi/GetPasswordRulesForUser',
          GetSecurityQuestionsForUserUrl: '/Core/Core/api/passwordmanagerapi/GetSecurityQuestionsForUser',
          DeletePasswordPoliciesUrl: '/Core/Core/api/passwordmanagerapi/DeletePasswordPolicies',
          SaveProhibitedWordsDataUrl: '/Core/Core/api/passwordmanagerapi/SaveProhibitedWords',
          GetRulesAndSettingsUrl: '/Core/Core/api/passwordmanagerapi/GetRulesAndSettings',
          SaveRulesAndSettingsUrl: '/Core/Core/api/passwordmanagerapi/SaveRulesAndSettings',
          SaveEntityAssignmentUrl: '/Core/Core/api/passwordmanagerapi/SaveEntityAssignment',
          GetPasswordSettingsUrl: '/Core/Core/api/passwordmanagerapi/GetPasswordSettings',
          SavePasswordSettingsUrl: '/Core/Core/api/passwordmanagerapi/SavePasswordSettings',
          ResetPasswordUrl: '/Core/Core/api/passwordmanagerapi/ResetPassword'
        },
        myprofile:{
          getWorkerPersonalDetailsUrl: '/Core/Core/api/profiledata/GetWorkerPersonalDetails',
          saveWorkerPersonalDetailsUrl: '/Core/Core/api/profiledata/SaveWorkerPersonalDetails',
          getWorkerProfileUrl: '/Core/Core/api/profiledata/GetWorkerProfile',
          getWorkerBasicProfileUrl: '/Core/Core/api/profiledata/GetWorkerBasicProfile',
          disabledUserProfileUrl: '/Core/Core/api/profiledata/DisableUserLogins',
          enabledUserProfileUrl: '/Core/Core/api/profiledata/EnableUserLogins',
          terminatePersonDetailsUrl: '/Core/Core/api/profiledata/TerminateWorkerProfile',
          restorePersonDetailsUrl: '/Core/Core/api/profiledata/RestoreWorkerProfile',
          getReassignManagerData: '/Core/Core/api/profiledata/GetReassignManagerData',
          getUsersForReassignManager: '/Core/Core/api/profiledata/getUsersForReassignManager',
          updateUsersReassignManager: '/Core/Core/api/profiledata/UpdateUsersReassignManager',
          getPendingTasksForChangeManager: '/Core/Core/api/profiledata/GetPendingTasksForChangeManager',
          updatePersonRelationDetails: '/Core/Core/api/profiledata/UpdateManagerForPerson',
          getSearchUsers: '/Core/Core/api/profiledata/SearchUser',
          getFreeTextSearchUsers: '/Core/Core/api/profiledata/FreeTextUserSearch',
          getAllUser: '/Core/Core/api/profiledata/GetAllUser',
          exportUsers: '/Core/Core/api/profiledata/ExportUsers',
          removeAccount: '/Core/Core/api/profiledata/RemoveAccount',
          getSecurityRightsUrl: '/Core/Core/api/profiledata/GetSecurityRights',
          getMergeUserConflicts: '/Core/Core/api/profiledata/MergeUserConflicts',
          getTMCheckMergeUser: '/Core/Core/api/profiledata/TMCheckMergeUser',
          mergeUserAccounts: '/Core/Core/api/profiledata/MergeUserAccounts',
          listofmergeAccounts: '/Core/Core/api/profiledata/ListofMergeAccounts',
          exportMergeAccounts: '/Core/Core/api/profiledata/ExportMergeAccounts',
          getMergeUserStatus: '/Core/Core/api/profiledata/GetMergeUserStatus',
          addUpdatePersonUrl: '/Core/Core/api/profiledata/AddUpdatePerson',
          getUserPermissionsUrl: '/Core/Core/api/profiledata/GetUserPermissions',
          getUserPermissionsForEmulateProfileUrl: '/Core/Core/api/profiledata/GetUserPermissionsForEmulateProfile',
          exportPendingApprovalsUrl: '/Core/Core/api/profiledata/ExportPendingApproval',
          ExportPendingAccounts: '/Core/Core/api/profiledata/ExportPendingAccounts',
          getAdvancedPendingApprovalUrl:'/Core/Core/api/profiledata/GetAdvancedPendingApproval',
          ActOnPendingApprovalUrl:'/Core/Core/api/profiledata/ActOnPendingApproval',
          getWorkerPersonalDetailsPAUrl: '/Core/Core/api/profiledata/GetWorkerPersonalDetails',
          pendingApprovalSecurityCheckUrl: '/Core/Core/api/profiledata/PendingApprovalSecurityCheck',
          editUserUrl: '/Core/Core/api/profiledata/EditUser',
          getEmployeeTypeUrl: '/Core/Core/api/profiledata/GetEmployeeType',
          GetProfileOverviewMini: '/Core/Core/api/profiledata/GetProfileOverviewMini',
          gePersonHomeAddressUrl:'/Core/Core/api/profiledata/getUserHomeAddress',
          getCreateUserPermissionUrl: '/Core/Core/api/profiledata/GetCreateUserPermissions',
          isGuestUserUrl: '/Core/Core/api/profiledata/IsGuestUser',
        },

        //added
        myUnlockdata: {
          doUnlockDataUrl: '/Core/Core/api/profiledata/doUnlockAccount'
        },
        commonUtilApis: {
          enabledPillarsUrl: '/Core/Core/api/commonapi/GetEnabledPillars'
        },
        jobtemplates:{
          getNextJobNumUrl: '/Core/Core/api/jobapi/GetNextJobNum',
          getJobTemplatesUrl: '/Core/Core/api/jobapi/GetJobTemplates',
          getJobTemplateUrl: '/Core/Core/api/jobapi/GetJobTemplate',   //Deprecated, use getJobTemplateByIdUrl instead
          getJobTemplateByIdUrl: '/Core/Core/api/jobapi/getJobTemplateById',
          getNextJobsUrl: '/Core/Core/api/jobapi/GetNextJobs',
          getCompetenciesFromJobUrl: '/Core/Core/api/jobapi/GetCompetenciesFromJob',
          getJobRequirementsForUserUrl: '/Core/Core/api/jobapi/GetJobRequirementsForUser',
          copyJobTemplatesUrl: '/Core/Core/api/jobapi/CopyJobTemplates',
          deleteJobTemplatesUrl: '/Core/Core/api/jobapi/DeleteJobTemplates',
          saveJobTemplatesUrl: '/Core/Core/api/jobapi/SaveJobTemplate',
          getInstalledPillars: '/Core/Core/api/jobapi/GetInstalledPillars',
          getCoreRelationships: '/Core/Core/api/jobapi/GetCoreRelationships',
          getCodeByCatcdUrl: '/Core/Core/api/lookupsapi/codecats' + '?catcode=',
          exportJobTemplates: '/Core/Core/api/jobapi/ExportJobTemplates',
          getPermissionUrl: '/Core/Core/api/jobapi/GetPermission',
        },
        skills:{
          getSkillsUrl: '/Core/Core/api/skill/GetSkills',
          getSkillUrl: '/Core/Core/api/skill/GetSkill',
          copySkillsUrl: '/Core/Core/api/skill/CopySkills',
          deleteSkillsUrl: '/Core/Core/api/skill/DeleteSkills',
          saveSkillsUrl: '/Core/Core/api/skill/SaveSkill',
          getContentTypesUrl: '/Core/Core/api/skill/getContentTypes',
          getCodeByCatcdUrl: '/Core/Core/api/lookupsapi/codecats' + '?catcode=',
          exportSkills: '/Core/Core/api/skill/ExportSkills',
          getPermissionUrl: '/Core/Core/api/skill/GetPermission',
          getSkillCategoriesUrl: 'https://cl12sales.sumtotaldevelopment.net/Services/api/SkillCategories/GetSkillCategoriesData',
          saveSkillDataUrl:'https://cl12sales.sumtotaldevelopment.net/Services/api/SkillCategories/SaveSkillWithCategories',
          saveSkillCategoryLevelUrl:'https://cl12sales.sumtotaldevelopment.net/Services/api/SkillCategories/SaveSkillCategoryLevel',
        },

        competencies:{
          getCompetenciesUrl: '/Core/Core/api/competencyapi/GetCompetencies',
          getCompetenciesByPersonUrl: '/Core/Core/api/competencyapi/GetCompetenciesByPerson',
          exportCompetenciesUrl: '/Core/Core/api/competencyapi/ExportCompetencies',
          getCompetencyUrl: '/Core/Core/api/competencyapi/GetCompetency',
          saveCompetencyUrl: '/Core/Core/api/competencyapi/SaveCompetency',
          saveEnabledLanguagesUrl: '/Core/Core/api/competencyapi/GetEnabledLanguages',
          getPermissionUrl: '/Core/Core/api/competencyapi/GetPermission',
          deleteCompetenciesUrl: '/Core/Core/api/competencyapi/DeleteCompetencies',
        },

        recruitingquestion:{
          getRecruitingQuestionById: '/Core/Core/api/recruitingquestionapi/GetRecruitingQuestionById',
          getDateTimeById: '/Core/Core/api/recruitingquestionapi/GetDateTimeById',
          getMultipleTextBoxesById: '/Core/Core/api/recruitingquestionapi/GetMultipleTextBoxesById',
          getRatingMatrixById: '/Core/Core/api/recruitingquestionapi/GetRatingMatrixById',
          getRatingById: '/Core/Core/api/recruitingquestionapi/GetRatingById',
          getRecruitingQuestionWithChoicesById: '/Core/Core/api/recruitingquestionapi/GetRecruitingQuestionWithChoicesById',
          getMultiSelectListDropdownsById: '/Core/Core/api/recruitingquestionapi/GetMultiSelectListDropdownsById',

          getRecruitingQuestions: '/Core/Core/api/recruitingquestionapi/GetRecruitingQuestions',
          getFilteredRecruitingQuestions: '/Core/Core/api/recruitingquestionapi/GetFilteredRecruitingQuestions',

          addOrUpdateFlattenRecruitingQuestion: '/Core/Core/api/recruitingquestionapi/AddOrUpdateFlattenRecruitingQuestion',
          addOrUpdateDateTimeRecruitingQuestion: '/Core/Core/api/recruitingquestionapi/AddOrUpdateDateTimeRecruitingQuestion',
          addOrUpdateMultipleTextBoxes: '/Core/Core/api/recruitingquestionapi/AddOrUpdateMultipleTextBoxes',
          addOrUpdateRatingMatrix: '/Core/Core/api/recruitingquestionapi/AddOrUpdateRatingMatrix',
          addOrUpdateRecruitingQuestionWithChoices: '/Core/Core/api/recruitingquestionapi/AddOrUpdateRecruitingQuestionWithChoices',
          addOrUpdateMultiSelectListDropdowns: '/Core/Core/api/recruitingquestionapi/AddOrUpdateMultiSelectListDropdowns',

          restoreOrInactivateRecruitingQuestion: '/Core/Core/api/recruitingquestionapi/RestoreOrInactivateRecruitingQuestion',
          deleteRecruitingQuestions: '/Core/Core/api/recruitingquestionapi/DeleteRecruitingQuestions',

          searchRecruitingQuestionTags: '/Core/Core/api/recruitingquestionapi/SearchRecruitingQuestionTags',
          getAllRecruitingQuestionTags: '/Core/Core/api/recruitingquestionapi/GetAllRecruitingQuestionTags'
        },

        competencyModels:{
          getPermissionUrl: '/Core/Core/api/competencymodelapi/GetPermission',
          getCompetencyModelsUrl: '/Core/Core/api/competencymodelapi/getcompetencymodels',
          saveCompetencyModelsUrl: '/Core/Core/api/competencymodelapi/savecompetencymodel',
          getCompetencyModelEditUrl: '/Core/Core/api/competencymodelapi/getcompetencymodel' + '?targetAssessmentID=',
          deleteCompetencyModelsUrl: '/Core/Core/api/competencymodelapi/deletecompetencymodels' + '?targetAssessmentIDs=',
          copyCompetencyModelsUrl: '/Core/Core/api/competencymodelapi/CopyCompetencyModel' + '?targetAssessmentIDs='
        },

        behaviors:{
          getBehaviorDetailsUrl: '/Core/Core/api/behaviorapi/GetBehaviorDetail',
          getBehaviorsByCmpIdUrl: '/Core/Core/api/behaviorapi/GetBehaviorsbyCmpID',
          getBehaviorsByCmpIdsUrl: 'https://cl12sales.sumtotaldevelopment.net/Services/api/behavior/GetBehaviorsByCmpIDs',
          SaveNewBehaviorDetailUrl: '/Core/Core/api/behaviorapi/SaveNewBehaviorDetail',
          DeleteOrCopyBehaviorsUrl: '/Core/Core/api/behaviorapi/DeleteOrCopyBehaviors',
          ExportBehaviorsUrl: '/Core/Core/api/behaviorapi/ExportBehaviors',
          getPermissionUrl: '/Core/Core/api/behaviorapi/GetPermission',
          getLeftNavPermissionUrl: '/Core/Core/api/behaviorapi/getLeftNavPermission',
          getAssociatedActivitiesUrl: '/Core/Core/api/behaviorapi/getAssocicatedActivities',
          getActivitiesBySearchCritUrl: '/Core/Core/api/behaviorapi/getActivitiesBySearchCrit',
          addDeleteActivitiesUrl: '/Core/Core/api/behaviorapi/addDeleteActivities',
        },
        domains:{
          getListofLMOrgandDomainsUrl: '/Core/Core/api/DomainDataApi/GetListofDomains',
          getCurrentLoginUserDomainUrl: '/Core/Core/api/DomainDataApi/GetCurrentLoginUserDomain',
          expireCurrentDomainCache: '/Core/Core/api/DomainDataApi/ExpireCurrentDomainCache'
        },
        lookups:{
          getListofLMSecurityRolesUrl: '/Core/Core/api/LookupsApi/GetListofLMSecurityRoles',
          getListofTMBusinessUrl: '/Core/Core/api/LookupsApi/GetListofTMBusiness',
          getCodeDefinitionsUrl: '/Core/Core/api/lookupsapi/allcodecats',
          getCodesUrl: '/Core/Core/api/lookupsapi/codecats',
          getMultipleCodesUrl: '/Core/Core/api/lookupsapi/GetCodeDefinitions',
          getCodesForRatingUrl: '/Core/Core/api/lookupsapi/codecatsforrating',
          getCodeDefinitionsListUrl: '/Core/Core/api/lookupsapi/codecatsforedit',
          getCodeDefinitionsEditUrl: '/Core/Core/api/lookupsapi/editcodecat',
          getCodeDefinitionscodesforeditUrl: '/Core/Core/api/lookupsapi/codesforedit',
          getLinkedCodesForCatcd: '/Core/Core/api/lookupsapi/linkedcodes',
          getCodeDefinitionsSaveUrl: '/Core/Core/api/lookupsapi/savecodecat',
          getCodeDefinitionUpdateStatusUrl: '/Core/Core/api/lookupsapi/updatecodecatstatus',
          getCodesEditUrl: '/Core/Core/api/lookupsapi/editcode',
          getCodesSaveUrl: '/Core/Core/api/lookupsapi/savecode',
          getCodeUpdateStatusUrl: '/Core/Core/api/lookupsapi/updatecodestatus',
          getTimezonesUrl: '/Core/Core/api/lookupsapi/alltimezones',
          getCodeByCatcdUrl: '/Core/Core/api/lookupsapi/codecats' + '?catcode='
        },
        developmentplan:{
          getDevPlanofUserForPeriodUrl: '/Core/Core/api/developmentplanapi/GetDevelopmentPlanForOwnerForPeriod',
          getDevelopmentPlanTasksForPlanUrl: '/Core/Core/api/developmentplanapi/GetDevelopmentPlanTasksForPlan',
          getDevelopmentPlanActivitiesForOwner: '/Core/Core/api/developmentplanapi/GetDevelopmentPlanActivitiesForOwner',
          SaveDevelopmentPlanUrl: '/Core/Core/api/developmentplanapi/SaveDevelopmentPlan',
          SaveDevelopmentPlanActivityUrl: '/Core/Core/api/developmentplanapi/SaveDevelopmentPlanActivity',
          getGoalPeriodsUrl: '/Core/Core/api/developmentplanapi/GetGoalPeriodsList',
          deleteDevelopmentPlanActivityUrl: '/Core/Core/api/developmentplanapi/DeleteDevPlanActivity',
          deleteDevelopmentPlanGroupUrl: '/Core/Core/api/developmentplanapi/DeleteDevelopmentPlanGroup',
          getDevPlanGroupsUrl: '/Core/Core/api/developmentplanapi/GetDevPlanGroups',
          saveDevPlanGroupsUrl: '/Core/Core/api/developmentplanapi/SaveDevelopmentPlanGroup',
          saveDevPlanPeriodUrl: '/Core/Core/api/developmentplanapi/SaveDevelopmentPlanPeriod',
          getDirectReportsDataUrl:'/Core/Core/api/developmentplanapi/getDirectReportsData',
          saveMultipleActivitiesUrl:'/Core/Core/api/developmentplanapi/MultiAssignActivity',
          getAllCompetenciesUrl: '/Core/Core/api/developmentplanapi/GetAllCompetencies',
          getActivitiesForCompetencyUrl: '/Core/Core/api/developmentplanapi/GetActivitiesForCompetency',
          SaveApprovalStatusUrl: '/Core/Core/api/developmentplanapi/SaveApprovalStatus',
          getLatestPeriodUrl: '/Core/Core/api/developmentplanapi/GetLatestGoalPeriod',
          getDevPlanOfUsersForAPeriodUrl: '/Core/Core/api/developmentplanapi/GetDevPlanOfUsersForAPeriod',
          getDevPlanOwnerInfoUrl: '/Core/Core/api/developmentplanapi/GetDevPlanOwnerInfo',
          getDevPlanOwnerUserNameUrl: '/Core/Core/api/developmentplanapi/GetDevPlanOwnerUserName',
          getUserJobUrl: '/Core/Core/api/developmentplanapi/GetUserJob',
          getCompetenciesForUserJobUrl: '/Core/Core/api/developmentplanapi/GetCompetenciesForUserJob',
          getCompetencyBehaviorsUrl: '/Core/Core/api/developmentplanapi/GetCompetencyBehaviors',
          getCodesForDevPlanUrl: '/Core/Core/api/developmentplanapi/GetCodesForDevPlan',
          getRatingScaleUrl: '/Core/Core/api/developmentplanapi/GetRatingScale',
          getTargetScaleUrl: '/Core/Core/api/developmentplanapi/GetTargetScale',
          getAssessedCompetenciesUrl: '/Core/Core/api/developmentplanapi/GetAssessedCompetencies',
          getmodelDataUrl:'/Core/Core/api/developmentplanapi/GetmodelData',
          getCompetenciesForPositionUrl: '/Core/Core/api/developmentplanapi/GetCompetenciesForPosition',
          HasManagerRelationshipUrl:'/Core/Core/api/developmentplanapi/HasManagerRelationship',
          getActivitiesBySearchCritUrl: '/Core/Core/api/developmentplanapi/getActivitiesBySearchCrit',
          getManagerCommentsForDevPlanUrl: '/Core/Core/api/developmentplanapi/GetManagerCommentsForDevPlan',
          getUDPGroupsUrl: '/Core/Core/api/developmentplanapi/GetUDPGroups',
          getUDPGroupDetailsUrl: '/Core/Core/api/developmentplanapi/GetUDPGroupDetails',
          saveUDPGroupDataUrl: '/Core/Core/api/developmentplanapi/SaveUDPGroupData',
          checkDevelopmentPlanSecurityUrl: '/Core/Core/api/developmentplanapi/CheckDevelopmentPlanSecurity',
          SaveDevelopmentPlanObjective: 'https://cl12sales.sumtotaldevelopment.net/Services/api/UDP/SaveDevelopmentPlanObjective',
          getDevPlanObjectives: 'https://cl12sales.sumtotaldevelopment.net/Services/api/UDP/GetDevPlanObjectives',
          deleteObjective: 'https://cl12sales.sumtotaldevelopment.net/Services/api/UDP/DeleteObjective',
          getDevelopmentPlanForOwner: 'https://cl12sales.sumtotaldevelopment.net/Services/api/UDP/GetDevelopmentPlanForOwner'
        },
        newDevelopmentPlan:{
          createEditTaskURL: 'https://cl12sales.sumtotaldevelopment.net/Services/api/UDP/CreateEditTask',
          getDevPlanForUserURL: 'https://cl12sales.sumtotaldevelopment.net/Services/api/UDP/GetUnifiedDevelopmentPlan',
          getDevPlanObjectivesURL: 'https://cl12sales.sumtotaldevelopment.net/Services/api/UDP/GetDevPlanObjectives',
          getDevPlanTasksURL: 'https://cl12sales.sumtotaldevelopment.net/Services/api/UDP/GetDevPlanTasks',
          saveUDPConfigSettingsUrl: 'https://cl12sales.sumtotaldevelopment.net/Services/api/UDP/SaveUDPConfigSettings',
          togglePrivateStatusUrl: 'https://cl12sales.sumtotaldevelopment.net/Services/api/UDP/TogglePrivateStatus',
          saveMultipleActivitiesUrl:'https://cl12sales.sumtotaldevelopment.net/Services/api/UDP/MultiAssignActivity',
          getDevelopmentPlanSettingsUrl:'https://cl12sales.sumtotaldevelopment.net/Services/api/UDP/GetDevelopmentPlanSettings',
          getSkillsForDevPlanTasksUrl: 'https://cl12sales.sumtotaldevelopment.net/Services/api/UDP/GetSkillsForDevPlanTasks',
          getCompetenciesForDevPlanTasksUrl:'https://cl12sales.sumtotaldevelopment.net/Services/api/UDP/GetCompetenciesForDevPlanTasks',
          getSkillsForJobUrl : 'https://cl12sales.sumtotaldevelopment.net/Services/api/UDP/GetSkillsForJob',
          GetActivitiesForSkillUrl:'https://cl12sales.sumtotaldevelopment.net/Services/api/UDP/GetActivitiesForSkill',
          GetSkillsForUserUrl:'https://cl12sales.sumtotaldevelopment.net/Services/api/UDP/GetSkillsForUser',
          GetJobsForActivitiesUrl:'https://cl12sales.sumtotaldevelopment.net/Services/api/UDP/GetJobsForActivities'
        },
        userManagement:{
          getModelsUrl: '/Core/Core/api/globalconfiguratorapi/models',
          getGlobalConfigurationUrl: '/Core/Core/api/globalconfiguratorapi/globalconfigurations',
          saveGlobalConfigurationUrl: '/Core/Core/api/globalconfiguratorapi/saveglobalconfiguration',
          getAdvancedConfigurationUrl: '/Core/Core/api/globalconfiguratorapi/advancedconfigurations',
          saveAdvancedConfigurationUrl: '/Core/Core/api/globalconfiguratorapi/saveadvancedconfiguration',
          getModelConfigurationUrl: '/Core/Core/api/globalconfiguratorapi/modelconfigurations',
          getAvailableUserFieldsUrl: '/Core/Core/api/globalconfiguratorapi/availableuserfields?targetuserid=',
          getAvailableEditUserLinksUrl: '/Core/Core/api/globalconfiguratorapi/availableedituserlinks',
          getExtendedAdvancedConfigurationUrl: '/Core/Core/api/globalconfiguratorapi/extendedconfigurations',
          getAdvancedSectionConfigurationUrl: '/Core/Core/api/globalconfiguratorapi/extendedsectionconfigurations',
          saveExtendedConfigurationUrl: '/Core/Core/api/globalconfiguratorapi/saveextendedconfiguration',
          forgetUserListUrl: 'https://cl12sales.sumtotaldevelopment.net/Services/api/user/forgetuserlist',
          forgetUserUrl: 'https://cl12sales.sumtotaldevelopment.net/Services/api/user/forgetuser'
        },
        userAccount:{
          getUserAccountGeneralSettingsUrl:  '/Core/Core/api/UserAccountCreationApi/GetUserAccountCreationGeneralSettings',
          saveUserAccountGeneralSettingsUrl:  '/Core/Core/api/UserAccountCreationApi/SaveUserAccountCreationGeneralSettings',
          getSSOBrokerUrl:'/Core/Core/api/UserAccountCreationApi/GetSSOBrokerUrl'
        },
        udpConfiguration:{
          getGoalPeriodsUrl: '/Core/Core/api/developmentplanapi/GetGoalPeriodsList',
          getGoalPeriodUrl: '/Core/Core/api/developmentplanapi/GetGoalPeriod',
          saveGoalPeriodUrl: '/Core/Core/api/developmentplanapi/SaveGoalPeriod',
          deleteGoalPeriodsUrl: '/Core/Core/api/developmentplanapi/DeleteGoalPeriods',
          getUdpRequiresApprovalConfigUrl: '/Core/Core/api/developmentplanapi/GetUdpApprovalCofiguration',
          getDevelopmentPlanConfigurationUrl: '/Core/Core/api/developmentplanapi/GetDevelopmentPlanConfiguration',
          getActiveLanguagesUrl: '/Core/Core/api/developmentplanapi/GetActiveLanguages'
        },
        myresume:{
          getResumeDataUrl: '/Core/Core/api/ResumeApi/GetResumeData',
          getCertificationNamesDataUrl: '/Core/Core/api/LookupsApi/GetCertificationNamesList',
          getLstinstitutionsNamesDataUrl: '/Core/Core/api/LookupsApi/GetAvailableSchools',
          getViewLanguageProficiencyDataUrl: '/Core/Core/api/ResumeApi/GetLanguageProficiencyList',
          getEducationByIdUrl: '/Core/Core/api/ResumeApi/GetEducationById',
          getViewLocationPreferenceDataUrl: '/Core/Core/api/ResumeApi/GetLocationPreferenceList',
          getCareerInformationDataUrl: '/Core/Core/api/ResumeApi/GetCareerInformation',
          saveCareerInformationForUserUrl: '/Core/Core/api/ResumeApi/SaveCareerInformationForUser',
          deleteLocationPreferenceUrl: '/Core/Core/api/ResumeApi/deleteLocationPreference',
          getCountriesUrl: '/Core/Core/api/LookupsApi/countries',
          getStatesbyIdUrl: '/Core/Core/api/LookupsApi/provinces',
          getCitiesByIdUrl: '/Core/Core/api/LookupsApi/GetCities',
          getDegreesUrl: '/Core/Core/api/ResumeApi/degreeOptions',
          getWorkExperienceListUrl: '/Core/Core/api/ResumeApi/GetWorkExperienceList',
          saveWorkExperienceDetailsUrl: '/Core/Core/api/ResumeApi/SaveWorkExperienceDetails',
          getIndustryListUrl: '/Core/Core/api/ResumeApi/GetIndustryList'+ '?pid=' + '0B2C41BD84D9677058BDB058FB29D1CB',
          saveProjectExperienceDetailsUrl: '/Core/Core/api/ResumeApi/SaveProjectExperienceDetails',
          getWillingtoTravelOptionsListUrl: '/Core/Core/api/ResumeApi/GetWillingtoTravelOptionsList'+ '?pid=' + '0B2C41BD84D9677058BDB058FB29D1CB',
          savelocationPreferenceDetailsUrl: '/Core/Core/api/ResumeApi/SavelocationPreferenceDetails',
          saveLanguageProficiencyDetailsUrl: '/Core/Core/api/ResumeApi/SaveLanguageProficiencyDetails',
          submitEducationUrl: '/Core/Core/api/ResumeApi/SaveEducation',
          submitMembershipUrl:'/Core/Core/api/ResumeApi/SaveMembership',
          submitCertificationUrl: '/Core/Core/api/ResumeApi/SaveCertification',
          submitSkillUrl: '/Core/Core/api/ResumeApi/SaveSkill',
          getLanguageProficiencyOptionsUrl: '/Core/Core/api/ResumeApi/GetLanguageProficiencyOptions',
          getLanguageOptionsUrl: '/Core/Core/api/ResumeApi/GetLanguageOptions',
          deleteLanguageProficiencyDetailsUrl: '/Core/Core/api/ResumeApi/DeleteLanguageProficiencyDetails',
          deleteLocationPreferenceDetailsUrl: '/Core/Core/api/ResumeApi/DeleteLocationPreferenceDetails',
          getCodeByCatcdUrl: '/Core/Core/api/LookupsApi/catCodesbyLang' + '?catCd=',
          getAllResumeOptionsUrl: '/Core/Core/api/ResumeApi/GetAllResumeOptions',
          getResumeConfigUrl: '/Core/Core/api/ResumeApi/GetResumeConfig',
          GetAwardsUrl: '/Core/Core/api/resumeapi/GetAwards',
          AddAwardsUrl: '/Core/Core/api/resumeapi/AddAwards',
          UpdateAwardsUrl: '/Core/Core/api/resumeapi/UpdateAwards',
          DeleteAwardsUrl: '/Core/Core/api/resumeapi/DeleteAwards'
        },
        onBoardingResume:{
          getResumeDataUrl: '/Core/Core/api/OnBoardingResumeApi/GetResumeData',
          getResumeResponseDataUrl: 'https://cl12sales.sumtotaldevelopment.net/Services/api/Resume/GetResumeResponseData',
          ParseResumeUrl: 'https://cl12sales.sumtotaldevelopment.net/Services/api/Resume/GetParsedResumeData',
          getResumeConfigDataUrl: '/Core/Core/api/OnBoardingResumeApi/GetResumeConfigData',
          getPersonResumesUrl: '/Core/Core/api/OnBoardingResumeApi/GetPersonResumes',
          getMultipleResumesUrl: '/Core/Core/api/OnBoardingResumeApi/GetMultipleResumes',
          getCountriesUrl: '/Core/Core/api/LookupsApi/countries',
          getStatesbyIdUrl: '/Core/Core/api/LookupsApi/provinces',
          getCitiesByIdUrl: '/Core/Core/api/LookupsApi/GetCities',
          saveResumeDataUrl: '/Core/Core/api/OnBoardingResumeApi/SaveResumeData',
          saveMultipleResumesUrl: '/Core/Core/api/OnBoardingResumeApi/SaveMultipleResumes',
          getResumeOptionsUrl: '/Core/Core/api/OnBoardingResumeApi/GetResumeOptions',
          getCodeByCatcdUrl: '/Core/Core/api/LookupsApi/catCodesbyLang' + '?catCd=',
          getRequisitionsHistoryUrl: '/Core/Core/api/OnBoardingResumeApi/GetRequisitionHistoryForUser',
          getFeedbackUrl: '/Core/Core/api/OnBoardingResumeApi/GetFeedback',
          getRequisitionJobTemplateSalaryRangeUrl: '/Core/Core/api/OnBoardingResumeApi/GetRequisitionJobTemplateSalaryRange',
          getInternalEquityDetailsUrl: '/Core/Core/api/OnBoardingResumeApi/GetInternalEquityDetails',
          getResumeReferencesUrl: '/Core/Core/api/OnBoardingResumeApi/GetResumeReferences',
          getManagerInfo: '/Core/Core/api/OnBoardingResumeApi/GetManagerId',
          getSchoolsUrl: '/Core/Core/api/LookupsApi/GetAvailableSchools',
          getResumeAndApplicationPermissionUrl: 'https://cl12sales.sumtotaldevelopment.net/Services/api/Resume/GetResumeAndApplicationPermission'
        },
        onBoardingRequisition:{
          getEmployeesUrl: '/Core/Core/api/OnBoardingRequisitionApi/GetEmployees',
          getPostingSitesUrl: '/Core/Core/api/OnBoardingRequisitionApi/GetPostingSites',
          getWorkLocationsUrl: '/Core/Core/api/OnBoardingRequisitionApi/GetWorkLocations',
          getJobPositionsUrl: '/Core/Core/api/OnBoardingRequisitionApi/GetJobPositions',
          getJobTemplatesUrl: '/Core/Core/api/OnBoardingRequisitionApi/GetJobTemplates',
          saveRequisitionDataUrl: '/Core/Core/api/OnBoardingRequisitionApi/SaveRequisitionData',
          getRequisitionsUrl: '/Core/Core/api/OnBoardingRequisitionApi/GetRequisitions',
          getRequisitionDataUrl: '/Core/Core/api/OnBoardingRequisitionApi/GetRequisitionDetails',
          getRequisitionDataForPreviewUrl: '/Core/Core/api/OnBoardingRequisitionApi/GetRequisitionDetailsForPreview',
          getSkillsUrl: '/Core/Core/api/LookupsApi/GetAvailableSkills',
          getCertificationsUrl: '/Core/Core/api/LookupsApi/GetCertificationNamesList',
          getPostingSiteUrl: '/Core/Core/api/OnBoardingRequisitionApi/GetPostingSite',
          getUpdateRequisitionStatusUrl: '/Core/Core/api/OnBoardingRequisitionApi/UpdateRequisitionStatus',
          getRequisitionPermissionUrl: '/Core/Core/api/OnBoardingRequisitionApi/GetPermissions',
          applyRequisitionUrl: '/Core/Core/api/OnBoardingRequisitionApi/ApplyForRequisition',
          getApplicationAssessmentForRequisitionUrl: '/Core/Core/api/OnBoardingRequisitionApi/GetApplicationAssessmentForRequisition',
          getRequisitionStatusUrl: '/Core/Core/api/OnBoardingRequisitionApi/GetStatusOptions',
          getCreateFromUrl: '/Core/Core/api/OnBoardingRequisitionApi/CreateRequisitionFrom',
          getRequisitionCandidatesUrl: '/Core/Core/api/OnBoardingRequisitionApi/GetCandidates',
          getPositionFitMetricDetails: '/Core/Core/api/OnBoardingRequisitionApi/GetCandidatePositionFitDetails',
          getGeographicalDetailsUrl: '/Core/Core/api/OnBoardingRequisitionApi/GetGeographicalDetails',
          getClientHierarchyLevelsUrl: '/Core/Core/api/OnBoardingRequisitionApi/GetClientHierarchyLevels',
          getJobFitForUser: '/Core/Core/api/OnBoardingRequisitionApi/GetJobFitForUser',
          getRequisitionRolesUrl: '/Core/Core/api/OnBoardingRequisitionApi/GetRequisitionRoles',
          getRecentlyAccessedRequisitionApplicationsUrl:'https://cl12sales.sumtotaldevelopment.net/Services/api/RecruitingWidgets/GetRecentlyAccessedRequisitionApplications',
          saveRecentlyAccessedApplicationUrl:'https://cl12sales.sumtotaldevelopment.net/Services/api/RecruitingWidgets/SaveRecentlyAccessedApplication',
          getRequisitionSummaryUrl:'https://cl12sales.sumtotaldevelopment.net/Services/api/RecruitingWidgets/GetRequisitionSummary',
          getRequisitionDashboardUrl: '/Core/Core/api/OnBoardingRequisitionApi/LoadRequisitionDashboardByUrlWithPermissions',
          getRequisitionAssessmentsUrl: '/Core/Core/api/OnBoardingRequisitionApi/GetRequisitionAssessments',
          getRequisitionAssessmentUrl: '/Core/Core/api/OnBoardingRequisitionApi/GetRequisitionAssessment',
          createUpdateRequisitionAssessmentUrl: '/Core/Core/api/OnBoardingRequisitionApi/CreateUpdateRequisitionAssessment',
          deleteRequisitionAssessmentsUrl: '/Core/Core/api/OnBoardingRequisitionApi/DeleteRequisitionAssessments',
          deleteRequisitionsUrl: '/Core/Core/api/OnBoardingRequisitionApi/DeleteRequisitions',
          getApprovalHistory:'https://cl12sales.sumtotaldevelopment.net/Services/api/Requisition/GetApprovalHistory',
          approveRequisitionUrl: 'https://cl12sales.sumtotaldevelopment.net/Services/api/Requisition/ApproveTask',
          getFavouriteJobsUrl:'https://cl12sales.sumtotaldevelopment.net/Services/api/jobSearch/GetFavoriteJobs/',
          getRecommendedJobsForUserUrl: 'https://cl12sales.sumtotaldevelopment.net/Services/api/RecruitingWidgets/GetRecommendedJobsForUser',
          getRequisitionApplicationsCountForPhaseUrl:'https://cl12sales.sumtotaldevelopment.net/Services/api/CandidateManagement/GetRequisitionApplicationsCountForPhase',
          addRequisitionAssessmentsUrl: '/Core/Core/api/OnBoardingRequisitionApi/AddRequisitionAssessments',
          saveRequisitionAnswersUrl: 'https://cl12sales.sumtotaldevelopment.net/Services/api/Requisition/SaveRequisitionAssessmentAnswer',
          updateJobBoardDataUrl: '/Core/Core/api/OnBoardingRequisitionApi/UpdateJobBoardData',
          postToEQuestUrl: '/Core/Core/api/OnBoardingRequisitionApi/PostToEQuest',
          deletePostingUrl: '/Core/Core/api/OnBoardingRequisitionApi/DeletePosting',
          getEQuestJobPostingsUrl: '/Core/Core/api/OnBoardingRequisitionApi/GetEQuestJobPostings',
          getEQuestJobIdUrl: '/Core/Core/api/OnBoardingRequisitionApi/GetEQuestJobId',
          SubmitRequisitionAssessmentAnswersUrl:'https://cl12sales.sumtotaldevelopment.net/Services/api/Requisition/SubmitRequisitionAssessmentAnswers',
        },
        onBoardingCandidateManagement: {
          getRequisitionCandidateUrl: 'https://cl12sales.sumtotaldevelopment.net/Services/api/CandidateManagement/GetRequisitionCandidates',
          getCodeDefinitionsUrl: 'https://cl12sales.sumtotaldevelopment.net/Services/api/CandidateManagement/GetCodeDefinition',
          updateRequisitionApplicationUrl: 'https://cl12sales.sumtotaldevelopment.net/Services/api/CandidateManagement/UpdateApplicationRaking',
          saveInterviewScheduleUrl: 'https://cl12sales.sumtotaldevelopment.net/Services/api/RecruitingInterview/SaveInterviewSchedule',
          getAssessmentsForInterviewerUrl: 'https://cl12sales.sumtotaldevelopment.net/Services/api/RecruitingInterview/GetAssessmentsForInterviewer',
          getRequisitionsUrl: 'https://cl12sales.sumtotaldevelopment.net/Services/api/CandidateManagement/GetRequistions',
          getUsersUrl : 'https://cl12sales.sumtotaldevelopment.net/Services/api/CandidateManagement/GetUsers',
          AddCandidatesToFolderUrl:'https://cl12sales.sumtotaldevelopment.net/Services/api/CandidateManagement/AddCandidateToFolder',
          getRequisitionApplicationUrl: 'https://cl12sales.sumtotaldevelopment.net/Services/api/CandidateManagement/GetRequisitionApplication',
          getRecruitingFolders:'https://cl12sales.sumtotaldevelopment.net/Services/api/CandidateManagement/GetRecruitingFolders',
          getInterviewsForCandidateUrl: 'https://cl12sales.sumtotaldevelopment.net/Services/api/CandidateManagement/GetInterviewsForCandidate',
          GetEmailLogForCandidateUrl: 'https://cl12sales.sumtotaldevelopment.net/Services/api/CandidateManagement/GetEmailLogForCandidate',
          getListOfFoldersUrl: 'https://cl12sales.sumtotaldevelopment.net/Services/api/CandidateManagement/GetListOfFolders',
          GetEmailLogForCandidateUrl: 'https://cl12sales.sumtotaldevelopment.net/Services/api/CandidateManagement/GetEmailLogForCandidate',
          saveRecruitingFolder: 'https://cl12sales.sumtotaldevelopment.net/Services/api/CandidateManagement/SaveRecruitingFolder',
          savecandidateSearch: 'https://cl12sales.sumtotaldevelopment.net/Services/api/CandidateManagement/SaveCandidateSearch',
          getSavedSearches: 'https://cl12sales.sumtotaldevelopment.net/Services/api/CandidateManagement/GetSavedSearches',
          getCandidateTransactionHistoryUrl:'https://cl12sales.sumtotaldevelopment.net/Services/api/CandidateManagement/GetCandidateTransactionHistory',
          getRequisitionApplicationForCandidateUrl: 'https://cl12sales.sumtotaldevelopment.net/Services/api/CandidateManagement/GetRequisitionApplicationForCandidate',
          applyToRequisitionUrl: 'https://cl12sales.sumtotaldevelopment.net/Services/api/CandidateManagement/ApplyToRequisition',
          getAssessmentsForApplicationUrl: 'https://cl12sales.sumtotaldevelopment.net/Services/api/CandidateManagement/GetAssessmentsForApplication',
          getRequisitionCandidateAssessmentUrl: 'https://cl12sales.sumtotaldevelopment.net/Services/api/CandidateManagement/GetRequisitionCandidateAssessment',
          getCandidateExplorerOptions:'https://cl12sales.sumtotaldevelopment.net/Services/api/CandidateManagement/GetCandidateExplorerOptions',
          getCandidateAssessments: 'https://cl12sales.sumtotaldevelopment.net/Services/api/CandidateManagement/GetCandidateAssessments',
          removeCandidateUrl:'https://cl12sales.sumtotaldevelopment.net/Services/api/CandidateManagement/RemoveCandidate',
          getCandidateChecksData:'https://cl12sales.sumtotaldevelopment.net/Services/api/CandidateManagement/GetCandidateChecksData',
          saveChecksData: 'https://cl12sales.sumtotaldevelopment.net/Services/api/CandidateManagement/saveCandidateChecksData',
          getRecommendedCandidateListUrl:'https://cl12sales.sumtotaldevelopment.net/Services/api/CandidateManagement/GetRecommendedCandidateList',
          recommendedCandidatesActionUrl:'https://cl12sales.sumtotaldevelopment.net/Services/api/CandidateManagement/RecommendedCandidatesAction',
		  deleteGDPRExternalCandidateData:'https://cl12sales.sumtotaldevelopment.net/Services/api/CandidateManagement/deleteGDPRExternalCandidates',
          saveRequisitionCandidateAssessment:'https://cl12sales.sumtotaldevelopment.net/Services/api/CandidateManagement/SaveCandidateAssesssment',
          sendCandidateCommunication: 'https://cl12sales.sumtotaldevelopment.net/Services/api/CandidateManagement/SendCandidateCommunication',
          getCandidateCommunication: 'https://cl12sales.sumtotaldevelopment.net/Services/api/CandidateManagement/GetCandidateCommunicationList',
          getCreateCandidateFormModelUrl: 'https://cl12sales.sumtotaldevelopment.net/Services/api/GlobalConfigurator/modelconfigurations',
          sendCandidateCommunication: 'https://cl12sales.sumtotaldevelopment.net/Services/api/CandidateManagement/SendCandidateCommunication',
          addUserManuallyUrl: 'https://cl12sales.sumtotaldevelopment.net/Services/api/CandidateManagement/AddCandidate',
          deleteCandidateFromRequisitionUrl: 'https://cl12sales.sumtotaldevelopment.net/Services/api/CandidateManagement/DeleteCandidatesFromRequisition',
          getCandidateCommunicationContent: 'https://cl12sales.sumtotaldevelopment.net/Services/api/CandidateManagement/GetCandidateCommunication',
          sendEmailNotificationToCandidateUrl: 'https://cl12sales.sumtotaldevelopment.net/Services/api/CandidateManagement/sendEmailNotificationToCandidate'
        },
        onBoardingOfferManagement: {
          getRequisitionCompensationUrl: 'https://cl12sales.sumtotaldevelopment.net/Services/api/OfferManagement/GetRequisitionCompensationData',
          saveApplicationOfferUrl: 'https://cl12sales.sumtotaldevelopment.net/Services/api/OfferManagement/SaveApplicationOffer',
          getCurrencyCodesUrl: '/Core/Core/api/OnBoardingRequisitionApi/GetCurrencyCodes',
          getOfferDataUrl: 'https://cl12sales.sumtotaldevelopment.net/Services/api/OfferManagement/GetApplicationOfferData',
          deleteCompensationUrl: 'https://cl12sales.sumtotaldevelopment.net/Services/api/OfferManagement/DeleteCompensation',
          deleteAttachmentUrl: 'https://cl12sales.sumtotaldevelopment.net/Services/api/OfferManagement/DeleteAttachment',
          getPayTypeUrl: 'https://cl12sales.sumtotaldevelopment.net/Services/api/OfferManagement/GetPayType',
          getRequisitionOfferWorkflowKey: 'https://cl12sales.sumtotaldevelopment.net/Services/api/OfferManagement/GetRequisitionOfferWorkflowKey',
          sendSignatureRequest:'https://cl12sales.sumtotaldevelopment.net/Services/api/OfferManagement/SendSignatureRequest'
        },
        recruitingHire: {
          processHireUrl: 'https://cl12sales.sumtotaldevelopment.net/Services/api/RecruitingHire/ProcessHire',
          GetRecruitingHiresUrl: 'https://cl12sales.sumtotaldevelopment.net/Services/api/RecruitingHire/GetRecruitingHires',
          ExportCandidateDetailsUrl: '/Core/Core/api/profiledata/ExportCandidateDetails',
          CreateEmployeeRecordUrl : 'https://cl12sales.sumtotaldevelopment.net/Services/api/RecruitingHire/CreateEmployeeRecord',
          FinalizeNewHireUrl: 'https://cl12sales.sumtotaldevelopment.net/Services/api/RecruitingHire/FinalizeNewHire',
          canHireUrl : 'https://cl12sales.sumtotaldevelopment.net/Services/api/RecruitingHire/CanHire'
        },
        coaching:{
          getPermissionsUrl: 'https://cl12sales.sumtotaldevelopment.net/Services/api/coaching/GetPermissions',
          getIssuesForManagerUrl: 'https://cl12sales.sumtotaldevelopment.net/Services/api/Coaching/GetIssuesForManager',
          getEmployeeWithIssueForManagerUrl: 'https://cl12sales.sumtotaldevelopment.net/Services/api/Coaching/GetEmployeeWithIssueForManager'
        },
        continuousfeedback:{
          createOrEditFeedbackRequestUrl: 'https://cl12sales.sumtotaldevelopment.net/Services/api/continuousreview/CreateOrEditFeedbackRequest',
          createFeedbackRequestUrl: 'https://cl12sales.sumtotaldevelopment.net/Services/api/continuousreview/CreateFeedbackRequest',
          createOrEditFeedbackResponseUrl: 'https://cl12sales.sumtotaldevelopment.net/Services/api/continuousreview/CreateOrEditFeedbackResponse',
          getFeedbackRequestUrl: 'https://cl12sales.sumtotaldevelopment.net/Services/api/continuousreview/GetFeedbackRequest',
          getFeedbackResponseUrl: 'https://cl12sales.sumtotaldevelopment.net/Services/api/continuousreview/GetFeedbackResponse',
          getContinuousReviewItemsUrl: 'https://cl12sales.sumtotaldevelopment.net/Services/api/continuousreview/GetContinuousReviewItems',
          addRemoveCommentToFormUrl: 'https://cl12sales.sumtotaldevelopment.net/Services/api/continuousreview/AddRemoveCommentToForm',
          flagItemUrl: 'https://cl12sales.sumtotaldevelopment.net/Services/api/continuousreview/FlagItem',
          thankProviderUrl: 'https://cl12sales.sumtotaldevelopment.net/Services/api/continuousreview/ThankProvider',
          sendReminderUrl: 'https://cl12sales.sumtotaldevelopment.net/Services/api/continuousreview/SendReminder',
          getPermissionsUrl: 'https://cl12sales.sumtotaldevelopment.net/Services/api/continuousreview/GetPermissions',
          getFeedbackDatesDataUrl: 'https://cl12sales.sumtotaldevelopment.net/Services/api/continuousreview/GetFeedbackDatesData',
          createJournalUrl: 'https://cl12sales.sumtotaldevelopment.net/Services/api/continuousreview/CreateJournal',
          getJournalUrl: 'https://cl12sales.sumtotaldevelopment.net/Services/api/continuousreview/GetJournal',
          getCurrentManagerUrl: 'https://cl12sales.sumtotaldevelopment.net/Services/api/continuousreview/GetCurrentManager',
          replyJournalUrl: 'https://cl12sales.sumtotaldevelopment.net/Services/api/continuousreview/ReplyJournal',
          closeJournalUrl: 'https://cl12sales.sumtotaldevelopment.net/Services/api/continuousreview/CloseJournal',
          thankJournalUrl: 'https://cl12sales.sumtotaldevelopment.net/Services/api/continuousreview/ThankJournal',
          deleteJournalUrl: 'https://cl12sales.sumtotaldevelopment.net/Services/api/continuousreview/DeleteJournal',
          hardDeleteContinuousFeedbackUrl: 'https://cl12sales.sumtotaldevelopment.net/Services/api/continuousreview/HardDeleteContinuousFeedback',
          hardDeleteFeedbackJournalUrl: 'https://cl12sales.sumtotaldevelopment.net/Services/api/continuousreview/HardDeleteFeedbackJournal',

        },
        onboardingConfiguration:{
          getApprovalWorkflowsUrl: 'https://cl12sales.sumtotaldevelopment.net/Services/api/onboarding/configuration/getWorkflows',
          getApprovalWorkflowUrl: 'https://cl12sales.sumtotaldevelopment.net/Services/api/onboarding/configuration/getWorkflow',
          copyApprovalWorkflowsUrl: 'https://cl12sales.sumtotaldevelopment.net/Services/api/onboarding/configuration/copyWorkflows',
          saveApprovalWorkflowUrl: 'https://cl12sales.sumtotaldevelopment.net/Services/api/onboarding/configuration/saveWorkflow',
          deleteApprovalWorkflowUrl: 'https://cl12sales.sumtotaldevelopment.net/Services/api/onboarding/configuration/deleteWorkflow',
          activateApprovalWorkflowUrl: 'https://cl12sales.sumtotaldevelopment.net/Services/api/onboarding/configuration/activateWorkflow',
        },
        emailConfiguration: {
          saveEmailTemplateUrl: 'https://cl12sales.sumtotaldevelopment.net/Services/api/core/emailtemplates/saveEmailTemplate',
          getEmailTemplatesUrl: 'https://cl12sales.sumtotaldevelopment.net/Services/api/core/emailtemplates/getEmailTemplates',
          getEmailTemplateUrl: 'https://cl12sales.sumtotaldevelopment.net/Services/api/core/emailtemplates/getEmailTemplate',
          deleteEmailTemplateUrl: 'https://cl12sales.sumtotaldevelopment.net/Services/api/core/emailtemplates/deleteEmailTemplate',
          getEmailTemplateTypesUrl: 'https://cl12sales.sumtotaldevelopment.net/Services/api/core/emailtemplates/getEmailTemplateTypes/{category}'
        },
        journal:{
          addUpdateJournalUrl: '/Core/Core/api/journalapi/AddUpdateJournal',
          getJournalUrl: '/Core/Core/api/journalapi/GetJournal',
          getJournalsUrl: '/Core/Core/api/journalapi/GetJournals',
          getDirectReportsUrl: '/Core/Core/api/journalapi/GetDirectReports' ,
          getJournalAndFeedBackTimeline: '/Core/Core/api/journalapi/GetJournalAndFeedBackTimeLine',
        },
        feedbackTemplateConfiguraion: {
          getFeedbackTemplatesUrl: 'https://cl12sales.sumtotaldevelopment.net/Services/api/core/feedbacktemplates/getFeedbackTemplates',
          saveFeedbackTemplateUrl: 'https://cl12sales.sumtotaldevelopment.net/Services/api/core/feedbacktemplates/saveFeedbackTemplate',
          getFeedbackTemplateUrl: 'https://cl12sales.sumtotaldevelopment.net/Services/api/core/feedbacktemplates/getFeedbackTemplate',
          deleteFeedbackTemplatesUrl: 'https://cl12sales.sumtotaldevelopment.net/Services/api/core/feedbacktemplates/deleteFeedbackTemplates',
          getFeedbackTemplatesForSelectionUrl: 'https://cl12sales.sumtotaldevelopment.net/Services/api/core/feedbacktemplates/getFeedbackTemplatesForSelection'

        },
        feedbackQuestionConfiguraion: {
          getFeedbackQuestionUrl: 'https://cl12sales.sumtotaldevelopment.net/Services/api/core/feedbackquestions/getFeedbackQuestions',
          saveFeedbackQuestionUrl: 'https://cl12sales.sumtotaldevelopment.net/Services/api/core/feedbackquestions/saveFeedbackQuestion',
          deleteFeedbackQuestionsUrl: 'https://cl12sales.sumtotaldevelopment.net/Services/api/core/feedbackquestions/deleteFeedbackQuestions'
        },
        careerplan:{
          getSectionMatchesForJob: '/Core/Core/api/careerplanapi/GetSectionMatchesForJob',
          getCareerPlan:  '/Core/Core/api/careerplanapi/GetCareerPlan',
          getCareerPlanShares: '/Core/Core/api/careerplanapi/GetCareerPlanShares',
          deleteCareerPlanShare: '/Core/Core/api/careerplanapi/DeleteCareerPlanShare',
          addCareerPlanShare: '/Core/Core/api/careerplanapi/AddCareerPlanShare',
          getCareerPlanRecommendedJobs:  '/Core/Core/api/careerplanapi/GetCareerPlanRecommendedJobs',
          getLMskillsFromJob: '/Core/Core/api/careerplanapi/GetLMskillsFromJob',
          deleteCareerPlanJob: '/Core/Core/api/careerplanapi/DeleteCareerPlanJob',
          addCareerPlanJob: '/Core/Core/api/careerplanapi/AddCareerPlanJob',
          canViewCareerPlan: '/Core/Core/api/careerplanapi/CanViewCareerPlan',
          getCareerPlanActions:  '/Core/Core/api/careerplanapi/GetCareerPlanActions',
          addCareerPlanAction: '/Core/Core/api/careerplanapi/AddCareerPlanAction',
            deleteCareerPlanAction: '/Core/Core/api/careerplanapi/DeleteCareerPlanAction',
            learning: 'https://cl12sales.sumtotaldevelopment.net/Services/api/core/careerplan/learning'
        },
        notificationtemplates:
        {
          getNotificationTemplates: '/Core/Core/api/notificationtemplatesapi/getNotificationTemplates',
          getNotificationTemplate: '/Core/Core/api/notificationtemplatesapi/getNotificationTemplate'+ '?notificationID=',
          saveNotificationTemplateURL: '/Core/Core/api/notificationtemplatesapi/SaveNotificationTemplate',
        },
        competencyprofile:{
          getCompetencyProfile: '/Core/Core/api/competencyprofileapi/GetCompetencyProfile',
          getFeedbackForCompetency: '/Core/Core/api/competencyprofileapi/GetFeedbackForCompetency',
          getLMskillsFromCompetency: '/Core/Core/api/competencyprofileapi/GetLMskillsFromCompetency',
          getSuccessorPositionsForUser: '/Core/Core/api/competencyprofileapi/GetSuccessorPositionsForUser',
          getPrimaryJob: '/Core/Core/api/competencyprofileapi/GetPrimaryJob',
          getBehaviorsForCompetency: '/Core/Core/api/competencyprofileapi/GetBehaviorsForCompetency',
          updateCompetencySelfRatings: '/Core/Core/api/competencyprofileapi/UpdateCompetencySelfRatings',
          updateCompetencyManagerRatings: 'https://cl12sales.sumtotaldevelopment.net/Services/api/core/competencyprofile/competencymanagerratings',
          canViewSuccessionPlan: '/Core/Core/api/competencyprofileapi/CanViewSuccessionPlan',
          canViewCompetencyProfile: '/Core/Core/api/competencyprofileapi/CanViewCompetencyProfile'
        },
        surveybuilder:{
          getSurveyConfigDataUrl: 'https://cl12sales.sumtotaldevelopment.net/Services/api/SurveyBuilder/GetSurveyConfiguration',
          saveSurveyConfigDataUrl:'https://cl12sales.sumtotaldevelopment.net/Services/api/SurveyBuilder/SaveSurveyConfiguration',
          getSurveyList : 'https://cl12sales.sumtotaldevelopment.net/Services/api/SurveyBuilder/GetSurveyList',
          pushToAssessmentJobConfigDataUrl : 'https://cl12sales.sumtotaldevelopment.net/Services/api/SurveyBuilder/PushToAssessmentJob',
          copySurveyConfigDataUrl : 'https://cl12sales.sumtotaldevelopment.net/Services/api/SurveyBuilder/CopySurveyConfiguration',
          updateSurveyStatusUrl : 'https://cl12sales.sumtotaldevelopment.net/Services/api/SurveyBuilder/UpdateSurveyStatus',
          getCodeByCatcdUrl: '/Core/Core/api/lookupsapi/codecats',
        },
        assessment:{
          getAssessmentListUrl: 'https://cl12sales.sumtotaldevelopment.net/Services/api/HourlyAssessmentApi/GetHourlyAssessmentList',
          getFilterStatusTypesUrl: 'https://cl12sales.sumtotaldevelopment.net/Services/api/HourlyAssessmentApi/GetFilterStatusTypes',
          getActivityDetailsUrl: 'https://cl12sales.sumtotaldevelopment.net/Services/api/HourlyAssessmentApi/GetActivityDetails',
          deleteCancelAssessmentUrl: 'https://cl12sales.sumtotaldevelopment.net/Services/api/HourlyAssessmentApi/DeleteCancelAssessment',
          getSurveyListUrl:'https://cl12sales.sumtotaldevelopment.net/Services/api/HourlyAssessmentApi/GetSurveyList',
          getJobListUrl: 'https://cl12sales.sumtotaldevelopment.net/Services/api/HourlyAssessmentApi/GetJobList',
          createAssessmentUrl:'https://cl12sales.sumtotaldevelopment.net/Services/api/HourlyAssessmentApi/CreateAssessment',
          transferTaskAssessmentUrl:'https://cl12sales.sumtotaldevelopment.net/Services/api/HourlyAssessmentApi/TransferTaskAssessment',
          CreateAssessmentFromReportWidgetUrl:'https://cl12sales.sumtotaldevelopment.net/Services/api/HourlyAssessmentApi/CreateAssessmentFromReportWidget',
          getUserInfoUrl:'https://cl12sales.sumtotaldevelopment.net/Services/api/HourlyAssessmentApi/GetUserInfo',
          getHourlyAssessmentManagerUrl:'https://cl12sales.sumtotaldevelopment.net/Services/api/HourlyAssessmentApi/GetHourlyAssessmentManager',
          getHourlyAssessmentAccessRightsUrl:'https://cl12sales.sumtotaldevelopment.net/Services/api/HourlyAssessmentApi/GetAccessRightsForHourlyAssessmentSurvey',
          getHourlyAssessmentWidgetData:'https://cl12sales.sumtotaldevelopment.net/Services/api/HourlyAssessmentApi/GetHourlyAssessmentsWidget',
        },
        evaluation:{
          getEvaluationformDataUrl:'https://cl12sales.sumtotaldevelopment.net/Services/api/HourlyAssessmentApi/GetHourlyEvaluationFormData',
          saveEvaluationformDataUrl:'https://cl12sales.sumtotaldevelopment.net/Services/api/HourlyAssessmentApi/SaveHourlyEvaluationFormData',
          getbehaviorsforcompetency:'https://cl12sales.sumtotaldevelopment.net/Services/api/HourlyAssessmentApi/GetBehaviorsforCompetency',
          getCompetenciesUrl : 'https://cl12sales.sumtotaldevelopment.net/Services/api/HourlyAssessmentApi/GetCompetencies'
        },
        interview:{
          getInterviewsForRequisitionUrl: 'https://cl12sales.sumtotaldevelopment.net/Services/api/RecruitingInterview/GetInterviewsForRequisition',
          getTrackingDetailsByRequisitionUrl: 'https://cl12sales.sumtotaldevelopment.net/Services/api/RecruitingInterview/GetTrackingDetailsByRequisition',
          getTrackingDetailsByIdUrl: 'https://cl12sales.sumtotaldevelopment.net/Services/api/RecruitingInterview/GetTrackingDetailsById',
          getRecruitingLocationsUrl: 'https://cl12sales.sumtotaldevelopment.net/Services/api/RecruitingInterview/GetRecruitingLocations',
          saveInterviewUrl: 'https://cl12sales.sumtotaldevelopment.net/Services/api/RecruitingInterview/SaveInterviewDetails',
          getInterviewerInterviewTopicRelationUrl: 'https://cl12sales.sumtotaldevelopment.net/Services/api/RecruitingInterview/GetIntervFiewerInterviewTopicRelation',
          deleteAttachmentUrl: 'https://cl12sales.sumtotaldevelopment.net/Services/api/RecruitingInterview/DeleteAttachment',
          getInterviewDataById: 'https://cl12sales.sumtotaldevelopment.net/Services/api/RecruitingInterview/GetInterviewDetails',
          saveInterviewFeedbackUrl: 'https://cl12sales.sumtotaldevelopment.net/Services/api/RecruitingInterview/SaveInterviewFeedback',
          commitInterviewFeedbackUrl: 'https://cl12sales.sumtotaldevelopment.net/Services/api/RecruitingInterview/CommitInterviewFeedback',
          saveInterviewDiscussionUrl: 'https://cl12sales.sumtotaldevelopment.net/Services/api/RecruitingInterview/SaveInterviewDiscussion',
          getInterviewFeedbacksUrl: 'https://cl12sales.sumtotaldevelopment.net/Services/api/RecruitingInterview/GetInterviewFeedbacks',
          getInterviewDiscussionsUrl: 'https://cl12sales.sumtotaldevelopment.net/Services/api/RecruitingInterview/GetInterviewDiscussions',
          getInterviewFeedbackUrl: 'https://cl12sales.sumtotaldevelopment.net/Services/api/RecruitingInterview/GetInterviewFeedback',
          getRequisitionCandidateAttachementsUrl: 'https://cl12sales.sumtotaldevelopment.net/Services/api/RecruitingInterview/GetRequisitionCandidateAttachements',
          saveRequisitionCandidateAttachmentUrl: 'https://cl12sales.sumtotaldevelopment.net/Services/api/RecruitingInterview/SaveRequisitionCandidateAttachment',
          deleteRequisitionCandidateAttachmentUrl: 'https://cl12sales.sumtotaldevelopment.net/Services/api/RecruitingInterview/DeleteRequisitionCandidateAttachment',
          getInterviewTopicCategoriesUrl: 'https://cl12sales.sumtotaldevelopment.net/Services/api/RecruitingInterview/GetInterviewTopicCategories',
          isInterviewInUseUrl: 'https://cl12sales.sumtotaldevelopment.net/Services/api/RecruitingInterview/IsInterviewInUse',
          getCurrentPersonIdUrl: 'https://cl12sales.sumtotaldevelopment.net/Services/api/RecruitingInterview/GetCurrentPersonId',
          getInterviewStatusUrl: 'https://cl12sales.sumtotaldevelopment.net/Services/api/RecruitingInterview/GetInterviewStatus',
          cancelInterviewUrl: 'https://cl12sales.sumtotaldevelopment.net/Services/api/RecruitingInterview/CancelInterview'
        },
        recruitingassessment:{
          saveAssessment: '/Core/Core/api/recruitingassessmentapi/SaveAssessment',
          getRecruitingAssessmentsUrl: '/Core/Core/api/recruitingassessmentapi/GetRecruitingAssessments',
          getRecruitingAssessmentUrl: '/Core/Core/api/recruitingassessmentapi/GetRecruitingAssessment',
          deleteRecruitingAssessmentsUrl: '/Core/Core/api/recruitingassessmentapi/DeleteRecruitingAssessments',
          copyRecruitingAssessmentUrl: '/Core/Core/api/recruitingassessmentapi/CopyRecruitingAssessment',
          getAllRecruitingTagsUrl: '/Core/Core/api/recruitingassessmentapi/GetAllRecruitingTags',
          searchAssessmentTagsURL: '/Core/Core/api/recruitingassessmentapi/SearchAssessmentTags',
          getRecruitingAssessmentPermissionsUrl: '/Core/Core/api/recruitingassessmentapi/GetRecruitingAssessmentPermissions'
        },
        eventdefinition:{
          getProcess: 'https://cl12sales.sumtotaldevelopment.net/Services/api/EventDefinition/GetProcess',
          getAllProcesses: 'https://cl12sales.sumtotaldevelopment.net/Services/api/EventDefinition/GetAllProcesses'
        },
        gamificationAdmin:{
          badges: 'https://cl12sales.sumtotaldevelopment.net/Services/api/gamification/admin/badges',
          badgesDelete: 'https://cl12sales.sumtotaldevelopment.net/Services/api/gamification/admin/badges/delete',
          levels: 'https://cl12sales.sumtotaldevelopment.net/Services/api/gamification/admin/levels',
          pointcriterions: 'https://cl12sales.sumtotaldevelopment.net/Services/api/gamification/admin/pointcriterions',
          categoryFields: 'https://cl12sales.sumtotaldevelopment.net/Services/api/gamification/admin/categoryFields',
          rulesets:'https://cl12sales.sumtotaldevelopment.net/Services/api/gamification/admin/rulesets',
          rulesetsDelete:'https://cl12sales.sumtotaldevelopment.net/Services/api/gamification/admin/rulesets/delete'
        },
        gamification:{
          leaderboards: 'https://cl12sales.sumtotaldevelopment.net/Services/api/gamification/leaderboards',
          logs: 'https://cl12sales.sumtotaldevelopment.net/Services/api/gamification/logs',
          badges: 'https://cl12sales.sumtotaldevelopment.net/Services/api/gamification/badges',
          leaderboards: 'https://cl12sales.sumtotaldevelopment.net/Services/api/gamification/leaderboards',
          favorites: 'https://cl12sales.sumtotaldevelopment.net/Services/api/gamification/favorites/{targetUserId}',
          summaries: 'https://cl12sales.sumtotaldevelopment.net/Services/api/gamification/summaries/{targetUserId}'
        },
        recruitingConfig:{
          getActions: 'https://cl12sales.sumtotaldevelopment.net/Services/api/recruitingconfiguration/actions',
          getProcessList: 'https://cl12sales.sumtotaldevelopment.net/Services/api/recruitingconfiguration/processes',
          getProcessDetails: 'https://cl12sales.sumtotaldevelopment.net/Services/api/recruitingconfiguration/processes/{id}',
          getAddProcessDetails: 'https://cl12sales.sumtotaldevelopment.net/Services/api/recruitingconfiguration/processes/-1',
          saveProcessDetails: 'https://cl12sales.sumtotaldevelopment.net/Services/api/recruitingconfiguration/saveprocess',
          deleteProcess: 'https://cl12sales.sumtotaldevelopment.net/Services/api/recruitingconfiguration/deleteprocess'
        },
        meeting:{
          getMeetingTimeSlotsUrl: 'https://cl12sales.sumtotaldevelopment.net/Services/api/MeetingScheduler/GetMeetingTimeSlots',
          createMeetingUrl: 'https://cl12sales.sumtotaldevelopment.net/Services/api/MeetingScheduler/CreateMeeting'
        },
        offerTemplate:{
          getOfferTemplate: 'https://cl12sales.sumtotaldevelopment.net/Services/api/OfferManagement/GetOfferTemplate',
          getOfferTemplates: 'https://cl12sales.sumtotaldevelopment.net/Services/api/OfferManagement/GetOfferTemplates',
          saveOfferTemplate: 'https://cl12sales.sumtotaldevelopment.net/Services/api/OfferManagement/SaveOfferTemplate',
          deleteOfferTemplate: 'https://cl12sales.sumtotaldevelopment.net/Services/api/OfferManagement/DeleteOfferTemplate',
          getOfferPreview: '/Core/Core/api/OnBoardingRequisitionApi/GetOfferPreview',
          getTemplatePlaceholderCodes : 'https://cl12sales.sumtotaldevelopment.net/Services/api/OfferManagement/GetTemplatePlaceholderCode',
          getParsedOfferTemplate : 'https://cl12sales.sumtotaldevelopment.net/Services/api/OfferManagement/GetParsedOfferTemplate',
          saveOfferPreview: '/Core/Core/api/OnBoardingRequisitionApi/SaveOfferPreview',
        },
        nBox: {
          getNBoxConfigurationsUrl: 'https://cl12sales.sumtotaldevelopment.net/Services/api/nbox/configuration/nboxconfigurations',
          getNBoxConfigurationUrl: 'https://cl12sales.sumtotaldevelopment.net/Services/api/nbox/configuration/nboxconfigurations/{id}',
          deleteNBoxConfigurationsUrl: 'https://cl12sales.sumtotaldevelopment.net/Services/api/nbox/configuration/deletenboxconfigurations',
          getNBoxConfigurationPermissionsUrl: 'https://cl12sales.sumtotaldevelopment.net/Services/api/nbox/configuration/nboxconfigurationpermissions',
          saveNBoxConfigurationUrl: 'https://cl12sales.sumtotaldevelopment.net/Services/api/nbox/configuration/saveconfiguration',
          filter: 'https://cl12sales.sumtotaldevelopment.net/Services/api/nbox/filter/',
          getNBoxRatingFieldsUrl: 'https://cl12sales.sumtotaldevelopment.net/Services/api/nbox/configuration/ratingfields',
          getNBoxCalibrationsURL: 'https://cl12sales.sumtotaldevelopment.net/Services/api/nboxcalibrationapi/GetNBoxCalibrations',
          getNBoxCalibrationsFromSPTalentPoolURL: 'https://cl12sales.sumtotaldevelopment.net/Services/api/nboxcalibrationapi/GetNBoxCalibrationsFromSPTalentPool',
          getNBoxConfigurationsForUserURL: 'https://cl12sales.sumtotaldevelopment.net/Services/api/nboxcalibrationapi/GetNBoxConfigurationsForUser',
          saveNBoxCalibrationsURL: 'https://cl12sales.sumtotaldevelopment.net/Services/api/nboxcalibrationapi/SaveNBoxCalibrations',
          getDemoGraphicForPersonsURL: 'https://cl12sales.sumtotaldevelopment.net/Services/api/nboxcalibrationapi/GetDemographicForPersons',
          exportNBoxMatrixDetailsURL: 'https://cl12sales.sumtotaldevelopment.net/Services/api/nboxcalibrationapi/ExportNBoxMatrixDetails'
        },
        sumtSocial:{
          communities:'https://cl12sales.sumtotaldevelopment.net/Services/api/sumtSocial/communities',
          adminCommunities:'https://cl12sales.sumtotaldevelopment.net/Services/api/sumtSocial/admin/communities',
          addUpdateUserCommuntiyRating:'https://cl12sales.sumtotaldevelopment.net/Services/api/sumtSocial/user/{communityId}/addUpdateRating',
          getUserCommunityRating:'https://cl12sales.sumtotaldevelopment.net/Services/api/sumtSocial/user/{communityId}/rating',
          favorites:'https://cl12sales.sumtotaldevelopment.net/Services/api/sumtSocial/communities/{communityId}/favorite',
          updateCommunity:'https://cl12sales.sumtotaldevelopment.net/Services/api/sumtSocial/communities/{communityId}/update',
          removeCommunity:'https://cl12sales.sumtotaldevelopment.net/Services/api/sumtSocial/communities/{communityId}/remove',
          removeActivityCommunity:'https://cl12sales.sumtotaldevelopment.net/Services/api/sumtSocial/activities/{activityId}/removeCommunity',
          communityMembers:'https://cl12sales.sumtotaldevelopment.net/Services/api/sumtSocial/communities/{communityId}/members',
          updateCommunityMembership:'https://cl12sales.sumtotaldevelopment.net/Services/api/sumtSocial/users/{targetUserId}/communityMembership',
          updateCommunityMembership:'https://cl12sales.sumtotaldevelopment.net/Services/api/sumtSocial/users/{targetUserId}/communityMembership',
          getCommunity:'https://cl12sales.sumtotaldevelopment.net/Services/api/sumtSocial/communities/{communityId}',
          likeSocialObjectUrl: 'https://cl12sales.sumtotaldevelopment.net/Services/api/social/{objectId}/like',
          likeCommentUrl: 'https://cl12sales.sumtotaldevelopment.net/Services/api/social/comment/{commentId}/like',
          getSocialObjectlikedUsersUrl: 'https://cl12sales.sumtotaldevelopment.net/Services/api/social/{objectId}/likes',
          getPostlikedUsersUrl: 'https://cl12sales.sumtotaldevelopment.net/Services/api/social/comment/{commentId}/likes',
          files:'https://cl12sales.sumtotaldevelopment.net/Services/api/sumtSocial/communities/{communityId}/files',
          removeCommunityMembers: 'https://cl12sales.sumtotaldevelopment.net/Services/api/sumtSocial/communities/{communityId}/removeMembers',
          addUpdateMembers: 'https://cl12sales.sumtotaldevelopment.net/Services/api/sumtSocial/communities/{communityId}/addUpdateMembers',
          removeFile: 'https://cl12sales.sumtotaldevelopment.net/Services/api/sumtSocial/communities/{communityId}/files/{fileId}/remove',
          ownerCount: 'https://cl12sales.sumtotaldevelopment.net/Services/api/sumtSocial/communities/{communityId}/ownerCount',
          fileReferenceCount: 'https://cl12sales.sumtotaldevelopment.net/Services/api/sumtSocial/communities/files/{fileIdentifier}/reference',
          searchEmployees: 'https://cl12sales.sumtotaldevelopment.net/Services/api/sumtSocial/communities/searchEmployees',
          communityFeed:'https://cl12sales.sumtotaldevelopment.net/Services/api/sumtSocial/communities/CommunityFeed',
          flag: {
            getFlaggedObjects: 'https://cl12sales.sumtotaldevelopment.net/Services/api/sumtSocial/flag/{communityId}',
            saveFlagDetails: 'https://cl12sales.sumtotaldevelopment.net/Services/api/sumtSocial/flag/saveflag',
			getFlagDetails: 'https://cl12sales.sumtotaldevelopment.net/Services/api/sumtSocial/communities/{communityId}/flagDetails/{flaggedObjectId}',
            removeFlags: 'https://cl12sales.sumtotaldevelopment.net/Services/api/sumtSocial/communities/{communityId}/{flaggedObjectId}/removeFlags',
            unFlagObject: 'https://cl12sales.sumtotaldevelopment.net/Services/api/sumtSocial/communities/{communityId}/flag/{objectId}/unflag'
          },
          discussion : {
            getDiscussionReplies: 'https://cl12sales.sumtotaldevelopment.net/Services/api/social/discuss/{discussionId}/replies',
            deleteDiscussionReply: 'https://cl12sales.sumtotaldevelopment.net/Services/api/social/discuss/reply/{replyId}',
            getDiscussionDetails: 'https://cl12sales.sumtotaldevelopment.net/Services/api/social/discuss/{discussionId}',
            createDiscussionReply: 'https://cl12sales.sumtotaldevelopment.net/Services/api/social/discuss/reply',
            createAndModifyDiscussion: 'https://cl12sales.sumtotaldevelopment.net/Services/api/social/discuss',
            getCommunityDiscussions: 'https://cl12sales.sumtotaldevelopment.net/Services/api/social/discussions',
            deleteDiscussion: 'https://cl12sales.sumtotaldevelopment.net/Services/api/social/discuss/delete/{id}'
          },
          blog: {
            getBlogsList: 'https://cl12sales.sumtotaldevelopment.net/Services/api/social/communities/{communityId}/blogs',
            getBlogById: 'https://cl12sales.sumtotaldevelopment.net/Services/api/social/communities/blogs/{blogId}',
            createBlog: 'https://cl12sales.sumtotaldevelopment.net/Services/api/social/communities/{communityId}/blogs',
            modifyBlog: 'https://cl12sales.sumtotaldevelopment.net/Services/api/social/blogs',
            deleteBlog: 'https://cl12sales.sumtotaldevelopment.net/Services/api/social/communities/{communityId}/blogs/{blogId}/remove',
            getBlogPosts:'https://cl12sales.sumtotaldevelopment.net/Services/api/social/communities/blogs/{blogId}/blogposts',
            getBlogPostById:'https://cl12sales.sumtotaldevelopment.net/Services/api/social/communities/blogposts/{blogPostId}',
            editBlogPost: 'https://cl12sales.sumtotaldevelopment.net/Services/api/social/communities/blogposts',
            addCommentUrl:'https://cl12sales.sumtotaldevelopment.net/Services/api/social/blogPost/AddComment',
            getCommentUrl: 'https://cl12sales.sumtotaldevelopment.net/Services/api/social/blogPost/GetComments',
            getCommentRepliesUrl: 'https://cl12sales.sumtotaldevelopment.net/Services/api/social/blogPost/GetReplies',
            getCommentDeepLinkResponseUrl:'https://cl12sales.sumtotaldevelopment.net/Services/api/social/blogPost/GetBlogPostRepliesDeepLinkResponse',
            editCommentUrl: 'https://cl12sales.sumtotaldevelopment.net/Services/api/social/blogPost/EditComment',
            deleteCommentUrl: 'https://cl12sales.sumtotaldevelopment.net/Services/api/social/blogPost/DeleteComment',
            approveBlogPost: 'https://cl12sales.sumtotaldevelopment.net/Services/api/social/communities/blogposts/approve'
          }
        }
      };
    }

    // This is the factory function for static data.
    return function(_, URI) {

      var apiPaths = createAPIPaths(),
        staticData = null;

      apiPaths = _.merge(apiPaths, {"attestation":{"attestationApi":{"baseUrl":"/Core/Core/api/AttestationApi/","addAttestationAuditRecord":"/Core/Core/api/AttestationApi/AddAttestationAuditRecord","checkAttestationStatus":"/Core/Core/api/AttestationApi/CheckAttestationStatus","getAllAttestationDefinitions":"/Core/Core/api/AttestationApi/GetAllAttestationDefinitions","getAttestationDefinitionById":"/Core/Core/api/AttestationApi/GetAttestationDefinitionById","getAttestationDefinition":"/Core/Core/api/AttestationApi/GetAttestationDefinition","getAttestationDefinitions":"/Core/Core/api/AttestationApi/GetAttestationDefinitions","saveAttestationDefinition":"/Core/Core/api/AttestationApi/SaveAttestationDefinition"}},"esignatureApi":{"eSignatureApi":{"baseUrl":"/Core/Core/api/ESignatureApi/"}},"timeline":{"timelineApi":{"baseUrl":"/Core/Core/api/TimelineApi/","loadTimelineViewData":"/Core/Core/api/TimelineApi/LoadTimelineViewData","loadNotificationCount":"/Core/Core/api/TimelineApi/LoadNotificationCount","getTimelineTaskCount":"/Core/Core/api/TimelineApi/getTimelineTaskCount"}},"upload":{"uploadApi":{"baseUrl":"/Core/Core/api/UploadApi/","retrieveFiles":"/Core/Core/api/UploadApi/RetrieveFiles","getFileBytes":"/Core/Core/api/UploadApi/GetFileBytes","removeFiles":"/Core/Core/api/UploadApi/RemoveFiles","downloadFile":"/Core/Core/api/UploadApi/DownloadFile","getPermissions":"/Core/Core/api/UploadApi/GetPermissions","uploadFile":"/Core/Core/api/UploadApi/UploadFile","updateFileInfo":"/Core/Core/api/UploadApi/UpdateFileInfo","uploadPersonImage":"/Core/Core/api/UploadApi/UploadPersonImage"}},"calendarApi":{"calendarApi":{"baseUrl":"/Core/Learning/api/CalendarApi/"}},"myprofile":{"profileData":{"baseUrl":"/Core/Core/api/ProfileData/","removePersonImage":"/Core/Core/api/ProfileData/RemovePersonImage","getInstalledPillars":"/Core/Core/api/ProfileData/GetInstalledPillars","actOnPendingApproval":"/Core/Core/api/ProfileData/ActOnPendingApproval","pendingApprovalSecurityCheck":"/Core/Core/api/ProfileData/PendingApprovalSecurityCheck","isGuestUser":"/Core/Core/api/ProfileData/IsGuestUser"}}});

      var modulesPath = '/Core/dist/app/modules';
      staticData = _.merge(root.tempStaticData, {
        versionNumber:  'ElixHR_18.3.0.0_2018.8.7.1',
        majorVersionNumber: '18.3',
        identity: _.cloneDeep(root.tempStaticData.Identity),
        culture: _.cloneDeep(root.tempStaticData.Culture),
        learningCatalog: _.cloneDeep(root.tempStaticData.LearningCatalog),
        userID: '0B2C41BD84D9677058BDB058FB29D1CB',
        guestAccount: '0',
        userTimezone: 'Europe/Zurich',
        debugEnabled: root.tempStaticData.debugEnabled,
        scriptPath: scriptPath,
        currentTheme: null,
        photoUrl: scriptPath + photoPath,
        fileUrl: scriptPath + filePath,
        communityFileUrl: scriptPath + socialFilesPath,
        customHelpFileUrl: scriptPath + customHelpFilesPath,
        isAuditEnabled: isAuditEnabled,
        framesPath: {
          themePreview: '/Core/PublicAccess/ThemePreview',
          componentsPreview: '/Core/PublicAccess/ComponentsPreview'
        },
        appPath: '/Core/app',
        rootPathFolder: htmlRootPath,
        tenantKey: tenantKey,
        apiPaths: apiPaths,
        dashboardPerms: {"CanPersonalizeDashboards":true,"CanEditDashboards":true,"CanAddDashboards":true,"CanDeleteDashboards":true,"CanAccessThemeEditor":true},
        safeOrigin: /(sumtotalsystems\.com|cl12sales\.sumtotaldevelopment\.net|supp-bi-master\.sumtotaldemo\.net|cl-ugm12a)$/i,
        webPartDefinitionCategories: {"Hash":"-246538080","Categories":[{"Category":{"Id":5,"Name":"Common","CategoryKey":"WebPartDefinition_Common","Description":"Common","ParentId":1,"OrdinalPosition":null},"Definitions":[{"WebPartDefinitionKey":"Common_SumtIFrameWebPart","Title":"iFrame","Description":"Enables users to configure a URL to display within the widget.","SubTitle":"IFrame Widget","WebPartIconName":null,"WidgetNotificationMode":0,"WidgetDeeplinkUrlText":null,"CategoryName":"Common","IsWebPartEnabled":true,"TypeName":"SumTotal.SPPortal.WebParts.Core.Common.SumtIFrameWebPart.SumtIFrameWebPart, SumTotal.SPPortal.WebParts, Version=1.0.0.0, Culture=neutral, PublicKeyToken=6b7f90fbd13cce01","WebPartServiceAgentInterfaceTypeName":null,"WebPartDefinitionXml":null,"HideWebPartHeader":false,"HideWebPartFooter":true,"IsFreeFlowing":false,"PillarKey":null,"ChromeStyle":7,"ParameterJSON":"{\"HeaderLinkIcon\": \"\", \"IsCustomEditor\": false, \"PreviewType\" : \"iframe\", \"iFrameUrl\": \"http://www.google.com\"}","TemplatePath":"app/modules/dashboard/views/webparts/widgetIFrame.html","IsSystemLocked":false,"Category":{"Id":5,"Name":"Common","CategoryKey":"WebPartDefinition_Common","Description":"Common","ParentId":1,"OrdinalPosition":null},"Id":3},{"WebPartDefinitionKey":"About_Me","Title":"About Me","Description":"Displays key profile information about the employee.","SubTitle":"Photo, email and employment information","WebPartIconName":null,"WidgetNotificationMode":0,"WidgetDeeplinkUrlText":"View my profile","CategoryName":"Common","IsWebPartEnabled":true,"TypeName":"SumTotal.SPPortal.WebParts.Core.MySelf.AboutMe.AboutMe, SumTotal.SPPortal.WebParts, Version=1.0.0.0, Culture=neutral, PublicKeyToken=6b7f90fbd13cce01","WebPartServiceAgentInterfaceTypeName":null,"WebPartDefinitionXml":null,"HideWebPartHeader":true,"HideWebPartFooter":true,"IsFreeFlowing":false,"PillarKey":null,"ChromeStyle":7,"ParameterJSON":"{\"HeaderLinkIcon\": \"\", \"IsCustomEditor\": false, \"PreviewType\" : \"aboutme\"}","TemplatePath":"app/modules/dashboard/views/webparts/widgetAboutMe.html","IsSystemLocked":false,"Category":{"Id":5,"Name":"Common","CategoryKey":"WebPartDefinition_Common","Description":"Common","ParentId":1,"OrdinalPosition":null},"Id":43},{"WebPartDefinitionKey":"Common_ContentEditor","Title":"Content Editor","Description":"Enables users to add custom HTML to a dashboard.","SubTitle":"Content Editor Widget","WebPartIconName":null,"WidgetNotificationMode":0,"WidgetDeeplinkUrlText":null,"CategoryName":"Common","IsWebPartEnabled":true,"TypeName":null,"WebPartServiceAgentInterfaceTypeName":null,"WebPartDefinitionXml":null,"HideWebPartHeader":false,"HideWebPartFooter":true,"IsFreeFlowing":false,"PillarKey":null,"ChromeStyle":7,"ParameterJSON":"{\"HeaderLinkIcon\": \"\", \"IsCustomEditor\": true, \"PreviewType\" : \"iframe\"}","TemplatePath":"app/modules/dashboard/views/webparts/widgetContentEditor.html","IsSystemLocked":false,"Category":{"Id":5,"Name":"Common","CategoryKey":"WebPartDefinition_Common","Description":"Common","ParentId":1,"OrdinalPosition":null},"Id":60},{"WebPartDefinitionKey":"Timeline","Title":"Timeline","Description":"Displays tasks, approvals, and other updates in a timeline view.","SubTitle":"Activity timeline","WebPartIconName":null,"WidgetNotificationMode":0,"WidgetDeeplinkUrlText":null,"CategoryName":"Common","IsWebPartEnabled":true,"TypeName":null,"WebPartServiceAgentInterfaceTypeName":null,"WebPartDefinitionXml":null,"HideWebPartHeader":false,"HideWebPartFooter":false,"IsFreeFlowing":false,"PillarKey":null,"ChromeStyle":7,"ParameterJSON":"{\"HeaderLinkIcon\": \"\", \"IsCustomEditor\": false, \"PreviewType\" : \"timeline\"}","TemplatePath":"app/modules/dashboard/views/webparts/widgetTimeline.html","IsSystemLocked":false,"Category":{"Id":5,"Name":"Common","CategoryKey":"WebPartDefinition_Common","Description":"Common","ParentId":1,"OrdinalPosition":null},"Id":61},{"WebPartDefinitionKey":"Key_Measures","Title":"Key Measures","Description":"Displays key performance measures for a user.","SubTitle":"Key Measures","WebPartIconName":null,"WidgetNotificationMode":0,"WidgetDeeplinkUrlText":null,"CategoryName":"Common","IsWebPartEnabled":true,"TypeName":null,"WebPartServiceAgentInterfaceTypeName":null,"WebPartDefinitionXml":null,"HideWebPartHeader":false,"HideWebPartFooter":true,"IsFreeFlowing":false,"PillarKey":null,"ChromeStyle":7,"ParameterJSON":"{\"HeaderLinkIcon\": \"\", \"IsCustomEditor\": false, \"PreviewType\" : \"claw\"}","TemplatePath":"app/modules/dashboard/views/webparts/widgetKeyMeasures.html","IsSystemLocked":false,"Category":{"Id":5,"Name":"Common","CategoryKey":"WebPartDefinition_Common","Description":"Common","ParentId":1,"OrdinalPosition":null},"Id":62},{"WebPartDefinitionKey":"Direct_Reports","Title":"Direct Reports","Description":"Listing of your direct reports.","SubTitle":"Direct Reports","WebPartIconName":null,"WidgetNotificationMode":0,"WidgetDeeplinkUrlText":null,"CategoryName":"Common","IsWebPartEnabled":true,"TypeName":null,"WebPartServiceAgentInterfaceTypeName":null,"WebPartDefinitionXml":null,"HideWebPartHeader":false,"HideWebPartFooter":true,"IsFreeFlowing":false,"PillarKey":null,"ChromeStyle":7,"ParameterJSON":"{\"HeaderLinkIcon\": \"DirectReports\", \"IsCustomEditor\": false, \"PreviewType\" : \"table\"}","TemplatePath":"app/modules/dashboard/views/webparts/widgetDirectReports.html","IsSystemLocked":false,"Category":{"Id":5,"Name":"Common","CategoryKey":"WebPartDefinition_Common","Description":"Common","ParentId":1,"OrdinalPosition":null},"Id":63},{"WebPartDefinitionKey":"My_Development_Plan","Title":"My Development Plan","Description":"Displays a user's Development Plan","SubTitle":"My Development Plan","WebPartIconName":null,"WidgetNotificationMode":0,"WidgetDeeplinkUrlText":null,"CategoryName":"Common","IsWebPartEnabled":true,"TypeName":null,"WebPartServiceAgentInterfaceTypeName":null,"WebPartDefinitionXml":null,"HideWebPartHeader":false,"HideWebPartFooter":true,"IsFreeFlowing":false,"PillarKey":null,"ChromeStyle":7,"ParameterJSON":"{\"HeaderLinkIcon\": \"\", \"IsCustomEditor\": false, \"PreviewType\" : \"table\"}","TemplatePath":"app/modules/dashboard/views/webparts/widgetDevelopmentPlan.html","IsSystemLocked":false,"Category":{"Id":5,"Name":"Common","CategoryKey":"WebPartDefinition_Common","Description":"Common","ParentId":1,"OrdinalPosition":null},"Id":90},{"WebPartDefinitionKey":"LeaderBoardDisplay","Title":"Leaderboard Display","Description":"Displays users, ranked by their current Gamification score.","SubTitle":"LeaderBoard Display","WebPartIconName":null,"WidgetNotificationMode":0,"WidgetDeeplinkUrlText":null,"CategoryName":"Common","IsWebPartEnabled":true,"TypeName":null,"WebPartServiceAgentInterfaceTypeName":null,"WebPartDefinitionXml":null,"HideWebPartHeader":false,"HideWebPartFooter":false,"IsFreeFlowing":false,"PillarKey":null,"ChromeStyle":7,"ParameterJSON":"{\"HeaderLinkIcon\": \"\", \"IsCustomEditor\": false, \"PreviewType\" : \"leaderboard\"}","TemplatePath":"app/modules/core/views/gamification/leaderBoard.html","IsSystemLocked":false,"Category":{"Id":5,"Name":"Common","CategoryKey":"WebPartDefinition_Common","Description":"Common","ParentId":1,"OrdinalPosition":null},"Id":97}]},{"Category":{"Id":8,"Name":"Learning","CategoryKey":"WebPartDefinition_Learning","Description":"Learning","ParentId":1,"OrdinalPosition":null},"Definitions":[{"WebPartDefinitionKey":"LM_MyMessages","Title":"My Messages","Description":"Highlights the five most recent unread learning  notifications.","SubTitle":"Recent messages I have received","WebPartIconName":null,"WidgetNotificationMode":1,"WidgetDeeplinkUrlText":"View All Messages","CategoryName":"Learning","IsWebPartEnabled":true,"TypeName":"SumTotal.SPPortal.WebParts.Core.Learning.MyMessages.MyMessages, SumTotal.SPPortal.WebParts, Version=1.0.0.0, Culture=neutral, PublicKeyToken=6b7f90fbd13cce01","WebPartServiceAgentInterfaceTypeName":"ILMWebPartContractAsync","WebPartDefinitionXml":null,"HideWebPartHeader":false,"HideWebPartFooter":true,"IsFreeFlowing":false,"PillarKey":"LM","ChromeStyle":7,"ParameterJSON":"{\"HeaderLinkIcon\": \"\", \"IsCustomEditor\": false, \"MessagesConfig\":{ \"MessageCount\":\"count\", \"MessageData\":[\"date\", \"subject\", \"url\"]}, \"PreviewType\":\"messages\"}","TemplatePath":"app/modules/dashboard/views/webparts/widgetMyMessages.html","IsSystemLocked":false,"Category":{"Id":8,"Name":"Learning","CategoryKey":"WebPartDefinition_Learning","Description":"Learning","ParentId":1,"OrdinalPosition":null},"Id":4},{"WebPartDefinitionKey":"LM_UpcomingTraining","Title":"Upcoming Training","Description":"Shows the next scheduled learning activity the user is enrolled in. Includes options for reviewing summary details.","SubTitle":"Activities","WebPartIconName":null,"WidgetNotificationMode":1,"WidgetDeeplinkUrlText":"View All Upcoming Training","CategoryName":"Learning","IsWebPartEnabled":true,"TypeName":"SumTotal.SPPortal.WebParts.Core.Learning.UpcomingTraining.UpcomingTraining, SumTotal.SPPortal.WebParts, Version=1.0.0.0, Culture=neutral, PublicKeyToken=6b7f90fbd13cce01","WebPartServiceAgentInterfaceTypeName":"ILMWebPartContractAsync","WebPartDefinitionXml":null,"HideWebPartHeader":false,"HideWebPartFooter":true,"IsFreeFlowing":false,"PillarKey":"LM","ChromeStyle":7,"ParameterJSON":"{\"HeaderLinkIcon\": \"\", \"IsCustomEditor\": false, \"PreviewType\" : \"table\"}","TemplatePath":"app/modules/dashboard/views/webparts/widgetUpcomingTraining.html","IsSystemLocked":false,"Category":{"Id":8,"Name":"Learning","CategoryKey":"WebPartDefinition_Learning","Description":"Learning","ParentId":1,"OrdinalPosition":null},"Id":6},{"WebPartDefinitionKey":"LM_TopRatedContent","Title":"Top Rated Content","Description":"Displays the five highest rated learning activities available to the user.","SubTitle":"Top rated learning activities","WebPartIconName":null,"WidgetNotificationMode":1,"WidgetDeeplinkUrlText":"View All Top Rated Content","CategoryName":"Learning","IsWebPartEnabled":true,"TypeName":"SumTotal.SPPortal.WebParts.Core.Learning.TopRatedContent.TopRatedContent, SumTotal.SPPortal.WebParts, Version=1.0.0.0, Culture=neutral, PublicKeyToken=6b7f90fbd13cce01","WebPartServiceAgentInterfaceTypeName":"ILMWebPartContractAsync","WebPartDefinitionXml":null,"HideWebPartHeader":false,"HideWebPartFooter":true,"IsFreeFlowing":false,"PillarKey":"LM","ChromeStyle":7,"ParameterJSON":"{\"HeaderLinkIcon\": \"\", \"IsCustomEditor\": false, \"PreviewType\" : \"table\"}","TemplatePath":"app/modules/dashboard/views/webparts/widgetTopRatedContent.html","IsSystemLocked":false,"Category":{"Id":8,"Name":"Learning","CategoryKey":"WebPartDefinition_Learning","Description":"Learning","ParentId":1,"OrdinalPosition":null},"Id":7},{"WebPartDefinitionKey":"LM_CompletedCertification","Title":"Completed Certifications","Description":"Highlights the user's completed certifications and supports deeplinking to the Activities Detail for each item within the list.","SubTitle":"Activities","WebPartIconName":null,"WidgetNotificationMode":1,"WidgetDeeplinkUrlText":"View All Completed Certifications","CategoryName":"Learning","IsWebPartEnabled":true,"TypeName":"SumTotal.SPPortal.WebParts.Core.Learning.CompletedCertifications.CompletedCertifications, SumTotal.SPPortal.WebParts, Version=1.0.0.0, Culture=neutral, PublicKeyToken=6b7f90fbd13cce01","WebPartServiceAgentInterfaceTypeName":"ILMWebPartContractAsync","WebPartDefinitionXml":null,"HideWebPartHeader":false,"HideWebPartFooter":true,"IsFreeFlowing":false,"PillarKey":"LM","ChromeStyle":7,"ParameterJSON":"{\"HeaderLinkIcon\": \"\", \"IsCustomEditor\": false, \"PreviewType\" : \"table\"}","TemplatePath":"app/modules/dashboard/views/webparts/widgetCompletedCertifications.html","IsSystemLocked":false,"Category":{"Id":8,"Name":"Learning","CategoryKey":"WebPartDefinition_Learning","Description":"Learning","ParentId":1,"OrdinalPosition":null},"Id":8},{"WebPartDefinitionKey":"LM_ExceptionReport","Title":"Exception Report","Description":"Highlights assigned training exceptions (overdue, expired and incomplete) for the user's direct reports.","SubTitle":"Last Updated:","WebPartIconName":null,"WidgetNotificationMode":0,"WidgetDeeplinkUrlText":"View Detailed Exception Report","CategoryName":"Learning","IsWebPartEnabled":true,"TypeName":"SumTotal.SPPortal.WebParts.Core.Learning.ExceptionReport.ExceptionReport, SumTotal.SPPortal.WebParts, Version=1.0.0.0, Culture=neutral, PublicKeyToken=6b7f90fbd13cce01","WebPartServiceAgentInterfaceTypeName":"ILMWebPartContractAsync","WebPartDefinitionXml":null,"HideWebPartHeader":false,"HideWebPartFooter":true,"IsFreeFlowing":false,"PillarKey":"LM","ChromeStyle":7,"ParameterJSON":"{\"HeaderLinkIcon\": \"\", \"IsCustomEditor\": false, \"PreviewType\" : \"donutChart\"}","TemplatePath":"app/modules/dashboard/views/webparts/widgetExceptionReport.html","IsSystemLocked":false,"Category":{"Id":8,"Name":"Learning","CategoryKey":"WebPartDefinition_Learning","Description":"Learning","ParentId":1,"OrdinalPosition":null},"Id":10},{"WebPartDefinitionKey":"LM_MyFavourites","Title":"Favorites","Description":"Supports quick access to content marked as a favorite by the user.","SubTitle":"Activities, Categories, Collaboration Centers","WebPartIconName":null,"WidgetNotificationMode":1,"WidgetDeeplinkUrlText":"More...","CategoryName":"Learning","IsWebPartEnabled":true,"TypeName":"SumTotal.SPPortal.WebParts.Core.Learning.Favorites.Favorites, SumTotal.SPPortal.WebParts, Version=1.0.0.0, Culture=neutral, PublicKeyToken=6b7f90fbd13cce01","WebPartServiceAgentInterfaceTypeName":"ILMWebPartContractAsync","WebPartDefinitionXml":null,"HideWebPartHeader":false,"HideWebPartFooter":true,"IsFreeFlowing":false,"PillarKey":"LM","ChromeStyle":7,"ParameterJSON":"{\"HeaderLinkIcon\": \"\", \"IsCustomEditor\": false, \"PreviewType\" : \"table\"}","TemplatePath":"app/modules/dashboard/views/webparts/widgetFavorites.html","IsSystemLocked":false,"Category":{"Id":8,"Name":"Learning","CategoryKey":"WebPartDefinition_Learning","Description":"Learning","ParentId":1,"OrdinalPosition":null},"Id":12},{"WebPartDefinitionKey":"LM_LearnerAssignment","Title":"Learning Assignments","Description":"Provides quick access to the user's current learning assignments.","SubTitle":"Assignments and duties awaiting completion","WebPartIconName":null,"WidgetNotificationMode":1,"WidgetDeeplinkUrlText":"View All Assignments","CategoryName":"Learning","IsWebPartEnabled":true,"TypeName":"SumTotal.SPPortal.WebParts.Core.Learning.LearningAssignments.LearningAssignments, SumTotal.SPPortal.WebParts, Version=1.0.0.0, Culture=neutral, PublicKeyToken=6b7f90fbd13cce01","WebPartServiceAgentInterfaceTypeName":"ILMWebPartContractAsync","WebPartDefinitionXml":null,"HideWebPartHeader":false,"HideWebPartFooter":true,"IsFreeFlowing":false,"PillarKey":"LM","ChromeStyle":7,"ParameterJSON":"{\"HeaderLinkIcon\": \"\", \"IsCustomEditor\": false, \"PreviewType\" : \"table\"}","TemplatePath":"app/modules/dashboard/views/webparts/widgetLearningAssignments.html","IsSystemLocked":false,"Category":{"Id":8,"Name":"Learning","CategoryKey":"WebPartDefinition_Learning","Description":"Learning","ParentId":1,"OrdinalPosition":null},"Id":14},{"WebPartDefinitionKey":"LM_ExceptionReport_Others","Title":"Exception Report (Others)","Description":"Status of activities assigned to direct reports and managed users. Supports deep linking to Manager Exception page.","SubTitle":"Last Updated:","WebPartIconName":null,"WidgetNotificationMode":0,"WidgetDeeplinkUrlText":"View Detailed Exception Report","CategoryName":"Learning","IsWebPartEnabled":true,"TypeName":"SumTotal.SPPortal.WebParts.Core.Learning.ExceptionReport.ExceptionReport, SumTotal.SPPortal.WebParts, Version=1.0.0.0, Culture=neutral, PublicKeyToken=6b7f90fbd13cce01","WebPartServiceAgentInterfaceTypeName":"ILMWebPartContractAsync","WebPartDefinitionXml":null,"HideWebPartHeader":false,"HideWebPartFooter":true,"IsFreeFlowing":false,"PillarKey":"LM","ChromeStyle":7,"ParameterJSON":"{\"HeaderLinkIcon\": \"\", \"IsCustomEditor\": false, \"PreviewType\" : \"donutChart\"}","TemplatePath":"app/modules/dashboard/views/webparts/widgetExceptionReportOthers.html","IsSystemLocked":false,"Category":{"Id":8,"Name":"Learning","CategoryKey":"WebPartDefinition_Learning","Description":"Learning","ParentId":1,"OrdinalPosition":null},"Id":58},{"WebPartDefinitionKey":"LM_TeachingActivities","Title":"My Instructor Schedule","Description":"Provides instructors with quick access to their current and upcoming training items.","SubTitle":"Widget My Instructor Schedule Activities","WebPartIconName":null,"WidgetNotificationMode":0,"WidgetDeeplinkUrlText":"View All My Instructor Schedule","CategoryName":"Learning","IsWebPartEnabled":true,"TypeName":null,"WebPartServiceAgentInterfaceTypeName":"ILMWebPartContractAsync","WebPartDefinitionXml":null,"HideWebPartHeader":false,"HideWebPartFooter":true,"IsFreeFlowing":false,"PillarKey":"LM","ChromeStyle":7,"ParameterJSON":"{\"HeaderLinkIcon\": \"\", \"IsCustomEditor\": false, \"PreviewType\" : \"table\"}","TemplatePath":"app/modules/dashboard/views/webparts/WidgetTeachingActivities.html","IsSystemLocked":false,"Category":{"Id":8,"Name":"Learning","CategoryKey":"WebPartDefinition_Learning","Description":"Learning","ParentId":1,"OrdinalPosition":null},"Id":64},{"WebPartDefinitionKey":"LM_RecentlyLaunched","Title":"Recently Launched","Description":"Provides user with quick access to the most recently launched non-completed training item.","SubTitle":"Recently Launched","WebPartIconName":null,"WidgetNotificationMode":0,"WidgetDeeplinkUrlText":"View All Recently Launch Activity","CategoryName":"Learning","IsWebPartEnabled":true,"TypeName":"SumTotal.SPPortal.WebParts.Core.Learning.RecentlyLaunched.RecentlyLaunched, SumTotal.SPPortal.WebParts, Version=1.0.0.0, Culture=neutral, PublicKeyToken=6b7f90fbd13cce01","WebPartServiceAgentInterfaceTypeName":"ILMWebPartContractAsync","WebPartDefinitionXml":null,"HideWebPartHeader":false,"HideWebPartFooter":true,"IsFreeFlowing":false,"PillarKey":"LM","ChromeStyle":7,"ParameterJSON":"{\"HeaderLinkIcon\": \"\", \"IsCustomEditor\": false, \"PreviewType\" : \"table\"}","TemplatePath":"app/modules/dashboard/views/webparts/widgetRecentlyLaunched.html","IsSystemLocked":false,"Category":{"Id":8,"Name":"Learning","CategoryKey":"WebPartDefinition_Learning","Description":"Learning","ParentId":1,"OrdinalPosition":null},"Id":65},{"WebPartDefinitionKey":"LM_ProxyRelations","Title":"Proxy Relations","Description":"Allows the user to have quick access to a list of users whom they can act as a proxy for.","SubTitle":"Proxy Relations","WebPartIconName":null,"WidgetNotificationMode":1,"WidgetDeeplinkUrlText":"View All","CategoryName":"Learning","IsWebPartEnabled":true,"TypeName":"SumTotal.SPPortal.WebParts.Core.Learning.ProxyRelations.ProxyRelations, SumTotal.SPPortal.WebParts, Version=1.0.0.0, Culture=neutral, PublicKeyToken=6b7f90fbd13cce01","WebPartServiceAgentInterfaceTypeName":"ILMWebPartContractAsync","WebPartDefinitionXml":null,"HideWebPartHeader":false,"HideWebPartFooter":true,"IsFreeFlowing":false,"PillarKey":"LM","ChromeStyle":7,"ParameterJSON":"{\"HeaderLinkIcon\": \"\", \"IsCustomEditor\": false, \"PreviewType\" : \"table\"}","TemplatePath":"app/modules/dashboard/views/webparts/widgetProxyRelations.html","IsSystemLocked":false,"Category":{"Id":8,"Name":"Learning","CategoryKey":"WebPartDefinition_Learning","Description":"Learning","ParentId":1,"OrdinalPosition":null},"Id":66},{"WebPartDefinitionKey":"LM_MyLearning","Title":"My Learning","Description":"Provides user with graphical summary of their assigned training compliance status.","SubTitle":null,"WebPartIconName":null,"WidgetNotificationMode":0,"WidgetDeeplinkUrlText":null,"CategoryName":"Learning","IsWebPartEnabled":true,"TypeName":"SumTotal.SPPortal.WebParts.Core.Learning.MyLearning.MyLearning, SumTotal.SPPortal.WebParts, Version=1.0.0.0, Culture=neutral, PublicKeyToken=6b7f90fbd13cce01","WebPartServiceAgentInterfaceTypeName":"ILMWebPartContractAsync","WebPartDefinitionXml":null,"HideWebPartHeader":false,"HideWebPartFooter":true,"IsFreeFlowing":false,"PillarKey":"LM","ChromeStyle":7,"ParameterJSON":"{\"HeaderLinkIcon\": \"\", \"IsCustomEditor\": false, \"PreviewType\" : \"html\"}","TemplatePath":"app/modules/dashboard/views/webparts/widgetMyLearning.html","IsSystemLocked":false,"Category":{"Id":8,"Name":"Learning","CategoryKey":"WebPartDefinition_Learning","Description":"Learning","ParentId":1,"OrdinalPosition":null},"Id":67},{"WebPartDefinitionKey":"LM_LearningTasks","Title":"Learning Tasks","Description":"Displays the user's pending tasks.","SubTitle":"Learning Tasks","WebPartIconName":null,"WidgetNotificationMode":0,"WidgetDeeplinkUrlText":null,"CategoryName":"Learning","IsWebPartEnabled":true,"TypeName":"SSumTotal.SPPortal.WebParts.Core.Learning.LearningTasks.LearningTasks, SumTotal.SPPortal.WebParts, Version=1.0.0.0, Culture=neutral, PublicKeyToken=6b7f90fbd13cce01","WebPartServiceAgentInterfaceTypeName":"ILMWebPartContractAsync","WebPartDefinitionXml":null,"HideWebPartHeader":false,"HideWebPartFooter":true,"IsFreeFlowing":false,"PillarKey":"LM","ChromeStyle":7,"ParameterJSON":"{\"HeaderLinkIcon\": \"\", \"IsCustomEditor\": false, \"PreviewType\" : \"table\"}","TemplatePath":"app/modules/dashboard/views/webparts/widgetLearningTasks.html","IsSystemLocked":false,"Category":{"Id":8,"Name":"Learning","CategoryKey":"WebPartDefinition_Learning","Description":"Learning","ParentId":1,"OrdinalPosition":null},"Id":68},{"WebPartDefinitionKey":"LM_QuickLinks","Title":"Quick Links","Description":"Displays the Quick Links for Training Transcript, Training Schedule and Training Analysis.","SubTitle":"Quick Links for Training","WebPartIconName":null,"WidgetNotificationMode":0,"WidgetDeeplinkUrlText":null,"CategoryName":"Learning","IsWebPartEnabled":true,"TypeName":"SumTotal.SPPortal.WebParts.Core.Learning.QuickLinks.QuickLinks, SumTotal.SPPortal.WebParts, Version=1.0.0.0, Culture=neutral, PublicKeyToken=6b7f90fbd13cce01","WebPartServiceAgentInterfaceTypeName":"ILMWebPartContractAsync","WebPartDefinitionXml":null,"HideWebPartHeader":false,"HideWebPartFooter":true,"IsFreeFlowing":false,"PillarKey":"LM","ChromeStyle":7,"ParameterJSON":"{\"HeaderLinkIcon\": \"\", \"IsCustomEditor\": false, \"PreviewType\" : \"table\"}","TemplatePath":"app/modules/dashboard/views/webparts/widgetQuickLinks.html","IsSystemLocked":false,"Category":{"Id":8,"Name":"Learning","CategoryKey":"WebPartDefinition_Learning","Description":"Learning","ParentId":1,"OrdinalPosition":null},"Id":69},{"WebPartDefinitionKey":"LM_Recommendation","Title":"Recommended Courses","Description":"Displays recommended learning based on your interests, your required skills, and suggestions from others in your organization.","SubTitle":null,"WebPartIconName":null,"WidgetNotificationMode":0,"WidgetDeeplinkUrlText":null,"CategoryName":"Learning","IsWebPartEnabled":true,"TypeName":null,"WebPartServiceAgentInterfaceTypeName":null,"WebPartDefinitionXml":null,"HideWebPartHeader":false,"HideWebPartFooter":true,"IsFreeFlowing":false,"PillarKey":"LM","ChromeStyle":7,"ParameterJSON":"{\"HeaderLinkIcon\": \"\", \"IsCustomEditor\": false, \"PreviewType\" : \"table\"}","TemplatePath":"app/modules/dashboard/views/webparts/widgetRecommendation.html","IsSystemLocked":false,"Category":{"Id":8,"Name":"Learning","CategoryKey":"WebPartDefinition_Learning","Description":"Learning","ParentId":1,"OrdinalPosition":null},"Id":70},{"WebPartDefinitionKey":"LM_PromotedActivities","Title":"Promoted Activities","Description":"Displays the Promoted Activities","SubTitle":null,"WebPartIconName":null,"WidgetNotificationMode":0,"WidgetDeeplinkUrlText":null,"CategoryName":"Learning","IsWebPartEnabled":true,"TypeName":"SumTotal.SPPortal.WebParts.Core.Learning.PromotedActivities.PromotedActivities, SumTotal.SPPortal.WebParts, Version=1.0.0.0, Culture=neutral, PublicKeyToken=6b7f90fbd13cce01","WebPartServiceAgentInterfaceTypeName":"ILMWebPartContractAsync","WebPartDefinitionXml":null,"HideWebPartHeader":false,"HideWebPartFooter":false,"IsFreeFlowing":false,"PillarKey":"LM","ChromeStyle":7,"ParameterJSON":"{\"HeaderLinkIcon\": \"\", \"IsCustomEditor\": false, \"PreviewType\" : \"configTextField\", \"Config\":{\"Name\":\"LearningActivityCodes\",\"Value\":\"\"}}","TemplatePath":"app/modules/dashboard/views/webparts/widgetPromotedActivities.html","IsSystemLocked":false,"Category":{"Id":8,"Name":"Learning","CategoryKey":"WebPartDefinition_Learning","Description":"Learning","ParentId":1,"OrdinalPosition":null},"Id":79},{"WebPartDefinitionKey":"LM_Categories","Title":"Browse By Topic","Description":"Display all topics, can browse activities through selected topic.","SubTitle":"Browse By Topic","WebPartIconName":null,"WidgetNotificationMode":0,"WidgetDeeplinkUrlText":"View All Categories","CategoryName":"Learning","IsWebPartEnabled":true,"TypeName":null,"WebPartServiceAgentInterfaceTypeName":"ILMWebPartContractAsync","WebPartDefinitionXml":null,"HideWebPartHeader":false,"HideWebPartFooter":false,"IsFreeFlowing":false,"PillarKey":"LM","ChromeStyle":7,"ParameterJSON":"{\"HeaderLinkIcon\": \"\", \"IsCustomEditor\": false, \"PreviewType\" : \"table\"}","TemplatePath":"app/modules/dashboard/views/webparts/widgetCatalogBrowseByCategory.html","IsSystemLocked":false,"Category":{"Id":8,"Name":"Learning","CategoryKey":"WebPartDefinition_Learning","Description":"Learning","ParentId":1,"OrdinalPosition":null},"Id":80},{"WebPartDefinitionKey":"LM_ActivityTypes","Title":"Browse By Activity Type","Description":"Display all Activity Types, can browse activities through selected Activity Type.","SubTitle":"Browse By Activity Type","WebPartIconName":null,"WidgetNotificationMode":0,"WidgetDeeplinkUrlText":"View All Activity Types","CategoryName":"Learning","IsWebPartEnabled":true,"TypeName":null,"WebPartServiceAgentInterfaceTypeName":"ILMWebPartContractAsync","WebPartDefinitionXml":null,"HideWebPartHeader":false,"HideWebPartFooter":false,"IsFreeFlowing":false,"PillarKey":"LM","ChromeStyle":7,"ParameterJSON":"{\"HeaderLinkIcon\": \"\", \"IsCustomEditor\": false, \"PreviewType\" : \"table\"}","TemplatePath":"app/modules/dashboard/views/webparts/widgetCatalogBrowseByActivityType.html","IsSystemLocked":false,"Category":{"Id":8,"Name":"Learning","CategoryKey":"WebPartDefinition_Learning","Description":"Learning","ParentId":1,"OrdinalPosition":null},"Id":81},{"WebPartDefinitionKey":"LM_PromotedCategories","Title":"Promoted Topics","Description":"Displays selected topics. Users can browse activities through selected topics.","SubTitle":"Promoted Topics","WebPartIconName":null,"WidgetNotificationMode":0,"WidgetDeeplinkUrlText":"View All Topics","CategoryName":"Learning","IsWebPartEnabled":true,"TypeName":null,"WebPartServiceAgentInterfaceTypeName":"ILMWebPartContractAsync","WebPartDefinitionXml":null,"HideWebPartHeader":false,"HideWebPartFooter":false,"IsFreeFlowing":false,"PillarKey":"LM","ChromeStyle":7,"ParameterJSON":"{\"HeaderLinkIcon\": \"\", \"IsCustomEditor\": false, \"PreviewType\" : \"table\"}","TemplatePath":"app/modules/dashboard/views/webparts/widgetPromotedCategories.html","IsSystemLocked":false,"Category":{"Id":8,"Name":"Learning","CategoryKey":"WebPartDefinition_Learning","Description":"Learning","ParentId":1,"OrdinalPosition":null},"Id":82},{"WebPartDefinitionKey":"LM_Calendar","Title":"My Learning Schedule","Description":"Highlights schedule information in calendar.","SubTitle":null,"WebPartIconName":null,"WidgetNotificationMode":0,"WidgetDeeplinkUrlText":null,"CategoryName":"Learning","IsWebPartEnabled":true,"TypeName":"SumTotal.SPPortal.WebParts.Core.Learning.Calendar.Calendar, SumTotal.SPPortal.WebParts, Version=1.0.0.0, Culture=neutral, PublicKeyToken=6b7f90fbd13cce01","WebPartServiceAgentInterfaceTypeName":null,"WebPartDefinitionXml":null,"HideWebPartHeader":false,"HideWebPartFooter":true,"IsFreeFlowing":false,"PillarKey":"LM","ChromeStyle":7,"ParameterJSON":"{\"HeaderLinkIcon\": \"\", \"IsCustomEditor\": false, \"PreviewType\" : \"html\"}","TemplatePath":"app/modules/dashboard/views/webparts/widgetCalendar.html","IsSystemLocked":false,"Category":{"Id":8,"Name":"Learning","CategoryKey":"WebPartDefinition_Learning","Description":"Learning","ParentId":1,"OrdinalPosition":null},"Id":83},{"WebPartDefinitionKey":"LM_News","Title":"News","Description":"Displays the latest news.","SubTitle":"News","WebPartIconName":null,"WidgetNotificationMode":0,"WidgetDeeplinkUrlText":null,"CategoryName":"Learning","IsWebPartEnabled":true,"TypeName":null,"WebPartServiceAgentInterfaceTypeName":null,"WebPartDefinitionXml":null,"HideWebPartHeader":false,"HideWebPartFooter":false,"IsFreeFlowing":false,"PillarKey":"LM","ChromeStyle":7,"ParameterJSON":"{\"HeaderLinkIcon\": \"\", \"IsCustomEditor\": false, \"PreviewType\" : \"table\"}","TemplatePath":"app/modules/dashboard/views/webparts/widgetNews.html","IsSystemLocked":false,"Category":{"Id":8,"Name":"Learning","CategoryKey":"WebPartDefinition_Learning","Description":"Learning","ParentId":1,"OrdinalPosition":null},"Id":85},{"WebPartDefinitionKey":"LM_RecentPurchasedActivities","Title":"Recently Purchased Activities","Description":"Provides user with quick access to the five most recently purchased  activities.","SubTitle":"Recent purchases I have made","WebPartIconName":null,"WidgetNotificationMode":0,"WidgetDeeplinkUrlText":null,"CategoryName":"Learning","IsWebPartEnabled":true,"TypeName":null,"WebPartServiceAgentInterfaceTypeName":"ILMWebPartContractAsync","WebPartDefinitionXml":null,"HideWebPartHeader":false,"HideWebPartFooter":false,"IsFreeFlowing":false,"PillarKey":"LM","ChromeStyle":7,"ParameterJSON":"{\"HeaderLinkIcon\": \"\", \"IsCustomEditor\": false, \"PreviewType\" : \"table\"}","TemplatePath":"app/modules/dashboard/views/webparts/widgetLearningRecentlyPurchasedActivities.html","IsSystemLocked":false,"Category":{"Id":8,"Name":"Learning","CategoryKey":"WebPartDefinition_Learning","Description":"Learning","ParentId":1,"OrdinalPosition":null},"Id":87},{"WebPartDefinitionKey":"LM_ConfigurableWidget","Title":"Configurable Widget","Description":"Displays configured widget data","SubTitle":null,"WebPartIconName":null,"WidgetNotificationMode":0,"WidgetDeeplinkUrlText":null,"CategoryName":"Learning","IsWebPartEnabled":true,"TypeName":null,"WebPartServiceAgentInterfaceTypeName":"ILMWebPartContractAsync","WebPartDefinitionXml":null,"HideWebPartHeader":false,"HideWebPartFooter":false,"IsFreeFlowing":false,"PillarKey":"LM","ChromeStyle":7,"ParameterJSON":"{\"HeaderLinkIcon\": \"\", \"IsCustomEditor\": false, \"PreviewType\" : \"configCarouselDropDown\", \"Config\":{\"Name\":\"ConfigurableCarouselWidgetCodesDropDown\",\"DropDownData\":{\"SelectedKey\": null, \"AvailableOptions\": [{\"id\": \"0\", \"name\":\"Trending For Your Job\"}, {\"id\":\"1\", \"name\":\"Top Picks For You\"}, {\"id\":\"2\", \"name\":\"Top Rated\"}, {\"id\":\"3\", \"name\":\"Saved For Later\"}, {\"id\":\"4\", \"name\":\"Continue Learning\"}, {\"id\":\"5\", \"name\":\"Join Your Peers\"}, {\"id\":\"6\", \"name\":\"Training Recommended For Next Job\"}, {\"id\":\"7\", \"name\":\"Most Popular\"}]}}}","TemplatePath":"app/modules/dashboard/views/webparts/widgetConfigurableContent.html","IsSystemLocked":false,"Category":{"Id":8,"Name":"Learning","CategoryKey":"WebPartDefinition_Learning","Description":"Learning","ParentId":1,"OrdinalPosition":null},"Id":106},{"WebPartDefinitionKey":"LM_ConfigurableCarouselWidget","Title":"Configurable Carousel Widget","Description":"Displays configured widget data","SubTitle":null,"WebPartIconName":null,"WidgetNotificationMode":0,"WidgetDeeplinkUrlText":null,"CategoryName":"Learning","IsWebPartEnabled":true,"TypeName":null,"WebPartServiceAgentInterfaceTypeName":"ILMWebPartContractAsync","WebPartDefinitionXml":null,"HideWebPartHeader":false,"HideWebPartFooter":false,"IsFreeFlowing":false,"PillarKey":"LM","ChromeStyle":7,"ParameterJSON":"{\"HeaderLinkIcon\": \"\", \"IsCustomEditor\": false, \"PreviewType\" : \"configCarouselDropDown\", \"Config\":{\"Name\":\"ConfigurableCarouselWidgetCodesDropDown\",\"DropDownData\":{\"SelectedKey\": null, \"AvailableOptions\": [{\"id\": \"0\", \"name\":\"Trending For Your Job\"}, {\"id\":\"1\", \"name\":\"Top Picks For You\"}, {\"id\":\"2\", \"name\":\"Top Rated\"}, {\"id\":\"3\", \"name\":\"Saved For Later\"}, {\"id\":\"4\", \"name\":\"Continue Learning\"}, {\"id\":\"5\", \"name\":\"Join Your Peers\"}, {\"id\":\"6\", \"name\":\"Training Recommended For Next Job\"}, {\"id\":\"7\", \"name\":\"Most Popular\"}]}}}","TemplatePath":"app/modules/dashboard/views/webparts/widgetConfigurableCarouselContent.html","IsSystemLocked":false,"Category":{"Id":8,"Name":"Learning","CategoryKey":"WebPartDefinition_Learning","Description":"Learning","ParentId":1,"OrdinalPosition":null},"Id":107},{"WebPartDefinitionKey":"search_calendarView","Title":"Available Activities Calendar","Description":"Allows learners to browse available learning activity offerings in a calendar view.","SubTitle":"Available Activities Calendar","WebPartIconName":null,"WidgetNotificationMode":0,"WidgetDeeplinkUrlText":null,"CategoryName":"Learning","IsWebPartEnabled":true,"TypeName":null,"WebPartServiceAgentInterfaceTypeName":null,"WebPartDefinitionXml":null,"HideWebPartHeader":false,"HideWebPartFooter":false,"IsFreeFlowing":false,"PillarKey":"LM","ChromeStyle":7,"ParameterJSON":"{\"HeaderLinkIcon\": \"\", \"IsCustomEditor\": false, \"PreviewType\" : \"calendar\"}","TemplatePath":"app/modules/dashboard/views/searchWidgets/calendarView.html","IsSystemLocked":false,"Category":{"Id":8,"Name":"Learning","CategoryKey":"WebPartDefinition_Learning","Description":"Learning","ParentId":1,"OrdinalPosition":null},"Id":111},{"WebPartDefinitionKey":"LM_FavouritesCarousel","Title":"My Favorites","Description":"Supports quick access to content marked as a favorite by the user in a carousel.","SubTitle":"Activities, Categories, Collaboration Centers","WebPartIconName":null,"WidgetNotificationMode":1,"WidgetDeeplinkUrlText":"More...","CategoryName":"Learning","IsWebPartEnabled":true,"TypeName":"SumTotal.SPPortal.WebParts.Core.Learning.Favorites.Favorites, SumTotal.SPPortal.WebParts, Version=1.0.0.0, Culture=neutral, PublicKeyToken=6b7f90fbd13cce01","WebPartServiceAgentInterfaceTypeName":"ILMWebPartContractAsync","WebPartDefinitionXml":null,"HideWebPartHeader":false,"HideWebPartFooter":true,"IsFreeFlowing":false,"PillarKey":"LM","ChromeStyle":7,"ParameterJSON":"{\"HeaderLinkIcon\": \"\", \"IsCustomEditor\": false, \"PreviewType\" : \"table\"}","TemplatePath":"app/modules/dashboard/views/webparts/widgetFavoritesCarousel.html","IsSystemLocked":false,"Category":{"Id":8,"Name":"Learning","CategoryKey":"WebPartDefinition_Learning","Description":"Learning","ParentId":1,"OrdinalPosition":null},"Id":112},{"WebPartDefinitionKey":"Common_SearchWidget","Title":"Search","Description":"Quick Search for Courses, Training, Videos, Books and Audiobooks","SubTitle":"Search for Courses, Training, Videos, Books and Audiobooks","WebPartIconName":null,"WidgetNotificationMode":0,"WidgetDeeplinkUrlText":null,"CategoryName":"Learning","IsWebPartEnabled":true,"TypeName":null,"WebPartServiceAgentInterfaceTypeName":null,"WebPartDefinitionXml":null,"HideWebPartHeader":true,"HideWebPartFooter":false,"IsFreeFlowing":false,"PillarKey":null,"ChromeStyle":6,"ParameterJSON":"{\"HeaderLinkIcon\": \"\", \"IsCustomEditor\": false, \"PreviewType\" : \"table\"}","TemplatePath":"app/modules/dashboard/views/webparts/widgetEnterpriseSearch.html","IsSystemLocked":false,"Category":{"Id":8,"Name":"Learning","CategoryKey":"WebPartDefinition_Learning","Description":"Learning","ParentId":1,"OrdinalPosition":null},"Id":113},{"WebPartDefinitionKey":"LM_ResumeLearning","Title":"Resume Learning","Description":"Provides user with quick access to all recently launched non-completed training items.","SubTitle":"List of recently launched activities","WebPartIconName":null,"WidgetNotificationMode":0,"WidgetDeeplinkUrlText":"View All Recently Launched Activities","CategoryName":"Learning","IsWebPartEnabled":true,"TypeName":"SumTotal.SPPortal.WebParts.Core.Learning.RecentlyLaunched.RecentlyLaunched, SumTotal.SPPortal.WebParts, Version=1.0.0.0, Culture=neutral, PublicKeyToken=6b7f90fbd13cce01","WebPartServiceAgentInterfaceTypeName":"ILMWebPartContractAsync","WebPartDefinitionXml":null,"HideWebPartHeader":false,"HideWebPartFooter":true,"IsFreeFlowing":false,"PillarKey":"LM","ChromeStyle":7,"ParameterJSON":"{\"HeaderLinkIcon\": \"\", \"IsCustomEditor\": false, \"PreviewType\" : \"table\"}","TemplatePath":"app/modules/dashboard/views/webparts/widgetRecentlyLaunchedActivitiesList.html","IsSystemLocked":false,"Category":{"Id":8,"Name":"Learning","CategoryKey":"WebPartDefinition_Learning","Description":"Learning","ParentId":1,"OrdinalPosition":null},"Id":114},{"WebPartDefinitionKey":"LM_RecommendedActivities","Title":"Recommended Activities","Description":"Displays recommended activities based on your interests, your required skills, and suggestions from others in your organization in a carousel.","SubTitle":null,"WebPartIconName":null,"WidgetNotificationMode":0,"WidgetDeeplinkUrlText":null,"CategoryName":"Learning","IsWebPartEnabled":true,"TypeName":null,"WebPartServiceAgentInterfaceTypeName":null,"WebPartDefinitionXml":null,"HideWebPartHeader":true,"HideWebPartFooter":true,"IsFreeFlowing":false,"PillarKey":"LM","ChromeStyle":6,"ParameterJSON":"{\"HeaderLinkIcon\": \"\", \"IsCustomEditor\": false, \"PreviewType\" : \"table\"}","TemplatePath":"app/modules/dashboard/views/webparts/widgetRecommendedActivitiesCarousel.html","IsSystemLocked":false,"Category":{"Id":8,"Name":"Learning","CategoryKey":"WebPartDefinition_Learning","Description":"Learning","ParentId":1,"OrdinalPosition":null},"Id":115},{"WebPartDefinitionKey":"LM_PromotedActivities","Title":"Promoted Learning  Activities","Description":"Displays activities promoted by your organization.","SubTitle":null,"WebPartIconName":null,"WidgetNotificationMode":0,"WidgetDeeplinkUrlText":null,"CategoryName":"Learning","IsWebPartEnabled":true,"TypeName":"SumTotal.SPPortal.WebParts.Core.Learning.PromotedActivities.PromotedActivities, SumTotal.SPPortal.WebParts, Version=1.0.0.0, Culture=neutral, PublicKeyToken=6b7f90fbd13cce01","WebPartServiceAgentInterfaceTypeName":"ILMWebPartContractAsync","WebPartDefinitionXml":null,"HideWebPartHeader":false,"HideWebPartFooter":false,"IsFreeFlowing":false,"PillarKey":"LM","ChromeStyle":7,"ParameterJSON":"{\"HeaderLinkIcon\": \"\", \"IsCustomEditor\": false, \"PreviewType\" : \"configTextField\", \"Config\":{\"Name\":\"LearningActivityCodes\",\"Value\":\"\"}}","TemplatePath":"app/modules/dashboard/views/webparts/widgetPromotedActivitiesCarousel.html","IsSystemLocked":false,"Category":{"Id":8,"Name":"Learning","CategoryKey":"WebPartDefinition_Learning","Description":"Learning","ParentId":1,"OrdinalPosition":null},"Id":118},{"WebPartDefinitionKey":"LM_PromotedLibraryTopics","Title":"Promoted Library  Topics","Description":"Displays Library topics promoted by your organization.","SubTitle":null,"WebPartIconName":null,"WidgetNotificationMode":0,"WidgetDeeplinkUrlText":"View All Topics","CategoryName":"Learning","IsWebPartEnabled":true,"TypeName":null,"WebPartServiceAgentInterfaceTypeName":"ILMWebPartContractAsync","WebPartDefinitionXml":null,"HideWebPartHeader":false,"HideWebPartFooter":false,"IsFreeFlowing":false,"PillarKey":"LM","ChromeStyle":7,"ParameterJSON":"{\"HeaderLinkIcon\": \"\", \"IsCustomEditor\": false, \"PreviewType\" : \"table\", \"MaxCount\":20}","TemplatePath":"app/modules/dashboard/views/webparts/widgetPromotedCategoriesCarousel.html","IsSystemLocked":false,"Category":{"Id":8,"Name":"Learning","CategoryKey":"WebPartDefinition_Learning","Description":"Learning","ParentId":1,"OrdinalPosition":null},"Id":119}]},{"Category":{"Id":11,"Name":"Social","CategoryKey":"WebPartDefinition_Social","Description":"Social","ParentId":1,"OrdinalPosition":null},"Definitions":[{"WebPartDefinitionKey":"LM_MyCommunities","Title":"My Communities","Description":"Recent posts for the communities which the logged in user is a member, supported by an option to view all updates.","SubTitle":"Favorite discussion forums","WebPartIconName":null,"WidgetNotificationMode":1,"WidgetDeeplinkUrlText":"View All Communities","CategoryName":"Social","IsWebPartEnabled":true,"TypeName":"SumTotal.SPPortal.WebParts.Core.Social.MyCommunities.MyCommunities, SumTotal.SPPortal.WebParts, Version=1.0.0.0, Culture=neutral, PublicKeyToken=6b7f90fbd13cce01","WebPartServiceAgentInterfaceTypeName":"ILMWebPartContractAsync","WebPartDefinitionXml":null,"HideWebPartHeader":false,"HideWebPartFooter":true,"IsFreeFlowing":false,"PillarKey":"LM","ChromeStyle":7,"ParameterJSON":"{\"HeaderLinkIcon\": \"\", \"IsCustomEditor\": false, \"PreviewType\" : \"table\"}","TemplatePath":"app/modules/dashboard/views/webparts/widgetMyCommunities.html","IsSystemLocked":false,"Category":{"Id":11,"Name":"Social","CategoryKey":"WebPartDefinition_Social","Description":"Social","ParentId":1,"OrdinalPosition":null},"Id":5},{"WebPartDefinitionKey":"LM_CommunityUpdates","Title":"Community Updates","Description":"Highlights recent community posts with an option to view all community updates.","SubTitle":"Updated discussion forums  ","WebPartIconName":null,"WidgetNotificationMode":1,"WidgetDeeplinkUrlText":"View All Updates","CategoryName":"Social","IsWebPartEnabled":true,"TypeName":"SumTotal.SPPortal.WebParts.Core.Social.CommunityUpdates.CommunityUpdates, SumTotal.SPPortal.WebParts, Version=1.0.0.0, Culture=neutral, PublicKeyToken=6b7f90fbd13cce01","WebPartServiceAgentInterfaceTypeName":"ILMWebPartContractAsync","WebPartDefinitionXml":null,"HideWebPartHeader":false,"HideWebPartFooter":true,"IsFreeFlowing":false,"PillarKey":"LM","ChromeStyle":7,"ParameterJSON":"{\"HeaderLinkIcon\": \"\", \"IsCustomEditor\": false, \"PreviewType\" : \"table\"}","TemplatePath":"app/modules/dashboard/views/webparts/widgetCommunityUpdates.html","IsSystemLocked":false,"Category":{"Id":11,"Name":"Social","CategoryKey":"WebPartDefinition_Social","Description":"Social","ParentId":1,"OrdinalPosition":null},"Id":11},{"WebPartDefinitionKey":"SocialGroups","Title":"Social Groups","Description":"View all Social groups, manage your Social groups, and post messages.","SubTitle":"Social Groups","WebPartIconName":null,"WidgetNotificationMode":0,"WidgetDeeplinkUrlText":null,"CategoryName":"Social","IsWebPartEnabled":true,"TypeName":null,"WebPartServiceAgentInterfaceTypeName":null,"WebPartDefinitionXml":null,"HideWebPartHeader":false,"HideWebPartFooter":false,"IsFreeFlowing":false,"PillarKey":null,"ChromeStyle":7,"ParameterJSON":"{\"HeaderLinkIcon\": \"\", \"IsCustomEditor\": false, \"PreviewType\" : \"table\"}","TemplatePath":"app/modules/dashboard/views/webparts/widgetSocial.html","IsSystemLocked":false,"Category":{"Id":11,"Name":"Social","CategoryKey":"WebPartDefinition_Social","Description":"Social","ParentId":1,"OrdinalPosition":null},"Id":98},{"WebPartDefinitionKey":"SocialMyFeed","Title":"My Feed","Description":"View and make updates to your Social feed, including groups for which you are a member and public groups.","SubTitle":"My Feed","WebPartIconName":null,"WidgetNotificationMode":0,"WidgetDeeplinkUrlText":null,"CategoryName":"Social","IsWebPartEnabled":true,"TypeName":null,"WebPartServiceAgentInterfaceTypeName":null,"WebPartDefinitionXml":null,"HideWebPartHeader":false,"HideWebPartFooter":false,"IsFreeFlowing":false,"PillarKey":null,"ChromeStyle":7,"ParameterJSON":"{\"HeaderLinkIcon\": \"\", \"IsCustomEditor\": false, \"PreviewType\" : \"table\"}","TemplatePath":"app/modules/dashboard/views/webparts/widgetSocialMyFeed.html","IsSystemLocked":false,"Category":{"Id":11,"Name":"Social","CategoryKey":"WebPartDefinition_Social","Description":"Social","ParentId":1,"OrdinalPosition":null},"Id":99},{"WebPartDefinitionKey":"Social_MyCommunities","Title":"My Social Communities","Description":"Displays social communities that I am a member of","SubTitle":null,"WebPartIconName":null,"WidgetNotificationMode":1,"WidgetDeeplinkUrlText":"View All","CategoryName":"Social","IsWebPartEnabled":true,"TypeName":null,"WebPartServiceAgentInterfaceTypeName":null,"WebPartDefinitionXml":null,"HideWebPartHeader":false,"HideWebPartFooter":false,"IsFreeFlowing":false,"PillarKey":"ELIXHRUI","ChromeStyle":7,"ParameterJSON":"{\"HeaderLinkIcon\": \"\", \"IsCustomEditor\": false, \"PreviewType\" : \"table\"}","TemplatePath":"app/modules/dashboard/views/webparts/widgetSocialMyCommunities.html","IsSystemLocked":false,"Category":{"Id":11,"Name":"Social","CategoryKey":"WebPartDefinition_Social","Description":"Social","ParentId":1,"OrdinalPosition":null},"Id":116},{"WebPartDefinitionKey":"Social_CommunityFeed","Title":"My Social Community Feed","Description":"Displays the social activities of communities I am a member of","SubTitle":null,"WebPartIconName":null,"WidgetNotificationMode":1,"WidgetDeeplinkUrlText":"View All","CategoryName":"Social","IsWebPartEnabled":true,"TypeName":null,"WebPartServiceAgentInterfaceTypeName":null,"WebPartDefinitionXml":null,"HideWebPartHeader":false,"HideWebPartFooter":false,"IsFreeFlowing":false,"PillarKey":"ELIXHRUI","ChromeStyle":7,"ParameterJSON":"{\"HeaderLinkIcon\": \"\", \"IsCustomEditor\": false, \"PreviewType\" : \"table\"}","TemplatePath":"app/modules/dashboard/views/webparts/widgetSocialCommunityFeed.html","IsSystemLocked":false,"Category":{"Id":11,"Name":"Social","CategoryKey":"WebPartDefinition_Social","Description":"Social","ParentId":1,"OrdinalPosition":null},"Id":117}]},{"Category":{"Id":6,"Name":"Talent","CategoryKey":"WebPartDefinition_Talent","Description":"Talent","ParentId":1,"OrdinalPosition":null},"Definitions":[{"WebPartDefinitionKey":"TM_MyProcesses","Title":"My Processes","Description":"Displays status of active processes and supports linking to the process details.","SubTitle":"My assessments and reviews","WebPartIconName":null,"WidgetNotificationMode":0,"WidgetDeeplinkUrlText":"View All Processes","CategoryName":"Talent","IsWebPartEnabled":true,"TypeName":"SumTotal.SPPortal.WebParts.Core.TM.MyProcesses.MyProcesses, SumTotal.SPPortal.WebParts, Version=1.0.0.0, Culture=neutral, PublicKeyToken=6b7f90fbd13cce01","WebPartServiceAgentInterfaceTypeName":"ITMWebPartContractAsync","WebPartDefinitionXml":null,"HideWebPartHeader":false,"HideWebPartFooter":true,"IsFreeFlowing":false,"PillarKey":"TM","ChromeStyle":7,"ParameterJSON":"{\"HeaderLinkIcon\": \"\", \"IsCustomEditor\": false, \"PreviewType\" : \"table\"}","TemplatePath":"app/modules/dashboard/views/webparts/widgetMyProcess.html","IsSystemLocked":false,"Category":{"Id":6,"Name":"Talent","CategoryKey":"WebPartDefinition_Talent","Description":"Talent","ParentId":1,"OrdinalPosition":null},"Id":44},{"WebPartDefinitionKey":"TM_MyTeamProcesses","Title":"My Team - Process List","Description":"Highlights how many direct reports a manager has active within Talent processes.  Users can drill to specific processes.","SubTitle":"Assessments and reviews within my team","WebPartIconName":null,"WidgetNotificationMode":0,"WidgetDeeplinkUrlText":"View All Team Processes","CategoryName":"Talent","IsWebPartEnabled":true,"TypeName":"SumTotal.SPPortal.WebParts.Core.TM.MyTeamProcesses.MyTeamProcesses, SumTotal.SPPortal.WebParts, Version=1.0.0.0, Culture=neutral, PublicKeyToken=6b7f90fbd13cce01","WebPartServiceAgentInterfaceTypeName":"ITMWebPartContractAsync","WebPartDefinitionXml":null,"HideWebPartHeader":false,"HideWebPartFooter":true,"IsFreeFlowing":false,"PillarKey":"TM","ChromeStyle":7,"ParameterJSON":"{\"HeaderLinkIcon\": \"\", \"IsCustomEditor\": false, \"PreviewType\" : \"table\"}","TemplatePath":"app/modules/dashboard/views/webparts/widgetProcessList.html","IsSystemLocked":false,"Category":{"Id":6,"Name":"Talent","CategoryKey":"WebPartDefinition_Talent","Description":"Talent","ParentId":1,"OrdinalPosition":null},"Id":45},{"WebPartDefinitionKey":"TM_MyTeamGoals","Title":"My Team - Goal Summary","Description":"Lists approved goals for direct reports, highlighting due date, progress, and organizational alignment.","SubTitle":"Results of team goals and accomplishments","WebPartIconName":null,"WidgetNotificationMode":0,"WidgetDeeplinkUrlText":"View All My Team Goals","CategoryName":"Talent","IsWebPartEnabled":true,"TypeName":"SumTotal.SPPortal.WebParts.Core.TM.MyTeamGoals.MyTeamGoals, SumTotal.SPPortal.WebParts, Version=1.0.0.0, Culture=neutral, PublicKeyToken=6b7f90fbd13cce01","WebPartServiceAgentInterfaceTypeName":"ITMWebPartContractAsync","WebPartDefinitionXml":null,"HideWebPartHeader":false,"HideWebPartFooter":true,"IsFreeFlowing":false,"PillarKey":"TM","ChromeStyle":7,"ParameterJSON":"{\"HeaderLinkIcon\": \"\", \"IsCustomEditor\": false, \"ChartConfig\":{\"columnMap\":[\"value\"], \"barType\":\"bar\", \"ChartLabelColumn\":\"dataName\"}, \"PreviewType\":\"barChart\"}","TemplatePath":"app/modules/dashboard/views/webparts/widgetMyTeamGoalSummary.html","IsSystemLocked":false,"Category":{"Id":6,"Name":"Talent","CategoryKey":"WebPartDefinition_Talent","Description":"Talent","ParentId":1,"OrdinalPosition":null},"Id":46},{"WebPartDefinitionKey":"TM_MyTeamPerformanceRatingDistribution","Title":"Performance Bell Curve (Manager)","Description":"Organizes direct reports based on their ratings against organizational targeted values.","SubTitle":"Results of team performance reviews","WebPartIconName":null,"WidgetNotificationMode":0,"WidgetDeeplinkUrlText":null,"CategoryName":"Talent","IsWebPartEnabled":true,"TypeName":"SumTotal.SPPortal.WebParts.Core.TM.MyTeamPRD.MyTeamPRD, SumTotal.SPPortal.WebParts, Version=1.0.0.0, Culture=neutral, PublicKeyToken=6b7f90fbd13cce01","WebPartServiceAgentInterfaceTypeName":"ITMWebPartContractAsync","WebPartDefinitionXml":null,"HideWebPartHeader":false,"HideWebPartFooter":true,"IsFreeFlowing":false,"PillarKey":"TM","ChromeStyle":7,"ParameterJSON":"{\"HeaderLinkIcon\": \"\", \"IsCustomEditor\": false, \"ChartConfig\":{\"columnMap\":[\"itemName\", \"count\", \"target\"]}, \"PreviewType\":\"bellChart\"}","TemplatePath":"app/modules/dashboard/views/webparts/widgetRatingDistribution.html","IsSystemLocked":false,"Category":{"Id":6,"Name":"Talent","CategoryKey":"WebPartDefinition_Talent","Description":"Talent","ParentId":1,"OrdinalPosition":null},"Id":47},{"WebPartDefinitionKey":"TM_MyTeamGoalsDetail","Title":"My Team Goals","Description":"Displays all goals and current status for direct reports.","SubTitle":"Detailed information about my team's goals","WebPartIconName":null,"WidgetNotificationMode":0,"WidgetDeeplinkUrlText":"View all my team goals","CategoryName":"Talent","IsWebPartEnabled":true,"TypeName":"SumTotal.SPPortal.WebParts.Core.TM.MyTeamGoalsDetail.MyTeamGoalsDetail, SumTotal.SPPortal.WebParts, Version=1.0.0.0, Culture=neutral, PublicKeyToken=6b7f90fbd13cce01","WebPartServiceAgentInterfaceTypeName":"ITMWebPartContractAsync","WebPartDefinitionXml":null,"HideWebPartHeader":false,"HideWebPartFooter":true,"IsFreeFlowing":false,"PillarKey":"TM","ChromeStyle":7,"ParameterJSON":"{\"HeaderLinkIcon\": \"\", \"IsCustomEditor\": false, \"PreviewType\" : \"table\"}","TemplatePath":"app/modules/dashboard/views/webparts/widgetMyTeamGoals.html","IsSystemLocked":false,"Category":{"Id":6,"Name":"Talent","CategoryKey":"WebPartDefinition_Talent","Description":"Talent","ParentId":1,"OrdinalPosition":null},"Id":48},{"WebPartDefinitionKey":"TM_MyTeamPerformanceProgress","Title":"Team Performance Progress","Description":"Highlights progress against performance processes for direct reports.","SubTitle":"Displays performance processes and the number of employees on each step.","WebPartIconName":null,"WidgetNotificationMode":0,"WidgetDeeplinkUrlText":"Team Completion Report","CategoryName":"Talent","IsWebPartEnabled":true,"TypeName":"SumTotal.SPPortal.WebParts.Core.TM.MyTeamPerfProg.MyTeamPerfProg, SumTotal.SPPortal.WebParts, Version=1.0.0.0, Culture=neutral, PublicKeyToken=6b7f90fbd13cce01","WebPartServiceAgentInterfaceTypeName":"ITMWebPartContractAsync","WebPartDefinitionXml":null,"HideWebPartHeader":false,"HideWebPartFooter":true,"IsFreeFlowing":false,"PillarKey":"TM","ChromeStyle":7,"ParameterJSON":"{\"HeaderLinkIcon\": \"\", \"IsCustomEditor\": false, \"PreviewType\" : \"table\"}","TemplatePath":"app/modules/dashboard/views/webparts/widgetTeamPerformanceProgress.html","IsSystemLocked":false,"Category":{"Id":6,"Name":"Talent","CategoryKey":"WebPartDefinition_Talent","Description":"Talent","ParentId":1,"OrdinalPosition":null},"Id":49},{"WebPartDefinitionKey":"TM_Top5TeamStrengths","Title":"Top 5 Team Strengths","Description":"Identifies team strengths by highlighting average scores of the five highest scored competencies of direct reports.","SubTitle":"Competency Strengths for Your Team","WebPartIconName":null,"WidgetNotificationMode":0,"WidgetDeeplinkUrlText":null,"CategoryName":"Talent","IsWebPartEnabled":true,"TypeName":"SumTotal.SPPortal.WebParts.Core.Performance.Top5TeamStrengths.Top5TeamStrengths, SumTotal.SPPortal.WebParts, Version=1.0.0.0, Culture=neutral, PublicKeyToken=6b7f90fbd13cce01","WebPartServiceAgentInterfaceTypeName":"IPerformanceWebPartContractAsync","WebPartDefinitionXml":null,"HideWebPartHeader":false,"HideWebPartFooter":true,"IsFreeFlowing":false,"PillarKey":"TM","ChromeStyle":7,"ParameterJSON":"{\"HeaderLinkIcon\": \"\", \"IsCustomEditor\": false, \"ChartConfig\":{\"columnMap\":[\"value\"], \"barType\":\"bar\", \"ChartLabelColumn\":\"dataName\"}, \"PreviewType\":\"barChart\"}","TemplatePath":"app/modules/dashboard/views/webparts/widgetTop5TeamStrengths.html","IsSystemLocked":false,"Category":{"Id":6,"Name":"Talent","CategoryKey":"WebPartDefinition_Talent","Description":"Talent","ParentId":1,"OrdinalPosition":null},"Id":50},{"WebPartDefinitionKey":"TM_MyTeamSuccessionStatus","Title":"Team Succession Status","Description":"Provides readiness metrics for direct reports being groomed as successors.","SubTitle":"Succession Information for Your Team","WebPartIconName":null,"WidgetNotificationMode":0,"WidgetDeeplinkUrlText":"View Succession Dashboard","CategoryName":"Talent","IsWebPartEnabled":true,"TypeName":"SumTotal.SPPortal.WebParts.Core.Succession.TeamSuccessionStatus.TeamSuccessionStatus, SumTotal.SPPortal.WebParts, Version=1.0.0.0, Culture=neutral, PublicKeyToken=6b7f90fbd13cce01","WebPartServiceAgentInterfaceTypeName":"ISuccessionWebPartContractAsync","WebPartDefinitionXml":null,"HideWebPartHeader":false,"HideWebPartFooter":true,"IsFreeFlowing":false,"PillarKey":"TM","ChromeStyle":7,"ParameterJSON":"{\"HeaderLinkIcon\": \"\", \"IsCustomEditor\": false, \"ChartConfig\":{\"IsStacked\": true,\"columnMap\":[\"lowBenchStrength\", \"mediumBenchStrength\", \"highBenchStrength\"],\"ChartLabelColumn\":\"name\"},\"PreviewType\":\"barChart\"}","TemplatePath":"app/modules/dashboard/views/webparts/widgetTeamSuccessionStatus.html","IsSystemLocked":false,"Category":{"Id":6,"Name":"Talent","CategoryKey":"WebPartDefinition_Talent","Description":"Talent","ParentId":1,"OrdinalPosition":null},"Id":51},{"WebPartDefinitionKey":"TM_Top5TeamWeaknesses","Title":"Top 5 Team Weaknesses","Description":"Identifies team weaknesses by highlighting average scores of the five lowest scored competencies of direct reports.","SubTitle":"Team Development Opportunities","WebPartIconName":null,"WidgetNotificationMode":0,"WidgetDeeplinkUrlText":null,"CategoryName":"Talent","IsWebPartEnabled":true,"TypeName":"SumTotal.SPPortal.WebParts.Core.Performance.Top5TeamWeaknesses.Top5TeamWeaknesses, SumTotal.SPPortal.WebParts, Version=1.0.0.0, Culture=neutral, PublicKeyToken=6b7f90fbd13cce01","WebPartServiceAgentInterfaceTypeName":"IPerformanceWebPartContractAsync","WebPartDefinitionXml":null,"HideWebPartHeader":false,"HideWebPartFooter":true,"IsFreeFlowing":false,"PillarKey":"TM","ChromeStyle":7,"ParameterJSON":"{\"HeaderLinkIcon\": \"\", \"IsCustomEditor\": false, \"ChartConfig\":{\"columnMap\":[\"value\"], \"barType\":\"bar\", \"ChartLabelColumn\":\"dataName\"},\"PreviewType\":\"barChart\"}","TemplatePath":"app/modules/dashboard/views/webparts/widgetTop5TeamWeaknesses.html","IsSystemLocked":false,"Category":{"Id":6,"Name":"Talent","CategoryKey":"WebPartDefinition_Talent","Description":"Talent","ParentId":1,"OrdinalPosition":null},"Id":52},{"WebPartDefinitionKey":"TM_TeamRetentionRisk","Title":"Team Retention Risk","Description":"Highlights potential retention risks related to a manager's team.","SubTitle":"Flight Risks for Your Team","WebPartIconName":null,"WidgetNotificationMode":0,"WidgetDeeplinkUrlText":"View Succession Dashboard","CategoryName":"Talent","IsWebPartEnabled":true,"TypeName":"SumTotal.SPPortal.WebParts.Core.Succession.TeamRetentionRisk.TeamRetentionRisk, SumTotal.SPPortal.WebParts, Version=1.0.0.0, Culture=neutral, PublicKeyToken=6b7f90fbd13cce01","WebPartServiceAgentInterfaceTypeName":"ISuccessionWebPartContractAsync","WebPartDefinitionXml":null,"HideWebPartHeader":false,"HideWebPartFooter":true,"IsFreeFlowing":false,"PillarKey":"TM","ChromeStyle":7,"ParameterJSON":"{\"HeaderLinkIcon\": \"\", \"IsCustomEditor\": false, \"ChartConfig\":{\"columnMap\":[\"employees\"], \"barType\":\"bar\", \"ChartLabelColumn\":\"name\"},\"PreviewType\":\"barChart\"}","TemplatePath":"app/modules/dashboard/views/webparts/widgetTeamRetentionRisk.html","IsSystemLocked":false,"Category":{"Id":6,"Name":"Talent","CategoryKey":"WebPartDefinition_Talent","Description":"Talent","ParentId":1,"OrdinalPosition":null},"Id":53},{"WebPartDefinitionKey":"TM_MyTeamDevelopmentStatus","Title":"Team Development Status","Description":"Displays direct report development goals and highlights where manager mentoring may be required.","SubTitle":"Development Status for Your Team","WebPartIconName":null,"WidgetNotificationMode":0,"WidgetDeeplinkUrlText":null,"CategoryName":"Talent","IsWebPartEnabled":true,"TypeName":"SumTotal.SPPortal.WebParts.Core.Performance.TeamDevelopmentStatus.TeamDevelopmentStatus, SumTotal.SPPortal.WebParts, Version=1.0.0.0, Culture=neutral, PublicKeyToken=6b7f90fbd13cce01","WebPartServiceAgentInterfaceTypeName":"IPerformanceWebPartContractAsync","WebPartDefinitionXml":null,"HideWebPartHeader":false,"HideWebPartFooter":true,"IsFreeFlowing":false,"PillarKey":"TM","ChromeStyle":7,"ParameterJSON":"{\"HeaderLinkIcon\": \"\", \"IsCustomEditor\": false, \"ChartConfig\":{\"columnMap\":[\"employees\"], \"barType\":\"bar\", \"ChartLabelColumn\":\"name\"},\"PreviewType\":\"barChart\"}","TemplatePath":"app/modules/dashboard/views/webparts/widgetTeamDevelopmentStatus.html","IsSystemLocked":false,"Category":{"Id":6,"Name":"Talent","CategoryKey":"WebPartDefinition_Talent","Description":"Talent","ParentId":1,"OrdinalPosition":null},"Id":54},{"WebPartDefinitionKey":"TM_BudgetSummary","Title":"Budget Summary","Description":"Displays  budget spend percentages for compensation processes.","SubTitle":"Information About Compensation Budgets","WebPartIconName":null,"WidgetNotificationMode":0,"WidgetDeeplinkUrlText":null,"CategoryName":"Talent","IsWebPartEnabled":true,"TypeName":"SumTotal.SPPortal.WebParts.Core.Compensation.BudgetSummary.BudgetSummary, SumTotal.SPPortal.WebParts, Version=1.0.0.0, Culture=neutral, PublicKeyToken=6b7f90fbd13cce01","WebPartServiceAgentInterfaceTypeName":"ICompensationWebPartContractAsync","WebPartDefinitionXml":null,"HideWebPartHeader":false,"HideWebPartFooter":true,"IsFreeFlowing":false,"PillarKey":"TM","ChromeStyle":7,"ParameterJSON":"{\"HeaderLinkIcon\": \"\", \"IsCustomEditor\": false, \"ChartConfig\":{\"columnMap\":[\"spent\"], \"barType\":\"bar\", \"ChartLabelColumn\":\"name\"},\"PreviewType\":\"barChart\"}","TemplatePath":"app/modules/dashboard/views/webparts/widgetBudgetSummary.html","IsSystemLocked":false,"Category":{"Id":6,"Name":"Talent","CategoryKey":"WebPartDefinition_Talent","Description":"Talent","ParentId":1,"OrdinalPosition":null},"Id":55},{"WebPartDefinitionKey":"HRMS_Demographics","Title":"HR Management Demographics","Description":"Displays basic personal information of the current user.","SubTitle":"Get HRMS demographics of current user","WebPartIconName":null,"WidgetNotificationMode":0,"WidgetDeeplinkUrlText":null,"CategoryName":"Talent","IsWebPartEnabled":true,"TypeName":"SumTotal.SPPortal.WebParts.Core.HRMS.HRMSDemographics.HRMSDemographics, SumTotal.SPPortal.WebParts, Version=1.0.0.0, Culture=neutral, PublicKeyToken=6b7f90fbd13cce01","WebPartServiceAgentInterfaceTypeName":"IHRMSWebPartContractAsync","WebPartDefinitionXml":null,"HideWebPartHeader":false,"HideWebPartFooter":true,"IsFreeFlowing":false,"PillarKey":"TM","ChromeStyle":7,"ParameterJSON":"{\"HeaderLinkIcon\": \"\", \"IsCustomEditor\": false, \"PreviewType\" : \"table\"}","TemplatePath":"app/modules/dashboard/views/webparts/widgetHRMSDemographics.html","IsSystemLocked":false,"Category":{"Id":6,"Name":"Talent","CategoryKey":"WebPartDefinition_Talent","Description":"Talent","ParentId":1,"OrdinalPosition":null},"Id":56},{"WebPartDefinitionKey":"HRMS_AddrInfo","Title":"HR Management Address Information","Description":"Displays address information of current user","SubTitle":"Get address information of current user","WebPartIconName":null,"WidgetNotificationMode":0,"WidgetDeeplinkUrlText":null,"CategoryName":"Talent","IsWebPartEnabled":true,"TypeName":"SumTotal.SPPortal.WebParts.Core.HRMS.HRMSAddrInfo.HRMSAddrInfo, SumTotal.SPPortal.WebParts, Version=1.0.0.0, Culture=neutral, PublicKeyToken=6b7f90fbd13cce01","WebPartServiceAgentInterfaceTypeName":"IHRMSWebPartContractAsync","WebPartDefinitionXml":null,"HideWebPartHeader":false,"HideWebPartFooter":true,"IsFreeFlowing":false,"PillarKey":"TM","ChromeStyle":7,"ParameterJSON":"{\"HeaderLinkIcon\": \"\", \"IsCustomEditor\": false, \"PreviewType\" : \"table\"}","TemplatePath":"app/modules/dashboard/views/webparts/widgetHRMSAddressInfo.html","IsSystemLocked":false,"Category":{"Id":6,"Name":"Talent","CategoryKey":"WebPartDefinition_Talent","Description":"Talent","ParentId":1,"OrdinalPosition":null},"Id":57},{"WebPartDefinitionKey":"TM_MyFeedbacks","Title":"My Feedback","Description":"Displays feedbacks provided to user.","SubTitle":"My Feedbacks","WebPartIconName":null,"WidgetNotificationMode":0,"WidgetDeeplinkUrlText":null,"CategoryName":"Talent","IsWebPartEnabled":true,"TypeName":null,"WebPartServiceAgentInterfaceTypeName":null,"WebPartDefinitionXml":null,"HideWebPartHeader":false,"HideWebPartFooter":true,"IsFreeFlowing":false,"PillarKey":"TM","ChromeStyle":7,"ParameterJSON":"{\"HeaderLinkIcon\": \"\", \"IsCustomEditor\": false, \"PreviewType\" : \"configMyFeedback\", \"Config\":{\"NumberOfComments\": \"5\", \"ShowCompetencies\": true, \"ShowGoals\": true}}","TemplatePath":"app/modules/core/views/continuousfeedback/LandingPage.html","IsSystemLocked":false,"Category":{"Id":6,"Name":"Talent","CategoryKey":"WebPartDefinition_Talent","Description":"Talent","ParentId":1,"OrdinalPosition":null},"Id":91},{"WebPartDefinitionKey":"Continuous_Review","Title":"My Team Feedback","Description":"Displays FeedBack Data For Direct Reportees","SubTitle":"My Team Feedback","WebPartIconName":null,"WidgetNotificationMode":0,"WidgetDeeplinkUrlText":null,"CategoryName":"Talent","IsWebPartEnabled":true,"TypeName":null,"WebPartServiceAgentInterfaceTypeName":null,"WebPartDefinitionXml":null,"HideWebPartHeader":false,"HideWebPartFooter":false,"IsFreeFlowing":false,"PillarKey":"TM","ChromeStyle":7,"ParameterJSON":"{\"HeaderLinkIcon\": \"\", \"IsCustomEditor\": false, \"PreviewType\" : \"table\"}","TemplatePath":"app/modules/dashboard/views/webparts/continuousReviewDashboard.html","IsSystemLocked":false,"Category":{"Id":6,"Name":"Talent","CategoryKey":"WebPartDefinition_Talent","Description":"Talent","ParentId":1,"OrdinalPosition":null},"Id":92},{"WebPartDefinitionKey":"Rec_Application_Status","Title":"Application Status","Description":"Track your job applications. You can view your application, check your fit for the job (based on how well your resume matches job requirements), or withdraw your application.","SubTitle":"Requisition Application Status","WebPartIconName":null,"WidgetNotificationMode":0,"WidgetDeeplinkUrlText":null,"CategoryName":"Talent","IsWebPartEnabled":true,"TypeName":null,"WebPartServiceAgentInterfaceTypeName":null,"WebPartDefinitionXml":null,"HideWebPartHeader":false,"HideWebPartFooter":false,"IsFreeFlowing":false,"PillarKey":null,"ChromeStyle":7,"ParameterJSON":"{\"HeaderLinkIcon\": \"\", \"IsCustomEditor\": false, \"PreviewType\" : \"table\"}","TemplatePath":"app/modules/dashboard/views/webparts/widgetApplicationStatus.html","IsSystemLocked":false,"Category":{"Id":6,"Name":"Talent","CategoryKey":"WebPartDefinition_Talent","Description":"Talent","ParentId":1,"OrdinalPosition":null},"Id":103},{"WebPartDefinitionKey":"Rec_Fav_Jobs","Title":"Favorite Jobs","Description":"Keep track of your favorite jobs. You can apply for these jobs if they are still accepting applications.","SubTitle":"Requisition Favorite Jobs","WebPartIconName":null,"WidgetNotificationMode":0,"WidgetDeeplinkUrlText":null,"CategoryName":"Talent","IsWebPartEnabled":true,"TypeName":null,"WebPartServiceAgentInterfaceTypeName":null,"WebPartDefinitionXml":null,"HideWebPartHeader":false,"HideWebPartFooter":false,"IsFreeFlowing":false,"PillarKey":null,"ChromeStyle":7,"ParameterJSON":"{\"HeaderLinkIcon\": \"\", \"IsCustomEditor\": false, \"PreviewType\" : \"table\"}","TemplatePath":"app/modules/dashboard/views/webparts/widgetFavoriteJobs.html","IsSystemLocked":false,"Category":{"Id":6,"Name":"Talent","CategoryKey":"WebPartDefinition_Talent","Description":"Talent","ParentId":1,"OrdinalPosition":null},"Id":104},{"WebPartDefinitionKey":"Rec_Recommended_Jobs","Title":"Recommended Jobs","Description":"View jobs recommended for you, based on your fit for job requirements and your location.","SubTitle":"Requisition Favorite Jobs","WebPartIconName":null,"WidgetNotificationMode":0,"WidgetDeeplinkUrlText":null,"CategoryName":"Talent","IsWebPartEnabled":true,"TypeName":null,"WebPartServiceAgentInterfaceTypeName":null,"WebPartDefinitionXml":null,"HideWebPartHeader":false,"HideWebPartFooter":false,"IsFreeFlowing":false,"PillarKey":null,"ChromeStyle":7,"ParameterJSON":"{\"HeaderLinkIcon\": \"\", \"IsCustomEditor\": false, \"PreviewType\" : \"table\"}","TemplatePath":"app/modules/dashboard/views/webparts/widgetRecommendedJobs.html","IsSystemLocked":false,"Category":{"Id":6,"Name":"Talent","CategoryKey":"WebPartDefinition_Talent","Description":"Talent","ParentId":1,"OrdinalPosition":null},"Id":105}]},{"Category":{"Id":28,"Name":"Enterprise Search Configuration","CategoryKey":"ENTERPRISE_SEARCH","Description":"The category for enterprise search settings","ParentId":0,"OrdinalPosition":"1"},"Definitions":[{"WebPartDefinitionKey":"FTE_Custom_Widget","Title":"Custom Widget","Description":"Widget for First Time Search Experience","SubTitle":null,"WebPartIconName":null,"WidgetNotificationMode":0,"WidgetDeeplinkUrlText":null,"CategoryName":"Enterprise Search Configuration","IsWebPartEnabled":true,"TypeName":null,"WebPartServiceAgentInterfaceTypeName":null,"WebPartDefinitionXml":null,"HideWebPartHeader":false,"HideWebPartFooter":true,"IsFreeFlowing":false,"PillarKey":null,"ChromeStyle":7,"ParameterJSON":"{\"HeaderLinkIcon\": \"\", \"IsCustomEditor\": true, \"PreviewType\" : \"search\", \"WidgetContent\":\"\", \"icon\":\"fa-code\"}","TemplatePath":"app/modules/dashboard/views/searchWidgets/customWidget.html","IsSystemLocked":false,"Category":{"Id":28,"Name":"Enterprise Search Configuration","CategoryKey":"ENTERPRISE_SEARCH","Description":"The category for enterprise search settings","ParentId":0,"OrdinalPosition":"1"},"Id":71},{"WebPartDefinitionKey":"Find_Course","Title":"Find a Course","Description":"Provides a launching point to search for courses in the learning library.","SubTitle":null,"WebPartIconName":null,"WidgetNotificationMode":0,"WidgetDeeplinkUrlText":null,"CategoryName":"Enterprise Search Configuration","IsWebPartEnabled":true,"TypeName":null,"WebPartServiceAgentInterfaceTypeName":null,"WebPartDefinitionXml":null,"HideWebPartHeader":false,"HideWebPartFooter":false,"IsFreeFlowing":false,"PillarKey":null,"ChromeStyle":7,"ParameterJSON":"{ \"HeaderLinkIcon\": \"\", \"IsCustomEditor\": false, \"PreviewType\": \"search\", \"WidgetContent\": [\t{ \"contentItem\": \"ENTERPRISE_SEARCH_FIND_COURSE_CONTENT_ITEM\", \"contentDescription\": \"ENTERPRISE_SEARCH_FIND_COURSE_CONTENT_DESC\", \"isLink\": false\t},\t{ \"contentItem\": \"ENTERPRISE_SEARCH_FIND_COURSE_CONTENT_ITEM_TWO\", \"contentDescription\": \"ENTERPRISE_SEARCH_FIND_COURSE_CONTENT_DESC_TWO\", \"contentLink\": \"ENTERPRISE_SEARCH_LEARNER_DASHBOARD_LINK\", \"isLink\": true , \"link\" : \"/dash/learning\"\t} ], \"icon\":\"fa-desktop\", \"catalogItem\":\"Course\"\t}","TemplatePath":"app/modules/dashboard/views/searchWidgets/findCourse.html","IsSystemLocked":false,"Category":{"Id":28,"Name":"Enterprise Search Configuration","CategoryKey":"ENTERPRISE_SEARCH","Description":"The category for enterprise search settings","ParentId":0,"OrdinalPosition":"1"},"Id":72},{"WebPartDefinitionKey":"Find_Video","Title":"Find a Video","Description":"Provides a launching point to search for videos in the learning library.","SubTitle":null,"WebPartIconName":null,"WidgetNotificationMode":0,"WidgetDeeplinkUrlText":null,"CategoryName":"Enterprise Search Configuration","IsWebPartEnabled":true,"TypeName":null,"WebPartServiceAgentInterfaceTypeName":null,"WebPartDefinitionXml":null,"HideWebPartHeader":false,"HideWebPartFooter":false,"IsFreeFlowing":false,"PillarKey":null,"ChromeStyle":7,"ParameterJSON":"{ \"HeaderLinkIcon\": \"\", \"IsCustomEditor\": false, \"PreviewType\": \"search\", \"WidgetContent\": [\t{ \"contentItem\": \"ENTERPRISE_SEARCH_FIND_VIDEO_CONTENT_ITEM\", \"contentDescription\": \"ENTERPRISE_SEARCH_FIND_VIDEO_CONTENT_DESC\",  \"isLink\": false\t},\t{ \"contentItem\": \"ENTERPRISE_SEARCH_FIND_VIDEO_CONTENT_ITEM_TWO\", \"contentDescription\": \"ENTERPRISE_SEARCH_FIND_VIDEO_CONTENT_DESC_TWO\", \"contentLink\": \"ENTERPRISE_SEARCH_LEARNER_DASHBOARD_LINK\", \"isLink\": true , \"link\": \"/dash/learning\"\t} ], \"icon\":\"fa-video-camera\", \"catalogItem\":\"Video\"\t}","TemplatePath":"app/modules/dashboard/views/searchWidgets/findVideo.html","IsSystemLocked":false,"Category":{"Id":28,"Name":"Enterprise Search Configuration","CategoryKey":"ENTERPRISE_SEARCH","Description":"The category for enterprise search settings","ParentId":0,"OrdinalPosition":"1"},"Id":73},{"WebPartDefinitionKey":"Find_Person","Title":"Find another Person","Description":"Provides a launching point to search for people.","SubTitle":null,"WebPartIconName":null,"WidgetNotificationMode":0,"WidgetDeeplinkUrlText":null,"CategoryName":"Enterprise Search Configuration","IsWebPartEnabled":true,"TypeName":null,"WebPartServiceAgentInterfaceTypeName":null,"WebPartDefinitionXml":null,"HideWebPartHeader":false,"HideWebPartFooter":false,"IsFreeFlowing":false,"PillarKey":null,"ChromeStyle":7,"ParameterJSON":"{ \"HeaderLinkIcon\": \"\", \"IsCustomEditor\": false, \"PreviewType\": \"search\", \"WidgetContent\": [\t{ \"contentItem\": \"ENTERPRISE_SEARCH_FIND_PERSON_CONTENT_ITEM\", \"contentDescription\": \"ENTERPRISE_SEARCH_FIND_PERSON_CONTENT_DESC\", \"isLink\": false\t} ], \"icon\":\"fa-users\"\t}","TemplatePath":"app/modules/dashboard/views/searchWidgets/findPerson.html","IsSystemLocked":false,"Category":{"Id":28,"Name":"Enterprise Search Configuration","CategoryKey":"ENTERPRISE_SEARCH","Description":"The category for enterprise search settings","ParentId":0,"OrdinalPosition":"1"},"Id":74},{"WebPartDefinitionKey":"Find_Report","Title":"Find a Report","Description":"Provides a launching point to search for reports.","SubTitle":null,"WebPartIconName":null,"WidgetNotificationMode":0,"WidgetDeeplinkUrlText":null,"CategoryName":"Enterprise Search Configuration","IsWebPartEnabled":true,"TypeName":null,"WebPartServiceAgentInterfaceTypeName":null,"WebPartDefinitionXml":null,"HideWebPartHeader":false,"HideWebPartFooter":false,"IsFreeFlowing":false,"PillarKey":null,"ChromeStyle":7,"ParameterJSON":"{ \"HeaderLinkIcon\": \"\", \"IsCustomEditor\": false, \"PreviewType\": \"search\", \"WidgetContent\": [\t{ \"contentItem\": \"ENTERPRISE_SEARCH_FIND_REPORT_CONTENT_ITEM\", \"isLink\": true\t},\t{ \"contentItem\": \"ENTERPRISE_SEARCH_FIND_REPORT_CONTENT_ITEM_TWO\", \"contentDescription\": \"ENTERPRISE_SEARCH_FIND_REPORT_CONTENT_DESC_TWO\", \"isLink\": false\t} ], \"icon\":\"fa-file-text-o\"\t}","TemplatePath":"app/modules/dashboard/views/searchWidgets/findReport.html","IsSystemLocked":false,"Category":{"Id":28,"Name":"Enterprise Search Configuration","CategoryKey":"ENTERPRISE_SEARCH","Description":"The category for enterprise search settings","ParentId":0,"OrdinalPosition":"1"},"Id":75},{"WebPartDefinitionKey":"Find_Admin_Page","Title":"Find an Admin Page","Description":"Provides a launching point to search for administrator functions.","SubTitle":null,"WebPartIconName":null,"WidgetNotificationMode":0,"WidgetDeeplinkUrlText":null,"CategoryName":"Enterprise Search Configuration","IsWebPartEnabled":true,"TypeName":null,"WebPartServiceAgentInterfaceTypeName":null,"WebPartDefinitionXml":null,"HideWebPartHeader":false,"HideWebPartFooter":false,"IsFreeFlowing":false,"PillarKey":null,"ChromeStyle":7,"ParameterJSON":"{ \"HeaderLinkIcon\": \"\", \"IsCustomEditor\": false, \"PreviewType\": \"search\", \"WidgetContent\": [\t{ \"contentItem\": \"ENTERPRISE_SEARCH_FIND_ADMIN_CONTENT_ITEM\", \"contentDescription\": \"ENTERPRISE_SEARCH_FIND_ADMIN_CONTENT_DESC\", \"isLink\": false\t} ], \"icon\":\"fa-lock\"\t}","TemplatePath":"app/modules/dashboard/views/searchWidgets/findAdminPage.html","IsSystemLocked":false,"Category":{"Id":28,"Name":"Enterprise Search Configuration","CategoryKey":"ENTERPRISE_SEARCH","Description":"The category for enterprise search settings","ParentId":0,"OrdinalPosition":"1"},"Id":76},{"WebPartDefinitionKey":"Edit_Profile","Title":"Edit Your Profile","Description":"Edit your profile.","SubTitle":null,"WebPartIconName":null,"WidgetNotificationMode":0,"WidgetDeeplinkUrlText":null,"CategoryName":"Enterprise Search Configuration","IsWebPartEnabled":true,"TypeName":null,"WebPartServiceAgentInterfaceTypeName":null,"WebPartDefinitionXml":null,"HideWebPartHeader":false,"HideWebPartFooter":false,"IsFreeFlowing":false,"PillarKey":null,"ChromeStyle":7,"ParameterJSON":"{\"HeaderLinkIcon\": \"\", \"IsCustomEditor\": false, \"PreviewType\" : \"search\", \"WidgetContent\":[{ \"contentItem\": \"ENTERPRISE_SEARCH_EDIT_PROFILE_CONTENT_ITEM\", \"isLink\": true , \"link\" : \"/dash/profile\"\t}], \"icon\":\"fa-user\"}","TemplatePath":"app/modules/dashboard/views/searchWidgets/editProfile.html","IsSystemLocked":false,"Category":{"Id":28,"Name":"Enterprise Search Configuration","CategoryKey":"ENTERPRISE_SEARCH","Description":"The category for enterprise search settings","ParentId":0,"OrdinalPosition":"1"},"Id":77},{"WebPartDefinitionKey":"Find_Activity","Title":"Find an Activity","Description":"Provides a launching point to search for courses.","SubTitle":null,"WebPartIconName":null,"WidgetNotificationMode":0,"WidgetDeeplinkUrlText":null,"CategoryName":"Enterprise Search Configuration","IsWebPartEnabled":true,"TypeName":null,"WebPartServiceAgentInterfaceTypeName":null,"WebPartDefinitionXml":null,"HideWebPartHeader":false,"HideWebPartFooter":false,"IsFreeFlowing":false,"PillarKey":null,"ChromeStyle":7,"ParameterJSON":"{ \"HeaderLinkIcon\": \"\", \"IsCustomEditor\": false, \"PreviewType\": \"search\", \"WidgetContent\": [\t{ \"contentItem\": \"ENTERPRISE_SEARCH_FIND_ACTIVITY_CONTENT_ITEM\", \"contentDescription\": \"ENTERPRISE_SEARCH_FIND_ACTIVITY_CONTENT_DESC\", \"isLink\": false\t},\t{ \"contentItem\": \"ENTERPRISE_SEARCH_FIND_ACTIVITY_CONTENT_ITEM_TWO\", \"contentDescription\": \"ENTERPRISE_SEARCH_FIND_ACTIVITY_CONTENT_DESC_TWO\", \"contentLink\": \"ENTERPRISE_SEARCH_LEARNER_DASHBOARD_LINK\", \"isLink\": true, \"link\":\"/dash/learning\"\t} ], \"icon\":\"fa-edit\", \"catalogItem\":\"Activity\"\t}","TemplatePath":"app/modules/dashboard/views/searchWidgets/findActivity.html","IsSystemLocked":false,"Category":{"Id":28,"Name":"Enterprise Search Configuration","CategoryKey":"ENTERPRISE_SEARCH","Description":"The category for enterprise search settings","ParentId":0,"OrdinalPosition":"1"},"Id":78},{"WebPartDefinitionKey":"Find_Job","Title":"Find A Job","Description":"Here are a few different ways to find a job:","SubTitle":null,"WebPartIconName":null,"WidgetNotificationMode":0,"WidgetDeeplinkUrlText":null,"CategoryName":"Enterprise Search Configuration","IsWebPartEnabled":true,"TypeName":null,"WebPartServiceAgentInterfaceTypeName":null,"WebPartDefinitionXml":null,"HideWebPartHeader":false,"HideWebPartFooter":false,"IsFreeFlowing":false,"PillarKey":null,"ChromeStyle":7,"ParameterJSON":"{ \"HeaderLinkIcon\": \"\", \"IsCustomEditor\": false, \"PreviewType\": \"search\", \"WidgetContent\": [\t{ \"contentItem\": \"ENTERPRISE_SEARCH_FIND_JOB_CONTENT_ITEM\", \"isLink\": true\t},\t{ \"contentItem\": \"ENTERPRISE_SEARCH_FIND_JOB_CONTENT_ITEM_TWO\", \"contentDescription\": \"ENTERPRISE_SEARCH_FIND_JOB_CONTENT_DESC_TWO\", \"isLink\": false\t} ], \"icon\":\"fa-search\"\t}","TemplatePath":"app/modules/dashboard/views/searchWidgets/findJob.html","IsSystemLocked":false,"Category":{"Id":28,"Name":"Enterprise Search Configuration","CategoryKey":"ENTERPRISE_SEARCH","Description":"The category for enterprise search settings","ParentId":0,"OrdinalPosition":"1"},"Id":86}]},{"Category":{"Id":1,"Name":"Portal","CategoryKey":"TRANSLATIONS_PORTAL","Description":"The root category to store translation strings for the Portal.","ParentId":0,"OrdinalPosition":"1"},"Definitions":[{"WebPartDefinitionKey":"my_reports","Title":"Embedded Report","Description":"Pins a report from Advanced Reporting on the dashboard.","SubTitle":"Advanced Reporting","WebPartIconName":null,"WidgetNotificationMode":0,"WidgetDeeplinkUrlText":null,"CategoryName":"Portal","IsWebPartEnabled":true,"TypeName":null,"WebPartServiceAgentInterfaceTypeName":null,"WebPartDefinitionXml":null,"HideWebPartHeader":false,"HideWebPartFooter":false,"IsFreeFlowing":false,"PillarKey":"AdvancedReport","ChromeStyle":7,"ParameterJSON":"{\"HeaderLinkIcon\": \"\", \"IsCustomEditor\": false, \"PreviewType\" : \"report\", \"reportUrl\": \"\", \"showToolbar\":\"\"}","TemplatePath":"app/modules/dashboard/views/webparts/MyReport.html","IsSystemLocked":false,"Category":{"Id":1,"Name":"Portal","CategoryKey":"TRANSLATIONS_PORTAL","Description":"The root category to store translation strings for the Portal.","ParentId":0,"OrdinalPosition":"1"},"Id":88},{"WebPartDefinitionKey":"reporting_widget","Title":"Report List","Description":"Displays selected Advanced Reporting reports in a list. Users can click to view a report in a slide-out panel.","SubTitle":"Advanced Reporting","WebPartIconName":null,"WidgetNotificationMode":0,"WidgetDeeplinkUrlText":null,"CategoryName":"Portal","IsWebPartEnabled":true,"TypeName":null,"WebPartServiceAgentInterfaceTypeName":null,"WebPartDefinitionXml":null,"HideWebPartHeader":false,"HideWebPartFooter":false,"IsFreeFlowing":false,"PillarKey":"AdvancedReport","ChromeStyle":7,"ParameterJSON":"{\"HeaderLinkIcon\": \"\", \"IsCustomEditor\": false, \"PreviewType\" : \"reportList\", \"reportUrl\": \"\", \"showToolbar\":\"\"}","TemplatePath":"app/modules/dashboard/views/webparts/widgetARWidget.html","IsSystemLocked":false,"Category":{"Id":1,"Name":"Portal","CategoryKey":"TRANSLATIONS_PORTAL","Description":"The root category to store translation strings for the Portal.","ParentId":0,"OrdinalPosition":"1"},"Id":89}]},{"Category":{"Id":94,"Name":"Requisition","CategoryKey":"WebPartDefinition_Requisition","Description":"Category for Requisition widget.","ParentId":1,"OrdinalPosition":null},"Definitions":[{"WebPartDefinitionKey":"Requisition_Widget","Title":"Requisition Summary","Description":"Displays key summary information about the requisition","SubTitle":"Requisition Summary","WebPartIconName":null,"WidgetNotificationMode":0,"WidgetDeeplinkUrlText":null,"CategoryName":"Requisition","IsWebPartEnabled":true,"TypeName":null,"WebPartServiceAgentInterfaceTypeName":null,"WebPartDefinitionXml":null,"HideWebPartHeader":false,"HideWebPartFooter":false,"IsFreeFlowing":false,"PillarKey":null,"ChromeStyle":7,"ParameterJSON":"{\"HeaderLinkIcon\": \"\", \"IsCustomEditor\": false, \"PreviewType\" : \"table\"}","TemplatePath":"app/modules/dashboard/views/webparts/widgetRequisitionSummary.html","IsSystemLocked":false,"Category":{"Id":94,"Name":"Requisition","CategoryKey":"WebPartDefinition_Requisition","Description":"Category for Requisition widget.","ParentId":1,"OrdinalPosition":null},"Id":100},{"WebPartDefinitionKey":"Requisition_Widget","Title":"Candidate Summary","Description":"Displays candidates by recruiting phase","SubTitle":"Candidate Summary","WebPartIconName":null,"WidgetNotificationMode":0,"WidgetDeeplinkUrlText":null,"CategoryName":"Requisition","IsWebPartEnabled":true,"TypeName":null,"WebPartServiceAgentInterfaceTypeName":null,"WebPartDefinitionXml":null,"HideWebPartHeader":false,"HideWebPartFooter":false,"IsFreeFlowing":false,"PillarKey":null,"ChromeStyle":7,"ParameterJSON":"{\"HeaderLinkIcon\": \"\", \"IsCustomEditor\": false, \"PreviewType\" : \"table\"}","TemplatePath":"app/modules/dashboard/views/webparts/widgetCandidateSummary.html","IsSystemLocked":false,"Category":{"Id":94,"Name":"Requisition","CategoryKey":"WebPartDefinition_Requisition","Description":"Category for Requisition widget.","ParentId":1,"OrdinalPosition":null},"Id":101},{"WebPartDefinitionKey":"Requisition_Widget","Title":"Recently Accessed Applications","Description":"Displays 10 most recently accessed applications for a requisition","SubTitle":"Requisition Summary","WebPartIconName":null,"WidgetNotificationMode":0,"WidgetDeeplinkUrlText":null,"CategoryName":"Requisition","IsWebPartEnabled":true,"TypeName":null,"WebPartServiceAgentInterfaceTypeName":null,"WebPartDefinitionXml":null,"HideWebPartHeader":false,"HideWebPartFooter":false,"IsFreeFlowing":false,"PillarKey":null,"ChromeStyle":7,"ParameterJSON":"{\"HeaderLinkIcon\": \"\", \"IsCustomEditor\": false, \"PreviewType\" : \"table\"}","TemplatePath":"app/modules/dashboard/views/webparts/widgetRecentlyAccessedRequisition.html","IsSystemLocked":false,"Category":{"Id":94,"Name":"Requisition","CategoryKey":"WebPartDefinition_Requisition","Description":"Category for Requisition widget.","ParentId":1,"OrdinalPosition":null},"Id":102}]}]},
        mustSetSecurityQuestions: _.cloneDeep(root.tempStaticData.MustSetSecurityQuestions),
        esbApiRoot: 'https://cl12sales.sumtotaldevelopment.net/Services/api/',
        useCommonHelpUrl: true,
        commonHelpUrl: 'https://help.sumtotaldevelopment.net/',
        tenantName : 'SumTotal'
      });

      staticData.appUris.makeWorkerUri = function (relativePathToWorker) {
        var uri = null;

        if(staticData.debugEnabled) {
          uri = new URI('app/modules/', staticData.appUris.tenantRoot);
        } else {
          uri = new URI('dist/app/modules/', staticData.appUris.tenantRoot);
        }

        uri = new URI(relativePathToWorker, uri);

        return uri.toString();
      };

      return staticData;
    };
  }));
</script>
    <script type="text/javascript">
      (function(root, factory, errorHandler) {
        root.jQuery(root.document).ready(function() {
          root.require(['main'], factory(root));
        });
      }(this, function(root) {
        return function(main) {
          if(root.debugEnabled) {
            console.log('Main resources have been loaded.', main);
          }
        }
      }, function(error) {
        console.error(error);
      }));
    </script>
  </div>


<input id="textAngular-editableFix-010203040506070809" class="ta-hidden-input" unselectable="on" tabindex="-1"></body>

2018-08-16 16:26:06 - [TEST_STEP][PASSED] - comment: printing string anuadha

2018-08-16 16:26:06 - [TEST_STEP][PASSED] - Statement - startString = s.lastIndexOf("esbApiToken") + "esbApiToken".length() + 1: null

2018-08-16 16:26:06 - [TEST_STEP][PASSED] - Statement - substring = s.substring(startString): null

2018-08-16 16:26:06 - [TEST_STEP][PASSED] - comment: substring 'eyJ0eXAiOiJKV1QiLCJhbGciOiJIUzI1NiJ9.eyJpc3MiOiJodHRwOlwvXC93d3cuc3VtdG90YWxzeXN0ZW1zLmNvbVwvY29yZXVpIiwic3ViIjoiYWRtaW4iLCJhdWQiOiJDTDEyX1NBTEVTX1RFU1QiLCJleHAiOjYzNjcwMDE0NjY0MDA1MjIyMywibmJmIjowLCJpYXQiOjYzNjcwMDEzNzY0NDg5NjA4NCwiYnNlc3Npb25pZCI6IjE0YmM2MDM1NTYwYzQ3N2FiOWQ5NzJiNTE2NGRkMjZiIiwiZXVzcmlkIjpudWxsLCJldXNybiI6bnVsbCwiY3VsIjoiZW4tVVMiLCJ1c2VyaWQiOiIxIiwiZ3Vlc3RhY2NvdW50IjowLCJwZXJzb25pZCI6LTEsImlzZXh0ZXJuYWwiOmZhbHNlLCJycGtleSI6IkVMSVhIUlVJIn0.907649903771895462BB690BBA0A7D28F9581D706E6AC489189D15C1AB565C91',
          getSearchBinCountsUrl:'https://cl12sales.sumtotaldevelopment.net/Services/api/search/getSearchBinCounts',
          retrieveObjectSearchDiagnosticsUrl:'https://cl12sales.sumtotaldevelopment.net/Services/api/search/retrieveObjectSearchDiagnostics',
          getDocumentCountsUrl:'https://cl12sales.sumtotaldevelopment.net/Services/api/search/GetIndexableDocumentCounts',
          forceFullSearchUrl:'https://cl12sales.sumtotaldevelopment.net/Services/api/search/ForceFullSearchForBins',
          saveFavoriteJobUrl:'https://cl12sales.sumtotaldevelopment.net/Services/api/job/SaveFavoriteJob',
        },
        social:{
          getMyFeedUrl:'https://cl12sales.sumtotaldevelopment.net/Services/api/social/GetMyFeed',
          postMessageToYammer:'https://cl12sales.sumtotaldevelopment.net/Services/api/social/PostMessage',
          getAvailableGroupsUrl:'https://cl12sales.sumtotaldevelopment.net/Services/api/social/GetAvailableGroups',
          createGroupUrl:'https://cl12sales.sumtotaldevelopment.net/Services/api/social/CreateGroup',
          deleteGroupUrl:'https://cl12sales.sumtotaldevelopment.net/Services/api/social/DeleteGroup',
          deleteGroupMembershipUrl:'https://cl12sales.sumtotaldevelopment.net/Services/api/social/DeleteGroupMembership',
          addGroupMembershipUrl:'https://cl12sales.sumtotaldevelopment.net/Services/api/social/AddGroupMembership',
          getCurrentUserDataURL:'https://cl12sales.sumtotaldevelopment.net/Services/api/social/GetCurrentUserData',
          getAllUsersURL:'https://cl12sales.sumtotaldevelopment.net/Services/api/social/GetAllUsers',
          getGroupByIdUrl:'https://cl12sales.sumtotaldevelopment.net/Services/api/social/GetGroupById',
          validateGroupNameUrl:'https://cl12sales.sumtotaldevelopment.net/Services/api/social/ValidateGroupName',
          searchGroupUrl:'https://cl12sales.sumtotaldevelopment.net/Services/api/social/SearchGroup'
        },
        timeline:{
          approveTask:'https://cl12sales.sumtotaldevelopment.net/Services/api/timelineapi/ApproveTask',
        },
        bigData: {
          DismissEmployeeRecommendationsUrl: '/Core/Core/api/bigdataapi/DismissEmployeeRecommendations',
          CourseRecommendationForUserUrl: '/Core/Core/api/bigdataapi/GetCourseRecommendationForUser',
          getEmployeePositionFitData: '/Core/Core/api/bigdataapi/RetrieveEmployeePositionFitData',
          GetViewableJobsForUser: '/Core/Core/api/bigdataapi/GetViewableJobsForUser',
          SaveEmployeeRecommendPosition: '/Core/Core/api/bigdataapi/SaveEmployeeRecommendPosition',
          SaveEmployeeRecommendInterest:'/Core/Core/api/bigdataapi/SaveEmployeeRecommendInterest',
          GetViewableSubNodesForJob: '/Core/Core/api/bigdataapi/GetViewableSubNodesForJob',
          GetViewableNodesForJob :'/Core/Core/api/bigdataapi/GetViewableNodesForJob',
          GetJobByPersonId :'/Core/Core/api/bigdataapi/GetJobByPersonId',
          addOrRemoveJobFitAnalysis :'/Core/Core/api/bigdataapi/AddOrRemoveJobFitAnalysis',
          //External Job Recommendation Implementation
          GetViewableExternalJobsForUser: '/Core/Core/api/bigdataapi/GetViewableExternalJobsForUser'
        },
        translations: {
          retrieveTranslations: '/Core/Core/api/translationapi/RetrieveTranslations',
          getTranslationsForModelUrl: '/Core/Core/api/translationapi/GetTranslationsForModel' + '?modelTypeFullName=',
          getTranslationsForObjectUrl: '/Core/Core/api/translationapi/GetTranslationsForObject' + '?modelTypeFullName=',
          saveTranslationsForModelUrl: '/Core/Core/api/translationapi/SaveTranslationsForModel' + '?modelTypeFullName=',
          GetTranslationsForModelAndObjectUrl: '/Core/Core/api/translationapi/GetTranslationsForModelAndObject',
          saveTranslationsForModelAndObjectUrl: '/Core/Core/api/translationapi/SaveTranslationsForModelAndObject',
          getTranslationDefinitionsByCategoryUrl: '/Core/Core/api/translationapi/GetTranslationDefinitionsByCategory',
          getStaticTranslationsForEditorUrl: '/Core/Core/api/translationapi/GetStaticTranslationsForEditor',
          saveStaticTranslationsUrl: '/Core/Core/api/translationapi/SaveStaticTranslations',
          getTranslationCategoriesUrl: '/Core/Core/api/translationapi/GetTranslationCategories',
          getTranslationsUrl:'https://cl12sales.sumtotaldevelopment.net/Services/api/i18n',
        },
        settings: {
          retrieveSettings: '/Core/Core/api/settingapi/RetrieveSettings',
          saveSettings: '/Core/Core/api/settingapi/SaveSettings',
          getSettingsForPreferenceScreen: '/Core/Core/api/settingapi/GetSettingsForPreferenceScreen',
          getSettings: '/Core/Core/api/settingapi/GetSettings',
          saveSettingsForPreferenceScreen: '/Core/Core/api/settingapi/SaveSettingsForPreferenceScreen',
          deleteSettings: '/Core/Core/api/settingapi/DeleteSettings',
          getObjectCriteriaSettings: '/Core/Core/api/settingapi/GetObjectCriteriaSettings',
          SaveObjectCriteriaSettings: '/Core/Core/api/settingapi/SaveObjectCriteriaSettings',
          getTimelineSortOptions: '/Core/Core/api/settingapi/GetTimelineSortOptions'

        },
        mobileConfiguration: {
          getMobileConfiguration: '/Core/Core/api/settingapi/getMobileConfiguration',
          setMobileConfiguration: '/Core/Core/api/settingapi/setMobileConfiguration'
        },
        personalization: {
          retrievePersonalization: '/Core/Core/api/dashboardingapi/RetrievePersonalization',
          retrievePersonalizationType: '/Core/Core/api/dashboardingapi/RetrievePersonalizationType'
        },
        dashboard: {
          getWidget: '/Core/Core/api/dashboardingapi/GetWidgetData',
          saveWidget: '/Core/Core/api/dashboardingapi/SaveWidgetData',
          getMyTasksforNotificationURL: '/Core/Core/api/mytasksapi/GetTimelineNotifications',
          clearWidgetDataCache: '/Core/Core/api/dashboardingapi/ClearWidgetDataCache',
          clearSecurityCache: '/Core/Core/api/dashboardingapi/ClearSecurityCache',
          saveWidgetDashboard: '/Core/Core/api/dashboardingapi/SaveWidgetDashboardData',
          removeDashboard: '/Core/Core/api/dashboardingapi/RemoveDashboardData',
          removeDashboardPage: '/Core/Core/api/dashboardingapi/RemoveDashboardPageData',
          copyDashboard: '/Core/Core/api/dashboardingapi/CopyDashboard',
          copyDashboardPage: '/Core/Core/api/dashboardingapi/CopyDashboardPage',
          myTasksRefresh: '/Core/Core/api/mytasksapi/GetMyTasks',
          retrieveSingleWebPartsData: '/Core/Core/api/dashboardingapi/RetrieveSingleWebPartsData',
          resetDashboardPage: '/Core/Core/api/dashboardingapi/ResetDashboardPage',
          registrationRedirection:'/Core/Core/api/dashboardingapi/GetRegistrationRedirectionData',
          getAllDashboardPages:'/Core/Core/api/dashboardingapi/LoadAllWebPartPages',
		      setUserDefaultDashboard: '/Core/Core/api/dashboardingapi/SetUserDefaultDashboard',
          setDashboardPagePriority: '/Core/Core/api/dashboardingapi/SetDashboardPagePriority',
          getLandingPageDashboardPages:'/Core/Core/api/dashboardingapi/GetLandingPageDashboardPages',
          common: {
            retrieveEmployeePopupDetails: '/Core/Core/api/dashboardingapi/RetrieveEmployeePopupDetails'
          },
          webClock: {
            savePunch: '/Core/Core/api/dashboardingapi/SavePunchDetails',
            getPunch: '/Core/Core/api/dashboardingapi/LastPunchDetails',
            getPositionFromSearch:'/Core/Core/api/dashboardingapi/GetWFMSearch',
            getCostCenterFromSearch:'/Core/Core/api/dashboardingapi/GetWFMSearch',
            getWorkOrderFromSearch:'/Core/Core/api/dashboardingapi/GetWFMSearch',
            getWorkItemFromSearch:'/Core/Core/api/dashboardingapi/GetWFMSearch',
            saveCCP:'/Core/Core/api/dashboardingapi/SaveCCP'
          }
        },
        theming: {
          markThemeActive: '/Core/Core/api/themingapi/MarkThemeActive',
          markThemeAsDefault: '/Core/Core/api/themingapi/MarkThemeAsDefault',
          getHttpRequest: '/Core/Core/api/themingapi/GetHttpRequest',
          loadAllThemes: '/Core/Core/api/themingapi/LoadAllThemes',
          loadEditorViewData: '/Core/Core/api/themingapi/LoadEditorViewData',
          loadLessFiles: '/Core/Core/api/themingapi/LoadLessFiles',
          saveTheme: '/Core/Core/api/themingapi/SaveTheme',
          deleteTheme: '/Core/Core/api/themingapi/DeleteTheme',
          saveThemePrecedenceValues: '/Core/Core/api/themingapi/SaveThemePrecedenceValues',
          proxy: '/Core/proxy.html2canvas'
        },
        user: {
          getPersonIdByNumber: '/Core/Core/api/UserApi/GetPersonIdByNumber',
          getPersonNumberByIdUrl: 'https://cl12sales.sumtotaldevelopment.net/Services/api/core/person/GetPersonNumberById',
          getLoggedInPersonId: '/Core/Core/api/UserApi/GetLoggedInPersonId',
          profileOverview: '/Core/Core/api/profiledata/getprofileoverview',
          employeeMetricsData: '/Core/Core/api/profiledata/GetDataForEnabledProfileSections',
          getUserMiniProfile: '/Core/Core/api/profiledata/GetUserMiniProfile',
          directReportProfileOverview: '/Core/Core/api/profiledata/getprofileoverview',
          getRelationship: '/Core/Core/api/profiledata/getrelationship',
          GetOverAllPerformanceUrl : '/Core/Core/api/UserApi/GetPerformanceRatings',
          GetRecommendedLearningsUrl : '/Core/Core/api/UserApi/GetRecommendedLearnings'+ '?userId=' + '0B2C41BD84D9677058BDB058FB29D1CB' + '&viewPersonId=',
          GetPerformanceHistoryUrl : '/Core/Core/api/UserApi/GetPerformanceHistory',
          getGoalsForUserUrl: '/Core/Core/api/UserApi/GetGoalsForUser',
          getGoalDetailsForUserUrl: '/Core/Core/api/UserApi/GetGoalDetailsForUser',
          getGoalDetailsForTeamUrl: '/Core/Core/api/UserApi/GetGoalDetailsForTeam',
          saveGoalDetailsForUserUrl: '/Core/Core/api/UserApi/SaveGoalDetailsForUser',
          getCompensationDetails: '/Core/Core/api/UserApi/GetCompensationDetails',
          getOverAllCompensation: '/Core/Core/api/UserApi/GetCompensationRatings',
          getResumeData: '/Core/Core/api/resumeapi/GetResumeData?pId=0B2C41BD84D9677058BDB058FB29D1CB',
          getResumeDataForTimeline: '/Core/Core/api/resumeapi/GetResumeData',
          getTeachingActivityUrl: '/Core/Core/api/UserApi/GetTeachingActivityDetails',
          getTeamHeaderCountsUrl: '/Core/Core/api/UserApi/GetTeamHeaderCounts',
          getOTPForBrowserExtension:'/Core/Core/api/UserApi/GetOTPForBrowserExtension',
        },

        organization: {
          keyMeasureData: '/Core/Core/api/orgchartapi/getkeymeasures',
          metricBarMetrics: '/Core/Core/api/orgchartapi/getmetricbarmetrics',
          metricBarMetricsForListOfUsers: '/Core/Core/api/orgchartapi/getmetricbarmetricsforlistofusers',
          saveNewHierarchyDetailsUrl: '/Core/Core/api/OrganizationApi/SaveNewHierarchyDetails',
          getCurrentHierarchiesUrl: '/Core/Core/api/OrganizationApi/GetCurrentHierarchies',
          getHierarchyDetailsUrl: '/Core/Core/api/OrganizationApi/GetHierarchyDetails' + '?hierarchyPK=',
          getChildOrganizationsUrl: '/Core/Core/api/OrganizationApi/GetChildOrganizations' + "?",//hierarchyPK=&organizationPK=
          getCodeByCatcdUrl: '/Core/Core/api/lookupsapi/codecats' + '?catcode=',
          getAutoGenOrgCode: '/Core/Core/api/OrganizationApi/GetAutoGenOrgCode',
          getCurrencyList: '/Core/Core/api/OrganizationApi/GetCurrencyList',
          getOrganizationUrl: '/Core/Core/api/OrganizationApi/GetOrganization' + '?organizationPK=',
          saveNewOrganizationDetailsUrl: '/Core/Core/api/OrganizationApi/SaveNewOrganizationDetails',
          createOrEditOrganizationUrl: '/Core/Core/api/OrganizationApi/CreateOrEditOrganization',
          DeleteOrganizationHierarchyUrl: '/Core/Core/api/OrganizationApi/DeleteOrganizationHierarchy',
          addUserByListUrl: '/Core/Core/api/OrganizationApi/AddUserByList',
          ConvertToDomainUrl: '/Core/Core/api/OrganizationApi/ConvertToDomain',
          getAllOrganization: '/Core/Core/api/OrganizationApi/SearchOrganization',
          getPermissionUrl: '/Core/Core/api/OrganizationApi/GetPermission',
          getInstalledPillars: '/Core/Core/api/jobapi/GetInstalledPillars',
          addUserInfoUrl: '/Core/Core/api/OrganizationApi/GetUserInfo',
          getOrgUserUrl: '/Core/Core/api/OrganizationApi/GetOrganizationUsers',
          getAudienceUrl: '/Core/Core/api/OrganizationApi/GetAudience',
          addUserByAudience: '/Core/Core/api/OrganizationApi/AddUserByAudience',
          exportOrganizationsURL: '/Core/Core/api/OrganizationApi/exportOrganization',
          
          editOrg: '/Core/Core/api/OrganizationApi/editOrgUser',
          deleteOrgUsersUrl: '/Core/Core/api/OrganizationApi/deleteOrgUsers',
          timeLineData: '/Core/Core/api/orgchartapi/gettimelinedata' + '?key=',
          employeeSearchForUser: '/Core/Core/api/orgchartapi/EmployeeSearchForUser',
          getSingleSupervisorHierarchyNode: '/Core/Core/api/orgchartapi/GetSingleSupervisorHierarchyNode',
          getSupervisorHierarchy: '/Core/Core/api/orgchartapi/GetSupervisorHierarchy',
          getPositionHierarchy: '/Core/Core/api/orgchartapi/GetPositionHierarchy',
          getDataForEnabledProfileSections: '/Core/Core/api/orgchartapi/GetDataForEnabledProfileSections',
          getAllMetrics: '/Core/Core/api/orgchartapi/GetAllMetrics',
          getSuccessorsForJobPosition: '/Core/Core/api/orgchartapi/GetSuccessorsForJobPosition',
          updateSuccessionForJobPosition: '/Core/Core/api/orgchartapi/UpdateSuccessionForJobPosition',
          getSpecifiedActivities: '/Core/Core/api/orgchartapi/GetSpecifiedActivities',
          getSettings: '/Core/Core/api/orgchartapi/GetSettings',
          isParentOrgURL :'/Core/Core/api/OrganizationApi/IsParentOrganization',
        },
        org: {
          GetUplineHierarchy: '/Core/Core/api/orgchartapi/GetUplineHierarchy',
          GetDirectReportsData: '/Core/Core/api/orgchartapi/GetDirectReportsData',
          GetManagerData: '/Core/Core/api/orgchartapi/GetManagerData',
        },
        tasks:{
          mytasks: '/Core/Core/api/mytasksapi/GetMyTasks' ,
          loadTimelineNotificationCount: '/Core/Core/api/mytasksapi/LoadTimelineNotificationCount' ,
          learningTasks: '/Core/Core/api/mytasksapi/GetLearningTasks',
          learningTasksCount: '/Core/Core/api/mytasksapi/GetLearningTasksCount',
        },
        myteam:
        {
          directReport : '/Core/Core/api/myteam/getteammember?mgrId=0B2C41BD84D9677058BDB058FB29D1CB' ,
          directReportProfileOverview: '/Core/Core/api/profiledata/getprofileoverview'
        },
        security:{
          GetPortalSecuredRoutesUrl: '/Core/Core/api/securityapi/GetPortalSecuredRoutes',
          ListPermissionLevelsUrl: '/Core/Core/api/securityapi/ListPermissionLevels',
          LoadPermissionLevelByIdUrl: '/Core/Core/api/securityapi/LoadPermissionLevelById',
          GetRelationshipTo: '/Core/Core/api/securityapi/GetRelationship',
          ListSecurityGroupsUrl: '/Core/Core/api/securityapi/ListSecurityGroups',
          GetSecurityGroupsForUserUrl: '/Core/Core/api/securityapi/GetSecurityGroupsForUser',
          LoadSecurityGroupByIdUrl: '/Core/Core/api/securityapi/LoadSecurityGroupById',
          DeletePermissionLevelDataUrl: '/Core/Core/api/securityapi/DeletePermissionLevel',
          SavePermissionLevelDataUrl: '/Core/Core/api/securityapi/SavePermissionLevel',
          SaveSecurityGroupUrl: '/Core/Core/api/securityapi/SaveSecurityGroup',
          ListPermissionDefinitionsUrl: '/Core/Core/api/securityapi/ListPermissionDefinitions',
          DeleteSecurityGroupDataUrl: '/Core/Core/api/securityapi/DeleteSecurityGroup',
          //GetApplicationRoleTypesUrl: '/Core/Core/api/securityapi/GetApplicationRoleTypes',
          GetApplicationRoleTypesUrl: '/Core/Core/api/securityapi/GetAllPortalRoles',
          GetAllPortalRolesUrl: '/Core/Core/api/securityapi/GetAllPortalRoles',
          SearchApplicationRolesUrl: '/Core/Core/api/securityapi/SearchApplicationRoles',
          ListPermissionDefinitionsByObjTypeUrl: '/Core/Core/api/securityapi/ListPermissionDefinitionsByObjType',
          GetSecurityGroupObjectPermissionsUrl: '/Core/Core/api/securityapi/ListSecurityGroupObjectPermissions',
          AddUpdateSecurityGroupObjectPermissionsUrl: '/Core/Core/api/securityapi/AddUpdateSecurityGroupObjectPermission',
          GetMasterSitemapForPMConfigurationUrl: '/Core/Core/api/securityapi/GetMasterSitemapForPMConfiguration',
          GetBreadcrumbDataForSitemapNodeUrl: '/Core/Core/api/securityapi/GetBreadcrumbDataForSitemapNode',

          SaveMasterSitemapForPMConfigurationUrl: '/Core/Core/api/securityapi/SaveMasterSitemapForPMConfiguration',
          GetAllRelyingPartiesUrl: '/Core/Core/api/securityapi/GetRelyingPartiesForCurrentTenant',
          DeleteSitemapNodeUrl: '/Core/Core/api/securityapi/DeleteSitemapNode',
          ResetChangePasswordByAdmin: '/Core/Core/api/securityapi/ResetChangePasswordByAdmin',
          GetPasswordRules: '/Core/Core/api/securityapi/GetPasswordRules',
          DeleteSitemapNodeUrl: '/Core/Core/api/securityapi/DeleteSitemapNode',
          GetUserLoginHistoryUrl: '/Core/Core/api/securityapi/GetUserLoginHistory',
          getSecurityRelationshipNameList: '/Core/Core/api/profiledata/GetSecurityRelationshipNameList',
          getSecurityRelationship: '/Core/Core/api/profiledata/GetSecurityRelationship',
          getSecurityRelationshipCategoryList: '/Core/Core/api/profiledata/GetSecurityRelationshipCategoryList',
          GetEmployeeProfileSitemap: '/Core/Core/api/securityapi/GetEmployeeProfileSitemap',
          addSecurityRelationship: '/Core/Core/api/profiledata/AddSecurityRelationship',
          updateSecurityRelationship: '/Core/Core/api/profiledata/UpdateSecurityRelationship',
          deleteSecurityRelationship: '/Core/Core/api/profiledata/DeleteSecurityRelationship',
          getMultiLangDetails: '/Core/Core/api/profiledata/GetMultiLangDetails',
          ResetSecurityGroupObjectPermissionUrl: '/Core/Core/api/securityapi/ResetSecurityGroupObjectPermission',
          InheritSecurityGroupObjectPermissionsUrl: '/Core/Core/api/securityapi/InheritSecurityGroupObjectPermissions',

          GetESignatureSettings: '/Core/Core/api/securityapi/GetESignatureSettings',
          ListObjectSecurityGroupsUrl: '/Core/Core/api/securityapi/ListObjectSecurityGroups',
          apiTokenUrl: '/Core/Core/api/securityapi/retrieveApiToken',
          GetUAToken: '/Core/Core/api/securityapi/GetUAToken',
          EmulateProfileByAdmin: '/Core/Core/api/securityapi/EmulateProfileByAdmin',
          IsModuleLicensed: '/Core/Core/api/securityapi/IsModuleLicensed',
          GetSecurityPermissions: '/Core/Core/api/securityapi/GetSecurityPermissions',
          getPageHelpUrl: '/Core/Core/api/securityapi/GetPageHelpUrl'

        },
        library:
        {
          libraryApiURL:'/Core/Core/api/libraryapi/GetCatalogs',
          libraryGetTopicURL:'/Core/Core/api/libraryapi/GetCurrentTopic',
          relatedTopicsApiURL:'/Core/Core/api/libraryapi/GetRelatedTopics'
        },
        trainingActivity:
        {
          activityApi:'/Core/Core/api/trainingapi/GetActivitySummaryDetails'
        },
        eSignature:
        {
          eSignatureApi:'/Core/Core/api/esignatureapi/GetESignatureTranslation'
        },
        password:
        {
          ListProhibitedWordUrl: '/Core/Core/api/passwordmanagerapi/ListProhibitedWords',
          ListSecurityQuestionsUrl: '/Core/Core/api/passwordmanagerapi/ListSecurityQuestions',
          GetUserLanaguageListUrl: '/Core/Core/api/passwordmanagerapi/GetUserLanaguageList',
          SaveSecurityQuestionsUrl: '/Core/Core/api/passwordmanagerapi/SaveSecurityQuestion',
          ListUserSecQuestionsUrl: '/Core/Core/api/passwordmanagerapi/ListUserSecQuestions',
          SaveUserSecQuestionsDataUrl: '/Core/Core/api/passwordmanagerapi/SaveUserSecQuestions',
          SavePasswordPolicyUrl: '/Core/Core/api/passwordmanagerapi/SavePasswordPolicy',
          GetPasswordPolicyUrl: '/Core/Core/api/passwordmanagerapi/GetPasswordPolicies',
          GetPasswordPolicyByIdUrl: '/Core/Core/api/passwordmanagerapi/GetPasswordPolicyById',
          GetPasswordPolicyForUserUrl: '/Core/Core/api/passwordmanagerapi/GetPasswordPolicyForUser',
          GetPasswordRulesForUserUrl: '/Core/Core/api/passwordmanagerapi/GetPasswordRulesForUser',
          GetSecurityQuestionsForUserUrl: '/Core/Core/api/passwordmanagerapi/GetSecurityQuestionsForUser',
          DeletePasswordPoliciesUrl: '/Core/Core/api/passwordmanagerapi/DeletePasswordPolicies',
          SaveProhibitedWordsDataUrl: '/Core/Core/api/passwordmanagerapi/SaveProhibitedWords',
          GetRulesAndSettingsUrl: '/Core/Core/api/passwordmanagerapi/GetRulesAndSettings',
          SaveRulesAndSettingsUrl: '/Core/Core/api/passwordmanagerapi/SaveRulesAndSettings',
          SaveEntityAssignmentUrl: '/Core/Core/api/passwordmanagerapi/SaveEntityAssignment',
          GetPasswordSettingsUrl: '/Core/Core/api/passwordmanagerapi/GetPasswordSettings',
          SavePasswordSettingsUrl: '/Core/Core/api/passwordmanagerapi/SavePasswordSettings',
          ResetPasswordUrl: '/Core/Core/api/passwordmanagerapi/ResetPassword'
        },
        myprofile:{
          getWorkerPersonalDetailsUrl: '/Core/Core/api/profiledata/GetWorkerPersonalDetails',
          saveWorkerPersonalDetailsUrl: '/Core/Core/api/profiledata/SaveWorkerPersonalDetails',
          getWorkerProfileUrl: '/Core/Core/api/profiledata/GetWorkerProfile',
          getWorkerBasicProfileUrl: '/Core/Core/api/profiledata/GetWorkerBasicProfile',
          disabledUserProfileUrl: '/Core/Core/api/profiledata/DisableUserLogins',
          enabledUserProfileUrl: '/Core/Core/api/profiledata/EnableUserLogins',
          terminatePersonDetailsUrl: '/Core/Core/api/profiledata/TerminateWorkerProfile',
          restorePersonDetailsUrl: '/Core/Core/api/profiledata/RestoreWorkerProfile',
          getReassignManagerData: '/Core/Core/api/profiledata/GetReassignManagerData',
          getUsersForReassignManager: '/Core/Core/api/profiledata/getUsersForReassignManager',
          updateUsersReassignManager: '/Core/Core/api/profiledata/UpdateUsersReassignManager',
          getPendingTasksForChangeManager: '/Core/Core/api/profiledata/GetPendingTasksForChangeManager',
          updatePersonRelationDetails: '/Core/Core/api/profiledata/UpdateManagerForPerson',
          getSearchUsers: '/Core/Core/api/profiledata/SearchUser',
          getFreeTextSearchUsers: '/Core/Core/api/profiledata/FreeTextUserSearch',
          getAllUser: '/Core/Core/api/profiledata/GetAllUser',
          exportUsers: '/Core/Core/api/profiledata/ExportUsers',
          removeAccount: '/Core/Core/api/profiledata/RemoveAccount',
          getSecurityRightsUrl: '/Core/Core/api/profiledata/GetSecurityRights',
          getMergeUserConflicts: '/Core/Core/api/profiledata/MergeUserConflicts',
          getTMCheckMergeUser: '/Core/Core/api/profiledata/TMCheckMergeUser',
          mergeUserAccounts: '/Core/Core/api/profiledata/MergeUserAccounts',
          listofmergeAccounts: '/Core/Core/api/profiledata/ListofMergeAccounts',
          exportMergeAccounts: '/Core/Core/api/profiledata/ExportMergeAccounts',
          getMergeUserStatus: '/Core/Core/api/profiledata/GetMergeUserStatus',
          addUpdatePersonUrl: '/Core/Core/api/profiledata/AddUpdatePerson',
          getUserPermissionsUrl: '/Core/Core/api/profiledata/GetUserPermissions',
          getUserPermissionsForEmulateProfileUrl: '/Core/Core/api/profiledata/GetUserPermissionsForEmulateProfile',
          exportPendingApprovalsUrl: '/Core/Core/api/profiledata/ExportPendingApproval',
          ExportPendingAccounts: '/Core/Core/api/profiledata/ExportPendingAccounts',
          getAdvancedPendingApprovalUrl:'/Core/Core/api/profiledata/GetAdvancedPendingApproval',
          ActOnPendingApprovalUrl:'/Core/Core/api/profiledata/ActOnPendingApproval',
          getWorkerPersonalDetailsPAUrl: '/Core/Core/api/profiledata/GetWorkerPersonalDetails',
          pendingApprovalSecurityCheckUrl: '/Core/Core/api/profiledata/PendingApprovalSecurityCheck',
          editUserUrl: '/Core/Core/api/profiledata/EditUser',
          getEmployeeTypeUrl: '/Core/Core/api/profiledata/GetEmployeeType',
          GetProfileOverviewMini: '/Core/Core/api/profiledata/GetProfileOverviewMini',
          gePersonHomeAddressUrl:'/Core/Core/api/profiledata/getUserHomeAddress',
          getCreateUserPermissionUrl: '/Core/Core/api/profiledata/GetCreateUserPermissions',
          isGuestUserUrl: '/Core/Core/api/profiledata/IsGuestUser',
        },

        //added
        myUnlockdata: {
          doUnlockDataUrl: '/Core/Core/api/profiledata/doUnlockAccount'
        },
        commonUtilApis: {
          enabledPillarsUrl: '/Core/Core/api/commonapi/GetEnabledPillars'
        },
        jobtemplates:{
          getNextJobNumUrl: '/Core/Core/api/jobapi/GetNextJobNum',
          getJobTemplatesUrl: '/Core/Core/api/jobapi/GetJobTemplates',
          getJobTemplateUrl: '/Core/Core/api/jobapi/GetJobTemplate',   //Deprecated, use getJobTemplateByIdUrl instead
          getJobTemplateByIdUrl: '/Core/Core/api/jobapi/getJobTemplateById',
          getNextJobsUrl: '/Core/Core/api/jobapi/GetNextJobs',
          getCompetenciesFromJobUrl: '/Core/Core/api/jobapi/GetCompetenciesFromJob',
          getJobRequirementsForUserUrl: '/Core/Core/api/jobapi/GetJobRequirementsForUser',
          copyJobTemplatesUrl: '/Core/Core/api/jobapi/CopyJobTemplates',
          deleteJobTemplatesUrl: '/Core/Core/api/jobapi/DeleteJobTemplates',
          saveJobTemplatesUrl: '/Core/Core/api/jobapi/SaveJobTemplate',
          getInstalledPillars: '/Core/Core/api/jobapi/GetInstalledPillars',
          getCoreRelationships: '/Core/Core/api/jobapi/GetCoreRelationships',
          getCodeByCatcdUrl: '/Core/Core/api/lookupsapi/codecats' + '?catcode=',
          exportJobTemplates: '/Core/Core/api/jobapi/ExportJobTemplates',
          getPermissionUrl: '/Core/Core/api/jobapi/GetPermission',
        },
        skills:{
          getSkillsUrl: '/Core/Core/api/skill/GetSkills',
          getSkillUrl: '/Core/Core/api/skill/GetSkill',
          copySkillsUrl: '/Core/Core/api/skill/CopySkills',
          deleteSkillsUrl: '/Core/Core/api/skill/DeleteSkills',
          saveSkillsUrl: '/Core/Core/api/skill/SaveSkill',
          getContentTypesUrl: '/Core/Core/api/skill/getContentTypes',
          getCodeByCatcdUrl: '/Core/Core/api/lookupsapi/codecats' + '?catcode=',
          exportSkills: '/Core/Core/api/skill/ExportSkills',
          getPermissionUrl: '/Core/Core/api/skill/GetPermission',
          getSkillCategoriesUrl: 'https://cl12sales.sumtotaldevelopment.net/Services/api/SkillCategories/GetSkillCategoriesData',
          saveSkillDataUrl:'https://cl12sales.sumtotaldevelopment.net/Services/api/SkillCategories/SaveSkillWithCategories',
          saveSkillCategoryLevelUrl:'https://cl12sales.sumtotaldevelopment.net/Services/api/SkillCategories/SaveSkillCategoryLevel',
        },

        competencies:{
          getCompetenciesUrl: '/Core/Core/api/competencyapi/GetCompetencies',
          getCompetenciesByPersonUrl: '/Core/Core/api/competencyapi/GetCompetenciesByPerson',
          exportCompetenciesUrl: '/Core/Core/api/competencyapi/ExportCompetencies',
          getCompetencyUrl: '/Core/Core/api/competencyapi/GetCompetency',
          saveCompetencyUrl: '/Core/Core/api/competencyapi/SaveCompetency',
          saveEnabledLanguagesUrl: '/Core/Core/api/competencyapi/GetEnabledLanguages',
          getPermissionUrl: '/Core/Core/api/competencyapi/GetPermission',
          deleteCompetenciesUrl: '/Core/Core/api/competencyapi/DeleteCompetencies',
        },

        recruitingquestion:{
          getRecruitingQuestionById: '/Core/Core/api/recruitingquestionapi/GetRecruitingQuestionById',
          getDateTimeById: '/Core/Core/api/recruitingquestionapi/GetDateTimeById',
          getMultipleTextBoxesById: '/Core/Core/api/recruitingquestionapi/GetMultipleTextBoxesById',
          getRatingMatrixById: '/Core/Core/api/recruitingquestionapi/GetRatingMatrixById',
          getRatingById: '/Core/Core/api/recruitingquestionapi/GetRatingById',
          getRecruitingQuestionWithChoicesById: '/Core/Core/api/recruitingquestionapi/GetRecruitingQuestionWithChoicesById',
          getMultiSelectListDropdownsById: '/Core/Core/api/recruitingquestionapi/GetMultiSelectListDropdownsById',

          getRecruitingQuestions: '/Core/Core/api/recruitingquestionapi/GetRecruitingQuestions',
          getFilteredRecruitingQuestions: '/Core/Core/api/recruitingquestionapi/GetFilteredRecruitingQuestions',

          addOrUpdateFlattenRecruitingQuestion: '/Core/Core/api/recruitingquestionapi/AddOrUpdateFlattenRecruitingQuestion',
          addOrUpdateDateTimeRecruitingQuestion: '/Core/Core/api/recruitingquestionapi/AddOrUpdateDateTimeRecruitingQuestion',
          addOrUpdateMultipleTextBoxes: '/Core/Core/api/recruitingquestionapi/AddOrUpdateMultipleTextBoxes',
          addOrUpdateRatingMatrix: '/Core/Core/api/recruitingquestionapi/AddOrUpdateRatingMatrix',
          addOrUpdateRecruitingQuestionWithChoices: '/Core/Core/api/recruitingquestionapi/AddOrUpdateRecruitingQuestionWithChoices',
          addOrUpdateMultiSelectListDropdowns: '/Core/Core/api/recruitingquestionapi/AddOrUpdateMultiSelectListDropdowns',

          restoreOrInactivateRecruitingQuestion: '/Core/Core/api/recruitingquestionapi/RestoreOrInactivateRecruitingQuestion',
          deleteRecruitingQuestions: '/Core/Core/api/recruitingquestionapi/DeleteRecruitingQuestions',

          searchRecruitingQuestionTags: '/Core/Core/api/recruitingquestionapi/SearchRecruitingQuestionTags',
          getAllRecruitingQuestionTags: '/Core/Core/api/recruitingquestionapi/GetAllRecruitingQuestionTags'
        },

        competencyModels:{
          getPermissionUrl: '/Core/Core/api/competencymodelapi/GetPermission',
          getCompetencyModelsUrl: '/Core/Core/api/competencymodelapi/getcompetencymodels',
          saveCompetencyModelsUrl: '/Core/Core/api/competencymodelapi/savecompetencymodel',
          getCompetencyModelEditUrl: '/Core/Core/api/competencymodelapi/getcompetencymodel' + '?targetAssessmentID=',
          deleteCompetencyModelsUrl: '/Core/Core/api/competencymodelapi/deletecompetencymodels' + '?targetAssessmentIDs=',
          copyCompetencyModelsUrl: '/Core/Core/api/competencymodelapi/CopyCompetencyModel' + '?targetAssessmentIDs='
        },

        behaviors:{
          getBehaviorDetailsUrl: '/Core/Core/api/behaviorapi/GetBehaviorDetail',
          getBehaviorsByCmpIdUrl: '/Core/Core/api/behaviorapi/GetBehaviorsbyCmpID',
          getBehaviorsByCmpIdsUrl: 'https://cl12sales.sumtotaldevelopment.net/Services/api/behavior/GetBehaviorsByCmpIDs',
          SaveNewBehaviorDetailUrl: '/Core/Core/api/behaviorapi/SaveNewBehaviorDetail',
          DeleteOrCopyBehaviorsUrl: '/Core/Core/api/behaviorapi/DeleteOrCopyBehaviors',
          ExportBehaviorsUrl: '/Core/Core/api/behaviorapi/ExportBehaviors',
          getPermissionUrl: '/Core/Core/api/behaviorapi/GetPermission',
          getLeftNavPermissionUrl: '/Core/Core/api/behaviorapi/getLeftNavPermission',
          getAssociatedActivitiesUrl: '/Core/Core/api/behaviorapi/getAssocicatedActivities',
          getActivitiesBySearchCritUrl: '/Core/Core/api/behaviorapi/getActivitiesBySearchCrit',
          addDeleteActivitiesUrl: '/Core/Core/api/behaviorapi/addDeleteActivities',
        },
        domains:{
          getListofLMOrgandDomainsUrl: '/Core/Core/api/DomainDataApi/GetListofDomains',
          getCurrentLoginUserDomainUrl: '/Core/Core/api/DomainDataApi/GetCurrentLoginUserDomain',
          expireCurrentDomainCache: '/Core/Core/api/DomainDataApi/ExpireCurrentDomainCache'
        },
        lookups:{
          getListofLMSecurityRolesUrl: '/Core/Core/api/LookupsApi/GetListofLMSecurityRoles',
          getListofTMBusinessUrl: '/Core/Core/api/LookupsApi/GetListofTMBusiness',
          getCodeDefinitionsUrl: '/Core/Core/api/lookupsapi/allcodecats',
          getCodesUrl: '/Core/Core/api/lookupsapi/codecats',
          getMultipleCodesUrl: '/Core/Core/api/lookupsapi/GetCodeDefinitions',
          getCodesForRatingUrl: '/Core/Core/api/lookupsapi/codecatsforrating',
          getCodeDefinitionsListUrl: '/Core/Core/api/lookupsapi/codecatsforedit',
          getCodeDefinitionsEditUrl: '/Core/Core/api/lookupsapi/editcodecat',
          getCodeDefinitionscodesforeditUrl: '/Core/Core/api/lookupsapi/codesforedit',
          getLinkedCodesForCatcd: '/Core/Core/api/lookupsapi/linkedcodes',
          getCodeDefinitionsSaveUrl: '/Core/Core/api/lookupsapi/savecodecat',
          getCodeDefinitionUpdateStatusUrl: '/Core/Core/api/lookupsapi/updatecodecatstatus',
          getCodesEditUrl: '/Core/Core/api/lookupsapi/editcode',
          getCodesSaveUrl: '/Core/Core/api/lookupsapi/savecode',
          getCodeUpdateStatusUrl: '/Core/Core/api/lookupsapi/updatecodestatus',
          getTimezonesUrl: '/Core/Core/api/lookupsapi/alltimezones',
          getCodeByCatcdUrl: '/Core/Core/api/lookupsapi/codecats' + '?catcode='
        },
        developmentplan:{
          getDevPlanofUserForPeriodUrl: '/Core/Core/api/developmentplanapi/GetDevelopmentPlanForOwnerForPeriod',
          getDevelopmentPlanTasksForPlanUrl: '/Core/Core/api/developmentplanapi/GetDevelopmentPlanTasksForPlan',
          getDevelopmentPlanActivitiesForOwner: '/Core/Core/api/developmentplanapi/GetDevelopmentPlanActivitiesForOwner',
          SaveDevelopmentPlanUrl: '/Core/Core/api/developmentplanapi/SaveDevelopmentPlan',
          SaveDevelopmentPlanActivityUrl: '/Core/Core/api/developmentplanapi/SaveDevelopmentPlanActivity',
          getGoalPeriodsUrl: '/Core/Core/api/developmentplanapi/GetGoalPeriodsList',
          deleteDevelopmentPlanActivityUrl: '/Core/Core/api/developmentplanapi/DeleteDevPlanActivity',
          deleteDevelopmentPlanGroupUrl: '/Core/Core/api/developmentplanapi/DeleteDevelopmentPlanGroup',
          getDevPlanGroupsUrl: '/Core/Core/api/developmentplanapi/GetDevPlanGroups',
          saveDevPlanGroupsUrl: '/Core/Core/api/developmentplanapi/SaveDevelopmentPlanGroup',
          saveDevPlanPeriodUrl: '/Core/Core/api/developmentplanapi/SaveDevelopmentPlanPeriod',
          getDirectReportsDataUrl:'/Core/Core/api/developmentplanapi/getDirectReportsData',
          saveMultipleActivitiesUrl:'/Core/Core/api/developmentplanapi/MultiAssignActivity',
          getAllCompetenciesUrl: '/Core/Core/api/developmentplanapi/GetAllCompetencies',
          getActivitiesForCompetencyUrl: '/Core/Core/api/developmentplanapi/GetActivitiesForCompetency',
          SaveApprovalStatusUrl: '/Core/Core/api/developmentplanapi/SaveApprovalStatus',
          getLatestPeriodUrl: '/Core/Core/api/developmentplanapi/GetLatestGoalPeriod',
          getDevPlanOfUsersForAPeriodUrl: '/Core/Core/api/developmentplanapi/GetDevPlanOfUsersForAPeriod',
          getDevPlanOwnerInfoUrl: '/Core/Core/api/developmentplanapi/GetDevPlanOwnerInfo',
          getDevPlanOwnerUserNameUrl: '/Core/Core/api/developmentplanapi/GetDevPlanOwnerUserName',
          getUserJobUrl: '/Core/Core/api/developmentplanapi/GetUserJob',
          getCompetenciesForUserJobUrl: '/Core/Core/api/developmentplanapi/GetCompetenciesForUserJob',
          getCompetencyBehaviorsUrl: '/Core/Core/api/developmentplanapi/GetCompetencyBehaviors',
          getCodesForDevPlanUrl: '/Core/Core/api/developmentplanapi/GetCodesForDevPlan',
          getRatingScaleUrl: '/Core/Core/api/developmentplanapi/GetRatingScale',
          getTargetScaleUrl: '/Core/Core/api/developmentplanapi/GetTargetScale',
          getAssessedCompetenciesUrl: '/Core/Core/api/developmentplanapi/GetAssessedCompetencies',
          getmodelDataUrl:'/Core/Core/api/developmentplanapi/GetmodelData',
          getCompetenciesForPositionUrl: '/Core/Core/api/developmentplanapi/GetCompetenciesForPosition',
          HasManagerRelationshipUrl:'/Core/Core/api/developmentplanapi/HasManagerRelationship',
          getActivitiesBySearchCritUrl: '/Core/Core/api/developmentplanapi/getActivitiesBySearchCrit',
          getManagerCommentsForDevPlanUrl: '/Core/Core/api/developmentplanapi/GetManagerCommentsForDevPlan',
          getUDPGroupsUrl: '/Core/Core/api/developmentplanapi/GetUDPGroups',
          getUDPGroupDetailsUrl: '/Core/Core/api/developmentplanapi/GetUDPGroupDetails',
          saveUDPGroupDataUrl: '/Core/Core/api/developmentplanapi/SaveUDPGroupData',
          checkDevelopmentPlanSecurityUrl: '/Core/Core/api/developmentplanapi/CheckDevelopmentPlanSecurity',
          SaveDevelopmentPlanObjective: 'https://cl12sales.sumtotaldevelopment.net/Services/api/UDP/SaveDevelopmentPlanObjective',
          getDevPlanObjectives: 'https://cl12sales.sumtotaldevelopment.net/Services/api/UDP/GetDevPlanObjectives',
          deleteObjective: 'https://cl12sales.sumtotaldevelopment.net/Services/api/UDP/DeleteObjective',
          getDevelopmentPlanForOwner: 'https://cl12sales.sumtotaldevelopment.net/Services/api/UDP/GetDevelopmentPlanForOwner'
        },
        newDevelopmentPlan:{
          createEditTaskURL: 'https://cl12sales.sumtotaldevelopment.net/Services/api/UDP/CreateEditTask',
          getDevPlanForUserURL: 'https://cl12sales.sumtotaldevelopment.net/Services/api/UDP/GetUnifiedDevelopmentPlan',
          getDevPlanObjectivesURL: 'https://cl12sales.sumtotaldevelopment.net/Services/api/UDP/GetDevPlanObjectives',
          getDevPlanTasksURL: 'https://cl12sales.sumtotaldevelopment.net/Services/api/UDP/GetDevPlanTasks',
          saveUDPConfigSettingsUrl: 'https://cl12sales.sumtotaldevelopment.net/Services/api/UDP/SaveUDPConfigSettings',
          togglePrivateStatusUrl: 'https://cl12sales.sumtotaldevelopment.net/Services/api/UDP/TogglePrivateStatus',
          saveMultipleActivitiesUrl:'https://cl12sales.sumtotaldevelopment.net/Services/api/UDP/MultiAssignActivity',
          getDevelopmentPlanSettingsUrl:'https://cl12sales.sumtotaldevelopment.net/Services/api/UDP/GetDevelopmentPlanSettings',
          getSkillsForDevPlanTasksUrl: 'https://cl12sales.sumtotaldevelopment.net/Services/api/UDP/GetSkillsForDevPlanTasks',
          getCompetenciesForDevPlanTasksUrl:'https://cl12sales.sumtotaldevelopment.net/Services/api/UDP/GetCompetenciesForDevPlanTasks',
          getSkillsForJobUrl : 'https://cl12sales.sumtotaldevelopment.net/Services/api/UDP/GetSkillsForJob',
          GetActivitiesForSkillUrl:'https://cl12sales.sumtotaldevelopment.net/Services/api/UDP/GetActivitiesForSkill',
          GetSkillsForUserUrl:'https://cl12sales.sumtotaldevelopment.net/Services/api/UDP/GetSkillsForUser',
          GetJobsForActivitiesUrl:'https://cl12sales.sumtotaldevelopment.net/Services/api/UDP/GetJobsForActivities'
        },
        userManagement:{
          getModelsUrl: '/Core/Core/api/globalconfiguratorapi/models',
          getGlobalConfigurationUrl: '/Core/Core/api/globalconfiguratorapi/globalconfigurations',
          saveGlobalConfigurationUrl: '/Core/Core/api/globalconfiguratorapi/saveglobalconfiguration',
          getAdvancedConfigurationUrl: '/Core/Core/api/globalconfiguratorapi/advancedconfigurations',
          saveAdvancedConfigurationUrl: '/Core/Core/api/globalconfiguratorapi/saveadvancedconfiguration',
          getModelConfigurationUrl: '/Core/Core/api/globalconfiguratorapi/modelconfigurations',
          getAvailableUserFieldsUrl: '/Core/Core/api/globalconfiguratorapi/availableuserfields?targetuserid=',
          getAvailableEditUserLinksUrl: '/Core/Core/api/globalconfiguratorapi/availableedituserlinks',
          getExtendedAdvancedConfigurationUrl: '/Core/Core/api/globalconfiguratorapi/extendedconfigurations',
          getAdvancedSectionConfigurationUrl: '/Core/Core/api/globalconfiguratorapi/extendedsectionconfigurations',
          saveExtendedConfigurationUrl: '/Core/Core/api/globalconfiguratorapi/saveextendedconfiguration',
          forgetUserListUrl: 'https://cl12sales.sumtotaldevelopment.net/Services/api/user/forgetuserlist',
          forgetUserUrl: 'https://cl12sales.sumtotaldevelopment.net/Services/api/user/forgetuser'
        },
        userAccount:{
          getUserAccountGeneralSettingsUrl:  '/Core/Core/api/UserAccountCreationApi/GetUserAccountCreationGeneralSettings',
          saveUserAccountGeneralSettingsUrl:  '/Core/Core/api/UserAccountCreationApi/SaveUserAccountCreationGeneralSettings',
          getSSOBrokerUrl:'/Core/Core/api/UserAccountCreationApi/GetSSOBrokerUrl'
        },
        udpConfiguration:{
          getGoalPeriodsUrl: '/Core/Core/api/developmentplanapi/GetGoalPeriodsList',
          getGoalPeriodUrl: '/Core/Core/api/developmentplanapi/GetGoalPeriod',
          saveGoalPeriodUrl: '/Core/Core/api/developmentplanapi/SaveGoalPeriod',
          deleteGoalPeriodsUrl: '/Core/Core/api/developmentplanapi/DeleteGoalPeriods',
          getUdpRequiresApprovalConfigUrl: '/Core/Core/api/developmentplanapi/GetUdpApprovalCofiguration',
          getDevelopmentPlanConfigurationUrl: '/Core/Core/api/developmentplanapi/GetDevelopmentPlanConfiguration',
          getActiveLanguagesUrl: '/Core/Core/api/developmentplanapi/GetActiveLanguages'
        },
        myresume:{
          getResumeDataUrl: '/Core/Core/api/ResumeApi/GetResumeData',
          getCertificationNamesDataUrl: '/Core/Core/api/LookupsApi/GetCertificationNamesList',
          getLstinstitutionsNamesDataUrl: '/Core/Core/api/LookupsApi/GetAvailableSchools',
          getViewLanguageProficiencyDataUrl: '/Core/Core/api/ResumeApi/GetLanguageProficiencyList',
          getEducationByIdUrl: '/Core/Core/api/ResumeApi/GetEducationById',
          getViewLocationPreferenceDataUrl: '/Core/Core/api/ResumeApi/GetLocationPreferenceList',
          getCareerInformationDataUrl: '/Core/Core/api/ResumeApi/GetCareerInformation',
          saveCareerInformationForUserUrl: '/Core/Core/api/ResumeApi/SaveCareerInformationForUser',
          deleteLocationPreferenceUrl: '/Core/Core/api/ResumeApi/deleteLocationPreference',
          getCountriesUrl: '/Core/Core/api/LookupsApi/countries',
          getStatesbyIdUrl: '/Core/Core/api/LookupsApi/provinces',
          getCitiesByIdUrl: '/Core/Core/api/LookupsApi/GetCities',
          getDegreesUrl: '/Core/Core/api/ResumeApi/degreeOptions',
          getWorkExperienceListUrl: '/Core/Core/api/ResumeApi/GetWorkExperienceList',
          saveWorkExperienceDetailsUrl: '/Core/Core/api/ResumeApi/SaveWorkExperienceDetails',
          getIndustryListUrl: '/Core/Core/api/ResumeApi/GetIndustryList'+ '?pid=' + '0B2C41BD84D9677058BDB058FB29D1CB',
          saveProjectExperienceDetailsUrl: '/Core/Core/api/ResumeApi/SaveProjectExperienceDetails',
          getWillingtoTravelOptionsListUrl: '/Core/Core/api/ResumeApi/GetWillingtoTravelOptionsList'+ '?pid=' + '0B2C41BD84D9677058BDB058FB29D1CB',
          savelocationPreferenceDetailsUrl: '/Core/Core/api/ResumeApi/SavelocationPreferenceDetails',
          saveLanguageProficiencyDetailsUrl: '/Core/Core/api/ResumeApi/SaveLanguageProficiencyDetails',
          submitEducationUrl: '/Core/Core/api/ResumeApi/SaveEducation',
          submitMembershipUrl:'/Core/Core/api/ResumeApi/SaveMembership',
          submitCertificationUrl: '/Core/Core/api/ResumeApi/SaveCertification',
          submitSkillUrl: '/Core/Core/api/ResumeApi/SaveSkill',
          getLanguageProficiencyOptionsUrl: '/Core/Core/api/ResumeApi/GetLanguageProficiencyOptions',
          getLanguageOptionsUrl: '/Core/Core/api/ResumeApi/GetLanguageOptions',
          deleteLanguageProficiencyDetailsUrl: '/Core/Core/api/ResumeApi/DeleteLanguageProficiencyDetails',
          deleteLocationPreferenceDetailsUrl: '/Core/Core/api/ResumeApi/DeleteLocationPreferenceDetails',
          getCodeByCatcdUrl: '/Core/Core/api/LookupsApi/catCodesbyLang' + '?catCd=',
          getAllResumeOptionsUrl: '/Core/Core/api/ResumeApi/GetAllResumeOptions',
          getResumeConfigUrl: '/Core/Core/api/ResumeApi/GetResumeConfig',
          GetAwardsUrl: '/Core/Core/api/resumeapi/GetAwards',
          AddAwardsUrl: '/Core/Core/api/resumeapi/AddAwards',
          UpdateAwardsUrl: '/Core/Core/api/resumeapi/UpdateAwards',
          DeleteAwardsUrl: '/Core/Core/api/resumeapi/DeleteAwards'
        },
        onBoardingResume:{
          getResumeDataUrl: '/Core/Core/api/OnBoardingResumeApi/GetResumeData',
          getResumeResponseDataUrl: 'https://cl12sales.sumtotaldevelopment.net/Services/api/Resume/GetResumeResponseData',
          ParseResumeUrl: 'https://cl12sales.sumtotaldevelopment.net/Services/api/Resume/GetParsedResumeData',
          getResumeConfigDataUrl: '/Core/Core/api/OnBoardingResumeApi/GetResumeConfigData',
          getPersonResumesUrl: '/Core/Core/api/OnBoardingResumeApi/GetPersonResumes',
          getMultipleResumesUrl: '/Core/Core/api/OnBoardingResumeApi/GetMultipleResumes',
          getCountriesUrl: '/Core/Core/api/LookupsApi/countries',
          getStatesbyIdUrl: '/Core/Core/api/LookupsApi/provinces',
          getCitiesByIdUrl: '/Core/Core/api/LookupsApi/GetCities',
          saveResumeDataUrl: '/Core/Core/api/OnBoardingResumeApi/SaveResumeData',
          saveMultipleResumesUrl: '/Core/Core/api/OnBoardingResumeApi/SaveMultipleResumes',
          getResumeOptionsUrl: '/Core/Core/api/OnBoardingResumeApi/GetResumeOptions',
          getCodeByCatcdUrl: '/Core/Core/api/LookupsApi/catCodesbyLang' + '?catCd=',
          getRequisitionsHistoryUrl: '/Core/Core/api/OnBoardingResumeApi/GetRequisitionHistoryForUser',
          getFeedbackUrl: '/Core/Core/api/OnBoardingResumeApi/GetFeedback',
          getRequisitionJobTemplateSalaryRangeUrl: '/Core/Core/api/OnBoardingResumeApi/GetRequisitionJobTemplateSalaryRange',
          getInternalEquityDetailsUrl: '/Core/Core/api/OnBoardingResumeApi/GetInternalEquityDetails',
          getResumeReferencesUrl: '/Core/Core/api/OnBoardingResumeApi/GetResumeReferences',
          getManagerInfo: '/Core/Core/api/OnBoardingResumeApi/GetManagerId',
          getSchoolsUrl: '/Core/Core/api/LookupsApi/GetAvailableSchools',
          getResumeAndApplicationPermissionUrl: 'https://cl12sales.sumtotaldevelopment.net/Services/api/Resume/GetResumeAndApplicationPermission'
        },
        onBoardingRequisition:{
          getEmployeesUrl: '/Core/Core/api/OnBoardingRequisitionApi/GetEmployees',
          getPostingSitesUrl: '/Core/Core/api/OnBoardingRequisitionApi/GetPostingSites',
          getWorkLocationsUrl: '/Core/Core/api/OnBoardingRequisitionApi/GetWorkLocations',
          getJobPositionsUrl: '/Core/Core/api/OnBoardingRequisitionApi/GetJobPositions',
          getJobTemplatesUrl: '/Core/Core/api/OnBoardingRequisitionApi/GetJobTemplates',
          saveRequisitionDataUrl: '/Core/Core/api/OnBoardingRequisitionApi/SaveRequisitionData',
          getRequisitionsUrl: '/Core/Core/api/OnBoardingRequisitionApi/GetRequisitions',
          getRequisitionDataUrl: '/Core/Core/api/OnBoardingRequisitionApi/GetRequisitionDetails',
          getRequisitionDataForPreviewUrl: '/Core/Core/api/OnBoardingRequisitionApi/GetRequisitionDetailsForPreview',
          getSkillsUrl: '/Core/Core/api/LookupsApi/GetAvailableSkills',
          getCertificationsUrl: '/Core/Core/api/LookupsApi/GetCertificationNamesList',
          getPostingSiteUrl: '/Core/Core/api/OnBoardingRequisitionApi/GetPostingSite',
          getUpdateRequisitionStatusUrl: '/Core/Core/api/OnBoardingRequisitionApi/UpdateRequisitionStatus',
          getRequisitionPermissionUrl: '/Core/Core/api/OnBoardingRequisitionApi/GetPermissions',
          applyRequisitionUrl: '/Core/Core/api/OnBoardingRequisitionApi/ApplyForRequisition',
          getApplicationAssessmentForRequisitionUrl: '/Core/Core/api/OnBoardingRequisitionApi/GetApplicationAssessmentForRequisition',
          getRequisitionStatusUrl: '/Core/Core/api/OnBoardingRequisitionApi/GetStatusOptions',
          getCreateFromUrl: '/Core/Core/api/OnBoardingRequisitionApi/CreateRequisitionFrom',
          getRequisitionCandidatesUrl: '/Core/Core/api/OnBoardingRequisitionApi/GetCandidates',
          getPositionFitMetricDetails: '/Core/Core/api/OnBoardingRequisitionApi/GetCandidatePositionFitDetails',
          getGeographicalDetailsUrl: '/Core/Core/api/OnBoardingRequisitionApi/GetGeographicalDetails',
          getClientHierarchyLevelsUrl: '/Core/Core/api/OnBoardingRequisitionApi/GetClientHierarchyLevels',
          getJobFitForUser: '/Core/Core/api/OnBoardingRequisitionApi/GetJobFitForUser',
          getRequisitionRolesUrl: '/Core/Core/api/OnBoardingRequisitionApi/GetRequisitionRoles',
          getRecentlyAccessedRequisitionApplicationsUrl:'https://cl12sales.sumtotaldevelopment.net/Services/api/RecruitingWidgets/GetRecentlyAccessedRequisitionApplications',
          saveRecentlyAccessedApplicationUrl:'https://cl12sales.sumtotaldevelopment.net/Services/api/RecruitingWidgets/SaveRecentlyAccessedApplication',
          getRequisitionSummaryUrl:'https://cl12sales.sumtotaldevelopment.net/Services/api/RecruitingWidgets/GetRequisitionSummary',
          getRequisitionDashboardUrl: '/Core/Core/api/OnBoardingRequisitionApi/LoadRequisitionDashboardByUrlWithPermissions',
          getRequisitionAssessmentsUrl: '/Core/Core/api/OnBoardingRequisitionApi/GetRequisitionAssessments',
          getRequisitionAssessmentUrl: '/Core/Core/api/OnBoardingRequisitionApi/GetRequisitionAssessment',
          createUpdateRequisitionAssessmentUrl: '/Core/Core/api/OnBoardingRequisitionApi/CreateUpdateRequisitionAssessment',
          deleteRequisitionAssessmentsUrl: '/Core/Core/api/OnBoardingRequisitionApi/DeleteRequisitionAssessments',
          deleteRequisitionsUrl: '/Core/Core/api/OnBoardingRequisitionApi/DeleteRequisitions',
          getApprovalHistory:'https://cl12sales.sumtotaldevelopment.net/Services/api/Requisition/GetApprovalHistory',
          approveRequisitionUrl: 'https://cl12sales.sumtotaldevelopment.net/Services/api/Requisition/ApproveTask',
          getFavouriteJobsUrl:'https://cl12sales.sumtotaldevelopment.net/Services/api/jobSearch/GetFavoriteJobs/',
          getRecommendedJobsForUserUrl: 'https://cl12sales.sumtotaldevelopment.net/Services/api/RecruitingWidgets/GetRecommendedJobsForUser',
          getRequisitionApplicationsCountForPhaseUrl:'https://cl12sales.sumtotaldevelopment.net/Services/api/CandidateManagement/GetRequisitionApplicationsCountForPhase',
          addRequisitionAssessmentsUrl: '/Core/Core/api/OnBoardingRequisitionApi/AddRequisitionAssessments',
          saveRequisitionAnswersUrl: 'https://cl12sales.sumtotaldevelopment.net/Services/api/Requisition/SaveRequisitionAssessmentAnswer',
          updateJobBoardDataUrl: '/Core/Core/api/OnBoardingRequisitionApi/UpdateJobBoardData',
          postToEQuestUrl: '/Core/Core/api/OnBoardingRequisitionApi/PostToEQuest',
          deletePostingUrl: '/Core/Core/api/OnBoardingRequisitionApi/DeletePosting',
          getEQuestJobPostingsUrl: '/Core/Core/api/OnBoardingRequisitionApi/GetEQuestJobPostings',
          getEQuestJobIdUrl: '/Core/Core/api/OnBoardingRequisitionApi/GetEQuestJobId',
          SubmitRequisitionAssessmentAnswersUrl:'https://cl12sales.sumtotaldevelopment.net/Services/api/Requisition/SubmitRequisitionAssessmentAnswers',
        },
        onBoardingCandidateManagement: {
          getRequisitionCandidateUrl: 'https://cl12sales.sumtotaldevelopment.net/Services/api/CandidateManagement/GetRequisitionCandidates',
          getCodeDefinitionsUrl: 'https://cl12sales.sumtotaldevelopment.net/Services/api/CandidateManagement/GetCodeDefinition',
          updateRequisitionApplicationUrl: 'https://cl12sales.sumtotaldevelopment.net/Services/api/CandidateManagement/UpdateApplicationRaking',
          saveInterviewScheduleUrl: 'https://cl12sales.sumtotaldevelopment.net/Services/api/RecruitingInterview/SaveInterviewSchedule',
          getAssessmentsForInterviewerUrl: 'https://cl12sales.sumtotaldevelopment.net/Services/api/RecruitingInterview/GetAssessmentsForInterviewer',
          getRequisitionsUrl: 'https://cl12sales.sumtotaldevelopment.net/Services/api/CandidateManagement/GetRequistions',
          getUsersUrl : 'https://cl12sales.sumtotaldevelopment.net/Services/api/CandidateManagement/GetUsers',
          AddCandidatesToFolderUrl:'https://cl12sales.sumtotaldevelopment.net/Services/api/CandidateManagement/AddCandidateToFolder',
          getRequisitionApplicationUrl: 'https://cl12sales.sumtotaldevelopment.net/Services/api/CandidateManagement/GetRequisitionApplication',
          getRecruitingFolders:'https://cl12sales.sumtotaldevelopment.net/Services/api/CandidateManagement/GetRecruitingFolders',
          getInterviewsForCandidateUrl: 'https://cl12sales.sumtotaldevelopment.net/Services/api/CandidateManagement/GetInterviewsForCandidate',
          GetEmailLogForCandidateUrl: 'https://cl12sales.sumtotaldevelopment.net/Services/api/CandidateManagement/GetEmailLogForCandidate',
          getListOfFoldersUrl: 'https://cl12sales.sumtotaldevelopment.net/Services/api/CandidateManagement/GetListOfFolders',
          GetEmailLogForCandidateUrl: 'https://cl12sales.sumtotaldevelopment.net/Services/api/CandidateManagement/GetEmailLogForCandidate',
          saveRecruitingFolder: 'https://cl12sales.sumtotaldevelopment.net/Services/api/CandidateManagement/SaveRecruitingFolder',
          savecandidateSearch: 'https://cl12sales.sumtotaldevelopment.net/Services/api/CandidateManagement/SaveCandidateSearch',
          getSavedSearches: 'https://cl12sales.sumtotaldevelopment.net/Services/api/CandidateManagement/GetSavedSearches',
          getCandidateTransactionHistoryUrl:'https://cl12sales.sumtotaldevelopment.net/Services/api/CandidateManagement/GetCandidateTransactionHistory',
          getRequisitionApplicationForCandidateUrl: 'https://cl12sales.sumtotaldevelopment.net/Services/api/CandidateManagement/GetRequisitionApplicationForCandidate',
          applyToRequisitionUrl: 'https://cl12sales.sumtotaldevelopment.net/Services/api/CandidateManagement/ApplyToRequisition',
          getAssessmentsForApplicationUrl: 'https://cl12sales.sumtotaldevelopment.net/Services/api/CandidateManagement/GetAssessmentsForApplication',
          getRequisitionCandidateAssessmentUrl: 'https://cl12sales.sumtotaldevelopment.net/Services/api/CandidateManagement/GetRequisitionCandidateAssessment',
          getCandidateExplorerOptions:'https://cl12sales.sumtotaldevelopment.net/Services/api/CandidateManagement/GetCandidateExplorerOptions',
          getCandidateAssessments: 'https://cl12sales.sumtotaldevelopment.net/Services/api/CandidateManagement/GetCandidateAssessments',
          removeCandidateUrl:'https://cl12sales.sumtotaldevelopment.net/Services/api/CandidateManagement/RemoveCandidate',
          getCandidateChecksData:'https://cl12sales.sumtotaldevelopment.net/Services/api/CandidateManagement/GetCandidateChecksData',
          saveChecksData: 'https://cl12sales.sumtotaldevelopment.net/Services/api/CandidateManagement/saveCandidateChecksData',
          getRecommendedCandidateListUrl:'https://cl12sales.sumtotaldevelopment.net/Services/api/CandidateManagement/GetRecommendedCandidateList',
          recommendedCandidatesActionUrl:'https://cl12sales.sumtotaldevelopment.net/Services/api/CandidateManagement/RecommendedCandidatesAction',
		  deleteGDPRExternalCandidateData:'https://cl12sales.sumtotaldevelopment.net/Services/api/CandidateManagement/deleteGDPRExternalCandidates',
          saveRequisitionCandidateAssessment:'https://cl12sales.sumtotaldevelopment.net/Services/api/CandidateManagement/SaveCandidateAssesssment',
          sendCandidateCommunication: 'https://cl12sales.sumtotaldevelopment.net/Services/api/CandidateManagement/SendCandidateCommunication',
          getCandidateCommunication: 'https://cl12sales.sumtotaldevelopment.net/Services/api/CandidateManagement/GetCandidateCommunicationList',
          getCreateCandidateFormModelUrl: 'https://cl12sales.sumtotaldevelopment.net/Services/api/GlobalConfigurator/modelconfigurations',
          sendCandidateCommunication: 'https://cl12sales.sumtotaldevelopment.net/Services/api/CandidateManagement/SendCandidateCommunication',
          addUserManuallyUrl: 'https://cl12sales.sumtotaldevelopment.net/Services/api/CandidateManagement/AddCandidate',
          deleteCandidateFromRequisitionUrl: 'https://cl12sales.sumtotaldevelopment.net/Services/api/CandidateManagement/DeleteCandidatesFromRequisition',
          getCandidateCommunicationContent: 'https://cl12sales.sumtotaldevelopment.net/Services/api/CandidateManagement/GetCandidateCommunication',
          sendEmailNotificationToCandidateUrl: 'https://cl12sales.sumtotaldevelopment.net/Services/api/CandidateManagement/sendEmailNotificationToCandidate'
        },
        onBoardingOfferManagement: {
          getRequisitionCompensationUrl: 'https://cl12sales.sumtotaldevelopment.net/Services/api/OfferManagement/GetRequisitionCompensationData',
          saveApplicationOfferUrl: 'https://cl12sales.sumtotaldevelopment.net/Services/api/OfferManagement/SaveApplicationOffer',
          getCurrencyCodesUrl: '/Core/Core/api/OnBoardingRequisitionApi/GetCurrencyCodes',
          getOfferDataUrl: 'https://cl12sales.sumtotaldevelopment.net/Services/api/OfferManagement/GetApplicationOfferData',
          deleteCompensationUrl: 'https://cl12sales.sumtotaldevelopment.net/Services/api/OfferManagement/DeleteCompensation',
          deleteAttachmentUrl: 'https://cl12sales.sumtotaldevelopment.net/Services/api/OfferManagement/DeleteAttachment',
          getPayTypeUrl: 'https://cl12sales.sumtotaldevelopment.net/Services/api/OfferManagement/GetPayType',
          getRequisitionOfferWorkflowKey: 'https://cl12sales.sumtotaldevelopment.net/Services/api/OfferManagement/GetRequisitionOfferWorkflowKey',
          sendSignatureRequest:'https://cl12sales.sumtotaldevelopment.net/Services/api/OfferManagement/SendSignatureRequest'
        },
        recruitingHire: {
          processHireUrl: 'https://cl12sales.sumtotaldevelopment.net/Services/api/RecruitingHire/ProcessHire',
          GetRecruitingHiresUrl: 'https://cl12sales.sumtotaldevelopment.net/Services/api/RecruitingHire/GetRecruitingHires',
          ExportCandidateDetailsUrl: '/Core/Core/api/profiledata/ExportCandidateDetails',
          CreateEmployeeRecordUrl : 'https://cl12sales.sumtotaldevelopment.net/Services/api/RecruitingHire/CreateEmployeeRecord',
          FinalizeNewHireUrl: 'https://cl12sales.sumtotaldevelopment.net/Services/api/RecruitingHire/FinalizeNewHire',
          canHireUrl : 'https://cl12sales.sumtotaldevelopment.net/Services/api/RecruitingHire/CanHire'
        },
        coaching:{
          getPermissionsUrl: 'https://cl12sales.sumtotaldevelopment.net/Services/api/coaching/GetPermissions',
          getIssuesForManagerUrl: 'https://cl12sales.sumtotaldevelopment.net/Services/api/Coaching/GetIssuesForManager',
          getEmployeeWithIssueForManagerUrl: 'https://cl12sales.sumtotaldevelopment.net/Services/api/Coaching/GetEmployeeWithIssueForManager'
        },
        continuousfeedback:{
          createOrEditFeedbackRequestUrl: 'https://cl12sales.sumtotaldevelopment.net/Services/api/continuousreview/CreateOrEditFeedbackRequest',
          createFeedbackRequestUrl: 'https://cl12sales.sumtotaldevelopment.net/Services/api/continuousreview/CreateFeedbackRequest',
          createOrEditFeedbackResponseUrl: 'https://cl12sales.sumtotaldevelopment.net/Services/api/continuousreview/CreateOrEditFeedbackResponse',
          getFeedbackRequestUrl: 'https://cl12sales.sumtotaldevelopment.net/Services/api/continuousreview/GetFeedbackRequest',
          getFeedbackResponseUrl: 'https://cl12sales.sumtotaldevelopment.net/Services/api/continuousreview/GetFeedbackResponse',
          getContinuousReviewItemsUrl: 'https://cl12sales.sumtotaldevelopment.net/Services/api/continuousreview/GetContinuousReviewItems',
          addRemoveCommentToFormUrl: 'https://cl12sales.sumtotaldevelopment.net/Services/api/continuousreview/AddRemoveCommentToForm',
          flagItemUrl: 'https://cl12sales.sumtotaldevelopment.net/Services/api/continuousreview/FlagItem',
          thankProviderUrl: 'https://cl12sales.sumtotaldevelopment.net/Services/api/continuousreview/ThankProvider',
          sendReminderUrl: 'https://cl12sales.sumtotaldevelopment.net/Services/api/continuousreview/SendReminder',
          getPermissionsUrl: 'https://cl12sales.sumtotaldevelopment.net/Services/api/continuousreview/GetPermissions',
          getFeedbackDatesDataUrl: 'https://cl12sales.sumtotaldevelopment.net/Services/api/continuousreview/GetFeedbackDatesData',
          createJournalUrl: 'https://cl12sales.sumtotaldevelopment.net/Services/api/continuousreview/CreateJournal',
          getJournalUrl: 'https://cl12sales.sumtotaldevelopment.net/Services/api/continuousreview/GetJournal',
          getCurrentManagerUrl: 'https://cl12sales.sumtotaldevelopment.net/Services/api/continuousreview/GetCurrentManager',
          replyJournalUrl: 'https://cl12sales.sumtotaldevelopment.net/Services/api/continuousreview/ReplyJournal',
          closeJournalUrl: 'https://cl12sales.sumtotaldevelopment.net/Services/api/continuousreview/CloseJournal',
          thankJournalUrl: 'https://cl12sales.sumtotaldevelopment.net/Services/api/continuousreview/ThankJournal',
          deleteJournalUrl: 'https://cl12sales.sumtotaldevelopment.net/Services/api/continuousreview/DeleteJournal',
          hardDeleteContinuousFeedbackUrl: 'https://cl12sales.sumtotaldevelopment.net/Services/api/continuousreview/HardDeleteContinuousFeedback',
          hardDeleteFeedbackJournalUrl: 'https://cl12sales.sumtotaldevelopment.net/Services/api/continuousreview/HardDeleteFeedbackJournal',

        },
        onboardingConfiguration:{
          getApprovalWorkflowsUrl: 'https://cl12sales.sumtotaldevelopment.net/Services/api/onboarding/configuration/getWorkflows',
          getApprovalWorkflowUrl: 'https://cl12sales.sumtotaldevelopment.net/Services/api/onboarding/configuration/getWorkflow',
          copyApprovalWorkflowsUrl: 'https://cl12sales.sumtotaldevelopment.net/Services/api/onboarding/configuration/copyWorkflows',
          saveApprovalWorkflowUrl: 'https://cl12sales.sumtotaldevelopment.net/Services/api/onboarding/configuration/saveWorkflow',
          deleteApprovalWorkflowUrl: 'https://cl12sales.sumtotaldevelopment.net/Services/api/onboarding/configuration/deleteWorkflow',
          activateApprovalWorkflowUrl: 'https://cl12sales.sumtotaldevelopment.net/Services/api/onboarding/configuration/activateWorkflow',
        },
        emailConfiguration: {
          saveEmailTemplateUrl: 'https://cl12sales.sumtotaldevelopment.net/Services/api/core/emailtemplates/saveEmailTemplate',
          getEmailTemplatesUrl: 'https://cl12sales.sumtotaldevelopment.net/Services/api/core/emailtemplates/getEmailTemplates',
          getEmailTemplateUrl: 'https://cl12sales.sumtotaldevelopment.net/Services/api/core/emailtemplates/getEmailTemplate',
          deleteEmailTemplateUrl: 'https://cl12sales.sumtotaldevelopment.net/Services/api/core/emailtemplates/deleteEmailTemplate',
          getEmailTemplateTypesUrl: 'https://cl12sales.sumtotaldevelopment.net/Services/api/core/emailtemplates/getEmailTemplateTypes/{category}'
        },
        journal:{
          addUpdateJournalUrl: '/Core/Core/api/journalapi/AddUpdateJournal',
          getJournalUrl: '/Core/Core/api/journalapi/GetJournal',
          getJournalsUrl: '/Core/Core/api/journalapi/GetJournals',
          getDirectReportsUrl: '/Core/Core/api/journalapi/GetDirectReports' ,
          getJournalAndFeedBackTimeline: '/Core/Core/api/journalapi/GetJournalAndFeedBackTimeLine',
        },
        feedbackTemplateConfiguraion: {
          getFeedbackTemplatesUrl: 'https://cl12sales.sumtotaldevelopment.net/Services/api/core/feedbacktemplates/getFeedbackTemplates',
          saveFeedbackTemplateUrl: 'https://cl12sales.sumtotaldevelopment.net/Services/api/core/feedbacktemplates/saveFeedbackTemplate',
          getFeedbackTemplateUrl: 'https://cl12sales.sumtotaldevelopment.net/Services/api/core/feedbacktemplates/getFeedbackTemplate',
          deleteFeedbackTemplatesUrl: 'https://cl12sales.sumtotaldevelopment.net/Services/api/core/feedbacktemplates/deleteFeedbackTemplates',
          getFeedbackTemplatesForSelectionUrl: 'https://cl12sales.sumtotaldevelopment.net/Services/api/core/feedbacktemplates/getFeedbackTemplatesForSelection'

        },
        feedbackQuestionConfiguraion: {
          getFeedbackQuestionUrl: 'https://cl12sales.sumtotaldevelopment.net/Services/api/core/feedbackquestions/getFeedbackQuestions',
          saveFeedbackQuestionUrl: 'https://cl12sales.sumtotaldevelopment.net/Services/api/core/feedbackquestions/saveFeedbackQuestion',
          deleteFeedbackQuestionsUrl: 'https://cl12sales.sumtotaldevelopment.net/Services/api/core/feedbackquestions/deleteFeedbackQuestions'
        },
        careerplan:{
          getSectionMatchesForJob: '/Core/Core/api/careerplanapi/GetSectionMatchesForJob',
          getCareerPlan:  '/Core/Core/api/careerplanapi/GetCareerPlan',
          getCareerPlanShares: '/Core/Core/api/careerplanapi/GetCareerPlanShares',
          deleteCareerPlanShare: '/Core/Core/api/careerplanapi/DeleteCareerPlanShare',
          addCareerPlanShare: '/Core/Core/api/careerplanapi/AddCareerPlanShare',
          getCareerPlanRecommendedJobs:  '/Core/Core/api/careerplanapi/GetCareerPlanRecommendedJobs',
          getLMskillsFromJob: '/Core/Core/api/careerplanapi/GetLMskillsFromJob',
          deleteCareerPlanJob: '/Core/Core/api/careerplanapi/DeleteCareerPlanJob',
          addCareerPlanJob: '/Core/Core/api/careerplanapi/AddCareerPlanJob',
          canViewCareerPlan: '/Core/Core/api/careerplanapi/CanViewCareerPlan',
          getCareerPlanActions:  '/Core/Core/api/careerplanapi/GetCareerPlanActions',
          addCareerPlanAction: '/Core/Core/api/careerplanapi/AddCareerPlanAction',
            deleteCareerPlanAction: '/Core/Core/api/careerplanapi/DeleteCareerPlanAction',
            learning: 'https://cl12sales.sumtotaldevelopment.net/Services/api/core/careerplan/learning'
        },
        notificationtemplates:
        {
          getNotificationTemplates: '/Core/Core/api/notificationtemplatesapi/getNotificationTemplates',
          getNotificationTemplate: '/Core/Core/api/notificationtemplatesapi/getNotificationTemplate'+ '?notificationID=',
          saveNotificationTemplateURL: '/Core/Core/api/notificationtemplatesapi/SaveNotificationTemplate',
        },
        competencyprofile:{
          getCompetencyProfile: '/Core/Core/api/competencyprofileapi/GetCompetencyProfile',
          getFeedbackForCompetency: '/Core/Core/api/competencyprofileapi/GetFeedbackForCompetency',
          getLMskillsFromCompetency: '/Core/Core/api/competencyprofileapi/GetLMskillsFromCompetency',
          getSuccessorPositionsForUser: '/Core/Core/api/competencyprofileapi/GetSuccessorPositionsForUser',
          getPrimaryJob: '/Core/Core/api/competencyprofileapi/GetPrimaryJob',
          getBehaviorsForCompetency: '/Core/Core/api/competencyprofileapi/GetBehaviorsForCompetency',
          updateCompetencySelfRatings: '/Core/Core/api/competencyprofileapi/UpdateCompetencySelfRatings',
          updateCompetencyManagerRatings: 'https://cl12sales.sumtotaldevelopment.net/Services/api/core/competencyprofile/competencymanagerratings',
          canViewSuccessionPlan: '/Core/Core/api/competencyprofileapi/CanViewSuccessionPlan',
          canViewCompetencyProfile: '/Core/Core/api/competencyprofileapi/CanViewCompetencyProfile'
        },
        surveybuilder:{
          getSurveyConfigDataUrl: 'https://cl12sales.sumtotaldevelopment.net/Services/api/SurveyBuilder/GetSurveyConfiguration',
          saveSurveyConfigDataUrl:'https://cl12sales.sumtotaldevelopment.net/Services/api/SurveyBuilder/SaveSurveyConfiguration',
          getSurveyList : 'https://cl12sales.sumtotaldevelopment.net/Services/api/SurveyBuilder/GetSurveyList',
          pushToAssessmentJobConfigDataUrl : 'https://cl12sales.sumtotaldevelopment.net/Services/api/SurveyBuilder/PushToAssessmentJob',
          copySurveyConfigDataUrl : 'https://cl12sales.sumtotaldevelopment.net/Services/api/SurveyBuilder/CopySurveyConfiguration',
          updateSurveyStatusUrl : 'https://cl12sales.sumtotaldevelopment.net/Services/api/SurveyBuilder/UpdateSurveyStatus',
          getCodeByCatcdUrl: '/Core/Core/api/lookupsapi/codecats',
        },
        assessment:{
          getAssessmentListUrl: 'https://cl12sales.sumtotaldevelopment.net/Services/api/HourlyAssessmentApi/GetHourlyAssessmentList',
          getFilterStatusTypesUrl: 'https://cl12sales.sumtotaldevelopment.net/Services/api/HourlyAssessmentApi/GetFilterStatusTypes',
          getActivityDetailsUrl: 'https://cl12sales.sumtotaldevelopment.net/Services/api/HourlyAssessmentApi/GetActivityDetails',
          deleteCancelAssessmentUrl: 'https://cl12sales.sumtotaldevelopment.net/Services/api/HourlyAssessmentApi/DeleteCancelAssessment',
          getSurveyListUrl:'https://cl12sales.sumtotaldevelopment.net/Services/api/HourlyAssessmentApi/GetSurveyList',
          getJobListUrl: 'https://cl12sales.sumtotaldevelopment.net/Services/api/HourlyAssessmentApi/GetJobList',
          createAssessmentUrl:'https://cl12sales.sumtotaldevelopment.net/Services/api/HourlyAssessmentApi/CreateAssessment',
          transferTaskAssessmentUrl:'https://cl12sales.sumtotaldevelopment.net/Services/api/HourlyAssessmentApi/TransferTaskAssessment',
          CreateAssessmentFromReportWidgetUrl:'https://cl12sales.sumtotaldevelopment.net/Services/api/HourlyAssessmentApi/CreateAssessmentFromReportWidget',
          getUserInfoUrl:'https://cl12sales.sumtotaldevelopment.net/Services/api/HourlyAssessmentApi/GetUserInfo',
          getHourlyAssessmentManagerUrl:'https://cl12sales.sumtotaldevelopment.net/Services/api/HourlyAssessmentApi/GetHourlyAssessmentManager',
          getHourlyAssessmentAccessRightsUrl:'https://cl12sales.sumtotaldevelopment.net/Services/api/HourlyAssessmentApi/GetAccessRightsForHourlyAssessmentSurvey',
          getHourlyAssessmentWidgetData:'https://cl12sales.sumtotaldevelopment.net/Services/api/HourlyAssessmentApi/GetHourlyAssessmentsWidget',
        },
        evaluation:{
          getEvaluationformDataUrl:'https://cl12sales.sumtotaldevelopment.net/Services/api/HourlyAssessmentApi/GetHourlyEvaluationFormData',
          saveEvaluationformDataUrl:'https://cl12sales.sumtotaldevelopment.net/Services/api/HourlyAssessmentApi/SaveHourlyEvaluationFormData',
          getbehaviorsforcompetency:'https://cl12sales.sumtotaldevelopment.net/Services/api/HourlyAssessmentApi/GetBehaviorsforCompetency',
          getCompetenciesUrl : 'https://cl12sales.sumtotaldevelopment.net/Services/api/HourlyAssessmentApi/GetCompetencies'
        },
        interview:{
          getInterviewsForRequisitionUrl: 'https://cl12sales.sumtotaldevelopment.net/Services/api/RecruitingInterview/GetInterviewsForRequisition',
          getTrackingDetailsByRequisitionUrl: 'https://cl12sales.sumtotaldevelopment.net/Services/api/RecruitingInterview/GetTrackingDetailsByRequisition',
          getTrackingDetailsByIdUrl: 'https://cl12sales.sumtotaldevelopment.net/Services/api/RecruitingInterview/GetTrackingDetailsById',
          getRecruitingLocationsUrl: 'https://cl12sales.sumtotaldevelopment.net/Services/api/RecruitingInterview/GetRecruitingLocations',
          saveInterviewUrl: 'https://cl12sales.sumtotaldevelopment.net/Services/api/RecruitingInterview/SaveInterviewDetails',
          getInterviewerInterviewTopicRelationUrl: 'https://cl12sales.sumtotaldevelopment.net/Services/api/RecruitingInterview/GetIntervFiewerInterviewTopicRelation',
          deleteAttachmentUrl: 'https://cl12sales.sumtotaldevelopment.net/Services/api/RecruitingInterview/DeleteAttachment',
          getInterviewDataById: 'https://cl12sales.sumtotaldevelopment.net/Services/api/RecruitingInterview/GetInterviewDetails',
          saveInterviewFeedbackUrl: 'https://cl12sales.sumtotaldevelopment.net/Services/api/RecruitingInterview/SaveInterviewFeedback',
          commitInterviewFeedbackUrl: 'https://cl12sales.sumtotaldevelopment.net/Services/api/RecruitingInterview/CommitInterviewFeedback',
          saveInterviewDiscussionUrl: 'https://cl12sales.sumtotaldevelopment.net/Services/api/RecruitingInterview/SaveInterviewDiscussion',
          getInterviewFeedbacksUrl: 'https://cl12sales.sumtotaldevelopment.net/Services/api/RecruitingInterview/GetInterviewFeedbacks',
          getInterviewDiscussionsUrl: 'https://cl12sales.sumtotaldevelopment.net/Services/api/RecruitingInterview/GetInterviewDiscussions',
          getInterviewFeedbackUrl: 'https://cl12sales.sumtotaldevelopment.net/Services/api/RecruitingInterview/GetInterviewFeedback',
          getRequisitionCandidateAttachementsUrl: 'https://cl12sales.sumtotaldevelopment.net/Services/api/RecruitingInterview/GetRequisitionCandidateAttachements',
          saveRequisitionCandidateAttachmentUrl: 'https://cl12sales.sumtotaldevelopment.net/Services/api/RecruitingInterview/SaveRequisitionCandidateAttachment',
          deleteRequisitionCandidateAttachmentUrl: 'https://cl12sales.sumtotaldevelopment.net/Services/api/RecruitingInterview/DeleteRequisitionCandidateAttachment',
          getInterviewTopicCategoriesUrl: 'https://cl12sales.sumtotaldevelopment.net/Services/api/RecruitingInterview/GetInterviewTopicCategories',
          isInterviewInUseUrl: 'https://cl12sales.sumtotaldevelopment.net/Services/api/RecruitingInterview/IsInterviewInUse',
          getCurrentPersonIdUrl: 'https://cl12sales.sumtotaldevelopment.net/Services/api/RecruitingInterview/GetCurrentPersonId',
          getInterviewStatusUrl: 'https://cl12sales.sumtotaldevelopment.net/Services/api/RecruitingInterview/GetInterviewStatus',
          cancelInterviewUrl: 'https://cl12sales.sumtotaldevelopment.net/Services/api/RecruitingInterview/CancelInterview'
        },
        recruitingassessment:{
          saveAssessment: '/Core/Core/api/recruitingassessmentapi/SaveAssessment',
          getRecruitingAssessmentsUrl: '/Core/Core/api/recruitingassessmentapi/GetRecruitingAssessments',
          getRecruitingAssessmentUrl: '/Core/Core/api/recruitingassessmentapi/GetRecruitingAssessment',
          deleteRecruitingAssessmentsUrl: '/Core/Core/api/recruitingassessmentapi/DeleteRecruitingAssessments',
          copyRecruitingAssessmentUrl: '/Core/Core/api/recruitingassessmentapi/CopyRecruitingAssessment',
          getAllRecruitingTagsUrl: '/Core/Core/api/recruitingassessmentapi/GetAllRecruitingTags',
          searchAssessmentTagsURL: '/Core/Core/api/recruitingassessmentapi/SearchAssessmentTags',
          getRecruitingAssessmentPermissionsUrl: '/Core/Core/api/recruitingassessmentapi/GetRecruitingAssessmentPermissions'
        },
        eventdefinition:{
          getProcess: 'https://cl12sales.sumtotaldevelopment.net/Services/api/EventDefinition/GetProcess',
          getAllProcesses: 'https://cl12sales.sumtotaldevelopment.net/Services/api/EventDefinition/GetAllProcesses'
        },
        gamificationAdmin:{
          badges: 'https://cl12sales.sumtotaldevelopment.net/Services/api/gamification/admin/badges',
          badgesDelete: 'https://cl12sales.sumtotaldevelopment.net/Services/api/gamification/admin/badges/delete',
          levels: 'https://cl12sales.sumtotaldevelopment.net/Services/api/gamification/admin/levels',
          pointcriterions: 'https://cl12sales.sumtotaldevelopment.net/Services/api/gamification/admin/pointcriterions',
          categoryFields: 'https://cl12sales.sumtotaldevelopment.net/Services/api/gamification/admin/categoryFields',
          rulesets:'https://cl12sales.sumtotaldevelopment.net/Services/api/gamification/admin/rulesets',
          rulesetsDelete:'https://cl12sales.sumtotaldevelopment.net/Services/api/gamification/admin/rulesets/delete'
        },
        gamification:{
          leaderboards: 'https://cl12sales.sumtotaldevelopment.net/Services/api/gamification/leaderboards',
          logs: 'https://cl12sales.sumtotaldevelopment.net/Services/api/gamification/logs',
          badges: 'https://cl12sales.sumtotaldevelopment.net/Services/api/gamification/badges',
          leaderboards: 'https://cl12sales.sumtotaldevelopment.net/Services/api/gamification/leaderboards',
          favorites: 'https://cl12sales.sumtotaldevelopment.net/Services/api/gamification/favorites/{targetUserId}',
          summaries: 'https://cl12sales.sumtotaldevelopment.net/Services/api/gamification/summaries/{targetUserId}'
        },
        recruitingConfig:{
          getActions: 'https://cl12sales.sumtotaldevelopment.net/Services/api/recruitingconfiguration/actions',
          getProcessList: 'https://cl12sales.sumtotaldevelopment.net/Services/api/recruitingconfiguration/processes',
          getProcessDetails: 'https://cl12sales.sumtotaldevelopment.net/Services/api/recruitingconfiguration/processes/{id}',
          getAddProcessDetails: 'https://cl12sales.sumtotaldevelopment.net/Services/api/recruitingconfiguration/processes/-1',
          saveProcessDetails: 'https://cl12sales.sumtotaldevelopment.net/Services/api/recruitingconfiguration/saveprocess',
          deleteProcess: 'https://cl12sales.sumtotaldevelopment.net/Services/api/recruitingconfiguration/deleteprocess'
        },
        meeting:{
          getMeetingTimeSlotsUrl: 'https://cl12sales.sumtotaldevelopment.net/Services/api/MeetingScheduler/GetMeetingTimeSlots',
          createMeetingUrl: 'https://cl12sales.sumtotaldevelopment.net/Services/api/MeetingScheduler/CreateMeeting'
        },
        offerTemplate:{
          getOfferTemplate: 'https://cl12sales.sumtotaldevelopment.net/Services/api/OfferManagement/GetOfferTemplate',
          getOfferTemplates: 'https://cl12sales.sumtotaldevelopment.net/Services/api/OfferManagement/GetOfferTemplates',
          saveOfferTemplate: 'https://cl12sales.sumtotaldevelopment.net/Services/api/OfferManagement/SaveOfferTemplate',
          deleteOfferTemplate: 'https://cl12sales.sumtotaldevelopment.net/Services/api/OfferManagement/DeleteOfferTemplate',
          getOfferPreview: '/Core/Core/api/OnBoardingRequisitionApi/GetOfferPreview',
          getTemplatePlaceholderCodes : 'https://cl12sales.sumtotaldevelopment.net/Services/api/OfferManagement/GetTemplatePlaceholderCode',
          getParsedOfferTemplate : 'https://cl12sales.sumtotaldevelopment.net/Services/api/OfferManagement/GetParsedOfferTemplate',
          saveOfferPreview: '/Core/Core/api/OnBoardingRequisitionApi/SaveOfferPreview',
        },
        nBox: {
          getNBoxConfigurationsUrl: 'https://cl12sales.sumtotaldevelopment.net/Services/api/nbox/configuration/nboxconfigurations',
          getNBoxConfigurationUrl: 'https://cl12sales.sumtotaldevelopment.net/Services/api/nbox/configuration/nboxconfigurations/{id}',
          deleteNBoxConfigurationsUrl: 'https://cl12sales.sumtotaldevelopment.net/Services/api/nbox/configuration/deletenboxconfigurations',
          getNBoxConfigurationPermissionsUrl: 'https://cl12sales.sumtotaldevelopment.net/Services/api/nbox/configuration/nboxconfigurationpermissions',
          saveNBoxConfigurationUrl: 'https://cl12sales.sumtotaldevelopment.net/Services/api/nbox/configuration/saveconfiguration',
          filter: 'https://cl12sales.sumtotaldevelopment.net/Services/api/nbox/filter/',
          getNBoxRatingFieldsUrl: 'https://cl12sales.sumtotaldevelopment.net/Services/api/nbox/configuration/ratingfields',
          getNBoxCalibrationsURL: 'https://cl12sales.sumtotaldevelopment.net/Services/api/nboxcalibrationapi/GetNBoxCalibrations',
          getNBoxCalibrationsFromSPTalentPoolURL: 'https://cl12sales.sumtotaldevelopment.net/Services/api/nboxcalibrationapi/GetNBoxCalibrationsFromSPTalentPool',
          getNBoxConfigurationsForUserURL: 'https://cl12sales.sumtotaldevelopment.net/Services/api/nboxcalibrationapi/GetNBoxConfigurationsForUser',
          saveNBoxCalibrationsURL: 'https://cl12sales.sumtotaldevelopment.net/Services/api/nboxcalibrationapi/SaveNBoxCalibrations',
          getDemoGraphicForPersonsURL: 'https://cl12sales.sumtotaldevelopment.net/Services/api/nboxcalibrationapi/GetDemographicForPersons',
          exportNBoxMatrixDetailsURL: 'https://cl12sales.sumtotaldevelopment.net/Services/api/nboxcalibrationapi/ExportNBoxMatrixDetails'
        },
        sumtSocial:{
          communities:'https://cl12sales.sumtotaldevelopment.net/Services/api/sumtSocial/communities',
          adminCommunities:'https://cl12sales.sumtotaldevelopment.net/Services/api/sumtSocial/admin/communities',
          addUpdateUserCommuntiyRating:'https://cl12sales.sumtotaldevelopment.net/Services/api/sumtSocial/user/{communityId}/addUpdateRating',
          getUserCommunityRating:'https://cl12sales.sumtotaldevelopment.net/Services/api/sumtSocial/user/{communityId}/rating',
          favorites:'https://cl12sales.sumtotaldevelopment.net/Services/api/sumtSocial/communities/{communityId}/favorite',
          updateCommunity:'https://cl12sales.sumtotaldevelopment.net/Services/api/sumtSocial/communities/{communityId}/update',
          removeCommunity:'https://cl12sales.sumtotaldevelopment.net/Services/api/sumtSocial/communities/{communityId}/remove',
          removeActivityCommunity:'https://cl12sales.sumtotaldevelopment.net/Services/api/sumtSocial/activities/{activityId}/removeCommunity',
          communityMembers:'https://cl12sales.sumtotaldevelopment.net/Services/api/sumtSocial/communities/{communityId}/members',
          updateCommunityMembership:'https://cl12sales.sumtotaldevelopment.net/Services/api/sumtSocial/users/{targetUserId}/communityMembership',
          updateCommunityMembership:'https://cl12sales.sumtotaldevelopment.net/Services/api/sumtSocial/users/{targetUserId}/communityMembership',
          getCommunity:'https://cl12sales.sumtotaldevelopment.net/Services/api/sumtSocial/communities/{communityId}',
          likeSocialObjectUrl: 'https://cl12sales.sumtotaldevelopment.net/Services/api/social/{objectId}/like',
          likeCommentUrl: 'https://cl12sales.sumtotaldevelopment.net/Services/api/social/comment/{commentId}/like',
          getSocialObjectlikedUsersUrl: 'https://cl12sales.sumtotaldevelopment.net/Services/api/social/{objectId}/likes',
          getPostlikedUsersUrl: 'https://cl12sales.sumtotaldevelopment.net/Services/api/social/comment/{commentId}/likes',
          files:'https://cl12sales.sumtotaldevelopment.net/Services/api/sumtSocial/communities/{communityId}/files',
          removeCommunityMembers: 'https://cl12sales.sumtotaldevelopment.net/Services/api/sumtSocial/communities/{communityId}/removeMembers',
          addUpdateMembers: 'https://cl12sales.sumtotaldevelopment.net/Services/api/sumtSocial/communities/{communityId}/addUpdateMembers',
          removeFile: 'https://cl12sales.sumtotaldevelopment.net/Services/api/sumtSocial/communities/{communityId}/files/{fileId}/remove',
          ownerCount: 'https://cl12sales.sumtotaldevelopment.net/Services/api/sumtSocial/communities/{communityId}/ownerCount',
          fileReferenceCount: 'https://cl12sales.sumtotaldevelopment.net/Services/api/sumtSocial/communities/files/{fileIdentifier}/reference',
          searchEmployees: 'https://cl12sales.sumtotaldevelopment.net/Services/api/sumtSocial/communities/searchEmployees',
          communityFeed:'https://cl12sales.sumtotaldevelopment.net/Services/api/sumtSocial/communities/CommunityFeed',
          flag: {
            getFlaggedObjects: 'https://cl12sales.sumtotaldevelopment.net/Services/api/sumtSocial/flag/{communityId}',
            saveFlagDetails: 'https://cl12sales.sumtotaldevelopment.net/Services/api/sumtSocial/flag/saveflag',
			getFlagDetails: 'https://cl12sales.sumtotaldevelopment.net/Services/api/sumtSocial/communities/{communityId}/flagDetails/{flaggedObjectId}',
            removeFlags: 'https://cl12sales.sumtotaldevelopment.net/Services/api/sumtSocial/communities/{communityId}/{flaggedObjectId}/removeFlags',
            unFlagObject: 'https://cl12sales.sumtotaldevelopment.net/Services/api/sumtSocial/communities/{communityId}/flag/{objectId}/unflag'
          },
          discussion : {
            getDiscussionReplies: 'https://cl12sales.sumtotaldevelopment.net/Services/api/social/discuss/{discussionId}/replies',
            deleteDiscussionReply: 'https://cl12sales.sumtotaldevelopment.net/Services/api/social/discuss/reply/{replyId}',
            getDiscussionDetails: 'https://cl12sales.sumtotaldevelopment.net/Services/api/social/discuss/{discussionId}',
            createDiscussionReply: 'https://cl12sales.sumtotaldevelopment.net/Services/api/social/discuss/reply',
            createAndModifyDiscussion: 'https://cl12sales.sumtotaldevelopment.net/Services/api/social/discuss',
            getCommunityDiscussions: 'https://cl12sales.sumtotaldevelopment.net/Services/api/social/discussions',
            deleteDiscussion: 'https://cl12sales.sumtotaldevelopment.net/Services/api/social/discuss/delete/{id}'
          },
          blog: {
            getBlogsList: 'https://cl12sales.sumtotaldevelopment.net/Services/api/social/communities/{communityId}/blogs',
            getBlogById: 'https://cl12sales.sumtotaldevelopment.net/Services/api/social/communities/blogs/{blogId}',
            createBlog: 'https://cl12sales.sumtotaldevelopment.net/Services/api/social/communities/{communityId}/blogs',
            modifyBlog: 'https://cl12sales.sumtotaldevelopment.net/Services/api/social/blogs',
            deleteBlog: 'https://cl12sales.sumtotaldevelopment.net/Services/api/social/communities/{communityId}/blogs/{blogId}/remove',
            getBlogPosts:'https://cl12sales.sumtotaldevelopment.net/Services/api/social/communities/blogs/{blogId}/blogposts',
            getBlogPostById:'https://cl12sales.sumtotaldevelopment.net/Services/api/social/communities/blogposts/{blogPostId}',
            editBlogPost: 'https://cl12sales.sumtotaldevelopment.net/Services/api/social/communities/blogposts',
            addCommentUrl:'https://cl12sales.sumtotaldevelopment.net/Services/api/social/blogPost/AddComment',
            getCommentUrl: 'https://cl12sales.sumtotaldevelopment.net/Services/api/social/blogPost/GetComments',
            getCommentRepliesUrl: 'https://cl12sales.sumtotaldevelopment.net/Services/api/social/blogPost/GetReplies',
            getCommentDeepLinkResponseUrl:'https://cl12sales.sumtotaldevelopment.net/Services/api/social/blogPost/GetBlogPostRepliesDeepLinkResponse',
            editCommentUrl: 'https://cl12sales.sumtotaldevelopment.net/Services/api/social/blogPost/EditComment',
            deleteCommentUrl: 'https://cl12sales.sumtotaldevelopment.net/Services/api/social/blogPost/DeleteComment',
            approveBlogPost: 'https://cl12sales.sumtotaldevelopment.net/Services/api/social/communities/blogposts/approve'
          }
        }
      };
    }

    // This is the factory function for static data.
    return function(_, URI) {

      var apiPaths = createAPIPaths(),
        staticData = null;

      apiPaths = _.merge(apiPaths, {"attestation":{"attestationApi":{"baseUrl":"/Core/Core/api/AttestationApi/","addAttestationAuditRecord":"/Core/Core/api/AttestationApi/AddAttestationAuditRecord","checkAttestationStatus":"/Core/Core/api/AttestationApi/CheckAttestationStatus","getAllAttestationDefinitions":"/Core/Core/api/AttestationApi/GetAllAttestationDefinitions","getAttestationDefinitionById":"/Core/Core/api/AttestationApi/GetAttestationDefinitionById","getAttestationDefinition":"/Core/Core/api/AttestationApi/GetAttestationDefinition","getAttestationDefinitions":"/Core/Core/api/AttestationApi/GetAttestationDefinitions","saveAttestationDefinition":"/Core/Core/api/AttestationApi/SaveAttestationDefinition"}},"esignatureApi":{"eSignatureApi":{"baseUrl":"/Core/Core/api/ESignatureApi/"}},"timeline":{"timelineApi":{"baseUrl":"/Core/Core/api/TimelineApi/","loadTimelineViewData":"/Core/Core/api/TimelineApi/LoadTimelineViewData","loadNotificationCount":"/Core/Core/api/TimelineApi/LoadNotificationCount","getTimelineTaskCount":"/Core/Core/api/TimelineApi/getTimelineTaskCount"}},"upload":{"uploadApi":{"baseUrl":"/Core/Core/api/UploadApi/","retrieveFiles":"/Core/Core/api/UploadApi/RetrieveFiles","getFileBytes":"/Core/Core/api/UploadApi/GetFileBytes","removeFiles":"/Core/Core/api/UploadApi/RemoveFiles","downloadFile":"/Core/Core/api/UploadApi/DownloadFile","getPermissions":"/Core/Core/api/UploadApi/GetPermissions","uploadFile":"/Core/Core/api/UploadApi/UploadFile","updateFileInfo":"/Core/Core/api/UploadApi/UpdateFileInfo","uploadPersonImage":"/Core/Core/api/UploadApi/UploadPersonImage"}},"calendarApi":{"calendarApi":{"baseUrl":"/Core/Learning/api/CalendarApi/"}},"myprofile":{"profileData":{"baseUrl":"/Core/Core/api/ProfileData/","removePersonImage":"/Core/Core/api/ProfileData/RemovePersonImage","getInstalledPillars":"/Core/Core/api/ProfileData/GetInstalledPillars","actOnPendingApproval":"/Core/Core/api/ProfileData/ActOnPendingApproval","pendingApprovalSecurityCheck":"/Core/Core/api/ProfileData/PendingApprovalSecurityCheck","isGuestUser":"/Core/Core/api/ProfileData/IsGuestUser"}}});

      var modulesPath = '/Core/dist/app/modules';
      staticData = _.merge(root.tempStaticData, {
        versionNumber:  'ElixHR_18.3.0.0_2018.8.7.1',
        majorVersionNumber: '18.3',
        identity: _.cloneDeep(root.tempStaticData.Identity),
        culture: _.cloneDeep(root.tempStaticData.Culture),
        learningCatalog: _.cloneDeep(root.tempStaticData.LearningCatalog),
        userID: '0B2C41BD84D9677058BDB058FB29D1CB',
        guestAccount: '0',
        userTimezone: 'Europe/Zurich',
        debugEnabled: root.tempStaticData.debugEnabled,
        scriptPath: scriptPath,
        currentTheme: null,
        photoUrl: scriptPath + photoPath,
        fileUrl: scriptPath + filePath,
        communityFileUrl: scriptPath + socialFilesPath,
        customHelpFileUrl: scriptPath + customHelpFilesPath,
        isAuditEnabled: isAuditEnabled,
        framesPath: {
          themePreview: '/Core/PublicAccess/ThemePreview',
          componentsPreview: '/Core/PublicAccess/ComponentsPreview'
        },
        appPath: '/Core/app',
        rootPathFolder: htmlRootPath,
        tenantKey: tenantKey,
        apiPaths: apiPaths,
        dashboardPerms: {"CanPersonalizeDashboards":true,"CanEditDashboards":true,"CanAddDashboards":true,"CanDeleteDashboards":true,"CanAccessThemeEditor":true},
        safeOrigin: /(sumtotalsystems\.com|cl12sales\.sumtotaldevelopment\.net|supp-bi-master\.sumtotaldemo\.net|cl-ugm12a)$/i,
        webPartDefinitionCategories: {"Hash":"-246538080","Categories":[{"Category":{"Id":5,"Name":"Common","CategoryKey":"WebPartDefinition_Common","Description":"Common","ParentId":1,"OrdinalPosition":null},"Definitions":[{"WebPartDefinitionKey":"Common_SumtIFrameWebPart","Title":"iFrame","Description":"Enables users to configure a URL to display within the widget.","SubTitle":"IFrame Widget","WebPartIconName":null,"WidgetNotificationMode":0,"WidgetDeeplinkUrlText":null,"CategoryName":"Common","IsWebPartEnabled":true,"TypeName":"SumTotal.SPPortal.WebParts.Core.Common.SumtIFrameWebPart.SumtIFrameWebPart, SumTotal.SPPortal.WebParts, Version=1.0.0.0, Culture=neutral, PublicKeyToken=6b7f90fbd13cce01","WebPartServiceAgentInterfaceTypeName":null,"WebPartDefinitionXml":null,"HideWebPartHeader":false,"HideWebPartFooter":true,"IsFreeFlowing":false,"PillarKey":null,"ChromeStyle":7,"ParameterJSON":"{\"HeaderLinkIcon\": \"\", \"IsCustomEditor\": false, \"PreviewType\" : \"iframe\", \"iFrameUrl\": \"http://www.google.com\"}","TemplatePath":"app/modules/dashboard/views/webparts/widgetIFrame.html","IsSystemLocked":false,"Category":{"Id":5,"Name":"Common","CategoryKey":"WebPartDefinition_Common","Description":"Common","ParentId":1,"OrdinalPosition":null},"Id":3},{"WebPartDefinitionKey":"About_Me","Title":"About Me","Description":"Displays key profile information about the employee.","SubTitle":"Photo, email and employment information","WebPartIconName":null,"WidgetNotificationMode":0,"WidgetDeeplinkUrlText":"View my profile","CategoryName":"Common","IsWebPartEnabled":true,"TypeName":"SumTotal.SPPortal.WebParts.Core.MySelf.AboutMe.AboutMe, SumTotal.SPPortal.WebParts, Version=1.0.0.0, Culture=neutral, PublicKeyToken=6b7f90fbd13cce01","WebPartServiceAgentInterfaceTypeName":null,"WebPartDefinitionXml":null,"HideWebPartHeader":true,"HideWebPartFooter":true,"IsFreeFlowing":false,"PillarKey":null,"ChromeStyle":7,"ParameterJSON":"{\"HeaderLinkIcon\": \"\", \"IsCustomEditor\": false, \"PreviewType\" : \"aboutme\"}","TemplatePath":"app/modules/dashboard/views/webparts/widgetAboutMe.html","IsSystemLocked":false,"Category":{"Id":5,"Name":"Common","CategoryKey":"WebPartDefinition_Common","Description":"Common","ParentId":1,"OrdinalPosition":null},"Id":43},{"WebPartDefinitionKey":"Common_ContentEditor","Title":"Content Editor","Description":"Enables users to add custom HTML to a dashboard.","SubTitle":"Content Editor Widget","WebPartIconName":null,"WidgetNotificationMode":0,"WidgetDeeplinkUrlText":null,"CategoryName":"Common","IsWebPartEnabled":true,"TypeName":null,"WebPartServiceAgentInterfaceTypeName":null,"WebPartDefinitionXml":null,"HideWebPartHeader":false,"HideWebPartFooter":true,"IsFreeFlowing":false,"PillarKey":null,"ChromeStyle":7,"ParameterJSON":"{\"HeaderLinkIcon\": \"\", \"IsCustomEditor\": true, \"PreviewType\" : \"iframe\"}","TemplatePath":"app/modules/dashboard/views/webparts/widgetContentEditor.html","IsSystemLocked":false,"Category":{"Id":5,"Name":"Common","CategoryKey":"WebPartDefinition_Common","Description":"Common","ParentId":1,"OrdinalPosition":null},"Id":60},{"WebPartDefinitionKey":"Timeline","Title":"Timeline","Description":"Displays tasks, approvals, and other updates in a timeline view.","SubTitle":"Activity timeline","WebPartIconName":null,"WidgetNotificationMode":0,"WidgetDeeplinkUrlText":null,"CategoryName":"Common","IsWebPartEnabled":true,"TypeName":null,"WebPartServiceAgentInterfaceTypeName":null,"WebPartDefinitionXml":null,"HideWebPartHeader":false,"HideWebPartFooter":false,"IsFreeFlowing":false,"PillarKey":null,"ChromeStyle":7,"ParameterJSON":"{\"HeaderLinkIcon\": \"\", \"IsCustomEditor\": false, \"PreviewType\" : \"timeline\"}","TemplatePath":"app/modules/dashboard/views/webparts/widgetTimeline.html","IsSystemLocked":false,"Category":{"Id":5,"Name":"Common","CategoryKey":"WebPartDefinition_Common","Description":"Common","ParentId":1,"OrdinalPosition":null},"Id":61},{"WebPartDefinitionKey":"Key_Measures","Title":"Key Measures","Description":"Displays key performance measures for a user.","SubTitle":"Key Measures","WebPartIconName":null,"WidgetNotificationMode":0,"WidgetDeeplinkUrlText":null,"CategoryName":"Common","IsWebPartEnabled":true,"TypeName":null,"WebPartServiceAgentInterfaceTypeName":null,"WebPartDefinitionXml":null,"HideWebPartHeader":false,"HideWebPartFooter":true,"IsFreeFlowing":false,"PillarKey":null,"ChromeStyle":7,"ParameterJSON":"{\"HeaderLinkIcon\": \"\", \"IsCustomEditor\": false, \"PreviewType\" : \"claw\"}","TemplatePath":"app/modules/dashboard/views/webparts/widgetKeyMeasures.html","IsSystemLocked":false,"Category":{"Id":5,"Name":"Common","CategoryKey":"WebPartDefinition_Common","Description":"Common","ParentId":1,"OrdinalPosition":null},"Id":62},{"WebPartDefinitionKey":"Direct_Reports","Title":"Direct Reports","Description":"Listing of your direct reports.","SubTitle":"Direct Reports","WebPartIconName":null,"WidgetNotificationMode":0,"WidgetDeeplinkUrlText":null,"CategoryName":"Common","IsWebPartEnabled":true,"TypeName":null,"WebPartServiceAgentInterfaceTypeName":null,"WebPartDefinitionXml":null,"HideWebPartHeader":false,"HideWebPartFooter":true,"IsFreeFlowing":false,"PillarKey":null,"ChromeStyle":7,"ParameterJSON":"{\"HeaderLinkIcon\": \"DirectReports\", \"IsCustomEditor\": false, \"PreviewType\" : \"table\"}","TemplatePath":"app/modules/dashboard/views/webparts/widgetDirectReports.html","IsSystemLocked":false,"Category":{"Id":5,"Name":"Common","CategoryKey":"WebPartDefinition_Common","Description":"Common","ParentId":1,"OrdinalPosition":null},"Id":63},{"WebPartDefinitionKey":"My_Development_Plan","Title":"My Development Plan","Description":"Displays a user's Development Plan","SubTitle":"My Development Plan","WebPartIconName":null,"WidgetNotificationMode":0,"WidgetDeeplinkUrlText":null,"CategoryName":"Common","IsWebPartEnabled":true,"TypeName":null,"WebPartServiceAgentInterfaceTypeName":null,"WebPartDefinitionXml":null,"HideWebPartHeader":false,"HideWebPartFooter":true,"IsFreeFlowing":false,"PillarKey":null,"ChromeStyle":7,"ParameterJSON":"{\"HeaderLinkIcon\": \"\", \"IsCustomEditor\": false, \"PreviewType\" : \"table\"}","TemplatePath":"app/modules/dashboard/views/webparts/widgetDevelopmentPlan.html","IsSystemLocked":false,"Category":{"Id":5,"Name":"Common","CategoryKey":"WebPartDefinition_Common","Description":"Common","ParentId":1,"OrdinalPosition":null},"Id":90},{"WebPartDefinitionKey":"LeaderBoardDisplay","Title":"Leaderboard Display","Description":"Displays users, ranked by their current Gamification score.","SubTitle":"LeaderBoard Display","WebPartIconName":null,"WidgetNotificationMode":0,"WidgetDeeplinkUrlText":null,"CategoryName":"Common","IsWebPartEnabled":true,"TypeName":null,"WebPartServiceAgentInterfaceTypeName":null,"WebPartDefinitionXml":null,"HideWebPartHeader":false,"HideWebPartFooter":false,"IsFreeFlowing":false,"PillarKey":null,"ChromeStyle":7,"ParameterJSON":"{\"HeaderLinkIcon\": \"\", \"IsCustomEditor\": false, \"PreviewType\" : \"leaderboard\"}","TemplatePath":"app/modules/core/views/gamification/leaderBoard.html","IsSystemLocked":false,"Category":{"Id":5,"Name":"Common","CategoryKey":"WebPartDefinition_Common","Description":"Common","ParentId":1,"OrdinalPosition":null},"Id":97}]},{"Category":{"Id":8,"Name":"Learning","CategoryKey":"WebPartDefinition_Learning","Description":"Learning","ParentId":1,"OrdinalPosition":null},"Definitions":[{"WebPartDefinitionKey":"LM_MyMessages","Title":"My Messages","Description":"Highlights the five most recent unread learning  notifications.","SubTitle":"Recent messages I have received","WebPartIconName":null,"WidgetNotificationMode":1,"WidgetDeeplinkUrlText":"View All Messages","CategoryName":"Learning","IsWebPartEnabled":true,"TypeName":"SumTotal.SPPortal.WebParts.Core.Learning.MyMessages.MyMessages, SumTotal.SPPortal.WebParts, Version=1.0.0.0, Culture=neutral, PublicKeyToken=6b7f90fbd13cce01","WebPartServiceAgentInterfaceTypeName":"ILMWebPartContractAsync","WebPartDefinitionXml":null,"HideWebPartHeader":false,"HideWebPartFooter":true,"IsFreeFlowing":false,"PillarKey":"LM","ChromeStyle":7,"ParameterJSON":"{\"HeaderLinkIcon\": \"\", \"IsCustomEditor\": false, \"MessagesConfig\":{ \"MessageCount\":\"count\", \"MessageData\":[\"date\", \"subject\", \"url\"]}, \"PreviewType\":\"messages\"}","TemplatePath":"app/modules/dashboard/views/webparts/widgetMyMessages.html","IsSystemLocked":false,"Category":{"Id":8,"Name":"Learning","CategoryKey":"WebPartDefinition_Learning","Description":"Learning","ParentId":1,"OrdinalPosition":null},"Id":4},{"WebPartDefinitionKey":"LM_UpcomingTraining","Title":"Upcoming Training","Description":"Shows the next scheduled learning activity the user is enrolled in. Includes options for reviewing summary details.","SubTitle":"Activities","WebPartIconName":null,"WidgetNotificationMode":1,"WidgetDeeplinkUrlText":"View All Upcoming Training","CategoryName":"Learning","IsWebPartEnabled":true,"TypeName":"SumTotal.SPPortal.WebParts.Core.Learning.UpcomingTraining.UpcomingTraining, SumTotal.SPPortal.WebParts, Version=1.0.0.0, Culture=neutral, PublicKeyToken=6b7f90fbd13cce01","WebPartServiceAgentInterfaceTypeName":"ILMWebPartContractAsync","WebPartDefinitionXml":null,"HideWebPartHeader":false,"HideWebPartFooter":true,"IsFreeFlowing":false,"PillarKey":"LM","ChromeStyle":7,"ParameterJSON":"{\"HeaderLinkIcon\": \"\", \"IsCustomEditor\": false, \"PreviewType\" : \"table\"}","TemplatePath":"app/modules/dashboard/views/webparts/widgetUpcomingTraining.html","IsSystemLocked":false,"Category":{"Id":8,"Name":"Learning","CategoryKey":"WebPartDefinition_Learning","Description":"Learning","ParentId":1,"OrdinalPosition":null},"Id":6},{"WebPartDefinitionKey":"LM_TopRatedContent","Title":"Top Rated Content","Description":"Displays the five highest rated learning activities available to the user.","SubTitle":"Top rated learning activities","WebPartIconName":null,"WidgetNotificationMode":1,"WidgetDeeplinkUrlText":"View All Top Rated Content","CategoryName":"Learning","IsWebPartEnabled":true,"TypeName":"SumTotal.SPPortal.WebParts.Core.Learning.TopRatedContent.TopRatedContent, SumTotal.SPPortal.WebParts, Version=1.0.0.0, Culture=neutral, PublicKeyToken=6b7f90fbd13cce01","WebPartServiceAgentInterfaceTypeName":"ILMWebPartContractAsync","WebPartDefinitionXml":null,"HideWebPartHeader":false,"HideWebPartFooter":true,"IsFreeFlowing":false,"PillarKey":"LM","ChromeStyle":7,"ParameterJSON":"{\"HeaderLinkIcon\": \"\", \"IsCustomEditor\": false, \"PreviewType\" : \"table\"}","TemplatePath":"app/modules/dashboard/views/webparts/widgetTopRatedContent.html","IsSystemLocked":false,"Category":{"Id":8,"Name":"Learning","CategoryKey":"WebPartDefinition_Learning","Description":"Learning","ParentId":1,"OrdinalPosition":null},"Id":7},{"WebPartDefinitionKey":"LM_CompletedCertification","Title":"Completed Certifications","Description":"Highlights the user's completed certifications and supports deeplinking to the Activities Detail for each item within the list.","SubTitle":"Activities","WebPartIconName":null,"WidgetNotificationMode":1,"WidgetDeeplinkUrlText":"View All Completed Certifications","CategoryName":"Learning","IsWebPartEnabled":true,"TypeName":"SumTotal.SPPortal.WebParts.Core.Learning.CompletedCertifications.CompletedCertifications, SumTotal.SPPortal.WebParts, Version=1.0.0.0, Culture=neutral, PublicKeyToken=6b7f90fbd13cce01","WebPartServiceAgentInterfaceTypeName":"ILMWebPartContractAsync","WebPartDefinitionXml":null,"HideWebPartHeader":false,"HideWebPartFooter":true,"IsFreeFlowing":false,"PillarKey":"LM","ChromeStyle":7,"ParameterJSON":"{\"HeaderLinkIcon\": \"\", \"IsCustomEditor\": false, \"PreviewType\" : \"table\"}","TemplatePath":"app/modules/dashboard/views/webparts/widgetCompletedCertifications.html","IsSystemLocked":false,"Category":{"Id":8,"Name":"Learning","CategoryKey":"WebPartDefinition_Learning","Description":"Learning","ParentId":1,"OrdinalPosition":null},"Id":8},{"WebPartDefinitionKey":"LM_ExceptionReport","Title":"Exception Report","Description":"Highlights assigned training exceptions (overdue, expired and incomplete) for the user's direct reports.","SubTitle":"Last Updated:","WebPartIconName":null,"WidgetNotificationMode":0,"WidgetDeeplinkUrlText":"View Detailed Exception Report","CategoryName":"Learning","IsWebPartEnabled":true,"TypeName":"SumTotal.SPPortal.WebParts.Core.Learning.ExceptionReport.ExceptionReport, SumTotal.SPPortal.WebParts, Version=1.0.0.0, Culture=neutral, PublicKeyToken=6b7f90fbd13cce01","WebPartServiceAgentInterfaceTypeName":"ILMWebPartContractAsync","WebPartDefinitionXml":null,"HideWebPartHeader":false,"HideWebPartFooter":true,"IsFreeFlowing":false,"PillarKey":"LM","ChromeStyle":7,"ParameterJSON":"{\"HeaderLinkIcon\": \"\", \"IsCustomEditor\": false, \"PreviewType\" : \"donutChart\"}","TemplatePath":"app/modules/dashboard/views/webparts/widgetExceptionReport.html","IsSystemLocked":false,"Category":{"Id":8,"Name":"Learning","CategoryKey":"WebPartDefinition_Learning","Description":"Learning","ParentId":1,"OrdinalPosition":null},"Id":10},{"WebPartDefinitionKey":"LM_MyFavourites","Title":"Favorites","Description":"Supports quick access to content marked as a favorite by the user.","SubTitle":"Activities, Categories, Collaboration Centers","WebPartIconName":null,"WidgetNotificationMode":1,"WidgetDeeplinkUrlText":"More...","CategoryName":"Learning","IsWebPartEnabled":true,"TypeName":"SumTotal.SPPortal.WebParts.Core.Learning.Favorites.Favorites, SumTotal.SPPortal.WebParts, Version=1.0.0.0, Culture=neutral, PublicKeyToken=6b7f90fbd13cce01","WebPartServiceAgentInterfaceTypeName":"ILMWebPartContractAsync","WebPartDefinitionXml":null,"HideWebPartHeader":false,"HideWebPartFooter":true,"IsFreeFlowing":false,"PillarKey":"LM","ChromeStyle":7,"ParameterJSON":"{\"HeaderLinkIcon\": \"\", \"IsCustomEditor\": false, \"PreviewType\" : \"table\"}","TemplatePath":"app/modules/dashboard/views/webparts/widgetFavorites.html","IsSystemLocked":false,"Category":{"Id":8,"Name":"Learning","CategoryKey":"WebPartDefinition_Learning","Description":"Learning","ParentId":1,"OrdinalPosition":null},"Id":12},{"WebPartDefinitionKey":"LM_LearnerAssignment","Title":"Learning Assignments","Description":"Provides quick access to the user's current learning assignments.","SubTitle":"Assignments and duties awaiting completion","WebPartIconName":null,"WidgetNotificationMode":1,"WidgetDeeplinkUrlText":"View All Assignments","CategoryName":"Learning","IsWebPartEnabled":true,"TypeName":"SumTotal.SPPortal.WebParts.Core.Learning.LearningAssignments.LearningAssignments, SumTotal.SPPortal.WebParts, Version=1.0.0.0, Culture=neutral, PublicKeyToken=6b7f90fbd13cce01","WebPartServiceAgentInterfaceTypeName":"ILMWebPartContractAsync","WebPartDefinitionXml":null,"HideWebPartHeader":false,"HideWebPartFooter":true,"IsFreeFlowing":false,"PillarKey":"LM","ChromeStyle":7,"ParameterJSON":"{\"HeaderLinkIcon\": \"\", \"IsCustomEditor\": false, \"PreviewType\" : \"table\"}","TemplatePath":"app/modules/dashboard/views/webparts/widgetLearningAssignments.html","IsSystemLocked":false,"Category":{"Id":8,"Name":"Learning","CategoryKey":"WebPartDefinition_Learning","Description":"Learning","ParentId":1,"OrdinalPosition":null},"Id":14},{"WebPartDefinitionKey":"LM_ExceptionReport_Others","Title":"Exception Report (Others)","Description":"Status of activities assigned to direct reports and managed users. Supports deep linking to Manager Exception page.","SubTitle":"Last Updated:","WebPartIconName":null,"WidgetNotificationMode":0,"WidgetDeeplinkUrlText":"View Detailed Exception Report","CategoryName":"Learning","IsWebPartEnabled":true,"TypeName":"SumTotal.SPPortal.WebParts.Core.Learning.ExceptionReport.ExceptionReport, SumTotal.SPPortal.WebParts, Version=1.0.0.0, Culture=neutral, PublicKeyToken=6b7f90fbd13cce01","WebPartServiceAgentInterfaceTypeName":"ILMWebPartContractAsync","WebPartDefinitionXml":null,"HideWebPartHeader":false,"HideWebPartFooter":true,"IsFreeFlowing":false,"PillarKey":"LM","ChromeStyle":7,"ParameterJSON":"{\"HeaderLinkIcon\": \"\", \"IsCustomEditor\": false, \"PreviewType\" : \"donutChart\"}","TemplatePath":"app/modules/dashboard/views/webparts/widgetExceptionReportOthers.html","IsSystemLocked":false,"Category":{"Id":8,"Name":"Learning","CategoryKey":"WebPartDefinition_Learning","Description":"Learning","ParentId":1,"OrdinalPosition":null},"Id":58},{"WebPartDefinitionKey":"LM_TeachingActivities","Title":"My Instructor Schedule","Description":"Provides instructors with quick access to their current and upcoming training items.","SubTitle":"Widget My Instructor Schedule Activities","WebPartIconName":null,"WidgetNotificationMode":0,"WidgetDeeplinkUrlText":"View All My Instructor Schedule","CategoryName":"Learning","IsWebPartEnabled":true,"TypeName":null,"WebPartServiceAgentInterfaceTypeName":"ILMWebPartContractAsync","WebPartDefinitionXml":null,"HideWebPartHeader":false,"HideWebPartFooter":true,"IsFreeFlowing":false,"PillarKey":"LM","ChromeStyle":7,"ParameterJSON":"{\"HeaderLinkIcon\": \"\", \"IsCustomEditor\": false, \"PreviewType\" : \"table\"}","TemplatePath":"app/modules/dashboard/views/webparts/WidgetTeachingActivities.html","IsSystemLocked":false,"Category":{"Id":8,"Name":"Learning","CategoryKey":"WebPartDefinition_Learning","Description":"Learning","ParentId":1,"OrdinalPosition":null},"Id":64},{"WebPartDefinitionKey":"LM_RecentlyLaunched","Title":"Recently Launched","Description":"Provides user with quick access to the most recently launched non-completed training item.","SubTitle":"Recently Launched","WebPartIconName":null,"WidgetNotificationMode":0,"WidgetDeeplinkUrlText":"View All Recently Launch Activity","CategoryName":"Learning","IsWebPartEnabled":true,"TypeName":"SumTotal.SPPortal.WebParts.Core.Learning.RecentlyLaunched.RecentlyLaunched, SumTotal.SPPortal.WebParts, Version=1.0.0.0, Culture=neutral, PublicKeyToken=6b7f90fbd13cce01","WebPartServiceAgentInterfaceTypeName":"ILMWebPartContractAsync","WebPartDefinitionXml":null,"HideWebPartHeader":false,"HideWebPartFooter":true,"IsFreeFlowing":false,"PillarKey":"LM","ChromeStyle":7,"ParameterJSON":"{\"HeaderLinkIcon\": \"\", \"IsCustomEditor\": false, \"PreviewType\" : \"table\"}","TemplatePath":"app/modules/dashboard/views/webparts/widgetRecentlyLaunched.html","IsSystemLocked":false,"Category":{"Id":8,"Name":"Learning","CategoryKey":"WebPartDefinition_Learning","Description":"Learning","ParentId":1,"OrdinalPosition":null},"Id":65},{"WebPartDefinitionKey":"LM_ProxyRelations","Title":"Proxy Relations","Description":"Allows the user to have quick access to a list of users whom they can act as a proxy for.","SubTitle":"Proxy Relations","WebPartIconName":null,"WidgetNotificationMode":1,"WidgetDeeplinkUrlText":"View All","CategoryName":"Learning","IsWebPartEnabled":true,"TypeName":"SumTotal.SPPortal.WebParts.Core.Learning.ProxyRelations.ProxyRelations, SumTotal.SPPortal.WebParts, Version=1.0.0.0, Culture=neutral, PublicKeyToken=6b7f90fbd13cce01","WebPartServiceAgentInterfaceTypeName":"ILMWebPartContractAsync","WebPartDefinitionXml":null,"HideWebPartHeader":false,"HideWebPartFooter":true,"IsFreeFlowing":false,"PillarKey":"LM","ChromeStyle":7,"ParameterJSON":"{\"HeaderLinkIcon\": \"\", \"IsCustomEditor\": false, \"PreviewType\" : \"table\"}","TemplatePath":"app/modules/dashboard/views/webparts/widgetProxyRelations.html","IsSystemLocked":false,"Category":{"Id":8,"Name":"Learning","CategoryKey":"WebPartDefinition_Learning","Description":"Learning","ParentId":1,"OrdinalPosition":null},"Id":66},{"WebPartDefinitionKey":"LM_MyLearning","Title":"My Learning","Description":"Provides user with graphical summary of their assigned training compliance status.","SubTitle":null,"WebPartIconName":null,"WidgetNotificationMode":0,"WidgetDeeplinkUrlText":null,"CategoryName":"Learning","IsWebPartEnabled":true,"TypeName":"SumTotal.SPPortal.WebParts.Core.Learning.MyLearning.MyLearning, SumTotal.SPPortal.WebParts, Version=1.0.0.0, Culture=neutral, PublicKeyToken=6b7f90fbd13cce01","WebPartServiceAgentInterfaceTypeName":"ILMWebPartContractAsync","WebPartDefinitionXml":null,"HideWebPartHeader":false,"HideWebPartFooter":true,"IsFreeFlowing":false,"PillarKey":"LM","ChromeStyle":7,"ParameterJSON":"{\"HeaderLinkIcon\": \"\", \"IsCustomEditor\": false, \"PreviewType\" : \"html\"}","TemplatePath":"app/modules/dashboard/views/webparts/widgetMyLearning.html","IsSystemLocked":false,"Category":{"Id":8,"Name":"Learning","CategoryKey":"WebPartDefinition_Learning","Description":"Learning","ParentId":1,"OrdinalPosition":null},"Id":67},{"WebPartDefinitionKey":"LM_LearningTasks","Title":"Learning Tasks","Description":"Displays the user's pending tasks.","SubTitle":"Learning Tasks","WebPartIconName":null,"WidgetNotificationMode":0,"WidgetDeeplinkUrlText":null,"CategoryName":"Learning","IsWebPartEnabled":true,"TypeName":"SSumTotal.SPPortal.WebParts.Core.Learning.LearningTasks.LearningTasks, SumTotal.SPPortal.WebParts, Version=1.0.0.0, Culture=neutral, PublicKeyToken=6b7f90fbd13cce01","WebPartServiceAgentInterfaceTypeName":"ILMWebPartContractAsync","WebPartDefinitionXml":null,"HideWebPartHeader":false,"HideWebPartFooter":true,"IsFreeFlowing":false,"PillarKey":"LM","ChromeStyle":7,"ParameterJSON":"{\"HeaderLinkIcon\": \"\", \"IsCustomEditor\": false, \"PreviewType\" : \"table\"}","TemplatePath":"app/modules/dashboard/views/webparts/widgetLearningTasks.html","IsSystemLocked":false,"Category":{"Id":8,"Name":"Learning","CategoryKey":"WebPartDefinition_Learning","Description":"Learning","ParentId":1,"OrdinalPosition":null},"Id":68},{"WebPartDefinitionKey":"LM_QuickLinks","Title":"Quick Links","Description":"Displays the Quick Links for Training Transcript, Training Schedule and Training Analysis.","SubTitle":"Quick Links for Training","WebPartIconName":null,"WidgetNotificationMode":0,"WidgetDeeplinkUrlText":null,"CategoryName":"Learning","IsWebPartEnabled":true,"TypeName":"SumTotal.SPPortal.WebParts.Core.Learning.QuickLinks.QuickLinks, SumTotal.SPPortal.WebParts, Version=1.0.0.0, Culture=neutral, PublicKeyToken=6b7f90fbd13cce01","WebPartServiceAgentInterfaceTypeName":"ILMWebPartContractAsync","WebPartDefinitionXml":null,"HideWebPartHeader":false,"HideWebPartFooter":true,"IsFreeFlowing":false,"PillarKey":"LM","ChromeStyle":7,"ParameterJSON":"{\"HeaderLinkIcon\": \"\", \"IsCustomEditor\": false, \"PreviewType\" : \"table\"}","TemplatePath":"app/modules/dashboard/views/webparts/widgetQuickLinks.html","IsSystemLocked":false,"Category":{"Id":8,"Name":"Learning","CategoryKey":"WebPartDefinition_Learning","Description":"Learning","ParentId":1,"OrdinalPosition":null},"Id":69},{"WebPartDefinitionKey":"LM_Recommendation","Title":"Recommended Courses","Description":"Displays recommended learning based on your interests, your required skills, and suggestions from others in your organization.","SubTitle":null,"WebPartIconName":null,"WidgetNotificationMode":0,"WidgetDeeplinkUrlText":null,"CategoryName":"Learning","IsWebPartEnabled":true,"TypeName":null,"WebPartServiceAgentInterfaceTypeName":null,"WebPartDefinitionXml":null,"HideWebPartHeader":false,"HideWebPartFooter":true,"IsFreeFlowing":false,"PillarKey":"LM","ChromeStyle":7,"ParameterJSON":"{\"HeaderLinkIcon\": \"\", \"IsCustomEditor\": false, \"PreviewType\" : \"table\"}","TemplatePath":"app/modules/dashboard/views/webparts/widgetRecommendation.html","IsSystemLocked":false,"Category":{"Id":8,"Name":"Learning","CategoryKey":"WebPartDefinition_Learning","Description":"Learning","ParentId":1,"OrdinalPosition":null},"Id":70},{"WebPartDefinitionKey":"LM_PromotedActivities","Title":"Promoted Activities","Description":"Displays the Promoted Activities","SubTitle":null,"WebPartIconName":null,"WidgetNotificationMode":0,"WidgetDeeplinkUrlText":null,"CategoryName":"Learning","IsWebPartEnabled":true,"TypeName":"SumTotal.SPPortal.WebParts.Core.Learning.PromotedActivities.PromotedActivities, SumTotal.SPPortal.WebParts, Version=1.0.0.0, Culture=neutral, PublicKeyToken=6b7f90fbd13cce01","WebPartServiceAgentInterfaceTypeName":"ILMWebPartContractAsync","WebPartDefinitionXml":null,"HideWebPartHeader":false,"HideWebPartFooter":false,"IsFreeFlowing":false,"PillarKey":"LM","ChromeStyle":7,"ParameterJSON":"{\"HeaderLinkIcon\": \"\", \"IsCustomEditor\": false, \"PreviewType\" : \"configTextField\", \"Config\":{\"Name\":\"LearningActivityCodes\",\"Value\":\"\"}}","TemplatePath":"app/modules/dashboard/views/webparts/widgetPromotedActivities.html","IsSystemLocked":false,"Category":{"Id":8,"Name":"Learning","CategoryKey":"WebPartDefinition_Learning","Description":"Learning","ParentId":1,"OrdinalPosition":null},"Id":79},{"WebPartDefinitionKey":"LM_Categories","Title":"Browse By Topic","Description":"Display all topics, can browse activities through selected topic.","SubTitle":"Browse By Topic","WebPartIconName":null,"WidgetNotificationMode":0,"WidgetDeeplinkUrlText":"View All Categories","CategoryName":"Learning","IsWebPartEnabled":true,"TypeName":null,"WebPartServiceAgentInterfaceTypeName":"ILMWebPartContractAsync","WebPartDefinitionXml":null,"HideWebPartHeader":false,"HideWebPartFooter":false,"IsFreeFlowing":false,"PillarKey":"LM","ChromeStyle":7,"ParameterJSON":"{\"HeaderLinkIcon\": \"\", \"IsCustomEditor\": false, \"PreviewType\" : \"table\"}","TemplatePath":"app/modules/dashboard/views/webparts/widgetCatalogBrowseByCategory.html","IsSystemLocked":false,"Category":{"Id":8,"Name":"Learning","CategoryKey":"WebPartDefinition_Learning","Description":"Learning","ParentId":1,"OrdinalPosition":null},"Id":80},{"WebPartDefinitionKey":"LM_ActivityTypes","Title":"Browse By Activity Type","Description":"Display all Activity Types, can browse activities through selected Activity Type.","SubTitle":"Browse By Activity Type","WebPartIconName":null,"WidgetNotificationMode":0,"WidgetDeeplinkUrlText":"View All Activity Types","CategoryName":"Learning","IsWebPartEnabled":true,"TypeName":null,"WebPartServiceAgentInterfaceTypeName":"ILMWebPartContractAsync","WebPartDefinitionXml":null,"HideWebPartHeader":false,"HideWebPartFooter":false,"IsFreeFlowing":false,"PillarKey":"LM","ChromeStyle":7,"ParameterJSON":"{\"HeaderLinkIcon\": \"\", \"IsCustomEditor\": false, \"PreviewType\" : \"table\"}","TemplatePath":"app/modules/dashboard/views/webparts/widgetCatalogBrowseByActivityType.html","IsSystemLocked":false,"Category":{"Id":8,"Name":"Learning","CategoryKey":"WebPartDefinition_Learning","Description":"Learning","ParentId":1,"OrdinalPosition":null},"Id":81},{"WebPartDefinitionKey":"LM_PromotedCategories","Title":"Promoted Topics","Description":"Displays selected topics. Users can browse activities through selected topics.","SubTitle":"Promoted Topics","WebPartIconName":null,"WidgetNotificationMode":0,"WidgetDeeplinkUrlText":"View All Topics","CategoryName":"Learning","IsWebPartEnabled":true,"TypeName":null,"WebPartServiceAgentInterfaceTypeName":"ILMWebPartContractAsync","WebPartDefinitionXml":null,"HideWebPartHeader":false,"HideWebPartFooter":false,"IsFreeFlowing":false,"PillarKey":"LM","ChromeStyle":7,"ParameterJSON":"{\"HeaderLinkIcon\": \"\", \"IsCustomEditor\": false, \"PreviewType\" : \"table\"}","TemplatePath":"app/modules/dashboard/views/webparts/widgetPromotedCategories.html","IsSystemLocked":false,"Category":{"Id":8,"Name":"Learning","CategoryKey":"WebPartDefinition_Learning","Description":"Learning","ParentId":1,"OrdinalPosition":null},"Id":82},{"WebPartDefinitionKey":"LM_Calendar","Title":"My Learning Schedule","Description":"Highlights schedule information in calendar.","SubTitle":null,"WebPartIconName":null,"WidgetNotificationMode":0,"WidgetDeeplinkUrlText":null,"CategoryName":"Learning","IsWebPartEnabled":true,"TypeName":"SumTotal.SPPortal.WebParts.Core.Learning.Calendar.Calendar, SumTotal.SPPortal.WebParts, Version=1.0.0.0, Culture=neutral, PublicKeyToken=6b7f90fbd13cce01","WebPartServiceAgentInterfaceTypeName":null,"WebPartDefinitionXml":null,"HideWebPartHeader":false,"HideWebPartFooter":true,"IsFreeFlowing":false,"PillarKey":"LM","ChromeStyle":7,"ParameterJSON":"{\"HeaderLinkIcon\": \"\", \"IsCustomEditor\": false, \"PreviewType\" : \"html\"}","TemplatePath":"app/modules/dashboard/views/webparts/widgetCalendar.html","IsSystemLocked":false,"Category":{"Id":8,"Name":"Learning","CategoryKey":"WebPartDefinition_Learning","Description":"Learning","ParentId":1,"OrdinalPosition":null},"Id":83},{"WebPartDefinitionKey":"LM_News","Title":"News","Description":"Displays the latest news.","SubTitle":"News","WebPartIconName":null,"WidgetNotificationMode":0,"WidgetDeeplinkUrlText":null,"CategoryName":"Learning","IsWebPartEnabled":true,"TypeName":null,"WebPartServiceAgentInterfaceTypeName":null,"WebPartDefinitionXml":null,"HideWebPartHeader":false,"HideWebPartFooter":false,"IsFreeFlowing":false,"PillarKey":"LM","ChromeStyle":7,"ParameterJSON":"{\"HeaderLinkIcon\": \"\", \"IsCustomEditor\": false, \"PreviewType\" : \"table\"}","TemplatePath":"app/modules/dashboard/views/webparts/widgetNews.html","IsSystemLocked":false,"Category":{"Id":8,"Name":"Learning","CategoryKey":"WebPartDefinition_Learning","Description":"Learning","ParentId":1,"OrdinalPosition":null},"Id":85},{"WebPartDefinitionKey":"LM_RecentPurchasedActivities","Title":"Recently Purchased Activities","Description":"Provides user with quick access to the five most recently purchased  activities.","SubTitle":"Recent purchases I have made","WebPartIconName":null,"WidgetNotificationMode":0,"WidgetDeeplinkUrlText":null,"CategoryName":"Learning","IsWebPartEnabled":true,"TypeName":null,"WebPartServiceAgentInterfaceTypeName":"ILMWebPartContractAsync","WebPartDefinitionXml":null,"HideWebPartHeader":false,"HideWebPartFooter":false,"IsFreeFlowing":false,"PillarKey":"LM","ChromeStyle":7,"ParameterJSON":"{\"HeaderLinkIcon\": \"\", \"IsCustomEditor\": false, \"PreviewType\" : \"table\"}","TemplatePath":"app/modules/dashboard/views/webparts/widgetLearningRecentlyPurchasedActivities.html","IsSystemLocked":false,"Category":{"Id":8,"Name":"Learning","CategoryKey":"WebPartDefinition_Learning","Description":"Learning","ParentId":1,"OrdinalPosition":null},"Id":87},{"WebPartDefinitionKey":"LM_ConfigurableWidget","Title":"Configurable Widget","Description":"Displays configured widget data","SubTitle":null,"WebPartIconName":null,"WidgetNotificationMode":0,"WidgetDeeplinkUrlText":null,"CategoryName":"Learning","IsWebPartEnabled":true,"TypeName":null,"WebPartServiceAgentInterfaceTypeName":"ILMWebPartContractAsync","WebPartDefinitionXml":null,"HideWebPartHeader":false,"HideWebPartFooter":false,"IsFreeFlowing":false,"PillarKey":"LM","ChromeStyle":7,"ParameterJSON":"{\"HeaderLinkIcon\": \"\", \"IsCustomEditor\": false, \"PreviewType\" : \"configCarouselDropDown\", \"Config\":{\"Name\":\"ConfigurableCarouselWidgetCodesDropDown\",\"DropDownData\":{\"SelectedKey\": null, \"AvailableOptions\": [{\"id\": \"0\", \"name\":\"Trending For Your Job\"}, {\"id\":\"1\", \"name\":\"Top Picks For You\"}, {\"id\":\"2\", \"name\":\"Top Rated\"}, {\"id\":\"3\", \"name\":\"Saved For Later\"}, {\"id\":\"4\", \"name\":\"Continue Learning\"}, {\"id\":\"5\", \"name\":\"Join Your Peers\"}, {\"id\":\"6\", \"name\":\"Training Recommended For Next Job\"}, {\"id\":\"7\", \"name\":\"Most Popular\"}]}}}","TemplatePath":"app/modules/dashboard/views/webparts/widgetConfigurableContent.html","IsSystemLocked":false,"Category":{"Id":8,"Name":"Learning","CategoryKey":"WebPartDefinition_Learning","Description":"Learning","ParentId":1,"OrdinalPosition":null},"Id":106},{"WebPartDefinitionKey":"LM_ConfigurableCarouselWidget","Title":"Configurable Carousel Widget","Description":"Displays configured widget data","SubTitle":null,"WebPartIconName":null,"WidgetNotificationMode":0,"WidgetDeeplinkUrlText":null,"CategoryName":"Learning","IsWebPartEnabled":true,"TypeName":null,"WebPartServiceAgentInterfaceTypeName":"ILMWebPartContractAsync","WebPartDefinitionXml":null,"HideWebPartHeader":false,"HideWebPartFooter":false,"IsFreeFlowing":false,"PillarKey":"LM","ChromeStyle":7,"ParameterJSON":"{\"HeaderLinkIcon\": \"\", \"IsCustomEditor\": false, \"PreviewType\" : \"configCarouselDropDown\", \"Config\":{\"Name\":\"ConfigurableCarouselWidgetCodesDropDown\",\"DropDownData\":{\"SelectedKey\": null, \"AvailableOptions\": [{\"id\": \"0\", \"name\":\"Trending For Your Job\"}, {\"id\":\"1\", \"name\":\"Top Picks For You\"}, {\"id\":\"2\", \"name\":\"Top Rated\"}, {\"id\":\"3\", \"name\":\"Saved For Later\"}, {\"id\":\"4\", \"name\":\"Continue Learning\"}, {\"id\":\"5\", \"name\":\"Join Your Peers\"}, {\"id\":\"6\", \"name\":\"Training Recommended For Next Job\"}, {\"id\":\"7\", \"name\":\"Most Popular\"}]}}}","TemplatePath":"app/modules/dashboard/views/webparts/widgetConfigurableCarouselContent.html","IsSystemLocked":false,"Category":{"Id":8,"Name":"Learning","CategoryKey":"WebPartDefinition_Learning","Description":"Learning","ParentId":1,"OrdinalPosition":null},"Id":107},{"WebPartDefinitionKey":"search_calendarView","Title":"Available Activities Calendar","Description":"Allows learners to browse available learning activity offerings in a calendar view.","SubTitle":"Available Activities Calendar","WebPartIconName":null,"WidgetNotificationMode":0,"WidgetDeeplinkUrlText":null,"CategoryName":"Learning","IsWebPartEnabled":true,"TypeName":null,"WebPartServiceAgentInterfaceTypeName":null,"WebPartDefinitionXml":null,"HideWebPartHeader":false,"HideWebPartFooter":false,"IsFreeFlowing":false,"PillarKey":"LM","ChromeStyle":7,"ParameterJSON":"{\"HeaderLinkIcon\": \"\", \"IsCustomEditor\": false, \"PreviewType\" : \"calendar\"}","TemplatePath":"app/modules/dashboard/views/searchWidgets/calendarView.html","IsSystemLocked":false,"Category":{"Id":8,"Name":"Learning","CategoryKey":"WebPartDefinition_Learning","Description":"Learning","ParentId":1,"OrdinalPosition":null},"Id":111},{"WebPartDefinitionKey":"LM_FavouritesCarousel","Title":"My Favorites","Description":"Supports quick access to content marked as a favorite by the user in a carousel.","SubTitle":"Activities, Categories, Collaboration Centers","WebPartIconName":null,"WidgetNotificationMode":1,"WidgetDeeplinkUrlText":"More...","CategoryName":"Learning","IsWebPartEnabled":true,"TypeName":"SumTotal.SPPortal.WebParts.Core.Learning.Favorites.Favorites, SumTotal.SPPortal.WebParts, Version=1.0.0.0, Culture=neutral, PublicKeyToken=6b7f90fbd13cce01","WebPartServiceAgentInterfaceTypeName":"ILMWebPartContractAsync","WebPartDefinitionXml":null,"HideWebPartHeader":false,"HideWebPartFooter":true,"IsFreeFlowing":false,"PillarKey":"LM","ChromeStyle":7,"ParameterJSON":"{\"HeaderLinkIcon\": \"\", \"IsCustomEditor\": false, \"PreviewType\" : \"table\"}","TemplatePath":"app/modules/dashboard/views/webparts/widgetFavoritesCarousel.html","IsSystemLocked":false,"Category":{"Id":8,"Name":"Learning","CategoryKey":"WebPartDefinition_Learning","Description":"Learning","ParentId":1,"OrdinalPosition":null},"Id":112},{"WebPartDefinitionKey":"Common_SearchWidget","Title":"Search","Description":"Quick Search for Courses, Training, Videos, Books and Audiobooks","SubTitle":"Search for Courses, Training, Videos, Books and Audiobooks","WebPartIconName":null,"WidgetNotificationMode":0,"WidgetDeeplinkUrlText":null,"CategoryName":"Learning","IsWebPartEnabled":true,"TypeName":null,"WebPartServiceAgentInterfaceTypeName":null,"WebPartDefinitionXml":null,"HideWebPartHeader":true,"HideWebPartFooter":false,"IsFreeFlowing":false,"PillarKey":null,"ChromeStyle":6,"ParameterJSON":"{\"HeaderLinkIcon\": \"\", \"IsCustomEditor\": false, \"PreviewType\" : \"table\"}","TemplatePath":"app/modules/dashboard/views/webparts/widgetEnterpriseSearch.html","IsSystemLocked":false,"Category":{"Id":8,"Name":"Learning","CategoryKey":"WebPartDefinition_Learning","Description":"Learning","ParentId":1,"OrdinalPosition":null},"Id":113},{"WebPartDefinitionKey":"LM_ResumeLearning","Title":"Resume Learning","Description":"Provides user with quick access to all recently launched non-completed training items.","SubTitle":"List of recently launched activities","WebPartIconName":null,"WidgetNotificationMode":0,"WidgetDeeplinkUrlText":"View All Recently Launched Activities","CategoryName":"Learning","IsWebPartEnabled":true,"TypeName":"SumTotal.SPPortal.WebParts.Core.Learning.RecentlyLaunched.RecentlyLaunched, SumTotal.SPPortal.WebParts, Version=1.0.0.0, Culture=neutral, PublicKeyToken=6b7f90fbd13cce01","WebPartServiceAgentInterfaceTypeName":"ILMWebPartContractAsync","WebPartDefinitionXml":null,"HideWebPartHeader":false,"HideWebPartFooter":true,"IsFreeFlowing":false,"PillarKey":"LM","ChromeStyle":7,"ParameterJSON":"{\"HeaderLinkIcon\": \"\", \"IsCustomEditor\": false, \"PreviewType\" : \"table\"}","TemplatePath":"app/modules/dashboard/views/webparts/widgetRecentlyLaunchedActivitiesList.html","IsSystemLocked":false,"Category":{"Id":8,"Name":"Learning","CategoryKey":"WebPartDefinition_Learning","Description":"Learning","ParentId":1,"OrdinalPosition":null},"Id":114},{"WebPartDefinitionKey":"LM_RecommendedActivities","Title":"Recommended Activities","Description":"Displays recommended activities based on your interests, your required skills, and suggestions from others in your organization in a carousel.","SubTitle":null,"WebPartIconName":null,"WidgetNotificationMode":0,"WidgetDeeplinkUrlText":null,"CategoryName":"Learning","IsWebPartEnabled":true,"TypeName":null,"WebPartServiceAgentInterfaceTypeName":null,"WebPartDefinitionXml":null,"HideWebPartHeader":true,"HideWebPartFooter":true,"IsFreeFlowing":false,"PillarKey":"LM","ChromeStyle":6,"ParameterJSON":"{\"HeaderLinkIcon\": \"\", \"IsCustomEditor\": false, \"PreviewType\" : \"table\"}","TemplatePath":"app/modules/dashboard/views/webparts/widgetRecommendedActivitiesCarousel.html","IsSystemLocked":false,"Category":{"Id":8,"Name":"Learning","CategoryKey":"WebPartDefinition_Learning","Description":"Learning","ParentId":1,"OrdinalPosition":null},"Id":115},{"WebPartDefinitionKey":"LM_PromotedActivities","Title":"Promoted Learning  Activities","Description":"Displays activities promoted by your organization.","SubTitle":null,"WebPartIconName":null,"WidgetNotificationMode":0,"WidgetDeeplinkUrlText":null,"CategoryName":"Learning","IsWebPartEnabled":true,"TypeName":"SumTotal.SPPortal.WebParts.Core.Learning.PromotedActivities.PromotedActivities, SumTotal.SPPortal.WebParts, Version=1.0.0.0, Culture=neutral, PublicKeyToken=6b7f90fbd13cce01","WebPartServiceAgentInterfaceTypeName":"ILMWebPartContractAsync","WebPartDefinitionXml":null,"HideWebPartHeader":false,"HideWebPartFooter":false,"IsFreeFlowing":false,"PillarKey":"LM","ChromeStyle":7,"ParameterJSON":"{\"HeaderLinkIcon\": \"\", \"IsCustomEditor\": false, \"PreviewType\" : \"configTextField\", \"Config\":{\"Name\":\"LearningActivityCodes\",\"Value\":\"\"}}","TemplatePath":"app/modules/dashboard/views/webparts/widgetPromotedActivitiesCarousel.html","IsSystemLocked":false,"Category":{"Id":8,"Name":"Learning","CategoryKey":"WebPartDefinition_Learning","Description":"Learning","ParentId":1,"OrdinalPosition":null},"Id":118},{"WebPartDefinitionKey":"LM_PromotedLibraryTopics","Title":"Promoted Library  Topics","Description":"Displays Library topics promoted by your organization.","SubTitle":null,"WebPartIconName":null,"WidgetNotificationMode":0,"WidgetDeeplinkUrlText":"View All Topics","CategoryName":"Learning","IsWebPartEnabled":true,"TypeName":null,"WebPartServiceAgentInterfaceTypeName":"ILMWebPartContractAsync","WebPartDefinitionXml":null,"HideWebPartHeader":false,"HideWebPartFooter":false,"IsFreeFlowing":false,"PillarKey":"LM","ChromeStyle":7,"ParameterJSON":"{\"HeaderLinkIcon\": \"\", \"IsCustomEditor\": false, \"PreviewType\" : \"table\", \"MaxCount\":20}","TemplatePath":"app/modules/dashboard/views/webparts/widgetPromotedCategoriesCarousel.html","IsSystemLocked":false,"Category":{"Id":8,"Name":"Learning","CategoryKey":"WebPartDefinition_Learning","Description":"Learning","ParentId":1,"OrdinalPosition":null},"Id":119}]},{"Category":{"Id":11,"Name":"Social","CategoryKey":"WebPartDefinition_Social","Description":"Social","ParentId":1,"OrdinalPosition":null},"Definitions":[{"WebPartDefinitionKey":"LM_MyCommunities","Title":"My Communities","Description":"Recent posts for the communities which the logged in user is a member, supported by an option to view all updates.","SubTitle":"Favorite discussion forums","WebPartIconName":null,"WidgetNotificationMode":1,"WidgetDeeplinkUrlText":"View All Communities","CategoryName":"Social","IsWebPartEnabled":true,"TypeName":"SumTotal.SPPortal.WebParts.Core.Social.MyCommunities.MyCommunities, SumTotal.SPPortal.WebParts, Version=1.0.0.0, Culture=neutral, PublicKeyToken=6b7f90fbd13cce01","WebPartServiceAgentInterfaceTypeName":"ILMWebPartContractAsync","WebPartDefinitionXml":null,"HideWebPartHeader":false,"HideWebPartFooter":true,"IsFreeFlowing":false,"PillarKey":"LM","ChromeStyle":7,"ParameterJSON":"{\"HeaderLinkIcon\": \"\", \"IsCustomEditor\": false, \"PreviewType\" : \"table\"}","TemplatePath":"app/modules/dashboard/views/webparts/widgetMyCommunities.html","IsSystemLocked":false,"Category":{"Id":11,"Name":"Social","CategoryKey":"WebPartDefinition_Social","Description":"Social","ParentId":1,"OrdinalPosition":null},"Id":5},{"WebPartDefinitionKey":"LM_CommunityUpdates","Title":"Community Updates","Description":"Highlights recent community posts with an option to view all community updates.","SubTitle":"Updated discussion forums  ","WebPartIconName":null,"WidgetNotificationMode":1,"WidgetDeeplinkUrlText":"View All Updates","CategoryName":"Social","IsWebPartEnabled":true,"TypeName":"SumTotal.SPPortal.WebParts.Core.Social.CommunityUpdates.CommunityUpdates, SumTotal.SPPortal.WebParts, Version=1.0.0.0, Culture=neutral, PublicKeyToken=6b7f90fbd13cce01","WebPartServiceAgentInterfaceTypeName":"ILMWebPartContractAsync","WebPartDefinitionXml":null,"HideWebPartHeader":false,"HideWebPartFooter":true,"IsFreeFlowing":false,"PillarKey":"LM","ChromeStyle":7,"ParameterJSON":"{\"HeaderLinkIcon\": \"\", \"IsCustomEditor\": false, \"PreviewType\" : \"table\"}","TemplatePath":"app/modules/dashboard/views/webparts/widgetCommunityUpdates.html","IsSystemLocked":false,"Category":{"Id":11,"Name":"Social","CategoryKey":"WebPartDefinition_Social","Description":"Social","ParentId":1,"OrdinalPosition":null},"Id":11},{"WebPartDefinitionKey":"SocialGroups","Title":"Social Groups","Description":"View all Social groups, manage your Social groups, and post messages.","SubTitle":"Social Groups","WebPartIconName":null,"WidgetNotificationMode":0,"WidgetDeeplinkUrlText":null,"CategoryName":"Social","IsWebPartEnabled":true,"TypeName":null,"WebPartServiceAgentInterfaceTypeName":null,"WebPartDefinitionXml":null,"HideWebPartHeader":false,"HideWebPartFooter":false,"IsFreeFlowing":false,"PillarKey":null,"ChromeStyle":7,"ParameterJSON":"{\"HeaderLinkIcon\": \"\", \"IsCustomEditor\": false, \"PreviewType\" : \"table\"}","TemplatePath":"app/modules/dashboard/views/webparts/widgetSocial.html","IsSystemLocked":false,"Category":{"Id":11,"Name":"Social","CategoryKey":"WebPartDefinition_Social","Description":"Social","ParentId":1,"OrdinalPosition":null},"Id":98},{"WebPartDefinitionKey":"SocialMyFeed","Title":"My Feed","Description":"View and make updates to your Social feed, including groups for which you are a member and public groups.","SubTitle":"My Feed","WebPartIconName":null,"WidgetNotificationMode":0,"WidgetDeeplinkUrlText":null,"CategoryName":"Social","IsWebPartEnabled":true,"TypeName":null,"WebPartServiceAgentInterfaceTypeName":null,"WebPartDefinitionXml":null,"HideWebPartHeader":false,"HideWebPartFooter":false,"IsFreeFlowing":false,"PillarKey":null,"ChromeStyle":7,"ParameterJSON":"{\"HeaderLinkIcon\": \"\", \"IsCustomEditor\": false, \"PreviewType\" : \"table\"}","TemplatePath":"app/modules/dashboard/views/webparts/widgetSocialMyFeed.html","IsSystemLocked":false,"Category":{"Id":11,"Name":"Social","CategoryKey":"WebPartDefinition_Social","Description":"Social","ParentId":1,"OrdinalPosition":null},"Id":99},{"WebPartDefinitionKey":"Social_MyCommunities","Title":"My Social Communities","Description":"Displays social communities that I am a member of","SubTitle":null,"WebPartIconName":null,"WidgetNotificationMode":1,"WidgetDeeplinkUrlText":"View All","CategoryName":"Social","IsWebPartEnabled":true,"TypeName":null,"WebPartServiceAgentInterfaceTypeName":null,"WebPartDefinitionXml":null,"HideWebPartHeader":false,"HideWebPartFooter":false,"IsFreeFlowing":false,"PillarKey":"ELIXHRUI","ChromeStyle":7,"ParameterJSON":"{\"HeaderLinkIcon\": \"\", \"IsCustomEditor\": false, \"PreviewType\" : \"table\"}","TemplatePath":"app/modules/dashboard/views/webparts/widgetSocialMyCommunities.html","IsSystemLocked":false,"Category":{"Id":11,"Name":"Social","CategoryKey":"WebPartDefinition_Social","Description":"Social","ParentId":1,"OrdinalPosition":null},"Id":116},{"WebPartDefinitionKey":"Social_CommunityFeed","Title":"My Social Community Feed","Description":"Displays the social activities of communities I am a member of","SubTitle":null,"WebPartIconName":null,"WidgetNotificationMode":1,"WidgetDeeplinkUrlText":"View All","CategoryName":"Social","IsWebPartEnabled":true,"TypeName":null,"WebPartServiceAgentInterfaceTypeName":null,"WebPartDefinitionXml":null,"HideWebPartHeader":false,"HideWebPartFooter":false,"IsFreeFlowing":false,"PillarKey":"ELIXHRUI","ChromeStyle":7,"ParameterJSON":"{\"HeaderLinkIcon\": \"\", \"IsCustomEditor\": false, \"PreviewType\" : \"table\"}","TemplatePath":"app/modules/dashboard/views/webparts/widgetSocialCommunityFeed.html","IsSystemLocked":false,"Category":{"Id":11,"Name":"Social","CategoryKey":"WebPartDefinition_Social","Description":"Social","ParentId":1,"OrdinalPosition":null},"Id":117}]},{"Category":{"Id":6,"Name":"Talent","CategoryKey":"WebPartDefinition_Talent","Description":"Talent","ParentId":1,"OrdinalPosition":null},"Definitions":[{"WebPartDefinitionKey":"TM_MyProcesses","Title":"My Processes","Description":"Displays status of active processes and supports linking to the process details.","SubTitle":"My assessments and reviews","WebPartIconName":null,"WidgetNotificationMode":0,"WidgetDeeplinkUrlText":"View All Processes","CategoryName":"Talent","IsWebPartEnabled":true,"TypeName":"SumTotal.SPPortal.WebParts.Core.TM.MyProcesses.MyProcesses, SumTotal.SPPortal.WebParts, Version=1.0.0.0, Culture=neutral, PublicKeyToken=6b7f90fbd13cce01","WebPartServiceAgentInterfaceTypeName":"ITMWebPartContractAsync","WebPartDefinitionXml":null,"HideWebPartHeader":false,"HideWebPartFooter":true,"IsFreeFlowing":false,"PillarKey":"TM","ChromeStyle":7,"ParameterJSON":"{\"HeaderLinkIcon\": \"\", \"IsCustomEditor\": false, \"PreviewType\" : \"table\"}","TemplatePath":"app/modules/dashboard/views/webparts/widgetMyProcess.html","IsSystemLocked":false,"Category":{"Id":6,"Name":"Talent","CategoryKey":"WebPartDefinition_Talent","Description":"Talent","ParentId":1,"OrdinalPosition":null},"Id":44},{"WebPartDefinitionKey":"TM_MyTeamProcesses","Title":"My Team - Process List","Description":"Highlights how many direct reports a manager has active within Talent processes.  Users can drill to specific processes.","SubTitle":"Assessments and reviews within my team","WebPartIconName":null,"WidgetNotificationMode":0,"WidgetDeeplinkUrlText":"View All Team Processes","CategoryName":"Talent","IsWebPartEnabled":true,"TypeName":"SumTotal.SPPortal.WebParts.Core.TM.MyTeamProcesses.MyTeamProcesses, SumTotal.SPPortal.WebParts, Version=1.0.0.0, Culture=neutral, PublicKeyToken=6b7f90fbd13cce01","WebPartServiceAgentInterfaceTypeName":"ITMWebPartContractAsync","WebPartDefinitionXml":null,"HideWebPartHeader":false,"HideWebPartFooter":true,"IsFreeFlowing":false,"PillarKey":"TM","ChromeStyle":7,"ParameterJSON":"{\"HeaderLinkIcon\": \"\", \"IsCustomEditor\": false, \"PreviewType\" : \"table\"}","TemplatePath":"app/modules/dashboard/views/webparts/widgetProcessList.html","IsSystemLocked":false,"Category":{"Id":6,"Name":"Talent","CategoryKey":"WebPartDefinition_Talent","Description":"Talent","ParentId":1,"OrdinalPosition":null},"Id":45},{"WebPartDefinitionKey":"TM_MyTeamGoals","Title":"My Team - Goal Summary","Description":"Lists approved goals for direct reports, highlighting due date, progress, and organizational alignment.","SubTitle":"Results of team goals and accomplishments","WebPartIconName":null,"WidgetNotificationMode":0,"WidgetDeeplinkUrlText":"View All My Team Goals","CategoryName":"Talent","IsWebPartEnabled":true,"TypeName":"SumTotal.SPPortal.WebParts.Core.TM.MyTeamGoals.MyTeamGoals, SumTotal.SPPortal.WebParts, Version=1.0.0.0, Culture=neutral, PublicKeyToken=6b7f90fbd13cce01","WebPartServiceAgentInterfaceTypeName":"ITMWebPartContractAsync","WebPartDefinitionXml":null,"HideWebPartHeader":false,"HideWebPartFooter":true,"IsFreeFlowing":false,"PillarKey":"TM","ChromeStyle":7,"ParameterJSON":"{\"HeaderLinkIcon\": \"\", \"IsCustomEditor\": false, \"ChartConfig\":{\"columnMap\":[\"value\"], \"barType\":\"bar\", \"ChartLabelColumn\":\"dataName\"}, \"PreviewType\":\"barChart\"}","TemplatePath":"app/modules/dashboard/views/webparts/widgetMyTeamGoalSummary.html","IsSystemLocked":false,"Category":{"Id":6,"Name":"Talent","CategoryKey":"WebPartDefinition_Talent","Description":"Talent","ParentId":1,"OrdinalPosition":null},"Id":46},{"WebPartDefinitionKey":"TM_MyTeamPerformanceRatingDistribution","Title":"Performance Bell Curve (Manager)","Description":"Organizes direct reports based on their ratings against organizational targeted values.","SubTitle":"Results of team performance reviews","WebPartIconName":null,"WidgetNotificationMode":0,"WidgetDeeplinkUrlText":null,"CategoryName":"Talent","IsWebPartEnabled":true,"TypeName":"SumTotal.SPPortal.WebParts.Core.TM.MyTeamPRD.MyTeamPRD, SumTotal.SPPortal.WebParts, Version=1.0.0.0, Culture=neutral, PublicKeyToken=6b7f90fbd13cce01","WebPartServiceAgentInterfaceTypeName":"ITMWebPartContractAsync","WebPartDefinitionXml":null,"HideWebPartHeader":false,"HideWebPartFooter":true,"IsFreeFlowing":false,"PillarKey":"TM","ChromeStyle":7,"ParameterJSON":"{\"HeaderLinkIcon\": \"\", \"IsCustomEditor\": false, \"ChartConfig\":{\"columnMap\":[\"itemName\", \"count\", \"target\"]}, \"PreviewType\":\"bellChart\"}","TemplatePath":"app/modules/dashboard/views/webparts/widgetRatingDistribution.html","IsSystemLocked":false,"Category":{"Id":6,"Name":"Talent","CategoryKey":"WebPartDefinition_Talent","Description":"Talent","ParentId":1,"OrdinalPosition":null},"Id":47},{"WebPartDefinitionKey":"TM_MyTeamGoalsDetail","Title":"My Team Goals","Description":"Displays all goals and current status for direct reports.","SubTitle":"Detailed information about my team's goals","WebPartIconName":null,"WidgetNotificationMode":0,"WidgetDeeplinkUrlText":"View all my team goals","CategoryName":"Talent","IsWebPartEnabled":true,"TypeName":"SumTotal.SPPortal.WebParts.Core.TM.MyTeamGoalsDetail.MyTeamGoalsDetail, SumTotal.SPPortal.WebParts, Version=1.0.0.0, Culture=neutral, PublicKeyToken=6b7f90fbd13cce01","WebPartServiceAgentInterfaceTypeName":"ITMWebPartContractAsync","WebPartDefinitionXml":null,"HideWebPartHeader":false,"HideWebPartFooter":true,"IsFreeFlowing":false,"PillarKey":"TM","ChromeStyle":7,"ParameterJSON":"{\"HeaderLinkIcon\": \"\", \"IsCustomEditor\": false, \"PreviewType\" : \"table\"}","TemplatePath":"app/modules/dashboard/views/webparts/widgetMyTeamGoals.html","IsSystemLocked":false,"Category":{"Id":6,"Name":"Talent","CategoryKey":"WebPartDefinition_Talent","Description":"Talent","ParentId":1,"OrdinalPosition":null},"Id":48},{"WebPartDefinitionKey":"TM_MyTeamPerformanceProgress","Title":"Team Performance Progress","Description":"Highlights progress against performance processes for direct reports.","SubTitle":"Displays performance processes and the number of employees on each step.","WebPartIconName":null,"WidgetNotificationMode":0,"WidgetDeeplinkUrlText":"Team Completion Report","CategoryName":"Talent","IsWebPartEnabled":true,"TypeName":"SumTotal.SPPortal.WebParts.Core.TM.MyTeamPerfProg.MyTeamPerfProg, SumTotal.SPPortal.WebParts, Version=1.0.0.0, Culture=neutral, PublicKeyToken=6b7f90fbd13cce01","WebPartServiceAgentInterfaceTypeName":"ITMWebPartContractAsync","WebPartDefinitionXml":null,"HideWebPartHeader":false,"HideWebPartFooter":true,"IsFreeFlowing":false,"PillarKey":"TM","ChromeStyle":7,"ParameterJSON":"{\"HeaderLinkIcon\": \"\", \"IsCustomEditor\": false, \"PreviewType\" : \"table\"}","TemplatePath":"app/modules/dashboard/views/webparts/widgetTeamPerformanceProgress.html","IsSystemLocked":false,"Category":{"Id":6,"Name":"Talent","CategoryKey":"WebPartDefinition_Talent","Description":"Talent","ParentId":1,"OrdinalPosition":null},"Id":49},{"WebPartDefinitionKey":"TM_Top5TeamStrengths","Title":"Top 5 Team Strengths","Description":"Identifies team strengths by highlighting average scores of the five highest scored competencies of direct reports.","SubTitle":"Competency Strengths for Your Team","WebPartIconName":null,"WidgetNotificationMode":0,"WidgetDeeplinkUrlText":null,"CategoryName":"Talent","IsWebPartEnabled":true,"TypeName":"SumTotal.SPPortal.WebParts.Core.Performance.Top5TeamStrengths.Top5TeamStrengths, SumTotal.SPPortal.WebParts, Version=1.0.0.0, Culture=neutral, PublicKeyToken=6b7f90fbd13cce01","WebPartServiceAgentInterfaceTypeName":"IPerformanceWebPartContractAsync","WebPartDefinitionXml":null,"HideWebPartHeader":false,"HideWebPartFooter":true,"IsFreeFlowing":false,"PillarKey":"TM","ChromeStyle":7,"ParameterJSON":"{\"HeaderLinkIcon\": \"\", \"IsCustomEditor\": false, \"ChartConfig\":{\"columnMap\":[\"value\"], \"barType\":\"bar\", \"ChartLabelColumn\":\"dataName\"}, \"PreviewType\":\"barChart\"}","TemplatePath":"app/modules/dashboard/views/webparts/widgetTop5TeamStrengths.html","IsSystemLocked":false,"Category":{"Id":6,"Name":"Talent","CategoryKey":"WebPartDefinition_Talent","Description":"Talent","ParentId":1,"OrdinalPosition":null},"Id":50},{"WebPartDefinitionKey":"TM_MyTeamSuccessionStatus","Title":"Team Succession Status","Description":"Provides readiness metrics for direct reports being groomed as successors.","SubTitle":"Succession Information for Your Team","WebPartIconName":null,"WidgetNotificationMode":0,"WidgetDeeplinkUrlText":"View Succession Dashboard","CategoryName":"Talent","IsWebPartEnabled":true,"TypeName":"SumTotal.SPPortal.WebParts.Core.Succession.TeamSuccessionStatus.TeamSuccessionStatus, SumTotal.SPPortal.WebParts, Version=1.0.0.0, Culture=neutral, PublicKeyToken=6b7f90fbd13cce01","WebPartServiceAgentInterfaceTypeName":"ISuccessionWebPartContractAsync","WebPartDefinitionXml":null,"HideWebPartHeader":false,"HideWebPartFooter":true,"IsFreeFlowing":false,"PillarKey":"TM","ChromeStyle":7,"ParameterJSON":"{\"HeaderLinkIcon\": \"\", \"IsCustomEditor\": false, \"ChartConfig\":{\"IsStacked\": true,\"columnMap\":[\"lowBenchStrength\", \"mediumBenchStrength\", \"highBenchStrength\"],\"ChartLabelColumn\":\"name\"},\"PreviewType\":\"barChart\"}","TemplatePath":"app/modules/dashboard/views/webparts/widgetTeamSuccessionStatus.html","IsSystemLocked":false,"Category":{"Id":6,"Name":"Talent","CategoryKey":"WebPartDefinition_Talent","Description":"Talent","ParentId":1,"OrdinalPosition":null},"Id":51},{"WebPartDefinitionKey":"TM_Top5TeamWeaknesses","Title":"Top 5 Team Weaknesses","Description":"Identifies team weaknesses by highlighting average scores of the five lowest scored competencies of direct reports.","SubTitle":"Team Development Opportunities","WebPartIconName":null,"WidgetNotificationMode":0,"WidgetDeeplinkUrlText":null,"CategoryName":"Talent","IsWebPartEnabled":true,"TypeName":"SumTotal.SPPortal.WebParts.Core.Performance.Top5TeamWeaknesses.Top5TeamWeaknesses, SumTotal.SPPortal.WebParts, Version=1.0.0.0, Culture=neutral, PublicKeyToken=6b7f90fbd13cce01","WebPartServiceAgentInterfaceTypeName":"IPerformanceWebPartContractAsync","WebPartDefinitionXml":null,"HideWebPartHeader":false,"HideWebPartFooter":true,"IsFreeFlowing":false,"PillarKey":"TM","ChromeStyle":7,"ParameterJSON":"{\"HeaderLinkIcon\": \"\", \"IsCustomEditor\": false, \"ChartConfig\":{\"columnMap\":[\"value\"], \"barType\":\"bar\", \"ChartLabelColumn\":\"dataName\"},\"PreviewType\":\"barChart\"}","TemplatePath":"app/modules/dashboard/views/webparts/widgetTop5TeamWeaknesses.html","IsSystemLocked":false,"Category":{"Id":6,"Name":"Talent","CategoryKey":"WebPartDefinition_Talent","Description":"Talent","ParentId":1,"OrdinalPosition":null},"Id":52},{"WebPartDefinitionKey":"TM_TeamRetentionRisk","Title":"Team Retention Risk","Description":"Highlights potential retention risks related to a manager's team.","SubTitle":"Flight Risks for Your Team","WebPartIconName":null,"WidgetNotificationMode":0,"WidgetDeeplinkUrlText":"View Succession Dashboard","CategoryName":"Talent","IsWebPartEnabled":true,"TypeName":"SumTotal.SPPortal.WebParts.Core.Succession.TeamRetentionRisk.TeamRetentionRisk, SumTotal.SPPortal.WebParts, Version=1.0.0.0, Culture=neutral, PublicKeyToken=6b7f90fbd13cce01","WebPartServiceAgentInterfaceTypeName":"ISuccessionWebPartContractAsync","WebPartDefinitionXml":null,"HideWebPartHeader":false,"HideWebPartFooter":true,"IsFreeFlowing":false,"PillarKey":"TM","ChromeStyle":7,"ParameterJSON":"{\"HeaderLinkIcon\": \"\", \"IsCustomEditor\": false, \"ChartConfig\":{\"columnMap\":[\"employees\"], \"barType\":\"bar\", \"ChartLabelColumn\":\"name\"},\"PreviewType\":\"barChart\"}","TemplatePath":"app/modules/dashboard/views/webparts/widgetTeamRetentionRisk.html","IsSystemLocked":false,"Category":{"Id":6,"Name":"Talent","CategoryKey":"WebPartDefinition_Talent","Description":"Talent","ParentId":1,"OrdinalPosition":null},"Id":53},{"WebPartDefinitionKey":"TM_MyTeamDevelopmentStatus","Title":"Team Development Status","Description":"Displays direct report development goals and highlights where manager mentoring may be required.","SubTitle":"Development Status for Your Team","WebPartIconName":null,"WidgetNotificationMode":0,"WidgetDeeplinkUrlText":null,"CategoryName":"Talent","IsWebPartEnabled":true,"TypeName":"SumTotal.SPPortal.WebParts.Core.Performance.TeamDevelopmentStatus.TeamDevelopmentStatus, SumTotal.SPPortal.WebParts, Version=1.0.0.0, Culture=neutral, PublicKeyToken=6b7f90fbd13cce01","WebPartServiceAgentInterfaceTypeName":"IPerformanceWebPartContractAsync","WebPartDefinitionXml":null,"HideWebPartHeader":false,"HideWebPartFooter":true,"IsFreeFlowing":false,"PillarKey":"TM","ChromeStyle":7,"ParameterJSON":"{\"HeaderLinkIcon\": \"\", \"IsCustomEditor\": false, \"ChartConfig\":{\"columnMap\":[\"employees\"], \"barType\":\"bar\", \"ChartLabelColumn\":\"name\"},\"PreviewType\":\"barChart\"}","TemplatePath":"app/modules/dashboard/views/webparts/widgetTeamDevelopmentStatus.html","IsSystemLocked":false,"Category":{"Id":6,"Name":"Talent","CategoryKey":"WebPartDefinition_Talent","Description":"Talent","ParentId":1,"OrdinalPosition":null},"Id":54},{"WebPartDefinitionKey":"TM_BudgetSummary","Title":"Budget Summary","Description":"Displays  budget spend percentages for compensation processes.","SubTitle":"Information About Compensation Budgets","WebPartIconName":null,"WidgetNotificationMode":0,"WidgetDeeplinkUrlText":null,"CategoryName":"Talent","IsWebPartEnabled":true,"TypeName":"SumTotal.SPPortal.WebParts.Core.Compensation.BudgetSummary.BudgetSummary, SumTotal.SPPortal.WebParts, Version=1.0.0.0, Culture=neutral, PublicKeyToken=6b7f90fbd13cce01","WebPartServiceAgentInterfaceTypeName":"ICompensationWebPartContractAsync","WebPartDefinitionXml":null,"HideWebPartHeader":false,"HideWebPartFooter":true,"IsFreeFlowing":false,"PillarKey":"TM","ChromeStyle":7,"ParameterJSON":"{\"HeaderLinkIcon\": \"\", \"IsCustomEditor\": false, \"ChartConfig\":{\"columnMap\":[\"spent\"], \"barType\":\"bar\", \"ChartLabelColumn\":\"name\"},\"PreviewType\":\"barChart\"}","TemplatePath":"app/modules/dashboard/views/webparts/widgetBudgetSummary.html","IsSystemLocked":false,"Category":{"Id":6,"Name":"Talent","CategoryKey":"WebPartDefinition_Talent","Description":"Talent","ParentId":1,"OrdinalPosition":null},"Id":55},{"WebPartDefinitionKey":"HRMS_Demographics","Title":"HR Management Demographics","Description":"Displays basic personal information of the current user.","SubTitle":"Get HRMS demographics of current user","WebPartIconName":null,"WidgetNotificationMode":0,"WidgetDeeplinkUrlText":null,"CategoryName":"Talent","IsWebPartEnabled":true,"TypeName":"SumTotal.SPPortal.WebParts.Core.HRMS.HRMSDemographics.HRMSDemographics, SumTotal.SPPortal.WebParts, Version=1.0.0.0, Culture=neutral, PublicKeyToken=6b7f90fbd13cce01","WebPartServiceAgentInterfaceTypeName":"IHRMSWebPartContractAsync","WebPartDefinitionXml":null,"HideWebPartHeader":false,"HideWebPartFooter":true,"IsFreeFlowing":false,"PillarKey":"TM","ChromeStyle":7,"ParameterJSON":"{\"HeaderLinkIcon\": \"\", \"IsCustomEditor\": false, \"PreviewType\" : \"table\"}","TemplatePath":"app/modules/dashboard/views/webparts/widgetHRMSDemographics.html","IsSystemLocked":false,"Category":{"Id":6,"Name":"Talent","CategoryKey":"WebPartDefinition_Talent","Description":"Talent","ParentId":1,"OrdinalPosition":null},"Id":56},{"WebPartDefinitionKey":"HRMS_AddrInfo","Title":"HR Management Address Information","Description":"Displays address information of current user","SubTitle":"Get address information of current user","WebPartIconName":null,"WidgetNotificationMode":0,"WidgetDeeplinkUrlText":null,"CategoryName":"Talent","IsWebPartEnabled":true,"TypeName":"SumTotal.SPPortal.WebParts.Core.HRMS.HRMSAddrInfo.HRMSAddrInfo, SumTotal.SPPortal.WebParts, Version=1.0.0.0, Culture=neutral, PublicKeyToken=6b7f90fbd13cce01","WebPartServiceAgentInterfaceTypeName":"IHRMSWebPartContractAsync","WebPartDefinitionXml":null,"HideWebPartHeader":false,"HideWebPartFooter":true,"IsFreeFlowing":false,"PillarKey":"TM","ChromeStyle":7,"ParameterJSON":"{\"HeaderLinkIcon\": \"\", \"IsCustomEditor\": false, \"PreviewType\" : \"table\"}","TemplatePath":"app/modules/dashboard/views/webparts/widgetHRMSAddressInfo.html","IsSystemLocked":false,"Category":{"Id":6,"Name":"Talent","CategoryKey":"WebPartDefinition_Talent","Description":"Talent","ParentId":1,"OrdinalPosition":null},"Id":57},{"WebPartDefinitionKey":"TM_MyFeedbacks","Title":"My Feedback","Description":"Displays feedbacks provided to user.","SubTitle":"My Feedbacks","WebPartIconName":null,"WidgetNotificationMode":0,"WidgetDeeplinkUrlText":null,"CategoryName":"Talent","IsWebPartEnabled":true,"TypeName":null,"WebPartServiceAgentInterfaceTypeName":null,"WebPartDefinitionXml":null,"HideWebPartHeader":false,"HideWebPartFooter":true,"IsFreeFlowing":false,"PillarKey":"TM","ChromeStyle":7,"ParameterJSON":"{\"HeaderLinkIcon\": \"\", \"IsCustomEditor\": false, \"PreviewType\" : \"configMyFeedback\", \"Config\":{\"NumberOfComments\": \"5\", \"ShowCompetencies\": true, \"ShowGoals\": true}}","TemplatePath":"app/modules/core/views/continuousfeedback/LandingPage.html","IsSystemLocked":false,"Category":{"Id":6,"Name":"Talent","CategoryKey":"WebPartDefinition_Talent","Description":"Talent","ParentId":1,"OrdinalPosition":null},"Id":91},{"WebPartDefinitionKey":"Continuous_Review","Title":"My Team Feedback","Description":"Displays FeedBack Data For Direct Reportees","SubTitle":"My Team Feedback","WebPartIconName":null,"WidgetNotificationMode":0,"WidgetDeeplinkUrlText":null,"CategoryName":"Talent","IsWebPartEnabled":true,"TypeName":null,"WebPartServiceAgentInterfaceTypeName":null,"WebPartDefinitionXml":null,"HideWebPartHeader":false,"HideWebPartFooter":false,"IsFreeFlowing":false,"PillarKey":"TM","ChromeStyle":7,"ParameterJSON":"{\"HeaderLinkIcon\": \"\", \"IsCustomEditor\": false, \"PreviewType\" : \"table\"}","TemplatePath":"app/modules/dashboard/views/webparts/continuousReviewDashboard.html","IsSystemLocked":false,"Category":{"Id":6,"Name":"Talent","CategoryKey":"WebPartDefinition_Talent","Description":"Talent","ParentId":1,"OrdinalPosition":null},"Id":92},{"WebPartDefinitionKey":"Rec_Application_Status","Title":"Application Status","Description":"Track your job applications. You can view your application, check your fit for the job (based on how well your resume matches job requirements), or withdraw your application.","SubTitle":"Requisition Application Status","WebPartIconName":null,"WidgetNotificationMode":0,"WidgetDeeplinkUrlText":null,"CategoryName":"Talent","IsWebPartEnabled":true,"TypeName":null,"WebPartServiceAgentInterfaceTypeName":null,"WebPartDefinitionXml":null,"HideWebPartHeader":false,"HideWebPartFooter":false,"IsFreeFlowing":false,"PillarKey":null,"ChromeStyle":7,"ParameterJSON":"{\"HeaderLinkIcon\": \"\", \"IsCustomEditor\": false, \"PreviewType\" : \"table\"}","TemplatePath":"app/modules/dashboard/views/webparts/widgetApplicationStatus.html","IsSystemLocked":false,"Category":{"Id":6,"Name":"Talent","CategoryKey":"WebPartDefinition_Talent","Description":"Talent","ParentId":1,"OrdinalPosition":null},"Id":103},{"WebPartDefinitionKey":"Rec_Fav_Jobs","Title":"Favorite Jobs","Description":"Keep track of your favorite jobs. You can apply for these jobs if they are still accepting applications.","SubTitle":"Requisition Favorite Jobs","WebPartIconName":null,"WidgetNotificationMode":0,"WidgetDeeplinkUrlText":null,"CategoryName":"Talent","IsWebPartEnabled":true,"TypeName":null,"WebPartServiceAgentInterfaceTypeName":null,"WebPartDefinitionXml":null,"HideWebPartHeader":false,"HideWebPartFooter":false,"IsFreeFlowing":false,"PillarKey":null,"ChromeStyle":7,"ParameterJSON":"{\"HeaderLinkIcon\": \"\", \"IsCustomEditor\": false, \"PreviewType\" : \"table\"}","TemplatePath":"app/modules/dashboard/views/webparts/widgetFavoriteJobs.html","IsSystemLocked":false,"Category":{"Id":6,"Name":"Talent","CategoryKey":"WebPartDefinition_Talent","Description":"Talent","ParentId":1,"OrdinalPosition":null},"Id":104},{"WebPartDefinitionKey":"Rec_Recommended_Jobs","Title":"Recommended Jobs","Description":"View jobs recommended for you, based on your fit for job requirements and your location.","SubTitle":"Requisition Favorite Jobs","WebPartIconName":null,"WidgetNotificationMode":0,"WidgetDeeplinkUrlText":null,"CategoryName":"Talent","IsWebPartEnabled":true,"TypeName":null,"WebPartServiceAgentInterfaceTypeName":null,"WebPartDefinitionXml":null,"HideWebPartHeader":false,"HideWebPartFooter":false,"IsFreeFlowing":false,"PillarKey":null,"ChromeStyle":7,"ParameterJSON":"{\"HeaderLinkIcon\": \"\", \"IsCustomEditor\": false, \"PreviewType\" : \"table\"}","TemplatePath":"app/modules/dashboard/views/webparts/widgetRecommendedJobs.html","IsSystemLocked":false,"Category":{"Id":6,"Name":"Talent","CategoryKey":"WebPartDefinition_Talent","Description":"Talent","ParentId":1,"OrdinalPosition":null},"Id":105}]},{"Category":{"Id":28,"Name":"Enterprise Search Configuration","CategoryKey":"ENTERPRISE_SEARCH","Description":"The category for enterprise search settings","ParentId":0,"OrdinalPosition":"1"},"Definitions":[{"WebPartDefinitionKey":"FTE_Custom_Widget","Title":"Custom Widget","Description":"Widget for First Time Search Experience","SubTitle":null,"WebPartIconName":null,"WidgetNotificationMode":0,"WidgetDeeplinkUrlText":null,"CategoryName":"Enterprise Search Configuration","IsWebPartEnabled":true,"TypeName":null,"WebPartServiceAgentInterfaceTypeName":null,"WebPartDefinitionXml":null,"HideWebPartHeader":false,"HideWebPartFooter":true,"IsFreeFlowing":false,"PillarKey":null,"ChromeStyle":7,"ParameterJSON":"{\"HeaderLinkIcon\": \"\", \"IsCustomEditor\": true, \"PreviewType\" : \"search\", \"WidgetContent\":\"\", \"icon\":\"fa-code\"}","TemplatePath":"app/modules/dashboard/views/searchWidgets/customWidget.html","IsSystemLocked":false,"Category":{"Id":28,"Name":"Enterprise Search Configuration","CategoryKey":"ENTERPRISE_SEARCH","Description":"The category for enterprise search settings","ParentId":0,"OrdinalPosition":"1"},"Id":71},{"WebPartDefinitionKey":"Find_Course","Title":"Find a Course","Description":"Provides a launching point to search for courses in the learning library.","SubTitle":null,"WebPartIconName":null,"WidgetNotificationMode":0,"WidgetDeeplinkUrlText":null,"CategoryName":"Enterprise Search Configuration","IsWebPartEnabled":true,"TypeName":null,"WebPartServiceAgentInterfaceTypeName":null,"WebPartDefinitionXml":null,"HideWebPartHeader":false,"HideWebPartFooter":false,"IsFreeFlowing":false,"PillarKey":null,"ChromeStyle":7,"ParameterJSON":"{ \"HeaderLinkIcon\": \"\", \"IsCustomEditor\": false, \"PreviewType\": \"search\", \"WidgetContent\": [\t{ \"contentItem\": \"ENTERPRISE_SEARCH_FIND_COURSE_CONTENT_ITEM\", \"contentDescription\": \"ENTERPRISE_SEARCH_FIND_COURSE_CONTENT_DESC\", \"isLink\": false\t},\t{ \"contentItem\": \"ENTERPRISE_SEARCH_FIND_COURSE_CONTENT_ITEM_TWO\", \"contentDescription\": \"ENTERPRISE_SEARCH_FIND_COURSE_CONTENT_DESC_TWO\", \"contentLink\": \"ENTERPRISE_SEARCH_LEARNER_DASHBOARD_LINK\", \"isLink\": true , \"link\" : \"/dash/learning\"\t} ], \"icon\":\"fa-desktop\", \"catalogItem\":\"Course\"\t}","TemplatePath":"app/modules/dashboard/views/searchWidgets/findCourse.html","IsSystemLocked":false,"Category":{"Id":28,"Name":"Enterprise Search Configuration","CategoryKey":"ENTERPRISE_SEARCH","Description":"The category for enterprise search settings","ParentId":0,"OrdinalPosition":"1"},"Id":72},{"WebPartDefinitionKey":"Find_Video","Title":"Find a Video","Description":"Provides a launching point to search for videos in the learning library.","SubTitle":null,"WebPartIconName":null,"WidgetNotificationMode":0,"WidgetDeeplinkUrlText":null,"CategoryName":"Enterprise Search Configuration","IsWebPartEnabled":true,"TypeName":null,"WebPartServiceAgentInterfaceTypeName":null,"WebPartDefinitionXml":null,"HideWebPartHeader":false,"HideWebPartFooter":false,"IsFreeFlowing":false,"PillarKey":null,"ChromeStyle":7,"ParameterJSON":"{ \"HeaderLinkIcon\": \"\", \"IsCustomEditor\": false, \"PreviewType\": \"search\", \"WidgetContent\": [\t{ \"contentItem\": \"ENTERPRISE_SEARCH_FIND_VIDEO_CONTENT_ITEM\", \"contentDescription\": \"ENTERPRISE_SEARCH_FIND_VIDEO_CONTENT_DESC\",  \"isLink\": false\t},\t{ \"contentItem\": \"ENTERPRISE_SEARCH_FIND_VIDEO_CONTENT_ITEM_TWO\", \"contentDescription\": \"ENTERPRISE_SEARCH_FIND_VIDEO_CONTENT_DESC_TWO\", \"contentLink\": \"ENTERPRISE_SEARCH_LEARNER_DASHBOARD_LINK\", \"isLink\": true , \"link\": \"/dash/learning\"\t} ], \"icon\":\"fa-video-camera\", \"catalogItem\":\"Video\"\t}","TemplatePath":"app/modules/dashboard/views/searchWidgets/findVideo.html","IsSystemLocked":false,"Category":{"Id":28,"Name":"Enterprise Search Configuration","CategoryKey":"ENTERPRISE_SEARCH","Description":"The category for enterprise search settings","ParentId":0,"OrdinalPosition":"1"},"Id":73},{"WebPartDefinitionKey":"Find_Person","Title":"Find another Person","Description":"Provides a launching point to search for people.","SubTitle":null,"WebPartIconName":null,"WidgetNotificationMode":0,"WidgetDeeplinkUrlText":null,"CategoryName":"Enterprise Search Configuration","IsWebPartEnabled":true,"TypeName":null,"WebPartServiceAgentInterfaceTypeName":null,"WebPartDefinitionXml":null,"HideWebPartHeader":false,"HideWebPartFooter":false,"IsFreeFlowing":false,"PillarKey":null,"ChromeStyle":7,"ParameterJSON":"{ \"HeaderLinkIcon\": \"\", \"IsCustomEditor\": false, \"PreviewType\": \"search\", \"WidgetContent\": [\t{ \"contentItem\": \"ENTERPRISE_SEARCH_FIND_PERSON_CONTENT_ITEM\", \"contentDescription\": \"ENTERPRISE_SEARCH_FIND_PERSON_CONTENT_DESC\", \"isLink\": false\t} ], \"icon\":\"fa-users\"\t}","TemplatePath":"app/modules/dashboard/views/searchWidgets/findPerson.html","IsSystemLocked":false,"Category":{"Id":28,"Name":"Enterprise Search Configuration","CategoryKey":"ENTERPRISE_SEARCH","Description":"The category for enterprise search settings","ParentId":0,"OrdinalPosition":"1"},"Id":74},{"WebPartDefinitionKey":"Find_Report","Title":"Find a Report","Description":"Provides a launching point to search for reports.","SubTitle":null,"WebPartIconName":null,"WidgetNotificationMode":0,"WidgetDeeplinkUrlText":null,"CategoryName":"Enterprise Search Configuration","IsWebPartEnabled":true,"TypeName":null,"WebPartServiceAgentInterfaceTypeName":null,"WebPartDefinitionXml":null,"HideWebPartHeader":false,"HideWebPartFooter":false,"IsFreeFlowing":false,"PillarKey":null,"ChromeStyle":7,"ParameterJSON":"{ \"HeaderLinkIcon\": \"\", \"IsCustomEditor\": false, \"PreviewType\": \"search\", \"WidgetContent\": [\t{ \"contentItem\": \"ENTERPRISE_SEARCH_FIND_REPORT_CONTENT_ITEM\", \"isLink\": true\t},\t{ \"contentItem\": \"ENTERPRISE_SEARCH_FIND_REPORT_CONTENT_ITEM_TWO\", \"contentDescription\": \"ENTERPRISE_SEARCH_FIND_REPORT_CONTENT_DESC_TWO\", \"isLink\": false\t} ], \"icon\":\"fa-file-text-o\"\t}","TemplatePath":"app/modules/dashboard/views/searchWidgets/findReport.html","IsSystemLocked":false,"Category":{"Id":28,"Name":"Enterprise Search Configuration","CategoryKey":"ENTERPRISE_SEARCH","Description":"The category for enterprise search settings","ParentId":0,"OrdinalPosition":"1"},"Id":75},{"WebPartDefinitionKey":"Find_Admin_Page","Title":"Find an Admin Page","Description":"Provides a launching point to search for administrator functions.","SubTitle":null,"WebPartIconName":null,"WidgetNotificationMode":0,"WidgetDeeplinkUrlText":null,"CategoryName":"Enterprise Search Configuration","IsWebPartEnabled":true,"TypeName":null,"WebPartServiceAgentInterfaceTypeName":null,"WebPartDefinitionXml":null,"HideWebPartHeader":false,"HideWebPartFooter":false,"IsFreeFlowing":false,"PillarKey":null,"ChromeStyle":7,"ParameterJSON":"{ \"HeaderLinkIcon\": \"\", \"IsCustomEditor\": false, \"PreviewType\": \"search\", \"WidgetContent\": [\t{ \"contentItem\": \"ENTERPRISE_SEARCH_FIND_ADMIN_CONTENT_ITEM\", \"contentDescription\": \"ENTERPRISE_SEARCH_FIND_ADMIN_CONTENT_DESC\", \"isLink\": false\t} ], \"icon\":\"fa-lock\"\t}","TemplatePath":"app/modules/dashboard/views/searchWidgets/findAdminPage.html","IsSystemLocked":false,"Category":{"Id":28,"Name":"Enterprise Search Configuration","CategoryKey":"ENTERPRISE_SEARCH","Description":"The category for enterprise search settings","ParentId":0,"OrdinalPosition":"1"},"Id":76},{"WebPartDefinitionKey":"Edit_Profile","Title":"Edit Your Profile","Description":"Edit your profile.","SubTitle":null,"WebPartIconName":null,"WidgetNotificationMode":0,"WidgetDeeplinkUrlText":null,"CategoryName":"Enterprise Search Configuration","IsWebPartEnabled":true,"TypeName":null,"WebPartServiceAgentInterfaceTypeName":null,"WebPartDefinitionXml":null,"HideWebPartHeader":false,"HideWebPartFooter":false,"IsFreeFlowing":false,"PillarKey":null,"ChromeStyle":7,"ParameterJSON":"{\"HeaderLinkIcon\": \"\", \"IsCustomEditor\": false, \"PreviewType\" : \"search\", \"WidgetContent\":[{ \"contentItem\": \"ENTERPRISE_SEARCH_EDIT_PROFILE_CONTENT_ITEM\", \"isLink\": true , \"link\" : \"/dash/profile\"\t}], \"icon\":\"fa-user\"}","TemplatePath":"app/modules/dashboard/views/searchWidgets/editProfile.html","IsSystemLocked":false,"Category":{"Id":28,"Name":"Enterprise Search Configuration","CategoryKey":"ENTERPRISE_SEARCH","Description":"The category for enterprise search settings","ParentId":0,"OrdinalPosition":"1"},"Id":77},{"WebPartDefinitionKey":"Find_Activity","Title":"Find an Activity","Description":"Provides a launching point to search for courses.","SubTitle":null,"WebPartIconName":null,"WidgetNotificationMode":0,"WidgetDeeplinkUrlText":null,"CategoryName":"Enterprise Search Configuration","IsWebPartEnabled":true,"TypeName":null,"WebPartServiceAgentInterfaceTypeName":null,"WebPartDefinitionXml":null,"HideWebPartHeader":false,"HideWebPartFooter":false,"IsFreeFlowing":false,"PillarKey":null,"ChromeStyle":7,"ParameterJSON":"{ \"HeaderLinkIcon\": \"\", \"IsCustomEditor\": false, \"PreviewType\": \"search\", \"WidgetContent\": [\t{ \"contentItem\": \"ENTERPRISE_SEARCH_FIND_ACTIVITY_CONTENT_ITEM\", \"contentDescription\": \"ENTERPRISE_SEARCH_FIND_ACTIVITY_CONTENT_DESC\", \"isLink\": false\t},\t{ \"contentItem\": \"ENTERPRISE_SEARCH_FIND_ACTIVITY_CONTENT_ITEM_TWO\", \"contentDescription\": \"ENTERPRISE_SEARCH_FIND_ACTIVITY_CONTENT_DESC_TWO\", \"contentLink\": \"ENTERPRISE_SEARCH_LEARNER_DASHBOARD_LINK\", \"isLink\": true, \"link\":\"/dash/learning\"\t} ], \"icon\":\"fa-edit\", \"catalogItem\":\"Activity\"\t}","TemplatePath":"app/modules/dashboard/views/searchWidgets/findActivity.html","IsSystemLocked":false,"Category":{"Id":28,"Name":"Enterprise Search Configuration","CategoryKey":"ENTERPRISE_SEARCH","Description":"The category for enterprise search settings","ParentId":0,"OrdinalPosition":"1"},"Id":78},{"WebPartDefinitionKey":"Find_Job","Title":"Find A Job","Description":"Here are a few different ways to find a job:","SubTitle":null,"WebPartIconName":null,"WidgetNotificationMode":0,"WidgetDeeplinkUrlText":null,"CategoryName":"Enterprise Search Configuration","IsWebPartEnabled":true,"TypeName":null,"WebPartServiceAgentInterfaceTypeName":null,"WebPartDefinitionXml":null,"HideWebPartHeader":false,"HideWebPartFooter":false,"IsFreeFlowing":false,"PillarKey":null,"ChromeStyle":7,"ParameterJSON":"{ \"HeaderLinkIcon\": \"\", \"IsCustomEditor\": false, \"PreviewType\": \"search\", \"WidgetContent\": [\t{ \"contentItem\": \"ENTERPRISE_SEARCH_FIND_JOB_CONTENT_ITEM\", \"isLink\": true\t},\t{ \"contentItem\": \"ENTERPRISE_SEARCH_FIND_JOB_CONTENT_ITEM_TWO\", \"contentDescription\": \"ENTERPRISE_SEARCH_FIND_JOB_CONTENT_DESC_TWO\", \"isLink\": false\t} ], \"icon\":\"fa-search\"\t}","TemplatePath":"app/modules/dashboard/views/searchWidgets/findJob.html","IsSystemLocked":false,"Category":{"Id":28,"Name":"Enterprise Search Configuration","CategoryKey":"ENTERPRISE_SEARCH","Description":"The category for enterprise search settings","ParentId":0,"OrdinalPosition":"1"},"Id":86}]},{"Category":{"Id":1,"Name":"Portal","CategoryKey":"TRANSLATIONS_PORTAL","Description":"The root category to store translation strings for the Portal.","ParentId":0,"OrdinalPosition":"1"},"Definitions":[{"WebPartDefinitionKey":"my_reports","Title":"Embedded Report","Description":"Pins a report from Advanced Reporting on the dashboard.","SubTitle":"Advanced Reporting","WebPartIconName":null,"WidgetNotificationMode":0,"WidgetDeeplinkUrlText":null,"CategoryName":"Portal","IsWebPartEnabled":true,"TypeName":null,"WebPartServiceAgentInterfaceTypeName":null,"WebPartDefinitionXml":null,"HideWebPartHeader":false,"HideWebPartFooter":false,"IsFreeFlowing":false,"PillarKey":"AdvancedReport","ChromeStyle":7,"ParameterJSON":"{\"HeaderLinkIcon\": \"\", \"IsCustomEditor\": false, \"PreviewType\" : \"report\", \"reportUrl\": \"\", \"showToolbar\":\"\"}","TemplatePath":"app/modules/dashboard/views/webparts/MyReport.html","IsSystemLocked":false,"Category":{"Id":1,"Name":"Portal","CategoryKey":"TRANSLATIONS_PORTAL","Description":"The root category to store translation strings for the Portal.","ParentId":0,"OrdinalPosition":"1"},"Id":88},{"WebPartDefinitionKey":"reporting_widget","Title":"Report List","Description":"Displays selected Advanced Reporting reports in a list. Users can click to view a report in a slide-out panel.","SubTitle":"Advanced Reporting","WebPartIconName":null,"WidgetNotificationMode":0,"WidgetDeeplinkUrlText":null,"CategoryName":"Portal","IsWebPartEnabled":true,"TypeName":null,"WebPartServiceAgentInterfaceTypeName":null,"WebPartDefinitionXml":null,"HideWebPartHeader":false,"HideWebPartFooter":false,"IsFreeFlowing":false,"PillarKey":"AdvancedReport","ChromeStyle":7,"ParameterJSON":"{\"HeaderLinkIcon\": \"\", \"IsCustomEditor\": false, \"PreviewType\" : \"reportList\", \"reportUrl\": \"\", \"showToolbar\":\"\"}","TemplatePath":"app/modules/dashboard/views/webparts/widgetARWidget.html","IsSystemLocked":false,"Category":{"Id":1,"Name":"Portal","CategoryKey":"TRANSLATIONS_PORTAL","Description":"The root category to store translation strings for the Portal.","ParentId":0,"OrdinalPosition":"1"},"Id":89}]},{"Category":{"Id":94,"Name":"Requisition","CategoryKey":"WebPartDefinition_Requisition","Description":"Category for Requisition widget.","ParentId":1,"OrdinalPosition":null},"Definitions":[{"WebPartDefinitionKey":"Requisition_Widget","Title":"Requisition Summary","Description":"Displays key summary information about the requisition","SubTitle":"Requisition Summary","WebPartIconName":null,"WidgetNotificationMode":0,"WidgetDeeplinkUrlText":null,"CategoryName":"Requisition","IsWebPartEnabled":true,"TypeName":null,"WebPartServiceAgentInterfaceTypeName":null,"WebPartDefinitionXml":null,"HideWebPartHeader":false,"HideWebPartFooter":false,"IsFreeFlowing":false,"PillarKey":null,"ChromeStyle":7,"ParameterJSON":"{\"HeaderLinkIcon\": \"\", \"IsCustomEditor\": false, \"PreviewType\" : \"table\"}","TemplatePath":"app/modules/dashboard/views/webparts/widgetRequisitionSummary.html","IsSystemLocked":false,"Category":{"Id":94,"Name":"Requisition","CategoryKey":"WebPartDefinition_Requisition","Description":"Category for Requisition widget.","ParentId":1,"OrdinalPosition":null},"Id":100},{"WebPartDefinitionKey":"Requisition_Widget","Title":"Candidate Summary","Description":"Displays candidates by recruiting phase","SubTitle":"Candidate Summary","WebPartIconName":null,"WidgetNotificationMode":0,"WidgetDeeplinkUrlText":null,"CategoryName":"Requisition","IsWebPartEnabled":true,"TypeName":null,"WebPartServiceAgentInterfaceTypeName":null,"WebPartDefinitionXml":null,"HideWebPartHeader":false,"HideWebPartFooter":false,"IsFreeFlowing":false,"PillarKey":null,"ChromeStyle":7,"ParameterJSON":"{\"HeaderLinkIcon\": \"\", \"IsCustomEditor\": false, \"PreviewType\" : \"table\"}","TemplatePath":"app/modules/dashboard/views/webparts/widgetCandidateSummary.html","IsSystemLocked":false,"Category":{"Id":94,"Name":"Requisition","CategoryKey":"WebPartDefinition_Requisition","Description":"Category for Requisition widget.","ParentId":1,"OrdinalPosition":null},"Id":101},{"WebPartDefinitionKey":"Requisition_Widget","Title":"Recently Accessed Applications","Description":"Displays 10 most recently accessed applications for a requisition","SubTitle":"Requisition Summary","WebPartIconName":null,"WidgetNotificationMode":0,"WidgetDeeplinkUrlText":null,"CategoryName":"Requisition","IsWebPartEnabled":true,"TypeName":null,"WebPartServiceAgentInterfaceTypeName":null,"WebPartDefinitionXml":null,"HideWebPartHeader":false,"HideWebPartFooter":false,"IsFreeFlowing":false,"PillarKey":null,"ChromeStyle":7,"ParameterJSON":"{\"HeaderLinkIcon\": \"\", \"IsCustomEditor\": false, \"PreviewType\" : \"table\"}","TemplatePath":"app/modules/dashboard/views/webparts/widgetRecentlyAccessedRequisition.html","IsSystemLocked":false,"Category":{"Id":94,"Name":"Requisition","CategoryKey":"WebPartDefinition_Requisition","Description":"Category for Requisition widget.","ParentId":1,"OrdinalPosition":null},"Id":102}]}]},
        mustSetSecurityQuestions: _.cloneDeep(root.tempStaticData.MustSetSecurityQuestions),
        esbApiRoot: 'https://cl12sales.sumtotaldevelopment.net/Services/api/',
        useCommonHelpUrl: true,
        commonHelpUrl: 'https://help.sumtotaldevelopment.net/',
        tenantName : 'SumTotal'
      });

      staticData.appUris.makeWorkerUri = function (relativePathToWorker) {
        var uri = null;

        if(staticData.debugEnabled) {
          uri = new URI('app/modules/', staticData.appUris.tenantRoot);
        } else {
          uri = new URI('dist/app/modules/', staticData.appUris.tenantRoot);
        }

        uri = new URI(relativePathToWorker, uri);

        return uri.toString();
      };

      return staticData;
    };
  }));
</script>
    <script type="text/javascript">
      (function(root, factory, errorHandler) {
        root.jQuery(root.document).ready(function() {
          root.require(['main'], factory(root));
        });
      }(this, function(root) {
        return function(main) {
          if(root.debugEnabled) {
            console.log('Main resources have been loaded.', main);
          }
        }
      }, function(error) {
        console.error(error);
      }));
    </script>
  </div>


<input id="textAngular-editableFix-010203040506070809" class="ta-hidden-input" unselectable="on" tabindex="-1"></body>

2018-08-16 16:26:07 - [TEST_STEP][PASSED] - Statement - lenght = substring.indexOf(","): null

2018-08-16 16:26:07 - [TEST_STEP][PASSED] - comment: length528

2018-08-16 16:26:07 - [TEST_STEP][PASSED] - Statement - esb = substring.substring(0, lenght): null

2018-08-16 16:26:07 - [TEST_STEP][PASSED] - comment: esb 'eyJ0eXAiOiJKV1QiLCJhbGciOiJIUzI1NiJ9.eyJpc3MiOiJodHRwOlwvXC93d3cuc3VtdG90YWxzeXN0ZW1zLmNvbVwvY29yZXVpIiwic3ViIjoiYWRtaW4iLCJhdWQiOiJDTDEyX1NBTEVTX1RFU1QiLCJleHAiOjYzNjcwMDE0NjY0MDA1MjIyMywibmJmIjowLCJpYXQiOjYzNjcwMDEzNzY0NDg5NjA4NCwiYnNlc3Npb25pZCI6IjE0YmM2MDM1NTYwYzQ3N2FiOWQ5NzJiNTE2NGRkMjZiIiwiZXVzcmlkIjpudWxsLCJldXNybiI6bnVsbCwiY3VsIjoiZW4tVVMiLCJ1c2VyaWQiOiIxIiwiZ3Vlc3RhY2NvdW50IjowLCJwZXJzb25pZCI6LTEsImlzZXh0ZXJuYWwiOmZhbHNlLCJycGtleSI6IkVMSVhIUlVJIn0.907649903771895462BB690BBA0A7D28F9581D706E6AC489189D15C1AB565C91'

2018-08-16 16:26:07 - [TEST_STEP][PASSED] - Statement - esbapitoken = esb.subSequence(2, esb.length() - 1): null

2018-08-16 16:26:07 - [TEST_STEP][PASSED] - comment: esb api token eyJ0eXAiOiJKV1QiLCJhbGciOiJIUzI1NiJ9.eyJpc3MiOiJodHRwOlwvXC93d3cuc3VtdG90YWxzeXN0ZW1zLmNvbVwvY29yZXVpIiwic3ViIjoiYWRtaW4iLCJhdWQiOiJDTDEyX1NBTEVTX1RFU1QiLCJleHAiOjYzNjcwMDE0NjY0MDA1MjIyMywibmJmIjowLCJpYXQiOjYzNjcwMDEzNzY0NDg5NjA4NCwiYnNlc3Npb25pZCI6IjE0YmM2MDM1NTYwYzQ3N2FiOWQ5NzJiNTE2NGRkMjZiIiwiZXVzcmlkIjpudWxsLCJldXNybiI6bnVsbCwiY3VsIjoiZW4tVVMiLCJ1c2VyaWQiOiIxIiwiZ3Vlc3RhY2NvdW50IjowLCJwZXJzb25pZCI6LTEsImlzZXh0ZXJuYWwiOmZhbHNlLCJycGtleSI6IkVMSVhIUlVJIn0.907649903771895462BB690BBA0A7D28F9581D706E6AC489189D15C1AB565C91

2018-08-16 16:26:07 - [TEST_STEP][PASSED] - Statement - g_esb = esbapitoken: null

2018-08-16 16:26:07 - [TEST_STEP][PASSED] - Statement - decoded = new java.lang.String(javax.xml.bind.DatatypeConverter.parseBase64Binary(esbapitoken)): null

2018-08-16 16:26:07 - [TEST_STEP][PASSED] - Statement - decoded = decoded.substring(decoded.indexOf("}{") + 1): null

2018-08-16 16:26:07 - [TEST_STEP][PASSED] - comment: ESB DECRYPTED {"iss":"http:\/\/www.sumtotalsystems.com\/coreui","sub":"admin","aud":"CL12_SALES_TEST","exp":636700146640052223,"nbf":0,"iat":636700137644896084,"bsessionid":"14bc6035560c477ab9d972b5164dd26b","eusrid":null,"eusrn":null,"cul":"en-US","userid":"1","guestaccount":0,"personid":-1,"isexternal":false,"rpkey":"ELIXHRUI"}=Ӿ���7�|��:�z�@A@;o��5�:���u����-@��

2018-08-16 16:26:07 - [TEST_STEP][PASSED] - Statement - jsonSlurper = new groovy.json.JsonSlurper(): null

2018-08-16 16:26:07 - [TEST_STEP][PASSED] - Statement - object = jsonSlurper.parseText(decoded.toString()): null

2018-08-16 16:26:07 - [TEST_STEP][PASSED] - Statement - userId = personid: null

2018-08-16 16:26:07 - [TEST_STEP][PASSED] - Statement - userName = sub: null

2018-08-16 16:26:07 - [TEST_STEP][PASSED] - Statement - g_UserID = userId: null

2018-08-16 16:26:07 - [TEST_STEP][PASSED] - Statement - g_userName = userName: null

2018-08-16 16:26:07 - [TEST_STEP][PASSED] - comment: esb eyJ0eXAiOiJKV1QiLCJhbGciOiJIUzI1NiJ9.eyJpc3MiOiJodHRwOlwvXC93d3cuc3VtdG90YWxzeXN0ZW1zLmNvbVwvY29yZXVpIiwic3ViIjoiYWRtaW4iLCJhdWQiOiJDTDEyX1NBTEVTX1RFU1QiLCJleHAiOjYzNjcwMDE0NjY0MDA1MjIyMywibmJmIjowLCJpYXQiOjYzNjcwMDEzNzY0NDg5NjA4NCwiYnNlc3Npb25pZCI6IjE0YmM2MDM1NTYwYzQ3N2FiOWQ5NzJiNTE2NGRkMjZiIiwiZXVzcmlkIjpudWxsLCJldXNybiI6bnVsbCwiY3VsIjoiZW4tVVMiLCJ1c2VyaWQiOiIxIiwiZ3Vlc3RhY2NvdW50IjowLCJwZXJzb25pZCI6LTEsImlzZXh0ZXJuYWwiOmZhbHNlLCJycGtleSI6IkVMSVhIUlVJIn0.907649903771895462BB690BBA0A7D28F9581D706E6AC489189D15C1AB565C91

2018-08-16 16:26:07 - [TEST_STEP][PASSED] - comment: userid-1

2018-08-16 16:26:07 - [TEST_STEP][PASSED] - click: Object: 'Object Repository/Login/Page_Home - SumTotal/fa fa-user' is clicked on

2018-08-16 16:26:07 - [MESSAGE][PASSED] - Object: 'Object Repository/Login/Page_Home - SumTotal/fa fa-user' is clicked on

2018-08-16 16:26:07 - [TEST_STEP][PASSED] - closeBrowser: Browser is closed

2018-08-16 16:26:08 - [MESSAGE][PASSED] - Browser is closed]]></system-out>
         <system-err><![CDATA[]]></system-err>
      </testcase>
      <testcase name="Test Cases/Common/ModeratorEsbToken" classname="Test Cases/Common/ModeratorEsbToken" status="PASSED">
         <system-out><![CDATA[2018-08-16 16:26:08 - [TEST_CASE][PASSED] - Test Cases/Common/ModeratorEsbToken: Test Cases/Common/ModeratorEsbToken

2018-08-16 16:26:08 - [TEST_STEP][PASSED] - dbConnectionPackage.DBConnectionKeyword.CloseConnections: dbConnectionPackage.DBConnectionKeyword.CloseConnections is PASSED

2018-08-16 16:26:13 - [MESSAGE][PASSED] - Delayed 5 second(s)

2018-08-16 16:26:13 - [MESSAGE][PASSED] - dbConnectionPackage.DBConnectionKeyword.CloseConnections is PASSED

2018-08-16 16:26:13 - [TEST_STEP][PASSED] - openBrowser: Browser is opened with url: ''

2018-08-16 16:26:19 - [MESSAGE][PASSED] - Browser is opened with url: ''

2018-08-16 16:26:19 - [TEST_STEP][PASSED] - navigateToUrl: Navigate to 'https://cl12sales.sumtotaldevelopment.net' successfully

2018-08-16 16:26:20 - [MESSAGE][PASSED] - Navigate to 'https://cl12sales.sumtotaldevelopment.net' successfully

2018-08-16 16:26:20 - [TEST_STEP][PASSED] - setText: Text 'Moderator' is set on object 'Object Repository/EsbToken/Page_Sign In/input_ctl00ctl00ctl00BodyConte'

2018-08-16 16:26:20 - [MESSAGE][PASSED] - Text 'Moderator' is set on object 'Object Repository/EsbToken/Page_Sign In/input_ctl00ctl00ctl00BodyConte'

2018-08-16 16:26:20 - [TEST_STEP][PASSED] - setText: Text 'p' is set on object 'Object Repository/EsbToken/Page_Sign In/input_ctl00ctl00ctl00BodyConte_1'

2018-08-16 16:26:20 - [MESSAGE][PASSED] - Text 'p' is set on object 'Object Repository/EsbToken/Page_Sign In/input_ctl00ctl00ctl00BodyConte_1'

2018-08-16 16:26:20 - [TEST_STEP][PASSED] - click: Object: 'Object Repository/EsbToken/Page_Sign In/input_ctl00ctl00ctl00BodyConte_2' is clicked on

2018-08-16 16:26:22 - [MESSAGE][PASSED] - Object: 'Object Repository/EsbToken/Page_Sign In/input_ctl00ctl00ctl00BodyConte_2' is clicked on

2018-08-16 16:26:22 - [TEST_STEP][PASSED] - Statement - s = com.kms.katalon.core.webui.keyword.WebUiBuiltInKeywords.executeJavaScript("return document.documentElement.innerHTML;", null): Execute JavaScript 'return document.documentElement.innerHTML;' successfully

2018-08-16 16:26:22 - [MESSAGE][PASSED] - Execute JavaScript 'return document.documentElement.innerHTML;' successfully

2018-08-16 16:26:22 - [TEST_STEP][PASSED] - waitForPageLoad: Wait for page load successfully

2018-08-16 16:26:22 - [MESSAGE][PASSED] - Wait for page load successfully

2018-08-16 16:26:22 - [TEST_STEP][PASSED] - comment: <head><style type="text/css">@charset "UTF-8";[ng\:cloak],[ng-cloak],[data-ng-cloak],[x-ng-cloak],.ng-cloak,.x-ng-cloak,.ng-hide:not(.ng-hide-animate){display:none !important;}ng\:form{display:block;}.ng-animate-shim{visibility:hidden;}.ng-anchor{position:absolute;}</style>
  <!--
    ElixHR_18.3.0.0_2018.8.7.1;
  -->

  <title aria-atomic="true" aria-live="assertive"></title>
  <meta name="viewport" content="width=device-width, initial-scale=1, minimum-scale=1, maximum-scale=1">
  <meta name="apple-mobile-web-app-capable" content="yes">
  <meta name="format-detection" content="telephone=yes">
  <meta charset="utf-8">
  <base href="/core/">
  <link rel="shortcut icon" href="https://cl12sales.sumtotaldevelopment.net/Core/favicon.sumttheme?img&amp;themekey=DEFAULT_SKILLSOFT&amp;v=-173730855" type="image/x-icon">
  <link rel="icon" href="https://cl12sales.sumtotaldevelopment.net/Core/favicon.sumttheme?img&amp;themekey=DEFAULT_SKILLSOFT&amp;v=-173730855" type="image/ico">
  
  
    <!-- core:css -->
    <link rel="stylesheet" href="/Core/Content/Common/core.css?hash=ElixHR_18.3.0.0_2018.8.7.1" type="text/css">
    <!-- endinject -->
  <link rel="stylesheet" href="/Core/bower_components/gridstack/dist/gridstack.min.css?hash=ElixHR_18.3.0.0_2018.8.7.1" type="text/css">
  <link rel="stylesheet" href="/Core/Content/Common/colorpicker.min.css?hash=ElixHR_18.3.0.0_2018.8.7.1" type="text/css">
  <link rel="stylesheet" href="https://cl12sales.sumtotaldevelopment.net/Core/bootstrap.sumttheme?css&amp;themekey=DEFAULT_SKILLSOFT&amp;v=-173730855" type="text/css">
  <link rel="stylesheet" href="https://cl12sales.sumtotaldevelopment.net/Core/foundation.sumttheme?css&amp;themekey=DEFAULT_SKILLSOFT&amp;v=-173730855" type="text/css">
  <style id="bootstrapThemePreviewStyle" type="text/css">
  </style>
  <style id="foundationThemePreviewStyle" type="text/css">
  </style>

  <link rel="stylesheet" href="https://cl12sales.sumtotaldevelopment.net/Core/elixHR.sumttheme?css&amp;themekey=DEFAULT_SKILLSOFT&amp;v=-173730855" type="text/css">
  <style id="elixHRThemePreviewStyle" type="text/css">
    .showRightSection {
      margin-left: 26%;
    }

    .hideRightSection {
      margin-left: 0px;
    }

    .showLeftSection {
      display: block;
    }

    .hideLeftSection {
      display: none;
    }
  </style>
  <script type="text/javascript">
    (function (root, factory) {
      factory(root);
    }(this, function (root) {
      root['modulesPath'] = '/Core/dist/app/modules/';

      // root should be the window object. there will need to be some items that we place there right off the bat.
      // temp static data is a method which in the future will prepare all of our static data for client consumption.
      root['tempStaticData'] = {"dashboards":{"Hash":"1890454763","Dashboards":[{"Id":-19,"DefaultPage":{"Id":-200,"title":"Learning Focus","Description":"Learning Focus","IsSystemLocked":false,"Name":"Learning Focus","IsGuestPage":false,"ParameterJSON":null,"Personalization":null,"Url":"#/dash/learningfocus/initial","path":"dash/learningfocus","WebPartPageKey":null,"IsEnabled":false,"RPKey":"LM","Priority":1,"WebParts":[{"Id":-8,"ChromeStyle":0,"Definition":{"WebPartDefinitionKey":"LM_RecommendedActivities","Title":"Recommended Activities","Description":"Displays recommended activities based on your interests, your required skills, and suggestions from others in your organization in a carousel.","SubTitle":null,"WebPartIconName":null,"WidgetNotificationMode":0,"WidgetDeeplinkUrlText":null,"CategoryName":"Learning","IsWebPartEnabled":true,"TypeName":null,"WebPartServiceAgentInterfaceTypeName":null,"WebPartDefinitionXml":null,"HideWebPartHeader":true,"HideWebPartFooter":true,"IsFreeFlowing":false,"PillarKey":"LM","ChromeStyle":6,"ParameterJSON":"{\"HeaderLinkIcon\": \"\", \"IsCustomEditor\": false, \"PreviewType\" : \"table\"}","TemplatePath":"app/modules/dashboard/views/webparts/widgetRecommendedActivitiesCarousel.html","IsSystemLocked":false,"Category":{"Id":8,"Name":"Learning","CategoryKey":"WebPartDefinition_Learning","Description":"Learning","ParentId":1,"OrdinalPosition":null},"Id":115},"HeaderColor":null,"IsHidden":false,"Layout":"{\"x\":0,\"y\":52,\"width\":100,\"height\":19,\"marginBottom\":1.8125}","OverrideTemplate":null,"ParameterJSON":"{\"HeaderLinkIcon\":\"\",\"IsCustomEditor\":false,\"PreviewType\":\"table\"}","SubTitle":null,"SupportsFullScreen":true,"Title":null},{"Id":-7,"ChromeStyle":7,"Definition":{"WebPartDefinitionKey":"LM_ResumeLearning","Title":"Resume Learning","Description":"Provides user with quick access to all recently launched non-completed training items.","SubTitle":"List of recently launched activities","WebPartIconName":null,"WidgetNotificationMode":0,"WidgetDeeplinkUrlText":"View All Recently Launched Activities","CategoryName":"Learning","IsWebPartEnabled":true,"TypeName":"SumTotal.SPPortal.WebParts.Core.Learning.RecentlyLaunched.RecentlyLaunched, SumTotal.SPPortal.WebParts, Version=1.0.0.0, Culture=neutral, PublicKeyToken=6b7f90fbd13cce01","WebPartServiceAgentInterfaceTypeName":"ILMWebPartContractAsync","WebPartDefinitionXml":null,"HideWebPartHeader":false,"HideWebPartFooter":true,"IsFreeFlowing":false,"PillarKey":"LM","ChromeStyle":7,"ParameterJSON":"{\"HeaderLinkIcon\": \"\", \"IsCustomEditor\": false, \"PreviewType\" : \"table\"}","TemplatePath":"app/modules/dashboard/views/webparts/widgetRecentlyLaunchedActivitiesList.html","IsSystemLocked":false,"Category":{"Id":8,"Name":"Learning","CategoryKey":"WebPartDefinition_Learning","Description":"Learning","ParentId":1,"OrdinalPosition":null},"Id":114},"HeaderColor":null,"IsHidden":false,"Layout":"{\"x\":41,\"y\":15,\"width\":59,\"height\":17,\"marginBottom\":0}","OverrideTemplate":null,"ParameterJSON":"{\"HeaderLinkIcon\":\"\",\"IsCustomEditor\":false,\"PreviewType\":\"table\"}","SubTitle":"List of recently launched activities","SupportsFullScreen":true,"Title":null},{"Id":-6,"ChromeStyle":0,"Definition":{"WebPartDefinitionKey":"Common_SearchWidget","Title":"Search","Description":"Quick Search for Courses, Training, Videos, Books and Audiobooks","SubTitle":"Search for Courses, Training, Videos, Books and Audiobooks","WebPartIconName":null,"WidgetNotificationMode":0,"WidgetDeeplinkUrlText":null,"CategoryName":"Learning","IsWebPartEnabled":true,"TypeName":null,"WebPartServiceAgentInterfaceTypeName":null,"WebPartDefinitionXml":null,"HideWebPartHeader":true,"HideWebPartFooter":false,"IsFreeFlowing":false,"PillarKey":null,"ChromeStyle":6,"ParameterJSON":"{\"HeaderLinkIcon\": \"\", \"IsCustomEditor\": false, \"PreviewType\" : \"table\"}","TemplatePath":"app/modules/dashboard/views/webparts/widgetEnterpriseSearch.html","IsSystemLocked":false,"Category":{"Id":8,"Name":"Learning","CategoryKey":"WebPartDefinition_Learning","Description":"Learning","ParentId":1,"OrdinalPosition":null},"Id":113},"HeaderColor":null,"IsHidden":false,"Layout":"{\"x\":0,\"y\":0,\"width\":100,\"height\":13,\"marginBottom\":0.8125}","OverrideTemplate":null,"ParameterJSON":"{\"HeaderLinkIcon\":\"\",\"IsCustomEditor\":false,\"PreviewType\":\"table\",\"showBackground\":true,\"showBorder\":false,\"showShadow\":false,\"noScroll\":true}","SubTitle":"Search for Courses, Training, Videos, Books and Audiobooks","SupportsFullScreen":true,"Title":null},{"Id":-5,"ChromeStyle":7,"Definition":{"WebPartDefinitionKey":"LM_FavouritesCarousel","Title":"My Favorites","Description":"Supports quick access to content marked as a favorite by the user in a carousel.","SubTitle":"Activities, Categories, Collaboration Centers","WebPartIconName":null,"WidgetNotificationMode":1,"WidgetDeeplinkUrlText":"More...","CategoryName":"Learning","IsWebPartEnabled":true,"TypeName":"SumTotal.SPPortal.WebParts.Core.Learning.Favorites.Favorites, SumTotal.SPPortal.WebParts, Version=1.0.0.0, Culture=neutral, PublicKeyToken=6b7f90fbd13cce01","WebPartServiceAgentInterfaceTypeName":"ILMWebPartContractAsync","WebPartDefinitionXml":null,"HideWebPartHeader":false,"HideWebPartFooter":true,"IsFreeFlowing":false,"PillarKey":"LM","ChromeStyle":7,"ParameterJSON":"{\"HeaderLinkIcon\": \"\", \"IsCustomEditor\": false, \"PreviewType\" : \"table\"}","TemplatePath":"app/modules/dashboard/views/webparts/widgetFavoritesCarousel.html","IsSystemLocked":false,"Category":{"Id":8,"Name":"Learning","CategoryKey":"WebPartDefinition_Learning","Description":"Learning","ParentId":1,"OrdinalPosition":null},"Id":112},"HeaderColor":null,"IsHidden":false,"Layout":"{\"x\":0,\"y\":34,\"width\":100,\"height\":17,\"marginBottom\":0}","OverrideTemplate":null,"ParameterJSON":"{\"HeaderLinkIcon\":\"\",\"IsCustomEditor\":false,\"PreviewType\":\"table\"}","SubTitle":"Activities, Categories, Collaboration Centers","SupportsFullScreen":true,"Title":null},{"Id":-4,"ChromeStyle":7,"Definition":{"WebPartDefinitionKey":"LM_MyLearning","Title":"My Learning","Description":"Provides user with graphical summary of their assigned training compliance status.","SubTitle":null,"WebPartIconName":null,"WidgetNotificationMode":0,"WidgetDeeplinkUrlText":null,"CategoryName":"Learning","IsWebPartEnabled":true,"TypeName":"SumTotal.SPPortal.WebParts.Core.Learning.MyLearning.MyLearning, SumTotal.SPPortal.WebParts, Version=1.0.0.0, Culture=neutral, PublicKeyToken=6b7f90fbd13cce01","WebPartServiceAgentInterfaceTypeName":"ILMWebPartContractAsync","WebPartDefinitionXml":null,"HideWebPartHeader":false,"HideWebPartFooter":true,"IsFreeFlowing":false,"PillarKey":"LM","ChromeStyle":7,"ParameterJSON":"{\"HeaderLinkIcon\": \"\", \"IsCustomEditor\": false, \"PreviewType\" : \"html\"}","TemplatePath":"app/modules/dashboard/views/webparts/widgetMyLearning.html","IsSystemLocked":false,"Category":{"Id":8,"Name":"Learning","CategoryKey":"WebPartDefinition_Learning","Description":"Learning","ParentId":1,"OrdinalPosition":null},"Id":67},"HeaderColor":null,"IsHidden":false,"Layout":"{\"x\":0,\"y\":15,\"width\":40,\"height\":17,\"marginBottom\":0}","OverrideTemplate":null,"ParameterJSON":"{\"HeaderLinkIcon\":\"\",\"IsCustomEditor\":false,\"PreviewType\":\"html\"}","SubTitle":null,"SupportsFullScreen":true,"Title":null}],"CanAddPage":false,"CanEditPage":false,"CanDeletePage":false,"CanPersonalizePage":false},"Description":"Displays learning related widgets","Name":"Learning Focused Dashboard","Url":"#/dash/learningfocus","WebPartPageDefinitionKey":null,"WebPartPages":[{"Id":-200,"title":"Learning Focus","Description":"Learning Focus","IsSystemLocked":false,"Name":"Learning Focus","IsGuestPage":false,"ParameterJSON":null,"Personalization":null,"Url":"#/dash/learningfocus/initial","path":"dash/learningfocus/initial","WebPartPageKey":null,"IsEnabled":false,"RPKey":"LM","Priority":1,"WebParts":[{"Id":-8,"ChromeStyle":0,"Definition":{"WebPartDefinitionKey":"LM_RecommendedActivities","Title":"Recommended Activities","Description":"Displays recommended activities based on your interests, your required skills, and suggestions from others in your organization in a carousel.","SubTitle":null,"WebPartIconName":null,"WidgetNotificationMode":0,"WidgetDeeplinkUrlText":null,"CategoryName":"Learning","IsWebPartEnabled":true,"TypeName":null,"WebPartServiceAgentInterfaceTypeName":null,"WebPartDefinitionXml":null,"HideWebPartHeader":true,"HideWebPartFooter":true,"IsFreeFlowing":false,"PillarKey":"LM","ChromeStyle":6,"ParameterJSON":"{\"HeaderLinkIcon\": \"\", \"IsCustomEditor\": false, \"PreviewType\" : \"table\"}","TemplatePath":"app/modules/dashboard/views/webparts/widgetRecommendedActivitiesCarousel.html","IsSystemLocked":false,"Category":{"Id":8,"Name":"Learning","CategoryKey":"WebPartDefinition_Learning","Description":"Learning","ParentId":1,"OrdinalPosition":null},"Id":115},"HeaderColor":null,"IsHidden":false,"Layout":"{\"x\":0,\"y\":52,\"width\":100,\"height\":19,\"marginBottom\":1.8125}","OverrideTemplate":null,"ParameterJSON":"{\"HeaderLinkIcon\":\"\",\"IsCustomEditor\":false,\"PreviewType\":\"table\"}","SubTitle":null,"SupportsFullScreen":true,"Title":null},{"Id":-7,"ChromeStyle":7,"Definition":{"WebPartDefinitionKey":"LM_ResumeLearning","Title":"Resume Learning","Description":"Provides user with quick access to all recently launched non-completed training items.","SubTitle":"List of recently launched activities","WebPartIconName":null,"WidgetNotificationMode":0,"WidgetDeeplinkUrlText":"View All Recently Launched Activities","CategoryName":"Learning","IsWebPartEnabled":true,"TypeName":"SumTotal.SPPortal.WebParts.Core.Learning.RecentlyLaunched.RecentlyLaunched, SumTotal.SPPortal.WebParts, Version=1.0.0.0, Culture=neutral, PublicKeyToken=6b7f90fbd13cce01","WebPartServiceAgentInterfaceTypeName":"ILMWebPartContractAsync","WebPartDefinitionXml":null,"HideWebPartHeader":false,"HideWebPartFooter":true,"IsFreeFlowing":false,"PillarKey":"LM","ChromeStyle":7,"ParameterJSON":"{\"HeaderLinkIcon\": \"\", \"IsCustomEditor\": false, \"PreviewType\" : \"table\"}","TemplatePath":"app/modules/dashboard/views/webparts/widgetRecentlyLaunchedActivitiesList.html","IsSystemLocked":false,"Category":{"Id":8,"Name":"Learning","CategoryKey":"WebPartDefinition_Learning","Description":"Learning","ParentId":1,"OrdinalPosition":null},"Id":114},"HeaderColor":null,"IsHidden":false,"Layout":"{\"x\":41,\"y\":15,\"width\":59,\"height\":17,\"marginBottom\":0}","OverrideTemplate":null,"ParameterJSON":"{\"HeaderLinkIcon\":\"\",\"IsCustomEditor\":false,\"PreviewType\":\"table\"}","SubTitle":"List of recently launched activities","SupportsFullScreen":true,"Title":null},{"Id":-6,"ChromeStyle":0,"Definition":{"WebPartDefinitionKey":"Common_SearchWidget","Title":"Search","Description":"Quick Search for Courses, Training, Videos, Books and Audiobooks","SubTitle":"Search for Courses, Training, Videos, Books and Audiobooks","WebPartIconName":null,"WidgetNotificationMode":0,"WidgetDeeplinkUrlText":null,"CategoryName":"Learning","IsWebPartEnabled":true,"TypeName":null,"WebPartServiceAgentInterfaceTypeName":null,"WebPartDefinitionXml":null,"HideWebPartHeader":true,"HideWebPartFooter":false,"IsFreeFlowing":false,"PillarKey":null,"ChromeStyle":6,"ParameterJSON":"{\"HeaderLinkIcon\": \"\", \"IsCustomEditor\": false, \"PreviewType\" : \"table\"}","TemplatePath":"app/modules/dashboard/views/webparts/widgetEnterpriseSearch.html","IsSystemLocked":false,"Category":{"Id":8,"Name":"Learning","CategoryKey":"WebPartDefinition_Learning","Description":"Learning","ParentId":1,"OrdinalPosition":null},"Id":113},"HeaderColor":null,"IsHidden":false,"Layout":"{\"x\":0,\"y\":0,\"width\":100,\"height\":13,\"marginBottom\":0.8125}","OverrideTemplate":null,"ParameterJSON":"{\"HeaderLinkIcon\":\"\",\"IsCustomEditor\":false,\"PreviewType\":\"table\",\"showBackground\":true,\"showBorder\":false,\"showShadow\":false,\"noScroll\":true}","SubTitle":"Search for Courses, Training, Videos, Books and Audiobooks","SupportsFullScreen":true,"Title":null},{"Id":-5,"ChromeStyle":7,"Definition":{"WebPartDefinitionKey":"LM_FavouritesCarousel","Title":"My Favorites","Description":"Supports quick access to content marked as a favorite by the user in a carousel.","SubTitle":"Activities, Categories, Collaboration Centers","WebPartIconName":null,"WidgetNotificationMode":1,"WidgetDeeplinkUrlText":"More...","CategoryName":"Learning","IsWebPartEnabled":true,"TypeName":"SumTotal.SPPortal.WebParts.Core.Learning.Favorites.Favorites, SumTotal.SPPortal.WebParts, Version=1.0.0.0, Culture=neutral, PublicKeyToken=6b7f90fbd13cce01","WebPartServiceAgentInterfaceTypeName":"ILMWebPartContractAsync","WebPartDefinitionXml":null,"HideWebPartHeader":false,"HideWebPartFooter":true,"IsFreeFlowing":false,"PillarKey":"LM","ChromeStyle":7,"ParameterJSON":"{\"HeaderLinkIcon\": \"\", \"IsCustomEditor\": false, \"PreviewType\" : \"table\"}","TemplatePath":"app/modules/dashboard/views/webparts/widgetFavoritesCarousel.html","IsSystemLocked":false,"Category":{"Id":8,"Name":"Learning","CategoryKey":"WebPartDefinition_Learning","Description":"Learning","ParentId":1,"OrdinalPosition":null},"Id":112},"HeaderColor":null,"IsHidden":false,"Layout":"{\"x\":0,\"y\":34,\"width\":100,\"height\":17,\"marginBottom\":0}","OverrideTemplate":null,"ParameterJSON":"{\"HeaderLinkIcon\":\"\",\"IsCustomEditor\":false,\"PreviewType\":\"table\"}","SubTitle":"Activities, Categories, Collaboration Centers","SupportsFullScreen":true,"Title":null},{"Id":-4,"ChromeStyle":7,"Definition":{"WebPartDefinitionKey":"LM_MyLearning","Title":"My Learning","Description":"Provides user with graphical summary of their assigned training compliance status.","SubTitle":null,"WebPartIconName":null,"WidgetNotificationMode":0,"WidgetDeeplinkUrlText":null,"CategoryName":"Learning","IsWebPartEnabled":true,"TypeName":"SumTotal.SPPortal.WebParts.Core.Learning.MyLearning.MyLearning, SumTotal.SPPortal.WebParts, Version=1.0.0.0, Culture=neutral, PublicKeyToken=6b7f90fbd13cce01","WebPartServiceAgentInterfaceTypeName":"ILMWebPartContractAsync","WebPartDefinitionXml":null,"HideWebPartHeader":false,"HideWebPartFooter":true,"IsFreeFlowing":false,"PillarKey":"LM","ChromeStyle":7,"ParameterJSON":"{\"HeaderLinkIcon\": \"\", \"IsCustomEditor\": false, \"PreviewType\" : \"html\"}","TemplatePath":"app/modules/dashboard/views/webparts/widgetMyLearning.html","IsSystemLocked":false,"Category":{"Id":8,"Name":"Learning","CategoryKey":"WebPartDefinition_Learning","Description":"Learning","ParentId":1,"OrdinalPosition":null},"Id":67},"HeaderColor":null,"IsHidden":false,"Layout":"{\"x\":0,\"y\":15,\"width\":40,\"height\":17,\"marginBottom\":0}","OverrideTemplate":null,"ParameterJSON":"{\"HeaderLinkIcon\":\"\",\"IsCustomEditor\":false,\"PreviewType\":\"html\"}","SubTitle":null,"SupportsFullScreen":true,"Title":null}],"CanAddPage":false,"CanEditPage":false,"CanDeletePage":false,"CanPersonalizePage":true}],"IsSystemLocked":false,"IsEnabled":false,"RPKey":"LM","CanViewDashboard":true,"CanAddDashboard":false,"CanEditDashboard":false,"CanDeleteDashboard":false,"CanPersonalizeDashboard":true},{"Id":1,"DefaultPage":{"Id":196,"title":null,"Description":"Home LM","IsSystemLocked":true,"Name":"Home LM","IsGuestPage":false,"ParameterJSON":null,"Personalization":null,"Url":"#/dash/home/LM","path":null,"WebPartPageKey":null,"IsEnabled":true,"RPKey":null,"Priority":20,"WebParts":[{"Id":500,"ChromeStyle":7,"Definition":{"WebPartDefinitionKey":"search_calendarView","Title":"Available Activities Calendar","Description":"Allows learners to browse available learning activity offerings in a calendar view.","SubTitle":"Available Activities Calendar","WebPartIconName":null,"WidgetNotificationMode":0,"WidgetDeeplinkUrlText":null,"CategoryName":"Learning","IsWebPartEnabled":true,"TypeName":null,"WebPartServiceAgentInterfaceTypeName":null,"WebPartDefinitionXml":null,"HideWebPartHeader":false,"HideWebPartFooter":false,"IsFreeFlowing":false,"PillarKey":"LM","ChromeStyle":7,"ParameterJSON":"{\"HeaderLinkIcon\": \"\", \"IsCustomEditor\": false, \"PreviewType\" : \"calendar\"}","TemplatePath":"app/modules/dashboard/views/searchWidgets/calendarView.html","IsSystemLocked":false,"Category":{"Id":8,"Name":"Learning","CategoryKey":"WebPartDefinition_Learning","Description":"Learning","ParentId":1,"OrdinalPosition":null},"Id":111},"HeaderColor":"","IsHidden":false,"Layout":"{\"x\":0,\"y\":0,\"width\":69,\"height\":32}","OverrideTemplate":null,"ParameterJSON":"{\"HeaderLinkIcon\":\"\",\"IsCustomEditor\":false,\"PreviewType\":\"calendar\"}","SubTitle":"Available Activities Calendar","SupportsFullScreen":true,"Title":null}],"CanAddPage":false,"CanEditPage":false,"CanDeletePage":false,"CanPersonalizePage":false},"Description":"Home page","Name":"Home","Url":"#/dash/home","WebPartPageDefinitionKey":null,"WebPartPages":[{"Id":1,"title":"Dashboard","Description":"Default dashboard.","IsSystemLocked":true,"Name":"Dashboard","IsGuestPage":false,"ParameterJSON":null,"Personalization":null,"Url":"#/dash/home","path":"dash/home","WebPartPageKey":null,"IsEnabled":true,"RPKey":null,"Priority":0,"WebParts":[{"Id":438,"ChromeStyle":0,"Definition":{"WebPartDefinitionKey":"Common_ContentEditor","Title":"Content Editor","Description":"Enables users to add custom HTML to a dashboard.","SubTitle":"Content Editor Widget","WebPartIconName":null,"WidgetNotificationMode":0,"WidgetDeeplinkUrlText":null,"CategoryName":"Common","IsWebPartEnabled":true,"TypeName":null,"WebPartServiceAgentInterfaceTypeName":null,"WebPartDefinitionXml":null,"HideWebPartHeader":false,"HideWebPartFooter":true,"IsFreeFlowing":false,"PillarKey":null,"ChromeStyle":7,"ParameterJSON":"{\"HeaderLinkIcon\": \"\", \"IsCustomEditor\": true, \"PreviewType\" : \"iframe\"}","TemplatePath":"app/modules/dashboard/views/webparts/widgetContentEditor.html","IsSystemLocked":false,"Category":{"Id":5,"Name":"Common","CategoryKey":"WebPartDefinition_Common","Description":"Common","ParentId":1,"OrdinalPosition":null},"Id":60},"HeaderColor":"","IsHidden":false,"Layout":"{\"x\":0,\"y\":0,\"width\":20,\"height\":20}","OverrideTemplate":"&lt;iframe src=&quot;https://supp-saux.sumtotaldemo.net/SA_UX/Master/17_1_2/Standard/index.html?lm=yes&amp;tm=yes&amp;wfm=no&quot; class=&quot;sumt-webpart-iframe&quot;&gt;&lt;/iframe&gt;","ParameterJSON":"{\"HeaderLinkIcon\":\"\",\"IsCustomEditor\":true,\"PreviewType\":\"iframe\",\"fullScreen\":true}","SubTitle":"Content Editor Widget","SupportsFullScreen":true,"Title":null}],"CanAddPage":false,"CanEditPage":false,"CanDeletePage":false,"CanPersonalizePage":true},{"Id":196,"title":"Home LM","Description":"Home LM","IsSystemLocked":true,"Name":"Home LM","IsGuestPage":false,"ParameterJSON":null,"Personalization":null,"Url":"#/dash/home/LM","path":"dash/home/LM","WebPartPageKey":null,"IsEnabled":true,"RPKey":null,"Priority":20,"WebParts":[{"Id":500,"ChromeStyle":7,"Definition":{"WebPartDefinitionKey":"search_calendarView","Title":"Available Activities Calendar","Description":"Allows learners to browse available learning activity offerings in a calendar view.","SubTitle":"Available Activities Calendar","WebPartIconName":null,"WidgetNotificationMode":0,"WidgetDeeplinkUrlText":null,"CategoryName":"Learning","IsWebPartEnabled":true,"TypeName":null,"WebPartServiceAgentInterfaceTypeName":null,"WebPartDefinitionXml":null,"HideWebPartHeader":false,"HideWebPartFooter":false,"IsFreeFlowing":false,"PillarKey":"LM","ChromeStyle":7,"ParameterJSON":"{\"HeaderLinkIcon\": \"\", \"IsCustomEditor\": false, \"PreviewType\" : \"calendar\"}","TemplatePath":"app/modules/dashboard/views/searchWidgets/calendarView.html","IsSystemLocked":false,"Category":{"Id":8,"Name":"Learning","CategoryKey":"WebPartDefinition_Learning","Description":"Learning","ParentId":1,"OrdinalPosition":null},"Id":111},"HeaderColor":"","IsHidden":false,"Layout":"{\"x\":0,\"y\":0,\"width\":69,\"height\":32}","OverrideTemplate":null,"ParameterJSON":"{\"HeaderLinkIcon\":\"\",\"IsCustomEditor\":false,\"PreviewType\":\"calendar\"}","SubTitle":"Available Activities Calendar","SupportsFullScreen":true,"Title":null}],"CanAddPage":true,"CanEditPage":true,"CanDeletePage":true,"CanPersonalizePage":true},{"Id":197,"title":"Home TM","Description":"Home TM","IsSystemLocked":true,"Name":"Home TM","IsGuestPage":false,"ParameterJSON":null,"Personalization":null,"Url":"#/dash/home/TM","path":"dash/home/TM","WebPartPageKey":null,"IsEnabled":true,"RPKey":null,"Priority":4,"WebParts":[{"Id":327,"ChromeStyle":0,"Definition":{"WebPartDefinitionKey":"Common_ContentEditor","Title":"Content Editor","Description":"Enables users to add custom HTML to a dashboard.","SubTitle":"Content Editor Widget","WebPartIconName":null,"WidgetNotificationMode":0,"WidgetDeeplinkUrlText":null,"CategoryName":"Common","IsWebPartEnabled":true,"TypeName":null,"WebPartServiceAgentInterfaceTypeName":null,"WebPartDefinitionXml":null,"HideWebPartHeader":false,"HideWebPartFooter":true,"IsFreeFlowing":false,"PillarKey":null,"ChromeStyle":7,"ParameterJSON":"{\"HeaderLinkIcon\": \"\", \"IsCustomEditor\": true, \"PreviewType\" : \"iframe\"}","TemplatePath":"app/modules/dashboard/views/webparts/widgetContentEditor.html","IsSystemLocked":false,"Category":{"Id":5,"Name":"Common","CategoryKey":"WebPartDefinition_Common","Description":"Common","ParentId":1,"OrdinalPosition":null},"Id":60},"HeaderColor":null,"IsHidden":false,"Layout":"{\"x\":0,\"y\":0,\"width\":83,\"height\":64}","OverrideTemplate":"\n\t&lt;!doctype html&gt; &lt;html&gt; &lt;head&gt; &lt;meta charset=&quot;utf-8&quot;&gt; &lt;title&gt;Untitled Document&lt;/title&gt; &lt;style&gt; div.news-container {  background-color:#e9ede5;  background-image:url(./Content/Common/assets/images/personBackground.jpg?1);  height:270px;  background-position: center;  background-repeat:no-repeat; border-radius: 10px 10px 0 0; } div.grad {  max-width:96%;  width:100%;  border:0px solid blue; } table.banner {  height:270px;  border:0px solid red;  max-width:100%;  width:100%; } .banner td {  text-align:center;  border:0px solid red;   } table.subnav {  max-width:96%;  width:100%;  border:0px solid green;  padding-top:15px;  font-family:&#39;Open Sans&#39; Tahoma;  font-weight:600; } .subnav td {  text-align:center;  width:25%;  padding:5px 20px;  font-weight:400;    } .subnav td.icon {  text-align:center;  width:25%;  padding:15px 0 5px 0;  font-weight:400;         height: 60px; } .subnav td.subnavtitle {         font-weight:700; } .subnav td.subnav-text {  text-align:left;  color: #606060;  font-family:Arial;  font-size:12px;  line-height:16px;  font-family:&#39;Open Sans&#39; Tahoma;         vertical-align:top; } &lt;/style&gt; &lt;/head&gt;  &lt;body&gt;  &lt;div class=&quot;news-container&quot;&gt;      &lt;center&gt;         &lt;div class=&quot;grad&quot;&gt;             &lt;table class=&quot;banner&quot;&gt;                 &lt;tr&gt;                     &lt;td colspan=&quot;2&quot; style=&quot;width:50%;&quot;&gt;                                           &lt;/td&gt;                     &lt;td&gt;&lt;/td&gt;                     &lt;td&gt;&lt;/td&gt;                 &lt;/tr&gt;             &lt;/table&gt;          &lt;/div&gt;          &lt;div style=&quot;background-color:#00aed3; text-align:left; border:0px solid orange; padding:5px 20px; font-family:&#39;Open Sans&#39; Tahoma;&quot;&gt;                         &lt;p style=&quot;font-size:14px; color:white; text-transform:uppercase; padding:15px 0px 10px 0px; margin:0px; font-family:&#39;Open Sans&#39; Tahoma;&quot;&gt;BUILDING A BETTER TEAM&lt;/p&gt;&lt;p style=&quot;font-size:30px; color:white; padding-bottom:20px; margin:0px; line-height:30px;&quot;&gt;Developing Individual and Team Talent Drives Company Performance&lt;/p&gt;&lt;p style=&quot;font-size:14px; color:white; font-family:&#39;Open Sans&#39; Tahoma; padding-bottom:20px; max-width:700px;&quot;&gt;Our long term success is fundamentally tied to our ability to develop leaders and more effective employees. As our most vital resource, we are committed to helping you improve in your current, next and long term role. &lt;/p&gt;                          &lt;/div&gt;                      &lt;/center&gt;     &lt;/div&gt; &lt;/body&gt; &lt;/html&gt;\n\t","ParameterJSON":"{\"HeaderLinkIcon\":\"\",\"IsCustomEditor\":true,\"PreviewType\":\"iframe\",\"fullScreen\":true}","SubTitle":"Content Editor Webpart","SupportsFullScreen":true,"Title":null}],"CanAddPage":false,"CanEditPage":false,"CanDeletePage":false,"CanPersonalizePage":true},{"Id":198,"title":"Home WFM","Description":"Home WFM","IsSystemLocked":true,"Name":"Home WFM","IsGuestPage":false,"ParameterJSON":null,"Personalization":null,"Url":"#/dash/home/WFM","path":"dash/home/WFM","WebPartPageKey":null,"IsEnabled":true,"RPKey":null,"Priority":0,"WebParts":[{"Id":336,"ChromeStyle":0,"Definition":{"WebPartDefinitionKey":"Common_ContentEditor","Title":"Content Editor","Description":"Enables users to add custom HTML to a dashboard.","SubTitle":"Content Editor Widget","WebPartIconName":null,"WidgetNotificationMode":0,"WidgetDeeplinkUrlText":null,"CategoryName":"Common","IsWebPartEnabled":true,"TypeName":null,"WebPartServiceAgentInterfaceTypeName":null,"WebPartDefinitionXml":null,"HideWebPartHeader":false,"HideWebPartFooter":true,"IsFreeFlowing":false,"PillarKey":null,"ChromeStyle":7,"ParameterJSON":"{\"HeaderLinkIcon\": \"\", \"IsCustomEditor\": true, \"PreviewType\" : \"iframe\"}","TemplatePath":"app/modules/dashboard/views/webparts/widgetContentEditor.html","IsSystemLocked":false,"Category":{"Id":5,"Name":"Common","CategoryKey":"WebPartDefinition_Common","Description":"Common","ParentId":1,"OrdinalPosition":null},"Id":60},"HeaderColor":null,"IsHidden":false,"Layout":"{\"x\":0,\"y\":0,\"width\":83,\"height\":64}","OverrideTemplate":"&lt;iframe src=&quot;https://supp-saux.sumtotaldemo.net/SA_FTP/LocalUser/wfm_ftp/2017_Standalone/index.html&quot; class=&quot;sumt-webpart-iframe&quot;&gt;&lt;/iframe&gt;","ParameterJSON":"{\"HeaderLinkIcon\":\"\",\"IsCustomEditor\":true,\"PreviewType\":\"iframe\",\"fullScreen\":true}","SubTitle":"Content Editor Webpart","SupportsFullScreen":true,"Title":"Content Editor Webpart"}],"CanAddPage":false,"CanEditPage":false,"CanDeletePage":false,"CanPersonalizePage":true}],"IsSystemLocked":true,"IsEnabled":true,"RPKey":null,"CanViewDashboard":true,"CanAddDashboard":true,"CanEditDashboard":true,"CanDeleteDashboard":true,"CanPersonalizeDashboard":true},{"Id":2,"DefaultPage":{"Id":2,"title":null,"Description":"Learning Dashboard","IsSystemLocked":true,"Name":"Learning","IsGuestPage":false,"ParameterJSON":null,"Personalization":null,"Url":"#/dash/learning","path":null,"WebPartPageKey":null,"IsEnabled":true,"RPKey":null,"Priority":0,"WebParts":[{"Id":310,"ChromeStyle":7,"Definition":{"WebPartDefinitionKey":"Timeline","Title":"Timeline","Description":"Displays tasks, approvals, and other updates in a timeline view.","SubTitle":"Activity timeline","WebPartIconName":null,"WidgetNotificationMode":0,"WidgetDeeplinkUrlText":null,"CategoryName":"Common","IsWebPartEnabled":true,"TypeName":null,"WebPartServiceAgentInterfaceTypeName":null,"WebPartDefinitionXml":null,"HideWebPartHeader":false,"HideWebPartFooter":false,"IsFreeFlowing":false,"PillarKey":null,"ChromeStyle":7,"ParameterJSON":"{\"HeaderLinkIcon\": \"\", \"IsCustomEditor\": false, \"PreviewType\" : \"timeline\"}","TemplatePath":"app/modules/dashboard/views/webparts/widgetTimeline.html","IsSystemLocked":false,"Category":{"Id":5,"Name":"Common","CategoryKey":"WebPartDefinition_Common","Description":"Common","ParentId":1,"OrdinalPosition":null},"Id":61},"HeaderColor":null,"IsHidden":false,"Layout":"{\"x\":34,\"y\":35,\"width\":50,\"height\":22,\"max-width\":10,\"max-height\":10}","OverrideTemplate":null,"ParameterJSON":"{\"HeaderLinkIcon\":\"\",\"IsCustomEditor\":false,\"PreviewType\":\"timeline\"}","SubTitle":"Activity timeline","SupportsFullScreen":true,"Title":"Timeline"},{"Id":476,"ChromeStyle":7,"Definition":{"WebPartDefinitionKey":"About_Me","Title":"About Me","Description":"Displays key profile information about the employee.","SubTitle":"Photo, email and employment information","WebPartIconName":null,"WidgetNotificationMode":0,"WidgetDeeplinkUrlText":"View my profile","CategoryName":"Common","IsWebPartEnabled":true,"TypeName":"SumTotal.SPPortal.WebParts.Core.MySelf.AboutMe.AboutMe, SumTotal.SPPortal.WebParts, Version=1.0.0.0, Culture=neutral, PublicKeyToken=6b7f90fbd13cce01","WebPartServiceAgentInterfaceTypeName":null,"WebPartDefinitionXml":null,"HideWebPartHeader":true,"HideWebPartFooter":true,"IsFreeFlowing":false,"PillarKey":null,"ChromeStyle":7,"ParameterJSON":"{\"HeaderLinkIcon\": \"\", \"IsCustomEditor\": false, \"PreviewType\" : \"aboutme\"}","TemplatePath":"app/modules/dashboard/views/webparts/widgetAboutMe.html","IsSystemLocked":false,"Category":{"Id":5,"Name":"Common","CategoryKey":"WebPartDefinition_Common","Description":"Common","ParentId":1,"OrdinalPosition":null},"Id":43},"HeaderColor":"","IsHidden":false,"Layout":"{\"x\":0,\"y\":0,\"width\":23,\"height\":15}","OverrideTemplate":null,"ParameterJSON":"{\"HeaderLinkIcon\":\"\",\"IsCustomEditor\":false,\"PreviewType\":\"aboutme\"}","SubTitle":"Photo, email and employment information","SupportsFullScreen":true,"Title":null},{"Id":487,"ChromeStyle":7,"Definition":{"WebPartDefinitionKey":"LM_MyLearning","Title":"My Learning","Description":"Provides user with graphical summary of their assigned training compliance status.","SubTitle":null,"WebPartIconName":null,"WidgetNotificationMode":0,"WidgetDeeplinkUrlText":null,"CategoryName":"Learning","IsWebPartEnabled":true,"TypeName":"SumTotal.SPPortal.WebParts.Core.Learning.MyLearning.MyLearning, SumTotal.SPPortal.WebParts, Version=1.0.0.0, Culture=neutral, PublicKeyToken=6b7f90fbd13cce01","WebPartServiceAgentInterfaceTypeName":"ILMWebPartContractAsync","WebPartDefinitionXml":null,"HideWebPartHeader":false,"HideWebPartFooter":true,"IsFreeFlowing":false,"PillarKey":"LM","ChromeStyle":7,"ParameterJSON":"{\"HeaderLinkIcon\": \"\", \"IsCustomEditor\": false, \"PreviewType\" : \"html\"}","TemplatePath":"app/modules/dashboard/views/webparts/widgetMyLearning.html","IsSystemLocked":false,"Category":{"Id":8,"Name":"Learning","CategoryKey":"WebPartDefinition_Learning","Description":"Learning","ParentId":1,"OrdinalPosition":null},"Id":67},"HeaderColor":"","IsHidden":false,"Layout":"{\"x\":23,\"y\":0,\"width\":25,\"height\":15}","OverrideTemplate":null,"ParameterJSON":"{\"HeaderLinkIcon\":\"\",\"IsCustomEditor\":false,\"PreviewType\":\"html\"}","SubTitle":null,"SupportsFullScreen":true,"Title":null},{"Id":488,"ChromeStyle":7,"Definition":{"WebPartDefinitionKey":"LM_LearningTasks","Title":"Learning Tasks","Description":"Displays the user's pending tasks.","SubTitle":"Learning Tasks","WebPartIconName":null,"WidgetNotificationMode":0,"WidgetDeeplinkUrlText":null,"CategoryName":"Learning","IsWebPartEnabled":true,"TypeName":"SSumTotal.SPPortal.WebParts.Core.Learning.LearningTasks.LearningTasks, SumTotal.SPPortal.WebParts, Version=1.0.0.0, Culture=neutral, PublicKeyToken=6b7f90fbd13cce01","WebPartServiceAgentInterfaceTypeName":"ILMWebPartContractAsync","WebPartDefinitionXml":null,"HideWebPartHeader":false,"HideWebPartFooter":true,"IsFreeFlowing":false,"PillarKey":"LM","ChromeStyle":7,"ParameterJSON":"{\"HeaderLinkIcon\": \"\", \"IsCustomEditor\": false, \"PreviewType\" : \"table\"}","TemplatePath":"app/modules/dashboard/views/webparts/widgetLearningTasks.html","IsSystemLocked":false,"Category":{"Id":8,"Name":"Learning","CategoryKey":"WebPartDefinition_Learning","Description":"Learning","ParentId":1,"OrdinalPosition":null},"Id":68},"HeaderColor":"","IsHidden":false,"Layout":"{\"x\":48,\"y\":0,\"width\":34,\"height\":14}","OverrideTemplate":null,"ParameterJSON":"{\"HeaderLinkIcon\":\"\",\"IsCustomEditor\":false,\"PreviewType\":\"table\"}","SubTitle":"Learning Tasks","SupportsFullScreen":true,"Title":null},{"Id":489,"ChromeStyle":7,"Definition":{"WebPartDefinitionKey":"LM_Recommendation","Title":"Recommended Courses","Description":"Displays recommended learning based on your interests, your required skills, and suggestions from others in your organization.","SubTitle":null,"WebPartIconName":null,"WidgetNotificationMode":0,"WidgetDeeplinkUrlText":null,"CategoryName":"Learning","IsWebPartEnabled":true,"TypeName":null,"WebPartServiceAgentInterfaceTypeName":null,"WebPartDefinitionXml":null,"HideWebPartHeader":false,"HideWebPartFooter":true,"IsFreeFlowing":false,"PillarKey":"LM","ChromeStyle":7,"ParameterJSON":"{\"HeaderLinkIcon\": \"\", \"IsCustomEditor\": false, \"PreviewType\" : \"table\"}","TemplatePath":"app/modules/dashboard/views/webparts/widgetRecommendation.html","IsSystemLocked":false,"Category":{"Id":8,"Name":"Learning","CategoryKey":"WebPartDefinition_Learning","Description":"Learning","ParentId":1,"OrdinalPosition":null},"Id":70},"HeaderColor":"","IsHidden":false,"Layout":"{\"x\":0,\"y\":15,\"width\":42,\"height\":20}","OverrideTemplate":null,"ParameterJSON":"{\"HeaderLinkIcon\":\"\",\"IsCustomEditor\":false,\"PreviewType\":\"table\"}","SubTitle":null,"SupportsFullScreen":true,"Title":null},{"Id":490,"ChromeStyle":7,"Definition":{"WebPartDefinitionKey":"LM_RecentlyLaunched","Title":"Recently Launched","Description":"Provides user with quick access to the most recently launched non-completed training item.","SubTitle":"Recently Launched","WebPartIconName":null,"WidgetNotificationMode":0,"WidgetDeeplinkUrlText":"View All Recently Launch Activity","CategoryName":"Learning","IsWebPartEnabled":true,"TypeName":"SumTotal.SPPortal.WebParts.Core.Learning.RecentlyLaunched.RecentlyLaunched, SumTotal.SPPortal.WebParts, Version=1.0.0.0, Culture=neutral, PublicKeyToken=6b7f90fbd13cce01","WebPartServiceAgentInterfaceTypeName":"ILMWebPartContractAsync","WebPartDefinitionXml":null,"HideWebPartHeader":false,"HideWebPartFooter":true,"IsFreeFlowing":false,"PillarKey":"LM","ChromeStyle":7,"ParameterJSON":"{\"HeaderLinkIcon\": \"\", \"IsCustomEditor\": false, \"PreviewType\" : \"table\"}","TemplatePath":"app/modules/dashboard/views/webparts/widgetRecentlyLaunched.html","IsSystemLocked":false,"Category":{"Id":8,"Name":"Learning","CategoryKey":"WebPartDefinition_Learning","Description":"Learning","ParentId":1,"OrdinalPosition":null},"Id":65},"HeaderColor":"","IsHidden":false,"Layout":"{\"x\":42,\"y\":15,\"width\":40,\"height\":20}","OverrideTemplate":null,"ParameterJSON":"{\"HeaderLinkIcon\":\"\",\"IsCustomEditor\":false,\"PreviewType\":\"table\"}","SubTitle":"Recently Launched","SupportsFullScreen":true,"Title":null},{"Id":491,"ChromeStyle":7,"Definition":{"WebPartDefinitionKey":"LM_MyMessages","Title":"My Messages","Description":"Highlights the five most recent unread learning  notifications.","SubTitle":"Recent messages I have received","WebPartIconName":null,"WidgetNotificationMode":1,"WidgetDeeplinkUrlText":"View All Messages","CategoryName":"Learning","IsWebPartEnabled":true,"TypeName":"SumTotal.SPPortal.WebParts.Core.Learning.MyMessages.MyMessages, SumTotal.SPPortal.WebParts, Version=1.0.0.0, Culture=neutral, PublicKeyToken=6b7f90fbd13cce01","WebPartServiceAgentInterfaceTypeName":"ILMWebPartContractAsync","WebPartDefinitionXml":null,"HideWebPartHeader":false,"HideWebPartFooter":true,"IsFreeFlowing":false,"PillarKey":"LM","ChromeStyle":7,"ParameterJSON":"{\"HeaderLinkIcon\": \"\", \"IsCustomEditor\": false, \"MessagesConfig\":{ \"MessageCount\":\"count\", \"MessageData\":[\"date\", \"subject\", \"url\"]}, \"PreviewType\":\"messages\"}","TemplatePath":"app/modules/dashboard/views/webparts/widgetMyMessages.html","IsSystemLocked":false,"Category":{"Id":8,"Name":"Learning","CategoryKey":"WebPartDefinition_Learning","Description":"Learning","ParentId":1,"OrdinalPosition":null},"Id":4},"HeaderColor":"","IsHidden":false,"Layout":"{\"x\":null,\"y\":null,\"width\":33,\"height\":20}","OverrideTemplate":null,"ParameterJSON":"{\"HeaderLinkIcon\":\"\",\"IsCustomEditor\":false,\"MessagesConfig\":{\"MessageCount\":\"count\",\"MessageData\":[\"date\",\"subject\",\"url\"]},\"PreviewType\":\"messages\"}","SubTitle":"Recent messages I have received","SupportsFullScreen":true,"Title":null}],"CanAddPage":false,"CanEditPage":false,"CanDeletePage":false,"CanPersonalizePage":false},"Description":"Learning Dashboard","Name":"LM","Url":"#/dash/learning","WebPartPageDefinitionKey":null,"WebPartPages":[{"Id":2,"title":"Learning","Description":"Learning Dashboard","IsSystemLocked":true,"Name":"Learning","IsGuestPage":false,"ParameterJSON":null,"Personalization":null,"Url":"#/dash/learning","path":"dash/learning","WebPartPageKey":null,"IsEnabled":true,"RPKey":null,"Priority":0,"WebParts":[{"Id":310,"ChromeStyle":7,"Definition":{"WebPartDefinitionKey":"Timeline","Title":"Timeline","Description":"Displays tasks, approvals, and other updates in a timeline view.","SubTitle":"Activity timeline","WebPartIconName":null,"WidgetNotificationMode":0,"WidgetDeeplinkUrlText":null,"CategoryName":"Common","IsWebPartEnabled":true,"TypeName":null,"WebPartServiceAgentInterfaceTypeName":null,"WebPartDefinitionXml":null,"HideWebPartHeader":false,"HideWebPartFooter":false,"IsFreeFlowing":false,"PillarKey":null,"ChromeStyle":7,"ParameterJSON":"{\"HeaderLinkIcon\": \"\", \"IsCustomEditor\": false, \"PreviewType\" : \"timeline\"}","TemplatePath":"app/modules/dashboard/views/webparts/widgetTimeline.html","IsSystemLocked":false,"Category":{"Id":5,"Name":"Common","CategoryKey":"WebPartDefinition_Common","Description":"Common","ParentId":1,"OrdinalPosition":null},"Id":61},"HeaderColor":null,"IsHidden":false,"Layout":"{\"x\":34,\"y\":35,\"width\":50,\"height\":22,\"max-width\":10,\"max-height\":10}","OverrideTemplate":null,"ParameterJSON":"{\"HeaderLinkIcon\":\"\",\"IsCustomEditor\":false,\"PreviewType\":\"timeline\"}","SubTitle":"Activity timeline","SupportsFullScreen":true,"Title":"Timeline"},{"Id":476,"ChromeStyle":7,"Definition":{"WebPartDefinitionKey":"About_Me","Title":"About Me","Description":"Displays key profile information about the employee.","SubTitle":"Photo, email and employment information","WebPartIconName":null,"WidgetNotificationMode":0,"WidgetDeeplinkUrlText":"View my profile","CategoryName":"Common","IsWebPartEnabled":true,"TypeName":"SumTotal.SPPortal.WebParts.Core.MySelf.AboutMe.AboutMe, SumTotal.SPPortal.WebParts, Version=1.0.0.0, Culture=neutral, PublicKeyToken=6b7f90fbd13cce01","WebPartServiceAgentInterfaceTypeName":null,"WebPartDefinitionXml":null,"HideWebPartHeader":true,"HideWebPartFooter":true,"IsFreeFlowing":false,"PillarKey":null,"ChromeStyle":7,"ParameterJSON":"{\"HeaderLinkIcon\": \"\", \"IsCustomEditor\": false, \"PreviewType\" : \"aboutme\"}","TemplatePath":"app/modules/dashboard/views/webparts/widgetAboutMe.html","IsSystemLocked":false,"Category":{"Id":5,"Name":"Common","CategoryKey":"WebPartDefinition_Common","Description":"Common","ParentId":1,"OrdinalPosition":null},"Id":43},"HeaderColor":"","IsHidden":false,"Layout":"{\"x\":0,\"y\":0,\"width\":23,\"height\":15}","OverrideTemplate":null,"ParameterJSON":"{\"HeaderLinkIcon\":\"\",\"IsCustomEditor\":false,\"PreviewType\":\"aboutme\"}","SubTitle":"Photo, email and employment information","SupportsFullScreen":true,"Title":null},{"Id":487,"ChromeStyle":7,"Definition":{"WebPartDefinitionKey":"LM_MyLearning","Title":"My Learning","Description":"Provides user with graphical summary of their assigned training compliance status.","SubTitle":null,"WebPartIconName":null,"WidgetNotificationMode":0,"WidgetDeeplinkUrlText":null,"CategoryName":"Learning","IsWebPartEnabled":true,"TypeName":"SumTotal.SPPortal.WebParts.Core.Learning.MyLearning.MyLearning, SumTotal.SPPortal.WebParts, Version=1.0.0.0, Culture=neutral, PublicKeyToken=6b7f90fbd13cce01","WebPartServiceAgentInterfaceTypeName":"ILMWebPartContractAsync","WebPartDefinitionXml":null,"HideWebPartHeader":false,"HideWebPartFooter":true,"IsFreeFlowing":false,"PillarKey":"LM","ChromeStyle":7,"ParameterJSON":"{\"HeaderLinkIcon\": \"\", \"IsCustomEditor\": false, \"PreviewType\" : \"html\"}","TemplatePath":"app/modules/dashboard/views/webparts/widgetMyLearning.html","IsSystemLocked":false,"Category":{"Id":8,"Name":"Learning","CategoryKey":"WebPartDefinition_Learning","Description":"Learning","ParentId":1,"OrdinalPosition":null},"Id":67},"HeaderColor":"","IsHidden":false,"Layout":"{\"x\":23,\"y\":0,\"width\":25,\"height\":15}","OverrideTemplate":null,"ParameterJSON":"{\"HeaderLinkIcon\":\"\",\"IsCustomEditor\":false,\"PreviewType\":\"html\"}","SubTitle":null,"SupportsFullScreen":true,"Title":null},{"Id":488,"ChromeStyle":7,"Definition":{"WebPartDefinitionKey":"LM_LearningTasks","Title":"Learning Tasks","Description":"Displays the user's pending tasks.","SubTitle":"Learning Tasks","WebPartIconName":null,"WidgetNotificationMode":0,"WidgetDeeplinkUrlText":null,"CategoryName":"Learning","IsWebPartEnabled":true,"TypeName":"SSumTotal.SPPortal.WebParts.Core.Learning.LearningTasks.LearningTasks, SumTotal.SPPortal.WebParts, Version=1.0.0.0, Culture=neutral, PublicKeyToken=6b7f90fbd13cce01","WebPartServiceAgentInterfaceTypeName":"ILMWebPartContractAsync","WebPartDefinitionXml":null,"HideWebPartHeader":false,"HideWebPartFooter":true,"IsFreeFlowing":false,"PillarKey":"LM","ChromeStyle":7,"ParameterJSON":"{\"HeaderLinkIcon\": \"\", \"IsCustomEditor\": false, \"PreviewType\" : \"table\"}","TemplatePath":"app/modules/dashboard/views/webparts/widgetLearningTasks.html","IsSystemLocked":false,"Category":{"Id":8,"Name":"Learning","CategoryKey":"WebPartDefinition_Learning","Description":"Learning","ParentId":1,"OrdinalPosition":null},"Id":68},"HeaderColor":"","IsHidden":false,"Layout":"{\"x\":48,\"y\":0,\"width\":34,\"height\":14}","OverrideTemplate":null,"ParameterJSON":"{\"HeaderLinkIcon\":\"\",\"IsCustomEditor\":false,\"PreviewType\":\"table\"}","SubTitle":"Learning Tasks","SupportsFullScreen":true,"Title":null},{"Id":489,"ChromeStyle":7,"Definition":{"WebPartDefinitionKey":"LM_Recommendation","Title":"Recommended Courses","Description":"Displays recommended learning based on your interests, your required skills, and suggestions from others in your organization.","SubTitle":null,"WebPartIconName":null,"WidgetNotificationMode":0,"WidgetDeeplinkUrlText":null,"CategoryName":"Learning","IsWebPartEnabled":true,"TypeName":null,"WebPartServiceAgentInterfaceTypeName":null,"WebPartDefinitionXml":null,"HideWebPartHeader":false,"HideWebPartFooter":true,"IsFreeFlowing":false,"PillarKey":"LM","ChromeStyle":7,"ParameterJSON":"{\"HeaderLinkIcon\": \"\", \"IsCustomEditor\": false, \"PreviewType\" : \"table\"}","TemplatePath":"app/modules/dashboard/views/webparts/widgetRecommendation.html","IsSystemLocked":false,"Category":{"Id":8,"Name":"Learning","CategoryKey":"WebPartDefinition_Learning","Description":"Learning","ParentId":1,"OrdinalPosition":null},"Id":70},"HeaderColor":"","IsHidden":false,"Layout":"{\"x\":0,\"y\":15,\"width\":42,\"height\":20}","OverrideTemplate":null,"ParameterJSON":"{\"HeaderLinkIcon\":\"\",\"IsCustomEditor\":false,\"PreviewType\":\"table\"}","SubTitle":null,"SupportsFullScreen":true,"Title":null},{"Id":490,"ChromeStyle":7,"Definition":{"WebPartDefinitionKey":"LM_RecentlyLaunched","Title":"Recently Launched","Description":"Provides user with quick access to the most recently launched non-completed training item.","SubTitle":"Recently Launched","WebPartIconName":null,"WidgetNotificationMode":0,"WidgetDeeplinkUrlText":"View All Recently Launch Activity","CategoryName":"Learning","IsWebPartEnabled":true,"TypeName":"SumTotal.SPPortal.WebParts.Core.Learning.RecentlyLaunched.RecentlyLaunched, SumTotal.SPPortal.WebParts, Version=1.0.0.0, Culture=neutral, PublicKeyToken=6b7f90fbd13cce01","WebPartServiceAgentInterfaceTypeName":"ILMWebPartContractAsync","WebPartDefinitionXml":null,"HideWebPartHeader":false,"HideWebPartFooter":true,"IsFreeFlowing":false,"PillarKey":"LM","ChromeStyle":7,"ParameterJSON":"{\"HeaderLinkIcon\": \"\", \"IsCustomEditor\": false, \"PreviewType\" : \"table\"}","TemplatePath":"app/modules/dashboard/views/webparts/widgetRecentlyLaunched.html","IsSystemLocked":false,"Category":{"Id":8,"Name":"Learning","CategoryKey":"WebPartDefinition_Learning","Description":"Learning","ParentId":1,"OrdinalPosition":null},"Id":65},"HeaderColor":"","IsHidden":false,"Layout":"{\"x\":42,\"y\":15,\"width\":40,\"height\":20}","OverrideTemplate":null,"ParameterJSON":"{\"HeaderLinkIcon\":\"\",\"IsCustomEditor\":false,\"PreviewType\":\"table\"}","SubTitle":"Recently Launched","SupportsFullScreen":true,"Title":null},{"Id":491,"ChromeStyle":7,"Definition":{"WebPartDefinitionKey":"LM_MyMessages","Title":"My Messages","Description":"Highlights the five most recent unread learning  notifications.","SubTitle":"Recent messages I have received","WebPartIconName":null,"WidgetNotificationMode":1,"WidgetDeeplinkUrlText":"View All Messages","CategoryName":"Learning","IsWebPartEnabled":true,"TypeName":"SumTotal.SPPortal.WebParts.Core.Learning.MyMessages.MyMessages, SumTotal.SPPortal.WebParts, Version=1.0.0.0, Culture=neutral, PublicKeyToken=6b7f90fbd13cce01","WebPartServiceAgentInterfaceTypeName":"ILMWebPartContractAsync","WebPartDefinitionXml":null,"HideWebPartHeader":false,"HideWebPartFooter":true,"IsFreeFlowing":false,"PillarKey":"LM","ChromeStyle":7,"ParameterJSON":"{\"HeaderLinkIcon\": \"\", \"IsCustomEditor\": false, \"MessagesConfig\":{ \"MessageCount\":\"count\", \"MessageData\":[\"date\", \"subject\", \"url\"]}, \"PreviewType\":\"messages\"}","TemplatePath":"app/modules/dashboard/views/webparts/widgetMyMessages.html","IsSystemLocked":false,"Category":{"Id":8,"Name":"Learning","CategoryKey":"WebPartDefinition_Learning","Description":"Learning","ParentId":1,"OrdinalPosition":null},"Id":4},"HeaderColor":"","IsHidden":false,"Layout":"{\"x\":null,\"y\":null,\"width\":33,\"height\":20}","OverrideTemplate":null,"ParameterJSON":"{\"HeaderLinkIcon\":\"\",\"IsCustomEditor\":false,\"MessagesConfig\":{\"MessageCount\":\"count\",\"MessageData\":[\"date\",\"subject\",\"url\"]},\"PreviewType\":\"messages\"}","SubTitle":"Recent messages I have received","SupportsFullScreen":true,"Title":null}],"CanAddPage":false,"CanEditPage":false,"CanDeletePage":false,"CanPersonalizePage":true}],"IsSystemLocked":true,"IsEnabled":true,"RPKey":null,"CanViewDashboard":true,"CanAddDashboard":false,"CanEditDashboard":false,"CanDeleteDashboard":false,"CanPersonalizeDashboard":true},{"Id":14,"DefaultPage":{"Id":4,"title":null,"Description":"Profile","IsSystemLocked":true,"Name":"Profile","IsGuestPage":false,"ParameterJSON":null,"Personalization":null,"Url":"#/dash/profile","path":null,"WebPartPageKey":null,"IsEnabled":true,"RPKey":null,"Priority":1,"WebParts":[],"CanAddPage":false,"CanEditPage":false,"CanDeletePage":false,"CanPersonalizePage":false},"Description":"Profile","Name":"Profile","Url":"#/dash/profile","WebPartPageDefinitionKey":null,"WebPartPages":[{"Id":4,"title":"Profile","Description":"Profile","IsSystemLocked":true,"Name":"Profile","IsGuestPage":false,"ParameterJSON":null,"Personalization":null,"Url":"#/dash/profile","path":"dash/profile","WebPartPageKey":null,"IsEnabled":true,"RPKey":null,"Priority":1,"WebParts":[],"CanAddPage":false,"CanEditPage":false,"CanDeletePage":false,"CanPersonalizePage":true},{"Id":191,"title":"Public Profile View - Manager","Description":"Public Profile View - Manager","IsSystemLocked":true,"Name":"Public Profile View - Manager","IsGuestPage":false,"ParameterJSON":null,"Personalization":null,"Url":"#/dash/profile/publicProfileManager","path":"dash/profile/publicProfileManager","WebPartPageKey":null,"IsEnabled":true,"RPKey":null,"Priority":1,"WebParts":[{"Id":319,"ChromeStyle":0,"Definition":{"WebPartDefinitionKey":"About_Me","Title":"About Me","Description":"Displays key profile information about the employee.","SubTitle":"Photo, email and employment information","WebPartIconName":null,"WidgetNotificationMode":0,"WidgetDeeplinkUrlText":"View my profile","CategoryName":"Common","IsWebPartEnabled":true,"TypeName":"SumTotal.SPPortal.WebParts.Core.MySelf.AboutMe.AboutMe, SumTotal.SPPortal.WebParts, Version=1.0.0.0, Culture=neutral, PublicKeyToken=6b7f90fbd13cce01","WebPartServiceAgentInterfaceTypeName":null,"WebPartDefinitionXml":null,"HideWebPartHeader":true,"HideWebPartFooter":true,"IsFreeFlowing":false,"PillarKey":null,"ChromeStyle":7,"ParameterJSON":"{\"HeaderLinkIcon\": \"\", \"IsCustomEditor\": false, \"PreviewType\" : \"aboutme\"}","TemplatePath":"app/modules/dashboard/views/webparts/widgetAboutMe.html","IsSystemLocked":false,"Category":{"Id":5,"Name":"Common","CategoryKey":"WebPartDefinition_Common","Description":"Common","ParentId":1,"OrdinalPosition":null},"Id":43},"HeaderColor":null,"IsHidden":false,"Layout":"{\"x\":0,\"y\":\"0\",\"width\":33,\"height\":20}","OverrideTemplate":null,"ParameterJSON":"{\"HeaderLinkIcon\":\"\",\"IsCustomEditor\":false,\"PreviewType\":\"aboutme\"}","SubTitle":"Photo, email and employment information","SupportsFullScreen":true,"Title":null},{"Id":320,"ChromeStyle":7,"Definition":{"WebPartDefinitionKey":"Timeline","Title":"Timeline","Description":"Displays tasks, approvals, and other updates in a timeline view.","SubTitle":"Activity timeline","WebPartIconName":null,"WidgetNotificationMode":0,"WidgetDeeplinkUrlText":null,"CategoryName":"Common","IsWebPartEnabled":true,"TypeName":null,"WebPartServiceAgentInterfaceTypeName":null,"WebPartDefinitionXml":null,"HideWebPartHeader":false,"HideWebPartFooter":false,"IsFreeFlowing":false,"PillarKey":null,"ChromeStyle":7,"ParameterJSON":"{\"HeaderLinkIcon\": \"\", \"IsCustomEditor\": false, \"PreviewType\" : \"timeline\"}","TemplatePath":"app/modules/dashboard/views/webparts/widgetTimeline.html","IsSystemLocked":false,"Category":{"Id":5,"Name":"Common","CategoryKey":"WebPartDefinition_Common","Description":"Common","ParentId":1,"OrdinalPosition":null},"Id":61},"HeaderColor":null,"IsHidden":false,"Layout":"{\"x\":0,\"y\":33,\"width\":33,\"height\":62,\"max-width\":10,\"max-height\":10}","OverrideTemplate":null,"ParameterJSON":"{\"HeaderLinkIcon\":\"\",\"IsCustomEditor\":false,\"PreviewType\":\"timeline\"}","SubTitle":"Activity timeline","SupportsFullScreen":true,"Title":null},{"Id":321,"ChromeStyle":7,"Definition":{"WebPartDefinitionKey":"Direct_Reports","Title":"Direct Reports","Description":"Listing of your direct reports.","SubTitle":"Direct Reports","WebPartIconName":null,"WidgetNotificationMode":0,"WidgetDeeplinkUrlText":null,"CategoryName":"Common","IsWebPartEnabled":true,"TypeName":null,"WebPartServiceAgentInterfaceTypeName":null,"WebPartDefinitionXml":null,"HideWebPartHeader":false,"HideWebPartFooter":true,"IsFreeFlowing":false,"PillarKey":null,"ChromeStyle":7,"ParameterJSON":"{\"HeaderLinkIcon\": \"DirectReports\", \"IsCustomEditor\": false, \"PreviewType\" : \"table\"}","TemplatePath":"app/modules/dashboard/views/webparts/widgetDirectReports.html","IsSystemLocked":false,"Category":{"Id":5,"Name":"Common","CategoryKey":"WebPartDefinition_Common","Description":"Common","ParentId":1,"OrdinalPosition":null},"Id":63},"HeaderColor":null,"IsHidden":false,"Layout":"{\"x\":34,\"y\":0,\"width\":66,\"height\":33}","OverrideTemplate":null,"ParameterJSON":"{\"HeaderLinkIcon\":\"DirectReports\",\"IsCustomEditor\":false,\"PreviewType\":\"table\"}","SubTitle":"Direct Reports","SupportsFullScreen":true,"Title":null}],"CanAddPage":false,"CanEditPage":false,"CanDeletePage":false,"CanPersonalizePage":true},{"Id":192,"title":"Public Profile View - Employee","Description":"Public Profile View - Employee","IsSystemLocked":true,"Name":"Public Profile View - Employee","IsGuestPage":false,"ParameterJSON":null,"Personalization":null,"Url":"#/dash/profile/publicProfileEmployee","path":"dash/profile/publicProfileEmployee","WebPartPageKey":null,"IsEnabled":true,"RPKey":null,"Priority":1,"WebParts":[{"Id":317,"ChromeStyle":7,"Definition":{"WebPartDefinitionKey":"Timeline","Title":"Timeline","Description":"Displays tasks, approvals, and other updates in a timeline view.","SubTitle":"Activity timeline","WebPartIconName":null,"WidgetNotificationMode":0,"WidgetDeeplinkUrlText":null,"CategoryName":"Common","IsWebPartEnabled":true,"TypeName":null,"WebPartServiceAgentInterfaceTypeName":null,"WebPartDefinitionXml":null,"HideWebPartHeader":false,"HideWebPartFooter":false,"IsFreeFlowing":false,"PillarKey":null,"ChromeStyle":7,"ParameterJSON":"{\"HeaderLinkIcon\": \"\", \"IsCustomEditor\": false, \"PreviewType\" : \"timeline\"}","TemplatePath":"app/modules/dashboard/views/webparts/widgetTimeline.html","IsSystemLocked":false,"Category":{"Id":5,"Name":"Common","CategoryKey":"WebPartDefinition_Common","Description":"Common","ParentId":1,"OrdinalPosition":null},"Id":61},"HeaderColor":null,"IsHidden":false,"Layout":"{\"x\":0,\"y\":33,\"width\":33,\"height\":62,\"max-width\":10,\"max-height\":10}","OverrideTemplate":null,"ParameterJSON":"{\"HeaderLinkIcon\":\"\",\"IsCustomEditor\":false,\"PreviewType\":\"timeline\"}","SubTitle":"Activity timeline","SupportsFullScreen":true,"Title":null},{"Id":318,"ChromeStyle":0,"Definition":{"WebPartDefinitionKey":"About_Me","Title":"About Me","Description":"Displays key profile information about the employee.","SubTitle":"Photo, email and employment information","WebPartIconName":null,"WidgetNotificationMode":0,"WidgetDeeplinkUrlText":"View my profile","CategoryName":"Common","IsWebPartEnabled":true,"TypeName":"SumTotal.SPPortal.WebParts.Core.MySelf.AboutMe.AboutMe, SumTotal.SPPortal.WebParts, Version=1.0.0.0, Culture=neutral, PublicKeyToken=6b7f90fbd13cce01","WebPartServiceAgentInterfaceTypeName":null,"WebPartDefinitionXml":null,"HideWebPartHeader":true,"HideWebPartFooter":true,"IsFreeFlowing":false,"PillarKey":null,"ChromeStyle":7,"ParameterJSON":"{\"HeaderLinkIcon\": \"\", \"IsCustomEditor\": false, \"PreviewType\" : \"aboutme\"}","TemplatePath":"app/modules/dashboard/views/webparts/widgetAboutMe.html","IsSystemLocked":false,"Category":{"Id":5,"Name":"Common","CategoryKey":"WebPartDefinition_Common","Description":"Common","ParentId":1,"OrdinalPosition":null},"Id":43},"HeaderColor":null,"IsHidden":false,"Layout":"{\"x\":0,\"y\":\"0\",\"width\":33,\"height\":20}","OverrideTemplate":null,"ParameterJSON":"{\"HeaderLinkIcon\":\"\",\"IsCustomEditor\":false,\"PreviewType\":\"aboutme\"}","SubTitle":"Photo, email and employment information","SupportsFullScreen":true,"Title":null}],"CanAddPage":false,"CanEditPage":false,"CanDeletePage":false,"CanPersonalizePage":true},{"Id":193,"title":"Personal Profile View - Employee","Description":"Personal Profile View - Employee","IsSystemLocked":true,"Name":"Personal Profile View - Employee","IsGuestPage":false,"ParameterJSON":null,"Personalization":null,"Url":"#/dash/profile/personalProfileEmployee","path":"dash/profile/personalProfileEmployee","WebPartPageKey":null,"IsEnabled":true,"RPKey":null,"Priority":18,"WebParts":[{"Id":315,"ChromeStyle":7,"Definition":{"WebPartDefinitionKey":"Timeline","Title":"Timeline","Description":"Displays tasks, approvals, and other updates in a timeline view.","SubTitle":"Activity timeline","WebPartIconName":null,"WidgetNotificationMode":0,"WidgetDeeplinkUrlText":null,"CategoryName":"Common","IsWebPartEnabled":true,"TypeName":null,"WebPartServiceAgentInterfaceTypeName":null,"WebPartDefinitionXml":null,"HideWebPartHeader":false,"HideWebPartFooter":false,"IsFreeFlowing":false,"PillarKey":null,"ChromeStyle":7,"ParameterJSON":"{\"HeaderLinkIcon\": \"\", \"IsCustomEditor\": false, \"PreviewType\" : \"timeline\"}","TemplatePath":"app/modules/dashboard/views/webparts/widgetTimeline.html","IsSystemLocked":false,"Category":{"Id":5,"Name":"Common","CategoryKey":"WebPartDefinition_Common","Description":"Common","ParentId":1,"OrdinalPosition":null},"Id":61},"HeaderColor":null,"IsHidden":false,"Layout":"{\"x\":0,\"y\":21,\"width\":33,\"height\":62,\"max-width\":10,\"max-height\":10}","OverrideTemplate":null,"ParameterJSON":"{\"HeaderLinkIcon\":\"\",\"IsCustomEditor\":false,\"PreviewType\":\"timeline\"}","SubTitle":"Activity timeline","SupportsFullScreen":true,"Title":null},{"Id":316,"ChromeStyle":7,"Definition":{"WebPartDefinitionKey":"Key_Measures","Title":"Key Measures","Description":"Displays key performance measures for a user.","SubTitle":"Key Measures","WebPartIconName":null,"WidgetNotificationMode":0,"WidgetDeeplinkUrlText":null,"CategoryName":"Common","IsWebPartEnabled":true,"TypeName":null,"WebPartServiceAgentInterfaceTypeName":null,"WebPartDefinitionXml":null,"HideWebPartHeader":false,"HideWebPartFooter":true,"IsFreeFlowing":false,"PillarKey":null,"ChromeStyle":7,"ParameterJSON":"{\"HeaderLinkIcon\": \"\", \"IsCustomEditor\": false, \"PreviewType\" : \"claw\"}","TemplatePath":"app/modules/dashboard/views/webparts/widgetKeyMeasures.html","IsSystemLocked":false,"Category":{"Id":5,"Name":"Common","CategoryKey":"WebPartDefinition_Common","Description":"Common","ParentId":1,"OrdinalPosition":null},"Id":62},"HeaderColor":null,"IsHidden":false,"Layout":"{\"x\":33,\"y\":0,\"width\":67,\"height\":20,\"max-width\":10,\"max-height\":10}","OverrideTemplate":null,"ParameterJSON":"{\"HeaderLinkIcon\":\"\",\"IsCustomEditor\":false,\"PreviewType\":\"claw\"}","SubTitle":"Key Measures","SupportsFullScreen":true,"Title":null},{"Id":415,"ChromeStyle":7,"Definition":{"WebPartDefinitionKey":"About_Me","Title":"About Me","Description":"Displays key profile information about the employee.","SubTitle":"Photo, email and employment information","WebPartIconName":null,"WidgetNotificationMode":0,"WidgetDeeplinkUrlText":"View my profile","CategoryName":"Common","IsWebPartEnabled":true,"TypeName":"SumTotal.SPPortal.WebParts.Core.MySelf.AboutMe.AboutMe, SumTotal.SPPortal.WebParts, Version=1.0.0.0, Culture=neutral, PublicKeyToken=6b7f90fbd13cce01","WebPartServiceAgentInterfaceTypeName":null,"WebPartDefinitionXml":null,"HideWebPartHeader":true,"HideWebPartFooter":true,"IsFreeFlowing":false,"PillarKey":null,"ChromeStyle":7,"ParameterJSON":"{\"HeaderLinkIcon\": \"\", \"IsCustomEditor\": false, \"PreviewType\" : \"aboutme\"}","TemplatePath":"app/modules/dashboard/views/webparts/widgetAboutMe.html","IsSystemLocked":false,"Category":{"Id":5,"Name":"Common","CategoryKey":"WebPartDefinition_Common","Description":"Common","ParentId":1,"OrdinalPosition":null},"Id":43},"HeaderColor":"","IsHidden":false,"Layout":"{\"x\":0,\"y\":0,\"width\":30,\"height\":21}","OverrideTemplate":null,"ParameterJSON":"{\"HeaderLinkIcon\":\"\",\"IsCustomEditor\":false,\"PreviewType\":\"aboutme\"}","SubTitle":"Photo, email and employment information","SupportsFullScreen":true,"Title":null},{"Id":416,"ChromeStyle":7,"Definition":{"WebPartDefinitionKey":"LM_Recommendation","Title":"Recommended Courses","Description":"Displays recommended learning based on your interests, your required skills, and suggestions from others in your organization.","SubTitle":null,"WebPartIconName":null,"WidgetNotificationMode":0,"WidgetDeeplinkUrlText":null,"CategoryName":"Learning","IsWebPartEnabled":true,"TypeName":null,"WebPartServiceAgentInterfaceTypeName":null,"WebPartDefinitionXml":null,"HideWebPartHeader":false,"HideWebPartFooter":true,"IsFreeFlowing":false,"PillarKey":"LM","ChromeStyle":7,"ParameterJSON":"{\"HeaderLinkIcon\": \"\", \"IsCustomEditor\": false, \"PreviewType\" : \"table\"}","TemplatePath":"app/modules/dashboard/views/webparts/widgetRecommendation.html","IsSystemLocked":false,"Category":{"Id":8,"Name":"Learning","CategoryKey":"WebPartDefinition_Learning","Description":"Learning","ParentId":1,"OrdinalPosition":null},"Id":70},"HeaderColor":"","IsHidden":false,"Layout":"{\"x\":33,\"y\":20,\"width\":66,\"height\":20}","OverrideTemplate":null,"ParameterJSON":"{\"HeaderLinkIcon\":\"\",\"IsCustomEditor\":false,\"PreviewType\":\"table\"}","SubTitle":null,"SupportsFullScreen":true,"Title":null}],"CanAddPage":false,"CanEditPage":false,"CanDeletePage":false,"CanPersonalizePage":true},{"Id":194,"title":"Personal Profile View - Manager","Description":"Personal Profile View - Manager","IsSystemLocked":true,"Name":"Personal Profile View - Manager","IsGuestPage":false,"ParameterJSON":null,"Personalization":null,"Url":"#/dash/profile/personalProfileManager","path":"dash/profile/personalProfileManager","WebPartPageKey":null,"IsEnabled":true,"RPKey":null,"Priority":21,"WebParts":[{"Id":501,"ChromeStyle":7,"Definition":{"WebPartDefinitionKey":"My_Development_Plan","Title":"My Development Plan","Description":"Displays a user's Development Plan","SubTitle":"My Development Plan","WebPartIconName":null,"WidgetNotificationMode":0,"WidgetDeeplinkUrlText":null,"CategoryName":"Common","IsWebPartEnabled":true,"TypeName":null,"WebPartServiceAgentInterfaceTypeName":null,"WebPartDefinitionXml":null,"HideWebPartHeader":false,"HideWebPartFooter":true,"IsFreeFlowing":false,"PillarKey":null,"ChromeStyle":7,"ParameterJSON":"{\"HeaderLinkIcon\": \"\", \"IsCustomEditor\": false, \"PreviewType\" : \"table\"}","TemplatePath":"app/modules/dashboard/views/webparts/widgetDevelopmentPlan.html","IsSystemLocked":false,"Category":{"Id":5,"Name":"Common","CategoryKey":"WebPartDefinition_Common","Description":"Common","ParentId":1,"OrdinalPosition":null},"Id":90},"HeaderColor":"","IsHidden":false,"Layout":"{\"x\":0,\"y\":23,\"width\":78,\"height\":22}","OverrideTemplate":null,"ParameterJSON":"{\"HeaderLinkIcon\":\"\",\"IsCustomEditor\":false,\"PreviewType\":\"table\"}","SubTitle":"My Development Plan","SupportsFullScreen":true,"Title":null},{"Id":502,"ChromeStyle":7,"Definition":{"WebPartDefinitionKey":"TM_MyTeamDevelopmentStatus","Title":"Team Development Status","Description":"Displays direct report development goals and highlights where manager mentoring may be required.","SubTitle":"Development Status for Your Team","WebPartIconName":null,"WidgetNotificationMode":0,"WidgetDeeplinkUrlText":null,"CategoryName":"Talent","IsWebPartEnabled":true,"TypeName":"SumTotal.SPPortal.WebParts.Core.Performance.TeamDevelopmentStatus.TeamDevelopmentStatus, SumTotal.SPPortal.WebParts, Version=1.0.0.0, Culture=neutral, PublicKeyToken=6b7f90fbd13cce01","WebPartServiceAgentInterfaceTypeName":"IPerformanceWebPartContractAsync","WebPartDefinitionXml":null,"HideWebPartHeader":false,"HideWebPartFooter":true,"IsFreeFlowing":false,"PillarKey":"TM","ChromeStyle":7,"ParameterJSON":"{\"HeaderLinkIcon\": \"\", \"IsCustomEditor\": false, \"ChartConfig\":{\"columnMap\":[\"employees\"], \"barType\":\"bar\", \"ChartLabelColumn\":\"name\"},\"PreviewType\":\"barChart\"}","TemplatePath":"app/modules/dashboard/views/webparts/widgetTeamDevelopmentStatus.html","IsSystemLocked":false,"Category":{"Id":6,"Name":"Talent","CategoryKey":"WebPartDefinition_Talent","Description":"Talent","ParentId":1,"OrdinalPosition":null},"Id":54},"HeaderColor":"","IsHidden":false,"Layout":"{\"x\":6,\"y\":0,\"width\":66,\"height\":23}","OverrideTemplate":null,"ParameterJSON":"{\"HeaderLinkIcon\":\"\",\"IsCustomEditor\":false,\"ChartConfig\":{\"columnMap\":[\"employees\"],\"barType\":\"bar\",\"ChartLabelColumn\":\"name\"},\"PreviewType\":\"barChart\"}","SubTitle":"Development Status for Your Team","SupportsFullScreen":true,"Title":null}],"CanAddPage":false,"CanEditPage":false,"CanDeletePage":false,"CanPersonalizePage":true}],"IsSystemLocked":true,"IsEnabled":true,"RPKey":null,"CanViewDashboard":true,"CanAddDashboard":false,"CanEditDashboard":false,"CanDeleteDashboard":false,"CanPersonalizeDashboard":true},{"Id":17,"DefaultPage":{"Id":190,"title":null,"Description":"First Time Experience desc","IsSystemLocked":true,"Name":"First Time Experience","IsGuestPage":false,"ParameterJSON":null,"Personalization":null,"Url":"#/dash/fte","path":null,"WebPartPageKey":null,"IsEnabled":true,"RPKey":null,"Priority":0,"WebParts":[{"Id":301,"ChromeStyle":7,"Definition":{"WebPartDefinitionKey":"Find_Video","Title":"Find a Video","Description":"Provides a launching point to search for videos in the learning library.","SubTitle":null,"WebPartIconName":null,"WidgetNotificationMode":0,"WidgetDeeplinkUrlText":null,"CategoryName":"Enterprise Search Configuration","IsWebPartEnabled":true,"TypeName":null,"WebPartServiceAgentInterfaceTypeName":null,"WebPartDefinitionXml":null,"HideWebPartHeader":false,"HideWebPartFooter":false,"IsFreeFlowing":false,"PillarKey":null,"ChromeStyle":7,"ParameterJSON":"{ \"HeaderLinkIcon\": \"\", \"IsCustomEditor\": false, \"PreviewType\": \"search\", \"WidgetContent\": [\t{ \"contentItem\": \"ENTERPRISE_SEARCH_FIND_VIDEO_CONTENT_ITEM\", \"contentDescription\": \"ENTERPRISE_SEARCH_FIND_VIDEO_CONTENT_DESC\",  \"isLink\": false\t},\t{ \"contentItem\": \"ENTERPRISE_SEARCH_FIND_VIDEO_CONTENT_ITEM_TWO\", \"contentDescription\": \"ENTERPRISE_SEARCH_FIND_VIDEO_CONTENT_DESC_TWO\", \"contentLink\": \"ENTERPRISE_SEARCH_LEARNER_DASHBOARD_LINK\", \"isLink\": true , \"link\": \"/dash/learning\"\t} ], \"icon\":\"fa-video-camera\", \"catalogItem\":\"Video\"\t}","TemplatePath":"app/modules/dashboard/views/searchWidgets/findVideo.html","IsSystemLocked":false,"Category":{"Id":28,"Name":"Enterprise Search Configuration","CategoryKey":"ENTERPRISE_SEARCH","Description":"The category for enterprise search settings","ParentId":0,"OrdinalPosition":"1"},"Id":73},"HeaderColor":null,"IsHidden":false,"Layout":"{\"y\":0,\"x\":1,\"row\":1,\"col\":1}","OverrideTemplate":null,"ParameterJSON":"{\"HeaderLinkIcon\":\"\",\"IsCustomEditor\":false,\"PreviewType\":\"search\",\"WidgetContent\":[{\"contentItem\":\"translationFactory.current.ENTERPRISE_SEARCH_FIND_VIDEO_CONTENT_ITEM\",\"contentDescription\":\"translationFactory.current.ENTERPRISE_SEARCH_FIND_VIDEO_CONTENT_DESC\",\"isLink\":false},{\"contentItem\":\"translationFactory.current.ENTERPRISE_SEARCH_FIND_VIDEO_CONTENT_ITEM_TWO\",\"contentDescription\":\"translationFactory.current.ENTERPRISE_SEARCH_FIND_VIDEO_CONTENT_DESC_TWO\",\"contentLink\":\"translationFactory.current.ENTERPRISE_SEARCH_LEARNER_DASHBOARD_LINK\",\"isLink\":true,\"link\":\"/dash/learning\"}],\"icon\":\"fa-video-camera\",\"catalogItem\":\"Video\"}","SubTitle":null,"SupportsFullScreen":true,"Title":null},{"Id":302,"ChromeStyle":7,"Definition":{"WebPartDefinitionKey":"Find_Person","Title":"Find another Person","Description":"Provides a launching point to search for people.","SubTitle":null,"WebPartIconName":null,"WidgetNotificationMode":0,"WidgetDeeplinkUrlText":null,"CategoryName":"Enterprise Search Configuration","IsWebPartEnabled":true,"TypeName":null,"WebPartServiceAgentInterfaceTypeName":null,"WebPartDefinitionXml":null,"HideWebPartHeader":false,"HideWebPartFooter":false,"IsFreeFlowing":false,"PillarKey":null,"ChromeStyle":7,"ParameterJSON":"{ \"HeaderLinkIcon\": \"\", \"IsCustomEditor\": false, \"PreviewType\": \"search\", \"WidgetContent\": [\t{ \"contentItem\": \"ENTERPRISE_SEARCH_FIND_PERSON_CONTENT_ITEM\", \"contentDescription\": \"ENTERPRISE_SEARCH_FIND_PERSON_CONTENT_DESC\", \"isLink\": false\t} ], \"icon\":\"fa-users\"\t}","TemplatePath":"app/modules/dashboard/views/searchWidgets/findPerson.html","IsSystemLocked":false,"Category":{"Id":28,"Name":"Enterprise Search Configuration","CategoryKey":"ENTERPRISE_SEARCH","Description":"The category for enterprise search settings","ParentId":0,"OrdinalPosition":"1"},"Id":74},"HeaderColor":null,"IsHidden":false,"Layout":"{\"y\":0,\"x\":2,\"row\":0,\"col\":2}","OverrideTemplate":null,"ParameterJSON":"{\"HeaderLinkIcon\":\"\",\"IsCustomEditor\":false,\"PreviewType\":\"search\",\"WidgetContent\":[{\"contentItem\":\"translationFactory.current.ENTERPRISE_SEARCH_FIND_PERSON_CONTENT_ITEM\",\"contentDescription\":\"translationFactory.current.ENTERPRISE_SEARCH_FIND_PERSON_CONTENT_DESC\",\"isLink\":false}],\"icon\":\"fa-users\"}","SubTitle":null,"SupportsFullScreen":true,"Title":null},{"Id":329,"ChromeStyle":7,"Definition":{"WebPartDefinitionKey":"Find_Job","Title":"Find A Job","Description":"Here are a few different ways to find a job:","SubTitle":null,"WebPartIconName":null,"WidgetNotificationMode":0,"WidgetDeeplinkUrlText":null,"CategoryName":"Enterprise Search Configuration","IsWebPartEnabled":true,"TypeName":null,"WebPartServiceAgentInterfaceTypeName":null,"WebPartDefinitionXml":null,"HideWebPartHeader":false,"HideWebPartFooter":false,"IsFreeFlowing":false,"PillarKey":null,"ChromeStyle":7,"ParameterJSON":"{ \"HeaderLinkIcon\": \"\", \"IsCustomEditor\": false, \"PreviewType\": \"search\", \"WidgetContent\": [\t{ \"contentItem\": \"ENTERPRISE_SEARCH_FIND_JOB_CONTENT_ITEM\", \"isLink\": true\t},\t{ \"contentItem\": \"ENTERPRISE_SEARCH_FIND_JOB_CONTENT_ITEM_TWO\", \"contentDescription\": \"ENTERPRISE_SEARCH_FIND_JOB_CONTENT_DESC_TWO\", \"isLink\": false\t} ], \"icon\":\"fa-search\"\t}","TemplatePath":"app/modules/dashboard/views/searchWidgets/findJob.html","IsSystemLocked":false,"Category":{"Id":28,"Name":"Enterprise Search Configuration","CategoryKey":"ENTERPRISE_SEARCH","Description":"The category for enterprise search settings","ParentId":0,"OrdinalPosition":"1"},"Id":86},"HeaderColor":null,"IsHidden":false,"Layout":"{\"y\":1,\"x\":1,\"row\":1,\"col\":0}","OverrideTemplate":null,"ParameterJSON":"{\"HeaderLinkIcon\":\"\",\"IsCustomEditor\":false,\"PreviewType\":\"search\",\"WidgetContent\":[{\"contentItem\":\"translationFactory.current.ENTERPRISE_SEARCH_FIND_JOB_CONTENT_ITEM\",\"isLink\":true},{\"contentItem\":\"translationFactory.current.ENTERPRISE_SEARCH_FIND_JOB_CONTENT_ITEM_TWO\",\"contentDescription\":\"translationFactory.current.ENTERPRISE_SEARCH_FIND_JOB_CONTENT_DESC_TWO\",\"isLink\":false}],\"icon\":\"fa-search\"}","SubTitle":null,"SupportsFullScreen":true,"Title":"Find A Job"},{"Id":383,"ChromeStyle":7,"Definition":{"WebPartDefinitionKey":"Edit_Profile","Title":"Edit Your Profile","Description":"Edit your profile.","SubTitle":null,"WebPartIconName":null,"WidgetNotificationMode":0,"WidgetDeeplinkUrlText":null,"CategoryName":"Enterprise Search Configuration","IsWebPartEnabled":true,"TypeName":null,"WebPartServiceAgentInterfaceTypeName":null,"WebPartDefinitionXml":null,"HideWebPartHeader":false,"HideWebPartFooter":false,"IsFreeFlowing":false,"PillarKey":null,"ChromeStyle":7,"ParameterJSON":"{\"HeaderLinkIcon\": \"\", \"IsCustomEditor\": false, \"PreviewType\" : \"search\", \"WidgetContent\":[{ \"contentItem\": \"ENTERPRISE_SEARCH_EDIT_PROFILE_CONTENT_ITEM\", \"isLink\": true , \"link\" : \"/dash/profile\"\t}], \"icon\":\"fa-user\"}","TemplatePath":"app/modules/dashboard/views/searchWidgets/editProfile.html","IsSystemLocked":false,"Category":{"Id":28,"Name":"Enterprise Search Configuration","CategoryKey":"ENTERPRISE_SEARCH","Description":"The category for enterprise search settings","ParentId":0,"OrdinalPosition":"1"},"Id":77},"HeaderColor":"","IsHidden":false,"Layout":"{\"x\":2,\"y\":1,\"width\":1,\"height\":1,\"max-width\":1,\"max-height\":1,\"row\":0,\"col\":1}","OverrideTemplate":null,"ParameterJSON":"{\"HeaderLinkIcon\":\"\",\"IsCustomEditor\":false,\"PreviewType\":\"search\",\"WidgetContent\":[{\"contentItem\":\"translationFactory.current.ENTERPRISE_SEARCH_EDIT_PROFILE_CONTENT_ITEM\",\"isLink\":true,\"link\":\"/dash/profile\"}],\"icon\":\"fa-user\"}","SubTitle":null,"SupportsFullScreen":false,"Title":null},{"Id":427,"ChromeStyle":7,"Definition":{"WebPartDefinitionKey":"Find_Report","Title":"Find a Report","Description":"Provides a launching point to search for reports.","SubTitle":null,"WebPartIconName":null,"WidgetNotificationMode":0,"WidgetDeeplinkUrlText":null,"CategoryName":"Enterprise Search Configuration","IsWebPartEnabled":true,"TypeName":null,"WebPartServiceAgentInterfaceTypeName":null,"WebPartDefinitionXml":null,"HideWebPartHeader":false,"HideWebPartFooter":false,"IsFreeFlowing":false,"PillarKey":null,"ChromeStyle":7,"ParameterJSON":"{ \"HeaderLinkIcon\": \"\", \"IsCustomEditor\": false, \"PreviewType\": \"search\", \"WidgetContent\": [\t{ \"contentItem\": \"ENTERPRISE_SEARCH_FIND_REPORT_CONTENT_ITEM\", \"isLink\": true\t},\t{ \"contentItem\": \"ENTERPRISE_SEARCH_FIND_REPORT_CONTENT_ITEM_TWO\", \"contentDescription\": \"ENTERPRISE_SEARCH_FIND_REPORT_CONTENT_DESC_TWO\", \"isLink\": false\t} ], \"icon\":\"fa-file-text-o\"\t}","TemplatePath":"app/modules/dashboard/views/searchWidgets/findReport.html","IsSystemLocked":false,"Category":{"Id":28,"Name":"Enterprise Search Configuration","CategoryKey":"ENTERPRISE_SEARCH","Description":"The category for enterprise search settings","ParentId":0,"OrdinalPosition":"1"},"Id":75},"HeaderColor":"","IsHidden":false,"Layout":"{\"col\":2,\"row\":1,\"size_x\":1,\"size_y\":1,\"max_sizex\":1,\"max_sizey\":1}","OverrideTemplate":null,"ParameterJSON":"{\"HeaderLinkIcon\":\"\",\"IsCustomEditor\":false,\"PreviewType\":\"search\",\"WidgetContent\":[{\"contentItem\":\"translationFactory.current.ENTERPRISE_SEARCH_FIND_REPORT_CONTENT_ITEM\",\"isLink\":true},{\"contentItem\":\"translationFactory.current.ENTERPRISE_SEARCH_FIND_REPORT_CONTENT_ITEM_TWO\",\"contentDescription\":\"translationFactory.current.ENTERPRISE_SEARCH_FIND_REPORT_CONTENT_DESC_TWO\",\"isLink\":false}],\"icon\":\"fa-file-text-o\"}","SubTitle":null,"SupportsFullScreen":false,"Title":"Find a Report"},{"Id":428,"ChromeStyle":7,"Definition":{"WebPartDefinitionKey":"Find_Activity","Title":"Find an Activity","Description":"Provides a launching point to search for courses.","SubTitle":null,"WebPartIconName":null,"WidgetNotificationMode":0,"WidgetDeeplinkUrlText":null,"CategoryName":"Enterprise Search Configuration","IsWebPartEnabled":true,"TypeName":null,"WebPartServiceAgentInterfaceTypeName":null,"WebPartDefinitionXml":null,"HideWebPartHeader":false,"HideWebPartFooter":false,"IsFreeFlowing":false,"PillarKey":null,"ChromeStyle":7,"ParameterJSON":"{ \"HeaderLinkIcon\": \"\", \"IsCustomEditor\": false, \"PreviewType\": \"search\", \"WidgetContent\": [\t{ \"contentItem\": \"ENTERPRISE_SEARCH_FIND_ACTIVITY_CONTENT_ITEM\", \"contentDescription\": \"ENTERPRISE_SEARCH_FIND_ACTIVITY_CONTENT_DESC\", \"isLink\": false\t},\t{ \"contentItem\": \"ENTERPRISE_SEARCH_FIND_ACTIVITY_CONTENT_ITEM_TWO\", \"contentDescription\": \"ENTERPRISE_SEARCH_FIND_ACTIVITY_CONTENT_DESC_TWO\", \"contentLink\": \"ENTERPRISE_SEARCH_LEARNER_DASHBOARD_LINK\", \"isLink\": true, \"link\":\"/dash/learning\"\t} ], \"icon\":\"fa-edit\", \"catalogItem\":\"Activity\"\t}","TemplatePath":"app/modules/dashboard/views/searchWidgets/findActivity.html","IsSystemLocked":false,"Category":{"Id":28,"Name":"Enterprise Search Configuration","CategoryKey":"ENTERPRISE_SEARCH","Description":"The category for enterprise search settings","ParentId":0,"OrdinalPosition":"1"},"Id":78},"HeaderColor":"","IsHidden":false,"Layout":"{\"col\":0,\"row\":0,\"size_x\":1,\"size_y\":1,\"max_sizex\":1,\"max_sizey\":1}","OverrideTemplate":null,"ParameterJSON":"{\"HeaderLinkIcon\":\"\",\"IsCustomEditor\":false,\"PreviewType\":\"search\",\"WidgetContent\":[{\"contentItem\":\"translationFactory.current.ENTERPRISE_SEARCH_FIND_ACTIVITY_CONTENT_ITEM\",\"contentDescription\":\"translationFactory.current.ENTERPRISE_SEARCH_FIND_ACTIVITY_CONTENT_DESC\",\"isLink\":false},{\"contentItem\":\"translationFactory.current.ENTERPRISE_SEARCH_FIND_ACTIVITY_CONTENT_ITEM_TWO\",\"contentDescription\":\"translationFactory.current.ENTERPRISE_SEARCH_FIND_ACTIVITY_CONTENT_DESC_TWO\",\"contentLink\":\"translationFactory.current.ENTERPRISE_SEARCH_LEARNER_DASHBOARD_LINK\",\"isLink\":true,\"link\":\"/dash/learning\"}],\"icon\":\"fa-desktop\",\"catalogItem\":\"Activity\"}","SubTitle":null,"SupportsFullScreen":false,"Title":"Find an Activity"}],"CanAddPage":false,"CanEditPage":false,"CanDeletePage":false,"CanPersonalizePage":false},"Description":"First Time Experience desc","Name":"First Time Experience","Url":"#/dash/fte","WebPartPageDefinitionKey":null,"WebPartPages":[{"Id":190,"title":"First Time Experience","Description":"First Time Experience desc","IsSystemLocked":true,"Name":"First Time Experience","IsGuestPage":false,"ParameterJSON":null,"Personalization":null,"Url":"#/dash/fte","path":"dash/fte","WebPartPageKey":null,"IsEnabled":true,"RPKey":null,"Priority":0,"WebParts":[{"Id":301,"ChromeStyle":7,"Definition":{"WebPartDefinitionKey":"Find_Video","Title":"Find a Video","Description":"Provides a launching point to search for videos in the learning library.","SubTitle":null,"WebPartIconName":null,"WidgetNotificationMode":0,"WidgetDeeplinkUrlText":null,"CategoryName":"Enterprise Search Configuration","IsWebPartEnabled":true,"TypeName":null,"WebPartServiceAgentInterfaceTypeName":null,"WebPartDefinitionXml":null,"HideWebPartHeader":false,"HideWebPartFooter":false,"IsFreeFlowing":false,"PillarKey":null,"ChromeStyle":7,"ParameterJSON":"{ \"HeaderLinkIcon\": \"\", \"IsCustomEditor\": false, \"PreviewType\": \"search\", \"WidgetContent\": [\t{ \"contentItem\": \"ENTERPRISE_SEARCH_FIND_VIDEO_CONTENT_ITEM\", \"contentDescription\": \"ENTERPRISE_SEARCH_FIND_VIDEO_CONTENT_DESC\",  \"isLink\": false\t},\t{ \"contentItem\": \"ENTERPRISE_SEARCH_FIND_VIDEO_CONTENT_ITEM_TWO\", \"contentDescription\": \"ENTERPRISE_SEARCH_FIND_VIDEO_CONTENT_DESC_TWO\", \"contentLink\": \"ENTERPRISE_SEARCH_LEARNER_DASHBOARD_LINK\", \"isLink\": true , \"link\": \"/dash/learning\"\t} ], \"icon\":\"fa-video-camera\", \"catalogItem\":\"Video\"\t}","TemplatePath":"app/modules/dashboard/views/searchWidgets/findVideo.html","IsSystemLocked":false,"Category":{"Id":28,"Name":"Enterprise Search Configuration","CategoryKey":"ENTERPRISE_SEARCH","Description":"The category for enterprise search settings","ParentId":0,"OrdinalPosition":"1"},"Id":73},"HeaderColor":null,"IsHidden":false,"Layout":"{\"y\":0,\"x\":1,\"row\":1,\"col\":1}","OverrideTemplate":null,"ParameterJSON":"{\"HeaderLinkIcon\":\"\",\"IsCustomEditor\":false,\"PreviewType\":\"search\",\"WidgetContent\":[{\"contentItem\":\"translationFactory.current.ENTERPRISE_SEARCH_FIND_VIDEO_CONTENT_ITEM\",\"contentDescription\":\"translationFactory.current.ENTERPRISE_SEARCH_FIND_VIDEO_CONTENT_DESC\",\"isLink\":false},{\"contentItem\":\"translationFactory.current.ENTERPRISE_SEARCH_FIND_VIDEO_CONTENT_ITEM_TWO\",\"contentDescription\":\"translationFactory.current.ENTERPRISE_SEARCH_FIND_VIDEO_CONTENT_DESC_TWO\",\"contentLink\":\"translationFactory.current.ENTERPRISE_SEARCH_LEARNER_DASHBOARD_LINK\",\"isLink\":true,\"link\":\"/dash/learning\"}],\"icon\":\"fa-video-camera\",\"catalogItem\":\"Video\"}","SubTitle":null,"SupportsFullScreen":true,"Title":null},{"Id":302,"ChromeStyle":7,"Definition":{"WebPartDefinitionKey":"Find_Person","Title":"Find another Person","Description":"Provides a launching point to search for people.","SubTitle":null,"WebPartIconName":null,"WidgetNotificationMode":0,"WidgetDeeplinkUrlText":null,"CategoryName":"Enterprise Search Configuration","IsWebPartEnabled":true,"TypeName":null,"WebPartServiceAgentInterfaceTypeName":null,"WebPartDefinitionXml":null,"HideWebPartHeader":false,"HideWebPartFooter":false,"IsFreeFlowing":false,"PillarKey":null,"ChromeStyle":7,"ParameterJSON":"{ \"HeaderLinkIcon\": \"\", \"IsCustomEditor\": false, \"PreviewType\": \"search\", \"WidgetContent\": [\t{ \"contentItem\": \"ENTERPRISE_SEARCH_FIND_PERSON_CONTENT_ITEM\", \"contentDescription\": \"ENTERPRISE_SEARCH_FIND_PERSON_CONTENT_DESC\", \"isLink\": false\t} ], \"icon\":\"fa-users\"\t}","TemplatePath":"app/modules/dashboard/views/searchWidgets/findPerson.html","IsSystemLocked":false,"Category":{"Id":28,"Name":"Enterprise Search Configuration","CategoryKey":"ENTERPRISE_SEARCH","Description":"The category for enterprise search settings","ParentId":0,"OrdinalPosition":"1"},"Id":74},"HeaderColor":null,"IsHidden":false,"Layout":"{\"y\":0,\"x\":2,\"row\":0,\"col\":2}","OverrideTemplate":null,"ParameterJSON":"{\"HeaderLinkIcon\":\"\",\"IsCustomEditor\":false,\"PreviewType\":\"search\",\"WidgetContent\":[{\"contentItem\":\"translationFactory.current.ENTERPRISE_SEARCH_FIND_PERSON_CONTENT_ITEM\",\"contentDescription\":\"translationFactory.current.ENTERPRISE_SEARCH_FIND_PERSON_CONTENT_DESC\",\"isLink\":false}],\"icon\":\"fa-users\"}","SubTitle":null,"SupportsFullScreen":true,"Title":null},{"Id":329,"ChromeStyle":7,"Definition":{"WebPartDefinitionKey":"Find_Job","Title":"Find A Job","Description":"Here are a few different ways to find a job:","SubTitle":null,"WebPartIconName":null,"WidgetNotificationMode":0,"WidgetDeeplinkUrlText":null,"CategoryName":"Enterprise Search Configuration","IsWebPartEnabled":true,"TypeName":null,"WebPartServiceAgentInterfaceTypeName":null,"WebPartDefinitionXml":null,"HideWebPartHeader":false,"HideWebPartFooter":false,"IsFreeFlowing":false,"PillarKey":null,"ChromeStyle":7,"ParameterJSON":"{ \"HeaderLinkIcon\": \"\", \"IsCustomEditor\": false, \"PreviewType\": \"search\", \"WidgetContent\": [\t{ \"contentItem\": \"ENTERPRISE_SEARCH_FIND_JOB_CONTENT_ITEM\", \"isLink\": true\t},\t{ \"contentItem\": \"ENTERPRISE_SEARCH_FIND_JOB_CONTENT_ITEM_TWO\", \"contentDescription\": \"ENTERPRISE_SEARCH_FIND_JOB_CONTENT_DESC_TWO\", \"isLink\": false\t} ], \"icon\":\"fa-search\"\t}","TemplatePath":"app/modules/dashboard/views/searchWidgets/findJob.html","IsSystemLocked":false,"Category":{"Id":28,"Name":"Enterprise Search Configuration","CategoryKey":"ENTERPRISE_SEARCH","Description":"The category for enterprise search settings","ParentId":0,"OrdinalPosition":"1"},"Id":86},"HeaderColor":null,"IsHidden":false,"Layout":"{\"y\":1,\"x\":1,\"row\":1,\"col\":0}","OverrideTemplate":null,"ParameterJSON":"{\"HeaderLinkIcon\":\"\",\"IsCustomEditor\":false,\"PreviewType\":\"search\",\"WidgetContent\":[{\"contentItem\":\"translationFactory.current.ENTERPRISE_SEARCH_FIND_JOB_CONTENT_ITEM\",\"isLink\":true},{\"contentItem\":\"translationFactory.current.ENTERPRISE_SEARCH_FIND_JOB_CONTENT_ITEM_TWO\",\"contentDescription\":\"translationFactory.current.ENTERPRISE_SEARCH_FIND_JOB_CONTENT_DESC_TWO\",\"isLink\":false}],\"icon\":\"fa-search\"}","SubTitle":null,"SupportsFullScreen":true,"Title":"Find A Job"},{"Id":383,"ChromeStyle":7,"Definition":{"WebPartDefinitionKey":"Edit_Profile","Title":"Edit Your Profile","Description":"Edit your profile.","SubTitle":null,"WebPartIconName":null,"WidgetNotificationMode":0,"WidgetDeeplinkUrlText":null,"CategoryName":"Enterprise Search Configuration","IsWebPartEnabled":true,"TypeName":null,"WebPartServiceAgentInterfaceTypeName":null,"WebPartDefinitionXml":null,"HideWebPartHeader":false,"HideWebPartFooter":false,"IsFreeFlowing":false,"PillarKey":null,"ChromeStyle":7,"ParameterJSON":"{\"HeaderLinkIcon\": \"\", \"IsCustomEditor\": false, \"PreviewType\" : \"search\", \"WidgetContent\":[{ \"contentItem\": \"ENTERPRISE_SEARCH_EDIT_PROFILE_CONTENT_ITEM\", \"isLink\": true , \"link\" : \"/dash/profile\"\t}], \"icon\":\"fa-user\"}","TemplatePath":"app/modules/dashboard/views/searchWidgets/editProfile.html","IsSystemLocked":false,"Category":{"Id":28,"Name":"Enterprise Search Configuration","CategoryKey":"ENTERPRISE_SEARCH","Description":"The category for enterprise search settings","ParentId":0,"OrdinalPosition":"1"},"Id":77},"HeaderColor":"","IsHidden":false,"Layout":"{\"x\":2,\"y\":1,\"width\":1,\"height\":1,\"max-width\":1,\"max-height\":1,\"row\":0,\"col\":1}","OverrideTemplate":null,"ParameterJSON":"{\"HeaderLinkIcon\":\"\",\"IsCustomEditor\":false,\"PreviewType\":\"search\",\"WidgetContent\":[{\"contentItem\":\"translationFactory.current.ENTERPRISE_SEARCH_EDIT_PROFILE_CONTENT_ITEM\",\"isLink\":true,\"link\":\"/dash/profile\"}],\"icon\":\"fa-user\"}","SubTitle":null,"SupportsFullScreen":false,"Title":null},{"Id":427,"ChromeStyle":7,"Definition":{"WebPartDefinitionKey":"Find_Report","Title":"Find a Report","Description":"Provides a launching point to search for reports.","SubTitle":null,"WebPartIconName":null,"WidgetNotificationMode":0,"WidgetDeeplinkUrlText":null,"CategoryName":"Enterprise Search Configuration","IsWebPartEnabled":true,"TypeName":null,"WebPartServiceAgentInterfaceTypeName":null,"WebPartDefinitionXml":null,"HideWebPartHeader":false,"HideWebPartFooter":false,"IsFreeFlowing":false,"PillarKey":null,"ChromeStyle":7,"ParameterJSON":"{ \"HeaderLinkIcon\": \"\", \"IsCustomEditor\": false, \"PreviewType\": \"search\", \"WidgetContent\": [\t{ \"contentItem\": \"ENTERPRISE_SEARCH_FIND_REPORT_CONTENT_ITEM\", \"isLink\": true\t},\t{ \"contentItem\": \"ENTERPRISE_SEARCH_FIND_REPORT_CONTENT_ITEM_TWO\", \"contentDescription\": \"ENTERPRISE_SEARCH_FIND_REPORT_CONTENT_DESC_TWO\", \"isLink\": false\t} ], \"icon\":\"fa-file-text-o\"\t}","TemplatePath":"app/modules/dashboard/views/searchWidgets/findReport.html","IsSystemLocked":false,"Category":{"Id":28,"Name":"Enterprise Search Configuration","CategoryKey":"ENTERPRISE_SEARCH","Description":"The category for enterprise search settings","ParentId":0,"OrdinalPosition":"1"},"Id":75},"HeaderColor":"","IsHidden":false,"Layout":"{\"col\":2,\"row\":1,\"size_x\":1,\"size_y\":1,\"max_sizex\":1,\"max_sizey\":1}","OverrideTemplate":null,"ParameterJSON":"{\"HeaderLinkIcon\":\"\",\"IsCustomEditor\":false,\"PreviewType\":\"search\",\"WidgetContent\":[{\"contentItem\":\"translationFactory.current.ENTERPRISE_SEARCH_FIND_REPORT_CONTENT_ITEM\",\"isLink\":true},{\"contentItem\":\"translationFactory.current.ENTERPRISE_SEARCH_FIND_REPORT_CONTENT_ITEM_TWO\",\"contentDescription\":\"translationFactory.current.ENTERPRISE_SEARCH_FIND_REPORT_CONTENT_DESC_TWO\",\"isLink\":false}],\"icon\":\"fa-file-text-o\"}","SubTitle":null,"SupportsFullScreen":false,"Title":"Find a Report"},{"Id":428,"ChromeStyle":7,"Definition":{"WebPartDefinitionKey":"Find_Activity","Title":"Find an Activity","Description":"Provides a launching point to search for courses.","SubTitle":null,"WebPartIconName":null,"WidgetNotificationMode":0,"WidgetDeeplinkUrlText":null,"CategoryName":"Enterprise Search Configuration","IsWebPartEnabled":true,"TypeName":null,"WebPartServiceAgentInterfaceTypeName":null,"WebPartDefinitionXml":null,"HideWebPartHeader":false,"HideWebPartFooter":false,"IsFreeFlowing":false,"PillarKey":null,"ChromeStyle":7,"ParameterJSON":"{ \"HeaderLinkIcon\": \"\", \"IsCustomEditor\": false, \"PreviewType\": \"search\", \"WidgetContent\": [\t{ \"contentItem\": \"ENTERPRISE_SEARCH_FIND_ACTIVITY_CONTENT_ITEM\", \"contentDescription\": \"ENTERPRISE_SEARCH_FIND_ACTIVITY_CONTENT_DESC\", \"isLink\": false\t},\t{ \"contentItem\": \"ENTERPRISE_SEARCH_FIND_ACTIVITY_CONTENT_ITEM_TWO\", \"contentDescription\": \"ENTERPRISE_SEARCH_FIND_ACTIVITY_CONTENT_DESC_TWO\", \"contentLink\": \"ENTERPRISE_SEARCH_LEARNER_DASHBOARD_LINK\", \"isLink\": true, \"link\":\"/dash/learning\"\t} ], \"icon\":\"fa-edit\", \"catalogItem\":\"Activity\"\t}","TemplatePath":"app/modules/dashboard/views/searchWidgets/findActivity.html","IsSystemLocked":false,"Category":{"Id":28,"Name":"Enterprise Search Configuration","CategoryKey":"ENTERPRISE_SEARCH","Description":"The category for enterprise search settings","ParentId":0,"OrdinalPosition":"1"},"Id":78},"HeaderColor":"","IsHidden":false,"Layout":"{\"col\":0,\"row\":0,\"size_x\":1,\"size_y\":1,\"max_sizex\":1,\"max_sizey\":1}","OverrideTemplate":null,"ParameterJSON":"{\"HeaderLinkIcon\":\"\",\"IsCustomEditor\":false,\"PreviewType\":\"search\",\"WidgetContent\":[{\"contentItem\":\"translationFactory.current.ENTERPRISE_SEARCH_FIND_ACTIVITY_CONTENT_ITEM\",\"contentDescription\":\"translationFactory.current.ENTERPRISE_SEARCH_FIND_ACTIVITY_CONTENT_DESC\",\"isLink\":false},{\"contentItem\":\"translationFactory.current.ENTERPRISE_SEARCH_FIND_ACTIVITY_CONTENT_ITEM_TWO\",\"contentDescription\":\"translationFactory.current.ENTERPRISE_SEARCH_FIND_ACTIVITY_CONTENT_DESC_TWO\",\"contentLink\":\"translationFactory.current.ENTERPRISE_SEARCH_LEARNER_DASHBOARD_LINK\",\"isLink\":true,\"link\":\"/dash/learning\"}],\"icon\":\"fa-desktop\",\"catalogItem\":\"Activity\"}","SubTitle":null,"SupportsFullScreen":false,"Title":"Find an Activity"}],"CanAddPage":false,"CanEditPage":false,"CanDeletePage":false,"CanPersonalizePage":true}],"IsSystemLocked":true,"IsEnabled":true,"RPKey":null,"CanViewDashboard":true,"CanAddDashboard":false,"CanEditDashboard":false,"CanDeleteDashboard":false,"CanPersonalizeDashboard":true},{"Id":23,"DefaultPage":{"Id":203,"title":"Team Metrics","Description":"BSD Test","IsSystemLocked":false,"Name":"Team Metrics","IsGuestPage":false,"ParameterJSON":null,"Personalization":null,"Url":"#/dash/BSDTest/initial","path":"dash/BSDTest","WebPartPageKey":null,"IsEnabled":true,"RPKey":null,"Priority":0,"WebParts":[],"CanAddPage":false,"CanEditPage":false,"CanDeletePage":false,"CanPersonalizePage":false},"Description":"Safe to delete","Name":"Embedded Reporting","Url":"#/dash/BSDTest","WebPartPageDefinitionKey":null,"WebPartPages":[{"Id":238,"title":"Position Status","Description":"Position Status","IsSystemLocked":false,"Name":"Position Status","IsGuestPage":false,"ParameterJSON":null,"Personalization":null,"Url":"#/dash/BSDTest/Position_Status","path":"dash/BSDTest/Position_Status","WebPartPageKey":null,"IsEnabled":true,"RPKey":null,"Priority":0,"WebParts":[{"Id":435,"ChromeStyle":7,"Definition":{"WebPartDefinitionKey":"my_reports","Title":"Embedded Report","Description":"Pins a report from Advanced Reporting on the dashboard.","SubTitle":"Advanced Reporting","WebPartIconName":null,"WidgetNotificationMode":0,"WidgetDeeplinkUrlText":null,"CategoryName":"Portal","IsWebPartEnabled":true,"TypeName":null,"WebPartServiceAgentInterfaceTypeName":null,"WebPartDefinitionXml":null,"HideWebPartHeader":false,"HideWebPartFooter":false,"IsFreeFlowing":false,"PillarKey":"AdvancedReport","ChromeStyle":7,"ParameterJSON":"{\"HeaderLinkIcon\": \"\", \"IsCustomEditor\": false, \"PreviewType\" : \"report\", \"reportUrl\": \"\", \"showToolbar\":\"\"}","TemplatePath":"app/modules/dashboard/views/webparts/MyReport.html","IsSystemLocked":false,"Category":{"Id":1,"Name":"Portal","CategoryKey":"TRANSLATIONS_PORTAL","Description":"The root category to store translation strings for the Portal.","ParentId":0,"OrdinalPosition":"1"},"Id":88},"HeaderColor":"","IsHidden":false,"Layout":"{\"x\":0,\"y\":23,\"width\":97,\"height\":20}","OverrideTemplate":null,"ParameterJSON":"{\"HeaderLinkIcon\":\"\",\"IsCustomEditor\":false,\"PreviewType\":\"report\",\"reportUrl\":\"/Custom/Reports/2017_LATAM_Internal_Readiness_Report\",\"showToolbar\":\"\"}","SubTitle":"Advanced Reporting","SupportsFullScreen":true,"Title":"APAC Internal Candidate Readiness"},{"Id":436,"ChromeStyle":7,"Definition":{"WebPartDefinitionKey":"my_reports","Title":"Embedded Report","Description":"Pins a report from Advanced Reporting on the dashboard.","SubTitle":"Advanced Reporting","WebPartIconName":null,"WidgetNotificationMode":0,"WidgetDeeplinkUrlText":null,"CategoryName":"Portal","IsWebPartEnabled":true,"TypeName":null,"WebPartServiceAgentInterfaceTypeName":null,"WebPartDefinitionXml":null,"HideWebPartHeader":false,"HideWebPartFooter":false,"IsFreeFlowing":false,"PillarKey":"AdvancedReport","ChromeStyle":7,"ParameterJSON":"{\"HeaderLinkIcon\": \"\", \"IsCustomEditor\": false, \"PreviewType\" : \"report\", \"reportUrl\": \"\", \"showToolbar\":\"\"}","TemplatePath":"app/modules/dashboard/views/webparts/MyReport.html","IsSystemLocked":false,"Category":{"Id":1,"Name":"Portal","CategoryKey":"TRANSLATIONS_PORTAL","Description":"The root category to store translation strings for the Portal.","ParentId":0,"OrdinalPosition":"1"},"Id":88},"HeaderColor":"","IsHidden":false,"Layout":"{\"x\":0,\"y\":0,\"width\":23,\"height\":23}","OverrideTemplate":null,"ParameterJSON":"{\"HeaderLinkIcon\":\"\",\"IsCustomEditor\":false,\"PreviewType\":\"report\",\"reportUrl\":\"/Custom/Reports/2016_Successors\",\"showToolbar\":\"\"}","SubTitle":"Advanced Reporting","SupportsFullScreen":true,"Title":"Successor Readiness"},{"Id":437,"ChromeStyle":7,"Definition":{"WebPartDefinitionKey":"my_reports","Title":"Embedded Report","Description":"Pins a report from Advanced Reporting on the dashboard.","SubTitle":"Advanced Reporting","WebPartIconName":null,"WidgetNotificationMode":0,"WidgetDeeplinkUrlText":null,"CategoryName":"Portal","IsWebPartEnabled":true,"TypeName":null,"WebPartServiceAgentInterfaceTypeName":null,"WebPartDefinitionXml":null,"HideWebPartHeader":false,"HideWebPartFooter":false,"IsFreeFlowing":false,"PillarKey":"AdvancedReport","ChromeStyle":7,"ParameterJSON":"{\"HeaderLinkIcon\": \"\", \"IsCustomEditor\": false, \"PreviewType\" : \"report\", \"reportUrl\": \"\", \"showToolbar\":\"\"}","TemplatePath":"app/modules/dashboard/views/webparts/MyReport.html","IsSystemLocked":false,"Category":{"Id":1,"Name":"Portal","CategoryKey":"TRANSLATIONS_PORTAL","Description":"The root category to store translation strings for the Portal.","ParentId":0,"OrdinalPosition":"1"},"Id":88},"HeaderColor":"","IsHidden":false,"Layout":"{\"x\":23,\"y\":0,\"width\":74,\"height\":23}","OverrideTemplate":null,"ParameterJSON":"{\"HeaderLinkIcon\":\"\",\"IsCustomEditor\":false,\"PreviewType\":\"report\",\"reportUrl\":\"/Custom/Reports/2016_Position_Fill\",\"showToolbar\":\"\"}","SubTitle":"Advanced Reporting","SupportsFullScreen":true,"Title":"Position Fill"}],"CanAddPage":false,"CanEditPage":false,"CanDeletePage":false,"CanPersonalizePage":true},{"Id":240,"title":"Compliance","Description":"Compliance Information by Organization and Critical Certifications","IsSystemLocked":false,"Name":"Compliance","IsGuestPage":false,"ParameterJSON":null,"Personalization":null,"Url":"#/dash/BSDTest/Compliance_Metrics","path":"dash/BSDTest/Compliance_Metrics","WebPartPageKey":null,"IsEnabled":true,"RPKey":null,"Priority":0,"WebParts":[{"Id":448,"ChromeStyle":7,"Definition":{"WebPartDefinitionKey":"my_reports","Title":"Embedded Report","Description":"Pins a report from Advanced Reporting on the dashboard.","SubTitle":"Advanced Reporting","WebPartIconName":null,"WidgetNotificationMode":0,"WidgetDeeplinkUrlText":null,"CategoryName":"Portal","IsWebPartEnabled":true,"TypeName":null,"WebPartServiceAgentInterfaceTypeName":null,"WebPartDefinitionXml":null,"HideWebPartHeader":false,"HideWebPartFooter":false,"IsFreeFlowing":false,"PillarKey":"AdvancedReport","ChromeStyle":7,"ParameterJSON":"{\"HeaderLinkIcon\": \"\", \"IsCustomEditor\": false, \"PreviewType\" : \"report\", \"reportUrl\": \"\", \"showToolbar\":\"\"}","TemplatePath":"app/modules/dashboard/views/webparts/MyReport.html","IsSystemLocked":false,"Category":{"Id":1,"Name":"Portal","CategoryKey":"TRANSLATIONS_PORTAL","Description":"The root category to store translation strings for the Portal.","ParentId":0,"OrdinalPosition":"1"},"Id":88},"HeaderColor":"","IsHidden":false,"Layout":"{\"x\":0,\"y\":0,\"width\":37,\"height\":39}","OverrideTemplate":null,"ParameterJSON":"{\"HeaderLinkIcon\":\"\",\"IsCustomEditor\":false,\"PreviewType\":\"report\",\"reportUrl\":\"/Custom/Reports/2017_Organization_Certification_Compliance\",\"showToolbar\":\"\"}","SubTitle":"Advanced Reporting","SupportsFullScreen":true,"Title":"Certification Exceptions by Organization"},{"Id":449,"ChromeStyle":7,"Definition":{"WebPartDefinitionKey":"my_reports","Title":"Embedded Report","Description":"Pins a report from Advanced Reporting on the dashboard.","SubTitle":"Advanced Reporting","WebPartIconName":null,"WidgetNotificationMode":0,"WidgetDeeplinkUrlText":null,"CategoryName":"Portal","IsWebPartEnabled":true,"TypeName":null,"WebPartServiceAgentInterfaceTypeName":null,"WebPartDefinitionXml":null,"HideWebPartHeader":false,"HideWebPartFooter":false,"IsFreeFlowing":false,"PillarKey":"AdvancedReport","ChromeStyle":7,"ParameterJSON":"{\"HeaderLinkIcon\": \"\", \"IsCustomEditor\": false, \"PreviewType\" : \"report\", \"reportUrl\": \"\", \"showToolbar\":\"\"}","TemplatePath":"app/modules/dashboard/views/webparts/MyReport.html","IsSystemLocked":false,"Category":{"Id":1,"Name":"Portal","CategoryKey":"TRANSLATIONS_PORTAL","Description":"The root category to store translation strings for the Portal.","ParentId":0,"OrdinalPosition":"1"},"Id":88},"HeaderColor":"","IsHidden":false,"Layout":"{\"x\":38,\"y\":0,\"width\":61,\"height\":39}","OverrideTemplate":null,"ParameterJSON":"{\"HeaderLinkIcon\":\"\",\"IsCustomEditor\":false,\"PreviewType\":\"report\",\"reportUrl\":\"/Custom/Reports/2017_Critical_Certification_Compliance_Report\",\"showToolbar\":\"\"}","SubTitle":"Advanced Reporting","SupportsFullScreen":true,"Title":"Days Until Expiration"}],"CanAddPage":false,"CanEditPage":false,"CanDeletePage":false,"CanPersonalizePage":true}],"IsSystemLocked":false,"IsEnabled":true,"RPKey":null,"CanViewDashboard":true,"CanAddDashboard":false,"CanEditDashboard":false,"CanDeleteDashboard":false,"CanPersonalizeDashboard":true},{"Id":26,"DefaultPage":{"Id":233,"title":"What's New","Description":"What's New","IsSystemLocked":false,"Name":"What's New","IsGuestPage":false,"ParameterJSON":null,"Personalization":null,"Url":"#/dash/wn-pe/initial","path":"dash/wn-pe","WebPartPageKey":null,"IsEnabled":true,"RPKey":null,"Priority":0,"WebParts":[{"Id":419,"ChromeStyle":7,"Definition":{"WebPartDefinitionKey":"LM_PromotedActivities","Title":"Promoted Activities","Description":"Displays the Promoted Activities","SubTitle":null,"WebPartIconName":null,"WidgetNotificationMode":0,"WidgetDeeplinkUrlText":null,"CategoryName":"Learning","IsWebPartEnabled":true,"TypeName":"SumTotal.SPPortal.WebParts.Core.Learning.PromotedActivities.PromotedActivities, SumTotal.SPPortal.WebParts, Version=1.0.0.0, Culture=neutral, PublicKeyToken=6b7f90fbd13cce01","WebPartServiceAgentInterfaceTypeName":"ILMWebPartContractAsync","WebPartDefinitionXml":null,"HideWebPartHeader":false,"HideWebPartFooter":false,"IsFreeFlowing":false,"PillarKey":"LM","ChromeStyle":7,"ParameterJSON":"{\"HeaderLinkIcon\": \"\", \"IsCustomEditor\": false, \"PreviewType\" : \"configTextField\", \"Config\":{\"Name\":\"LearningActivityCodes\",\"Value\":\"\"}}","TemplatePath":"app/modules/dashboard/views/webparts/widgetPromotedActivities.html","IsSystemLocked":false,"Category":{"Id":8,"Name":"Learning","CategoryKey":"WebPartDefinition_Learning","Description":"Learning","ParentId":1,"OrdinalPosition":null},"Id":79},"HeaderColor":"","IsHidden":false,"Layout":"{\"x\":0,\"y\":0,\"width\":98,\"height\":26}","OverrideTemplate":null,"ParameterJSON":"{\"HeaderLinkIcon\":\"\",\"IsCustomEditor\":false,\"PreviewType\":\"configTextField\",\"Config\":{\"Name\":\"LearningActivityCodes\",\"Value\":\"aba_01_a02_bs_enus,pd_32_a03_bs_enus,apd_14_a02_bs_enus\"}}","SubTitle":null,"SupportsFullScreen":true,"Title":null},{"Id":422,"ChromeStyle":7,"Definition":{"WebPartDefinitionKey":"LM_TopRatedContent","Title":"Top Rated Content","Description":"Displays the five highest rated learning activities available to the user.","SubTitle":"Top rated learning activities","WebPartIconName":null,"WidgetNotificationMode":1,"WidgetDeeplinkUrlText":"View All Top Rated Content","CategoryName":"Learning","IsWebPartEnabled":true,"TypeName":"SumTotal.SPPortal.WebParts.Core.Learning.TopRatedContent.TopRatedContent, SumTotal.SPPortal.WebParts, Version=1.0.0.0, Culture=neutral, PublicKeyToken=6b7f90fbd13cce01","WebPartServiceAgentInterfaceTypeName":"ILMWebPartContractAsync","WebPartDefinitionXml":null,"HideWebPartHeader":false,"HideWebPartFooter":true,"IsFreeFlowing":false,"PillarKey":"LM","ChromeStyle":7,"ParameterJSON":"{\"HeaderLinkIcon\": \"\", \"IsCustomEditor\": false, \"PreviewType\" : \"table\"}","TemplatePath":"app/modules/dashboard/views/webparts/widgetTopRatedContent.html","IsSystemLocked":false,"Category":{"Id":8,"Name":"Learning","CategoryKey":"WebPartDefinition_Learning","Description":"Learning","ParentId":1,"OrdinalPosition":null},"Id":7},"HeaderColor":"","IsHidden":false,"Layout":"{\"x\":0,\"y\":26,\"width\":98,\"height\":25}","OverrideTemplate":null,"ParameterJSON":"{\"HeaderLinkIcon\":\"\",\"IsCustomEditor\":false,\"PreviewType\":\"table\"}","SubTitle":"Top rated learning activities","SupportsFullScreen":true,"Title":null}],"CanAddPage":false,"CanEditPage":false,"CanDeletePage":false,"CanPersonalizePage":false},"Description":"Promoted Activities","Name":"What's New","Url":"#/dash/wn-pe","WebPartPageDefinitionKey":null,"WebPartPages":[{"Id":233,"title":"What's New","Description":"What's New","IsSystemLocked":false,"Name":"What's New","IsGuestPage":false,"ParameterJSON":null,"Personalization":null,"Url":"#/dash/wn-pe/initial","path":"dash/wn-pe/initial","WebPartPageKey":null,"IsEnabled":true,"RPKey":null,"Priority":0,"WebParts":[{"Id":419,"ChromeStyle":7,"Definition":{"WebPartDefinitionKey":"LM_PromotedActivities","Title":"Promoted Activities","Description":"Displays the Promoted Activities","SubTitle":null,"WebPartIconName":null,"WidgetNotificationMode":0,"WidgetDeeplinkUrlText":null,"CategoryName":"Learning","IsWebPartEnabled":true,"TypeName":"SumTotal.SPPortal.WebParts.Core.Learning.PromotedActivities.PromotedActivities, SumTotal.SPPortal.WebParts, Version=1.0.0.0, Culture=neutral, PublicKeyToken=6b7f90fbd13cce01","WebPartServiceAgentInterfaceTypeName":"ILMWebPartContractAsync","WebPartDefinitionXml":null,"HideWebPartHeader":false,"HideWebPartFooter":false,"IsFreeFlowing":false,"PillarKey":"LM","ChromeStyle":7,"ParameterJSON":"{\"HeaderLinkIcon\": \"\", \"IsCustomEditor\": false, \"PreviewType\" : \"configTextField\", \"Config\":{\"Name\":\"LearningActivityCodes\",\"Value\":\"\"}}","TemplatePath":"app/modules/dashboard/views/webparts/widgetPromotedActivities.html","IsSystemLocked":false,"Category":{"Id":8,"Name":"Learning","CategoryKey":"WebPartDefinition_Learning","Description":"Learning","ParentId":1,"OrdinalPosition":null},"Id":79},"HeaderColor":"","IsHidden":false,"Layout":"{\"x\":0,\"y\":0,\"width\":98,\"height\":26}","OverrideTemplate":null,"ParameterJSON":"{\"HeaderLinkIcon\":\"\",\"IsCustomEditor\":false,\"PreviewType\":\"configTextField\",\"Config\":{\"Name\":\"LearningActivityCodes\",\"Value\":\"aba_01_a02_bs_enus,pd_32_a03_bs_enus,apd_14_a02_bs_enus\"}}","SubTitle":null,"SupportsFullScreen":true,"Title":null},{"Id":422,"ChromeStyle":7,"Definition":{"WebPartDefinitionKey":"LM_TopRatedContent","Title":"Top Rated Content","Description":"Displays the five highest rated learning activities available to the user.","SubTitle":"Top rated learning activities","WebPartIconName":null,"WidgetNotificationMode":1,"WidgetDeeplinkUrlText":"View All Top Rated Content","CategoryName":"Learning","IsWebPartEnabled":true,"TypeName":"SumTotal.SPPortal.WebParts.Core.Learning.TopRatedContent.TopRatedContent, SumTotal.SPPortal.WebParts, Version=1.0.0.0, Culture=neutral, PublicKeyToken=6b7f90fbd13cce01","WebPartServiceAgentInterfaceTypeName":"ILMWebPartContractAsync","WebPartDefinitionXml":null,"HideWebPartHeader":false,"HideWebPartFooter":true,"IsFreeFlowing":false,"PillarKey":"LM","ChromeStyle":7,"ParameterJSON":"{\"HeaderLinkIcon\": \"\", \"IsCustomEditor\": false, \"PreviewType\" : \"table\"}","TemplatePath":"app/modules/dashboard/views/webparts/widgetTopRatedContent.html","IsSystemLocked":false,"Category":{"Id":8,"Name":"Learning","CategoryKey":"WebPartDefinition_Learning","Description":"Learning","ParentId":1,"OrdinalPosition":null},"Id":7},"HeaderColor":"","IsHidden":false,"Layout":"{\"x\":0,\"y\":26,\"width\":98,\"height\":25}","OverrideTemplate":null,"ParameterJSON":"{\"HeaderLinkIcon\":\"\",\"IsCustomEditor\":false,\"PreviewType\":\"table\"}","SubTitle":"Top rated learning activities","SupportsFullScreen":true,"Title":null}],"CanAddPage":false,"CanEditPage":false,"CanDeletePage":false,"CanPersonalizePage":true}],"IsSystemLocked":false,"IsEnabled":true,"RPKey":null,"CanViewDashboard":true,"CanAddDashboard":false,"CanEditDashboard":false,"CanDeleteDashboard":false,"CanPersonalizeDashboard":true},{"Id":27,"DefaultPage":{"Id":234,"title":"Recommended Training","Description":"Recommended Training","IsSystemLocked":false,"Name":"Recommended Training","IsGuestPage":false,"ParameterJSON":null,"Personalization":null,"Url":"#/dash/rl/initial","path":"dash/rl","WebPartPageKey":null,"IsEnabled":true,"RPKey":null,"Priority":0,"WebParts":[{"Id":421,"ChromeStyle":7,"Definition":{"WebPartDefinitionKey":"LM_Recommendation","Title":"Recommended Courses","Description":"Displays recommended learning based on your interests, your required skills, and suggestions from others in your organization.","SubTitle":null,"WebPartIconName":null,"WidgetNotificationMode":0,"WidgetDeeplinkUrlText":null,"CategoryName":"Learning","IsWebPartEnabled":true,"TypeName":null,"WebPartServiceAgentInterfaceTypeName":null,"WebPartDefinitionXml":null,"HideWebPartHeader":false,"HideWebPartFooter":true,"IsFreeFlowing":false,"PillarKey":"LM","ChromeStyle":7,"ParameterJSON":"{\"HeaderLinkIcon\": \"\", \"IsCustomEditor\": false, \"PreviewType\" : \"table\"}","TemplatePath":"app/modules/dashboard/views/webparts/widgetRecommendation.html","IsSystemLocked":false,"Category":{"Id":8,"Name":"Learning","CategoryKey":"WebPartDefinition_Learning","Description":"Learning","ParentId":1,"OrdinalPosition":null},"Id":70},"HeaderColor":"","IsHidden":false,"Layout":"{\"x\":0,\"y\":0,\"width\":\"98\",\"height\":20}","OverrideTemplate":null,"ParameterJSON":"{\"HeaderLinkIcon\":\"\",\"IsCustomEditor\":false,\"PreviewType\":\"table\"}","SubTitle":null,"SupportsFullScreen":true,"Title":null}],"CanAddPage":false,"CanEditPage":false,"CanDeletePage":false,"CanPersonalizePage":false},"Description":"Recommended Learning","Name":"Recommendations","Url":"#/dash/rl","WebPartPageDefinitionKey":null,"WebPartPages":[{"Id":234,"title":"Recommended Training","Description":"Recommended Training","IsSystemLocked":false,"Name":"Recommended Training","IsGuestPage":false,"ParameterJSON":null,"Personalization":null,"Url":"#/dash/rl/initial","path":"dash/rl/initial","WebPartPageKey":null,"IsEnabled":true,"RPKey":null,"Priority":0,"WebParts":[{"Id":421,"ChromeStyle":7,"Definition":{"WebPartDefinitionKey":"LM_Recommendation","Title":"Recommended Courses","Description":"Displays recommended learning based on your interests, your required skills, and suggestions from others in your organization.","SubTitle":null,"WebPartIconName":null,"WidgetNotificationMode":0,"WidgetDeeplinkUrlText":null,"CategoryName":"Learning","IsWebPartEnabled":true,"TypeName":null,"WebPartServiceAgentInterfaceTypeName":null,"WebPartDefinitionXml":null,"HideWebPartHeader":false,"HideWebPartFooter":true,"IsFreeFlowing":false,"PillarKey":"LM","ChromeStyle":7,"ParameterJSON":"{\"HeaderLinkIcon\": \"\", \"IsCustomEditor\": false, \"PreviewType\" : \"table\"}","TemplatePath":"app/modules/dashboard/views/webparts/widgetRecommendation.html","IsSystemLocked":false,"Category":{"Id":8,"Name":"Learning","CategoryKey":"WebPartDefinition_Learning","Description":"Learning","ParentId":1,"OrdinalPosition":null},"Id":70},"HeaderColor":"","IsHidden":false,"Layout":"{\"x\":0,\"y\":0,\"width\":\"98\",\"height\":20}","OverrideTemplate":null,"ParameterJSON":"{\"HeaderLinkIcon\":\"\",\"IsCustomEditor\":false,\"PreviewType\":\"table\"}","SubTitle":null,"SupportsFullScreen":true,"Title":null}],"CanAddPage":false,"CanEditPage":false,"CanDeletePage":false,"CanPersonalizePage":true}],"IsSystemLocked":false,"IsEnabled":true,"RPKey":null,"CanViewDashboard":true,"CanAddDashboard":false,"CanEditDashboard":false,"CanDeleteDashboard":false,"CanPersonalizeDashboard":true},{"Id":29,"DefaultPage":{"Id":236,"title":"Aggregation","Description":"Aggregation","IsSystemLocked":false,"Name":"Aggregation","IsGuestPage":false,"ParameterJSON":null,"Personalization":null,"Url":"#/dash/aggregation/initial","path":"dash/aggregation","WebPartPageKey":null,"IsEnabled":true,"RPKey":null,"Priority":6,"WebParts":[{"Id":423,"ChromeStyle":0,"Definition":{"WebPartDefinitionKey":"Common_ContentEditor","Title":"Content Editor","Description":"Enables users to add custom HTML to a dashboard.","SubTitle":"Content Editor Widget","WebPartIconName":null,"WidgetNotificationMode":0,"WidgetDeeplinkUrlText":null,"CategoryName":"Common","IsWebPartEnabled":true,"TypeName":null,"WebPartServiceAgentInterfaceTypeName":null,"WebPartDefinitionXml":null,"HideWebPartHeader":false,"HideWebPartFooter":true,"IsFreeFlowing":false,"PillarKey":null,"ChromeStyle":7,"ParameterJSON":"{\"HeaderLinkIcon\": \"\", \"IsCustomEditor\": true, \"PreviewType\" : \"iframe\"}","TemplatePath":"app/modules/dashboard/views/webparts/widgetContentEditor.html","IsSystemLocked":false,"Category":{"Id":5,"Name":"Common","CategoryKey":"WebPartDefinition_Common","Description":"Common","ParentId":1,"OrdinalPosition":null},"Id":60},"HeaderColor":"","IsHidden":false,"Layout":"{\"x\":0,\"y\":0,\"width\":20,\"height\":20}","OverrideTemplate":"&lt;iframe src=&quot;https://supp-saux.sumtotaldemo.net/SA_UX/Master/Content-Aggregator/index.html&quot; class=&quot;sumt-webpart-iframe&quot;&gt;&lt;/iframe&gt;","ParameterJSON":"{\"HeaderLinkIcon\":\"\",\"IsCustomEditor\":true,\"PreviewType\":\"iframe\",\"fullScreen\":true}","SubTitle":"Content Editor Widget","SupportsFullScreen":true,"Title":null},{"Id":494,"ChromeStyle":7,"Definition":{"WebPartDefinitionKey":"About_Me","Title":"About Me","Description":"Displays key profile information about the employee.","SubTitle":"Photo, email and employment information","WebPartIconName":null,"WidgetNotificationMode":0,"WidgetDeeplinkUrlText":"View my profile","CategoryName":"Common","IsWebPartEnabled":true,"TypeName":"SumTotal.SPPortal.WebParts.Core.MySelf.AboutMe.AboutMe, SumTotal.SPPortal.WebParts, Version=1.0.0.0, Culture=neutral, PublicKeyToken=6b7f90fbd13cce01","WebPartServiceAgentInterfaceTypeName":null,"WebPartDefinitionXml":null,"HideWebPartHeader":true,"HideWebPartFooter":true,"IsFreeFlowing":false,"PillarKey":null,"ChromeStyle":7,"ParameterJSON":"{\"HeaderLinkIcon\": \"\", \"IsCustomEditor\": false, \"PreviewType\" : \"aboutme\"}","TemplatePath":"app/modules/dashboard/views/webparts/widgetAboutMe.html","IsSystemLocked":false,"Category":{"Id":5,"Name":"Common","CategoryKey":"WebPartDefinition_Common","Description":"Common","ParentId":1,"OrdinalPosition":null},"Id":43},"HeaderColor":"","IsHidden":false,"Layout":"{\"x\":20,\"y\":0,\"width\":25,\"height\":20}","OverrideTemplate":null,"ParameterJSON":"{\"HeaderLinkIcon\":\"\",\"IsCustomEditor\":false,\"PreviewType\":\"aboutme\"}","SubTitle":"Photo, email and employment information","SupportsFullScreen":true,"Title":null}],"CanAddPage":false,"CanEditPage":false,"CanDeletePage":false,"CanPersonalizePage":false},"Description":"Aggregation of External Content","Name":"Aggregation","Url":"#/dash/aggregation","WebPartPageDefinitionKey":null,"WebPartPages":[{"Id":236,"title":"Aggregation","Description":"Aggregation","IsSystemLocked":false,"Name":"Aggregation","IsGuestPage":false,"ParameterJSON":null,"Personalization":null,"Url":"#/dash/aggregation/initial","path":"dash/aggregation/initial","WebPartPageKey":null,"IsEnabled":true,"RPKey":null,"Priority":6,"WebParts":[{"Id":423,"ChromeStyle":0,"Definition":{"WebPartDefinitionKey":"Common_ContentEditor","Title":"Content Editor","Description":"Enables users to add custom HTML to a dashboard.","SubTitle":"Content Editor Widget","WebPartIconName":null,"WidgetNotificationMode":0,"WidgetDeeplinkUrlText":null,"CategoryName":"Common","IsWebPartEnabled":true,"TypeName":null,"WebPartServiceAgentInterfaceTypeName":null,"WebPartDefinitionXml":null,"HideWebPartHeader":false,"HideWebPartFooter":true,"IsFreeFlowing":false,"PillarKey":null,"ChromeStyle":7,"ParameterJSON":"{\"HeaderLinkIcon\": \"\", \"IsCustomEditor\": true, \"PreviewType\" : \"iframe\"}","TemplatePath":"app/modules/dashboard/views/webparts/widgetContentEditor.html","IsSystemLocked":false,"Category":{"Id":5,"Name":"Common","CategoryKey":"WebPartDefinition_Common","Description":"Common","ParentId":1,"OrdinalPosition":null},"Id":60},"HeaderColor":"","IsHidden":false,"Layout":"{\"x\":0,\"y\":0,\"width\":20,\"height\":20}","OverrideTemplate":"&lt;iframe src=&quot;https://supp-saux.sumtotaldemo.net/SA_UX/Master/Content-Aggregator/index.html&quot; class=&quot;sumt-webpart-iframe&quot;&gt;&lt;/iframe&gt;","ParameterJSON":"{\"HeaderLinkIcon\":\"\",\"IsCustomEditor\":true,\"PreviewType\":\"iframe\",\"fullScreen\":true}","SubTitle":"Content Editor Widget","SupportsFullScreen":true,"Title":null},{"Id":494,"ChromeStyle":7,"Definition":{"WebPartDefinitionKey":"About_Me","Title":"About Me","Description":"Displays key profile information about the employee.","SubTitle":"Photo, email and employment information","WebPartIconName":null,"WidgetNotificationMode":0,"WidgetDeeplinkUrlText":"View my profile","CategoryName":"Common","IsWebPartEnabled":true,"TypeName":"SumTotal.SPPortal.WebParts.Core.MySelf.AboutMe.AboutMe, SumTotal.SPPortal.WebParts, Version=1.0.0.0, Culture=neutral, PublicKeyToken=6b7f90fbd13cce01","WebPartServiceAgentInterfaceTypeName":null,"WebPartDefinitionXml":null,"HideWebPartHeader":true,"HideWebPartFooter":true,"IsFreeFlowing":false,"PillarKey":null,"ChromeStyle":7,"ParameterJSON":"{\"HeaderLinkIcon\": \"\", \"IsCustomEditor\": false, \"PreviewType\" : \"aboutme\"}","TemplatePath":"app/modules/dashboard/views/webparts/widgetAboutMe.html","IsSystemLocked":false,"Category":{"Id":5,"Name":"Common","CategoryKey":"WebPartDefinition_Common","Description":"Common","ParentId":1,"OrdinalPosition":null},"Id":43},"HeaderColor":"","IsHidden":false,"Layout":"{\"x\":20,\"y\":0,\"width\":25,\"height\":20}","OverrideTemplate":null,"ParameterJSON":"{\"HeaderLinkIcon\":\"\",\"IsCustomEditor\":false,\"PreviewType\":\"aboutme\"}","SubTitle":"Photo, email and employment information","SupportsFullScreen":true,"Title":null}],"CanAddPage":false,"CanEditPage":false,"CanDeletePage":false,"CanPersonalizePage":true}],"IsSystemLocked":false,"IsEnabled":true,"RPKey":null,"CanViewDashboard":true,"CanAddDashboard":false,"CanEditDashboard":false,"CanDeleteDashboard":false,"CanPersonalizeDashboard":true},{"Id":30,"DefaultPage":{"Id":237,"title":"Branding","Description":"Branding","IsSystemLocked":false,"Name":"Branding","IsGuestPage":false,"ParameterJSON":null,"Personalization":null,"Url":"#/dash/Branding/initial","path":"dash/Branding","WebPartPageKey":null,"IsEnabled":true,"RPKey":null,"Priority":19,"WebParts":[{"Id":499,"ChromeStyle":7,"Definition":{"WebPartDefinitionKey":"search_calendarView","Title":"Available Activities Calendar","Description":"Allows learners to browse available learning activity offerings in a calendar view.","SubTitle":"Available Activities Calendar","WebPartIconName":null,"WidgetNotificationMode":0,"WidgetDeeplinkUrlText":null,"CategoryName":"Learning","IsWebPartEnabled":true,"TypeName":null,"WebPartServiceAgentInterfaceTypeName":null,"WebPartDefinitionXml":null,"HideWebPartHeader":false,"HideWebPartFooter":false,"IsFreeFlowing":false,"PillarKey":"LM","ChromeStyle":7,"ParameterJSON":"{\"HeaderLinkIcon\": \"\", \"IsCustomEditor\": false, \"PreviewType\" : \"calendar\"}","TemplatePath":"app/modules/dashboard/views/searchWidgets/calendarView.html","IsSystemLocked":false,"Category":{"Id":8,"Name":"Learning","CategoryKey":"WebPartDefinition_Learning","Description":"Learning","ParentId":1,"OrdinalPosition":null},"Id":111},"HeaderColor":"","IsHidden":false,"Layout":"{\"x\":0,\"y\":0,\"width\":76,\"height\":28}","OverrideTemplate":null,"ParameterJSON":"{\"HeaderLinkIcon\":\"\",\"IsCustomEditor\":false,\"PreviewType\":\"calendar\"}","SubTitle":"Available Activities Calendar","SupportsFullScreen":true,"Title":null}],"CanAddPage":false,"CanEditPage":false,"CanDeletePage":false,"CanPersonalizePage":false},"Description":"Branding","Name":"Branding","Url":"#/dash/Branding","WebPartPageDefinitionKey":null,"WebPartPages":[{"Id":237,"title":"Branding","Description":"Branding","IsSystemLocked":false,"Name":"Branding","IsGuestPage":false,"ParameterJSON":null,"Personalization":null,"Url":"#/dash/Branding/initial","path":"dash/Branding/initial","WebPartPageKey":null,"IsEnabled":true,"RPKey":null,"Priority":19,"WebParts":[{"Id":499,"ChromeStyle":7,"Definition":{"WebPartDefinitionKey":"search_calendarView","Title":"Available Activities Calendar","Description":"Allows learners to browse available learning activity offerings in a calendar view.","SubTitle":"Available Activities Calendar","WebPartIconName":null,"WidgetNotificationMode":0,"WidgetDeeplinkUrlText":null,"CategoryName":"Learning","IsWebPartEnabled":true,"TypeName":null,"WebPartServiceAgentInterfaceTypeName":null,"WebPartDefinitionXml":null,"HideWebPartHeader":false,"HideWebPartFooter":false,"IsFreeFlowing":false,"PillarKey":"LM","ChromeStyle":7,"ParameterJSON":"{\"HeaderLinkIcon\": \"\", \"IsCustomEditor\": false, \"PreviewType\" : \"calendar\"}","TemplatePath":"app/modules/dashboard/views/searchWidgets/calendarView.html","IsSystemLocked":false,"Category":{"Id":8,"Name":"Learning","CategoryKey":"WebPartDefinition_Learning","Description":"Learning","ParentId":1,"OrdinalPosition":null},"Id":111},"HeaderColor":"","IsHidden":false,"Layout":"{\"x\":0,\"y\":0,\"width\":76,\"height\":28}","OverrideTemplate":null,"ParameterJSON":"{\"HeaderLinkIcon\":\"\",\"IsCustomEditor\":false,\"PreviewType\":\"calendar\"}","SubTitle":"Available Activities Calendar","SupportsFullScreen":true,"Title":null}],"CanAddPage":false,"CanEditPage":false,"CanDeletePage":false,"CanPersonalizePage":true}],"IsSystemLocked":false,"IsEnabled":true,"RPKey":null,"CanViewDashboard":true,"CanAddDashboard":false,"CanEditDashboard":false,"CanDeleteDashboard":false,"CanPersonalizeDashboard":true},{"Id":31,"DefaultPage":{"Id":239,"title":"Time","Description":"Time","IsSystemLocked":false,"Name":"Time","IsGuestPage":false,"ParameterJSON":null,"Personalization":null,"Url":"#/dash/Time/initial","path":"dash/Time","WebPartPageKey":null,"IsEnabled":true,"RPKey":null,"Priority":22,"WebParts":[{"Id":443,"ChromeStyle":0,"Definition":{"WebPartDefinitionKey":"Common_ContentEditor","Title":"Content Editor","Description":"Enables users to add custom HTML to a dashboard.","SubTitle":"Content Editor Widget","WebPartIconName":null,"WidgetNotificationMode":0,"WidgetDeeplinkUrlText":null,"CategoryName":"Common","IsWebPartEnabled":true,"TypeName":null,"WebPartServiceAgentInterfaceTypeName":null,"WebPartDefinitionXml":null,"HideWebPartHeader":false,"HideWebPartFooter":true,"IsFreeFlowing":false,"PillarKey":null,"ChromeStyle":7,"ParameterJSON":"{\"HeaderLinkIcon\": \"\", \"IsCustomEditor\": true, \"PreviewType\" : \"iframe\"}","TemplatePath":"app/modules/dashboard/views/webparts/widgetContentEditor.html","IsSystemLocked":false,"Category":{"Id":5,"Name":"Common","CategoryKey":"WebPartDefinition_Common","Description":"Common","ParentId":1,"OrdinalPosition":null},"Id":60},"HeaderColor":"","IsHidden":false,"Layout":"{\"x\":0,\"y\":0,\"width\":20,\"height\":20}","OverrideTemplate":"&lt;iframe src=&quot;https://supp-saux.sumtotaldemo.net/SA_FTP/LocalUser/wfm_ftp/master/landing/admin/index.html&quot; class=&quot;sumt-webpart-iframe&quot;&gt;&lt;/iframe&gt;","ParameterJSON":"{\"HeaderLinkIcon\":\"\",\"IsCustomEditor\":true,\"PreviewType\":\"iframe\",\"fullScreen\":true}","SubTitle":"Content Editor Widget","SupportsFullScreen":true,"Title":null}],"CanAddPage":false,"CanEditPage":false,"CanDeletePage":false,"CanPersonalizePage":false},"Description":"Time","Name":"Time","Url":"#/dash/Time","WebPartPageDefinitionKey":null,"WebPartPages":[{"Id":239,"title":"Time","Description":"Time","IsSystemLocked":false,"Name":"Time","IsGuestPage":false,"ParameterJSON":null,"Personalization":null,"Url":"#/dash/Time/initial","path":"dash/Time/initial","WebPartPageKey":null,"IsEnabled":true,"RPKey":null,"Priority":22,"WebParts":[{"Id":443,"ChromeStyle":0,"Definition":{"WebPartDefinitionKey":"Common_ContentEditor","Title":"Content Editor","Description":"Enables users to add custom HTML to a dashboard.","SubTitle":"Content Editor Widget","WebPartIconName":null,"WidgetNotificationMode":0,"WidgetDeeplinkUrlText":null,"CategoryName":"Common","IsWebPartEnabled":true,"TypeName":null,"WebPartServiceAgentInterfaceTypeName":null,"WebPartDefinitionXml":null,"HideWebPartHeader":false,"HideWebPartFooter":true,"IsFreeFlowing":false,"PillarKey":null,"ChromeStyle":7,"ParameterJSON":"{\"HeaderLinkIcon\": \"\", \"IsCustomEditor\": true, \"PreviewType\" : \"iframe\"}","TemplatePath":"app/modules/dashboard/views/webparts/widgetContentEditor.html","IsSystemLocked":false,"Category":{"Id":5,"Name":"Common","CategoryKey":"WebPartDefinition_Common","Description":"Common","ParentId":1,"OrdinalPosition":null},"Id":60},"HeaderColor":"","IsHidden":false,"Layout":"{\"x\":0,\"y\":0,\"width\":20,\"height\":20}","OverrideTemplate":"&lt;iframe src=&quot;https://supp-saux.sumtotaldemo.net/SA_FTP/LocalUser/wfm_ftp/master/landing/admin/index.html&quot; class=&quot;sumt-webpart-iframe&quot;&gt;&lt;/iframe&gt;","ParameterJSON":"{\"HeaderLinkIcon\":\"\",\"IsCustomEditor\":true,\"PreviewType\":\"iframe\",\"fullScreen\":true}","SubTitle":"Content Editor Widget","SupportsFullScreen":true,"Title":null}],"CanAddPage":false,"CanEditPage":false,"CanDeletePage":false,"CanPersonalizePage":true}],"IsSystemLocked":false,"IsEnabled":true,"RPKey":null,"CanViewDashboard":true,"CanAddDashboard":false,"CanEditDashboard":false,"CanDeleteDashboard":false,"CanPersonalizeDashboard":true},{"Id":32,"DefaultPage":{"Id":241,"title":"Experience First","Description":"Experience First","IsSystemLocked":false,"Name":"Experience First","IsGuestPage":false,"ParameterJSON":null,"Personalization":null,"Url":"#/dash/engage/initial","path":"dash/engage","WebPartPageKey":null,"IsEnabled":true,"RPKey":null,"Priority":0,"WebParts":[{"Id":459,"ChromeStyle":7,"Definition":{"WebPartDefinitionKey":"LM_ConfigurableCarouselWidget","Title":"Configurable Carousel Widget","Description":"Displays configured widget data","SubTitle":null,"WebPartIconName":null,"WidgetNotificationMode":0,"WidgetDeeplinkUrlText":null,"CategoryName":"Learning","IsWebPartEnabled":true,"TypeName":null,"WebPartServiceAgentInterfaceTypeName":"ILMWebPartContractAsync","WebPartDefinitionXml":null,"HideWebPartHeader":false,"HideWebPartFooter":false,"IsFreeFlowing":false,"PillarKey":"LM","ChromeStyle":7,"ParameterJSON":"{\"HeaderLinkIcon\": \"\", \"IsCustomEditor\": false, \"PreviewType\" : \"configCarouselDropDown\", \"Config\":{\"Name\":\"ConfigurableCarouselWidgetCodesDropDown\",\"DropDownData\":{\"SelectedKey\": null, \"AvailableOptions\": [{\"id\": \"0\", \"name\":\"Trending For Your Job\"}, {\"id\":\"1\", \"name\":\"Top Picks For You\"}, {\"id\":\"2\", \"name\":\"Top Rated\"}, {\"id\":\"3\", \"name\":\"Saved For Later\"}, {\"id\":\"4\", \"name\":\"Continue Learning\"}, {\"id\":\"5\", \"name\":\"Join Your Peers\"}, {\"id\":\"6\", \"name\":\"Training Recommended For Next Job\"}, {\"id\":\"7\", \"name\":\"Most Popular\"}]}}}","TemplatePath":"app/modules/dashboard/views/webparts/widgetConfigurableCarouselContent.html","IsSystemLocked":false,"Category":{"Id":8,"Name":"Learning","CategoryKey":"WebPartDefinition_Learning","Description":"Learning","ParentId":1,"OrdinalPosition":null},"Id":107},"HeaderColor":"","IsHidden":false,"Layout":"{\"x\":0,\"y\":60,\"width\":98,\"height\":20}","OverrideTemplate":null,"ParameterJSON":"{\"HeaderLinkIcon\":\"\",\"IsCustomEditor\":false,\"PreviewType\":\"configCarouselDropDown\",\"Config\":{\"Name\":\"ConfigurableCarouselWidgetCodesDropDown\",\"DropDownData\":{\"SelectedKey\":\"0\",\"AvailableOptions\":[{\"id\":\"0\",\"name\":\"Trending For Your Job\",\"$$hashKey\":\"object:3150\"},{\"id\":\"1\",\"name\":\"Top Picks For You\",\"$$hashKey\":\"object:3151\"},{\"id\":\"2\",\"name\":\"Top Rated\",\"$$hashKey\":\"object:3152\"},{\"id\":\"3\",\"name\":\"Saved For Later\",\"$$hashKey\":\"object:3153\"},{\"id\":\"4\",\"name\":\"Continue Learning\",\"$$hashKey\":\"object:3154\"},{\"id\":\"5\",\"name\":\"Join Your Peers\",\"$$hashKey\":\"object:3155\"},{\"id\":\"6\",\"name\":\"Training Recommended For Next Job\",\"$$hashKey\":\"object:3156\"},{\"id\":\"7\",\"name\":\"Most Popular\",\"$$hashKey\":\"object:3157\"}]}},\"noScroll\":true}","SubTitle":null,"SupportsFullScreen":true,"Title":"Trending For Your Role"},{"Id":460,"ChromeStyle":7,"Definition":{"WebPartDefinitionKey":"LM_ConfigurableCarouselWidget","Title":"Configurable Carousel Widget","Description":"Displays configured widget data","SubTitle":null,"WebPartIconName":null,"WidgetNotificationMode":0,"WidgetDeeplinkUrlText":null,"CategoryName":"Learning","IsWebPartEnabled":true,"TypeName":null,"WebPartServiceAgentInterfaceTypeName":"ILMWebPartContractAsync","WebPartDefinitionXml":null,"HideWebPartHeader":false,"HideWebPartFooter":false,"IsFreeFlowing":false,"PillarKey":"LM","ChromeStyle":7,"ParameterJSON":"{\"HeaderLinkIcon\": \"\", \"IsCustomEditor\": false, \"PreviewType\" : \"configCarouselDropDown\", \"Config\":{\"Name\":\"ConfigurableCarouselWidgetCodesDropDown\",\"DropDownData\":{\"SelectedKey\": null, \"AvailableOptions\": [{\"id\": \"0\", \"name\":\"Trending For Your Job\"}, {\"id\":\"1\", \"name\":\"Top Picks For You\"}, {\"id\":\"2\", \"name\":\"Top Rated\"}, {\"id\":\"3\", \"name\":\"Saved For Later\"}, {\"id\":\"4\", \"name\":\"Continue Learning\"}, {\"id\":\"5\", \"name\":\"Join Your Peers\"}, {\"id\":\"6\", \"name\":\"Training Recommended For Next Job\"}, {\"id\":\"7\", \"name\":\"Most Popular\"}]}}}","TemplatePath":"app/modules/dashboard/views/webparts/widgetConfigurableCarouselContent.html","IsSystemLocked":false,"Category":{"Id":8,"Name":"Learning","CategoryKey":"WebPartDefinition_Learning","Description":"Learning","ParentId":1,"OrdinalPosition":null},"Id":107},"HeaderColor":"","IsHidden":false,"Layout":"{\"x\":0,\"y\":20,\"width\":98,\"height\":20}","OverrideTemplate":null,"ParameterJSON":"{\"HeaderLinkIcon\":\"\",\"IsCustomEditor\":false,\"PreviewType\":\"configCarouselDropDown\",\"Config\":{\"Name\":\"ConfigurableCarouselWidgetCodesDropDown\",\"DropDownData\":{\"SelectedKey\":\"4\",\"AvailableOptions\":[{\"id\":\"0\",\"name\":\"Trending For Your Job\",\"$$hashKey\":\"object:5658\"},{\"id\":\"1\",\"name\":\"Top Picks For You\",\"$$hashKey\":\"object:5659\"},{\"id\":\"2\",\"name\":\"Top Rated\",\"$$hashKey\":\"object:5660\"},{\"id\":\"3\",\"name\":\"Saved For Later\",\"$$hashKey\":\"object:5661\"},{\"id\":\"4\",\"name\":\"Continue Learning\",\"$$hashKey\":\"object:5662\"},{\"id\":\"5\",\"name\":\"Join Your Peers\",\"$$hashKey\":\"object:5663\"},{\"id\":\"6\",\"name\":\"Training Recommended For Next Job\",\"$$hashKey\":\"object:5664\"},{\"id\":\"7\",\"name\":\"Most Popular\",\"$$hashKey\":\"object:5665\"}]}},\"noScroll\":true}","SubTitle":null,"SupportsFullScreen":true,"Title":"Pick Up Where You Left Off"},{"Id":462,"ChromeStyle":7,"Definition":{"WebPartDefinitionKey":"LM_ConfigurableCarouselWidget","Title":"Configurable Carousel Widget","Description":"Displays configured widget data","SubTitle":null,"WebPartIconName":null,"WidgetNotificationMode":0,"WidgetDeeplinkUrlText":null,"CategoryName":"Learning","IsWebPartEnabled":true,"TypeName":null,"WebPartServiceAgentInterfaceTypeName":"ILMWebPartContractAsync","WebPartDefinitionXml":null,"HideWebPartHeader":false,"HideWebPartFooter":false,"IsFreeFlowing":false,"PillarKey":"LM","ChromeStyle":7,"ParameterJSON":"{\"HeaderLinkIcon\": \"\", \"IsCustomEditor\": false, \"PreviewType\" : \"configCarouselDropDown\", \"Config\":{\"Name\":\"ConfigurableCarouselWidgetCodesDropDown\",\"DropDownData\":{\"SelectedKey\": null, \"AvailableOptions\": [{\"id\": \"0\", \"name\":\"Trending For Your Job\"}, {\"id\":\"1\", \"name\":\"Top Picks For You\"}, {\"id\":\"2\", \"name\":\"Top Rated\"}, {\"id\":\"3\", \"name\":\"Saved For Later\"}, {\"id\":\"4\", \"name\":\"Continue Learning\"}, {\"id\":\"5\", \"name\":\"Join Your Peers\"}, {\"id\":\"6\", \"name\":\"Training Recommended For Next Job\"}, {\"id\":\"7\", \"name\":\"Most Popular\"}]}}}","TemplatePath":"app/modules/dashboard/views/webparts/widgetConfigurableCarouselContent.html","IsSystemLocked":false,"Category":{"Id":8,"Name":"Learning","CategoryKey":"WebPartDefinition_Learning","Description":"Learning","ParentId":1,"OrdinalPosition":null},"Id":107},"HeaderColor":"","IsHidden":false,"Layout":"{\"x\":0,\"y\":60,\"width\":98,\"height\":20}","OverrideTemplate":null,"ParameterJSON":"{\"HeaderLinkIcon\":\"\",\"IsCustomEditor\":false,\"PreviewType\":\"configCarouselDropDown\",\"Config\":{\"Name\":\"ConfigurableCarouselWidgetCodesDropDown\",\"DropDownData\":{\"SelectedKey\":\"7\",\"AvailableOptions\":[{\"id\":\"0\",\"name\":\"Trending For Your Job\",\"$$hashKey\":\"object:4018\"},{\"id\":\"1\",\"name\":\"Top Picks For You\",\"$$hashKey\":\"object:4019\"},{\"id\":\"2\",\"name\":\"Top Rated\",\"$$hashKey\":\"object:4020\"},{\"id\":\"3\",\"name\":\"Saved For Later\",\"$$hashKey\":\"object:4021\"},{\"id\":\"4\",\"name\":\"Continue Learning\",\"$$hashKey\":\"object:4022\"},{\"id\":\"5\",\"name\":\"Join Your Peers\",\"$$hashKey\":\"object:4023\"},{\"id\":\"6\",\"name\":\"Training Recommended For Next Job\",\"$$hashKey\":\"object:4024\"},{\"id\":\"7\",\"name\":\"Most Popular\",\"$$hashKey\":\"object:4025\"}]}},\"noScroll\":true}","SubTitle":null,"SupportsFullScreen":true,"Title":"Most Popular"},{"Id":463,"ChromeStyle":7,"Definition":{"WebPartDefinitionKey":"LM_ConfigurableCarouselWidget","Title":"Configurable Carousel Widget","Description":"Displays configured widget data","SubTitle":null,"WebPartIconName":null,"WidgetNotificationMode":0,"WidgetDeeplinkUrlText":null,"CategoryName":"Learning","IsWebPartEnabled":true,"TypeName":null,"WebPartServiceAgentInterfaceTypeName":"ILMWebPartContractAsync","WebPartDefinitionXml":null,"HideWebPartHeader":false,"HideWebPartFooter":false,"IsFreeFlowing":false,"PillarKey":"LM","ChromeStyle":7,"ParameterJSON":"{\"HeaderLinkIcon\": \"\", \"IsCustomEditor\": false, \"PreviewType\" : \"configCarouselDropDown\", \"Config\":{\"Name\":\"ConfigurableCarouselWidgetCodesDropDown\",\"DropDownData\":{\"SelectedKey\": null, \"AvailableOptions\": [{\"id\": \"0\", \"name\":\"Trending For Your Job\"}, {\"id\":\"1\", \"name\":\"Top Picks For You\"}, {\"id\":\"2\", \"name\":\"Top Rated\"}, {\"id\":\"3\", \"name\":\"Saved For Later\"}, {\"id\":\"4\", \"name\":\"Continue Learning\"}, {\"id\":\"5\", \"name\":\"Join Your Peers\"}, {\"id\":\"6\", \"name\":\"Training Recommended For Next Job\"}, {\"id\":\"7\", \"name\":\"Most Popular\"}]}}}","TemplatePath":"app/modules/dashboard/views/webparts/widgetConfigurableCarouselContent.html","IsSystemLocked":false,"Category":{"Id":8,"Name":"Learning","CategoryKey":"WebPartDefinition_Learning","Description":"Learning","ParentId":1,"OrdinalPosition":null},"Id":107},"HeaderColor":"","IsHidden":false,"Layout":"{\"x\":0,\"y\":40,\"width\":98,\"height\":20}","OverrideTemplate":null,"ParameterJSON":"{\"HeaderLinkIcon\":\"\",\"IsCustomEditor\":false,\"PreviewType\":\"configCarouselDropDown\",\"Config\":{\"Name\":\"ConfigurableCarouselWidgetCodesDropDown\",\"DropDownData\":{\"SelectedKey\":\"6\",\"AvailableOptions\":[{\"id\":\"0\",\"name\":\"Trending For Your Job\",\"$$hashKey\":\"object:2282\"},{\"id\":\"1\",\"name\":\"Top Picks For You\",\"$$hashKey\":\"object:2283\"},{\"id\":\"2\",\"name\":\"Top Rated\",\"$$hashKey\":\"object:2284\"},{\"id\":\"3\",\"name\":\"Saved For Later\",\"$$hashKey\":\"object:2285\"},{\"id\":\"4\",\"name\":\"Continue Learning\",\"$$hashKey\":\"object:2286\"},{\"id\":\"5\",\"name\":\"Join Your Peers\",\"$$hashKey\":\"object:2287\"},{\"id\":\"6\",\"name\":\"Training Recommended For Next Job\",\"$$hashKey\":\"object:2288\"},{\"id\":\"7\",\"name\":\"Most Popular\",\"$$hashKey\":\"object:2289\"}]}},\"noScroll\":true}","SubTitle":null,"SupportsFullScreen":true,"Title":"Prepare For Your Next Role"}],"CanAddPage":false,"CanEditPage":false,"CanDeletePage":false,"CanPersonalizePage":false},"Description":"This engaging experience is unparalleled in the marketplace","Name":"Experience First","Url":"#/dash/engage","WebPartPageDefinitionKey":null,"WebPartPages":[{"Id":241,"title":"Experience First","Description":"Experience First","IsSystemLocked":false,"Name":"Experience First","IsGuestPage":false,"ParameterJSON":null,"Personalization":null,"Url":"#/dash/engage/initial","path":"dash/engage/initial","WebPartPageKey":null,"IsEnabled":true,"RPKey":null,"Priority":0,"WebParts":[{"Id":459,"ChromeStyle":7,"Definition":{"WebPartDefinitionKey":"LM_ConfigurableCarouselWidget","Title":"Configurable Carousel Widget","Description":"Displays configured widget data","SubTitle":null,"WebPartIconName":null,"WidgetNotificationMode":0,"WidgetDeeplinkUrlText":null,"CategoryName":"Learning","IsWebPartEnabled":true,"TypeName":null,"WebPartServiceAgentInterfaceTypeName":"ILMWebPartContractAsync","WebPartDefinitionXml":null,"HideWebPartHeader":false,"HideWebPartFooter":false,"IsFreeFlowing":false,"PillarKey":"LM","ChromeStyle":7,"ParameterJSON":"{\"HeaderLinkIcon\": \"\", \"IsCustomEditor\": false, \"PreviewType\" : \"configCarouselDropDown\", \"Config\":{\"Name\":\"ConfigurableCarouselWidgetCodesDropDown\",\"DropDownData\":{\"SelectedKey\": null, \"AvailableOptions\": [{\"id\": \"0\", \"name\":\"Trending For Your Job\"}, {\"id\":\"1\", \"name\":\"Top Picks For You\"}, {\"id\":\"2\", \"name\":\"Top Rated\"}, {\"id\":\"3\", \"name\":\"Saved For Later\"}, {\"id\":\"4\", \"name\":\"Continue Learning\"}, {\"id\":\"5\", \"name\":\"Join Your Peers\"}, {\"id\":\"6\", \"name\":\"Training Recommended For Next Job\"}, {\"id\":\"7\", \"name\":\"Most Popular\"}]}}}","TemplatePath":"app/modules/dashboard/views/webparts/widgetConfigurableCarouselContent.html","IsSystemLocked":false,"Category":{"Id":8,"Name":"Learning","CategoryKey":"WebPartDefinition_Learning","Description":"Learning","ParentId":1,"OrdinalPosition":null},"Id":107},"HeaderColor":"","IsHidden":false,"Layout":"{\"x\":0,\"y\":60,\"width\":98,\"height\":20}","OverrideTemplate":null,"ParameterJSON":"{\"HeaderLinkIcon\":\"\",\"IsCustomEditor\":false,\"PreviewType\":\"configCarouselDropDown\",\"Config\":{\"Name\":\"ConfigurableCarouselWidgetCodesDropDown\",\"DropDownData\":{\"SelectedKey\":\"0\",\"AvailableOptions\":[{\"id\":\"0\",\"name\":\"Trending For Your Job\",\"$$hashKey\":\"object:3150\"},{\"id\":\"1\",\"name\":\"Top Picks For You\",\"$$hashKey\":\"object:3151\"},{\"id\":\"2\",\"name\":\"Top Rated\",\"$$hashKey\":\"object:3152\"},{\"id\":\"3\",\"name\":\"Saved For Later\",\"$$hashKey\":\"object:3153\"},{\"id\":\"4\",\"name\":\"Continue Learning\",\"$$hashKey\":\"object:3154\"},{\"id\":\"5\",\"name\":\"Join Your Peers\",\"$$hashKey\":\"object:3155\"},{\"id\":\"6\",\"name\":\"Training Recommended For Next Job\",\"$$hashKey\":\"object:3156\"},{\"id\":\"7\",\"name\":\"Most Popular\",\"$$hashKey\":\"object:3157\"}]}},\"noScroll\":true}","SubTitle":null,"SupportsFullScreen":true,"Title":"Trending For Your Role"},{"Id":460,"ChromeStyle":7,"Definition":{"WebPartDefinitionKey":"LM_ConfigurableCarouselWidget","Title":"Configurable Carousel Widget","Description":"Displays configured widget data","SubTitle":null,"WebPartIconName":null,"WidgetNotificationMode":0,"WidgetDeeplinkUrlText":null,"CategoryName":"Learning","IsWebPartEnabled":true,"TypeName":null,"WebPartServiceAgentInterfaceTypeName":"ILMWebPartContractAsync","WebPartDefinitionXml":null,"HideWebPartHeader":false,"HideWebPartFooter":false,"IsFreeFlowing":false,"PillarKey":"LM","ChromeStyle":7,"ParameterJSON":"{\"HeaderLinkIcon\": \"\", \"IsCustomEditor\": false, \"PreviewType\" : \"configCarouselDropDown\", \"Config\":{\"Name\":\"ConfigurableCarouselWidgetCodesDropDown\",\"DropDownData\":{\"SelectedKey\": null, \"AvailableOptions\": [{\"id\": \"0\", \"name\":\"Trending For Your Job\"}, {\"id\":\"1\", \"name\":\"Top Picks For You\"}, {\"id\":\"2\", \"name\":\"Top Rated\"}, {\"id\":\"3\", \"name\":\"Saved For Later\"}, {\"id\":\"4\", \"name\":\"Continue Learning\"}, {\"id\":\"5\", \"name\":\"Join Your Peers\"}, {\"id\":\"6\", \"name\":\"Training Recommended For Next Job\"}, {\"id\":\"7\", \"name\":\"Most Popular\"}]}}}","TemplatePath":"app/modules/dashboard/views/webparts/widgetConfigurableCarouselContent.html","IsSystemLocked":false,"Category":{"Id":8,"Name":"Learning","CategoryKey":"WebPartDefinition_Learning","Description":"Learning","ParentId":1,"OrdinalPosition":null},"Id":107},"HeaderColor":"","IsHidden":false,"Layout":"{\"x\":0,\"y\":20,\"width\":98,\"height\":20}","OverrideTemplate":null,"ParameterJSON":"{\"HeaderLinkIcon\":\"\",\"IsCustomEditor\":false,\"PreviewType\":\"configCarouselDropDown\",\"Config\":{\"Name\":\"ConfigurableCarouselWidgetCodesDropDown\",\"DropDownData\":{\"SelectedKey\":\"4\",\"AvailableOptions\":[{\"id\":\"0\",\"name\":\"Trending For Your Job\",\"$$hashKey\":\"object:5658\"},{\"id\":\"1\",\"name\":\"Top Picks For You\",\"$$hashKey\":\"object:5659\"},{\"id\":\"2\",\"name\":\"Top Rated\",\"$$hashKey\":\"object:5660\"},{\"id\":\"3\",\"name\":\"Saved For Later\",\"$$hashKey\":\"object:5661\"},{\"id\":\"4\",\"name\":\"Continue Learning\",\"$$hashKey\":\"object:5662\"},{\"id\":\"5\",\"name\":\"Join Your Peers\",\"$$hashKey\":\"object:5663\"},{\"id\":\"6\",\"name\":\"Training Recommended For Next Job\",\"$$hashKey\":\"object:5664\"},{\"id\":\"7\",\"name\":\"Most Popular\",\"$$hashKey\":\"object:5665\"}]}},\"noScroll\":true}","SubTitle":null,"SupportsFullScreen":true,"Title":"Pick Up Where You Left Off"},{"Id":462,"ChromeStyle":7,"Definition":{"WebPartDefinitionKey":"LM_ConfigurableCarouselWidget","Title":"Configurable Carousel Widget","Description":"Displays configured widget data","SubTitle":null,"WebPartIconName":null,"WidgetNotificationMode":0,"WidgetDeeplinkUrlText":null,"CategoryName":"Learning","IsWebPartEnabled":true,"TypeName":null,"WebPartServiceAgentInterfaceTypeName":"ILMWebPartContractAsync","WebPartDefinitionXml":null,"HideWebPartHeader":false,"HideWebPartFooter":false,"IsFreeFlowing":false,"PillarKey":"LM","ChromeStyle":7,"ParameterJSON":"{\"HeaderLinkIcon\": \"\", \"IsCustomEditor\": false, \"PreviewType\" : \"configCarouselDropDown\", \"Config\":{\"Name\":\"ConfigurableCarouselWidgetCodesDropDown\",\"DropDownData\":{\"SelectedKey\": null, \"AvailableOptions\": [{\"id\": \"0\", \"name\":\"Trending For Your Job\"}, {\"id\":\"1\", \"name\":\"Top Picks For You\"}, {\"id\":\"2\", \"name\":\"Top Rated\"}, {\"id\":\"3\", \"name\":\"Saved For Later\"}, {\"id\":\"4\", \"name\":\"Continue Learning\"}, {\"id\":\"5\", \"name\":\"Join Your Peers\"}, {\"id\":\"6\", \"name\":\"Training Recommended For Next Job\"}, {\"id\":\"7\", \"name\":\"Most Popular\"}]}}}","TemplatePath":"app/modules/dashboard/views/webparts/widgetConfigurableCarouselContent.html","IsSystemLocked":false,"Category":{"Id":8,"Name":"Learning","CategoryKey":"WebPartDefinition_Learning","Description":"Learning","ParentId":1,"OrdinalPosition":null},"Id":107},"HeaderColor":"","IsHidden":false,"Layout":"{\"x\":0,\"y\":60,\"width\":98,\"height\":20}","OverrideTemplate":null,"ParameterJSON":"{\"HeaderLinkIcon\":\"\",\"IsCustomEditor\":false,\"PreviewType\":\"configCarouselDropDown\",\"Config\":{\"Name\":\"ConfigurableCarouselWidgetCodesDropDown\",\"DropDownData\":{\"SelectedKey\":\"7\",\"AvailableOptions\":[{\"id\":\"0\",\"name\":\"Trending For Your Job\",\"$$hashKey\":\"object:4018\"},{\"id\":\"1\",\"name\":\"Top Picks For You\",\"$$hashKey\":\"object:4019\"},{\"id\":\"2\",\"name\":\"Top Rated\",\"$$hashKey\":\"object:4020\"},{\"id\":\"3\",\"name\":\"Saved For Later\",\"$$hashKey\":\"object:4021\"},{\"id\":\"4\",\"name\":\"Continue Learning\",\"$$hashKey\":\"object:4022\"},{\"id\":\"5\",\"name\":\"Join Your Peers\",\"$$hashKey\":\"object:4023\"},{\"id\":\"6\",\"name\":\"Training Recommended For Next Job\",\"$$hashKey\":\"object:4024\"},{\"id\":\"7\",\"name\":\"Most Popular\",\"$$hashKey\":\"object:4025\"}]}},\"noScroll\":true}","SubTitle":null,"SupportsFullScreen":true,"Title":"Most Popular"},{"Id":463,"ChromeStyle":7,"Definition":{"WebPartDefinitionKey":"LM_ConfigurableCarouselWidget","Title":"Configurable Carousel Widget","Description":"Displays configured widget data","SubTitle":null,"WebPartIconName":null,"WidgetNotificationMode":0,"WidgetDeeplinkUrlText":null,"CategoryName":"Learning","IsWebPartEnabled":true,"TypeName":null,"WebPartServiceAgentInterfaceTypeName":"ILMWebPartContractAsync","WebPartDefinitionXml":null,"HideWebPartHeader":false,"HideWebPartFooter":false,"IsFreeFlowing":false,"PillarKey":"LM","ChromeStyle":7,"ParameterJSON":"{\"HeaderLinkIcon\": \"\", \"IsCustomEditor\": false, \"PreviewType\" : \"configCarouselDropDown\", \"Config\":{\"Name\":\"ConfigurableCarouselWidgetCodesDropDown\",\"DropDownData\":{\"SelectedKey\": null, \"AvailableOptions\": [{\"id\": \"0\", \"name\":\"Trending For Your Job\"}, {\"id\":\"1\", \"name\":\"Top Picks For You\"}, {\"id\":\"2\", \"name\":\"Top Rated\"}, {\"id\":\"3\", \"name\":\"Saved For Later\"}, {\"id\":\"4\", \"name\":\"Continue Learning\"}, {\"id\":\"5\", \"name\":\"Join Your Peers\"}, {\"id\":\"6\", \"name\":\"Training Recommended For Next Job\"}, {\"id\":\"7\", \"name\":\"Most Popular\"}]}}}","TemplatePath":"app/modules/dashboard/views/webparts/widgetConfigurableCarouselContent.html","IsSystemLocked":false,"Category":{"Id":8,"Name":"Learning","CategoryKey":"WebPartDefinition_Learning","Description":"Learning","ParentId":1,"OrdinalPosition":null},"Id":107},"HeaderColor":"","IsHidden":false,"Layout":"{\"x\":0,\"y\":40,\"width\":98,\"height\":20}","OverrideTemplate":null,"ParameterJSON":"{\"HeaderLinkIcon\":\"\",\"IsCustomEditor\":false,\"PreviewType\":\"configCarouselDropDown\",\"Config\":{\"Name\":\"ConfigurableCarouselWidgetCodesDropDown\",\"DropDownData\":{\"SelectedKey\":\"6\",\"AvailableOptions\":[{\"id\":\"0\",\"name\":\"Trending For Your Job\",\"$$hashKey\":\"object:2282\"},{\"id\":\"1\",\"name\":\"Top Picks For You\",\"$$hashKey\":\"object:2283\"},{\"id\":\"2\",\"name\":\"Top Rated\",\"$$hashKey\":\"object:2284\"},{\"id\":\"3\",\"name\":\"Saved For Later\",\"$$hashKey\":\"object:2285\"},{\"id\":\"4\",\"name\":\"Continue Learning\",\"$$hashKey\":\"object:2286\"},{\"id\":\"5\",\"name\":\"Join Your Peers\",\"$$hashKey\":\"object:2287\"},{\"id\":\"6\",\"name\":\"Training Recommended For Next Job\",\"$$hashKey\":\"object:2288\"},{\"id\":\"7\",\"name\":\"Most Popular\",\"$$hashKey\":\"object:2289\"}]}},\"noScroll\":true}","SubTitle":null,"SupportsFullScreen":true,"Title":"Prepare For Your Next Role"}],"CanAddPage":false,"CanEditPage":false,"CanDeletePage":false,"CanPersonalizePage":true}],"IsSystemLocked":false,"IsEnabled":true,"RPKey":null,"CanViewDashboard":true,"CanAddDashboard":false,"CanEditDashboard":false,"CanDeleteDashboard":false,"CanPersonalizeDashboard":true},{"Id":35,"DefaultPage":{"Id":244,"title":"timeline","Description":"timeline","IsSystemLocked":false,"Name":"timeline","IsGuestPage":false,"ParameterJSON":null,"Personalization":null,"Url":"#/dash/timeline/initial","path":"dash/timeline","WebPartPageKey":null,"IsEnabled":true,"RPKey":null,"Priority":0,"WebParts":[],"CanAddPage":false,"CanEditPage":false,"CanDeletePage":false,"CanPersonalizePage":false},"Description":"timeline","Name":"timeline","Url":"#/dash/timeline","WebPartPageDefinitionKey":null,"WebPartPages":[{"Id":244,"title":"timeline","Description":"timeline","IsSystemLocked":false,"Name":"timeline","IsGuestPage":false,"ParameterJSON":null,"Personalization":null,"Url":"#/dash/timeline/initial","path":"dash/timeline/initial","WebPartPageKey":null,"IsEnabled":true,"RPKey":null,"Priority":0,"WebParts":[],"CanAddPage":false,"CanEditPage":false,"CanDeletePage":false,"CanPersonalizePage":true}],"IsSystemLocked":false,"IsEnabled":true,"RPKey":null,"CanViewDashboard":true,"CanAddDashboard":false,"CanEditDashboard":false,"CanDeleteDashboard":false,"CanPersonalizeDashboard":true},{"Id":37,"DefaultPage":{"Id":246,"title":"AboutMeDB_12am","Description":"AboutMeDB_12am","IsSystemLocked":false,"Name":"AboutMeDB_12am","IsGuestPage":false,"ParameterJSON":null,"Personalization":null,"Url":"#/dash/AboutMeDB_12am/initial","path":"dash/AboutMeDB_12am","WebPartPageKey":null,"IsEnabled":true,"RPKey":null,"Priority":5,"WebParts":[{"Id":493,"ChromeStyle":7,"Definition":{"WebPartDefinitionKey":"About_Me","Title":"About Me","Description":"Displays key profile information about the employee.","SubTitle":"Photo, email and employment information","WebPartIconName":null,"WidgetNotificationMode":0,"WidgetDeeplinkUrlText":"View my profile","CategoryName":"Common","IsWebPartEnabled":true,"TypeName":"SumTotal.SPPortal.WebParts.Core.MySelf.AboutMe.AboutMe, SumTotal.SPPortal.WebParts, Version=1.0.0.0, Culture=neutral, PublicKeyToken=6b7f90fbd13cce01","WebPartServiceAgentInterfaceTypeName":null,"WebPartDefinitionXml":null,"HideWebPartHeader":true,"HideWebPartFooter":true,"IsFreeFlowing":false,"PillarKey":null,"ChromeStyle":7,"ParameterJSON":"{\"HeaderLinkIcon\": \"\", \"IsCustomEditor\": false, \"PreviewType\" : \"aboutme\"}","TemplatePath":"app/modules/dashboard/views/webparts/widgetAboutMe.html","IsSystemLocked":false,"Category":{"Id":5,"Name":"Common","CategoryKey":"WebPartDefinition_Common","Description":"Common","ParentId":1,"OrdinalPosition":null},"Id":43},"HeaderColor":"","IsHidden":false,"Layout":"{\"x\":0,\"y\":0,\"width\":25,\"height\":20}","OverrideTemplate":null,"ParameterJSON":"{\"HeaderLinkIcon\":\"\",\"IsCustomEditor\":false,\"PreviewType\":\"aboutme\"}","SubTitle":"Photo, email and employment information","SupportsFullScreen":true,"Title":null}],"CanAddPage":false,"CanEditPage":false,"CanDeletePage":false,"CanPersonalizePage":false},"Description":"AboutMeDB_12am","Name":"AboutMeDB_12am","Url":"#/dash/AboutMeDB_12am","WebPartPageDefinitionKey":null,"WebPartPages":[{"Id":246,"title":"AboutMeDB_12am","Description":"AboutMeDB_12am","IsSystemLocked":false,"Name":"AboutMeDB_12am","IsGuestPage":false,"ParameterJSON":null,"Personalization":null,"Url":"#/dash/AboutMeDB_12am/initial","path":"dash/AboutMeDB_12am/initial","WebPartPageKey":null,"IsEnabled":true,"RPKey":null,"Priority":5,"WebParts":[{"Id":493,"ChromeStyle":7,"Definition":{"WebPartDefinitionKey":"About_Me","Title":"About Me","Description":"Displays key profile information about the employee.","SubTitle":"Photo, email and employment information","WebPartIconName":null,"WidgetNotificationMode":0,"WidgetDeeplinkUrlText":"View my profile","CategoryName":"Common","IsWebPartEnabled":true,"TypeName":"SumTotal.SPPortal.WebParts.Core.MySelf.AboutMe.AboutMe, SumTotal.SPPortal.WebParts, Version=1.0.0.0, Culture=neutral, PublicKeyToken=6b7f90fbd13cce01","WebPartServiceAgentInterfaceTypeName":null,"WebPartDefinitionXml":null,"HideWebPartHeader":true,"HideWebPartFooter":true,"IsFreeFlowing":false,"PillarKey":null,"ChromeStyle":7,"ParameterJSON":"{\"HeaderLinkIcon\": \"\", \"IsCustomEditor\": false, \"PreviewType\" : \"aboutme\"}","TemplatePath":"app/modules/dashboard/views/webparts/widgetAboutMe.html","IsSystemLocked":false,"Category":{"Id":5,"Name":"Common","CategoryKey":"WebPartDefinition_Common","Description":"Common","ParentId":1,"OrdinalPosition":null},"Id":43},"HeaderColor":"","IsHidden":false,"Layout":"{\"x\":0,\"y\":0,\"width\":25,\"height\":20}","OverrideTemplate":null,"ParameterJSON":"{\"HeaderLinkIcon\":\"\",\"IsCustomEditor\":false,\"PreviewType\":\"aboutme\"}","SubTitle":"Photo, email and employment information","SupportsFullScreen":true,"Title":null}],"CanAddPage":false,"CanEditPage":false,"CanDeletePage":false,"CanPersonalizePage":true}],"IsSystemLocked":false,"IsEnabled":true,"RPKey":null,"CanViewDashboard":true,"CanAddDashboard":false,"CanEditDashboard":false,"CanDeleteDashboard":false,"CanPersonalizeDashboard":true},{"Id":38,"DefaultPage":{"Id":247,"title":"DashBoard_Elix9427_12am","Description":"DashBoard_Elix9427_12am","IsSystemLocked":false,"Name":"DashBoard_Elix9427_12am","IsGuestPage":false,"ParameterJSON":null,"Personalization":null,"Url":"#/dash/DashBoard_Elix9427_12am/initial","path":"dash/DashBoard_Elix9427_12am","WebPartPageKey":null,"IsEnabled":true,"RPKey":null,"Priority":13,"WebParts":[{"Id":497,"ChromeStyle":7,"Definition":{"WebPartDefinitionKey":"Common_ContentEditor","Title":"Content Editor","Description":"Enables users to add custom HTML to a dashboard.","SubTitle":"Content Editor Widget","WebPartIconName":null,"WidgetNotificationMode":0,"WidgetDeeplinkUrlText":null,"CategoryName":"Common","IsWebPartEnabled":true,"TypeName":null,"WebPartServiceAgentInterfaceTypeName":null,"WebPartDefinitionXml":null,"HideWebPartHeader":false,"HideWebPartFooter":true,"IsFreeFlowing":false,"PillarKey":null,"ChromeStyle":7,"ParameterJSON":"{\"HeaderLinkIcon\": \"\", \"IsCustomEditor\": true, \"PreviewType\" : \"iframe\"}","TemplatePath":"app/modules/dashboard/views/webparts/widgetContentEditor.html","IsSystemLocked":false,"Category":{"Id":5,"Name":"Common","CategoryKey":"WebPartDefinition_Common","Description":"Common","ParentId":1,"OrdinalPosition":null},"Id":60},"HeaderColor":"","IsHidden":false,"Layout":"{\"x\":0,\"y\":0,\"width\":25,\"height\":20}","OverrideTemplate":"&lt;a target=&quot;_self&quot; href=&quot;/Core/155.sumtfile&quot;&gt;!!!PDFFile_Elix9427_12am&lt;/a&gt;","ParameterJSON":"{\"HeaderLinkIcon\":\"\",\"IsCustomEditor\":true,\"PreviewType\":\"iframe\"}","SubTitle":"Content Editor Widget","SupportsFullScreen":true,"Title":null}],"CanAddPage":false,"CanEditPage":false,"CanDeletePage":false,"CanPersonalizePage":false},"Description":"DashBoard_Elix9427_12am","Name":"DashBoard_Elix9427_12am","Url":"#/dash/DashBoard_Elix9427_12am","WebPartPageDefinitionKey":null,"WebPartPages":[{"Id":247,"title":"DashBoard_Elix9427_12am","Description":"DashBoard_Elix9427_12am","IsSystemLocked":false,"Name":"DashBoard_Elix9427_12am","IsGuestPage":false,"ParameterJSON":null,"Personalization":null,"Url":"#/dash/DashBoard_Elix9427_12am/initial","path":"dash/DashBoard_Elix9427_12am/initial","WebPartPageKey":null,"IsEnabled":true,"RPKey":null,"Priority":13,"WebParts":[{"Id":497,"ChromeStyle":7,"Definition":{"WebPartDefinitionKey":"Common_ContentEditor","Title":"Content Editor","Description":"Enables users to add custom HTML to a dashboard.","SubTitle":"Content Editor Widget","WebPartIconName":null,"WidgetNotificationMode":0,"WidgetDeeplinkUrlText":null,"CategoryName":"Common","IsWebPartEnabled":true,"TypeName":null,"WebPartServiceAgentInterfaceTypeName":null,"WebPartDefinitionXml":null,"HideWebPartHeader":false,"HideWebPartFooter":true,"IsFreeFlowing":false,"PillarKey":null,"ChromeStyle":7,"ParameterJSON":"{\"HeaderLinkIcon\": \"\", \"IsCustomEditor\": true, \"PreviewType\" : \"iframe\"}","TemplatePath":"app/modules/dashboard/views/webparts/widgetContentEditor.html","IsSystemLocked":false,"Category":{"Id":5,"Name":"Common","CategoryKey":"WebPartDefinition_Common","Description":"Common","ParentId":1,"OrdinalPosition":null},"Id":60},"HeaderColor":"","IsHidden":false,"Layout":"{\"x\":0,\"y\":0,\"width\":25,\"height\":20}","OverrideTemplate":"&lt;a target=&quot;_self&quot; href=&quot;/Core/155.sumtfile&quot;&gt;!!!PDFFile_Elix9427_12am&lt;/a&gt;","ParameterJSON":"{\"HeaderLinkIcon\":\"\",\"IsCustomEditor\":true,\"PreviewType\":\"iframe\"}","SubTitle":"Content Editor Widget","SupportsFullScreen":true,"Title":null}],"CanAddPage":false,"CanEditPage":false,"CanDeletePage":false,"CanPersonalizePage":true}],"IsSystemLocked":false,"IsEnabled":true,"RPKey":null,"CanViewDashboard":true,"CanAddDashboard":false,"CanEditDashboard":false,"CanDeleteDashboard":false,"CanPersonalizeDashboard":true}],"EnableDashboards":true,"EnablePersonalization":true,"EnableView":true,"EnableAdd":true,"EnableEdit":true,"EnableDelete":true,"LandingDashboard":{"Name":"Home TM","Description":"Home TM","WebPartPageKey":null,"Url":"#/dash/home/TM","ParameterJSON":null,"WebParts":[{"Definition":{"WebPartDefinitionKey":"Common_ContentEditor","Title":"Content Editor","Description":"Enables users to add custom HTML to a dashboard.","SubTitle":"Content Editor Widget","WebPartIconName":null,"WidgetNotificationMode":0,"WidgetDeeplinkUrlText":null,"CategoryName":"Common","IsWebPartEnabled":true,"TypeName":null,"WebPartServiceAgentInterfaceTypeName":null,"WebPartDefinitionXml":null,"HideWebPartHeader":false,"HideWebPartFooter":true,"IsFreeFlowing":false,"PillarKey":null,"ChromeStyle":7,"ParameterJSON":"{\"HeaderLinkIcon\": \"\", \"IsCustomEditor\": true, \"PreviewType\" : \"iframe\"}","TemplatePath":"app/modules/dashboard/views/webparts/widgetContentEditor.html","IsSystemLocked":false,"Category":{"Id":5,"Name":"Common","CategoryKey":"WebPartDefinition_Common","Description":"Common","ParentId":1,"OrdinalPosition":null},"Id":60},"Title":null,"SubTitle":"Content Editor Webpart","ChromeStyle":0,"SupportsFullScreen":true,"IsHidden":false,"HeaderColor":null,"Layout":"{\"x\":0,\"y\":0,\"width\":83,\"height\":64}","ParameterJSON":"{\"HeaderLinkIcon\":\"\",\"IsCustomEditor\":true,\"PreviewType\":\"iframe\",\"fullScreen\":true}","OverrideTemplate":"\n\t<!doctype html> <html> <head> <meta charset=\"utf-8\"> <title>Untitled Document</title> <style> div.news-container {  background-color:#e9ede5;  background-image:url(./Content/Common/assets/images/personBackground.jpg?1);  height:270px;  background-position: center;  background-repeat:no-repeat; border-radius: 10px 10px 0 0; } div.grad {  max-width:96%;  width:100%;  border:0px solid blue; } table.banner {  height:270px;  border:0px solid red;  max-width:100%;  width:100%; } .banner td {  text-align:center;  border:0px solid red;   } table.subnav {  max-width:96%;  width:100%;  border:0px solid green;  padding-top:15px;  font-family:'Open Sans' Tahoma;  font-weight:600; } .subnav td {  text-align:center;  width:25%;  padding:5px 20px;  font-weight:400;    } .subnav td.icon {  text-align:center;  width:25%;  padding:15px 0 5px 0;  font-weight:400;         height: 60px; } .subnav td.subnavtitle {         font-weight:700; } .subnav td.subnav-text {  text-align:left;  color: #606060;  font-family:Arial;  font-size:12px;  line-height:16px;  font-family:'Open Sans' Tahoma;         vertical-align:top; } </style> </head>  <body>  <div class=\"news-container\">      <center>         <div class=\"grad\">             <table class=\"banner\">                 <tr>                     <td colspan=\"2\" style=\"width:50%;\">                                           </td>                     <td></td>                     <td></td>                 </tr>             </table>          </div>          <div style=\"background-color:#00aed3; text-align:left; border:0px solid orange; padding:5px 20px; font-family:'Open Sans' Tahoma;\">                         <p style=\"font-size:14px; color:white; text-transform:uppercase; padding:15px 0px 10px 0px; margin:0px; font-family:'Open Sans' Tahoma;\">BUILDING A BETTER TEAM</p><p style=\"font-size:30px; color:white; padding-bottom:20px; margin:0px; line-height:30px;\">Developing Individual and Team Talent Drives Company Performance</p><p style=\"font-size:14px; color:white; font-family:'Open Sans' Tahoma; padding-bottom:20px; max-width:700px;\">Our long term success is fundamentally tied to our ability to develop leaders and more effective employees. As our most vital resource, we are committed to helping you improve in your current, next and long term role. </p>                          </div>                      </center>     </div> </body> </html>\n\t","Id":327}],"IsSystemLocked":true,"Personalization":null,"Priority":4,"ParentId":1,"DashboardName":"Home","IsGuestPage":false,"IsEnabled":true,"RPKey":null,"CanAddPage":false,"CanEditPage":false,"CanDeletePage":false,"CanPersonalizePage":true,"CanViewPage":true,"Id":197}},"sitemap":{"Hash":"1944565663","IsChanged":true,"KeyedHomePages":{},"Nodes":[{"Id":6,"childNodes":[{"Id":187,"childNodes":[],"description":"Used to access your Profile.","iconPath":null,"integrationMode":3,"IsHidden":false,"helpUrl":"/Content/Core Platform/Core Platform Guide/My Profile.htm","IsPortalPage":false,"level":2,"name":"Profile","nodeKey":"Profile","ordinalPosition":"1","parentId":6,"RelyingPartyId":9,"RPKey":"ELIXHRUI","tooltip":"Used to access your Profile.","url":"#/dash/profile","activitiesCount":0,"IsEmulationEnabled":false},{"Id":864,"childNodes":[],"description":"Used to view personal details, change system preferences, and manage delegates. Managing delegates requires Talent.","iconPath":null,"integrationMode":3,"IsHidden":false,"helpUrl":"/Content/Core Platform/Core Platform Guide/View or Update Your Personal_1.htm","IsPortalPage":false,"level":2,"name":"Profile Details","nodeKey":"self_personaldetails","ordinalPosition":"2","parentId":6,"RelyingPartyId":9,"RPKey":"ELIXHRUI","tooltip":"Used to view personal details, change system preferences, and manage delegates. Managing delegates requires Talent.","url":"PROFILE_SLIDEOUT","activitiesCount":0,"IsEmulationEnabled":false},{"Id":667,"childNodes":[],"description":"A customizable dashboard for learners.","iconPath":null,"integrationMode":3,"IsHidden":false,"helpUrl":"/Content/Learn/User Guides/Role Based User Guides/Navigate the Learner Dashboard.htm","IsPortalPage":false,"level":2,"name":"Learner Dashboard","nodeKey":"Learner_Dashboard","ordinalPosition":"3","parentId":6,"RelyingPartyId":9,"RPKey":"ELIXHRUI","tooltip":"A customizable dashboard for learners.","url":"#/dash/learning","activitiesCount":0,"IsEmulationEnabled":false},{"Id":898,"childNodes":[],"description":"Initiatives","iconPath":null,"integrationMode":3,"IsHidden":false,"helpUrl":"/Content/Core Platform/Core Platform Guide/Configure an Onboarding Initiative.htm","IsPortalPage":false,"level":2,"name":"Initiatives","nodeKey":"self_initiatives","ordinalPosition":"4","parentId":6,"RelyingPartyId":9,"RPKey":"ELIXHRUI","tooltip":"Initiatives","url":"#/initiatives","activitiesCount":0,"IsEmulationEnabled":false},{"Id":636,"childNodes":[{"Id":176,"childNodes":[],"description":"Used to access and manage favorite learning activity and library Topics.","iconPath":null,"integrationMode":3,"IsHidden":false,"helpUrl":"/Content/Learn/WebHelp/Learner Help - Unique Topics/Manage Your Favorites.htm","IsPortalPage":false,"level":3,"name":"Favorites","nodeKey":"Learner_MenuViewFavorites","ordinalPosition":"0","parentId":636,"RelyingPartyId":2,"RPKey":"LM","tooltip":"Used to access and manage favorite learning activity and library Topics.","url":"app/taxonomy/TAX_Fav.aspx?UserMode=0","activitiesCount":0,"IsEmulationEnabled":false},{"Id":177,"childNodes":[],"description":"Used to upload or link to informational documents (such as manuals or reference materials) and share with others.","iconPath":null,"integrationMode":3,"IsHidden":false,"helpUrl":"/Content/Learn/User Guides/Role Based User Guides/Manage Knowledge Documents.htm","IsPortalPage":false,"level":3,"name":"Knowledge Documents","nodeKey":"Learner_MenuPublishKDoc","ordinalPosition":"1","parentId":636,"RelyingPartyId":2,"RPKey":"LM","tooltip":"Used to upload or link to informational documents (such as manuals or reference materials) and share with others.","url":"app/management/content/LMS_KdocList.aspx?UserMode=0","activitiesCount":0,"IsEmulationEnabled":false},{"Id":179,"childNodes":[],"description":"Used to view and complete evaluations.","iconPath":null,"integrationMode":3,"IsHidden":false,"helpUrl":"/Content/Learn/User Guides/Role Based User Guides/Complete Evaluations.htm","IsPortalPage":false,"level":3,"name":"Learning Activity Evaluations","nodeKey":"Learner_MenuEvaluations","ordinalPosition":"3","parentId":636,"RelyingPartyId":2,"RPKey":"LM","tooltip":"Used to view and complete evaluations.","url":"app/management/LMS_Evaluation.aspx?UserMode=0&Mode=0","activitiesCount":0,"IsEmulationEnabled":false},{"Id":180,"childNodes":[],"description":"Used to read and manage any Learn notifications sent to the learner.","iconPath":null,"integrationMode":3,"IsHidden":false,"helpUrl":"/Content/Learn/User Guides/Role Based User Guides/Manage E mail Messages.htm","IsPortalPage":false,"level":3,"name":"Messages","nodeKey":"Learner_MenuNotifEmails","ordinalPosition":"4","parentId":636,"RelyingPartyId":2,"RPKey":"LM","tooltip":"Used to read and manage any Learn notifications sent to the learner.","url":"app/management/LMS_ListNotifEmails.aspx?UserMode=0","activitiesCount":0,"IsEmulationEnabled":false},{"Id":183,"childNodes":[],"description":"Used to manually enter training completed outside of the Learn system.","iconPath":null,"integrationMode":3,"IsHidden":false,"helpUrl":"/Content/Learn/User Guides/Role Based User Guides/Enter Self Reported Training.htm","IsPortalPage":false,"level":3,"name":"Self-Reported Training","nodeKey":"Learner_MenuSelfReportedTraining","ordinalPosition":"7","parentId":636,"RelyingPartyId":2,"RPKey":"LM","tooltip":"Used to manually enter training completed outside of the Learn system.","url":"app/management/LMS_SelfReportedTraining.aspx?UserMode=0","activitiesCount":0,"IsEmulationEnabled":false},{"Id":185,"childNodes":[],"description":"Used to access all activities related to the learner (assigned and registered, pending, completed, and canceled).","iconPath":null,"integrationMode":3,"IsHidden":false,"helpUrl":"/Content/Learn/User Guides/Role Based User Guides/View Your Training Schedule.htm","IsPortalPage":false,"level":3,"name":"Training Schedule","nodeKey":"Learner_MenuTrainingSch","ordinalPosition":"8","parentId":636,"RelyingPartyId":2,"RPKey":"LM","tooltip":"Used to access all activities related to the learner (assigned and registered, pending, completed, and canceled).","url":"app/management/LMS_Training.aspx?UserMode=0","activitiesCount":0,"IsEmulationEnabled":false},{"Id":172,"childNodes":[],"description":"View your assigned observation checklists and, if applicable, self-asses each task and submit your assessment for approval.","iconPath":null,"integrationMode":3,"IsHidden":false,"helpUrl":"/Content/Learn/User Guides/Role Based User Guides/View and Self Assess My Observation.htm","IsPortalPage":false,"level":3,"name":"My Observation Checklists","nodeKey":"Learner_MyObservationCheckList","ordinalPosition":"11","parentId":636,"RelyingPartyId":2,"RPKey":"LM","tooltip":"View your assigned observation checklists and, if applicable, self-asses each task and submit your assessment for approval.","url":"app/../learner/observerChecklist/Index?UserMode=0","activitiesCount":0,"IsEmulationEnabled":false},{"Id":174,"childNodes":[],"description":"Used to approve or reject observation checklists to which the learner is an observer.","iconPath":null,"integrationMode":3,"IsHidden":false,"helpUrl":"/Content/Learn/User Guides/Role Based User Guides/View and Self Assess My Observation.htm","IsPortalPage":false,"level":3,"name":"Observer Checklists","nodeKey":"Learner_ObserverChecklist","ordinalPosition":"12","parentId":636,"RelyingPartyId":2,"RPKey":"LM","tooltip":"Used to approve or reject observation checklists to which the learner is an observer.","url":"app/../learner/observerChecklist/Observer?UserMode=0","activitiesCount":0,"IsEmulationEnabled":false},{"Id":1094,"childNodes":[],"description":"Provide views to learner whether EHRI request is approved or rejected.","iconPath":null,"integrationMode":3,"IsHidden":false,"helpUrl":"/Content/Learn/User Guides/Role Based User Guides/Manage Your Form Based Approvals.htm","IsPortalPage":false,"level":3,"name":"Form-Based Approval Requests","nodeKey":"Learner_MenuFormBasedApprovalRequests","ordinalPosition":"14","parentId":636,"RelyingPartyId":2,"RPKey":"LM","tooltip":"Provide views to learner whether EHRI request is approved or rejected.","url":"app/../learner/approvalworkflow/GetMyApprovalRequests","activitiesCount":0,"IsEmulationEnabled":false},{"Id":-2143,"childNodes":[],"description":"Training Requests","iconPath":null,"integrationMode":3,"IsHidden":false,"helpUrl":"/Content/Learn/WebHelp/Administrator Help/Manage Training Requests.htm","IsPortalPage":false,"level":3,"name":"Training Requests","nodeKey":"Learner_TrainingRequests","ordinalPosition":"15","parentId":636,"RelyingPartyId":2,"RPKey":"LM","tooltip":"Training Requests","url":"app/administrator/trainingrequest/ListTrainingRequest","activitiesCount":0,"IsEmulationEnabled":false}],"description":null,"iconPath":null,"integrationMode":3,"IsHidden":false,"helpUrl":null,"IsPortalPage":false,"level":2,"name":"Learning","nodeKey":"self_learning","ordinalPosition":"5","parentId":6,"RelyingPartyId":9,"RPKey":"ELIXHRUI","tooltip":null,"url":null,"activitiesCount":0,"IsEmulationEnabled":false},{"Id":637,"childNodes":[{"Id":308,"childNodes":[],"description":"Used to view Performance assessment history.","iconPath":null,"integrationMode":3,"IsHidden":false,"helpUrl":"/Content/Talent/Performance and Goals/Manage a User s Performance.htm","IsPortalPage":false,"level":3,"name":"My Assessments","nodeKey":"performance_myassessments","ordinalPosition":"1","parentId":637,"RelyingPartyId":5,"RPKey":"TM","tooltip":"Used to view Performance assessment history.","url":"scripts/lightyearisapi.dll?tasklst&crit_taskview_modulecd=performance&ttlnmcd=12507&employeepicker=portalgroupid%3dperformance%26portalitemid%3dmyassessments","activitiesCount":0,"IsEmulationEnabled":false},{"Id":309,"childNodes":[],"description":"Used to access observation checklists assigned to the learner.","iconPath":null,"integrationMode":3,"IsHidden":false,"helpUrl":"/Content/Talent/Performance and Goals/Manage personal Goals for_1.htm","IsPortalPage":false,"level":3,"name":"My Goals","nodeKey":"performance_mygoals","ordinalPosition":"2","parentId":637,"RelyingPartyId":5,"RPKey":"TM","tooltip":"Used to access observation checklists assigned to the learner.","url":"scripts/lightyearisapi.dll?matrixgoallist&sdatanavid=mygoals&sdatanavroot=1&sdatanavnmcd=61428&sdatatypcd=5005&sdataaction=view&matrixgoallist_sortcolumn=sdb_matrixgoal_goaldesctxt&matrixgoallist_sortorder=ASC&employeepicker=portalgroupid%3dperformance%26portalitemid%3dmygoals","activitiesCount":0,"IsEmulationEnabled":false},{"Id":286,"childNodes":[],"description":"Used to view and manage organization and personal goals, as well as the goals of any users to whom you have access.","iconPath":null,"integrationMode":3,"IsHidden":false,"helpUrl":"/Content/Talent/Performance and Goals/Manage Personal Goals for.htm","IsPortalPage":false,"level":3,"name":"Goal Explorer","nodeKey":"performance_goalexplorer","ordinalPosition":"4","parentId":637,"RelyingPartyId":5,"RPKey":"TM","tooltip":"Used to view and manage organization and personal goals, as well as the goals of any users to whom you have access.","url":"scripts/lightyearisapi.dll?webapicommand=processtask&sdataobjtyp=0&sdatatypcd=5100&sdatahierid=&sdatahierlevel=&sdatahiercode=&page=w&sdataevntid=0&employeepicker=portalgroupid%3dperformance%26portalitemid%3dgoalexplorer","activitiesCount":0,"IsEmulationEnabled":false},{"Id":186,"childNodes":[],"description":"Used to upload offline 360 Feedback forms.","iconPath":null,"integrationMode":3,"IsHidden":false,"helpUrl":"/Content/Talent/360 Feedback/Upload an Offline 360 Feedback.htm","IsPortalPage":false,"level":3,"name":"Upload Form","nodeKey":"performance_uploadform","ordinalPosition":"5","parentId":637,"RelyingPartyId":5,"RPKey":"TM","tooltip":"Used to upload offline 360 Feedback forms.","url":"scripts/lightyearisapi.dll?parsetemplate&template=home/upload.htm&employeepicker=portalgroupid%3dperformance%26portalitemid%3duploadform","activitiesCount":0,"IsEmulationEnabled":false},{"Id":-1115,"childNodes":[],"description":"Used to view Performance Snapshots","iconPath":null,"integrationMode":3,"IsHidden":false,"helpUrl":null,"IsPortalPage":false,"level":3,"name":"Performance Snapshots","nodeKey":"self_hrlyassessment","ordinalPosition":"6","parentId":637,"RelyingPartyId":9,"RPKey":"ELIXHRUI","tooltip":"Used to view Performance Snapshots","url":"#/administration/applications/common/hourlyassessment","activitiesCount":0,"IsEmulationEnabled":false}],"description":null,"iconPath":null,"integrationMode":3,"IsHidden":false,"helpUrl":null,"IsPortalPage":false,"level":2,"name":"Performance","nodeKey":"self_performance","ordinalPosition":"6","parentId":6,"RelyingPartyId":9,"RPKey":"ELIXHRUI","tooltip":null,"url":null,"activitiesCount":0,"IsEmulationEnabled":false},{"Id":634,"childNodes":[{"Id":1088,"childNodes":[],"description":"Used to manage career plan","iconPath":null,"integrationMode":3,"IsHidden":false,"helpUrl":"/Content/Core Platform/Core Platform Guide/Develop and Manage a Career.htm","IsPortalPage":false,"level":3,"name":"My Career Path","nodeKey":"development_careerplan","ordinalPosition":"2","parentId":634,"RelyingPartyId":9,"RPKey":"ELIXHRUI","tooltip":"Used to manage career plan","url":"#/careerplan","activitiesCount":0,"IsEmulationEnabled":false},{"Id":756,"childNodes":[],"description":"Used to access your Development Plan, used to track and assign tasks that can help you grow and develop in your career.","iconPath":null,"integrationMode":3,"IsHidden":false,"helpUrl":"/Content/Core Platform/Core Platform Guide/As an Individual Contributor.htm","IsPortalPage":false,"level":3,"name":"My Development Plan","nodeKey":"self_developmentplan","ordinalPosition":"3","parentId":634,"RelyingPartyId":9,"RPKey":"ELIXHRUI","tooltip":"Used to access your Development Plan, used to track and assign tasks that can help you grow and develop in your career.","url":"#/devplan","activitiesCount":0,"IsEmulationEnabled":false},{"Id":-1107,"childNodes":[],"description":"Competency Profile","iconPath":null,"integrationMode":3,"IsHidden":false,"helpUrl":"/Content/Core Platform/Core Platform Guide/View Your Competency Profile.htm","IsPortalPage":false,"level":3,"name":"Competency Profile","nodeKey":"Competency_Profile","ordinalPosition":"4","parentId":634,"RelyingPartyId":9,"RPKey":"ELIXHRUI","tooltip":"Competency Profile","url":"#/competencyprofile","activitiesCount":0,"IsEmulationEnabled":false},{"Id":238,"childNodes":[],"description":"Used to manage individual skill sets and requirements.","iconPath":null,"integrationMode":3,"IsHidden":false,"helpUrl":"/Content/Learn/User Guides/Role Based User Guides/Manage Your Skills.htm","IsPortalPage":false,"level":3,"name":"Skill Analysis","nodeKey":"Learner_MenuSkillAnalysis","ordinalPosition":"9","parentId":634,"RelyingPartyId":2,"RPKey":"LM","tooltip":"Used to manage individual skill sets and requirements.","url":"app/management/LMS_SkillGap.aspx?UserMode=0","activitiesCount":0,"IsEmulationEnabled":false},{"Id":162,"childNodes":[],"description":"Used to view your 360 Feedback assessment history.","iconPath":null,"integrationMode":3,"IsHidden":false,"helpUrl":"/Content/Talent/360 Feedback/Manage a User s 360 Feedback.htm","IsPortalPage":false,"level":3,"name":"My Assessments","nodeKey":"development_myassessments","ordinalPosition":"11","parentId":634,"RelyingPartyId":5,"RPKey":"TM","tooltip":"Used to view your 360 Feedback assessment history.","url":"scripts/lightyearisapi.dll?tasklst&crit_taskview_modulecd=360&ttlnmcd=80098&employeepicker=portalgroupid%3ddevelopment%26portalitemid%3dmyassessments","activitiesCount":0,"IsEmulationEnabled":false},{"Id":171,"childNodes":[],"description":"Used to view any continuing education requirements.","iconPath":null,"integrationMode":3,"IsHidden":false,"helpUrl":"/Content/Learn/User Guides/Continuing Education (CE) User Guide/Access Your CE Activities.htm","IsPortalPage":false,"level":3,"name":"CE Requirement Analysis","nodeKey":"Learner_MenuCERequirementAnalysis","ordinalPosition":"14","parentId":634,"RelyingPartyId":2,"RPKey":"LM","tooltip":"Used to view any continuing education requirements.","url":"app/management/LMS_CE_RequirementAnalysis.aspx?UserMode=0","activitiesCount":0,"IsEmulationEnabled":false},{"Id":175,"childNodes":[],"description":"Used to view assigned learning activities.","iconPath":null,"integrationMode":3,"IsHidden":false,"helpUrl":"/Content/Learn/User Guides/Role Based User Guides/Conduct a Training Analysis.htm","IsPortalPage":false,"level":3,"name":"Training Analysis","nodeKey":"Learner_MenuTrainingAnalysis","ordinalPosition":"16","parentId":634,"RelyingPartyId":2,"RPKey":"LM","tooltip":"Used to view assigned learning activities.","url":"app/management/LMS_TrainRequired.aspx?UserMode=0","activitiesCount":0,"IsEmulationEnabled":false}],"description":null,"iconPath":null,"integrationMode":3,"IsHidden":false,"helpUrl":null,"IsPortalPage":false,"level":2,"name":"Development","nodeKey":"self_development","ordinalPosition":"7","parentId":6,"RelyingPartyId":9,"RPKey":"ELIXHRUI","tooltip":null,"url":null,"activitiesCount":0,"IsEmulationEnabled":false},{"Id":639,"childNodes":[{"Id":311,"childNodes":[],"description":"Used to view Succession project assessment history.","iconPath":null,"integrationMode":3,"IsHidden":false,"helpUrl":"/Content/Talent/Succession/Manage a User s Succession.htm","IsPortalPage":false,"level":3,"name":"My Assessments","nodeKey":"succession_myassessments","ordinalPosition":"1","parentId":639,"RelyingPartyId":5,"RPKey":"TM","tooltip":"Used to view Succession project assessment history.","url":"scripts/lightyearisapi.dll?tasklst&crit_taskview_modulecd=succession&ttlnmcd=14116&employeepicker=portalgroupid%3dsuccession%26portalitemid%3dmyassessments","activitiesCount":0,"IsEmulationEnabled":false}],"description":"Used to manage Succession components, such as surveys, processes, and designers.","iconPath":null,"integrationMode":3,"IsHidden":false,"helpUrl":"/Content/Talent/Succession/Succession Overview.htm","IsPortalPage":false,"level":2,"name":"Succession","nodeKey":"self_succession","ordinalPosition":"12","parentId":6,"RelyingPartyId":9,"RPKey":"ELIXHRUI","tooltip":"Used to manage Succession components, such as surveys, processes, and designers.","url":null,"activitiesCount":0,"IsEmulationEnabled":false},{"Id":632,"childNodes":[{"Id":158,"childNodes":[],"description":"Collaboration Centers are an obsolete feature, so keep this page hidden.","iconPath":null,"integrationMode":3,"IsHidden":false,"helpUrl":null,"IsPortalPage":false,"level":3,"name":"Communities","nodeKey":"Learner_MenuCommunities","ordinalPosition":"0","parentId":632,"RelyingPartyId":2,"RPKey":"LM","tooltip":"Collaboration Centers are an obsolete feature, so keep this page hidden.","url":"app/social/CommunityList.aspx","activitiesCount":0,"IsEmulationEnabled":false},{"Id":159,"childNodes":[],"description":"Collaboration Centers are an obsolete feature, so keep this page hidden.","iconPath":null,"integrationMode":3,"IsHidden":false,"helpUrl":null,"IsPortalPage":false,"level":3,"name":"Community Updates","nodeKey":"Learner_MenuCommunityUpdates","ordinalPosition":"1","parentId":632,"RelyingPartyId":2,"RPKey":"LM","tooltip":"Collaboration Centers are an obsolete feature, so keep this page hidden.","url":"app/management/Social_CommunityUpdates.aspx","activitiesCount":0,"IsEmulationEnabled":false},{"Id":1101,"childNodes":[],"description":"Continuous review landing page.","iconPath":null,"integrationMode":3,"IsHidden":false,"helpUrl":"/Content/Core Platform/Core Platform Guide/Using Continuous Feedback.htm","IsPortalPage":false,"level":3,"name":"Continuous Feedback","nodeKey":"self_continuousreview","ordinalPosition":"2","parentId":632,"RelyingPartyId":9,"RPKey":"ELIXHRUI","tooltip":"Continuous review landing page.","url":"#/continuousfeedback/dashboard","activitiesCount":0,"IsEmulationEnabled":false},{"Id":-2179,"childNodes":[],"description":"Social Communities","iconPath":null,"integrationMode":3,"IsHidden":false,"helpUrl":"/Content/Core Platform/Core Platform Guide/Using Social.htm","IsPortalPage":false,"level":3,"name":"Social Communities","nodeKey":"SOCIAL_COMMUNITIES","ordinalPosition":"4","parentId":632,"RelyingPartyId":9,"RPKey":"ELIXHRUI","tooltip":"Social Communities","url":"#/socialCommunities","activitiesCount":0,"IsEmulationEnabled":false}],"description":null,"iconPath":null,"integrationMode":3,"IsHidden":false,"helpUrl":null,"IsPortalPage":false,"level":2,"name":"Collaboration","nodeKey":"self_collaboration","ordinalPosition":"14","parentId":6,"RelyingPartyId":9,"RPKey":"ELIXHRUI","tooltip":null,"url":null,"activitiesCount":0,"IsEmulationEnabled":false},{"Id":638,"childNodes":[{"Id":352,"childNodes":[],"description":"Used to access Advanced Reporting.","iconPath":null,"integrationMode":3,"IsHidden":false,"helpUrl":null,"IsPortalPage":false,"level":3,"name":"Advanced Reporting","nodeKey":"Advanced_Reporting","ordinalPosition":"0","parentId":638,"RelyingPartyId":10,"RPKey":"AdvancedReport","tooltip":"Used to access Advanced Reporting.","url":"https://CL12SALES.sumtotaldevelopment.net/jasperserver-pro","activitiesCount":0,"IsEmulationEnabled":false},{"Id":695,"childNodes":[],"description":"This is Learn legacy link and should remain hidden. Use the Self >Reporting >Training Transcript instead.","iconPath":null,"integrationMode":3,"IsHidden":false,"helpUrl":null,"IsPortalPage":false,"level":3,"name":"Training Transcript","nodeKey":"Learner_MenuTrainingTranscript","ordinalPosition":"3","parentId":638,"RelyingPartyId":2,"RPKey":"LM","tooltip":"This is Learn legacy link and should remain hidden. Use the Self >Reporting >Training Transcript instead.","url":"app/management/LMS_LearnerReports.aspx?UserMode=0&Mode=1","activitiesCount":0,"IsEmulationEnabled":false}],"description":null,"iconPath":null,"integrationMode":3,"IsHidden":false,"helpUrl":null,"IsPortalPage":false,"level":2,"name":"Reporting","nodeKey":"self_reporting","ordinalPosition":"15","parentId":6,"RelyingPartyId":9,"RPKey":"ELIXHRUI","tooltip":null,"url":null,"activitiesCount":0,"IsEmulationEnabled":false},{"Id":894,"childNodes":[],"description":"Used to display team hierarchy.","iconPath":null,"integrationMode":3,"IsHidden":false,"helpUrl":"/Content/Core Platform/Core Platform Guide/View My Team.htm","IsPortalPage":false,"level":2,"name":"My Team","nodeKey":"self_myteam","ordinalPosition":"16","parentId":6,"RelyingPartyId":9,"RPKey":"ELIXHRUI","tooltip":"Used to display team hierarchy.","url":"#/organization","activitiesCount":0,"IsEmulationEnabled":false},{"Id":701,"childNodes":[],"description":"Used to view and record personal notes.","iconPath":null,"integrationMode":3,"IsHidden":false,"helpUrl":"/Content/Talent/Common Functions/Record Personal Notes.htm","IsPortalPage":false,"level":2,"name":"Notes","nodeKey":"main_notes","ordinalPosition":"17","parentId":6,"RelyingPartyId":5,"RPKey":"TM","tooltip":"Used to view and record personal notes.","url":"scripts/lightyearisapi.dll?processtask&sdataobjtyp=0&sdataevntid=0&sdatatypcd=22&sdataacttypcd=23&sdataprnttypcd=&sdataprntactid=&sdatarecipid=#{personpk}&sdatarsrcid=#{personpk}&bmulti=0&bhasparent=0&employeepicker=portalgroupid%3dmain%26portalitemid%3dnotes","activitiesCount":0,"IsEmulationEnabled":false},{"Id":-1119,"childNodes":[],"description":"See the top Gamification scores","iconPath":null,"integrationMode":3,"IsHidden":false,"helpUrl":"/Content/Core Platform/Core Platform Guide/View the Leaderboard.htm","IsPortalPage":false,"level":2,"name":"Leaderboards","nodeKey":"self_leaderboard","ordinalPosition":"18","parentId":6,"RelyingPartyId":14,"RPKey":"GAM","tooltip":"See the top Gamification scores","url":"#/gamification/leaderBoard","activitiesCount":0,"IsEmulationEnabled":false},{"Id":651,"childNodes":[],"description":"Used to change questions and answers used to recover a forgotten password.","iconPath":null,"integrationMode":3,"IsHidden":false,"helpUrl":"/Content/Core Platform/Core Platform Guide/Change Answers to Your Password.htm","IsPortalPage":false,"level":2,"name":"Change Security Questions","nodeKey":"self_questions","ordinalPosition":"21","parentId":6,"RelyingPartyId":9,"RPKey":"ELIXHRUI","tooltip":"Used to change questions and answers used to recover a forgotten password.","url":"#/usersecurityquestion","activitiesCount":0,"IsEmulationEnabled":false}],"description":null,"iconPath":"fa-user","integrationMode":3,"IsHidden":false,"helpUrl":"/Content/Core Platform/Core Platform Guide/My Profile.htm","IsPortalPage":false,"level":1,"name":"Self","nodeKey":"self_header","ordinalPosition":"0","parentId":null,"RelyingPartyId":9,"RPKey":"ELIXHRUI","tooltip":null,"url":"#/dash/profile","activitiesCount":0,"IsEmulationEnabled":false},{"Id":332,"childNodes":[],"description":"Used to access the Learn content library.","iconPath":"fa-library-custom","integrationMode":3,"IsHidden":false,"helpUrl":"/Content/Learn/User Guides/Role Based User Guides/Access the Library to Find.htm","IsPortalPage":false,"level":1,"name":"Library","nodeKey":"Learner_MenuTaxonomy","ordinalPosition":"2","parentId":null,"RelyingPartyId":9,"RPKey":"ELIXHRUI","tooltip":"Used to access the Learn content library.","url":"#/library","activitiesCount":0,"IsEmulationEnabled":false},{"Id":3,"childNodes":[],"description":"Displays the log in the Header menu, used to access the home dashboard.","iconPath":null,"integrationMode":3,"IsHidden":false,"helpUrl":"/Content/Core Platform/Core Platform Guide/Dashboards.htm","IsPortalPage":false,"level":1,"name":"Home","nodeKey":"home_header","ordinalPosition":"4","parentId":null,"RelyingPartyId":9,"RPKey":"ELIXHRUI","tooltip":"Displays the log in the Header menu, used to access the home dashboard.","url":"#","activitiesCount":0,"IsEmulationEnabled":false},{"Id":5,"childNodes":[],"description":"Used to access Enterprise Search.","iconPath":"fa fa-search","integrationMode":3,"IsHidden":false,"helpUrl":"/Content/Core Platform/Core Platform Guide/Using Enterprise Search.htm","IsPortalPage":false,"level":1,"name":"Search","nodeKey":"search_header","ordinalPosition":"5","parentId":null,"RelyingPartyId":9,"RPKey":"ELIXHRUI","tooltip":"Used to access Enterprise Search.","url":"#/search","activitiesCount":0,"IsEmulationEnabled":false},{"Id":2,"childNodes":[],"description":"Used to open the personal Alerts Timeline.","iconPath":"fa fa-list-ul","integrationMode":3,"IsHidden":false,"helpUrl":"/Content/Core Platform/Core Platform Guide/View Your Timeline and Alerts.htm","IsPortalPage":false,"level":1,"name":"Alert","nodeKey":"alert_header","ordinalPosition":"6","parentId":null,"RelyingPartyId":9,"RPKey":"ELIXHRUI","tooltip":"Used to open the personal Alerts Timeline.","url":null,"activitiesCount":0,"IsEmulationEnabled":false},{"Id":668,"childNodes":[],"description":"Used to access online help.","iconPath":"fa fa-question-circle","integrationMode":3,"IsHidden":false,"helpUrl":null,"IsPortalPage":false,"level":1,"name":"Help","nodeKey":"help_header","ordinalPosition":"7","parentId":null,"RelyingPartyId":9,"RPKey":"ELIXHRUI","tooltip":"Used to access online help.","url":null,"activitiesCount":0,"IsEmulationEnabled":false},{"Id":880,"childNodes":[],"description":null,"iconPath":"fa fa-shoppingcart","integrationMode":3,"IsHidden":false,"helpUrl":"/Content/Learn/User Guides/E-Com and EE Guide/Shop for Extended Enterprise.htm","IsPortalPage":false,"level":1,"name":"Shopping Cart","nodeKey":"cart_header","ordinalPosition":"8","parentId":null,"RelyingPartyId":2,"RPKey":"LM","tooltip":null,"url":"app/core/shoppingcart/checkout","activitiesCount":0,"IsEmulationEnabled":false}],"PillarsByKey":{"Expense":{"changePasswordUrl":"http://cl12sales.sumtotaldevelopment.net/portalWS/services/passwordManagementService","forgotPasswordUrl":"http://cl12sales.sumtotaldevelopment.net/expense/session.do?method=forgotPassword","hasMyTasks":false,"hasPortalHomescreen":true,"hasSitemap":true,"homescreenPath":"Expense.aspx","id":1,"isEnabled":false,"isMaster":false,"isPillar":true,"loginEndpoint":"","logOffEndpoint":"","logOffUrl":"http://cl12sales.sumtotaldevelopment.net/LogOff.aspx","name":"Expense","realm":"SUMT:CL12_SALES_TEST_Expense","rpKey":"Expense","serviceUrl":null,"sitemapOrdinalPosition":6,"tenantKey":null,"url":"http://cl12sales.sumtotaldevelopment.net/","webServiceRootUrl":null,"requiresSeperateIFrame":false,"iframeUrl":null},"LM":{"changePasswordUrl":"https://CL12SALES.sumtotaldevelopment.net/learning/UserManagement.svc","forgotPasswordUrl":"https://CL12SALES.sumtotaldevelopment.net/learning/app/LMS_ForgottenPWD.aspx","hasMyTasks":false,"hasPortalHomescreen":true,"hasSitemap":true,"homescreenPath":"LM.aspx","id":2,"isEnabled":true,"isMaster":false,"isPillar":true,"loginEndpoint":"","logOffEndpoint":"","logOffUrl":"https://CL12SALES.sumtotaldevelopment.net/learning/app/SYS_login.aspx?Exit=1","name":"Learning","realm":"https://CL12SALES.sumtotaldevelopment.net/learning/","rpKey":"LM","serviceUrl":null,"sitemapOrdinalPosition":0,"tenantKey":null,"url":"https://CL12SALES.sumtotaldevelopment.net/learning/","webServiceRootUrl":null,"requiresSeperateIFrame":false,"iframeUrl":null},"MaestroLM":{"changePasswordUrl":"http://cl12sales.sumtotaldevelopment.net/ApplicationPillar/NotYetSupported","forgotPasswordUrl":"http://cl12sales.sumtotaldevelopment.net/ApplicationPillar/forgetpass.geo","hasMyTasks":false,"hasPortalHomescreen":false,"hasSitemap":true,"homescreenPath":"myhome.geo","id":3,"isEnabled":false,"isMaster":false,"isPillar":true,"loginEndpoint":"","logOffEndpoint":"","logOffUrl":"http://cl12sales.sumtotaldevelopment.net/ApplicationPillar/logout.geo","name":"Maestro","realm":"SUMT:CL12_SALES_TEST_MaestroLM","rpKey":"MaestroLM","serviceUrl":null,"sitemapOrdinalPosition":3,"tenantKey":null,"url":"http://cl12sales.sumtotaldevelopment.net/ApplicationPillar/","webServiceRootUrl":null,"requiresSeperateIFrame":false,"iframeUrl":null},"PayrollSS":{"changePasswordUrl":"http://cl12sales.sumtotaldevelopment.net/payroll/NotYetSupported","forgotPasswordUrl":"http://cl12sales.sumtotaldevelopment.net/payroll/SelfService?node=Login&direction=Reset","hasMyTasks":false,"hasPortalHomescreen":true,"hasSitemap":true,"homescreenPath":"PayrollSS.aspx","id":4,"isEnabled":false,"isMaster":false,"isPillar":true,"loginEndpoint":"","logOffEndpoint":"","logOffUrl":"http://cl12sales.sumtotaldevelopment.net/payroll/SelfService?node=logout","name":"Payroll Self Service","realm":"SUMT:CL12_SALES_TEST_PayrollSS","rpKey":"PayrollSS","serviceUrl":null,"sitemapOrdinalPosition":4,"tenantKey":null,"url":"http://cl12sales.sumtotaldevelopment.net/payroll/","webServiceRootUrl":null,"requiresSeperateIFrame":false,"iframeUrl":null},"TM":{"changePasswordUrl":"https://CL12SALES.sumtotaldevelopment.net/scripts/lightyearisapi.dll?soapprocess2","forgotPasswordUrl":"https://CL12SALES.sumtotaldevelopment.net/scripts/lightyearisapi.dll?webapicommand=outputresource&amp;resource=login/forgottenpassword.htm&amp;clientcd=47&amp;lngcd=0&amp;siteid=internal","hasMyTasks":false,"hasPortalHomescreen":true,"hasSitemap":true,"homescreenPath":"TM.aspx","id":5,"isEnabled":true,"isMaster":false,"isPillar":true,"loginEndpoint":"","logOffEndpoint":"","logOffUrl":"https://CL12SALES.sumtotaldevelopment.net/scripts/lightyearisapi.dll?logoff","name":"Talent","realm":"https://CL12SALES.sumtotaldevelopment.net/","rpKey":"TM","serviceUrl":null,"sitemapOrdinalPosition":1,"tenantKey":null,"url":"https://CL12SALES.sumtotaldevelopment.net/","webServiceRootUrl":null,"requiresSeperateIFrame":true,"iframeUrl":"https://CL12SALES.sumtotaldevelopment.net//scripts/lightyearisapi.dll?buildworkspaceframeset&portal=1&tenantkey=CL12_SALES_TEST"},"WFM":{"changePasswordUrl":"https://wfmint181.sumtotaldemo.net/ws/soap/","forgotPasswordUrl":"https://wfmint181.sumtotaldemo.net/wfm/forgotpassword","hasMyTasks":false,"hasPortalHomescreen":true,"hasSitemap":true,"homescreenPath":"WFM.aspx","id":6,"isEnabled":false,"isMaster":false,"isPillar":true,"loginEndpoint":"","logOffEndpoint":"","logOffUrl":"https://wfmint181.sumtotaldemo.net/wfm/logout/?otherapps","name":"WFM","realm":"https://wfm.sumtotalsystems.com/MASTER_PROD","rpKey":"WFM","serviceUrl":null,"sitemapOrdinalPosition":2,"tenantKey":null,"url":"https://wfmint181.sumtotaldemo.net/","webServiceRootUrl":null,"requiresSeperateIFrame":false,"iframeUrl":null},"Analytics":{"changePasswordUrl":"https://supp-bi-master.sumtotaldemo.net/ibmcognos/NotYetSupported","forgotPasswordUrl":"https://supp-bi-master.sumtotaldemo.net/ibmcognos/NotYetSupported","hasMyTasks":false,"hasPortalHomescreen":false,"hasSitemap":false,"homescreenPath":null,"id":7,"isEnabled":true,"isMaster":false,"isPillar":false,"loginEndpoint":"","logOffEndpoint":"","logOffUrl":"https://supp-bi-master.sumtotaldemo.net/ibmcognos/cgi-bin/cognosisapi.dll?b_action=xts.run&m=portal/logoff.xts&h_CAM_action=logoff","name":"Analytics","realm":"https://supp-bi-master.sumtotaldemo.net/ibmcognos/","rpKey":"Analytics","serviceUrl":null,"sitemapOrdinalPosition":-1,"tenantKey":null,"url":"https://supp-bi-master.sumtotaldemo.net/ibmcognos/cgi-bin/cognosisapi.dll","webServiceRootUrl":null,"requiresSeperateIFrame":false,"iframeUrl":null},"PayrollFF":{"changePasswordUrl":"http://cl12sales.sumtotaldevelopment.net/ApplicationPillar/NotYetSupported","forgotPasswordUrl":"http://cl12sales.sumtotaldevelopment.net/ApplicationPillar/NotYetSupported","hasMyTasks":false,"hasPortalHomescreen":false,"hasSitemap":false,"homescreenPath":null,"id":8,"isEnabled":false,"isMaster":false,"isPillar":false,"loginEndpoint":"","logOffEndpoint":"","logOffUrl":"http://cl12sales.sumtotaldevelopment.net:8080/LogOff.aspx","name":"Payroll Fast Forward","realm":"SUMT:CL12_SALES_TEST_PayrollFF","rpKey":"PayrollFF","serviceUrl":null,"sitemapOrdinalPosition":5,"tenantKey":null,"url":"http://cl12sales.sumtotaldevelopment.net:8080/","webServiceRootUrl":null,"requiresSeperateIFrame":false,"iframeUrl":null},"ELIXHRUI":{"changePasswordUrl":"https://CL12SALES.sumtotaldevelopment.net/core/NotYetSupported","forgotPasswordUrl":"https://CL12SALES.sumtotaldevelopment.net/core/NotYetSupported","hasMyTasks":false,"hasPortalHomescreen":false,"hasSitemap":false,"homescreenPath":null,"id":9,"isEnabled":true,"isMaster":true,"isPillar":false,"loginEndpoint":"","logOffEndpoint":"","logOffUrl":"https://CL12SALES.sumtotaldevelopment.net/core/publicaccess/logoff","name":"elixHR UI","realm":"https://CL12SALES.sumtotaldevelopment.net/core/","rpKey":"ELIXHRUI","serviceUrl":null,"sitemapOrdinalPosition":0,"tenantKey":null,"url":"https://CL12SALES.sumtotaldevelopment.net/core/","webServiceRootUrl":null,"requiresSeperateIFrame":false,"iframeUrl":null},"AdvancedReport":{"changePasswordUrl":"https://CL12SALES.sumtotaldevelopment.net/jasperserver-pro","forgotPasswordUrl":"https://CL12SALES.sumtotaldevelopment.net/jasperserver-pro","hasMyTasks":false,"hasPortalHomescreen":false,"hasSitemap":false,"homescreenPath":null,"id":10,"isEnabled":true,"isMaster":false,"isPillar":false,"loginEndpoint":"","logOffEndpoint":"","logOffUrl":"https://CL12SALES.sumtotaldevelopment.net/jasperserver-pro/exituser.html","name":"Advanced Reporting","realm":"https://CL12SALES.sumtotaldevelopment.net/jasperserver-pro","rpKey":"AdvancedReport","serviceUrl":null,"sitemapOrdinalPosition":0,"tenantKey":null,"url":"https://CL12SALES.sumtotaldevelopment.net/jasperserver-pro","webServiceRootUrl":null,"requiresSeperateIFrame":false,"iframeUrl":null},"JobBoard":{"changePasswordUrl":"https://CL12SALES.sumtotaldevelopment.net/Careers/reset","forgotPasswordUrl":"https://CL12SALES.sumtotaldevelopment.net/Careers/NotYetSupported","hasMyTasks":false,"hasPortalHomescreen":false,"hasSitemap":false,"homescreenPath":null,"id":11,"isEnabled":true,"isMaster":false,"isPillar":false,"loginEndpoint":"","logOffEndpoint":"","logOffUrl":"https://CL12SALES.sumtotaldevelopment.net/Careers/signout","name":"External Job Board","realm":"https://CL12SALES.sumtotaldevelopment.net/Careers/","rpKey":"JobBoard","serviceUrl":null,"sitemapOrdinalPosition":0,"tenantKey":null,"url":"https://CL12SALES.sumtotaldevelopment.net/Careers/","webServiceRootUrl":null,"requiresSeperateIFrame":false,"iframeUrl":null},"JobBoardPWA":{"changePasswordUrl":"https://CL12SALES.sumtotaldevelopment.net/PWA/reset","forgotPasswordUrl":"https://CL12SALES.sumtotaldevelopment.net/PWA/NotYetSupported","hasMyTasks":false,"hasPortalHomescreen":false,"hasSitemap":false,"homescreenPath":null,"id":12,"isEnabled":true,"isMaster":false,"isPillar":false,"loginEndpoint":"","logOffEndpoint":"","logOffUrl":"https://CL12SALES.sumtotaldevelopment.net/PWA/signout","name":"External Job Board PWA","realm":"https://CL12SALES.sumtotaldevelopment.net/PWA/","rpKey":"JobBoardPWA","serviceUrl":null,"sitemapOrdinalPosition":0,"tenantKey":null,"url":"https://CL12SALES.sumtotaldevelopment.net/PWA/","webServiceRootUrl":null,"requiresSeperateIFrame":false,"iframeUrl":null},"ContentEngine":{"changePasswordUrl":"https://CL12SALES.sumtotaldevelopment.net/core/NotYetSupported","forgotPasswordUrl":"https://CL12SALES.sumtotaldevelopment.net/core/NotYetSupported","hasMyTasks":false,"hasPortalHomescreen":false,"hasSitemap":false,"homescreenPath":null,"id":13,"isEnabled":true,"isMaster":false,"isPillar":true,"loginEndpoint":"","logOffEndpoint":"","logOffUrl":"https://CL12SALES.sumtotaldevelopment.net/contentengine/NotApplicable","name":"Content Engine","realm":"https://CL12SALES.sumtotaldevelopment.net/contentengine/","rpKey":"ContentEngine","serviceUrl":null,"sitemapOrdinalPosition":0,"tenantKey":null,"url":"https://CL12SALES.sumtotaldevelopment.net/contentengine/","webServiceRootUrl":null,"requiresSeperateIFrame":false,"iframeUrl":null},"GAM":{"changePasswordUrl":"http://CL-UGM12A:3000/api/gamification/NotYetSupported","forgotPasswordUrl":"http://CL-UGM12A:3000/api/gamification/NotYetSupported","hasMyTasks":false,"hasPortalHomescreen":false,"hasSitemap":false,"homescreenPath":null,"id":14,"isEnabled":true,"isMaster":false,"isPillar":false,"loginEndpoint":"","logOffEndpoint":"","logOffUrl":"http://CL-UGM12A:3000/api/gamification/NotYetSupported","name":"Gamification Service","realm":"http://CL-UGM12A:3000/api/gamification","rpKey":"GAM","serviceUrl":null,"sitemapOrdinalPosition":0,"tenantKey":null,"url":"http://CL-UGM12A:3000/api/gamification","webServiceRootUrl":null,"requiresSeperateIFrame":false,"iframeUrl":null},"BrowserExtension":{"changePasswordUrl":"https://CL12SALES.sumtotaldevelopment.net/core/NotYetSupported","forgotPasswordUrl":"https://CL12SALES.sumtotaldevelopment.net/core/NotYetSupported","hasMyTasks":false,"hasPortalHomescreen":false,"hasSitemap":false,"homescreenPath":null,"id":15,"isEnabled":true,"isMaster":false,"isPillar":true,"loginEndpoint":"","logOffEndpoint":"","logOffUrl":"https://CL12SALES.sumtotaldevelopment.net/browserextension/NotApplicable","name":"Browser Extension","realm":"https://CL12SALES.sumtotaldevelopment.net/browserextension/","rpKey":"BrowserExtension","serviceUrl":null,"sitemapOrdinalPosition":0,"tenantKey":null,"url":"https://CL12SALES.sumtotaldevelopment.net/browserextension/","webServiceRootUrl":null,"requiresSeperateIFrame":false,"iframeUrl":null}}},"dashboardSitemap":{"Hash":"-1009093382","IsChanged":true,"KeyedHomePages":{},"Nodes":[{"Id":-1117,"childNodes":[{"Id":-23,"childNodes":[{"Id":-238,"childNodes":[],"description":"Position Status","iconPath":null,"integrationMode":1,"IsHidden":false,"helpUrl":null,"IsPortalPage":false,"level":3,"name":"Position Status","nodeKey":"dashboard_238_Position_Status","ordinalPosition":null,"parentId":23,"RelyingPartyId":9,"RPKey":"ELIXHRUI","tooltip":null,"url":"#/dash/BSDTest/Position_Status","activitiesCount":0,"IsEmulationEnabled":false},{"Id":-240,"childNodes":[],"description":"Compliance Information by Organization and Critical Certifications","iconPath":null,"integrationMode":1,"IsHidden":false,"helpUrl":null,"IsPortalPage":false,"level":3,"name":"Compliance","nodeKey":"dashboard_240_Compliance","ordinalPosition":null,"parentId":23,"RelyingPartyId":9,"RPKey":"ELIXHRUI","tooltip":null,"url":"#/dash/BSDTest/Compliance_Metrics","activitiesCount":0,"IsEmulationEnabled":false}],"description":"Safe to delete","iconPath":null,"integrationMode":1,"IsHidden":false,"helpUrl":null,"IsPortalPage":false,"level":2,"name":"Embedded Reporting","nodeKey":"dashboard_23_Embedded_Reporting","ordinalPosition":null,"parentId":-1117,"RelyingPartyId":9,"RPKey":"ELIXHRUI","tooltip":null,"url":"","activitiesCount":0,"IsEmulationEnabled":false},{"Id":-233,"childNodes":[],"description":"What's New","iconPath":null,"integrationMode":1,"IsHidden":false,"helpUrl":null,"IsPortalPage":false,"level":2,"name":"What's New","nodeKey":"dashboard_233_What's_New","ordinalPosition":null,"parentId":26,"RelyingPartyId":9,"RPKey":"ELIXHRUI","tooltip":null,"url":"#/dash/wn-pe/initial","activitiesCount":0,"IsEmulationEnabled":false},{"Id":-234,"childNodes":[],"description":"Recommended Training","iconPath":null,"integrationMode":1,"IsHidden":false,"helpUrl":null,"IsPortalPage":false,"level":2,"name":"Recommendations","nodeKey":"dashboard_234_Recommended_Training","ordinalPosition":null,"parentId":27,"RelyingPartyId":9,"RPKey":"ELIXHRUI","tooltip":null,"url":"#/dash/rl/initial","activitiesCount":0,"IsEmulationEnabled":false},{"Id":-236,"childNodes":[],"description":"Aggregation","iconPath":null,"integrationMode":1,"IsHidden":false,"helpUrl":null,"IsPortalPage":false,"level":2,"name":"Aggregation","nodeKey":"dashboard_236_Aggregation","ordinalPosition":null,"parentId":29,"RelyingPartyId":9,"RPKey":"ELIXHRUI","tooltip":null,"url":"#/dash/aggregation/initial","activitiesCount":0,"IsEmulationEnabled":false},{"Id":-237,"childNodes":[],"description":"Branding","iconPath":null,"integrationMode":1,"IsHidden":false,"helpUrl":null,"IsPortalPage":false,"level":2,"name":"Branding","nodeKey":"dashboard_237_Branding","ordinalPosition":null,"parentId":30,"RelyingPartyId":9,"RPKey":"ELIXHRUI","tooltip":null,"url":"#/dash/Branding/initial","activitiesCount":0,"IsEmulationEnabled":false},{"Id":-239,"childNodes":[],"description":"Time","iconPath":null,"integrationMode":1,"IsHidden":false,"helpUrl":null,"IsPortalPage":false,"level":2,"name":"Time","nodeKey":"dashboard_239_Time","ordinalPosition":null,"parentId":31,"RelyingPartyId":9,"RPKey":"ELIXHRUI","tooltip":null,"url":"#/dash/Time/initial","activitiesCount":0,"IsEmulationEnabled":false},{"Id":-241,"childNodes":[],"description":"Experience First","iconPath":null,"integrationMode":1,"IsHidden":false,"helpUrl":null,"IsPortalPage":false,"level":2,"name":"Experience First","nodeKey":"dashboard_241_Experience_First","ordinalPosition":null,"parentId":32,"RelyingPartyId":9,"RPKey":"ELIXHRUI","tooltip":null,"url":"#/dash/engage/initial","activitiesCount":0,"IsEmulationEnabled":false},{"Id":-244,"childNodes":[],"description":"timeline","iconPath":null,"integrationMode":1,"IsHidden":false,"helpUrl":null,"IsPortalPage":false,"level":2,"name":"timeline","nodeKey":"dashboard_244_timeline","ordinalPosition":null,"parentId":35,"RelyingPartyId":9,"RPKey":"ELIXHRUI","tooltip":null,"url":"#/dash/timeline/initial","activitiesCount":0,"IsEmulationEnabled":false},{"Id":-246,"childNodes":[],"description":"AboutMeDB_12am","iconPath":null,"integrationMode":1,"IsHidden":false,"helpUrl":null,"IsPortalPage":false,"level":2,"name":"AboutMeDB_12am","nodeKey":"dashboard_246_AboutMeDB_12am","ordinalPosition":null,"parentId":37,"RelyingPartyId":9,"RPKey":"ELIXHRUI","tooltip":null,"url":"#/dash/AboutMeDB_12am/initial","activitiesCount":0,"IsEmulationEnabled":false},{"Id":-247,"childNodes":[],"description":"DashBoard_Elix9427_12am","iconPath":null,"integrationMode":1,"IsHidden":false,"helpUrl":null,"IsPortalPage":false,"level":2,"name":"DashBoard_Elix9427_12am","nodeKey":"dashboard_247_DashBoard_Elix9427_12am","ordinalPosition":null,"parentId":38,"RelyingPartyId":9,"RPKey":"ELIXHRUI","tooltip":null,"url":"#/dash/DashBoard_Elix9427_12am/initial","activitiesCount":0,"IsEmulationEnabled":false}],"description":"Displays list of dashboards to which the user has access.","iconPath":null,"integrationMode":3,"IsHidden":false,"helpUrl":"/Content/Core Platform/Core Platform Guide/Configuring Dashboards.htm","IsPortalPage":false,"level":0,"name":"Dashboards","nodeKey":"manage_dashboard_listmenu","ordinalPosition":"0","parentId":6,"RelyingPartyId":9,"RPKey":"ELIXHRUI","tooltip":"Displays list of dashboards to which the user has access.","url":null,"activitiesCount":0,"IsEmulationEnabled":false}],"PillarsByKey":null},"identity":{"EmulatorUserId":null,"EmulatorUserName":null,"IsEmulating":false,"IsRequestLogEnabled":false,"LogLevel":8,"ProperName":"Moderator Moderator","UserId":"1252D64C27E97EBCC615775F6386491D","Id":100891,"UserName":"Moderator"},"culture":{"displayName":"English (United States)","englishName":"English (United States)","lcid":1033,"name":"en-US","nativeName":"English (United States)","isRTL":false,"DateFormat":"MM/dd/yyyy","TimeFormat":"hh:mm a"},"theme":{"hash":-1147512898,"currentTheme":{"CanDelete":false,"CanPersonalize":false,"ClientJSON":{"colors":["#33738a","#e1e6e3","#794544","#7396a2","#c3c356","#aca88b","#34b454"],"axisColor":"#5b5b5b","gridColor":"#5b5b5b","textColor":"#5b5b5b","borderColor":"#ffffff","backgroundColor":"#ffffff","labelColor":"#5b5b5b","@IsThemed":"0","@fonts-path":"'Content/Common/assets/fonts/'","@fontawesome-version":"'4.3.0'","@opensans-version":"'v10'","@font-size-size12":"(@font-size-base * 0.75)","@font-size-size14":"(@font-size-base * 0.875)","@font-size-size18":"(@font-size-base * 1.125)","@sumt-webpart-bg":"transparent","@sumt-webpart-text":"@text-color","@sumt-webpart-header-bg":"transparent","@sumt-webpart-header-text":"inherit","@sumt-card-bg":"#f5f5f5","@sumt-card-height-base":"120px","@sumt-card-list-border":"#ccc","@sumt-card-list-header-border":"#999","@left-nav-width":"320px","@left-nav-header-height":"100px","@left-nav-parent-color":"#8fc9f2","@left-nav-body-background":"#0d446c","@left-nav-header-hover":"#2b9ded","@left-nav-header-background":"#0d446c","@left-nav-childnode-background":"#0c3b5e","@left-nav-node-hover":"#2b9ded","@left-nav-text-color":"#ffffff","@toolbar-background-hover":"#CCD0D6","@toolbar-border-color":"#ADADAD","@toolbar-vertical-margin":".3125rem","@toolbar-bg":"#fafbfb","@toolbar-line-height":"1.5625rem","@toolbar-text-color":"#333","@toolbar-button-vertical-margin":".5rem","@toolbar-hover":"#ccd0d6","@btn-disabled-color":"#999","@sumt-btn-default-color":"#247b97","@slideout-close-btn-bg":"#f27c2a","@slideout-close-color":"#fff","@slideout-width":"22.1875rem","@slideout-leftside-width":"20.3125rem","@slideout-leftside-bg":"#eeeeee","@slideout-item-bordercolor":"#999","@h1-margin":"@line-height-computed 0 @line-height-computed 0","@h2-margin":"@line-height-computed 0 0.625rem 0","@h3-margin":"@line-height-computed 0 0.625rem 0","@h4-margin":"(@line-height-computed / 2) 0 (@line-height-computed / 2) 0","@h5-margin":"(@line-height-computed / 2) 0 (@line-height-computed / 2) 0","@h6-margin":"(@line-height-computed / 2) 0 (@line-height-computed / 2) 0","@timeline-one-rem":"1rem","@timeline-two-rem":"2rem","@timeline-three-rem":"3rem","@one-rem":"1rem","@one-and-half-rem":"1.5rem","@page-dot-size":".6875rem","@header-margins":".2rem","@notification-tile-bg":"#00aed3","@notificaiton-tile-white":"#fff","@loader-color-light":"lighten(@gray-base, 90%)","@loader-color-dark":"lighten(@gray-base, 65%)","@box-shadow-color":"#e5e5e5","@page-container-margin":"2rem","@table-header-border-color":"#adadad","@nav-pills-active-link-hover-border":"#227AB9","@margin-base":"1rem","@tree-title-box":"#428bca","@tree-title-border":"#e5e5e5","@tree-border-color":"#999","@tree-title-color":"#ffffff","@tree-text-color":"@brand-primary","@tree-complete-check":"#1fbba6","@tree-level-one":"#ffffff","@tree-level-two":"#f2f2f2","@tree-level-three":"#e1e1e1","@gray-base":"#33352f","@gray-darker":"lighten(@gray-base, 13.5%)","@gray-dark":"lighten(@gray-base, 20%)","@gray":"lighten(@gray-base, 33.5%)","@gray-light":"lighten(@gray-base, 46.7%)","@gray-lighter":"lighten(@gray-base, 93.5%)","@brand-primary":"darken(#428bca, 6.5%)","@brand-success":"#bbd25e","@brand-info":"#31a3d3","@brand-warning":"#e9bf2f","@brand-danger":"#bf0132","@body-bg":"#fff","@text-color":"@gray-dark","@link-color":"@brand-primary","@link-hover-color":"darken(@link-color, 15%)","@link-hover-decoration":"underline","@font-family-sans-serif":"Open Sans, Tahoma, Geneva, sans-serif","@font-family-serif":"Georgia, \"Times New Roman\", Times, serif","@font-family-monospace":"Menlo, Monaco, Consolas, \"Courier New\", monospace","@font-family-base":"@font-family-sans-serif","@font-size-base":"1rem","@font-size-large":"(@font-size-base * 1.375)","@font-size-small":"(@font-size-base * 0.875)","@font-size-h1":"(@font-size-base * 1.375)","@font-size-h2":"(@font-size-base * 1.125)","@font-size-h3":"(@font-size-base * 1)","@font-size-h4":"(@font-size-base * 0.875)","@font-size-h5":"(@font-size-base * 0.75)","@font-size-h6":"(@font-size-base * 0.6875)","@line-height-base":"1rem","@line-height-computed":"(@font-size-base * @line-height-base)","@headings-font-family":"inherit","@headings-font-weight":"700","@headings-line-height":"1.1rem","@headings-color":"inherit","@icon-font-path":"\"assets/fonts/\"","@icon-font-name":"\"glyphicons-halflings-regular\"","@icon-font-svg-id":"\"glyphicons_halflingsregular\"","@padding-base-vertical":".375rem","@padding-base-horizontal":".75rem","@padding-large-vertical":".625rem","@padding-large-horizontal":"1rem","@padding-small-vertical":".3125rem","@padding-small-horizontal":".625rem","@padding-xs-vertical":".0625rem","@padding-xs-horizontal":".3125rem","@line-height-large":"1.33rem","@line-height-small":".5rem","@border-radius-base":"4px","@border-radius-large":"6px","@border-radius-small":"3px","@component-active-color":"#fff","@component-active-bg":"@brand-primary","@caret-width-base":"4px","@caret-width-large":"5px","@table-cell-padding":".9375rem","@table-condensed-cell-padding":".5rem","@table-bg":"transparent","@table-bg-accent":"#fafbfb","@table-bg-hover":"#f4fbff","@table-bg-active":"@table-bg-hover","@table-border-color":"#dfe4e8","@btn-font-weight":"700","@btn-default-color":"#333","@btn-default-bg":"#fff","@btn-default-border":"#ccc","@btn-primary-color":"#fff","@btn-primary-bg":"#247b97","@btn-primary-border":"transparent","@btn-success-color":"#fff","@btn-success-bg":"@brand-success","@btn-success-border":"darken(@btn-success-bg, 5%)","@btn-info-color":"#fff","@btn-info-bg":"@brand-info","@btn-info-border":"darken(@btn-info-bg, 5%)","@btn-warning-color":"#fff","@btn-warning-bg":"@brand-warning","@btn-warning-border":"darken(@btn-warning-bg, 5%)","@btn-danger-color":"#fff","@btn-danger-bg":"@brand-danger","@btn-danger-border":"darken(@btn-danger-bg, 5%)","@btn-link-disabled-color":"@gray-light","@btn-border-radius-base":"@border-radius-base","@btn-border-radius-large":"@border-radius-large","@btn-border-radius-small":"@border-radius-small","@input-bg":"#fff","@input-bg-disabled":"@gray-lighter","@input-color":"@gray","@input-border":"#ccc","@input-border-radius":"@border-radius-base","@input-border-radius-large":"@border-radius-large","@input-border-radius-small":"@border-radius-small","@input-border-focus":"#66afe9","@input-color-placeholder":"#999","@input-height-base":"2.1875rem","@input-height-large":"(ceil(@font-size-large * @line-height-large) + (@padding-large-vertical * 2) + 2)","@input-height-small":"(floor(@font-size-small * @line-height-small) + (@padding-small-vertical * 2) + 2)","@form-group-margin-bottom":"1rem","@legend-color":"@gray-dark","@legend-border-color":"#e5e5e5","@input-group-addon-bg":"@gray-lighter","@input-group-addon-border-color":"@input-border","@cursor-disabled":"not-allowed","@dropdown-bg":"#fff","@dropdown-border":"rgba(0,0,0,.15)","@dropdown-fallback-border":"#ccc","@dropdown-divider-bg":"#e5e5e5","@dropdown-link-color":"@gray-dark","@dropdown-link-hover-color":"darken(@gray-dark, 5%)","@dropdown-link-hover-bg":"#f5f5f5","@dropdown-link-active-color":"@component-active-color","@dropdown-link-active-bg":"@component-active-bg","@dropdown-link-disabled-color":"@gray-light","@dropdown-header-color":"@gray-light","@dropdown-caret-color":"#000","@screen-xs":"480px","@screen-xs-min":"@screen-xs","@screen-phone":"@screen-xs-min","@screen-sm":"768px","@screen-sm-min":"@screen-sm","@screen-tablet":"@screen-sm-min","@screen-md":"992px","@screen-md-min":"@screen-md","@screen-desktop":"@screen-md-min","@screen-lg":"1200px","@screen-lg-min":"@screen-lg","@screen-lg-desktop":"@screen-lg-min","@screen-xs-max":"(@screen-sm-min - 1)","@screen-sm-max":"(@screen-md-min - 1)","@screen-md-max":"(@screen-lg-min - 1)","@grid-columns":"12","@grid-gutter-width":"30px","@grid-float-breakpoint":"@screen-sm-min","@grid-float-breakpoint-max":"(@grid-float-breakpoint - 1)","@container-tablet":"(720px + @grid-gutter-width)","@container-sm":"@container-tablet","@container-desktop":"(940px + @grid-gutter-width)","@container-md":"@container-desktop","@container-large-desktop":"(1140px + @grid-gutter-width)","@container-lg":"@container-large-desktop","@navbar-height":"3.125rem","@navbar-margin-bottom":"@line-height-computed","@navbar-border-radius":"@border-radius-base","@navbar-padding-horizontal":"floor((@grid-gutter-width / 2))","@navbar-padding-vertical":"((@navbar-height - @line-height-computed) / 2)","@navbar-collapse-max-height":"340px","@navbar-default-color":"#777","@navbar-default-bg":"#f8f8f8","@navbar-default-border":"darken(@navbar-default-bg, 6.5%)","@navbar-default-link-color":"#777","@navbar-default-link-hover-color":"#333","@navbar-default-link-hover-bg":"transparent","@navbar-default-link-active-color":"#555","@navbar-default-link-active-bg":"darken(@navbar-default-bg, 6.5%)","@navbar-default-link-disabled-color":"#ccc","@navbar-default-link-disabled-bg":"transparent","@navbar-default-brand-color":"@navbar-default-link-color","@navbar-default-brand-hover-color":"darken(@navbar-default-brand-color, 10%)","@navbar-default-brand-hover-bg":"transparent","@navbar-default-toggle-hover-bg":"#ddd","@navbar-default-toggle-icon-bar-bg":"#888","@navbar-default-toggle-border-color":"#ddd","@navbar-inverse-color":"lighten(@gray-light, 15%)","@navbar-inverse-bg":"#222","@navbar-inverse-border":"darken(@navbar-inverse-bg, 10%)","@navbar-inverse-link-color":"lighten(@gray-light, 15%)","@navbar-inverse-link-hover-color":"#fff","@navbar-inverse-link-hover-bg":"transparent","@navbar-inverse-link-active-color":"@navbar-inverse-link-hover-color","@navbar-inverse-link-active-bg":"darken(@navbar-inverse-bg, 10%)","@navbar-inverse-link-disabled-color":"#444","@navbar-inverse-link-disabled-bg":"transparent","@navbar-inverse-brand-color":"@navbar-inverse-link-color","@navbar-inverse-brand-hover-color":"#fff","@navbar-inverse-brand-hover-bg":"transparent","@navbar-inverse-toggle-hover-bg":"#333","@navbar-inverse-toggle-icon-bar-bg":"#fff","@navbar-inverse-toggle-border-color":"#333","@nav-link-padding":"10px 15px","@nav-link-hover-bg":"@gray-lighter","@nav-disabled-link-color":"@gray-light","@nav-disabled-link-hover-color":"@gray-light","@nav-tabs-border-color":"#ddd","@nav-tabs-link-hover-border-color":"@gray-lighter","@nav-tabs-active-link-hover-bg":"@body-bg","@nav-tabs-active-link-hover-color":"@gray","@nav-tabs-active-link-hover-border-color":"#ddd","@nav-tabs-justified-link-border-color":"#ddd","@nav-tabs-justified-active-link-border-color":"@body-bg","@nav-pills-border-radius":"0px","@nav-pills-active-link-hover-bg":"#fff","@nav-pills-active-link-hover-color":"#333","@pagination-color":"@link-color","@pagination-bg":"#fff","@pagination-border":"#ddd","@pagination-hover-color":"@link-hover-color","@pagination-hover-bg":"@gray-lighter","@pagination-hover-border":"#ddd","@pagination-active-color":"#fff","@pagination-active-bg":"@brand-primary","@pagination-active-border":"@brand-primary","@pagination-disabled-color":"@gray-light","@pagination-disabled-bg":"#fff","@pagination-disabled-border":"#ddd","@pager-bg":"@pagination-bg","@pager-border":"@pagination-border","@pager-border-radius":"15px","@pager-hover-bg":"@pagination-hover-bg","@pager-active-bg":"@pagination-active-bg","@pager-active-color":"@pagination-active-color","@pager-disabled-color":"@pagination-disabled-color","@jumbotron-padding":"30px","@jumbotron-color":"inherit","@jumbotron-bg":"@gray-lighter","@jumbotron-heading-color":"inherit","@jumbotron-font-size":"ceil((@font-size-base * 1.5))","@jumbotron-heading-font-size":"ceil((@font-size-base * 4.5))","@state-success-text":"#3c763d","@state-success-bg":"@brand-success","@state-success-border":"@state-success-bg","@state-info-text":"#31708f","@state-info-bg":"@brand-info","@state-info-border":"@state-info-bg","@state-warning-text":"#8a6d3b","@state-warning-bg":"@brand-warning","@state-warning-border":"@state-warning-bg","@state-danger-text":"#a94442","@state-danger-bg":"@brand-danger","@state-danger-border":"@state-danger-bg","@tooltip-max-width":"200px","@tooltip-color":"#fff","@tooltip-bg":"#000","@tooltip-opacity":".9","@tooltip-arrow-width":"5px","@tooltip-arrow-color":"@tooltip-bg","@popover-bg":"#fff","@popover-max-width":"276px","@popover-border-color":"rgba(0,0,0,.2)","@popover-fallback-border-color":"#ccc","@popover-title-bg":"darken(@popover-bg, 3%)","@popover-arrow-width":"10px","@popover-arrow-color":"@popover-bg","@popover-arrow-outer-width":"(@popover-arrow-width + 1)","@popover-arrow-outer-color":"fadein(@popover-border-color, 5%)","@popover-arrow-outer-fallback-color":"darken(@popover-fallback-border-color, 20%)","@label-default-bg":"@gray-light","@label-primary-bg":"@brand-primary","@label-success-bg":"@brand-success","@label-info-bg":"@brand-info","@label-warning-bg":"@brand-warning","@label-danger-bg":"@brand-danger","@label-color":"#fff","@label-link-hover-color":"#fff","@modal-inner-padding":".9375rem","@modal-title-padding":".9375rem","@modal-title-line-height":"@line-height-base","@modal-content-bg":"#fff","@modal-content-border-color":"rgba(0,0,0,.2)","@modal-content-fallback-border-color":"#999","@modal-backdrop-bg":"#000","@modal-backdrop-opacity":".5","@modal-header-border-color":"#e5e5e5","@modal-footer-border-color":"@modal-header-border-color","@modal-lg":"900px","@modal-md":"600px","@modal-sm":"300px","@alert-padding":".9375rem","@alert-border-radius":"@border-radius-base","@alert-link-font-weight":"bold","@alert-success-bg":"@state-success-bg","@alert-success-text":"#ffffff","@alert-success-border":"@state-success-border","@alert-info-bg":"@state-info-bg","@alert-info-text":"#ffffff","@alert-info-border":"@state-info-border","@alert-warning-bg":"@state-warning-bg","@alert-warning-text":"#ffffff","@alert-warning-border":"@state-warning-border","@alert-danger-bg":"@state-danger-bg","@alert-danger-text":"#ffffff","@alert-danger-border":"@state-danger-border","@progress-bg":"#f5f5f5","@progress-bar-color":"#fff","@progress-border-radius":"@border-radius-base","@progress-bar-bg":"@brand-primary","@progress-bar-success-bg":"@brand-success","@progress-bar-warning-bg":"@brand-warning","@progress-bar-danger-bg":"@brand-danger","@progress-bar-info-bg":"@brand-info","@list-group-bg":"#fff","@list-group-border":"#ddd","@list-group-border-radius":"@border-radius-base","@list-group-hover-bg":"#f5f5f5","@list-group-active-color":"@component-active-color","@list-group-active-bg":"@component-active-bg","@list-group-active-border":"@list-group-active-bg","@list-group-active-text-color":"lighten(@list-group-active-bg, 40%)","@list-group-disabled-color":"@gray-light","@list-group-disabled-bg":"@gray-lighter","@list-group-disabled-text-color":"@list-group-disabled-color","@list-group-link-color":"#555","@list-group-link-hover-color":"@list-group-link-color","@list-group-link-heading-color":"#333","@panel-bg":"#fff","@panel-body-padding":".625rem .9375rem","@panel-heading-padding":".625rem .9375rem","@panel-footer-padding":"@panel-heading-padding","@panel-border-radius":"@border-radius-base","@panel-inner-border":"#ddd","@panel-footer-bg":"#f5f5f5","@panel-default-text":"@gray-dark","@panel-default-border":"#ddd","@panel-default-heading-bg":"#FFF","@panel-primary-text":"#FFF","@panel-primary-border":"@brand-primary","@panel-primary-heading-bg":"@brand-primary","@panel-success-text":"#FFF","@panel-success-border":"@state-success-border","@panel-success-heading-bg":"@state-success-bg","@panel-info-text":"#FFF","@panel-info-border":"@state-info-border","@panel-info-heading-bg":"@state-info-bg","@panel-warning-text":"#FFF","@panel-warning-border":"@state-warning-border","@panel-warning-heading-bg":"@state-warning-bg","@panel-danger-text":"#FFF","@panel-danger-border":"@state-danger-border","@panel-danger-heading-bg":"@state-danger-bg","@thumbnail-padding":".25rem","@thumbnail-bg":"@body-bg","@thumbnail-border":"#ddd","@thumbnail-border-radius":"@border-radius-base","@thumbnail-caption-color":"@text-color","@thumbnail-caption-padding":".5625rem","@well-bg":"#f5f5f5","@well-border":"darken(@well-bg, 7%)","@badge-color":"#fff","@badge-link-hover-color":"#fff","@badge-bg":"@gray-light","@badge-active-color":"@link-color","@badge-active-bg":"#fff","@badge-font-weight":"bold","@badge-line-height":"1","@badge-border-radius":"10px","@breadcrumb-padding-vertical":"1.25rem","@breadcrumb-padding-horizontal":"0","@breadcrumb-bg":"#fff","@breadcrumb-color":"#ccc","@breadcrumb-active-color":"@gray-light","@breadcrumb-separator":"\"/\"","@carousel-text-shadow":"0 1px 2px rgba(0,0,0,.6)","@carousel-control-color":"#fff","@carousel-control-width":"15%","@carousel-control-opacity":".5","@carousel-control-font-size":"20px","@carousel-indicator-active-bg":"#fff","@carousel-indicator-border-color":"#fff","@carousel-caption-color":"#fff","@close-font-weight":"bold","@close-color":"#000","@close-text-shadow":"0 1px 0 #fff","@code-color":"#c7254e","@code-bg":"#f9f2f4","@kbd-color":"#fff","@kbd-bg":"#333","@pre-bg":"#f5f5f5","@pre-color":"@gray-dark","@pre-border-color":"#ccc","@pre-scrollable-max-height":"340px","@component-offset-horizontal":"180px","@text-muted":"@gray-light","@abbr-border-color":"@gray-light","@headings-small-color":"@gray-light","@blockquote-small-color":"@gray-light","@blockquote-font-size":"(@font-size-base * 1.25)","@blockquote-border-color":"@gray-lighter","@page-header-border-color":"@gray-lighter","@dl-horizontal-offset":"@component-offset-horizontal","@hr-border":"@gray-lighter","@modal-top-offset":"80px","@zindex-navbar":"1000","@zindex-dropdown":"1000","@zindex-popover":"1060","@zindex-tooltip":"1070","@zindex-navbar-fixed":"1030","@zindex-modal-background":"1040","@zindex-modal":"1050","@header-bar-background":"#247b97"},"Description":"The Skillsoft theme for the ElixHR suite","Id":3,"IsActive":true,"IsDefault":true,"IsUserEditable":false,"JSON":{"vars":{"@IsThemed":"0","@fonts-path":"'Content/Common/assets/fonts/'","@fontawesome-version":"'4.3.0'","@opensans-version":"'v10'","@font-size-size12":"(@font-size-base * 0.75)","@font-size-size14":"(@font-size-base * 0.875)","@font-size-size18":"(@font-size-base * 1.125)","@sumt-webpart-bg":"transparent","@sumt-webpart-text":"@text-color","@sumt-webpart-header-bg":"transparent","@sumt-webpart-header-text":"inherit","@sumt-card-bg":"#f5f5f5","@sumt-card-height-base":"120px","@sumt-card-list-border":"#ccc","@sumt-card-list-header-border":"#999","@left-nav-width":"320px","@left-nav-header-height":"100px","@left-nav-parent-color":"#8fc9f2","@left-nav-body-background":"#0d446c","@left-nav-header-hover":"#2b9ded","@left-nav-header-background":"#0d446c","@left-nav-childnode-background":"#0c3b5e","@left-nav-node-hover":"#2b9ded","@left-nav-text-color":"#ffffff","@toolbar-background-hover":"#CCD0D6","@toolbar-border-color":"#ADADAD","@toolbar-vertical-margin":".3125rem","@toolbar-bg":"#fafbfb","@toolbar-line-height":"1.5625rem","@toolbar-text-color":"#333","@toolbar-button-vertical-margin":".5rem","@toolbar-hover":"#ccd0d6","@btn-disabled-color":"#999","@sumt-btn-default-color":"#247b97","@slideout-close-btn-bg":"#f27c2a","@slideout-close-color":"#fff","@slideout-width":"22.1875rem","@slideout-leftside-width":"20.3125rem","@slideout-leftside-bg":"#eeeeee","@slideout-item-bordercolor":"#999","@h1-margin":"@line-height-computed 0 @line-height-computed 0","@h2-margin":"@line-height-computed 0 0.625rem 0","@h3-margin":"@line-height-computed 0 0.625rem 0","@h4-margin":"(@line-height-computed / 2) 0 (@line-height-computed / 2) 0","@h5-margin":"(@line-height-computed / 2) 0 (@line-height-computed / 2) 0","@h6-margin":"(@line-height-computed / 2) 0 (@line-height-computed / 2) 0","@timeline-one-rem":"1rem","@timeline-two-rem":"2rem","@timeline-three-rem":"3rem","@one-rem":"1rem","@one-and-half-rem":"1.5rem","@page-dot-size":".6875rem","@header-margins":".2rem","@notification-tile-bg":"#00aed3","@notificaiton-tile-white":"#fff","@loader-color-light":"lighten(@gray-base, 90%)","@loader-color-dark":"lighten(@gray-base, 65%)","@box-shadow-color":"#e5e5e5","@page-container-margin":"2rem","@table-header-border-color":"#adadad","@nav-pills-active-link-hover-border":"#227AB9","@margin-base":"1rem","@tree-title-box":"#428bca","@tree-title-border":"#e5e5e5","@tree-border-color":"#999","@tree-title-color":"#ffffff","@tree-text-color":"@brand-primary","@tree-complete-check":"#1fbba6","@tree-level-one":"#ffffff","@tree-level-two":"#f2f2f2","@tree-level-three":"#e1e1e1","@gray-base":"#33352f","@gray-darker":"lighten(@gray-base, 13.5%)","@gray-dark":"lighten(@gray-base, 20%)","@gray":"lighten(@gray-base, 33.5%)","@gray-light":"lighten(@gray-base, 46.7%)","@gray-lighter":"lighten(@gray-base, 93.5%)","@brand-primary":"darken(#428bca, 6.5%)","@brand-success":"#bbd25e","@brand-info":"#31a3d3","@brand-warning":"#e9bf2f","@brand-danger":"#bf0132","@body-bg":"#fff","@text-color":"@gray-dark","@link-color":"@brand-primary","@link-hover-color":"darken(@link-color, 15%)","@link-hover-decoration":"underline","@font-family-sans-serif":"Open Sans, Tahoma, Geneva, sans-serif","@font-family-serif":"Georgia, \"Times New Roman\", Times, serif","@font-family-monospace":"Menlo, Monaco, Consolas, \"Courier New\", monospace","@font-family-base":"@font-family-sans-serif","@font-size-base":"1rem","@font-size-large":"(@font-size-base * 1.375)","@font-size-small":"(@font-size-base * 0.875)","@font-size-h1":"(@font-size-base * 1.375)","@font-size-h2":"(@font-size-base * 1.125)","@font-size-h3":"(@font-size-base * 1)","@font-size-h4":"(@font-size-base * 0.875)","@font-size-h5":"(@font-size-base * 0.75)","@font-size-h6":"(@font-size-base * 0.6875)","@line-height-base":"1rem","@line-height-computed":"(@font-size-base * @line-height-base)","@headings-font-family":"inherit","@headings-font-weight":"700","@headings-line-height":"1.1rem","@headings-color":"inherit","@icon-font-path":"\"assets/fonts/\"","@icon-font-name":"\"glyphicons-halflings-regular\"","@icon-font-svg-id":"\"glyphicons_halflingsregular\"","@padding-base-vertical":".375rem","@padding-base-horizontal":".75rem","@padding-large-vertical":".625rem","@padding-large-horizontal":"1rem","@padding-small-vertical":".3125rem","@padding-small-horizontal":".625rem","@padding-xs-vertical":".0625rem","@padding-xs-horizontal":".3125rem","@line-height-large":"1.33rem","@line-height-small":".5rem","@border-radius-base":"4px","@border-radius-large":"6px","@border-radius-small":"3px","@component-active-color":"#fff","@component-active-bg":"@brand-primary","@caret-width-base":"4px","@caret-width-large":"5px","@table-cell-padding":".9375rem","@table-condensed-cell-padding":".5rem","@table-bg":"transparent","@table-bg-accent":"#fafbfb","@table-bg-hover":"#f4fbff","@table-bg-active":"@table-bg-hover","@table-border-color":"#dfe4e8","@btn-font-weight":"700","@btn-default-color":"#333","@btn-default-bg":"#fff","@btn-default-border":"#ccc","@btn-primary-color":"#fff","@btn-primary-bg":"#247b97","@btn-primary-border":"transparent","@btn-success-color":"#fff","@btn-success-bg":"@brand-success","@btn-success-border":"darken(@btn-success-bg, 5%)","@btn-info-color":"#fff","@btn-info-bg":"@brand-info","@btn-info-border":"darken(@btn-info-bg, 5%)","@btn-warning-color":"#fff","@btn-warning-bg":"@brand-warning","@btn-warning-border":"darken(@btn-warning-bg, 5%)","@btn-danger-color":"#fff","@btn-danger-bg":"@brand-danger","@btn-danger-border":"darken(@btn-danger-bg, 5%)","@btn-link-disabled-color":"@gray-light","@btn-border-radius-base":"@border-radius-base","@btn-border-radius-large":"@border-radius-large","@btn-border-radius-small":"@border-radius-small","@input-bg":"#fff","@input-bg-disabled":"@gray-lighter","@input-color":"@gray","@input-border":"#ccc","@input-border-radius":"@border-radius-base","@input-border-radius-large":"@border-radius-large","@input-border-radius-small":"@border-radius-small","@input-border-focus":"#66afe9","@input-color-placeholder":"#999","@input-height-base":"2.1875rem","@input-height-large":"(ceil(@font-size-large * @line-height-large) + (@padding-large-vertical * 2) + 2)","@input-height-small":"(floor(@font-size-small * @line-height-small) + (@padding-small-vertical * 2) + 2)","@form-group-margin-bottom":"1rem","@legend-color":"@gray-dark","@legend-border-color":"#e5e5e5","@input-group-addon-bg":"@gray-lighter","@input-group-addon-border-color":"@input-border","@cursor-disabled":"not-allowed","@dropdown-bg":"#fff","@dropdown-border":"rgba(0,0,0,.15)","@dropdown-fallback-border":"#ccc","@dropdown-divider-bg":"#e5e5e5","@dropdown-link-color":"@gray-dark","@dropdown-link-hover-color":"darken(@gray-dark, 5%)","@dropdown-link-hover-bg":"#f5f5f5","@dropdown-link-active-color":"@component-active-color","@dropdown-link-active-bg":"@component-active-bg","@dropdown-link-disabled-color":"@gray-light","@dropdown-header-color":"@gray-light","@dropdown-caret-color":"#000","@screen-xs":"480px","@screen-xs-min":"@screen-xs","@screen-phone":"@screen-xs-min","@screen-sm":"768px","@screen-sm-min":"@screen-sm","@screen-tablet":"@screen-sm-min","@screen-md":"992px","@screen-md-min":"@screen-md","@screen-desktop":"@screen-md-min","@screen-lg":"1200px","@screen-lg-min":"@screen-lg","@screen-lg-desktop":"@screen-lg-min","@screen-xs-max":"(@screen-sm-min - 1)","@screen-sm-max":"(@screen-md-min - 1)","@screen-md-max":"(@screen-lg-min - 1)","@grid-columns":"12","@grid-gutter-width":"30px","@grid-float-breakpoint":"@screen-sm-min","@grid-float-breakpoint-max":"(@grid-float-breakpoint - 1)","@container-tablet":"(720px + @grid-gutter-width)","@container-sm":"@container-tablet","@container-desktop":"(940px + @grid-gutter-width)","@container-md":"@container-desktop","@container-large-desktop":"(1140px + @grid-gutter-width)","@container-lg":"@container-large-desktop","@navbar-height":"3.125rem","@navbar-margin-bottom":"@line-height-computed","@navbar-border-radius":"@border-radius-base","@navbar-padding-horizontal":"floor((@grid-gutter-width / 2))","@navbar-padding-vertical":"((@navbar-height - @line-height-computed) / 2)","@navbar-collapse-max-height":"340px","@navbar-default-color":"#777","@navbar-default-bg":"#f8f8f8","@navbar-default-border":"darken(@navbar-default-bg, 6.5%)","@navbar-default-link-color":"#777","@navbar-default-link-hover-color":"#333","@navbar-default-link-hover-bg":"transparent","@navbar-default-link-active-color":"#555","@navbar-default-link-active-bg":"darken(@navbar-default-bg, 6.5%)","@navbar-default-link-disabled-color":"#ccc","@navbar-default-link-disabled-bg":"transparent","@navbar-default-brand-color":"@navbar-default-link-color","@navbar-default-brand-hover-color":"darken(@navbar-default-brand-color, 10%)","@navbar-default-brand-hover-bg":"transparent","@navbar-default-toggle-hover-bg":"#ddd","@navbar-default-toggle-icon-bar-bg":"#888","@navbar-default-toggle-border-color":"#ddd","@navbar-inverse-color":"lighten(@gray-light, 15%)","@navbar-inverse-bg":"#222","@navbar-inverse-border":"darken(@navbar-inverse-bg, 10%)","@navbar-inverse-link-color":"lighten(@gray-light, 15%)","@navbar-inverse-link-hover-color":"#fff","@navbar-inverse-link-hover-bg":"transparent","@navbar-inverse-link-active-color":"@navbar-inverse-link-hover-color","@navbar-inverse-link-active-bg":"darken(@navbar-inverse-bg, 10%)","@navbar-inverse-link-disabled-color":"#444","@navbar-inverse-link-disabled-bg":"transparent","@navbar-inverse-brand-color":"@navbar-inverse-link-color","@navbar-inverse-brand-hover-color":"#fff","@navbar-inverse-brand-hover-bg":"transparent","@navbar-inverse-toggle-hover-bg":"#333","@navbar-inverse-toggle-icon-bar-bg":"#fff","@navbar-inverse-toggle-border-color":"#333","@nav-link-padding":"10px 15px","@nav-link-hover-bg":"@gray-lighter","@nav-disabled-link-color":"@gray-light","@nav-disabled-link-hover-color":"@gray-light","@nav-tabs-border-color":"#ddd","@nav-tabs-link-hover-border-color":"@gray-lighter","@nav-tabs-active-link-hover-bg":"@body-bg","@nav-tabs-active-link-hover-color":"@gray","@nav-tabs-active-link-hover-border-color":"#ddd","@nav-tabs-justified-link-border-color":"#ddd","@nav-tabs-justified-active-link-border-color":"@body-bg","@nav-pills-border-radius":"0px","@nav-pills-active-link-hover-bg":"#fff","@nav-pills-active-link-hover-color":"#333","@pagination-color":"@link-color","@pagination-bg":"#fff","@pagination-border":"#ddd","@pagination-hover-color":"@link-hover-color","@pagination-hover-bg":"@gray-lighter","@pagination-hover-border":"#ddd","@pagination-active-color":"#fff","@pagination-active-bg":"@brand-primary","@pagination-active-border":"@brand-primary","@pagination-disabled-color":"@gray-light","@pagination-disabled-bg":"#fff","@pagination-disabled-border":"#ddd","@pager-bg":"@pagination-bg","@pager-border":"@pagination-border","@pager-border-radius":"15px","@pager-hover-bg":"@pagination-hover-bg","@pager-active-bg":"@pagination-active-bg","@pager-active-color":"@pagination-active-color","@pager-disabled-color":"@pagination-disabled-color","@jumbotron-padding":"30px","@jumbotron-color":"inherit","@jumbotron-bg":"@gray-lighter","@jumbotron-heading-color":"inherit","@jumbotron-font-size":"ceil((@font-size-base * 1.5))","@jumbotron-heading-font-size":"ceil((@font-size-base * 4.5))","@state-success-text":"#3c763d","@state-success-bg":"@brand-success","@state-success-border":"@state-success-bg","@state-info-text":"#31708f","@state-info-bg":"@brand-info","@state-info-border":"@state-info-bg","@state-warning-text":"#8a6d3b","@state-warning-bg":"@brand-warning","@state-warning-border":"@state-warning-bg","@state-danger-text":"#a94442","@state-danger-bg":"@brand-danger","@state-danger-border":"@state-danger-bg","@tooltip-max-width":"200px","@tooltip-color":"#fff","@tooltip-bg":"#000","@tooltip-opacity":".9","@tooltip-arrow-width":"5px","@tooltip-arrow-color":"@tooltip-bg","@popover-bg":"#fff","@popover-max-width":"276px","@popover-border-color":"rgba(0,0,0,.2)","@popover-fallback-border-color":"#ccc","@popover-title-bg":"darken(@popover-bg, 3%)","@popover-arrow-width":"10px","@popover-arrow-color":"@popover-bg","@popover-arrow-outer-width":"(@popover-arrow-width + 1)","@popover-arrow-outer-color":"fadein(@popover-border-color, 5%)","@popover-arrow-outer-fallback-color":"darken(@popover-fallback-border-color, 20%)","@label-default-bg":"@gray-light","@label-primary-bg":"@brand-primary","@label-success-bg":"@brand-success","@label-info-bg":"@brand-info","@label-warning-bg":"@brand-warning","@label-danger-bg":"@brand-danger","@label-color":"#fff","@label-link-hover-color":"#fff","@modal-inner-padding":".9375rem","@modal-title-padding":".9375rem","@modal-title-line-height":"@line-height-base","@modal-content-bg":"#fff","@modal-content-border-color":"rgba(0,0,0,.2)","@modal-content-fallback-border-color":"#999","@modal-backdrop-bg":"#000","@modal-backdrop-opacity":".5","@modal-header-border-color":"#e5e5e5","@modal-footer-border-color":"@modal-header-border-color","@modal-lg":"900px","@modal-md":"600px","@modal-sm":"300px","@alert-padding":".9375rem","@alert-border-radius":"@border-radius-base","@alert-link-font-weight":"bold","@alert-success-bg":"@state-success-bg","@alert-success-text":"#ffffff","@alert-success-border":"@state-success-border","@alert-info-bg":"@state-info-bg","@alert-info-text":"#ffffff","@alert-info-border":"@state-info-border","@alert-warning-bg":"@state-warning-bg","@alert-warning-text":"#ffffff","@alert-warning-border":"@state-warning-border","@alert-danger-bg":"@state-danger-bg","@alert-danger-text":"#ffffff","@alert-danger-border":"@state-danger-border","@progress-bg":"#f5f5f5","@progress-bar-color":"#fff","@progress-border-radius":"@border-radius-base","@progress-bar-bg":"@brand-primary","@progress-bar-success-bg":"@brand-success","@progress-bar-warning-bg":"@brand-warning","@progress-bar-danger-bg":"@brand-danger","@progress-bar-info-bg":"@brand-info","@list-group-bg":"#fff","@list-group-border":"#ddd","@list-group-border-radius":"@border-radius-base","@list-group-hover-bg":"#f5f5f5","@list-group-active-color":"@component-active-color","@list-group-active-bg":"@component-active-bg","@list-group-active-border":"@list-group-active-bg","@list-group-active-text-color":"lighten(@list-group-active-bg, 40%)","@list-group-disabled-color":"@gray-light","@list-group-disabled-bg":"@gray-lighter","@list-group-disabled-text-color":"@list-group-disabled-color","@list-group-link-color":"#555","@list-group-link-hover-color":"@list-group-link-color","@list-group-link-heading-color":"#333","@panel-bg":"#fff","@panel-body-padding":".625rem .9375rem","@panel-heading-padding":".625rem .9375rem","@panel-footer-padding":"@panel-heading-padding","@panel-border-radius":"@border-radius-base","@panel-inner-border":"#ddd","@panel-footer-bg":"#f5f5f5","@panel-default-text":"@gray-dark","@panel-default-border":"#ddd","@panel-default-heading-bg":"#FFF","@panel-primary-text":"#FFF","@panel-primary-border":"@brand-primary","@panel-primary-heading-bg":"@brand-primary","@panel-success-text":"#FFF","@panel-success-border":"@state-success-border","@panel-success-heading-bg":"@state-success-bg","@panel-info-text":"#FFF","@panel-info-border":"@state-info-border","@panel-info-heading-bg":"@state-info-bg","@panel-warning-text":"#FFF","@panel-warning-border":"@state-warning-border","@panel-warning-heading-bg":"@state-warning-bg","@panel-danger-text":"#FFF","@panel-danger-border":"@state-danger-border","@panel-danger-heading-bg":"@state-danger-bg","@thumbnail-padding":".25rem","@thumbnail-bg":"@body-bg","@thumbnail-border":"#ddd","@thumbnail-border-radius":"@border-radius-base","@thumbnail-caption-color":"@text-color","@thumbnail-caption-padding":".5625rem","@well-bg":"#f5f5f5","@well-border":"darken(@well-bg, 7%)","@badge-color":"#fff","@badge-link-hover-color":"#fff","@badge-bg":"@gray-light","@badge-active-color":"@link-color","@badge-active-bg":"#fff","@badge-font-weight":"bold","@badge-line-height":"1","@badge-border-radius":"10px","@breadcrumb-padding-vertical":"1.25rem","@breadcrumb-padding-horizontal":"0","@breadcrumb-bg":"#fff","@breadcrumb-color":"#ccc","@breadcrumb-active-color":"@gray-light","@breadcrumb-separator":"\"/\"","@carousel-text-shadow":"0 1px 2px rgba(0,0,0,.6)","@carousel-control-color":"#fff","@carousel-control-width":"15%","@carousel-control-opacity":".5","@carousel-control-font-size":"20px","@carousel-indicator-active-bg":"#fff","@carousel-indicator-border-color":"#fff","@carousel-caption-color":"#fff","@close-font-weight":"bold","@close-color":"#000","@close-text-shadow":"0 1px 0 #fff","@code-color":"#c7254e","@code-bg":"#f9f2f4","@kbd-color":"#fff","@kbd-bg":"#333","@pre-bg":"#f5f5f5","@pre-color":"@gray-dark","@pre-border-color":"#ccc","@pre-scrollable-max-height":"340px","@component-offset-horizontal":"180px","@text-muted":"@gray-light","@abbr-border-color":"@gray-light","@headings-small-color":"@gray-light","@blockquote-small-color":"@gray-light","@blockquote-font-size":"(@font-size-base * 1.25)","@blockquote-border-color":"@gray-lighter","@page-header-border-color":"@gray-lighter","@dl-horizontal-offset":"@component-offset-horizontal","@hr-border":"@gray-lighter","@modal-top-offset":"80px","@zindex-navbar":"1000","@zindex-dropdown":"1000","@zindex-popover":"1060","@zindex-tooltip":"1070","@zindex-navbar-fixed":"1030","@zindex-modal-background":"1040","@zindex-modal":"1050","@header-bar-background":"#247b97"},"css":["print.less","type.less","code.less","grid.less","tables.less","forms.less","buttons.less","responsive-utilities.less","button-groups.less","input-groups.less","navs.less","navbar.less","breadcrumbs.less","pagination.less","pager.less","labels.less","badges.less","jumbotron.less","thumbnails.less","alerts.less","progress-bars.less","media.less","list-group.less","panels.less","responsive-embed.less","wells.less","close.less","component-animations.less","dropdowns.less","tooltip.less","popovers.less","modals.less","carousel.less"],"js":[],"customizerUrl":"http://getbootstrap.com/customize/?id=d54b4f5e56fee51af4f5"},"Name":"Skillsoft","PaletteJSON":{"primary":"#33738a","palette":["#33738a","#e1e6e3","#794544","#7396a2","#c3c356","#aca88b","#34b454"]},"Precedence":0,"ThemeKey":"DEFAULT_SKILLSOFT"},"defaultLessVariables":{"@IsThemed":"0","@fonts-path":"assets/fonts/","@fontawesome-version":"4.7.0","@opensans-version":"v10","@font-size-size12":"(@font-size-base * 0.75)","@font-size-size14":"(@font-size-base * 0.875)","@font-size-size18":"(@font-size-base * 1.125)","@sumt-webpart-bg":"transparent","@sumt-webpart-text":"@text-color","@sumt-webpart-header-bg":"transparent","@sumt-webpart-header-text":"inherit","@sumt-card-bg":"#f5f5f5","@sumt-card-height-base":"120px","@sumt-card-list-border":"#ccc","@sumt-card-list-header-border":"#999","@left-nav-width":"320px","@left-nav-header-height":"100px","@left-nav-parent-color":"#8fc9f2","@left-nav-body-background":"@left-nav-header-background","@left-nav-header-hover":"#2b9ded","@left-nav-header-background":"#0d446c","@left-nav-header-text-color":"#fff","@left-nav-childnode-background":"darken(@left-nav-body-background, 10%)","@left-nav-node-hover":"@left-nav-header-hover","@left-nav-text-color":"#fff","@left-nav-symbol-color":"#fff","@toolbar-background-hover":"#CCD0D6","@toolbar-border-color":"#ADADAD","@toolbar-vertical-margin":".3125rem","@toolbar-bg":"#fafbfb","@toolbar-line-height":"1.5625rem","@toolbar-text-color":"#333","@toolbar-button-vertical-margin":".5rem","@toolbar-hover":"#ccd0d6","@btn-disabled-color":"#999","@sumt-btn-default-color":"#227AB9","@slideout-close-btn-bg":"#f27c2a","@slideout-close-color":"#fff","@slideout-width":"22.1875rem","@slideout-leftside-width":"20.3125rem","@slideout-leftside-bg":"#eeeeee","@slideout-item-bordercolor":"#999","@step-height":"1.875rem","@step-width":"1.875rem","@step-border-thickness":".3125rem","@step-font-size":".9375rem","@step-font-weight":"700","@step-active-font-color":"#333","@step-disabled-font-color":"@toolbar-text-color","@step-todo-font-color":"#fff","@step-active-bg-color":"#fff","@step-disabled-bg-color":"@toolbar-hover","@step-todo-bg-color":"@brand-info","@h1-margin":"@line-height-computed 0 @line-height-computed 0","@h2-margin":"@line-height-computed 0 0.625rem 0","@h3-margin":"@line-height-computed 0 0.625rem 0","@h4-margin":"(@line-height-computed / 2) 0 (@line-height-computed / 2) 0","@h5-margin":"(@line-height-computed / 2) 0 (@line-height-computed / 2) 0","@h6-margin":"(@line-height-computed / 2) 0 (@line-height-computed / 2) 0","@timeline-one-rem":"1rem","@timeline-two-rem":"2rem","@timeline-three-rem":"3rem","@one-rem":"1rem","@one-and-half-rem":"1.5rem","@page-dot-size":".6875rem","@header-margins":".2rem","@notification-tile-bg":"#00aed3","@notificaiton-tile-white":"#fff","@loader-base":"#000","@loader-color-light":"lighten(@loader-base, 90%)","@loader-color-dark":"lighten(@loader-base, 65%)","@box-shadow-color":"#e5e5e5","@page-container-margin":"2rem","@table-header-border-color":"#adadad","@nav-pills-active-link-hover-border":"#227AB9","@margin-base":"1rem","@tree-title-box":"#428bca","@tree-title-border":"#e5e5e5","@tree-border-color":"#999","@tree-title-color":"#ffffff","@tree-text-color":"@brand-primary","@tree-complete-check":"#1fbba6","@tree-level-one":"#ffffff","@tree-level-two":"#f2f2f2","@tree-level-three":"#e1e1e1","@show-logo-outline":"True","@progress-background":"@progress-bg","@progress-bar-background":"@body-bg","@progress-bar-complete":"@brand-success","@progress-bar-ongoing":"@brand-info","@progress-bar-pending":"@brand-warning","@progress-bar-blank":"@body-bg","@progress-bar-text":"@gray-base","@gray-base":"#000","@gray-darker":"lighten(@gray-base, 13.5%)","@gray-dark":"lighten(@gray-base, 20%)","@gray":"lighten(@gray-base, 33.5%)","@gray-light":"lighten(@gray-base, 46.7%)","@gray-lighter":"lighten(@gray-base, 93.5%)","@brand-primary":"darken(#428bca, 6.5%)","@brand-success":"#1fbba6","@brand-info":"#00AED3","@brand-warning":"#ffc600","@brand-danger":"#f27c2a","@body-bg":"#fff","@text-color":"@gray-dark","@link-color":"@brand-primary","@link-hover-color":"darken(@link-color, 15%)","@link-hover-decoration":"underline","@font-family-sans-serif":"Open Sans, Tahoma, Geneva, sans-serif","@font-family-serif":"Georgia, Times New Roman, Times, serif","@font-family-monospace":"Menlo, Monaco, Consolas, Courier New, monospace","@font-family-base":"@font-family-sans-serif","@font-size-base":"1rem","@font-size-large":"(@font-size-base * 1.375)","@font-size-small":"(@font-size-base * 0.875)","@font-size-h1":"(@font-size-base * 1.375)","@font-size-h2":"(@font-size-base * 1.125)","@font-size-h3":"(@font-size-base * 1)","@font-size-h4":"(@font-size-base * 0.875)","@font-size-h5":"(@font-size-base * 0.75)","@font-size-h6":"(@font-size-base * 0.6875)","@line-height-base":"1rem","@line-height-computed":"(@font-size-base * @line-height-base)","@headings-font-family":"inherit","@headings-font-weight":"700","@headings-line-height":"1.1em","@headings-color":"inherit","@icon-font-path":"assets/fonts/","@icon-font-name":"glyphicons-halflings-regular","@icon-font-svg-id":"glyphicons_halflingsregular","@padding-base-vertical":".375rem","@padding-base-horizontal":".75rem","@padding-large-vertical":".625rem","@padding-large-horizontal":"1rem","@padding-small-vertical":".3125rem","@padding-small-horizontal":".625rem","@padding-xs-vertical":".0625rem","@padding-xs-horizontal":".3125rem","@line-height-large":"1.33rem","@line-height-small":".5rem","@border-radius-base":"4px","@border-radius-large":"6px","@border-radius-small":"3px","@component-active-color":"#fff","@component-active-bg":"@brand-primary","@caret-width-base":"4px","@caret-width-large":"5px","@table-cell-padding":".9375rem","@table-condensed-cell-padding":".5rem","@table-bg":"transparent","@table-bg-accent":"#fafbfb","@table-bg-hover":"#f4fbff","@table-bg-active":"@table-bg-hover","@table-border-color":"#dfe4e8","@btn-font-weight":"700","@btn-default-color":"#333","@btn-default-bg":"#fff","@btn-default-border":"#ccc","@btn-primary-color":"#fff","@btn-primary-bg":"#227AB9","@btn-primary-border":"transparent","@btn-success-color":"#fff","@btn-success-bg":"@brand-success","@btn-success-border":"darken(@btn-success-bg, 5%)","@btn-info-color":"#fff","@btn-info-bg":"@brand-info","@btn-info-border":"darken(@btn-info-bg, 5%)","@btn-warning-color":"#fff","@btn-warning-bg":"@brand-warning","@btn-warning-border":"darken(@btn-warning-bg, 5%)","@btn-danger-color":"#fff","@btn-danger-bg":"@brand-danger","@btn-danger-border":"darken(@btn-danger-bg, 5%)","@btn-link-disabled-color":"@gray-light","@btn-border-radius-base":"@border-radius-base","@btn-border-radius-large":"@border-radius-large","@btn-border-radius-small":"@border-radius-small","@input-bg":"#fff","@input-bg-disabled":"@gray-lighter","@input-color":"@gray","@input-border":"#ccc","@input-border-radius":"@border-radius-base","@input-border-radius-large":"@border-radius-large","@input-border-radius-small":"@border-radius-small","@input-border-focus":"#66afe9","@input-color-placeholder":"#999","@input-height-base":"2.1875rem","@input-height-large":"(ceil(@font-size-large * @line-height-large) + (@padding-large-vertical * 2) + 2)","@input-height-small":"(floor(@font-size-small * @line-height-small) + (@padding-small-vertical * 2) + 2)","@form-group-margin-bottom":"1rem","@legend-color":"@gray-dark","@legend-border-color":"#e5e5e5","@input-group-addon-bg":"@gray-lighter","@input-group-addon-border-color":"@input-border","@cursor-disabled":"not-allowed","@dropdown-bg":"#fff","@dropdown-border":"rgba(0,0,0,.15)","@dropdown-fallback-border":"#ccc","@dropdown-divider-bg":"#e5e5e5","@dropdown-link-color":"@gray-dark","@dropdown-link-hover-color":"darken(@gray-dark, 5%)","@dropdown-link-hover-bg":"#f5f5f5","@dropdown-link-active-color":"@component-active-color","@dropdown-link-active-bg":"@component-active-bg","@dropdown-link-disabled-color":"@gray-light","@dropdown-header-color":"@gray-light","@dropdown-caret-color":"#000","@zindex-navbar":"1000","@zindex-dropdown":"1060","@zindex-popover":"1060","@zindex-tooltip":"1070","@zindex-navbar-fixed":"1030","@zindex-modal-background":"1040","@zindex-modal":"1050","@screen-xs":"480px","@screen-xs-min":"@screen-xs","@screen-phone":"@screen-xs-min","@screen-sm":"768px","@screen-sm-min":"@screen-sm","@screen-tablet":"@screen-sm-min","@screen-md":"992px","@screen-md-min":"@screen-md","@screen-desktop":"@screen-md-min","@screen-lg":"1200px","@screen-lg-min":"@screen-lg","@screen-lg-desktop":"@screen-lg-min","@screen-xs-max":"(@screen-sm-min - 1)","@screen-sm-max":"(@screen-md-min - 1)","@screen-md-max":"(@screen-lg-min - 1)","@grid-columns":"12","@grid-gutter-width":"30px","@grid-float-breakpoint":"@screen-sm-min","@grid-float-breakpoint-max":"(@grid-float-breakpoint - 1)","@container-tablet":"(720px + @grid-gutter-width)","@container-sm":"@container-tablet","@container-desktop":"(940px + @grid-gutter-width)","@container-md":"@container-desktop","@container-large-desktop":"(1140px + @grid-gutter-width)","@container-lg":"@container-large-desktop","@navbar-height":"3.125rem","@navbar-margin-bottom":"@line-height-computed","@navbar-border-radius":"@border-radius-base","@navbar-padding-horizontal":"floor((@grid-gutter-width / 2))","@navbar-padding-vertical":"((@navbar-height - @line-height-computed) / 2)","@navbar-collapse-max-height":"340px","@navbar-default-color":"#777","@navbar-default-bg":"#f8f8f8","@navbar-default-border":"darken(@navbar-default-bg, 6.5%)","@navbar-default-link-color":"#777","@navbar-default-link-hover-color":"#333","@navbar-default-link-hover-bg":"transparent","@navbar-default-link-active-color":"#555","@navbar-default-link-active-bg":"darken(@navbar-default-bg, 6.5%)","@navbar-default-link-disabled-color":"#ccc","@navbar-default-link-disabled-bg":"transparent","@navbar-default-brand-color":"@navbar-default-link-color","@navbar-default-brand-hover-color":"darken(@navbar-default-brand-color, 10%)","@navbar-default-brand-hover-bg":"transparent","@navbar-default-toggle-hover-bg":"#ddd","@navbar-default-toggle-icon-bar-bg":"#888","@navbar-default-toggle-border-color":"#ddd","@navbar-inverse-color":"lighten(@gray-light, 15%)","@navbar-inverse-bg":"#222","@navbar-inverse-border":"darken(@navbar-inverse-bg, 10%)","@navbar-inverse-link-color":"lighten(@gray-light, 15%)","@navbar-inverse-link-hover-color":"#fff","@navbar-inverse-link-hover-bg":"transparent","@navbar-inverse-link-active-color":"@navbar-inverse-link-hover-color","@navbar-inverse-link-active-bg":"darken(@navbar-inverse-bg, 10%)","@navbar-inverse-link-disabled-color":"#444","@navbar-inverse-link-disabled-bg":"transparent","@navbar-inverse-brand-color":"@navbar-inverse-link-color","@navbar-inverse-brand-hover-color":"#fff","@navbar-inverse-brand-hover-bg":"transparent","@navbar-inverse-toggle-hover-bg":"#333","@navbar-inverse-toggle-icon-bar-bg":"#fff","@navbar-inverse-toggle-border-color":"#333","@nav-link-padding":"10px 15px","@nav-link-hover-bg":"@gray-lighter","@nav-disabled-link-color":"@gray-light","@nav-disabled-link-hover-color":"@gray-light","@nav-tabs-border-color":"#ddd","@nav-tabs-link-hover-border-color":"@gray-lighter","@nav-tabs-active-link-hover-bg":"@body-bg","@nav-tabs-active-link-hover-color":"@gray","@nav-tabs-active-link-hover-border-color":"#ddd","@nav-tabs-justified-link-border-color":"#ddd","@nav-tabs-justified-active-link-border-color":"@body-bg","@nav-pills-border-radius":"0px","@nav-pills-active-link-hover-bg":"#fff","@nav-pills-active-link-hover-color":"#333","@pagination-color":"@link-color","@pagination-bg":"#fff","@pagination-border":"#ddd","@pagination-hover-color":"@link-hover-color","@pagination-hover-bg":"@gray-lighter","@pagination-hover-border":"#ddd","@pagination-active-color":"#fff","@pagination-active-bg":"@brand-primary","@pagination-active-border":"@brand-primary","@pagination-disabled-color":"@gray-light","@pagination-disabled-bg":"#fff","@pagination-disabled-border":"#ddd","@pager-bg":"@pagination-bg","@pager-border":"@pagination-border","@pager-border-radius":"15px","@pager-hover-bg":"@pagination-hover-bg","@pager-active-bg":"@pagination-active-bg","@pager-active-color":"@pagination-active-color","@pager-disabled-color":"@pagination-disabled-color","@jumbotron-padding":"30px","@jumbotron-color":"inherit","@jumbotron-bg":"@gray-lighter","@jumbotron-heading-color":"inherit","@jumbotron-font-size":"ceil((@font-size-base * 1.5))","@jumbotron-heading-font-size":"ceil((@font-size-base * 4.5))","@state-success-text":"#3c763d","@state-success-bg":"@brand-success","@state-success-border":"@state-success-bg","@state-info-text":"#31708f","@state-info-bg":"@brand-info","@state-info-border":"@state-info-bg","@state-warning-text":"#8a6d3b","@state-warning-bg":"@brand-warning","@state-warning-border":"@state-warning-bg","@state-danger-text":"#a94442","@state-danger-bg":"@brand-danger","@state-danger-border":"@state-danger-bg","@tooltip-max-width":"200px","@tooltip-color":"#fff","@tooltip-bg":"#000","@tooltip-opacity":".9","@tooltip-arrow-width":"5px","@tooltip-arrow-color":"@tooltip-bg","@popover-bg":"#fff","@popover-max-width":"276px","@popover-border-color":"rgba(0,0,0,.2)","@popover-fallback-border-color":"#ccc","@popover-title-bg":"darken(@popover-bg, 3%)","@popover-arrow-width":"10px","@popover-arrow-color":"@popover-bg","@popover-arrow-outer-width":"(@popover-arrow-width + 1)","@popover-arrow-outer-color":"fadein(@popover-border-color, 5%)","@popover-arrow-outer-fallback-color":"darken(@popover-fallback-border-color, 20%)","@label-default-bg":"@gray-light","@label-primary-bg":"@brand-primary","@label-success-bg":"@brand-success","@label-info-bg":"@brand-info","@label-warning-bg":"@brand-warning","@label-danger-bg":"@brand-danger","@label-color":"#fff","@label-link-hover-color":"#fff","@modal-inner-padding":".9375rem","@modal-title-padding":".9375rem","@modal-title-line-height":"@line-height-base","@modal-content-bg":"#fff","@modal-content-border-color":"rgba(0,0,0,.2)","@modal-content-fallback-border-color":"#999","@modal-backdrop-bg":"#000","@modal-backdrop-opacity":".5","@modal-header-border-color":"#e5e5e5","@modal-footer-border-color":"@modal-header-border-color","@modal-lg":"900px","@modal-md":"600px","@modal-sm":"300px","@alert-padding":".9375rem","@alert-border-radius":"@border-radius-base","@alert-link-font-weight":"bold","@alert-success-bg":"@state-success-bg","@alert-success-text":"#ffffff","@alert-success-border":"@state-success-border","@alert-info-bg":"@state-info-bg","@alert-info-text":"#ffffff","@alert-info-border":"@state-info-border","@alert-warning-bg":"@state-warning-bg","@alert-warning-text":"#ffffff","@alert-warning-border":"@state-warning-border","@alert-danger-bg":"@state-danger-bg","@alert-danger-text":"#ffffff","@alert-danger-border":"@state-danger-border","@progress-bg":"#f5f5f5","@progress-bar-color":"#fff","@progress-border-radius":"@border-radius-base","@progress-bar-bg":"@brand-primary","@progress-bar-success-bg":"@brand-success","@progress-bar-warning-bg":"@brand-warning","@progress-bar-danger-bg":"@brand-danger","@progress-bar-info-bg":"@brand-info","@list-group-bg":"#fff","@list-group-border":"#ddd","@list-group-border-radius":"@border-radius-base","@list-group-hover-bg":"#f5f5f5","@list-group-active-color":"@component-active-color","@list-group-active-bg":"@component-active-bg","@list-group-active-border":"@list-group-active-bg","@list-group-active-text-color":"lighten(@list-group-active-bg, 40%)","@list-group-disabled-color":"@gray-light","@list-group-disabled-bg":"@gray-lighter","@list-group-disabled-text-color":"@list-group-disabled-color","@list-group-link-color":"#555","@list-group-link-hover-color":"@list-group-link-color","@list-group-link-heading-color":"#333","@panel-bg":"#fff","@panel-body-padding":".625rem .9375rem","@panel-heading-padding":".625rem .9375rem","@panel-footer-padding":"@panel-heading-padding","@panel-border-radius":"@border-radius-base","@panel-inner-border":"#ddd","@panel-footer-bg":"#f5f5f5","@panel-default-text":"@gray-dark","@panel-default-border":"#ddd","@panel-default-heading-bg":"#FFF","@panel-primary-text":"#FFF","@panel-primary-border":"@brand-primary","@panel-primary-heading-bg":"@brand-primary","@panel-success-text":"#FFF","@panel-success-border":"@state-success-border","@panel-success-heading-bg":"@state-success-bg","@panel-info-text":"#FFF","@panel-info-border":"@state-info-border","@panel-info-heading-bg":"@state-info-bg","@panel-warning-text":"#FFF","@panel-warning-border":"@state-warning-border","@panel-warning-heading-bg":"@state-warning-bg","@panel-danger-text":"#FFF","@panel-danger-border":"@state-danger-border","@panel-danger-heading-bg":"@state-danger-bg","@thumbnail-padding":".25rem","@thumbnail-bg":"@body-bg","@thumbnail-border":"#ddd","@thumbnail-border-radius":"@border-radius-base","@thumbnail-caption-color":"@text-color","@thumbnail-caption-padding":".5625rem","@well-bg":"#f5f5f5","@well-border":"darken(@well-bg, 7%)","@badge-color":"#fff","@badge-link-hover-color":"#fff","@badge-bg":"@gray-light","@badge-active-color":"@link-color","@badge-active-bg":"#fff","@badge-font-weight":"bold","@badge-line-height":"1","@badge-border-radius":"10px","@breadcrumb-padding-vertical":"1.25rem","@breadcrumb-padding-horizontal":"0","@breadcrumb-bg":"#fff","@breadcrumb-color":"#ccc","@breadcrumb-active-color":"@gray-light","@breadcrumb-separator":"/","@carousel-text-shadow":"0 1px 2px rgba(0,0,0,.6)","@carousel-control-color":"#fff","@carousel-control-width":"15%","@carousel-control-opacity":".5","@carousel-control-font-size":"20px","@carousel-indicator-active-bg":"#fff","@carousel-indicator-border-color":"#fff","@carousel-caption-color":"#fff","@close-font-weight":"bold","@close-color":"#000","@close-text-shadow":"0 1px 0 #fff","@code-color":"#c7254e","@code-bg":"#f9f2f4","@kbd-color":"#fff","@kbd-bg":"#333","@pre-bg":"#f5f5f5","@pre-color":"@gray-dark","@pre-border-color":"#ccc","@pre-scrollable-max-height":"340px","@component-offset-horizontal":"180px","@text-muted":"@gray-light","@abbr-border-color":"@gray-light","@headings-small-color":"@gray-light","@blockquote-small-color":"@gray-light","@blockquote-font-size":"(@font-size-base * 1.25)","@blockquote-border-color":"@gray-lighter","@page-header-border-color":"@gray-lighter","@dl-horizontal-offset":"@component-offset-horizontal","@dl-horizontal-breakpoint":"@grid-float-breakpoint","@hr-border":"@gray-lighter","@padding-medium-vertical":".5rem","@modal-top-offset":"80px","@focus-border-color":"#999"}},"debugEnabled":false,"modulesPath":"/Core/dist/app/modules","mustSetSecurityQuestions":false,"appUris":{"baseUri":"https://cl12sales.sumtotaldevelopment.net","root":"/Core/","tenantRoot":"https://cl12sales.sumtotaldevelopment.net/Core/","tenantSpecificWebPathsForRelyingParties":{"LM":"https://cl12sales.sumtotaldevelopment.net/learning/DataStore/CL12_SALES_TEST/Learning/","TM":"https://cl12sales.sumtotaldevelopment.net/DataStore/CL12_SALES_TEST/TM/","Analytics":"https://supp-bi-master.sumtotaldemo.net/ibmcognos/cgi-bin/DataStore/CL12_SALES_TEST/Analytics/","ELIXHRUI":"https://cl12sales.sumtotaldevelopment.net/core/DataStore/CL12_SALES_TEST/Core/","AdvancedReport":"https://cl12sales.sumtotaldevelopment.net/DataStore/CL12_SALES_TEST/AdvancedReport/","JobBoard":"https://cl12sales.sumtotaldevelopment.net/Careers/DataStore/CL12_SALES_TEST/JobBoard/","JobBoardPWA":"https://cl12sales.sumtotaldevelopment.net/PWA/DataStore/CL12_SALES_TEST/JobBoardPWA/","ContentEngine":"https://cl12sales.sumtotaldevelopment.net/contentengine/DataStore/CL12_SALES_TEST/ContentEngine/","GAM":"http://cl-ugm12a:3000/api/DataStore/CL12_SALES_TEST/GAM/","BrowserExtension":"https://cl12sales.sumtotaldevelopment.net/browserextension/DataStore/CL12_SALES_TEST/BrowserExtension/"}},"moduleTranslationInfo":{"TRANSLATIONS_PORTAL":"8C297DAC9A38D707C73E6F0EBB79FCA7","TRANSLATIONS_PORTAL_HOME":"2836C33417A46F1AAFA2F0263FEC144A","TRANSLATIONS_PORTAL_MYTASKS":"1D8F4AFD0290103C3DC85AAEDA814D05","TRANSLATIONS_WEBPARTS":"981CD95385FB09E4706B3CF1E7D00C35","TRANSLATIONS_WIDGETS_ADMIN":"6D3682B63699849B1E18FF0BE15F2D81","TRANSLATIONS_ELIXHR":"3A892542C3B43A744748875B1FB2471C","TRANSLATIONS_SLIDEOUTS":"0A4C4B9B3E6C3303A30706F64C05B07D","TRANSLATIONS_ELIXHR_PROFILE":"7B6ADF3BA7D4590F19BF8E004A1AE302","TRANSLATIONS_CORE":"71D6D7EEA8DF2B6FBCDB607993873A02","TRANSLATIONS_ELIXHR_RESUME":"279DA0BC96D638AA953FCB908E189004","TRANSLATIONS_ELIXHR_MYTEAM":"520BE4BC3A1BE396790780E8B2013E64","TRANSLATIONS_ELIXHR_SOCIAL":"88572AC0E232D8920CBF269FE62F8B0D","TRANSLATIONS_SSO":"1DC2A4BC8CE10A7A6BA9FD0756D7AEE2","TRANSLATIONS_SSO_ATTESTATION":"02DDC423156B2A460E702176B36FB3BD","TRANSLATIONS_ENTERPRISESEARCH":"0ACF9D2FF4D9A76EC0AD7052DD2ABC28","TRANSLATIONS_ORGANIZATION":"B91B1226B932CB19D5E359F0C6591EA8","TRANSLATIONS_PASSWORD":"AB356BBA51A5A788FEC6B2FBD3684838","RECOMMENDATIONS":"621230A5561CF1F31C0FD7626570B2DB","TRANSLATIONS_RECOMMENDEDLEARNING":"6AA3C39EDEF35917253C3AEE345773E2","TRANSLATIONS_SECURITY":"95F430BD9B5A9FBC3BAB3A493AE588D2","TRANSLATIONS_DASHBOARD":"F5CC1EB902E0A7DAB422D28E9716BD98","TRANSLATIONS_CHANGEPASSWORD":"1DC60A9B5A16CC4D0D03DDA88A5BB7C0","TRANSLATIONS_TIMELINE":"AF2F95A1A6CE98CFDB813684044D8FE1","TRANSLATIONS_ADMINISTRATION_CODEMANAGEMENT":"02A3015A7F8A35E68A701F7237039211","TRANSLATIONS_ADMINISTRATION":"05C675C4AD221657312AB1379285CE28","TRANSLATIONS_ADMINISTRATION_CATCODEMANAGEMENT":"C18A3DA2AB6666FA9B9C434138AFB9A7","TRANSLATIONS_REQUISITION":"8B99153D93F8CFB8DF89DD08591C1D58","TRANSLATIONS_MINI_PROFILE":"0D1A61A9227B3C3139CFA74C6466870C","TRANSLATIONS_USERSECURITYQUESTION":"DDBA59416C16C72CF2841E5C9D47370E","TRANSLATIONS_DEVPLAN":"95606F83E2F912B31FFC478BE8B5A6C6","TRANSLATIONS_DEVPLAN_COMMON":"FAE3652FC3DA718FC0A454B8E217C39A","TRANSLATIONS_ADMINISTRATION_ADMINDEVPLAN":"A2DD68112C2005D795149E602F51F9E3","TRANSLATIONS_PERMISSIONLEVEL":"8F0268707E54BFA398F6A0EC93F750A2","TRANSLATIONS_THEMING":"8C4A9BBEE17D9EE343D66E70FFBAF7CD","Social_Kudos":"37EDE38901BEDF3527BF34B0CE33A2D0","TRANSLATIONS_ADMINDASHBOARD":"0F202DC4C400938B181D26CEBC0CD75A","ENTERPRISE_SEARCH":"C2736FC235A3A6CBA8C09EB3A0567B6A","TRANSLATIONS_WIDGETS_EDITOR_ADMIN":"83AD9D083435643263CEE7015649040D","WebPartDefinition_Common":"D126CAB236030AA04273D6CB0BB63561","TRANSLATIONS_SEARCHCONFIGURATION":"17B6C10A00230A20F9236A16B8D79E0B","TRANSLATIONS_LOGONEVENTS":"B2B2E091A905517B49FA320261001711","TRANSLATIONS_SITEMAPCONFIGURATION":"C26BF2CCD2070C6182CD8F6BE9D65A25","TRANSLATIONS_FILEMANAGEMENT":"7B8558218B708372F9D5C8D97A18E503","TRANSLATIONS_INITIATIVES":"6AF4273AB2DE203030B5BEA16C8507D6","TRANSLATIONS_INITIATIVES_EDITINITIATIVE":"8D4BDFA04F8C37BD8F8CE4D6E93EF1EB","TRANSLATIONS_PERSON_RESUME":"062FC03EB32CADBDCEF56B2AC618BE70","TRANSLATIONS_ADMINISTRATION_CONFIG_DEVELOPMENTPLAN":"E7D696EDCF171DC5EE7998BB7CFE1D86","TRANSLATIONS_REPORTING_WIDGET":"8EB62642D93CFD85420463A0667DCCE9","SETTINGS_ELIXHR":"266325C285678BF5894DE708BBCAE214","TRANSLATIONS_ADMINISTRATION_CONFIG_USERACCOUNT":"DCCD171769F7892F6D81C3D225BB088A","TRANSLATIONS_CAREERPLAN":"BCC8EC4E6247E70FC2EE85D225F8A656","TRANSLATIONS_ADMINISTRATION_CONFIG_CAREERPLANSETTINGS":"1D2F59975670462607130FD7FE63D3AB","TRANSLATIONS_ADMINISTRATION_MANAGEPERIOD":"A687646E373D7EE2C410CB23A3488BC6","TRANSLATIONS_ADVANCEDSEARCHCONFIGURATION":"5B0823175B2502A42DDE735EA03609F2","TRANSLATIONS_ADMINISTRATION_CONFIG_EDITTRANSLATIONS":"C76BBDB05338ED55A83E3E1055000698","TRANSLATIONS_COMPETENCYPROFILE":"BB5835F563CCA8502A0FF4306C054939","TRANSLATIONS_ADMINISTRATION_TASK_NOTIFICATIONTEMPLATES":"AFF68DC8D4577B997541E59B20DB778A","WebPartDefinition_Learning":"BF56A2BF90A007CEAE9B1736A8F5AA92","TRANSLATIONS_ADMINISTRATION_SKILLCATEGORIES":"9786B66B1B56603B18DEAE5EE5F272B8","TRANSLATIONS_ADMINISTRATION_CONFIG_SKILLCATEGORIES":"4E8FAD2AC6B8A6E0D2620E7CE006C10A","TRANSLATIONS_ADMINISTRATION_CONFIG_EMPLOYEECOMPETENCYSETTINGS":"6BC7D8A02795DB32D62F419058B3A751","TRANSLATIONS_HOURLY_SURVEY":"CBD9058EEA2880AD7A2FDA5741518149","TRANSLATIONS_CONTINUOUSFEEDBACK":"F0381C7064D56B14E82A2A41578C973D","TRANSLATIONS_CAREER_CORE":"3871C9E17FC7737C70BDC0B1A0CCD1BF","TRANSLATIONS_REQUISITION_WORKSPACE":"97DD34BE9044CE32A645D72F5F88D36B","TRANSLATIONS_ONBOARDING":"3DBF21CE1CC689D7B92FC6778982F2A6","TRANSLATIONS_SOCIALCONFIGURATION":"1EB43C2CF6454D6CF0C4462CE0453D27","TRANSLATIONS_RECRUITING_APPROVAL":"003C24AABEE7DBF118F9F88B29AB6CEB","TRANSLATIONS_RECRUITING_CANDIDATEEXPLORER":"130D7D8C87DBAA8DA916E271912801B4","TRANSLATIONS_ATTESTATION":"607652C9D1FD310F58D27750052B854B","TRANSLATIONS_COACHING":"747745A7131F63FAE0DDF1F8ECD39703","TRANSLATIONS_NBOX":"CB24EA8AA3E9FEC85E541BDF73ADBC7E","TRANSLATIONS_SOCIALCOMMUNITIES":"C0941AE98DDF7B66ED5F3A16D7D11DC8","TRANSLATIONS_LEARN_REGISTRATION":"12BB7A34F6060674CD7E9494C0B5915B","TRANSLATIONS_REQUISITION_WORKSPACE_ADDCANDIDATE":"4B8213A7F5D5E2DA9450202BCBFB397C"},"enabledLanguages":[{"Id":0,"ItemCode":"1","ItemText":"English (United States)","IsUserLang":"1"},{"Id":0,"ItemCode":"2","ItemText":"English (United Kingdom)","IsUserLang":"0"},{"Id":0,"ItemCode":"3","ItemText":"French","IsUserLang":"0"},{"Id":0,"ItemCode":"6","ItemText":"German","IsUserLang":"0"},{"Id":0,"ItemCode":"7","ItemText":"Japanese","IsUserLang":"0"},{"Id":0,"ItemCode":"9","ItemText":"Italian","IsUserLang":"0"},{"Id":0,"ItemCode":"11","ItemText":"Spanish","IsUserLang":"0"},{"Id":0,"ItemCode":"15","ItemText":"Portuguese (Brazilian)","IsUserLang":"0"},{"Id":0,"ItemCode":"19","ItemText":"Chinese (Simplified)","IsUserLang":"0"},{"Id":0,"ItemCode":"20","ItemText":"Chinese (Traditional)","IsUserLang":"0"},{"Id":0,"ItemCode":"26","ItemText":"French (Canadian)","IsUserLang":"0"}],"headerLogoUrl":"https://cl12sales.sumtotaldevelopment.net/Core/headerlogo.sumttheme?img&themekey=DEFAULT_SKILLSOFT&v=-173730855"};

      // place the debug enabled flag on the root
        root['debugEnabled'] = root.tempStaticData.debugEnabled;

       //Setup CKEditor
        root['CKEDITOR_BASEPATH'] = '/Core/bower_components/ckeditor/';

      root['versionNumber'] = 'ElixHR_18.3.0.0_2018.8.7.1';
    }));


    var $

    //guarantee there is a clobal console object with log and error functions (for IE when dev tools are closed)
    if (!window.console)
      window.console = {
        log: function () {
        }, error: function () {
        }, warn: function () {
        }, info: function () {
        }
      };

  </script>
  <!-- core:js -->
  <script src="/Core/dist/bower_components/jquery/dist/jquery.min.js?hash=ElixHR_18.3.0.0_2018.8.7.1" type="text/javascript" true=""></script>
  <script src="/Core/bower_components/foundation-controls/dist/scripts/vendor.js?hash=ElixHR_18.3.0.0_2018.8.7.1" type="text/javascript" true=""></script><style>.ngf-hide{display:none !important}</style><style></style>
  <script src="/Core/bower_components/foundation-controls/dist/scripts/foundation.min.js?hash=ElixHR_18.3.0.0_2018.8.7.1" type="text/javascript" true=""></script>
  <!-- endinject -->
  <!-- other:js -->
  <script src="/Core/dist/bundles/javascript/other.js?hash=ElixHR_18.3.0.0_2018.8.7.1" type="text/javascript" true=""></script><style>.cke{visibility:hidden;}</style>
  <!-- endinject -->
  <script src="/Core/dist/bower_components/angular-i18n/angular-locale_en-US.js?hash=ElixHR_18.3.0.0_2018.8.7.1" defer=""></script>
  
  
  <title></title>
</head>
<body pillar-facilitator="" dir="{{ cultureFactory.options.language.direction }}" ng-class="{'editMode': dashboardFactory.isEditMode}">
  <div id="layoutContainer">
    <sumt-header ng-init="getTimelineAlertDetails();getShoppingCartAlertDetails();"></sumt-header>

    <div class="page-loader" role="status" translate="" translate-attr-aria-label="DASHBOARD_LOADING" aria-hidden="{{!dashboardFactory.viewLoading}}" aria-atomic="{{dashboardFactory.viewLoading}}" ng-show="dashboardFactory.viewLoading">
      <div class="loader loader-large" translate="DASHBOARD_LOADING"></div>
    </div>
    <div sumt-live-region=""></div>
    
    

    
    <div left-navigation="" id="mainLeftNavigation" header="sitemapService.selectedRootNode" nav-data="::sitemapService.rootNodes" selected-nav-data="sitemapService.selectedRootNode" node-clicked="navigateToNode" emulation="sitemapService.staticRootNodes.emulation" switchdomain="sitemapService.staticRootNodes.switchDomain" translationobject="leftNav_translation" imageclicked="profileSlidePage()" exitemulation="emulationclose(sitemapService.staticRootNodes.emulation)" persondata="sitemapService.PersonDetails">
    </div>
    <div left-navigation="" id="libraryLeftNavigation" content-template-url="app/modules/core/views/library/library.client.html"></div>
    

    

<section id="rootViewContainer" role="main" class="view-container" aria-hidden="{{slideoutIsOpen}}" ng-style="!Globalvisib.isHeaderVisible &amp;&amp; {'top':'0px'}" ng-class="{'asideExpanded':leftNavObject.isShown, 'full-screen-mode ': dashboardFactory.fullScreen}">
  
  
  <div class="breadcrumb-container breadcrumbmargin" id="breadcrumbMainContainer">
    <global-breadcrumb-navigation></global-breadcrumb-navigation>
  </div>
  
    
	
	<div ng-view=""></div>
	
</section>


    <div id="divPillarLoadingMsg" style="display: none;background-color: white;">
      <div class="page-loader">
        <div class="loader loader-large"></div>
      </div>
    </div>
    <iframe id="productPillarFrame" ng-attr-lang="{{cultureFactory.options.language.key}}" src="" allowfullscreen="1" style="visibility: hidden;  z-index:-2;" frameborder="0" ng-class="{'iframeBreadcrumbAlign': enablePillarPageBreadcrumb &amp;&amp; enableBreadcrumbNav}" class="productpillars" title="module page frame"></iframe>
    <iframe id="PillarIFrame_TM" ng-attr-lang="{{cultureFactory.options.language.key}}" src="" style="visibility: hidden; z-index:-2;" frameborder="0" ng-class="{'iframeBreadcrumbAlign': enablePillarPageBreadcrumb &amp;&amp; enableBreadcrumbNav}" class="productpillars" title="module page frame"></iframe>


    <div class="dialog-footer-override-container"></div>
    <div master-slideout=""></div>
    <script type="text/javascript">
  ;
  (function(root, initializer) {
    // Create the factory for require
    var factory = initializer(root);
    root.jQuery(root.document).ready(function() {
      root.define('staticData', ['lodash', 'URI'], factory);
    });
  }(this, function(root) {
    var scriptPath = '/Core/';
    var photoPath = '/DataStore/CL12_SALES_TEST/Common/' + 'PersonImages' +'/';
    var filePath = '/DataStore/CL12_SALES_TEST/Common/' +  'FileAssets' + '/';
    var socialFilesPath = '/DataStore/CL12_SALES_TEST/Common/' + 'SocialFileAssets' + '/';
    var customHelpFilesPath = '/DataStore/CL12_SALES_TEST/Common/' + 'CustomHelpFiles' + '/';
    var isAuditEnabled = 'True';

    if (scriptPath.length > 0 && scriptPath.substr(scriptPath.length - 1, 1) === '/') {
      scriptPath = scriptPath.substr(0, scriptPath.length - 1);
    }
    var tenantKey = 'CL12_SALES_TEST';
    var htmlRootPath = '/Core/';
    var esbApiToken = 'eyJ0eXAiOiJKV1QiLCJhbGciOiJIUzI1NiJ9.eyJpc3MiOiJodHRwOlwvXC93d3cuc3VtdG90YWxzeXN0ZW1zLmNvbVwvY29yZXVpIiwic3ViIjoiTW9kZXJhdG9yIiwiYXVkIjoiQ0wxMl9TQUxFU19URVNUIiwiZXhwIjo2MzY3MDAxNDY4MDk4NzA3OTQsIm5iZiI6MCwiaWF0Ijo2MzY3MDAxMzc4MTI2ODM0OTMsImJzZXNzaW9uaWQiOiJhMThiNmM5YjM4NjQ0M2M2YWQ4N2M3YjIxZDQ2OWU4ZCIsImV1c3JpZCI6bnVsbCwiZXVzcm4iOm51bGwsImN1bCI6ImVuLVVTIiwidXNlcmlkIjoiTW9kZXJhdG9yIiwiZ3Vlc3RhY2NvdW50IjowLCJwZXJzb25pZCI6MTAwODkxLCJpc2V4dGVybmFsIjpmYWxzZSwicnBrZXkiOiJFTElYSFJVSSJ9.EAD2E987666C8C57385FF49811B03EF5701819B7F71F7C94327CE1B7E3B62ED2';

    function createAPIPaths() {
      return {
        learning:{
          calendarApi: '/Core/Learning/api/calendarapi/GetScheduleInfo',
          favoritesApi: '/Core/Learning/api/favoritesapi/RemoveFavorite',
          isCFREnvironment: 'https://cl12sales.sumtotaldevelopment.net/Services/api/lmpersistsettings/IsCFREnvrionment'
        },
        lmfavorite: {
          favorite: 'https://cl12sales.sumtotaldevelopment.net/Services/api/lmfavorite/favorite'
        },
        shoppingcart:{
          getCartItems : '/Core/Core/api/shoppingcartapi/GetCartItems',
          addActivityToCart:'/Core/Core/api/shoppingcartapi/AddActivityToCart'
        },
        sdo: {
          getInitiatives: 'https://cl12sales.sumtotaldevelopment.net/Services/api/users/{targetUserId}/initiatives',
          initiativeDetail: 'https://cl12sales.sumtotaldevelopment.net/Services/api/',
          initiativeDefinitionImage: 'https://cl12sales.sumtotaldevelopment.net/Services/api/initiativeDefinitions/{id}/images/{imageType}',
          getInitiativeDefinitions: 'https://cl12sales.sumtotaldevelopment.net/Services/api/admin/initiativeDefinitions',
          initiativeDefinitionDetail: 'https://cl12sales.sumtotaldevelopment.net/Services/api/admin/initiativeDefinitions/{id}',
          adminInitiative: 'https://cl12sales.sumtotaldevelopment.net/Services/api/admin/initiatives',
          terminateInitiative: 'https://cl12sales.sumtotaldevelopment.net/Services/api/admin/initiatives/{id}/terminate',
          saveProcessEntity: 'https://cl12sales.sumtotaldevelopment.net/Services/api/processEntities',
          administration: {
            loadProcessActionDefinitions: 'https://cl12sales.sumtotaldevelopment.net/Services/api/admin/processActionDefinitions',
            loadInitiativeActionDefinitions: 'https://cl12sales.sumtotaldevelopment.net/Services/api/admin/initiativeActionDefinitions',
            loadProcessActionsByDefinition: 'https://cl12sales.sumtotaldevelopment.net/Services/api/admin/processActionDefinitions/{id}/processActions',
            loadInitiativeActionDefinition: 'https://cl12sales.sumtotaldevelopment.net/Services/api/admin/initiativeActionDefinitions/{id}',
            loadTransitionEventsForInitiativeDefinitionToProcess: 'https://cl12sales.sumtotaldevelopment.net/Services/api/admin/initiativeDefinitionToProcesses/{id}/initiativeTransitionDetails',
            updateDefinitionStatus: 'https://cl12sales.sumtotaldevelopment.net/Services/api/admin/initiativeDefinitions/{id}/updateStatus',
            loadProcessStepViews: 'https://cl12sales.sumtotaldevelopment.net/Services/api/admin/processStepViews',
            assetsDefinitions:'https://cl12sales.sumtotaldevelopment.net/Services/api/admin/assetsDefinitions'
          }
        },
        search:{
          getObjectActions: 'https://cl12sales.sumtotaldevelopment.net/Services/api/action/getobjectactions',
          getFTEStatistics: 'https://cl12sales.sumtotaldevelopment.net/Services/api/search/getftestatistics',
          searchUrl: 'https://cl12sales.sumtotaldevelopment.net/Services/api/search/search',
          deleteSavedSearch:'https://cl12sales.sumtotaldevelopment.net/Services/api/search/DeleteSavedSearch',
          loadSavedSearch:'https://cl12sales.sumtotaldevelopment.net/Services/api/search/LoadSavedSearch',
          listUserSavedSearches: 'https://cl12sales.sumtotaldevelopment.net/Services/api/search/ListUserSavedSearches',
          saveSearch: 'https://cl12sales.sumtotaldevelopment.net/Services/api/search/SaveSearch',
          saveSearchUrl: 'https://cl12sales.sumtotaldevelopment.net/Services/api/search/SaveSearchTypes',
          searchSkillsoft: 'https://cl12sales.sumtotaldevelopment.net/Services/api/search/searchskillsoft',
          paginateSkillsoft: 'https://cl12sales.sumtotaldevelopment.net/Services/api/search/PaginatedSkillSoftResult',
          searchTypes: 'https://cl12sales.sumtotaldevelopment.net/Services/api/search/getenabledsearchtypes',
          allSearchTypes: 'https://cl12sales.sumtotaldevelopment.net/Services/api/search/getAllSearchTypes',
          suggestionUrl: 'https://cl12sales.sumtotaldevelopment.net/Services/api/search/suggestions',
          getFacets: 'https://cl12sales.sumtotaldevelopment.net/Services/api/search/searchFacets',
          getFacetFieldsList: 'https://cl12sales.sumtotaldevelopment.net/Services/api/search/searchFacetFields',
          includeFacet: 'https://cl12sales.sumtotaldevelopment.net/Services/api/search/includeFacetField',
          sortableFields: 'https://cl12sales.sumtotaldevelopment.net/Services/api/search/getSortableFields',
          esbApiToken: 'eyJ0eXAiOiJKV1QiLCJhbGciOiJIUzI1NiJ9.eyJpc3MiOiJodHRwOlwvXC93d3cuc3VtdG90YWxzeXN0ZW1zLmNvbVwvY29yZXVpIiwic3ViIjoiTW9kZXJhdG9yIiwiYXVkIjoiQ0wxMl9TQUxFU19URVNUIiwiZXhwIjo2MzY3MDAxNDY4MDk4NzA3OTQsIm5iZiI6MCwiaWF0Ijo2MzY3MDAxMzc4MTI2ODM0OTMsImJzZXNzaW9uaWQiOiJhMThiNmM5YjM4NjQ0M2M2YWQ4N2M3YjIxZDQ2OWU4ZCIsImV1c3JpZCI6bnVsbCwiZXVzcm4iOm51bGwsImN1bCI6ImVuLVVTIiwidXNlcmlkIjoiTW9kZXJhdG9yIiwiZ3Vlc3RhY2NvdW50IjowLCJwZXJzb25pZCI6MTAwODkxLCJpc2V4dGVybmFsIjpmYWxzZSwicnBrZXkiOiJFTElYSFJVSSJ9.EAD2E987666C8C57385FF49811B03EF5701819B7F71F7C94327CE1B7E3B62ED2',
          getSearchBinCountsUrl:'https://cl12sales.sumtotaldevelopment.net/Services/api/search/getSearchBinCounts',
          retrieveObjectSearchDiagnosticsUrl:'https://cl12sales.sumtotaldevelopment.net/Services/api/search/retrieveObjectSearchDiagnostics',
          getDocumentCountsUrl:'https://cl12sales.sumtotaldevelopment.net/Services/api/search/GetIndexableDocumentCounts',
          forceFullSearchUrl:'https://cl12sales.sumtotaldevelopment.net/Services/api/search/ForceFullSearchForBins',
          saveFavoriteJobUrl:'https://cl12sales.sumtotaldevelopment.net/Services/api/job/SaveFavoriteJob',
        },
        social:{
          getMyFeedUrl:'https://cl12sales.sumtotaldevelopment.net/Services/api/social/GetMyFeed',
          postMessageToYammer:'https://cl12sales.sumtotaldevelopment.net/Services/api/social/PostMessage',
          getAvailableGroupsUrl:'https://cl12sales.sumtotaldevelopment.net/Services/api/social/GetAvailableGroups',
          createGroupUrl:'https://cl12sales.sumtotaldevelopment.net/Services/api/social/CreateGroup',
          deleteGroupUrl:'https://cl12sales.sumtotaldevelopment.net/Services/api/social/DeleteGroup',
          deleteGroupMembershipUrl:'https://cl12sales.sumtotaldevelopment.net/Services/api/social/DeleteGroupMembership',
          addGroupMembershipUrl:'https://cl12sales.sumtotaldevelopment.net/Services/api/social/AddGroupMembership',
          getCurrentUserDataURL:'https://cl12sales.sumtotaldevelopment.net/Services/api/social/GetCurrentUserData',
          getAllUsersURL:'https://cl12sales.sumtotaldevelopment.net/Services/api/social/GetAllUsers',
          getGroupByIdUrl:'https://cl12sales.sumtotaldevelopment.net/Services/api/social/GetGroupById',
          validateGroupNameUrl:'https://cl12sales.sumtotaldevelopment.net/Services/api/social/ValidateGroupName',
          searchGroupUrl:'https://cl12sales.sumtotaldevelopment.net/Services/api/social/SearchGroup'
        },
        timeline:{
          approveTask:'https://cl12sales.sumtotaldevelopment.net/Services/api/timelineapi/ApproveTask',
        },
        bigData: {
          DismissEmployeeRecommendationsUrl: '/Core/Core/api/bigdataapi/DismissEmployeeRecommendations',
          CourseRecommendationForUserUrl: '/Core/Core/api/bigdataapi/GetCourseRecommendationForUser',
          getEmployeePositionFitData: '/Core/Core/api/bigdataapi/RetrieveEmployeePositionFitData',
          GetViewableJobsForUser: '/Core/Core/api/bigdataapi/GetViewableJobsForUser',
          SaveEmployeeRecommendPosition: '/Core/Core/api/bigdataapi/SaveEmployeeRecommendPosition',
          SaveEmployeeRecommendInterest:'/Core/Core/api/bigdataapi/SaveEmployeeRecommendInterest',
          GetViewableSubNodesForJob: '/Core/Core/api/bigdataapi/GetViewableSubNodesForJob',
          GetViewableNodesForJob :'/Core/Core/api/bigdataapi/GetViewableNodesForJob',
          GetJobByPersonId :'/Core/Core/api/bigdataapi/GetJobByPersonId',
          addOrRemoveJobFitAnalysis :'/Core/Core/api/bigdataapi/AddOrRemoveJobFitAnalysis',
          //External Job Recommendation Implementation
          GetViewableExternalJobsForUser: '/Core/Core/api/bigdataapi/GetViewableExternalJobsForUser'
        },
        translations: {
          retrieveTranslations: '/Core/Core/api/translationapi/RetrieveTranslations',
          getTranslationsForModelUrl: '/Core/Core/api/translationapi/GetTranslationsForModel' + '?modelTypeFullName=',
          getTranslationsForObjectUrl: '/Core/Core/api/translationapi/GetTranslationsForObject' + '?modelTypeFullName=',
          saveTranslationsForModelUrl: '/Core/Core/api/translationapi/SaveTranslationsForModel' + '?modelTypeFullName=',
          GetTranslationsForModelAndObjectUrl: '/Core/Core/api/translationapi/GetTranslationsForModelAndObject',
          saveTranslationsForModelAndObjectUrl: '/Core/Core/api/translationapi/SaveTranslationsForModelAndObject',
          getTranslationDefinitionsByCategoryUrl: '/Core/Core/api/translationapi/GetTranslationDefinitionsByCategory',
          getStaticTranslationsForEditorUrl: '/Core/Core/api/translationapi/GetStaticTranslationsForEditor',
          saveStaticTranslationsUrl: '/Core/Core/api/translationapi/SaveStaticTranslations',
          getTranslationCategoriesUrl: '/Core/Core/api/translationapi/GetTranslationCategories',
          getTranslationsUrl:'https://cl12sales.sumtotaldevelopment.net/Services/api/i18n',
        },
        settings: {
          retrieveSettings: '/Core/Core/api/settingapi/RetrieveSettings',
          saveSettings: '/Core/Core/api/settingapi/SaveSettings',
          getSettingsForPreferenceScreen: '/Core/Core/api/settingapi/GetSettingsForPreferenceScreen',
          getSettings: '/Core/Core/api/settingapi/GetSettings',
          saveSettingsForPreferenceScreen: '/Core/Core/api/settingapi/SaveSettingsForPreferenceScreen',
          deleteSettings: '/Core/Core/api/settingapi/DeleteSettings',
          getObjectCriteriaSettings: '/Core/Core/api/settingapi/GetObjectCriteriaSettings',
          SaveObjectCriteriaSettings: '/Core/Core/api/settingapi/SaveObjectCriteriaSettings',
          getTimelineSortOptions: '/Core/Core/api/settingapi/GetTimelineSortOptions'

        },
        mobileConfiguration: {
          getMobileConfiguration: '/Core/Core/api/settingapi/getMobileConfiguration',
          setMobileConfiguration: '/Core/Core/api/settingapi/setMobileConfiguration'
        },
        personalization: {
          retrievePersonalization: '/Core/Core/api/dashboardingapi/RetrievePersonalization',
          retrievePersonalizationType: '/Core/Core/api/dashboardingapi/RetrievePersonalizationType'
        },
        dashboard: {
          getWidget: '/Core/Core/api/dashboardingapi/GetWidgetData',
          saveWidget: '/Core/Core/api/dashboardingapi/SaveWidgetData',
          getMyTasksforNotificationURL: '/Core/Core/api/mytasksapi/GetTimelineNotifications',
          clearWidgetDataCache: '/Core/Core/api/dashboardingapi/ClearWidgetDataCache',
          clearSecurityCache: '/Core/Core/api/dashboardingapi/ClearSecurityCache',
          saveWidgetDashboard: '/Core/Core/api/dashboardingapi/SaveWidgetDashboardData',
          removeDashboard: '/Core/Core/api/dashboardingapi/RemoveDashboardData',
          removeDashboardPage: '/Core/Core/api/dashboardingapi/RemoveDashboardPageData',
          copyDashboard: '/Core/Core/api/dashboardingapi/CopyDashboard',
          copyDashboardPage: '/Core/Core/api/dashboardingapi/CopyDashboardPage',
          myTasksRefresh: '/Core/Core/api/mytasksapi/GetMyTasks',
          retrieveSingleWebPartsData: '/Core/Core/api/dashboardingapi/RetrieveSingleWebPartsData',
          resetDashboardPage: '/Core/Core/api/dashboardingapi/ResetDashboardPage',
          registrationRedirection:'/Core/Core/api/dashboardingapi/GetRegistrationRedirectionData',
          getAllDashboardPages:'/Core/Core/api/dashboardingapi/LoadAllWebPartPages',
		      setUserDefaultDashboard: '/Core/Core/api/dashboardingapi/SetUserDefaultDashboard',
          setDashboardPagePriority: '/Core/Core/api/dashboardingapi/SetDashboardPagePriority',
          getLandingPageDashboardPages:'/Core/Core/api/dashboardingapi/GetLandingPageDashboardPages',
          common: {
            retrieveEmployeePopupDetails: '/Core/Core/api/dashboardingapi/RetrieveEmployeePopupDetails'
          },
          webClock: {
            savePunch: '/Core/Core/api/dashboardingapi/SavePunchDetails',
            getPunch: '/Core/Core/api/dashboardingapi/LastPunchDetails',
            getPositionFromSearch:'/Core/Core/api/dashboardingapi/GetWFMSearch',
            getCostCenterFromSearch:'/Core/Core/api/dashboardingapi/GetWFMSearch',
            getWorkOrderFromSearch:'/Core/Core/api/dashboardingapi/GetWFMSearch',
            getWorkItemFromSearch:'/Core/Core/api/dashboardingapi/GetWFMSearch',
            saveCCP:'/Core/Core/api/dashboardingapi/SaveCCP'
          }
        },
        theming: {
          markThemeActive: '/Core/Core/api/themingapi/MarkThemeActive',
          markThemeAsDefault: '/Core/Core/api/themingapi/MarkThemeAsDefault',
          getHttpRequest: '/Core/Core/api/themingapi/GetHttpRequest',
          loadAllThemes: '/Core/Core/api/themingapi/LoadAllThemes',
          loadEditorViewData: '/Core/Core/api/themingapi/LoadEditorViewData',
          loadLessFiles: '/Core/Core/api/themingapi/LoadLessFiles',
          saveTheme: '/Core/Core/api/themingapi/SaveTheme',
          deleteTheme: '/Core/Core/api/themingapi/DeleteTheme',
          saveThemePrecedenceValues: '/Core/Core/api/themingapi/SaveThemePrecedenceValues',
          proxy: '/Core/proxy.html2canvas'
        },
        user: {
          getPersonIdByNumber: '/Core/Core/api/UserApi/GetPersonIdByNumber',
          getPersonNumberByIdUrl: 'https://cl12sales.sumtotaldevelopment.net/Services/api/core/person/GetPersonNumberById',
          getLoggedInPersonId: '/Core/Core/api/UserApi/GetLoggedInPersonId',
          profileOverview: '/Core/Core/api/profiledata/getprofileoverview',
          employeeMetricsData: '/Core/Core/api/profiledata/GetDataForEnabledProfileSections',
          getUserMiniProfile: '/Core/Core/api/profiledata/GetUserMiniProfile',
          directReportProfileOverview: '/Core/Core/api/profiledata/getprofileoverview',
          getRelationship: '/Core/Core/api/profiledata/getrelationship',
          GetOverAllPerformanceUrl : '/Core/Core/api/UserApi/GetPerformanceRatings',
          GetRecommendedLearningsUrl : '/Core/Core/api/UserApi/GetRecommendedLearnings'+ '?userId=' + '1252D64C27E97EBCC615775F6386491D' + '&viewPersonId=',
          GetPerformanceHistoryUrl : '/Core/Core/api/UserApi/GetPerformanceHistory',
          getGoalsForUserUrl: '/Core/Core/api/UserApi/GetGoalsForUser',
          getGoalDetailsForUserUrl: '/Core/Core/api/UserApi/GetGoalDetailsForUser',
          getGoalDetailsForTeamUrl: '/Core/Core/api/UserApi/GetGoalDetailsForTeam',
          saveGoalDetailsForUserUrl: '/Core/Core/api/UserApi/SaveGoalDetailsForUser',
          getCompensationDetails: '/Core/Core/api/UserApi/GetCompensationDetails',
          getOverAllCompensation: '/Core/Core/api/UserApi/GetCompensationRatings',
          getResumeData: '/Core/Core/api/resumeapi/GetResumeData?pId=1252D64C27E97EBCC615775F6386491D',
          getResumeDataForTimeline: '/Core/Core/api/resumeapi/GetResumeData',
          getTeachingActivityUrl: '/Core/Core/api/UserApi/GetTeachingActivityDetails',
          getTeamHeaderCountsUrl: '/Core/Core/api/UserApi/GetTeamHeaderCounts',
          getOTPForBrowserExtension:'/Core/Core/api/UserApi/GetOTPForBrowserExtension',
        },

        organization: {
          keyMeasureData: '/Core/Core/api/orgchartapi/getkeymeasures',
          metricBarMetrics: '/Core/Core/api/orgchartapi/getmetricbarmetrics',
          metricBarMetricsForListOfUsers: '/Core/Core/api/orgchartapi/getmetricbarmetricsforlistofusers',
          saveNewHierarchyDetailsUrl: '/Core/Core/api/OrganizationApi/SaveNewHierarchyDetails',
          getCurrentHierarchiesUrl: '/Core/Core/api/OrganizationApi/GetCurrentHierarchies',
          getHierarchyDetailsUrl: '/Core/Core/api/OrganizationApi/GetHierarchyDetails' + '?hierarchyPK=',
          getChildOrganizationsUrl: '/Core/Core/api/OrganizationApi/GetChildOrganizations' + "?",//hierarchyPK=&organizationPK=
          getCodeByCatcdUrl: '/Core/Core/api/lookupsapi/codecats' + '?catcode=',
          getAutoGenOrgCode: '/Core/Core/api/OrganizationApi/GetAutoGenOrgCode',
          getCurrencyList: '/Core/Core/api/OrganizationApi/GetCurrencyList',
          getOrganizationUrl: '/Core/Core/api/OrganizationApi/GetOrganization' + '?organizationPK=',
          saveNewOrganizationDetailsUrl: '/Core/Core/api/OrganizationApi/SaveNewOrganizationDetails',
          createOrEditOrganizationUrl: '/Core/Core/api/OrganizationApi/CreateOrEditOrganization',
          DeleteOrganizationHierarchyUrl: '/Core/Core/api/OrganizationApi/DeleteOrganizationHierarchy',
          addUserByListUrl: '/Core/Core/api/OrganizationApi/AddUserByList',
          ConvertToDomainUrl: '/Core/Core/api/OrganizationApi/ConvertToDomain',
          getAllOrganization: '/Core/Core/api/OrganizationApi/SearchOrganization',
          getPermissionUrl: '/Core/Core/api/OrganizationApi/GetPermission',
          getInstalledPillars: '/Core/Core/api/jobapi/GetInstalledPillars',
          addUserInfoUrl: '/Core/Core/api/OrganizationApi/GetUserInfo',
          getOrgUserUrl: '/Core/Core/api/OrganizationApi/GetOrganizationUsers',
          getAudienceUrl: '/Core/Core/api/OrganizationApi/GetAudience',
          addUserByAudience: '/Core/Core/api/OrganizationApi/AddUserByAudience',
          exportOrganizationsURL: '/Core/Core/api/OrganizationApi/exportOrganization',
          
          editOrg: '/Core/Core/api/OrganizationApi/editOrgUser',
          deleteOrgUsersUrl: '/Core/Core/api/OrganizationApi/deleteOrgUsers',
          timeLineData: '/Core/Core/api/orgchartapi/gettimelinedata' + '?key=',
          employeeSearchForUser: '/Core/Core/api/orgchartapi/EmployeeSearchForUser',
          getSingleSupervisorHierarchyNode: '/Core/Core/api/orgchartapi/GetSingleSupervisorHierarchyNode',
          getSupervisorHierarchy: '/Core/Core/api/orgchartapi/GetSupervisorHierarchy',
          getPositionHierarchy: '/Core/Core/api/orgchartapi/GetPositionHierarchy',
          getDataForEnabledProfileSections: '/Core/Core/api/orgchartapi/GetDataForEnabledProfileSections',
          getAllMetrics: '/Core/Core/api/orgchartapi/GetAllMetrics',
          getSuccessorsForJobPosition: '/Core/Core/api/orgchartapi/GetSuccessorsForJobPosition',
          updateSuccessionForJobPosition: '/Core/Core/api/orgchartapi/UpdateSuccessionForJobPosition',
          getSpecifiedActivities: '/Core/Core/api/orgchartapi/GetSpecifiedActivities',
          getSettings: '/Core/Core/api/orgchartapi/GetSettings',
          isParentOrgURL :'/Core/Core/api/OrganizationApi/IsParentOrganization',
        },
        org: {
          GetUplineHierarchy: '/Core/Core/api/orgchartapi/GetUplineHierarchy',
          GetDirectReportsData: '/Core/Core/api/orgchartapi/GetDirectReportsData',
          GetManagerData: '/Core/Core/api/orgchartapi/GetManagerData',
        },
        tasks:{
          mytasks: '/Core/Core/api/mytasksapi/GetMyTasks' ,
          loadTimelineNotificationCount: '/Core/Core/api/mytasksapi/LoadTimelineNotificationCount' ,
          learningTasks: '/Core/Core/api/mytasksapi/GetLearningTasks',
          learningTasksCount: '/Core/Core/api/mytasksapi/GetLearningTasksCount',
        },
        myteam:
        {
          directReport : '/Core/Core/api/myteam/getteammember?mgrId=1252D64C27E97EBCC615775F6386491D' ,
          directReportProfileOverview: '/Core/Core/api/profiledata/getprofileoverview'
        },
        security:{
          GetPortalSecuredRoutesUrl: '/Core/Core/api/securityapi/GetPortalSecuredRoutes',
          ListPermissionLevelsUrl: '/Core/Core/api/securityapi/ListPermissionLevels',
          LoadPermissionLevelByIdUrl: '/Core/Core/api/securityapi/LoadPermissionLevelById',
          GetRelationshipTo: '/Core/Core/api/securityapi/GetRelationship',
          ListSecurityGroupsUrl: '/Core/Core/api/securityapi/ListSecurityGroups',
          GetSecurityGroupsForUserUrl: '/Core/Core/api/securityapi/GetSecurityGroupsForUser',
          LoadSecurityGroupByIdUrl: '/Core/Core/api/securityapi/LoadSecurityGroupById',
          DeletePermissionLevelDataUrl: '/Core/Core/api/securityapi/DeletePermissionLevel',
          SavePermissionLevelDataUrl: '/Core/Core/api/securityapi/SavePermissionLevel',
          SaveSecurityGroupUrl: '/Core/Core/api/securityapi/SaveSecurityGroup',
          ListPermissionDefinitionsUrl: '/Core/Core/api/securityapi/ListPermissionDefinitions',
          DeleteSecurityGroupDataUrl: '/Core/Core/api/securityapi/DeleteSecurityGroup',
          //GetApplicationRoleTypesUrl: '/Core/Core/api/securityapi/GetApplicationRoleTypes',
          GetApplicationRoleTypesUrl: '/Core/Core/api/securityapi/GetAllPortalRoles',
          GetAllPortalRolesUrl: '/Core/Core/api/securityapi/GetAllPortalRoles',
          SearchApplicationRolesUrl: '/Core/Core/api/securityapi/SearchApplicationRoles',
          ListPermissionDefinitionsByObjTypeUrl: '/Core/Core/api/securityapi/ListPermissionDefinitionsByObjType',
          GetSecurityGroupObjectPermissionsUrl: '/Core/Core/api/securityapi/ListSecurityGroupObjectPermissions',
          AddUpdateSecurityGroupObjectPermissionsUrl: '/Core/Core/api/securityapi/AddUpdateSecurityGroupObjectPermission',
          GetMasterSitemapForPMConfigurationUrl: '/Core/Core/api/securityapi/GetMasterSitemapForPMConfiguration',
          GetBreadcrumbDataForSitemapNodeUrl: '/Core/Core/api/securityapi/GetBreadcrumbDataForSitemapNode',

          SaveMasterSitemapForPMConfigurationUrl: '/Core/Core/api/securityapi/SaveMasterSitemapForPMConfiguration',
          GetAllRelyingPartiesUrl: '/Core/Core/api/securityapi/GetRelyingPartiesForCurrentTenant',
          DeleteSitemapNodeUrl: '/Core/Core/api/securityapi/DeleteSitemapNode',
          ResetChangePasswordByAdmin: '/Core/Core/api/securityapi/ResetChangePasswordByAdmin',
          GetPasswordRules: '/Core/Core/api/securityapi/GetPasswordRules',
          DeleteSitemapNodeUrl: '/Core/Core/api/securityapi/DeleteSitemapNode',
          GetUserLoginHistoryUrl: '/Core/Core/api/securityapi/GetUserLoginHistory',
          getSecurityRelationshipNameList: '/Core/Core/api/profiledata/GetSecurityRelationshipNameList',
          getSecurityRelationship: '/Core/Core/api/profiledata/GetSecurityRelationship',
          getSecurityRelationshipCategoryList: '/Core/Core/api/profiledata/GetSecurityRelationshipCategoryList',
          GetEmployeeProfileSitemap: '/Core/Core/api/securityapi/GetEmployeeProfileSitemap',
          addSecurityRelationship: '/Core/Core/api/profiledata/AddSecurityRelationship',
          updateSecurityRelationship: '/Core/Core/api/profiledata/UpdateSecurityRelationship',
          deleteSecurityRelationship: '/Core/Core/api/profiledata/DeleteSecurityRelationship',
          getMultiLangDetails: '/Core/Core/api/profiledata/GetMultiLangDetails',
          ResetSecurityGroupObjectPermissionUrl: '/Core/Core/api/securityapi/ResetSecurityGroupObjectPermission',
          InheritSecurityGroupObjectPermissionsUrl: '/Core/Core/api/securityapi/InheritSecurityGroupObjectPermissions',

          GetESignatureSettings: '/Core/Core/api/securityapi/GetESignatureSettings',
          ListObjectSecurityGroupsUrl: '/Core/Core/api/securityapi/ListObjectSecurityGroups',
          apiTokenUrl: '/Core/Core/api/securityapi/retrieveApiToken',
          GetUAToken: '/Core/Core/api/securityapi/GetUAToken',
          EmulateProfileByAdmin: '/Core/Core/api/securityapi/EmulateProfileByAdmin',
          IsModuleLicensed: '/Core/Core/api/securityapi/IsModuleLicensed',
          GetSecurityPermissions: '/Core/Core/api/securityapi/GetSecurityPermissions',
          getPageHelpUrl: '/Core/Core/api/securityapi/GetPageHelpUrl'

        },
        library:
        {
          libraryApiURL:'/Core/Core/api/libraryapi/GetCatalogs',
          libraryGetTopicURL:'/Core/Core/api/libraryapi/GetCurrentTopic',
          relatedTopicsApiURL:'/Core/Core/api/libraryapi/GetRelatedTopics'
        },
        trainingActivity:
        {
          activityApi:'/Core/Core/api/trainingapi/GetActivitySummaryDetails'
        },
        eSignature:
        {
          eSignatureApi:'/Core/Core/api/esignatureapi/GetESignatureTranslation'
        },
        password:
        {
          ListProhibitedWordUrl: '/Core/Core/api/passwordmanagerapi/ListProhibitedWords',
          ListSecurityQuestionsUrl: '/Core/Core/api/passwordmanagerapi/ListSecurityQuestions',
          GetUserLanaguageListUrl: '/Core/Core/api/passwordmanagerapi/GetUserLanaguageList',
          SaveSecurityQuestionsUrl: '/Core/Core/api/passwordmanagerapi/SaveSecurityQuestion',
          ListUserSecQuestionsUrl: '/Core/Core/api/passwordmanagerapi/ListUserSecQuestions',
          SaveUserSecQuestionsDataUrl: '/Core/Core/api/passwordmanagerapi/SaveUserSecQuestions',
          SavePasswordPolicyUrl: '/Core/Core/api/passwordmanagerapi/SavePasswordPolicy',
          GetPasswordPolicyUrl: '/Core/Core/api/passwordmanagerapi/GetPasswordPolicies',
          GetPasswordPolicyByIdUrl: '/Core/Core/api/passwordmanagerapi/GetPasswordPolicyById',
          GetPasswordPolicyForUserUrl: '/Core/Core/api/passwordmanagerapi/GetPasswordPolicyForUser',
          GetPasswordRulesForUserUrl: '/Core/Core/api/passwordmanagerapi/GetPasswordRulesForUser',
          GetSecurityQuestionsForUserUrl: '/Core/Core/api/passwordmanagerapi/GetSecurityQuestionsForUser',
          DeletePasswordPoliciesUrl: '/Core/Core/api/passwordmanagerapi/DeletePasswordPolicies',
          SaveProhibitedWordsDataUrl: '/Core/Core/api/passwordmanagerapi/SaveProhibitedWords',
          GetRulesAndSettingsUrl: '/Core/Core/api/passwordmanagerapi/GetRulesAndSettings',
          SaveRulesAndSettingsUrl: '/Core/Core/api/passwordmanagerapi/SaveRulesAndSettings',
          SaveEntityAssignmentUrl: '/Core/Core/api/passwordmanagerapi/SaveEntityAssignment',
          GetPasswordSettingsUrl: '/Core/Core/api/passwordmanagerapi/GetPasswordSettings',
          SavePasswordSettingsUrl: '/Core/Core/api/passwordmanagerapi/SavePasswordSettings',
          ResetPasswordUrl: '/Core/Core/api/passwordmanagerapi/ResetPassword'
        },
        myprofile:{
          getWorkerPersonalDetailsUrl: '/Core/Core/api/profiledata/GetWorkerPersonalDetails',
          saveWorkerPersonalDetailsUrl: '/Core/Core/api/profiledata/SaveWorkerPersonalDetails',
          getWorkerProfileUrl: '/Core/Core/api/profiledata/GetWorkerProfile',
          getWorkerBasicProfileUrl: '/Core/Core/api/profiledata/GetWorkerBasicProfile',
          disabledUserProfileUrl: '/Core/Core/api/profiledata/DisableUserLogins',
          enabledUserProfileUrl: '/Core/Core/api/profiledata/EnableUserLogins',
          terminatePersonDetailsUrl: '/Core/Core/api/profiledata/TerminateWorkerProfile',
          restorePersonDetailsUrl: '/Core/Core/api/profiledata/RestoreWorkerProfile',
          getReassignManagerData: '/Core/Core/api/profiledata/GetReassignManagerData',
          getUsersForReassignManager: '/Core/Core/api/profiledata/getUsersForReassignManager',
          updateUsersReassignManager: '/Core/Core/api/profiledata/UpdateUsersReassignManager',
          getPendingTasksForChangeManager: '/Core/Core/api/profiledata/GetPendingTasksForChangeManager',
          updatePersonRelationDetails: '/Core/Core/api/profiledata/UpdateManagerForPerson',
          getSearchUsers: '/Core/Core/api/profiledata/SearchUser',
          getFreeTextSearchUsers: '/Core/Core/api/profiledata/FreeTextUserSearch',
          getAllUser: '/Core/Core/api/profiledata/GetAllUser',
          exportUsers: '/Core/Core/api/profiledata/ExportUsers',
          removeAccount: '/Core/Core/api/profiledata/RemoveAccount',
          getSecurityRightsUrl: '/Core/Core/api/profiledata/GetSecurityRights',
          getMergeUserConflicts: '/Core/Core/api/profiledata/MergeUserConflicts',
          getTMCheckMergeUser: '/Core/Core/api/profiledata/TMCheckMergeUser',
          mergeUserAccounts: '/Core/Core/api/profiledata/MergeUserAccounts',
          listofmergeAccounts: '/Core/Core/api/profiledata/ListofMergeAccounts',
          exportMergeAccounts: '/Core/Core/api/profiledata/ExportMergeAccounts',
          getMergeUserStatus: '/Core/Core/api/profiledata/GetMergeUserStatus',
          addUpdatePersonUrl: '/Core/Core/api/profiledata/AddUpdatePerson',
          getUserPermissionsUrl: '/Core/Core/api/profiledata/GetUserPermissions',
          getUserPermissionsForEmulateProfileUrl: '/Core/Core/api/profiledata/GetUserPermissionsForEmulateProfile',
          exportPendingApprovalsUrl: '/Core/Core/api/profiledata/ExportPendingApproval',
          ExportPendingAccounts: '/Core/Core/api/profiledata/ExportPendingAccounts',
          getAdvancedPendingApprovalUrl:'/Core/Core/api/profiledata/GetAdvancedPendingApproval',
          ActOnPendingApprovalUrl:'/Core/Core/api/profiledata/ActOnPendingApproval',
          getWorkerPersonalDetailsPAUrl: '/Core/Core/api/profiledata/GetWorkerPersonalDetails',
          pendingApprovalSecurityCheckUrl: '/Core/Core/api/profiledata/PendingApprovalSecurityCheck',
          editUserUrl: '/Core/Core/api/profiledata/EditUser',
          getEmployeeTypeUrl: '/Core/Core/api/profiledata/GetEmployeeType',
          GetProfileOverviewMini: '/Core/Core/api/profiledata/GetProfileOverviewMini',
          gePersonHomeAddressUrl:'/Core/Core/api/profiledata/getUserHomeAddress',
          getCreateUserPermissionUrl: '/Core/Core/api/profiledata/GetCreateUserPermissions',
          isGuestUserUrl: '/Core/Core/api/profiledata/IsGuestUser',
        },

        //added
        myUnlockdata: {
          doUnlockDataUrl: '/Core/Core/api/profiledata/doUnlockAccount'
        },
        commonUtilApis: {
          enabledPillarsUrl: '/Core/Core/api/commonapi/GetEnabledPillars'
        },
        jobtemplates:{
          getNextJobNumUrl: '/Core/Core/api/jobapi/GetNextJobNum',
          getJobTemplatesUrl: '/Core/Core/api/jobapi/GetJobTemplates',
          getJobTemplateUrl: '/Core/Core/api/jobapi/GetJobTemplate',   //Deprecated, use getJobTemplateByIdUrl instead
          getJobTemplateByIdUrl: '/Core/Core/api/jobapi/getJobTemplateById',
          getNextJobsUrl: '/Core/Core/api/jobapi/GetNextJobs',
          getCompetenciesFromJobUrl: '/Core/Core/api/jobapi/GetCompetenciesFromJob',
          getJobRequirementsForUserUrl: '/Core/Core/api/jobapi/GetJobRequirementsForUser',
          copyJobTemplatesUrl: '/Core/Core/api/jobapi/CopyJobTemplates',
          deleteJobTemplatesUrl: '/Core/Core/api/jobapi/DeleteJobTemplates',
          saveJobTemplatesUrl: '/Core/Core/api/jobapi/SaveJobTemplate',
          getInstalledPillars: '/Core/Core/api/jobapi/GetInstalledPillars',
          getCoreRelationships: '/Core/Core/api/jobapi/GetCoreRelationships',
          getCodeByCatcdUrl: '/Core/Core/api/lookupsapi/codecats' + '?catcode=',
          exportJobTemplates: '/Core/Core/api/jobapi/ExportJobTemplates',
          getPermissionUrl: '/Core/Core/api/jobapi/GetPermission',
        },
        skills:{
          getSkillsUrl: '/Core/Core/api/skill/GetSkills',
          getSkillUrl: '/Core/Core/api/skill/GetSkill',
          copySkillsUrl: '/Core/Core/api/skill/CopySkills',
          deleteSkillsUrl: '/Core/Core/api/skill/DeleteSkills',
          saveSkillsUrl: '/Core/Core/api/skill/SaveSkill',
          getContentTypesUrl: '/Core/Core/api/skill/getContentTypes',
          getCodeByCatcdUrl: '/Core/Core/api/lookupsapi/codecats' + '?catcode=',
          exportSkills: '/Core/Core/api/skill/ExportSkills',
          getPermissionUrl: '/Core/Core/api/skill/GetPermission',
          getSkillCategoriesUrl: 'https://cl12sales.sumtotaldevelopment.net/Services/api/SkillCategories/GetSkillCategoriesData',
          saveSkillDataUrl:'https://cl12sales.sumtotaldevelopment.net/Services/api/SkillCategories/SaveSkillWithCategories',
          saveSkillCategoryLevelUrl:'https://cl12sales.sumtotaldevelopment.net/Services/api/SkillCategories/SaveSkillCategoryLevel',
        },

        competencies:{
          getCompetenciesUrl: '/Core/Core/api/competencyapi/GetCompetencies',
          getCompetenciesByPersonUrl: '/Core/Core/api/competencyapi/GetCompetenciesByPerson',
          exportCompetenciesUrl: '/Core/Core/api/competencyapi/ExportCompetencies',
          getCompetencyUrl: '/Core/Core/api/competencyapi/GetCompetency',
          saveCompetencyUrl: '/Core/Core/api/competencyapi/SaveCompetency',
          saveEnabledLanguagesUrl: '/Core/Core/api/competencyapi/GetEnabledLanguages',
          getPermissionUrl: '/Core/Core/api/competencyapi/GetPermission',
          deleteCompetenciesUrl: '/Core/Core/api/competencyapi/DeleteCompetencies',
        },

        recruitingquestion:{
          getRecruitingQuestionById: '/Core/Core/api/recruitingquestionapi/GetRecruitingQuestionById',
          getDateTimeById: '/Core/Core/api/recruitingquestionapi/GetDateTimeById',
          getMultipleTextBoxesById: '/Core/Core/api/recruitingquestionapi/GetMultipleTextBoxesById',
          getRatingMatrixById: '/Core/Core/api/recruitingquestionapi/GetRatingMatrixById',
          getRatingById: '/Core/Core/api/recruitingquestionapi/GetRatingById',
          getRecruitingQuestionWithChoicesById: '/Core/Core/api/recruitingquestionapi/GetRecruitingQuestionWithChoicesById',
          getMultiSelectListDropdownsById: '/Core/Core/api/recruitingquestionapi/GetMultiSelectListDropdownsById',

          getRecruitingQuestions: '/Core/Core/api/recruitingquestionapi/GetRecruitingQuestions',
          getFilteredRecruitingQuestions: '/Core/Core/api/recruitingquestionapi/GetFilteredRecruitingQuestions',

          addOrUpdateFlattenRecruitingQuestion: '/Core/Core/api/recruitingquestionapi/AddOrUpdateFlattenRecruitingQuestion',
          addOrUpdateDateTimeRecruitingQuestion: '/Core/Core/api/recruitingquestionapi/AddOrUpdateDateTimeRecruitingQuestion',
          addOrUpdateMultipleTextBoxes: '/Core/Core/api/recruitingquestionapi/AddOrUpdateMultipleTextBoxes',
          addOrUpdateRatingMatrix: '/Core/Core/api/recruitingquestionapi/AddOrUpdateRatingMatrix',
          addOrUpdateRecruitingQuestionWithChoices: '/Core/Core/api/recruitingquestionapi/AddOrUpdateRecruitingQuestionWithChoices',
          addOrUpdateMultiSelectListDropdowns: '/Core/Core/api/recruitingquestionapi/AddOrUpdateMultiSelectListDropdowns',

          restoreOrInactivateRecruitingQuestion: '/Core/Core/api/recruitingquestionapi/RestoreOrInactivateRecruitingQuestion',
          deleteRecruitingQuestions: '/Core/Core/api/recruitingquestionapi/DeleteRecruitingQuestions',

          searchRecruitingQuestionTags: '/Core/Core/api/recruitingquestionapi/SearchRecruitingQuestionTags',
          getAllRecruitingQuestionTags: '/Core/Core/api/recruitingquestionapi/GetAllRecruitingQuestionTags'
        },

        competencyModels:{
          getPermissionUrl: '/Core/Core/api/competencymodelapi/GetPermission',
          getCompetencyModelsUrl: '/Core/Core/api/competencymodelapi/getcompetencymodels',
          saveCompetencyModelsUrl: '/Core/Core/api/competencymodelapi/savecompetencymodel',
          getCompetencyModelEditUrl: '/Core/Core/api/competencymodelapi/getcompetencymodel' + '?targetAssessmentID=',
          deleteCompetencyModelsUrl: '/Core/Core/api/competencymodelapi/deletecompetencymodels' + '?targetAssessmentIDs=',
          copyCompetencyModelsUrl: '/Core/Core/api/competencymodelapi/CopyCompetencyModel' + '?targetAssessmentIDs='
        },

        behaviors:{
          getBehaviorDetailsUrl: '/Core/Core/api/behaviorapi/GetBehaviorDetail',
          getBehaviorsByCmpIdUrl: '/Core/Core/api/behaviorapi/GetBehaviorsbyCmpID',
          getBehaviorsByCmpIdsUrl: 'https://cl12sales.sumtotaldevelopment.net/Services/api/behavior/GetBehaviorsByCmpIDs',
          SaveNewBehaviorDetailUrl: '/Core/Core/api/behaviorapi/SaveNewBehaviorDetail',
          DeleteOrCopyBehaviorsUrl: '/Core/Core/api/behaviorapi/DeleteOrCopyBehaviors',
          ExportBehaviorsUrl: '/Core/Core/api/behaviorapi/ExportBehaviors',
          getPermissionUrl: '/Core/Core/api/behaviorapi/GetPermission',
          getLeftNavPermissionUrl: '/Core/Core/api/behaviorapi/getLeftNavPermission',
          getAssociatedActivitiesUrl: '/Core/Core/api/behaviorapi/getAssocicatedActivities',
          getActivitiesBySearchCritUrl: '/Core/Core/api/behaviorapi/getActivitiesBySearchCrit',
          addDeleteActivitiesUrl: '/Core/Core/api/behaviorapi/addDeleteActivities',
        },
        domains:{
          getListofLMOrgandDomainsUrl: '/Core/Core/api/DomainDataApi/GetListofDomains',
          getCurrentLoginUserDomainUrl: '/Core/Core/api/DomainDataApi/GetCurrentLoginUserDomain',
          expireCurrentDomainCache: '/Core/Core/api/DomainDataApi/ExpireCurrentDomainCache'
        },
        lookups:{
          getListofLMSecurityRolesUrl: '/Core/Core/api/LookupsApi/GetListofLMSecurityRoles',
          getListofTMBusinessUrl: '/Core/Core/api/LookupsApi/GetListofTMBusiness',
          getCodeDefinitionsUrl: '/Core/Core/api/lookupsapi/allcodecats',
          getCodesUrl: '/Core/Core/api/lookupsapi/codecats',
          getMultipleCodesUrl: '/Core/Core/api/lookupsapi/GetCodeDefinitions',
          getCodesForRatingUrl: '/Core/Core/api/lookupsapi/codecatsforrating',
          getCodeDefinitionsListUrl: '/Core/Core/api/lookupsapi/codecatsforedit',
          getCodeDefinitionsEditUrl: '/Core/Core/api/lookupsapi/editcodecat',
          getCodeDefinitionscodesforeditUrl: '/Core/Core/api/lookupsapi/codesforedit',
          getLinkedCodesForCatcd: '/Core/Core/api/lookupsapi/linkedcodes',
          getCodeDefinitionsSaveUrl: '/Core/Core/api/lookupsapi/savecodecat',
          getCodeDefinitionUpdateStatusUrl: '/Core/Core/api/lookupsapi/updatecodecatstatus',
          getCodesEditUrl: '/Core/Core/api/lookupsapi/editcode',
          getCodesSaveUrl: '/Core/Core/api/lookupsapi/savecode',
          getCodeUpdateStatusUrl: '/Core/Core/api/lookupsapi/updatecodestatus',
          getTimezonesUrl: '/Core/Core/api/lookupsapi/alltimezones',
          getCodeByCatcdUrl: '/Core/Core/api/lookupsapi/codecats' + '?catcode='
        },
        developmentplan:{
          getDevPlanofUserForPeriodUrl: '/Core/Core/api/developmentplanapi/GetDevelopmentPlanForOwnerForPeriod',
          getDevelopmentPlanTasksForPlanUrl: '/Core/Core/api/developmentplanapi/GetDevelopmentPlanTasksForPlan',
          getDevelopmentPlanActivitiesForOwner: '/Core/Core/api/developmentplanapi/GetDevelopmentPlanActivitiesForOwner',
          SaveDevelopmentPlanUrl: '/Core/Core/api/developmentplanapi/SaveDevelopmentPlan',
          SaveDevelopmentPlanActivityUrl: '/Core/Core/api/developmentplanapi/SaveDevelopmentPlanActivity',
          getGoalPeriodsUrl: '/Core/Core/api/developmentplanapi/GetGoalPeriodsList',
          deleteDevelopmentPlanActivityUrl: '/Core/Core/api/developmentplanapi/DeleteDevPlanActivity',
          deleteDevelopmentPlanGroupUrl: '/Core/Core/api/developmentplanapi/DeleteDevelopmentPlanGroup',
          getDevPlanGroupsUrl: '/Core/Core/api/developmentplanapi/GetDevPlanGroups',
          saveDevPlanGroupsUrl: '/Core/Core/api/developmentplanapi/SaveDevelopmentPlanGroup',
          saveDevPlanPeriodUrl: '/Core/Core/api/developmentplanapi/SaveDevelopmentPlanPeriod',
          getDirectReportsDataUrl:'/Core/Core/api/developmentplanapi/getDirectReportsData',
          saveMultipleActivitiesUrl:'/Core/Core/api/developmentplanapi/MultiAssignActivity',
          getAllCompetenciesUrl: '/Core/Core/api/developmentplanapi/GetAllCompetencies',
          getActivitiesForCompetencyUrl: '/Core/Core/api/developmentplanapi/GetActivitiesForCompetency',
          SaveApprovalStatusUrl: '/Core/Core/api/developmentplanapi/SaveApprovalStatus',
          getLatestPeriodUrl: '/Core/Core/api/developmentplanapi/GetLatestGoalPeriod',
          getDevPlanOfUsersForAPeriodUrl: '/Core/Core/api/developmentplanapi/GetDevPlanOfUsersForAPeriod',
          getDevPlanOwnerInfoUrl: '/Core/Core/api/developmentplanapi/GetDevPlanOwnerInfo',
          getDevPlanOwnerUserNameUrl: '/Core/Core/api/developmentplanapi/GetDevPlanOwnerUserName',
          getUserJobUrl: '/Core/Core/api/developmentplanapi/GetUserJob',
          getCompetenciesForUserJobUrl: '/Core/Core/api/developmentplanapi/GetCompetenciesForUserJob',
          getCompetencyBehaviorsUrl: '/Core/Core/api/developmentplanapi/GetCompetencyBehaviors',
          getCodesForDevPlanUrl: '/Core/Core/api/developmentplanapi/GetCodesForDevPlan',
          getRatingScaleUrl: '/Core/Core/api/developmentplanapi/GetRatingScale',
          getTargetScaleUrl: '/Core/Core/api/developmentplanapi/GetTargetScale',
          getAssessedCompetenciesUrl: '/Core/Core/api/developmentplanapi/GetAssessedCompetencies',
          getmodelDataUrl:'/Core/Core/api/developmentplanapi/GetmodelData',
          getCompetenciesForPositionUrl: '/Core/Core/api/developmentplanapi/GetCompetenciesForPosition',
          HasManagerRelationshipUrl:'/Core/Core/api/developmentplanapi/HasManagerRelationship',
          getActivitiesBySearchCritUrl: '/Core/Core/api/developmentplanapi/getActivitiesBySearchCrit',
          getManagerCommentsForDevPlanUrl: '/Core/Core/api/developmentplanapi/GetManagerCommentsForDevPlan',
          getUDPGroupsUrl: '/Core/Core/api/developmentplanapi/GetUDPGroups',
          getUDPGroupDetailsUrl: '/Core/Core/api/developmentplanapi/GetUDPGroupDetails',
          saveUDPGroupDataUrl: '/Core/Core/api/developmentplanapi/SaveUDPGroupData',
          checkDevelopmentPlanSecurityUrl: '/Core/Core/api/developmentplanapi/CheckDevelopmentPlanSecurity',
          SaveDevelopmentPlanObjective: 'https://cl12sales.sumtotaldevelopment.net/Services/api/UDP/SaveDevelopmentPlanObjective',
          getDevPlanObjectives: 'https://cl12sales.sumtotaldevelopment.net/Services/api/UDP/GetDevPlanObjectives',
          deleteObjective: 'https://cl12sales.sumtotaldevelopment.net/Services/api/UDP/DeleteObjective',
          getDevelopmentPlanForOwner: 'https://cl12sales.sumtotaldevelopment.net/Services/api/UDP/GetDevelopmentPlanForOwner'
        },
        newDevelopmentPlan:{
          createEditTaskURL: 'https://cl12sales.sumtotaldevelopment.net/Services/api/UDP/CreateEditTask',
          getDevPlanForUserURL: 'https://cl12sales.sumtotaldevelopment.net/Services/api/UDP/GetUnifiedDevelopmentPlan',
          getDevPlanObjectivesURL: 'https://cl12sales.sumtotaldevelopment.net/Services/api/UDP/GetDevPlanObjectives',
          getDevPlanTasksURL: 'https://cl12sales.sumtotaldevelopment.net/Services/api/UDP/GetDevPlanTasks',
          saveUDPConfigSettingsUrl: 'https://cl12sales.sumtotaldevelopment.net/Services/api/UDP/SaveUDPConfigSettings',
          togglePrivateStatusUrl: 'https://cl12sales.sumtotaldevelopment.net/Services/api/UDP/TogglePrivateStatus',
          saveMultipleActivitiesUrl:'https://cl12sales.sumtotaldevelopment.net/Services/api/UDP/MultiAssignActivity',
          getDevelopmentPlanSettingsUrl:'https://cl12sales.sumtotaldevelopment.net/Services/api/UDP/GetDevelopmentPlanSettings',
          getSkillsForDevPlanTasksUrl: 'https://cl12sales.sumtotaldevelopment.net/Services/api/UDP/GetSkillsForDevPlanTasks',
          getCompetenciesForDevPlanTasksUrl:'https://cl12sales.sumtotaldevelopment.net/Services/api/UDP/GetCompetenciesForDevPlanTasks',
          getSkillsForJobUrl : 'https://cl12sales.sumtotaldevelopment.net/Services/api/UDP/GetSkillsForJob',
          GetActivitiesForSkillUrl:'https://cl12sales.sumtotaldevelopment.net/Services/api/UDP/GetActivitiesForSkill',
          GetSkillsForUserUrl:'https://cl12sales.sumtotaldevelopment.net/Services/api/UDP/GetSkillsForUser',
          GetJobsForActivitiesUrl:'https://cl12sales.sumtotaldevelopment.net/Services/api/UDP/GetJobsForActivities'
        },
        userManagement:{
          getModelsUrl: '/Core/Core/api/globalconfiguratorapi/models',
          getGlobalConfigurationUrl: '/Core/Core/api/globalconfiguratorapi/globalconfigurations',
          saveGlobalConfigurationUrl: '/Core/Core/api/globalconfiguratorapi/saveglobalconfiguration',
          getAdvancedConfigurationUrl: '/Core/Core/api/globalconfiguratorapi/advancedconfigurations',
          saveAdvancedConfigurationUrl: '/Core/Core/api/globalconfiguratorapi/saveadvancedconfiguration',
          getModelConfigurationUrl: '/Core/Core/api/globalconfiguratorapi/modelconfigurations',
          getAvailableUserFieldsUrl: '/Core/Core/api/globalconfiguratorapi/availableuserfields?targetuserid=',
          getAvailableEditUserLinksUrl: '/Core/Core/api/globalconfiguratorapi/availableedituserlinks',
          getExtendedAdvancedConfigurationUrl: '/Core/Core/api/globalconfiguratorapi/extendedconfigurations',
          getAdvancedSectionConfigurationUrl: '/Core/Core/api/globalconfiguratorapi/extendedsectionconfigurations',
          saveExtendedConfigurationUrl: '/Core/Core/api/globalconfiguratorapi/saveextendedconfiguration',
          forgetUserListUrl: 'https://cl12sales.sumtotaldevelopment.net/Services/api/user/forgetuserlist',
          forgetUserUrl: 'https://cl12sales.sumtotaldevelopment.net/Services/api/user/forgetuser'
        },
        userAccount:{
          getUserAccountGeneralSettingsUrl:  '/Core/Core/api/UserAccountCreationApi/GetUserAccountCreationGeneralSettings',
          saveUserAccountGeneralSettingsUrl:  '/Core/Core/api/UserAccountCreationApi/SaveUserAccountCreationGeneralSettings',
          getSSOBrokerUrl:'/Core/Core/api/UserAccountCreationApi/GetSSOBrokerUrl'
        },
        udpConfiguration:{
          getGoalPeriodsUrl: '/Core/Core/api/developmentplanapi/GetGoalPeriodsList',
          getGoalPeriodUrl: '/Core/Core/api/developmentplanapi/GetGoalPeriod',
          saveGoalPeriodUrl: '/Core/Core/api/developmentplanapi/SaveGoalPeriod',
          deleteGoalPeriodsUrl: '/Core/Core/api/developmentplanapi/DeleteGoalPeriods',
          getUdpRequiresApprovalConfigUrl: '/Core/Core/api/developmentplanapi/GetUdpApprovalCofiguration',
          getDevelopmentPlanConfigurationUrl: '/Core/Core/api/developmentplanapi/GetDevelopmentPlanConfiguration',
          getActiveLanguagesUrl: '/Core/Core/api/developmentplanapi/GetActiveLanguages'
        },
        myresume:{
          getResumeDataUrl: '/Core/Core/api/ResumeApi/GetResumeData',
          getCertificationNamesDataUrl: '/Core/Core/api/LookupsApi/GetCertificationNamesList',
          getLstinstitutionsNamesDataUrl: '/Core/Core/api/LookupsApi/GetAvailableSchools',
          getViewLanguageProficiencyDataUrl: '/Core/Core/api/ResumeApi/GetLanguageProficiencyList',
          getEducationByIdUrl: '/Core/Core/api/ResumeApi/GetEducationById',
          getViewLocationPreferenceDataUrl: '/Core/Core/api/ResumeApi/GetLocationPreferenceList',
          getCareerInformationDataUrl: '/Core/Core/api/ResumeApi/GetCareerInformation',
          saveCareerInformationForUserUrl: '/Core/Core/api/ResumeApi/SaveCareerInformationForUser',
          deleteLocationPreferenceUrl: '/Core/Core/api/ResumeApi/deleteLocationPreference',
          getCountriesUrl: '/Core/Core/api/LookupsApi/countries',
          getStatesbyIdUrl: '/Core/Core/api/LookupsApi/provinces',
          getCitiesByIdUrl: '/Core/Core/api/LookupsApi/GetCities',
          getDegreesUrl: '/Core/Core/api/ResumeApi/degreeOptions',
          getWorkExperienceListUrl: '/Core/Core/api/ResumeApi/GetWorkExperienceList',
          saveWorkExperienceDetailsUrl: '/Core/Core/api/ResumeApi/SaveWorkExperienceDetails',
          getIndustryListUrl: '/Core/Core/api/ResumeApi/GetIndustryList'+ '?pid=' + '1252D64C27E97EBCC615775F6386491D',
          saveProjectExperienceDetailsUrl: '/Core/Core/api/ResumeApi/SaveProjectExperienceDetails',
          getWillingtoTravelOptionsListUrl: '/Core/Core/api/ResumeApi/GetWillingtoTravelOptionsList'+ '?pid=' + '1252D64C27E97EBCC615775F6386491D',
          savelocationPreferenceDetailsUrl: '/Core/Core/api/ResumeApi/SavelocationPreferenceDetails',
          saveLanguageProficiencyDetailsUrl: '/Core/Core/api/ResumeApi/SaveLanguageProficiencyDetails',
          submitEducationUrl: '/Core/Core/api/ResumeApi/SaveEducation',
          submitMembershipUrl:'/Core/Core/api/ResumeApi/SaveMembership',
          submitCertificationUrl: '/Core/Core/api/ResumeApi/SaveCertification',
          submitSkillUrl: '/Core/Core/api/ResumeApi/SaveSkill',
          getLanguageProficiencyOptionsUrl: '/Core/Core/api/ResumeApi/GetLanguageProficiencyOptions',
          getLanguageOptionsUrl: '/Core/Core/api/ResumeApi/GetLanguageOptions',
          deleteLanguageProficiencyDetailsUrl: '/Core/Core/api/ResumeApi/DeleteLanguageProficiencyDetails',
          deleteLocationPreferenceDetailsUrl: '/Core/Core/api/ResumeApi/DeleteLocationPreferenceDetails',
          getCodeByCatcdUrl: '/Core/Core/api/LookupsApi/catCodesbyLang' + '?catCd=',
          getAllResumeOptionsUrl: '/Core/Core/api/ResumeApi/GetAllResumeOptions',
          getResumeConfigUrl: '/Core/Core/api/ResumeApi/GetResumeConfig',
          GetAwardsUrl: '/Core/Core/api/resumeapi/GetAwards',
          AddAwardsUrl: '/Core/Core/api/resumeapi/AddAwards',
          UpdateAwardsUrl: '/Core/Core/api/resumeapi/UpdateAwards',
          DeleteAwardsUrl: '/Core/Core/api/resumeapi/DeleteAwards'
        },
        onBoardingResume:{
          getResumeDataUrl: '/Core/Core/api/OnBoardingResumeApi/GetResumeData',
          getResumeResponseDataUrl: 'https://cl12sales.sumtotaldevelopment.net/Services/api/Resume/GetResumeResponseData',
          ParseResumeUrl: 'https://cl12sales.sumtotaldevelopment.net/Services/api/Resume/GetParsedResumeData',
          getResumeConfigDataUrl: '/Core/Core/api/OnBoardingResumeApi/GetResumeConfigData',
          getPersonResumesUrl: '/Core/Core/api/OnBoardingResumeApi/GetPersonResumes',
          getMultipleResumesUrl: '/Core/Core/api/OnBoardingResumeApi/GetMultipleResumes',
          getCountriesUrl: '/Core/Core/api/LookupsApi/countries',
          getStatesbyIdUrl: '/Core/Core/api/LookupsApi/provinces',
          getCitiesByIdUrl: '/Core/Core/api/LookupsApi/GetCities',
          saveResumeDataUrl: '/Core/Core/api/OnBoardingResumeApi/SaveResumeData',
          saveMultipleResumesUrl: '/Core/Core/api/OnBoardingResumeApi/SaveMultipleResumes',
          getResumeOptionsUrl: '/Core/Core/api/OnBoardingResumeApi/GetResumeOptions',
          getCodeByCatcdUrl: '/Core/Core/api/LookupsApi/catCodesbyLang' + '?catCd=',
          getRequisitionsHistoryUrl: '/Core/Core/api/OnBoardingResumeApi/GetRequisitionHistoryForUser',
          getFeedbackUrl: '/Core/Core/api/OnBoardingResumeApi/GetFeedback',
          getRequisitionJobTemplateSalaryRangeUrl: '/Core/Core/api/OnBoardingResumeApi/GetRequisitionJobTemplateSalaryRange',
          getInternalEquityDetailsUrl: '/Core/Core/api/OnBoardingResumeApi/GetInternalEquityDetails',
          getResumeReferencesUrl: '/Core/Core/api/OnBoardingResumeApi/GetResumeReferences',
          getManagerInfo: '/Core/Core/api/OnBoardingResumeApi/GetManagerId',
          getSchoolsUrl: '/Core/Core/api/LookupsApi/GetAvailableSchools',
          getResumeAndApplicationPermissionUrl: 'https://cl12sales.sumtotaldevelopment.net/Services/api/Resume/GetResumeAndApplicationPermission'
        },
        onBoardingRequisition:{
          getEmployeesUrl: '/Core/Core/api/OnBoardingRequisitionApi/GetEmployees',
          getPostingSitesUrl: '/Core/Core/api/OnBoardingRequisitionApi/GetPostingSites',
          getWorkLocationsUrl: '/Core/Core/api/OnBoardingRequisitionApi/GetWorkLocations',
          getJobPositionsUrl: '/Core/Core/api/OnBoardingRequisitionApi/GetJobPositions',
          getJobTemplatesUrl: '/Core/Core/api/OnBoardingRequisitionApi/GetJobTemplates',
          saveRequisitionDataUrl: '/Core/Core/api/OnBoardingRequisitionApi/SaveRequisitionData',
          getRequisitionsUrl: '/Core/Core/api/OnBoardingRequisitionApi/GetRequisitions',
          getRequisitionDataUrl: '/Core/Core/api/OnBoardingRequisitionApi/GetRequisitionDetails',
          getRequisitionDataForPreviewUrl: '/Core/Core/api/OnBoardingRequisitionApi/GetRequisitionDetailsForPreview',
          getSkillsUrl: '/Core/Core/api/LookupsApi/GetAvailableSkills',
          getCertificationsUrl: '/Core/Core/api/LookupsApi/GetCertificationNamesList',
          getPostingSiteUrl: '/Core/Core/api/OnBoardingRequisitionApi/GetPostingSite',
          getUpdateRequisitionStatusUrl: '/Core/Core/api/OnBoardingRequisitionApi/UpdateRequisitionStatus',
          getRequisitionPermissionUrl: '/Core/Core/api/OnBoardingRequisitionApi/GetPermissions',
          applyRequisitionUrl: '/Core/Core/api/OnBoardingRequisitionApi/ApplyForRequisition',
          getApplicationAssessmentForRequisitionUrl: '/Core/Core/api/OnBoardingRequisitionApi/GetApplicationAssessmentForRequisition',
          getRequisitionStatusUrl: '/Core/Core/api/OnBoardingRequisitionApi/GetStatusOptions',
          getCreateFromUrl: '/Core/Core/api/OnBoardingRequisitionApi/CreateRequisitionFrom',
          getRequisitionCandidatesUrl: '/Core/Core/api/OnBoardingRequisitionApi/GetCandidates',
          getPositionFitMetricDetails: '/Core/Core/api/OnBoardingRequisitionApi/GetCandidatePositionFitDetails',
          getGeographicalDetailsUrl: '/Core/Core/api/OnBoardingRequisitionApi/GetGeographicalDetails',
          getClientHierarchyLevelsUrl: '/Core/Core/api/OnBoardingRequisitionApi/GetClientHierarchyLevels',
          getJobFitForUser: '/Core/Core/api/OnBoardingRequisitionApi/GetJobFitForUser',
          getRequisitionRolesUrl: '/Core/Core/api/OnBoardingRequisitionApi/GetRequisitionRoles',
          getRecentlyAccessedRequisitionApplicationsUrl:'https://cl12sales.sumtotaldevelopment.net/Services/api/RecruitingWidgets/GetRecentlyAccessedRequisitionApplications',
          saveRecentlyAccessedApplicationUrl:'https://cl12sales.sumtotaldevelopment.net/Services/api/RecruitingWidgets/SaveRecentlyAccessedApplication',
          getRequisitionSummaryUrl:'https://cl12sales.sumtotaldevelopment.net/Services/api/RecruitingWidgets/GetRequisitionSummary',
          getRequisitionDashboardUrl: '/Core/Core/api/OnBoardingRequisitionApi/LoadRequisitionDashboardByUrlWithPermissions',
          getRequisitionAssessmentsUrl: '/Core/Core/api/OnBoardingRequisitionApi/GetRequisitionAssessments',
          getRequisitionAssessmentUrl: '/Core/Core/api/OnBoardingRequisitionApi/GetRequisitionAssessment',
          createUpdateRequisitionAssessmentUrl: '/Core/Core/api/OnBoardingRequisitionApi/CreateUpdateRequisitionAssessment',
          deleteRequisitionAssessmentsUrl: '/Core/Core/api/OnBoardingRequisitionApi/DeleteRequisitionAssessments',
          deleteRequisitionsUrl: '/Core/Core/api/OnBoardingRequisitionApi/DeleteRequisitions',
          getApprovalHistory:'https://cl12sales.sumtotaldevelopment.net/Services/api/Requisition/GetApprovalHistory',
          approveRequisitionUrl: 'https://cl12sales.sumtotaldevelopment.net/Services/api/Requisition/ApproveTask',
          getFavouriteJobsUrl:'https://cl12sales.sumtotaldevelopment.net/Services/api/jobSearch/GetFavoriteJobs/',
          getRecommendedJobsForUserUrl: 'https://cl12sales.sumtotaldevelopment.net/Services/api/RecruitingWidgets/GetRecommendedJobsForUser',
          getRequisitionApplicationsCountForPhaseUrl:'https://cl12sales.sumtotaldevelopment.net/Services/api/CandidateManagement/GetRequisitionApplicationsCountForPhase',
          addRequisitionAssessmentsUrl: '/Core/Core/api/OnBoardingRequisitionApi/AddRequisitionAssessments',
          saveRequisitionAnswersUrl: 'https://cl12sales.sumtotaldevelopment.net/Services/api/Requisition/SaveRequisitionAssessmentAnswer',
          updateJobBoardDataUrl: '/Core/Core/api/OnBoardingRequisitionApi/UpdateJobBoardData',
          postToEQuestUrl: '/Core/Core/api/OnBoardingRequisitionApi/PostToEQuest',
          deletePostingUrl: '/Core/Core/api/OnBoardingRequisitionApi/DeletePosting',
          getEQuestJobPostingsUrl: '/Core/Core/api/OnBoardingRequisitionApi/GetEQuestJobPostings',
          getEQuestJobIdUrl: '/Core/Core/api/OnBoardingRequisitionApi/GetEQuestJobId',
          SubmitRequisitionAssessmentAnswersUrl:'https://cl12sales.sumtotaldevelopment.net/Services/api/Requisition/SubmitRequisitionAssessmentAnswers',
        },
        onBoardingCandidateManagement: {
          getRequisitionCandidateUrl: 'https://cl12sales.sumtotaldevelopment.net/Services/api/CandidateManagement/GetRequisitionCandidates',
          getCodeDefinitionsUrl: 'https://cl12sales.sumtotaldevelopment.net/Services/api/CandidateManagement/GetCodeDefinition',
          updateRequisitionApplicationUrl: 'https://cl12sales.sumtotaldevelopment.net/Services/api/CandidateManagement/UpdateApplicationRaking',
          saveInterviewScheduleUrl: 'https://cl12sales.sumtotaldevelopment.net/Services/api/RecruitingInterview/SaveInterviewSchedule',
          getAssessmentsForInterviewerUrl: 'https://cl12sales.sumtotaldevelopment.net/Services/api/RecruitingInterview/GetAssessmentsForInterviewer',
          getRequisitionsUrl: 'https://cl12sales.sumtotaldevelopment.net/Services/api/CandidateManagement/GetRequistions',
          getUsersUrl : 'https://cl12sales.sumtotaldevelopment.net/Services/api/CandidateManagement/GetUsers',
          AddCandidatesToFolderUrl:'https://cl12sales.sumtotaldevelopment.net/Services/api/CandidateManagement/AddCandidateToFolder',
          getRequisitionApplicationUrl: 'https://cl12sales.sumtotaldevelopment.net/Services/api/CandidateManagement/GetRequisitionApplication',
          getRecruitingFolders:'https://cl12sales.sumtotaldevelopment.net/Services/api/CandidateManagement/GetRecruitingFolders',
          getInterviewsForCandidateUrl: 'https://cl12sales.sumtotaldevelopment.net/Services/api/CandidateManagement/GetInterviewsForCandidate',
          GetEmailLogForCandidateUrl: 'https://cl12sales.sumtotaldevelopment.net/Services/api/CandidateManagement/GetEmailLogForCandidate',
          getListOfFoldersUrl: 'https://cl12sales.sumtotaldevelopment.net/Services/api/CandidateManagement/GetListOfFolders',
          GetEmailLogForCandidateUrl: 'https://cl12sales.sumtotaldevelopment.net/Services/api/CandidateManagement/GetEmailLogForCandidate',
          saveRecruitingFolder: 'https://cl12sales.sumtotaldevelopment.net/Services/api/CandidateManagement/SaveRecruitingFolder',
          savecandidateSearch: 'https://cl12sales.sumtotaldevelopment.net/Services/api/CandidateManagement/SaveCandidateSearch',
          getSavedSearches: 'https://cl12sales.sumtotaldevelopment.net/Services/api/CandidateManagement/GetSavedSearches',
          getCandidateTransactionHistoryUrl:'https://cl12sales.sumtotaldevelopment.net/Services/api/CandidateManagement/GetCandidateTransactionHistory',
          getRequisitionApplicationForCandidateUrl: 'https://cl12sales.sumtotaldevelopment.net/Services/api/CandidateManagement/GetRequisitionApplicationForCandidate',
          applyToRequisitionUrl: 'https://cl12sales.sumtotaldevelopment.net/Services/api/CandidateManagement/ApplyToRequisition',
          getAssessmentsForApplicationUrl: 'https://cl12sales.sumtotaldevelopment.net/Services/api/CandidateManagement/GetAssessmentsForApplication',
          getRequisitionCandidateAssessmentUrl: 'https://cl12sales.sumtotaldevelopment.net/Services/api/CandidateManagement/GetRequisitionCandidateAssessment',
          getCandidateExplorerOptions:'https://cl12sales.sumtotaldevelopment.net/Services/api/CandidateManagement/GetCandidateExplorerOptions',
          getCandidateAssessments: 'https://cl12sales.sumtotaldevelopment.net/Services/api/CandidateManagement/GetCandidateAssessments',
          removeCandidateUrl:'https://cl12sales.sumtotaldevelopment.net/Services/api/CandidateManagement/RemoveCandidate',
          getCandidateChecksData:'https://cl12sales.sumtotaldevelopment.net/Services/api/CandidateManagement/GetCandidateChecksData',
          saveChecksData: 'https://cl12sales.sumtotaldevelopment.net/Services/api/CandidateManagement/saveCandidateChecksData',
          getRecommendedCandidateListUrl:'https://cl12sales.sumtotaldevelopment.net/Services/api/CandidateManagement/GetRecommendedCandidateList',
          recommendedCandidatesActionUrl:'https://cl12sales.sumtotaldevelopment.net/Services/api/CandidateManagement/RecommendedCandidatesAction',
		  deleteGDPRExternalCandidateData:'https://cl12sales.sumtotaldevelopment.net/Services/api/CandidateManagement/deleteGDPRExternalCandidates',
          saveRequisitionCandidateAssessment:'https://cl12sales.sumtotaldevelopment.net/Services/api/CandidateManagement/SaveCandidateAssesssment',
          sendCandidateCommunication: 'https://cl12sales.sumtotaldevelopment.net/Services/api/CandidateManagement/SendCandidateCommunication',
          getCandidateCommunication: 'https://cl12sales.sumtotaldevelopment.net/Services/api/CandidateManagement/GetCandidateCommunicationList',
          getCreateCandidateFormModelUrl: 'https://cl12sales.sumtotaldevelopment.net/Services/api/GlobalConfigurator/modelconfigurations',
          sendCandidateCommunication: 'https://cl12sales.sumtotaldevelopment.net/Services/api/CandidateManagement/SendCandidateCommunication',
          addUserManuallyUrl: 'https://cl12sales.sumtotaldevelopment.net/Services/api/CandidateManagement/AddCandidate',
          deleteCandidateFromRequisitionUrl: 'https://cl12sales.sumtotaldevelopment.net/Services/api/CandidateManagement/DeleteCandidatesFromRequisition',
          getCandidateCommunicationContent: 'https://cl12sales.sumtotaldevelopment.net/Services/api/CandidateManagement/GetCandidateCommunication',
          sendEmailNotificationToCandidateUrl: 'https://cl12sales.sumtotaldevelopment.net/Services/api/CandidateManagement/sendEmailNotificationToCandidate'
        },
        onBoardingOfferManagement: {
          getRequisitionCompensationUrl: 'https://cl12sales.sumtotaldevelopment.net/Services/api/OfferManagement/GetRequisitionCompensationData',
          saveApplicationOfferUrl: 'https://cl12sales.sumtotaldevelopment.net/Services/api/OfferManagement/SaveApplicationOffer',
          getCurrencyCodesUrl: '/Core/Core/api/OnBoardingRequisitionApi/GetCurrencyCodes',
          getOfferDataUrl: 'https://cl12sales.sumtotaldevelopment.net/Services/api/OfferManagement/GetApplicationOfferData',
          deleteCompensationUrl: 'https://cl12sales.sumtotaldevelopment.net/Services/api/OfferManagement/DeleteCompensation',
          deleteAttachmentUrl: 'https://cl12sales.sumtotaldevelopment.net/Services/api/OfferManagement/DeleteAttachment',
          getPayTypeUrl: 'https://cl12sales.sumtotaldevelopment.net/Services/api/OfferManagement/GetPayType',
          getRequisitionOfferWorkflowKey: 'https://cl12sales.sumtotaldevelopment.net/Services/api/OfferManagement/GetRequisitionOfferWorkflowKey',
          sendSignatureRequest:'https://cl12sales.sumtotaldevelopment.net/Services/api/OfferManagement/SendSignatureRequest'
        },
        recruitingHire: {
          processHireUrl: 'https://cl12sales.sumtotaldevelopment.net/Services/api/RecruitingHire/ProcessHire',
          GetRecruitingHiresUrl: 'https://cl12sales.sumtotaldevelopment.net/Services/api/RecruitingHire/GetRecruitingHires',
          ExportCandidateDetailsUrl: '/Core/Core/api/profiledata/ExportCandidateDetails',
          CreateEmployeeRecordUrl : 'https://cl12sales.sumtotaldevelopment.net/Services/api/RecruitingHire/CreateEmployeeRecord',
          FinalizeNewHireUrl: 'https://cl12sales.sumtotaldevelopment.net/Services/api/RecruitingHire/FinalizeNewHire',
          canHireUrl : 'https://cl12sales.sumtotaldevelopment.net/Services/api/RecruitingHire/CanHire'
        },
        coaching:{
          getPermissionsUrl: 'https://cl12sales.sumtotaldevelopment.net/Services/api/coaching/GetPermissions',
          getIssuesForManagerUrl: 'https://cl12sales.sumtotaldevelopment.net/Services/api/Coaching/GetIssuesForManager',
          getEmployeeWithIssueForManagerUrl: 'https://cl12sales.sumtotaldevelopment.net/Services/api/Coaching/GetEmployeeWithIssueForManager'
        },
        continuousfeedback:{
          createOrEditFeedbackRequestUrl: 'https://cl12sales.sumtotaldevelopment.net/Services/api/continuousreview/CreateOrEditFeedbackRequest',
          createFeedbackRequestUrl: 'https://cl12sales.sumtotaldevelopment.net/Services/api/continuousreview/CreateFeedbackRequest',
          createOrEditFeedbackResponseUrl: 'https://cl12sales.sumtotaldevelopment.net/Services/api/continuousreview/CreateOrEditFeedbackResponse',
          getFeedbackRequestUrl: 'https://cl12sales.sumtotaldevelopment.net/Services/api/continuousreview/GetFeedbackRequest',
          getFeedbackResponseUrl: 'https://cl12sales.sumtotaldevelopment.net/Services/api/continuousreview/GetFeedbackResponse',
          getContinuousReviewItemsUrl: 'https://cl12sales.sumtotaldevelopment.net/Services/api/continuousreview/GetContinuousReviewItems',
          addRemoveCommentToFormUrl: 'https://cl12sales.sumtotaldevelopment.net/Services/api/continuousreview/AddRemoveCommentToForm',
          flagItemUrl: 'https://cl12sales.sumtotaldevelopment.net/Services/api/continuousreview/FlagItem',
          thankProviderUrl: 'https://cl12sales.sumtotaldevelopment.net/Services/api/continuousreview/ThankProvider',
          sendReminderUrl: 'https://cl12sales.sumtotaldevelopment.net/Services/api/continuousreview/SendReminder',
          getPermissionsUrl: 'https://cl12sales.sumtotaldevelopment.net/Services/api/continuousreview/GetPermissions',
          getFeedbackDatesDataUrl: 'https://cl12sales.sumtotaldevelopment.net/Services/api/continuousreview/GetFeedbackDatesData',
          createJournalUrl: 'https://cl12sales.sumtotaldevelopment.net/Services/api/continuousreview/CreateJournal',
          getJournalUrl: 'https://cl12sales.sumtotaldevelopment.net/Services/api/continuousreview/GetJournal',
          getCurrentManagerUrl: 'https://cl12sales.sumtotaldevelopment.net/Services/api/continuousreview/GetCurrentManager',
          replyJournalUrl: 'https://cl12sales.sumtotaldevelopment.net/Services/api/continuousreview/ReplyJournal',
          closeJournalUrl: 'https://cl12sales.sumtotaldevelopment.net/Services/api/continuousreview/CloseJournal',
          thankJournalUrl: 'https://cl12sales.sumtotaldevelopment.net/Services/api/continuousreview/ThankJournal',
          deleteJournalUrl: 'https://cl12sales.sumtotaldevelopment.net/Services/api/continuousreview/DeleteJournal',
          hardDeleteContinuousFeedbackUrl: 'https://cl12sales.sumtotaldevelopment.net/Services/api/continuousreview/HardDeleteContinuousFeedback',
          hardDeleteFeedbackJournalUrl: 'https://cl12sales.sumtotaldevelopment.net/Services/api/continuousreview/HardDeleteFeedbackJournal',

        },
        onboardingConfiguration:{
          getApprovalWorkflowsUrl: 'https://cl12sales.sumtotaldevelopment.net/Services/api/onboarding/configuration/getWorkflows',
          getApprovalWorkflowUrl: 'https://cl12sales.sumtotaldevelopment.net/Services/api/onboarding/configuration/getWorkflow',
          copyApprovalWorkflowsUrl: 'https://cl12sales.sumtotaldevelopment.net/Services/api/onboarding/configuration/copyWorkflows',
          saveApprovalWorkflowUrl: 'https://cl12sales.sumtotaldevelopment.net/Services/api/onboarding/configuration/saveWorkflow',
          deleteApprovalWorkflowUrl: 'https://cl12sales.sumtotaldevelopment.net/Services/api/onboarding/configuration/deleteWorkflow',
          activateApprovalWorkflowUrl: 'https://cl12sales.sumtotaldevelopment.net/Services/api/onboarding/configuration/activateWorkflow',
        },
        emailConfiguration: {
          saveEmailTemplateUrl: 'https://cl12sales.sumtotaldevelopment.net/Services/api/core/emailtemplates/saveEmailTemplate',
          getEmailTemplatesUrl: 'https://cl12sales.sumtotaldevelopment.net/Services/api/core/emailtemplates/getEmailTemplates',
          getEmailTemplateUrl: 'https://cl12sales.sumtotaldevelopment.net/Services/api/core/emailtemplates/getEmailTemplate',
          deleteEmailTemplateUrl: 'https://cl12sales.sumtotaldevelopment.net/Services/api/core/emailtemplates/deleteEmailTemplate',
          getEmailTemplateTypesUrl: 'https://cl12sales.sumtotaldevelopment.net/Services/api/core/emailtemplates/getEmailTemplateTypes/{category}'
        },
        journal:{
          addUpdateJournalUrl: '/Core/Core/api/journalapi/AddUpdateJournal',
          getJournalUrl: '/Core/Core/api/journalapi/GetJournal',
          getJournalsUrl: '/Core/Core/api/journalapi/GetJournals',
          getDirectReportsUrl: '/Core/Core/api/journalapi/GetDirectReports' ,
          getJournalAndFeedBackTimeline: '/Core/Core/api/journalapi/GetJournalAndFeedBackTimeLine',
        },
        feedbackTemplateConfiguraion: {
          getFeedbackTemplatesUrl: 'https://cl12sales.sumtotaldevelopment.net/Services/api/core/feedbacktemplates/getFeedbackTemplates',
          saveFeedbackTemplateUrl: 'https://cl12sales.sumtotaldevelopment.net/Services/api/core/feedbacktemplates/saveFeedbackTemplate',
          getFeedbackTemplateUrl: 'https://cl12sales.sumtotaldevelopment.net/Services/api/core/feedbacktemplates/getFeedbackTemplate',
          deleteFeedbackTemplatesUrl: 'https://cl12sales.sumtotaldevelopment.net/Services/api/core/feedbacktemplates/deleteFeedbackTemplates',
          getFeedbackTemplatesForSelectionUrl: 'https://cl12sales.sumtotaldevelopment.net/Services/api/core/feedbacktemplates/getFeedbackTemplatesForSelection'

        },
        feedbackQuestionConfiguraion: {
          getFeedbackQuestionUrl: 'https://cl12sales.sumtotaldevelopment.net/Services/api/core/feedbackquestions/getFeedbackQuestions',
          saveFeedbackQuestionUrl: 'https://cl12sales.sumtotaldevelopment.net/Services/api/core/feedbackquestions/saveFeedbackQuestion',
          deleteFeedbackQuestionsUrl: 'https://cl12sales.sumtotaldevelopment.net/Services/api/core/feedbackquestions/deleteFeedbackQuestions'
        },
        careerplan:{
          getSectionMatchesForJob: '/Core/Core/api/careerplanapi/GetSectionMatchesForJob',
          getCareerPlan:  '/Core/Core/api/careerplanapi/GetCareerPlan',
          getCareerPlanShares: '/Core/Core/api/careerplanapi/GetCareerPlanShares',
          deleteCareerPlanShare: '/Core/Core/api/careerplanapi/DeleteCareerPlanShare',
          addCareerPlanShare: '/Core/Core/api/careerplanapi/AddCareerPlanShare',
          getCareerPlanRecommendedJobs:  '/Core/Core/api/careerplanapi/GetCareerPlanRecommendedJobs',
          getLMskillsFromJob: '/Core/Core/api/careerplanapi/GetLMskillsFromJob',
          deleteCareerPlanJob: '/Core/Core/api/careerplanapi/DeleteCareerPlanJob',
          addCareerPlanJob: '/Core/Core/api/careerplanapi/AddCareerPlanJob',
          canViewCareerPlan: '/Core/Core/api/careerplanapi/CanViewCareerPlan',
          getCareerPlanActions:  '/Core/Core/api/careerplanapi/GetCareerPlanActions',
          addCareerPlanAction: '/Core/Core/api/careerplanapi/AddCareerPlanAction',
            deleteCareerPlanAction: '/Core/Core/api/careerplanapi/DeleteCareerPlanAction',
            learning: 'https://cl12sales.sumtotaldevelopment.net/Services/api/core/careerplan/learning'
        },
        notificationtemplates:
        {
          getNotificationTemplates: '/Core/Core/api/notificationtemplatesapi/getNotificationTemplates',
          getNotificationTemplate: '/Core/Core/api/notificationtemplatesapi/getNotificationTemplate'+ '?notificationID=',
          saveNotificationTemplateURL: '/Core/Core/api/notificationtemplatesapi/SaveNotificationTemplate',
        },
        competencyprofile:{
          getCompetencyProfile: '/Core/Core/api/competencyprofileapi/GetCompetencyProfile',
          getFeedbackForCompetency: '/Core/Core/api/competencyprofileapi/GetFeedbackForCompetency',
          getLMskillsFromCompetency: '/Core/Core/api/competencyprofileapi/GetLMskillsFromCompetency',
          getSuccessorPositionsForUser: '/Core/Core/api/competencyprofileapi/GetSuccessorPositionsForUser',
          getPrimaryJob: '/Core/Core/api/competencyprofileapi/GetPrimaryJob',
          getBehaviorsForCompetency: '/Core/Core/api/competencyprofileapi/GetBehaviorsForCompetency',
          updateCompetencySelfRatings: '/Core/Core/api/competencyprofileapi/UpdateCompetencySelfRatings',
          updateCompetencyManagerRatings: 'https://cl12sales.sumtotaldevelopment.net/Services/api/core/competencyprofile/competencymanagerratings',
          canViewSuccessionPlan: '/Core/Core/api/competencyprofileapi/CanViewSuccessionPlan',
          canViewCompetencyProfile: '/Core/Core/api/competencyprofileapi/CanViewCompetencyProfile'
        },
        surveybuilder:{
          getSurveyConfigDataUrl: 'https://cl12sales.sumtotaldevelopment.net/Services/api/SurveyBuilder/GetSurveyConfiguration',
          saveSurveyConfigDataUrl:'https://cl12sales.sumtotaldevelopment.net/Services/api/SurveyBuilder/SaveSurveyConfiguration',
          getSurveyList : 'https://cl12sales.sumtotaldevelopment.net/Services/api/SurveyBuilder/GetSurveyList',
          pushToAssessmentJobConfigDataUrl : 'https://cl12sales.sumtotaldevelopment.net/Services/api/SurveyBuilder/PushToAssessmentJob',
          copySurveyConfigDataUrl : 'https://cl12sales.sumtotaldevelopment.net/Services/api/SurveyBuilder/CopySurveyConfiguration',
          updateSurveyStatusUrl : 'https://cl12sales.sumtotaldevelopment.net/Services/api/SurveyBuilder/UpdateSurveyStatus',
          getCodeByCatcdUrl: '/Core/Core/api/lookupsapi/codecats',
        },
        assessment:{
          getAssessmentListUrl: 'https://cl12sales.sumtotaldevelopment.net/Services/api/HourlyAssessmentApi/GetHourlyAssessmentList',
          getFilterStatusTypesUrl: 'https://cl12sales.sumtotaldevelopment.net/Services/api/HourlyAssessmentApi/GetFilterStatusTypes',
          getActivityDetailsUrl: 'https://cl12sales.sumtotaldevelopment.net/Services/api/HourlyAssessmentApi/GetActivityDetails',
          deleteCancelAssessmentUrl: 'https://cl12sales.sumtotaldevelopment.net/Services/api/HourlyAssessmentApi/DeleteCancelAssessment',
          getSurveyListUrl:'https://cl12sales.sumtotaldevelopment.net/Services/api/HourlyAssessmentApi/GetSurveyList',
          getJobListUrl: 'https://cl12sales.sumtotaldevelopment.net/Services/api/HourlyAssessmentApi/GetJobList',
          createAssessmentUrl:'https://cl12sales.sumtotaldevelopment.net/Services/api/HourlyAssessmentApi/CreateAssessment',
          transferTaskAssessmentUrl:'https://cl12sales.sumtotaldevelopment.net/Services/api/HourlyAssessmentApi/TransferTaskAssessment',
          CreateAssessmentFromReportWidgetUrl:'https://cl12sales.sumtotaldevelopment.net/Services/api/HourlyAssessmentApi/CreateAssessmentFromReportWidget',
          getUserInfoUrl:'https://cl12sales.sumtotaldevelopment.net/Services/api/HourlyAssessmentApi/GetUserInfo',
          getHourlyAssessmentManagerUrl:'https://cl12sales.sumtotaldevelopment.net/Services/api/HourlyAssessmentApi/GetHourlyAssessmentManager',
          getHourlyAssessmentAccessRightsUrl:'https://cl12sales.sumtotaldevelopment.net/Services/api/HourlyAssessmentApi/GetAccessRightsForHourlyAssessmentSurvey',
          getHourlyAssessmentWidgetData:'https://cl12sales.sumtotaldevelopment.net/Services/api/HourlyAssessmentApi/GetHourlyAssessmentsWidget',
        },
        evaluation:{
          getEvaluationformDataUrl:'https://cl12sales.sumtotaldevelopment.net/Services/api/HourlyAssessmentApi/GetHourlyEvaluationFormData',
          saveEvaluationformDataUrl:'https://cl12sales.sumtotaldevelopment.net/Services/api/HourlyAssessmentApi/SaveHourlyEvaluationFormData',
          getbehaviorsforcompetency:'https://cl12sales.sumtotaldevelopment.net/Services/api/HourlyAssessmentApi/GetBehaviorsforCompetency',
          getCompetenciesUrl : 'https://cl12sales.sumtotaldevelopment.net/Services/api/HourlyAssessmentApi/GetCompetencies'
        },
        interview:{
          getInterviewsForRequisitionUrl: 'https://cl12sales.sumtotaldevelopment.net/Services/api/RecruitingInterview/GetInterviewsForRequisition',
          getTrackingDetailsByRequisitionUrl: 'https://cl12sales.sumtotaldevelopment.net/Services/api/RecruitingInterview/GetTrackingDetailsByRequisition',
          getTrackingDetailsByIdUrl: 'https://cl12sales.sumtotaldevelopment.net/Services/api/RecruitingInterview/GetTrackingDetailsById',
          getRecruitingLocationsUrl: 'https://cl12sales.sumtotaldevelopment.net/Services/api/RecruitingInterview/GetRecruitingLocations',
          saveInterviewUrl: 'https://cl12sales.sumtotaldevelopment.net/Services/api/RecruitingInterview/SaveInterviewDetails',
          getInterviewerInterviewTopicRelationUrl: 'https://cl12sales.sumtotaldevelopment.net/Services/api/RecruitingInterview/GetIntervFiewerInterviewTopicRelation',
          deleteAttachmentUrl: 'https://cl12sales.sumtotaldevelopment.net/Services/api/RecruitingInterview/DeleteAttachment',
          getInterviewDataById: 'https://cl12sales.sumtotaldevelopment.net/Services/api/RecruitingInterview/GetInterviewDetails',
          saveInterviewFeedbackUrl: 'https://cl12sales.sumtotaldevelopment.net/Services/api/RecruitingInterview/SaveInterviewFeedback',
          commitInterviewFeedbackUrl: 'https://cl12sales.sumtotaldevelopment.net/Services/api/RecruitingInterview/CommitInterviewFeedback',
          saveInterviewDiscussionUrl: 'https://cl12sales.sumtotaldevelopment.net/Services/api/RecruitingInterview/SaveInterviewDiscussion',
          getInterviewFeedbacksUrl: 'https://cl12sales.sumtotaldevelopment.net/Services/api/RecruitingInterview/GetInterviewFeedbacks',
          getInterviewDiscussionsUrl: 'https://cl12sales.sumtotaldevelopment.net/Services/api/RecruitingInterview/GetInterviewDiscussions',
          getInterviewFeedbackUrl: 'https://cl12sales.sumtotaldevelopment.net/Services/api/RecruitingInterview/GetInterviewFeedback',
          getRequisitionCandidateAttachementsUrl: 'https://cl12sales.sumtotaldevelopment.net/Services/api/RecruitingInterview/GetRequisitionCandidateAttachements',
          saveRequisitionCandidateAttachmentUrl: 'https://cl12sales.sumtotaldevelopment.net/Services/api/RecruitingInterview/SaveRequisitionCandidateAttachment',
          deleteRequisitionCandidateAttachmentUrl: 'https://cl12sales.sumtotaldevelopment.net/Services/api/RecruitingInterview/DeleteRequisitionCandidateAttachment',
          getInterviewTopicCategoriesUrl: 'https://cl12sales.sumtotaldevelopment.net/Services/api/RecruitingInterview/GetInterviewTopicCategories',
          isInterviewInUseUrl: 'https://cl12sales.sumtotaldevelopment.net/Services/api/RecruitingInterview/IsInterviewInUse',
          getCurrentPersonIdUrl: 'https://cl12sales.sumtotaldevelopment.net/Services/api/RecruitingInterview/GetCurrentPersonId',
          getInterviewStatusUrl: 'https://cl12sales.sumtotaldevelopment.net/Services/api/RecruitingInterview/GetInterviewStatus',
          cancelInterviewUrl: 'https://cl12sales.sumtotaldevelopment.net/Services/api/RecruitingInterview/CancelInterview'
        },
        recruitingassessment:{
          saveAssessment: '/Core/Core/api/recruitingassessmentapi/SaveAssessment',
          getRecruitingAssessmentsUrl: '/Core/Core/api/recruitingassessmentapi/GetRecruitingAssessments',
          getRecruitingAssessmentUrl: '/Core/Core/api/recruitingassessmentapi/GetRecruitingAssessment',
          deleteRecruitingAssessmentsUrl: '/Core/Core/api/recruitingassessmentapi/DeleteRecruitingAssessments',
          copyRecruitingAssessmentUrl: '/Core/Core/api/recruitingassessmentapi/CopyRecruitingAssessment',
          getAllRecruitingTagsUrl: '/Core/Core/api/recruitingassessmentapi/GetAllRecruitingTags',
          searchAssessmentTagsURL: '/Core/Core/api/recruitingassessmentapi/SearchAssessmentTags',
          getRecruitingAssessmentPermissionsUrl: '/Core/Core/api/recruitingassessmentapi/GetRecruitingAssessmentPermissions'
        },
        eventdefinition:{
          getProcess: 'https://cl12sales.sumtotaldevelopment.net/Services/api/EventDefinition/GetProcess',
          getAllProcesses: 'https://cl12sales.sumtotaldevelopment.net/Services/api/EventDefinition/GetAllProcesses'
        },
        gamificationAdmin:{
          badges: 'https://cl12sales.sumtotaldevelopment.net/Services/api/gamification/admin/badges',
          badgesDelete: 'https://cl12sales.sumtotaldevelopment.net/Services/api/gamification/admin/badges/delete',
          levels: 'https://cl12sales.sumtotaldevelopment.net/Services/api/gamification/admin/levels',
          pointcriterions: 'https://cl12sales.sumtotaldevelopment.net/Services/api/gamification/admin/pointcriterions',
          categoryFields: 'https://cl12sales.sumtotaldevelopment.net/Services/api/gamification/admin/categoryFields',
          rulesets:'https://cl12sales.sumtotaldevelopment.net/Services/api/gamification/admin/rulesets',
          rulesetsDelete:'https://cl12sales.sumtotaldevelopment.net/Services/api/gamification/admin/rulesets/delete'
        },
        gamification:{
          leaderboards: 'https://cl12sales.sumtotaldevelopment.net/Services/api/gamification/leaderboards',
          logs: 'https://cl12sales.sumtotaldevelopment.net/Services/api/gamification/logs',
          badges: 'https://cl12sales.sumtotaldevelopment.net/Services/api/gamification/badges',
          leaderboards: 'https://cl12sales.sumtotaldevelopment.net/Services/api/gamification/leaderboards',
          favorites: 'https://cl12sales.sumtotaldevelopment.net/Services/api/gamification/favorites/{targetUserId}',
          summaries: 'https://cl12sales.sumtotaldevelopment.net/Services/api/gamification/summaries/{targetUserId}'
        },
        recruitingConfig:{
          getActions: 'https://cl12sales.sumtotaldevelopment.net/Services/api/recruitingconfiguration/actions',
          getProcessList: 'https://cl12sales.sumtotaldevelopment.net/Services/api/recruitingconfiguration/processes',
          getProcessDetails: 'https://cl12sales.sumtotaldevelopment.net/Services/api/recruitingconfiguration/processes/{id}',
          getAddProcessDetails: 'https://cl12sales.sumtotaldevelopment.net/Services/api/recruitingconfiguration/processes/-1',
          saveProcessDetails: 'https://cl12sales.sumtotaldevelopment.net/Services/api/recruitingconfiguration/saveprocess',
          deleteProcess: 'https://cl12sales.sumtotaldevelopment.net/Services/api/recruitingconfiguration/deleteprocess'
        },
        meeting:{
          getMeetingTimeSlotsUrl: 'https://cl12sales.sumtotaldevelopment.net/Services/api/MeetingScheduler/GetMeetingTimeSlots',
          createMeetingUrl: 'https://cl12sales.sumtotaldevelopment.net/Services/api/MeetingScheduler/CreateMeeting'
        },
        offerTemplate:{
          getOfferTemplate: 'https://cl12sales.sumtotaldevelopment.net/Services/api/OfferManagement/GetOfferTemplate',
          getOfferTemplates: 'https://cl12sales.sumtotaldevelopment.net/Services/api/OfferManagement/GetOfferTemplates',
          saveOfferTemplate: 'https://cl12sales.sumtotaldevelopment.net/Services/api/OfferManagement/SaveOfferTemplate',
          deleteOfferTemplate: 'https://cl12sales.sumtotaldevelopment.net/Services/api/OfferManagement/DeleteOfferTemplate',
          getOfferPreview: '/Core/Core/api/OnBoardingRequisitionApi/GetOfferPreview',
          getTemplatePlaceholderCodes : 'https://cl12sales.sumtotaldevelopment.net/Services/api/OfferManagement/GetTemplatePlaceholderCode',
          getParsedOfferTemplate : 'https://cl12sales.sumtotaldevelopment.net/Services/api/OfferManagement/GetParsedOfferTemplate',
          saveOfferPreview: '/Core/Core/api/OnBoardingRequisitionApi/SaveOfferPreview',
        },
        nBox: {
          getNBoxConfigurationsUrl: 'https://cl12sales.sumtotaldevelopment.net/Services/api/nbox/configuration/nboxconfigurations',
          getNBoxConfigurationUrl: 'https://cl12sales.sumtotaldevelopment.net/Services/api/nbox/configuration/nboxconfigurations/{id}',
          deleteNBoxConfigurationsUrl: 'https://cl12sales.sumtotaldevelopment.net/Services/api/nbox/configuration/deletenboxconfigurations',
          getNBoxConfigurationPermissionsUrl: 'https://cl12sales.sumtotaldevelopment.net/Services/api/nbox/configuration/nboxconfigurationpermissions',
          saveNBoxConfigurationUrl: 'https://cl12sales.sumtotaldevelopment.net/Services/api/nbox/configuration/saveconfiguration',
          filter: 'https://cl12sales.sumtotaldevelopment.net/Services/api/nbox/filter/',
          getNBoxRatingFieldsUrl: 'https://cl12sales.sumtotaldevelopment.net/Services/api/nbox/configuration/ratingfields',
          getNBoxCalibrationsURL: 'https://cl12sales.sumtotaldevelopment.net/Services/api/nboxcalibrationapi/GetNBoxCalibrations',
          getNBoxCalibrationsFromSPTalentPoolURL: 'https://cl12sales.sumtotaldevelopment.net/Services/api/nboxcalibrationapi/GetNBoxCalibrationsFromSPTalentPool',
          getNBoxConfigurationsForUserURL: 'https://cl12sales.sumtotaldevelopment.net/Services/api/nboxcalibrationapi/GetNBoxConfigurationsForUser',
          saveNBoxCalibrationsURL: 'https://cl12sales.sumtotaldevelopment.net/Services/api/nboxcalibrationapi/SaveNBoxCalibrations',
          getDemoGraphicForPersonsURL: 'https://cl12sales.sumtotaldevelopment.net/Services/api/nboxcalibrationapi/GetDemographicForPersons',
          exportNBoxMatrixDetailsURL: 'https://cl12sales.sumtotaldevelopment.net/Services/api/nboxcalibrationapi/ExportNBoxMatrixDetails'
        },
        sumtSocial:{
          communities:'https://cl12sales.sumtotaldevelopment.net/Services/api/sumtSocial/communities',
          adminCommunities:'https://cl12sales.sumtotaldevelopment.net/Services/api/sumtSocial/admin/communities',
          addUpdateUserCommuntiyRating:'https://cl12sales.sumtotaldevelopment.net/Services/api/sumtSocial/user/{communityId}/addUpdateRating',
          getUserCommunityRating:'https://cl12sales.sumtotaldevelopment.net/Services/api/sumtSocial/user/{communityId}/rating',
          favorites:'https://cl12sales.sumtotaldevelopment.net/Services/api/sumtSocial/communities/{communityId}/favorite',
          updateCommunity:'https://cl12sales.sumtotaldevelopment.net/Services/api/sumtSocial/communities/{communityId}/update',
          removeCommunity:'https://cl12sales.sumtotaldevelopment.net/Services/api/sumtSocial/communities/{communityId}/remove',
          removeActivityCommunity:'https://cl12sales.sumtotaldevelopment.net/Services/api/sumtSocial/activities/{activityId}/removeCommunity',
          communityMembers:'https://cl12sales.sumtotaldevelopment.net/Services/api/sumtSocial/communities/{communityId}/members',
          updateCommunityMembership:'https://cl12sales.sumtotaldevelopment.net/Services/api/sumtSocial/users/{targetUserId}/communityMembership',
          updateCommunityMembership:'https://cl12sales.sumtotaldevelopment.net/Services/api/sumtSocial/users/{targetUserId}/communityMembership',
          getCommunity:'https://cl12sales.sumtotaldevelopment.net/Services/api/sumtSocial/communities/{communityId}',
          likeSocialObjectUrl: 'https://cl12sales.sumtotaldevelopment.net/Services/api/social/{objectId}/like',
          likeCommentUrl: 'https://cl12sales.sumtotaldevelopment.net/Services/api/social/comment/{commentId}/like',
          getSocialObjectlikedUsersUrl: 'https://cl12sales.sumtotaldevelopment.net/Services/api/social/{objectId}/likes',
          getPostlikedUsersUrl: 'https://cl12sales.sumtotaldevelopment.net/Services/api/social/comment/{commentId}/likes',
          files:'https://cl12sales.sumtotaldevelopment.net/Services/api/sumtSocial/communities/{communityId}/files',
          removeCommunityMembers: 'https://cl12sales.sumtotaldevelopment.net/Services/api/sumtSocial/communities/{communityId}/removeMembers',
          addUpdateMembers: 'https://cl12sales.sumtotaldevelopment.net/Services/api/sumtSocial/communities/{communityId}/addUpdateMembers',
          removeFile: 'https://cl12sales.sumtotaldevelopment.net/Services/api/sumtSocial/communities/{communityId}/files/{fileId}/remove',
          ownerCount: 'https://cl12sales.sumtotaldevelopment.net/Services/api/sumtSocial/communities/{communityId}/ownerCount',
          fileReferenceCount: 'https://cl12sales.sumtotaldevelopment.net/Services/api/sumtSocial/communities/files/{fileIdentifier}/reference',
          searchEmployees: 'https://cl12sales.sumtotaldevelopment.net/Services/api/sumtSocial/communities/searchEmployees',
          communityFeed:'https://cl12sales.sumtotaldevelopment.net/Services/api/sumtSocial/communities/CommunityFeed',
          flag: {
            getFlaggedObjects: 'https://cl12sales.sumtotaldevelopment.net/Services/api/sumtSocial/flag/{communityId}',
            saveFlagDetails: 'https://cl12sales.sumtotaldevelopment.net/Services/api/sumtSocial/flag/saveflag',
			getFlagDetails: 'https://cl12sales.sumtotaldevelopment.net/Services/api/sumtSocial/communities/{communityId}/flagDetails/{flaggedObjectId}',
            removeFlags: 'https://cl12sales.sumtotaldevelopment.net/Services/api/sumtSocial/communities/{communityId}/{flaggedObjectId}/removeFlags',
            unFlagObject: 'https://cl12sales.sumtotaldevelopment.net/Services/api/sumtSocial/communities/{communityId}/flag/{objectId}/unflag'
          },
          discussion : {
            getDiscussionReplies: 'https://cl12sales.sumtotaldevelopment.net/Services/api/social/discuss/{discussionId}/replies',
            deleteDiscussionReply: 'https://cl12sales.sumtotaldevelopment.net/Services/api/social/discuss/reply/{replyId}',
            getDiscussionDetails: 'https://cl12sales.sumtotaldevelopment.net/Services/api/social/discuss/{discussionId}',
            createDiscussionReply: 'https://cl12sales.sumtotaldevelopment.net/Services/api/social/discuss/reply',
            createAndModifyDiscussion: 'https://cl12sales.sumtotaldevelopment.net/Services/api/social/discuss',
            getCommunityDiscussions: 'https://cl12sales.sumtotaldevelopment.net/Services/api/social/discussions',
            deleteDiscussion: 'https://cl12sales.sumtotaldevelopment.net/Services/api/social/discuss/delete/{id}'
          },
          blog: {
            getBlogsList: 'https://cl12sales.sumtotaldevelopment.net/Services/api/social/communities/{communityId}/blogs',
            getBlogById: 'https://cl12sales.sumtotaldevelopment.net/Services/api/social/communities/blogs/{blogId}',
            createBlog: 'https://cl12sales.sumtotaldevelopment.net/Services/api/social/communities/{communityId}/blogs',
            modifyBlog: 'https://cl12sales.sumtotaldevelopment.net/Services/api/social/blogs',
            deleteBlog: 'https://cl12sales.sumtotaldevelopment.net/Services/api/social/communities/{communityId}/blogs/{blogId}/remove',
            getBlogPosts:'https://cl12sales.sumtotaldevelopment.net/Services/api/social/communities/blogs/{blogId}/blogposts',
            getBlogPostById:'https://cl12sales.sumtotaldevelopment.net/Services/api/social/communities/blogposts/{blogPostId}',
            editBlogPost: 'https://cl12sales.sumtotaldevelopment.net/Services/api/social/communities/blogposts',
            addCommentUrl:'https://cl12sales.sumtotaldevelopment.net/Services/api/social/blogPost/AddComment',
            getCommentUrl: 'https://cl12sales.sumtotaldevelopment.net/Services/api/social/blogPost/GetComments',
            getCommentRepliesUrl: 'https://cl12sales.sumtotaldevelopment.net/Services/api/social/blogPost/GetReplies',
            getCommentDeepLinkResponseUrl:'https://cl12sales.sumtotaldevelopment.net/Services/api/social/blogPost/GetBlogPostRepliesDeepLinkResponse',
            editCommentUrl: 'https://cl12sales.sumtotaldevelopment.net/Services/api/social/blogPost/EditComment',
            deleteCommentUrl: 'https://cl12sales.sumtotaldevelopment.net/Services/api/social/blogPost/DeleteComment',
            approveBlogPost: 'https://cl12sales.sumtotaldevelopment.net/Services/api/social/communities/blogposts/approve'
          }
        }
      };
    }

    // This is the factory function for static data.
    return function(_, URI) {

      var apiPaths = createAPIPaths(),
        staticData = null;

      apiPaths = _.merge(apiPaths, {"attestation":{"attestationApi":{"baseUrl":"/Core/Core/api/AttestationApi/","addAttestationAuditRecord":"/Core/Core/api/AttestationApi/AddAttestationAuditRecord","checkAttestationStatus":"/Core/Core/api/AttestationApi/CheckAttestationStatus","getAllAttestationDefinitions":"/Core/Core/api/AttestationApi/GetAllAttestationDefinitions","getAttestationDefinitionById":"/Core/Core/api/AttestationApi/GetAttestationDefinitionById","getAttestationDefinition":"/Core/Core/api/AttestationApi/GetAttestationDefinition","getAttestationDefinitions":"/Core/Core/api/AttestationApi/GetAttestationDefinitions","saveAttestationDefinition":"/Core/Core/api/AttestationApi/SaveAttestationDefinition"}},"esignatureApi":{"eSignatureApi":{"baseUrl":"/Core/Core/api/ESignatureApi/"}},"timeline":{"timelineApi":{"baseUrl":"/Core/Core/api/TimelineApi/","loadTimelineViewData":"/Core/Core/api/TimelineApi/LoadTimelineViewData","loadNotificationCount":"/Core/Core/api/TimelineApi/LoadNotificationCount","getTimelineTaskCount":"/Core/Core/api/TimelineApi/getTimelineTaskCount"}},"upload":{"uploadApi":{"baseUrl":"/Core/Core/api/UploadApi/","retrieveFiles":"/Core/Core/api/UploadApi/RetrieveFiles","getFileBytes":"/Core/Core/api/UploadApi/GetFileBytes","removeFiles":"/Core/Core/api/UploadApi/RemoveFiles","downloadFile":"/Core/Core/api/UploadApi/DownloadFile","getPermissions":"/Core/Core/api/UploadApi/GetPermissions","uploadFile":"/Core/Core/api/UploadApi/UploadFile","updateFileInfo":"/Core/Core/api/UploadApi/UpdateFileInfo","uploadPersonImage":"/Core/Core/api/UploadApi/UploadPersonImage"}},"calendarApi":{"calendarApi":{"baseUrl":"/Core/Learning/api/CalendarApi/"}},"myprofile":{"profileData":{"baseUrl":"/Core/Core/api/ProfileData/","removePersonImage":"/Core/Core/api/ProfileData/RemovePersonImage","getInstalledPillars":"/Core/Core/api/ProfileData/GetInstalledPillars","actOnPendingApproval":"/Core/Core/api/ProfileData/ActOnPendingApproval","pendingApprovalSecurityCheck":"/Core/Core/api/ProfileData/PendingApprovalSecurityCheck","isGuestUser":"/Core/Core/api/ProfileData/IsGuestUser"}}});

      var modulesPath = '/Core/dist/app/modules';
      staticData = _.merge(root.tempStaticData, {
        versionNumber:  'ElixHR_18.3.0.0_2018.8.7.1',
        majorVersionNumber: '18.3',
        identity: _.cloneDeep(root.tempStaticData.Identity),
        culture: _.cloneDeep(root.tempStaticData.Culture),
        learningCatalog: _.cloneDeep(root.tempStaticData.LearningCatalog),
        userID: '1252D64C27E97EBCC615775F6386491D',
        guestAccount: '0',
        userTimezone: 'America/Tijuana',
        debugEnabled: root.tempStaticData.debugEnabled,
        scriptPath: scriptPath,
        currentTheme: null,
        photoUrl: scriptPath + photoPath,
        fileUrl: scriptPath + filePath,
        communityFileUrl: scriptPath + socialFilesPath,
        customHelpFileUrl: scriptPath + customHelpFilesPath,
        isAuditEnabled: isAuditEnabled,
        framesPath: {
          themePreview: '/Core/PublicAccess/ThemePreview',
          componentsPreview: '/Core/PublicAccess/ComponentsPreview'
        },
        appPath: '/Core/app',
        rootPathFolder: htmlRootPath,
        tenantKey: tenantKey,
        apiPaths: apiPaths,
        dashboardPerms: {"CanPersonalizeDashboards":true,"CanEditDashboards":false,"CanAddDashboards":false,"CanDeleteDashboards":false,"CanAccessThemeEditor":false},
        safeOrigin: /(sumtotalsystems\.com|cl12sales\.sumtotaldevelopment\.net|supp-bi-master\.sumtotaldemo\.net|cl-ugm12a)$/i,
        webPartDefinitionCategories: {"Hash":"-246538080","Categories":[{"Category":{"Id":5,"Name":"Common","CategoryKey":"WebPartDefinition_Common","Description":"Common","ParentId":1,"OrdinalPosition":null},"Definitions":[{"WebPartDefinitionKey":"Common_SumtIFrameWebPart","Title":"iFrame","Description":"Enables users to configure a URL to display within the widget.","SubTitle":"IFrame Widget","WebPartIconName":null,"WidgetNotificationMode":0,"WidgetDeeplinkUrlText":null,"CategoryName":"Common","IsWebPartEnabled":true,"TypeName":"SumTotal.SPPortal.WebParts.Core.Common.SumtIFrameWebPart.SumtIFrameWebPart, SumTotal.SPPortal.WebParts, Version=1.0.0.0, Culture=neutral, PublicKeyToken=6b7f90fbd13cce01","WebPartServiceAgentInterfaceTypeName":null,"WebPartDefinitionXml":null,"HideWebPartHeader":false,"HideWebPartFooter":true,"IsFreeFlowing":false,"PillarKey":null,"ChromeStyle":7,"ParameterJSON":"{\"HeaderLinkIcon\": \"\", \"IsCustomEditor\": false, \"PreviewType\" : \"iframe\", \"iFrameUrl\": \"http://www.google.com\"}","TemplatePath":"app/modules/dashboard/views/webparts/widgetIFrame.html","IsSystemLocked":false,"Category":{"Id":5,"Name":"Common","CategoryKey":"WebPartDefinition_Common","Description":"Common","ParentId":1,"OrdinalPosition":null},"Id":3},{"WebPartDefinitionKey":"About_Me","Title":"About Me","Description":"Displays key profile information about the employee.","SubTitle":"Photo, email and employment information","WebPartIconName":null,"WidgetNotificationMode":0,"WidgetDeeplinkUrlText":"View my profile","CategoryName":"Common","IsWebPartEnabled":true,"TypeName":"SumTotal.SPPortal.WebParts.Core.MySelf.AboutMe.AboutMe, SumTotal.SPPortal.WebParts, Version=1.0.0.0, Culture=neutral, PublicKeyToken=6b7f90fbd13cce01","WebPartServiceAgentInterfaceTypeName":null,"WebPartDefinitionXml":null,"HideWebPartHeader":true,"HideWebPartFooter":true,"IsFreeFlowing":false,"PillarKey":null,"ChromeStyle":7,"ParameterJSON":"{\"HeaderLinkIcon\": \"\", \"IsCustomEditor\": false, \"PreviewType\" : \"aboutme\"}","TemplatePath":"app/modules/dashboard/views/webparts/widgetAboutMe.html","IsSystemLocked":false,"Category":{"Id":5,"Name":"Common","CategoryKey":"WebPartDefinition_Common","Description":"Common","ParentId":1,"OrdinalPosition":null},"Id":43},{"WebPartDefinitionKey":"Common_ContentEditor","Title":"Content Editor","Description":"Enables users to add custom HTML to a dashboard.","SubTitle":"Content Editor Widget","WebPartIconName":null,"WidgetNotificationMode":0,"WidgetDeeplinkUrlText":null,"CategoryName":"Common","IsWebPartEnabled":true,"TypeName":null,"WebPartServiceAgentInterfaceTypeName":null,"WebPartDefinitionXml":null,"HideWebPartHeader":false,"HideWebPartFooter":true,"IsFreeFlowing":false,"PillarKey":null,"ChromeStyle":7,"ParameterJSON":"{\"HeaderLinkIcon\": \"\", \"IsCustomEditor\": true, \"PreviewType\" : \"iframe\"}","TemplatePath":"app/modules/dashboard/views/webparts/widgetContentEditor.html","IsSystemLocked":false,"Category":{"Id":5,"Name":"Common","CategoryKey":"WebPartDefinition_Common","Description":"Common","ParentId":1,"OrdinalPosition":null},"Id":60},{"WebPartDefinitionKey":"Timeline","Title":"Timeline","Description":"Displays tasks, approvals, and other updates in a timeline view.","SubTitle":"Activity timeline","WebPartIconName":null,"WidgetNotificationMode":0,"WidgetDeeplinkUrlText":null,"CategoryName":"Common","IsWebPartEnabled":true,"TypeName":null,"WebPartServiceAgentInterfaceTypeName":null,"WebPartDefinitionXml":null,"HideWebPartHeader":false,"HideWebPartFooter":false,"IsFreeFlowing":false,"PillarKey":null,"ChromeStyle":7,"ParameterJSON":"{\"HeaderLinkIcon\": \"\", \"IsCustomEditor\": false, \"PreviewType\" : \"timeline\"}","TemplatePath":"app/modules/dashboard/views/webparts/widgetTimeline.html","IsSystemLocked":false,"Category":{"Id":5,"Name":"Common","CategoryKey":"WebPartDefinition_Common","Description":"Common","ParentId":1,"OrdinalPosition":null},"Id":61},{"WebPartDefinitionKey":"Key_Measures","Title":"Key Measures","Description":"Displays key performance measures for a user.","SubTitle":"Key Measures","WebPartIconName":null,"WidgetNotificationMode":0,"WidgetDeeplinkUrlText":null,"CategoryName":"Common","IsWebPartEnabled":true,"TypeName":null,"WebPartServiceAgentInterfaceTypeName":null,"WebPartDefinitionXml":null,"HideWebPartHeader":false,"HideWebPartFooter":true,"IsFreeFlowing":false,"PillarKey":null,"ChromeStyle":7,"ParameterJSON":"{\"HeaderLinkIcon\": \"\", \"IsCustomEditor\": false, \"PreviewType\" : \"claw\"}","TemplatePath":"app/modules/dashboard/views/webparts/widgetKeyMeasures.html","IsSystemLocked":false,"Category":{"Id":5,"Name":"Common","CategoryKey":"WebPartDefinition_Common","Description":"Common","ParentId":1,"OrdinalPosition":null},"Id":62},{"WebPartDefinitionKey":"Direct_Reports","Title":"Direct Reports","Description":"Listing of your direct reports.","SubTitle":"Direct Reports","WebPartIconName":null,"WidgetNotificationMode":0,"WidgetDeeplinkUrlText":null,"CategoryName":"Common","IsWebPartEnabled":true,"TypeName":null,"WebPartServiceAgentInterfaceTypeName":null,"WebPartDefinitionXml":null,"HideWebPartHeader":false,"HideWebPartFooter":true,"IsFreeFlowing":false,"PillarKey":null,"ChromeStyle":7,"ParameterJSON":"{\"HeaderLinkIcon\": \"DirectReports\", \"IsCustomEditor\": false, \"PreviewType\" : \"table\"}","TemplatePath":"app/modules/dashboard/views/webparts/widgetDirectReports.html","IsSystemLocked":false,"Category":{"Id":5,"Name":"Common","CategoryKey":"WebPartDefinition_Common","Description":"Common","ParentId":1,"OrdinalPosition":null},"Id":63},{"WebPartDefinitionKey":"My_Development_Plan","Title":"My Development Plan","Description":"Displays a user's Development Plan","SubTitle":"My Development Plan","WebPartIconName":null,"WidgetNotificationMode":0,"WidgetDeeplinkUrlText":null,"CategoryName":"Common","IsWebPartEnabled":true,"TypeName":null,"WebPartServiceAgentInterfaceTypeName":null,"WebPartDefinitionXml":null,"HideWebPartHeader":false,"HideWebPartFooter":true,"IsFreeFlowing":false,"PillarKey":null,"ChromeStyle":7,"ParameterJSON":"{\"HeaderLinkIcon\": \"\", \"IsCustomEditor\": false, \"PreviewType\" : \"table\"}","TemplatePath":"app/modules/dashboard/views/webparts/widgetDevelopmentPlan.html","IsSystemLocked":false,"Category":{"Id":5,"Name":"Common","CategoryKey":"WebPartDefinition_Common","Description":"Common","ParentId":1,"OrdinalPosition":null},"Id":90},{"WebPartDefinitionKey":"LeaderBoardDisplay","Title":"Leaderboard Display","Description":"Displays users, ranked by their current Gamification score.","SubTitle":"LeaderBoard Display","WebPartIconName":null,"WidgetNotificationMode":0,"WidgetDeeplinkUrlText":null,"CategoryName":"Common","IsWebPartEnabled":true,"TypeName":null,"WebPartServiceAgentInterfaceTypeName":null,"WebPartDefinitionXml":null,"HideWebPartHeader":false,"HideWebPartFooter":false,"IsFreeFlowing":false,"PillarKey":null,"ChromeStyle":7,"ParameterJSON":"{\"HeaderLinkIcon\": \"\", \"IsCustomEditor\": false, \"PreviewType\" : \"leaderboard\"}","TemplatePath":"app/modules/core/views/gamification/leaderBoard.html","IsSystemLocked":false,"Category":{"Id":5,"Name":"Common","CategoryKey":"WebPartDefinition_Common","Description":"Common","ParentId":1,"OrdinalPosition":null},"Id":97}]},{"Category":{"Id":8,"Name":"Learning","CategoryKey":"WebPartDefinition_Learning","Description":"Learning","ParentId":1,"OrdinalPosition":null},"Definitions":[{"WebPartDefinitionKey":"LM_MyMessages","Title":"My Messages","Description":"Highlights the five most recent unread learning  notifications.","SubTitle":"Recent messages I have received","WebPartIconName":null,"WidgetNotificationMode":1,"WidgetDeeplinkUrlText":"View All Messages","CategoryName":"Learning","IsWebPartEnabled":true,"TypeName":"SumTotal.SPPortal.WebParts.Core.Learning.MyMessages.MyMessages, SumTotal.SPPortal.WebParts, Version=1.0.0.0, Culture=neutral, PublicKeyToken=6b7f90fbd13cce01","WebPartServiceAgentInterfaceTypeName":"ILMWebPartContractAsync","WebPartDefinitionXml":null,"HideWebPartHeader":false,"HideWebPartFooter":true,"IsFreeFlowing":false,"PillarKey":"LM","ChromeStyle":7,"ParameterJSON":"{\"HeaderLinkIcon\": \"\", \"IsCustomEditor\": false, \"MessagesConfig\":{ \"MessageCount\":\"count\", \"MessageData\":[\"date\", \"subject\", \"url\"]}, \"PreviewType\":\"messages\"}","TemplatePath":"app/modules/dashboard/views/webparts/widgetMyMessages.html","IsSystemLocked":false,"Category":{"Id":8,"Name":"Learning","CategoryKey":"WebPartDefinition_Learning","Description":"Learning","ParentId":1,"OrdinalPosition":null},"Id":4},{"WebPartDefinitionKey":"LM_UpcomingTraining","Title":"Upcoming Training","Description":"Shows the next scheduled learning activity the user is enrolled in. Includes options for reviewing summary details.","SubTitle":"Activities","WebPartIconName":null,"WidgetNotificationMode":1,"WidgetDeeplinkUrlText":"View All Upcoming Training","CategoryName":"Learning","IsWebPartEnabled":true,"TypeName":"SumTotal.SPPortal.WebParts.Core.Learning.UpcomingTraining.UpcomingTraining, SumTotal.SPPortal.WebParts, Version=1.0.0.0, Culture=neutral, PublicKeyToken=6b7f90fbd13cce01","WebPartServiceAgentInterfaceTypeName":"ILMWebPartContractAsync","WebPartDefinitionXml":null,"HideWebPartHeader":false,"HideWebPartFooter":true,"IsFreeFlowing":false,"PillarKey":"LM","ChromeStyle":7,"ParameterJSON":"{\"HeaderLinkIcon\": \"\", \"IsCustomEditor\": false, \"PreviewType\" : \"table\"}","TemplatePath":"app/modules/dashboard/views/webparts/widgetUpcomingTraining.html","IsSystemLocked":false,"Category":{"Id":8,"Name":"Learning","CategoryKey":"WebPartDefinition_Learning","Description":"Learning","ParentId":1,"OrdinalPosition":null},"Id":6},{"WebPartDefinitionKey":"LM_TopRatedContent","Title":"Top Rated Content","Description":"Displays the five highest rated learning activities available to the user.","SubTitle":"Top rated learning activities","WebPartIconName":null,"WidgetNotificationMode":1,"WidgetDeeplinkUrlText":"View All Top Rated Content","CategoryName":"Learning","IsWebPartEnabled":true,"TypeName":"SumTotal.SPPortal.WebParts.Core.Learning.TopRatedContent.TopRatedContent, SumTotal.SPPortal.WebParts, Version=1.0.0.0, Culture=neutral, PublicKeyToken=6b7f90fbd13cce01","WebPartServiceAgentInterfaceTypeName":"ILMWebPartContractAsync","WebPartDefinitionXml":null,"HideWebPartHeader":false,"HideWebPartFooter":true,"IsFreeFlowing":false,"PillarKey":"LM","ChromeStyle":7,"ParameterJSON":"{\"HeaderLinkIcon\": \"\", \"IsCustomEditor\": false, \"PreviewType\" : \"table\"}","TemplatePath":"app/modules/dashboard/views/webparts/widgetTopRatedContent.html","IsSystemLocked":false,"Category":{"Id":8,"Name":"Learning","CategoryKey":"WebPartDefinition_Learning","Description":"Learning","ParentId":1,"OrdinalPosition":null},"Id":7},{"WebPartDefinitionKey":"LM_CompletedCertification","Title":"Completed Certifications","Description":"Highlights the user's completed certifications and supports deeplinking to the Activities Detail for each item within the list.","SubTitle":"Activities","WebPartIconName":null,"WidgetNotificationMode":1,"WidgetDeeplinkUrlText":"View All Completed Certifications","CategoryName":"Learning","IsWebPartEnabled":true,"TypeName":"SumTotal.SPPortal.WebParts.Core.Learning.CompletedCertifications.CompletedCertifications, SumTotal.SPPortal.WebParts, Version=1.0.0.0, Culture=neutral, PublicKeyToken=6b7f90fbd13cce01","WebPartServiceAgentInterfaceTypeName":"ILMWebPartContractAsync","WebPartDefinitionXml":null,"HideWebPartHeader":false,"HideWebPartFooter":true,"IsFreeFlowing":false,"PillarKey":"LM","ChromeStyle":7,"ParameterJSON":"{\"HeaderLinkIcon\": \"\", \"IsCustomEditor\": false, \"PreviewType\" : \"table\"}","TemplatePath":"app/modules/dashboard/views/webparts/widgetCompletedCertifications.html","IsSystemLocked":false,"Category":{"Id":8,"Name":"Learning","CategoryKey":"WebPartDefinition_Learning","Description":"Learning","ParentId":1,"OrdinalPosition":null},"Id":8},{"WebPartDefinitionKey":"LM_ExceptionReport","Title":"Exception Report","Description":"Highlights assigned training exceptions (overdue, expired and incomplete) for the user's direct reports.","SubTitle":"Last Updated:","WebPartIconName":null,"WidgetNotificationMode":0,"WidgetDeeplinkUrlText":"View Detailed Exception Report","CategoryName":"Learning","IsWebPartEnabled":true,"TypeName":"SumTotal.SPPortal.WebParts.Core.Learning.ExceptionReport.ExceptionReport, SumTotal.SPPortal.WebParts, Version=1.0.0.0, Culture=neutral, PublicKeyToken=6b7f90fbd13cce01","WebPartServiceAgentInterfaceTypeName":"ILMWebPartContractAsync","WebPartDefinitionXml":null,"HideWebPartHeader":false,"HideWebPartFooter":true,"IsFreeFlowing":false,"PillarKey":"LM","ChromeStyle":7,"ParameterJSON":"{\"HeaderLinkIcon\": \"\", \"IsCustomEditor\": false, \"PreviewType\" : \"donutChart\"}","TemplatePath":"app/modules/dashboard/views/webparts/widgetExceptionReport.html","IsSystemLocked":false,"Category":{"Id":8,"Name":"Learning","CategoryKey":"WebPartDefinition_Learning","Description":"Learning","ParentId":1,"OrdinalPosition":null},"Id":10},{"WebPartDefinitionKey":"LM_MyFavourites","Title":"Favorites","Description":"Supports quick access to content marked as a favorite by the user.","SubTitle":"Activities, Categories, Collaboration Centers","WebPartIconName":null,"WidgetNotificationMode":1,"WidgetDeeplinkUrlText":"More...","CategoryName":"Learning","IsWebPartEnabled":true,"TypeName":"SumTotal.SPPortal.WebParts.Core.Learning.Favorites.Favorites, SumTotal.SPPortal.WebParts, Version=1.0.0.0, Culture=neutral, PublicKeyToken=6b7f90fbd13cce01","WebPartServiceAgentInterfaceTypeName":"ILMWebPartContractAsync","WebPartDefinitionXml":null,"HideWebPartHeader":false,"HideWebPartFooter":true,"IsFreeFlowing":false,"PillarKey":"LM","ChromeStyle":7,"ParameterJSON":"{\"HeaderLinkIcon\": \"\", \"IsCustomEditor\": false, \"PreviewType\" : \"table\"}","TemplatePath":"app/modules/dashboard/views/webparts/widgetFavorites.html","IsSystemLocked":false,"Category":{"Id":8,"Name":"Learning","CategoryKey":"WebPartDefinition_Learning","Description":"Learning","ParentId":1,"OrdinalPosition":null},"Id":12},{"WebPartDefinitionKey":"LM_LearnerAssignment","Title":"Learning Assignments","Description":"Provides quick access to the user's current learning assignments.","SubTitle":"Assignments and duties awaiting completion","WebPartIconName":null,"WidgetNotificationMode":1,"WidgetDeeplinkUrlText":"View All Assignments","CategoryName":"Learning","IsWebPartEnabled":true,"TypeName":"SumTotal.SPPortal.WebParts.Core.Learning.LearningAssignments.LearningAssignments, SumTotal.SPPortal.WebParts, Version=1.0.0.0, Culture=neutral, PublicKeyToken=6b7f90fbd13cce01","WebPartServiceAgentInterfaceTypeName":"ILMWebPartContractAsync","WebPartDefinitionXml":null,"HideWebPartHeader":false,"HideWebPartFooter":true,"IsFreeFlowing":false,"PillarKey":"LM","ChromeStyle":7,"ParameterJSON":"{\"HeaderLinkIcon\": \"\", \"IsCustomEditor\": false, \"PreviewType\" : \"table\"}","TemplatePath":"app/modules/dashboard/views/webparts/widgetLearningAssignments.html","IsSystemLocked":false,"Category":{"Id":8,"Name":"Learning","CategoryKey":"WebPartDefinition_Learning","Description":"Learning","ParentId":1,"OrdinalPosition":null},"Id":14},{"WebPartDefinitionKey":"LM_ExceptionReport_Others","Title":"Exception Report (Others)","Description":"Status of activities assigned to direct reports and managed users. Supports deep linking to Manager Exception page.","SubTitle":"Last Updated:","WebPartIconName":null,"WidgetNotificationMode":0,"WidgetDeeplinkUrlText":"View Detailed Exception Report","CategoryName":"Learning","IsWebPartEnabled":true,"TypeName":"SumTotal.SPPortal.WebParts.Core.Learning.ExceptionReport.ExceptionReport, SumTotal.SPPortal.WebParts, Version=1.0.0.0, Culture=neutral, PublicKeyToken=6b7f90fbd13cce01","WebPartServiceAgentInterfaceTypeName":"ILMWebPartContractAsync","WebPartDefinitionXml":null,"HideWebPartHeader":false,"HideWebPartFooter":true,"IsFreeFlowing":false,"PillarKey":"LM","ChromeStyle":7,"ParameterJSON":"{\"HeaderLinkIcon\": \"\", \"IsCustomEditor\": false, \"PreviewType\" : \"donutChart\"}","TemplatePath":"app/modules/dashboard/views/webparts/widgetExceptionReportOthers.html","IsSystemLocked":false,"Category":{"Id":8,"Name":"Learning","CategoryKey":"WebPartDefinition_Learning","Description":"Learning","ParentId":1,"OrdinalPosition":null},"Id":58},{"WebPartDefinitionKey":"LM_TeachingActivities","Title":"My Instructor Schedule","Description":"Provides instructors with quick access to their current and upcoming training items.","SubTitle":"Widget My Instructor Schedule Activities","WebPartIconName":null,"WidgetNotificationMode":0,"WidgetDeeplinkUrlText":"View All My Instructor Schedule","CategoryName":"Learning","IsWebPartEnabled":true,"TypeName":null,"WebPartServiceAgentInterfaceTypeName":"ILMWebPartContractAsync","WebPartDefinitionXml":null,"HideWebPartHeader":false,"HideWebPartFooter":true,"IsFreeFlowing":false,"PillarKey":"LM","ChromeStyle":7,"ParameterJSON":"{\"HeaderLinkIcon\": \"\", \"IsCustomEditor\": false, \"PreviewType\" : \"table\"}","TemplatePath":"app/modules/dashboard/views/webparts/WidgetTeachingActivities.html","IsSystemLocked":false,"Category":{"Id":8,"Name":"Learning","CategoryKey":"WebPartDefinition_Learning","Description":"Learning","ParentId":1,"OrdinalPosition":null},"Id":64},{"WebPartDefinitionKey":"LM_RecentlyLaunched","Title":"Recently Launched","Description":"Provides user with quick access to the most recently launched non-completed training item.","SubTitle":"Recently Launched","WebPartIconName":null,"WidgetNotificationMode":0,"WidgetDeeplinkUrlText":"View All Recently Launch Activity","CategoryName":"Learning","IsWebPartEnabled":true,"TypeName":"SumTotal.SPPortal.WebParts.Core.Learning.RecentlyLaunched.RecentlyLaunched, SumTotal.SPPortal.WebParts, Version=1.0.0.0, Culture=neutral, PublicKeyToken=6b7f90fbd13cce01","WebPartServiceAgentInterfaceTypeName":"ILMWebPartContractAsync","WebPartDefinitionXml":null,"HideWebPartHeader":false,"HideWebPartFooter":true,"IsFreeFlowing":false,"PillarKey":"LM","ChromeStyle":7,"ParameterJSON":"{\"HeaderLinkIcon\": \"\", \"IsCustomEditor\": false, \"PreviewType\" : \"table\"}","TemplatePath":"app/modules/dashboard/views/webparts/widgetRecentlyLaunched.html","IsSystemLocked":false,"Category":{"Id":8,"Name":"Learning","CategoryKey":"WebPartDefinition_Learning","Description":"Learning","ParentId":1,"OrdinalPosition":null},"Id":65},{"WebPartDefinitionKey":"LM_ProxyRelations","Title":"Proxy Relations","Description":"Allows the user to have quick access to a list of users whom they can act as a proxy for.","SubTitle":"Proxy Relations","WebPartIconName":null,"WidgetNotificationMode":1,"WidgetDeeplinkUrlText":"View All","CategoryName":"Learning","IsWebPartEnabled":true,"TypeName":"SumTotal.SPPortal.WebParts.Core.Learning.ProxyRelations.ProxyRelations, SumTotal.SPPortal.WebParts, Version=1.0.0.0, Culture=neutral, PublicKeyToken=6b7f90fbd13cce01","WebPartServiceAgentInterfaceTypeName":"ILMWebPartContractAsync","WebPartDefinitionXml":null,"HideWebPartHeader":false,"HideWebPartFooter":true,"IsFreeFlowing":false,"PillarKey":"LM","ChromeStyle":7,"ParameterJSON":"{\"HeaderLinkIcon\": \"\", \"IsCustomEditor\": false, \"PreviewType\" : \"table\"}","TemplatePath":"app/modules/dashboard/views/webparts/widgetProxyRelations.html","IsSystemLocked":false,"Category":{"Id":8,"Name":"Learning","CategoryKey":"WebPartDefinition_Learning","Description":"Learning","ParentId":1,"OrdinalPosition":null},"Id":66},{"WebPartDefinitionKey":"LM_MyLearning","Title":"My Learning","Description":"Provides user with graphical summary of their assigned training compliance status.","SubTitle":null,"WebPartIconName":null,"WidgetNotificationMode":0,"WidgetDeeplinkUrlText":null,"CategoryName":"Learning","IsWebPartEnabled":true,"TypeName":"SumTotal.SPPortal.WebParts.Core.Learning.MyLearning.MyLearning, SumTotal.SPPortal.WebParts, Version=1.0.0.0, Culture=neutral, PublicKeyToken=6b7f90fbd13cce01","WebPartServiceAgentInterfaceTypeName":"ILMWebPartContractAsync","WebPartDefinitionXml":null,"HideWebPartHeader":false,"HideWebPartFooter":true,"IsFreeFlowing":false,"PillarKey":"LM","ChromeStyle":7,"ParameterJSON":"{\"HeaderLinkIcon\": \"\", \"IsCustomEditor\": false, \"PreviewType\" : \"html\"}","TemplatePath":"app/modules/dashboard/views/webparts/widgetMyLearning.html","IsSystemLocked":false,"Category":{"Id":8,"Name":"Learning","CategoryKey":"WebPartDefinition_Learning","Description":"Learning","ParentId":1,"OrdinalPosition":null},"Id":67},{"WebPartDefinitionKey":"LM_LearningTasks","Title":"Learning Tasks","Description":"Displays the user's pending tasks.","SubTitle":"Learning Tasks","WebPartIconName":null,"WidgetNotificationMode":0,"WidgetDeeplinkUrlText":null,"CategoryName":"Learning","IsWebPartEnabled":true,"TypeName":"SSumTotal.SPPortal.WebParts.Core.Learning.LearningTasks.LearningTasks, SumTotal.SPPortal.WebParts, Version=1.0.0.0, Culture=neutral, PublicKeyToken=6b7f90fbd13cce01","WebPartServiceAgentInterfaceTypeName":"ILMWebPartContractAsync","WebPartDefinitionXml":null,"HideWebPartHeader":false,"HideWebPartFooter":true,"IsFreeFlowing":false,"PillarKey":"LM","ChromeStyle":7,"ParameterJSON":"{\"HeaderLinkIcon\": \"\", \"IsCustomEditor\": false, \"PreviewType\" : \"table\"}","TemplatePath":"app/modules/dashboard/views/webparts/widgetLearningTasks.html","IsSystemLocked":false,"Category":{"Id":8,"Name":"Learning","CategoryKey":"WebPartDefinition_Learning","Description":"Learning","ParentId":1,"OrdinalPosition":null},"Id":68},{"WebPartDefinitionKey":"LM_QuickLinks","Title":"Quick Links","Description":"Displays the Quick Links for Training Transcript, Training Schedule and Training Analysis.","SubTitle":"Quick Links for Training","WebPartIconName":null,"WidgetNotificationMode":0,"WidgetDeeplinkUrlText":null,"CategoryName":"Learning","IsWebPartEnabled":true,"TypeName":"SumTotal.SPPortal.WebParts.Core.Learning.QuickLinks.QuickLinks, SumTotal.SPPortal.WebParts, Version=1.0.0.0, Culture=neutral, PublicKeyToken=6b7f90fbd13cce01","WebPartServiceAgentInterfaceTypeName":"ILMWebPartContractAsync","WebPartDefinitionXml":null,"HideWebPartHeader":false,"HideWebPartFooter":true,"IsFreeFlowing":false,"PillarKey":"LM","ChromeStyle":7,"ParameterJSON":"{\"HeaderLinkIcon\": \"\", \"IsCustomEditor\": false, \"PreviewType\" : \"table\"}","TemplatePath":"app/modules/dashboard/views/webparts/widgetQuickLinks.html","IsSystemLocked":false,"Category":{"Id":8,"Name":"Learning","CategoryKey":"WebPartDefinition_Learning","Description":"Learning","ParentId":1,"OrdinalPosition":null},"Id":69},{"WebPartDefinitionKey":"LM_Recommendation","Title":"Recommended Courses","Description":"Displays recommended learning based on your interests, your required skills, and suggestions from others in your organization.","SubTitle":null,"WebPartIconName":null,"WidgetNotificationMode":0,"WidgetDeeplinkUrlText":null,"CategoryName":"Learning","IsWebPartEnabled":true,"TypeName":null,"WebPartServiceAgentInterfaceTypeName":null,"WebPartDefinitionXml":null,"HideWebPartHeader":false,"HideWebPartFooter":true,"IsFreeFlowing":false,"PillarKey":"LM","ChromeStyle":7,"ParameterJSON":"{\"HeaderLinkIcon\": \"\", \"IsCustomEditor\": false, \"PreviewType\" : \"table\"}","TemplatePath":"app/modules/dashboard/views/webparts/widgetRecommendation.html","IsSystemLocked":false,"Category":{"Id":8,"Name":"Learning","CategoryKey":"WebPartDefinition_Learning","Description":"Learning","ParentId":1,"OrdinalPosition":null},"Id":70},{"WebPartDefinitionKey":"LM_PromotedActivities","Title":"Promoted Activities","Description":"Displays the Promoted Activities","SubTitle":null,"WebPartIconName":null,"WidgetNotificationMode":0,"WidgetDeeplinkUrlText":null,"CategoryName":"Learning","IsWebPartEnabled":true,"TypeName":"SumTotal.SPPortal.WebParts.Core.Learning.PromotedActivities.PromotedActivities, SumTotal.SPPortal.WebParts, Version=1.0.0.0, Culture=neutral, PublicKeyToken=6b7f90fbd13cce01","WebPartServiceAgentInterfaceTypeName":"ILMWebPartContractAsync","WebPartDefinitionXml":null,"HideWebPartHeader":false,"HideWebPartFooter":false,"IsFreeFlowing":false,"PillarKey":"LM","ChromeStyle":7,"ParameterJSON":"{\"HeaderLinkIcon\": \"\", \"IsCustomEditor\": false, \"PreviewType\" : \"configTextField\", \"Config\":{\"Name\":\"LearningActivityCodes\",\"Value\":\"\"}}","TemplatePath":"app/modules/dashboard/views/webparts/widgetPromotedActivities.html","IsSystemLocked":false,"Category":{"Id":8,"Name":"Learning","CategoryKey":"WebPartDefinition_Learning","Description":"Learning","ParentId":1,"OrdinalPosition":null},"Id":79},{"WebPartDefinitionKey":"LM_Categories","Title":"Browse By Topic","Description":"Display all topics, can browse activities through selected topic.","SubTitle":"Browse By Topic","WebPartIconName":null,"WidgetNotificationMode":0,"WidgetDeeplinkUrlText":"View All Categories","CategoryName":"Learning","IsWebPartEnabled":true,"TypeName":null,"WebPartServiceAgentInterfaceTypeName":"ILMWebPartContractAsync","WebPartDefinitionXml":null,"HideWebPartHeader":false,"HideWebPartFooter":false,"IsFreeFlowing":false,"PillarKey":"LM","ChromeStyle":7,"ParameterJSON":"{\"HeaderLinkIcon\": \"\", \"IsCustomEditor\": false, \"PreviewType\" : \"table\"}","TemplatePath":"app/modules/dashboard/views/webparts/widgetCatalogBrowseByCategory.html","IsSystemLocked":false,"Category":{"Id":8,"Name":"Learning","CategoryKey":"WebPartDefinition_Learning","Description":"Learning","ParentId":1,"OrdinalPosition":null},"Id":80},{"WebPartDefinitionKey":"LM_ActivityTypes","Title":"Browse By Activity Type","Description":"Display all Activity Types, can browse activities through selected Activity Type.","SubTitle":"Browse By Activity Type","WebPartIconName":null,"WidgetNotificationMode":0,"WidgetDeeplinkUrlText":"View All Activity Types","CategoryName":"Learning","IsWebPartEnabled":true,"TypeName":null,"WebPartServiceAgentInterfaceTypeName":"ILMWebPartContractAsync","WebPartDefinitionXml":null,"HideWebPartHeader":false,"HideWebPartFooter":false,"IsFreeFlowing":false,"PillarKey":"LM","ChromeStyle":7,"ParameterJSON":"{\"HeaderLinkIcon\": \"\", \"IsCustomEditor\": false, \"PreviewType\" : \"table\"}","TemplatePath":"app/modules/dashboard/views/webparts/widgetCatalogBrowseByActivityType.html","IsSystemLocked":false,"Category":{"Id":8,"Name":"Learning","CategoryKey":"WebPartDefinition_Learning","Description":"Learning","ParentId":1,"OrdinalPosition":null},"Id":81},{"WebPartDefinitionKey":"LM_PromotedCategories","Title":"Promoted Topics","Description":"Displays selected topics. Users can browse activities through selected topics.","SubTitle":"Promoted Topics","WebPartIconName":null,"WidgetNotificationMode":0,"WidgetDeeplinkUrlText":"View All Topics","CategoryName":"Learning","IsWebPartEnabled":true,"TypeName":null,"WebPartServiceAgentInterfaceTypeName":"ILMWebPartContractAsync","WebPartDefinitionXml":null,"HideWebPartHeader":false,"HideWebPartFooter":false,"IsFreeFlowing":false,"PillarKey":"LM","ChromeStyle":7,"ParameterJSON":"{\"HeaderLinkIcon\": \"\", \"IsCustomEditor\": false, \"PreviewType\" : \"table\"}","TemplatePath":"app/modules/dashboard/views/webparts/widgetPromotedCategories.html","IsSystemLocked":false,"Category":{"Id":8,"Name":"Learning","CategoryKey":"WebPartDefinition_Learning","Description":"Learning","ParentId":1,"OrdinalPosition":null},"Id":82},{"WebPartDefinitionKey":"LM_Calendar","Title":"My Learning Schedule","Description":"Highlights schedule information in calendar.","SubTitle":null,"WebPartIconName":null,"WidgetNotificationMode":0,"WidgetDeeplinkUrlText":null,"CategoryName":"Learning","IsWebPartEnabled":true,"TypeName":"SumTotal.SPPortal.WebParts.Core.Learning.Calendar.Calendar, SumTotal.SPPortal.WebParts, Version=1.0.0.0, Culture=neutral, PublicKeyToken=6b7f90fbd13cce01","WebPartServiceAgentInterfaceTypeName":null,"WebPartDefinitionXml":null,"HideWebPartHeader":false,"HideWebPartFooter":true,"IsFreeFlowing":false,"PillarKey":"LM","ChromeStyle":7,"ParameterJSON":"{\"HeaderLinkIcon\": \"\", \"IsCustomEditor\": false, \"PreviewType\" : \"html\"}","TemplatePath":"app/modules/dashboard/views/webparts/widgetCalendar.html","IsSystemLocked":false,"Category":{"Id":8,"Name":"Learning","CategoryKey":"WebPartDefinition_Learning","Description":"Learning","ParentId":1,"OrdinalPosition":null},"Id":83},{"WebPartDefinitionKey":"LM_News","Title":"News","Description":"Displays the latest news.","SubTitle":"News","WebPartIconName":null,"WidgetNotificationMode":0,"WidgetDeeplinkUrlText":null,"CategoryName":"Learning","IsWebPartEnabled":true,"TypeName":null,"WebPartServiceAgentInterfaceTypeName":null,"WebPartDefinitionXml":null,"HideWebPartHeader":false,"HideWebPartFooter":false,"IsFreeFlowing":false,"PillarKey":"LM","ChromeStyle":7,"ParameterJSON":"{\"HeaderLinkIcon\": \"\", \"IsCustomEditor\": false, \"PreviewType\" : \"table\"}","TemplatePath":"app/modules/dashboard/views/webparts/widgetNews.html","IsSystemLocked":false,"Category":{"Id":8,"Name":"Learning","CategoryKey":"WebPartDefinition_Learning","Description":"Learning","ParentId":1,"OrdinalPosition":null},"Id":85},{"WebPartDefinitionKey":"LM_RecentPurchasedActivities","Title":"Recently Purchased Activities","Description":"Provides user with quick access to the five most recently purchased  activities.","SubTitle":"Recent purchases I have made","WebPartIconName":null,"WidgetNotificationMode":0,"WidgetDeeplinkUrlText":null,"CategoryName":"Learning","IsWebPartEnabled":true,"TypeName":null,"WebPartServiceAgentInterfaceTypeName":"ILMWebPartContractAsync","WebPartDefinitionXml":null,"HideWebPartHeader":false,"HideWebPartFooter":false,"IsFreeFlowing":false,"PillarKey":"LM","ChromeStyle":7,"ParameterJSON":"{\"HeaderLinkIcon\": \"\", \"IsCustomEditor\": false, \"PreviewType\" : \"table\"}","TemplatePath":"app/modules/dashboard/views/webparts/widgetLearningRecentlyPurchasedActivities.html","IsSystemLocked":false,"Category":{"Id":8,"Name":"Learning","CategoryKey":"WebPartDefinition_Learning","Description":"Learning","ParentId":1,"OrdinalPosition":null},"Id":87},{"WebPartDefinitionKey":"LM_ConfigurableWidget","Title":"Configurable Widget","Description":"Displays configured widget data","SubTitle":null,"WebPartIconName":null,"WidgetNotificationMode":0,"WidgetDeeplinkUrlText":null,"CategoryName":"Learning","IsWebPartEnabled":true,"TypeName":null,"WebPartServiceAgentInterfaceTypeName":"ILMWebPartContractAsync","WebPartDefinitionXml":null,"HideWebPartHeader":false,"HideWebPartFooter":false,"IsFreeFlowing":false,"PillarKey":"LM","ChromeStyle":7,"ParameterJSON":"{\"HeaderLinkIcon\": \"\", \"IsCustomEditor\": false, \"PreviewType\" : \"configCarouselDropDown\", \"Config\":{\"Name\":\"ConfigurableCarouselWidgetCodesDropDown\",\"DropDownData\":{\"SelectedKey\": null, \"AvailableOptions\": [{\"id\": \"0\", \"name\":\"Trending For Your Job\"}, {\"id\":\"1\", \"name\":\"Top Picks For You\"}, {\"id\":\"2\", \"name\":\"Top Rated\"}, {\"id\":\"3\", \"name\":\"Saved For Later\"}, {\"id\":\"4\", \"name\":\"Continue Learning\"}, {\"id\":\"5\", \"name\":\"Join Your Peers\"}, {\"id\":\"6\", \"name\":\"Training Recommended For Next Job\"}, {\"id\":\"7\", \"name\":\"Most Popular\"}]}}}","TemplatePath":"app/modules/dashboard/views/webparts/widgetConfigurableContent.html","IsSystemLocked":false,"Category":{"Id":8,"Name":"Learning","CategoryKey":"WebPartDefinition_Learning","Description":"Learning","ParentId":1,"OrdinalPosition":null},"Id":106},{"WebPartDefinitionKey":"LM_ConfigurableCarouselWidget","Title":"Configurable Carousel Widget","Description":"Displays configured widget data","SubTitle":null,"WebPartIconName":null,"WidgetNotificationMode":0,"WidgetDeeplinkUrlText":null,"CategoryName":"Learning","IsWebPartEnabled":true,"TypeName":null,"WebPartServiceAgentInterfaceTypeName":"ILMWebPartContractAsync","WebPartDefinitionXml":null,"HideWebPartHeader":false,"HideWebPartFooter":false,"IsFreeFlowing":false,"PillarKey":"LM","ChromeStyle":7,"ParameterJSON":"{\"HeaderLinkIcon\": \"\", \"IsCustomEditor\": false, \"PreviewType\" : \"configCarouselDropDown\", \"Config\":{\"Name\":\"ConfigurableCarouselWidgetCodesDropDown\",\"DropDownData\":{\"SelectedKey\": null, \"AvailableOptions\": [{\"id\": \"0\", \"name\":\"Trending For Your Job\"}, {\"id\":\"1\", \"name\":\"Top Picks For You\"}, {\"id\":\"2\", \"name\":\"Top Rated\"}, {\"id\":\"3\", \"name\":\"Saved For Later\"}, {\"id\":\"4\", \"name\":\"Continue Learning\"}, {\"id\":\"5\", \"name\":\"Join Your Peers\"}, {\"id\":\"6\", \"name\":\"Training Recommended For Next Job\"}, {\"id\":\"7\", \"name\":\"Most Popular\"}]}}}","TemplatePath":"app/modules/dashboard/views/webparts/widgetConfigurableCarouselContent.html","IsSystemLocked":false,"Category":{"Id":8,"Name":"Learning","CategoryKey":"WebPartDefinition_Learning","Description":"Learning","ParentId":1,"OrdinalPosition":null},"Id":107},{"WebPartDefinitionKey":"search_calendarView","Title":"Available Activities Calendar","Description":"Allows learners to browse available learning activity offerings in a calendar view.","SubTitle":"Available Activities Calendar","WebPartIconName":null,"WidgetNotificationMode":0,"WidgetDeeplinkUrlText":null,"CategoryName":"Learning","IsWebPartEnabled":true,"TypeName":null,"WebPartServiceAgentInterfaceTypeName":null,"WebPartDefinitionXml":null,"HideWebPartHeader":false,"HideWebPartFooter":false,"IsFreeFlowing":false,"PillarKey":"LM","ChromeStyle":7,"ParameterJSON":"{\"HeaderLinkIcon\": \"\", \"IsCustomEditor\": false, \"PreviewType\" : \"calendar\"}","TemplatePath":"app/modules/dashboard/views/searchWidgets/calendarView.html","IsSystemLocked":false,"Category":{"Id":8,"Name":"Learning","CategoryKey":"WebPartDefinition_Learning","Description":"Learning","ParentId":1,"OrdinalPosition":null},"Id":111},{"WebPartDefinitionKey":"LM_FavouritesCarousel","Title":"My Favorites","Description":"Supports quick access to content marked as a favorite by the user in a carousel.","SubTitle":"Activities, Categories, Collaboration Centers","WebPartIconName":null,"WidgetNotificationMode":1,"WidgetDeeplinkUrlText":"More...","CategoryName":"Learning","IsWebPartEnabled":true,"TypeName":"SumTotal.SPPortal.WebParts.Core.Learning.Favorites.Favorites, SumTotal.SPPortal.WebParts, Version=1.0.0.0, Culture=neutral, PublicKeyToken=6b7f90fbd13cce01","WebPartServiceAgentInterfaceTypeName":"ILMWebPartContractAsync","WebPartDefinitionXml":null,"HideWebPartHeader":false,"HideWebPartFooter":true,"IsFreeFlowing":false,"PillarKey":"LM","ChromeStyle":7,"ParameterJSON":"{\"HeaderLinkIcon\": \"\", \"IsCustomEditor\": false, \"PreviewType\" : \"table\"}","TemplatePath":"app/modules/dashboard/views/webparts/widgetFavoritesCarousel.html","IsSystemLocked":false,"Category":{"Id":8,"Name":"Learning","CategoryKey":"WebPartDefinition_Learning","Description":"Learning","ParentId":1,"OrdinalPosition":null},"Id":112},{"WebPartDefinitionKey":"Common_SearchWidget","Title":"Search","Description":"Quick Search for Courses, Training, Videos, Books and Audiobooks","SubTitle":"Search for Courses, Training, Videos, Books and Audiobooks","WebPartIconName":null,"WidgetNotificationMode":0,"WidgetDeeplinkUrlText":null,"CategoryName":"Learning","IsWebPartEnabled":true,"TypeName":null,"WebPartServiceAgentInterfaceTypeName":null,"WebPartDefinitionXml":null,"HideWebPartHeader":true,"HideWebPartFooter":false,"IsFreeFlowing":false,"PillarKey":null,"ChromeStyle":6,"ParameterJSON":"{\"HeaderLinkIcon\": \"\", \"IsCustomEditor\": false, \"PreviewType\" : \"table\"}","TemplatePath":"app/modules/dashboard/views/webparts/widgetEnterpriseSearch.html","IsSystemLocked":false,"Category":{"Id":8,"Name":"Learning","CategoryKey":"WebPartDefinition_Learning","Description":"Learning","ParentId":1,"OrdinalPosition":null},"Id":113},{"WebPartDefinitionKey":"LM_ResumeLearning","Title":"Resume Learning","Description":"Provides user with quick access to all recently launched non-completed training items.","SubTitle":"List of recently launched activities","WebPartIconName":null,"WidgetNotificationMode":0,"WidgetDeeplinkUrlText":"View All Recently Launched Activities","CategoryName":"Learning","IsWebPartEnabled":true,"TypeName":"SumTotal.SPPortal.WebParts.Core.Learning.RecentlyLaunched.RecentlyLaunched, SumTotal.SPPortal.WebParts, Version=1.0.0.0, Culture=neutral, PublicKeyToken=6b7f90fbd13cce01","WebPartServiceAgentInterfaceTypeName":"ILMWebPartContractAsync","WebPartDefinitionXml":null,"HideWebPartHeader":false,"HideWebPartFooter":true,"IsFreeFlowing":false,"PillarKey":"LM","ChromeStyle":7,"ParameterJSON":"{\"HeaderLinkIcon\": \"\", \"IsCustomEditor\": false, \"PreviewType\" : \"table\"}","TemplatePath":"app/modules/dashboard/views/webparts/widgetRecentlyLaunchedActivitiesList.html","IsSystemLocked":false,"Category":{"Id":8,"Name":"Learning","CategoryKey":"WebPartDefinition_Learning","Description":"Learning","ParentId":1,"OrdinalPosition":null},"Id":114},{"WebPartDefinitionKey":"LM_RecommendedActivities","Title":"Recommended Activities","Description":"Displays recommended activities based on your interests, your required skills, and suggestions from others in your organization in a carousel.","SubTitle":null,"WebPartIconName":null,"WidgetNotificationMode":0,"WidgetDeeplinkUrlText":null,"CategoryName":"Learning","IsWebPartEnabled":true,"TypeName":null,"WebPartServiceAgentInterfaceTypeName":null,"WebPartDefinitionXml":null,"HideWebPartHeader":true,"HideWebPartFooter":true,"IsFreeFlowing":false,"PillarKey":"LM","ChromeStyle":6,"ParameterJSON":"{\"HeaderLinkIcon\": \"\", \"IsCustomEditor\": false, \"PreviewType\" : \"table\"}","TemplatePath":"app/modules/dashboard/views/webparts/widgetRecommendedActivitiesCarousel.html","IsSystemLocked":false,"Category":{"Id":8,"Name":"Learning","CategoryKey":"WebPartDefinition_Learning","Description":"Learning","ParentId":1,"OrdinalPosition":null},"Id":115},{"WebPartDefinitionKey":"LM_PromotedActivities","Title":"Promoted Learning  Activities","Description":"Displays activities promoted by your organization.","SubTitle":null,"WebPartIconName":null,"WidgetNotificationMode":0,"WidgetDeeplinkUrlText":null,"CategoryName":"Learning","IsWebPartEnabled":true,"TypeName":"SumTotal.SPPortal.WebParts.Core.Learning.PromotedActivities.PromotedActivities, SumTotal.SPPortal.WebParts, Version=1.0.0.0, Culture=neutral, PublicKeyToken=6b7f90fbd13cce01","WebPartServiceAgentInterfaceTypeName":"ILMWebPartContractAsync","WebPartDefinitionXml":null,"HideWebPartHeader":false,"HideWebPartFooter":false,"IsFreeFlowing":false,"PillarKey":"LM","ChromeStyle":7,"ParameterJSON":"{\"HeaderLinkIcon\": \"\", \"IsCustomEditor\": false, \"PreviewType\" : \"configTextField\", \"Config\":{\"Name\":\"LearningActivityCodes\",\"Value\":\"\"}}","TemplatePath":"app/modules/dashboard/views/webparts/widgetPromotedActivitiesCarousel.html","IsSystemLocked":false,"Category":{"Id":8,"Name":"Learning","CategoryKey":"WebPartDefinition_Learning","Description":"Learning","ParentId":1,"OrdinalPosition":null},"Id":118},{"WebPartDefinitionKey":"LM_PromotedLibraryTopics","Title":"Promoted Library  Topics","Description":"Displays Library topics promoted by your organization.","SubTitle":null,"WebPartIconName":null,"WidgetNotificationMode":0,"WidgetDeeplinkUrlText":"View All Topics","CategoryName":"Learning","IsWebPartEnabled":true,"TypeName":null,"WebPartServiceAgentInterfaceTypeName":"ILMWebPartContractAsync","WebPartDefinitionXml":null,"HideWebPartHeader":false,"HideWebPartFooter":false,"IsFreeFlowing":false,"PillarKey":"LM","ChromeStyle":7,"ParameterJSON":"{\"HeaderLinkIcon\": \"\", \"IsCustomEditor\": false, \"PreviewType\" : \"table\", \"MaxCount\":20}","TemplatePath":"app/modules/dashboard/views/webparts/widgetPromotedCategoriesCarousel.html","IsSystemLocked":false,"Category":{"Id":8,"Name":"Learning","CategoryKey":"WebPartDefinition_Learning","Description":"Learning","ParentId":1,"OrdinalPosition":null},"Id":119}]},{"Category":{"Id":11,"Name":"Social","CategoryKey":"WebPartDefinition_Social","Description":"Social","ParentId":1,"OrdinalPosition":null},"Definitions":[{"WebPartDefinitionKey":"LM_MyCommunities","Title":"My Communities","Description":"Recent posts for the communities which the logged in user is a member, supported by an option to view all updates.","SubTitle":"Favorite discussion forums","WebPartIconName":null,"WidgetNotificationMode":1,"WidgetDeeplinkUrlText":"View All Communities","CategoryName":"Social","IsWebPartEnabled":true,"TypeName":"SumTotal.SPPortal.WebParts.Core.Social.MyCommunities.MyCommunities, SumTotal.SPPortal.WebParts, Version=1.0.0.0, Culture=neutral, PublicKeyToken=6b7f90fbd13cce01","WebPartServiceAgentInterfaceTypeName":"ILMWebPartContractAsync","WebPartDefinitionXml":null,"HideWebPartHeader":false,"HideWebPartFooter":true,"IsFreeFlowing":false,"PillarKey":"LM","ChromeStyle":7,"ParameterJSON":"{\"HeaderLinkIcon\": \"\", \"IsCustomEditor\": false, \"PreviewType\" : \"table\"}","TemplatePath":"app/modules/dashboard/views/webparts/widgetMyCommunities.html","IsSystemLocked":false,"Category":{"Id":11,"Name":"Social","CategoryKey":"WebPartDefinition_Social","Description":"Social","ParentId":1,"OrdinalPosition":null},"Id":5},{"WebPartDefinitionKey":"LM_CommunityUpdates","Title":"Community Updates","Description":"Highlights recent community posts with an option to view all community updates.","SubTitle":"Updated discussion forums  ","WebPartIconName":null,"WidgetNotificationMode":1,"WidgetDeeplinkUrlText":"View All Updates","CategoryName":"Social","IsWebPartEnabled":true,"TypeName":"SumTotal.SPPortal.WebParts.Core.Social.CommunityUpdates.CommunityUpdates, SumTotal.SPPortal.WebParts, Version=1.0.0.0, Culture=neutral, PublicKeyToken=6b7f90fbd13cce01","WebPartServiceAgentInterfaceTypeName":"ILMWebPartContractAsync","WebPartDefinitionXml":null,"HideWebPartHeader":false,"HideWebPartFooter":true,"IsFreeFlowing":false,"PillarKey":"LM","ChromeStyle":7,"ParameterJSON":"{\"HeaderLinkIcon\": \"\", \"IsCustomEditor\": false, \"PreviewType\" : \"table\"}","TemplatePath":"app/modules/dashboard/views/webparts/widgetCommunityUpdates.html","IsSystemLocked":false,"Category":{"Id":11,"Name":"Social","CategoryKey":"WebPartDefinition_Social","Description":"Social","ParentId":1,"OrdinalPosition":null},"Id":11},{"WebPartDefinitionKey":"SocialGroups","Title":"Social Groups","Description":"View all Social groups, manage your Social groups, and post messages.","SubTitle":"Social Groups","WebPartIconName":null,"WidgetNotificationMode":0,"WidgetDeeplinkUrlText":null,"CategoryName":"Social","IsWebPartEnabled":true,"TypeName":null,"WebPartServiceAgentInterfaceTypeName":null,"WebPartDefinitionXml":null,"HideWebPartHeader":false,"HideWebPartFooter":false,"IsFreeFlowing":false,"PillarKey":null,"ChromeStyle":7,"ParameterJSON":"{\"HeaderLinkIcon\": \"\", \"IsCustomEditor\": false, \"PreviewType\" : \"table\"}","TemplatePath":"app/modules/dashboard/views/webparts/widgetSocial.html","IsSystemLocked":false,"Category":{"Id":11,"Name":"Social","CategoryKey":"WebPartDefinition_Social","Description":"Social","ParentId":1,"OrdinalPosition":null},"Id":98},{"WebPartDefinitionKey":"SocialMyFeed","Title":"My Feed","Description":"View and make updates to your Social feed, including groups for which you are a member and public groups.","SubTitle":"My Feed","WebPartIconName":null,"WidgetNotificationMode":0,"WidgetDeeplinkUrlText":null,"CategoryName":"Social","IsWebPartEnabled":true,"TypeName":null,"WebPartServiceAgentInterfaceTypeName":null,"WebPartDefinitionXml":null,"HideWebPartHeader":false,"HideWebPartFooter":false,"IsFreeFlowing":false,"PillarKey":null,"ChromeStyle":7,"ParameterJSON":"{\"HeaderLinkIcon\": \"\", \"IsCustomEditor\": false, \"PreviewType\" : \"table\"}","TemplatePath":"app/modules/dashboard/views/webparts/widgetSocialMyFeed.html","IsSystemLocked":false,"Category":{"Id":11,"Name":"Social","CategoryKey":"WebPartDefinition_Social","Description":"Social","ParentId":1,"OrdinalPosition":null},"Id":99},{"WebPartDefinitionKey":"Social_MyCommunities","Title":"My Social Communities","Description":"Displays social communities that I am a member of","SubTitle":null,"WebPartIconName":null,"WidgetNotificationMode":1,"WidgetDeeplinkUrlText":"View All","CategoryName":"Social","IsWebPartEnabled":true,"TypeName":null,"WebPartServiceAgentInterfaceTypeName":null,"WebPartDefinitionXml":null,"HideWebPartHeader":false,"HideWebPartFooter":false,"IsFreeFlowing":false,"PillarKey":"ELIXHRUI","ChromeStyle":7,"ParameterJSON":"{\"HeaderLinkIcon\": \"\", \"IsCustomEditor\": false, \"PreviewType\" : \"table\"}","TemplatePath":"app/modules/dashboard/views/webparts/widgetSocialMyCommunities.html","IsSystemLocked":false,"Category":{"Id":11,"Name":"Social","CategoryKey":"WebPartDefinition_Social","Description":"Social","ParentId":1,"OrdinalPosition":null},"Id":116},{"WebPartDefinitionKey":"Social_CommunityFeed","Title":"My Social Community Feed","Description":"Displays the social activities of communities I am a member of","SubTitle":null,"WebPartIconName":null,"WidgetNotificationMode":1,"WidgetDeeplinkUrlText":"View All","CategoryName":"Social","IsWebPartEnabled":true,"TypeName":null,"WebPartServiceAgentInterfaceTypeName":null,"WebPartDefinitionXml":null,"HideWebPartHeader":false,"HideWebPartFooter":false,"IsFreeFlowing":false,"PillarKey":"ELIXHRUI","ChromeStyle":7,"ParameterJSON":"{\"HeaderLinkIcon\": \"\", \"IsCustomEditor\": false, \"PreviewType\" : \"table\"}","TemplatePath":"app/modules/dashboard/views/webparts/widgetSocialCommunityFeed.html","IsSystemLocked":false,"Category":{"Id":11,"Name":"Social","CategoryKey":"WebPartDefinition_Social","Description":"Social","ParentId":1,"OrdinalPosition":null},"Id":117}]},{"Category":{"Id":6,"Name":"Talent","CategoryKey":"WebPartDefinition_Talent","Description":"Talent","ParentId":1,"OrdinalPosition":null},"Definitions":[{"WebPartDefinitionKey":"TM_MyProcesses","Title":"My Processes","Description":"Displays status of active processes and supports linking to the process details.","SubTitle":"My assessments and reviews","WebPartIconName":null,"WidgetNotificationMode":0,"WidgetDeeplinkUrlText":"View All Processes","CategoryName":"Talent","IsWebPartEnabled":true,"TypeName":"SumTotal.SPPortal.WebParts.Core.TM.MyProcesses.MyProcesses, SumTotal.SPPortal.WebParts, Version=1.0.0.0, Culture=neutral, PublicKeyToken=6b7f90fbd13cce01","WebPartServiceAgentInterfaceTypeName":"ITMWebPartContractAsync","WebPartDefinitionXml":null,"HideWebPartHeader":false,"HideWebPartFooter":true,"IsFreeFlowing":false,"PillarKey":"TM","ChromeStyle":7,"ParameterJSON":"{\"HeaderLinkIcon\": \"\", \"IsCustomEditor\": false, \"PreviewType\" : \"table\"}","TemplatePath":"app/modules/dashboard/views/webparts/widgetMyProcess.html","IsSystemLocked":false,"Category":{"Id":6,"Name":"Talent","CategoryKey":"WebPartDefinition_Talent","Description":"Talent","ParentId":1,"OrdinalPosition":null},"Id":44},{"WebPartDefinitionKey":"TM_MyTeamProcesses","Title":"My Team - Process List","Description":"Highlights how many direct reports a manager has active within Talent processes.  Users can drill to specific processes.","SubTitle":"Assessments and reviews within my team","WebPartIconName":null,"WidgetNotificationMode":0,"WidgetDeeplinkUrlText":"View All Team Processes","CategoryName":"Talent","IsWebPartEnabled":true,"TypeName":"SumTotal.SPPortal.WebParts.Core.TM.MyTeamProcesses.MyTeamProcesses, SumTotal.SPPortal.WebParts, Version=1.0.0.0, Culture=neutral, PublicKeyToken=6b7f90fbd13cce01","WebPartServiceAgentInterfaceTypeName":"ITMWebPartContractAsync","WebPartDefinitionXml":null,"HideWebPartHeader":false,"HideWebPartFooter":true,"IsFreeFlowing":false,"PillarKey":"TM","ChromeStyle":7,"ParameterJSON":"{\"HeaderLinkIcon\": \"\", \"IsCustomEditor\": false, \"PreviewType\" : \"table\"}","TemplatePath":"app/modules/dashboard/views/webparts/widgetProcessList.html","IsSystemLocked":false,"Category":{"Id":6,"Name":"Talent","CategoryKey":"WebPartDefinition_Talent","Description":"Talent","ParentId":1,"OrdinalPosition":null},"Id":45},{"WebPartDefinitionKey":"TM_MyTeamGoals","Title":"My Team - Goal Summary","Description":"Lists approved goals for direct reports, highlighting due date, progress, and organizational alignment.","SubTitle":"Results of team goals and accomplishments","WebPartIconName":null,"WidgetNotificationMode":0,"WidgetDeeplinkUrlText":"View All My Team Goals","CategoryName":"Talent","IsWebPartEnabled":true,"TypeName":"SumTotal.SPPortal.WebParts.Core.TM.MyTeamGoals.MyTeamGoals, SumTotal.SPPortal.WebParts, Version=1.0.0.0, Culture=neutral, PublicKeyToken=6b7f90fbd13cce01","WebPartServiceAgentInterfaceTypeName":"ITMWebPartContractAsync","WebPartDefinitionXml":null,"HideWebPartHeader":false,"HideWebPartFooter":true,"IsFreeFlowing":false,"PillarKey":"TM","ChromeStyle":7,"ParameterJSON":"{\"HeaderLinkIcon\": \"\", \"IsCustomEditor\": false, \"ChartConfig\":{\"columnMap\":[\"value\"], \"barType\":\"bar\", \"ChartLabelColumn\":\"dataName\"}, \"PreviewType\":\"barChart\"}","TemplatePath":"app/modules/dashboard/views/webparts/widgetMyTeamGoalSummary.html","IsSystemLocked":false,"Category":{"Id":6,"Name":"Talent","CategoryKey":"WebPartDefinition_Talent","Description":"Talent","ParentId":1,"OrdinalPosition":null},"Id":46},{"WebPartDefinitionKey":"TM_MyTeamPerformanceRatingDistribution","Title":"Performance Bell Curve (Manager)","Description":"Organizes direct reports based on their ratings against organizational targeted values.","SubTitle":"Results of team performance reviews","WebPartIconName":null,"WidgetNotificationMode":0,"WidgetDeeplinkUrlText":null,"CategoryName":"Talent","IsWebPartEnabled":true,"TypeName":"SumTotal.SPPortal.WebParts.Core.TM.MyTeamPRD.MyTeamPRD, SumTotal.SPPortal.WebParts, Version=1.0.0.0, Culture=neutral, PublicKeyToken=6b7f90fbd13cce01","WebPartServiceAgentInterfaceTypeName":"ITMWebPartContractAsync","WebPartDefinitionXml":null,"HideWebPartHeader":false,"HideWebPartFooter":true,"IsFreeFlowing":false,"PillarKey":"TM","ChromeStyle":7,"ParameterJSON":"{\"HeaderLinkIcon\": \"\", \"IsCustomEditor\": false, \"ChartConfig\":{\"columnMap\":[\"itemName\", \"count\", \"target\"]}, \"PreviewType\":\"bellChart\"}","TemplatePath":"app/modules/dashboard/views/webparts/widgetRatingDistribution.html","IsSystemLocked":false,"Category":{"Id":6,"Name":"Talent","CategoryKey":"WebPartDefinition_Talent","Description":"Talent","ParentId":1,"OrdinalPosition":null},"Id":47},{"WebPartDefinitionKey":"TM_MyTeamGoalsDetail","Title":"My Team Goals","Description":"Displays all goals and current status for direct reports.","SubTitle":"Detailed information about my team's goals","WebPartIconName":null,"WidgetNotificationMode":0,"WidgetDeeplinkUrlText":"View all my team goals","CategoryName":"Talent","IsWebPartEnabled":true,"TypeName":"SumTotal.SPPortal.WebParts.Core.TM.MyTeamGoalsDetail.MyTeamGoalsDetail, SumTotal.SPPortal.WebParts, Version=1.0.0.0, Culture=neutral, PublicKeyToken=6b7f90fbd13cce01","WebPartServiceAgentInterfaceTypeName":"ITMWebPartContractAsync","WebPartDefinitionXml":null,"HideWebPartHeader":false,"HideWebPartFooter":true,"IsFreeFlowing":false,"PillarKey":"TM","ChromeStyle":7,"ParameterJSON":"{\"HeaderLinkIcon\": \"\", \"IsCustomEditor\": false, \"PreviewType\" : \"table\"}","TemplatePath":"app/modules/dashboard/views/webparts/widgetMyTeamGoals.html","IsSystemLocked":false,"Category":{"Id":6,"Name":"Talent","CategoryKey":"WebPartDefinition_Talent","Description":"Talent","ParentId":1,"OrdinalPosition":null},"Id":48},{"WebPartDefinitionKey":"TM_MyTeamPerformanceProgress","Title":"Team Performance Progress","Description":"Highlights progress against performance processes for direct reports.","SubTitle":"Displays performance processes and the number of employees on each step.","WebPartIconName":null,"WidgetNotificationMode":0,"WidgetDeeplinkUrlText":"Team Completion Report","CategoryName":"Talent","IsWebPartEnabled":true,"TypeName":"SumTotal.SPPortal.WebParts.Core.TM.MyTeamPerfProg.MyTeamPerfProg, SumTotal.SPPortal.WebParts, Version=1.0.0.0, Culture=neutral, PublicKeyToken=6b7f90fbd13cce01","WebPartServiceAgentInterfaceTypeName":"ITMWebPartContractAsync","WebPartDefinitionXml":null,"HideWebPartHeader":false,"HideWebPartFooter":true,"IsFreeFlowing":false,"PillarKey":"TM","ChromeStyle":7,"ParameterJSON":"{\"HeaderLinkIcon\": \"\", \"IsCustomEditor\": false, \"PreviewType\" : \"table\"}","TemplatePath":"app/modules/dashboard/views/webparts/widgetTeamPerformanceProgress.html","IsSystemLocked":false,"Category":{"Id":6,"Name":"Talent","CategoryKey":"WebPartDefinition_Talent","Description":"Talent","ParentId":1,"OrdinalPosition":null},"Id":49},{"WebPartDefinitionKey":"TM_Top5TeamStrengths","Title":"Top 5 Team Strengths","Description":"Identifies team strengths by highlighting average scores of the five highest scored competencies of direct reports.","SubTitle":"Competency Strengths for Your Team","WebPartIconName":null,"WidgetNotificationMode":0,"WidgetDeeplinkUrlText":null,"CategoryName":"Talent","IsWebPartEnabled":true,"TypeName":"SumTotal.SPPortal.WebParts.Core.Performance.Top5TeamStrengths.Top5TeamStrengths, SumTotal.SPPortal.WebParts, Version=1.0.0.0, Culture=neutral, PublicKeyToken=6b7f90fbd13cce01","WebPartServiceAgentInterfaceTypeName":"IPerformanceWebPartContractAsync","WebPartDefinitionXml":null,"HideWebPartHeader":false,"HideWebPartFooter":true,"IsFreeFlowing":false,"PillarKey":"TM","ChromeStyle":7,"ParameterJSON":"{\"HeaderLinkIcon\": \"\", \"IsCustomEditor\": false, \"ChartConfig\":{\"columnMap\":[\"value\"], \"barType\":\"bar\", \"ChartLabelColumn\":\"dataName\"}, \"PreviewType\":\"barChart\"}","TemplatePath":"app/modules/dashboard/views/webparts/widgetTop5TeamStrengths.html","IsSystemLocked":false,"Category":{"Id":6,"Name":"Talent","CategoryKey":"WebPartDefinition_Talent","Description":"Talent","ParentId":1,"OrdinalPosition":null},"Id":50},{"WebPartDefinitionKey":"TM_MyTeamSuccessionStatus","Title":"Team Succession Status","Description":"Provides readiness metrics for direct reports being groomed as successors.","SubTitle":"Succession Information for Your Team","WebPartIconName":null,"WidgetNotificationMode":0,"WidgetDeeplinkUrlText":"View Succession Dashboard","CategoryName":"Talent","IsWebPartEnabled":true,"TypeName":"SumTotal.SPPortal.WebParts.Core.Succession.TeamSuccessionStatus.TeamSuccessionStatus, SumTotal.SPPortal.WebParts, Version=1.0.0.0, Culture=neutral, PublicKeyToken=6b7f90fbd13cce01","WebPartServiceAgentInterfaceTypeName":"ISuccessionWebPartContractAsync","WebPartDefinitionXml":null,"HideWebPartHeader":false,"HideWebPartFooter":true,"IsFreeFlowing":false,"PillarKey":"TM","ChromeStyle":7,"ParameterJSON":"{\"HeaderLinkIcon\": \"\", \"IsCustomEditor\": false, \"ChartConfig\":{\"IsStacked\": true,\"columnMap\":[\"lowBenchStrength\", \"mediumBenchStrength\", \"highBenchStrength\"],\"ChartLabelColumn\":\"name\"},\"PreviewType\":\"barChart\"}","TemplatePath":"app/modules/dashboard/views/webparts/widgetTeamSuccessionStatus.html","IsSystemLocked":false,"Category":{"Id":6,"Name":"Talent","CategoryKey":"WebPartDefinition_Talent","Description":"Talent","ParentId":1,"OrdinalPosition":null},"Id":51},{"WebPartDefinitionKey":"TM_Top5TeamWeaknesses","Title":"Top 5 Team Weaknesses","Description":"Identifies team weaknesses by highlighting average scores of the five lowest scored competencies of direct reports.","SubTitle":"Team Development Opportunities","WebPartIconName":null,"WidgetNotificationMode":0,"WidgetDeeplinkUrlText":null,"CategoryName":"Talent","IsWebPartEnabled":true,"TypeName":"SumTotal.SPPortal.WebParts.Core.Performance.Top5TeamWeaknesses.Top5TeamWeaknesses, SumTotal.SPPortal.WebParts, Version=1.0.0.0, Culture=neutral, PublicKeyToken=6b7f90fbd13cce01","WebPartServiceAgentInterfaceTypeName":"IPerformanceWebPartContractAsync","WebPartDefinitionXml":null,"HideWebPartHeader":false,"HideWebPartFooter":true,"IsFreeFlowing":false,"PillarKey":"TM","ChromeStyle":7,"ParameterJSON":"{\"HeaderLinkIcon\": \"\", \"IsCustomEditor\": false, \"ChartConfig\":{\"columnMap\":[\"value\"], \"barType\":\"bar\", \"ChartLabelColumn\":\"dataName\"},\"PreviewType\":\"barChart\"}","TemplatePath":"app/modules/dashboard/views/webparts/widgetTop5TeamWeaknesses.html","IsSystemLocked":false,"Category":{"Id":6,"Name":"Talent","CategoryKey":"WebPartDefinition_Talent","Description":"Talent","ParentId":1,"OrdinalPosition":null},"Id":52},{"WebPartDefinitionKey":"TM_TeamRetentionRisk","Title":"Team Retention Risk","Description":"Highlights potential retention risks related to a manager's team.","SubTitle":"Flight Risks for Your Team","WebPartIconName":null,"WidgetNotificationMode":0,"WidgetDeeplinkUrlText":"View Succession Dashboard","CategoryName":"Talent","IsWebPartEnabled":true,"TypeName":"SumTotal.SPPortal.WebParts.Core.Succession.TeamRetentionRisk.TeamRetentionRisk, SumTotal.SPPortal.WebParts, Version=1.0.0.0, Culture=neutral, PublicKeyToken=6b7f90fbd13cce01","WebPartServiceAgentInterfaceTypeName":"ISuccessionWebPartContractAsync","WebPartDefinitionXml":null,"HideWebPartHeader":false,"HideWebPartFooter":true,"IsFreeFlowing":false,"PillarKey":"TM","ChromeStyle":7,"ParameterJSON":"{\"HeaderLinkIcon\": \"\", \"IsCustomEditor\": false, \"ChartConfig\":{\"columnMap\":[\"employees\"], \"barType\":\"bar\", \"ChartLabelColumn\":\"name\"},\"PreviewType\":\"barChart\"}","TemplatePath":"app/modules/dashboard/views/webparts/widgetTeamRetentionRisk.html","IsSystemLocked":false,"Category":{"Id":6,"Name":"Talent","CategoryKey":"WebPartDefinition_Talent","Description":"Talent","ParentId":1,"OrdinalPosition":null},"Id":53},{"WebPartDefinitionKey":"TM_MyTeamDevelopmentStatus","Title":"Team Development Status","Description":"Displays direct report development goals and highlights where manager mentoring may be required.","SubTitle":"Development Status for Your Team","WebPartIconName":null,"WidgetNotificationMode":0,"WidgetDeeplinkUrlText":null,"CategoryName":"Talent","IsWebPartEnabled":true,"TypeName":"SumTotal.SPPortal.WebParts.Core.Performance.TeamDevelopmentStatus.TeamDevelopmentStatus, SumTotal.SPPortal.WebParts, Version=1.0.0.0, Culture=neutral, PublicKeyToken=6b7f90fbd13cce01","WebPartServiceAgentInterfaceTypeName":"IPerformanceWebPartContractAsync","WebPartDefinitionXml":null,"HideWebPartHeader":false,"HideWebPartFooter":true,"IsFreeFlowing":false,"PillarKey":"TM","ChromeStyle":7,"ParameterJSON":"{\"HeaderLinkIcon\": \"\", \"IsCustomEditor\": false, \"ChartConfig\":{\"columnMap\":[\"employees\"], \"barType\":\"bar\", \"ChartLabelColumn\":\"name\"},\"PreviewType\":\"barChart\"}","TemplatePath":"app/modules/dashboard/views/webparts/widgetTeamDevelopmentStatus.html","IsSystemLocked":false,"Category":{"Id":6,"Name":"Talent","CategoryKey":"WebPartDefinition_Talent","Description":"Talent","ParentId":1,"OrdinalPosition":null},"Id":54},{"WebPartDefinitionKey":"TM_BudgetSummary","Title":"Budget Summary","Description":"Displays  budget spend percentages for compensation processes.","SubTitle":"Information About Compensation Budgets","WebPartIconName":null,"WidgetNotificationMode":0,"WidgetDeeplinkUrlText":null,"CategoryName":"Talent","IsWebPartEnabled":true,"TypeName":"SumTotal.SPPortal.WebParts.Core.Compensation.BudgetSummary.BudgetSummary, SumTotal.SPPortal.WebParts, Version=1.0.0.0, Culture=neutral, PublicKeyToken=6b7f90fbd13cce01","WebPartServiceAgentInterfaceTypeName":"ICompensationWebPartContractAsync","WebPartDefinitionXml":null,"HideWebPartHeader":false,"HideWebPartFooter":true,"IsFreeFlowing":false,"PillarKey":"TM","ChromeStyle":7,"ParameterJSON":"{\"HeaderLinkIcon\": \"\", \"IsCustomEditor\": false, \"ChartConfig\":{\"columnMap\":[\"spent\"], \"barType\":\"bar\", \"ChartLabelColumn\":\"name\"},\"PreviewType\":\"barChart\"}","TemplatePath":"app/modules/dashboard/views/webparts/widgetBudgetSummary.html","IsSystemLocked":false,"Category":{"Id":6,"Name":"Talent","CategoryKey":"WebPartDefinition_Talent","Description":"Talent","ParentId":1,"OrdinalPosition":null},"Id":55},{"WebPartDefinitionKey":"HRMS_Demographics","Title":"HR Management Demographics","Description":"Displays basic personal information of the current user.","SubTitle":"Get HRMS demographics of current user","WebPartIconName":null,"WidgetNotificationMode":0,"WidgetDeeplinkUrlText":null,"CategoryName":"Talent","IsWebPartEnabled":true,"TypeName":"SumTotal.SPPortal.WebParts.Core.HRMS.HRMSDemographics.HRMSDemographics, SumTotal.SPPortal.WebParts, Version=1.0.0.0, Culture=neutral, PublicKeyToken=6b7f90fbd13cce01","WebPartServiceAgentInterfaceTypeName":"IHRMSWebPartContractAsync","WebPartDefinitionXml":null,"HideWebPartHeader":false,"HideWebPartFooter":true,"IsFreeFlowing":false,"PillarKey":"TM","ChromeStyle":7,"ParameterJSON":"{\"HeaderLinkIcon\": \"\", \"IsCustomEditor\": false, \"PreviewType\" : \"table\"}","TemplatePath":"app/modules/dashboard/views/webparts/widgetHRMSDemographics.html","IsSystemLocked":false,"Category":{"Id":6,"Name":"Talent","CategoryKey":"WebPartDefinition_Talent","Description":"Talent","ParentId":1,"OrdinalPosition":null},"Id":56},{"WebPartDefinitionKey":"HRMS_AddrInfo","Title":"HR Management Address Information","Description":"Displays address information of current user","SubTitle":"Get address information of current user","WebPartIconName":null,"WidgetNotificationMode":0,"WidgetDeeplinkUrlText":null,"CategoryName":"Talent","IsWebPartEnabled":true,"TypeName":"SumTotal.SPPortal.WebParts.Core.HRMS.HRMSAddrInfo.HRMSAddrInfo, SumTotal.SPPortal.WebParts, Version=1.0.0.0, Culture=neutral, PublicKeyToken=6b7f90fbd13cce01","WebPartServiceAgentInterfaceTypeName":"IHRMSWebPartContractAsync","WebPartDefinitionXml":null,"HideWebPartHeader":false,"HideWebPartFooter":true,"IsFreeFlowing":false,"PillarKey":"TM","ChromeStyle":7,"ParameterJSON":"{\"HeaderLinkIcon\": \"\", \"IsCustomEditor\": false, \"PreviewType\" : \"table\"}","TemplatePath":"app/modules/dashboard/views/webparts/widgetHRMSAddressInfo.html","IsSystemLocked":false,"Category":{"Id":6,"Name":"Talent","CategoryKey":"WebPartDefinition_Talent","Description":"Talent","ParentId":1,"OrdinalPosition":null},"Id":57},{"WebPartDefinitionKey":"TM_MyFeedbacks","Title":"My Feedback","Description":"Displays feedbacks provided to user.","SubTitle":"My Feedbacks","WebPartIconName":null,"WidgetNotificationMode":0,"WidgetDeeplinkUrlText":null,"CategoryName":"Talent","IsWebPartEnabled":true,"TypeName":null,"WebPartServiceAgentInterfaceTypeName":null,"WebPartDefinitionXml":null,"HideWebPartHeader":false,"HideWebPartFooter":true,"IsFreeFlowing":false,"PillarKey":"TM","ChromeStyle":7,"ParameterJSON":"{\"HeaderLinkIcon\": \"\", \"IsCustomEditor\": false, \"PreviewType\" : \"configMyFeedback\", \"Config\":{\"NumberOfComments\": \"5\", \"ShowCompetencies\": true, \"ShowGoals\": true}}","TemplatePath":"app/modules/core/views/continuousfeedback/LandingPage.html","IsSystemLocked":false,"Category":{"Id":6,"Name":"Talent","CategoryKey":"WebPartDefinition_Talent","Description":"Talent","ParentId":1,"OrdinalPosition":null},"Id":91},{"WebPartDefinitionKey":"Continuous_Review","Title":"My Team Feedback","Description":"Displays FeedBack Data For Direct Reportees","SubTitle":"My Team Feedback","WebPartIconName":null,"WidgetNotificationMode":0,"WidgetDeeplinkUrlText":null,"CategoryName":"Talent","IsWebPartEnabled":true,"TypeName":null,"WebPartServiceAgentInterfaceTypeName":null,"WebPartDefinitionXml":null,"HideWebPartHeader":false,"HideWebPartFooter":false,"IsFreeFlowing":false,"PillarKey":"TM","ChromeStyle":7,"ParameterJSON":"{\"HeaderLinkIcon\": \"\", \"IsCustomEditor\": false, \"PreviewType\" : \"table\"}","TemplatePath":"app/modules/dashboard/views/webparts/continuousReviewDashboard.html","IsSystemLocked":false,"Category":{"Id":6,"Name":"Talent","CategoryKey":"WebPartDefinition_Talent","Description":"Talent","ParentId":1,"OrdinalPosition":null},"Id":92},{"WebPartDefinitionKey":"Rec_Application_Status","Title":"Application Status","Description":"Track your job applications. You can view your application, check your fit for the job (based on how well your resume matches job requirements), or withdraw your application.","SubTitle":"Requisition Application Status","WebPartIconName":null,"WidgetNotificationMode":0,"WidgetDeeplinkUrlText":null,"CategoryName":"Talent","IsWebPartEnabled":true,"TypeName":null,"WebPartServiceAgentInterfaceTypeName":null,"WebPartDefinitionXml":null,"HideWebPartHeader":false,"HideWebPartFooter":false,"IsFreeFlowing":false,"PillarKey":null,"ChromeStyle":7,"ParameterJSON":"{\"HeaderLinkIcon\": \"\", \"IsCustomEditor\": false, \"PreviewType\" : \"table\"}","TemplatePath":"app/modules/dashboard/views/webparts/widgetApplicationStatus.html","IsSystemLocked":false,"Category":{"Id":6,"Name":"Talent","CategoryKey":"WebPartDefinition_Talent","Description":"Talent","ParentId":1,"OrdinalPosition":null},"Id":103},{"WebPartDefinitionKey":"Rec_Fav_Jobs","Title":"Favorite Jobs","Description":"Keep track of your favorite jobs. You can apply for these jobs if they are still accepting applications.","SubTitle":"Requisition Favorite Jobs","WebPartIconName":null,"WidgetNotificationMode":0,"WidgetDeeplinkUrlText":null,"CategoryName":"Talent","IsWebPartEnabled":true,"TypeName":null,"WebPartServiceAgentInterfaceTypeName":null,"WebPartDefinitionXml":null,"HideWebPartHeader":false,"HideWebPartFooter":false,"IsFreeFlowing":false,"PillarKey":null,"ChromeStyle":7,"ParameterJSON":"{\"HeaderLinkIcon\": \"\", \"IsCustomEditor\": false, \"PreviewType\" : \"table\"}","TemplatePath":"app/modules/dashboard/views/webparts/widgetFavoriteJobs.html","IsSystemLocked":false,"Category":{"Id":6,"Name":"Talent","CategoryKey":"WebPartDefinition_Talent","Description":"Talent","ParentId":1,"OrdinalPosition":null},"Id":104},{"WebPartDefinitionKey":"Rec_Recommended_Jobs","Title":"Recommended Jobs","Description":"View jobs recommended for you, based on your fit for job requirements and your location.","SubTitle":"Requisition Favorite Jobs","WebPartIconName":null,"WidgetNotificationMode":0,"WidgetDeeplinkUrlText":null,"CategoryName":"Talent","IsWebPartEnabled":true,"TypeName":null,"WebPartServiceAgentInterfaceTypeName":null,"WebPartDefinitionXml":null,"HideWebPartHeader":false,"HideWebPartFooter":false,"IsFreeFlowing":false,"PillarKey":null,"ChromeStyle":7,"ParameterJSON":"{\"HeaderLinkIcon\": \"\", \"IsCustomEditor\": false, \"PreviewType\" : \"table\"}","TemplatePath":"app/modules/dashboard/views/webparts/widgetRecommendedJobs.html","IsSystemLocked":false,"Category":{"Id":6,"Name":"Talent","CategoryKey":"WebPartDefinition_Talent","Description":"Talent","ParentId":1,"OrdinalPosition":null},"Id":105}]},{"Category":{"Id":28,"Name":"Enterprise Search Configuration","CategoryKey":"ENTERPRISE_SEARCH","Description":"The category for enterprise search settings","ParentId":0,"OrdinalPosition":"1"},"Definitions":[{"WebPartDefinitionKey":"FTE_Custom_Widget","Title":"Custom Widget","Description":"Widget for First Time Search Experience","SubTitle":null,"WebPartIconName":null,"WidgetNotificationMode":0,"WidgetDeeplinkUrlText":null,"CategoryName":"Enterprise Search Configuration","IsWebPartEnabled":true,"TypeName":null,"WebPartServiceAgentInterfaceTypeName":null,"WebPartDefinitionXml":null,"HideWebPartHeader":false,"HideWebPartFooter":true,"IsFreeFlowing":false,"PillarKey":null,"ChromeStyle":7,"ParameterJSON":"{\"HeaderLinkIcon\": \"\", \"IsCustomEditor\": true, \"PreviewType\" : \"search\", \"WidgetContent\":\"\", \"icon\":\"fa-code\"}","TemplatePath":"app/modules/dashboard/views/searchWidgets/customWidget.html","IsSystemLocked":false,"Category":{"Id":28,"Name":"Enterprise Search Configuration","CategoryKey":"ENTERPRISE_SEARCH","Description":"The category for enterprise search settings","ParentId":0,"OrdinalPosition":"1"},"Id":71},{"WebPartDefinitionKey":"Find_Course","Title":"Find a Course","Description":"Provides a launching point to search for courses in the learning library.","SubTitle":null,"WebPartIconName":null,"WidgetNotificationMode":0,"WidgetDeeplinkUrlText":null,"CategoryName":"Enterprise Search Configuration","IsWebPartEnabled":true,"TypeName":null,"WebPartServiceAgentInterfaceTypeName":null,"WebPartDefinitionXml":null,"HideWebPartHeader":false,"HideWebPartFooter":false,"IsFreeFlowing":false,"PillarKey":null,"ChromeStyle":7,"ParameterJSON":"{ \"HeaderLinkIcon\": \"\", \"IsCustomEditor\": false, \"PreviewType\": \"search\", \"WidgetContent\": [\t{ \"contentItem\": \"ENTERPRISE_SEARCH_FIND_COURSE_CONTENT_ITEM\", \"contentDescription\": \"ENTERPRISE_SEARCH_FIND_COURSE_CONTENT_DESC\", \"isLink\": false\t},\t{ \"contentItem\": \"ENTERPRISE_SEARCH_FIND_COURSE_CONTENT_ITEM_TWO\", \"contentDescription\": \"ENTERPRISE_SEARCH_FIND_COURSE_CONTENT_DESC_TWO\", \"contentLink\": \"ENTERPRISE_SEARCH_LEARNER_DASHBOARD_LINK\", \"isLink\": true , \"link\" : \"/dash/learning\"\t} ], \"icon\":\"fa-desktop\", \"catalogItem\":\"Course\"\t}","TemplatePath":"app/modules/dashboard/views/searchWidgets/findCourse.html","IsSystemLocked":false,"Category":{"Id":28,"Name":"Enterprise Search Configuration","CategoryKey":"ENTERPRISE_SEARCH","Description":"The category for enterprise search settings","ParentId":0,"OrdinalPosition":"1"},"Id":72},{"WebPartDefinitionKey":"Find_Video","Title":"Find a Video","Description":"Provides a launching point to search for videos in the learning library.","SubTitle":null,"WebPartIconName":null,"WidgetNotificationMode":0,"WidgetDeeplinkUrlText":null,"CategoryName":"Enterprise Search Configuration","IsWebPartEnabled":true,"TypeName":null,"WebPartServiceAgentInterfaceTypeName":null,"WebPartDefinitionXml":null,"HideWebPartHeader":false,"HideWebPartFooter":false,"IsFreeFlowing":false,"PillarKey":null,"ChromeStyle":7,"ParameterJSON":"{ \"HeaderLinkIcon\": \"\", \"IsCustomEditor\": false, \"PreviewType\": \"search\", \"WidgetContent\": [\t{ \"contentItem\": \"ENTERPRISE_SEARCH_FIND_VIDEO_CONTENT_ITEM\", \"contentDescription\": \"ENTERPRISE_SEARCH_FIND_VIDEO_CONTENT_DESC\",  \"isLink\": false\t},\t{ \"contentItem\": \"ENTERPRISE_SEARCH_FIND_VIDEO_CONTENT_ITEM_TWO\", \"contentDescription\": \"ENTERPRISE_SEARCH_FIND_VIDEO_CONTENT_DESC_TWO\", \"contentLink\": \"ENTERPRISE_SEARCH_LEARNER_DASHBOARD_LINK\", \"isLink\": true , \"link\": \"/dash/learning\"\t} ], \"icon\":\"fa-video-camera\", \"catalogItem\":\"Video\"\t}","TemplatePath":"app/modules/dashboard/views/searchWidgets/findVideo.html","IsSystemLocked":false,"Category":{"Id":28,"Name":"Enterprise Search Configuration","CategoryKey":"ENTERPRISE_SEARCH","Description":"The category for enterprise search settings","ParentId":0,"OrdinalPosition":"1"},"Id":73},{"WebPartDefinitionKey":"Find_Person","Title":"Find another Person","Description":"Provides a launching point to search for people.","SubTitle":null,"WebPartIconName":null,"WidgetNotificationMode":0,"WidgetDeeplinkUrlText":null,"CategoryName":"Enterprise Search Configuration","IsWebPartEnabled":true,"TypeName":null,"WebPartServiceAgentInterfaceTypeName":null,"WebPartDefinitionXml":null,"HideWebPartHeader":false,"HideWebPartFooter":false,"IsFreeFlowing":false,"PillarKey":null,"ChromeStyle":7,"ParameterJSON":"{ \"HeaderLinkIcon\": \"\", \"IsCustomEditor\": false, \"PreviewType\": \"search\", \"WidgetContent\": [\t{ \"contentItem\": \"ENTERPRISE_SEARCH_FIND_PERSON_CONTENT_ITEM\", \"contentDescription\": \"ENTERPRISE_SEARCH_FIND_PERSON_CONTENT_DESC\", \"isLink\": false\t} ], \"icon\":\"fa-users\"\t}","TemplatePath":"app/modules/dashboard/views/searchWidgets/findPerson.html","IsSystemLocked":false,"Category":{"Id":28,"Name":"Enterprise Search Configuration","CategoryKey":"ENTERPRISE_SEARCH","Description":"The category for enterprise search settings","ParentId":0,"OrdinalPosition":"1"},"Id":74},{"WebPartDefinitionKey":"Find_Report","Title":"Find a Report","Description":"Provides a launching point to search for reports.","SubTitle":null,"WebPartIconName":null,"WidgetNotificationMode":0,"WidgetDeeplinkUrlText":null,"CategoryName":"Enterprise Search Configuration","IsWebPartEnabled":true,"TypeName":null,"WebPartServiceAgentInterfaceTypeName":null,"WebPartDefinitionXml":null,"HideWebPartHeader":false,"HideWebPartFooter":false,"IsFreeFlowing":false,"PillarKey":null,"ChromeStyle":7,"ParameterJSON":"{ \"HeaderLinkIcon\": \"\", \"IsCustomEditor\": false, \"PreviewType\": \"search\", \"WidgetContent\": [\t{ \"contentItem\": \"ENTERPRISE_SEARCH_FIND_REPORT_CONTENT_ITEM\", \"isLink\": true\t},\t{ \"contentItem\": \"ENTERPRISE_SEARCH_FIND_REPORT_CONTENT_ITEM_TWO\", \"contentDescription\": \"ENTERPRISE_SEARCH_FIND_REPORT_CONTENT_DESC_TWO\", \"isLink\": false\t} ], \"icon\":\"fa-file-text-o\"\t}","TemplatePath":"app/modules/dashboard/views/searchWidgets/findReport.html","IsSystemLocked":false,"Category":{"Id":28,"Name":"Enterprise Search Configuration","CategoryKey":"ENTERPRISE_SEARCH","Description":"The category for enterprise search settings","ParentId":0,"OrdinalPosition":"1"},"Id":75},{"WebPartDefinitionKey":"Find_Admin_Page","Title":"Find an Admin Page","Description":"Provides a launching point to search for administrator functions.","SubTitle":null,"WebPartIconName":null,"WidgetNotificationMode":0,"WidgetDeeplinkUrlText":null,"CategoryName":"Enterprise Search Configuration","IsWebPartEnabled":true,"TypeName":null,"WebPartServiceAgentInterfaceTypeName":null,"WebPartDefinitionXml":null,"HideWebPartHeader":false,"HideWebPartFooter":false,"IsFreeFlowing":false,"PillarKey":null,"ChromeStyle":7,"ParameterJSON":"{ \"HeaderLinkIcon\": \"\", \"IsCustomEditor\": false, \"PreviewType\": \"search\", \"WidgetContent\": [\t{ \"contentItem\": \"ENTERPRISE_SEARCH_FIND_ADMIN_CONTENT_ITEM\", \"contentDescription\": \"ENTERPRISE_SEARCH_FIND_ADMIN_CONTENT_DESC\", \"isLink\": false\t} ], \"icon\":\"fa-lock\"\t}","TemplatePath":"app/modules/dashboard/views/searchWidgets/findAdminPage.html","IsSystemLocked":false,"Category":{"Id":28,"Name":"Enterprise Search Configuration","CategoryKey":"ENTERPRISE_SEARCH","Description":"The category for enterprise search settings","ParentId":0,"OrdinalPosition":"1"},"Id":76},{"WebPartDefinitionKey":"Edit_Profile","Title":"Edit Your Profile","Description":"Edit your profile.","SubTitle":null,"WebPartIconName":null,"WidgetNotificationMode":0,"WidgetDeeplinkUrlText":null,"CategoryName":"Enterprise Search Configuration","IsWebPartEnabled":true,"TypeName":null,"WebPartServiceAgentInterfaceTypeName":null,"WebPartDefinitionXml":null,"HideWebPartHeader":false,"HideWebPartFooter":false,"IsFreeFlowing":false,"PillarKey":null,"ChromeStyle":7,"ParameterJSON":"{\"HeaderLinkIcon\": \"\", \"IsCustomEditor\": false, \"PreviewType\" : \"search\", \"WidgetContent\":[{ \"contentItem\": \"ENTERPRISE_SEARCH_EDIT_PROFILE_CONTENT_ITEM\", \"isLink\": true , \"link\" : \"/dash/profile\"\t}], \"icon\":\"fa-user\"}","TemplatePath":"app/modules/dashboard/views/searchWidgets/editProfile.html","IsSystemLocked":false,"Category":{"Id":28,"Name":"Enterprise Search Configuration","CategoryKey":"ENTERPRISE_SEARCH","Description":"The category for enterprise search settings","ParentId":0,"OrdinalPosition":"1"},"Id":77},{"WebPartDefinitionKey":"Find_Activity","Title":"Find an Activity","Description":"Provides a launching point to search for courses.","SubTitle":null,"WebPartIconName":null,"WidgetNotificationMode":0,"WidgetDeeplinkUrlText":null,"CategoryName":"Enterprise Search Configuration","IsWebPartEnabled":true,"TypeName":null,"WebPartServiceAgentInterfaceTypeName":null,"WebPartDefinitionXml":null,"HideWebPartHeader":false,"HideWebPartFooter":false,"IsFreeFlowing":false,"PillarKey":null,"ChromeStyle":7,"ParameterJSON":"{ \"HeaderLinkIcon\": \"\", \"IsCustomEditor\": false, \"PreviewType\": \"search\", \"WidgetContent\": [\t{ \"contentItem\": \"ENTERPRISE_SEARCH_FIND_ACTIVITY_CONTENT_ITEM\", \"contentDescription\": \"ENTERPRISE_SEARCH_FIND_ACTIVITY_CONTENT_DESC\", \"isLink\": false\t},\t{ \"contentItem\": \"ENTERPRISE_SEARCH_FIND_ACTIVITY_CONTENT_ITEM_TWO\", \"contentDescription\": \"ENTERPRISE_SEARCH_FIND_ACTIVITY_CONTENT_DESC_TWO\", \"contentLink\": \"ENTERPRISE_SEARCH_LEARNER_DASHBOARD_LINK\", \"isLink\": true, \"link\":\"/dash/learning\"\t} ], \"icon\":\"fa-edit\", \"catalogItem\":\"Activity\"\t}","TemplatePath":"app/modules/dashboard/views/searchWidgets/findActivity.html","IsSystemLocked":false,"Category":{"Id":28,"Name":"Enterprise Search Configuration","CategoryKey":"ENTERPRISE_SEARCH","Description":"The category for enterprise search settings","ParentId":0,"OrdinalPosition":"1"},"Id":78},{"WebPartDefinitionKey":"Find_Job","Title":"Find A Job","Description":"Here are a few different ways to find a job:","SubTitle":null,"WebPartIconName":null,"WidgetNotificationMode":0,"WidgetDeeplinkUrlText":null,"CategoryName":"Enterprise Search Configuration","IsWebPartEnabled":true,"TypeName":null,"WebPartServiceAgentInterfaceTypeName":null,"WebPartDefinitionXml":null,"HideWebPartHeader":false,"HideWebPartFooter":false,"IsFreeFlowing":false,"PillarKey":null,"ChromeStyle":7,"ParameterJSON":"{ \"HeaderLinkIcon\": \"\", \"IsCustomEditor\": false, \"PreviewType\": \"search\", \"WidgetContent\": [\t{ \"contentItem\": \"ENTERPRISE_SEARCH_FIND_JOB_CONTENT_ITEM\", \"isLink\": true\t},\t{ \"contentItem\": \"ENTERPRISE_SEARCH_FIND_JOB_CONTENT_ITEM_TWO\", \"contentDescription\": \"ENTERPRISE_SEARCH_FIND_JOB_CONTENT_DESC_TWO\", \"isLink\": false\t} ], \"icon\":\"fa-search\"\t}","TemplatePath":"app/modules/dashboard/views/searchWidgets/findJob.html","IsSystemLocked":false,"Category":{"Id":28,"Name":"Enterprise Search Configuration","CategoryKey":"ENTERPRISE_SEARCH","Description":"The category for enterprise search settings","ParentId":0,"OrdinalPosition":"1"},"Id":86}]},{"Category":{"Id":1,"Name":"Portal","CategoryKey":"TRANSLATIONS_PORTAL","Description":"The root category to store translation strings for the Portal.","ParentId":0,"OrdinalPosition":"1"},"Definitions":[{"WebPartDefinitionKey":"my_reports","Title":"Embedded Report","Description":"Pins a report from Advanced Reporting on the dashboard.","SubTitle":"Advanced Reporting","WebPartIconName":null,"WidgetNotificationMode":0,"WidgetDeeplinkUrlText":null,"CategoryName":"Portal","IsWebPartEnabled":true,"TypeName":null,"WebPartServiceAgentInterfaceTypeName":null,"WebPartDefinitionXml":null,"HideWebPartHeader":false,"HideWebPartFooter":false,"IsFreeFlowing":false,"PillarKey":"AdvancedReport","ChromeStyle":7,"ParameterJSON":"{\"HeaderLinkIcon\": \"\", \"IsCustomEditor\": false, \"PreviewType\" : \"report\", \"reportUrl\": \"\", \"showToolbar\":\"\"}","TemplatePath":"app/modules/dashboard/views/webparts/MyReport.html","IsSystemLocked":false,"Category":{"Id":1,"Name":"Portal","CategoryKey":"TRANSLATIONS_PORTAL","Description":"The root category to store translation strings for the Portal.","ParentId":0,"OrdinalPosition":"1"},"Id":88},{"WebPartDefinitionKey":"reporting_widget","Title":"Report List","Description":"Displays selected Advanced Reporting reports in a list. Users can click to view a report in a slide-out panel.","SubTitle":"Advanced Reporting","WebPartIconName":null,"WidgetNotificationMode":0,"WidgetDeeplinkUrlText":null,"CategoryName":"Portal","IsWebPartEnabled":true,"TypeName":null,"WebPartServiceAgentInterfaceTypeName":null,"WebPartDefinitionXml":null,"HideWebPartHeader":false,"HideWebPartFooter":false,"IsFreeFlowing":false,"PillarKey":"AdvancedReport","ChromeStyle":7,"ParameterJSON":"{\"HeaderLinkIcon\": \"\", \"IsCustomEditor\": false, \"PreviewType\" : \"reportList\", \"reportUrl\": \"\", \"showToolbar\":\"\"}","TemplatePath":"app/modules/dashboard/views/webparts/widgetARWidget.html","IsSystemLocked":false,"Category":{"Id":1,"Name":"Portal","CategoryKey":"TRANSLATIONS_PORTAL","Description":"The root category to store translation strings for the Portal.","ParentId":0,"OrdinalPosition":"1"},"Id":89}]},{"Category":{"Id":94,"Name":"Requisition","CategoryKey":"WebPartDefinition_Requisition","Description":"Category for Requisition widget.","ParentId":1,"OrdinalPosition":null},"Definitions":[{"WebPartDefinitionKey":"Requisition_Widget","Title":"Requisition Summary","Description":"Displays key summary information about the requisition","SubTitle":"Requisition Summary","WebPartIconName":null,"WidgetNotificationMode":0,"WidgetDeeplinkUrlText":null,"CategoryName":"Requisition","IsWebPartEnabled":true,"TypeName":null,"WebPartServiceAgentInterfaceTypeName":null,"WebPartDefinitionXml":null,"HideWebPartHeader":false,"HideWebPartFooter":false,"IsFreeFlowing":false,"PillarKey":null,"ChromeStyle":7,"ParameterJSON":"{\"HeaderLinkIcon\": \"\", \"IsCustomEditor\": false, \"PreviewType\" : \"table\"}","TemplatePath":"app/modules/dashboard/views/webparts/widgetRequisitionSummary.html","IsSystemLocked":false,"Category":{"Id":94,"Name":"Requisition","CategoryKey":"WebPartDefinition_Requisition","Description":"Category for Requisition widget.","ParentId":1,"OrdinalPosition":null},"Id":100},{"WebPartDefinitionKey":"Requisition_Widget","Title":"Candidate Summary","Description":"Displays candidates by recruiting phase","SubTitle":"Candidate Summary","WebPartIconName":null,"WidgetNotificationMode":0,"WidgetDeeplinkUrlText":null,"CategoryName":"Requisition","IsWebPartEnabled":true,"TypeName":null,"WebPartServiceAgentInterfaceTypeName":null,"WebPartDefinitionXml":null,"HideWebPartHeader":false,"HideWebPartFooter":false,"IsFreeFlowing":false,"PillarKey":null,"ChromeStyle":7,"ParameterJSON":"{\"HeaderLinkIcon\": \"\", \"IsCustomEditor\": false, \"PreviewType\" : \"table\"}","TemplatePath":"app/modules/dashboard/views/webparts/widgetCandidateSummary.html","IsSystemLocked":false,"Category":{"Id":94,"Name":"Requisition","CategoryKey":"WebPartDefinition_Requisition","Description":"Category for Requisition widget.","ParentId":1,"OrdinalPosition":null},"Id":101},{"WebPartDefinitionKey":"Requisition_Widget","Title":"Recently Accessed Applications","Description":"Displays 10 most recently accessed applications for a requisition","SubTitle":"Requisition Summary","WebPartIconName":null,"WidgetNotificationMode":0,"WidgetDeeplinkUrlText":null,"CategoryName":"Requisition","IsWebPartEnabled":true,"TypeName":null,"WebPartServiceAgentInterfaceTypeName":null,"WebPartDefinitionXml":null,"HideWebPartHeader":false,"HideWebPartFooter":false,"IsFreeFlowing":false,"PillarKey":null,"ChromeStyle":7,"ParameterJSON":"{\"HeaderLinkIcon\": \"\", \"IsCustomEditor\": false, \"PreviewType\" : \"table\"}","TemplatePath":"app/modules/dashboard/views/webparts/widgetRecentlyAccessedRequisition.html","IsSystemLocked":false,"Category":{"Id":94,"Name":"Requisition","CategoryKey":"WebPartDefinition_Requisition","Description":"Category for Requisition widget.","ParentId":1,"OrdinalPosition":null},"Id":102}]}]},
        mustSetSecurityQuestions: _.cloneDeep(root.tempStaticData.MustSetSecurityQuestions),
        esbApiRoot: 'https://cl12sales.sumtotaldevelopment.net/Services/api/',
        useCommonHelpUrl: true,
        commonHelpUrl: 'https://help.sumtotaldevelopment.net/',
        tenantName : 'SumTotal'
      });

      staticData.appUris.makeWorkerUri = function (relativePathToWorker) {
        var uri = null;

        if(staticData.debugEnabled) {
          uri = new URI('app/modules/', staticData.appUris.tenantRoot);
        } else {
          uri = new URI('dist/app/modules/', staticData.appUris.tenantRoot);
        }

        uri = new URI(relativePathToWorker, uri);

        return uri.toString();
      };

      return staticData;
    };
  }));
</script>
    <script type="text/javascript">
      (function(root, factory, errorHandler) {
        root.jQuery(root.document).ready(function() {
          root.require(['main'], factory(root));
        });
      }(this, function(root) {
        return function(main) {
          if(root.debugEnabled) {
            console.log('Main resources have been loaded.', main);
          }
        }
      }, function(error) {
        console.error(error);
      }));
    </script>
  </div>


<input id="textAngular-editableFix-010203040506070809" class="ta-hidden-input" unselectable="on" tabindex="-1"></body>

2018-08-16 16:26:23 - [TEST_STEP][PASSED] - comment: printing string anuadha

2018-08-16 16:26:23 - [TEST_STEP][PASSED] - Statement - startString = s.lastIndexOf("esbApiToken") + "esbApiToken".length() + 1: null

2018-08-16 16:26:23 - [TEST_STEP][PASSED] - Statement - substring = s.substring(startString): null

2018-08-16 16:26:23 - [TEST_STEP][PASSED] - comment: substring 'eyJ0eXAiOiJKV1QiLCJhbGciOiJIUzI1NiJ9.eyJpc3MiOiJodHRwOlwvXC93d3cuc3VtdG90YWxzeXN0ZW1zLmNvbVwvY29yZXVpIiwic3ViIjoiTW9kZXJhdG9yIiwiYXVkIjoiQ0wxMl9TQUxFU19URVNUIiwiZXhwIjo2MzY3MDAxNDY4MDk4NzA3OTQsIm5iZiI6MCwiaWF0Ijo2MzY3MDAxMzc4MTI2ODM0OTMsImJzZXNzaW9uaWQiOiJhMThiNmM5YjM4NjQ0M2M2YWQ4N2M3YjIxZDQ2OWU4ZCIsImV1c3JpZCI6bnVsbCwiZXVzcm4iOm51bGwsImN1bCI6ImVuLVVTIiwidXNlcmlkIjoiTW9kZXJhdG9yIiwiZ3Vlc3RhY2NvdW50IjowLCJwZXJzb25pZCI6MTAwODkxLCJpc2V4dGVybmFsIjpmYWxzZSwicnBrZXkiOiJFTElYSFJVSSJ9.EAD2E987666C8C57385FF49811B03EF5701819B7F71F7C94327CE1B7E3B62ED2',
          getSearchBinCountsUrl:'https://cl12sales.sumtotaldevelopment.net/Services/api/search/getSearchBinCounts',
          retrieveObjectSearchDiagnosticsUrl:'https://cl12sales.sumtotaldevelopment.net/Services/api/search/retrieveObjectSearchDiagnostics',
          getDocumentCountsUrl:'https://cl12sales.sumtotaldevelopment.net/Services/api/search/GetIndexableDocumentCounts',
          forceFullSearchUrl:'https://cl12sales.sumtotaldevelopment.net/Services/api/search/ForceFullSearchForBins',
          saveFavoriteJobUrl:'https://cl12sales.sumtotaldevelopment.net/Services/api/job/SaveFavoriteJob',
        },
        social:{
          getMyFeedUrl:'https://cl12sales.sumtotaldevelopment.net/Services/api/social/GetMyFeed',
          postMessageToYammer:'https://cl12sales.sumtotaldevelopment.net/Services/api/social/PostMessage',
          getAvailableGroupsUrl:'https://cl12sales.sumtotaldevelopment.net/Services/api/social/GetAvailableGroups',
          createGroupUrl:'https://cl12sales.sumtotaldevelopment.net/Services/api/social/CreateGroup',
          deleteGroupUrl:'https://cl12sales.sumtotaldevelopment.net/Services/api/social/DeleteGroup',
          deleteGroupMembershipUrl:'https://cl12sales.sumtotaldevelopment.net/Services/api/social/DeleteGroupMembership',
          addGroupMembershipUrl:'https://cl12sales.sumtotaldevelopment.net/Services/api/social/AddGroupMembership',
          getCurrentUserDataURL:'https://cl12sales.sumtotaldevelopment.net/Services/api/social/GetCurrentUserData',
          getAllUsersURL:'https://cl12sales.sumtotaldevelopment.net/Services/api/social/GetAllUsers',
          getGroupByIdUrl:'https://cl12sales.sumtotaldevelopment.net/Services/api/social/GetGroupById',
          validateGroupNameUrl:'https://cl12sales.sumtotaldevelopment.net/Services/api/social/ValidateGroupName',
          searchGroupUrl:'https://cl12sales.sumtotaldevelopment.net/Services/api/social/SearchGroup'
        },
        timeline:{
          approveTask:'https://cl12sales.sumtotaldevelopment.net/Services/api/timelineapi/ApproveTask',
        },
        bigData: {
          DismissEmployeeRecommendationsUrl: '/Core/Core/api/bigdataapi/DismissEmployeeRecommendations',
          CourseRecommendationForUserUrl: '/Core/Core/api/bigdataapi/GetCourseRecommendationForUser',
          getEmployeePositionFitData: '/Core/Core/api/bigdataapi/RetrieveEmployeePositionFitData',
          GetViewableJobsForUser: '/Core/Core/api/bigdataapi/GetViewableJobsForUser',
          SaveEmployeeRecommendPosition: '/Core/Core/api/bigdataapi/SaveEmployeeRecommendPosition',
          SaveEmployeeRecommendInterest:'/Core/Core/api/bigdataapi/SaveEmployeeRecommendInterest',
          GetViewableSubNodesForJob: '/Core/Core/api/bigdataapi/GetViewableSubNodesForJob',
          GetViewableNodesForJob :'/Core/Core/api/bigdataapi/GetViewableNodesForJob',
          GetJobByPersonId :'/Core/Core/api/bigdataapi/GetJobByPersonId',
          addOrRemoveJobFitAnalysis :'/Core/Core/api/bigdataapi/AddOrRemoveJobFitAnalysis',
          //External Job Recommendation Implementation
          GetViewableExternalJobsForUser: '/Core/Core/api/bigdataapi/GetViewableExternalJobsForUser'
        },
        translations: {
          retrieveTranslations: '/Core/Core/api/translationapi/RetrieveTranslations',
          getTranslationsForModelUrl: '/Core/Core/api/translationapi/GetTranslationsForModel' + '?modelTypeFullName=',
          getTranslationsForObjectUrl: '/Core/Core/api/translationapi/GetTranslationsForObject' + '?modelTypeFullName=',
          saveTranslationsForModelUrl: '/Core/Core/api/translationapi/SaveTranslationsForModel' + '?modelTypeFullName=',
          GetTranslationsForModelAndObjectUrl: '/Core/Core/api/translationapi/GetTranslationsForModelAndObject',
          saveTranslationsForModelAndObjectUrl: '/Core/Core/api/translationapi/SaveTranslationsForModelAndObject',
          getTranslationDefinitionsByCategoryUrl: '/Core/Core/api/translationapi/GetTranslationDefinitionsByCategory',
          getStaticTranslationsForEditorUrl: '/Core/Core/api/translationapi/GetStaticTranslationsForEditor',
          saveStaticTranslationsUrl: '/Core/Core/api/translationapi/SaveStaticTranslations',
          getTranslationCategoriesUrl: '/Core/Core/api/translationapi/GetTranslationCategories',
          getTranslationsUrl:'https://cl12sales.sumtotaldevelopment.net/Services/api/i18n',
        },
        settings: {
          retrieveSettings: '/Core/Core/api/settingapi/RetrieveSettings',
          saveSettings: '/Core/Core/api/settingapi/SaveSettings',
          getSettingsForPreferenceScreen: '/Core/Core/api/settingapi/GetSettingsForPreferenceScreen',
          getSettings: '/Core/Core/api/settingapi/GetSettings',
          saveSettingsForPreferenceScreen: '/Core/Core/api/settingapi/SaveSettingsForPreferenceScreen',
          deleteSettings: '/Core/Core/api/settingapi/DeleteSettings',
          getObjectCriteriaSettings: '/Core/Core/api/settingapi/GetObjectCriteriaSettings',
          SaveObjectCriteriaSettings: '/Core/Core/api/settingapi/SaveObjectCriteriaSettings',
          getTimelineSortOptions: '/Core/Core/api/settingapi/GetTimelineSortOptions'

        },
        mobileConfiguration: {
          getMobileConfiguration: '/Core/Core/api/settingapi/getMobileConfiguration',
          setMobileConfiguration: '/Core/Core/api/settingapi/setMobileConfiguration'
        },
        personalization: {
          retrievePersonalization: '/Core/Core/api/dashboardingapi/RetrievePersonalization',
          retrievePersonalizationType: '/Core/Core/api/dashboardingapi/RetrievePersonalizationType'
        },
        dashboard: {
          getWidget: '/Core/Core/api/dashboardingapi/GetWidgetData',
          saveWidget: '/Core/Core/api/dashboardingapi/SaveWidgetData',
          getMyTasksforNotificationURL: '/Core/Core/api/mytasksapi/GetTimelineNotifications',
          clearWidgetDataCache: '/Core/Core/api/dashboardingapi/ClearWidgetDataCache',
          clearSecurityCache: '/Core/Core/api/dashboardingapi/ClearSecurityCache',
          saveWidgetDashboard: '/Core/Core/api/dashboardingapi/SaveWidgetDashboardData',
          removeDashboard: '/Core/Core/api/dashboardingapi/RemoveDashboardData',
          removeDashboardPage: '/Core/Core/api/dashboardingapi/RemoveDashboardPageData',
          copyDashboard: '/Core/Core/api/dashboardingapi/CopyDashboard',
          copyDashboardPage: '/Core/Core/api/dashboardingapi/CopyDashboardPage',
          myTasksRefresh: '/Core/Core/api/mytasksapi/GetMyTasks',
          retrieveSingleWebPartsData: '/Core/Core/api/dashboardingapi/RetrieveSingleWebPartsData',
          resetDashboardPage: '/Core/Core/api/dashboardingapi/ResetDashboardPage',
          registrationRedirection:'/Core/Core/api/dashboardingapi/GetRegistrationRedirectionData',
          getAllDashboardPages:'/Core/Core/api/dashboardingapi/LoadAllWebPartPages',
		      setUserDefaultDashboard: '/Core/Core/api/dashboardingapi/SetUserDefaultDashboard',
          setDashboardPagePriority: '/Core/Core/api/dashboardingapi/SetDashboardPagePriority',
          getLandingPageDashboardPages:'/Core/Core/api/dashboardingapi/GetLandingPageDashboardPages',
          common: {
            retrieveEmployeePopupDetails: '/Core/Core/api/dashboardingapi/RetrieveEmployeePopupDetails'
          },
          webClock: {
            savePunch: '/Core/Core/api/dashboardingapi/SavePunchDetails',
            getPunch: '/Core/Core/api/dashboardingapi/LastPunchDetails',
            getPositionFromSearch:'/Core/Core/api/dashboardingapi/GetWFMSearch',
            getCostCenterFromSearch:'/Core/Core/api/dashboardingapi/GetWFMSearch',
            getWorkOrderFromSearch:'/Core/Core/api/dashboardingapi/GetWFMSearch',
            getWorkItemFromSearch:'/Core/Core/api/dashboardingapi/GetWFMSearch',
            saveCCP:'/Core/Core/api/dashboardingapi/SaveCCP'
          }
        },
        theming: {
          markThemeActive: '/Core/Core/api/themingapi/MarkThemeActive',
          markThemeAsDefault: '/Core/Core/api/themingapi/MarkThemeAsDefault',
          getHttpRequest: '/Core/Core/api/themingapi/GetHttpRequest',
          loadAllThemes: '/Core/Core/api/themingapi/LoadAllThemes',
          loadEditorViewData: '/Core/Core/api/themingapi/LoadEditorViewData',
          loadLessFiles: '/Core/Core/api/themingapi/LoadLessFiles',
          saveTheme: '/Core/Core/api/themingapi/SaveTheme',
          deleteTheme: '/Core/Core/api/themingapi/DeleteTheme',
          saveThemePrecedenceValues: '/Core/Core/api/themingapi/SaveThemePrecedenceValues',
          proxy: '/Core/proxy.html2canvas'
        },
        user: {
          getPersonIdByNumber: '/Core/Core/api/UserApi/GetPersonIdByNumber',
          getPersonNumberByIdUrl: 'https://cl12sales.sumtotaldevelopment.net/Services/api/core/person/GetPersonNumberById',
          getLoggedInPersonId: '/Core/Core/api/UserApi/GetLoggedInPersonId',
          profileOverview: '/Core/Core/api/profiledata/getprofileoverview',
          employeeMetricsData: '/Core/Core/api/profiledata/GetDataForEnabledProfileSections',
          getUserMiniProfile: '/Core/Core/api/profiledata/GetUserMiniProfile',
          directReportProfileOverview: '/Core/Core/api/profiledata/getprofileoverview',
          getRelationship: '/Core/Core/api/profiledata/getrelationship',
          GetOverAllPerformanceUrl : '/Core/Core/api/UserApi/GetPerformanceRatings',
          GetRecommendedLearningsUrl : '/Core/Core/api/UserApi/GetRecommendedLearnings'+ '?userId=' + '1252D64C27E97EBCC615775F6386491D' + '&viewPersonId=',
          GetPerformanceHistoryUrl : '/Core/Core/api/UserApi/GetPerformanceHistory',
          getGoalsForUserUrl: '/Core/Core/api/UserApi/GetGoalsForUser',
          getGoalDetailsForUserUrl: '/Core/Core/api/UserApi/GetGoalDetailsForUser',
          getGoalDetailsForTeamUrl: '/Core/Core/api/UserApi/GetGoalDetailsForTeam',
          saveGoalDetailsForUserUrl: '/Core/Core/api/UserApi/SaveGoalDetailsForUser',
          getCompensationDetails: '/Core/Core/api/UserApi/GetCompensationDetails',
          getOverAllCompensation: '/Core/Core/api/UserApi/GetCompensationRatings',
          getResumeData: '/Core/Core/api/resumeapi/GetResumeData?pId=1252D64C27E97EBCC615775F6386491D',
          getResumeDataForTimeline: '/Core/Core/api/resumeapi/GetResumeData',
          getTeachingActivityUrl: '/Core/Core/api/UserApi/GetTeachingActivityDetails',
          getTeamHeaderCountsUrl: '/Core/Core/api/UserApi/GetTeamHeaderCounts',
          getOTPForBrowserExtension:'/Core/Core/api/UserApi/GetOTPForBrowserExtension',
        },

        organization: {
          keyMeasureData: '/Core/Core/api/orgchartapi/getkeymeasures',
          metricBarMetrics: '/Core/Core/api/orgchartapi/getmetricbarmetrics',
          metricBarMetricsForListOfUsers: '/Core/Core/api/orgchartapi/getmetricbarmetricsforlistofusers',
          saveNewHierarchyDetailsUrl: '/Core/Core/api/OrganizationApi/SaveNewHierarchyDetails',
          getCurrentHierarchiesUrl: '/Core/Core/api/OrganizationApi/GetCurrentHierarchies',
          getHierarchyDetailsUrl: '/Core/Core/api/OrganizationApi/GetHierarchyDetails' + '?hierarchyPK=',
          getChildOrganizationsUrl: '/Core/Core/api/OrganizationApi/GetChildOrganizations' + "?",//hierarchyPK=&organizationPK=
          getCodeByCatcdUrl: '/Core/Core/api/lookupsapi/codecats' + '?catcode=',
          getAutoGenOrgCode: '/Core/Core/api/OrganizationApi/GetAutoGenOrgCode',
          getCurrencyList: '/Core/Core/api/OrganizationApi/GetCurrencyList',
          getOrganizationUrl: '/Core/Core/api/OrganizationApi/GetOrganization' + '?organizationPK=',
          saveNewOrganizationDetailsUrl: '/Core/Core/api/OrganizationApi/SaveNewOrganizationDetails',
          createOrEditOrganizationUrl: '/Core/Core/api/OrganizationApi/CreateOrEditOrganization',
          DeleteOrganizationHierarchyUrl: '/Core/Core/api/OrganizationApi/DeleteOrganizationHierarchy',
          addUserByListUrl: '/Core/Core/api/OrganizationApi/AddUserByList',
          ConvertToDomainUrl: '/Core/Core/api/OrganizationApi/ConvertToDomain',
          getAllOrganization: '/Core/Core/api/OrganizationApi/SearchOrganization',
          getPermissionUrl: '/Core/Core/api/OrganizationApi/GetPermission',
          getInstalledPillars: '/Core/Core/api/jobapi/GetInstalledPillars',
          addUserInfoUrl: '/Core/Core/api/OrganizationApi/GetUserInfo',
          getOrgUserUrl: '/Core/Core/api/OrganizationApi/GetOrganizationUsers',
          getAudienceUrl: '/Core/Core/api/OrganizationApi/GetAudience',
          addUserByAudience: '/Core/Core/api/OrganizationApi/AddUserByAudience',
          exportOrganizationsURL: '/Core/Core/api/OrganizationApi/exportOrganization',
          
          editOrg: '/Core/Core/api/OrganizationApi/editOrgUser',
          deleteOrgUsersUrl: '/Core/Core/api/OrganizationApi/deleteOrgUsers',
          timeLineData: '/Core/Core/api/orgchartapi/gettimelinedata' + '?key=',
          employeeSearchForUser: '/Core/Core/api/orgchartapi/EmployeeSearchForUser',
          getSingleSupervisorHierarchyNode: '/Core/Core/api/orgchartapi/GetSingleSupervisorHierarchyNode',
          getSupervisorHierarchy: '/Core/Core/api/orgchartapi/GetSupervisorHierarchy',
          getPositionHierarchy: '/Core/Core/api/orgchartapi/GetPositionHierarchy',
          getDataForEnabledProfileSections: '/Core/Core/api/orgchartapi/GetDataForEnabledProfileSections',
          getAllMetrics: '/Core/Core/api/orgchartapi/GetAllMetrics',
          getSuccessorsForJobPosition: '/Core/Core/api/orgchartapi/GetSuccessorsForJobPosition',
          updateSuccessionForJobPosition: '/Core/Core/api/orgchartapi/UpdateSuccessionForJobPosition',
          getSpecifiedActivities: '/Core/Core/api/orgchartapi/GetSpecifiedActivities',
          getSettings: '/Core/Core/api/orgchartapi/GetSettings',
          isParentOrgURL :'/Core/Core/api/OrganizationApi/IsParentOrganization',
        },
        org: {
          GetUplineHierarchy: '/Core/Core/api/orgchartapi/GetUplineHierarchy',
          GetDirectReportsData: '/Core/Core/api/orgchartapi/GetDirectReportsData',
          GetManagerData: '/Core/Core/api/orgchartapi/GetManagerData',
        },
        tasks:{
          mytasks: '/Core/Core/api/mytasksapi/GetMyTasks' ,
          loadTimelineNotificationCount: '/Core/Core/api/mytasksapi/LoadTimelineNotificationCount' ,
          learningTasks: '/Core/Core/api/mytasksapi/GetLearningTasks',
          learningTasksCount: '/Core/Core/api/mytasksapi/GetLearningTasksCount',
        },
        myteam:
        {
          directReport : '/Core/Core/api/myteam/getteammember?mgrId=1252D64C27E97EBCC615775F6386491D' ,
          directReportProfileOverview: '/Core/Core/api/profiledata/getprofileoverview'
        },
        security:{
          GetPortalSecuredRoutesUrl: '/Core/Core/api/securityapi/GetPortalSecuredRoutes',
          ListPermissionLevelsUrl: '/Core/Core/api/securityapi/ListPermissionLevels',
          LoadPermissionLevelByIdUrl: '/Core/Core/api/securityapi/LoadPermissionLevelById',
          GetRelationshipTo: '/Core/Core/api/securityapi/GetRelationship',
          ListSecurityGroupsUrl: '/Core/Core/api/securityapi/ListSecurityGroups',
          GetSecurityGroupsForUserUrl: '/Core/Core/api/securityapi/GetSecurityGroupsForUser',
          LoadSecurityGroupByIdUrl: '/Core/Core/api/securityapi/LoadSecurityGroupById',
          DeletePermissionLevelDataUrl: '/Core/Core/api/securityapi/DeletePermissionLevel',
          SavePermissionLevelDataUrl: '/Core/Core/api/securityapi/SavePermissionLevel',
          SaveSecurityGroupUrl: '/Core/Core/api/securityapi/SaveSecurityGroup',
          ListPermissionDefinitionsUrl: '/Core/Core/api/securityapi/ListPermissionDefinitions',
          DeleteSecurityGroupDataUrl: '/Core/Core/api/securityapi/DeleteSecurityGroup',
          //GetApplicationRoleTypesUrl: '/Core/Core/api/securityapi/GetApplicationRoleTypes',
          GetApplicationRoleTypesUrl: '/Core/Core/api/securityapi/GetAllPortalRoles',
          GetAllPortalRolesUrl: '/Core/Core/api/securityapi/GetAllPortalRoles',
          SearchApplicationRolesUrl: '/Core/Core/api/securityapi/SearchApplicationRoles',
          ListPermissionDefinitionsByObjTypeUrl: '/Core/Core/api/securityapi/ListPermissionDefinitionsByObjType',
          GetSecurityGroupObjectPermissionsUrl: '/Core/Core/api/securityapi/ListSecurityGroupObjectPermissions',
          AddUpdateSecurityGroupObjectPermissionsUrl: '/Core/Core/api/securityapi/AddUpdateSecurityGroupObjectPermission',
          GetMasterSitemapForPMConfigurationUrl: '/Core/Core/api/securityapi/GetMasterSitemapForPMConfiguration',
          GetBreadcrumbDataForSitemapNodeUrl: '/Core/Core/api/securityapi/GetBreadcrumbDataForSitemapNode',

          SaveMasterSitemapForPMConfigurationUrl: '/Core/Core/api/securityapi/SaveMasterSitemapForPMConfiguration',
          GetAllRelyingPartiesUrl: '/Core/Core/api/securityapi/GetRelyingPartiesForCurrentTenant',
          DeleteSitemapNodeUrl: '/Core/Core/api/securityapi/DeleteSitemapNode',
          ResetChangePasswordByAdmin: '/Core/Core/api/securityapi/ResetChangePasswordByAdmin',
          GetPasswordRules: '/Core/Core/api/securityapi/GetPasswordRules',
          DeleteSitemapNodeUrl: '/Core/Core/api/securityapi/DeleteSitemapNode',
          GetUserLoginHistoryUrl: '/Core/Core/api/securityapi/GetUserLoginHistory',
          getSecurityRelationshipNameList: '/Core/Core/api/profiledata/GetSecurityRelationshipNameList',
          getSecurityRelationship: '/Core/Core/api/profiledata/GetSecurityRelationship',
          getSecurityRelationshipCategoryList: '/Core/Core/api/profiledata/GetSecurityRelationshipCategoryList',
          GetEmployeeProfileSitemap: '/Core/Core/api/securityapi/GetEmployeeProfileSitemap',
          addSecurityRelationship: '/Core/Core/api/profiledata/AddSecurityRelationship',
          updateSecurityRelationship: '/Core/Core/api/profiledata/UpdateSecurityRelationship',
          deleteSecurityRelationship: '/Core/Core/api/profiledata/DeleteSecurityRelationship',
          getMultiLangDetails: '/Core/Core/api/profiledata/GetMultiLangDetails',
          ResetSecurityGroupObjectPermissionUrl: '/Core/Core/api/securityapi/ResetSecurityGroupObjectPermission',
          InheritSecurityGroupObjectPermissionsUrl: '/Core/Core/api/securityapi/InheritSecurityGroupObjectPermissions',

          GetESignatureSettings: '/Core/Core/api/securityapi/GetESignatureSettings',
          ListObjectSecurityGroupsUrl: '/Core/Core/api/securityapi/ListObjectSecurityGroups',
          apiTokenUrl: '/Core/Core/api/securityapi/retrieveApiToken',
          GetUAToken: '/Core/Core/api/securityapi/GetUAToken',
          EmulateProfileByAdmin: '/Core/Core/api/securityapi/EmulateProfileByAdmin',
          IsModuleLicensed: '/Core/Core/api/securityapi/IsModuleLicensed',
          GetSecurityPermissions: '/Core/Core/api/securityapi/GetSecurityPermissions',
          getPageHelpUrl: '/Core/Core/api/securityapi/GetPageHelpUrl'

        },
        library:
        {
          libraryApiURL:'/Core/Core/api/libraryapi/GetCatalogs',
          libraryGetTopicURL:'/Core/Core/api/libraryapi/GetCurrentTopic',
          relatedTopicsApiURL:'/Core/Core/api/libraryapi/GetRelatedTopics'
        },
        trainingActivity:
        {
          activityApi:'/Core/Core/api/trainingapi/GetActivitySummaryDetails'
        },
        eSignature:
        {
          eSignatureApi:'/Core/Core/api/esignatureapi/GetESignatureTranslation'
        },
        password:
        {
          ListProhibitedWordUrl: '/Core/Core/api/passwordmanagerapi/ListProhibitedWords',
          ListSecurityQuestionsUrl: '/Core/Core/api/passwordmanagerapi/ListSecurityQuestions',
          GetUserLanaguageListUrl: '/Core/Core/api/passwordmanagerapi/GetUserLanaguageList',
          SaveSecurityQuestionsUrl: '/Core/Core/api/passwordmanagerapi/SaveSecurityQuestion',
          ListUserSecQuestionsUrl: '/Core/Core/api/passwordmanagerapi/ListUserSecQuestions',
          SaveUserSecQuestionsDataUrl: '/Core/Core/api/passwordmanagerapi/SaveUserSecQuestions',
          SavePasswordPolicyUrl: '/Core/Core/api/passwordmanagerapi/SavePasswordPolicy',
          GetPasswordPolicyUrl: '/Core/Core/api/passwordmanagerapi/GetPasswordPolicies',
          GetPasswordPolicyByIdUrl: '/Core/Core/api/passwordmanagerapi/GetPasswordPolicyById',
          GetPasswordPolicyForUserUrl: '/Core/Core/api/passwordmanagerapi/GetPasswordPolicyForUser',
          GetPasswordRulesForUserUrl: '/Core/Core/api/passwordmanagerapi/GetPasswordRulesForUser',
          GetSecurityQuestionsForUserUrl: '/Core/Core/api/passwordmanagerapi/GetSecurityQuestionsForUser',
          DeletePasswordPoliciesUrl: '/Core/Core/api/passwordmanagerapi/DeletePasswordPolicies',
          SaveProhibitedWordsDataUrl: '/Core/Core/api/passwordmanagerapi/SaveProhibitedWords',
          GetRulesAndSettingsUrl: '/Core/Core/api/passwordmanagerapi/GetRulesAndSettings',
          SaveRulesAndSettingsUrl: '/Core/Core/api/passwordmanagerapi/SaveRulesAndSettings',
          SaveEntityAssignmentUrl: '/Core/Core/api/passwordmanagerapi/SaveEntityAssignment',
          GetPasswordSettingsUrl: '/Core/Core/api/passwordmanagerapi/GetPasswordSettings',
          SavePasswordSettingsUrl: '/Core/Core/api/passwordmanagerapi/SavePasswordSettings',
          ResetPasswordUrl: '/Core/Core/api/passwordmanagerapi/ResetPassword'
        },
        myprofile:{
          getWorkerPersonalDetailsUrl: '/Core/Core/api/profiledata/GetWorkerPersonalDetails',
          saveWorkerPersonalDetailsUrl: '/Core/Core/api/profiledata/SaveWorkerPersonalDetails',
          getWorkerProfileUrl: '/Core/Core/api/profiledata/GetWorkerProfile',
          getWorkerBasicProfileUrl: '/Core/Core/api/profiledata/GetWorkerBasicProfile',
          disabledUserProfileUrl: '/Core/Core/api/profiledata/DisableUserLogins',
          enabledUserProfileUrl: '/Core/Core/api/profiledata/EnableUserLogins',
          terminatePersonDetailsUrl: '/Core/Core/api/profiledata/TerminateWorkerProfile',
          restorePersonDetailsUrl: '/Core/Core/api/profiledata/RestoreWorkerProfile',
          getReassignManagerData: '/Core/Core/api/profiledata/GetReassignManagerData',
          getUsersForReassignManager: '/Core/Core/api/profiledata/getUsersForReassignManager',
          updateUsersReassignManager: '/Core/Core/api/profiledata/UpdateUsersReassignManager',
          getPendingTasksForChangeManager: '/Core/Core/api/profiledata/GetPendingTasksForChangeManager',
          updatePersonRelationDetails: '/Core/Core/api/profiledata/UpdateManagerForPerson',
          getSearchUsers: '/Core/Core/api/profiledata/SearchUser',
          getFreeTextSearchUsers: '/Core/Core/api/profiledata/FreeTextUserSearch',
          getAllUser: '/Core/Core/api/profiledata/GetAllUser',
          exportUsers: '/Core/Core/api/profiledata/ExportUsers',
          removeAccount: '/Core/Core/api/profiledata/RemoveAccount',
          getSecurityRightsUrl: '/Core/Core/api/profiledata/GetSecurityRights',
          getMergeUserConflicts: '/Core/Core/api/profiledata/MergeUserConflicts',
          getTMCheckMergeUser: '/Core/Core/api/profiledata/TMCheckMergeUser',
          mergeUserAccounts: '/Core/Core/api/profiledata/MergeUserAccounts',
          listofmergeAccounts: '/Core/Core/api/profiledata/ListofMergeAccounts',
          exportMergeAccounts: '/Core/Core/api/profiledata/ExportMergeAccounts',
          getMergeUserStatus: '/Core/Core/api/profiledata/GetMergeUserStatus',
          addUpdatePersonUrl: '/Core/Core/api/profiledata/AddUpdatePerson',
          getUserPermissionsUrl: '/Core/Core/api/profiledata/GetUserPermissions',
          getUserPermissionsForEmulateProfileUrl: '/Core/Core/api/profiledata/GetUserPermissionsForEmulateProfile',
          exportPendingApprovalsUrl: '/Core/Core/api/profiledata/ExportPendingApproval',
          ExportPendingAccounts: '/Core/Core/api/profiledata/ExportPendingAccounts',
          getAdvancedPendingApprovalUrl:'/Core/Core/api/profiledata/GetAdvancedPendingApproval',
          ActOnPendingApprovalUrl:'/Core/Core/api/profiledata/ActOnPendingApproval',
          getWorkerPersonalDetailsPAUrl: '/Core/Core/api/profiledata/GetWorkerPersonalDetails',
          pendingApprovalSecurityCheckUrl: '/Core/Core/api/profiledata/PendingApprovalSecurityCheck',
          editUserUrl: '/Core/Core/api/profiledata/EditUser',
          getEmployeeTypeUrl: '/Core/Core/api/profiledata/GetEmployeeType',
          GetProfileOverviewMini: '/Core/Core/api/profiledata/GetProfileOverviewMini',
          gePersonHomeAddressUrl:'/Core/Core/api/profiledata/getUserHomeAddress',
          getCreateUserPermissionUrl: '/Core/Core/api/profiledata/GetCreateUserPermissions',
          isGuestUserUrl: '/Core/Core/api/profiledata/IsGuestUser',
        },

        //added
        myUnlockdata: {
          doUnlockDataUrl: '/Core/Core/api/profiledata/doUnlockAccount'
        },
        commonUtilApis: {
          enabledPillarsUrl: '/Core/Core/api/commonapi/GetEnabledPillars'
        },
        jobtemplates:{
          getNextJobNumUrl: '/Core/Core/api/jobapi/GetNextJobNum',
          getJobTemplatesUrl: '/Core/Core/api/jobapi/GetJobTemplates',
          getJobTemplateUrl: '/Core/Core/api/jobapi/GetJobTemplate',   //Deprecated, use getJobTemplateByIdUrl instead
          getJobTemplateByIdUrl: '/Core/Core/api/jobapi/getJobTemplateById',
          getNextJobsUrl: '/Core/Core/api/jobapi/GetNextJobs',
          getCompetenciesFromJobUrl: '/Core/Core/api/jobapi/GetCompetenciesFromJob',
          getJobRequirementsForUserUrl: '/Core/Core/api/jobapi/GetJobRequirementsForUser',
          copyJobTemplatesUrl: '/Core/Core/api/jobapi/CopyJobTemplates',
          deleteJobTemplatesUrl: '/Core/Core/api/jobapi/DeleteJobTemplates',
          saveJobTemplatesUrl: '/Core/Core/api/jobapi/SaveJobTemplate',
          getInstalledPillars: '/Core/Core/api/jobapi/GetInstalledPillars',
          getCoreRelationships: '/Core/Core/api/jobapi/GetCoreRelationships',
          getCodeByCatcdUrl: '/Core/Core/api/lookupsapi/codecats' + '?catcode=',
          exportJobTemplates: '/Core/Core/api/jobapi/ExportJobTemplates',
          getPermissionUrl: '/Core/Core/api/jobapi/GetPermission',
        },
        skills:{
          getSkillsUrl: '/Core/Core/api/skill/GetSkills',
          getSkillUrl: '/Core/Core/api/skill/GetSkill',
          copySkillsUrl: '/Core/Core/api/skill/CopySkills',
          deleteSkillsUrl: '/Core/Core/api/skill/DeleteSkills',
          saveSkillsUrl: '/Core/Core/api/skill/SaveSkill',
          getContentTypesUrl: '/Core/Core/api/skill/getContentTypes',
          getCodeByCatcdUrl: '/Core/Core/api/lookupsapi/codecats' + '?catcode=',
          exportSkills: '/Core/Core/api/skill/ExportSkills',
          getPermissionUrl: '/Core/Core/api/skill/GetPermission',
          getSkillCategoriesUrl: 'https://cl12sales.sumtotaldevelopment.net/Services/api/SkillCategories/GetSkillCategoriesData',
          saveSkillDataUrl:'https://cl12sales.sumtotaldevelopment.net/Services/api/SkillCategories/SaveSkillWithCategories',
          saveSkillCategoryLevelUrl:'https://cl12sales.sumtotaldevelopment.net/Services/api/SkillCategories/SaveSkillCategoryLevel',
        },

        competencies:{
          getCompetenciesUrl: '/Core/Core/api/competencyapi/GetCompetencies',
          getCompetenciesByPersonUrl: '/Core/Core/api/competencyapi/GetCompetenciesByPerson',
          exportCompetenciesUrl: '/Core/Core/api/competencyapi/ExportCompetencies',
          getCompetencyUrl: '/Core/Core/api/competencyapi/GetCompetency',
          saveCompetencyUrl: '/Core/Core/api/competencyapi/SaveCompetency',
          saveEnabledLanguagesUrl: '/Core/Core/api/competencyapi/GetEnabledLanguages',
          getPermissionUrl: '/Core/Core/api/competencyapi/GetPermission',
          deleteCompetenciesUrl: '/Core/Core/api/competencyapi/DeleteCompetencies',
        },

        recruitingquestion:{
          getRecruitingQuestionById: '/Core/Core/api/recruitingquestionapi/GetRecruitingQuestionById',
          getDateTimeById: '/Core/Core/api/recruitingquestionapi/GetDateTimeById',
          getMultipleTextBoxesById: '/Core/Core/api/recruitingquestionapi/GetMultipleTextBoxesById',
          getRatingMatrixById: '/Core/Core/api/recruitingquestionapi/GetRatingMatrixById',
          getRatingById: '/Core/Core/api/recruitingquestionapi/GetRatingById',
          getRecruitingQuestionWithChoicesById: '/Core/Core/api/recruitingquestionapi/GetRecruitingQuestionWithChoicesById',
          getMultiSelectListDropdownsById: '/Core/Core/api/recruitingquestionapi/GetMultiSelectListDropdownsById',

          getRecruitingQuestions: '/Core/Core/api/recruitingquestionapi/GetRecruitingQuestions',
          getFilteredRecruitingQuestions: '/Core/Core/api/recruitingquestionapi/GetFilteredRecruitingQuestions',

          addOrUpdateFlattenRecruitingQuestion: '/Core/Core/api/recruitingquestionapi/AddOrUpdateFlattenRecruitingQuestion',
          addOrUpdateDateTimeRecruitingQuestion: '/Core/Core/api/recruitingquestionapi/AddOrUpdateDateTimeRecruitingQuestion',
          addOrUpdateMultipleTextBoxes: '/Core/Core/api/recruitingquestionapi/AddOrUpdateMultipleTextBoxes',
          addOrUpdateRatingMatrix: '/Core/Core/api/recruitingquestionapi/AddOrUpdateRatingMatrix',
          addOrUpdateRecruitingQuestionWithChoices: '/Core/Core/api/recruitingquestionapi/AddOrUpdateRecruitingQuestionWithChoices',
          addOrUpdateMultiSelectListDropdowns: '/Core/Core/api/recruitingquestionapi/AddOrUpdateMultiSelectListDropdowns',

          restoreOrInactivateRecruitingQuestion: '/Core/Core/api/recruitingquestionapi/RestoreOrInactivateRecruitingQuestion',
          deleteRecruitingQuestions: '/Core/Core/api/recruitingquestionapi/DeleteRecruitingQuestions',

          searchRecruitingQuestionTags: '/Core/Core/api/recruitingquestionapi/SearchRecruitingQuestionTags',
          getAllRecruitingQuestionTags: '/Core/Core/api/recruitingquestionapi/GetAllRecruitingQuestionTags'
        },

        competencyModels:{
          getPermissionUrl: '/Core/Core/api/competencymodelapi/GetPermission',
          getCompetencyModelsUrl: '/Core/Core/api/competencymodelapi/getcompetencymodels',
          saveCompetencyModelsUrl: '/Core/Core/api/competencymodelapi/savecompetencymodel',
          getCompetencyModelEditUrl: '/Core/Core/api/competencymodelapi/getcompetencymodel' + '?targetAssessmentID=',
          deleteCompetencyModelsUrl: '/Core/Core/api/competencymodelapi/deletecompetencymodels' + '?targetAssessmentIDs=',
          copyCompetencyModelsUrl: '/Core/Core/api/competencymodelapi/CopyCompetencyModel' + '?targetAssessmentIDs='
        },

        behaviors:{
          getBehaviorDetailsUrl: '/Core/Core/api/behaviorapi/GetBehaviorDetail',
          getBehaviorsByCmpIdUrl: '/Core/Core/api/behaviorapi/GetBehaviorsbyCmpID',
          getBehaviorsByCmpIdsUrl: 'https://cl12sales.sumtotaldevelopment.net/Services/api/behavior/GetBehaviorsByCmpIDs',
          SaveNewBehaviorDetailUrl: '/Core/Core/api/behaviorapi/SaveNewBehaviorDetail',
          DeleteOrCopyBehaviorsUrl: '/Core/Core/api/behaviorapi/DeleteOrCopyBehaviors',
          ExportBehaviorsUrl: '/Core/Core/api/behaviorapi/ExportBehaviors',
          getPermissionUrl: '/Core/Core/api/behaviorapi/GetPermission',
          getLeftNavPermissionUrl: '/Core/Core/api/behaviorapi/getLeftNavPermission',
          getAssociatedActivitiesUrl: '/Core/Core/api/behaviorapi/getAssocicatedActivities',
          getActivitiesBySearchCritUrl: '/Core/Core/api/behaviorapi/getActivitiesBySearchCrit',
          addDeleteActivitiesUrl: '/Core/Core/api/behaviorapi/addDeleteActivities',
        },
        domains:{
          getListofLMOrgandDomainsUrl: '/Core/Core/api/DomainDataApi/GetListofDomains',
          getCurrentLoginUserDomainUrl: '/Core/Core/api/DomainDataApi/GetCurrentLoginUserDomain',
          expireCurrentDomainCache: '/Core/Core/api/DomainDataApi/ExpireCurrentDomainCache'
        },
        lookups:{
          getListofLMSecurityRolesUrl: '/Core/Core/api/LookupsApi/GetListofLMSecurityRoles',
          getListofTMBusinessUrl: '/Core/Core/api/LookupsApi/GetListofTMBusiness',
          getCodeDefinitionsUrl: '/Core/Core/api/lookupsapi/allcodecats',
          getCodesUrl: '/Core/Core/api/lookupsapi/codecats',
          getMultipleCodesUrl: '/Core/Core/api/lookupsapi/GetCodeDefinitions',
          getCodesForRatingUrl: '/Core/Core/api/lookupsapi/codecatsforrating',
          getCodeDefinitionsListUrl: '/Core/Core/api/lookupsapi/codecatsforedit',
          getCodeDefinitionsEditUrl: '/Core/Core/api/lookupsapi/editcodecat',
          getCodeDefinitionscodesforeditUrl: '/Core/Core/api/lookupsapi/codesforedit',
          getLinkedCodesForCatcd: '/Core/Core/api/lookupsapi/linkedcodes',
          getCodeDefinitionsSaveUrl: '/Core/Core/api/lookupsapi/savecodecat',
          getCodeDefinitionUpdateStatusUrl: '/Core/Core/api/lookupsapi/updatecodecatstatus',
          getCodesEditUrl: '/Core/Core/api/lookupsapi/editcode',
          getCodesSaveUrl: '/Core/Core/api/lookupsapi/savecode',
          getCodeUpdateStatusUrl: '/Core/Core/api/lookupsapi/updatecodestatus',
          getTimezonesUrl: '/Core/Core/api/lookupsapi/alltimezones',
          getCodeByCatcdUrl: '/Core/Core/api/lookupsapi/codecats' + '?catcode='
        },
        developmentplan:{
          getDevPlanofUserForPeriodUrl: '/Core/Core/api/developmentplanapi/GetDevelopmentPlanForOwnerForPeriod',
          getDevelopmentPlanTasksForPlanUrl: '/Core/Core/api/developmentplanapi/GetDevelopmentPlanTasksForPlan',
          getDevelopmentPlanActivitiesForOwner: '/Core/Core/api/developmentplanapi/GetDevelopmentPlanActivitiesForOwner',
          SaveDevelopmentPlanUrl: '/Core/Core/api/developmentplanapi/SaveDevelopmentPlan',
          SaveDevelopmentPlanActivityUrl: '/Core/Core/api/developmentplanapi/SaveDevelopmentPlanActivity',
          getGoalPeriodsUrl: '/Core/Core/api/developmentplanapi/GetGoalPeriodsList',
          deleteDevelopmentPlanActivityUrl: '/Core/Core/api/developmentplanapi/DeleteDevPlanActivity',
          deleteDevelopmentPlanGroupUrl: '/Core/Core/api/developmentplanapi/DeleteDevelopmentPlanGroup',
          getDevPlanGroupsUrl: '/Core/Core/api/developmentplanapi/GetDevPlanGroups',
          saveDevPlanGroupsUrl: '/Core/Core/api/developmentplanapi/SaveDevelopmentPlanGroup',
          saveDevPlanPeriodUrl: '/Core/Core/api/developmentplanapi/SaveDevelopmentPlanPeriod',
          getDirectReportsDataUrl:'/Core/Core/api/developmentplanapi/getDirectReportsData',
          saveMultipleActivitiesUrl:'/Core/Core/api/developmentplanapi/MultiAssignActivity',
          getAllCompetenciesUrl: '/Core/Core/api/developmentplanapi/GetAllCompetencies',
          getActivitiesForCompetencyUrl: '/Core/Core/api/developmentplanapi/GetActivitiesForCompetency',
          SaveApprovalStatusUrl: '/Core/Core/api/developmentplanapi/SaveApprovalStatus',
          getLatestPeriodUrl: '/Core/Core/api/developmentplanapi/GetLatestGoalPeriod',
          getDevPlanOfUsersForAPeriodUrl: '/Core/Core/api/developmentplanapi/GetDevPlanOfUsersForAPeriod',
          getDevPlanOwnerInfoUrl: '/Core/Core/api/developmentplanapi/GetDevPlanOwnerInfo',
          getDevPlanOwnerUserNameUrl: '/Core/Core/api/developmentplanapi/GetDevPlanOwnerUserName',
          getUserJobUrl: '/Core/Core/api/developmentplanapi/GetUserJob',
          getCompetenciesForUserJobUrl: '/Core/Core/api/developmentplanapi/GetCompetenciesForUserJob',
          getCompetencyBehaviorsUrl: '/Core/Core/api/developmentplanapi/GetCompetencyBehaviors',
          getCodesForDevPlanUrl: '/Core/Core/api/developmentplanapi/GetCodesForDevPlan',
          getRatingScaleUrl: '/Core/Core/api/developmentplanapi/GetRatingScale',
          getTargetScaleUrl: '/Core/Core/api/developmentplanapi/GetTargetScale',
          getAssessedCompetenciesUrl: '/Core/Core/api/developmentplanapi/GetAssessedCompetencies',
          getmodelDataUrl:'/Core/Core/api/developmentplanapi/GetmodelData',
          getCompetenciesForPositionUrl: '/Core/Core/api/developmentplanapi/GetCompetenciesForPosition',
          HasManagerRelationshipUrl:'/Core/Core/api/developmentplanapi/HasManagerRelationship',
          getActivitiesBySearchCritUrl: '/Core/Core/api/developmentplanapi/getActivitiesBySearchCrit',
          getManagerCommentsForDevPlanUrl: '/Core/Core/api/developmentplanapi/GetManagerCommentsForDevPlan',
          getUDPGroupsUrl: '/Core/Core/api/developmentplanapi/GetUDPGroups',
          getUDPGroupDetailsUrl: '/Core/Core/api/developmentplanapi/GetUDPGroupDetails',
          saveUDPGroupDataUrl: '/Core/Core/api/developmentplanapi/SaveUDPGroupData',
          checkDevelopmentPlanSecurityUrl: '/Core/Core/api/developmentplanapi/CheckDevelopmentPlanSecurity',
          SaveDevelopmentPlanObjective: 'https://cl12sales.sumtotaldevelopment.net/Services/api/UDP/SaveDevelopmentPlanObjective',
          getDevPlanObjectives: 'https://cl12sales.sumtotaldevelopment.net/Services/api/UDP/GetDevPlanObjectives',
          deleteObjective: 'https://cl12sales.sumtotaldevelopment.net/Services/api/UDP/DeleteObjective',
          getDevelopmentPlanForOwner: 'https://cl12sales.sumtotaldevelopment.net/Services/api/UDP/GetDevelopmentPlanForOwner'
        },
        newDevelopmentPlan:{
          createEditTaskURL: 'https://cl12sales.sumtotaldevelopment.net/Services/api/UDP/CreateEditTask',
          getDevPlanForUserURL: 'https://cl12sales.sumtotaldevelopment.net/Services/api/UDP/GetUnifiedDevelopmentPlan',
          getDevPlanObjectivesURL: 'https://cl12sales.sumtotaldevelopment.net/Services/api/UDP/GetDevPlanObjectives',
          getDevPlanTasksURL: 'https://cl12sales.sumtotaldevelopment.net/Services/api/UDP/GetDevPlanTasks',
          saveUDPConfigSettingsUrl: 'https://cl12sales.sumtotaldevelopment.net/Services/api/UDP/SaveUDPConfigSettings',
          togglePrivateStatusUrl: 'https://cl12sales.sumtotaldevelopment.net/Services/api/UDP/TogglePrivateStatus',
          saveMultipleActivitiesUrl:'https://cl12sales.sumtotaldevelopment.net/Services/api/UDP/MultiAssignActivity',
          getDevelopmentPlanSettingsUrl:'https://cl12sales.sumtotaldevelopment.net/Services/api/UDP/GetDevelopmentPlanSettings',
          getSkillsForDevPlanTasksUrl: 'https://cl12sales.sumtotaldevelopment.net/Services/api/UDP/GetSkillsForDevPlanTasks',
          getCompetenciesForDevPlanTasksUrl:'https://cl12sales.sumtotaldevelopment.net/Services/api/UDP/GetCompetenciesForDevPlanTasks',
          getSkillsForJobUrl : 'https://cl12sales.sumtotaldevelopment.net/Services/api/UDP/GetSkillsForJob',
          GetActivitiesForSkillUrl:'https://cl12sales.sumtotaldevelopment.net/Services/api/UDP/GetActivitiesForSkill',
          GetSkillsForUserUrl:'https://cl12sales.sumtotaldevelopment.net/Services/api/UDP/GetSkillsForUser',
          GetJobsForActivitiesUrl:'https://cl12sales.sumtotaldevelopment.net/Services/api/UDP/GetJobsForActivities'
        },
        userManagement:{
          getModelsUrl: '/Core/Core/api/globalconfiguratorapi/models',
          getGlobalConfigurationUrl: '/Core/Core/api/globalconfiguratorapi/globalconfigurations',
          saveGlobalConfigurationUrl: '/Core/Core/api/globalconfiguratorapi/saveglobalconfiguration',
          getAdvancedConfigurationUrl: '/Core/Core/api/globalconfiguratorapi/advancedconfigurations',
          saveAdvancedConfigurationUrl: '/Core/Core/api/globalconfiguratorapi/saveadvancedconfiguration',
          getModelConfigurationUrl: '/Core/Core/api/globalconfiguratorapi/modelconfigurations',
          getAvailableUserFieldsUrl: '/Core/Core/api/globalconfiguratorapi/availableuserfields?targetuserid=',
          getAvailableEditUserLinksUrl: '/Core/Core/api/globalconfiguratorapi/availableedituserlinks',
          getExtendedAdvancedConfigurationUrl: '/Core/Core/api/globalconfiguratorapi/extendedconfigurations',
          getAdvancedSectionConfigurationUrl: '/Core/Core/api/globalconfiguratorapi/extendedsectionconfigurations',
          saveExtendedConfigurationUrl: '/Core/Core/api/globalconfiguratorapi/saveextendedconfiguration',
          forgetUserListUrl: 'https://cl12sales.sumtotaldevelopment.net/Services/api/user/forgetuserlist',
          forgetUserUrl: 'https://cl12sales.sumtotaldevelopment.net/Services/api/user/forgetuser'
        },
        userAccount:{
          getUserAccountGeneralSettingsUrl:  '/Core/Core/api/UserAccountCreationApi/GetUserAccountCreationGeneralSettings',
          saveUserAccountGeneralSettingsUrl:  '/Core/Core/api/UserAccountCreationApi/SaveUserAccountCreationGeneralSettings',
          getSSOBrokerUrl:'/Core/Core/api/UserAccountCreationApi/GetSSOBrokerUrl'
        },
        udpConfiguration:{
          getGoalPeriodsUrl: '/Core/Core/api/developmentplanapi/GetGoalPeriodsList',
          getGoalPeriodUrl: '/Core/Core/api/developmentplanapi/GetGoalPeriod',
          saveGoalPeriodUrl: '/Core/Core/api/developmentplanapi/SaveGoalPeriod',
          deleteGoalPeriodsUrl: '/Core/Core/api/developmentplanapi/DeleteGoalPeriods',
          getUdpRequiresApprovalConfigUrl: '/Core/Core/api/developmentplanapi/GetUdpApprovalCofiguration',
          getDevelopmentPlanConfigurationUrl: '/Core/Core/api/developmentplanapi/GetDevelopmentPlanConfiguration',
          getActiveLanguagesUrl: '/Core/Core/api/developmentplanapi/GetActiveLanguages'
        },
        myresume:{
          getResumeDataUrl: '/Core/Core/api/ResumeApi/GetResumeData',
          getCertificationNamesDataUrl: '/Core/Core/api/LookupsApi/GetCertificationNamesList',
          getLstinstitutionsNamesDataUrl: '/Core/Core/api/LookupsApi/GetAvailableSchools',
          getViewLanguageProficiencyDataUrl: '/Core/Core/api/ResumeApi/GetLanguageProficiencyList',
          getEducationByIdUrl: '/Core/Core/api/ResumeApi/GetEducationById',
          getViewLocationPreferenceDataUrl: '/Core/Core/api/ResumeApi/GetLocationPreferenceList',
          getCareerInformationDataUrl: '/Core/Core/api/ResumeApi/GetCareerInformation',
          saveCareerInformationForUserUrl: '/Core/Core/api/ResumeApi/SaveCareerInformationForUser',
          deleteLocationPreferenceUrl: '/Core/Core/api/ResumeApi/deleteLocationPreference',
          getCountriesUrl: '/Core/Core/api/LookupsApi/countries',
          getStatesbyIdUrl: '/Core/Core/api/LookupsApi/provinces',
          getCitiesByIdUrl: '/Core/Core/api/LookupsApi/GetCities',
          getDegreesUrl: '/Core/Core/api/ResumeApi/degreeOptions',
          getWorkExperienceListUrl: '/Core/Core/api/ResumeApi/GetWorkExperienceList',
          saveWorkExperienceDetailsUrl: '/Core/Core/api/ResumeApi/SaveWorkExperienceDetails',
          getIndustryListUrl: '/Core/Core/api/ResumeApi/GetIndustryList'+ '?pid=' + '1252D64C27E97EBCC615775F6386491D',
          saveProjectExperienceDetailsUrl: '/Core/Core/api/ResumeApi/SaveProjectExperienceDetails',
          getWillingtoTravelOptionsListUrl: '/Core/Core/api/ResumeApi/GetWillingtoTravelOptionsList'+ '?pid=' + '1252D64C27E97EBCC615775F6386491D',
          savelocationPreferenceDetailsUrl: '/Core/Core/api/ResumeApi/SavelocationPreferenceDetails',
          saveLanguageProficiencyDetailsUrl: '/Core/Core/api/ResumeApi/SaveLanguageProficiencyDetails',
          submitEducationUrl: '/Core/Core/api/ResumeApi/SaveEducation',
          submitMembershipUrl:'/Core/Core/api/ResumeApi/SaveMembership',
          submitCertificationUrl: '/Core/Core/api/ResumeApi/SaveCertification',
          submitSkillUrl: '/Core/Core/api/ResumeApi/SaveSkill',
          getLanguageProficiencyOptionsUrl: '/Core/Core/api/ResumeApi/GetLanguageProficiencyOptions',
          getLanguageOptionsUrl: '/Core/Core/api/ResumeApi/GetLanguageOptions',
          deleteLanguageProficiencyDetailsUrl: '/Core/Core/api/ResumeApi/DeleteLanguageProficiencyDetails',
          deleteLocationPreferenceDetailsUrl: '/Core/Core/api/ResumeApi/DeleteLocationPreferenceDetails',
          getCodeByCatcdUrl: '/Core/Core/api/LookupsApi/catCodesbyLang' + '?catCd=',
          getAllResumeOptionsUrl: '/Core/Core/api/ResumeApi/GetAllResumeOptions',
          getResumeConfigUrl: '/Core/Core/api/ResumeApi/GetResumeConfig',
          GetAwardsUrl: '/Core/Core/api/resumeapi/GetAwards',
          AddAwardsUrl: '/Core/Core/api/resumeapi/AddAwards',
          UpdateAwardsUrl: '/Core/Core/api/resumeapi/UpdateAwards',
          DeleteAwardsUrl: '/Core/Core/api/resumeapi/DeleteAwards'
        },
        onBoardingResume:{
          getResumeDataUrl: '/Core/Core/api/OnBoardingResumeApi/GetResumeData',
          getResumeResponseDataUrl: 'https://cl12sales.sumtotaldevelopment.net/Services/api/Resume/GetResumeResponseData',
          ParseResumeUrl: 'https://cl12sales.sumtotaldevelopment.net/Services/api/Resume/GetParsedResumeData',
          getResumeConfigDataUrl: '/Core/Core/api/OnBoardingResumeApi/GetResumeConfigData',
          getPersonResumesUrl: '/Core/Core/api/OnBoardingResumeApi/GetPersonResumes',
          getMultipleResumesUrl: '/Core/Core/api/OnBoardingResumeApi/GetMultipleResumes',
          getCountriesUrl: '/Core/Core/api/LookupsApi/countries',
          getStatesbyIdUrl: '/Core/Core/api/LookupsApi/provinces',
          getCitiesByIdUrl: '/Core/Core/api/LookupsApi/GetCities',
          saveResumeDataUrl: '/Core/Core/api/OnBoardingResumeApi/SaveResumeData',
          saveMultipleResumesUrl: '/Core/Core/api/OnBoardingResumeApi/SaveMultipleResumes',
          getResumeOptionsUrl: '/Core/Core/api/OnBoardingResumeApi/GetResumeOptions',
          getCodeByCatcdUrl: '/Core/Core/api/LookupsApi/catCodesbyLang' + '?catCd=',
          getRequisitionsHistoryUrl: '/Core/Core/api/OnBoardingResumeApi/GetRequisitionHistoryForUser',
          getFeedbackUrl: '/Core/Core/api/OnBoardingResumeApi/GetFeedback',
          getRequisitionJobTemplateSalaryRangeUrl: '/Core/Core/api/OnBoardingResumeApi/GetRequisitionJobTemplateSalaryRange',
          getInternalEquityDetailsUrl: '/Core/Core/api/OnBoardingResumeApi/GetInternalEquityDetails',
          getResumeReferencesUrl: '/Core/Core/api/OnBoardingResumeApi/GetResumeReferences',
          getManagerInfo: '/Core/Core/api/OnBoardingResumeApi/GetManagerId',
          getSchoolsUrl: '/Core/Core/api/LookupsApi/GetAvailableSchools',
          getResumeAndApplicationPermissionUrl: 'https://cl12sales.sumtotaldevelopment.net/Services/api/Resume/GetResumeAndApplicationPermission'
        },
        onBoardingRequisition:{
          getEmployeesUrl: '/Core/Core/api/OnBoardingRequisitionApi/GetEmployees',
          getPostingSitesUrl: '/Core/Core/api/OnBoardingRequisitionApi/GetPostingSites',
          getWorkLocationsUrl: '/Core/Core/api/OnBoardingRequisitionApi/GetWorkLocations',
          getJobPositionsUrl: '/Core/Core/api/OnBoardingRequisitionApi/GetJobPositions',
          getJobTemplatesUrl: '/Core/Core/api/OnBoardingRequisitionApi/GetJobTemplates',
          saveRequisitionDataUrl: '/Core/Core/api/OnBoardingRequisitionApi/SaveRequisitionData',
          getRequisitionsUrl: '/Core/Core/api/OnBoardingRequisitionApi/GetRequisitions',
          getRequisitionDataUrl: '/Core/Core/api/OnBoardingRequisitionApi/GetRequisitionDetails',
          getRequisitionDataForPreviewUrl: '/Core/Core/api/OnBoardingRequisitionApi/GetRequisitionDetailsForPreview',
          getSkillsUrl: '/Core/Core/api/LookupsApi/GetAvailableSkills',
          getCertificationsUrl: '/Core/Core/api/LookupsApi/GetCertificationNamesList',
          getPostingSiteUrl: '/Core/Core/api/OnBoardingRequisitionApi/GetPostingSite',
          getUpdateRequisitionStatusUrl: '/Core/Core/api/OnBoardingRequisitionApi/UpdateRequisitionStatus',
          getRequisitionPermissionUrl: '/Core/Core/api/OnBoardingRequisitionApi/GetPermissions',
          applyRequisitionUrl: '/Core/Core/api/OnBoardingRequisitionApi/ApplyForRequisition',
          getApplicationAssessmentForRequisitionUrl: '/Core/Core/api/OnBoardingRequisitionApi/GetApplicationAssessmentForRequisition',
          getRequisitionStatusUrl: '/Core/Core/api/OnBoardingRequisitionApi/GetStatusOptions',
          getCreateFromUrl: '/Core/Core/api/OnBoardingRequisitionApi/CreateRequisitionFrom',
          getRequisitionCandidatesUrl: '/Core/Core/api/OnBoardingRequisitionApi/GetCandidates',
          getPositionFitMetricDetails: '/Core/Core/api/OnBoardingRequisitionApi/GetCandidatePositionFitDetails',
          getGeographicalDetailsUrl: '/Core/Core/api/OnBoardingRequisitionApi/GetGeographicalDetails',
          getClientHierarchyLevelsUrl: '/Core/Core/api/OnBoardingRequisitionApi/GetClientHierarchyLevels',
          getJobFitForUser: '/Core/Core/api/OnBoardingRequisitionApi/GetJobFitForUser',
          getRequisitionRolesUrl: '/Core/Core/api/OnBoardingRequisitionApi/GetRequisitionRoles',
          getRecentlyAccessedRequisitionApplicationsUrl:'https://cl12sales.sumtotaldevelopment.net/Services/api/RecruitingWidgets/GetRecentlyAccessedRequisitionApplications',
          saveRecentlyAccessedApplicationUrl:'https://cl12sales.sumtotaldevelopment.net/Services/api/RecruitingWidgets/SaveRecentlyAccessedApplication',
          getRequisitionSummaryUrl:'https://cl12sales.sumtotaldevelopment.net/Services/api/RecruitingWidgets/GetRequisitionSummary',
          getRequisitionDashboardUrl: '/Core/Core/api/OnBoardingRequisitionApi/LoadRequisitionDashboardByUrlWithPermissions',
          getRequisitionAssessmentsUrl: '/Core/Core/api/OnBoardingRequisitionApi/GetRequisitionAssessments',
          getRequisitionAssessmentUrl: '/Core/Core/api/OnBoardingRequisitionApi/GetRequisitionAssessment',
          createUpdateRequisitionAssessmentUrl: '/Core/Core/api/OnBoardingRequisitionApi/CreateUpdateRequisitionAssessment',
          deleteRequisitionAssessmentsUrl: '/Core/Core/api/OnBoardingRequisitionApi/DeleteRequisitionAssessments',
          deleteRequisitionsUrl: '/Core/Core/api/OnBoardingRequisitionApi/DeleteRequisitions',
          getApprovalHistory:'https://cl12sales.sumtotaldevelopment.net/Services/api/Requisition/GetApprovalHistory',
          approveRequisitionUrl: 'https://cl12sales.sumtotaldevelopment.net/Services/api/Requisition/ApproveTask',
          getFavouriteJobsUrl:'https://cl12sales.sumtotaldevelopment.net/Services/api/jobSearch/GetFavoriteJobs/',
          getRecommendedJobsForUserUrl: 'https://cl12sales.sumtotaldevelopment.net/Services/api/RecruitingWidgets/GetRecommendedJobsForUser',
          getRequisitionApplicationsCountForPhaseUrl:'https://cl12sales.sumtotaldevelopment.net/Services/api/CandidateManagement/GetRequisitionApplicationsCountForPhase',
          addRequisitionAssessmentsUrl: '/Core/Core/api/OnBoardingRequisitionApi/AddRequisitionAssessments',
          saveRequisitionAnswersUrl: 'https://cl12sales.sumtotaldevelopment.net/Services/api/Requisition/SaveRequisitionAssessmentAnswer',
          updateJobBoardDataUrl: '/Core/Core/api/OnBoardingRequisitionApi/UpdateJobBoardData',
          postToEQuestUrl: '/Core/Core/api/OnBoardingRequisitionApi/PostToEQuest',
          deletePostingUrl: '/Core/Core/api/OnBoardingRequisitionApi/DeletePosting',
          getEQuestJobPostingsUrl: '/Core/Core/api/OnBoardingRequisitionApi/GetEQuestJobPostings',
          getEQuestJobIdUrl: '/Core/Core/api/OnBoardingRequisitionApi/GetEQuestJobId',
          SubmitRequisitionAssessmentAnswersUrl:'https://cl12sales.sumtotaldevelopment.net/Services/api/Requisition/SubmitRequisitionAssessmentAnswers',
        },
        onBoardingCandidateManagement: {
          getRequisitionCandidateUrl: 'https://cl12sales.sumtotaldevelopment.net/Services/api/CandidateManagement/GetRequisitionCandidates',
          getCodeDefinitionsUrl: 'https://cl12sales.sumtotaldevelopment.net/Services/api/CandidateManagement/GetCodeDefinition',
          updateRequisitionApplicationUrl: 'https://cl12sales.sumtotaldevelopment.net/Services/api/CandidateManagement/UpdateApplicationRaking',
          saveInterviewScheduleUrl: 'https://cl12sales.sumtotaldevelopment.net/Services/api/RecruitingInterview/SaveInterviewSchedule',
          getAssessmentsForInterviewerUrl: 'https://cl12sales.sumtotaldevelopment.net/Services/api/RecruitingInterview/GetAssessmentsForInterviewer',
          getRequisitionsUrl: 'https://cl12sales.sumtotaldevelopment.net/Services/api/CandidateManagement/GetRequistions',
          getUsersUrl : 'https://cl12sales.sumtotaldevelopment.net/Services/api/CandidateManagement/GetUsers',
          AddCandidatesToFolderUrl:'https://cl12sales.sumtotaldevelopment.net/Services/api/CandidateManagement/AddCandidateToFolder',
          getRequisitionApplicationUrl: 'https://cl12sales.sumtotaldevelopment.net/Services/api/CandidateManagement/GetRequisitionApplication',
          getRecruitingFolders:'https://cl12sales.sumtotaldevelopment.net/Services/api/CandidateManagement/GetRecruitingFolders',
          getInterviewsForCandidateUrl: 'https://cl12sales.sumtotaldevelopment.net/Services/api/CandidateManagement/GetInterviewsForCandidate',
          GetEmailLogForCandidateUrl: 'https://cl12sales.sumtotaldevelopment.net/Services/api/CandidateManagement/GetEmailLogForCandidate',
          getListOfFoldersUrl: 'https://cl12sales.sumtotaldevelopment.net/Services/api/CandidateManagement/GetListOfFolders',
          GetEmailLogForCandidateUrl: 'https://cl12sales.sumtotaldevelopment.net/Services/api/CandidateManagement/GetEmailLogForCandidate',
          saveRecruitingFolder: 'https://cl12sales.sumtotaldevelopment.net/Services/api/CandidateManagement/SaveRecruitingFolder',
          savecandidateSearch: 'https://cl12sales.sumtotaldevelopment.net/Services/api/CandidateManagement/SaveCandidateSearch',
          getSavedSearches: 'https://cl12sales.sumtotaldevelopment.net/Services/api/CandidateManagement/GetSavedSearches',
          getCandidateTransactionHistoryUrl:'https://cl12sales.sumtotaldevelopment.net/Services/api/CandidateManagement/GetCandidateTransactionHistory',
          getRequisitionApplicationForCandidateUrl: 'https://cl12sales.sumtotaldevelopment.net/Services/api/CandidateManagement/GetRequisitionApplicationForCandidate',
          applyToRequisitionUrl: 'https://cl12sales.sumtotaldevelopment.net/Services/api/CandidateManagement/ApplyToRequisition',
          getAssessmentsForApplicationUrl: 'https://cl12sales.sumtotaldevelopment.net/Services/api/CandidateManagement/GetAssessmentsForApplication',
          getRequisitionCandidateAssessmentUrl: 'https://cl12sales.sumtotaldevelopment.net/Services/api/CandidateManagement/GetRequisitionCandidateAssessment',
          getCandidateExplorerOptions:'https://cl12sales.sumtotaldevelopment.net/Services/api/CandidateManagement/GetCandidateExplorerOptions',
          getCandidateAssessments: 'https://cl12sales.sumtotaldevelopment.net/Services/api/CandidateManagement/GetCandidateAssessments',
          removeCandidateUrl:'https://cl12sales.sumtotaldevelopment.net/Services/api/CandidateManagement/RemoveCandidate',
          getCandidateChecksData:'https://cl12sales.sumtotaldevelopment.net/Services/api/CandidateManagement/GetCandidateChecksData',
          saveChecksData: 'https://cl12sales.sumtotaldevelopment.net/Services/api/CandidateManagement/saveCandidateChecksData',
          getRecommendedCandidateListUrl:'https://cl12sales.sumtotaldevelopment.net/Services/api/CandidateManagement/GetRecommendedCandidateList',
          recommendedCandidatesActionUrl:'https://cl12sales.sumtotaldevelopment.net/Services/api/CandidateManagement/RecommendedCandidatesAction',
		  deleteGDPRExternalCandidateData:'https://cl12sales.sumtotaldevelopment.net/Services/api/CandidateManagement/deleteGDPRExternalCandidates',
          saveRequisitionCandidateAssessment:'https://cl12sales.sumtotaldevelopment.net/Services/api/CandidateManagement/SaveCandidateAssesssment',
          sendCandidateCommunication: 'https://cl12sales.sumtotaldevelopment.net/Services/api/CandidateManagement/SendCandidateCommunication',
          getCandidateCommunication: 'https://cl12sales.sumtotaldevelopment.net/Services/api/CandidateManagement/GetCandidateCommunicationList',
          getCreateCandidateFormModelUrl: 'https://cl12sales.sumtotaldevelopment.net/Services/api/GlobalConfigurator/modelconfigurations',
          sendCandidateCommunication: 'https://cl12sales.sumtotaldevelopment.net/Services/api/CandidateManagement/SendCandidateCommunication',
          addUserManuallyUrl: 'https://cl12sales.sumtotaldevelopment.net/Services/api/CandidateManagement/AddCandidate',
          deleteCandidateFromRequisitionUrl: 'https://cl12sales.sumtotaldevelopment.net/Services/api/CandidateManagement/DeleteCandidatesFromRequisition',
          getCandidateCommunicationContent: 'https://cl12sales.sumtotaldevelopment.net/Services/api/CandidateManagement/GetCandidateCommunication',
          sendEmailNotificationToCandidateUrl: 'https://cl12sales.sumtotaldevelopment.net/Services/api/CandidateManagement/sendEmailNotificationToCandidate'
        },
        onBoardingOfferManagement: {
          getRequisitionCompensationUrl: 'https://cl12sales.sumtotaldevelopment.net/Services/api/OfferManagement/GetRequisitionCompensationData',
          saveApplicationOfferUrl: 'https://cl12sales.sumtotaldevelopment.net/Services/api/OfferManagement/SaveApplicationOffer',
          getCurrencyCodesUrl: '/Core/Core/api/OnBoardingRequisitionApi/GetCurrencyCodes',
          getOfferDataUrl: 'https://cl12sales.sumtotaldevelopment.net/Services/api/OfferManagement/GetApplicationOfferData',
          deleteCompensationUrl: 'https://cl12sales.sumtotaldevelopment.net/Services/api/OfferManagement/DeleteCompensation',
          deleteAttachmentUrl: 'https://cl12sales.sumtotaldevelopment.net/Services/api/OfferManagement/DeleteAttachment',
          getPayTypeUrl: 'https://cl12sales.sumtotaldevelopment.net/Services/api/OfferManagement/GetPayType',
          getRequisitionOfferWorkflowKey: 'https://cl12sales.sumtotaldevelopment.net/Services/api/OfferManagement/GetRequisitionOfferWorkflowKey',
          sendSignatureRequest:'https://cl12sales.sumtotaldevelopment.net/Services/api/OfferManagement/SendSignatureRequest'
        },
        recruitingHire: {
          processHireUrl: 'https://cl12sales.sumtotaldevelopment.net/Services/api/RecruitingHire/ProcessHire',
          GetRecruitingHiresUrl: 'https://cl12sales.sumtotaldevelopment.net/Services/api/RecruitingHire/GetRecruitingHires',
          ExportCandidateDetailsUrl: '/Core/Core/api/profiledata/ExportCandidateDetails',
          CreateEmployeeRecordUrl : 'https://cl12sales.sumtotaldevelopment.net/Services/api/RecruitingHire/CreateEmployeeRecord',
          FinalizeNewHireUrl: 'https://cl12sales.sumtotaldevelopment.net/Services/api/RecruitingHire/FinalizeNewHire',
          canHireUrl : 'https://cl12sales.sumtotaldevelopment.net/Services/api/RecruitingHire/CanHire'
        },
        coaching:{
          getPermissionsUrl: 'https://cl12sales.sumtotaldevelopment.net/Services/api/coaching/GetPermissions',
          getIssuesForManagerUrl: 'https://cl12sales.sumtotaldevelopment.net/Services/api/Coaching/GetIssuesForManager',
          getEmployeeWithIssueForManagerUrl: 'https://cl12sales.sumtotaldevelopment.net/Services/api/Coaching/GetEmployeeWithIssueForManager'
        },
        continuousfeedback:{
          createOrEditFeedbackRequestUrl: 'https://cl12sales.sumtotaldevelopment.net/Services/api/continuousreview/CreateOrEditFeedbackRequest',
          createFeedbackRequestUrl: 'https://cl12sales.sumtotaldevelopment.net/Services/api/continuousreview/CreateFeedbackRequest',
          createOrEditFeedbackResponseUrl: 'https://cl12sales.sumtotaldevelopment.net/Services/api/continuousreview/CreateOrEditFeedbackResponse',
          getFeedbackRequestUrl: 'https://cl12sales.sumtotaldevelopment.net/Services/api/continuousreview/GetFeedbackRequest',
          getFeedbackResponseUrl: 'https://cl12sales.sumtotaldevelopment.net/Services/api/continuousreview/GetFeedbackResponse',
          getContinuousReviewItemsUrl: 'https://cl12sales.sumtotaldevelopment.net/Services/api/continuousreview/GetContinuousReviewItems',
          addRemoveCommentToFormUrl: 'https://cl12sales.sumtotaldevelopment.net/Services/api/continuousreview/AddRemoveCommentToForm',
          flagItemUrl: 'https://cl12sales.sumtotaldevelopment.net/Services/api/continuousreview/FlagItem',
          thankProviderUrl: 'https://cl12sales.sumtotaldevelopment.net/Services/api/continuousreview/ThankProvider',
          sendReminderUrl: 'https://cl12sales.sumtotaldevelopment.net/Services/api/continuousreview/SendReminder',
          getPermissionsUrl: 'https://cl12sales.sumtotaldevelopment.net/Services/api/continuousreview/GetPermissions',
          getFeedbackDatesDataUrl: 'https://cl12sales.sumtotaldevelopment.net/Services/api/continuousreview/GetFeedbackDatesData',
          createJournalUrl: 'https://cl12sales.sumtotaldevelopment.net/Services/api/continuousreview/CreateJournal',
          getJournalUrl: 'https://cl12sales.sumtotaldevelopment.net/Services/api/continuousreview/GetJournal',
          getCurrentManagerUrl: 'https://cl12sales.sumtotaldevelopment.net/Services/api/continuousreview/GetCurrentManager',
          replyJournalUrl: 'https://cl12sales.sumtotaldevelopment.net/Services/api/continuousreview/ReplyJournal',
          closeJournalUrl: 'https://cl12sales.sumtotaldevelopment.net/Services/api/continuousreview/CloseJournal',
          thankJournalUrl: 'https://cl12sales.sumtotaldevelopment.net/Services/api/continuousreview/ThankJournal',
          deleteJournalUrl: 'https://cl12sales.sumtotaldevelopment.net/Services/api/continuousreview/DeleteJournal',
          hardDeleteContinuousFeedbackUrl: 'https://cl12sales.sumtotaldevelopment.net/Services/api/continuousreview/HardDeleteContinuousFeedback',
          hardDeleteFeedbackJournalUrl: 'https://cl12sales.sumtotaldevelopment.net/Services/api/continuousreview/HardDeleteFeedbackJournal',

        },
        onboardingConfiguration:{
          getApprovalWorkflowsUrl: 'https://cl12sales.sumtotaldevelopment.net/Services/api/onboarding/configuration/getWorkflows',
          getApprovalWorkflowUrl: 'https://cl12sales.sumtotaldevelopment.net/Services/api/onboarding/configuration/getWorkflow',
          copyApprovalWorkflowsUrl: 'https://cl12sales.sumtotaldevelopment.net/Services/api/onboarding/configuration/copyWorkflows',
          saveApprovalWorkflowUrl: 'https://cl12sales.sumtotaldevelopment.net/Services/api/onboarding/configuration/saveWorkflow',
          deleteApprovalWorkflowUrl: 'https://cl12sales.sumtotaldevelopment.net/Services/api/onboarding/configuration/deleteWorkflow',
          activateApprovalWorkflowUrl: 'https://cl12sales.sumtotaldevelopment.net/Services/api/onboarding/configuration/activateWorkflow',
        },
        emailConfiguration: {
          saveEmailTemplateUrl: 'https://cl12sales.sumtotaldevelopment.net/Services/api/core/emailtemplates/saveEmailTemplate',
          getEmailTemplatesUrl: 'https://cl12sales.sumtotaldevelopment.net/Services/api/core/emailtemplates/getEmailTemplates',
          getEmailTemplateUrl: 'https://cl12sales.sumtotaldevelopment.net/Services/api/core/emailtemplates/getEmailTemplate',
          deleteEmailTemplateUrl: 'https://cl12sales.sumtotaldevelopment.net/Services/api/core/emailtemplates/deleteEmailTemplate',
          getEmailTemplateTypesUrl: 'https://cl12sales.sumtotaldevelopment.net/Services/api/core/emailtemplates/getEmailTemplateTypes/{category}'
        },
        journal:{
          addUpdateJournalUrl: '/Core/Core/api/journalapi/AddUpdateJournal',
          getJournalUrl: '/Core/Core/api/journalapi/GetJournal',
          getJournalsUrl: '/Core/Core/api/journalapi/GetJournals',
          getDirectReportsUrl: '/Core/Core/api/journalapi/GetDirectReports' ,
          getJournalAndFeedBackTimeline: '/Core/Core/api/journalapi/GetJournalAndFeedBackTimeLine',
        },
        feedbackTemplateConfiguraion: {
          getFeedbackTemplatesUrl: 'https://cl12sales.sumtotaldevelopment.net/Services/api/core/feedbacktemplates/getFeedbackTemplates',
          saveFeedbackTemplateUrl: 'https://cl12sales.sumtotaldevelopment.net/Services/api/core/feedbacktemplates/saveFeedbackTemplate',
          getFeedbackTemplateUrl: 'https://cl12sales.sumtotaldevelopment.net/Services/api/core/feedbacktemplates/getFeedbackTemplate',
          deleteFeedbackTemplatesUrl: 'https://cl12sales.sumtotaldevelopment.net/Services/api/core/feedbacktemplates/deleteFeedbackTemplates',
          getFeedbackTemplatesForSelectionUrl: 'https://cl12sales.sumtotaldevelopment.net/Services/api/core/feedbacktemplates/getFeedbackTemplatesForSelection'

        },
        feedbackQuestionConfiguraion: {
          getFeedbackQuestionUrl: 'https://cl12sales.sumtotaldevelopment.net/Services/api/core/feedbackquestions/getFeedbackQuestions',
          saveFeedbackQuestionUrl: 'https://cl12sales.sumtotaldevelopment.net/Services/api/core/feedbackquestions/saveFeedbackQuestion',
          deleteFeedbackQuestionsUrl: 'https://cl12sales.sumtotaldevelopment.net/Services/api/core/feedbackquestions/deleteFeedbackQuestions'
        },
        careerplan:{
          getSectionMatchesForJob: '/Core/Core/api/careerplanapi/GetSectionMatchesForJob',
          getCareerPlan:  '/Core/Core/api/careerplanapi/GetCareerPlan',
          getCareerPlanShares: '/Core/Core/api/careerplanapi/GetCareerPlanShares',
          deleteCareerPlanShare: '/Core/Core/api/careerplanapi/DeleteCareerPlanShare',
          addCareerPlanShare: '/Core/Core/api/careerplanapi/AddCareerPlanShare',
          getCareerPlanRecommendedJobs:  '/Core/Core/api/careerplanapi/GetCareerPlanRecommendedJobs',
          getLMskillsFromJob: '/Core/Core/api/careerplanapi/GetLMskillsFromJob',
          deleteCareerPlanJob: '/Core/Core/api/careerplanapi/DeleteCareerPlanJob',
          addCareerPlanJob: '/Core/Core/api/careerplanapi/AddCareerPlanJob',
          canViewCareerPlan: '/Core/Core/api/careerplanapi/CanViewCareerPlan',
          getCareerPlanActions:  '/Core/Core/api/careerplanapi/GetCareerPlanActions',
          addCareerPlanAction: '/Core/Core/api/careerplanapi/AddCareerPlanAction',
            deleteCareerPlanAction: '/Core/Core/api/careerplanapi/DeleteCareerPlanAction',
            learning: 'https://cl12sales.sumtotaldevelopment.net/Services/api/core/careerplan/learning'
        },
        notificationtemplates:
        {
          getNotificationTemplates: '/Core/Core/api/notificationtemplatesapi/getNotificationTemplates',
          getNotificationTemplate: '/Core/Core/api/notificationtemplatesapi/getNotificationTemplate'+ '?notificationID=',
          saveNotificationTemplateURL: '/Core/Core/api/notificationtemplatesapi/SaveNotificationTemplate',
        },
        competencyprofile:{
          getCompetencyProfile: '/Core/Core/api/competencyprofileapi/GetCompetencyProfile',
          getFeedbackForCompetency: '/Core/Core/api/competencyprofileapi/GetFeedbackForCompetency',
          getLMskillsFromCompetency: '/Core/Core/api/competencyprofileapi/GetLMskillsFromCompetency',
          getSuccessorPositionsForUser: '/Core/Core/api/competencyprofileapi/GetSuccessorPositionsForUser',
          getPrimaryJob: '/Core/Core/api/competencyprofileapi/GetPrimaryJob',
          getBehaviorsForCompetency: '/Core/Core/api/competencyprofileapi/GetBehaviorsForCompetency',
          updateCompetencySelfRatings: '/Core/Core/api/competencyprofileapi/UpdateCompetencySelfRatings',
          updateCompetencyManagerRatings: 'https://cl12sales.sumtotaldevelopment.net/Services/api/core/competencyprofile/competencymanagerratings',
          canViewSuccessionPlan: '/Core/Core/api/competencyprofileapi/CanViewSuccessionPlan',
          canViewCompetencyProfile: '/Core/Core/api/competencyprofileapi/CanViewCompetencyProfile'
        },
        surveybuilder:{
          getSurveyConfigDataUrl: 'https://cl12sales.sumtotaldevelopment.net/Services/api/SurveyBuilder/GetSurveyConfiguration',
          saveSurveyConfigDataUrl:'https://cl12sales.sumtotaldevelopment.net/Services/api/SurveyBuilder/SaveSurveyConfiguration',
          getSurveyList : 'https://cl12sales.sumtotaldevelopment.net/Services/api/SurveyBuilder/GetSurveyList',
          pushToAssessmentJobConfigDataUrl : 'https://cl12sales.sumtotaldevelopment.net/Services/api/SurveyBuilder/PushToAssessmentJob',
          copySurveyConfigDataUrl : 'https://cl12sales.sumtotaldevelopment.net/Services/api/SurveyBuilder/CopySurveyConfiguration',
          updateSurveyStatusUrl : 'https://cl12sales.sumtotaldevelopment.net/Services/api/SurveyBuilder/UpdateSurveyStatus',
          getCodeByCatcdUrl: '/Core/Core/api/lookupsapi/codecats',
        },
        assessment:{
          getAssessmentListUrl: 'https://cl12sales.sumtotaldevelopment.net/Services/api/HourlyAssessmentApi/GetHourlyAssessmentList',
          getFilterStatusTypesUrl: 'https://cl12sales.sumtotaldevelopment.net/Services/api/HourlyAssessmentApi/GetFilterStatusTypes',
          getActivityDetailsUrl: 'https://cl12sales.sumtotaldevelopment.net/Services/api/HourlyAssessmentApi/GetActivityDetails',
          deleteCancelAssessmentUrl: 'https://cl12sales.sumtotaldevelopment.net/Services/api/HourlyAssessmentApi/DeleteCancelAssessment',
          getSurveyListUrl:'https://cl12sales.sumtotaldevelopment.net/Services/api/HourlyAssessmentApi/GetSurveyList',
          getJobListUrl: 'https://cl12sales.sumtotaldevelopment.net/Services/api/HourlyAssessmentApi/GetJobList',
          createAssessmentUrl:'https://cl12sales.sumtotaldevelopment.net/Services/api/HourlyAssessmentApi/CreateAssessment',
          transferTaskAssessmentUrl:'https://cl12sales.sumtotaldevelopment.net/Services/api/HourlyAssessmentApi/TransferTaskAssessment',
          CreateAssessmentFromReportWidgetUrl:'https://cl12sales.sumtotaldevelopment.net/Services/api/HourlyAssessmentApi/CreateAssessmentFromReportWidget',
          getUserInfoUrl:'https://cl12sales.sumtotaldevelopment.net/Services/api/HourlyAssessmentApi/GetUserInfo',
          getHourlyAssessmentManagerUrl:'https://cl12sales.sumtotaldevelopment.net/Services/api/HourlyAssessmentApi/GetHourlyAssessmentManager',
          getHourlyAssessmentAccessRightsUrl:'https://cl12sales.sumtotaldevelopment.net/Services/api/HourlyAssessmentApi/GetAccessRightsForHourlyAssessmentSurvey',
          getHourlyAssessmentWidgetData:'https://cl12sales.sumtotaldevelopment.net/Services/api/HourlyAssessmentApi/GetHourlyAssessmentsWidget',
        },
        evaluation:{
          getEvaluationformDataUrl:'https://cl12sales.sumtotaldevelopment.net/Services/api/HourlyAssessmentApi/GetHourlyEvaluationFormData',
          saveEvaluationformDataUrl:'https://cl12sales.sumtotaldevelopment.net/Services/api/HourlyAssessmentApi/SaveHourlyEvaluationFormData',
          getbehaviorsforcompetency:'https://cl12sales.sumtotaldevelopment.net/Services/api/HourlyAssessmentApi/GetBehaviorsforCompetency',
          getCompetenciesUrl : 'https://cl12sales.sumtotaldevelopment.net/Services/api/HourlyAssessmentApi/GetCompetencies'
        },
        interview:{
          getInterviewsForRequisitionUrl: 'https://cl12sales.sumtotaldevelopment.net/Services/api/RecruitingInterview/GetInterviewsForRequisition',
          getTrackingDetailsByRequisitionUrl: 'https://cl12sales.sumtotaldevelopment.net/Services/api/RecruitingInterview/GetTrackingDetailsByRequisition',
          getTrackingDetailsByIdUrl: 'https://cl12sales.sumtotaldevelopment.net/Services/api/RecruitingInterview/GetTrackingDetailsById',
          getRecruitingLocationsUrl: 'https://cl12sales.sumtotaldevelopment.net/Services/api/RecruitingInterview/GetRecruitingLocations',
          saveInterviewUrl: 'https://cl12sales.sumtotaldevelopment.net/Services/api/RecruitingInterview/SaveInterviewDetails',
          getInterviewerInterviewTopicRelationUrl: 'https://cl12sales.sumtotaldevelopment.net/Services/api/RecruitingInterview/GetIntervFiewerInterviewTopicRelation',
          deleteAttachmentUrl: 'https://cl12sales.sumtotaldevelopment.net/Services/api/RecruitingInterview/DeleteAttachment',
          getInterviewDataById: 'https://cl12sales.sumtotaldevelopment.net/Services/api/RecruitingInterview/GetInterviewDetails',
          saveInterviewFeedbackUrl: 'https://cl12sales.sumtotaldevelopment.net/Services/api/RecruitingInterview/SaveInterviewFeedback',
          commitInterviewFeedbackUrl: 'https://cl12sales.sumtotaldevelopment.net/Services/api/RecruitingInterview/CommitInterviewFeedback',
          saveInterviewDiscussionUrl: 'https://cl12sales.sumtotaldevelopment.net/Services/api/RecruitingInterview/SaveInterviewDiscussion',
          getInterviewFeedbacksUrl: 'https://cl12sales.sumtotaldevelopment.net/Services/api/RecruitingInterview/GetInterviewFeedbacks',
          getInterviewDiscussionsUrl: 'https://cl12sales.sumtotaldevelopment.net/Services/api/RecruitingInterview/GetInterviewDiscussions',
          getInterviewFeedbackUrl: 'https://cl12sales.sumtotaldevelopment.net/Services/api/RecruitingInterview/GetInterviewFeedback',
          getRequisitionCandidateAttachementsUrl: 'https://cl12sales.sumtotaldevelopment.net/Services/api/RecruitingInterview/GetRequisitionCandidateAttachements',
          saveRequisitionCandidateAttachmentUrl: 'https://cl12sales.sumtotaldevelopment.net/Services/api/RecruitingInterview/SaveRequisitionCandidateAttachment',
          deleteRequisitionCandidateAttachmentUrl: 'https://cl12sales.sumtotaldevelopment.net/Services/api/RecruitingInterview/DeleteRequisitionCandidateAttachment',
          getInterviewTopicCategoriesUrl: 'https://cl12sales.sumtotaldevelopment.net/Services/api/RecruitingInterview/GetInterviewTopicCategories',
          isInterviewInUseUrl: 'https://cl12sales.sumtotaldevelopment.net/Services/api/RecruitingInterview/IsInterviewInUse',
          getCurrentPersonIdUrl: 'https://cl12sales.sumtotaldevelopment.net/Services/api/RecruitingInterview/GetCurrentPersonId',
          getInterviewStatusUrl: 'https://cl12sales.sumtotaldevelopment.net/Services/api/RecruitingInterview/GetInterviewStatus',
          cancelInterviewUrl: 'https://cl12sales.sumtotaldevelopment.net/Services/api/RecruitingInterview/CancelInterview'
        },
        recruitingassessment:{
          saveAssessment: '/Core/Core/api/recruitingassessmentapi/SaveAssessment',
          getRecruitingAssessmentsUrl: '/Core/Core/api/recruitingassessmentapi/GetRecruitingAssessments',
          getRecruitingAssessmentUrl: '/Core/Core/api/recruitingassessmentapi/GetRecruitingAssessment',
          deleteRecruitingAssessmentsUrl: '/Core/Core/api/recruitingassessmentapi/DeleteRecruitingAssessments',
          copyRecruitingAssessmentUrl: '/Core/Core/api/recruitingassessmentapi/CopyRecruitingAssessment',
          getAllRecruitingTagsUrl: '/Core/Core/api/recruitingassessmentapi/GetAllRecruitingTags',
          searchAssessmentTagsURL: '/Core/Core/api/recruitingassessmentapi/SearchAssessmentTags',
          getRecruitingAssessmentPermissionsUrl: '/Core/Core/api/recruitingassessmentapi/GetRecruitingAssessmentPermissions'
        },
        eventdefinition:{
          getProcess: 'https://cl12sales.sumtotaldevelopment.net/Services/api/EventDefinition/GetProcess',
          getAllProcesses: 'https://cl12sales.sumtotaldevelopment.net/Services/api/EventDefinition/GetAllProcesses'
        },
        gamificationAdmin:{
          badges: 'https://cl12sales.sumtotaldevelopment.net/Services/api/gamification/admin/badges',
          badgesDelete: 'https://cl12sales.sumtotaldevelopment.net/Services/api/gamification/admin/badges/delete',
          levels: 'https://cl12sales.sumtotaldevelopment.net/Services/api/gamification/admin/levels',
          pointcriterions: 'https://cl12sales.sumtotaldevelopment.net/Services/api/gamification/admin/pointcriterions',
          categoryFields: 'https://cl12sales.sumtotaldevelopment.net/Services/api/gamification/admin/categoryFields',
          rulesets:'https://cl12sales.sumtotaldevelopment.net/Services/api/gamification/admin/rulesets',
          rulesetsDelete:'https://cl12sales.sumtotaldevelopment.net/Services/api/gamification/admin/rulesets/delete'
        },
        gamification:{
          leaderboards: 'https://cl12sales.sumtotaldevelopment.net/Services/api/gamification/leaderboards',
          logs: 'https://cl12sales.sumtotaldevelopment.net/Services/api/gamification/logs',
          badges: 'https://cl12sales.sumtotaldevelopment.net/Services/api/gamification/badges',
          leaderboards: 'https://cl12sales.sumtotaldevelopment.net/Services/api/gamification/leaderboards',
          favorites: 'https://cl12sales.sumtotaldevelopment.net/Services/api/gamification/favorites/{targetUserId}',
          summaries: 'https://cl12sales.sumtotaldevelopment.net/Services/api/gamification/summaries/{targetUserId}'
        },
        recruitingConfig:{
          getActions: 'https://cl12sales.sumtotaldevelopment.net/Services/api/recruitingconfiguration/actions',
          getProcessList: 'https://cl12sales.sumtotaldevelopment.net/Services/api/recruitingconfiguration/processes',
          getProcessDetails: 'https://cl12sales.sumtotaldevelopment.net/Services/api/recruitingconfiguration/processes/{id}',
          getAddProcessDetails: 'https://cl12sales.sumtotaldevelopment.net/Services/api/recruitingconfiguration/processes/-1',
          saveProcessDetails: 'https://cl12sales.sumtotaldevelopment.net/Services/api/recruitingconfiguration/saveprocess',
          deleteProcess: 'https://cl12sales.sumtotaldevelopment.net/Services/api/recruitingconfiguration/deleteprocess'
        },
        meeting:{
          getMeetingTimeSlotsUrl: 'https://cl12sales.sumtotaldevelopment.net/Services/api/MeetingScheduler/GetMeetingTimeSlots',
          createMeetingUrl: 'https://cl12sales.sumtotaldevelopment.net/Services/api/MeetingScheduler/CreateMeeting'
        },
        offerTemplate:{
          getOfferTemplate: 'https://cl12sales.sumtotaldevelopment.net/Services/api/OfferManagement/GetOfferTemplate',
          getOfferTemplates: 'https://cl12sales.sumtotaldevelopment.net/Services/api/OfferManagement/GetOfferTemplates',
          saveOfferTemplate: 'https://cl12sales.sumtotaldevelopment.net/Services/api/OfferManagement/SaveOfferTemplate',
          deleteOfferTemplate: 'https://cl12sales.sumtotaldevelopment.net/Services/api/OfferManagement/DeleteOfferTemplate',
          getOfferPreview: '/Core/Core/api/OnBoardingRequisitionApi/GetOfferPreview',
          getTemplatePlaceholderCodes : 'https://cl12sales.sumtotaldevelopment.net/Services/api/OfferManagement/GetTemplatePlaceholderCode',
          getParsedOfferTemplate : 'https://cl12sales.sumtotaldevelopment.net/Services/api/OfferManagement/GetParsedOfferTemplate',
          saveOfferPreview: '/Core/Core/api/OnBoardingRequisitionApi/SaveOfferPreview',
        },
        nBox: {
          getNBoxConfigurationsUrl: 'https://cl12sales.sumtotaldevelopment.net/Services/api/nbox/configuration/nboxconfigurations',
          getNBoxConfigurationUrl: 'https://cl12sales.sumtotaldevelopment.net/Services/api/nbox/configuration/nboxconfigurations/{id}',
          deleteNBoxConfigurationsUrl: 'https://cl12sales.sumtotaldevelopment.net/Services/api/nbox/configuration/deletenboxconfigurations',
          getNBoxConfigurationPermissionsUrl: 'https://cl12sales.sumtotaldevelopment.net/Services/api/nbox/configuration/nboxconfigurationpermissions',
          saveNBoxConfigurationUrl: 'https://cl12sales.sumtotaldevelopment.net/Services/api/nbox/configuration/saveconfiguration',
          filter: 'https://cl12sales.sumtotaldevelopment.net/Services/api/nbox/filter/',
          getNBoxRatingFieldsUrl: 'https://cl12sales.sumtotaldevelopment.net/Services/api/nbox/configuration/ratingfields',
          getNBoxCalibrationsURL: 'https://cl12sales.sumtotaldevelopment.net/Services/api/nboxcalibrationapi/GetNBoxCalibrations',
          getNBoxCalibrationsFromSPTalentPoolURL: 'https://cl12sales.sumtotaldevelopment.net/Services/api/nboxcalibrationapi/GetNBoxCalibrationsFromSPTalentPool',
          getNBoxConfigurationsForUserURL: 'https://cl12sales.sumtotaldevelopment.net/Services/api/nboxcalibrationapi/GetNBoxConfigurationsForUser',
          saveNBoxCalibrationsURL: 'https://cl12sales.sumtotaldevelopment.net/Services/api/nboxcalibrationapi/SaveNBoxCalibrations',
          getDemoGraphicForPersonsURL: 'https://cl12sales.sumtotaldevelopment.net/Services/api/nboxcalibrationapi/GetDemographicForPersons',
          exportNBoxMatrixDetailsURL: 'https://cl12sales.sumtotaldevelopment.net/Services/api/nboxcalibrationapi/ExportNBoxMatrixDetails'
        },
        sumtSocial:{
          communities:'https://cl12sales.sumtotaldevelopment.net/Services/api/sumtSocial/communities',
          adminCommunities:'https://cl12sales.sumtotaldevelopment.net/Services/api/sumtSocial/admin/communities',
          addUpdateUserCommuntiyRating:'https://cl12sales.sumtotaldevelopment.net/Services/api/sumtSocial/user/{communityId}/addUpdateRating',
          getUserCommunityRating:'https://cl12sales.sumtotaldevelopment.net/Services/api/sumtSocial/user/{communityId}/rating',
          favorites:'https://cl12sales.sumtotaldevelopment.net/Services/api/sumtSocial/communities/{communityId}/favorite',
          updateCommunity:'https://cl12sales.sumtotaldevelopment.net/Services/api/sumtSocial/communities/{communityId}/update',
          removeCommunity:'https://cl12sales.sumtotaldevelopment.net/Services/api/sumtSocial/communities/{communityId}/remove',
          removeActivityCommunity:'https://cl12sales.sumtotaldevelopment.net/Services/api/sumtSocial/activities/{activityId}/removeCommunity',
          communityMembers:'https://cl12sales.sumtotaldevelopment.net/Services/api/sumtSocial/communities/{communityId}/members',
          updateCommunityMembership:'https://cl12sales.sumtotaldevelopment.net/Services/api/sumtSocial/users/{targetUserId}/communityMembership',
          updateCommunityMembership:'https://cl12sales.sumtotaldevelopment.net/Services/api/sumtSocial/users/{targetUserId}/communityMembership',
          getCommunity:'https://cl12sales.sumtotaldevelopment.net/Services/api/sumtSocial/communities/{communityId}',
          likeSocialObjectUrl: 'https://cl12sales.sumtotaldevelopment.net/Services/api/social/{objectId}/like',
          likeCommentUrl: 'https://cl12sales.sumtotaldevelopment.net/Services/api/social/comment/{commentId}/like',
          getSocialObjectlikedUsersUrl: 'https://cl12sales.sumtotaldevelopment.net/Services/api/social/{objectId}/likes',
          getPostlikedUsersUrl: 'https://cl12sales.sumtotaldevelopment.net/Services/api/social/comment/{commentId}/likes',
          files:'https://cl12sales.sumtotaldevelopment.net/Services/api/sumtSocial/communities/{communityId}/files',
          removeCommunityMembers: 'https://cl12sales.sumtotaldevelopment.net/Services/api/sumtSocial/communities/{communityId}/removeMembers',
          addUpdateMembers: 'https://cl12sales.sumtotaldevelopment.net/Services/api/sumtSocial/communities/{communityId}/addUpdateMembers',
          removeFile: 'https://cl12sales.sumtotaldevelopment.net/Services/api/sumtSocial/communities/{communityId}/files/{fileId}/remove',
          ownerCount: 'https://cl12sales.sumtotaldevelopment.net/Services/api/sumtSocial/communities/{communityId}/ownerCount',
          fileReferenceCount: 'https://cl12sales.sumtotaldevelopment.net/Services/api/sumtSocial/communities/files/{fileIdentifier}/reference',
          searchEmployees: 'https://cl12sales.sumtotaldevelopment.net/Services/api/sumtSocial/communities/searchEmployees',
          communityFeed:'https://cl12sales.sumtotaldevelopment.net/Services/api/sumtSocial/communities/CommunityFeed',
          flag: {
            getFlaggedObjects: 'https://cl12sales.sumtotaldevelopment.net/Services/api/sumtSocial/flag/{communityId}',
            saveFlagDetails: 'https://cl12sales.sumtotaldevelopment.net/Services/api/sumtSocial/flag/saveflag',
			getFlagDetails: 'https://cl12sales.sumtotaldevelopment.net/Services/api/sumtSocial/communities/{communityId}/flagDetails/{flaggedObjectId}',
            removeFlags: 'https://cl12sales.sumtotaldevelopment.net/Services/api/sumtSocial/communities/{communityId}/{flaggedObjectId}/removeFlags',
            unFlagObject: 'https://cl12sales.sumtotaldevelopment.net/Services/api/sumtSocial/communities/{communityId}/flag/{objectId}/unflag'
          },
          discussion : {
            getDiscussionReplies: 'https://cl12sales.sumtotaldevelopment.net/Services/api/social/discuss/{discussionId}/replies',
            deleteDiscussionReply: 'https://cl12sales.sumtotaldevelopment.net/Services/api/social/discuss/reply/{replyId}',
            getDiscussionDetails: 'https://cl12sales.sumtotaldevelopment.net/Services/api/social/discuss/{discussionId}',
            createDiscussionReply: 'https://cl12sales.sumtotaldevelopment.net/Services/api/social/discuss/reply',
            createAndModifyDiscussion: 'https://cl12sales.sumtotaldevelopment.net/Services/api/social/discuss',
            getCommunityDiscussions: 'https://cl12sales.sumtotaldevelopment.net/Services/api/social/discussions',
            deleteDiscussion: 'https://cl12sales.sumtotaldevelopment.net/Services/api/social/discuss/delete/{id}'
          },
          blog: {
            getBlogsList: 'https://cl12sales.sumtotaldevelopment.net/Services/api/social/communities/{communityId}/blogs',
            getBlogById: 'https://cl12sales.sumtotaldevelopment.net/Services/api/social/communities/blogs/{blogId}',
            createBlog: 'https://cl12sales.sumtotaldevelopment.net/Services/api/social/communities/{communityId}/blogs',
            modifyBlog: 'https://cl12sales.sumtotaldevelopment.net/Services/api/social/blogs',
            deleteBlog: 'https://cl12sales.sumtotaldevelopment.net/Services/api/social/communities/{communityId}/blogs/{blogId}/remove',
            getBlogPosts:'https://cl12sales.sumtotaldevelopment.net/Services/api/social/communities/blogs/{blogId}/blogposts',
            getBlogPostById:'https://cl12sales.sumtotaldevelopment.net/Services/api/social/communities/blogposts/{blogPostId}',
            editBlogPost: 'https://cl12sales.sumtotaldevelopment.net/Services/api/social/communities/blogposts',
            addCommentUrl:'https://cl12sales.sumtotaldevelopment.net/Services/api/social/blogPost/AddComment',
            getCommentUrl: 'https://cl12sales.sumtotaldevelopment.net/Services/api/social/blogPost/GetComments',
            getCommentRepliesUrl: 'https://cl12sales.sumtotaldevelopment.net/Services/api/social/blogPost/GetReplies',
            getCommentDeepLinkResponseUrl:'https://cl12sales.sumtotaldevelopment.net/Services/api/social/blogPost/GetBlogPostRepliesDeepLinkResponse',
            editCommentUrl: 'https://cl12sales.sumtotaldevelopment.net/Services/api/social/blogPost/EditComment',
            deleteCommentUrl: 'https://cl12sales.sumtotaldevelopment.net/Services/api/social/blogPost/DeleteComment',
            approveBlogPost: 'https://cl12sales.sumtotaldevelopment.net/Services/api/social/communities/blogposts/approve'
          }
        }
      };
    }

    // This is the factory function for static data.
    return function(_, URI) {

      var apiPaths = createAPIPaths(),
        staticData = null;

      apiPaths = _.merge(apiPaths, {"attestation":{"attestationApi":{"baseUrl":"/Core/Core/api/AttestationApi/","addAttestationAuditRecord":"/Core/Core/api/AttestationApi/AddAttestationAuditRecord","checkAttestationStatus":"/Core/Core/api/AttestationApi/CheckAttestationStatus","getAllAttestationDefinitions":"/Core/Core/api/AttestationApi/GetAllAttestationDefinitions","getAttestationDefinitionById":"/Core/Core/api/AttestationApi/GetAttestationDefinitionById","getAttestationDefinition":"/Core/Core/api/AttestationApi/GetAttestationDefinition","getAttestationDefinitions":"/Core/Core/api/AttestationApi/GetAttestationDefinitions","saveAttestationDefinition":"/Core/Core/api/AttestationApi/SaveAttestationDefinition"}},"esignatureApi":{"eSignatureApi":{"baseUrl":"/Core/Core/api/ESignatureApi/"}},"timeline":{"timelineApi":{"baseUrl":"/Core/Core/api/TimelineApi/","loadTimelineViewData":"/Core/Core/api/TimelineApi/LoadTimelineViewData","loadNotificationCount":"/Core/Core/api/TimelineApi/LoadNotificationCount","getTimelineTaskCount":"/Core/Core/api/TimelineApi/getTimelineTaskCount"}},"upload":{"uploadApi":{"baseUrl":"/Core/Core/api/UploadApi/","retrieveFiles":"/Core/Core/api/UploadApi/RetrieveFiles","getFileBytes":"/Core/Core/api/UploadApi/GetFileBytes","removeFiles":"/Core/Core/api/UploadApi/RemoveFiles","downloadFile":"/Core/Core/api/UploadApi/DownloadFile","getPermissions":"/Core/Core/api/UploadApi/GetPermissions","uploadFile":"/Core/Core/api/UploadApi/UploadFile","updateFileInfo":"/Core/Core/api/UploadApi/UpdateFileInfo","uploadPersonImage":"/Core/Core/api/UploadApi/UploadPersonImage"}},"calendarApi":{"calendarApi":{"baseUrl":"/Core/Learning/api/CalendarApi/"}},"myprofile":{"profileData":{"baseUrl":"/Core/Core/api/ProfileData/","removePersonImage":"/Core/Core/api/ProfileData/RemovePersonImage","getInstalledPillars":"/Core/Core/api/ProfileData/GetInstalledPillars","actOnPendingApproval":"/Core/Core/api/ProfileData/ActOnPendingApproval","pendingApprovalSecurityCheck":"/Core/Core/api/ProfileData/PendingApprovalSecurityCheck","isGuestUser":"/Core/Core/api/ProfileData/IsGuestUser"}}});

      var modulesPath = '/Core/dist/app/modules';
      staticData = _.merge(root.tempStaticData, {
        versionNumber:  'ElixHR_18.3.0.0_2018.8.7.1',
        majorVersionNumber: '18.3',
        identity: _.cloneDeep(root.tempStaticData.Identity),
        culture: _.cloneDeep(root.tempStaticData.Culture),
        learningCatalog: _.cloneDeep(root.tempStaticData.LearningCatalog),
        userID: '1252D64C27E97EBCC615775F6386491D',
        guestAccount: '0',
        userTimezone: 'America/Tijuana',
        debugEnabled: root.tempStaticData.debugEnabled,
        scriptPath: scriptPath,
        currentTheme: null,
        photoUrl: scriptPath + photoPath,
        fileUrl: scriptPath + filePath,
        communityFileUrl: scriptPath + socialFilesPath,
        customHelpFileUrl: scriptPath + customHelpFilesPath,
        isAuditEnabled: isAuditEnabled,
        framesPath: {
          themePreview: '/Core/PublicAccess/ThemePreview',
          componentsPreview: '/Core/PublicAccess/ComponentsPreview'
        },
        appPath: '/Core/app',
        rootPathFolder: htmlRootPath,
        tenantKey: tenantKey,
        apiPaths: apiPaths,
        dashboardPerms: {"CanPersonalizeDashboards":true,"CanEditDashboards":false,"CanAddDashboards":false,"CanDeleteDashboards":false,"CanAccessThemeEditor":false},
        safeOrigin: /(sumtotalsystems\.com|cl12sales\.sumtotaldevelopment\.net|supp-bi-master\.sumtotaldemo\.net|cl-ugm12a)$/i,
        webPartDefinitionCategories: {"Hash":"-246538080","Categories":[{"Category":{"Id":5,"Name":"Common","CategoryKey":"WebPartDefinition_Common","Description":"Common","ParentId":1,"OrdinalPosition":null},"Definitions":[{"WebPartDefinitionKey":"Common_SumtIFrameWebPart","Title":"iFrame","Description":"Enables users to configure a URL to display within the widget.","SubTitle":"IFrame Widget","WebPartIconName":null,"WidgetNotificationMode":0,"WidgetDeeplinkUrlText":null,"CategoryName":"Common","IsWebPartEnabled":true,"TypeName":"SumTotal.SPPortal.WebParts.Core.Common.SumtIFrameWebPart.SumtIFrameWebPart, SumTotal.SPPortal.WebParts, Version=1.0.0.0, Culture=neutral, PublicKeyToken=6b7f90fbd13cce01","WebPartServiceAgentInterfaceTypeName":null,"WebPartDefinitionXml":null,"HideWebPartHeader":false,"HideWebPartFooter":true,"IsFreeFlowing":false,"PillarKey":null,"ChromeStyle":7,"ParameterJSON":"{\"HeaderLinkIcon\": \"\", \"IsCustomEditor\": false, \"PreviewType\" : \"iframe\", \"iFrameUrl\": \"http://www.google.com\"}","TemplatePath":"app/modules/dashboard/views/webparts/widgetIFrame.html","IsSystemLocked":false,"Category":{"Id":5,"Name":"Common","CategoryKey":"WebPartDefinition_Common","Description":"Common","ParentId":1,"OrdinalPosition":null},"Id":3},{"WebPartDefinitionKey":"About_Me","Title":"About Me","Description":"Displays key profile information about the employee.","SubTitle":"Photo, email and employment information","WebPartIconName":null,"WidgetNotificationMode":0,"WidgetDeeplinkUrlText":"View my profile","CategoryName":"Common","IsWebPartEnabled":true,"TypeName":"SumTotal.SPPortal.WebParts.Core.MySelf.AboutMe.AboutMe, SumTotal.SPPortal.WebParts, Version=1.0.0.0, Culture=neutral, PublicKeyToken=6b7f90fbd13cce01","WebPartServiceAgentInterfaceTypeName":null,"WebPartDefinitionXml":null,"HideWebPartHeader":true,"HideWebPartFooter":true,"IsFreeFlowing":false,"PillarKey":null,"ChromeStyle":7,"ParameterJSON":"{\"HeaderLinkIcon\": \"\", \"IsCustomEditor\": false, \"PreviewType\" : \"aboutme\"}","TemplatePath":"app/modules/dashboard/views/webparts/widgetAboutMe.html","IsSystemLocked":false,"Category":{"Id":5,"Name":"Common","CategoryKey":"WebPartDefinition_Common","Description":"Common","ParentId":1,"OrdinalPosition":null},"Id":43},{"WebPartDefinitionKey":"Common_ContentEditor","Title":"Content Editor","Description":"Enables users to add custom HTML to a dashboard.","SubTitle":"Content Editor Widget","WebPartIconName":null,"WidgetNotificationMode":0,"WidgetDeeplinkUrlText":null,"CategoryName":"Common","IsWebPartEnabled":true,"TypeName":null,"WebPartServiceAgentInterfaceTypeName":null,"WebPartDefinitionXml":null,"HideWebPartHeader":false,"HideWebPartFooter":true,"IsFreeFlowing":false,"PillarKey":null,"ChromeStyle":7,"ParameterJSON":"{\"HeaderLinkIcon\": \"\", \"IsCustomEditor\": true, \"PreviewType\" : \"iframe\"}","TemplatePath":"app/modules/dashboard/views/webparts/widgetContentEditor.html","IsSystemLocked":false,"Category":{"Id":5,"Name":"Common","CategoryKey":"WebPartDefinition_Common","Description":"Common","ParentId":1,"OrdinalPosition":null},"Id":60},{"WebPartDefinitionKey":"Timeline","Title":"Timeline","Description":"Displays tasks, approvals, and other updates in a timeline view.","SubTitle":"Activity timeline","WebPartIconName":null,"WidgetNotificationMode":0,"WidgetDeeplinkUrlText":null,"CategoryName":"Common","IsWebPartEnabled":true,"TypeName":null,"WebPartServiceAgentInterfaceTypeName":null,"WebPartDefinitionXml":null,"HideWebPartHeader":false,"HideWebPartFooter":false,"IsFreeFlowing":false,"PillarKey":null,"ChromeStyle":7,"ParameterJSON":"{\"HeaderLinkIcon\": \"\", \"IsCustomEditor\": false, \"PreviewType\" : \"timeline\"}","TemplatePath":"app/modules/dashboard/views/webparts/widgetTimeline.html","IsSystemLocked":false,"Category":{"Id":5,"Name":"Common","CategoryKey":"WebPartDefinition_Common","Description":"Common","ParentId":1,"OrdinalPosition":null},"Id":61},{"WebPartDefinitionKey":"Key_Measures","Title":"Key Measures","Description":"Displays key performance measures for a user.","SubTitle":"Key Measures","WebPartIconName":null,"WidgetNotificationMode":0,"WidgetDeeplinkUrlText":null,"CategoryName":"Common","IsWebPartEnabled":true,"TypeName":null,"WebPartServiceAgentInterfaceTypeName":null,"WebPartDefinitionXml":null,"HideWebPartHeader":false,"HideWebPartFooter":true,"IsFreeFlowing":false,"PillarKey":null,"ChromeStyle":7,"ParameterJSON":"{\"HeaderLinkIcon\": \"\", \"IsCustomEditor\": false, \"PreviewType\" : \"claw\"}","TemplatePath":"app/modules/dashboard/views/webparts/widgetKeyMeasures.html","IsSystemLocked":false,"Category":{"Id":5,"Name":"Common","CategoryKey":"WebPartDefinition_Common","Description":"Common","ParentId":1,"OrdinalPosition":null},"Id":62},{"WebPartDefinitionKey":"Direct_Reports","Title":"Direct Reports","Description":"Listing of your direct reports.","SubTitle":"Direct Reports","WebPartIconName":null,"WidgetNotificationMode":0,"WidgetDeeplinkUrlText":null,"CategoryName":"Common","IsWebPartEnabled":true,"TypeName":null,"WebPartServiceAgentInterfaceTypeName":null,"WebPartDefinitionXml":null,"HideWebPartHeader":false,"HideWebPartFooter":true,"IsFreeFlowing":false,"PillarKey":null,"ChromeStyle":7,"ParameterJSON":"{\"HeaderLinkIcon\": \"DirectReports\", \"IsCustomEditor\": false, \"PreviewType\" : \"table\"}","TemplatePath":"app/modules/dashboard/views/webparts/widgetDirectReports.html","IsSystemLocked":false,"Category":{"Id":5,"Name":"Common","CategoryKey":"WebPartDefinition_Common","Description":"Common","ParentId":1,"OrdinalPosition":null},"Id":63},{"WebPartDefinitionKey":"My_Development_Plan","Title":"My Development Plan","Description":"Displays a user's Development Plan","SubTitle":"My Development Plan","WebPartIconName":null,"WidgetNotificationMode":0,"WidgetDeeplinkUrlText":null,"CategoryName":"Common","IsWebPartEnabled":true,"TypeName":null,"WebPartServiceAgentInterfaceTypeName":null,"WebPartDefinitionXml":null,"HideWebPartHeader":false,"HideWebPartFooter":true,"IsFreeFlowing":false,"PillarKey":null,"ChromeStyle":7,"ParameterJSON":"{\"HeaderLinkIcon\": \"\", \"IsCustomEditor\": false, \"PreviewType\" : \"table\"}","TemplatePath":"app/modules/dashboard/views/webparts/widgetDevelopmentPlan.html","IsSystemLocked":false,"Category":{"Id":5,"Name":"Common","CategoryKey":"WebPartDefinition_Common","Description":"Common","ParentId":1,"OrdinalPosition":null},"Id":90},{"WebPartDefinitionKey":"LeaderBoardDisplay","Title":"Leaderboard Display","Description":"Displays users, ranked by their current Gamification score.","SubTitle":"LeaderBoard Display","WebPartIconName":null,"WidgetNotificationMode":0,"WidgetDeeplinkUrlText":null,"CategoryName":"Common","IsWebPartEnabled":true,"TypeName":null,"WebPartServiceAgentInterfaceTypeName":null,"WebPartDefinitionXml":null,"HideWebPartHeader":false,"HideWebPartFooter":false,"IsFreeFlowing":false,"PillarKey":null,"ChromeStyle":7,"ParameterJSON":"{\"HeaderLinkIcon\": \"\", \"IsCustomEditor\": false, \"PreviewType\" : \"leaderboard\"}","TemplatePath":"app/modules/core/views/gamification/leaderBoard.html","IsSystemLocked":false,"Category":{"Id":5,"Name":"Common","CategoryKey":"WebPartDefinition_Common","Description":"Common","ParentId":1,"OrdinalPosition":null},"Id":97}]},{"Category":{"Id":8,"Name":"Learning","CategoryKey":"WebPartDefinition_Learning","Description":"Learning","ParentId":1,"OrdinalPosition":null},"Definitions":[{"WebPartDefinitionKey":"LM_MyMessages","Title":"My Messages","Description":"Highlights the five most recent unread learning  notifications.","SubTitle":"Recent messages I have received","WebPartIconName":null,"WidgetNotificationMode":1,"WidgetDeeplinkUrlText":"View All Messages","CategoryName":"Learning","IsWebPartEnabled":true,"TypeName":"SumTotal.SPPortal.WebParts.Core.Learning.MyMessages.MyMessages, SumTotal.SPPortal.WebParts, Version=1.0.0.0, Culture=neutral, PublicKeyToken=6b7f90fbd13cce01","WebPartServiceAgentInterfaceTypeName":"ILMWebPartContractAsync","WebPartDefinitionXml":null,"HideWebPartHeader":false,"HideWebPartFooter":true,"IsFreeFlowing":false,"PillarKey":"LM","ChromeStyle":7,"ParameterJSON":"{\"HeaderLinkIcon\": \"\", \"IsCustomEditor\": false, \"MessagesConfig\":{ \"MessageCount\":\"count\", \"MessageData\":[\"date\", \"subject\", \"url\"]}, \"PreviewType\":\"messages\"}","TemplatePath":"app/modules/dashboard/views/webparts/widgetMyMessages.html","IsSystemLocked":false,"Category":{"Id":8,"Name":"Learning","CategoryKey":"WebPartDefinition_Learning","Description":"Learning","ParentId":1,"OrdinalPosition":null},"Id":4},{"WebPartDefinitionKey":"LM_UpcomingTraining","Title":"Upcoming Training","Description":"Shows the next scheduled learning activity the user is enrolled in. Includes options for reviewing summary details.","SubTitle":"Activities","WebPartIconName":null,"WidgetNotificationMode":1,"WidgetDeeplinkUrlText":"View All Upcoming Training","CategoryName":"Learning","IsWebPartEnabled":true,"TypeName":"SumTotal.SPPortal.WebParts.Core.Learning.UpcomingTraining.UpcomingTraining, SumTotal.SPPortal.WebParts, Version=1.0.0.0, Culture=neutral, PublicKeyToken=6b7f90fbd13cce01","WebPartServiceAgentInterfaceTypeName":"ILMWebPartContractAsync","WebPartDefinitionXml":null,"HideWebPartHeader":false,"HideWebPartFooter":true,"IsFreeFlowing":false,"PillarKey":"LM","ChromeStyle":7,"ParameterJSON":"{\"HeaderLinkIcon\": \"\", \"IsCustomEditor\": false, \"PreviewType\" : \"table\"}","TemplatePath":"app/modules/dashboard/views/webparts/widgetUpcomingTraining.html","IsSystemLocked":false,"Category":{"Id":8,"Name":"Learning","CategoryKey":"WebPartDefinition_Learning","Description":"Learning","ParentId":1,"OrdinalPosition":null},"Id":6},{"WebPartDefinitionKey":"LM_TopRatedContent","Title":"Top Rated Content","Description":"Displays the five highest rated learning activities available to the user.","SubTitle":"Top rated learning activities","WebPartIconName":null,"WidgetNotificationMode":1,"WidgetDeeplinkUrlText":"View All Top Rated Content","CategoryName":"Learning","IsWebPartEnabled":true,"TypeName":"SumTotal.SPPortal.WebParts.Core.Learning.TopRatedContent.TopRatedContent, SumTotal.SPPortal.WebParts, Version=1.0.0.0, Culture=neutral, PublicKeyToken=6b7f90fbd13cce01","WebPartServiceAgentInterfaceTypeName":"ILMWebPartContractAsync","WebPartDefinitionXml":null,"HideWebPartHeader":false,"HideWebPartFooter":true,"IsFreeFlowing":false,"PillarKey":"LM","ChromeStyle":7,"ParameterJSON":"{\"HeaderLinkIcon\": \"\", \"IsCustomEditor\": false, \"PreviewType\" : \"table\"}","TemplatePath":"app/modules/dashboard/views/webparts/widgetTopRatedContent.html","IsSystemLocked":false,"Category":{"Id":8,"Name":"Learning","CategoryKey":"WebPartDefinition_Learning","Description":"Learning","ParentId":1,"OrdinalPosition":null},"Id":7},{"WebPartDefinitionKey":"LM_CompletedCertification","Title":"Completed Certifications","Description":"Highlights the user's completed certifications and supports deeplinking to the Activities Detail for each item within the list.","SubTitle":"Activities","WebPartIconName":null,"WidgetNotificationMode":1,"WidgetDeeplinkUrlText":"View All Completed Certifications","CategoryName":"Learning","IsWebPartEnabled":true,"TypeName":"SumTotal.SPPortal.WebParts.Core.Learning.CompletedCertifications.CompletedCertifications, SumTotal.SPPortal.WebParts, Version=1.0.0.0, Culture=neutral, PublicKeyToken=6b7f90fbd13cce01","WebPartServiceAgentInterfaceTypeName":"ILMWebPartContractAsync","WebPartDefinitionXml":null,"HideWebPartHeader":false,"HideWebPartFooter":true,"IsFreeFlowing":false,"PillarKey":"LM","ChromeStyle":7,"ParameterJSON":"{\"HeaderLinkIcon\": \"\", \"IsCustomEditor\": false, \"PreviewType\" : \"table\"}","TemplatePath":"app/modules/dashboard/views/webparts/widgetCompletedCertifications.html","IsSystemLocked":false,"Category":{"Id":8,"Name":"Learning","CategoryKey":"WebPartDefinition_Learning","Description":"Learning","ParentId":1,"OrdinalPosition":null},"Id":8},{"WebPartDefinitionKey":"LM_ExceptionReport","Title":"Exception Report","Description":"Highlights assigned training exceptions (overdue, expired and incomplete) for the user's direct reports.","SubTitle":"Last Updated:","WebPartIconName":null,"WidgetNotificationMode":0,"WidgetDeeplinkUrlText":"View Detailed Exception Report","CategoryName":"Learning","IsWebPartEnabled":true,"TypeName":"SumTotal.SPPortal.WebParts.Core.Learning.ExceptionReport.ExceptionReport, SumTotal.SPPortal.WebParts, Version=1.0.0.0, Culture=neutral, PublicKeyToken=6b7f90fbd13cce01","WebPartServiceAgentInterfaceTypeName":"ILMWebPartContractAsync","WebPartDefinitionXml":null,"HideWebPartHeader":false,"HideWebPartFooter":true,"IsFreeFlowing":false,"PillarKey":"LM","ChromeStyle":7,"ParameterJSON":"{\"HeaderLinkIcon\": \"\", \"IsCustomEditor\": false, \"PreviewType\" : \"donutChart\"}","TemplatePath":"app/modules/dashboard/views/webparts/widgetExceptionReport.html","IsSystemLocked":false,"Category":{"Id":8,"Name":"Learning","CategoryKey":"WebPartDefinition_Learning","Description":"Learning","ParentId":1,"OrdinalPosition":null},"Id":10},{"WebPartDefinitionKey":"LM_MyFavourites","Title":"Favorites","Description":"Supports quick access to content marked as a favorite by the user.","SubTitle":"Activities, Categories, Collaboration Centers","WebPartIconName":null,"WidgetNotificationMode":1,"WidgetDeeplinkUrlText":"More...","CategoryName":"Learning","IsWebPartEnabled":true,"TypeName":"SumTotal.SPPortal.WebParts.Core.Learning.Favorites.Favorites, SumTotal.SPPortal.WebParts, Version=1.0.0.0, Culture=neutral, PublicKeyToken=6b7f90fbd13cce01","WebPartServiceAgentInterfaceTypeName":"ILMWebPartContractAsync","WebPartDefinitionXml":null,"HideWebPartHeader":false,"HideWebPartFooter":true,"IsFreeFlowing":false,"PillarKey":"LM","ChromeStyle":7,"ParameterJSON":"{\"HeaderLinkIcon\": \"\", \"IsCustomEditor\": false, \"PreviewType\" : \"table\"}","TemplatePath":"app/modules/dashboard/views/webparts/widgetFavorites.html","IsSystemLocked":false,"Category":{"Id":8,"Name":"Learning","CategoryKey":"WebPartDefinition_Learning","Description":"Learning","ParentId":1,"OrdinalPosition":null},"Id":12},{"WebPartDefinitionKey":"LM_LearnerAssignment","Title":"Learning Assignments","Description":"Provides quick access to the user's current learning assignments.","SubTitle":"Assignments and duties awaiting completion","WebPartIconName":null,"WidgetNotificationMode":1,"WidgetDeeplinkUrlText":"View All Assignments","CategoryName":"Learning","IsWebPartEnabled":true,"TypeName":"SumTotal.SPPortal.WebParts.Core.Learning.LearningAssignments.LearningAssignments, SumTotal.SPPortal.WebParts, Version=1.0.0.0, Culture=neutral, PublicKeyToken=6b7f90fbd13cce01","WebPartServiceAgentInterfaceTypeName":"ILMWebPartContractAsync","WebPartDefinitionXml":null,"HideWebPartHeader":false,"HideWebPartFooter":true,"IsFreeFlowing":false,"PillarKey":"LM","ChromeStyle":7,"ParameterJSON":"{\"HeaderLinkIcon\": \"\", \"IsCustomEditor\": false, \"PreviewType\" : \"table\"}","TemplatePath":"app/modules/dashboard/views/webparts/widgetLearningAssignments.html","IsSystemLocked":false,"Category":{"Id":8,"Name":"Learning","CategoryKey":"WebPartDefinition_Learning","Description":"Learning","ParentId":1,"OrdinalPosition":null},"Id":14},{"WebPartDefinitionKey":"LM_ExceptionReport_Others","Title":"Exception Report (Others)","Description":"Status of activities assigned to direct reports and managed users. Supports deep linking to Manager Exception page.","SubTitle":"Last Updated:","WebPartIconName":null,"WidgetNotificationMode":0,"WidgetDeeplinkUrlText":"View Detailed Exception Report","CategoryName":"Learning","IsWebPartEnabled":true,"TypeName":"SumTotal.SPPortal.WebParts.Core.Learning.ExceptionReport.ExceptionReport, SumTotal.SPPortal.WebParts, Version=1.0.0.0, Culture=neutral, PublicKeyToken=6b7f90fbd13cce01","WebPartServiceAgentInterfaceTypeName":"ILMWebPartContractAsync","WebPartDefinitionXml":null,"HideWebPartHeader":false,"HideWebPartFooter":true,"IsFreeFlowing":false,"PillarKey":"LM","ChromeStyle":7,"ParameterJSON":"{\"HeaderLinkIcon\": \"\", \"IsCustomEditor\": false, \"PreviewType\" : \"donutChart\"}","TemplatePath":"app/modules/dashboard/views/webparts/widgetExceptionReportOthers.html","IsSystemLocked":false,"Category":{"Id":8,"Name":"Learning","CategoryKey":"WebPartDefinition_Learning","Description":"Learning","ParentId":1,"OrdinalPosition":null},"Id":58},{"WebPartDefinitionKey":"LM_TeachingActivities","Title":"My Instructor Schedule","Description":"Provides instructors with quick access to their current and upcoming training items.","SubTitle":"Widget My Instructor Schedule Activities","WebPartIconName":null,"WidgetNotificationMode":0,"WidgetDeeplinkUrlText":"View All My Instructor Schedule","CategoryName":"Learning","IsWebPartEnabled":true,"TypeName":null,"WebPartServiceAgentInterfaceTypeName":"ILMWebPartContractAsync","WebPartDefinitionXml":null,"HideWebPartHeader":false,"HideWebPartFooter":true,"IsFreeFlowing":false,"PillarKey":"LM","ChromeStyle":7,"ParameterJSON":"{\"HeaderLinkIcon\": \"\", \"IsCustomEditor\": false, \"PreviewType\" : \"table\"}","TemplatePath":"app/modules/dashboard/views/webparts/WidgetTeachingActivities.html","IsSystemLocked":false,"Category":{"Id":8,"Name":"Learning","CategoryKey":"WebPartDefinition_Learning","Description":"Learning","ParentId":1,"OrdinalPosition":null},"Id":64},{"WebPartDefinitionKey":"LM_RecentlyLaunched","Title":"Recently Launched","Description":"Provides user with quick access to the most recently launched non-completed training item.","SubTitle":"Recently Launched","WebPartIconName":null,"WidgetNotificationMode":0,"WidgetDeeplinkUrlText":"View All Recently Launch Activity","CategoryName":"Learning","IsWebPartEnabled":true,"TypeName":"SumTotal.SPPortal.WebParts.Core.Learning.RecentlyLaunched.RecentlyLaunched, SumTotal.SPPortal.WebParts, Version=1.0.0.0, Culture=neutral, PublicKeyToken=6b7f90fbd13cce01","WebPartServiceAgentInterfaceTypeName":"ILMWebPartContractAsync","WebPartDefinitionXml":null,"HideWebPartHeader":false,"HideWebPartFooter":true,"IsFreeFlowing":false,"PillarKey":"LM","ChromeStyle":7,"ParameterJSON":"{\"HeaderLinkIcon\": \"\", \"IsCustomEditor\": false, \"PreviewType\" : \"table\"}","TemplatePath":"app/modules/dashboard/views/webparts/widgetRecentlyLaunched.html","IsSystemLocked":false,"Category":{"Id":8,"Name":"Learning","CategoryKey":"WebPartDefinition_Learning","Description":"Learning","ParentId":1,"OrdinalPosition":null},"Id":65},{"WebPartDefinitionKey":"LM_ProxyRelations","Title":"Proxy Relations","Description":"Allows the user to have quick access to a list of users whom they can act as a proxy for.","SubTitle":"Proxy Relations","WebPartIconName":null,"WidgetNotificationMode":1,"WidgetDeeplinkUrlText":"View All","CategoryName":"Learning","IsWebPartEnabled":true,"TypeName":"SumTotal.SPPortal.WebParts.Core.Learning.ProxyRelations.ProxyRelations, SumTotal.SPPortal.WebParts, Version=1.0.0.0, Culture=neutral, PublicKeyToken=6b7f90fbd13cce01","WebPartServiceAgentInterfaceTypeName":"ILMWebPartContractAsync","WebPartDefinitionXml":null,"HideWebPartHeader":false,"HideWebPartFooter":true,"IsFreeFlowing":false,"PillarKey":"LM","ChromeStyle":7,"ParameterJSON":"{\"HeaderLinkIcon\": \"\", \"IsCustomEditor\": false, \"PreviewType\" : \"table\"}","TemplatePath":"app/modules/dashboard/views/webparts/widgetProxyRelations.html","IsSystemLocked":false,"Category":{"Id":8,"Name":"Learning","CategoryKey":"WebPartDefinition_Learning","Description":"Learning","ParentId":1,"OrdinalPosition":null},"Id":66},{"WebPartDefinitionKey":"LM_MyLearning","Title":"My Learning","Description":"Provides user with graphical summary of their assigned training compliance status.","SubTitle":null,"WebPartIconName":null,"WidgetNotificationMode":0,"WidgetDeeplinkUrlText":null,"CategoryName":"Learning","IsWebPartEnabled":true,"TypeName":"SumTotal.SPPortal.WebParts.Core.Learning.MyLearning.MyLearning, SumTotal.SPPortal.WebParts, Version=1.0.0.0, Culture=neutral, PublicKeyToken=6b7f90fbd13cce01","WebPartServiceAgentInterfaceTypeName":"ILMWebPartContractAsync","WebPartDefinitionXml":null,"HideWebPartHeader":false,"HideWebPartFooter":true,"IsFreeFlowing":false,"PillarKey":"LM","ChromeStyle":7,"ParameterJSON":"{\"HeaderLinkIcon\": \"\", \"IsCustomEditor\": false, \"PreviewType\" : \"html\"}","TemplatePath":"app/modules/dashboard/views/webparts/widgetMyLearning.html","IsSystemLocked":false,"Category":{"Id":8,"Name":"Learning","CategoryKey":"WebPartDefinition_Learning","Description":"Learning","ParentId":1,"OrdinalPosition":null},"Id":67},{"WebPartDefinitionKey":"LM_LearningTasks","Title":"Learning Tasks","Description":"Displays the user's pending tasks.","SubTitle":"Learning Tasks","WebPartIconName":null,"WidgetNotificationMode":0,"WidgetDeeplinkUrlText":null,"CategoryName":"Learning","IsWebPartEnabled":true,"TypeName":"SSumTotal.SPPortal.WebParts.Core.Learning.LearningTasks.LearningTasks, SumTotal.SPPortal.WebParts, Version=1.0.0.0, Culture=neutral, PublicKeyToken=6b7f90fbd13cce01","WebPartServiceAgentInterfaceTypeName":"ILMWebPartContractAsync","WebPartDefinitionXml":null,"HideWebPartHeader":false,"HideWebPartFooter":true,"IsFreeFlowing":false,"PillarKey":"LM","ChromeStyle":7,"ParameterJSON":"{\"HeaderLinkIcon\": \"\", \"IsCustomEditor\": false, \"PreviewType\" : \"table\"}","TemplatePath":"app/modules/dashboard/views/webparts/widgetLearningTasks.html","IsSystemLocked":false,"Category":{"Id":8,"Name":"Learning","CategoryKey":"WebPartDefinition_Learning","Description":"Learning","ParentId":1,"OrdinalPosition":null},"Id":68},{"WebPartDefinitionKey":"LM_QuickLinks","Title":"Quick Links","Description":"Displays the Quick Links for Training Transcript, Training Schedule and Training Analysis.","SubTitle":"Quick Links for Training","WebPartIconName":null,"WidgetNotificationMode":0,"WidgetDeeplinkUrlText":null,"CategoryName":"Learning","IsWebPartEnabled":true,"TypeName":"SumTotal.SPPortal.WebParts.Core.Learning.QuickLinks.QuickLinks, SumTotal.SPPortal.WebParts, Version=1.0.0.0, Culture=neutral, PublicKeyToken=6b7f90fbd13cce01","WebPartServiceAgentInterfaceTypeName":"ILMWebPartContractAsync","WebPartDefinitionXml":null,"HideWebPartHeader":false,"HideWebPartFooter":true,"IsFreeFlowing":false,"PillarKey":"LM","ChromeStyle":7,"ParameterJSON":"{\"HeaderLinkIcon\": \"\", \"IsCustomEditor\": false, \"PreviewType\" : \"table\"}","TemplatePath":"app/modules/dashboard/views/webparts/widgetQuickLinks.html","IsSystemLocked":false,"Category":{"Id":8,"Name":"Learning","CategoryKey":"WebPartDefinition_Learning","Description":"Learning","ParentId":1,"OrdinalPosition":null},"Id":69},{"WebPartDefinitionKey":"LM_Recommendation","Title":"Recommended Courses","Description":"Displays recommended learning based on your interests, your required skills, and suggestions from others in your organization.","SubTitle":null,"WebPartIconName":null,"WidgetNotificationMode":0,"WidgetDeeplinkUrlText":null,"CategoryName":"Learning","IsWebPartEnabled":true,"TypeName":null,"WebPartServiceAgentInterfaceTypeName":null,"WebPartDefinitionXml":null,"HideWebPartHeader":false,"HideWebPartFooter":true,"IsFreeFlowing":false,"PillarKey":"LM","ChromeStyle":7,"ParameterJSON":"{\"HeaderLinkIcon\": \"\", \"IsCustomEditor\": false, \"PreviewType\" : \"table\"}","TemplatePath":"app/modules/dashboard/views/webparts/widgetRecommendation.html","IsSystemLocked":false,"Category":{"Id":8,"Name":"Learning","CategoryKey":"WebPartDefinition_Learning","Description":"Learning","ParentId":1,"OrdinalPosition":null},"Id":70},{"WebPartDefinitionKey":"LM_PromotedActivities","Title":"Promoted Activities","Description":"Displays the Promoted Activities","SubTitle":null,"WebPartIconName":null,"WidgetNotificationMode":0,"WidgetDeeplinkUrlText":null,"CategoryName":"Learning","IsWebPartEnabled":true,"TypeName":"SumTotal.SPPortal.WebParts.Core.Learning.PromotedActivities.PromotedActivities, SumTotal.SPPortal.WebParts, Version=1.0.0.0, Culture=neutral, PublicKeyToken=6b7f90fbd13cce01","WebPartServiceAgentInterfaceTypeName":"ILMWebPartContractAsync","WebPartDefinitionXml":null,"HideWebPartHeader":false,"HideWebPartFooter":false,"IsFreeFlowing":false,"PillarKey":"LM","ChromeStyle":7,"ParameterJSON":"{\"HeaderLinkIcon\": \"\", \"IsCustomEditor\": false, \"PreviewType\" : \"configTextField\", \"Config\":{\"Name\":\"LearningActivityCodes\",\"Value\":\"\"}}","TemplatePath":"app/modules/dashboard/views/webparts/widgetPromotedActivities.html","IsSystemLocked":false,"Category":{"Id":8,"Name":"Learning","CategoryKey":"WebPartDefinition_Learning","Description":"Learning","ParentId":1,"OrdinalPosition":null},"Id":79},{"WebPartDefinitionKey":"LM_Categories","Title":"Browse By Topic","Description":"Display all topics, can browse activities through selected topic.","SubTitle":"Browse By Topic","WebPartIconName":null,"WidgetNotificationMode":0,"WidgetDeeplinkUrlText":"View All Categories","CategoryName":"Learning","IsWebPartEnabled":true,"TypeName":null,"WebPartServiceAgentInterfaceTypeName":"ILMWebPartContractAsync","WebPartDefinitionXml":null,"HideWebPartHeader":false,"HideWebPartFooter":false,"IsFreeFlowing":false,"PillarKey":"LM","ChromeStyle":7,"ParameterJSON":"{\"HeaderLinkIcon\": \"\", \"IsCustomEditor\": false, \"PreviewType\" : \"table\"}","TemplatePath":"app/modules/dashboard/views/webparts/widgetCatalogBrowseByCategory.html","IsSystemLocked":false,"Category":{"Id":8,"Name":"Learning","CategoryKey":"WebPartDefinition_Learning","Description":"Learning","ParentId":1,"OrdinalPosition":null},"Id":80},{"WebPartDefinitionKey":"LM_ActivityTypes","Title":"Browse By Activity Type","Description":"Display all Activity Types, can browse activities through selected Activity Type.","SubTitle":"Browse By Activity Type","WebPartIconName":null,"WidgetNotificationMode":0,"WidgetDeeplinkUrlText":"View All Activity Types","CategoryName":"Learning","IsWebPartEnabled":true,"TypeName":null,"WebPartServiceAgentInterfaceTypeName":"ILMWebPartContractAsync","WebPartDefinitionXml":null,"HideWebPartHeader":false,"HideWebPartFooter":false,"IsFreeFlowing":false,"PillarKey":"LM","ChromeStyle":7,"ParameterJSON":"{\"HeaderLinkIcon\": \"\", \"IsCustomEditor\": false, \"PreviewType\" : \"table\"}","TemplatePath":"app/modules/dashboard/views/webparts/widgetCatalogBrowseByActivityType.html","IsSystemLocked":false,"Category":{"Id":8,"Name":"Learning","CategoryKey":"WebPartDefinition_Learning","Description":"Learning","ParentId":1,"OrdinalPosition":null},"Id":81},{"WebPartDefinitionKey":"LM_PromotedCategories","Title":"Promoted Topics","Description":"Displays selected topics. Users can browse activities through selected topics.","SubTitle":"Promoted Topics","WebPartIconName":null,"WidgetNotificationMode":0,"WidgetDeeplinkUrlText":"View All Topics","CategoryName":"Learning","IsWebPartEnabled":true,"TypeName":null,"WebPartServiceAgentInterfaceTypeName":"ILMWebPartContractAsync","WebPartDefinitionXml":null,"HideWebPartHeader":false,"HideWebPartFooter":false,"IsFreeFlowing":false,"PillarKey":"LM","ChromeStyle":7,"ParameterJSON":"{\"HeaderLinkIcon\": \"\", \"IsCustomEditor\": false, \"PreviewType\" : \"table\"}","TemplatePath":"app/modules/dashboard/views/webparts/widgetPromotedCategories.html","IsSystemLocked":false,"Category":{"Id":8,"Name":"Learning","CategoryKey":"WebPartDefinition_Learning","Description":"Learning","ParentId":1,"OrdinalPosition":null},"Id":82},{"WebPartDefinitionKey":"LM_Calendar","Title":"My Learning Schedule","Description":"Highlights schedule information in calendar.","SubTitle":null,"WebPartIconName":null,"WidgetNotificationMode":0,"WidgetDeeplinkUrlText":null,"CategoryName":"Learning","IsWebPartEnabled":true,"TypeName":"SumTotal.SPPortal.WebParts.Core.Learning.Calendar.Calendar, SumTotal.SPPortal.WebParts, Version=1.0.0.0, Culture=neutral, PublicKeyToken=6b7f90fbd13cce01","WebPartServiceAgentInterfaceTypeName":null,"WebPartDefinitionXml":null,"HideWebPartHeader":false,"HideWebPartFooter":true,"IsFreeFlowing":false,"PillarKey":"LM","ChromeStyle":7,"ParameterJSON":"{\"HeaderLinkIcon\": \"\", \"IsCustomEditor\": false, \"PreviewType\" : \"html\"}","TemplatePath":"app/modules/dashboard/views/webparts/widgetCalendar.html","IsSystemLocked":false,"Category":{"Id":8,"Name":"Learning","CategoryKey":"WebPartDefinition_Learning","Description":"Learning","ParentId":1,"OrdinalPosition":null},"Id":83},{"WebPartDefinitionKey":"LM_News","Title":"News","Description":"Displays the latest news.","SubTitle":"News","WebPartIconName":null,"WidgetNotificationMode":0,"WidgetDeeplinkUrlText":null,"CategoryName":"Learning","IsWebPartEnabled":true,"TypeName":null,"WebPartServiceAgentInterfaceTypeName":null,"WebPartDefinitionXml":null,"HideWebPartHeader":false,"HideWebPartFooter":false,"IsFreeFlowing":false,"PillarKey":"LM","ChromeStyle":7,"ParameterJSON":"{\"HeaderLinkIcon\": \"\", \"IsCustomEditor\": false, \"PreviewType\" : \"table\"}","TemplatePath":"app/modules/dashboard/views/webparts/widgetNews.html","IsSystemLocked":false,"Category":{"Id":8,"Name":"Learning","CategoryKey":"WebPartDefinition_Learning","Description":"Learning","ParentId":1,"OrdinalPosition":null},"Id":85},{"WebPartDefinitionKey":"LM_RecentPurchasedActivities","Title":"Recently Purchased Activities","Description":"Provides user with quick access to the five most recently purchased  activities.","SubTitle":"Recent purchases I have made","WebPartIconName":null,"WidgetNotificationMode":0,"WidgetDeeplinkUrlText":null,"CategoryName":"Learning","IsWebPartEnabled":true,"TypeName":null,"WebPartServiceAgentInterfaceTypeName":"ILMWebPartContractAsync","WebPartDefinitionXml":null,"HideWebPartHeader":false,"HideWebPartFooter":false,"IsFreeFlowing":false,"PillarKey":"LM","ChromeStyle":7,"ParameterJSON":"{\"HeaderLinkIcon\": \"\", \"IsCustomEditor\": false, \"PreviewType\" : \"table\"}","TemplatePath":"app/modules/dashboard/views/webparts/widgetLearningRecentlyPurchasedActivities.html","IsSystemLocked":false,"Category":{"Id":8,"Name":"Learning","CategoryKey":"WebPartDefinition_Learning","Description":"Learning","ParentId":1,"OrdinalPosition":null},"Id":87},{"WebPartDefinitionKey":"LM_ConfigurableWidget","Title":"Configurable Widget","Description":"Displays configured widget data","SubTitle":null,"WebPartIconName":null,"WidgetNotificationMode":0,"WidgetDeeplinkUrlText":null,"CategoryName":"Learning","IsWebPartEnabled":true,"TypeName":null,"WebPartServiceAgentInterfaceTypeName":"ILMWebPartContractAsync","WebPartDefinitionXml":null,"HideWebPartHeader":false,"HideWebPartFooter":false,"IsFreeFlowing":false,"PillarKey":"LM","ChromeStyle":7,"ParameterJSON":"{\"HeaderLinkIcon\": \"\", \"IsCustomEditor\": false, \"PreviewType\" : \"configCarouselDropDown\", \"Config\":{\"Name\":\"ConfigurableCarouselWidgetCodesDropDown\",\"DropDownData\":{\"SelectedKey\": null, \"AvailableOptions\": [{\"id\": \"0\", \"name\":\"Trending For Your Job\"}, {\"id\":\"1\", \"name\":\"Top Picks For You\"}, {\"id\":\"2\", \"name\":\"Top Rated\"}, {\"id\":\"3\", \"name\":\"Saved For Later\"}, {\"id\":\"4\", \"name\":\"Continue Learning\"}, {\"id\":\"5\", \"name\":\"Join Your Peers\"}, {\"id\":\"6\", \"name\":\"Training Recommended For Next Job\"}, {\"id\":\"7\", \"name\":\"Most Popular\"}]}}}","TemplatePath":"app/modules/dashboard/views/webparts/widgetConfigurableContent.html","IsSystemLocked":false,"Category":{"Id":8,"Name":"Learning","CategoryKey":"WebPartDefinition_Learning","Description":"Learning","ParentId":1,"OrdinalPosition":null},"Id":106},{"WebPartDefinitionKey":"LM_ConfigurableCarouselWidget","Title":"Configurable Carousel Widget","Description":"Displays configured widget data","SubTitle":null,"WebPartIconName":null,"WidgetNotificationMode":0,"WidgetDeeplinkUrlText":null,"CategoryName":"Learning","IsWebPartEnabled":true,"TypeName":null,"WebPartServiceAgentInterfaceTypeName":"ILMWebPartContractAsync","WebPartDefinitionXml":null,"HideWebPartHeader":false,"HideWebPartFooter":false,"IsFreeFlowing":false,"PillarKey":"LM","ChromeStyle":7,"ParameterJSON":"{\"HeaderLinkIcon\": \"\", \"IsCustomEditor\": false, \"PreviewType\" : \"configCarouselDropDown\", \"Config\":{\"Name\":\"ConfigurableCarouselWidgetCodesDropDown\",\"DropDownData\":{\"SelectedKey\": null, \"AvailableOptions\": [{\"id\": \"0\", \"name\":\"Trending For Your Job\"}, {\"id\":\"1\", \"name\":\"Top Picks For You\"}, {\"id\":\"2\", \"name\":\"Top Rated\"}, {\"id\":\"3\", \"name\":\"Saved For Later\"}, {\"id\":\"4\", \"name\":\"Continue Learning\"}, {\"id\":\"5\", \"name\":\"Join Your Peers\"}, {\"id\":\"6\", \"name\":\"Training Recommended For Next Job\"}, {\"id\":\"7\", \"name\":\"Most Popular\"}]}}}","TemplatePath":"app/modules/dashboard/views/webparts/widgetConfigurableCarouselContent.html","IsSystemLocked":false,"Category":{"Id":8,"Name":"Learning","CategoryKey":"WebPartDefinition_Learning","Description":"Learning","ParentId":1,"OrdinalPosition":null},"Id":107},{"WebPartDefinitionKey":"search_calendarView","Title":"Available Activities Calendar","Description":"Allows learners to browse available learning activity offerings in a calendar view.","SubTitle":"Available Activities Calendar","WebPartIconName":null,"WidgetNotificationMode":0,"WidgetDeeplinkUrlText":null,"CategoryName":"Learning","IsWebPartEnabled":true,"TypeName":null,"WebPartServiceAgentInterfaceTypeName":null,"WebPartDefinitionXml":null,"HideWebPartHeader":false,"HideWebPartFooter":false,"IsFreeFlowing":false,"PillarKey":"LM","ChromeStyle":7,"ParameterJSON":"{\"HeaderLinkIcon\": \"\", \"IsCustomEditor\": false, \"PreviewType\" : \"calendar\"}","TemplatePath":"app/modules/dashboard/views/searchWidgets/calendarView.html","IsSystemLocked":false,"Category":{"Id":8,"Name":"Learning","CategoryKey":"WebPartDefinition_Learning","Description":"Learning","ParentId":1,"OrdinalPosition":null},"Id":111},{"WebPartDefinitionKey":"LM_FavouritesCarousel","Title":"My Favorites","Description":"Supports quick access to content marked as a favorite by the user in a carousel.","SubTitle":"Activities, Categories, Collaboration Centers","WebPartIconName":null,"WidgetNotificationMode":1,"WidgetDeeplinkUrlText":"More...","CategoryName":"Learning","IsWebPartEnabled":true,"TypeName":"SumTotal.SPPortal.WebParts.Core.Learning.Favorites.Favorites, SumTotal.SPPortal.WebParts, Version=1.0.0.0, Culture=neutral, PublicKeyToken=6b7f90fbd13cce01","WebPartServiceAgentInterfaceTypeName":"ILMWebPartContractAsync","WebPartDefinitionXml":null,"HideWebPartHeader":false,"HideWebPartFooter":true,"IsFreeFlowing":false,"PillarKey":"LM","ChromeStyle":7,"ParameterJSON":"{\"HeaderLinkIcon\": \"\", \"IsCustomEditor\": false, \"PreviewType\" : \"table\"}","TemplatePath":"app/modules/dashboard/views/webparts/widgetFavoritesCarousel.html","IsSystemLocked":false,"Category":{"Id":8,"Name":"Learning","CategoryKey":"WebPartDefinition_Learning","Description":"Learning","ParentId":1,"OrdinalPosition":null},"Id":112},{"WebPartDefinitionKey":"Common_SearchWidget","Title":"Search","Description":"Quick Search for Courses, Training, Videos, Books and Audiobooks","SubTitle":"Search for Courses, Training, Videos, Books and Audiobooks","WebPartIconName":null,"WidgetNotificationMode":0,"WidgetDeeplinkUrlText":null,"CategoryName":"Learning","IsWebPartEnabled":true,"TypeName":null,"WebPartServiceAgentInterfaceTypeName":null,"WebPartDefinitionXml":null,"HideWebPartHeader":true,"HideWebPartFooter":false,"IsFreeFlowing":false,"PillarKey":null,"ChromeStyle":6,"ParameterJSON":"{\"HeaderLinkIcon\": \"\", \"IsCustomEditor\": false, \"PreviewType\" : \"table\"}","TemplatePath":"app/modules/dashboard/views/webparts/widgetEnterpriseSearch.html","IsSystemLocked":false,"Category":{"Id":8,"Name":"Learning","CategoryKey":"WebPartDefinition_Learning","Description":"Learning","ParentId":1,"OrdinalPosition":null},"Id":113},{"WebPartDefinitionKey":"LM_ResumeLearning","Title":"Resume Learning","Description":"Provides user with quick access to all recently launched non-completed training items.","SubTitle":"List of recently launched activities","WebPartIconName":null,"WidgetNotificationMode":0,"WidgetDeeplinkUrlText":"View All Recently Launched Activities","CategoryName":"Learning","IsWebPartEnabled":true,"TypeName":"SumTotal.SPPortal.WebParts.Core.Learning.RecentlyLaunched.RecentlyLaunched, SumTotal.SPPortal.WebParts, Version=1.0.0.0, Culture=neutral, PublicKeyToken=6b7f90fbd13cce01","WebPartServiceAgentInterfaceTypeName":"ILMWebPartContractAsync","WebPartDefinitionXml":null,"HideWebPartHeader":false,"HideWebPartFooter":true,"IsFreeFlowing":false,"PillarKey":"LM","ChromeStyle":7,"ParameterJSON":"{\"HeaderLinkIcon\": \"\", \"IsCustomEditor\": false, \"PreviewType\" : \"table\"}","TemplatePath":"app/modules/dashboard/views/webparts/widgetRecentlyLaunchedActivitiesList.html","IsSystemLocked":false,"Category":{"Id":8,"Name":"Learning","CategoryKey":"WebPartDefinition_Learning","Description":"Learning","ParentId":1,"OrdinalPosition":null},"Id":114},{"WebPartDefinitionKey":"LM_RecommendedActivities","Title":"Recommended Activities","Description":"Displays recommended activities based on your interests, your required skills, and suggestions from others in your organization in a carousel.","SubTitle":null,"WebPartIconName":null,"WidgetNotificationMode":0,"WidgetDeeplinkUrlText":null,"CategoryName":"Learning","IsWebPartEnabled":true,"TypeName":null,"WebPartServiceAgentInterfaceTypeName":null,"WebPartDefinitionXml":null,"HideWebPartHeader":true,"HideWebPartFooter":true,"IsFreeFlowing":false,"PillarKey":"LM","ChromeStyle":6,"ParameterJSON":"{\"HeaderLinkIcon\": \"\", \"IsCustomEditor\": false, \"PreviewType\" : \"table\"}","TemplatePath":"app/modules/dashboard/views/webparts/widgetRecommendedActivitiesCarousel.html","IsSystemLocked":false,"Category":{"Id":8,"Name":"Learning","CategoryKey":"WebPartDefinition_Learning","Description":"Learning","ParentId":1,"OrdinalPosition":null},"Id":115},{"WebPartDefinitionKey":"LM_PromotedActivities","Title":"Promoted Learning  Activities","Description":"Displays activities promoted by your organization.","SubTitle":null,"WebPartIconName":null,"WidgetNotificationMode":0,"WidgetDeeplinkUrlText":null,"CategoryName":"Learning","IsWebPartEnabled":true,"TypeName":"SumTotal.SPPortal.WebParts.Core.Learning.PromotedActivities.PromotedActivities, SumTotal.SPPortal.WebParts, Version=1.0.0.0, Culture=neutral, PublicKeyToken=6b7f90fbd13cce01","WebPartServiceAgentInterfaceTypeName":"ILMWebPartContractAsync","WebPartDefinitionXml":null,"HideWebPartHeader":false,"HideWebPartFooter":false,"IsFreeFlowing":false,"PillarKey":"LM","ChromeStyle":7,"ParameterJSON":"{\"HeaderLinkIcon\": \"\", \"IsCustomEditor\": false, \"PreviewType\" : \"configTextField\", \"Config\":{\"Name\":\"LearningActivityCodes\",\"Value\":\"\"}}","TemplatePath":"app/modules/dashboard/views/webparts/widgetPromotedActivitiesCarousel.html","IsSystemLocked":false,"Category":{"Id":8,"Name":"Learning","CategoryKey":"WebPartDefinition_Learning","Description":"Learning","ParentId":1,"OrdinalPosition":null},"Id":118},{"WebPartDefinitionKey":"LM_PromotedLibraryTopics","Title":"Promoted Library  Topics","Description":"Displays Library topics promoted by your organization.","SubTitle":null,"WebPartIconName":null,"WidgetNotificationMode":0,"WidgetDeeplinkUrlText":"View All Topics","CategoryName":"Learning","IsWebPartEnabled":true,"TypeName":null,"WebPartServiceAgentInterfaceTypeName":"ILMWebPartContractAsync","WebPartDefinitionXml":null,"HideWebPartHeader":false,"HideWebPartFooter":false,"IsFreeFlowing":false,"PillarKey":"LM","ChromeStyle":7,"ParameterJSON":"{\"HeaderLinkIcon\": \"\", \"IsCustomEditor\": false, \"PreviewType\" : \"table\", \"MaxCount\":20}","TemplatePath":"app/modules/dashboard/views/webparts/widgetPromotedCategoriesCarousel.html","IsSystemLocked":false,"Category":{"Id":8,"Name":"Learning","CategoryKey":"WebPartDefinition_Learning","Description":"Learning","ParentId":1,"OrdinalPosition":null},"Id":119}]},{"Category":{"Id":11,"Name":"Social","CategoryKey":"WebPartDefinition_Social","Description":"Social","ParentId":1,"OrdinalPosition":null},"Definitions":[{"WebPartDefinitionKey":"LM_MyCommunities","Title":"My Communities","Description":"Recent posts for the communities which the logged in user is a member, supported by an option to view all updates.","SubTitle":"Favorite discussion forums","WebPartIconName":null,"WidgetNotificationMode":1,"WidgetDeeplinkUrlText":"View All Communities","CategoryName":"Social","IsWebPartEnabled":true,"TypeName":"SumTotal.SPPortal.WebParts.Core.Social.MyCommunities.MyCommunities, SumTotal.SPPortal.WebParts, Version=1.0.0.0, Culture=neutral, PublicKeyToken=6b7f90fbd13cce01","WebPartServiceAgentInterfaceTypeName":"ILMWebPartContractAsync","WebPartDefinitionXml":null,"HideWebPartHeader":false,"HideWebPartFooter":true,"IsFreeFlowing":false,"PillarKey":"LM","ChromeStyle":7,"ParameterJSON":"{\"HeaderLinkIcon\": \"\", \"IsCustomEditor\": false, \"PreviewType\" : \"table\"}","TemplatePath":"app/modules/dashboard/views/webparts/widgetMyCommunities.html","IsSystemLocked":false,"Category":{"Id":11,"Name":"Social","CategoryKey":"WebPartDefinition_Social","Description":"Social","ParentId":1,"OrdinalPosition":null},"Id":5},{"WebPartDefinitionKey":"LM_CommunityUpdates","Title":"Community Updates","Description":"Highlights recent community posts with an option to view all community updates.","SubTitle":"Updated discussion forums  ","WebPartIconName":null,"WidgetNotificationMode":1,"WidgetDeeplinkUrlText":"View All Updates","CategoryName":"Social","IsWebPartEnabled":true,"TypeName":"SumTotal.SPPortal.WebParts.Core.Social.CommunityUpdates.CommunityUpdates, SumTotal.SPPortal.WebParts, Version=1.0.0.0, Culture=neutral, PublicKeyToken=6b7f90fbd13cce01","WebPartServiceAgentInterfaceTypeName":"ILMWebPartContractAsync","WebPartDefinitionXml":null,"HideWebPartHeader":false,"HideWebPartFooter":true,"IsFreeFlowing":false,"PillarKey":"LM","ChromeStyle":7,"ParameterJSON":"{\"HeaderLinkIcon\": \"\", \"IsCustomEditor\": false, \"PreviewType\" : \"table\"}","TemplatePath":"app/modules/dashboard/views/webparts/widgetCommunityUpdates.html","IsSystemLocked":false,"Category":{"Id":11,"Name":"Social","CategoryKey":"WebPartDefinition_Social","Description":"Social","ParentId":1,"OrdinalPosition":null},"Id":11},{"WebPartDefinitionKey":"SocialGroups","Title":"Social Groups","Description":"View all Social groups, manage your Social groups, and post messages.","SubTitle":"Social Groups","WebPartIconName":null,"WidgetNotificationMode":0,"WidgetDeeplinkUrlText":null,"CategoryName":"Social","IsWebPartEnabled":true,"TypeName":null,"WebPartServiceAgentInterfaceTypeName":null,"WebPartDefinitionXml":null,"HideWebPartHeader":false,"HideWebPartFooter":false,"IsFreeFlowing":false,"PillarKey":null,"ChromeStyle":7,"ParameterJSON":"{\"HeaderLinkIcon\": \"\", \"IsCustomEditor\": false, \"PreviewType\" : \"table\"}","TemplatePath":"app/modules/dashboard/views/webparts/widgetSocial.html","IsSystemLocked":false,"Category":{"Id":11,"Name":"Social","CategoryKey":"WebPartDefinition_Social","Description":"Social","ParentId":1,"OrdinalPosition":null},"Id":98},{"WebPartDefinitionKey":"SocialMyFeed","Title":"My Feed","Description":"View and make updates to your Social feed, including groups for which you are a member and public groups.","SubTitle":"My Feed","WebPartIconName":null,"WidgetNotificationMode":0,"WidgetDeeplinkUrlText":null,"CategoryName":"Social","IsWebPartEnabled":true,"TypeName":null,"WebPartServiceAgentInterfaceTypeName":null,"WebPartDefinitionXml":null,"HideWebPartHeader":false,"HideWebPartFooter":false,"IsFreeFlowing":false,"PillarKey":null,"ChromeStyle":7,"ParameterJSON":"{\"HeaderLinkIcon\": \"\", \"IsCustomEditor\": false, \"PreviewType\" : \"table\"}","TemplatePath":"app/modules/dashboard/views/webparts/widgetSocialMyFeed.html","IsSystemLocked":false,"Category":{"Id":11,"Name":"Social","CategoryKey":"WebPartDefinition_Social","Description":"Social","ParentId":1,"OrdinalPosition":null},"Id":99},{"WebPartDefinitionKey":"Social_MyCommunities","Title":"My Social Communities","Description":"Displays social communities that I am a member of","SubTitle":null,"WebPartIconName":null,"WidgetNotificationMode":1,"WidgetDeeplinkUrlText":"View All","CategoryName":"Social","IsWebPartEnabled":true,"TypeName":null,"WebPartServiceAgentInterfaceTypeName":null,"WebPartDefinitionXml":null,"HideWebPartHeader":false,"HideWebPartFooter":false,"IsFreeFlowing":false,"PillarKey":"ELIXHRUI","ChromeStyle":7,"ParameterJSON":"{\"HeaderLinkIcon\": \"\", \"IsCustomEditor\": false, \"PreviewType\" : \"table\"}","TemplatePath":"app/modules/dashboard/views/webparts/widgetSocialMyCommunities.html","IsSystemLocked":false,"Category":{"Id":11,"Name":"Social","CategoryKey":"WebPartDefinition_Social","Description":"Social","ParentId":1,"OrdinalPosition":null},"Id":116},{"WebPartDefinitionKey":"Social_CommunityFeed","Title":"My Social Community Feed","Description":"Displays the social activities of communities I am a member of","SubTitle":null,"WebPartIconName":null,"WidgetNotificationMode":1,"WidgetDeeplinkUrlText":"View All","CategoryName":"Social","IsWebPartEnabled":true,"TypeName":null,"WebPartServiceAgentInterfaceTypeName":null,"WebPartDefinitionXml":null,"HideWebPartHeader":false,"HideWebPartFooter":false,"IsFreeFlowing":false,"PillarKey":"ELIXHRUI","ChromeStyle":7,"ParameterJSON":"{\"HeaderLinkIcon\": \"\", \"IsCustomEditor\": false, \"PreviewType\" : \"table\"}","TemplatePath":"app/modules/dashboard/views/webparts/widgetSocialCommunityFeed.html","IsSystemLocked":false,"Category":{"Id":11,"Name":"Social","CategoryKey":"WebPartDefinition_Social","Description":"Social","ParentId":1,"OrdinalPosition":null},"Id":117}]},{"Category":{"Id":6,"Name":"Talent","CategoryKey":"WebPartDefinition_Talent","Description":"Talent","ParentId":1,"OrdinalPosition":null},"Definitions":[{"WebPartDefinitionKey":"TM_MyProcesses","Title":"My Processes","Description":"Displays status of active processes and supports linking to the process details.","SubTitle":"My assessments and reviews","WebPartIconName":null,"WidgetNotificationMode":0,"WidgetDeeplinkUrlText":"View All Processes","CategoryName":"Talent","IsWebPartEnabled":true,"TypeName":"SumTotal.SPPortal.WebParts.Core.TM.MyProcesses.MyProcesses, SumTotal.SPPortal.WebParts, Version=1.0.0.0, Culture=neutral, PublicKeyToken=6b7f90fbd13cce01","WebPartServiceAgentInterfaceTypeName":"ITMWebPartContractAsync","WebPartDefinitionXml":null,"HideWebPartHeader":false,"HideWebPartFooter":true,"IsFreeFlowing":false,"PillarKey":"TM","ChromeStyle":7,"ParameterJSON":"{\"HeaderLinkIcon\": \"\", \"IsCustomEditor\": false, \"PreviewType\" : \"table\"}","TemplatePath":"app/modules/dashboard/views/webparts/widgetMyProcess.html","IsSystemLocked":false,"Category":{"Id":6,"Name":"Talent","CategoryKey":"WebPartDefinition_Talent","Description":"Talent","ParentId":1,"OrdinalPosition":null},"Id":44},{"WebPartDefinitionKey":"TM_MyTeamProcesses","Title":"My Team - Process List","Description":"Highlights how many direct reports a manager has active within Talent processes.  Users can drill to specific processes.","SubTitle":"Assessments and reviews within my team","WebPartIconName":null,"WidgetNotificationMode":0,"WidgetDeeplinkUrlText":"View All Team Processes","CategoryName":"Talent","IsWebPartEnabled":true,"TypeName":"SumTotal.SPPortal.WebParts.Core.TM.MyTeamProcesses.MyTeamProcesses, SumTotal.SPPortal.WebParts, Version=1.0.0.0, Culture=neutral, PublicKeyToken=6b7f90fbd13cce01","WebPartServiceAgentInterfaceTypeName":"ITMWebPartContractAsync","WebPartDefinitionXml":null,"HideWebPartHeader":false,"HideWebPartFooter":true,"IsFreeFlowing":false,"PillarKey":"TM","ChromeStyle":7,"ParameterJSON":"{\"HeaderLinkIcon\": \"\", \"IsCustomEditor\": false, \"PreviewType\" : \"table\"}","TemplatePath":"app/modules/dashboard/views/webparts/widgetProcessList.html","IsSystemLocked":false,"Category":{"Id":6,"Name":"Talent","CategoryKey":"WebPartDefinition_Talent","Description":"Talent","ParentId":1,"OrdinalPosition":null},"Id":45},{"WebPartDefinitionKey":"TM_MyTeamGoals","Title":"My Team - Goal Summary","Description":"Lists approved goals for direct reports, highlighting due date, progress, and organizational alignment.","SubTitle":"Results of team goals and accomplishments","WebPartIconName":null,"WidgetNotificationMode":0,"WidgetDeeplinkUrlText":"View All My Team Goals","CategoryName":"Talent","IsWebPartEnabled":true,"TypeName":"SumTotal.SPPortal.WebParts.Core.TM.MyTeamGoals.MyTeamGoals, SumTotal.SPPortal.WebParts, Version=1.0.0.0, Culture=neutral, PublicKeyToken=6b7f90fbd13cce01","WebPartServiceAgentInterfaceTypeName":"ITMWebPartContractAsync","WebPartDefinitionXml":null,"HideWebPartHeader":false,"HideWebPartFooter":true,"IsFreeFlowing":false,"PillarKey":"TM","ChromeStyle":7,"ParameterJSON":"{\"HeaderLinkIcon\": \"\", \"IsCustomEditor\": false, \"ChartConfig\":{\"columnMap\":[\"value\"], \"barType\":\"bar\", \"ChartLabelColumn\":\"dataName\"}, \"PreviewType\":\"barChart\"}","TemplatePath":"app/modules/dashboard/views/webparts/widgetMyTeamGoalSummary.html","IsSystemLocked":false,"Category":{"Id":6,"Name":"Talent","CategoryKey":"WebPartDefinition_Talent","Description":"Talent","ParentId":1,"OrdinalPosition":null},"Id":46},{"WebPartDefinitionKey":"TM_MyTeamPerformanceRatingDistribution","Title":"Performance Bell Curve (Manager)","Description":"Organizes direct reports based on their ratings against organizational targeted values.","SubTitle":"Results of team performance reviews","WebPartIconName":null,"WidgetNotificationMode":0,"WidgetDeeplinkUrlText":null,"CategoryName":"Talent","IsWebPartEnabled":true,"TypeName":"SumTotal.SPPortal.WebParts.Core.TM.MyTeamPRD.MyTeamPRD, SumTotal.SPPortal.WebParts, Version=1.0.0.0, Culture=neutral, PublicKeyToken=6b7f90fbd13cce01","WebPartServiceAgentInterfaceTypeName":"ITMWebPartContractAsync","WebPartDefinitionXml":null,"HideWebPartHeader":false,"HideWebPartFooter":true,"IsFreeFlowing":false,"PillarKey":"TM","ChromeStyle":7,"ParameterJSON":"{\"HeaderLinkIcon\": \"\", \"IsCustomEditor\": false, \"ChartConfig\":{\"columnMap\":[\"itemName\", \"count\", \"target\"]}, \"PreviewType\":\"bellChart\"}","TemplatePath":"app/modules/dashboard/views/webparts/widgetRatingDistribution.html","IsSystemLocked":false,"Category":{"Id":6,"Name":"Talent","CategoryKey":"WebPartDefinition_Talent","Description":"Talent","ParentId":1,"OrdinalPosition":null},"Id":47},{"WebPartDefinitionKey":"TM_MyTeamGoalsDetail","Title":"My Team Goals","Description":"Displays all goals and current status for direct reports.","SubTitle":"Detailed information about my team's goals","WebPartIconName":null,"WidgetNotificationMode":0,"WidgetDeeplinkUrlText":"View all my team goals","CategoryName":"Talent","IsWebPartEnabled":true,"TypeName":"SumTotal.SPPortal.WebParts.Core.TM.MyTeamGoalsDetail.MyTeamGoalsDetail, SumTotal.SPPortal.WebParts, Version=1.0.0.0, Culture=neutral, PublicKeyToken=6b7f90fbd13cce01","WebPartServiceAgentInterfaceTypeName":"ITMWebPartContractAsync","WebPartDefinitionXml":null,"HideWebPartHeader":false,"HideWebPartFooter":true,"IsFreeFlowing":false,"PillarKey":"TM","ChromeStyle":7,"ParameterJSON":"{\"HeaderLinkIcon\": \"\", \"IsCustomEditor\": false, \"PreviewType\" : \"table\"}","TemplatePath":"app/modules/dashboard/views/webparts/widgetMyTeamGoals.html","IsSystemLocked":false,"Category":{"Id":6,"Name":"Talent","CategoryKey":"WebPartDefinition_Talent","Description":"Talent","ParentId":1,"OrdinalPosition":null},"Id":48},{"WebPartDefinitionKey":"TM_MyTeamPerformanceProgress","Title":"Team Performance Progress","Description":"Highlights progress against performance processes for direct reports.","SubTitle":"Displays performance processes and the number of employees on each step.","WebPartIconName":null,"WidgetNotificationMode":0,"WidgetDeeplinkUrlText":"Team Completion Report","CategoryName":"Talent","IsWebPartEnabled":true,"TypeName":"SumTotal.SPPortal.WebParts.Core.TM.MyTeamPerfProg.MyTeamPerfProg, SumTotal.SPPortal.WebParts, Version=1.0.0.0, Culture=neutral, PublicKeyToken=6b7f90fbd13cce01","WebPartServiceAgentInterfaceTypeName":"ITMWebPartContractAsync","WebPartDefinitionXml":null,"HideWebPartHeader":false,"HideWebPartFooter":true,"IsFreeFlowing":false,"PillarKey":"TM","ChromeStyle":7,"ParameterJSON":"{\"HeaderLinkIcon\": \"\", \"IsCustomEditor\": false, \"PreviewType\" : \"table\"}","TemplatePath":"app/modules/dashboard/views/webparts/widgetTeamPerformanceProgress.html","IsSystemLocked":false,"Category":{"Id":6,"Name":"Talent","CategoryKey":"WebPartDefinition_Talent","Description":"Talent","ParentId":1,"OrdinalPosition":null},"Id":49},{"WebPartDefinitionKey":"TM_Top5TeamStrengths","Title":"Top 5 Team Strengths","Description":"Identifies team strengths by highlighting average scores of the five highest scored competencies of direct reports.","SubTitle":"Competency Strengths for Your Team","WebPartIconName":null,"WidgetNotificationMode":0,"WidgetDeeplinkUrlText":null,"CategoryName":"Talent","IsWebPartEnabled":true,"TypeName":"SumTotal.SPPortal.WebParts.Core.Performance.Top5TeamStrengths.Top5TeamStrengths, SumTotal.SPPortal.WebParts, Version=1.0.0.0, Culture=neutral, PublicKeyToken=6b7f90fbd13cce01","WebPartServiceAgentInterfaceTypeName":"IPerformanceWebPartContractAsync","WebPartDefinitionXml":null,"HideWebPartHeader":false,"HideWebPartFooter":true,"IsFreeFlowing":false,"PillarKey":"TM","ChromeStyle":7,"ParameterJSON":"{\"HeaderLinkIcon\": \"\", \"IsCustomEditor\": false, \"ChartConfig\":{\"columnMap\":[\"value\"], \"barType\":\"bar\", \"ChartLabelColumn\":\"dataName\"}, \"PreviewType\":\"barChart\"}","TemplatePath":"app/modules/dashboard/views/webparts/widgetTop5TeamStrengths.html","IsSystemLocked":false,"Category":{"Id":6,"Name":"Talent","CategoryKey":"WebPartDefinition_Talent","Description":"Talent","ParentId":1,"OrdinalPosition":null},"Id":50},{"WebPartDefinitionKey":"TM_MyTeamSuccessionStatus","Title":"Team Succession Status","Description":"Provides readiness metrics for direct reports being groomed as successors.","SubTitle":"Succession Information for Your Team","WebPartIconName":null,"WidgetNotificationMode":0,"WidgetDeeplinkUrlText":"View Succession Dashboard","CategoryName":"Talent","IsWebPartEnabled":true,"TypeName":"SumTotal.SPPortal.WebParts.Core.Succession.TeamSuccessionStatus.TeamSuccessionStatus, SumTotal.SPPortal.WebParts, Version=1.0.0.0, Culture=neutral, PublicKeyToken=6b7f90fbd13cce01","WebPartServiceAgentInterfaceTypeName":"ISuccessionWebPartContractAsync","WebPartDefinitionXml":null,"HideWebPartHeader":false,"HideWebPartFooter":true,"IsFreeFlowing":false,"PillarKey":"TM","ChromeStyle":7,"ParameterJSON":"{\"HeaderLinkIcon\": \"\", \"IsCustomEditor\": false, \"ChartConfig\":{\"IsStacked\": true,\"columnMap\":[\"lowBenchStrength\", \"mediumBenchStrength\", \"highBenchStrength\"],\"ChartLabelColumn\":\"name\"},\"PreviewType\":\"barChart\"}","TemplatePath":"app/modules/dashboard/views/webparts/widgetTeamSuccessionStatus.html","IsSystemLocked":false,"Category":{"Id":6,"Name":"Talent","CategoryKey":"WebPartDefinition_Talent","Description":"Talent","ParentId":1,"OrdinalPosition":null},"Id":51},{"WebPartDefinitionKey":"TM_Top5TeamWeaknesses","Title":"Top 5 Team Weaknesses","Description":"Identifies team weaknesses by highlighting average scores of the five lowest scored competencies of direct reports.","SubTitle":"Team Development Opportunities","WebPartIconName":null,"WidgetNotificationMode":0,"WidgetDeeplinkUrlText":null,"CategoryName":"Talent","IsWebPartEnabled":true,"TypeName":"SumTotal.SPPortal.WebParts.Core.Performance.Top5TeamWeaknesses.Top5TeamWeaknesses, SumTotal.SPPortal.WebParts, Version=1.0.0.0, Culture=neutral, PublicKeyToken=6b7f90fbd13cce01","WebPartServiceAgentInterfaceTypeName":"IPerformanceWebPartContractAsync","WebPartDefinitionXml":null,"HideWebPartHeader":false,"HideWebPartFooter":true,"IsFreeFlowing":false,"PillarKey":"TM","ChromeStyle":7,"ParameterJSON":"{\"HeaderLinkIcon\": \"\", \"IsCustomEditor\": false, \"ChartConfig\":{\"columnMap\":[\"value\"], \"barType\":\"bar\", \"ChartLabelColumn\":\"dataName\"},\"PreviewType\":\"barChart\"}","TemplatePath":"app/modules/dashboard/views/webparts/widgetTop5TeamWeaknesses.html","IsSystemLocked":false,"Category":{"Id":6,"Name":"Talent","CategoryKey":"WebPartDefinition_Talent","Description":"Talent","ParentId":1,"OrdinalPosition":null},"Id":52},{"WebPartDefinitionKey":"TM_TeamRetentionRisk","Title":"Team Retention Risk","Description":"Highlights potential retention risks related to a manager's team.","SubTitle":"Flight Risks for Your Team","WebPartIconName":null,"WidgetNotificationMode":0,"WidgetDeeplinkUrlText":"View Succession Dashboard","CategoryName":"Talent","IsWebPartEnabled":true,"TypeName":"SumTotal.SPPortal.WebParts.Core.Succession.TeamRetentionRisk.TeamRetentionRisk, SumTotal.SPPortal.WebParts, Version=1.0.0.0, Culture=neutral, PublicKeyToken=6b7f90fbd13cce01","WebPartServiceAgentInterfaceTypeName":"ISuccessionWebPartContractAsync","WebPartDefinitionXml":null,"HideWebPartHeader":false,"HideWebPartFooter":true,"IsFreeFlowing":false,"PillarKey":"TM","ChromeStyle":7,"ParameterJSON":"{\"HeaderLinkIcon\": \"\", \"IsCustomEditor\": false, \"ChartConfig\":{\"columnMap\":[\"employees\"], \"barType\":\"bar\", \"ChartLabelColumn\":\"name\"},\"PreviewType\":\"barChart\"}","TemplatePath":"app/modules/dashboard/views/webparts/widgetTeamRetentionRisk.html","IsSystemLocked":false,"Category":{"Id":6,"Name":"Talent","CategoryKey":"WebPartDefinition_Talent","Description":"Talent","ParentId":1,"OrdinalPosition":null},"Id":53},{"WebPartDefinitionKey":"TM_MyTeamDevelopmentStatus","Title":"Team Development Status","Description":"Displays direct report development goals and highlights where manager mentoring may be required.","SubTitle":"Development Status for Your Team","WebPartIconName":null,"WidgetNotificationMode":0,"WidgetDeeplinkUrlText":null,"CategoryName":"Talent","IsWebPartEnabled":true,"TypeName":"SumTotal.SPPortal.WebParts.Core.Performance.TeamDevelopmentStatus.TeamDevelopmentStatus, SumTotal.SPPortal.WebParts, Version=1.0.0.0, Culture=neutral, PublicKeyToken=6b7f90fbd13cce01","WebPartServiceAgentInterfaceTypeName":"IPerformanceWebPartContractAsync","WebPartDefinitionXml":null,"HideWebPartHeader":false,"HideWebPartFooter":true,"IsFreeFlowing":false,"PillarKey":"TM","ChromeStyle":7,"ParameterJSON":"{\"HeaderLinkIcon\": \"\", \"IsCustomEditor\": false, \"ChartConfig\":{\"columnMap\":[\"employees\"], \"barType\":\"bar\", \"ChartLabelColumn\":\"name\"},\"PreviewType\":\"barChart\"}","TemplatePath":"app/modules/dashboard/views/webparts/widgetTeamDevelopmentStatus.html","IsSystemLocked":false,"Category":{"Id":6,"Name":"Talent","CategoryKey":"WebPartDefinition_Talent","Description":"Talent","ParentId":1,"OrdinalPosition":null},"Id":54},{"WebPartDefinitionKey":"TM_BudgetSummary","Title":"Budget Summary","Description":"Displays  budget spend percentages for compensation processes.","SubTitle":"Information About Compensation Budgets","WebPartIconName":null,"WidgetNotificationMode":0,"WidgetDeeplinkUrlText":null,"CategoryName":"Talent","IsWebPartEnabled":true,"TypeName":"SumTotal.SPPortal.WebParts.Core.Compensation.BudgetSummary.BudgetSummary, SumTotal.SPPortal.WebParts, Version=1.0.0.0, Culture=neutral, PublicKeyToken=6b7f90fbd13cce01","WebPartServiceAgentInterfaceTypeName":"ICompensationWebPartContractAsync","WebPartDefinitionXml":null,"HideWebPartHeader":false,"HideWebPartFooter":true,"IsFreeFlowing":false,"PillarKey":"TM","ChromeStyle":7,"ParameterJSON":"{\"HeaderLinkIcon\": \"\", \"IsCustomEditor\": false, \"ChartConfig\":{\"columnMap\":[\"spent\"], \"barType\":\"bar\", \"ChartLabelColumn\":\"name\"},\"PreviewType\":\"barChart\"}","TemplatePath":"app/modules/dashboard/views/webparts/widgetBudgetSummary.html","IsSystemLocked":false,"Category":{"Id":6,"Name":"Talent","CategoryKey":"WebPartDefinition_Talent","Description":"Talent","ParentId":1,"OrdinalPosition":null},"Id":55},{"WebPartDefinitionKey":"HRMS_Demographics","Title":"HR Management Demographics","Description":"Displays basic personal information of the current user.","SubTitle":"Get HRMS demographics of current user","WebPartIconName":null,"WidgetNotificationMode":0,"WidgetDeeplinkUrlText":null,"CategoryName":"Talent","IsWebPartEnabled":true,"TypeName":"SumTotal.SPPortal.WebParts.Core.HRMS.HRMSDemographics.HRMSDemographics, SumTotal.SPPortal.WebParts, Version=1.0.0.0, Culture=neutral, PublicKeyToken=6b7f90fbd13cce01","WebPartServiceAgentInterfaceTypeName":"IHRMSWebPartContractAsync","WebPartDefinitionXml":null,"HideWebPartHeader":false,"HideWebPartFooter":true,"IsFreeFlowing":false,"PillarKey":"TM","ChromeStyle":7,"ParameterJSON":"{\"HeaderLinkIcon\": \"\", \"IsCustomEditor\": false, \"PreviewType\" : \"table\"}","TemplatePath":"app/modules/dashboard/views/webparts/widgetHRMSDemographics.html","IsSystemLocked":false,"Category":{"Id":6,"Name":"Talent","CategoryKey":"WebPartDefinition_Talent","Description":"Talent","ParentId":1,"OrdinalPosition":null},"Id":56},{"WebPartDefinitionKey":"HRMS_AddrInfo","Title":"HR Management Address Information","Description":"Displays address information of current user","SubTitle":"Get address information of current user","WebPartIconName":null,"WidgetNotificationMode":0,"WidgetDeeplinkUrlText":null,"CategoryName":"Talent","IsWebPartEnabled":true,"TypeName":"SumTotal.SPPortal.WebParts.Core.HRMS.HRMSAddrInfo.HRMSAddrInfo, SumTotal.SPPortal.WebParts, Version=1.0.0.0, Culture=neutral, PublicKeyToken=6b7f90fbd13cce01","WebPartServiceAgentInterfaceTypeName":"IHRMSWebPartContractAsync","WebPartDefinitionXml":null,"HideWebPartHeader":false,"HideWebPartFooter":true,"IsFreeFlowing":false,"PillarKey":"TM","ChromeStyle":7,"ParameterJSON":"{\"HeaderLinkIcon\": \"\", \"IsCustomEditor\": false, \"PreviewType\" : \"table\"}","TemplatePath":"app/modules/dashboard/views/webparts/widgetHRMSAddressInfo.html","IsSystemLocked":false,"Category":{"Id":6,"Name":"Talent","CategoryKey":"WebPartDefinition_Talent","Description":"Talent","ParentId":1,"OrdinalPosition":null},"Id":57},{"WebPartDefinitionKey":"TM_MyFeedbacks","Title":"My Feedback","Description":"Displays feedbacks provided to user.","SubTitle":"My Feedbacks","WebPartIconName":null,"WidgetNotificationMode":0,"WidgetDeeplinkUrlText":null,"CategoryName":"Talent","IsWebPartEnabled":true,"TypeName":null,"WebPartServiceAgentInterfaceTypeName":null,"WebPartDefinitionXml":null,"HideWebPartHeader":false,"HideWebPartFooter":true,"IsFreeFlowing":false,"PillarKey":"TM","ChromeStyle":7,"ParameterJSON":"{\"HeaderLinkIcon\": \"\", \"IsCustomEditor\": false, \"PreviewType\" : \"configMyFeedback\", \"Config\":{\"NumberOfComments\": \"5\", \"ShowCompetencies\": true, \"ShowGoals\": true}}","TemplatePath":"app/modules/core/views/continuousfeedback/LandingPage.html","IsSystemLocked":false,"Category":{"Id":6,"Name":"Talent","CategoryKey":"WebPartDefinition_Talent","Description":"Talent","ParentId":1,"OrdinalPosition":null},"Id":91},{"WebPartDefinitionKey":"Continuous_Review","Title":"My Team Feedback","Description":"Displays FeedBack Data For Direct Reportees","SubTitle":"My Team Feedback","WebPartIconName":null,"WidgetNotificationMode":0,"WidgetDeeplinkUrlText":null,"CategoryName":"Talent","IsWebPartEnabled":true,"TypeName":null,"WebPartServiceAgentInterfaceTypeName":null,"WebPartDefinitionXml":null,"HideWebPartHeader":false,"HideWebPartFooter":false,"IsFreeFlowing":false,"PillarKey":"TM","ChromeStyle":7,"ParameterJSON":"{\"HeaderLinkIcon\": \"\", \"IsCustomEditor\": false, \"PreviewType\" : \"table\"}","TemplatePath":"app/modules/dashboard/views/webparts/continuousReviewDashboard.html","IsSystemLocked":false,"Category":{"Id":6,"Name":"Talent","CategoryKey":"WebPartDefinition_Talent","Description":"Talent","ParentId":1,"OrdinalPosition":null},"Id":92},{"WebPartDefinitionKey":"Rec_Application_Status","Title":"Application Status","Description":"Track your job applications. You can view your application, check your fit for the job (based on how well your resume matches job requirements), or withdraw your application.","SubTitle":"Requisition Application Status","WebPartIconName":null,"WidgetNotificationMode":0,"WidgetDeeplinkUrlText":null,"CategoryName":"Talent","IsWebPartEnabled":true,"TypeName":null,"WebPartServiceAgentInterfaceTypeName":null,"WebPartDefinitionXml":null,"HideWebPartHeader":false,"HideWebPartFooter":false,"IsFreeFlowing":false,"PillarKey":null,"ChromeStyle":7,"ParameterJSON":"{\"HeaderLinkIcon\": \"\", \"IsCustomEditor\": false, \"PreviewType\" : \"table\"}","TemplatePath":"app/modules/dashboard/views/webparts/widgetApplicationStatus.html","IsSystemLocked":false,"Category":{"Id":6,"Name":"Talent","CategoryKey":"WebPartDefinition_Talent","Description":"Talent","ParentId":1,"OrdinalPosition":null},"Id":103},{"WebPartDefinitionKey":"Rec_Fav_Jobs","Title":"Favorite Jobs","Description":"Keep track of your favorite jobs. You can apply for these jobs if they are still accepting applications.","SubTitle":"Requisition Favorite Jobs","WebPartIconName":null,"WidgetNotificationMode":0,"WidgetDeeplinkUrlText":null,"CategoryName":"Talent","IsWebPartEnabled":true,"TypeName":null,"WebPartServiceAgentInterfaceTypeName":null,"WebPartDefinitionXml":null,"HideWebPartHeader":false,"HideWebPartFooter":false,"IsFreeFlowing":false,"PillarKey":null,"ChromeStyle":7,"ParameterJSON":"{\"HeaderLinkIcon\": \"\", \"IsCustomEditor\": false, \"PreviewType\" : \"table\"}","TemplatePath":"app/modules/dashboard/views/webparts/widgetFavoriteJobs.html","IsSystemLocked":false,"Category":{"Id":6,"Name":"Talent","CategoryKey":"WebPartDefinition_Talent","Description":"Talent","ParentId":1,"OrdinalPosition":null},"Id":104},{"WebPartDefinitionKey":"Rec_Recommended_Jobs","Title":"Recommended Jobs","Description":"View jobs recommended for you, based on your fit for job requirements and your location.","SubTitle":"Requisition Favorite Jobs","WebPartIconName":null,"WidgetNotificationMode":0,"WidgetDeeplinkUrlText":null,"CategoryName":"Talent","IsWebPartEnabled":true,"TypeName":null,"WebPartServiceAgentInterfaceTypeName":null,"WebPartDefinitionXml":null,"HideWebPartHeader":false,"HideWebPartFooter":false,"IsFreeFlowing":false,"PillarKey":null,"ChromeStyle":7,"ParameterJSON":"{\"HeaderLinkIcon\": \"\", \"IsCustomEditor\": false, \"PreviewType\" : \"table\"}","TemplatePath":"app/modules/dashboard/views/webparts/widgetRecommendedJobs.html","IsSystemLocked":false,"Category":{"Id":6,"Name":"Talent","CategoryKey":"WebPartDefinition_Talent","Description":"Talent","ParentId":1,"OrdinalPosition":null},"Id":105}]},{"Category":{"Id":28,"Name":"Enterprise Search Configuration","CategoryKey":"ENTERPRISE_SEARCH","Description":"The category for enterprise search settings","ParentId":0,"OrdinalPosition":"1"},"Definitions":[{"WebPartDefinitionKey":"FTE_Custom_Widget","Title":"Custom Widget","Description":"Widget for First Time Search Experience","SubTitle":null,"WebPartIconName":null,"WidgetNotificationMode":0,"WidgetDeeplinkUrlText":null,"CategoryName":"Enterprise Search Configuration","IsWebPartEnabled":true,"TypeName":null,"WebPartServiceAgentInterfaceTypeName":null,"WebPartDefinitionXml":null,"HideWebPartHeader":false,"HideWebPartFooter":true,"IsFreeFlowing":false,"PillarKey":null,"ChromeStyle":7,"ParameterJSON":"{\"HeaderLinkIcon\": \"\", \"IsCustomEditor\": true, \"PreviewType\" : \"search\", \"WidgetContent\":\"\", \"icon\":\"fa-code\"}","TemplatePath":"app/modules/dashboard/views/searchWidgets/customWidget.html","IsSystemLocked":false,"Category":{"Id":28,"Name":"Enterprise Search Configuration","CategoryKey":"ENTERPRISE_SEARCH","Description":"The category for enterprise search settings","ParentId":0,"OrdinalPosition":"1"},"Id":71},{"WebPartDefinitionKey":"Find_Course","Title":"Find a Course","Description":"Provides a launching point to search for courses in the learning library.","SubTitle":null,"WebPartIconName":null,"WidgetNotificationMode":0,"WidgetDeeplinkUrlText":null,"CategoryName":"Enterprise Search Configuration","IsWebPartEnabled":true,"TypeName":null,"WebPartServiceAgentInterfaceTypeName":null,"WebPartDefinitionXml":null,"HideWebPartHeader":false,"HideWebPartFooter":false,"IsFreeFlowing":false,"PillarKey":null,"ChromeStyle":7,"ParameterJSON":"{ \"HeaderLinkIcon\": \"\", \"IsCustomEditor\": false, \"PreviewType\": \"search\", \"WidgetContent\": [\t{ \"contentItem\": \"ENTERPRISE_SEARCH_FIND_COURSE_CONTENT_ITEM\", \"contentDescription\": \"ENTERPRISE_SEARCH_FIND_COURSE_CONTENT_DESC\", \"isLink\": false\t},\t{ \"contentItem\": \"ENTERPRISE_SEARCH_FIND_COURSE_CONTENT_ITEM_TWO\", \"contentDescription\": \"ENTERPRISE_SEARCH_FIND_COURSE_CONTENT_DESC_TWO\", \"contentLink\": \"ENTERPRISE_SEARCH_LEARNER_DASHBOARD_LINK\", \"isLink\": true , \"link\" : \"/dash/learning\"\t} ], \"icon\":\"fa-desktop\", \"catalogItem\":\"Course\"\t}","TemplatePath":"app/modules/dashboard/views/searchWidgets/findCourse.html","IsSystemLocked":false,"Category":{"Id":28,"Name":"Enterprise Search Configuration","CategoryKey":"ENTERPRISE_SEARCH","Description":"The category for enterprise search settings","ParentId":0,"OrdinalPosition":"1"},"Id":72},{"WebPartDefinitionKey":"Find_Video","Title":"Find a Video","Description":"Provides a launching point to search for videos in the learning library.","SubTitle":null,"WebPartIconName":null,"WidgetNotificationMode":0,"WidgetDeeplinkUrlText":null,"CategoryName":"Enterprise Search Configuration","IsWebPartEnabled":true,"TypeName":null,"WebPartServiceAgentInterfaceTypeName":null,"WebPartDefinitionXml":null,"HideWebPartHeader":false,"HideWebPartFooter":false,"IsFreeFlowing":false,"PillarKey":null,"ChromeStyle":7,"ParameterJSON":"{ \"HeaderLinkIcon\": \"\", \"IsCustomEditor\": false, \"PreviewType\": \"search\", \"WidgetContent\": [\t{ \"contentItem\": \"ENTERPRISE_SEARCH_FIND_VIDEO_CONTENT_ITEM\", \"contentDescription\": \"ENTERPRISE_SEARCH_FIND_VIDEO_CONTENT_DESC\",  \"isLink\": false\t},\t{ \"contentItem\": \"ENTERPRISE_SEARCH_FIND_VIDEO_CONTENT_ITEM_TWO\", \"contentDescription\": \"ENTERPRISE_SEARCH_FIND_VIDEO_CONTENT_DESC_TWO\", \"contentLink\": \"ENTERPRISE_SEARCH_LEARNER_DASHBOARD_LINK\", \"isLink\": true , \"link\": \"/dash/learning\"\t} ], \"icon\":\"fa-video-camera\", \"catalogItem\":\"Video\"\t}","TemplatePath":"app/modules/dashboard/views/searchWidgets/findVideo.html","IsSystemLocked":false,"Category":{"Id":28,"Name":"Enterprise Search Configuration","CategoryKey":"ENTERPRISE_SEARCH","Description":"The category for enterprise search settings","ParentId":0,"OrdinalPosition":"1"},"Id":73},{"WebPartDefinitionKey":"Find_Person","Title":"Find another Person","Description":"Provides a launching point to search for people.","SubTitle":null,"WebPartIconName":null,"WidgetNotificationMode":0,"WidgetDeeplinkUrlText":null,"CategoryName":"Enterprise Search Configuration","IsWebPartEnabled":true,"TypeName":null,"WebPartServiceAgentInterfaceTypeName":null,"WebPartDefinitionXml":null,"HideWebPartHeader":false,"HideWebPartFooter":false,"IsFreeFlowing":false,"PillarKey":null,"ChromeStyle":7,"ParameterJSON":"{ \"HeaderLinkIcon\": \"\", \"IsCustomEditor\": false, \"PreviewType\": \"search\", \"WidgetContent\": [\t{ \"contentItem\": \"ENTERPRISE_SEARCH_FIND_PERSON_CONTENT_ITEM\", \"contentDescription\": \"ENTERPRISE_SEARCH_FIND_PERSON_CONTENT_DESC\", \"isLink\": false\t} ], \"icon\":\"fa-users\"\t}","TemplatePath":"app/modules/dashboard/views/searchWidgets/findPerson.html","IsSystemLocked":false,"Category":{"Id":28,"Name":"Enterprise Search Configuration","CategoryKey":"ENTERPRISE_SEARCH","Description":"The category for enterprise search settings","ParentId":0,"OrdinalPosition":"1"},"Id":74},{"WebPartDefinitionKey":"Find_Report","Title":"Find a Report","Description":"Provides a launching point to search for reports.","SubTitle":null,"WebPartIconName":null,"WidgetNotificationMode":0,"WidgetDeeplinkUrlText":null,"CategoryName":"Enterprise Search Configuration","IsWebPartEnabled":true,"TypeName":null,"WebPartServiceAgentInterfaceTypeName":null,"WebPartDefinitionXml":null,"HideWebPartHeader":false,"HideWebPartFooter":false,"IsFreeFlowing":false,"PillarKey":null,"ChromeStyle":7,"ParameterJSON":"{ \"HeaderLinkIcon\": \"\", \"IsCustomEditor\": false, \"PreviewType\": \"search\", \"WidgetContent\": [\t{ \"contentItem\": \"ENTERPRISE_SEARCH_FIND_REPORT_CONTENT_ITEM\", \"isLink\": true\t},\t{ \"contentItem\": \"ENTERPRISE_SEARCH_FIND_REPORT_CONTENT_ITEM_TWO\", \"contentDescription\": \"ENTERPRISE_SEARCH_FIND_REPORT_CONTENT_DESC_TWO\", \"isLink\": false\t} ], \"icon\":\"fa-file-text-o\"\t}","TemplatePath":"app/modules/dashboard/views/searchWidgets/findReport.html","IsSystemLocked":false,"Category":{"Id":28,"Name":"Enterprise Search Configuration","CategoryKey":"ENTERPRISE_SEARCH","Description":"The category for enterprise search settings","ParentId":0,"OrdinalPosition":"1"},"Id":75},{"WebPartDefinitionKey":"Find_Admin_Page","Title":"Find an Admin Page","Description":"Provides a launching point to search for administrator functions.","SubTitle":null,"WebPartIconName":null,"WidgetNotificationMode":0,"WidgetDeeplinkUrlText":null,"CategoryName":"Enterprise Search Configuration","IsWebPartEnabled":true,"TypeName":null,"WebPartServiceAgentInterfaceTypeName":null,"WebPartDefinitionXml":null,"HideWebPartHeader":false,"HideWebPartFooter":false,"IsFreeFlowing":false,"PillarKey":null,"ChromeStyle":7,"ParameterJSON":"{ \"HeaderLinkIcon\": \"\", \"IsCustomEditor\": false, \"PreviewType\": \"search\", \"WidgetContent\": [\t{ \"contentItem\": \"ENTERPRISE_SEARCH_FIND_ADMIN_CONTENT_ITEM\", \"contentDescription\": \"ENTERPRISE_SEARCH_FIND_ADMIN_CONTENT_DESC\", \"isLink\": false\t} ], \"icon\":\"fa-lock\"\t}","TemplatePath":"app/modules/dashboard/views/searchWidgets/findAdminPage.html","IsSystemLocked":false,"Category":{"Id":28,"Name":"Enterprise Search Configuration","CategoryKey":"ENTERPRISE_SEARCH","Description":"The category for enterprise search settings","ParentId":0,"OrdinalPosition":"1"},"Id":76},{"WebPartDefinitionKey":"Edit_Profile","Title":"Edit Your Profile","Description":"Edit your profile.","SubTitle":null,"WebPartIconName":null,"WidgetNotificationMode":0,"WidgetDeeplinkUrlText":null,"CategoryName":"Enterprise Search Configuration","IsWebPartEnabled":true,"TypeName":null,"WebPartServiceAgentInterfaceTypeName":null,"WebPartDefinitionXml":null,"HideWebPartHeader":false,"HideWebPartFooter":false,"IsFreeFlowing":false,"PillarKey":null,"ChromeStyle":7,"ParameterJSON":"{\"HeaderLinkIcon\": \"\", \"IsCustomEditor\": false, \"PreviewType\" : \"search\", \"WidgetContent\":[{ \"contentItem\": \"ENTERPRISE_SEARCH_EDIT_PROFILE_CONTENT_ITEM\", \"isLink\": true , \"link\" : \"/dash/profile\"\t}], \"icon\":\"fa-user\"}","TemplatePath":"app/modules/dashboard/views/searchWidgets/editProfile.html","IsSystemLocked":false,"Category":{"Id":28,"Name":"Enterprise Search Configuration","CategoryKey":"ENTERPRISE_SEARCH","Description":"The category for enterprise search settings","ParentId":0,"OrdinalPosition":"1"},"Id":77},{"WebPartDefinitionKey":"Find_Activity","Title":"Find an Activity","Description":"Provides a launching point to search for courses.","SubTitle":null,"WebPartIconName":null,"WidgetNotificationMode":0,"WidgetDeeplinkUrlText":null,"CategoryName":"Enterprise Search Configuration","IsWebPartEnabled":true,"TypeName":null,"WebPartServiceAgentInterfaceTypeName":null,"WebPartDefinitionXml":null,"HideWebPartHeader":false,"HideWebPartFooter":false,"IsFreeFlowing":false,"PillarKey":null,"ChromeStyle":7,"ParameterJSON":"{ \"HeaderLinkIcon\": \"\", \"IsCustomEditor\": false, \"PreviewType\": \"search\", \"WidgetContent\": [\t{ \"contentItem\": \"ENTERPRISE_SEARCH_FIND_ACTIVITY_CONTENT_ITEM\", \"contentDescription\": \"ENTERPRISE_SEARCH_FIND_ACTIVITY_CONTENT_DESC\", \"isLink\": false\t},\t{ \"contentItem\": \"ENTERPRISE_SEARCH_FIND_ACTIVITY_CONTENT_ITEM_TWO\", \"contentDescription\": \"ENTERPRISE_SEARCH_FIND_ACTIVITY_CONTENT_DESC_TWO\", \"contentLink\": \"ENTERPRISE_SEARCH_LEARNER_DASHBOARD_LINK\", \"isLink\": true, \"link\":\"/dash/learning\"\t} ], \"icon\":\"fa-edit\", \"catalogItem\":\"Activity\"\t}","TemplatePath":"app/modules/dashboard/views/searchWidgets/findActivity.html","IsSystemLocked":false,"Category":{"Id":28,"Name":"Enterprise Search Configuration","CategoryKey":"ENTERPRISE_SEARCH","Description":"The category for enterprise search settings","ParentId":0,"OrdinalPosition":"1"},"Id":78},{"WebPartDefinitionKey":"Find_Job","Title":"Find A Job","Description":"Here are a few different ways to find a job:","SubTitle":null,"WebPartIconName":null,"WidgetNotificationMode":0,"WidgetDeeplinkUrlText":null,"CategoryName":"Enterprise Search Configuration","IsWebPartEnabled":true,"TypeName":null,"WebPartServiceAgentInterfaceTypeName":null,"WebPartDefinitionXml":null,"HideWebPartHeader":false,"HideWebPartFooter":false,"IsFreeFlowing":false,"PillarKey":null,"ChromeStyle":7,"ParameterJSON":"{ \"HeaderLinkIcon\": \"\", \"IsCustomEditor\": false, \"PreviewType\": \"search\", \"WidgetContent\": [\t{ \"contentItem\": \"ENTERPRISE_SEARCH_FIND_JOB_CONTENT_ITEM\", \"isLink\": true\t},\t{ \"contentItem\": \"ENTERPRISE_SEARCH_FIND_JOB_CONTENT_ITEM_TWO\", \"contentDescription\": \"ENTERPRISE_SEARCH_FIND_JOB_CONTENT_DESC_TWO\", \"isLink\": false\t} ], \"icon\":\"fa-search\"\t}","TemplatePath":"app/modules/dashboard/views/searchWidgets/findJob.html","IsSystemLocked":false,"Category":{"Id":28,"Name":"Enterprise Search Configuration","CategoryKey":"ENTERPRISE_SEARCH","Description":"The category for enterprise search settings","ParentId":0,"OrdinalPosition":"1"},"Id":86}]},{"Category":{"Id":1,"Name":"Portal","CategoryKey":"TRANSLATIONS_PORTAL","Description":"The root category to store translation strings for the Portal.","ParentId":0,"OrdinalPosition":"1"},"Definitions":[{"WebPartDefinitionKey":"my_reports","Title":"Embedded Report","Description":"Pins a report from Advanced Reporting on the dashboard.","SubTitle":"Advanced Reporting","WebPartIconName":null,"WidgetNotificationMode":0,"WidgetDeeplinkUrlText":null,"CategoryName":"Portal","IsWebPartEnabled":true,"TypeName":null,"WebPartServiceAgentInterfaceTypeName":null,"WebPartDefinitionXml":null,"HideWebPartHeader":false,"HideWebPartFooter":false,"IsFreeFlowing":false,"PillarKey":"AdvancedReport","ChromeStyle":7,"ParameterJSON":"{\"HeaderLinkIcon\": \"\", \"IsCustomEditor\": false, \"PreviewType\" : \"report\", \"reportUrl\": \"\", \"showToolbar\":\"\"}","TemplatePath":"app/modules/dashboard/views/webparts/MyReport.html","IsSystemLocked":false,"Category":{"Id":1,"Name":"Portal","CategoryKey":"TRANSLATIONS_PORTAL","Description":"The root category to store translation strings for the Portal.","ParentId":0,"OrdinalPosition":"1"},"Id":88},{"WebPartDefinitionKey":"reporting_widget","Title":"Report List","Description":"Displays selected Advanced Reporting reports in a list. Users can click to view a report in a slide-out panel.","SubTitle":"Advanced Reporting","WebPartIconName":null,"WidgetNotificationMode":0,"WidgetDeeplinkUrlText":null,"CategoryName":"Portal","IsWebPartEnabled":true,"TypeName":null,"WebPartServiceAgentInterfaceTypeName":null,"WebPartDefinitionXml":null,"HideWebPartHeader":false,"HideWebPartFooter":false,"IsFreeFlowing":false,"PillarKey":"AdvancedReport","ChromeStyle":7,"ParameterJSON":"{\"HeaderLinkIcon\": \"\", \"IsCustomEditor\": false, \"PreviewType\" : \"reportList\", \"reportUrl\": \"\", \"showToolbar\":\"\"}","TemplatePath":"app/modules/dashboard/views/webparts/widgetARWidget.html","IsSystemLocked":false,"Category":{"Id":1,"Name":"Portal","CategoryKey":"TRANSLATIONS_PORTAL","Description":"The root category to store translation strings for the Portal.","ParentId":0,"OrdinalPosition":"1"},"Id":89}]},{"Category":{"Id":94,"Name":"Requisition","CategoryKey":"WebPartDefinition_Requisition","Description":"Category for Requisition widget.","ParentId":1,"OrdinalPosition":null},"Definitions":[{"WebPartDefinitionKey":"Requisition_Widget","Title":"Requisition Summary","Description":"Displays key summary information about the requisition","SubTitle":"Requisition Summary","WebPartIconName":null,"WidgetNotificationMode":0,"WidgetDeeplinkUrlText":null,"CategoryName":"Requisition","IsWebPartEnabled":true,"TypeName":null,"WebPartServiceAgentInterfaceTypeName":null,"WebPartDefinitionXml":null,"HideWebPartHeader":false,"HideWebPartFooter":false,"IsFreeFlowing":false,"PillarKey":null,"ChromeStyle":7,"ParameterJSON":"{\"HeaderLinkIcon\": \"\", \"IsCustomEditor\": false, \"PreviewType\" : \"table\"}","TemplatePath":"app/modules/dashboard/views/webparts/widgetRequisitionSummary.html","IsSystemLocked":false,"Category":{"Id":94,"Name":"Requisition","CategoryKey":"WebPartDefinition_Requisition","Description":"Category for Requisition widget.","ParentId":1,"OrdinalPosition":null},"Id":100},{"WebPartDefinitionKey":"Requisition_Widget","Title":"Candidate Summary","Description":"Displays candidates by recruiting phase","SubTitle":"Candidate Summary","WebPartIconName":null,"WidgetNotificationMode":0,"WidgetDeeplinkUrlText":null,"CategoryName":"Requisition","IsWebPartEnabled":true,"TypeName":null,"WebPartServiceAgentInterfaceTypeName":null,"WebPartDefinitionXml":null,"HideWebPartHeader":false,"HideWebPartFooter":false,"IsFreeFlowing":false,"PillarKey":null,"ChromeStyle":7,"ParameterJSON":"{\"HeaderLinkIcon\": \"\", \"IsCustomEditor\": false, \"PreviewType\" : \"table\"}","TemplatePath":"app/modules/dashboard/views/webparts/widgetCandidateSummary.html","IsSystemLocked":false,"Category":{"Id":94,"Name":"Requisition","CategoryKey":"WebPartDefinition_Requisition","Description":"Category for Requisition widget.","ParentId":1,"OrdinalPosition":null},"Id":101},{"WebPartDefinitionKey":"Requisition_Widget","Title":"Recently Accessed Applications","Description":"Displays 10 most recently accessed applications for a requisition","SubTitle":"Requisition Summary","WebPartIconName":null,"WidgetNotificationMode":0,"WidgetDeeplinkUrlText":null,"CategoryName":"Requisition","IsWebPartEnabled":true,"TypeName":null,"WebPartServiceAgentInterfaceTypeName":null,"WebPartDefinitionXml":null,"HideWebPartHeader":false,"HideWebPartFooter":false,"IsFreeFlowing":false,"PillarKey":null,"ChromeStyle":7,"ParameterJSON":"{\"HeaderLinkIcon\": \"\", \"IsCustomEditor\": false, \"PreviewType\" : \"table\"}","TemplatePath":"app/modules/dashboard/views/webparts/widgetRecentlyAccessedRequisition.html","IsSystemLocked":false,"Category":{"Id":94,"Name":"Requisition","CategoryKey":"WebPartDefinition_Requisition","Description":"Category for Requisition widget.","ParentId":1,"OrdinalPosition":null},"Id":102}]}]},
        mustSetSecurityQuestions: _.cloneDeep(root.tempStaticData.MustSetSecurityQuestions),
        esbApiRoot: 'https://cl12sales.sumtotaldevelopment.net/Services/api/',
        useCommonHelpUrl: true,
        commonHelpUrl: 'https://help.sumtotaldevelopment.net/',
        tenantName : 'SumTotal'
      });

      staticData.appUris.makeWorkerUri = function (relativePathToWorker) {
        var uri = null;

        if(staticData.debugEnabled) {
          uri = new URI('app/modules/', staticData.appUris.tenantRoot);
        } else {
          uri = new URI('dist/app/modules/', staticData.appUris.tenantRoot);
        }

        uri = new URI(relativePathToWorker, uri);

        return uri.toString();
      };

      return staticData;
    };
  }));
</script>
    <script type="text/javascript">
      (function(root, factory, errorHandler) {
        root.jQuery(root.document).ready(function() {
          root.require(['main'], factory(root));
        });
      }(this, function(root) {
        return function(main) {
          if(root.debugEnabled) {
            console.log('Main resources have been loaded.', main);
          }
        }
      }, function(error) {
        console.error(error);
      }));
    </script>
  </div>


<input id="textAngular-editableFix-010203040506070809" class="ta-hidden-input" unselectable="on" tabindex="-1"></body>

2018-08-16 16:26:23 - [TEST_STEP][PASSED] - Statement - lenght = substring.indexOf(","): null

2018-08-16 16:26:23 - [TEST_STEP][PASSED] - comment: length549

2018-08-16 16:26:23 - [TEST_STEP][PASSED] - Statement - esb = substring.substring(0, lenght): null

2018-08-16 16:26:23 - [TEST_STEP][PASSED] - comment: esb 'eyJ0eXAiOiJKV1QiLCJhbGciOiJIUzI1NiJ9.eyJpc3MiOiJodHRwOlwvXC93d3cuc3VtdG90YWxzeXN0ZW1zLmNvbVwvY29yZXVpIiwic3ViIjoiTW9kZXJhdG9yIiwiYXVkIjoiQ0wxMl9TQUxFU19URVNUIiwiZXhwIjo2MzY3MDAxNDY4MDk4NzA3OTQsIm5iZiI6MCwiaWF0Ijo2MzY3MDAxMzc4MTI2ODM0OTMsImJzZXNzaW9uaWQiOiJhMThiNmM5YjM4NjQ0M2M2YWQ4N2M3YjIxZDQ2OWU4ZCIsImV1c3JpZCI6bnVsbCwiZXVzcm4iOm51bGwsImN1bCI6ImVuLVVTIiwidXNlcmlkIjoiTW9kZXJhdG9yIiwiZ3Vlc3RhY2NvdW50IjowLCJwZXJzb25pZCI6MTAwODkxLCJpc2V4dGVybmFsIjpmYWxzZSwicnBrZXkiOiJFTElYSFJVSSJ9.EAD2E987666C8C57385FF49811B03EF5701819B7F71F7C94327CE1B7E3B62ED2'

2018-08-16 16:26:23 - [TEST_STEP][PASSED] - Statement - esbapitoken = esb.subSequence(2, esb.length() - 1): null

2018-08-16 16:26:23 - [TEST_STEP][PASSED] - comment: esb api token eyJ0eXAiOiJKV1QiLCJhbGciOiJIUzI1NiJ9.eyJpc3MiOiJodHRwOlwvXC93d3cuc3VtdG90YWxzeXN0ZW1zLmNvbVwvY29yZXVpIiwic3ViIjoiTW9kZXJhdG9yIiwiYXVkIjoiQ0wxMl9TQUxFU19URVNUIiwiZXhwIjo2MzY3MDAxNDY4MDk4NzA3OTQsIm5iZiI6MCwiaWF0Ijo2MzY3MDAxMzc4MTI2ODM0OTMsImJzZXNzaW9uaWQiOiJhMThiNmM5YjM4NjQ0M2M2YWQ4N2M3YjIxZDQ2OWU4ZCIsImV1c3JpZCI6bnVsbCwiZXVzcm4iOm51bGwsImN1bCI6ImVuLVVTIiwidXNlcmlkIjoiTW9kZXJhdG9yIiwiZ3Vlc3RhY2NvdW50IjowLCJwZXJzb25pZCI6MTAwODkxLCJpc2V4dGVybmFsIjpmYWxzZSwicnBrZXkiOiJFTElYSFJVSSJ9.EAD2E987666C8C57385FF49811B03EF5701819B7F71F7C94327CE1B7E3B62ED2

2018-08-16 16:26:23 - [TEST_STEP][PASSED] - Statement - g_ModeratorToken = esbapitoken: null

2018-08-16 16:26:23 - [TEST_STEP][PASSED] - Statement - decoded = new java.lang.String(javax.xml.bind.DatatypeConverter.parseBase64Binary(esbapitoken)): null

2018-08-16 16:26:23 - [TEST_STEP][PASSED] - Statement - decoded = decoded.substring(decoded.indexOf("}{") + 1): null

2018-08-16 16:26:23 - [TEST_STEP][PASSED] - comment: ESB DECRYPTED {"iss":"http:\/\/www.sumtotalsystems.com\/coreui","sub":"Moderator","aud":"CL12_SALES_TEST","exp":636700146809870794,"nbf":0,"iat":636700137812683493,"bsessionid":"a18b6c9b386443c6ad87c7b21d469e8d","eusrid":null,"eusrn":null,"cul":"en-US","userid":"Moderator","guestaccount":0,"personid":100891,"isexternal":false,"rpkey":"ELIXHRUI"} ��;뮂�.{��E�|�Pt�Ay�M|��{�E�/x�n�P{pz�@�

2018-08-16 16:26:23 - [TEST_STEP][PASSED] - Statement - jsonSlurper = new groovy.json.JsonSlurper(): null

2018-08-16 16:26:23 - [TEST_STEP][PASSED] - Statement - object = jsonSlurper.parseText(decoded.toString()): null

2018-08-16 16:26:23 - [TEST_STEP][PASSED] - Statement - userId = personid: null

2018-08-16 16:26:23 - [TEST_STEP][PASSED] - Statement - userName = sub: null

2018-08-16 16:26:23 - [TEST_STEP][PASSED] - Statement - g_NameTemp = userId: null

2018-08-16 16:26:23 - [TEST_STEP][PASSED] - Statement - g_PassTemp = userName: null

2018-08-16 16:26:23 - [TEST_STEP][PASSED] - comment: esb eyJ0eXAiOiJKV1QiLCJhbGciOiJIUzI1NiJ9.eyJpc3MiOiJodHRwOlwvXC93d3cuc3VtdG90YWxzeXN0ZW1zLmNvbVwvY29yZXVpIiwic3ViIjoiYWRtaW4iLCJhdWQiOiJDTDEyX1NBTEVTX1RFU1QiLCJleHAiOjYzNjcwMDE0NjY0MDA1MjIyMywibmJmIjowLCJpYXQiOjYzNjcwMDEzNzY0NDg5NjA4NCwiYnNlc3Npb25pZCI6IjE0YmM2MDM1NTYwYzQ3N2FiOWQ5NzJiNTE2NGRkMjZiIiwiZXVzcmlkIjpudWxsLCJldXNybiI6bnVsbCwiY3VsIjoiZW4tVVMiLCJ1c2VyaWQiOiIxIiwiZ3Vlc3RhY2NvdW50IjowLCJwZXJzb25pZCI6LTEsImlzZXh0ZXJuYWwiOmZhbHNlLCJycGtleSI6IkVMSVhIUlVJIn0.907649903771895462BB690BBA0A7D28F9581D706E6AC489189D15C1AB565C91

2018-08-16 16:26:23 - [TEST_STEP][PASSED] - comment: userid-1

2018-08-16 16:26:23 - [TEST_STEP][PASSED] - click: Object: 'Object Repository/Login/Page_Home - SumTotal/fa fa-user' is clicked on

2018-08-16 16:26:24 - [MESSAGE][PASSED] - Object: 'Object Repository/Login/Page_Home - SumTotal/fa fa-user' is clicked on

2018-08-16 16:26:24 - [TEST_STEP][PASSED] - closeBrowser: Browser is closed

2018-08-16 16:26:24 - [MESSAGE][PASSED] - Browser is closed]]></system-out>
         <system-err><![CDATA[]]></system-err>
      </testcase>
      <testcase name="Test Cases/TestCases/MD-2552 AdhocCommunity_MOB-3482/TC-19846Check admin can add or remove user at any point of time" classname="Test Cases/TestCases/MD-2552 AdhocCommunity_MOB-3482/TC-19846Check admin can add or remove user at any point of time" status="PASSED">
         <system-out><![CDATA[2018-08-16 16:26:24 - [TEST_CASE][PASSED] - Test Cases/TestCases/MD-2552 AdhocCommunity_MOB-3482/TC-19846Check admin can add or remove user at any point of time: Test Cases/TestCases/MD-2552 AdhocCommunity_MOB-3482/TC-19846Check admin can add or remove user at any point of time

2018-08-16 16:26:24 - [TEST_STEP][PASSED] - Statement - data = com.kms.katalon.core.testdata.TestDataFactory.findTestData(TestData): Reading CSV file with source file 'comma', separator 'containing header' and '{2}'

2018-08-16 16:26:25 - [TEST_STEP][PASSED] - Statement - personpk = data.getValue("Contributer", 47): null

2018-08-16 16:26:25 - [TEST_STEP][PASSED] - Statement - pk = "'" + personpk + "'": null

2018-08-16 16:26:25 - [TEST_STEP][PASSED] - Statement - userid = "": null

2018-08-16 16:26:25 - [TEST_STEP][PASSED] - Statement - response = com.kms.katalon.core.webui.keyword.WebUiBuiltInKeywords.callTestCase(com.kms.katalon.core.testcase.TestCaseFactory.findTestCase(Library/Community/Create Community), ["communityName":data.getValue("CommunityName", 47), "CommunityDesc":data.getValue("CommunityDesc", 47), "allowDiscussionBoards":true, ... ], STOP_ON_FAILURE): Call Test Case 'Test Cases/Library/Community/Create Community' successfully

2018-08-16 16:26:25 - [TEST_CASE][PASSED] - Test Cases/Library/Community/Create Community: Test Cases/Library/Community/Create Community

2018-08-16 16:26:25 - [TEST_STEP][PASSED] - Statement - request = com.kms.katalon.core.testobject.ObjectRepository.findTestObject(Community/POST Create Community, [host:internal.GlobalVariable.g_URL]): Finding Test Object with id 'Object Repository/Community/POST Create Community'

2018-08-16 16:26:25 - [TEST_STEP][PASSED] - Statement - request.setHttpHeaderProperties(CustomKeywords.requestHeaders.Headers.AddHeaders()): requestHeaders.Headers.AddHeaders is PASSED

2018-08-16 16:26:25 - [MESSAGE][PASSED] - requestHeaders.Headers.AddHeaders is PASSED

2018-08-16 16:26:25 - [TEST_STEP][PASSED] - Statement - reponse = <not implemented yet for class: org.codehaus.groovy.ast.expr.EmptyExpression>: null

2018-08-16 16:26:25 - [TEST_STEP][PASSED] - Statement - vsRequestBody = "": null

2018-08-16 16:26:25 - [TEST_STEP][PASSED] - Statement - vsRequestBody = request.getHttpBody(): null

2018-08-16 16:26:25 - [TEST_STEP][PASSED] - Statement - vsRequestBody = vsRequestBody.replace("${CommunityName}", """ + communityName + """): null

2018-08-16 16:26:25 - [TEST_STEP][PASSED] - Statement - vsRequestBody = vsRequestBody.replace("${CommunityDesc}", """ + CommunityDesc + """): null

2018-08-16 16:26:25 - [TEST_STEP][PASSED] - Statement - vsRequestBody = vsRequestBody.replace("${allowDiscussionBoards}", """ + allowDiscussionBoards + """): null

2018-08-16 16:26:25 - [TEST_STEP][PASSED] - Statement - vsRequestBody = vsRequestBody.replace("${allowBlogPosts}", """ + allowBlogPosts + """): null

2018-08-16 16:26:25 - [TEST_STEP][PASSED] - Statement - vsRequestBody = vsRequestBody.replace("${allowFileUploads}", """ + allowFileUploads + """): null

2018-08-16 16:26:25 - [TEST_STEP][PASSED] - Statement - vsRequestBody = vsRequestBody.replace("${isPrivate}", """ + isPrivate + """): null

2018-08-16 16:26:25 - [TEST_STEP][PASSED] - Statement - vsRequestBody = vsRequestBody.replace("${userName}", """ + userName + """): null

2018-08-16 16:26:25 - [TEST_STEP][PASSED] - Statement - vsRequestBody = vsRequestBody.replace("${userId}", """ + userId + """): null

2018-08-16 16:26:25 - [TEST_STEP][PASSED] - Statement - vsRequestBody = vsRequestBody.replace("${role}", """ + role + """): null

2018-08-16 16:26:25 - [TEST_STEP][PASSED] - Statement - vsRequestBody = vsRequestBody.replace("${userStatus}", """ + userStatus + """): null

2018-08-16 16:26:25 - [TEST_STEP][PASSED] - Statement - vsRequestBody = vsRequestBody.replace("${communityCode}", """ + communityCode + """): null

2018-08-16 16:26:25 - [TEST_STEP][PASSED] - Statement - vsRequestBody = vsRequestBody.replace("${hidden}", """ + isHidden + """): null

2018-08-16 16:26:25 - [TEST_STEP][PASSED] - Statement - request.setHttpBody(vsRequestBody): null

2018-08-16 16:26:25 - [TEST_STEP][PASSED] - Statement - response = com.kms.katalon.core.webservice.keyword.WSBuiltInKeywords.sendRequest(request): Send request successfully

2018-08-16 16:26:26 - [MESSAGE][PASSED] - Send request successfully

2018-08-16 16:26:26 - [TEST_STEP][PASSED] - verifyResponseStatusCode: Verify response status code successfully

2018-08-16 16:26:26 - [MESSAGE][PASSED] - Verify response status code successfully

2018-08-16 16:26:26 - [TEST_STEP][PASSED] - containsString: Check contain string successfully

2018-08-16 16:26:26 - [MESSAGE][PASSED] - Check contain string successfully

2018-08-16 16:26:26 - [TEST_STEP][PASSED] - Statement - return response: null

2018-08-16 16:26:26 - [MESSAGE][PASSED] - Call Test Case 'Test Cases/Library/Community/Create Community' successfully

2018-08-16 16:26:26 - [TEST_STEP][PASSED] - Statement - CommunityID = id: getAttributeValue.GetAttributeValue.GetAttribute is PASSED

2018-08-16 16:26:26 - [MESSAGE][PASSED] - getAttributeValue.GetAttributeValue.GetAttribute is PASSED

2018-08-16 16:26:26 - [TEST_STEP][PASSED] - Statement - recordset = CustomKeywords.dbConnectionPackage.DBConnectionKeyword.executeQuery("select * from PERSON where FirstName=" + pk): dbConnectionPackage.DBConnectionKeyword.executeQuery is PASSED

2018-08-16 16:26:41 - [MESSAGE][PASSED] - Delayed 15 second(s)

2018-08-16 16:26:42 - [MESSAGE][PASSED] - dbConnectionPackage.DBConnectionKeyword.executeQuery is PASSED

2018-08-16 16:26:42 - [TEST_STEP][PASSED] - Statement - While (recordset.next()): null

2018-08-16 16:26:42 - [TEST_STEP][PASSED] - Statement - userid = recordset.getObject("PersonPK"): null

2018-08-16 16:26:42 - [TEST_STEP][PASSED] - dbConnectionPackage.DBConnectionKeyword.CloseConnections: dbConnectionPackage.DBConnectionKeyword.CloseConnections is PASSED

2018-08-16 16:26:47 - [MESSAGE][PASSED] - Delayed 5 second(s)

2018-08-16 16:26:47 - [MESSAGE][PASSED] - dbConnectionPackage.DBConnectionKeyword.CloseConnections is PASSED

2018-08-16 16:26:47 - [TEST_STEP][PASSED] - callTestCase: Call Test Case 'Test Cases/Library/Community/Add a member to community' successfully

2018-08-16 16:26:47 - [TEST_CASE][PASSED] - Test Cases/Library/Community/Add a member to community: Test Cases/Library/Community/Add a member to community

2018-08-16 16:26:47 - [TEST_STEP][PASSED] - Statement - request = com.kms.katalon.core.testobject.ObjectRepository.findTestObject(Object Repository/Community/Add a member to community, [host:internal.GlobalVariable.g_URL, CommunityID:communityID]): Finding Test Object with id 'Object Repository/Community/Add a member to community'

2018-08-16 16:26:47 - [TEST_STEP][PASSED] - Statement - request.setHttpHeaderProperties(CustomKeywords.requestHeaders.Headers.AddHeaders()): requestHeaders.Headers.AddHeaders is PASSED

2018-08-16 16:26:47 - [MESSAGE][PASSED] - requestHeaders.Headers.AddHeaders is PASSED

2018-08-16 16:26:47 - [TEST_STEP][PASSED] - Statement - reponse = <not implemented yet for class: org.codehaus.groovy.ast.expr.EmptyExpression>: null

2018-08-16 16:26:47 - [TEST_STEP][PASSED] - Statement - vsRequestBody = "": null

2018-08-16 16:26:47 - [TEST_STEP][PASSED] - Statement - vsRequestBody = request.getHttpBody(): null

2018-08-16 16:26:47 - [TEST_STEP][PASSED] - Statement - vsRequestBody = vsRequestBody.replace("${rating}", """ + rating + """): null

2018-08-16 16:26:47 - [TEST_STEP][PASSED] - Statement - vsRequestBody = vsRequestBody.replace("${userID}", """ + userID + """): null

2018-08-16 16:26:47 - [TEST_STEP][PASSED] - Statement - vsRequestBody = vsRequestBody.replace("${userName}", """ + userName + """): null

2018-08-16 16:26:47 - [TEST_STEP][PASSED] - Statement - request.setHttpBody(vsRequestBody): null

2018-08-16 16:26:47 - [TEST_STEP][PASSED] - Statement - response = com.kms.katalon.core.webservice.keyword.WSBuiltInKeywords.sendRequest(request): Send request successfully

2018-08-16 16:26:48 - [MESSAGE][PASSED] - Send request successfully

2018-08-16 16:26:48 - [TEST_STEP][PASSED] - verifyResponseStatusCode: Verify response status code successfully

2018-08-16 16:26:48 - [MESSAGE][PASSED] - Verify response status code successfully

2018-08-16 16:26:48 - [TEST_STEP][PASSED] - Statement - return response: null

2018-08-16 16:26:48 - [MESSAGE][PASSED] - Call Test Case 'Test Cases/Library/Community/Add a member to community' successfully

2018-08-16 16:26:48 - [TEST_STEP][PASSED] - callTestCase: Call Test Case 'Test Cases/Library/Community/Remove member from community' successfully

2018-08-16 16:26:48 - [TEST_CASE][PASSED] - Test Cases/Library/Community/Remove member from community: Test Cases/Library/Community/Remove member from community

2018-08-16 16:26:48 - [TEST_STEP][PASSED] - Statement - request = com.kms.katalon.core.testobject.ObjectRepository.findTestObject(Object Repository/Community/Remove member from community, [host:internal.GlobalVariable.g_URL, CommunityID:communityID]): Finding Test Object with id 'Object Repository/Community/Remove member from community'

2018-08-16 16:26:48 - [TEST_STEP][PASSED] - Statement - request.setHttpHeaderProperties(CustomKeywords.requestHeaders.Headers.AddHeaders()): requestHeaders.Headers.AddHeaders is PASSED

2018-08-16 16:26:48 - [MESSAGE][PASSED] - requestHeaders.Headers.AddHeaders is PASSED

2018-08-16 16:26:48 - [TEST_STEP][PASSED] - Statement - vsRequestBody = "": null

2018-08-16 16:26:48 - [TEST_STEP][PASSED] - Statement - vsRequestBody = request.getHttpBody(): null

2018-08-16 16:26:48 - [TEST_STEP][PASSED] - Statement - vsRequestBody = vsRequestBody.replace("${userID}", """ + userid + """): null

2018-08-16 16:26:48 - [TEST_STEP][PASSED] - Statement - request.setHttpBody(vsRequestBody): null

2018-08-16 16:26:48 - [TEST_STEP][PASSED] - Statement - response = com.kms.katalon.core.webservice.keyword.WSBuiltInKeywords.sendRequest(request): Send request successfully

2018-08-16 16:26:48 - [MESSAGE][PASSED] - Send request successfully

2018-08-16 16:26:48 - [TEST_STEP][PASSED] - verifyResponseStatusCode: Verify response status code successfully

2018-08-16 16:26:48 - [MESSAGE][PASSED] - Verify response status code successfully

2018-08-16 16:26:48 - [TEST_STEP][PASSED] - Statement - return response: null

2018-08-16 16:26:48 - [MESSAGE][PASSED] - Call Test Case 'Test Cases/Library/Community/Remove member from community' successfully

2018-08-16 16:26:48 - [TEST_STEP][PASSED] - Statement - res = com.kms.katalon.core.webui.keyword.WebUiBuiltInKeywords.callTestCase(com.kms.katalon.core.testcase.TestCaseFactory.findTestCase(Library/Community/Delete Community), ["communityID":CommunityID], STOP_ON_FAILURE): Call Test Case 'Test Cases/Library/Community/Delete Community' successfully

2018-08-16 16:26:48 - [TEST_CASE][PASSED] - Test Cases/Library/Community/Delete Community: Test Cases/Library/Community/Delete Community

2018-08-16 16:26:48 - [TEST_STEP][PASSED] - Statement - deleteCommunity = com.kms.katalon.core.testobject.ObjectRepository.findTestObject(Community/Delete Community, [host:internal.GlobalVariable.g_URL, communityID:communityID]): Finding Test Object with id 'Object Repository/Community/Delete Community'

2018-08-16 16:26:48 - [TEST_STEP][PASSED] - Statement - deleteCommunity.setHttpHeaderProperties(CustomKeywords.requestHeaders.Headers.AddHeaders()): requestHeaders.Headers.AddHeaders is PASSED

2018-08-16 16:26:48 - [MESSAGE][PASSED] - requestHeaders.Headers.AddHeaders is PASSED

2018-08-16 16:26:48 - [TEST_STEP][PASSED] - Statement - deleteCommunityRes = com.kms.katalon.core.webservice.keyword.WSBuiltInKeywords.sendRequest(deleteCommunity): Send request successfully

2018-08-16 16:26:48 - [MESSAGE][PASSED] - Send request successfully

2018-08-16 16:26:48 - [TEST_STEP][PASSED] - verifyResponseStatusCode: Verify response status code successfully

2018-08-16 16:26:48 - [MESSAGE][PASSED] - Verify response status code successfully

2018-08-16 16:26:48 - [TEST_STEP][PASSED] - delay: Delayed 10 second(s)

2018-08-16 16:26:58 - [MESSAGE][PASSED] - Delayed 10 second(s)

2018-08-16 16:26:58 - [TEST_STEP][PASSED] - Statement - reqObj = new com.kms.katalon.core.testobject.RequestObject(): null

2018-08-16 16:26:58 - [TEST_STEP][PASSED] - Statement - reqObj.setHttpHeaderProperties(CustomKeywords.requestHeaders.Headers.AddHeaders()): requestHeaders.Headers.AddHeaders is PASSED

2018-08-16 16:26:58 - [MESSAGE][PASSED] - requestHeaders.Headers.AddHeaders is PASSED

2018-08-16 16:26:58 - [TEST_STEP][PASSED] - Statement - reqObj.setRestRequestMethod("GET"): null

2018-08-16 16:26:58 - [TEST_STEP][PASSED] - Statement - reqObj.setRestUrl(g_URL + "/Services/api/sumtSocial/communities/" + communityID): null

2018-08-16 16:26:58 - [TEST_STEP][PASSED] - Statement - getResponse = com.kms.katalon.core.webservice.keyword.WSBuiltInKeywords.sendRequest(reqObj): Send request successfully

2018-08-16 16:26:59 - [MESSAGE][PASSED] - Send request successfully

2018-08-16 16:26:59 - [TEST_STEP][PASSED] - verifyResponseStatusCode: Verify response status code successfully

2018-08-16 16:26:59 - [MESSAGE][PASSED] - Verify response status code successfully

2018-08-16 16:26:59 - [TEST_STEP][PASSED] - Statement - boolVal = getResponse.getResponseText().equalsIgnoreCase("null"): null

2018-08-16 16:26:59 - [TEST_STEP][PASSED] - Statement - return boolVal: null

2018-08-16 16:26:59 - [MESSAGE][PASSED] - Call Test Case 'Test Cases/Library/Community/Delete Community' successfully]]></system-out>
         <system-err><![CDATA[]]></system-err>
      </testcase>
      <testcase name="Test Cases/TestCases/MD-2552 AdhocCommunity_MOB-3482/TC-19847Check owner can delete the community" classname="Test Cases/TestCases/MD-2552 AdhocCommunity_MOB-3482/TC-19847Check owner can delete the community" status="PASSED">
         <system-out><![CDATA[2018-08-16 16:26:59 - [TEST_CASE][PASSED] - Test Cases/TestCases/MD-2552 AdhocCommunity_MOB-3482/TC-19847Check owner can delete the community: Test Cases/TestCases/MD-2552 AdhocCommunity_MOB-3482/TC-19847Check owner can delete the community

2018-08-16 16:26:59 - [TEST_STEP][PASSED] - Statement - data = com.kms.katalon.core.testdata.TestDataFactory.findTestData(TestData): Reading CSV file with source file 'comma', separator 'containing header' and '{2}'

2018-08-16 16:26:59 - [TEST_STEP][PASSED] - Statement - response = com.kms.katalon.core.webui.keyword.WebUiBuiltInKeywords.callTestCase(com.kms.katalon.core.testcase.TestCaseFactory.findTestCase(Library/Community/Create Community), ["communityName":data.getValue("CommunityName", 28), "CommunityDesc":data.getValue("CommunityDesc", 28), "allowDiscussionBoards":true, ... ], STOP_ON_FAILURE): Call Test Case 'Test Cases/Library/Community/Create Community' successfully

2018-08-16 16:26:59 - [TEST_CASE][PASSED] - Test Cases/Library/Community/Create Community: Test Cases/Library/Community/Create Community

2018-08-16 16:26:59 - [TEST_STEP][PASSED] - Statement - request = com.kms.katalon.core.testobject.ObjectRepository.findTestObject(Community/POST Create Community, [host:internal.GlobalVariable.g_URL]): Finding Test Object with id 'Object Repository/Community/POST Create Community'

2018-08-16 16:26:59 - [TEST_STEP][PASSED] - Statement - request.setHttpHeaderProperties(CustomKeywords.requestHeaders.Headers.AddHeaders()): requestHeaders.Headers.AddHeaders is PASSED

2018-08-16 16:26:59 - [MESSAGE][PASSED] - requestHeaders.Headers.AddHeaders is PASSED

2018-08-16 16:26:59 - [TEST_STEP][PASSED] - Statement - reponse = <not implemented yet for class: org.codehaus.groovy.ast.expr.EmptyExpression>: null

2018-08-16 16:26:59 - [TEST_STEP][PASSED] - Statement - vsRequestBody = "": null

2018-08-16 16:26:59 - [TEST_STEP][PASSED] - Statement - vsRequestBody = request.getHttpBody(): null

2018-08-16 16:26:59 - [TEST_STEP][PASSED] - Statement - vsRequestBody = vsRequestBody.replace("${CommunityName}", """ + communityName + """): null

2018-08-16 16:26:59 - [TEST_STEP][PASSED] - Statement - vsRequestBody = vsRequestBody.replace("${CommunityDesc}", """ + CommunityDesc + """): null

2018-08-16 16:26:59 - [TEST_STEP][PASSED] - Statement - vsRequestBody = vsRequestBody.replace("${allowDiscussionBoards}", """ + allowDiscussionBoards + """): null

2018-08-16 16:26:59 - [TEST_STEP][PASSED] - Statement - vsRequestBody = vsRequestBody.replace("${allowBlogPosts}", """ + allowBlogPosts + """): null

2018-08-16 16:26:59 - [TEST_STEP][PASSED] - Statement - vsRequestBody = vsRequestBody.replace("${allowFileUploads}", """ + allowFileUploads + """): null

2018-08-16 16:26:59 - [TEST_STEP][PASSED] - Statement - vsRequestBody = vsRequestBody.replace("${isPrivate}", """ + isPrivate + """): null

2018-08-16 16:26:59 - [TEST_STEP][PASSED] - Statement - vsRequestBody = vsRequestBody.replace("${userName}", """ + userName + """): null

2018-08-16 16:26:59 - [TEST_STEP][PASSED] - Statement - vsRequestBody = vsRequestBody.replace("${userId}", """ + userId + """): null

2018-08-16 16:26:59 - [TEST_STEP][PASSED] - Statement - vsRequestBody = vsRequestBody.replace("${role}", """ + role + """): null

2018-08-16 16:26:59 - [TEST_STEP][PASSED] - Statement - vsRequestBody = vsRequestBody.replace("${userStatus}", """ + userStatus + """): null

2018-08-16 16:26:59 - [TEST_STEP][PASSED] - Statement - vsRequestBody = vsRequestBody.replace("${communityCode}", """ + communityCode + """): null

2018-08-16 16:26:59 - [TEST_STEP][PASSED] - Statement - vsRequestBody = vsRequestBody.replace("${hidden}", """ + isHidden + """): null

2018-08-16 16:26:59 - [TEST_STEP][PASSED] - Statement - request.setHttpBody(vsRequestBody): null

2018-08-16 16:26:59 - [TEST_STEP][PASSED] - Statement - response = com.kms.katalon.core.webservice.keyword.WSBuiltInKeywords.sendRequest(request): Send request successfully

2018-08-16 16:26:59 - [MESSAGE][PASSED] - Send request successfully

2018-08-16 16:26:59 - [TEST_STEP][PASSED] - verifyResponseStatusCode: Verify response status code successfully

2018-08-16 16:26:59 - [MESSAGE][PASSED] - Verify response status code successfully

2018-08-16 16:26:59 - [TEST_STEP][PASSED] - containsString: Check contain string successfully

2018-08-16 16:26:59 - [MESSAGE][PASSED] - Check contain string successfully

2018-08-16 16:26:59 - [TEST_STEP][PASSED] - Statement - return response: null

2018-08-16 16:26:59 - [MESSAGE][PASSED] - Call Test Case 'Test Cases/Library/Community/Create Community' successfully

2018-08-16 16:26:59 - [TEST_STEP][PASSED] - Statement - CommunityID = id: getAttributeValue.GetAttributeValue.GetAttribute is PASSED

2018-08-16 16:26:59 - [MESSAGE][PASSED] - getAttributeValue.GetAttributeValue.GetAttribute is PASSED

2018-08-16 16:26:59 - [TEST_STEP][PASSED] - Statement - res = com.kms.katalon.core.webui.keyword.WebUiBuiltInKeywords.callTestCase(com.kms.katalon.core.testcase.TestCaseFactory.findTestCase(Library/Community/Delete Community), ["communityID":CommunityID], STOP_ON_FAILURE): Call Test Case 'Test Cases/Library/Community/Delete Community' successfully

2018-08-16 16:26:59 - [TEST_CASE][PASSED] - Test Cases/Library/Community/Delete Community: Test Cases/Library/Community/Delete Community

2018-08-16 16:26:59 - [TEST_STEP][PASSED] - Statement - deleteCommunity = com.kms.katalon.core.testobject.ObjectRepository.findTestObject(Community/Delete Community, [host:internal.GlobalVariable.g_URL, communityID:communityID]): Finding Test Object with id 'Object Repository/Community/Delete Community'

2018-08-16 16:26:59 - [TEST_STEP][PASSED] - Statement - deleteCommunity.setHttpHeaderProperties(CustomKeywords.requestHeaders.Headers.AddHeaders()): requestHeaders.Headers.AddHeaders is PASSED

2018-08-16 16:26:59 - [MESSAGE][PASSED] - requestHeaders.Headers.AddHeaders is PASSED

2018-08-16 16:26:59 - [TEST_STEP][PASSED] - Statement - deleteCommunityRes = com.kms.katalon.core.webservice.keyword.WSBuiltInKeywords.sendRequest(deleteCommunity): Send request successfully

2018-08-16 16:26:59 - [MESSAGE][PASSED] - Send request successfully

2018-08-16 16:26:59 - [TEST_STEP][PASSED] - verifyResponseStatusCode: Verify response status code successfully

2018-08-16 16:26:59 - [MESSAGE][PASSED] - Verify response status code successfully

2018-08-16 16:26:59 - [TEST_STEP][PASSED] - delay: Delayed 10 second(s)

2018-08-16 16:27:09 - [MESSAGE][PASSED] - Delayed 10 second(s)

2018-08-16 16:27:09 - [TEST_STEP][PASSED] - Statement - reqObj = new com.kms.katalon.core.testobject.RequestObject(): null

2018-08-16 16:27:09 - [TEST_STEP][PASSED] - Statement - reqObj.setHttpHeaderProperties(CustomKeywords.requestHeaders.Headers.AddHeaders()): requestHeaders.Headers.AddHeaders is PASSED

2018-08-16 16:27:09 - [MESSAGE][PASSED] - requestHeaders.Headers.AddHeaders is PASSED

2018-08-16 16:27:09 - [TEST_STEP][PASSED] - Statement - reqObj.setRestRequestMethod("GET"): null

2018-08-16 16:27:09 - [TEST_STEP][PASSED] - Statement - reqObj.setRestUrl(g_URL + "/Services/api/sumtSocial/communities/" + communityID): null

2018-08-16 16:27:09 - [TEST_STEP][PASSED] - Statement - getResponse = com.kms.katalon.core.webservice.keyword.WSBuiltInKeywords.sendRequest(reqObj): Send request successfully

2018-08-16 16:27:09 - [MESSAGE][PASSED] - Send request successfully

2018-08-16 16:27:09 - [TEST_STEP][PASSED] - verifyResponseStatusCode: Verify response status code successfully

2018-08-16 16:27:09 - [MESSAGE][PASSED] - Verify response status code successfully

2018-08-16 16:27:09 - [TEST_STEP][PASSED] - Statement - boolVal = getResponse.getResponseText().equalsIgnoreCase("null"): null

2018-08-16 16:27:09 - [TEST_STEP][PASSED] - Statement - return boolVal: null

2018-08-16 16:27:09 - [MESSAGE][PASSED] - Call Test Case 'Test Cases/Library/Community/Delete Community' successfully

2018-08-16 16:27:09 - [TEST_STEP][PASSED] - Statement - If (res == true): null

2018-08-16 16:27:09 - [TEST_STEP][PASSED] - Statement - println("community has been deleted successfully"): null]]></system-out>
         <system-err><![CDATA[]]></system-err>
      </testcase>
      <testcase name="Test Cases/TestCases/MD-2552 AdhocCommunity_MOB-3482/TC-19851Check by default all users or groups who are invited to the communitees will be contributor" classname="Test Cases/TestCases/MD-2552 AdhocCommunity_MOB-3482/TC-19851Check by default all users or groups who are invited to the communitees will be contributor" status="PASSED">
         <system-out><![CDATA[2018-08-16 16:27:09 - [TEST_CASE][PASSED] - Test Cases/TestCases/MD-2552 AdhocCommunity_MOB-3482/TC-19851Check by default all users or groups who are invited to the communitees will be contributor: Test Cases/TestCases/MD-2552 AdhocCommunity_MOB-3482/TC-19851Check by default all users or groups who are invited to the communitees will be contributor

2018-08-16 16:27:10 - [TEST_STEP][PASSED] - Statement - data = com.kms.katalon.core.testdata.TestDataFactory.findTestData(TestData): Reading CSV file with source file 'comma', separator 'containing header' and '{2}'

2018-08-16 16:27:10 - [TEST_STEP][PASSED] - Statement - response = com.kms.katalon.core.webui.keyword.WebUiBuiltInKeywords.callTestCase(com.kms.katalon.core.testcase.TestCaseFactory.findTestCase(Library/Community/Create Community), ["communityName":data.getValue("CommunityName", 27), "CommunityDesc":data.getValue("CommunityDesc", 27), "allowDiscussionBoards":true, ... ], STOP_ON_FAILURE): Call Test Case 'Test Cases/Library/Community/Create Community' successfully

2018-08-16 16:27:10 - [TEST_CASE][PASSED] - Test Cases/Library/Community/Create Community: Test Cases/Library/Community/Create Community

2018-08-16 16:27:10 - [TEST_STEP][PASSED] - Statement - request = com.kms.katalon.core.testobject.ObjectRepository.findTestObject(Community/POST Create Community, [host:internal.GlobalVariable.g_URL]): Finding Test Object with id 'Object Repository/Community/POST Create Community'

2018-08-16 16:27:10 - [TEST_STEP][PASSED] - Statement - request.setHttpHeaderProperties(CustomKeywords.requestHeaders.Headers.AddHeaders()): requestHeaders.Headers.AddHeaders is PASSED

2018-08-16 16:27:10 - [MESSAGE][PASSED] - requestHeaders.Headers.AddHeaders is PASSED

2018-08-16 16:27:10 - [TEST_STEP][PASSED] - Statement - reponse = <not implemented yet for class: org.codehaus.groovy.ast.expr.EmptyExpression>: null

2018-08-16 16:27:10 - [TEST_STEP][PASSED] - Statement - vsRequestBody = "": null

2018-08-16 16:27:10 - [TEST_STEP][PASSED] - Statement - vsRequestBody = request.getHttpBody(): null

2018-08-16 16:27:10 - [TEST_STEP][PASSED] - Statement - vsRequestBody = vsRequestBody.replace("${CommunityName}", """ + communityName + """): null

2018-08-16 16:27:10 - [TEST_STEP][PASSED] - Statement - vsRequestBody = vsRequestBody.replace("${CommunityDesc}", """ + CommunityDesc + """): null

2018-08-16 16:27:10 - [TEST_STEP][PASSED] - Statement - vsRequestBody = vsRequestBody.replace("${allowDiscussionBoards}", """ + allowDiscussionBoards + """): null

2018-08-16 16:27:10 - [TEST_STEP][PASSED] - Statement - vsRequestBody = vsRequestBody.replace("${allowBlogPosts}", """ + allowBlogPosts + """): null

2018-08-16 16:27:10 - [TEST_STEP][PASSED] - Statement - vsRequestBody = vsRequestBody.replace("${allowFileUploads}", """ + allowFileUploads + """): null

2018-08-16 16:27:10 - [TEST_STEP][PASSED] - Statement - vsRequestBody = vsRequestBody.replace("${isPrivate}", """ + isPrivate + """): null

2018-08-16 16:27:10 - [TEST_STEP][PASSED] - Statement - vsRequestBody = vsRequestBody.replace("${userName}", """ + userName + """): null

2018-08-16 16:27:10 - [TEST_STEP][PASSED] - Statement - vsRequestBody = vsRequestBody.replace("${userId}", """ + userId + """): null

2018-08-16 16:27:10 - [TEST_STEP][PASSED] - Statement - vsRequestBody = vsRequestBody.replace("${role}", """ + role + """): null

2018-08-16 16:27:10 - [TEST_STEP][PASSED] - Statement - vsRequestBody = vsRequestBody.replace("${userStatus}", """ + userStatus + """): null

2018-08-16 16:27:10 - [TEST_STEP][PASSED] - Statement - vsRequestBody = vsRequestBody.replace("${communityCode}", """ + communityCode + """): null

2018-08-16 16:27:10 - [TEST_STEP][PASSED] - Statement - vsRequestBody = vsRequestBody.replace("${hidden}", """ + isHidden + """): null

2018-08-16 16:27:10 - [TEST_STEP][PASSED] - Statement - request.setHttpBody(vsRequestBody): null

2018-08-16 16:27:10 - [TEST_STEP][PASSED] - Statement - response = com.kms.katalon.core.webservice.keyword.WSBuiltInKeywords.sendRequest(request): Send request successfully

2018-08-16 16:27:10 - [MESSAGE][PASSED] - Send request successfully

2018-08-16 16:27:10 - [TEST_STEP][PASSED] - verifyResponseStatusCode: Verify response status code successfully

2018-08-16 16:27:10 - [MESSAGE][PASSED] - Verify response status code successfully

2018-08-16 16:27:10 - [TEST_STEP][PASSED] - containsString: Check contain string successfully

2018-08-16 16:27:10 - [MESSAGE][PASSED] - Check contain string successfully

2018-08-16 16:27:10 - [TEST_STEP][PASSED] - Statement - return response: null

2018-08-16 16:27:10 - [MESSAGE][PASSED] - Call Test Case 'Test Cases/Library/Community/Create Community' successfully

2018-08-16 16:27:10 - [TEST_STEP][PASSED] - Statement - CommunityID = id: getAttributeValue.GetAttributeValue.GetAttribute is PASSED

2018-08-16 16:27:10 - [MESSAGE][PASSED] - getAttributeValue.GetAttributeValue.GetAttribute is PASSED

2018-08-16 16:27:10 - [TEST_STEP][PASSED] - verifyResponseStatusCode: Verify response status code successfully

2018-08-16 16:27:10 - [MESSAGE][PASSED] - Verify response status code successfully

2018-08-16 16:27:10 - [TEST_STEP][PASSED] - Statement - res = com.kms.katalon.core.webui.keyword.WebUiBuiltInKeywords.callTestCase(com.kms.katalon.core.testcase.TestCaseFactory.findTestCase(Library/Community/Get members from community), ["CommunityID":CommunityID], STOP_ON_FAILURE): Call Test Case 'Test Cases/Library/Community/Get members from community' successfully

2018-08-16 16:27:10 - [TEST_CASE][PASSED] - Test Cases/Library/Community/Get members from community: Test Cases/Library/Community/Get members from community

2018-08-16 16:27:10 - [TEST_STEP][PASSED] - Statement - request = com.kms.katalon.core.testobject.ObjectRepository.findTestObject(Object Repository/Community/Get members in Community, [host:internal.GlobalVariable.g_URL, CommunityID:CommunityID]): Finding Test Object with id 'Object Repository/Community/Get members in Community'

2018-08-16 16:27:10 - [TEST_STEP][PASSED] - Statement - request.setHttpHeaderProperties(CustomKeywords.requestHeaders.Headers.AddHeaders()): requestHeaders.Headers.AddHeaders is PASSED

2018-08-16 16:27:10 - [MESSAGE][PASSED] - requestHeaders.Headers.AddHeaders is PASSED

2018-08-16 16:27:10 - [TEST_STEP][PASSED] - Statement - response = com.kms.katalon.core.webservice.keyword.WSBuiltInKeywords.sendRequest(request): Send request successfully

2018-08-16 16:27:10 - [MESSAGE][PASSED] - Send request successfully

2018-08-16 16:27:10 - [TEST_STEP][PASSED] - Statement - return response: null

2018-08-16 16:27:10 - [MESSAGE][PASSED] - Call Test Case 'Test Cases/Library/Community/Get members from community' successfully

2018-08-16 16:27:10 - [TEST_STEP][PASSED] - verifyResponseStatusCode: Verify response status code successfully

2018-08-16 16:27:10 - [MESSAGE][PASSED] - Verify response status code successfully

2018-08-16 16:27:10 - [TEST_STEP][PASSED] - Statement - res2 = com.kms.katalon.core.webui.keyword.WebUiBuiltInKeywords.callTestCase(com.kms.katalon.core.testcase.TestCaseFactory.findTestCase(Library/Community/Get Community details by ID), ["communityID":CommunityID], STOP_ON_FAILURE): Call Test Case 'Test Cases/Library/Community/Get Community details by ID' successfully

2018-08-16 16:27:10 - [TEST_CASE][PASSED] - Test Cases/Library/Community/Get Community details by ID: Test Cases/Library/Community/Get Community details by ID

2018-08-16 16:27:11 - [TEST_STEP][PASSED] - Statement - getCommunity = com.kms.katalon.core.testobject.ObjectRepository.findTestObject(Community/Get Community, [host:internal.GlobalVariable.g_URL, communityID:communityID]): Finding Test Object with id 'Object Repository/Community/Get Community'

2018-08-16 16:27:11 - [TEST_STEP][PASSED] - Statement - getCommunity.setHttpHeaderProperties(CustomKeywords.requestHeaders.Headers.AddHeaders()): requestHeaders.Headers.AddHeaders is PASSED

2018-08-16 16:27:11 - [MESSAGE][PASSED] - requestHeaders.Headers.AddHeaders is PASSED

2018-08-16 16:27:11 - [TEST_STEP][PASSED] - Statement - getResponse = com.kms.katalon.core.webservice.keyword.WSBuiltInKeywords.sendRequest(getCommunity): Send request successfully

2018-08-16 16:27:11 - [MESSAGE][PASSED] - Send request successfully

2018-08-16 16:27:11 - [TEST_STEP][PASSED] - verifyResponseStatusCode: Verify response status code successfully

2018-08-16 16:27:11 - [MESSAGE][PASSED] - Verify response status code successfully

2018-08-16 16:27:11 - [TEST_STEP][PASSED] - Statement - return getResponse: null

2018-08-16 16:27:11 - [MESSAGE][PASSED] - Call Test Case 'Test Cases/Library/Community/Get Community details by ID' successfully

2018-08-16 16:27:11 - [TEST_STEP][PASSED] - Statement - CommunityRole = userMembership: getAttributeValue.GetAttributeValue.GetAttribute is PASSED

2018-08-16 16:27:11 - [MESSAGE][PASSED] - getAttributeValue.GetAttributeValue.GetAttribute is PASSED

2018-08-16 16:27:11 - [TEST_STEP][PASSED] - Statement - firstIndex = CommunityRole.indexOf("role") + 5: null

2018-08-16 16:27:11 - [TEST_STEP][PASSED] - Statement - name = CommunityRole.substring(firstIndex): null

2018-08-16 16:27:11 - [TEST_STEP][PASSED] - Statement - lastIndex = name.indexOf(","): null

2018-08-16 16:27:11 - [TEST_STEP][PASSED] - Statement - finalString = name.substring(0, lastIndex): null

2018-08-16 16:27:11 - [TEST_STEP][PASSED] - Statement - If (finalString == "3"): null

2018-08-16 16:27:11 - [TEST_STEP][PASSED] - Statement - println("if conditions has to pass"): null

2018-08-16 16:27:11 - [TEST_STEP][PASSED] - callTestCase: Call Test Case 'Test Cases/Library/Community/Delete Community' successfully

2018-08-16 16:27:11 - [TEST_CASE][PASSED] - Test Cases/Library/Community/Delete Community: Test Cases/Library/Community/Delete Community

2018-08-16 16:27:11 - [TEST_STEP][PASSED] - Statement - deleteCommunity = com.kms.katalon.core.testobject.ObjectRepository.findTestObject(Community/Delete Community, [host:internal.GlobalVariable.g_URL, communityID:communityID]): Finding Test Object with id 'Object Repository/Community/Delete Community'

2018-08-16 16:27:11 - [TEST_STEP][PASSED] - Statement - deleteCommunity.setHttpHeaderProperties(CustomKeywords.requestHeaders.Headers.AddHeaders()): requestHeaders.Headers.AddHeaders is PASSED

2018-08-16 16:27:11 - [MESSAGE][PASSED] - requestHeaders.Headers.AddHeaders is PASSED

2018-08-16 16:27:11 - [TEST_STEP][PASSED] - Statement - deleteCommunityRes = com.kms.katalon.core.webservice.keyword.WSBuiltInKeywords.sendRequest(deleteCommunity): Send request successfully

2018-08-16 16:27:11 - [MESSAGE][PASSED] - Send request successfully

2018-08-16 16:27:11 - [TEST_STEP][PASSED] - verifyResponseStatusCode: Verify response status code successfully

2018-08-16 16:27:11 - [MESSAGE][PASSED] - Verify response status code successfully

2018-08-16 16:27:11 - [TEST_STEP][PASSED] - delay: Delayed 10 second(s)

2018-08-16 16:27:21 - [MESSAGE][PASSED] - Delayed 10 second(s)

2018-08-16 16:27:21 - [TEST_STEP][PASSED] - Statement - reqObj = new com.kms.katalon.core.testobject.RequestObject(): null

2018-08-16 16:27:21 - [TEST_STEP][PASSED] - Statement - reqObj.setHttpHeaderProperties(CustomKeywords.requestHeaders.Headers.AddHeaders()): requestHeaders.Headers.AddHeaders is PASSED

2018-08-16 16:27:21 - [MESSAGE][PASSED] - requestHeaders.Headers.AddHeaders is PASSED

2018-08-16 16:27:21 - [TEST_STEP][PASSED] - Statement - reqObj.setRestRequestMethod("GET"): null

2018-08-16 16:27:21 - [TEST_STEP][PASSED] - Statement - reqObj.setRestUrl(g_URL + "/Services/api/sumtSocial/communities/" + communityID): null

2018-08-16 16:27:21 - [TEST_STEP][PASSED] - Statement - getResponse = com.kms.katalon.core.webservice.keyword.WSBuiltInKeywords.sendRequest(reqObj): Send request successfully

2018-08-16 16:27:21 - [MESSAGE][PASSED] - Send request successfully

2018-08-16 16:27:21 - [TEST_STEP][PASSED] - verifyResponseStatusCode: Verify response status code successfully

2018-08-16 16:27:21 - [MESSAGE][PASSED] - Verify response status code successfully

2018-08-16 16:27:21 - [TEST_STEP][PASSED] - Statement - boolVal = getResponse.getResponseText().equalsIgnoreCase("null"): null

2018-08-16 16:27:21 - [TEST_STEP][PASSED] - Statement - return boolVal: null

2018-08-16 16:27:21 - [MESSAGE][PASSED] - Call Test Case 'Test Cases/Library/Community/Delete Community' successfully]]></system-out>
         <system-err><![CDATA[]]></system-err>
      </testcase>
      <testcase name="Test Cases/TestCases/MD-2552 AdhocCommunity_MOB-3482/TC-19858Check Remove from Community option will remove the user" classname="Test Cases/TestCases/MD-2552 AdhocCommunity_MOB-3482/TC-19858Check Remove from Community option will remove the user" status="PASSED">
         <system-out><![CDATA[2018-08-16 16:27:21 - [TEST_CASE][PASSED] - Test Cases/TestCases/MD-2552 AdhocCommunity_MOB-3482/TC-19858Check Remove from Community option will remove the user: Test Cases/TestCases/MD-2552 AdhocCommunity_MOB-3482/TC-19858Check Remove from Community option will remove the user

2018-08-16 16:27:21 - [TEST_STEP][PASSED] - Statement - data = com.kms.katalon.core.testdata.TestDataFactory.findTestData(TestData): Reading CSV file with source file 'comma', separator 'containing header' and '{2}'

2018-08-16 16:27:21 - [TEST_STEP][PASSED] - Statement - personpk = data.getValue("Contributer", 26): null

2018-08-16 16:27:21 - [TEST_STEP][PASSED] - Statement - pk = "'" + personpk + "'": null

2018-08-16 16:27:21 - [TEST_STEP][PASSED] - Statement - userid = "": null

2018-08-16 16:27:21 - [TEST_STEP][PASSED] - Statement - response = com.kms.katalon.core.webui.keyword.WebUiBuiltInKeywords.callTestCase(com.kms.katalon.core.testcase.TestCaseFactory.findTestCase(Library/Community/Create Community), ["communityName":data.getValue("CommunityName", 26), "CommunityDesc":data.getValue("CommunityDesc", 26), "allowDiscussionBoards":true, ... ], STOP_ON_FAILURE): Call Test Case 'Test Cases/Library/Community/Create Community' successfully

2018-08-16 16:27:21 - [TEST_CASE][PASSED] - Test Cases/Library/Community/Create Community: Test Cases/Library/Community/Create Community

2018-08-16 16:27:21 - [TEST_STEP][PASSED] - Statement - request = com.kms.katalon.core.testobject.ObjectRepository.findTestObject(Community/POST Create Community, [host:internal.GlobalVariable.g_URL]): Finding Test Object with id 'Object Repository/Community/POST Create Community'

2018-08-16 16:27:21 - [TEST_STEP][PASSED] - Statement - request.setHttpHeaderProperties(CustomKeywords.requestHeaders.Headers.AddHeaders()): requestHeaders.Headers.AddHeaders is PASSED

2018-08-16 16:27:21 - [MESSAGE][PASSED] - requestHeaders.Headers.AddHeaders is PASSED

2018-08-16 16:27:21 - [TEST_STEP][PASSED] - Statement - reponse = <not implemented yet for class: org.codehaus.groovy.ast.expr.EmptyExpression>: null

2018-08-16 16:27:21 - [TEST_STEP][PASSED] - Statement - vsRequestBody = "": null

2018-08-16 16:27:21 - [TEST_STEP][PASSED] - Statement - vsRequestBody = request.getHttpBody(): null

2018-08-16 16:27:21 - [TEST_STEP][PASSED] - Statement - vsRequestBody = vsRequestBody.replace("${CommunityName}", """ + communityName + """): null

2018-08-16 16:27:21 - [TEST_STEP][PASSED] - Statement - vsRequestBody = vsRequestBody.replace("${CommunityDesc}", """ + CommunityDesc + """): null

2018-08-16 16:27:21 - [TEST_STEP][PASSED] - Statement - vsRequestBody = vsRequestBody.replace("${allowDiscussionBoards}", """ + allowDiscussionBoards + """): null

2018-08-16 16:27:21 - [TEST_STEP][PASSED] - Statement - vsRequestBody = vsRequestBody.replace("${allowBlogPosts}", """ + allowBlogPosts + """): null

2018-08-16 16:27:21 - [TEST_STEP][PASSED] - Statement - vsRequestBody = vsRequestBody.replace("${allowFileUploads}", """ + allowFileUploads + """): null

2018-08-16 16:27:21 - [TEST_STEP][PASSED] - Statement - vsRequestBody = vsRequestBody.replace("${isPrivate}", """ + isPrivate + """): null

2018-08-16 16:27:21 - [TEST_STEP][PASSED] - Statement - vsRequestBody = vsRequestBody.replace("${userName}", """ + userName + """): null

2018-08-16 16:27:21 - [TEST_STEP][PASSED] - Statement - vsRequestBody = vsRequestBody.replace("${userId}", """ + userId + """): null

2018-08-16 16:27:21 - [TEST_STEP][PASSED] - Statement - vsRequestBody = vsRequestBody.replace("${role}", """ + role + """): null

2018-08-16 16:27:21 - [TEST_STEP][PASSED] - Statement - vsRequestBody = vsRequestBody.replace("${userStatus}", """ + userStatus + """): null

2018-08-16 16:27:21 - [TEST_STEP][PASSED] - Statement - vsRequestBody = vsRequestBody.replace("${communityCode}", """ + communityCode + """): null

2018-08-16 16:27:21 - [TEST_STEP][PASSED] - Statement - vsRequestBody = vsRequestBody.replace("${hidden}", """ + isHidden + """): null

2018-08-16 16:27:21 - [TEST_STEP][PASSED] - Statement - request.setHttpBody(vsRequestBody): null

2018-08-16 16:27:21 - [TEST_STEP][PASSED] - Statement - response = com.kms.katalon.core.webservice.keyword.WSBuiltInKeywords.sendRequest(request): Send request successfully

2018-08-16 16:27:21 - [MESSAGE][PASSED] - Send request successfully

2018-08-16 16:27:21 - [TEST_STEP][PASSED] - verifyResponseStatusCode: Verify response status code successfully

2018-08-16 16:27:21 - [MESSAGE][PASSED] - Verify response status code successfully

2018-08-16 16:27:21 - [TEST_STEP][PASSED] - containsString: Check contain string successfully

2018-08-16 16:27:21 - [MESSAGE][PASSED] - Check contain string successfully

2018-08-16 16:27:21 - [TEST_STEP][PASSED] - Statement - return response: null

2018-08-16 16:27:21 - [MESSAGE][PASSED] - Call Test Case 'Test Cases/Library/Community/Create Community' successfully

2018-08-16 16:27:21 - [TEST_STEP][PASSED] - Statement - CommunityID = id: getAttributeValue.GetAttributeValue.GetAttribute is PASSED

2018-08-16 16:27:21 - [MESSAGE][PASSED] - getAttributeValue.GetAttributeValue.GetAttribute is PASSED

2018-08-16 16:27:21 - [TEST_STEP][PASSED] - Statement - recordset = CustomKeywords.dbConnectionPackage.DBConnectionKeyword.executeQuery("select * from PERSON where FirstName=" + pk): dbConnectionPackage.DBConnectionKeyword.executeQuery is PASSED

2018-08-16 16:27:37 - [MESSAGE][PASSED] - Delayed 15 second(s)

2018-08-16 16:27:37 - [MESSAGE][PASSED] - dbConnectionPackage.DBConnectionKeyword.executeQuery is PASSED

2018-08-16 16:27:37 - [TEST_STEP][PASSED] - Statement - While (recordset.next()): null

2018-08-16 16:27:37 - [TEST_STEP][PASSED] - Statement - userid = recordset.getObject("PersonPK"): null

2018-08-16 16:27:37 - [TEST_STEP][PASSED] - dbConnectionPackage.DBConnectionKeyword.CloseConnections: dbConnectionPackage.DBConnectionKeyword.CloseConnections is PASSED

2018-08-16 16:27:42 - [MESSAGE][PASSED] - Delayed 5 second(s)

2018-08-16 16:27:42 - [MESSAGE][PASSED] - dbConnectionPackage.DBConnectionKeyword.CloseConnections is PASSED

2018-08-16 16:27:42 - [TEST_STEP][PASSED] - callTestCase: Call Test Case 'Test Cases/Library/Community/Add a member to community' successfully

2018-08-16 16:27:42 - [TEST_CASE][PASSED] - Test Cases/Library/Community/Add a member to community: Test Cases/Library/Community/Add a member to community

2018-08-16 16:27:42 - [TEST_STEP][PASSED] - Statement - request = com.kms.katalon.core.testobject.ObjectRepository.findTestObject(Object Repository/Community/Add a member to community, [host:internal.GlobalVariable.g_URL, CommunityID:communityID]): Finding Test Object with id 'Object Repository/Community/Add a member to community'

2018-08-16 16:27:42 - [TEST_STEP][PASSED] - Statement - request.setHttpHeaderProperties(CustomKeywords.requestHeaders.Headers.AddHeaders()): requestHeaders.Headers.AddHeaders is PASSED

2018-08-16 16:27:42 - [MESSAGE][PASSED] - requestHeaders.Headers.AddHeaders is PASSED

2018-08-16 16:27:42 - [TEST_STEP][PASSED] - Statement - reponse = <not implemented yet for class: org.codehaus.groovy.ast.expr.EmptyExpression>: null

2018-08-16 16:27:42 - [TEST_STEP][PASSED] - Statement - vsRequestBody = "": null

2018-08-16 16:27:42 - [TEST_STEP][PASSED] - Statement - vsRequestBody = request.getHttpBody(): null

2018-08-16 16:27:42 - [TEST_STEP][PASSED] - Statement - vsRequestBody = vsRequestBody.replace("${rating}", """ + rating + """): null

2018-08-16 16:27:42 - [TEST_STEP][PASSED] - Statement - vsRequestBody = vsRequestBody.replace("${userID}", """ + userID + """): null

2018-08-16 16:27:42 - [TEST_STEP][PASSED] - Statement - vsRequestBody = vsRequestBody.replace("${userName}", """ + userName + """): null

2018-08-16 16:27:42 - [TEST_STEP][PASSED] - Statement - request.setHttpBody(vsRequestBody): null

2018-08-16 16:27:42 - [TEST_STEP][PASSED] - Statement - response = com.kms.katalon.core.webservice.keyword.WSBuiltInKeywords.sendRequest(request): Send request successfully

2018-08-16 16:27:42 - [MESSAGE][PASSED] - Send request successfully

2018-08-16 16:27:42 - [TEST_STEP][PASSED] - verifyResponseStatusCode: Verify response status code successfully

2018-08-16 16:27:42 - [MESSAGE][PASSED] - Verify response status code successfully

2018-08-16 16:27:42 - [TEST_STEP][PASSED] - Statement - return response: null

2018-08-16 16:27:42 - [MESSAGE][PASSED] - Call Test Case 'Test Cases/Library/Community/Add a member to community' successfully

2018-08-16 16:27:42 - [TEST_STEP][PASSED] - callTestCase: Call Test Case 'Test Cases/Library/Community/Remove member from community' successfully

2018-08-16 16:27:42 - [TEST_CASE][PASSED] - Test Cases/Library/Community/Remove member from community: Test Cases/Library/Community/Remove member from community

2018-08-16 16:27:42 - [TEST_STEP][PASSED] - Statement - request = com.kms.katalon.core.testobject.ObjectRepository.findTestObject(Object Repository/Community/Remove member from community, [host:internal.GlobalVariable.g_URL, CommunityID:communityID]): Finding Test Object with id 'Object Repository/Community/Remove member from community'

2018-08-16 16:27:42 - [TEST_STEP][PASSED] - Statement - request.setHttpHeaderProperties(CustomKeywords.requestHeaders.Headers.AddHeaders()): requestHeaders.Headers.AddHeaders is PASSED

2018-08-16 16:27:42 - [MESSAGE][PASSED] - requestHeaders.Headers.AddHeaders is PASSED

2018-08-16 16:27:42 - [TEST_STEP][PASSED] - Statement - vsRequestBody = "": null

2018-08-16 16:27:42 - [TEST_STEP][PASSED] - Statement - vsRequestBody = request.getHttpBody(): null

2018-08-16 16:27:42 - [TEST_STEP][PASSED] - Statement - vsRequestBody = vsRequestBody.replace("${userID}", """ + userid + """): null

2018-08-16 16:27:42 - [TEST_STEP][PASSED] - Statement - request.setHttpBody(vsRequestBody): null

2018-08-16 16:27:42 - [TEST_STEP][PASSED] - Statement - response = com.kms.katalon.core.webservice.keyword.WSBuiltInKeywords.sendRequest(request): Send request successfully

2018-08-16 16:27:42 - [MESSAGE][PASSED] - Send request successfully

2018-08-16 16:27:42 - [TEST_STEP][PASSED] - verifyResponseStatusCode: Verify response status code successfully

2018-08-16 16:27:42 - [MESSAGE][PASSED] - Verify response status code successfully

2018-08-16 16:27:42 - [TEST_STEP][PASSED] - Statement - return response: null

2018-08-16 16:27:42 - [MESSAGE][PASSED] - Call Test Case 'Test Cases/Library/Community/Remove member from community' successfully

2018-08-16 16:27:42 - [TEST_STEP][PASSED] - Statement - res = com.kms.katalon.core.webui.keyword.WebUiBuiltInKeywords.callTestCase(com.kms.katalon.core.testcase.TestCaseFactory.findTestCase(Library/Community/Delete Community), ["communityID":CommunityID], STOP_ON_FAILURE): Call Test Case 'Test Cases/Library/Community/Delete Community' successfully

2018-08-16 16:27:42 - [TEST_CASE][PASSED] - Test Cases/Library/Community/Delete Community: Test Cases/Library/Community/Delete Community

2018-08-16 16:27:42 - [TEST_STEP][PASSED] - Statement - deleteCommunity = com.kms.katalon.core.testobject.ObjectRepository.findTestObject(Community/Delete Community, [host:internal.GlobalVariable.g_URL, communityID:communityID]): Finding Test Object with id 'Object Repository/Community/Delete Community'

2018-08-16 16:27:42 - [TEST_STEP][PASSED] - Statement - deleteCommunity.setHttpHeaderProperties(CustomKeywords.requestHeaders.Headers.AddHeaders()): requestHeaders.Headers.AddHeaders is PASSED

2018-08-16 16:27:42 - [MESSAGE][PASSED] - requestHeaders.Headers.AddHeaders is PASSED

2018-08-16 16:27:42 - [TEST_STEP][PASSED] - Statement - deleteCommunityRes = com.kms.katalon.core.webservice.keyword.WSBuiltInKeywords.sendRequest(deleteCommunity): Send request successfully

2018-08-16 16:27:42 - [MESSAGE][PASSED] - Send request successfully

2018-08-16 16:27:42 - [TEST_STEP][PASSED] - verifyResponseStatusCode: Verify response status code successfully

2018-08-16 16:27:42 - [MESSAGE][PASSED] - Verify response status code successfully

2018-08-16 16:27:42 - [TEST_STEP][PASSED] - delay: Delayed 10 second(s)

2018-08-16 16:27:52 - [MESSAGE][PASSED] - Delayed 10 second(s)

2018-08-16 16:27:52 - [TEST_STEP][PASSED] - Statement - reqObj = new com.kms.katalon.core.testobject.RequestObject(): null

2018-08-16 16:27:52 - [TEST_STEP][PASSED] - Statement - reqObj.setHttpHeaderProperties(CustomKeywords.requestHeaders.Headers.AddHeaders()): requestHeaders.Headers.AddHeaders is PASSED

2018-08-16 16:27:52 - [MESSAGE][PASSED] - requestHeaders.Headers.AddHeaders is PASSED

2018-08-16 16:27:52 - [TEST_STEP][PASSED] - Statement - reqObj.setRestRequestMethod("GET"): null

2018-08-16 16:27:52 - [TEST_STEP][PASSED] - Statement - reqObj.setRestUrl(g_URL + "/Services/api/sumtSocial/communities/" + communityID): null

2018-08-16 16:27:52 - [TEST_STEP][PASSED] - Statement - getResponse = com.kms.katalon.core.webservice.keyword.WSBuiltInKeywords.sendRequest(reqObj): Send request successfully

2018-08-16 16:27:52 - [MESSAGE][PASSED] - Send request successfully

2018-08-16 16:27:52 - [TEST_STEP][PASSED] - verifyResponseStatusCode: Verify response status code successfully

2018-08-16 16:27:52 - [MESSAGE][PASSED] - Verify response status code successfully

2018-08-16 16:27:52 - [TEST_STEP][PASSED] - Statement - boolVal = getResponse.getResponseText().equalsIgnoreCase("null"): null

2018-08-16 16:27:52 - [TEST_STEP][PASSED] - Statement - return boolVal: null

2018-08-16 16:27:52 - [MESSAGE][PASSED] - Call Test Case 'Test Cases/Library/Community/Delete Community' successfully]]></system-out>
         <system-err><![CDATA[]]></system-err>
      </testcase>
      <testcase name="Test Cases/TestCases/MD-2552 AdhocCommunity_MOB-3482/TC-19861Check user will not able to rate the community if rating is private" classname="Test Cases/TestCases/MD-2552 AdhocCommunity_MOB-3482/TC-19861Check user will not able to rate the community if rating is private" status="FAILED">
         <failure type="FAILED" message="Unable to verify response status code (Root cause: Expected status code is '200' but actual status code is '403')"/>
         <system-out><![CDATA[2018-08-16 16:27:52 - [TEST_CASE][FAILED] - Test Cases/TestCases/MD-2552 AdhocCommunity_MOB-3482/TC-19861Check user will not able to rate the community if rating is private: Test Cases/TestCases/MD-2552 AdhocCommunity_MOB-3482/TC-19861Check user will not able to rate the community if rating is private FAILED because (of) Unable to verify response status code (Root cause: Expected status code is '200' but actual status code is '403')

2018-08-16 16:27:53 - [TEST_STEP][PASSED] - Statement - data = com.kms.katalon.core.testdata.TestDataFactory.findTestData(TestData): Reading CSV file with source file 'comma', separator 'containing header' and '{2}'

2018-08-16 16:27:53 - [TEST_STEP][PASSED] - Statement - personpk = data.getValue("LMUser", 25): null

2018-08-16 16:27:53 - [TEST_STEP][PASSED] - Statement - pk = "'" + personpk + "'": null

2018-08-16 16:27:53 - [TEST_STEP][PASSED] - Statement - userid = "": null

2018-08-16 16:27:53 - [TEST_STEP][PASSED] - Statement - response = com.kms.katalon.core.webui.keyword.WebUiBuiltInKeywords.callTestCase(com.kms.katalon.core.testcase.TestCaseFactory.findTestCase(Library/Community/Create Community), ["communityName":data.getValue("CommunityName", 25), "CommunityDesc":data.getValue("CommunityDesc", 25), "allowDiscussionBoards":true, ... ], STOP_ON_FAILURE): Call Test Case 'Test Cases/Library/Community/Create Community' successfully

2018-08-16 16:27:53 - [TEST_CASE][PASSED] - Test Cases/Library/Community/Create Community: Test Cases/Library/Community/Create Community

2018-08-16 16:27:53 - [TEST_STEP][PASSED] - Statement - request = com.kms.katalon.core.testobject.ObjectRepository.findTestObject(Community/POST Create Community, [host:internal.GlobalVariable.g_URL]): Finding Test Object with id 'Object Repository/Community/POST Create Community'

2018-08-16 16:27:53 - [TEST_STEP][PASSED] - Statement - request.setHttpHeaderProperties(CustomKeywords.requestHeaders.Headers.AddHeaders()): requestHeaders.Headers.AddHeaders is PASSED

2018-08-16 16:27:53 - [MESSAGE][PASSED] - requestHeaders.Headers.AddHeaders is PASSED

2018-08-16 16:27:53 - [TEST_STEP][PASSED] - Statement - reponse = <not implemented yet for class: org.codehaus.groovy.ast.expr.EmptyExpression>: null

2018-08-16 16:27:53 - [TEST_STEP][PASSED] - Statement - vsRequestBody = "": null

2018-08-16 16:27:53 - [TEST_STEP][PASSED] - Statement - vsRequestBody = request.getHttpBody(): null

2018-08-16 16:27:53 - [TEST_STEP][PASSED] - Statement - vsRequestBody = vsRequestBody.replace("${CommunityName}", """ + communityName + """): null

2018-08-16 16:27:53 - [TEST_STEP][PASSED] - Statement - vsRequestBody = vsRequestBody.replace("${CommunityDesc}", """ + CommunityDesc + """): null

2018-08-16 16:27:53 - [TEST_STEP][PASSED] - Statement - vsRequestBody = vsRequestBody.replace("${allowDiscussionBoards}", """ + allowDiscussionBoards + """): null

2018-08-16 16:27:53 - [TEST_STEP][PASSED] - Statement - vsRequestBody = vsRequestBody.replace("${allowBlogPosts}", """ + allowBlogPosts + """): null

2018-08-16 16:27:53 - [TEST_STEP][PASSED] - Statement - vsRequestBody = vsRequestBody.replace("${allowFileUploads}", """ + allowFileUploads + """): null

2018-08-16 16:27:53 - [TEST_STEP][PASSED] - Statement - vsRequestBody = vsRequestBody.replace("${isPrivate}", """ + isPrivate + """): null

2018-08-16 16:27:53 - [TEST_STEP][PASSED] - Statement - vsRequestBody = vsRequestBody.replace("${userName}", """ + userName + """): null

2018-08-16 16:27:53 - [TEST_STEP][PASSED] - Statement - vsRequestBody = vsRequestBody.replace("${userId}", """ + userId + """): null

2018-08-16 16:27:53 - [TEST_STEP][PASSED] - Statement - vsRequestBody = vsRequestBody.replace("${role}", """ + role + """): null

2018-08-16 16:27:53 - [TEST_STEP][PASSED] - Statement - vsRequestBody = vsRequestBody.replace("${userStatus}", """ + userStatus + """): null

2018-08-16 16:27:53 - [TEST_STEP][PASSED] - Statement - vsRequestBody = vsRequestBody.replace("${communityCode}", """ + communityCode + """): null

2018-08-16 16:27:53 - [TEST_STEP][PASSED] - Statement - vsRequestBody = vsRequestBody.replace("${hidden}", """ + isHidden + """): null

2018-08-16 16:27:53 - [TEST_STEP][PASSED] - Statement - request.setHttpBody(vsRequestBody): null

2018-08-16 16:27:53 - [TEST_STEP][PASSED] - Statement - response = com.kms.katalon.core.webservice.keyword.WSBuiltInKeywords.sendRequest(request): Send request successfully

2018-08-16 16:27:53 - [MESSAGE][PASSED] - Send request successfully

2018-08-16 16:27:53 - [TEST_STEP][PASSED] - verifyResponseStatusCode: Verify response status code successfully

2018-08-16 16:27:53 - [MESSAGE][PASSED] - Verify response status code successfully

2018-08-16 16:27:53 - [TEST_STEP][PASSED] - containsString: Check contain string successfully

2018-08-16 16:27:53 - [MESSAGE][PASSED] - Check contain string successfully

2018-08-16 16:27:53 - [TEST_STEP][PASSED] - Statement - return response: null

2018-08-16 16:27:53 - [MESSAGE][PASSED] - Call Test Case 'Test Cases/Library/Community/Create Community' successfully

2018-08-16 16:27:53 - [TEST_STEP][PASSED] - Statement - communityID = id: getAttributeValue.GetAttributeValue.GetAttribute is PASSED

2018-08-16 16:27:53 - [MESSAGE][PASSED] - getAttributeValue.GetAttributeValue.GetAttribute is PASSED

2018-08-16 16:27:53 - [TEST_STEP][PASSED] - Statement - recordset = CustomKeywords.dbConnectionPackage.DBConnectionKeyword.executeQuery("select * from PERSON where FirstName=" + pk): dbConnectionPackage.DBConnectionKeyword.executeQuery is PASSED

2018-08-16 16:28:08 - [MESSAGE][PASSED] - Delayed 15 second(s)

2018-08-16 16:28:08 - [MESSAGE][PASSED] - dbConnectionPackage.DBConnectionKeyword.executeQuery is PASSED

2018-08-16 16:28:08 - [TEST_STEP][PASSED] - Statement - While (recordset.next()): null

2018-08-16 16:28:08 - [TEST_STEP][PASSED] - Statement - userid = recordset.getObject("PersonPK"): null

2018-08-16 16:28:08 - [TEST_STEP][PASSED] - dbConnectionPackage.DBConnectionKeyword.CloseConnections: dbConnectionPackage.DBConnectionKeyword.CloseConnections is PASSED

2018-08-16 16:28:13 - [MESSAGE][PASSED] - Delayed 5 second(s)

2018-08-16 16:28:13 - [MESSAGE][PASSED] - dbConnectionPackage.DBConnectionKeyword.CloseConnections is PASSED

2018-08-16 16:28:13 - [TEST_STEP][FAILED] - callTestCase: Unable to call Test Case with id 'Test Cases/Library/Community/Create or Update Rating' (Root cause: Call Test Case 'Test Cases/Library/Community/Create or Update Rating' failed)

2018-08-16 16:28:13 - [TEST_CASE][FAILED] - Test Cases/Library/Community/Create or Update Rating: Test Cases/Library/Community/Create or Update Rating FAILED because (of) Unable to verify response status code (Root cause: Expected status code is '200' but actual status code is '403')

2018-08-16 16:28:14 - [TEST_STEP][PASSED] - Statement - request = com.kms.katalon.core.testobject.ObjectRepository.findTestObject(Object Repository/Community/Create or Update Rating, [host:internal.GlobalVariable.g_URL, communityID:communityID]): Finding Test Object with id 'Object Repository/Community/Create or Update Rating'

2018-08-16 16:28:14 - [TEST_STEP][PASSED] - Statement - request.setHttpHeaderProperties(CustomKeywords.requestHeaders.Headers.AddHeaders()): requestHeaders.Headers.AddHeaders is PASSED

2018-08-16 16:28:14 - [MESSAGE][PASSED] - requestHeaders.Headers.AddHeaders is PASSED

2018-08-16 16:28:14 - [TEST_STEP][PASSED] - Statement - reponse = <not implemented yet for class: org.codehaus.groovy.ast.expr.EmptyExpression>: null

2018-08-16 16:28:14 - [TEST_STEP][PASSED] - Statement - vsRequestBody = "": null

2018-08-16 16:28:14 - [TEST_STEP][PASSED] - Statement - vsRequestBody = request.getHttpBody(): null

2018-08-16 16:28:14 - [TEST_STEP][PASSED] - Statement - vsRequestBody = vsRequestBody.replace("${userID}", """ + userID + """): null

2018-08-16 16:28:14 - [TEST_STEP][PASSED] - Statement - vsRequestBody = vsRequestBody.replace("${CommunityID}", """ + communityID + """): null

2018-08-16 16:28:14 - [TEST_STEP][PASSED] - Statement - vsRequestBody = vsRequestBody.replace("${Rating}", """ + rating + """): null

2018-08-16 16:28:14 - [TEST_STEP][PASSED] - Statement - request.setHttpBody(vsRequestBody): null

2018-08-16 16:28:14 - [TEST_STEP][PASSED] - Statement - response = com.kms.katalon.core.webservice.keyword.WSBuiltInKeywords.sendRequest(request): Send request successfully

2018-08-16 16:28:14 - [MESSAGE][PASSED] - Send request successfully

2018-08-16 16:28:14 - [TEST_STEP][FAILED] - verifyResponseStatusCode: Unable to verify response status code (Root cause: Expected status code is '200' but actual status code is '403')

2018-08-16 16:28:14 - [MESSAGE][FAILED] - Expected status code is '200' but actual status code is '403'

2018-08-16 16:28:14 - [MESSAGE][FAILED] - Unable to verify response status code (Root cause: Expected status code is '200' but actual status code is '403')

2018-08-16 16:28:14 - [MESSAGE][FAILED] - Unable to call Test Case with id 'Test Cases/Library/Community/Create or Update Rating' (Root cause: Call Test Case 'Test Cases/Library/Community/Create or Update Rating' failed)]]></system-out>
         <system-err><![CDATA[2018-08-16 16:27:52 - [TEST_CASE][FAILED] - Test Cases/TestCases/MD-2552 AdhocCommunity_MOB-3482/TC-19861Check user will not able to rate the community if rating is private: Test Cases/TestCases/MD-2552 AdhocCommunity_MOB-3482/TC-19861Check user will not able to rate the community if rating is private FAILED because (of) Unable to verify response status code (Root cause: Expected status code is '200' but actual status code is '403')]]></system-err>
      </testcase>
      <testcase name="Test Cases/TestCases/MD-2552 AdhocCommunity_MOB-3482/TC-19862Check user will able to rate the community for public community" classname="Test Cases/TestCases/MD-2552 AdhocCommunity_MOB-3482/TC-19862Check user will able to rate the community for public community" status="FAILED">
         <failure type="FAILED" message="org.codehaus.groovy.runtime.powerassert.PowerAssertionError: assert true==false
           |
           false"/>
         <system-out><![CDATA[2018-08-16 16:28:14 - [TEST_CASE][FAILED] - Test Cases/TestCases/MD-2552 AdhocCommunity_MOB-3482/TC-19862Check user will able to rate the community for public community: Test Cases/TestCases/MD-2552 AdhocCommunity_MOB-3482/TC-19862Check user will able to rate the community for public community FAILED because (of) org.codehaus.groovy.runtime.powerassert.PowerAssertionError: assert true==false
           |
           false

2018-08-16 16:28:14 - [TEST_STEP][PASSED] - Statement - data = com.kms.katalon.core.testdata.TestDataFactory.findTestData(TestData): Reading CSV file with source file 'comma', separator 'containing header' and '{2}'

2018-08-16 16:28:14 - [TEST_STEP][PASSED] - Statement - personpk = data.getValue("Contributer", 23): null

2018-08-16 16:28:14 - [TEST_STEP][PASSED] - Statement - pk = "'" + personpk + "'": null

2018-08-16 16:28:14 - [TEST_STEP][PASSED] - Statement - userid = "": null

2018-08-16 16:28:14 - [TEST_STEP][PASSED] - Statement - response = com.kms.katalon.core.webui.keyword.WebUiBuiltInKeywords.callTestCase(com.kms.katalon.core.testcase.TestCaseFactory.findTestCase(Library/Community/Create Community), ["communityName":data.getValue("CommunityName", 23), "CommunityDesc":data.getValue("CommunityDesc", 23), "allowDiscussionBoards":true, ... ], STOP_ON_FAILURE): Call Test Case 'Test Cases/Library/Community/Create Community' successfully

2018-08-16 16:28:14 - [TEST_CASE][PASSED] - Test Cases/Library/Community/Create Community: Test Cases/Library/Community/Create Community

2018-08-16 16:28:14 - [TEST_STEP][PASSED] - Statement - request = com.kms.katalon.core.testobject.ObjectRepository.findTestObject(Community/POST Create Community, [host:internal.GlobalVariable.g_URL]): Finding Test Object with id 'Object Repository/Community/POST Create Community'

2018-08-16 16:28:14 - [TEST_STEP][PASSED] - Statement - request.setHttpHeaderProperties(CustomKeywords.requestHeaders.Headers.AddHeaders()): requestHeaders.Headers.AddHeaders is PASSED

2018-08-16 16:28:14 - [MESSAGE][PASSED] - requestHeaders.Headers.AddHeaders is PASSED

2018-08-16 16:28:14 - [TEST_STEP][PASSED] - Statement - reponse = <not implemented yet for class: org.codehaus.groovy.ast.expr.EmptyExpression>: null

2018-08-16 16:28:14 - [TEST_STEP][PASSED] - Statement - vsRequestBody = "": null

2018-08-16 16:28:14 - [TEST_STEP][PASSED] - Statement - vsRequestBody = request.getHttpBody(): null

2018-08-16 16:28:14 - [TEST_STEP][PASSED] - Statement - vsRequestBody = vsRequestBody.replace("${CommunityName}", """ + communityName + """): null

2018-08-16 16:28:14 - [TEST_STEP][PASSED] - Statement - vsRequestBody = vsRequestBody.replace("${CommunityDesc}", """ + CommunityDesc + """): null

2018-08-16 16:28:14 - [TEST_STEP][PASSED] - Statement - vsRequestBody = vsRequestBody.replace("${allowDiscussionBoards}", """ + allowDiscussionBoards + """): null

2018-08-16 16:28:14 - [TEST_STEP][PASSED] - Statement - vsRequestBody = vsRequestBody.replace("${allowBlogPosts}", """ + allowBlogPosts + """): null

2018-08-16 16:28:14 - [TEST_STEP][PASSED] - Statement - vsRequestBody = vsRequestBody.replace("${allowFileUploads}", """ + allowFileUploads + """): null

2018-08-16 16:28:14 - [TEST_STEP][PASSED] - Statement - vsRequestBody = vsRequestBody.replace("${isPrivate}", """ + isPrivate + """): null

2018-08-16 16:28:14 - [TEST_STEP][PASSED] - Statement - vsRequestBody = vsRequestBody.replace("${userName}", """ + userName + """): null

2018-08-16 16:28:14 - [TEST_STEP][PASSED] - Statement - vsRequestBody = vsRequestBody.replace("${userId}", """ + userId + """): null

2018-08-16 16:28:14 - [TEST_STEP][PASSED] - Statement - vsRequestBody = vsRequestBody.replace("${role}", """ + role + """): null

2018-08-16 16:28:14 - [TEST_STEP][PASSED] - Statement - vsRequestBody = vsRequestBody.replace("${userStatus}", """ + userStatus + """): null

2018-08-16 16:28:14 - [TEST_STEP][PASSED] - Statement - vsRequestBody = vsRequestBody.replace("${communityCode}", """ + communityCode + """): null

2018-08-16 16:28:14 - [TEST_STEP][PASSED] - Statement - vsRequestBody = vsRequestBody.replace("${hidden}", """ + isHidden + """): null

2018-08-16 16:28:14 - [TEST_STEP][PASSED] - Statement - request.setHttpBody(vsRequestBody): null

2018-08-16 16:28:14 - [TEST_STEP][PASSED] - Statement - response = com.kms.katalon.core.webservice.keyword.WSBuiltInKeywords.sendRequest(request): Send request successfully

2018-08-16 16:28:14 - [MESSAGE][PASSED] - Send request successfully

2018-08-16 16:28:14 - [TEST_STEP][PASSED] - verifyResponseStatusCode: Verify response status code successfully

2018-08-16 16:28:14 - [MESSAGE][PASSED] - Verify response status code successfully

2018-08-16 16:28:14 - [TEST_STEP][PASSED] - containsString: Check contain string successfully

2018-08-16 16:28:14 - [MESSAGE][PASSED] - Check contain string successfully

2018-08-16 16:28:14 - [TEST_STEP][PASSED] - Statement - return response: null

2018-08-16 16:28:14 - [MESSAGE][PASSED] - Call Test Case 'Test Cases/Library/Community/Create Community' successfully

2018-08-16 16:28:14 - [TEST_STEP][PASSED] - comment: {
  "$type": "SumTotal.Services.DataContracts.Core.Social.CommunityDTO, SumTotal.Services.DataContracts",
  "id": "5b7558c68ed90c20b4cd37a0",
  "name": "Community09117",
  "description": "Desc177",
  "communityType": 0,
  "communityCode": "code",
  "entityId": null,
  "logo": null,
  "logoIdentifier": null,
  "isHidden": false,
  "isPrivate": false,
  "allowDiscussionBoards": true,
  "allowBlogPosts": true,
  "allowFileUploads": true,
  "allowFlagging": false,
  "allowGamification": false,
  "isActive": true,
  "disableJoinRequest": false,
  "avgRating": 0.0,
  "memberCount": 1,
  "blogCount": 0,
  "discussionCount": 0,
  "fileCount": 0,
  "recentActivity": null,
  "userMembership": null,
  "modifiedDate": "2018-08-16T10:58:14.3832245Z",
  "modifiedBy": "-1",
  "imageName": null,
  "permissions": 495,
  "communityValidations": {
    "$type": "System.Collections.Generic.Dictionary`2[[System.String, mscorlib],[System.String, mscorlib]], mscorlib",
    "warning": "The created community name is already in use by an existing community."
  }
}

2018-08-16 16:28:14 - [TEST_STEP][PASSED] - Statement - CommunityId = id: getAttributeValue.GetAttributeValue.GetAttribute is PASSED

2018-08-16 16:28:14 - [MESSAGE][PASSED] - getAttributeValue.GetAttributeValue.GetAttribute is PASSED

2018-08-16 16:28:14 - [TEST_STEP][PASSED] - Statement - recordset = CustomKeywords.dbConnectionPackage.DBConnectionKeyword.executeQuery("select * from PERSON where FirstName=" + pk): dbConnectionPackage.DBConnectionKeyword.executeQuery is PASSED

2018-08-16 16:28:30 - [MESSAGE][PASSED] - Delayed 15 second(s)

2018-08-16 16:28:30 - [MESSAGE][PASSED] - dbConnectionPackage.DBConnectionKeyword.executeQuery is PASSED

2018-08-16 16:28:30 - [TEST_STEP][PASSED] - Statement - While (recordset.next()): null

2018-08-16 16:28:30 - [TEST_STEP][PASSED] - Statement - userid = recordset.getObject("PersonPK"): null

2018-08-16 16:28:30 - [TEST_STEP][PASSED] - dbConnectionPackage.DBConnectionKeyword.CloseConnections: dbConnectionPackage.DBConnectionKeyword.CloseConnections is PASSED

2018-08-16 16:28:35 - [MESSAGE][PASSED] - Delayed 5 second(s)

2018-08-16 16:28:35 - [MESSAGE][PASSED] - dbConnectionPackage.DBConnectionKeyword.CloseConnections is PASSED

2018-08-16 16:28:35 - [TEST_STEP][PASSED] - Statement - response1 = com.kms.katalon.core.webui.keyword.WebUiBuiltInKeywords.callTestCase(com.kms.katalon.core.testcase.TestCaseFactory.findTestCase(Library/Contributer/Create or Update Rating), ["rating":5, "userID":userid, "communityID":CommunityId], STOP_ON_FAILURE): Call Test Case 'Test Cases/Library/Contributer/Create or Update Rating' successfully

2018-08-16 16:28:35 - [TEST_CASE][PASSED] - Test Cases/Library/Contributer/Create or Update Rating: Test Cases/Library/Contributer/Create or Update Rating

2018-08-16 16:28:35 - [TEST_STEP][PASSED] - Statement - request = com.kms.katalon.core.testobject.ObjectRepository.findTestObject(Object Repository/Community/Create or Update Rating, [host:internal.GlobalVariable.g_URL, communityID:communityID]): Finding Test Object with id 'Object Repository/Community/Create or Update Rating'

2018-08-16 16:28:35 - [TEST_STEP][PASSED] - Statement - request.setHttpHeaderProperties(CustomKeywords.requestHeaders.Headers.AddHeaders(ContributerToken)): requestHeaders.Headers.AddHeaders is PASSED

2018-08-16 16:28:35 - [MESSAGE][PASSED] - requestHeaders.Headers.AddHeaders is PASSED

2018-08-16 16:28:35 - [TEST_STEP][PASSED] - Statement - reponse = <not implemented yet for class: org.codehaus.groovy.ast.expr.EmptyExpression>: null

2018-08-16 16:28:35 - [TEST_STEP][PASSED] - Statement - vsRequestBody = "": null

2018-08-16 16:28:35 - [TEST_STEP][PASSED] - Statement - vsRequestBody = request.getHttpBody(): null

2018-08-16 16:28:35 - [TEST_STEP][PASSED] - Statement - vsRequestBody = vsRequestBody.replace("${userID}", """ + userID + """): null

2018-08-16 16:28:35 - [TEST_STEP][PASSED] - Statement - vsRequestBody = vsRequestBody.replace("${CommunityID}", """ + communityID + """): null

2018-08-16 16:28:35 - [TEST_STEP][PASSED] - Statement - vsRequestBody = vsRequestBody.replace("${Rating}", """ + rating + """): null

2018-08-16 16:28:35 - [TEST_STEP][PASSED] - Statement - request.setHttpBody(vsRequestBody): null

2018-08-16 16:28:35 - [TEST_STEP][PASSED] - Statement - response = com.kms.katalon.core.webservice.keyword.WSBuiltInKeywords.sendRequest(request): Send request successfully

2018-08-16 16:28:35 - [MESSAGE][PASSED] - Send request successfully

2018-08-16 16:28:35 - [TEST_STEP][PASSED] - verifyResponseStatusCode: Verify response status code successfully

2018-08-16 16:28:35 - [MESSAGE][PASSED] - Verify response status code successfully

2018-08-16 16:28:35 - [TEST_STEP][PASSED] - Statement - return response: null

2018-08-16 16:28:35 - [MESSAGE][PASSED] - Call Test Case 'Test Cases/Library/Contributer/Create or Update Rating' successfully

2018-08-16 16:28:35 - [TEST_STEP][PASSED] - delay: Delayed 5 second(s)

2018-08-16 16:28:40 - [MESSAGE][PASSED] - Delayed 5 second(s)

2018-08-16 16:28:40 - [TEST_STEP][PASSED] - verifyResponseStatusCode: Verify response status code successfully

2018-08-16 16:28:40 - [MESSAGE][PASSED] - Verify response status code successfully

2018-08-16 16:28:40 - [TEST_STEP][PASSED] - Statement - communityDetailsRes = com.kms.katalon.core.webui.keyword.WebUiBuiltInKeywords.callTestCase(com.kms.katalon.core.testcase.TestCaseFactory.findTestCase(Library/Contributer/Get Community details by ID), ["communityID":CommunityId], STOP_ON_FAILURE): Call Test Case 'Test Cases/Library/Contributer/Get Community details by ID' successfully

2018-08-16 16:28:40 - [TEST_CASE][PASSED] - Test Cases/Library/Contributer/Get Community details by ID: Test Cases/Library/Contributer/Get Community details by ID

2018-08-16 16:28:40 - [TEST_STEP][PASSED] - Statement - getCommunity = com.kms.katalon.core.testobject.ObjectRepository.findTestObject(Community/Get Community, [host:internal.GlobalVariable.g_URL, communityID:communityID]): Finding Test Object with id 'Object Repository/Community/Get Community'

2018-08-16 16:28:40 - [TEST_STEP][PASSED] - Statement - getCommunity.setHttpHeaderProperties(CustomKeywords.requestHeaders.Headers.AddHeaders(ContributerToken)): requestHeaders.Headers.AddHeaders is PASSED

2018-08-16 16:28:40 - [MESSAGE][PASSED] - requestHeaders.Headers.AddHeaders is PASSED

2018-08-16 16:28:40 - [TEST_STEP][PASSED] - Statement - getResponse = com.kms.katalon.core.webservice.keyword.WSBuiltInKeywords.sendRequest(getCommunity): Send request successfully

2018-08-16 16:28:40 - [MESSAGE][PASSED] - Send request successfully

2018-08-16 16:28:40 - [TEST_STEP][PASSED] - verifyResponseStatusCode: Verify response status code successfully

2018-08-16 16:28:40 - [MESSAGE][PASSED] - Verify response status code successfully

2018-08-16 16:28:40 - [TEST_STEP][PASSED] - Statement - return getResponse: null

2018-08-16 16:28:40 - [MESSAGE][PASSED] - Call Test Case 'Test Cases/Library/Contributer/Get Community details by ID' successfully

2018-08-16 16:28:40 - [TEST_STEP][PASSED] - verifyResponseStatusCode: Verify response status code successfully

2018-08-16 16:28:40 - [MESSAGE][PASSED] - Verify response status code successfully

2018-08-16 16:28:40 - [TEST_STEP][PASSED] - Statement - getRating = avgRating: getAttributeValue.GetAttributeValue.GetAttribute is PASSED

2018-08-16 16:28:40 - [MESSAGE][PASSED] - getAttributeValue.GetAttributeValue.GetAttribute is PASSED

2018-08-16 16:28:40 - [TEST_STEP][PASSED] - Statement - rating = java.lang.Math.round(getRating): null

2018-08-16 16:28:40 - [TEST_STEP][PASSED] - Statement - If (rating == 5): null

2018-08-16 16:28:40 - [TEST_STEP][PASSED] - Statement - Else If (!(rating) == 5): null

2018-08-16 16:28:40 - [TEST_STEP][PASSED] - Statement - Else: null

2018-08-16 16:28:40 - [TEST_STEP][PASSED] - Statement - println("if conditions shold not execute"): null

2018-08-16 16:28:40 - [TEST_STEP][PASSED] - Statement - assert true == false: null]]></system-out>
         <system-err><![CDATA[2018-08-16 16:28:14 - [TEST_CASE][FAILED] - Test Cases/TestCases/MD-2552 AdhocCommunity_MOB-3482/TC-19862Check user will able to rate the community for public community: Test Cases/TestCases/MD-2552 AdhocCommunity_MOB-3482/TC-19862Check user will able to rate the community for public community FAILED because (of) org.codehaus.groovy.runtime.powerassert.PowerAssertionError: assert true==false
           |
           false]]></system-err>
      </testcase>
      <testcase name="Test Cases/TestCases/MD-2552 AdhocCommunity_MOB-3482/TC-19866Verify Deleting Ad Hoc Community when logged in as user" classname="Test Cases/TestCases/MD-2552 AdhocCommunity_MOB-3482/TC-19866Verify Deleting Ad Hoc Community when logged in as user" status="PASSED">
         <system-out><![CDATA[2018-08-16 16:28:40 - [TEST_CASE][PASSED] - Test Cases/TestCases/MD-2552 AdhocCommunity_MOB-3482/TC-19866Verify Deleting Ad Hoc Community when logged in as user: Test Cases/TestCases/MD-2552 AdhocCommunity_MOB-3482/TC-19866Verify Deleting Ad Hoc Community when logged in as user

2018-08-16 16:28:41 - [TEST_STEP][PASSED] - Statement - data = com.kms.katalon.core.testdata.TestDataFactory.findTestData(TestData): Reading CSV file with source file 'comma', separator 'containing header' and '{2}'

2018-08-16 16:28:41 - [TEST_STEP][PASSED] - Statement - response = com.kms.katalon.core.webui.keyword.WebUiBuiltInKeywords.callTestCase(com.kms.katalon.core.testcase.TestCaseFactory.findTestCase(Library/Community/Create Community), ["communityName":data.getValue("CommunityName", 24), "CommunityDesc":data.getValue("CommunityDesc", 24), "allowDiscussionBoards":true, ... ], STOP_ON_FAILURE): Call Test Case 'Test Cases/Library/Community/Create Community' successfully

2018-08-16 16:28:41 - [TEST_CASE][PASSED] - Test Cases/Library/Community/Create Community: Test Cases/Library/Community/Create Community

2018-08-16 16:28:41 - [TEST_STEP][PASSED] - Statement - request = com.kms.katalon.core.testobject.ObjectRepository.findTestObject(Community/POST Create Community, [host:internal.GlobalVariable.g_URL]): Finding Test Object with id 'Object Repository/Community/POST Create Community'

2018-08-16 16:28:41 - [TEST_STEP][PASSED] - Statement - request.setHttpHeaderProperties(CustomKeywords.requestHeaders.Headers.AddHeaders()): requestHeaders.Headers.AddHeaders is PASSED

2018-08-16 16:28:41 - [MESSAGE][PASSED] - requestHeaders.Headers.AddHeaders is PASSED

2018-08-16 16:28:41 - [TEST_STEP][PASSED] - Statement - reponse = <not implemented yet for class: org.codehaus.groovy.ast.expr.EmptyExpression>: null

2018-08-16 16:28:41 - [TEST_STEP][PASSED] - Statement - vsRequestBody = "": null

2018-08-16 16:28:41 - [TEST_STEP][PASSED] - Statement - vsRequestBody = request.getHttpBody(): null

2018-08-16 16:28:41 - [TEST_STEP][PASSED] - Statement - vsRequestBody = vsRequestBody.replace("${CommunityName}", """ + communityName + """): null

2018-08-16 16:28:41 - [TEST_STEP][PASSED] - Statement - vsRequestBody = vsRequestBody.replace("${CommunityDesc}", """ + CommunityDesc + """): null

2018-08-16 16:28:41 - [TEST_STEP][PASSED] - Statement - vsRequestBody = vsRequestBody.replace("${allowDiscussionBoards}", """ + allowDiscussionBoards + """): null

2018-08-16 16:28:41 - [TEST_STEP][PASSED] - Statement - vsRequestBody = vsRequestBody.replace("${allowBlogPosts}", """ + allowBlogPosts + """): null

2018-08-16 16:28:41 - [TEST_STEP][PASSED] - Statement - vsRequestBody = vsRequestBody.replace("${allowFileUploads}", """ + allowFileUploads + """): null

2018-08-16 16:28:41 - [TEST_STEP][PASSED] - Statement - vsRequestBody = vsRequestBody.replace("${isPrivate}", """ + isPrivate + """): null

2018-08-16 16:28:41 - [TEST_STEP][PASSED] - Statement - vsRequestBody = vsRequestBody.replace("${userName}", """ + userName + """): null

2018-08-16 16:28:41 - [TEST_STEP][PASSED] - Statement - vsRequestBody = vsRequestBody.replace("${userId}", """ + userId + """): null

2018-08-16 16:28:41 - [TEST_STEP][PASSED] - Statement - vsRequestBody = vsRequestBody.replace("${role}", """ + role + """): null

2018-08-16 16:28:41 - [TEST_STEP][PASSED] - Statement - vsRequestBody = vsRequestBody.replace("${userStatus}", """ + userStatus + """): null

2018-08-16 16:28:41 - [TEST_STEP][PASSED] - Statement - vsRequestBody = vsRequestBody.replace("${communityCode}", """ + communityCode + """): null

2018-08-16 16:28:41 - [TEST_STEP][PASSED] - Statement - vsRequestBody = vsRequestBody.replace("${hidden}", """ + isHidden + """): null

2018-08-16 16:28:41 - [TEST_STEP][PASSED] - Statement - request.setHttpBody(vsRequestBody): null

2018-08-16 16:28:41 - [TEST_STEP][PASSED] - Statement - response = com.kms.katalon.core.webservice.keyword.WSBuiltInKeywords.sendRequest(request): Send request successfully

2018-08-16 16:28:41 - [MESSAGE][PASSED] - Send request successfully

2018-08-16 16:28:41 - [TEST_STEP][PASSED] - verifyResponseStatusCode: Verify response status code successfully

2018-08-16 16:28:41 - [MESSAGE][PASSED] - Verify response status code successfully

2018-08-16 16:28:41 - [TEST_STEP][PASSED] - containsString: Check contain string successfully

2018-08-16 16:28:41 - [MESSAGE][PASSED] - Check contain string successfully

2018-08-16 16:28:41 - [TEST_STEP][PASSED] - Statement - return response: null

2018-08-16 16:28:41 - [MESSAGE][PASSED] - Call Test Case 'Test Cases/Library/Community/Create Community' successfully

2018-08-16 16:28:41 - [TEST_STEP][PASSED] - Statement - CommunityID = id: getAttributeValue.GetAttributeValue.GetAttribute is PASSED

2018-08-16 16:28:41 - [MESSAGE][PASSED] - getAttributeValue.GetAttributeValue.GetAttribute is PASSED

2018-08-16 16:28:41 - [TEST_STEP][PASSED] - Statement - boolVal = com.kms.katalon.core.webui.keyword.WebUiBuiltInKeywords.callTestCase(com.kms.katalon.core.testcase.TestCaseFactory.findTestCase(Library/Community/Delete Community), ["communityID":CommunityID], STOP_ON_FAILURE): Call Test Case 'Test Cases/Library/Community/Delete Community' successfully

2018-08-16 16:28:41 - [TEST_CASE][PASSED] - Test Cases/Library/Community/Delete Community: Test Cases/Library/Community/Delete Community

2018-08-16 16:28:41 - [TEST_STEP][PASSED] - Statement - deleteCommunity = com.kms.katalon.core.testobject.ObjectRepository.findTestObject(Community/Delete Community, [host:internal.GlobalVariable.g_URL, communityID:communityID]): Finding Test Object with id 'Object Repository/Community/Delete Community'

2018-08-16 16:28:41 - [TEST_STEP][PASSED] - Statement - deleteCommunity.setHttpHeaderProperties(CustomKeywords.requestHeaders.Headers.AddHeaders()): requestHeaders.Headers.AddHeaders is PASSED

2018-08-16 16:28:41 - [MESSAGE][PASSED] - requestHeaders.Headers.AddHeaders is PASSED

2018-08-16 16:28:41 - [TEST_STEP][PASSED] - Statement - deleteCommunityRes = com.kms.katalon.core.webservice.keyword.WSBuiltInKeywords.sendRequest(deleteCommunity): Send request successfully

2018-08-16 16:28:41 - [MESSAGE][PASSED] - Send request successfully

2018-08-16 16:28:41 - [TEST_STEP][PASSED] - verifyResponseStatusCode: Verify response status code successfully

2018-08-16 16:28:41 - [MESSAGE][PASSED] - Verify response status code successfully

2018-08-16 16:28:41 - [TEST_STEP][PASSED] - delay: Delayed 10 second(s)

2018-08-16 16:28:51 - [MESSAGE][PASSED] - Delayed 10 second(s)

2018-08-16 16:28:51 - [TEST_STEP][PASSED] - Statement - reqObj = new com.kms.katalon.core.testobject.RequestObject(): null

2018-08-16 16:28:51 - [TEST_STEP][PASSED] - Statement - reqObj.setHttpHeaderProperties(CustomKeywords.requestHeaders.Headers.AddHeaders()): requestHeaders.Headers.AddHeaders is PASSED

2018-08-16 16:28:51 - [MESSAGE][PASSED] - requestHeaders.Headers.AddHeaders is PASSED

2018-08-16 16:28:51 - [TEST_STEP][PASSED] - Statement - reqObj.setRestRequestMethod("GET"): null

2018-08-16 16:28:51 - [TEST_STEP][PASSED] - Statement - reqObj.setRestUrl(g_URL + "/Services/api/sumtSocial/communities/" + communityID): null

2018-08-16 16:28:51 - [TEST_STEP][PASSED] - Statement - getResponse = com.kms.katalon.core.webservice.keyword.WSBuiltInKeywords.sendRequest(reqObj): Send request successfully

2018-08-16 16:28:51 - [MESSAGE][PASSED] - Send request successfully

2018-08-16 16:28:51 - [TEST_STEP][PASSED] - verifyResponseStatusCode: Verify response status code successfully

2018-08-16 16:28:51 - [MESSAGE][PASSED] - Verify response status code successfully

2018-08-16 16:28:51 - [TEST_STEP][PASSED] - Statement - boolVal = getResponse.getResponseText().equalsIgnoreCase("null"): null

2018-08-16 16:28:51 - [TEST_STEP][PASSED] - Statement - return boolVal: null

2018-08-16 16:28:51 - [MESSAGE][PASSED] - Call Test Case 'Test Cases/Library/Community/Delete Community' successfully

2018-08-16 16:28:51 - [TEST_STEP][PASSED] - verifyEqual: Actual object 'true' and expected object 'true' are equal

2018-08-16 16:28:51 - [MESSAGE][PASSED] - Actual object 'true' and expected object 'true' are equal]]></system-out>
         <system-err><![CDATA[]]></system-err>
      </testcase>
      <testcase name="Test Cases/TestCases/MD-2552 AdhocCommunity_MOB-3482/TC19750Verify by default Creator of Ad Hoc Community is the Owner" classname="Test Cases/TestCases/MD-2552 AdhocCommunity_MOB-3482/TC19750Verify by default Creator of Ad Hoc Community is the Owner" status="PASSED">
         <system-out><![CDATA[2018-08-16 16:28:51 - [TEST_CASE][PASSED] - Test Cases/TestCases/MD-2552 AdhocCommunity_MOB-3482/TC19750Verify by default Creator of Ad Hoc Community is the Owner: Test Cases/TestCases/MD-2552 AdhocCommunity_MOB-3482/TC19750Verify by default Creator of Ad Hoc Community is the Owner

2018-08-16 16:28:51 - [TEST_STEP][PASSED] - Statement - data = com.kms.katalon.core.testdata.TestDataFactory.findTestData(TestData): Reading CSV file with source file 'comma', separator 'containing header' and '{2}'

2018-08-16 16:28:51 - [TEST_STEP][PASSED] - Statement - response = com.kms.katalon.core.webui.keyword.WebUiBuiltInKeywords.callTestCase(com.kms.katalon.core.testcase.TestCaseFactory.findTestCase(Library/Community/Create Community), ["communityName":data.getValue("CommunityName", 2), "CommunityDesc":data.getValue("CommunityDesc", 2), "allowDiscussionBoards":true, ... ], STOP_ON_FAILURE): Call Test Case 'Test Cases/Library/Community/Create Community' successfully

2018-08-16 16:28:51 - [TEST_CASE][PASSED] - Test Cases/Library/Community/Create Community: Test Cases/Library/Community/Create Community

2018-08-16 16:28:51 - [TEST_STEP][PASSED] - Statement - request = com.kms.katalon.core.testobject.ObjectRepository.findTestObject(Community/POST Create Community, [host:internal.GlobalVariable.g_URL]): Finding Test Object with id 'Object Repository/Community/POST Create Community'

2018-08-16 16:28:51 - [TEST_STEP][PASSED] - Statement - request.setHttpHeaderProperties(CustomKeywords.requestHeaders.Headers.AddHeaders()): requestHeaders.Headers.AddHeaders is PASSED

2018-08-16 16:28:51 - [MESSAGE][PASSED] - requestHeaders.Headers.AddHeaders is PASSED

2018-08-16 16:28:51 - [TEST_STEP][PASSED] - Statement - reponse = <not implemented yet for class: org.codehaus.groovy.ast.expr.EmptyExpression>: null

2018-08-16 16:28:51 - [TEST_STEP][PASSED] - Statement - vsRequestBody = "": null

2018-08-16 16:28:51 - [TEST_STEP][PASSED] - Statement - vsRequestBody = request.getHttpBody(): null

2018-08-16 16:28:51 - [TEST_STEP][PASSED] - Statement - vsRequestBody = vsRequestBody.replace("${CommunityName}", """ + communityName + """): null

2018-08-16 16:28:51 - [TEST_STEP][PASSED] - Statement - vsRequestBody = vsRequestBody.replace("${CommunityDesc}", """ + CommunityDesc + """): null

2018-08-16 16:28:51 - [TEST_STEP][PASSED] - Statement - vsRequestBody = vsRequestBody.replace("${allowDiscussionBoards}", """ + allowDiscussionBoards + """): null

2018-08-16 16:28:51 - [TEST_STEP][PASSED] - Statement - vsRequestBody = vsRequestBody.replace("${allowBlogPosts}", """ + allowBlogPosts + """): null

2018-08-16 16:28:51 - [TEST_STEP][PASSED] - Statement - vsRequestBody = vsRequestBody.replace("${allowFileUploads}", """ + allowFileUploads + """): null

2018-08-16 16:28:51 - [TEST_STEP][PASSED] - Statement - vsRequestBody = vsRequestBody.replace("${isPrivate}", """ + isPrivate + """): null

2018-08-16 16:28:51 - [TEST_STEP][PASSED] - Statement - vsRequestBody = vsRequestBody.replace("${userName}", """ + userName + """): null

2018-08-16 16:28:51 - [TEST_STEP][PASSED] - Statement - vsRequestBody = vsRequestBody.replace("${userId}", """ + userId + """): null

2018-08-16 16:28:51 - [TEST_STEP][PASSED] - Statement - vsRequestBody = vsRequestBody.replace("${role}", """ + role + """): null

2018-08-16 16:28:51 - [TEST_STEP][PASSED] - Statement - vsRequestBody = vsRequestBody.replace("${userStatus}", """ + userStatus + """): null

2018-08-16 16:28:51 - [TEST_STEP][PASSED] - Statement - vsRequestBody = vsRequestBody.replace("${communityCode}", """ + communityCode + """): null

2018-08-16 16:28:51 - [TEST_STEP][PASSED] - Statement - vsRequestBody = vsRequestBody.replace("${hidden}", """ + isHidden + """): null

2018-08-16 16:28:51 - [TEST_STEP][PASSED] - Statement - request.setHttpBody(vsRequestBody): null

2018-08-16 16:28:51 - [TEST_STEP][PASSED] - Statement - response = com.kms.katalon.core.webservice.keyword.WSBuiltInKeywords.sendRequest(request): Send request successfully

2018-08-16 16:28:51 - [MESSAGE][PASSED] - Send request successfully

2018-08-16 16:28:51 - [TEST_STEP][PASSED] - verifyResponseStatusCode: Verify response status code successfully

2018-08-16 16:28:51 - [MESSAGE][PASSED] - Verify response status code successfully

2018-08-16 16:28:51 - [TEST_STEP][PASSED] - containsString: Check contain string successfully

2018-08-16 16:28:51 - [MESSAGE][PASSED] - Check contain string successfully

2018-08-16 16:28:51 - [TEST_STEP][PASSED] - Statement - return response: null

2018-08-16 16:28:51 - [MESSAGE][PASSED] - Call Test Case 'Test Cases/Library/Community/Create Community' successfully

2018-08-16 16:28:51 - [TEST_STEP][PASSED] - Statement - CommunityID = id: getAttributeValue.GetAttributeValue.GetAttribute is PASSED

2018-08-16 16:28:51 - [MESSAGE][PASSED] - getAttributeValue.GetAttributeValue.GetAttribute is PASSED

2018-08-16 16:28:51 - [TEST_STEP][PASSED] - verifyResponseStatusCode: Verify response status code successfully

2018-08-16 16:28:51 - [MESSAGE][PASSED] - Verify response status code successfully

2018-08-16 16:28:51 - [TEST_STEP][PASSED] - verifyElementPropertyValue: Verify element property value successfully

2018-08-16 16:28:51 - [MESSAGE][PASSED] - Verify element property value successfully

2018-08-16 16:28:51 - [TEST_STEP][PASSED] - Statement - res = com.kms.katalon.core.webui.keyword.WebUiBuiltInKeywords.callTestCase(com.kms.katalon.core.testcase.TestCaseFactory.findTestCase(Library/Community/Delete Community), ["communityID":CommunityID], STOP_ON_FAILURE): Call Test Case 'Test Cases/Library/Community/Delete Community' successfully

2018-08-16 16:28:51 - [TEST_CASE][PASSED] - Test Cases/Library/Community/Delete Community: Test Cases/Library/Community/Delete Community

2018-08-16 16:28:51 - [TEST_STEP][PASSED] - Statement - deleteCommunity = com.kms.katalon.core.testobject.ObjectRepository.findTestObject(Community/Delete Community, [host:internal.GlobalVariable.g_URL, communityID:communityID]): Finding Test Object with id 'Object Repository/Community/Delete Community'

2018-08-16 16:28:51 - [TEST_STEP][PASSED] - Statement - deleteCommunity.setHttpHeaderProperties(CustomKeywords.requestHeaders.Headers.AddHeaders()): requestHeaders.Headers.AddHeaders is PASSED

2018-08-16 16:28:51 - [MESSAGE][PASSED] - requestHeaders.Headers.AddHeaders is PASSED

2018-08-16 16:28:51 - [TEST_STEP][PASSED] - Statement - deleteCommunityRes = com.kms.katalon.core.webservice.keyword.WSBuiltInKeywords.sendRequest(deleteCommunity): Send request successfully

2018-08-16 16:28:52 - [MESSAGE][PASSED] - Send request successfully

2018-08-16 16:28:52 - [TEST_STEP][PASSED] - verifyResponseStatusCode: Verify response status code successfully

2018-08-16 16:28:52 - [MESSAGE][PASSED] - Verify response status code successfully

2018-08-16 16:28:52 - [TEST_STEP][PASSED] - delay: Delayed 10 second(s)

2018-08-16 16:29:02 - [MESSAGE][PASSED] - Delayed 10 second(s)

2018-08-16 16:29:02 - [TEST_STEP][PASSED] - Statement - reqObj = new com.kms.katalon.core.testobject.RequestObject(): null

2018-08-16 16:29:02 - [TEST_STEP][PASSED] - Statement - reqObj.setHttpHeaderProperties(CustomKeywords.requestHeaders.Headers.AddHeaders()): requestHeaders.Headers.AddHeaders is PASSED

2018-08-16 16:29:02 - [MESSAGE][PASSED] - requestHeaders.Headers.AddHeaders is PASSED

2018-08-16 16:29:02 - [TEST_STEP][PASSED] - Statement - reqObj.setRestRequestMethod("GET"): null

2018-08-16 16:29:02 - [TEST_STEP][PASSED] - Statement - reqObj.setRestUrl(g_URL + "/Services/api/sumtSocial/communities/" + communityID): null

2018-08-16 16:29:02 - [TEST_STEP][PASSED] - Statement - getResponse = com.kms.katalon.core.webservice.keyword.WSBuiltInKeywords.sendRequest(reqObj): Send request successfully

2018-08-16 16:29:02 - [MESSAGE][PASSED] - Send request successfully

2018-08-16 16:29:02 - [TEST_STEP][PASSED] - verifyResponseStatusCode: Verify response status code successfully

2018-08-16 16:29:02 - [MESSAGE][PASSED] - Verify response status code successfully

2018-08-16 16:29:02 - [TEST_STEP][PASSED] - Statement - boolVal = getResponse.getResponseText().equalsIgnoreCase("null"): null

2018-08-16 16:29:02 - [TEST_STEP][PASSED] - Statement - return boolVal: null

2018-08-16 16:29:02 - [MESSAGE][PASSED] - Call Test Case 'Test Cases/Library/Community/Delete Community' successfully]]></system-out>
         <system-err><![CDATA[]]></system-err>
      </testcase>
      <testcase name="Test Cases/TestCases/MD-2552 AdhocCommunity_MOB-3482/TC_19744Verify Limit of characters for community Name ,Code and description" classname="Test Cases/TestCases/MD-2552 AdhocCommunity_MOB-3482/TC_19744Verify Limit of characters for community Name ,Code and description" status="FAILED">
         <failure type="FAILED" message="org.codehaus.groovy.runtime.powerassert.PowerAssertionError: assert true==false
           |
           false"/>
         <system-out><![CDATA[2018-08-16 16:29:02 - [TEST_CASE][FAILED] - Test Cases/TestCases/MD-2552 AdhocCommunity_MOB-3482/TC_19744Verify Limit of characters for community Name ,Code and description: Test Cases/TestCases/MD-2552 AdhocCommunity_MOB-3482/TC_19744Verify Limit of characters for community Name ,Code and description FAILED because (of) org.codehaus.groovy.runtime.powerassert.PowerAssertionError: assert true==false
           |
           false

2018-08-16 16:29:02 - [TEST_STEP][PASSED] - Statement - data = com.kms.katalon.core.testdata.TestDataFactory.findTestData(TestData): Reading CSV file with source file 'comma', separator 'containing header' and '{2}'

2018-08-16 16:29:02 - [TEST_STEP][PASSED] - Statement - comName = "Community name should not exceed more than hundred characteristics while creating community. Description is a mandatory field": null

2018-08-16 16:29:02 - [TEST_STEP][PASSED] - Statement - response = com.kms.katalon.core.webui.keyword.WebUiBuiltInKeywords.callTestCase(com.kms.katalon.core.testcase.TestCaseFactory.findTestCase(Library/Community/Create Community), ["communityName":data.getValue("CommunityName", 3), "CommunityDesc":data.getValue("CommunityDesc", 3), "allowDiscussionBoards":true, ... ], STOP_ON_FAILURE): Call Test Case 'Test Cases/Library/Community/Create Community' successfully

2018-08-16 16:29:02 - [TEST_CASE][PASSED] - Test Cases/Library/Community/Create Community: Test Cases/Library/Community/Create Community

2018-08-16 16:29:02 - [TEST_STEP][PASSED] - Statement - request = com.kms.katalon.core.testobject.ObjectRepository.findTestObject(Community/POST Create Community, [host:internal.GlobalVariable.g_URL]): Finding Test Object with id 'Object Repository/Community/POST Create Community'

2018-08-16 16:29:02 - [TEST_STEP][PASSED] - Statement - request.setHttpHeaderProperties(CustomKeywords.requestHeaders.Headers.AddHeaders()): requestHeaders.Headers.AddHeaders is PASSED

2018-08-16 16:29:02 - [MESSAGE][PASSED] - requestHeaders.Headers.AddHeaders is PASSED

2018-08-16 16:29:02 - [TEST_STEP][PASSED] - Statement - reponse = <not implemented yet for class: org.codehaus.groovy.ast.expr.EmptyExpression>: null

2018-08-16 16:29:02 - [TEST_STEP][PASSED] - Statement - vsRequestBody = "": null

2018-08-16 16:29:02 - [TEST_STEP][PASSED] - Statement - vsRequestBody = request.getHttpBody(): null

2018-08-16 16:29:02 - [TEST_STEP][PASSED] - Statement - vsRequestBody = vsRequestBody.replace("${CommunityName}", """ + communityName + """): null

2018-08-16 16:29:02 - [TEST_STEP][PASSED] - Statement - vsRequestBody = vsRequestBody.replace("${CommunityDesc}", """ + CommunityDesc + """): null

2018-08-16 16:29:02 - [TEST_STEP][PASSED] - Statement - vsRequestBody = vsRequestBody.replace("${allowDiscussionBoards}", """ + allowDiscussionBoards + """): null

2018-08-16 16:29:02 - [TEST_STEP][PASSED] - Statement - vsRequestBody = vsRequestBody.replace("${allowBlogPosts}", """ + allowBlogPosts + """): null

2018-08-16 16:29:02 - [TEST_STEP][PASSED] - Statement - vsRequestBody = vsRequestBody.replace("${allowFileUploads}", """ + allowFileUploads + """): null

2018-08-16 16:29:02 - [TEST_STEP][PASSED] - Statement - vsRequestBody = vsRequestBody.replace("${isPrivate}", """ + isPrivate + """): null

2018-08-16 16:29:02 - [TEST_STEP][PASSED] - Statement - vsRequestBody = vsRequestBody.replace("${userName}", """ + userName + """): null

2018-08-16 16:29:02 - [TEST_STEP][PASSED] - Statement - vsRequestBody = vsRequestBody.replace("${userId}", """ + userId + """): null

2018-08-16 16:29:02 - [TEST_STEP][PASSED] - Statement - vsRequestBody = vsRequestBody.replace("${role}", """ + role + """): null

2018-08-16 16:29:02 - [TEST_STEP][PASSED] - Statement - vsRequestBody = vsRequestBody.replace("${userStatus}", """ + userStatus + """): null

2018-08-16 16:29:02 - [TEST_STEP][PASSED] - Statement - vsRequestBody = vsRequestBody.replace("${communityCode}", """ + communityCode + """): null

2018-08-16 16:29:02 - [TEST_STEP][PASSED] - Statement - vsRequestBody = vsRequestBody.replace("${hidden}", """ + isHidden + """): null

2018-08-16 16:29:02 - [TEST_STEP][PASSED] - Statement - request.setHttpBody(vsRequestBody): null

2018-08-16 16:29:02 - [TEST_STEP][PASSED] - Statement - response = com.kms.katalon.core.webservice.keyword.WSBuiltInKeywords.sendRequest(request): Send request successfully

2018-08-16 16:29:02 - [MESSAGE][PASSED] - Send request successfully

2018-08-16 16:29:02 - [TEST_STEP][PASSED] - verifyResponseStatusCode: Verify response status code successfully

2018-08-16 16:29:02 - [MESSAGE][PASSED] - Verify response status code successfully

2018-08-16 16:29:02 - [TEST_STEP][PASSED] - containsString: Check contain string successfully

2018-08-16 16:29:02 - [MESSAGE][PASSED] - Check contain string successfully

2018-08-16 16:29:02 - [TEST_STEP][PASSED] - Statement - return response: null

2018-08-16 16:29:02 - [MESSAGE][PASSED] - Call Test Case 'Test Cases/Library/Community/Create Community' successfully

2018-08-16 16:29:02 - [TEST_STEP][PASSED] - Statement - communityName = name: getAttributeValue.GetAttributeValue.GetAttribute is PASSED

2018-08-16 16:29:02 - [MESSAGE][PASSED] - getAttributeValue.GetAttributeValue.GetAttribute is PASSED

2018-08-16 16:29:02 - [TEST_STEP][PASSED] - Statement - CommunityID = id: getAttributeValue.GetAttributeValue.GetAttribute is PASSED

2018-08-16 16:29:02 - [MESSAGE][PASSED] - getAttributeValue.GetAttributeValue.GetAttribute is PASSED

2018-08-16 16:29:02 - [TEST_STEP][PASSED] - Statement - If (communityName.length() > 100): null

2018-08-16 16:29:02 - [TEST_STEP][PASSED] - Statement - println("community name is created with more than hundread charchterstics"): null

2018-08-16 16:29:02 - [TEST_STEP][PASSED] - Statement - assert true == false: null]]></system-out>
         <system-err><![CDATA[2018-08-16 16:29:02 - [TEST_CASE][FAILED] - Test Cases/TestCases/MD-2552 AdhocCommunity_MOB-3482/TC_19744Verify Limit of characters for community Name ,Code and description: Test Cases/TestCases/MD-2552 AdhocCommunity_MOB-3482/TC_19744Verify Limit of characters for community Name ,Code and description FAILED because (of) org.codehaus.groovy.runtime.powerassert.PowerAssertionError: assert true==false
           |
           false]]></system-err>
      </testcase>
      <testcase name="Test Cases/TestCases/MD-2552 AdhocCommunity_MOB-3482/TC_19749Verify Community Name and Description are Mandatory Fields" classname="Test Cases/TestCases/MD-2552 AdhocCommunity_MOB-3482/TC_19749Verify Community Name and Description are Mandatory Fields" status="FAILED">
         <failure type="FAILED" message="org.codehaus.groovy.runtime.powerassert.PowerAssertionError: assert true==false
           |
           false"/>
         <system-out><![CDATA[2018-08-16 16:29:02 - [TEST_CASE][FAILED] - Test Cases/TestCases/MD-2552 AdhocCommunity_MOB-3482/TC_19749Verify Community Name and Description are Mandatory Fields: Test Cases/TestCases/MD-2552 AdhocCommunity_MOB-3482/TC_19749Verify Community Name and Description are Mandatory Fields FAILED because (of) org.codehaus.groovy.runtime.powerassert.PowerAssertionError: assert true==false
           |
           false

2018-08-16 16:29:02 - [TEST_STEP][PASSED] - Statement - response = com.kms.katalon.core.webui.keyword.WebUiBuiltInKeywords.callTestCase(com.kms.katalon.core.testcase.TestCaseFactory.findTestCase(Library/Community/Create Community), ["communityName":"", "CommunityDesc":"", "allowDiscussionBoards":true, "allowBlogPosts":true, "allowFileUploads":true, "communityCode":"", ... ], STOP_ON_FAILURE): Call Test Case 'Test Cases/Library/Community/Create Community' successfully

2018-08-16 16:29:02 - [TEST_CASE][PASSED] - Test Cases/Library/Community/Create Community: Test Cases/Library/Community/Create Community

2018-08-16 16:29:02 - [TEST_STEP][PASSED] - Statement - request = com.kms.katalon.core.testobject.ObjectRepository.findTestObject(Community/POST Create Community, [host:internal.GlobalVariable.g_URL]): Finding Test Object with id 'Object Repository/Community/POST Create Community'

2018-08-16 16:29:02 - [TEST_STEP][PASSED] - Statement - request.setHttpHeaderProperties(CustomKeywords.requestHeaders.Headers.AddHeaders()): requestHeaders.Headers.AddHeaders is PASSED

2018-08-16 16:29:02 - [MESSAGE][PASSED] - requestHeaders.Headers.AddHeaders is PASSED

2018-08-16 16:29:02 - [TEST_STEP][PASSED] - Statement - reponse = <not implemented yet for class: org.codehaus.groovy.ast.expr.EmptyExpression>: null

2018-08-16 16:29:02 - [TEST_STEP][PASSED] - Statement - vsRequestBody = "": null

2018-08-16 16:29:02 - [TEST_STEP][PASSED] - Statement - vsRequestBody = request.getHttpBody(): null

2018-08-16 16:29:02 - [TEST_STEP][PASSED] - Statement - vsRequestBody = vsRequestBody.replace("${CommunityName}", """ + communityName + """): null

2018-08-16 16:29:02 - [TEST_STEP][PASSED] - Statement - vsRequestBody = vsRequestBody.replace("${CommunityDesc}", """ + CommunityDesc + """): null

2018-08-16 16:29:02 - [TEST_STEP][PASSED] - Statement - vsRequestBody = vsRequestBody.replace("${allowDiscussionBoards}", """ + allowDiscussionBoards + """): null

2018-08-16 16:29:02 - [TEST_STEP][PASSED] - Statement - vsRequestBody = vsRequestBody.replace("${allowBlogPosts}", """ + allowBlogPosts + """): null

2018-08-16 16:29:02 - [TEST_STEP][PASSED] - Statement - vsRequestBody = vsRequestBody.replace("${allowFileUploads}", """ + allowFileUploads + """): null

2018-08-16 16:29:02 - [TEST_STEP][PASSED] - Statement - vsRequestBody = vsRequestBody.replace("${isPrivate}", """ + isPrivate + """): null

2018-08-16 16:29:02 - [TEST_STEP][PASSED] - Statement - vsRequestBody = vsRequestBody.replace("${userName}", """ + userName + """): null

2018-08-16 16:29:02 - [TEST_STEP][PASSED] - Statement - vsRequestBody = vsRequestBody.replace("${userId}", """ + userId + """): null

2018-08-16 16:29:02 - [TEST_STEP][PASSED] - Statement - vsRequestBody = vsRequestBody.replace("${role}", """ + role + """): null

2018-08-16 16:29:02 - [TEST_STEP][PASSED] - Statement - vsRequestBody = vsRequestBody.replace("${userStatus}", """ + userStatus + """): null

2018-08-16 16:29:02 - [TEST_STEP][PASSED] - Statement - vsRequestBody = vsRequestBody.replace("${communityCode}", """ + communityCode + """): null

2018-08-16 16:29:02 - [TEST_STEP][PASSED] - Statement - vsRequestBody = vsRequestBody.replace("${hidden}", """ + isHidden + """): null

2018-08-16 16:29:02 - [TEST_STEP][PASSED] - Statement - request.setHttpBody(vsRequestBody): null

2018-08-16 16:29:02 - [TEST_STEP][PASSED] - Statement - response = com.kms.katalon.core.webservice.keyword.WSBuiltInKeywords.sendRequest(request): Send request successfully

2018-08-16 16:29:02 - [MESSAGE][PASSED] - Send request successfully

2018-08-16 16:29:02 - [TEST_STEP][PASSED] - verifyResponseStatusCode: Verify response status code successfully

2018-08-16 16:29:02 - [MESSAGE][PASSED] - Verify response status code successfully

2018-08-16 16:29:02 - [TEST_STEP][PASSED] - containsString: Check contain string successfully

2018-08-16 16:29:02 - [MESSAGE][PASSED] - Check contain string successfully

2018-08-16 16:29:02 - [TEST_STEP][PASSED] - Statement - return response: null

2018-08-16 16:29:02 - [MESSAGE][PASSED] - Call Test Case 'Test Cases/Library/Community/Create Community' successfully

2018-08-16 16:29:02 - [TEST_STEP][PASSED] - Statement - CommunityID = id: getAttributeValue.GetAttributeValue.GetAttribute is PASSED

2018-08-16 16:29:02 - [MESSAGE][PASSED] - getAttributeValue.GetAttributeValue.GetAttribute is PASSED

2018-08-16 16:29:02 - [TEST_STEP][PASSED] - Statement - If (com.kms.katalon.core.webservice.keyword.WSBuiltInKeywords.verifyResponseStatusCode(response, 200)): null

2018-08-16 16:29:02 - [MESSAGE][PASSED] - Verify response status code successfully

2018-08-16 16:29:02 - [TEST_STEP][PASSED] - Statement - println("community is created even community name, desc is not provided"): null

2018-08-16 16:29:02 - [TEST_STEP][PASSED] - Statement - assert true == false: null]]></system-out>
         <system-err><![CDATA[2018-08-16 16:29:02 - [TEST_CASE][FAILED] - Test Cases/TestCases/MD-2552 AdhocCommunity_MOB-3482/TC_19749Verify Community Name and Description are Mandatory Fields: Test Cases/TestCases/MD-2552 AdhocCommunity_MOB-3482/TC_19749Verify Community Name and Description are Mandatory Fields FAILED because (of) org.codehaus.groovy.runtime.powerassert.PowerAssertionError: assert true==false
           |
           false]]></system-err>
      </testcase>
      <testcase name="Test Cases/TestCases/MD-2552 AdhocCommunity_MOB-3482/TC_19769Verify Work flow  Community when neither of Private Hidden and Disable Join Requests options are selected" classname="Test Cases/TestCases/MD-2552 AdhocCommunity_MOB-3482/TC_19769Verify Work flow  Community when neither of Private Hidden and Disable Join Requests options are selected" status="PASSED">
         <system-out><![CDATA[2018-08-16 16:29:02 - [TEST_CASE][PASSED] - Test Cases/TestCases/MD-2552 AdhocCommunity_MOB-3482/TC_19769Verify Work flow  Community when neither of Private Hidden and Disable Join Requests options are selected: Test Cases/TestCases/MD-2552 AdhocCommunity_MOB-3482/TC_19769Verify Work flow  Community when neither of Private Hidden and Disable Join Requests options are selected

2018-08-16 16:29:02 - [TEST_STEP][PASSED] - Statement - data = com.kms.katalon.core.testdata.TestDataFactory.findTestData(TestData): Reading CSV file with source file 'comma', separator 'containing header' and '{2}'

2018-08-16 16:29:02 - [TEST_STEP][PASSED] - Statement - response = com.kms.katalon.core.webui.keyword.WebUiBuiltInKeywords.callTestCase(com.kms.katalon.core.testcase.TestCaseFactory.findTestCase(Library/Community/Create Community), ["communityName":data.getValue("CommunityName", 5), "CommunityDesc":data.getValue("CommunityDesc", 5), "allowDiscussionBoards":true, ... ], STOP_ON_FAILURE): Call Test Case 'Test Cases/Library/Community/Create Community' successfully

2018-08-16 16:29:02 - [TEST_CASE][PASSED] - Test Cases/Library/Community/Create Community: Test Cases/Library/Community/Create Community

2018-08-16 16:29:02 - [TEST_STEP][PASSED] - Statement - request = com.kms.katalon.core.testobject.ObjectRepository.findTestObject(Community/POST Create Community, [host:internal.GlobalVariable.g_URL]): Finding Test Object with id 'Object Repository/Community/POST Create Community'

2018-08-16 16:29:02 - [TEST_STEP][PASSED] - Statement - request.setHttpHeaderProperties(CustomKeywords.requestHeaders.Headers.AddHeaders()): requestHeaders.Headers.AddHeaders is PASSED

2018-08-16 16:29:02 - [MESSAGE][PASSED] - requestHeaders.Headers.AddHeaders is PASSED

2018-08-16 16:29:02 - [TEST_STEP][PASSED] - Statement - reponse = <not implemented yet for class: org.codehaus.groovy.ast.expr.EmptyExpression>: null

2018-08-16 16:29:02 - [TEST_STEP][PASSED] - Statement - vsRequestBody = "": null

2018-08-16 16:29:02 - [TEST_STEP][PASSED] - Statement - vsRequestBody = request.getHttpBody(): null

2018-08-16 16:29:02 - [TEST_STEP][PASSED] - Statement - vsRequestBody = vsRequestBody.replace("${CommunityName}", """ + communityName + """): null

2018-08-16 16:29:02 - [TEST_STEP][PASSED] - Statement - vsRequestBody = vsRequestBody.replace("${CommunityDesc}", """ + CommunityDesc + """): null

2018-08-16 16:29:02 - [TEST_STEP][PASSED] - Statement - vsRequestBody = vsRequestBody.replace("${allowDiscussionBoards}", """ + allowDiscussionBoards + """): null

2018-08-16 16:29:02 - [TEST_STEP][PASSED] - Statement - vsRequestBody = vsRequestBody.replace("${allowBlogPosts}", """ + allowBlogPosts + """): null

2018-08-16 16:29:02 - [TEST_STEP][PASSED] - Statement - vsRequestBody = vsRequestBody.replace("${allowFileUploads}", """ + allowFileUploads + """): null

2018-08-16 16:29:02 - [TEST_STEP][PASSED] - Statement - vsRequestBody = vsRequestBody.replace("${isPrivate}", """ + isPrivate + """): null

2018-08-16 16:29:02 - [TEST_STEP][PASSED] - Statement - vsRequestBody = vsRequestBody.replace("${userName}", """ + userName + """): null

2018-08-16 16:29:02 - [TEST_STEP][PASSED] - Statement - vsRequestBody = vsRequestBody.replace("${userId}", """ + userId + """): null

2018-08-16 16:29:02 - [TEST_STEP][PASSED] - Statement - vsRequestBody = vsRequestBody.replace("${role}", """ + role + """): null

2018-08-16 16:29:02 - [TEST_STEP][PASSED] - Statement - vsRequestBody = vsRequestBody.replace("${userStatus}", """ + userStatus + """): null

2018-08-16 16:29:02 - [TEST_STEP][PASSED] - Statement - vsRequestBody = vsRequestBody.replace("${communityCode}", """ + communityCode + """): null

2018-08-16 16:29:02 - [TEST_STEP][PASSED] - Statement - vsRequestBody = vsRequestBody.replace("${hidden}", """ + isHidden + """): null

2018-08-16 16:29:02 - [TEST_STEP][PASSED] - Statement - request.setHttpBody(vsRequestBody): null

2018-08-16 16:29:02 - [TEST_STEP][PASSED] - Statement - response = com.kms.katalon.core.webservice.keyword.WSBuiltInKeywords.sendRequest(request): Send request successfully

2018-08-16 16:29:03 - [MESSAGE][PASSED] - Send request successfully

2018-08-16 16:29:03 - [TEST_STEP][PASSED] - verifyResponseStatusCode: Verify response status code successfully

2018-08-16 16:29:03 - [MESSAGE][PASSED] - Verify response status code successfully

2018-08-16 16:29:03 - [TEST_STEP][PASSED] - containsString: Check contain string successfully

2018-08-16 16:29:03 - [MESSAGE][PASSED] - Check contain string successfully

2018-08-16 16:29:03 - [TEST_STEP][PASSED] - Statement - return response: null

2018-08-16 16:29:03 - [MESSAGE][PASSED] - Call Test Case 'Test Cases/Library/Community/Create Community' successfully

2018-08-16 16:29:03 - [TEST_STEP][PASSED] - Statement - CommunityID = id: getAttributeValue.GetAttributeValue.GetAttribute is PASSED

2018-08-16 16:29:03 - [MESSAGE][PASSED] - getAttributeValue.GetAttributeValue.GetAttribute is PASSED

2018-08-16 16:29:03 - [TEST_STEP][PASSED] - verifyResponseStatusCode: Verify response status code successfully

2018-08-16 16:29:03 - [MESSAGE][PASSED] - Verify response status code successfully

2018-08-16 16:29:03 - [TEST_STEP][PASSED] - verifyElementPropertyValue: Verify element property value successfully

2018-08-16 16:29:03 - [MESSAGE][PASSED] - Verify element property value successfully

2018-08-16 16:29:03 - [TEST_STEP][PASSED] - verifyElementPropertyValue: Verify element property value successfully

2018-08-16 16:29:03 - [MESSAGE][PASSED] - Verify element property value successfully

2018-08-16 16:29:03 - [TEST_STEP][PASSED] - verifyElementPropertyValue: Verify element property value successfully

2018-08-16 16:29:03 - [MESSAGE][PASSED] - Verify element property value successfully

2018-08-16 16:29:03 - [TEST_STEP][PASSED] - verifyElementPropertyValue: Verify element property value successfully

2018-08-16 16:29:03 - [MESSAGE][PASSED] - Verify element property value successfully

2018-08-16 16:29:03 - [TEST_STEP][PASSED] - Statement - res = com.kms.katalon.core.webui.keyword.WebUiBuiltInKeywords.callTestCase(com.kms.katalon.core.testcase.TestCaseFactory.findTestCase(Library/Community/Delete Community), ["communityID":CommunityID], STOP_ON_FAILURE): Call Test Case 'Test Cases/Library/Community/Delete Community' successfully

2018-08-16 16:29:03 - [TEST_CASE][PASSED] - Test Cases/Library/Community/Delete Community: Test Cases/Library/Community/Delete Community

2018-08-16 16:29:03 - [TEST_STEP][PASSED] - Statement - deleteCommunity = com.kms.katalon.core.testobject.ObjectRepository.findTestObject(Community/Delete Community, [host:internal.GlobalVariable.g_URL, communityID:communityID]): Finding Test Object with id 'Object Repository/Community/Delete Community'

2018-08-16 16:29:03 - [TEST_STEP][PASSED] - Statement - deleteCommunity.setHttpHeaderProperties(CustomKeywords.requestHeaders.Headers.AddHeaders()): requestHeaders.Headers.AddHeaders is PASSED

2018-08-16 16:29:03 - [MESSAGE][PASSED] - requestHeaders.Headers.AddHeaders is PASSED

2018-08-16 16:29:03 - [TEST_STEP][PASSED] - Statement - deleteCommunityRes = com.kms.katalon.core.webservice.keyword.WSBuiltInKeywords.sendRequest(deleteCommunity): Send request successfully

2018-08-16 16:29:03 - [MESSAGE][PASSED] - Send request successfully

2018-08-16 16:29:03 - [TEST_STEP][PASSED] - verifyResponseStatusCode: Verify response status code successfully

2018-08-16 16:29:03 - [MESSAGE][PASSED] - Verify response status code successfully

2018-08-16 16:29:03 - [TEST_STEP][PASSED] - delay: Delayed 10 second(s)

2018-08-16 16:29:13 - [MESSAGE][PASSED] - Delayed 10 second(s)

2018-08-16 16:29:13 - [TEST_STEP][PASSED] - Statement - reqObj = new com.kms.katalon.core.testobject.RequestObject(): null

2018-08-16 16:29:13 - [TEST_STEP][PASSED] - Statement - reqObj.setHttpHeaderProperties(CustomKeywords.requestHeaders.Headers.AddHeaders()): requestHeaders.Headers.AddHeaders is PASSED

2018-08-16 16:29:13 - [MESSAGE][PASSED] - requestHeaders.Headers.AddHeaders is PASSED

2018-08-16 16:29:13 - [TEST_STEP][PASSED] - Statement - reqObj.setRestRequestMethod("GET"): null

2018-08-16 16:29:13 - [TEST_STEP][PASSED] - Statement - reqObj.setRestUrl(g_URL + "/Services/api/sumtSocial/communities/" + communityID): null

2018-08-16 16:29:13 - [TEST_STEP][PASSED] - Statement - getResponse = com.kms.katalon.core.webservice.keyword.WSBuiltInKeywords.sendRequest(reqObj): Send request successfully

2018-08-16 16:29:13 - [MESSAGE][PASSED] - Send request successfully

2018-08-16 16:29:13 - [TEST_STEP][PASSED] - verifyResponseStatusCode: Verify response status code successfully

2018-08-16 16:29:13 - [MESSAGE][PASSED] - Verify response status code successfully

2018-08-16 16:29:13 - [TEST_STEP][PASSED] - Statement - boolVal = getResponse.getResponseText().equalsIgnoreCase("null"): null

2018-08-16 16:29:13 - [TEST_STEP][PASSED] - Statement - return boolVal: null

2018-08-16 16:29:13 - [MESSAGE][PASSED] - Call Test Case 'Test Cases/Library/Community/Delete Community' successfully]]></system-out>
         <system-err><![CDATA[]]></system-err>
      </testcase>
      <testcase name="Test Cases/TestCases/MD-2552 AdhocCommunity_MOB-3482/TC_19771_19773Verify Configuring Ad Hoc Community with Enable Discussion Boards options" classname="Test Cases/TestCases/MD-2552 AdhocCommunity_MOB-3482/TC_19771_19773Verify Configuring Ad Hoc Community with Enable Discussion Boards options" status="PASSED">
         <system-out><![CDATA[2018-08-16 16:29:13 - [TEST_CASE][PASSED] - Test Cases/TestCases/MD-2552 AdhocCommunity_MOB-3482/TC_19771_19773Verify Configuring Ad Hoc Community with Enable Discussion Boards options: Test Cases/TestCases/MD-2552 AdhocCommunity_MOB-3482/TC_19771_19773Verify Configuring Ad Hoc Community with Enable Discussion Boards options

2018-08-16 16:29:13 - [TEST_STEP][PASSED] - Statement - data = com.kms.katalon.core.testdata.TestDataFactory.findTestData(TestData): Reading CSV file with source file 'comma', separator 'containing header' and '{2}'

2018-08-16 16:29:13 - [TEST_STEP][PASSED] - Statement - response = com.kms.katalon.core.webui.keyword.WebUiBuiltInKeywords.callTestCase(com.kms.katalon.core.testcase.TestCaseFactory.findTestCase(Library/Community/Create Community), ["communityName":data.getValue("CommunityName", 6), "CommunityDesc":data.getValue("CommunityDesc", 6), "allowDiscussionBoards":true, ... ], STOP_ON_FAILURE): Call Test Case 'Test Cases/Library/Community/Create Community' successfully

2018-08-16 16:29:13 - [TEST_CASE][PASSED] - Test Cases/Library/Community/Create Community: Test Cases/Library/Community/Create Community

2018-08-16 16:29:13 - [TEST_STEP][PASSED] - Statement - request = com.kms.katalon.core.testobject.ObjectRepository.findTestObject(Community/POST Create Community, [host:internal.GlobalVariable.g_URL]): Finding Test Object with id 'Object Repository/Community/POST Create Community'

2018-08-16 16:29:13 - [TEST_STEP][PASSED] - Statement - request.setHttpHeaderProperties(CustomKeywords.requestHeaders.Headers.AddHeaders()): requestHeaders.Headers.AddHeaders is PASSED

2018-08-16 16:29:13 - [MESSAGE][PASSED] - requestHeaders.Headers.AddHeaders is PASSED

2018-08-16 16:29:13 - [TEST_STEP][PASSED] - Statement - reponse = <not implemented yet for class: org.codehaus.groovy.ast.expr.EmptyExpression>: null

2018-08-16 16:29:13 - [TEST_STEP][PASSED] - Statement - vsRequestBody = "": null

2018-08-16 16:29:13 - [TEST_STEP][PASSED] - Statement - vsRequestBody = request.getHttpBody(): null

2018-08-16 16:29:13 - [TEST_STEP][PASSED] - Statement - vsRequestBody = vsRequestBody.replace("${CommunityName}", """ + communityName + """): null

2018-08-16 16:29:13 - [TEST_STEP][PASSED] - Statement - vsRequestBody = vsRequestBody.replace("${CommunityDesc}", """ + CommunityDesc + """): null

2018-08-16 16:29:13 - [TEST_STEP][PASSED] - Statement - vsRequestBody = vsRequestBody.replace("${allowDiscussionBoards}", """ + allowDiscussionBoards + """): null

2018-08-16 16:29:13 - [TEST_STEP][PASSED] - Statement - vsRequestBody = vsRequestBody.replace("${allowBlogPosts}", """ + allowBlogPosts + """): null

2018-08-16 16:29:13 - [TEST_STEP][PASSED] - Statement - vsRequestBody = vsRequestBody.replace("${allowFileUploads}", """ + allowFileUploads + """): null

2018-08-16 16:29:13 - [TEST_STEP][PASSED] - Statement - vsRequestBody = vsRequestBody.replace("${isPrivate}", """ + isPrivate + """): null

2018-08-16 16:29:13 - [TEST_STEP][PASSED] - Statement - vsRequestBody = vsRequestBody.replace("${userName}", """ + userName + """): null

2018-08-16 16:29:13 - [TEST_STEP][PASSED] - Statement - vsRequestBody = vsRequestBody.replace("${userId}", """ + userId + """): null

2018-08-16 16:29:13 - [TEST_STEP][PASSED] - Statement - vsRequestBody = vsRequestBody.replace("${role}", """ + role + """): null

2018-08-16 16:29:13 - [TEST_STEP][PASSED] - Statement - vsRequestBody = vsRequestBody.replace("${userStatus}", """ + userStatus + """): null

2018-08-16 16:29:13 - [TEST_STEP][PASSED] - Statement - vsRequestBody = vsRequestBody.replace("${communityCode}", """ + communityCode + """): null

2018-08-16 16:29:13 - [TEST_STEP][PASSED] - Statement - vsRequestBody = vsRequestBody.replace("${hidden}", """ + isHidden + """): null

2018-08-16 16:29:13 - [TEST_STEP][PASSED] - Statement - request.setHttpBody(vsRequestBody): null

2018-08-16 16:29:13 - [TEST_STEP][PASSED] - Statement - response = com.kms.katalon.core.webservice.keyword.WSBuiltInKeywords.sendRequest(request): Send request successfully

2018-08-16 16:29:13 - [MESSAGE][PASSED] - Send request successfully

2018-08-16 16:29:13 - [TEST_STEP][PASSED] - verifyResponseStatusCode: Verify response status code successfully

2018-08-16 16:29:13 - [MESSAGE][PASSED] - Verify response status code successfully

2018-08-16 16:29:13 - [TEST_STEP][PASSED] - containsString: Check contain string successfully

2018-08-16 16:29:13 - [MESSAGE][PASSED] - Check contain string successfully

2018-08-16 16:29:13 - [TEST_STEP][PASSED] - Statement - return response: null

2018-08-16 16:29:13 - [MESSAGE][PASSED] - Call Test Case 'Test Cases/Library/Community/Create Community' successfully

2018-08-16 16:29:13 - [TEST_STEP][PASSED] - Statement - CommunityID = id: getAttributeValue.GetAttributeValue.GetAttribute is PASSED

2018-08-16 16:29:13 - [MESSAGE][PASSED] - getAttributeValue.GetAttributeValue.GetAttribute is PASSED

2018-08-16 16:29:13 - [TEST_STEP][PASSED] - verifyResponseStatusCode: Verify response status code successfully

2018-08-16 16:29:13 - [MESSAGE][PASSED] - Verify response status code successfully

2018-08-16 16:29:13 - [TEST_STEP][PASSED] - verifyElementPropertyValue: Verify element property value successfully

2018-08-16 16:29:13 - [MESSAGE][PASSED] - Verify element property value successfully

2018-08-16 16:29:13 - [TEST_STEP][PASSED] - Statement - res = com.kms.katalon.core.webui.keyword.WebUiBuiltInKeywords.callTestCase(com.kms.katalon.core.testcase.TestCaseFactory.findTestCase(Library/Community/Delete Community), ["communityID":CommunityID], STOP_ON_FAILURE): Call Test Case 'Test Cases/Library/Community/Delete Community' successfully

2018-08-16 16:29:13 - [TEST_CASE][PASSED] - Test Cases/Library/Community/Delete Community: Test Cases/Library/Community/Delete Community

2018-08-16 16:29:13 - [TEST_STEP][PASSED] - Statement - deleteCommunity = com.kms.katalon.core.testobject.ObjectRepository.findTestObject(Community/Delete Community, [host:internal.GlobalVariable.g_URL, communityID:communityID]): Finding Test Object with id 'Object Repository/Community/Delete Community'

2018-08-16 16:29:13 - [TEST_STEP][PASSED] - Statement - deleteCommunity.setHttpHeaderProperties(CustomKeywords.requestHeaders.Headers.AddHeaders()): requestHeaders.Headers.AddHeaders is PASSED

2018-08-16 16:29:13 - [MESSAGE][PASSED] - requestHeaders.Headers.AddHeaders is PASSED

2018-08-16 16:29:13 - [TEST_STEP][PASSED] - Statement - deleteCommunityRes = com.kms.katalon.core.webservice.keyword.WSBuiltInKeywords.sendRequest(deleteCommunity): Send request successfully

2018-08-16 16:29:13 - [MESSAGE][PASSED] - Send request successfully

2018-08-16 16:29:13 - [TEST_STEP][PASSED] - verifyResponseStatusCode: Verify response status code successfully

2018-08-16 16:29:13 - [MESSAGE][PASSED] - Verify response status code successfully

2018-08-16 16:29:13 - [TEST_STEP][PASSED] - delay: Delayed 10 second(s)

2018-08-16 16:29:23 - [MESSAGE][PASSED] - Delayed 10 second(s)

2018-08-16 16:29:23 - [TEST_STEP][PASSED] - Statement - reqObj = new com.kms.katalon.core.testobject.RequestObject(): null

2018-08-16 16:29:23 - [TEST_STEP][PASSED] - Statement - reqObj.setHttpHeaderProperties(CustomKeywords.requestHeaders.Headers.AddHeaders()): requestHeaders.Headers.AddHeaders is PASSED

2018-08-16 16:29:23 - [MESSAGE][PASSED] - requestHeaders.Headers.AddHeaders is PASSED

2018-08-16 16:29:23 - [TEST_STEP][PASSED] - Statement - reqObj.setRestRequestMethod("GET"): null

2018-08-16 16:29:23 - [TEST_STEP][PASSED] - Statement - reqObj.setRestUrl(g_URL + "/Services/api/sumtSocial/communities/" + communityID): null

2018-08-16 16:29:23 - [TEST_STEP][PASSED] - Statement - getResponse = com.kms.katalon.core.webservice.keyword.WSBuiltInKeywords.sendRequest(reqObj): Send request successfully

2018-08-16 16:29:23 - [MESSAGE][PASSED] - Send request successfully

2018-08-16 16:29:23 - [TEST_STEP][PASSED] - verifyResponseStatusCode: Verify response status code successfully

2018-08-16 16:29:23 - [MESSAGE][PASSED] - Verify response status code successfully

2018-08-16 16:29:23 - [TEST_STEP][PASSED] - Statement - boolVal = getResponse.getResponseText().equalsIgnoreCase("null"): null

2018-08-16 16:29:23 - [TEST_STEP][PASSED] - Statement - return boolVal: null

2018-08-16 16:29:23 - [MESSAGE][PASSED] - Call Test Case 'Test Cases/Library/Community/Delete Community' successfully]]></system-out>
         <system-err><![CDATA[]]></system-err>
      </testcase>
      <testcase name="Test Cases/TestCases/MD-2552 AdhocCommunity_MOB-3482/TC_19774Verify Display of Community Content when Ad Hoc Community is configured with Enable Blog Posts" classname="Test Cases/TestCases/MD-2552 AdhocCommunity_MOB-3482/TC_19774Verify Display of Community Content when Ad Hoc Community is configured with Enable Blog Posts" status="PASSED">
         <system-out><![CDATA[2018-08-16 16:29:23 - [TEST_CASE][PASSED] - Test Cases/TestCases/MD-2552 AdhocCommunity_MOB-3482/TC_19774Verify Display of Community Content when Ad Hoc Community is configured with Enable Blog Posts: Test Cases/TestCases/MD-2552 AdhocCommunity_MOB-3482/TC_19774Verify Display of Community Content when Ad Hoc Community is configured with Enable Blog Posts

2018-08-16 16:29:23 - [TEST_STEP][PASSED] - Statement - data = com.kms.katalon.core.testdata.TestDataFactory.findTestData(TestData): Reading CSV file with source file 'comma', separator 'containing header' and '{2}'

2018-08-16 16:29:23 - [TEST_STEP][PASSED] - Statement - response = com.kms.katalon.core.webui.keyword.WebUiBuiltInKeywords.callTestCase(com.kms.katalon.core.testcase.TestCaseFactory.findTestCase(Library/Community/Create Community), ["communityName":data.getValue("CommunityName", 7), "CommunityDesc":data.getValue("CommunityDesc", 7), "allowDiscussionBoards":false, ... ], STOP_ON_FAILURE): Call Test Case 'Test Cases/Library/Community/Create Community' successfully

2018-08-16 16:29:24 - [TEST_CASE][PASSED] - Test Cases/Library/Community/Create Community: Test Cases/Library/Community/Create Community

2018-08-16 16:29:24 - [TEST_STEP][PASSED] - Statement - request = com.kms.katalon.core.testobject.ObjectRepository.findTestObject(Community/POST Create Community, [host:internal.GlobalVariable.g_URL]): Finding Test Object with id 'Object Repository/Community/POST Create Community'

2018-08-16 16:29:24 - [TEST_STEP][PASSED] - Statement - request.setHttpHeaderProperties(CustomKeywords.requestHeaders.Headers.AddHeaders()): requestHeaders.Headers.AddHeaders is PASSED

2018-08-16 16:29:24 - [MESSAGE][PASSED] - requestHeaders.Headers.AddHeaders is PASSED

2018-08-16 16:29:24 - [TEST_STEP][PASSED] - Statement - reponse = <not implemented yet for class: org.codehaus.groovy.ast.expr.EmptyExpression>: null

2018-08-16 16:29:24 - [TEST_STEP][PASSED] - Statement - vsRequestBody = "": null

2018-08-16 16:29:24 - [TEST_STEP][PASSED] - Statement - vsRequestBody = request.getHttpBody(): null

2018-08-16 16:29:24 - [TEST_STEP][PASSED] - Statement - vsRequestBody = vsRequestBody.replace("${CommunityName}", """ + communityName + """): null

2018-08-16 16:29:24 - [TEST_STEP][PASSED] - Statement - vsRequestBody = vsRequestBody.replace("${CommunityDesc}", """ + CommunityDesc + """): null

2018-08-16 16:29:24 - [TEST_STEP][PASSED] - Statement - vsRequestBody = vsRequestBody.replace("${allowDiscussionBoards}", """ + allowDiscussionBoards + """): null

2018-08-16 16:29:24 - [TEST_STEP][PASSED] - Statement - vsRequestBody = vsRequestBody.replace("${allowBlogPosts}", """ + allowBlogPosts + """): null

2018-08-16 16:29:24 - [TEST_STEP][PASSED] - Statement - vsRequestBody = vsRequestBody.replace("${allowFileUploads}", """ + allowFileUploads + """): null

2018-08-16 16:29:24 - [TEST_STEP][PASSED] - Statement - vsRequestBody = vsRequestBody.replace("${isPrivate}", """ + isPrivate + """): null

2018-08-16 16:29:24 - [TEST_STEP][PASSED] - Statement - vsRequestBody = vsRequestBody.replace("${userName}", """ + userName + """): null

2018-08-16 16:29:24 - [TEST_STEP][PASSED] - Statement - vsRequestBody = vsRequestBody.replace("${userId}", """ + userId + """): null

2018-08-16 16:29:24 - [TEST_STEP][PASSED] - Statement - vsRequestBody = vsRequestBody.replace("${role}", """ + role + """): null

2018-08-16 16:29:24 - [TEST_STEP][PASSED] - Statement - vsRequestBody = vsRequestBody.replace("${userStatus}", """ + userStatus + """): null

2018-08-16 16:29:24 - [TEST_STEP][PASSED] - Statement - vsRequestBody = vsRequestBody.replace("${communityCode}", """ + communityCode + """): null

2018-08-16 16:29:24 - [TEST_STEP][PASSED] - Statement - vsRequestBody = vsRequestBody.replace("${hidden}", """ + isHidden + """): null

2018-08-16 16:29:24 - [TEST_STEP][PASSED] - Statement - request.setHttpBody(vsRequestBody): null

2018-08-16 16:29:24 - [TEST_STEP][PASSED] - Statement - response = com.kms.katalon.core.webservice.keyword.WSBuiltInKeywords.sendRequest(request): Send request successfully

2018-08-16 16:29:24 - [MESSAGE][PASSED] - Send request successfully

2018-08-16 16:29:24 - [TEST_STEP][PASSED] - verifyResponseStatusCode: Verify response status code successfully

2018-08-16 16:29:24 - [MESSAGE][PASSED] - Verify response status code successfully

2018-08-16 16:29:24 - [TEST_STEP][PASSED] - containsString: Check contain string successfully

2018-08-16 16:29:24 - [MESSAGE][PASSED] - Check contain string successfully

2018-08-16 16:29:24 - [TEST_STEP][PASSED] - Statement - return response: null

2018-08-16 16:29:24 - [MESSAGE][PASSED] - Call Test Case 'Test Cases/Library/Community/Create Community' successfully

2018-08-16 16:29:24 - [TEST_STEP][PASSED] - Statement - CommunityID = id: getAttributeValue.GetAttributeValue.GetAttribute is PASSED

2018-08-16 16:29:24 - [MESSAGE][PASSED] - getAttributeValue.GetAttributeValue.GetAttribute is PASSED

2018-08-16 16:29:24 - [TEST_STEP][PASSED] - verifyResponseStatusCode: Verify response status code successfully

2018-08-16 16:29:24 - [MESSAGE][PASSED] - Verify response status code successfully

2018-08-16 16:29:24 - [TEST_STEP][PASSED] - verifyElementPropertyValue: Verify element property value successfully

2018-08-16 16:29:24 - [MESSAGE][PASSED] - Verify element property value successfully

2018-08-16 16:29:24 - [TEST_STEP][PASSED] - verifyElementPropertyValue: Verify element property value successfully

2018-08-16 16:29:24 - [MESSAGE][PASSED] - Verify element property value successfully

2018-08-16 16:29:24 - [TEST_STEP][PASSED] - verifyElementPropertyValue: Verify element property value successfully

2018-08-16 16:29:24 - [MESSAGE][PASSED] - Verify element property value successfully

2018-08-16 16:29:24 - [TEST_STEP][PASSED] - verifyElementPropertyValue: Verify element property value successfully

2018-08-16 16:29:24 - [MESSAGE][PASSED] - Verify element property value successfully

2018-08-16 16:29:24 - [TEST_STEP][PASSED] - Statement - res = com.kms.katalon.core.webui.keyword.WebUiBuiltInKeywords.callTestCase(com.kms.katalon.core.testcase.TestCaseFactory.findTestCase(Library/Community/Delete Community), ["communityID":CommunityID], STOP_ON_FAILURE): Call Test Case 'Test Cases/Library/Community/Delete Community' successfully

2018-08-16 16:29:24 - [TEST_CASE][PASSED] - Test Cases/Library/Community/Delete Community: Test Cases/Library/Community/Delete Community

2018-08-16 16:29:24 - [TEST_STEP][PASSED] - Statement - deleteCommunity = com.kms.katalon.core.testobject.ObjectRepository.findTestObject(Community/Delete Community, [host:internal.GlobalVariable.g_URL, communityID:communityID]): Finding Test Object with id 'Object Repository/Community/Delete Community'

2018-08-16 16:29:24 - [TEST_STEP][PASSED] - Statement - deleteCommunity.setHttpHeaderProperties(CustomKeywords.requestHeaders.Headers.AddHeaders()): requestHeaders.Headers.AddHeaders is PASSED

2018-08-16 16:29:24 - [MESSAGE][PASSED] - requestHeaders.Headers.AddHeaders is PASSED

2018-08-16 16:29:24 - [TEST_STEP][PASSED] - Statement - deleteCommunityRes = com.kms.katalon.core.webservice.keyword.WSBuiltInKeywords.sendRequest(deleteCommunity): Send request successfully

2018-08-16 16:29:24 - [MESSAGE][PASSED] - Send request successfully

2018-08-16 16:29:24 - [TEST_STEP][PASSED] - verifyResponseStatusCode: Verify response status code successfully

2018-08-16 16:29:24 - [MESSAGE][PASSED] - Verify response status code successfully

2018-08-16 16:29:24 - [TEST_STEP][PASSED] - delay: Delayed 10 second(s)

2018-08-16 16:29:34 - [MESSAGE][PASSED] - Delayed 10 second(s)

2018-08-16 16:29:34 - [TEST_STEP][PASSED] - Statement - reqObj = new com.kms.katalon.core.testobject.RequestObject(): null

2018-08-16 16:29:34 - [TEST_STEP][PASSED] - Statement - reqObj.setHttpHeaderProperties(CustomKeywords.requestHeaders.Headers.AddHeaders()): requestHeaders.Headers.AddHeaders is PASSED

2018-08-16 16:29:34 - [MESSAGE][PASSED] - requestHeaders.Headers.AddHeaders is PASSED

2018-08-16 16:29:34 - [TEST_STEP][PASSED] - Statement - reqObj.setRestRequestMethod("GET"): null

2018-08-16 16:29:34 - [TEST_STEP][PASSED] - Statement - reqObj.setRestUrl(g_URL + "/Services/api/sumtSocial/communities/" + communityID): null

2018-08-16 16:29:34 - [TEST_STEP][PASSED] - Statement - getResponse = com.kms.katalon.core.webservice.keyword.WSBuiltInKeywords.sendRequest(reqObj): Send request successfully

2018-08-16 16:29:34 - [MESSAGE][PASSED] - Send request successfully

2018-08-16 16:29:34 - [TEST_STEP][PASSED] - verifyResponseStatusCode: Verify response status code successfully

2018-08-16 16:29:34 - [MESSAGE][PASSED] - Verify response status code successfully

2018-08-16 16:29:34 - [TEST_STEP][PASSED] - Statement - boolVal = getResponse.getResponseText().equalsIgnoreCase("null"): null

2018-08-16 16:29:34 - [TEST_STEP][PASSED] - Statement - return boolVal: null

2018-08-16 16:29:34 - [MESSAGE][PASSED] - Call Test Case 'Test Cases/Library/Community/Delete Community' successfully]]></system-out>
         <system-err><![CDATA[]]></system-err>
      </testcase>
      <testcase name="Test Cases/TestCases/MD-2552 AdhocCommunity_MOB-3482/TC_19775Verify Configuring Ad Hoc Community with Enable Blog Posts options" classname="Test Cases/TestCases/MD-2552 AdhocCommunity_MOB-3482/TC_19775Verify Configuring Ad Hoc Community with Enable Blog Posts options" status="PASSED">
         <system-out><![CDATA[2018-08-16 16:29:34 - [TEST_CASE][PASSED] - Test Cases/TestCases/MD-2552 AdhocCommunity_MOB-3482/TC_19775Verify Configuring Ad Hoc Community with Enable Blog Posts options: Test Cases/TestCases/MD-2552 AdhocCommunity_MOB-3482/TC_19775Verify Configuring Ad Hoc Community with Enable Blog Posts options

2018-08-16 16:29:34 - [TEST_STEP][PASSED] - Statement - data = com.kms.katalon.core.testdata.TestDataFactory.findTestData(TestData): Reading CSV file with source file 'comma', separator 'containing header' and '{2}'

2018-08-16 16:29:34 - [TEST_STEP][PASSED] - Statement - response = com.kms.katalon.core.webui.keyword.WebUiBuiltInKeywords.callTestCase(com.kms.katalon.core.testcase.TestCaseFactory.findTestCase(Library/Community/Create Community), ["communityName":data.getValue("CommunityName", 8), "CommunityDesc":data.getValue("CommunityDesc", 8), "allowDiscussionBoards":false, ... ], STOP_ON_FAILURE): Call Test Case 'Test Cases/Library/Community/Create Community' successfully

2018-08-16 16:29:34 - [TEST_CASE][PASSED] - Test Cases/Library/Community/Create Community: Test Cases/Library/Community/Create Community

2018-08-16 16:29:34 - [TEST_STEP][PASSED] - Statement - request = com.kms.katalon.core.testobject.ObjectRepository.findTestObject(Community/POST Create Community, [host:internal.GlobalVariable.g_URL]): Finding Test Object with id 'Object Repository/Community/POST Create Community'

2018-08-16 16:29:34 - [TEST_STEP][PASSED] - Statement - request.setHttpHeaderProperties(CustomKeywords.requestHeaders.Headers.AddHeaders()): requestHeaders.Headers.AddHeaders is PASSED

2018-08-16 16:29:34 - [MESSAGE][PASSED] - requestHeaders.Headers.AddHeaders is PASSED

2018-08-16 16:29:34 - [TEST_STEP][PASSED] - Statement - reponse = <not implemented yet for class: org.codehaus.groovy.ast.expr.EmptyExpression>: null

2018-08-16 16:29:34 - [TEST_STEP][PASSED] - Statement - vsRequestBody = "": null

2018-08-16 16:29:34 - [TEST_STEP][PASSED] - Statement - vsRequestBody = request.getHttpBody(): null

2018-08-16 16:29:34 - [TEST_STEP][PASSED] - Statement - vsRequestBody = vsRequestBody.replace("${CommunityName}", """ + communityName + """): null

2018-08-16 16:29:34 - [TEST_STEP][PASSED] - Statement - vsRequestBody = vsRequestBody.replace("${CommunityDesc}", """ + CommunityDesc + """): null

2018-08-16 16:29:34 - [TEST_STEP][PASSED] - Statement - vsRequestBody = vsRequestBody.replace("${allowDiscussionBoards}", """ + allowDiscussionBoards + """): null

2018-08-16 16:29:34 - [TEST_STEP][PASSED] - Statement - vsRequestBody = vsRequestBody.replace("${allowBlogPosts}", """ + allowBlogPosts + """): null

2018-08-16 16:29:34 - [TEST_STEP][PASSED] - Statement - vsRequestBody = vsRequestBody.replace("${allowFileUploads}", """ + allowFileUploads + """): null

2018-08-16 16:29:34 - [TEST_STEP][PASSED] - Statement - vsRequestBody = vsRequestBody.replace("${isPrivate}", """ + isPrivate + """): null

2018-08-16 16:29:34 - [TEST_STEP][PASSED] - Statement - vsRequestBody = vsRequestBody.replace("${userName}", """ + userName + """): null

2018-08-16 16:29:34 - [TEST_STEP][PASSED] - Statement - vsRequestBody = vsRequestBody.replace("${userId}", """ + userId + """): null

2018-08-16 16:29:34 - [TEST_STEP][PASSED] - Statement - vsRequestBody = vsRequestBody.replace("${role}", """ + role + """): null

2018-08-16 16:29:34 - [TEST_STEP][PASSED] - Statement - vsRequestBody = vsRequestBody.replace("${userStatus}", """ + userStatus + """): null

2018-08-16 16:29:34 - [TEST_STEP][PASSED] - Statement - vsRequestBody = vsRequestBody.replace("${communityCode}", """ + communityCode + """): null

2018-08-16 16:29:34 - [TEST_STEP][PASSED] - Statement - vsRequestBody = vsRequestBody.replace("${hidden}", """ + isHidden + """): null

2018-08-16 16:29:34 - [TEST_STEP][PASSED] - Statement - request.setHttpBody(vsRequestBody): null

2018-08-16 16:29:34 - [TEST_STEP][PASSED] - Statement - response = com.kms.katalon.core.webservice.keyword.WSBuiltInKeywords.sendRequest(request): Send request successfully

2018-08-16 16:29:34 - [MESSAGE][PASSED] - Send request successfully

2018-08-16 16:29:34 - [TEST_STEP][PASSED] - verifyResponseStatusCode: Verify response status code successfully

2018-08-16 16:29:34 - [MESSAGE][PASSED] - Verify response status code successfully

2018-08-16 16:29:34 - [TEST_STEP][PASSED] - containsString: Check contain string successfully

2018-08-16 16:29:34 - [MESSAGE][PASSED] - Check contain string successfully

2018-08-16 16:29:34 - [TEST_STEP][PASSED] - Statement - return response: null

2018-08-16 16:29:34 - [MESSAGE][PASSED] - Call Test Case 'Test Cases/Library/Community/Create Community' successfully

2018-08-16 16:29:34 - [TEST_STEP][PASSED] - Statement - CommunityID = id: getAttributeValue.GetAttributeValue.GetAttribute is PASSED

2018-08-16 16:29:34 - [MESSAGE][PASSED] - getAttributeValue.GetAttributeValue.GetAttribute is PASSED

2018-08-16 16:29:34 - [TEST_STEP][PASSED] - verifyResponseStatusCode: Verify response status code successfully

2018-08-16 16:29:34 - [MESSAGE][PASSED] - Verify response status code successfully

2018-08-16 16:29:34 - [TEST_STEP][PASSED] - verifyElementPropertyValue: Verify element property value successfully

2018-08-16 16:29:34 - [MESSAGE][PASSED] - Verify element property value successfully

2018-08-16 16:29:34 - [TEST_STEP][PASSED] - Statement - res = com.kms.katalon.core.webui.keyword.WebUiBuiltInKeywords.callTestCase(com.kms.katalon.core.testcase.TestCaseFactory.findTestCase(Library/Community/Delete Community), ["communityID":CommunityID], STOP_ON_FAILURE): Call Test Case 'Test Cases/Library/Community/Delete Community' successfully

2018-08-16 16:29:34 - [TEST_CASE][PASSED] - Test Cases/Library/Community/Delete Community: Test Cases/Library/Community/Delete Community

2018-08-16 16:29:34 - [TEST_STEP][PASSED] - Statement - deleteCommunity = com.kms.katalon.core.testobject.ObjectRepository.findTestObject(Community/Delete Community, [host:internal.GlobalVariable.g_URL, communityID:communityID]): Finding Test Object with id 'Object Repository/Community/Delete Community'

2018-08-16 16:29:34 - [TEST_STEP][PASSED] - Statement - deleteCommunity.setHttpHeaderProperties(CustomKeywords.requestHeaders.Headers.AddHeaders()): requestHeaders.Headers.AddHeaders is PASSED

2018-08-16 16:29:34 - [MESSAGE][PASSED] - requestHeaders.Headers.AddHeaders is PASSED

2018-08-16 16:29:34 - [TEST_STEP][PASSED] - Statement - deleteCommunityRes = com.kms.katalon.core.webservice.keyword.WSBuiltInKeywords.sendRequest(deleteCommunity): Send request successfully

2018-08-16 16:29:34 - [MESSAGE][PASSED] - Send request successfully

2018-08-16 16:29:34 - [TEST_STEP][PASSED] - verifyResponseStatusCode: Verify response status code successfully

2018-08-16 16:29:34 - [MESSAGE][PASSED] - Verify response status code successfully

2018-08-16 16:29:34 - [TEST_STEP][PASSED] - delay: Delayed 10 second(s)

2018-08-16 16:29:44 - [MESSAGE][PASSED] - Delayed 10 second(s)

2018-08-16 16:29:44 - [TEST_STEP][PASSED] - Statement - reqObj = new com.kms.katalon.core.testobject.RequestObject(): null

2018-08-16 16:29:44 - [TEST_STEP][PASSED] - Statement - reqObj.setHttpHeaderProperties(CustomKeywords.requestHeaders.Headers.AddHeaders()): requestHeaders.Headers.AddHeaders is PASSED

2018-08-16 16:29:44 - [MESSAGE][PASSED] - requestHeaders.Headers.AddHeaders is PASSED

2018-08-16 16:29:44 - [TEST_STEP][PASSED] - Statement - reqObj.setRestRequestMethod("GET"): null

2018-08-16 16:29:44 - [TEST_STEP][PASSED] - Statement - reqObj.setRestUrl(g_URL + "/Services/api/sumtSocial/communities/" + communityID): null

2018-08-16 16:29:44 - [TEST_STEP][PASSED] - Statement - getResponse = com.kms.katalon.core.webservice.keyword.WSBuiltInKeywords.sendRequest(reqObj): Send request successfully

2018-08-16 16:29:44 - [MESSAGE][PASSED] - Send request successfully

2018-08-16 16:29:44 - [TEST_STEP][PASSED] - verifyResponseStatusCode: Verify response status code successfully

2018-08-16 16:29:44 - [MESSAGE][PASSED] - Verify response status code successfully

2018-08-16 16:29:44 - [TEST_STEP][PASSED] - Statement - boolVal = getResponse.getResponseText().equalsIgnoreCase("null"): null

2018-08-16 16:29:44 - [TEST_STEP][PASSED] - Statement - return boolVal: null

2018-08-16 16:29:44 - [MESSAGE][PASSED] - Call Test Case 'Test Cases/Library/Community/Delete Community' successfully]]></system-out>
         <system-err><![CDATA[]]></system-err>
      </testcase>
      <testcase name="Test Cases/TestCases/MD-2552 AdhocCommunity_MOB-3482/TC_19779Verify Display of Community Content when Ad Hoc Community is configured with Allow File Uploads" classname="Test Cases/TestCases/MD-2552 AdhocCommunity_MOB-3482/TC_19779Verify Display of Community Content when Ad Hoc Community is configured with Allow File Uploads" status="PASSED">
         <system-out><![CDATA[2018-08-16 16:29:44 - [TEST_CASE][PASSED] - Test Cases/TestCases/MD-2552 AdhocCommunity_MOB-3482/TC_19779Verify Display of Community Content when Ad Hoc Community is configured with Allow File Uploads: Test Cases/TestCases/MD-2552 AdhocCommunity_MOB-3482/TC_19779Verify Display of Community Content when Ad Hoc Community is configured with Allow File Uploads

2018-08-16 16:29:45 - [TEST_STEP][PASSED] - Statement - data = com.kms.katalon.core.testdata.TestDataFactory.findTestData(TestData): Reading CSV file with source file 'comma', separator 'containing header' and '{2}'

2018-08-16 16:29:45 - [TEST_STEP][PASSED] - Statement - response = com.kms.katalon.core.webui.keyword.WebUiBuiltInKeywords.callTestCase(com.kms.katalon.core.testcase.TestCaseFactory.findTestCase(Library/Community/Create Community), ["communityName":data.getValue("CommunityName", 9), "CommunityDesc":data.getValue("CommunityDesc", 9), "allowDiscussionBoards":false, ... ], STOP_ON_FAILURE): Call Test Case 'Test Cases/Library/Community/Create Community' successfully

2018-08-16 16:29:45 - [TEST_CASE][PASSED] - Test Cases/Library/Community/Create Community: Test Cases/Library/Community/Create Community

2018-08-16 16:29:45 - [TEST_STEP][PASSED] - Statement - request = com.kms.katalon.core.testobject.ObjectRepository.findTestObject(Community/POST Create Community, [host:internal.GlobalVariable.g_URL]): Finding Test Object with id 'Object Repository/Community/POST Create Community'

2018-08-16 16:29:45 - [TEST_STEP][PASSED] - Statement - request.setHttpHeaderProperties(CustomKeywords.requestHeaders.Headers.AddHeaders()): requestHeaders.Headers.AddHeaders is PASSED

2018-08-16 16:29:45 - [MESSAGE][PASSED] - requestHeaders.Headers.AddHeaders is PASSED

2018-08-16 16:29:45 - [TEST_STEP][PASSED] - Statement - reponse = <not implemented yet for class: org.codehaus.groovy.ast.expr.EmptyExpression>: null

2018-08-16 16:29:45 - [TEST_STEP][PASSED] - Statement - vsRequestBody = "": null

2018-08-16 16:29:45 - [TEST_STEP][PASSED] - Statement - vsRequestBody = request.getHttpBody(): null

2018-08-16 16:29:45 - [TEST_STEP][PASSED] - Statement - vsRequestBody = vsRequestBody.replace("${CommunityName}", """ + communityName + """): null

2018-08-16 16:29:45 - [TEST_STEP][PASSED] - Statement - vsRequestBody = vsRequestBody.replace("${CommunityDesc}", """ + CommunityDesc + """): null

2018-08-16 16:29:45 - [TEST_STEP][PASSED] - Statement - vsRequestBody = vsRequestBody.replace("${allowDiscussionBoards}", """ + allowDiscussionBoards + """): null

2018-08-16 16:29:45 - [TEST_STEP][PASSED] - Statement - vsRequestBody = vsRequestBody.replace("${allowBlogPosts}", """ + allowBlogPosts + """): null

2018-08-16 16:29:45 - [TEST_STEP][PASSED] - Statement - vsRequestBody = vsRequestBody.replace("${allowFileUploads}", """ + allowFileUploads + """): null

2018-08-16 16:29:45 - [TEST_STEP][PASSED] - Statement - vsRequestBody = vsRequestBody.replace("${isPrivate}", """ + isPrivate + """): null

2018-08-16 16:29:45 - [TEST_STEP][PASSED] - Statement - vsRequestBody = vsRequestBody.replace("${userName}", """ + userName + """): null

2018-08-16 16:29:45 - [TEST_STEP][PASSED] - Statement - vsRequestBody = vsRequestBody.replace("${userId}", """ + userId + """): null

2018-08-16 16:29:45 - [TEST_STEP][PASSED] - Statement - vsRequestBody = vsRequestBody.replace("${role}", """ + role + """): null

2018-08-16 16:29:45 - [TEST_STEP][PASSED] - Statement - vsRequestBody = vsRequestBody.replace("${userStatus}", """ + userStatus + """): null

2018-08-16 16:29:45 - [TEST_STEP][PASSED] - Statement - vsRequestBody = vsRequestBody.replace("${communityCode}", """ + communityCode + """): null

2018-08-16 16:29:45 - [TEST_STEP][PASSED] - Statement - vsRequestBody = vsRequestBody.replace("${hidden}", """ + isHidden + """): null

2018-08-16 16:29:45 - [TEST_STEP][PASSED] - Statement - request.setHttpBody(vsRequestBody): null

2018-08-16 16:29:45 - [TEST_STEP][PASSED] - Statement - response = com.kms.katalon.core.webservice.keyword.WSBuiltInKeywords.sendRequest(request): Send request successfully

2018-08-16 16:29:45 - [MESSAGE][PASSED] - Send request successfully

2018-08-16 16:29:45 - [TEST_STEP][PASSED] - verifyResponseStatusCode: Verify response status code successfully

2018-08-16 16:29:45 - [MESSAGE][PASSED] - Verify response status code successfully

2018-08-16 16:29:45 - [TEST_STEP][PASSED] - containsString: Check contain string successfully

2018-08-16 16:29:45 - [MESSAGE][PASSED] - Check contain string successfully

2018-08-16 16:29:45 - [TEST_STEP][PASSED] - Statement - return response: null

2018-08-16 16:29:45 - [MESSAGE][PASSED] - Call Test Case 'Test Cases/Library/Community/Create Community' successfully

2018-08-16 16:29:45 - [TEST_STEP][PASSED] - Statement - CommunityID = id: getAttributeValue.GetAttributeValue.GetAttribute is PASSED

2018-08-16 16:29:45 - [MESSAGE][PASSED] - getAttributeValue.GetAttributeValue.GetAttribute is PASSED

2018-08-16 16:29:45 - [TEST_STEP][PASSED] - verifyResponseStatusCode: Verify response status code successfully

2018-08-16 16:29:45 - [MESSAGE][PASSED] - Verify response status code successfully

2018-08-16 16:29:45 - [TEST_STEP][PASSED] - verifyElementPropertyValue: Verify element property value successfully

2018-08-16 16:29:45 - [MESSAGE][PASSED] - Verify element property value successfully

2018-08-16 16:29:45 - [TEST_STEP][PASSED] - verifyElementPropertyValue: Verify element property value successfully

2018-08-16 16:29:45 - [MESSAGE][PASSED] - Verify element property value successfully

2018-08-16 16:29:45 - [TEST_STEP][PASSED] - verifyElementPropertyValue: Verify element property value successfully

2018-08-16 16:29:45 - [MESSAGE][PASSED] - Verify element property value successfully

2018-08-16 16:29:45 - [TEST_STEP][PASSED] - verifyElementPropertyValue: Verify element property value successfully

2018-08-16 16:29:45 - [MESSAGE][PASSED] - Verify element property value successfully

2018-08-16 16:29:45 - [TEST_STEP][PASSED] - Statement - res = com.kms.katalon.core.webui.keyword.WebUiBuiltInKeywords.callTestCase(com.kms.katalon.core.testcase.TestCaseFactory.findTestCase(Library/Community/Delete Community), ["communityID":CommunityID], STOP_ON_FAILURE): Call Test Case 'Test Cases/Library/Community/Delete Community' successfully

2018-08-16 16:29:45 - [TEST_CASE][PASSED] - Test Cases/Library/Community/Delete Community: Test Cases/Library/Community/Delete Community

2018-08-16 16:29:45 - [TEST_STEP][PASSED] - Statement - deleteCommunity = com.kms.katalon.core.testobject.ObjectRepository.findTestObject(Community/Delete Community, [host:internal.GlobalVariable.g_URL, communityID:communityID]): Finding Test Object with id 'Object Repository/Community/Delete Community'

2018-08-16 16:29:45 - [TEST_STEP][PASSED] - Statement - deleteCommunity.setHttpHeaderProperties(CustomKeywords.requestHeaders.Headers.AddHeaders()): requestHeaders.Headers.AddHeaders is PASSED

2018-08-16 16:29:45 - [MESSAGE][PASSED] - requestHeaders.Headers.AddHeaders is PASSED

2018-08-16 16:29:45 - [TEST_STEP][PASSED] - Statement - deleteCommunityRes = com.kms.katalon.core.webservice.keyword.WSBuiltInKeywords.sendRequest(deleteCommunity): Send request successfully

2018-08-16 16:29:45 - [MESSAGE][PASSED] - Send request successfully

2018-08-16 16:29:45 - [TEST_STEP][PASSED] - verifyResponseStatusCode: Verify response status code successfully

2018-08-16 16:29:45 - [MESSAGE][PASSED] - Verify response status code successfully

2018-08-16 16:29:45 - [TEST_STEP][PASSED] - delay: Delayed 10 second(s)

2018-08-16 16:29:55 - [MESSAGE][PASSED] - Delayed 10 second(s)

2018-08-16 16:29:55 - [TEST_STEP][PASSED] - Statement - reqObj = new com.kms.katalon.core.testobject.RequestObject(): null

2018-08-16 16:29:55 - [TEST_STEP][PASSED] - Statement - reqObj.setHttpHeaderProperties(CustomKeywords.requestHeaders.Headers.AddHeaders()): requestHeaders.Headers.AddHeaders is PASSED

2018-08-16 16:29:55 - [MESSAGE][PASSED] - requestHeaders.Headers.AddHeaders is PASSED

2018-08-16 16:29:55 - [TEST_STEP][PASSED] - Statement - reqObj.setRestRequestMethod("GET"): null

2018-08-16 16:29:55 - [TEST_STEP][PASSED] - Statement - reqObj.setRestUrl(g_URL + "/Services/api/sumtSocial/communities/" + communityID): null

2018-08-16 16:29:55 - [TEST_STEP][PASSED] - Statement - getResponse = com.kms.katalon.core.webservice.keyword.WSBuiltInKeywords.sendRequest(reqObj): Send request successfully

2018-08-16 16:29:55 - [MESSAGE][PASSED] - Send request successfully

2018-08-16 16:29:55 - [TEST_STEP][PASSED] - verifyResponseStatusCode: Verify response status code successfully

2018-08-16 16:29:55 - [MESSAGE][PASSED] - Verify response status code successfully

2018-08-16 16:29:55 - [TEST_STEP][PASSED] - Statement - boolVal = getResponse.getResponseText().equalsIgnoreCase("null"): null

2018-08-16 16:29:55 - [TEST_STEP][PASSED] - Statement - return boolVal: null

2018-08-16 16:29:55 - [MESSAGE][PASSED] - Call Test Case 'Test Cases/Library/Community/Delete Community' successfully]]></system-out>
         <system-err><![CDATA[]]></system-err>
      </testcase>
      <testcase name="Test Cases/TestCases/MD-2552 AdhocCommunity_MOB-3482/TC_19780Verify Display of Community  configured with Enable Discussion Boards and Enable Blog Posts" classname="Test Cases/TestCases/MD-2552 AdhocCommunity_MOB-3482/TC_19780Verify Display of Community  configured with Enable Discussion Boards and Enable Blog Posts" status="PASSED">
         <system-out><![CDATA[2018-08-16 16:29:55 - [TEST_CASE][PASSED] - Test Cases/TestCases/MD-2552 AdhocCommunity_MOB-3482/TC_19780Verify Display of Community  configured with Enable Discussion Boards and Enable Blog Posts: Test Cases/TestCases/MD-2552 AdhocCommunity_MOB-3482/TC_19780Verify Display of Community  configured with Enable Discussion Boards and Enable Blog Posts

2018-08-16 16:29:55 - [TEST_STEP][PASSED] - Statement - data = com.kms.katalon.core.testdata.TestDataFactory.findTestData(TestData): Reading CSV file with source file 'comma', separator 'containing header' and '{2}'

2018-08-16 16:29:55 - [TEST_STEP][PASSED] - Statement - response = com.kms.katalon.core.webui.keyword.WebUiBuiltInKeywords.callTestCase(com.kms.katalon.core.testcase.TestCaseFactory.findTestCase(Library/Community/Create Community), ["communityName":data.getValue("CommunityName", 10), "CommunityDesc":data.getValue("CommunityDesc", 10), "allowDiscussionBoards":true, ... ], STOP_ON_FAILURE): Call Test Case 'Test Cases/Library/Community/Create Community' successfully

2018-08-16 16:29:55 - [TEST_CASE][PASSED] - Test Cases/Library/Community/Create Community: Test Cases/Library/Community/Create Community

2018-08-16 16:29:55 - [TEST_STEP][PASSED] - Statement - request = com.kms.katalon.core.testobject.ObjectRepository.findTestObject(Community/POST Create Community, [host:internal.GlobalVariable.g_URL]): Finding Test Object with id 'Object Repository/Community/POST Create Community'

2018-08-16 16:29:55 - [TEST_STEP][PASSED] - Statement - request.setHttpHeaderProperties(CustomKeywords.requestHeaders.Headers.AddHeaders()): requestHeaders.Headers.AddHeaders is PASSED

2018-08-16 16:29:55 - [MESSAGE][PASSED] - requestHeaders.Headers.AddHeaders is PASSED

2018-08-16 16:29:55 - [TEST_STEP][PASSED] - Statement - reponse = <not implemented yet for class: org.codehaus.groovy.ast.expr.EmptyExpression>: null

2018-08-16 16:29:55 - [TEST_STEP][PASSED] - Statement - vsRequestBody = "": null

2018-08-16 16:29:55 - [TEST_STEP][PASSED] - Statement - vsRequestBody = request.getHttpBody(): null

2018-08-16 16:29:55 - [TEST_STEP][PASSED] - Statement - vsRequestBody = vsRequestBody.replace("${CommunityName}", """ + communityName + """): null

2018-08-16 16:29:55 - [TEST_STEP][PASSED] - Statement - vsRequestBody = vsRequestBody.replace("${CommunityDesc}", """ + CommunityDesc + """): null

2018-08-16 16:29:55 - [TEST_STEP][PASSED] - Statement - vsRequestBody = vsRequestBody.replace("${allowDiscussionBoards}", """ + allowDiscussionBoards + """): null

2018-08-16 16:29:55 - [TEST_STEP][PASSED] - Statement - vsRequestBody = vsRequestBody.replace("${allowBlogPosts}", """ + allowBlogPosts + """): null

2018-08-16 16:29:55 - [TEST_STEP][PASSED] - Statement - vsRequestBody = vsRequestBody.replace("${allowFileUploads}", """ + allowFileUploads + """): null

2018-08-16 16:29:55 - [TEST_STEP][PASSED] - Statement - vsRequestBody = vsRequestBody.replace("${isPrivate}", """ + isPrivate + """): null

2018-08-16 16:29:55 - [TEST_STEP][PASSED] - Statement - vsRequestBody = vsRequestBody.replace("${userName}", """ + userName + """): null

2018-08-16 16:29:55 - [TEST_STEP][PASSED] - Statement - vsRequestBody = vsRequestBody.replace("${userId}", """ + userId + """): null

2018-08-16 16:29:55 - [TEST_STEP][PASSED] - Statement - vsRequestBody = vsRequestBody.replace("${role}", """ + role + """): null

2018-08-16 16:29:55 - [TEST_STEP][PASSED] - Statement - vsRequestBody = vsRequestBody.replace("${userStatus}", """ + userStatus + """): null

2018-08-16 16:29:55 - [TEST_STEP][PASSED] - Statement - vsRequestBody = vsRequestBody.replace("${communityCode}", """ + communityCode + """): null

2018-08-16 16:29:55 - [TEST_STEP][PASSED] - Statement - vsRequestBody = vsRequestBody.replace("${hidden}", """ + isHidden + """): null

2018-08-16 16:29:55 - [TEST_STEP][PASSED] - Statement - request.setHttpBody(vsRequestBody): null

2018-08-16 16:29:55 - [TEST_STEP][PASSED] - Statement - response = com.kms.katalon.core.webservice.keyword.WSBuiltInKeywords.sendRequest(request): Send request successfully

2018-08-16 16:29:55 - [MESSAGE][PASSED] - Send request successfully

2018-08-16 16:29:55 - [TEST_STEP][PASSED] - verifyResponseStatusCode: Verify response status code successfully

2018-08-16 16:29:55 - [MESSAGE][PASSED] - Verify response status code successfully

2018-08-16 16:29:55 - [TEST_STEP][PASSED] - containsString: Check contain string successfully

2018-08-16 16:29:55 - [MESSAGE][PASSED] - Check contain string successfully

2018-08-16 16:29:55 - [TEST_STEP][PASSED] - Statement - return response: null

2018-08-16 16:29:55 - [MESSAGE][PASSED] - Call Test Case 'Test Cases/Library/Community/Create Community' successfully

2018-08-16 16:29:55 - [TEST_STEP][PASSED] - Statement - CommunityID = id: getAttributeValue.GetAttributeValue.GetAttribute is PASSED

2018-08-16 16:29:55 - [MESSAGE][PASSED] - getAttributeValue.GetAttributeValue.GetAttribute is PASSED

2018-08-16 16:29:55 - [TEST_STEP][PASSED] - verifyResponseStatusCode: Verify response status code successfully

2018-08-16 16:29:55 - [MESSAGE][PASSED] - Verify response status code successfully

2018-08-16 16:29:55 - [TEST_STEP][PASSED] - verifyElementPropertyValue: Verify element property value successfully

2018-08-16 16:29:55 - [MESSAGE][PASSED] - Verify element property value successfully

2018-08-16 16:29:55 - [TEST_STEP][PASSED] - verifyElementPropertyValue: Verify element property value successfully

2018-08-16 16:29:55 - [MESSAGE][PASSED] - Verify element property value successfully

2018-08-16 16:29:55 - [TEST_STEP][PASSED] - verifyElementPropertyValue: Verify element property value successfully

2018-08-16 16:29:55 - [MESSAGE][PASSED] - Verify element property value successfully

2018-08-16 16:29:55 - [TEST_STEP][PASSED] - verifyElementPropertyValue: Verify element property value successfully

2018-08-16 16:29:55 - [MESSAGE][PASSED] - Verify element property value successfully

2018-08-16 16:29:55 - [TEST_STEP][PASSED] - Statement - res = com.kms.katalon.core.webui.keyword.WebUiBuiltInKeywords.callTestCase(com.kms.katalon.core.testcase.TestCaseFactory.findTestCase(Library/Community/Delete Community), ["communityID":CommunityID], STOP_ON_FAILURE): Call Test Case 'Test Cases/Library/Community/Delete Community' successfully

2018-08-16 16:29:55 - [TEST_CASE][PASSED] - Test Cases/Library/Community/Delete Community: Test Cases/Library/Community/Delete Community

2018-08-16 16:29:55 - [TEST_STEP][PASSED] - Statement - deleteCommunity = com.kms.katalon.core.testobject.ObjectRepository.findTestObject(Community/Delete Community, [host:internal.GlobalVariable.g_URL, communityID:communityID]): Finding Test Object with id 'Object Repository/Community/Delete Community'

2018-08-16 16:29:55 - [TEST_STEP][PASSED] - Statement - deleteCommunity.setHttpHeaderProperties(CustomKeywords.requestHeaders.Headers.AddHeaders()): requestHeaders.Headers.AddHeaders is PASSED

2018-08-16 16:29:55 - [MESSAGE][PASSED] - requestHeaders.Headers.AddHeaders is PASSED

2018-08-16 16:29:55 - [TEST_STEP][PASSED] - Statement - deleteCommunityRes = com.kms.katalon.core.webservice.keyword.WSBuiltInKeywords.sendRequest(deleteCommunity): Send request successfully

2018-08-16 16:29:55 - [MESSAGE][PASSED] - Send request successfully

2018-08-16 16:29:55 - [TEST_STEP][PASSED] - verifyResponseStatusCode: Verify response status code successfully

2018-08-16 16:29:55 - [MESSAGE][PASSED] - Verify response status code successfully

2018-08-16 16:29:55 - [TEST_STEP][PASSED] - delay: Delayed 10 second(s)

2018-08-16 16:30:05 - [MESSAGE][PASSED] - Delayed 10 second(s)

2018-08-16 16:30:05 - [TEST_STEP][PASSED] - Statement - reqObj = new com.kms.katalon.core.testobject.RequestObject(): null

2018-08-16 16:30:05 - [TEST_STEP][PASSED] - Statement - reqObj.setHttpHeaderProperties(CustomKeywords.requestHeaders.Headers.AddHeaders()): requestHeaders.Headers.AddHeaders is PASSED

2018-08-16 16:30:05 - [MESSAGE][PASSED] - requestHeaders.Headers.AddHeaders is PASSED

2018-08-16 16:30:05 - [TEST_STEP][PASSED] - Statement - reqObj.setRestRequestMethod("GET"): null

2018-08-16 16:30:05 - [TEST_STEP][PASSED] - Statement - reqObj.setRestUrl(g_URL + "/Services/api/sumtSocial/communities/" + communityID): null

2018-08-16 16:30:05 - [TEST_STEP][PASSED] - Statement - getResponse = com.kms.katalon.core.webservice.keyword.WSBuiltInKeywords.sendRequest(reqObj): Send request successfully

2018-08-16 16:30:05 - [MESSAGE][PASSED] - Send request successfully

2018-08-16 16:30:05 - [TEST_STEP][PASSED] - verifyResponseStatusCode: Verify response status code successfully

2018-08-16 16:30:05 - [MESSAGE][PASSED] - Verify response status code successfully

2018-08-16 16:30:05 - [TEST_STEP][PASSED] - Statement - boolVal = getResponse.getResponseText().equalsIgnoreCase("null"): null

2018-08-16 16:30:05 - [TEST_STEP][PASSED] - Statement - return boolVal: null

2018-08-16 16:30:05 - [MESSAGE][PASSED] - Call Test Case 'Test Cases/Library/Community/Delete Community' successfully]]></system-out>
         <system-err><![CDATA[]]></system-err>
      </testcase>
      <testcase name="Test Cases/TestCases/MD-2552 AdhocCommunity_MOB-3482/TC_19782Verify Display of Community is configured with Enable Blog Posts and Allow File Uploads" classname="Test Cases/TestCases/MD-2552 AdhocCommunity_MOB-3482/TC_19782Verify Display of Community is configured with Enable Blog Posts and Allow File Uploads" status="PASSED">
         <system-out><![CDATA[2018-08-16 16:30:05 - [TEST_CASE][PASSED] - Test Cases/TestCases/MD-2552 AdhocCommunity_MOB-3482/TC_19782Verify Display of Community is configured with Enable Blog Posts and Allow File Uploads: Test Cases/TestCases/MD-2552 AdhocCommunity_MOB-3482/TC_19782Verify Display of Community is configured with Enable Blog Posts and Allow File Uploads

2018-08-16 16:30:06 - [TEST_STEP][PASSED] - Statement - data = com.kms.katalon.core.testdata.TestDataFactory.findTestData(TestData): Reading CSV file with source file 'comma', separator 'containing header' and '{2}'

2018-08-16 16:30:06 - [TEST_STEP][PASSED] - Statement - response = com.kms.katalon.core.webui.keyword.WebUiBuiltInKeywords.callTestCase(com.kms.katalon.core.testcase.TestCaseFactory.findTestCase(Library/Community/Create Community), ["communityName":data.getValue("CommunityName", 11), "CommunityDesc":data.getValue("CommunityDesc", 11), "allowDiscussionBoards":false, ... ], STOP_ON_FAILURE): Call Test Case 'Test Cases/Library/Community/Create Community' successfully

2018-08-16 16:30:06 - [TEST_CASE][PASSED] - Test Cases/Library/Community/Create Community: Test Cases/Library/Community/Create Community

2018-08-16 16:30:06 - [TEST_STEP][PASSED] - Statement - request = com.kms.katalon.core.testobject.ObjectRepository.findTestObject(Community/POST Create Community, [host:internal.GlobalVariable.g_URL]): Finding Test Object with id 'Object Repository/Community/POST Create Community'

2018-08-16 16:30:06 - [TEST_STEP][PASSED] - Statement - request.setHttpHeaderProperties(CustomKeywords.requestHeaders.Headers.AddHeaders()): requestHeaders.Headers.AddHeaders is PASSED

2018-08-16 16:30:06 - [MESSAGE][PASSED] - requestHeaders.Headers.AddHeaders is PASSED

2018-08-16 16:30:06 - [TEST_STEP][PASSED] - Statement - reponse = <not implemented yet for class: org.codehaus.groovy.ast.expr.EmptyExpression>: null

2018-08-16 16:30:06 - [TEST_STEP][PASSED] - Statement - vsRequestBody = "": null

2018-08-16 16:30:06 - [TEST_STEP][PASSED] - Statement - vsRequestBody = request.getHttpBody(): null

2018-08-16 16:30:06 - [TEST_STEP][PASSED] - Statement - vsRequestBody = vsRequestBody.replace("${CommunityName}", """ + communityName + """): null

2018-08-16 16:30:06 - [TEST_STEP][PASSED] - Statement - vsRequestBody = vsRequestBody.replace("${CommunityDesc}", """ + CommunityDesc + """): null

2018-08-16 16:30:06 - [TEST_STEP][PASSED] - Statement - vsRequestBody = vsRequestBody.replace("${allowDiscussionBoards}", """ + allowDiscussionBoards + """): null

2018-08-16 16:30:06 - [TEST_STEP][PASSED] - Statement - vsRequestBody = vsRequestBody.replace("${allowBlogPosts}", """ + allowBlogPosts + """): null

2018-08-16 16:30:06 - [TEST_STEP][PASSED] - Statement - vsRequestBody = vsRequestBody.replace("${allowFileUploads}", """ + allowFileUploads + """): null

2018-08-16 16:30:06 - [TEST_STEP][PASSED] - Statement - vsRequestBody = vsRequestBody.replace("${isPrivate}", """ + isPrivate + """): null

2018-08-16 16:30:06 - [TEST_STEP][PASSED] - Statement - vsRequestBody = vsRequestBody.replace("${userName}", """ + userName + """): null

2018-08-16 16:30:06 - [TEST_STEP][PASSED] - Statement - vsRequestBody = vsRequestBody.replace("${userId}", """ + userId + """): null

2018-08-16 16:30:06 - [TEST_STEP][PASSED] - Statement - vsRequestBody = vsRequestBody.replace("${role}", """ + role + """): null

2018-08-16 16:30:06 - [TEST_STEP][PASSED] - Statement - vsRequestBody = vsRequestBody.replace("${userStatus}", """ + userStatus + """): null

2018-08-16 16:30:06 - [TEST_STEP][PASSED] - Statement - vsRequestBody = vsRequestBody.replace("${communityCode}", """ + communityCode + """): null

2018-08-16 16:30:06 - [TEST_STEP][PASSED] - Statement - vsRequestBody = vsRequestBody.replace("${hidden}", """ + isHidden + """): null

2018-08-16 16:30:06 - [TEST_STEP][PASSED] - Statement - request.setHttpBody(vsRequestBody): null

2018-08-16 16:30:06 - [TEST_STEP][PASSED] - Statement - response = com.kms.katalon.core.webservice.keyword.WSBuiltInKeywords.sendRequest(request): Send request successfully

2018-08-16 16:30:06 - [MESSAGE][PASSED] - Send request successfully

2018-08-16 16:30:06 - [TEST_STEP][PASSED] - verifyResponseStatusCode: Verify response status code successfully

2018-08-16 16:30:06 - [MESSAGE][PASSED] - Verify response status code successfully

2018-08-16 16:30:06 - [TEST_STEP][PASSED] - containsString: Check contain string successfully

2018-08-16 16:30:06 - [MESSAGE][PASSED] - Check contain string successfully

2018-08-16 16:30:06 - [TEST_STEP][PASSED] - Statement - return response: null

2018-08-16 16:30:06 - [MESSAGE][PASSED] - Call Test Case 'Test Cases/Library/Community/Create Community' successfully

2018-08-16 16:30:06 - [TEST_STEP][PASSED] - Statement - CommunityID = id: getAttributeValue.GetAttributeValue.GetAttribute is PASSED

2018-08-16 16:30:06 - [MESSAGE][PASSED] - getAttributeValue.GetAttributeValue.GetAttribute is PASSED

2018-08-16 16:30:06 - [TEST_STEP][PASSED] - verifyResponseStatusCode: Verify response status code successfully

2018-08-16 16:30:06 - [MESSAGE][PASSED] - Verify response status code successfully

2018-08-16 16:30:06 - [TEST_STEP][PASSED] - verifyElementPropertyValue: Verify element property value successfully

2018-08-16 16:30:06 - [MESSAGE][PASSED] - Verify element property value successfully

2018-08-16 16:30:06 - [TEST_STEP][PASSED] - verifyElementPropertyValue: Verify element property value successfully

2018-08-16 16:30:06 - [MESSAGE][PASSED] - Verify element property value successfully

2018-08-16 16:30:06 - [TEST_STEP][PASSED] - verifyElementPropertyValue: Verify element property value successfully

2018-08-16 16:30:06 - [MESSAGE][PASSED] - Verify element property value successfully

2018-08-16 16:30:06 - [TEST_STEP][PASSED] - verifyElementPropertyValue: Verify element property value successfully

2018-08-16 16:30:06 - [MESSAGE][PASSED] - Verify element property value successfully

2018-08-16 16:30:06 - [TEST_STEP][PASSED] - Statement - res = com.kms.katalon.core.webui.keyword.WebUiBuiltInKeywords.callTestCase(com.kms.katalon.core.testcase.TestCaseFactory.findTestCase(Library/Community/Delete Community), ["communityID":CommunityID], STOP_ON_FAILURE): Call Test Case 'Test Cases/Library/Community/Delete Community' successfully

2018-08-16 16:30:06 - [TEST_CASE][PASSED] - Test Cases/Library/Community/Delete Community: Test Cases/Library/Community/Delete Community

2018-08-16 16:30:06 - [TEST_STEP][PASSED] - Statement - deleteCommunity = com.kms.katalon.core.testobject.ObjectRepository.findTestObject(Community/Delete Community, [host:internal.GlobalVariable.g_URL, communityID:communityID]): Finding Test Object with id 'Object Repository/Community/Delete Community'

2018-08-16 16:30:06 - [TEST_STEP][PASSED] - Statement - deleteCommunity.setHttpHeaderProperties(CustomKeywords.requestHeaders.Headers.AddHeaders()): requestHeaders.Headers.AddHeaders is PASSED

2018-08-16 16:30:06 - [MESSAGE][PASSED] - requestHeaders.Headers.AddHeaders is PASSED

2018-08-16 16:30:06 - [TEST_STEP][PASSED] - Statement - deleteCommunityRes = com.kms.katalon.core.webservice.keyword.WSBuiltInKeywords.sendRequest(deleteCommunity): Send request successfully

2018-08-16 16:30:06 - [MESSAGE][PASSED] - Send request successfully

2018-08-16 16:30:06 - [TEST_STEP][PASSED] - verifyResponseStatusCode: Verify response status code successfully

2018-08-16 16:30:06 - [MESSAGE][PASSED] - Verify response status code successfully

2018-08-16 16:30:06 - [TEST_STEP][PASSED] - delay: Delayed 10 second(s)

2018-08-16 16:30:16 - [MESSAGE][PASSED] - Delayed 10 second(s)

2018-08-16 16:30:16 - [TEST_STEP][PASSED] - Statement - reqObj = new com.kms.katalon.core.testobject.RequestObject(): null

2018-08-16 16:30:16 - [TEST_STEP][PASSED] - Statement - reqObj.setHttpHeaderProperties(CustomKeywords.requestHeaders.Headers.AddHeaders()): requestHeaders.Headers.AddHeaders is PASSED

2018-08-16 16:30:16 - [MESSAGE][PASSED] - requestHeaders.Headers.AddHeaders is PASSED

2018-08-16 16:30:16 - [TEST_STEP][PASSED] - Statement - reqObj.setRestRequestMethod("GET"): null

2018-08-16 16:30:16 - [TEST_STEP][PASSED] - Statement - reqObj.setRestUrl(g_URL + "/Services/api/sumtSocial/communities/" + communityID): null

2018-08-16 16:30:16 - [TEST_STEP][PASSED] - Statement - getResponse = com.kms.katalon.core.webservice.keyword.WSBuiltInKeywords.sendRequest(reqObj): Send request successfully

2018-08-16 16:30:16 - [MESSAGE][PASSED] - Send request successfully

2018-08-16 16:30:16 - [TEST_STEP][PASSED] - verifyResponseStatusCode: Verify response status code successfully

2018-08-16 16:30:16 - [MESSAGE][PASSED] - Verify response status code successfully

2018-08-16 16:30:16 - [TEST_STEP][PASSED] - Statement - boolVal = getResponse.getResponseText().equalsIgnoreCase("null"): null

2018-08-16 16:30:16 - [TEST_STEP][PASSED] - Statement - return boolVal: null

2018-08-16 16:30:16 - [MESSAGE][PASSED] - Call Test Case 'Test Cases/Library/Community/Delete Community' successfully]]></system-out>
         <system-err><![CDATA[]]></system-err>
      </testcase>
      <testcase name="Test Cases/TestCases/MD-2552 AdhocCommunity_MOB-3482/TC_19784V_19781erify Work flow when Community is configured with Enable Discussion Boards and Enable Blog Posts" classname="Test Cases/TestCases/MD-2552 AdhocCommunity_MOB-3482/TC_19784V_19781erify Work flow when Community is configured with Enable Discussion Boards and Enable Blog Posts" status="PASSED">
         <system-out><![CDATA[2018-08-16 16:30:16 - [TEST_CASE][PASSED] - Test Cases/TestCases/MD-2552 AdhocCommunity_MOB-3482/TC_19784V_19781erify Work flow when Community is configured with Enable Discussion Boards and Enable Blog Posts: Test Cases/TestCases/MD-2552 AdhocCommunity_MOB-3482/TC_19784V_19781erify Work flow when Community is configured with Enable Discussion Boards and Enable Blog Posts

2018-08-16 16:30:16 - [TEST_STEP][PASSED] - Statement - data = com.kms.katalon.core.testdata.TestDataFactory.findTestData(TestData): Reading CSV file with source file 'comma', separator 'containing header' and '{2}'

2018-08-16 16:30:16 - [TEST_STEP][PASSED] - Statement - response = com.kms.katalon.core.webui.keyword.WebUiBuiltInKeywords.callTestCase(com.kms.katalon.core.testcase.TestCaseFactory.findTestCase(Library/Community/Create Community), ["communityName":data.getValue("CommunityName", 12), "CommunityDesc":data.getValue("CommunityDesc", 12), "allowDiscussionBoards":true, ... ], STOP_ON_FAILURE): Call Test Case 'Test Cases/Library/Community/Create Community' successfully

2018-08-16 16:30:16 - [TEST_CASE][PASSED] - Test Cases/Library/Community/Create Community: Test Cases/Library/Community/Create Community

2018-08-16 16:30:16 - [TEST_STEP][PASSED] - Statement - request = com.kms.katalon.core.testobject.ObjectRepository.findTestObject(Community/POST Create Community, [host:internal.GlobalVariable.g_URL]): Finding Test Object with id 'Object Repository/Community/POST Create Community'

2018-08-16 16:30:16 - [TEST_STEP][PASSED] - Statement - request.setHttpHeaderProperties(CustomKeywords.requestHeaders.Headers.AddHeaders()): requestHeaders.Headers.AddHeaders is PASSED

2018-08-16 16:30:16 - [MESSAGE][PASSED] - requestHeaders.Headers.AddHeaders is PASSED

2018-08-16 16:30:16 - [TEST_STEP][PASSED] - Statement - reponse = <not implemented yet for class: org.codehaus.groovy.ast.expr.EmptyExpression>: null

2018-08-16 16:30:16 - [TEST_STEP][PASSED] - Statement - vsRequestBody = "": null

2018-08-16 16:30:16 - [TEST_STEP][PASSED] - Statement - vsRequestBody = request.getHttpBody(): null

2018-08-16 16:30:16 - [TEST_STEP][PASSED] - Statement - vsRequestBody = vsRequestBody.replace("${CommunityName}", """ + communityName + """): null

2018-08-16 16:30:16 - [TEST_STEP][PASSED] - Statement - vsRequestBody = vsRequestBody.replace("${CommunityDesc}", """ + CommunityDesc + """): null

2018-08-16 16:30:16 - [TEST_STEP][PASSED] - Statement - vsRequestBody = vsRequestBody.replace("${allowDiscussionBoards}", """ + allowDiscussionBoards + """): null

2018-08-16 16:30:16 - [TEST_STEP][PASSED] - Statement - vsRequestBody = vsRequestBody.replace("${allowBlogPosts}", """ + allowBlogPosts + """): null

2018-08-16 16:30:16 - [TEST_STEP][PASSED] - Statement - vsRequestBody = vsRequestBody.replace("${allowFileUploads}", """ + allowFileUploads + """): null

2018-08-16 16:30:16 - [TEST_STEP][PASSED] - Statement - vsRequestBody = vsRequestBody.replace("${isPrivate}", """ + isPrivate + """): null

2018-08-16 16:30:16 - [TEST_STEP][PASSED] - Statement - vsRequestBody = vsRequestBody.replace("${userName}", """ + userName + """): null

2018-08-16 16:30:16 - [TEST_STEP][PASSED] - Statement - vsRequestBody = vsRequestBody.replace("${userId}", """ + userId + """): null

2018-08-16 16:30:16 - [TEST_STEP][PASSED] - Statement - vsRequestBody = vsRequestBody.replace("${role}", """ + role + """): null

2018-08-16 16:30:16 - [TEST_STEP][PASSED] - Statement - vsRequestBody = vsRequestBody.replace("${userStatus}", """ + userStatus + """): null

2018-08-16 16:30:16 - [TEST_STEP][PASSED] - Statement - vsRequestBody = vsRequestBody.replace("${communityCode}", """ + communityCode + """): null

2018-08-16 16:30:16 - [TEST_STEP][PASSED] - Statement - vsRequestBody = vsRequestBody.replace("${hidden}", """ + isHidden + """): null

2018-08-16 16:30:16 - [TEST_STEP][PASSED] - Statement - request.setHttpBody(vsRequestBody): null

2018-08-16 16:30:16 - [TEST_STEP][PASSED] - Statement - response = com.kms.katalon.core.webservice.keyword.WSBuiltInKeywords.sendRequest(request): Send request successfully

2018-08-16 16:30:16 - [MESSAGE][PASSED] - Send request successfully

2018-08-16 16:30:16 - [TEST_STEP][PASSED] - verifyResponseStatusCode: Verify response status code successfully

2018-08-16 16:30:16 - [MESSAGE][PASSED] - Verify response status code successfully

2018-08-16 16:30:16 - [TEST_STEP][PASSED] - containsString: Check contain string successfully

2018-08-16 16:30:16 - [MESSAGE][PASSED] - Check contain string successfully

2018-08-16 16:30:16 - [TEST_STEP][PASSED] - Statement - return response: null

2018-08-16 16:30:16 - [MESSAGE][PASSED] - Call Test Case 'Test Cases/Library/Community/Create Community' successfully

2018-08-16 16:30:16 - [TEST_STEP][PASSED] - Statement - CommunityID = id: getAttributeValue.GetAttributeValue.GetAttribute is PASSED

2018-08-16 16:30:16 - [MESSAGE][PASSED] - getAttributeValue.GetAttributeValue.GetAttribute is PASSED

2018-08-16 16:30:16 - [TEST_STEP][PASSED] - verifyResponseStatusCode: Verify response status code successfully

2018-08-16 16:30:16 - [MESSAGE][PASSED] - Verify response status code successfully

2018-08-16 16:30:16 - [TEST_STEP][PASSED] - verifyElementPropertyValue: Verify element property value successfully

2018-08-16 16:30:16 - [MESSAGE][PASSED] - Verify element property value successfully

2018-08-16 16:30:16 - [TEST_STEP][PASSED] - Statement - res = com.kms.katalon.core.webui.keyword.WebUiBuiltInKeywords.callTestCase(com.kms.katalon.core.testcase.TestCaseFactory.findTestCase(Library/Community/Delete Community), ["communityID":CommunityID], STOP_ON_FAILURE): Call Test Case 'Test Cases/Library/Community/Delete Community' successfully

2018-08-16 16:30:16 - [TEST_CASE][PASSED] - Test Cases/Library/Community/Delete Community: Test Cases/Library/Community/Delete Community

2018-08-16 16:30:16 - [TEST_STEP][PASSED] - Statement - deleteCommunity = com.kms.katalon.core.testobject.ObjectRepository.findTestObject(Community/Delete Community, [host:internal.GlobalVariable.g_URL, communityID:communityID]): Finding Test Object with id 'Object Repository/Community/Delete Community'

2018-08-16 16:30:16 - [TEST_STEP][PASSED] - Statement - deleteCommunity.setHttpHeaderProperties(CustomKeywords.requestHeaders.Headers.AddHeaders()): requestHeaders.Headers.AddHeaders is PASSED

2018-08-16 16:30:16 - [MESSAGE][PASSED] - requestHeaders.Headers.AddHeaders is PASSED

2018-08-16 16:30:16 - [TEST_STEP][PASSED] - Statement - deleteCommunityRes = com.kms.katalon.core.webservice.keyword.WSBuiltInKeywords.sendRequest(deleteCommunity): Send request successfully

2018-08-16 16:30:17 - [MESSAGE][PASSED] - Send request successfully

2018-08-16 16:30:17 - [TEST_STEP][PASSED] - verifyResponseStatusCode: Verify response status code successfully

2018-08-16 16:30:17 - [MESSAGE][PASSED] - Verify response status code successfully

2018-08-16 16:30:17 - [TEST_STEP][PASSED] - delay: Delayed 10 second(s)

2018-08-16 16:30:27 - [MESSAGE][PASSED] - Delayed 10 second(s)

2018-08-16 16:30:27 - [TEST_STEP][PASSED] - Statement - reqObj = new com.kms.katalon.core.testobject.RequestObject(): null

2018-08-16 16:30:27 - [TEST_STEP][PASSED] - Statement - reqObj.setHttpHeaderProperties(CustomKeywords.requestHeaders.Headers.AddHeaders()): requestHeaders.Headers.AddHeaders is PASSED

2018-08-16 16:30:27 - [MESSAGE][PASSED] - requestHeaders.Headers.AddHeaders is PASSED

2018-08-16 16:30:27 - [TEST_STEP][PASSED] - Statement - reqObj.setRestRequestMethod("GET"): null

2018-08-16 16:30:27 - [TEST_STEP][PASSED] - Statement - reqObj.setRestUrl(g_URL + "/Services/api/sumtSocial/communities/" + communityID): null

2018-08-16 16:30:27 - [TEST_STEP][PASSED] - Statement - getResponse = com.kms.katalon.core.webservice.keyword.WSBuiltInKeywords.sendRequest(reqObj): Send request successfully

2018-08-16 16:30:27 - [MESSAGE][PASSED] - Send request successfully

2018-08-16 16:30:27 - [TEST_STEP][PASSED] - verifyResponseStatusCode: Verify response status code successfully

2018-08-16 16:30:27 - [MESSAGE][PASSED] - Verify response status code successfully

2018-08-16 16:30:27 - [TEST_STEP][PASSED] - Statement - boolVal = getResponse.getResponseText().equalsIgnoreCase("null"): null

2018-08-16 16:30:27 - [TEST_STEP][PASSED] - Statement - return boolVal: null

2018-08-16 16:30:27 - [MESSAGE][PASSED] - Call Test Case 'Test Cases/Library/Community/Delete Community' successfully]]></system-out>
         <system-err><![CDATA[]]></system-err>
      </testcase>
      <testcase name="Test Cases/TestCases/MD-2552 AdhocCommunity_MOB-3482/TC_19786Verify Display of Community configured with Enable Discussion Boards and Allow File Uploads" classname="Test Cases/TestCases/MD-2552 AdhocCommunity_MOB-3482/TC_19786Verify Display of Community configured with Enable Discussion Boards and Allow File Uploads" status="PASSED">
         <system-out><![CDATA[2018-08-16 16:30:27 - [TEST_CASE][PASSED] - Test Cases/TestCases/MD-2552 AdhocCommunity_MOB-3482/TC_19786Verify Display of Community configured with Enable Discussion Boards and Allow File Uploads: Test Cases/TestCases/MD-2552 AdhocCommunity_MOB-3482/TC_19786Verify Display of Community configured with Enable Discussion Boards and Allow File Uploads

2018-08-16 16:30:27 - [TEST_STEP][PASSED] - Statement - data = com.kms.katalon.core.testdata.TestDataFactory.findTestData(TestData): Reading CSV file with source file 'comma', separator 'containing header' and '{2}'

2018-08-16 16:30:27 - [TEST_STEP][PASSED] - Statement - response = com.kms.katalon.core.webui.keyword.WebUiBuiltInKeywords.callTestCase(com.kms.katalon.core.testcase.TestCaseFactory.findTestCase(Library/Community/Create Community), ["communityName":data.getValue("CommunityName", 13), "CommunityDesc":data.getValue("CommunityDesc", 13), "allowDiscussionBoards":true, ... ], STOP_ON_FAILURE): Call Test Case 'Test Cases/Library/Community/Create Community' successfully

2018-08-16 16:30:27 - [TEST_CASE][PASSED] - Test Cases/Library/Community/Create Community: Test Cases/Library/Community/Create Community

2018-08-16 16:30:27 - [TEST_STEP][PASSED] - Statement - request = com.kms.katalon.core.testobject.ObjectRepository.findTestObject(Community/POST Create Community, [host:internal.GlobalVariable.g_URL]): Finding Test Object with id 'Object Repository/Community/POST Create Community'

2018-08-16 16:30:27 - [TEST_STEP][PASSED] - Statement - request.setHttpHeaderProperties(CustomKeywords.requestHeaders.Headers.AddHeaders()): requestHeaders.Headers.AddHeaders is PASSED

2018-08-16 16:30:27 - [MESSAGE][PASSED] - requestHeaders.Headers.AddHeaders is PASSED

2018-08-16 16:30:27 - [TEST_STEP][PASSED] - Statement - reponse = <not implemented yet for class: org.codehaus.groovy.ast.expr.EmptyExpression>: null

2018-08-16 16:30:27 - [TEST_STEP][PASSED] - Statement - vsRequestBody = "": null

2018-08-16 16:30:27 - [TEST_STEP][PASSED] - Statement - vsRequestBody = request.getHttpBody(): null

2018-08-16 16:30:27 - [TEST_STEP][PASSED] - Statement - vsRequestBody = vsRequestBody.replace("${CommunityName}", """ + communityName + """): null

2018-08-16 16:30:27 - [TEST_STEP][PASSED] - Statement - vsRequestBody = vsRequestBody.replace("${CommunityDesc}", """ + CommunityDesc + """): null

2018-08-16 16:30:27 - [TEST_STEP][PASSED] - Statement - vsRequestBody = vsRequestBody.replace("${allowDiscussionBoards}", """ + allowDiscussionBoards + """): null

2018-08-16 16:30:27 - [TEST_STEP][PASSED] - Statement - vsRequestBody = vsRequestBody.replace("${allowBlogPosts}", """ + allowBlogPosts + """): null

2018-08-16 16:30:27 - [TEST_STEP][PASSED] - Statement - vsRequestBody = vsRequestBody.replace("${allowFileUploads}", """ + allowFileUploads + """): null

2018-08-16 16:30:27 - [TEST_STEP][PASSED] - Statement - vsRequestBody = vsRequestBody.replace("${isPrivate}", """ + isPrivate + """): null

2018-08-16 16:30:27 - [TEST_STEP][PASSED] - Statement - vsRequestBody = vsRequestBody.replace("${userName}", """ + userName + """): null

2018-08-16 16:30:27 - [TEST_STEP][PASSED] - Statement - vsRequestBody = vsRequestBody.replace("${userId}", """ + userId + """): null

2018-08-16 16:30:27 - [TEST_STEP][PASSED] - Statement - vsRequestBody = vsRequestBody.replace("${role}", """ + role + """): null

2018-08-16 16:30:27 - [TEST_STEP][PASSED] - Statement - vsRequestBody = vsRequestBody.replace("${userStatus}", """ + userStatus + """): null

2018-08-16 16:30:27 - [TEST_STEP][PASSED] - Statement - vsRequestBody = vsRequestBody.replace("${communityCode}", """ + communityCode + """): null

2018-08-16 16:30:27 - [TEST_STEP][PASSED] - Statement - vsRequestBody = vsRequestBody.replace("${hidden}", """ + isHidden + """): null

2018-08-16 16:30:27 - [TEST_STEP][PASSED] - Statement - request.setHttpBody(vsRequestBody): null

2018-08-16 16:30:27 - [TEST_STEP][PASSED] - Statement - response = com.kms.katalon.core.webservice.keyword.WSBuiltInKeywords.sendRequest(request): Send request successfully

2018-08-16 16:30:27 - [MESSAGE][PASSED] - Send request successfully

2018-08-16 16:30:27 - [TEST_STEP][PASSED] - verifyResponseStatusCode: Verify response status code successfully

2018-08-16 16:30:27 - [MESSAGE][PASSED] - Verify response status code successfully

2018-08-16 16:30:27 - [TEST_STEP][PASSED] - containsString: Check contain string successfully

2018-08-16 16:30:27 - [MESSAGE][PASSED] - Check contain string successfully

2018-08-16 16:30:27 - [TEST_STEP][PASSED] - Statement - return response: null

2018-08-16 16:30:27 - [MESSAGE][PASSED] - Call Test Case 'Test Cases/Library/Community/Create Community' successfully

2018-08-16 16:30:27 - [TEST_STEP][PASSED] - Statement - CommunityID = id: getAttributeValue.GetAttributeValue.GetAttribute is PASSED

2018-08-16 16:30:27 - [MESSAGE][PASSED] - getAttributeValue.GetAttributeValue.GetAttribute is PASSED

2018-08-16 16:30:27 - [TEST_STEP][PASSED] - verifyResponseStatusCode: Verify response status code successfully

2018-08-16 16:30:27 - [MESSAGE][PASSED] - Verify response status code successfully

2018-08-16 16:30:27 - [TEST_STEP][PASSED] - verifyElementPropertyValue: Verify element property value successfully

2018-08-16 16:30:27 - [MESSAGE][PASSED] - Verify element property value successfully

2018-08-16 16:30:27 - [TEST_STEP][PASSED] - verifyElementPropertyValue: Verify element property value successfully

2018-08-16 16:30:27 - [MESSAGE][PASSED] - Verify element property value successfully

2018-08-16 16:30:27 - [TEST_STEP][PASSED] - verifyElementPropertyValue: Verify element property value successfully

2018-08-16 16:30:27 - [MESSAGE][PASSED] - Verify element property value successfully

2018-08-16 16:30:27 - [TEST_STEP][PASSED] - verifyElementPropertyValue: Verify element property value successfully

2018-08-16 16:30:27 - [MESSAGE][PASSED] - Verify element property value successfully

2018-08-16 16:30:27 - [TEST_STEP][PASSED] - Statement - res = com.kms.katalon.core.webui.keyword.WebUiBuiltInKeywords.callTestCase(com.kms.katalon.core.testcase.TestCaseFactory.findTestCase(Library/Community/Delete Community), ["communityID":CommunityID], STOP_ON_FAILURE): Call Test Case 'Test Cases/Library/Community/Delete Community' successfully

2018-08-16 16:30:27 - [TEST_CASE][PASSED] - Test Cases/Library/Community/Delete Community: Test Cases/Library/Community/Delete Community

2018-08-16 16:30:27 - [TEST_STEP][PASSED] - Statement - deleteCommunity = com.kms.katalon.core.testobject.ObjectRepository.findTestObject(Community/Delete Community, [host:internal.GlobalVariable.g_URL, communityID:communityID]): Finding Test Object with id 'Object Repository/Community/Delete Community'

2018-08-16 16:30:27 - [TEST_STEP][PASSED] - Statement - deleteCommunity.setHttpHeaderProperties(CustomKeywords.requestHeaders.Headers.AddHeaders()): requestHeaders.Headers.AddHeaders is PASSED

2018-08-16 16:30:27 - [MESSAGE][PASSED] - requestHeaders.Headers.AddHeaders is PASSED

2018-08-16 16:30:27 - [TEST_STEP][PASSED] - Statement - deleteCommunityRes = com.kms.katalon.core.webservice.keyword.WSBuiltInKeywords.sendRequest(deleteCommunity): Send request successfully

2018-08-16 16:30:27 - [MESSAGE][PASSED] - Send request successfully

2018-08-16 16:30:27 - [TEST_STEP][PASSED] - verifyResponseStatusCode: Verify response status code successfully

2018-08-16 16:30:27 - [MESSAGE][PASSED] - Verify response status code successfully

2018-08-16 16:30:27 - [TEST_STEP][PASSED] - delay: Delayed 10 second(s)

2018-08-16 16:30:37 - [MESSAGE][PASSED] - Delayed 10 second(s)

2018-08-16 16:30:37 - [TEST_STEP][PASSED] - Statement - reqObj = new com.kms.katalon.core.testobject.RequestObject(): null

2018-08-16 16:30:37 - [TEST_STEP][PASSED] - Statement - reqObj.setHttpHeaderProperties(CustomKeywords.requestHeaders.Headers.AddHeaders()): requestHeaders.Headers.AddHeaders is PASSED

2018-08-16 16:30:37 - [MESSAGE][PASSED] - requestHeaders.Headers.AddHeaders is PASSED

2018-08-16 16:30:37 - [TEST_STEP][PASSED] - Statement - reqObj.setRestRequestMethod("GET"): null

2018-08-16 16:30:37 - [TEST_STEP][PASSED] - Statement - reqObj.setRestUrl(g_URL + "/Services/api/sumtSocial/communities/" + communityID): null

2018-08-16 16:30:37 - [TEST_STEP][PASSED] - Statement - getResponse = com.kms.katalon.core.webservice.keyword.WSBuiltInKeywords.sendRequest(reqObj): Send request successfully

2018-08-16 16:30:37 - [MESSAGE][PASSED] - Send request successfully

2018-08-16 16:30:37 - [TEST_STEP][PASSED] - verifyResponseStatusCode: Verify response status code successfully

2018-08-16 16:30:37 - [MESSAGE][PASSED] - Verify response status code successfully

2018-08-16 16:30:37 - [TEST_STEP][PASSED] - Statement - boolVal = getResponse.getResponseText().equalsIgnoreCase("null"): null

2018-08-16 16:30:37 - [TEST_STEP][PASSED] - Statement - return boolVal: null

2018-08-16 16:30:37 - [MESSAGE][PASSED] - Call Test Case 'Test Cases/Library/Community/Delete Community' successfully]]></system-out>
         <system-err><![CDATA[]]></system-err>
      </testcase>
      <testcase name="Test Cases/TestCases/MD-2552 AdhocCommunity_MOB-3482/TC_19787Verify Work flow when the Ad Hoc Community is configured with Enable Discussion Boards and Allow File Uploads" classname="Test Cases/TestCases/MD-2552 AdhocCommunity_MOB-3482/TC_19787Verify Work flow when the Ad Hoc Community is configured with Enable Discussion Boards and Allow File Uploads" status="PASSED">
         <system-out><![CDATA[2018-08-16 16:30:37 - [TEST_CASE][PASSED] - Test Cases/TestCases/MD-2552 AdhocCommunity_MOB-3482/TC_19787Verify Work flow when the Ad Hoc Community is configured with Enable Discussion Boards and Allow File Uploads: Test Cases/TestCases/MD-2552 AdhocCommunity_MOB-3482/TC_19787Verify Work flow when the Ad Hoc Community is configured with Enable Discussion Boards and Allow File Uploads

2018-08-16 16:30:37 - [TEST_STEP][PASSED] - Statement - data = com.kms.katalon.core.testdata.TestDataFactory.findTestData(TestData): Reading CSV file with source file 'comma', separator 'containing header' and '{2}'

2018-08-16 16:30:37 - [TEST_STEP][PASSED] - Statement - response = com.kms.katalon.core.webui.keyword.WebUiBuiltInKeywords.callTestCase(com.kms.katalon.core.testcase.TestCaseFactory.findTestCase(Library/Community/Create Community), ["communityName":data.getValue("CommunityName", 14), "CommunityDesc":data.getValue("CommunityDesc", 14), "allowDiscussionBoards":true, ... ], STOP_ON_FAILURE): Call Test Case 'Test Cases/Library/Community/Create Community' successfully

2018-08-16 16:30:37 - [TEST_CASE][PASSED] - Test Cases/Library/Community/Create Community: Test Cases/Library/Community/Create Community

2018-08-16 16:30:37 - [TEST_STEP][PASSED] - Statement - request = com.kms.katalon.core.testobject.ObjectRepository.findTestObject(Community/POST Create Community, [host:internal.GlobalVariable.g_URL]): Finding Test Object with id 'Object Repository/Community/POST Create Community'

2018-08-16 16:30:37 - [TEST_STEP][PASSED] - Statement - request.setHttpHeaderProperties(CustomKeywords.requestHeaders.Headers.AddHeaders()): requestHeaders.Headers.AddHeaders is PASSED

2018-08-16 16:30:37 - [MESSAGE][PASSED] - requestHeaders.Headers.AddHeaders is PASSED

2018-08-16 16:30:37 - [TEST_STEP][PASSED] - Statement - reponse = <not implemented yet for class: org.codehaus.groovy.ast.expr.EmptyExpression>: null

2018-08-16 16:30:37 - [TEST_STEP][PASSED] - Statement - vsRequestBody = "": null

2018-08-16 16:30:37 - [TEST_STEP][PASSED] - Statement - vsRequestBody = request.getHttpBody(): null

2018-08-16 16:30:38 - [TEST_STEP][PASSED] - Statement - vsRequestBody = vsRequestBody.replace("${CommunityName}", """ + communityName + """): null

2018-08-16 16:30:38 - [TEST_STEP][PASSED] - Statement - vsRequestBody = vsRequestBody.replace("${CommunityDesc}", """ + CommunityDesc + """): null

2018-08-16 16:30:38 - [TEST_STEP][PASSED] - Statement - vsRequestBody = vsRequestBody.replace("${allowDiscussionBoards}", """ + allowDiscussionBoards + """): null

2018-08-16 16:30:38 - [TEST_STEP][PASSED] - Statement - vsRequestBody = vsRequestBody.replace("${allowBlogPosts}", """ + allowBlogPosts + """): null

2018-08-16 16:30:38 - [TEST_STEP][PASSED] - Statement - vsRequestBody = vsRequestBody.replace("${allowFileUploads}", """ + allowFileUploads + """): null

2018-08-16 16:30:38 - [TEST_STEP][PASSED] - Statement - vsRequestBody = vsRequestBody.replace("${isPrivate}", """ + isPrivate + """): null

2018-08-16 16:30:38 - [TEST_STEP][PASSED] - Statement - vsRequestBody = vsRequestBody.replace("${userName}", """ + userName + """): null

2018-08-16 16:30:38 - [TEST_STEP][PASSED] - Statement - vsRequestBody = vsRequestBody.replace("${userId}", """ + userId + """): null

2018-08-16 16:30:38 - [TEST_STEP][PASSED] - Statement - vsRequestBody = vsRequestBody.replace("${role}", """ + role + """): null

2018-08-16 16:30:38 - [TEST_STEP][PASSED] - Statement - vsRequestBody = vsRequestBody.replace("${userStatus}", """ + userStatus + """): null

2018-08-16 16:30:38 - [TEST_STEP][PASSED] - Statement - vsRequestBody = vsRequestBody.replace("${communityCode}", """ + communityCode + """): null

2018-08-16 16:30:38 - [TEST_STEP][PASSED] - Statement - vsRequestBody = vsRequestBody.replace("${hidden}", """ + isHidden + """): null

2018-08-16 16:30:38 - [TEST_STEP][PASSED] - Statement - request.setHttpBody(vsRequestBody): null

2018-08-16 16:30:38 - [TEST_STEP][PASSED] - Statement - response = com.kms.katalon.core.webservice.keyword.WSBuiltInKeywords.sendRequest(request): Send request successfully

2018-08-16 16:30:38 - [MESSAGE][PASSED] - Send request successfully

2018-08-16 16:30:38 - [TEST_STEP][PASSED] - verifyResponseStatusCode: Verify response status code successfully

2018-08-16 16:30:38 - [MESSAGE][PASSED] - Verify response status code successfully

2018-08-16 16:30:38 - [TEST_STEP][PASSED] - containsString: Check contain string successfully

2018-08-16 16:30:38 - [MESSAGE][PASSED] - Check contain string successfully

2018-08-16 16:30:38 - [TEST_STEP][PASSED] - Statement - return response: null

2018-08-16 16:30:38 - [MESSAGE][PASSED] - Call Test Case 'Test Cases/Library/Community/Create Community' successfully

2018-08-16 16:30:38 - [TEST_STEP][PASSED] - Statement - CommunityID = id: getAttributeValue.GetAttributeValue.GetAttribute is PASSED

2018-08-16 16:30:38 - [MESSAGE][PASSED] - getAttributeValue.GetAttributeValue.GetAttribute is PASSED

2018-08-16 16:30:38 - [TEST_STEP][PASSED] - verifyResponseStatusCode: Verify response status code successfully

2018-08-16 16:30:38 - [MESSAGE][PASSED] - Verify response status code successfully

2018-08-16 16:30:38 - [TEST_STEP][PASSED] - verifyElementPropertyValue: Verify element property value successfully

2018-08-16 16:30:38 - [MESSAGE][PASSED] - Verify element property value successfully

2018-08-16 16:30:38 - [TEST_STEP][PASSED] - Statement - res = com.kms.katalon.core.webui.keyword.WebUiBuiltInKeywords.callTestCase(com.kms.katalon.core.testcase.TestCaseFactory.findTestCase(Library/Community/Delete Community), ["communityID":CommunityID], STOP_ON_FAILURE): Call Test Case 'Test Cases/Library/Community/Delete Community' successfully

2018-08-16 16:30:38 - [TEST_CASE][PASSED] - Test Cases/Library/Community/Delete Community: Test Cases/Library/Community/Delete Community

2018-08-16 16:30:38 - [TEST_STEP][PASSED] - Statement - deleteCommunity = com.kms.katalon.core.testobject.ObjectRepository.findTestObject(Community/Delete Community, [host:internal.GlobalVariable.g_URL, communityID:communityID]): Finding Test Object with id 'Object Repository/Community/Delete Community'

2018-08-16 16:30:38 - [TEST_STEP][PASSED] - Statement - deleteCommunity.setHttpHeaderProperties(CustomKeywords.requestHeaders.Headers.AddHeaders()): requestHeaders.Headers.AddHeaders is PASSED

2018-08-16 16:30:38 - [MESSAGE][PASSED] - requestHeaders.Headers.AddHeaders is PASSED

2018-08-16 16:30:38 - [TEST_STEP][PASSED] - Statement - deleteCommunityRes = com.kms.katalon.core.webservice.keyword.WSBuiltInKeywords.sendRequest(deleteCommunity): Send request successfully

2018-08-16 16:30:38 - [MESSAGE][PASSED] - Send request successfully

2018-08-16 16:30:38 - [TEST_STEP][PASSED] - verifyResponseStatusCode: Verify response status code successfully

2018-08-16 16:30:38 - [MESSAGE][PASSED] - Verify response status code successfully

2018-08-16 16:30:38 - [TEST_STEP][PASSED] - delay: Delayed 10 second(s)

2018-08-16 16:30:48 - [MESSAGE][PASSED] - Delayed 10 second(s)

2018-08-16 16:30:48 - [TEST_STEP][PASSED] - Statement - reqObj = new com.kms.katalon.core.testobject.RequestObject(): null

2018-08-16 16:30:48 - [TEST_STEP][PASSED] - Statement - reqObj.setHttpHeaderProperties(CustomKeywords.requestHeaders.Headers.AddHeaders()): requestHeaders.Headers.AddHeaders is PASSED

2018-08-16 16:30:48 - [MESSAGE][PASSED] - requestHeaders.Headers.AddHeaders is PASSED

2018-08-16 16:30:48 - [TEST_STEP][PASSED] - Statement - reqObj.setRestRequestMethod("GET"): null

2018-08-16 16:30:48 - [TEST_STEP][PASSED] - Statement - reqObj.setRestUrl(g_URL + "/Services/api/sumtSocial/communities/" + communityID): null

2018-08-16 16:30:48 - [TEST_STEP][PASSED] - Statement - getResponse = com.kms.katalon.core.webservice.keyword.WSBuiltInKeywords.sendRequest(reqObj): Send request successfully

2018-08-16 16:30:48 - [MESSAGE][PASSED] - Send request successfully

2018-08-16 16:30:48 - [TEST_STEP][PASSED] - verifyResponseStatusCode: Verify response status code successfully

2018-08-16 16:30:48 - [MESSAGE][PASSED] - Verify response status code successfully

2018-08-16 16:30:48 - [TEST_STEP][PASSED] - Statement - boolVal = getResponse.getResponseText().equalsIgnoreCase("null"): null

2018-08-16 16:30:48 - [TEST_STEP][PASSED] - Statement - return boolVal: null

2018-08-16 16:30:48 - [MESSAGE][PASSED] - Call Test Case 'Test Cases/Library/Community/Delete Community' successfully]]></system-out>
         <system-err><![CDATA[]]></system-err>
      </testcase>
      <testcase name="Test Cases/TestCases/MD-2552 AdhocCommunity_MOB-3482/TC_19789_19783Verify Work flow when the Ad Hoc Community is configured with Enable Blog Posts and Allow File Uploads" classname="Test Cases/TestCases/MD-2552 AdhocCommunity_MOB-3482/TC_19789_19783Verify Work flow when the Ad Hoc Community is configured with Enable Blog Posts and Allow File Uploads" status="PASSED">
         <system-out><![CDATA[2018-08-16 16:30:48 - [TEST_CASE][PASSED] - Test Cases/TestCases/MD-2552 AdhocCommunity_MOB-3482/TC_19789_19783Verify Work flow when the Ad Hoc Community is configured with Enable Blog Posts and Allow File Uploads: Test Cases/TestCases/MD-2552 AdhocCommunity_MOB-3482/TC_19789_19783Verify Work flow when the Ad Hoc Community is configured with Enable Blog Posts and Allow File Uploads

2018-08-16 16:30:48 - [TEST_STEP][PASSED] - Statement - data = com.kms.katalon.core.testdata.TestDataFactory.findTestData(TestData): Reading CSV file with source file 'comma', separator 'containing header' and '{2}'

2018-08-16 16:30:48 - [TEST_STEP][PASSED] - Statement - response = com.kms.katalon.core.webui.keyword.WebUiBuiltInKeywords.callTestCase(com.kms.katalon.core.testcase.TestCaseFactory.findTestCase(Library/Community/Create Community), ["communityName":data.getValue("CommunityName", 15), "CommunityDesc":data.getValue("CommunityDesc", 15), "allowDiscussionBoards":false, ... ], STOP_ON_FAILURE): Call Test Case 'Test Cases/Library/Community/Create Community' successfully

2018-08-16 16:30:48 - [TEST_CASE][PASSED] - Test Cases/Library/Community/Create Community: Test Cases/Library/Community/Create Community

2018-08-16 16:30:48 - [TEST_STEP][PASSED] - Statement - request = com.kms.katalon.core.testobject.ObjectRepository.findTestObject(Community/POST Create Community, [host:internal.GlobalVariable.g_URL]): Finding Test Object with id 'Object Repository/Community/POST Create Community'

2018-08-16 16:30:48 - [TEST_STEP][PASSED] - Statement - request.setHttpHeaderProperties(CustomKeywords.requestHeaders.Headers.AddHeaders()): requestHeaders.Headers.AddHeaders is PASSED

2018-08-16 16:30:48 - [MESSAGE][PASSED] - requestHeaders.Headers.AddHeaders is PASSED

2018-08-16 16:30:48 - [TEST_STEP][PASSED] - Statement - reponse = <not implemented yet for class: org.codehaus.groovy.ast.expr.EmptyExpression>: null

2018-08-16 16:30:48 - [TEST_STEP][PASSED] - Statement - vsRequestBody = "": null

2018-08-16 16:30:48 - [TEST_STEP][PASSED] - Statement - vsRequestBody = request.getHttpBody(): null

2018-08-16 16:30:48 - [TEST_STEP][PASSED] - Statement - vsRequestBody = vsRequestBody.replace("${CommunityName}", """ + communityName + """): null

2018-08-16 16:30:48 - [TEST_STEP][PASSED] - Statement - vsRequestBody = vsRequestBody.replace("${CommunityDesc}", """ + CommunityDesc + """): null

2018-08-16 16:30:48 - [TEST_STEP][PASSED] - Statement - vsRequestBody = vsRequestBody.replace("${allowDiscussionBoards}", """ + allowDiscussionBoards + """): null

2018-08-16 16:30:48 - [TEST_STEP][PASSED] - Statement - vsRequestBody = vsRequestBody.replace("${allowBlogPosts}", """ + allowBlogPosts + """): null

2018-08-16 16:30:48 - [TEST_STEP][PASSED] - Statement - vsRequestBody = vsRequestBody.replace("${allowFileUploads}", """ + allowFileUploads + """): null

2018-08-16 16:30:48 - [TEST_STEP][PASSED] - Statement - vsRequestBody = vsRequestBody.replace("${isPrivate}", """ + isPrivate + """): null

2018-08-16 16:30:48 - [TEST_STEP][PASSED] - Statement - vsRequestBody = vsRequestBody.replace("${userName}", """ + userName + """): null

2018-08-16 16:30:48 - [TEST_STEP][PASSED] - Statement - vsRequestBody = vsRequestBody.replace("${userId}", """ + userId + """): null

2018-08-16 16:30:48 - [TEST_STEP][PASSED] - Statement - vsRequestBody = vsRequestBody.replace("${role}", """ + role + """): null

2018-08-16 16:30:48 - [TEST_STEP][PASSED] - Statement - vsRequestBody = vsRequestBody.replace("${userStatus}", """ + userStatus + """): null

2018-08-16 16:30:48 - [TEST_STEP][PASSED] - Statement - vsRequestBody = vsRequestBody.replace("${communityCode}", """ + communityCode + """): null

2018-08-16 16:30:48 - [TEST_STEP][PASSED] - Statement - vsRequestBody = vsRequestBody.replace("${hidden}", """ + isHidden + """): null

2018-08-16 16:30:48 - [TEST_STEP][PASSED] - Statement - request.setHttpBody(vsRequestBody): null

2018-08-16 16:30:48 - [TEST_STEP][PASSED] - Statement - response = com.kms.katalon.core.webservice.keyword.WSBuiltInKeywords.sendRequest(request): Send request successfully

2018-08-16 16:30:48 - [MESSAGE][PASSED] - Send request successfully

2018-08-16 16:30:48 - [TEST_STEP][PASSED] - verifyResponseStatusCode: Verify response status code successfully

2018-08-16 16:30:48 - [MESSAGE][PASSED] - Verify response status code successfully

2018-08-16 16:30:48 - [TEST_STEP][PASSED] - containsString: Check contain string successfully

2018-08-16 16:30:48 - [MESSAGE][PASSED] - Check contain string successfully

2018-08-16 16:30:48 - [TEST_STEP][PASSED] - Statement - return response: null

2018-08-16 16:30:48 - [MESSAGE][PASSED] - Call Test Case 'Test Cases/Library/Community/Create Community' successfully

2018-08-16 16:30:48 - [TEST_STEP][PASSED] - Statement - CommunityID = id: getAttributeValue.GetAttributeValue.GetAttribute is PASSED

2018-08-16 16:30:48 - [MESSAGE][PASSED] - getAttributeValue.GetAttributeValue.GetAttribute is PASSED

2018-08-16 16:30:48 - [TEST_STEP][PASSED] - verifyResponseStatusCode: Verify response status code successfully

2018-08-16 16:30:48 - [MESSAGE][PASSED] - Verify response status code successfully

2018-08-16 16:30:48 - [TEST_STEP][PASSED] - verifyElementPropertyValue: Verify element property value successfully

2018-08-16 16:30:48 - [MESSAGE][PASSED] - Verify element property value successfully

2018-08-16 16:30:48 - [TEST_STEP][PASSED] - Statement - res = com.kms.katalon.core.webui.keyword.WebUiBuiltInKeywords.callTestCase(com.kms.katalon.core.testcase.TestCaseFactory.findTestCase(Library/Community/Delete Community), ["communityID":CommunityID], STOP_ON_FAILURE): Call Test Case 'Test Cases/Library/Community/Delete Community' successfully

2018-08-16 16:30:48 - [TEST_CASE][PASSED] - Test Cases/Library/Community/Delete Community: Test Cases/Library/Community/Delete Community

2018-08-16 16:30:48 - [TEST_STEP][PASSED] - Statement - deleteCommunity = com.kms.katalon.core.testobject.ObjectRepository.findTestObject(Community/Delete Community, [host:internal.GlobalVariable.g_URL, communityID:communityID]): Finding Test Object with id 'Object Repository/Community/Delete Community'

2018-08-16 16:30:48 - [TEST_STEP][PASSED] - Statement - deleteCommunity.setHttpHeaderProperties(CustomKeywords.requestHeaders.Headers.AddHeaders()): requestHeaders.Headers.AddHeaders is PASSED

2018-08-16 16:30:48 - [MESSAGE][PASSED] - requestHeaders.Headers.AddHeaders is PASSED

2018-08-16 16:30:48 - [TEST_STEP][PASSED] - Statement - deleteCommunityRes = com.kms.katalon.core.webservice.keyword.WSBuiltInKeywords.sendRequest(deleteCommunity): Send request successfully

2018-08-16 16:30:48 - [MESSAGE][PASSED] - Send request successfully

2018-08-16 16:30:48 - [TEST_STEP][PASSED] - verifyResponseStatusCode: Verify response status code successfully

2018-08-16 16:30:48 - [MESSAGE][PASSED] - Verify response status code successfully

2018-08-16 16:30:48 - [TEST_STEP][PASSED] - delay: Delayed 10 second(s)

2018-08-16 16:30:58 - [MESSAGE][PASSED] - Delayed 10 second(s)

2018-08-16 16:30:58 - [TEST_STEP][PASSED] - Statement - reqObj = new com.kms.katalon.core.testobject.RequestObject(): null

2018-08-16 16:30:58 - [TEST_STEP][PASSED] - Statement - reqObj.setHttpHeaderProperties(CustomKeywords.requestHeaders.Headers.AddHeaders()): requestHeaders.Headers.AddHeaders is PASSED

2018-08-16 16:30:58 - [MESSAGE][PASSED] - requestHeaders.Headers.AddHeaders is PASSED

2018-08-16 16:30:58 - [TEST_STEP][PASSED] - Statement - reqObj.setRestRequestMethod("GET"): null

2018-08-16 16:30:58 - [TEST_STEP][PASSED] - Statement - reqObj.setRestUrl(g_URL + "/Services/api/sumtSocial/communities/" + communityID): null

2018-08-16 16:30:58 - [TEST_STEP][PASSED] - Statement - getResponse = com.kms.katalon.core.webservice.keyword.WSBuiltInKeywords.sendRequest(reqObj): Send request successfully

2018-08-16 16:30:58 - [MESSAGE][PASSED] - Send request successfully

2018-08-16 16:30:58 - [TEST_STEP][PASSED] - verifyResponseStatusCode: Verify response status code successfully

2018-08-16 16:30:58 - [MESSAGE][PASSED] - Verify response status code successfully

2018-08-16 16:30:58 - [TEST_STEP][PASSED] - Statement - boolVal = getResponse.getResponseText().equalsIgnoreCase("null"): null

2018-08-16 16:30:58 - [TEST_STEP][PASSED] - Statement - return boolVal: null

2018-08-16 16:30:58 - [MESSAGE][PASSED] - Call Test Case 'Test Cases/Library/Community/Delete Community' successfully]]></system-out>
         <system-err><![CDATA[]]></system-err>
      </testcase>
      <testcase name="Test Cases/TestCases/MD-2552 AdhocCommunity_MOB-3482/TC_19790_19785Verify Display of Community Enable Discussion Boards Enable Blog Posts and Allow File Uploads" classname="Test Cases/TestCases/MD-2552 AdhocCommunity_MOB-3482/TC_19790_19785Verify Display of Community Enable Discussion Boards Enable Blog Posts and Allow File Uploads" status="PASSED">
         <system-out><![CDATA[2018-08-16 16:30:58 - [TEST_CASE][PASSED] - Test Cases/TestCases/MD-2552 AdhocCommunity_MOB-3482/TC_19790_19785Verify Display of Community Enable Discussion Boards Enable Blog Posts and Allow File Uploads: Test Cases/TestCases/MD-2552 AdhocCommunity_MOB-3482/TC_19790_19785Verify Display of Community Enable Discussion Boards Enable Blog Posts and Allow File Uploads

2018-08-16 16:30:58 - [TEST_STEP][PASSED] - Statement - data = com.kms.katalon.core.testdata.TestDataFactory.findTestData(TestData): Reading CSV file with source file 'comma', separator 'containing header' and '{2}'

2018-08-16 16:30:58 - [TEST_STEP][PASSED] - Statement - response = com.kms.katalon.core.webui.keyword.WebUiBuiltInKeywords.callTestCase(com.kms.katalon.core.testcase.TestCaseFactory.findTestCase(Library/Community/Create Community), ["communityName":data.getValue("CommunityName", 16), "CommunityDesc":data.getValue("CommunityDesc", 16), "allowDiscussionBoards":true, ... ], STOP_ON_FAILURE): Call Test Case 'Test Cases/Library/Community/Create Community' successfully

2018-08-16 16:30:59 - [TEST_CASE][PASSED] - Test Cases/Library/Community/Create Community: Test Cases/Library/Community/Create Community

2018-08-16 16:30:59 - [TEST_STEP][PASSED] - Statement - request = com.kms.katalon.core.testobject.ObjectRepository.findTestObject(Community/POST Create Community, [host:internal.GlobalVariable.g_URL]): Finding Test Object with id 'Object Repository/Community/POST Create Community'

2018-08-16 16:30:59 - [TEST_STEP][PASSED] - Statement - request.setHttpHeaderProperties(CustomKeywords.requestHeaders.Headers.AddHeaders()): requestHeaders.Headers.AddHeaders is PASSED

2018-08-16 16:30:59 - [MESSAGE][PASSED] - requestHeaders.Headers.AddHeaders is PASSED

2018-08-16 16:30:59 - [TEST_STEP][PASSED] - Statement - reponse = <not implemented yet for class: org.codehaus.groovy.ast.expr.EmptyExpression>: null

2018-08-16 16:30:59 - [TEST_STEP][PASSED] - Statement - vsRequestBody = "": null

2018-08-16 16:30:59 - [TEST_STEP][PASSED] - Statement - vsRequestBody = request.getHttpBody(): null

2018-08-16 16:30:59 - [TEST_STEP][PASSED] - Statement - vsRequestBody = vsRequestBody.replace("${CommunityName}", """ + communityName + """): null

2018-08-16 16:30:59 - [TEST_STEP][PASSED] - Statement - vsRequestBody = vsRequestBody.replace("${CommunityDesc}", """ + CommunityDesc + """): null

2018-08-16 16:30:59 - [TEST_STEP][PASSED] - Statement - vsRequestBody = vsRequestBody.replace("${allowDiscussionBoards}", """ + allowDiscussionBoards + """): null

2018-08-16 16:30:59 - [TEST_STEP][PASSED] - Statement - vsRequestBody = vsRequestBody.replace("${allowBlogPosts}", """ + allowBlogPosts + """): null

2018-08-16 16:30:59 - [TEST_STEP][PASSED] - Statement - vsRequestBody = vsRequestBody.replace("${allowFileUploads}", """ + allowFileUploads + """): null

2018-08-16 16:30:59 - [TEST_STEP][PASSED] - Statement - vsRequestBody = vsRequestBody.replace("${isPrivate}", """ + isPrivate + """): null

2018-08-16 16:30:59 - [TEST_STEP][PASSED] - Statement - vsRequestBody = vsRequestBody.replace("${userName}", """ + userName + """): null

2018-08-16 16:30:59 - [TEST_STEP][PASSED] - Statement - vsRequestBody = vsRequestBody.replace("${userId}", """ + userId + """): null

2018-08-16 16:30:59 - [TEST_STEP][PASSED] - Statement - vsRequestBody = vsRequestBody.replace("${role}", """ + role + """): null

2018-08-16 16:30:59 - [TEST_STEP][PASSED] - Statement - vsRequestBody = vsRequestBody.replace("${userStatus}", """ + userStatus + """): null

2018-08-16 16:30:59 - [TEST_STEP][PASSED] - Statement - vsRequestBody = vsRequestBody.replace("${communityCode}", """ + communityCode + """): null

2018-08-16 16:30:59 - [TEST_STEP][PASSED] - Statement - vsRequestBody = vsRequestBody.replace("${hidden}", """ + isHidden + """): null

2018-08-16 16:30:59 - [TEST_STEP][PASSED] - Statement - request.setHttpBody(vsRequestBody): null

2018-08-16 16:30:59 - [TEST_STEP][PASSED] - Statement - response = com.kms.katalon.core.webservice.keyword.WSBuiltInKeywords.sendRequest(request): Send request successfully

2018-08-16 16:30:59 - [MESSAGE][PASSED] - Send request successfully

2018-08-16 16:30:59 - [TEST_STEP][PASSED] - verifyResponseStatusCode: Verify response status code successfully

2018-08-16 16:30:59 - [MESSAGE][PASSED] - Verify response status code successfully

2018-08-16 16:30:59 - [TEST_STEP][PASSED] - containsString: Check contain string successfully

2018-08-16 16:30:59 - [MESSAGE][PASSED] - Check contain string successfully

2018-08-16 16:30:59 - [TEST_STEP][PASSED] - Statement - return response: null

2018-08-16 16:30:59 - [MESSAGE][PASSED] - Call Test Case 'Test Cases/Library/Community/Create Community' successfully

2018-08-16 16:30:59 - [TEST_STEP][PASSED] - Statement - CommunityID = id: getAttributeValue.GetAttributeValue.GetAttribute is PASSED

2018-08-16 16:30:59 - [MESSAGE][PASSED] - getAttributeValue.GetAttributeValue.GetAttribute is PASSED

2018-08-16 16:30:59 - [TEST_STEP][PASSED] - verifyResponseStatusCode: Verify response status code successfully

2018-08-16 16:30:59 - [MESSAGE][PASSED] - Verify response status code successfully

2018-08-16 16:30:59 - [TEST_STEP][PASSED] - verifyElementPropertyValue: Verify element property value successfully

2018-08-16 16:30:59 - [MESSAGE][PASSED] - Verify element property value successfully

2018-08-16 16:30:59 - [TEST_STEP][PASSED] - verifyElementPropertyValue: Verify element property value successfully

2018-08-16 16:30:59 - [MESSAGE][PASSED] - Verify element property value successfully

2018-08-16 16:30:59 - [TEST_STEP][PASSED] - verifyElementPropertyValue: Verify element property value successfully

2018-08-16 16:30:59 - [MESSAGE][PASSED] - Verify element property value successfully

2018-08-16 16:30:59 - [TEST_STEP][PASSED] - verifyElementPropertyValue: Verify element property value successfully

2018-08-16 16:30:59 - [MESSAGE][PASSED] - Verify element property value successfully

2018-08-16 16:30:59 - [TEST_STEP][PASSED] - Statement - res = com.kms.katalon.core.webui.keyword.WebUiBuiltInKeywords.callTestCase(com.kms.katalon.core.testcase.TestCaseFactory.findTestCase(Library/Community/Delete Community), ["communityID":CommunityID], STOP_ON_FAILURE): Call Test Case 'Test Cases/Library/Community/Delete Community' successfully

2018-08-16 16:30:59 - [TEST_CASE][PASSED] - Test Cases/Library/Community/Delete Community: Test Cases/Library/Community/Delete Community

2018-08-16 16:30:59 - [TEST_STEP][PASSED] - Statement - deleteCommunity = com.kms.katalon.core.testobject.ObjectRepository.findTestObject(Community/Delete Community, [host:internal.GlobalVariable.g_URL, communityID:communityID]): Finding Test Object with id 'Object Repository/Community/Delete Community'

2018-08-16 16:30:59 - [TEST_STEP][PASSED] - Statement - deleteCommunity.setHttpHeaderProperties(CustomKeywords.requestHeaders.Headers.AddHeaders()): requestHeaders.Headers.AddHeaders is PASSED

2018-08-16 16:30:59 - [MESSAGE][PASSED] - requestHeaders.Headers.AddHeaders is PASSED

2018-08-16 16:30:59 - [TEST_STEP][PASSED] - Statement - deleteCommunityRes = com.kms.katalon.core.webservice.keyword.WSBuiltInKeywords.sendRequest(deleteCommunity): Send request successfully

2018-08-16 16:30:59 - [MESSAGE][PASSED] - Send request successfully

2018-08-16 16:30:59 - [TEST_STEP][PASSED] - verifyResponseStatusCode: Verify response status code successfully

2018-08-16 16:30:59 - [MESSAGE][PASSED] - Verify response status code successfully

2018-08-16 16:30:59 - [TEST_STEP][PASSED] - delay: Delayed 10 second(s)

2018-08-16 16:31:09 - [MESSAGE][PASSED] - Delayed 10 second(s)

2018-08-16 16:31:09 - [TEST_STEP][PASSED] - Statement - reqObj = new com.kms.katalon.core.testobject.RequestObject(): null

2018-08-16 16:31:09 - [TEST_STEP][PASSED] - Statement - reqObj.setHttpHeaderProperties(CustomKeywords.requestHeaders.Headers.AddHeaders()): requestHeaders.Headers.AddHeaders is PASSED

2018-08-16 16:31:09 - [MESSAGE][PASSED] - requestHeaders.Headers.AddHeaders is PASSED

2018-08-16 16:31:09 - [TEST_STEP][PASSED] - Statement - reqObj.setRestRequestMethod("GET"): null

2018-08-16 16:31:09 - [TEST_STEP][PASSED] - Statement - reqObj.setRestUrl(g_URL + "/Services/api/sumtSocial/communities/" + communityID): null

2018-08-16 16:31:09 - [TEST_STEP][PASSED] - Statement - getResponse = com.kms.katalon.core.webservice.keyword.WSBuiltInKeywords.sendRequest(reqObj): Send request successfully

2018-08-16 16:31:09 - [MESSAGE][PASSED] - Send request successfully

2018-08-16 16:31:09 - [TEST_STEP][PASSED] - verifyResponseStatusCode: Verify response status code successfully

2018-08-16 16:31:09 - [MESSAGE][PASSED] - Verify response status code successfully

2018-08-16 16:31:09 - [TEST_STEP][PASSED] - Statement - boolVal = getResponse.getResponseText().equalsIgnoreCase("null"): null

2018-08-16 16:31:09 - [TEST_STEP][PASSED] - Statement - return boolVal: null

2018-08-16 16:31:09 - [MESSAGE][PASSED] - Call Test Case 'Test Cases/Library/Community/Delete Community' successfully]]></system-out>
         <system-err><![CDATA[]]></system-err>
      </testcase>
      <testcase name="Test Cases/TestCases/MD-2552 AdhocCommunity_MOB-3482/TC_19792Verify Community neither of selecting Enable Discussion Board Enable Blog Posts and Allow File Uploads options" classname="Test Cases/TestCases/MD-2552 AdhocCommunity_MOB-3482/TC_19792Verify Community neither of selecting Enable Discussion Board Enable Blog Posts and Allow File Uploads options" status="FAILED">
         <failure type="FAILED" message="org.codehaus.groovy.runtime.powerassert.PowerAssertionError: assert true==false
           |
           false"/>
         <system-out><![CDATA[2018-08-16 16:31:09 - [TEST_CASE][FAILED] - Test Cases/TestCases/MD-2552 AdhocCommunity_MOB-3482/TC_19792Verify Community neither of selecting Enable Discussion Board Enable Blog Posts and Allow File Uploads options: Test Cases/TestCases/MD-2552 AdhocCommunity_MOB-3482/TC_19792Verify Community neither of selecting Enable Discussion Board Enable Blog Posts and Allow File Uploads options FAILED because (of) org.codehaus.groovy.runtime.powerassert.PowerAssertionError: assert true==false
           |
           false

2018-08-16 16:31:09 - [TEST_STEP][PASSED] - Statement - data = com.kms.katalon.core.testdata.TestDataFactory.findTestData(TestData): Reading CSV file with source file 'comma', separator 'containing header' and '{2}'

2018-08-16 16:31:09 - [TEST_STEP][PASSED] - Statement - resposne = com.kms.katalon.core.webui.keyword.WebUiBuiltInKeywords.callTestCase(com.kms.katalon.core.testcase.TestCaseFactory.findTestCase(Library/Community/Create Community), ["communityName":data.getValue("CommunityName", 17), "CommunityDesc":data.getValue("CommunityDesc", 17), "allowDiscussionBoards":false, ... ], STOP_ON_FAILURE): Call Test Case 'Test Cases/Library/Community/Create Community' successfully

2018-08-16 16:31:09 - [TEST_CASE][PASSED] - Test Cases/Library/Community/Create Community: Test Cases/Library/Community/Create Community

2018-08-16 16:31:09 - [TEST_STEP][PASSED] - Statement - request = com.kms.katalon.core.testobject.ObjectRepository.findTestObject(Community/POST Create Community, [host:internal.GlobalVariable.g_URL]): Finding Test Object with id 'Object Repository/Community/POST Create Community'

2018-08-16 16:31:09 - [TEST_STEP][PASSED] - Statement - request.setHttpHeaderProperties(CustomKeywords.requestHeaders.Headers.AddHeaders()): requestHeaders.Headers.AddHeaders is PASSED

2018-08-16 16:31:09 - [MESSAGE][PASSED] - requestHeaders.Headers.AddHeaders is PASSED

2018-08-16 16:31:09 - [TEST_STEP][PASSED] - Statement - reponse = <not implemented yet for class: org.codehaus.groovy.ast.expr.EmptyExpression>: null

2018-08-16 16:31:09 - [TEST_STEP][PASSED] - Statement - vsRequestBody = "": null

2018-08-16 16:31:09 - [TEST_STEP][PASSED] - Statement - vsRequestBody = request.getHttpBody(): null

2018-08-16 16:31:09 - [TEST_STEP][PASSED] - Statement - vsRequestBody = vsRequestBody.replace("${CommunityName}", """ + communityName + """): null

2018-08-16 16:31:09 - [TEST_STEP][PASSED] - Statement - vsRequestBody = vsRequestBody.replace("${CommunityDesc}", """ + CommunityDesc + """): null

2018-08-16 16:31:09 - [TEST_STEP][PASSED] - Statement - vsRequestBody = vsRequestBody.replace("${allowDiscussionBoards}", """ + allowDiscussionBoards + """): null

2018-08-16 16:31:09 - [TEST_STEP][PASSED] - Statement - vsRequestBody = vsRequestBody.replace("${allowBlogPosts}", """ + allowBlogPosts + """): null

2018-08-16 16:31:09 - [TEST_STEP][PASSED] - Statement - vsRequestBody = vsRequestBody.replace("${allowFileUploads}", """ + allowFileUploads + """): null

2018-08-16 16:31:09 - [TEST_STEP][PASSED] - Statement - vsRequestBody = vsRequestBody.replace("${isPrivate}", """ + isPrivate + """): null

2018-08-16 16:31:09 - [TEST_STEP][PASSED] - Statement - vsRequestBody = vsRequestBody.replace("${userName}", """ + userName + """): null

2018-08-16 16:31:09 - [TEST_STEP][PASSED] - Statement - vsRequestBody = vsRequestBody.replace("${userId}", """ + userId + """): null

2018-08-16 16:31:09 - [TEST_STEP][PASSED] - Statement - vsRequestBody = vsRequestBody.replace("${role}", """ + role + """): null

2018-08-16 16:31:09 - [TEST_STEP][PASSED] - Statement - vsRequestBody = vsRequestBody.replace("${userStatus}", """ + userStatus + """): null

2018-08-16 16:31:09 - [TEST_STEP][PASSED] - Statement - vsRequestBody = vsRequestBody.replace("${communityCode}", """ + communityCode + """): null

2018-08-16 16:31:09 - [TEST_STEP][PASSED] - Statement - vsRequestBody = vsRequestBody.replace("${hidden}", """ + isHidden + """): null

2018-08-16 16:31:09 - [TEST_STEP][PASSED] - Statement - request.setHttpBody(vsRequestBody): null

2018-08-16 16:31:09 - [TEST_STEP][PASSED] - Statement - response = com.kms.katalon.core.webservice.keyword.WSBuiltInKeywords.sendRequest(request): Send request successfully

2018-08-16 16:31:09 - [MESSAGE][PASSED] - Send request successfully

2018-08-16 16:31:09 - [TEST_STEP][PASSED] - verifyResponseStatusCode: Verify response status code successfully

2018-08-16 16:31:09 - [MESSAGE][PASSED] - Verify response status code successfully

2018-08-16 16:31:09 - [TEST_STEP][PASSED] - containsString: Check contain string successfully

2018-08-16 16:31:09 - [MESSAGE][PASSED] - Check contain string successfully

2018-08-16 16:31:09 - [TEST_STEP][PASSED] - Statement - return response: null

2018-08-16 16:31:09 - [MESSAGE][PASSED] - Call Test Case 'Test Cases/Library/Community/Create Community' successfully

2018-08-16 16:31:09 - [TEST_STEP][PASSED] - Statement - CommunityID = id: getAttributeValue.GetAttributeValue.GetAttribute is PASSED

2018-08-16 16:31:09 - [MESSAGE][PASSED] - getAttributeValue.GetAttributeValue.GetAttribute is PASSED

2018-08-16 16:31:09 - [TEST_STEP][PASSED] - Statement - If (com.kms.katalon.core.webservice.keyword.WSBuiltInKeywords.verifyResponseStatusCode(resposne, 200)): null

2018-08-16 16:31:09 - [MESSAGE][PASSED] - Verify response status code successfully

2018-08-16 16:31:09 - [TEST_STEP][PASSED] - Statement - println("This is negative senario: Create community by disabling options are Blog,Discussions and Uploads"): null

2018-08-16 16:31:09 - [TEST_STEP][PASSED] - Statement - assert true == false: null]]></system-out>
         <system-err><![CDATA[2018-08-16 16:31:09 - [TEST_CASE][FAILED] - Test Cases/TestCases/MD-2552 AdhocCommunity_MOB-3482/TC_19792Verify Community neither of selecting Enable Discussion Board Enable Blog Posts and Allow File Uploads options: Test Cases/TestCases/MD-2552 AdhocCommunity_MOB-3482/TC_19792Verify Community neither of selecting Enable Discussion Board Enable Blog Posts and Allow File Uploads options FAILED because (of) org.codehaus.groovy.runtime.powerassert.PowerAssertionError: assert true==false
           |
           false]]></system-err>
      </testcase>
      <testcase name="Test Cases/TestCases/MD-2552 AdhocCommunity_MOB-3482/TC_19872Check the users who will get added to the community will became the contributor by default" classname="Test Cases/TestCases/MD-2552 AdhocCommunity_MOB-3482/TC_19872Check the users who will get added to the community will became the contributor by default" status="PASSED">
         <system-out><![CDATA[2018-08-16 16:31:09 - [TEST_CASE][PASSED] - Test Cases/TestCases/MD-2552 AdhocCommunity_MOB-3482/TC_19872Check the users who will get added to the community will became the contributor by default: Test Cases/TestCases/MD-2552 AdhocCommunity_MOB-3482/TC_19872Check the users who will get added to the community will became the contributor by default

2018-08-16 16:31:09 - [TEST_STEP][PASSED] - Statement - personpk = "usercontrating3": null

2018-08-16 16:31:09 - [TEST_STEP][PASSED] - Statement - Activity = "NewActivity__20180719": null

2018-08-16 16:31:09 - [TEST_STEP][PASSED] - Statement - ActivityName = "'" + Activity + "'": null

2018-08-16 16:31:09 - [TEST_STEP][PASSED] - Statement - pk = "'" + personpk + "'": null

2018-08-16 16:31:09 - [TEST_STEP][PASSED] - Statement - ss = "": null

2018-08-16 16:31:09 - [TEST_STEP][PASSED] - Statement - data = com.kms.katalon.core.testdata.TestDataFactory.findTestData(TestData): Reading CSV file with source file 'comma', separator 'containing header' and '{2}'

2018-08-16 16:31:09 - [TEST_STEP][PASSED] - Statement - retValue = false: null

2018-08-16 16:31:09 - [TEST_STEP][PASSED] - Statement - response = com.kms.katalon.core.webui.keyword.WebUiBuiltInKeywords.callTestCase(com.kms.katalon.core.testcase.TestCaseFactory.findTestCase(Library/Community/Create Community), ["communityName":data.getValue("CommunityName", 18), "CommunityDesc":data.getValue("CommunityDesc", 18), "allowDiscussionBoards":true, ... ], STOP_ON_FAILURE): Call Test Case 'Test Cases/Library/Community/Create Community' successfully

2018-08-16 16:31:10 - [TEST_CASE][PASSED] - Test Cases/Library/Community/Create Community: Test Cases/Library/Community/Create Community

2018-08-16 16:31:10 - [TEST_STEP][PASSED] - Statement - request = com.kms.katalon.core.testobject.ObjectRepository.findTestObject(Community/POST Create Community, [host:internal.GlobalVariable.g_URL]): Finding Test Object with id 'Object Repository/Community/POST Create Community'

2018-08-16 16:31:10 - [TEST_STEP][PASSED] - Statement - request.setHttpHeaderProperties(CustomKeywords.requestHeaders.Headers.AddHeaders()): requestHeaders.Headers.AddHeaders is PASSED

2018-08-16 16:31:10 - [MESSAGE][PASSED] - requestHeaders.Headers.AddHeaders is PASSED

2018-08-16 16:31:10 - [TEST_STEP][PASSED] - Statement - reponse = <not implemented yet for class: org.codehaus.groovy.ast.expr.EmptyExpression>: null

2018-08-16 16:31:10 - [TEST_STEP][PASSED] - Statement - vsRequestBody = "": null

2018-08-16 16:31:10 - [TEST_STEP][PASSED] - Statement - vsRequestBody = request.getHttpBody(): null

2018-08-16 16:31:10 - [TEST_STEP][PASSED] - Statement - vsRequestBody = vsRequestBody.replace("${CommunityName}", """ + communityName + """): null

2018-08-16 16:31:10 - [TEST_STEP][PASSED] - Statement - vsRequestBody = vsRequestBody.replace("${CommunityDesc}", """ + CommunityDesc + """): null

2018-08-16 16:31:10 - [TEST_STEP][PASSED] - Statement - vsRequestBody = vsRequestBody.replace("${allowDiscussionBoards}", """ + allowDiscussionBoards + """): null

2018-08-16 16:31:10 - [TEST_STEP][PASSED] - Statement - vsRequestBody = vsRequestBody.replace("${allowBlogPosts}", """ + allowBlogPosts + """): null

2018-08-16 16:31:10 - [TEST_STEP][PASSED] - Statement - vsRequestBody = vsRequestBody.replace("${allowFileUploads}", """ + allowFileUploads + """): null

2018-08-16 16:31:10 - [TEST_STEP][PASSED] - Statement - vsRequestBody = vsRequestBody.replace("${isPrivate}", """ + isPrivate + """): null

2018-08-16 16:31:10 - [TEST_STEP][PASSED] - Statement - vsRequestBody = vsRequestBody.replace("${userName}", """ + userName + """): null

2018-08-16 16:31:10 - [TEST_STEP][PASSED] - Statement - vsRequestBody = vsRequestBody.replace("${userId}", """ + userId + """): null

2018-08-16 16:31:10 - [TEST_STEP][PASSED] - Statement - vsRequestBody = vsRequestBody.replace("${role}", """ + role + """): null

2018-08-16 16:31:10 - [TEST_STEP][PASSED] - Statement - vsRequestBody = vsRequestBody.replace("${userStatus}", """ + userStatus + """): null

2018-08-16 16:31:10 - [TEST_STEP][PASSED] - Statement - vsRequestBody = vsRequestBody.replace("${communityCode}", """ + communityCode + """): null

2018-08-16 16:31:10 - [TEST_STEP][PASSED] - Statement - vsRequestBody = vsRequestBody.replace("${hidden}", """ + isHidden + """): null

2018-08-16 16:31:10 - [TEST_STEP][PASSED] - Statement - request.setHttpBody(vsRequestBody): null

2018-08-16 16:31:10 - [TEST_STEP][PASSED] - Statement - response = com.kms.katalon.core.webservice.keyword.WSBuiltInKeywords.sendRequest(request): Send request successfully

2018-08-16 16:31:10 - [MESSAGE][PASSED] - Send request successfully

2018-08-16 16:31:10 - [TEST_STEP][PASSED] - verifyResponseStatusCode: Verify response status code successfully

2018-08-16 16:31:10 - [MESSAGE][PASSED] - Verify response status code successfully

2018-08-16 16:31:10 - [TEST_STEP][PASSED] - containsString: Check contain string successfully

2018-08-16 16:31:10 - [MESSAGE][PASSED] - Check contain string successfully

2018-08-16 16:31:10 - [TEST_STEP][PASSED] - Statement - return response: null

2018-08-16 16:31:10 - [MESSAGE][PASSED] - Call Test Case 'Test Cases/Library/Community/Create Community' successfully

2018-08-16 16:31:10 - [TEST_STEP][PASSED] - Statement - CommunityID = id: getAttributeValue.GetAttributeValue.GetAttribute is PASSED

2018-08-16 16:31:10 - [MESSAGE][PASSED] - getAttributeValue.GetAttributeValue.GetAttribute is PASSED

2018-08-16 16:31:10 - [TEST_STEP][PASSED] - Statement - recordset = CustomKeywords.dbConnectionPackage.DBConnectionKeyword.executeQuery("select * from PERSON where FirstName=" + pk): dbConnectionPackage.DBConnectionKeyword.executeQuery is PASSED

2018-08-16 16:31:25 - [MESSAGE][PASSED] - Delayed 15 second(s)

2018-08-16 16:31:25 - [MESSAGE][PASSED] - dbConnectionPackage.DBConnectionKeyword.executeQuery is PASSED

2018-08-16 16:31:25 - [TEST_STEP][PASSED] - Statement - While (recordset.next()): USERID IS 101302

2018-08-16 16:31:25 - [TEST_STEP][PASSED] - Statement - ss = recordset.getObject("PersonPK"): null

2018-08-16 16:31:25 - [TEST_STEP][PASSED] - comment: USERID IS 101302

2018-08-16 16:31:25 - [TEST_STEP][PASSED] - dbConnectionPackage.DBConnectionKeyword.CloseConnections: dbConnectionPackage.DBConnectionKeyword.CloseConnections is PASSED

2018-08-16 16:31:30 - [MESSAGE][PASSED] - Delayed 5 second(s)

2018-08-16 16:31:30 - [MESSAGE][PASSED] - dbConnectionPackage.DBConnectionKeyword.CloseConnections is PASSED

2018-08-16 16:31:30 - [TEST_STEP][PASSED] - Statement - response1 = com.kms.katalon.core.webui.keyword.WebUiBuiltInKeywords.callTestCase(com.kms.katalon.core.testcase.TestCaseFactory.findTestCase(Library/Community/Add a member to community), ["rating":"3", "userID":ss, "userName":personpk, "communityID":CommunityID], STOP_ON_FAILURE): Call Test Case 'Test Cases/Library/Community/Add a member to community' successfully

2018-08-16 16:31:30 - [TEST_CASE][PASSED] - Test Cases/Library/Community/Add a member to community: Test Cases/Library/Community/Add a member to community

2018-08-16 16:31:30 - [TEST_STEP][PASSED] - Statement - request = com.kms.katalon.core.testobject.ObjectRepository.findTestObject(Object Repository/Community/Add a member to community, [host:internal.GlobalVariable.g_URL, CommunityID:communityID]): Finding Test Object with id 'Object Repository/Community/Add a member to community'

2018-08-16 16:31:30 - [TEST_STEP][PASSED] - Statement - request.setHttpHeaderProperties(CustomKeywords.requestHeaders.Headers.AddHeaders()): requestHeaders.Headers.AddHeaders is PASSED

2018-08-16 16:31:30 - [MESSAGE][PASSED] - requestHeaders.Headers.AddHeaders is PASSED

2018-08-16 16:31:30 - [TEST_STEP][PASSED] - Statement - reponse = <not implemented yet for class: org.codehaus.groovy.ast.expr.EmptyExpression>: null

2018-08-16 16:31:30 - [TEST_STEP][PASSED] - Statement - vsRequestBody = "": null

2018-08-16 16:31:30 - [TEST_STEP][PASSED] - Statement - vsRequestBody = request.getHttpBody(): null

2018-08-16 16:31:30 - [TEST_STEP][PASSED] - Statement - vsRequestBody = vsRequestBody.replace("${rating}", """ + rating + """): null

2018-08-16 16:31:30 - [TEST_STEP][PASSED] - Statement - vsRequestBody = vsRequestBody.replace("${userID}", """ + userID + """): null

2018-08-16 16:31:30 - [TEST_STEP][PASSED] - Statement - vsRequestBody = vsRequestBody.replace("${userName}", """ + userName + """): null

2018-08-16 16:31:30 - [TEST_STEP][PASSED] - Statement - request.setHttpBody(vsRequestBody): null

2018-08-16 16:31:30 - [TEST_STEP][PASSED] - Statement - response = com.kms.katalon.core.webservice.keyword.WSBuiltInKeywords.sendRequest(request): Send request successfully

2018-08-16 16:31:30 - [MESSAGE][PASSED] - Send request successfully

2018-08-16 16:31:30 - [TEST_STEP][PASSED] - verifyResponseStatusCode: Verify response status code successfully

2018-08-16 16:31:30 - [MESSAGE][PASSED] - Verify response status code successfully

2018-08-16 16:31:30 - [TEST_STEP][PASSED] - Statement - return response: null

2018-08-16 16:31:30 - [MESSAGE][PASSED] - Call Test Case 'Test Cases/Library/Community/Add a member to community' successfully

2018-08-16 16:31:30 - [TEST_STEP][PASSED] - verifyResponseStatusCode: Verify response status code successfully

2018-08-16 16:31:30 - [MESSAGE][PASSED] - Verify response status code successfully

2018-08-16 16:31:30 - [TEST_STEP][PASSED] - Statement - communityDetailsRes = com.kms.katalon.core.webui.keyword.WebUiBuiltInKeywords.callTestCase(com.kms.katalon.core.testcase.TestCaseFactory.findTestCase(Library/Community/Get Community details by ID), ["communityID":CommunityID], STOP_ON_FAILURE): Call Test Case 'Test Cases/Library/Community/Get Community details by ID' successfully

2018-08-16 16:31:30 - [TEST_CASE][PASSED] - Test Cases/Library/Community/Get Community details by ID: Test Cases/Library/Community/Get Community details by ID

2018-08-16 16:31:31 - [TEST_STEP][PASSED] - Statement - getCommunity = com.kms.katalon.core.testobject.ObjectRepository.findTestObject(Community/Get Community, [host:internal.GlobalVariable.g_URL, communityID:communityID]): Finding Test Object with id 'Object Repository/Community/Get Community'

2018-08-16 16:31:31 - [TEST_STEP][PASSED] - Statement - getCommunity.setHttpHeaderProperties(CustomKeywords.requestHeaders.Headers.AddHeaders()): requestHeaders.Headers.AddHeaders is PASSED

2018-08-16 16:31:31 - [MESSAGE][PASSED] - requestHeaders.Headers.AddHeaders is PASSED

2018-08-16 16:31:31 - [TEST_STEP][PASSED] - Statement - getResponse = com.kms.katalon.core.webservice.keyword.WSBuiltInKeywords.sendRequest(getCommunity): Send request successfully

2018-08-16 16:31:31 - [MESSAGE][PASSED] - Send request successfully

2018-08-16 16:31:31 - [TEST_STEP][PASSED] - verifyResponseStatusCode: Verify response status code successfully

2018-08-16 16:31:31 - [MESSAGE][PASSED] - Verify response status code successfully

2018-08-16 16:31:31 - [TEST_STEP][PASSED] - Statement - return getResponse: null

2018-08-16 16:31:31 - [MESSAGE][PASSED] - Call Test Case 'Test Cases/Library/Community/Get Community details by ID' successfully

2018-08-16 16:31:31 - [TEST_STEP][PASSED] - verifyResponseStatusCode: Verify response status code successfully

2018-08-16 16:31:31 - [MESSAGE][PASSED] - Verify response status code successfully

2018-08-16 16:31:31 - [TEST_STEP][PASSED] - Statement - CommunityRole = userMembership: getAttributeValue.GetAttributeValue.GetAttribute is PASSED

2018-08-16 16:31:31 - [MESSAGE][PASSED] - getAttributeValue.GetAttributeValue.GetAttribute is PASSED

2018-08-16 16:31:31 - [TEST_STEP][PASSED] - Statement - firstIndex = CommunityRole.indexOf("role") + 5: null

2018-08-16 16:31:31 - [TEST_STEP][PASSED] - Statement - name = CommunityRole.substring(firstIndex): null

2018-08-16 16:31:31 - [TEST_STEP][PASSED] - Statement - lastIndex = name.indexOf(","): null

2018-08-16 16:31:31 - [TEST_STEP][PASSED] - Statement - finalString = name.substring(0, lastIndex): null

2018-08-16 16:31:31 - [TEST_STEP][PASSED] - Statement - If (finalString == "3"): null

2018-08-16 16:31:31 - [TEST_STEP][PASSED] - Statement - println("if conditions has to pass"): null

2018-08-16 16:31:31 - [TEST_STEP][PASSED] - Statement - retValue = true: null

2018-08-16 16:31:31 - [TEST_STEP][PASSED] - callTestCase: Call Test Case 'Test Cases/Library/Community/Delete Community' successfully

2018-08-16 16:31:31 - [TEST_CASE][PASSED] - Test Cases/Library/Community/Delete Community: Test Cases/Library/Community/Delete Community

2018-08-16 16:31:31 - [TEST_STEP][PASSED] - Statement - deleteCommunity = com.kms.katalon.core.testobject.ObjectRepository.findTestObject(Community/Delete Community, [host:internal.GlobalVariable.g_URL, communityID:communityID]): Finding Test Object with id 'Object Repository/Community/Delete Community'

2018-08-16 16:31:31 - [TEST_STEP][PASSED] - Statement - deleteCommunity.setHttpHeaderProperties(CustomKeywords.requestHeaders.Headers.AddHeaders()): requestHeaders.Headers.AddHeaders is PASSED

2018-08-16 16:31:31 - [MESSAGE][PASSED] - requestHeaders.Headers.AddHeaders is PASSED

2018-08-16 16:31:31 - [TEST_STEP][PASSED] - Statement - deleteCommunityRes = com.kms.katalon.core.webservice.keyword.WSBuiltInKeywords.sendRequest(deleteCommunity): Send request successfully

2018-08-16 16:31:31 - [MESSAGE][PASSED] - Send request successfully

2018-08-16 16:31:31 - [TEST_STEP][PASSED] - verifyResponseStatusCode: Verify response status code successfully

2018-08-16 16:31:31 - [MESSAGE][PASSED] - Verify response status code successfully

2018-08-16 16:31:31 - [TEST_STEP][PASSED] - delay: Delayed 10 second(s)

2018-08-16 16:31:41 - [MESSAGE][PASSED] - Delayed 10 second(s)

2018-08-16 16:31:41 - [TEST_STEP][PASSED] - Statement - reqObj = new com.kms.katalon.core.testobject.RequestObject(): null

2018-08-16 16:31:41 - [TEST_STEP][PASSED] - Statement - reqObj.setHttpHeaderProperties(CustomKeywords.requestHeaders.Headers.AddHeaders()): requestHeaders.Headers.AddHeaders is PASSED

2018-08-16 16:31:41 - [MESSAGE][PASSED] - requestHeaders.Headers.AddHeaders is PASSED

2018-08-16 16:31:41 - [TEST_STEP][PASSED] - Statement - reqObj.setRestRequestMethod("GET"): null

2018-08-16 16:31:41 - [TEST_STEP][PASSED] - Statement - reqObj.setRestUrl(g_URL + "/Services/api/sumtSocial/communities/" + communityID): null

2018-08-16 16:31:41 - [TEST_STEP][PASSED] - Statement - getResponse = com.kms.katalon.core.webservice.keyword.WSBuiltInKeywords.sendRequest(reqObj): Send request successfully

2018-08-16 16:31:41 - [MESSAGE][PASSED] - Send request successfully

2018-08-16 16:31:41 - [TEST_STEP][PASSED] - verifyResponseStatusCode: Verify response status code successfully

2018-08-16 16:31:41 - [MESSAGE][PASSED] - Verify response status code successfully

2018-08-16 16:31:41 - [TEST_STEP][PASSED] - Statement - boolVal = getResponse.getResponseText().equalsIgnoreCase("null"): null

2018-08-16 16:31:41 - [TEST_STEP][PASSED] - Statement - return boolVal: null

2018-08-16 16:31:41 - [MESSAGE][PASSED] - Call Test Case 'Test Cases/Library/Community/Delete Community' successfully

2018-08-16 16:31:41 - [TEST_STEP][PASSED] - Statement - return retValue: null]]></system-out>
         <system-err><![CDATA[]]></system-err>
      </testcase>
      <testcase name="Test Cases/TestCases/MD-2560 WithinCommunity_MOB-3486/TC-20097Verify owner can invite more than one user for community" classname="Test Cases/TestCases/MD-2560 WithinCommunity_MOB-3486/TC-20097Verify owner can invite more than one user for community" status="PASSED">
         <system-out><![CDATA[2018-08-16 16:31:41 - [TEST_CASE][PASSED] - Test Cases/TestCases/MD-2560 WithinCommunity_MOB-3486/TC-20097Verify owner can invite more than one user for community: Test Cases/TestCases/MD-2560 WithinCommunity_MOB-3486/TC-20097Verify owner can invite more than one user for community

2018-08-16 16:31:41 - [TEST_STEP][PASSED] - Statement - data = com.kms.katalon.core.testdata.TestDataFactory.findTestData(TestData): Reading CSV file with source file 'comma', separator 'containing header' and '{2}'

2018-08-16 16:31:41 - [TEST_STEP][PASSED] - Statement - response = com.kms.katalon.core.webui.keyword.WebUiBuiltInKeywords.callTestCase(com.kms.katalon.core.testcase.TestCaseFactory.findTestCase(Library/Community/Create Community), ["communityName":data.getValue("CommunityName", 44), "CommunityDesc":data.getValue("CommunityDesc", 44), "allowDiscussionBoards":true, ... ], STOP_ON_FAILURE): Call Test Case 'Test Cases/Library/Community/Create Community' successfully

2018-08-16 16:31:41 - [TEST_CASE][PASSED] - Test Cases/Library/Community/Create Community: Test Cases/Library/Community/Create Community

2018-08-16 16:31:41 - [TEST_STEP][PASSED] - Statement - request = com.kms.katalon.core.testobject.ObjectRepository.findTestObject(Community/POST Create Community, [host:internal.GlobalVariable.g_URL]): Finding Test Object with id 'Object Repository/Community/POST Create Community'

2018-08-16 16:31:41 - [TEST_STEP][PASSED] - Statement - request.setHttpHeaderProperties(CustomKeywords.requestHeaders.Headers.AddHeaders()): requestHeaders.Headers.AddHeaders is PASSED

2018-08-16 16:31:41 - [MESSAGE][PASSED] - requestHeaders.Headers.AddHeaders is PASSED

2018-08-16 16:31:41 - [TEST_STEP][PASSED] - Statement - reponse = <not implemented yet for class: org.codehaus.groovy.ast.expr.EmptyExpression>: null

2018-08-16 16:31:41 - [TEST_STEP][PASSED] - Statement - vsRequestBody = "": null

2018-08-16 16:31:41 - [TEST_STEP][PASSED] - Statement - vsRequestBody = request.getHttpBody(): null

2018-08-16 16:31:41 - [TEST_STEP][PASSED] - Statement - vsRequestBody = vsRequestBody.replace("${CommunityName}", """ + communityName + """): null

2018-08-16 16:31:41 - [TEST_STEP][PASSED] - Statement - vsRequestBody = vsRequestBody.replace("${CommunityDesc}", """ + CommunityDesc + """): null

2018-08-16 16:31:41 - [TEST_STEP][PASSED] - Statement - vsRequestBody = vsRequestBody.replace("${allowDiscussionBoards}", """ + allowDiscussionBoards + """): null

2018-08-16 16:31:41 - [TEST_STEP][PASSED] - Statement - vsRequestBody = vsRequestBody.replace("${allowBlogPosts}", """ + allowBlogPosts + """): null

2018-08-16 16:31:41 - [TEST_STEP][PASSED] - Statement - vsRequestBody = vsRequestBody.replace("${allowFileUploads}", """ + allowFileUploads + """): null

2018-08-16 16:31:41 - [TEST_STEP][PASSED] - Statement - vsRequestBody = vsRequestBody.replace("${isPrivate}", """ + isPrivate + """): null

2018-08-16 16:31:41 - [TEST_STEP][PASSED] - Statement - vsRequestBody = vsRequestBody.replace("${userName}", """ + userName + """): null

2018-08-16 16:31:41 - [TEST_STEP][PASSED] - Statement - vsRequestBody = vsRequestBody.replace("${userId}", """ + userId + """): null

2018-08-16 16:31:41 - [TEST_STEP][PASSED] - Statement - vsRequestBody = vsRequestBody.replace("${role}", """ + role + """): null

2018-08-16 16:31:41 - [TEST_STEP][PASSED] - Statement - vsRequestBody = vsRequestBody.replace("${userStatus}", """ + userStatus + """): null

2018-08-16 16:31:41 - [TEST_STEP][PASSED] - Statement - vsRequestBody = vsRequestBody.replace("${communityCode}", """ + communityCode + """): null

2018-08-16 16:31:41 - [TEST_STEP][PASSED] - Statement - vsRequestBody = vsRequestBody.replace("${hidden}", """ + isHidden + """): null

2018-08-16 16:31:41 - [TEST_STEP][PASSED] - Statement - request.setHttpBody(vsRequestBody): null

2018-08-16 16:31:41 - [TEST_STEP][PASSED] - Statement - response = com.kms.katalon.core.webservice.keyword.WSBuiltInKeywords.sendRequest(request): Send request successfully

2018-08-16 16:31:41 - [MESSAGE][PASSED] - Send request successfully

2018-08-16 16:31:41 - [TEST_STEP][PASSED] - verifyResponseStatusCode: Verify response status code successfully

2018-08-16 16:31:41 - [MESSAGE][PASSED] - Verify response status code successfully

2018-08-16 16:31:41 - [TEST_STEP][PASSED] - containsString: Check contain string successfully

2018-08-16 16:31:41 - [MESSAGE][PASSED] - Check contain string successfully

2018-08-16 16:31:41 - [TEST_STEP][PASSED] - Statement - return response: null

2018-08-16 16:31:41 - [MESSAGE][PASSED] - Call Test Case 'Test Cases/Library/Community/Create Community' successfully

2018-08-16 16:31:41 - [TEST_STEP][PASSED] - Statement - CommunityID = id: getAttributeValue.GetAttributeValue.GetAttribute is PASSED

2018-08-16 16:31:41 - [MESSAGE][PASSED] - getAttributeValue.GetAttributeValue.GetAttribute is PASSED

2018-08-16 16:31:41 - [TEST_STEP][PASSED] - callTestCase: Call Test Case 'Test Cases/Library/Community/Add a member to community' successfully

2018-08-16 16:31:41 - [TEST_CASE][PASSED] - Test Cases/Library/Community/Add a member to community: Test Cases/Library/Community/Add a member to community

2018-08-16 16:31:41 - [TEST_STEP][PASSED] - Statement - request = com.kms.katalon.core.testobject.ObjectRepository.findTestObject(Object Repository/Community/Add a member to community, [host:internal.GlobalVariable.g_URL, CommunityID:communityID]): Finding Test Object with id 'Object Repository/Community/Add a member to community'

2018-08-16 16:31:41 - [TEST_STEP][PASSED] - Statement - request.setHttpHeaderProperties(CustomKeywords.requestHeaders.Headers.AddHeaders()): requestHeaders.Headers.AddHeaders is PASSED

2018-08-16 16:31:41 - [MESSAGE][PASSED] - requestHeaders.Headers.AddHeaders is PASSED

2018-08-16 16:31:41 - [TEST_STEP][PASSED] - Statement - reponse = <not implemented yet for class: org.codehaus.groovy.ast.expr.EmptyExpression>: null

2018-08-16 16:31:41 - [TEST_STEP][PASSED] - Statement - vsRequestBody = "": null

2018-08-16 16:31:41 - [TEST_STEP][PASSED] - Statement - vsRequestBody = request.getHttpBody(): null

2018-08-16 16:31:41 - [TEST_STEP][PASSED] - Statement - vsRequestBody = vsRequestBody.replace("${rating}", """ + rating + """): null

2018-08-16 16:31:41 - [TEST_STEP][PASSED] - Statement - vsRequestBody = vsRequestBody.replace("${userID}", """ + userID + """): null

2018-08-16 16:31:41 - [TEST_STEP][PASSED] - Statement - vsRequestBody = vsRequestBody.replace("${userName}", """ + userName + """): null

2018-08-16 16:31:41 - [TEST_STEP][PASSED] - Statement - request.setHttpBody(vsRequestBody): null

2018-08-16 16:31:41 - [TEST_STEP][PASSED] - Statement - response = com.kms.katalon.core.webservice.keyword.WSBuiltInKeywords.sendRequest(request): Send request successfully

2018-08-16 16:31:41 - [MESSAGE][PASSED] - Send request successfully

2018-08-16 16:31:41 - [TEST_STEP][PASSED] - verifyResponseStatusCode: Verify response status code successfully

2018-08-16 16:31:41 - [MESSAGE][PASSED] - Verify response status code successfully

2018-08-16 16:31:41 - [TEST_STEP][PASSED] - Statement - return response: null

2018-08-16 16:31:41 - [MESSAGE][PASSED] - Call Test Case 'Test Cases/Library/Community/Add a member to community' successfully

2018-08-16 16:31:41 - [TEST_STEP][PASSED] - callTestCase: Call Test Case 'Test Cases/Library/Community/Add a member to community' successfully

2018-08-16 16:31:41 - [TEST_CASE][PASSED] - Test Cases/Library/Community/Add a member to community: Test Cases/Library/Community/Add a member to community

2018-08-16 16:31:41 - [TEST_STEP][PASSED] - Statement - request = com.kms.katalon.core.testobject.ObjectRepository.findTestObject(Object Repository/Community/Add a member to community, [host:internal.GlobalVariable.g_URL, CommunityID:communityID]): Finding Test Object with id 'Object Repository/Community/Add a member to community'

2018-08-16 16:31:41 - [TEST_STEP][PASSED] - Statement - request.setHttpHeaderProperties(CustomKeywords.requestHeaders.Headers.AddHeaders()): requestHeaders.Headers.AddHeaders is PASSED

2018-08-16 16:31:41 - [MESSAGE][PASSED] - requestHeaders.Headers.AddHeaders is PASSED

2018-08-16 16:31:41 - [TEST_STEP][PASSED] - Statement - reponse = <not implemented yet for class: org.codehaus.groovy.ast.expr.EmptyExpression>: null

2018-08-16 16:31:41 - [TEST_STEP][PASSED] - Statement - vsRequestBody = "": null

2018-08-16 16:31:41 - [TEST_STEP][PASSED] - Statement - vsRequestBody = request.getHttpBody(): null

2018-08-16 16:31:41 - [TEST_STEP][PASSED] - Statement - vsRequestBody = vsRequestBody.replace("${rating}", """ + rating + """): null

2018-08-16 16:31:41 - [TEST_STEP][PASSED] - Statement - vsRequestBody = vsRequestBody.replace("${userID}", """ + userID + """): null

2018-08-16 16:31:41 - [TEST_STEP][PASSED] - Statement - vsRequestBody = vsRequestBody.replace("${userName}", """ + userName + """): null

2018-08-16 16:31:41 - [TEST_STEP][PASSED] - Statement - request.setHttpBody(vsRequestBody): null

2018-08-16 16:31:41 - [TEST_STEP][PASSED] - Statement - response = com.kms.katalon.core.webservice.keyword.WSBuiltInKeywords.sendRequest(request): Send request successfully

2018-08-16 16:31:41 - [MESSAGE][PASSED] - Send request successfully

2018-08-16 16:31:41 - [TEST_STEP][PASSED] - verifyResponseStatusCode: Verify response status code successfully

2018-08-16 16:31:41 - [MESSAGE][PASSED] - Verify response status code successfully

2018-08-16 16:31:41 - [TEST_STEP][PASSED] - Statement - return response: null

2018-08-16 16:31:41 - [MESSAGE][PASSED] - Call Test Case 'Test Cases/Library/Community/Add a member to community' successfully

2018-08-16 16:31:41 - [TEST_STEP][PASSED] - Statement - res = com.kms.katalon.core.webui.keyword.WebUiBuiltInKeywords.callTestCase(com.kms.katalon.core.testcase.TestCaseFactory.findTestCase(Library/Community/Delete Community), ["communityID":CommunityID], STOP_ON_FAILURE): Call Test Case 'Test Cases/Library/Community/Delete Community' successfully

2018-08-16 16:31:41 - [TEST_CASE][PASSED] - Test Cases/Library/Community/Delete Community: Test Cases/Library/Community/Delete Community

2018-08-16 16:31:41 - [TEST_STEP][PASSED] - Statement - deleteCommunity = com.kms.katalon.core.testobject.ObjectRepository.findTestObject(Community/Delete Community, [host:internal.GlobalVariable.g_URL, communityID:communityID]): Finding Test Object with id 'Object Repository/Community/Delete Community'

2018-08-16 16:31:41 - [TEST_STEP][PASSED] - Statement - deleteCommunity.setHttpHeaderProperties(CustomKeywords.requestHeaders.Headers.AddHeaders()): requestHeaders.Headers.AddHeaders is PASSED

2018-08-16 16:31:41 - [MESSAGE][PASSED] - requestHeaders.Headers.AddHeaders is PASSED

2018-08-16 16:31:42 - [TEST_STEP][PASSED] - Statement - deleteCommunityRes = com.kms.katalon.core.webservice.keyword.WSBuiltInKeywords.sendRequest(deleteCommunity): Send request successfully

2018-08-16 16:31:42 - [MESSAGE][PASSED] - Send request successfully

2018-08-16 16:31:42 - [TEST_STEP][PASSED] - verifyResponseStatusCode: Verify response status code successfully

2018-08-16 16:31:42 - [MESSAGE][PASSED] - Verify response status code successfully

2018-08-16 16:31:42 - [TEST_STEP][PASSED] - delay: Delayed 10 second(s)

2018-08-16 16:31:52 - [MESSAGE][PASSED] - Delayed 10 second(s)

2018-08-16 16:31:52 - [TEST_STEP][PASSED] - Statement - reqObj = new com.kms.katalon.core.testobject.RequestObject(): null

2018-08-16 16:31:52 - [TEST_STEP][PASSED] - Statement - reqObj.setHttpHeaderProperties(CustomKeywords.requestHeaders.Headers.AddHeaders()): requestHeaders.Headers.AddHeaders is PASSED

2018-08-16 16:31:52 - [MESSAGE][PASSED] - requestHeaders.Headers.AddHeaders is PASSED

2018-08-16 16:31:52 - [TEST_STEP][PASSED] - Statement - reqObj.setRestRequestMethod("GET"): null

2018-08-16 16:31:52 - [TEST_STEP][PASSED] - Statement - reqObj.setRestUrl(g_URL + "/Services/api/sumtSocial/communities/" + communityID): null

2018-08-16 16:31:52 - [TEST_STEP][PASSED] - Statement - getResponse = com.kms.katalon.core.webservice.keyword.WSBuiltInKeywords.sendRequest(reqObj): Send request successfully

2018-08-16 16:31:52 - [MESSAGE][PASSED] - Send request successfully

2018-08-16 16:31:52 - [TEST_STEP][PASSED] - verifyResponseStatusCode: Verify response status code successfully

2018-08-16 16:31:52 - [MESSAGE][PASSED] - Verify response status code successfully

2018-08-16 16:31:52 - [TEST_STEP][PASSED] - Statement - boolVal = getResponse.getResponseText().equalsIgnoreCase("null"): null

2018-08-16 16:31:52 - [TEST_STEP][PASSED] - Statement - return boolVal: null

2018-08-16 16:31:52 - [MESSAGE][PASSED] - Call Test Case 'Test Cases/Library/Community/Delete Community' successfully]]></system-out>
         <system-err><![CDATA[]]></system-err>
      </testcase>
      <testcase name="Test Cases/TestCases/MD-2560 WithinCommunity_MOB-3486/TC_20061Check Rating provided on Community Page" classname="Test Cases/TestCases/MD-2560 WithinCommunity_MOB-3486/TC_20061Check Rating provided on Community Page" status="PASSED">
         <system-out><![CDATA[2018-08-16 16:31:52 - [TEST_CASE][PASSED] - Test Cases/TestCases/MD-2560 WithinCommunity_MOB-3486/TC_20061Check Rating provided on Community Page: Test Cases/TestCases/MD-2560 WithinCommunity_MOB-3486/TC_20061Check Rating provided on Community Page

2018-08-16 16:31:52 - [TEST_STEP][PASSED] - Statement - data = com.kms.katalon.core.testdata.TestDataFactory.findTestData(TestData): Reading CSV file with source file 'comma', separator 'containing header' and '{2}'

2018-08-16 16:31:52 - [TEST_STEP][PASSED] - Statement - response = com.kms.katalon.core.webui.keyword.WebUiBuiltInKeywords.callTestCase(com.kms.katalon.core.testcase.TestCaseFactory.findTestCase(Library/Community/Create Community), ["communityName":data.getValue("CommunityName", 20), "CommunityDesc":data.getValue("CommunityDesc", 20), "allowDiscussionBoards":true, ... ], STOP_ON_FAILURE): Call Test Case 'Test Cases/Library/Community/Create Community' successfully

2018-08-16 16:31:52 - [TEST_CASE][PASSED] - Test Cases/Library/Community/Create Community: Test Cases/Library/Community/Create Community

2018-08-16 16:31:52 - [TEST_STEP][PASSED] - Statement - request = com.kms.katalon.core.testobject.ObjectRepository.findTestObject(Community/POST Create Community, [host:internal.GlobalVariable.g_URL]): Finding Test Object with id 'Object Repository/Community/POST Create Community'

2018-08-16 16:31:52 - [TEST_STEP][PASSED] - Statement - request.setHttpHeaderProperties(CustomKeywords.requestHeaders.Headers.AddHeaders()): requestHeaders.Headers.AddHeaders is PASSED

2018-08-16 16:31:52 - [MESSAGE][PASSED] - requestHeaders.Headers.AddHeaders is PASSED

2018-08-16 16:31:52 - [TEST_STEP][PASSED] - Statement - reponse = <not implemented yet for class: org.codehaus.groovy.ast.expr.EmptyExpression>: null

2018-08-16 16:31:52 - [TEST_STEP][PASSED] - Statement - vsRequestBody = "": null

2018-08-16 16:31:52 - [TEST_STEP][PASSED] - Statement - vsRequestBody = request.getHttpBody(): null

2018-08-16 16:31:52 - [TEST_STEP][PASSED] - Statement - vsRequestBody = vsRequestBody.replace("${CommunityName}", """ + communityName + """): null

2018-08-16 16:31:52 - [TEST_STEP][PASSED] - Statement - vsRequestBody = vsRequestBody.replace("${CommunityDesc}", """ + CommunityDesc + """): null

2018-08-16 16:31:52 - [TEST_STEP][PASSED] - Statement - vsRequestBody = vsRequestBody.replace("${allowDiscussionBoards}", """ + allowDiscussionBoards + """): null

2018-08-16 16:31:52 - [TEST_STEP][PASSED] - Statement - vsRequestBody = vsRequestBody.replace("${allowBlogPosts}", """ + allowBlogPosts + """): null

2018-08-16 16:31:52 - [TEST_STEP][PASSED] - Statement - vsRequestBody = vsRequestBody.replace("${allowFileUploads}", """ + allowFileUploads + """): null

2018-08-16 16:31:52 - [TEST_STEP][PASSED] - Statement - vsRequestBody = vsRequestBody.replace("${isPrivate}", """ + isPrivate + """): null

2018-08-16 16:31:52 - [TEST_STEP][PASSED] - Statement - vsRequestBody = vsRequestBody.replace("${userName}", """ + userName + """): null

2018-08-16 16:31:52 - [TEST_STEP][PASSED] - Statement - vsRequestBody = vsRequestBody.replace("${userId}", """ + userId + """): null

2018-08-16 16:31:52 - [TEST_STEP][PASSED] - Statement - vsRequestBody = vsRequestBody.replace("${role}", """ + role + """): null

2018-08-16 16:31:52 - [TEST_STEP][PASSED] - Statement - vsRequestBody = vsRequestBody.replace("${userStatus}", """ + userStatus + """): null

2018-08-16 16:31:52 - [TEST_STEP][PASSED] - Statement - vsRequestBody = vsRequestBody.replace("${communityCode}", """ + communityCode + """): null

2018-08-16 16:31:52 - [TEST_STEP][PASSED] - Statement - vsRequestBody = vsRequestBody.replace("${hidden}", """ + isHidden + """): null

2018-08-16 16:31:52 - [TEST_STEP][PASSED] - Statement - request.setHttpBody(vsRequestBody): null

2018-08-16 16:31:52 - [TEST_STEP][PASSED] - Statement - response = com.kms.katalon.core.webservice.keyword.WSBuiltInKeywords.sendRequest(request): Send request successfully

2018-08-16 16:31:52 - [MESSAGE][PASSED] - Send request successfully

2018-08-16 16:31:52 - [TEST_STEP][PASSED] - verifyResponseStatusCode: Verify response status code successfully

2018-08-16 16:31:52 - [MESSAGE][PASSED] - Verify response status code successfully

2018-08-16 16:31:52 - [TEST_STEP][PASSED] - containsString: Check contain string successfully

2018-08-16 16:31:52 - [MESSAGE][PASSED] - Check contain string successfully

2018-08-16 16:31:52 - [TEST_STEP][PASSED] - Statement - return response: null

2018-08-16 16:31:52 - [MESSAGE][PASSED] - Call Test Case 'Test Cases/Library/Community/Create Community' successfully

2018-08-16 16:31:52 - [TEST_STEP][PASSED] - Statement - communityID = id: getAttributeValue.GetAttributeValue.GetAttribute is PASSED

2018-08-16 16:31:52 - [MESSAGE][PASSED] - getAttributeValue.GetAttributeValue.GetAttribute is PASSED

2018-08-16 16:31:52 - [TEST_STEP][PASSED] - Statement - response1 = com.kms.katalon.core.webui.keyword.WebUiBuiltInKeywords.callTestCase(com.kms.katalon.core.testcase.TestCaseFactory.findTestCase(Library/Community/Create or Update Rating), ["rating":"1", "userID":g_UserID, "communityID":communityID], STOP_ON_FAILURE): Call Test Case 'Test Cases/Library/Community/Create or Update Rating' successfully

2018-08-16 16:31:52 - [TEST_CASE][PASSED] - Test Cases/Library/Community/Create or Update Rating: Test Cases/Library/Community/Create or Update Rating

2018-08-16 16:31:52 - [TEST_STEP][PASSED] - Statement - request = com.kms.katalon.core.testobject.ObjectRepository.findTestObject(Object Repository/Community/Create or Update Rating, [host:internal.GlobalVariable.g_URL, communityID:communityID]): Finding Test Object with id 'Object Repository/Community/Create or Update Rating'

2018-08-16 16:31:52 - [TEST_STEP][PASSED] - Statement - request.setHttpHeaderProperties(CustomKeywords.requestHeaders.Headers.AddHeaders()): requestHeaders.Headers.AddHeaders is PASSED

2018-08-16 16:31:52 - [MESSAGE][PASSED] - requestHeaders.Headers.AddHeaders is PASSED

2018-08-16 16:31:52 - [TEST_STEP][PASSED] - Statement - reponse = <not implemented yet for class: org.codehaus.groovy.ast.expr.EmptyExpression>: null

2018-08-16 16:31:52 - [TEST_STEP][PASSED] - Statement - vsRequestBody = "": null

2018-08-16 16:31:52 - [TEST_STEP][PASSED] - Statement - vsRequestBody = request.getHttpBody(): null

2018-08-16 16:31:52 - [TEST_STEP][PASSED] - Statement - vsRequestBody = vsRequestBody.replace("${userID}", """ + userID + """): null

2018-08-16 16:31:52 - [TEST_STEP][PASSED] - Statement - vsRequestBody = vsRequestBody.replace("${CommunityID}", """ + communityID + """): null

2018-08-16 16:31:52 - [TEST_STEP][PASSED] - Statement - vsRequestBody = vsRequestBody.replace("${Rating}", """ + rating + """): null

2018-08-16 16:31:52 - [TEST_STEP][PASSED] - Statement - request.setHttpBody(vsRequestBody): null

2018-08-16 16:31:52 - [TEST_STEP][PASSED] - Statement - response = com.kms.katalon.core.webservice.keyword.WSBuiltInKeywords.sendRequest(request): Send request successfully

2018-08-16 16:31:52 - [MESSAGE][PASSED] - Send request successfully

2018-08-16 16:31:52 - [TEST_STEP][PASSED] - verifyResponseStatusCode: Verify response status code successfully

2018-08-16 16:31:52 - [MESSAGE][PASSED] - Verify response status code successfully

2018-08-16 16:31:52 - [TEST_STEP][PASSED] - Statement - return response: null

2018-08-16 16:31:52 - [MESSAGE][PASSED] - Call Test Case 'Test Cases/Library/Community/Create or Update Rating' successfully

2018-08-16 16:31:52 - [TEST_STEP][PASSED] - Statement - res = com.kms.katalon.core.webui.keyword.WebUiBuiltInKeywords.callTestCase(com.kms.katalon.core.testcase.TestCaseFactory.findTestCase(Library/Community/Delete Community), ["communityID":communityID], STOP_ON_FAILURE): Call Test Case 'Test Cases/Library/Community/Delete Community' successfully

2018-08-16 16:31:52 - [TEST_CASE][PASSED] - Test Cases/Library/Community/Delete Community: Test Cases/Library/Community/Delete Community

2018-08-16 16:31:52 - [TEST_STEP][PASSED] - Statement - deleteCommunity = com.kms.katalon.core.testobject.ObjectRepository.findTestObject(Community/Delete Community, [host:internal.GlobalVariable.g_URL, communityID:communityID]): Finding Test Object with id 'Object Repository/Community/Delete Community'

2018-08-16 16:31:52 - [TEST_STEP][PASSED] - Statement - deleteCommunity.setHttpHeaderProperties(CustomKeywords.requestHeaders.Headers.AddHeaders()): requestHeaders.Headers.AddHeaders is PASSED

2018-08-16 16:31:52 - [MESSAGE][PASSED] - requestHeaders.Headers.AddHeaders is PASSED

2018-08-16 16:31:52 - [TEST_STEP][PASSED] - Statement - deleteCommunityRes = com.kms.katalon.core.webservice.keyword.WSBuiltInKeywords.sendRequest(deleteCommunity): Send request successfully

2018-08-16 16:31:52 - [MESSAGE][PASSED] - Send request successfully

2018-08-16 16:31:52 - [TEST_STEP][PASSED] - verifyResponseStatusCode: Verify response status code successfully

2018-08-16 16:31:52 - [MESSAGE][PASSED] - Verify response status code successfully

2018-08-16 16:31:52 - [TEST_STEP][PASSED] - delay: Delayed 10 second(s)

2018-08-16 16:32:02 - [MESSAGE][PASSED] - Delayed 10 second(s)

2018-08-16 16:32:02 - [TEST_STEP][PASSED] - Statement - reqObj = new com.kms.katalon.core.testobject.RequestObject(): null

2018-08-16 16:32:02 - [TEST_STEP][PASSED] - Statement - reqObj.setHttpHeaderProperties(CustomKeywords.requestHeaders.Headers.AddHeaders()): requestHeaders.Headers.AddHeaders is PASSED

2018-08-16 16:32:02 - [MESSAGE][PASSED] - requestHeaders.Headers.AddHeaders is PASSED

2018-08-16 16:32:02 - [TEST_STEP][PASSED] - Statement - reqObj.setRestRequestMethod("GET"): null

2018-08-16 16:32:02 - [TEST_STEP][PASSED] - Statement - reqObj.setRestUrl(g_URL + "/Services/api/sumtSocial/communities/" + communityID): null

2018-08-16 16:32:02 - [TEST_STEP][PASSED] - Statement - getResponse = com.kms.katalon.core.webservice.keyword.WSBuiltInKeywords.sendRequest(reqObj): Send request successfully

2018-08-16 16:32:02 - [MESSAGE][PASSED] - Send request successfully

2018-08-16 16:32:02 - [TEST_STEP][PASSED] - verifyResponseStatusCode: Verify response status code successfully

2018-08-16 16:32:03 - [MESSAGE][PASSED] - Verify response status code successfully

2018-08-16 16:32:03 - [TEST_STEP][PASSED] - Statement - boolVal = getResponse.getResponseText().equalsIgnoreCase("null"): null

2018-08-16 16:32:03 - [TEST_STEP][PASSED] - Statement - return boolVal: null

2018-08-16 16:32:03 - [MESSAGE][PASSED] - Call Test Case 'Test Cases/Library/Community/Delete Community' successfully]]></system-out>
         <system-err><![CDATA[]]></system-err>
      </testcase>
      <testcase name="Test Cases/TestCases/MD-2560 WithinCommunity_MOB-3486/TC_20066Check user can see the description and owner of the community" classname="Test Cases/TestCases/MD-2560 WithinCommunity_MOB-3486/TC_20066Check user can see the description and owner of the community" status="PASSED">
         <system-out><![CDATA[2018-08-16 16:32:03 - [TEST_CASE][PASSED] - Test Cases/TestCases/MD-2560 WithinCommunity_MOB-3486/TC_20066Check user can see the description and owner of the community: Test Cases/TestCases/MD-2560 WithinCommunity_MOB-3486/TC_20066Check user can see the description and owner of the community

2018-08-16 16:32:03 - [TEST_STEP][PASSED] - Statement - data = com.kms.katalon.core.testdata.TestDataFactory.findTestData(TestData): Reading CSV file with source file 'comma', separator 'containing header' and '{2}'

2018-08-16 16:32:03 - [TEST_STEP][PASSED] - Statement - response = com.kms.katalon.core.webui.keyword.WebUiBuiltInKeywords.callTestCase(com.kms.katalon.core.testcase.TestCaseFactory.findTestCase(Library/Community/Create Community), ["communityName":data.getValue("CommunityName", 21), "CommunityDesc":data.getValue("CommunityDesc", 21), "allowDiscussionBoards":true, ... ], STOP_ON_FAILURE): Call Test Case 'Test Cases/Library/Community/Create Community' successfully

2018-08-16 16:32:03 - [TEST_CASE][PASSED] - Test Cases/Library/Community/Create Community: Test Cases/Library/Community/Create Community

2018-08-16 16:32:03 - [TEST_STEP][PASSED] - Statement - request = com.kms.katalon.core.testobject.ObjectRepository.findTestObject(Community/POST Create Community, [host:internal.GlobalVariable.g_URL]): Finding Test Object with id 'Object Repository/Community/POST Create Community'

2018-08-16 16:32:03 - [TEST_STEP][PASSED] - Statement - request.setHttpHeaderProperties(CustomKeywords.requestHeaders.Headers.AddHeaders()): requestHeaders.Headers.AddHeaders is PASSED

2018-08-16 16:32:03 - [MESSAGE][PASSED] - requestHeaders.Headers.AddHeaders is PASSED

2018-08-16 16:32:03 - [TEST_STEP][PASSED] - Statement - reponse = <not implemented yet for class: org.codehaus.groovy.ast.expr.EmptyExpression>: null

2018-08-16 16:32:03 - [TEST_STEP][PASSED] - Statement - vsRequestBody = "": null

2018-08-16 16:32:03 - [TEST_STEP][PASSED] - Statement - vsRequestBody = request.getHttpBody(): null

2018-08-16 16:32:03 - [TEST_STEP][PASSED] - Statement - vsRequestBody = vsRequestBody.replace("${CommunityName}", """ + communityName + """): null

2018-08-16 16:32:03 - [TEST_STEP][PASSED] - Statement - vsRequestBody = vsRequestBody.replace("${CommunityDesc}", """ + CommunityDesc + """): null

2018-08-16 16:32:03 - [TEST_STEP][PASSED] - Statement - vsRequestBody = vsRequestBody.replace("${allowDiscussionBoards}", """ + allowDiscussionBoards + """): null

2018-08-16 16:32:03 - [TEST_STEP][PASSED] - Statement - vsRequestBody = vsRequestBody.replace("${allowBlogPosts}", """ + allowBlogPosts + """): null

2018-08-16 16:32:03 - [TEST_STEP][PASSED] - Statement - vsRequestBody = vsRequestBody.replace("${allowFileUploads}", """ + allowFileUploads + """): null

2018-08-16 16:32:03 - [TEST_STEP][PASSED] - Statement - vsRequestBody = vsRequestBody.replace("${isPrivate}", """ + isPrivate + """): null

2018-08-16 16:32:03 - [TEST_STEP][PASSED] - Statement - vsRequestBody = vsRequestBody.replace("${userName}", """ + userName + """): null

2018-08-16 16:32:03 - [TEST_STEP][PASSED] - Statement - vsRequestBody = vsRequestBody.replace("${userId}", """ + userId + """): null

2018-08-16 16:32:03 - [TEST_STEP][PASSED] - Statement - vsRequestBody = vsRequestBody.replace("${role}", """ + role + """): null

2018-08-16 16:32:03 - [TEST_STEP][PASSED] - Statement - vsRequestBody = vsRequestBody.replace("${userStatus}", """ + userStatus + """): null

2018-08-16 16:32:03 - [TEST_STEP][PASSED] - Statement - vsRequestBody = vsRequestBody.replace("${communityCode}", """ + communityCode + """): null

2018-08-16 16:32:03 - [TEST_STEP][PASSED] - Statement - vsRequestBody = vsRequestBody.replace("${hidden}", """ + isHidden + """): null

2018-08-16 16:32:03 - [TEST_STEP][PASSED] - Statement - request.setHttpBody(vsRequestBody): null

2018-08-16 16:32:03 - [TEST_STEP][PASSED] - Statement - response = com.kms.katalon.core.webservice.keyword.WSBuiltInKeywords.sendRequest(request): Send request successfully

2018-08-16 16:32:03 - [MESSAGE][PASSED] - Send request successfully

2018-08-16 16:32:03 - [TEST_STEP][PASSED] - verifyResponseStatusCode: Verify response status code successfully

2018-08-16 16:32:03 - [MESSAGE][PASSED] - Verify response status code successfully

2018-08-16 16:32:03 - [TEST_STEP][PASSED] - containsString: Check contain string successfully

2018-08-16 16:32:03 - [MESSAGE][PASSED] - Check contain string successfully

2018-08-16 16:32:03 - [TEST_STEP][PASSED] - Statement - return response: null

2018-08-16 16:32:03 - [MESSAGE][PASSED] - Call Test Case 'Test Cases/Library/Community/Create Community' successfully

2018-08-16 16:32:03 - [TEST_STEP][PASSED] - Statement - CommunityID = id: getAttributeValue.GetAttributeValue.GetAttribute is PASSED

2018-08-16 16:32:03 - [MESSAGE][PASSED] - getAttributeValue.GetAttributeValue.GetAttribute is PASSED

2018-08-16 16:32:03 - [TEST_STEP][PASSED] - verifyResponseStatusCode: Verify response status code successfully

2018-08-16 16:32:03 - [MESSAGE][PASSED] - Verify response status code successfully

2018-08-16 16:32:03 - [TEST_STEP][PASSED] - verifyElementPropertyValue: Verify element property value successfully

2018-08-16 16:32:03 - [MESSAGE][PASSED] - Verify element property value successfully

2018-08-16 16:32:03 - [TEST_STEP][PASSED] - verifyElementPropertyValue: Verify element property value successfully

2018-08-16 16:32:03 - [MESSAGE][PASSED] - Verify element property value successfully

2018-08-16 16:32:03 - [TEST_STEP][PASSED] - Statement - res = com.kms.katalon.core.webui.keyword.WebUiBuiltInKeywords.callTestCase(com.kms.katalon.core.testcase.TestCaseFactory.findTestCase(Library/Community/Delete Community), ["communityID":CommunityID], STOP_ON_FAILURE): Call Test Case 'Test Cases/Library/Community/Delete Community' successfully

2018-08-16 16:32:03 - [TEST_CASE][PASSED] - Test Cases/Library/Community/Delete Community: Test Cases/Library/Community/Delete Community

2018-08-16 16:32:03 - [TEST_STEP][PASSED] - Statement - deleteCommunity = com.kms.katalon.core.testobject.ObjectRepository.findTestObject(Community/Delete Community, [host:internal.GlobalVariable.g_URL, communityID:communityID]): Finding Test Object with id 'Object Repository/Community/Delete Community'

2018-08-16 16:32:03 - [TEST_STEP][PASSED] - Statement - deleteCommunity.setHttpHeaderProperties(CustomKeywords.requestHeaders.Headers.AddHeaders()): requestHeaders.Headers.AddHeaders is PASSED

2018-08-16 16:32:03 - [MESSAGE][PASSED] - requestHeaders.Headers.AddHeaders is PASSED

2018-08-16 16:32:03 - [TEST_STEP][PASSED] - Statement - deleteCommunityRes = com.kms.katalon.core.webservice.keyword.WSBuiltInKeywords.sendRequest(deleteCommunity): Send request successfully

2018-08-16 16:32:03 - [MESSAGE][PASSED] - Send request successfully

2018-08-16 16:32:03 - [TEST_STEP][PASSED] - verifyResponseStatusCode: Verify response status code successfully

2018-08-16 16:32:03 - [MESSAGE][PASSED] - Verify response status code successfully

2018-08-16 16:32:03 - [TEST_STEP][PASSED] - delay: Delayed 10 second(s)

2018-08-16 16:32:13 - [MESSAGE][PASSED] - Delayed 10 second(s)

2018-08-16 16:32:13 - [TEST_STEP][PASSED] - Statement - reqObj = new com.kms.katalon.core.testobject.RequestObject(): null

2018-08-16 16:32:13 - [TEST_STEP][PASSED] - Statement - reqObj.setHttpHeaderProperties(CustomKeywords.requestHeaders.Headers.AddHeaders()): requestHeaders.Headers.AddHeaders is PASSED

2018-08-16 16:32:13 - [MESSAGE][PASSED] - requestHeaders.Headers.AddHeaders is PASSED

2018-08-16 16:32:13 - [TEST_STEP][PASSED] - Statement - reqObj.setRestRequestMethod("GET"): null

2018-08-16 16:32:13 - [TEST_STEP][PASSED] - Statement - reqObj.setRestUrl(g_URL + "/Services/api/sumtSocial/communities/" + communityID): null

2018-08-16 16:32:13 - [TEST_STEP][PASSED] - Statement - getResponse = com.kms.katalon.core.webservice.keyword.WSBuiltInKeywords.sendRequest(reqObj): Send request successfully

2018-08-16 16:32:13 - [MESSAGE][PASSED] - Send request successfully

2018-08-16 16:32:13 - [TEST_STEP][PASSED] - verifyResponseStatusCode: Verify response status code successfully

2018-08-16 16:32:13 - [MESSAGE][PASSED] - Verify response status code successfully

2018-08-16 16:32:13 - [TEST_STEP][PASSED] - Statement - boolVal = getResponse.getResponseText().equalsIgnoreCase("null"): null

2018-08-16 16:32:13 - [TEST_STEP][PASSED] - Statement - return boolVal: null

2018-08-16 16:32:13 - [MESSAGE][PASSED] - Call Test Case 'Test Cases/Library/Community/Delete Community' successfully]]></system-out>
         <system-err><![CDATA[]]></system-err>
      </testcase>
      <testcase name="Test Cases/TestCases/MD-2560 WithinCommunity_MOB-3486/TC_20067Check user can see the community name of the community" classname="Test Cases/TestCases/MD-2560 WithinCommunity_MOB-3486/TC_20067Check user can see the community name of the community" status="PASSED">
         <system-out><![CDATA[2018-08-16 16:32:13 - [TEST_CASE][PASSED] - Test Cases/TestCases/MD-2560 WithinCommunity_MOB-3486/TC_20067Check user can see the community name of the community: Test Cases/TestCases/MD-2560 WithinCommunity_MOB-3486/TC_20067Check user can see the community name of the community

2018-08-16 16:32:13 - [TEST_STEP][PASSED] - Statement - data = com.kms.katalon.core.testdata.TestDataFactory.findTestData(TestData): Reading CSV file with source file 'comma', separator 'containing header' and '{2}'

2018-08-16 16:32:13 - [TEST_STEP][PASSED] - Statement - response = com.kms.katalon.core.webui.keyword.WebUiBuiltInKeywords.callTestCase(com.kms.katalon.core.testcase.TestCaseFactory.findTestCase(Library/Community/Create Community), ["communityName":data.getValue("CommunityName", 19), "CommunityDesc":data.getValue("CommunityDesc", 19), "allowDiscussionBoards":true, ... ], STOP_ON_FAILURE): Call Test Case 'Test Cases/Library/Community/Create Community' successfully

2018-08-16 16:32:13 - [TEST_CASE][PASSED] - Test Cases/Library/Community/Create Community: Test Cases/Library/Community/Create Community

2018-08-16 16:32:13 - [TEST_STEP][PASSED] - Statement - request = com.kms.katalon.core.testobject.ObjectRepository.findTestObject(Community/POST Create Community, [host:internal.GlobalVariable.g_URL]): Finding Test Object with id 'Object Repository/Community/POST Create Community'

2018-08-16 16:32:13 - [TEST_STEP][PASSED] - Statement - request.setHttpHeaderProperties(CustomKeywords.requestHeaders.Headers.AddHeaders()): requestHeaders.Headers.AddHeaders is PASSED

2018-08-16 16:32:13 - [MESSAGE][PASSED] - requestHeaders.Headers.AddHeaders is PASSED

2018-08-16 16:32:13 - [TEST_STEP][PASSED] - Statement - reponse = <not implemented yet for class: org.codehaus.groovy.ast.expr.EmptyExpression>: null

2018-08-16 16:32:13 - [TEST_STEP][PASSED] - Statement - vsRequestBody = "": null

2018-08-16 16:32:13 - [TEST_STEP][PASSED] - Statement - vsRequestBody = request.getHttpBody(): null

2018-08-16 16:32:13 - [TEST_STEP][PASSED] - Statement - vsRequestBody = vsRequestBody.replace("${CommunityName}", """ + communityName + """): null

2018-08-16 16:32:13 - [TEST_STEP][PASSED] - Statement - vsRequestBody = vsRequestBody.replace("${CommunityDesc}", """ + CommunityDesc + """): null

2018-08-16 16:32:13 - [TEST_STEP][PASSED] - Statement - vsRequestBody = vsRequestBody.replace("${allowDiscussionBoards}", """ + allowDiscussionBoards + """): null

2018-08-16 16:32:13 - [TEST_STEP][PASSED] - Statement - vsRequestBody = vsRequestBody.replace("${allowBlogPosts}", """ + allowBlogPosts + """): null

2018-08-16 16:32:13 - [TEST_STEP][PASSED] - Statement - vsRequestBody = vsRequestBody.replace("${allowFileUploads}", """ + allowFileUploads + """): null

2018-08-16 16:32:13 - [TEST_STEP][PASSED] - Statement - vsRequestBody = vsRequestBody.replace("${isPrivate}", """ + isPrivate + """): null

2018-08-16 16:32:13 - [TEST_STEP][PASSED] - Statement - vsRequestBody = vsRequestBody.replace("${userName}", """ + userName + """): null

2018-08-16 16:32:13 - [TEST_STEP][PASSED] - Statement - vsRequestBody = vsRequestBody.replace("${userId}", """ + userId + """): null

2018-08-16 16:32:13 - [TEST_STEP][PASSED] - Statement - vsRequestBody = vsRequestBody.replace("${role}", """ + role + """): null

2018-08-16 16:32:13 - [TEST_STEP][PASSED] - Statement - vsRequestBody = vsRequestBody.replace("${userStatus}", """ + userStatus + """): null

2018-08-16 16:32:13 - [TEST_STEP][PASSED] - Statement - vsRequestBody = vsRequestBody.replace("${communityCode}", """ + communityCode + """): null

2018-08-16 16:32:13 - [TEST_STEP][PASSED] - Statement - vsRequestBody = vsRequestBody.replace("${hidden}", """ + isHidden + """): null

2018-08-16 16:32:13 - [TEST_STEP][PASSED] - Statement - request.setHttpBody(vsRequestBody): null

2018-08-16 16:32:13 - [TEST_STEP][PASSED] - Statement - response = com.kms.katalon.core.webservice.keyword.WSBuiltInKeywords.sendRequest(request): Send request successfully

2018-08-16 16:32:13 - [MESSAGE][PASSED] - Send request successfully

2018-08-16 16:32:13 - [TEST_STEP][PASSED] - verifyResponseStatusCode: Verify response status code successfully

2018-08-16 16:32:13 - [MESSAGE][PASSED] - Verify response status code successfully

2018-08-16 16:32:13 - [TEST_STEP][PASSED] - containsString: Check contain string successfully

2018-08-16 16:32:13 - [MESSAGE][PASSED] - Check contain string successfully

2018-08-16 16:32:13 - [TEST_STEP][PASSED] - Statement - return response: null

2018-08-16 16:32:13 - [MESSAGE][PASSED] - Call Test Case 'Test Cases/Library/Community/Create Community' successfully

2018-08-16 16:32:13 - [TEST_STEP][PASSED] - Statement - CommunityID = id: getAttributeValue.GetAttributeValue.GetAttribute is PASSED

2018-08-16 16:32:13 - [MESSAGE][PASSED] - getAttributeValue.GetAttributeValue.GetAttribute is PASSED

2018-08-16 16:32:13 - [TEST_STEP][PASSED] - verifyResponseStatusCode: Verify response status code successfully

2018-08-16 16:32:13 - [MESSAGE][PASSED] - Verify response status code successfully

2018-08-16 16:32:13 - [TEST_STEP][PASSED] - verifyElementPropertyValue: Verify element property value successfully

2018-08-16 16:32:13 - [MESSAGE][PASSED] - Verify element property value successfully

2018-08-16 16:32:13 - [TEST_STEP][PASSED] - Statement - res = com.kms.katalon.core.webui.keyword.WebUiBuiltInKeywords.callTestCase(com.kms.katalon.core.testcase.TestCaseFactory.findTestCase(Library/Community/Delete Community), ["communityID":CommunityID], STOP_ON_FAILURE): Call Test Case 'Test Cases/Library/Community/Delete Community' successfully

2018-08-16 16:32:13 - [TEST_CASE][PASSED] - Test Cases/Library/Community/Delete Community: Test Cases/Library/Community/Delete Community

2018-08-16 16:32:13 - [TEST_STEP][PASSED] - Statement - deleteCommunity = com.kms.katalon.core.testobject.ObjectRepository.findTestObject(Community/Delete Community, [host:internal.GlobalVariable.g_URL, communityID:communityID]): Finding Test Object with id 'Object Repository/Community/Delete Community'

2018-08-16 16:32:13 - [TEST_STEP][PASSED] - Statement - deleteCommunity.setHttpHeaderProperties(CustomKeywords.requestHeaders.Headers.AddHeaders()): requestHeaders.Headers.AddHeaders is PASSED

2018-08-16 16:32:13 - [MESSAGE][PASSED] - requestHeaders.Headers.AddHeaders is PASSED

2018-08-16 16:32:13 - [TEST_STEP][PASSED] - Statement - deleteCommunityRes = com.kms.katalon.core.webservice.keyword.WSBuiltInKeywords.sendRequest(deleteCommunity): Send request successfully

2018-08-16 16:32:13 - [MESSAGE][PASSED] - Send request successfully

2018-08-16 16:32:13 - [TEST_STEP][PASSED] - verifyResponseStatusCode: Verify response status code successfully

2018-08-16 16:32:13 - [MESSAGE][PASSED] - Verify response status code successfully

2018-08-16 16:32:13 - [TEST_STEP][PASSED] - delay: Delayed 10 second(s)

2018-08-16 16:32:23 - [MESSAGE][PASSED] - Delayed 10 second(s)

2018-08-16 16:32:23 - [TEST_STEP][PASSED] - Statement - reqObj = new com.kms.katalon.core.testobject.RequestObject(): null

2018-08-16 16:32:23 - [TEST_STEP][PASSED] - Statement - reqObj.setHttpHeaderProperties(CustomKeywords.requestHeaders.Headers.AddHeaders()): requestHeaders.Headers.AddHeaders is PASSED

2018-08-16 16:32:23 - [MESSAGE][PASSED] - requestHeaders.Headers.AddHeaders is PASSED

2018-08-16 16:32:23 - [TEST_STEP][PASSED] - Statement - reqObj.setRestRequestMethod("GET"): null

2018-08-16 16:32:23 - [TEST_STEP][PASSED] - Statement - reqObj.setRestUrl(g_URL + "/Services/api/sumtSocial/communities/" + communityID): null

2018-08-16 16:32:23 - [TEST_STEP][PASSED] - Statement - getResponse = com.kms.katalon.core.webservice.keyword.WSBuiltInKeywords.sendRequest(reqObj): Send request successfully

2018-08-16 16:32:23 - [MESSAGE][PASSED] - Send request successfully

2018-08-16 16:32:24 - [TEST_STEP][PASSED] - verifyResponseStatusCode: Verify response status code successfully

2018-08-16 16:32:24 - [MESSAGE][PASSED] - Verify response status code successfully

2018-08-16 16:32:24 - [TEST_STEP][PASSED] - Statement - boolVal = getResponse.getResponseText().equalsIgnoreCase("null"): null

2018-08-16 16:32:24 - [TEST_STEP][PASSED] - Statement - return boolVal: null

2018-08-16 16:32:24 - [MESSAGE][PASSED] - Call Test Case 'Test Cases/Library/Community/Delete Community' successfully]]></system-out>
         <system-err><![CDATA[]]></system-err>
      </testcase>
      <testcase name="Test Cases/TestCases/MD-2560 WithinCommunity_MOB-3486/TC_20068Check tabs on the community page which are enabled while creating the community" classname="Test Cases/TestCases/MD-2560 WithinCommunity_MOB-3486/TC_20068Check tabs on the community page which are enabled while creating the community" status="PASSED">
         <system-out><![CDATA[2018-08-16 16:32:24 - [TEST_CASE][PASSED] - Test Cases/TestCases/MD-2560 WithinCommunity_MOB-3486/TC_20068Check tabs on the community page which are enabled while creating the community: Test Cases/TestCases/MD-2560 WithinCommunity_MOB-3486/TC_20068Check tabs on the community page which are enabled while creating the community

2018-08-16 16:32:24 - [TEST_STEP][PASSED] - Statement - data = com.kms.katalon.core.testdata.TestDataFactory.findTestData(TestData): Reading CSV file with source file 'comma', separator 'containing header' and '{2}'

2018-08-16 16:32:24 - [TEST_STEP][PASSED] - Statement - response = com.kms.katalon.core.webui.keyword.WebUiBuiltInKeywords.callTestCase(com.kms.katalon.core.testcase.TestCaseFactory.findTestCase(Library/Community/Create Community), ["communityName":data.getValue("CommunityName", 22), "CommunityDesc":data.getValue("CommunityDesc", 22), "allowDiscussionBoards":true, ... ], STOP_ON_FAILURE): Call Test Case 'Test Cases/Library/Community/Create Community' successfully

2018-08-16 16:32:24 - [TEST_CASE][PASSED] - Test Cases/Library/Community/Create Community: Test Cases/Library/Community/Create Community

2018-08-16 16:32:24 - [TEST_STEP][PASSED] - Statement - request = com.kms.katalon.core.testobject.ObjectRepository.findTestObject(Community/POST Create Community, [host:internal.GlobalVariable.g_URL]): Finding Test Object with id 'Object Repository/Community/POST Create Community'

2018-08-16 16:32:24 - [TEST_STEP][PASSED] - Statement - request.setHttpHeaderProperties(CustomKeywords.requestHeaders.Headers.AddHeaders()): requestHeaders.Headers.AddHeaders is PASSED

2018-08-16 16:32:24 - [MESSAGE][PASSED] - requestHeaders.Headers.AddHeaders is PASSED

2018-08-16 16:32:24 - [TEST_STEP][PASSED] - Statement - reponse = <not implemented yet for class: org.codehaus.groovy.ast.expr.EmptyExpression>: null

2018-08-16 16:32:24 - [TEST_STEP][PASSED] - Statement - vsRequestBody = "": null

2018-08-16 16:32:24 - [TEST_STEP][PASSED] - Statement - vsRequestBody = request.getHttpBody(): null

2018-08-16 16:32:24 - [TEST_STEP][PASSED] - Statement - vsRequestBody = vsRequestBody.replace("${CommunityName}", """ + communityName + """): null

2018-08-16 16:32:24 - [TEST_STEP][PASSED] - Statement - vsRequestBody = vsRequestBody.replace("${CommunityDesc}", """ + CommunityDesc + """): null

2018-08-16 16:32:24 - [TEST_STEP][PASSED] - Statement - vsRequestBody = vsRequestBody.replace("${allowDiscussionBoards}", """ + allowDiscussionBoards + """): null

2018-08-16 16:32:24 - [TEST_STEP][PASSED] - Statement - vsRequestBody = vsRequestBody.replace("${allowBlogPosts}", """ + allowBlogPosts + """): null

2018-08-16 16:32:24 - [TEST_STEP][PASSED] - Statement - vsRequestBody = vsRequestBody.replace("${allowFileUploads}", """ + allowFileUploads + """): null

2018-08-16 16:32:24 - [TEST_STEP][PASSED] - Statement - vsRequestBody = vsRequestBody.replace("${isPrivate}", """ + isPrivate + """): null

2018-08-16 16:32:24 - [TEST_STEP][PASSED] - Statement - vsRequestBody = vsRequestBody.replace("${userName}", """ + userName + """): null

2018-08-16 16:32:24 - [TEST_STEP][PASSED] - Statement - vsRequestBody = vsRequestBody.replace("${userId}", """ + userId + """): null

2018-08-16 16:32:24 - [TEST_STEP][PASSED] - Statement - vsRequestBody = vsRequestBody.replace("${role}", """ + role + """): null

2018-08-16 16:32:24 - [TEST_STEP][PASSED] - Statement - vsRequestBody = vsRequestBody.replace("${userStatus}", """ + userStatus + """): null

2018-08-16 16:32:24 - [TEST_STEP][PASSED] - Statement - vsRequestBody = vsRequestBody.replace("${communityCode}", """ + communityCode + """): null

2018-08-16 16:32:24 - [TEST_STEP][PASSED] - Statement - vsRequestBody = vsRequestBody.replace("${hidden}", """ + isHidden + """): null

2018-08-16 16:32:24 - [TEST_STEP][PASSED] - Statement - request.setHttpBody(vsRequestBody): null

2018-08-16 16:32:24 - [TEST_STEP][PASSED] - Statement - response = com.kms.katalon.core.webservice.keyword.WSBuiltInKeywords.sendRequest(request): Send request successfully

2018-08-16 16:32:24 - [MESSAGE][PASSED] - Send request successfully

2018-08-16 16:32:24 - [TEST_STEP][PASSED] - verifyResponseStatusCode: Verify response status code successfully

2018-08-16 16:32:24 - [MESSAGE][PASSED] - Verify response status code successfully

2018-08-16 16:32:24 - [TEST_STEP][PASSED] - containsString: Check contain string successfully

2018-08-16 16:32:24 - [MESSAGE][PASSED] - Check contain string successfully

2018-08-16 16:32:24 - [TEST_STEP][PASSED] - Statement - return response: null

2018-08-16 16:32:24 - [MESSAGE][PASSED] - Call Test Case 'Test Cases/Library/Community/Create Community' successfully

2018-08-16 16:32:24 - [TEST_STEP][PASSED] - Statement - CommunityID = id: getAttributeValue.GetAttributeValue.GetAttribute is PASSED

2018-08-16 16:32:24 - [MESSAGE][PASSED] - getAttributeValue.GetAttributeValue.GetAttribute is PASSED

2018-08-16 16:32:24 - [TEST_STEP][PASSED] - verifyResponseStatusCode: Verify response status code successfully

2018-08-16 16:32:24 - [MESSAGE][PASSED] - Verify response status code successfully

2018-08-16 16:32:24 - [TEST_STEP][PASSED] - verifyElementPropertyValue: Verify element property value successfully

2018-08-16 16:32:24 - [MESSAGE][PASSED] - Verify element property value successfully

2018-08-16 16:32:24 - [TEST_STEP][PASSED] - verifyElementPropertyValue: Verify element property value successfully

2018-08-16 16:32:24 - [MESSAGE][PASSED] - Verify element property value successfully

2018-08-16 16:32:24 - [TEST_STEP][PASSED] - verifyElementPropertyValue: Verify element property value successfully

2018-08-16 16:32:24 - [MESSAGE][PASSED] - Verify element property value successfully

2018-08-16 16:32:24 - [TEST_STEP][PASSED] - Statement - res = com.kms.katalon.core.webui.keyword.WebUiBuiltInKeywords.callTestCase(com.kms.katalon.core.testcase.TestCaseFactory.findTestCase(Library/Community/Delete Community), ["communityID":CommunityID], STOP_ON_FAILURE): Call Test Case 'Test Cases/Library/Community/Delete Community' successfully

2018-08-16 16:32:24 - [TEST_CASE][PASSED] - Test Cases/Library/Community/Delete Community: Test Cases/Library/Community/Delete Community

2018-08-16 16:32:24 - [TEST_STEP][PASSED] - Statement - deleteCommunity = com.kms.katalon.core.testobject.ObjectRepository.findTestObject(Community/Delete Community, [host:internal.GlobalVariable.g_URL, communityID:communityID]): Finding Test Object with id 'Object Repository/Community/Delete Community'

2018-08-16 16:32:24 - [TEST_STEP][PASSED] - Statement - deleteCommunity.setHttpHeaderProperties(CustomKeywords.requestHeaders.Headers.AddHeaders()): requestHeaders.Headers.AddHeaders is PASSED

2018-08-16 16:32:24 - [MESSAGE][PASSED] - requestHeaders.Headers.AddHeaders is PASSED

2018-08-16 16:32:24 - [TEST_STEP][PASSED] - Statement - deleteCommunityRes = com.kms.katalon.core.webservice.keyword.WSBuiltInKeywords.sendRequest(deleteCommunity): Send request successfully

2018-08-16 16:32:24 - [MESSAGE][PASSED] - Send request successfully

2018-08-16 16:32:24 - [TEST_STEP][PASSED] - verifyResponseStatusCode: Verify response status code successfully

2018-08-16 16:32:24 - [MESSAGE][PASSED] - Verify response status code successfully

2018-08-16 16:32:24 - [TEST_STEP][PASSED] - delay: Delayed 10 second(s)

2018-08-16 16:32:34 - [MESSAGE][PASSED] - Delayed 10 second(s)

2018-08-16 16:32:34 - [TEST_STEP][PASSED] - Statement - reqObj = new com.kms.katalon.core.testobject.RequestObject(): null

2018-08-16 16:32:34 - [TEST_STEP][PASSED] - Statement - reqObj.setHttpHeaderProperties(CustomKeywords.requestHeaders.Headers.AddHeaders()): requestHeaders.Headers.AddHeaders is PASSED

2018-08-16 16:32:34 - [MESSAGE][PASSED] - requestHeaders.Headers.AddHeaders is PASSED

2018-08-16 16:32:34 - [TEST_STEP][PASSED] - Statement - reqObj.setRestRequestMethod("GET"): null

2018-08-16 16:32:34 - [TEST_STEP][PASSED] - Statement - reqObj.setRestUrl(g_URL + "/Services/api/sumtSocial/communities/" + communityID): null

2018-08-16 16:32:34 - [TEST_STEP][PASSED] - Statement - getResponse = com.kms.katalon.core.webservice.keyword.WSBuiltInKeywords.sendRequest(reqObj): Send request successfully

2018-08-16 16:32:34 - [MESSAGE][PASSED] - Send request successfully

2018-08-16 16:32:34 - [TEST_STEP][PASSED] - verifyResponseStatusCode: Verify response status code successfully

2018-08-16 16:32:34 - [MESSAGE][PASSED] - Verify response status code successfully

2018-08-16 16:32:34 - [TEST_STEP][PASSED] - Statement - boolVal = getResponse.getResponseText().equalsIgnoreCase("null"): null

2018-08-16 16:32:34 - [TEST_STEP][PASSED] - Statement - return boolVal: null

2018-08-16 16:32:34 - [MESSAGE][PASSED] - Call Test Case 'Test Cases/Library/Community/Delete Community' successfully]]></system-out>
         <system-err><![CDATA[]]></system-err>
      </testcase>
      <testcase name="Test Cases/TestCases/Social_SecurityAndRole_MOB-3489/TC-135398Verify the Community owner is able to create a discussion in community" classname="Test Cases/TestCases/Social_SecurityAndRole_MOB-3489/TC-135398Verify the Community owner is able to create a discussion in community" status="PASSED">
         <system-out><![CDATA[2018-08-16 16:32:34 - [TEST_CASE][PASSED] - Test Cases/TestCases/Social_SecurityAndRole_MOB-3489/TC-135398Verify the Community owner is able to create a discussion in community: Test Cases/TestCases/Social_SecurityAndRole_MOB-3489/TC-135398Verify the Community owner is able to create a discussion in community

2018-08-16 16:32:34 - [TEST_STEP][PASSED] - Statement - data = com.kms.katalon.core.testdata.TestDataFactory.findTestData(TestData): Reading CSV file with source file 'comma', separator 'containing header' and '{2}'

2018-08-16 16:32:34 - [TEST_STEP][PASSED] - Statement - response = com.kms.katalon.core.webui.keyword.WebUiBuiltInKeywords.callTestCase(com.kms.katalon.core.testcase.TestCaseFactory.findTestCase(Library/Community/Create Community), ["communityName":data.getValue("CommunityName", 29), "CommunityDesc":data.getValue("CommunityDesc", 29), "allowDiscussionBoards":true, ... ], STOP_ON_FAILURE): Call Test Case 'Test Cases/Library/Community/Create Community' successfully

2018-08-16 16:32:34 - [TEST_CASE][PASSED] - Test Cases/Library/Community/Create Community: Test Cases/Library/Community/Create Community

2018-08-16 16:32:34 - [TEST_STEP][PASSED] - Statement - request = com.kms.katalon.core.testobject.ObjectRepository.findTestObject(Community/POST Create Community, [host:internal.GlobalVariable.g_URL]): Finding Test Object with id 'Object Repository/Community/POST Create Community'

2018-08-16 16:32:34 - [TEST_STEP][PASSED] - Statement - request.setHttpHeaderProperties(CustomKeywords.requestHeaders.Headers.AddHeaders()): requestHeaders.Headers.AddHeaders is PASSED

2018-08-16 16:32:34 - [MESSAGE][PASSED] - requestHeaders.Headers.AddHeaders is PASSED

2018-08-16 16:32:34 - [TEST_STEP][PASSED] - Statement - reponse = <not implemented yet for class: org.codehaus.groovy.ast.expr.EmptyExpression>: null

2018-08-16 16:32:34 - [TEST_STEP][PASSED] - Statement - vsRequestBody = "": null

2018-08-16 16:32:34 - [TEST_STEP][PASSED] - Statement - vsRequestBody = request.getHttpBody(): null

2018-08-16 16:32:34 - [TEST_STEP][PASSED] - Statement - vsRequestBody = vsRequestBody.replace("${CommunityName}", """ + communityName + """): null

2018-08-16 16:32:34 - [TEST_STEP][PASSED] - Statement - vsRequestBody = vsRequestBody.replace("${CommunityDesc}", """ + CommunityDesc + """): null

2018-08-16 16:32:34 - [TEST_STEP][PASSED] - Statement - vsRequestBody = vsRequestBody.replace("${allowDiscussionBoards}", """ + allowDiscussionBoards + """): null

2018-08-16 16:32:34 - [TEST_STEP][PASSED] - Statement - vsRequestBody = vsRequestBody.replace("${allowBlogPosts}", """ + allowBlogPosts + """): null

2018-08-16 16:32:34 - [TEST_STEP][PASSED] - Statement - vsRequestBody = vsRequestBody.replace("${allowFileUploads}", """ + allowFileUploads + """): null

2018-08-16 16:32:34 - [TEST_STEP][PASSED] - Statement - vsRequestBody = vsRequestBody.replace("${isPrivate}", """ + isPrivate + """): null

2018-08-16 16:32:34 - [TEST_STEP][PASSED] - Statement - vsRequestBody = vsRequestBody.replace("${userName}", """ + userName + """): null

2018-08-16 16:32:34 - [TEST_STEP][PASSED] - Statement - vsRequestBody = vsRequestBody.replace("${userId}", """ + userId + """): null

2018-08-16 16:32:34 - [TEST_STEP][PASSED] - Statement - vsRequestBody = vsRequestBody.replace("${role}", """ + role + """): null

2018-08-16 16:32:34 - [TEST_STEP][PASSED] - Statement - vsRequestBody = vsRequestBody.replace("${userStatus}", """ + userStatus + """): null

2018-08-16 16:32:34 - [TEST_STEP][PASSED] - Statement - vsRequestBody = vsRequestBody.replace("${communityCode}", """ + communityCode + """): null

2018-08-16 16:32:34 - [TEST_STEP][PASSED] - Statement - vsRequestBody = vsRequestBody.replace("${hidden}", """ + isHidden + """): null

2018-08-16 16:32:34 - [TEST_STEP][PASSED] - Statement - request.setHttpBody(vsRequestBody): null

2018-08-16 16:32:34 - [TEST_STEP][PASSED] - Statement - response = com.kms.katalon.core.webservice.keyword.WSBuiltInKeywords.sendRequest(request): Send request successfully

2018-08-16 16:32:34 - [MESSAGE][PASSED] - Send request successfully

2018-08-16 16:32:34 - [TEST_STEP][PASSED] - verifyResponseStatusCode: Verify response status code successfully

2018-08-16 16:32:34 - [MESSAGE][PASSED] - Verify response status code successfully

2018-08-16 16:32:34 - [TEST_STEP][PASSED] - containsString: Check contain string successfully

2018-08-16 16:32:34 - [MESSAGE][PASSED] - Check contain string successfully

2018-08-16 16:32:34 - [TEST_STEP][PASSED] - Statement - return response: null

2018-08-16 16:32:34 - [MESSAGE][PASSED] - Call Test Case 'Test Cases/Library/Community/Create Community' successfully

2018-08-16 16:32:34 - [TEST_STEP][PASSED] - Statement - CommunityID = id: getAttributeValue.GetAttributeValue.GetAttribute is PASSED

2018-08-16 16:32:34 - [MESSAGE][PASSED] - getAttributeValue.GetAttributeValue.GetAttribute is PASSED

2018-08-16 16:32:34 - [TEST_STEP][PASSED] - Statement - Res = com.kms.katalon.core.webui.keyword.WebUiBuiltInKeywords.callTestCase(com.kms.katalon.core.testcase.TestCaseFactory.findTestCase(Library/Community/Create discussion under community), ["CommunityID":CommunityID, "DiscussionName":data.getValue("DiscussionName", 30), "DiscussionDesc":data.getValue("DiscussionDesc", 30)], STOP_ON_FAILURE): Call Test Case 'Test Cases/Library/Community/Create discussion under community' successfully

2018-08-16 16:32:34 - [TEST_CASE][PASSED] - Test Cases/Library/Community/Create discussion under community: Test Cases/Library/Community/Create discussion under community

2018-08-16 16:32:35 - [TEST_STEP][PASSED] - Statement - request = com.kms.katalon.core.testobject.ObjectRepository.findTestObject(Object Repository/Community/Create discussion under community, [host:internal.GlobalVariable.g_URL]): Finding Test Object with id 'Object Repository/Community/Create discussion under community'

2018-08-16 16:32:35 - [TEST_STEP][PASSED] - Statement - request.setHttpHeaderProperties(CustomKeywords.requestHeaders.Headers.AddHeaders()): requestHeaders.Headers.AddHeaders is PASSED

2018-08-16 16:32:35 - [MESSAGE][PASSED] - requestHeaders.Headers.AddHeaders is PASSED

2018-08-16 16:32:35 - [TEST_STEP][PASSED] - Statement - response = <not implemented yet for class: org.codehaus.groovy.ast.expr.EmptyExpression>: null

2018-08-16 16:32:35 - [TEST_STEP][PASSED] - Statement - vsRequestBody = "": null

2018-08-16 16:32:35 - [TEST_STEP][PASSED] - Statement - vsRequestBody = request.getHttpBody(): null

2018-08-16 16:32:35 - [TEST_STEP][PASSED] - Statement - vsRequestBody = vsRequestBody.replace("${CommunityID}", """ + CommunityID + """): null

2018-08-16 16:32:35 - [TEST_STEP][PASSED] - Statement - vsRequestBody = vsRequestBody.replace("${DiscussionName}", DiscussionName): null

2018-08-16 16:32:35 - [TEST_STEP][PASSED] - Statement - vsRequestBody = vsRequestBody.replace("${DiscussionDesc}", """ + DiscussionDesc + """): null

2018-08-16 16:32:35 - [TEST_STEP][PASSED] - Statement - request.setHttpBody(vsRequestBody): null

2018-08-16 16:32:35 - [TEST_STEP][PASSED] - Statement - response = com.kms.katalon.core.webservice.keyword.WSBuiltInKeywords.sendRequest(request): Send request successfully

2018-08-16 16:32:35 - [MESSAGE][PASSED] - Send request successfully

2018-08-16 16:32:35 - [TEST_STEP][PASSED] - verifyResponseStatusCode: Verify response status code successfully

2018-08-16 16:32:35 - [MESSAGE][PASSED] - Verify response status code successfully

2018-08-16 16:32:35 - [TEST_STEP][PASSED] - Statement - return response: null

2018-08-16 16:32:35 - [MESSAGE][PASSED] - Call Test Case 'Test Cases/Library/Community/Create discussion under community' successfully

2018-08-16 16:32:35 - [TEST_STEP][PASSED] - verifyResponseStatusCode: Verify response status code successfully

2018-08-16 16:32:35 - [MESSAGE][PASSED] - Verify response status code successfully

2018-08-16 16:32:35 - [TEST_STEP][PASSED] - Statement - getDis = com.kms.katalon.core.webui.keyword.WebUiBuiltInKeywords.callTestCase(com.kms.katalon.core.testcase.TestCaseFactory.findTestCase(Library/Community/Get Discussions), ["CommunityID":CommunityID], STOP_ON_FAILURE): Call Test Case 'Test Cases/Library/Community/Get Discussions' successfully

2018-08-16 16:32:35 - [TEST_CASE][PASSED] - Test Cases/Library/Community/Get Discussions: Test Cases/Library/Community/Get Discussions

2018-08-16 16:32:35 - [TEST_STEP][PASSED] - Statement - request = com.kms.katalon.core.testobject.ObjectRepository.findTestObject(Object Repository/Community/Get Discussions, [host:internal.GlobalVariable.g_URL, CommunityID:CommunityID]): Finding Test Object with id 'Object Repository/Community/Get Discussions'

2018-08-16 16:32:35 - [TEST_STEP][PASSED] - Statement - request.setHttpHeaderProperties(CustomKeywords.requestHeaders.Headers.AddHeaders()): requestHeaders.Headers.AddHeaders is PASSED

2018-08-16 16:32:35 - [MESSAGE][PASSED] - requestHeaders.Headers.AddHeaders is PASSED

2018-08-16 16:32:35 - [TEST_STEP][PASSED] - Statement - response = com.kms.katalon.core.webservice.keyword.WSBuiltInKeywords.sendRequest(request): Send request successfully

2018-08-16 16:32:35 - [MESSAGE][PASSED] - Send request successfully

2018-08-16 16:32:35 - [TEST_STEP][PASSED] - Statement - return response: null

2018-08-16 16:32:35 - [MESSAGE][PASSED] - Call Test Case 'Test Cases/Library/Community/Get Discussions' successfully

2018-08-16 16:32:35 - [TEST_STEP][PASSED] - containsString: Check contain string successfully

2018-08-16 16:32:35 - [MESSAGE][PASSED] - Check contain string successfully

2018-08-16 16:32:35 - [TEST_STEP][PASSED] - Statement - res = com.kms.katalon.core.webui.keyword.WebUiBuiltInKeywords.callTestCase(com.kms.katalon.core.testcase.TestCaseFactory.findTestCase(Library/Community/Delete Community), ["communityID":CommunityID], STOP_ON_FAILURE): Call Test Case 'Test Cases/Library/Community/Delete Community' successfully

2018-08-16 16:32:35 - [TEST_CASE][PASSED] - Test Cases/Library/Community/Delete Community: Test Cases/Library/Community/Delete Community

2018-08-16 16:32:35 - [TEST_STEP][PASSED] - Statement - deleteCommunity = com.kms.katalon.core.testobject.ObjectRepository.findTestObject(Community/Delete Community, [host:internal.GlobalVariable.g_URL, communityID:communityID]): Finding Test Object with id 'Object Repository/Community/Delete Community'

2018-08-16 16:32:35 - [TEST_STEP][PASSED] - Statement - deleteCommunity.setHttpHeaderProperties(CustomKeywords.requestHeaders.Headers.AddHeaders()): requestHeaders.Headers.AddHeaders is PASSED

2018-08-16 16:32:35 - [MESSAGE][PASSED] - requestHeaders.Headers.AddHeaders is PASSED

2018-08-16 16:32:35 - [TEST_STEP][PASSED] - Statement - deleteCommunityRes = com.kms.katalon.core.webservice.keyword.WSBuiltInKeywords.sendRequest(deleteCommunity): Send request successfully

2018-08-16 16:32:35 - [MESSAGE][PASSED] - Send request successfully

2018-08-16 16:32:35 - [TEST_STEP][PASSED] - verifyResponseStatusCode: Verify response status code successfully

2018-08-16 16:32:35 - [MESSAGE][PASSED] - Verify response status code successfully

2018-08-16 16:32:35 - [TEST_STEP][PASSED] - delay: Delayed 10 second(s)

2018-08-16 16:32:45 - [MESSAGE][PASSED] - Delayed 10 second(s)

2018-08-16 16:32:45 - [TEST_STEP][PASSED] - Statement - reqObj = new com.kms.katalon.core.testobject.RequestObject(): null

2018-08-16 16:32:45 - [TEST_STEP][PASSED] - Statement - reqObj.setHttpHeaderProperties(CustomKeywords.requestHeaders.Headers.AddHeaders()): requestHeaders.Headers.AddHeaders is PASSED

2018-08-16 16:32:45 - [MESSAGE][PASSED] - requestHeaders.Headers.AddHeaders is PASSED

2018-08-16 16:32:45 - [TEST_STEP][PASSED] - Statement - reqObj.setRestRequestMethod("GET"): null

2018-08-16 16:32:45 - [TEST_STEP][PASSED] - Statement - reqObj.setRestUrl(g_URL + "/Services/api/sumtSocial/communities/" + communityID): null

2018-08-16 16:32:45 - [TEST_STEP][PASSED] - Statement - getResponse = com.kms.katalon.core.webservice.keyword.WSBuiltInKeywords.sendRequest(reqObj): Send request successfully

2018-08-16 16:32:45 - [MESSAGE][PASSED] - Send request successfully

2018-08-16 16:32:45 - [TEST_STEP][PASSED] - verifyResponseStatusCode: Verify response status code successfully

2018-08-16 16:32:45 - [MESSAGE][PASSED] - Verify response status code successfully

2018-08-16 16:32:45 - [TEST_STEP][PASSED] - Statement - boolVal = getResponse.getResponseText().equalsIgnoreCase("null"): null

2018-08-16 16:32:45 - [TEST_STEP][PASSED] - Statement - return boolVal: null

2018-08-16 16:32:45 - [MESSAGE][PASSED] - Call Test Case 'Test Cases/Library/Community/Delete Community' successfully]]></system-out>
         <system-err><![CDATA[]]></system-err>
      </testcase>
      <testcase name="Test Cases/TestCases/Social_SecurityAndRole_MOB-3489/TC-135399Verify the Community Owner is able to edit the discussion thread, created by self" classname="Test Cases/TestCases/Social_SecurityAndRole_MOB-3489/TC-135399Verify the Community Owner is able to edit the discussion thread, created by self" status="PASSED">
         <system-out><![CDATA[2018-08-16 16:32:45 - [TEST_CASE][PASSED] - Test Cases/TestCases/Social_SecurityAndRole_MOB-3489/TC-135399Verify the Community Owner is able to edit the discussion thread, created by self: Test Cases/TestCases/Social_SecurityAndRole_MOB-3489/TC-135399Verify the Community Owner is able to edit the discussion thread, created by self

2018-08-16 16:32:45 - [TEST_STEP][PASSED] - Statement - data = com.kms.katalon.core.testdata.TestDataFactory.findTestData(TestData): Reading CSV file with source file 'comma', separator 'containing header' and '{2}'

2018-08-16 16:32:45 - [TEST_STEP][PASSED] - Statement - rand = new java.util.Random(): null

2018-08-16 16:32:45 - [TEST_STEP][PASSED] - Statement - rand_int1 = rand.nextInt(1000): null

2018-08-16 16:32:45 - [TEST_STEP][PASSED] - Statement - DisName = data.getValue("CommunityName", 31) + rand_int1: null

2018-08-16 16:32:45 - [TEST_STEP][PASSED] - Statement - response = com.kms.katalon.core.webui.keyword.WebUiBuiltInKeywords.callTestCase(com.kms.katalon.core.testcase.TestCaseFactory.findTestCase(Library/Community/Create Community), ["communityName":data.getValue("CommunityName", 31), "CommunityDesc":data.getValue("CommunityDesc", 31), "allowDiscussionBoards":true, ... ], STOP_ON_FAILURE): Call Test Case 'Test Cases/Library/Community/Create Community' successfully

2018-08-16 16:32:46 - [TEST_CASE][PASSED] - Test Cases/Library/Community/Create Community: Test Cases/Library/Community/Create Community

2018-08-16 16:32:46 - [TEST_STEP][PASSED] - Statement - request = com.kms.katalon.core.testobject.ObjectRepository.findTestObject(Community/POST Create Community, [host:internal.GlobalVariable.g_URL]): Finding Test Object with id 'Object Repository/Community/POST Create Community'

2018-08-16 16:32:46 - [TEST_STEP][PASSED] - Statement - request.setHttpHeaderProperties(CustomKeywords.requestHeaders.Headers.AddHeaders()): requestHeaders.Headers.AddHeaders is PASSED

2018-08-16 16:32:46 - [MESSAGE][PASSED] - requestHeaders.Headers.AddHeaders is PASSED

2018-08-16 16:32:46 - [TEST_STEP][PASSED] - Statement - reponse = <not implemented yet for class: org.codehaus.groovy.ast.expr.EmptyExpression>: null

2018-08-16 16:32:46 - [TEST_STEP][PASSED] - Statement - vsRequestBody = "": null

2018-08-16 16:32:46 - [TEST_STEP][PASSED] - Statement - vsRequestBody = request.getHttpBody(): null

2018-08-16 16:32:46 - [TEST_STEP][PASSED] - Statement - vsRequestBody = vsRequestBody.replace("${CommunityName}", """ + communityName + """): null

2018-08-16 16:32:46 - [TEST_STEP][PASSED] - Statement - vsRequestBody = vsRequestBody.replace("${CommunityDesc}", """ + CommunityDesc + """): null

2018-08-16 16:32:46 - [TEST_STEP][PASSED] - Statement - vsRequestBody = vsRequestBody.replace("${allowDiscussionBoards}", """ + allowDiscussionBoards + """): null

2018-08-16 16:32:46 - [TEST_STEP][PASSED] - Statement - vsRequestBody = vsRequestBody.replace("${allowBlogPosts}", """ + allowBlogPosts + """): null

2018-08-16 16:32:46 - [TEST_STEP][PASSED] - Statement - vsRequestBody = vsRequestBody.replace("${allowFileUploads}", """ + allowFileUploads + """): null

2018-08-16 16:32:46 - [TEST_STEP][PASSED] - Statement - vsRequestBody = vsRequestBody.replace("${isPrivate}", """ + isPrivate + """): null

2018-08-16 16:32:46 - [TEST_STEP][PASSED] - Statement - vsRequestBody = vsRequestBody.replace("${userName}", """ + userName + """): null

2018-08-16 16:32:46 - [TEST_STEP][PASSED] - Statement - vsRequestBody = vsRequestBody.replace("${userId}", """ + userId + """): null

2018-08-16 16:32:46 - [TEST_STEP][PASSED] - Statement - vsRequestBody = vsRequestBody.replace("${role}", """ + role + """): null

2018-08-16 16:32:46 - [TEST_STEP][PASSED] - Statement - vsRequestBody = vsRequestBody.replace("${userStatus}", """ + userStatus + """): null

2018-08-16 16:32:46 - [TEST_STEP][PASSED] - Statement - vsRequestBody = vsRequestBody.replace("${communityCode}", """ + communityCode + """): null

2018-08-16 16:32:46 - [TEST_STEP][PASSED] - Statement - vsRequestBody = vsRequestBody.replace("${hidden}", """ + isHidden + """): null

2018-08-16 16:32:46 - [TEST_STEP][PASSED] - Statement - request.setHttpBody(vsRequestBody): null

2018-08-16 16:32:46 - [TEST_STEP][PASSED] - Statement - response = com.kms.katalon.core.webservice.keyword.WSBuiltInKeywords.sendRequest(request): Send request successfully

2018-08-16 16:32:46 - [MESSAGE][PASSED] - Send request successfully

2018-08-16 16:32:46 - [TEST_STEP][PASSED] - verifyResponseStatusCode: Verify response status code successfully

2018-08-16 16:32:46 - [MESSAGE][PASSED] - Verify response status code successfully

2018-08-16 16:32:46 - [TEST_STEP][PASSED] - containsString: Check contain string successfully

2018-08-16 16:32:46 - [MESSAGE][PASSED] - Check contain string successfully

2018-08-16 16:32:46 - [TEST_STEP][PASSED] - Statement - return response: null

2018-08-16 16:32:46 - [MESSAGE][PASSED] - Call Test Case 'Test Cases/Library/Community/Create Community' successfully

2018-08-16 16:32:46 - [TEST_STEP][PASSED] - Statement - CommunityID = id: getAttributeValue.GetAttributeValue.GetAttribute is PASSED

2018-08-16 16:32:46 - [MESSAGE][PASSED] - getAttributeValue.GetAttributeValue.GetAttribute is PASSED

2018-08-16 16:32:46 - [TEST_STEP][PASSED] - Statement - responseDis = com.kms.katalon.core.webui.keyword.WebUiBuiltInKeywords.callTestCase(com.kms.katalon.core.testcase.TestCaseFactory.findTestCase(Library/Community/Create discussion under community), ["CommunityID":CommunityID, "DiscussionName":data.getValue("DiscussionName", 31), "DiscussionDesc":data.getValue("DiscussionDesc", 31)], STOP_ON_FAILURE): Call Test Case 'Test Cases/Library/Community/Create discussion under community' successfully

2018-08-16 16:32:46 - [TEST_CASE][PASSED] - Test Cases/Library/Community/Create discussion under community: Test Cases/Library/Community/Create discussion under community

2018-08-16 16:32:46 - [TEST_STEP][PASSED] - Statement - request = com.kms.katalon.core.testobject.ObjectRepository.findTestObject(Object Repository/Community/Create discussion under community, [host:internal.GlobalVariable.g_URL]): Finding Test Object with id 'Object Repository/Community/Create discussion under community'

2018-08-16 16:32:46 - [TEST_STEP][PASSED] - Statement - request.setHttpHeaderProperties(CustomKeywords.requestHeaders.Headers.AddHeaders()): requestHeaders.Headers.AddHeaders is PASSED

2018-08-16 16:32:46 - [MESSAGE][PASSED] - requestHeaders.Headers.AddHeaders is PASSED

2018-08-16 16:32:46 - [TEST_STEP][PASSED] - Statement - response = <not implemented yet for class: org.codehaus.groovy.ast.expr.EmptyExpression>: null

2018-08-16 16:32:46 - [TEST_STEP][PASSED] - Statement - vsRequestBody = "": null

2018-08-16 16:32:46 - [TEST_STEP][PASSED] - Statement - vsRequestBody = request.getHttpBody(): null

2018-08-16 16:32:46 - [TEST_STEP][PASSED] - Statement - vsRequestBody = vsRequestBody.replace("${CommunityID}", """ + CommunityID + """): null

2018-08-16 16:32:46 - [TEST_STEP][PASSED] - Statement - vsRequestBody = vsRequestBody.replace("${DiscussionName}", DiscussionName): null

2018-08-16 16:32:46 - [TEST_STEP][PASSED] - Statement - vsRequestBody = vsRequestBody.replace("${DiscussionDesc}", """ + DiscussionDesc + """): null

2018-08-16 16:32:46 - [TEST_STEP][PASSED] - Statement - request.setHttpBody(vsRequestBody): null

2018-08-16 16:32:46 - [TEST_STEP][PASSED] - Statement - response = com.kms.katalon.core.webservice.keyword.WSBuiltInKeywords.sendRequest(request): Send request successfully

2018-08-16 16:32:46 - [MESSAGE][PASSED] - Send request successfully

2018-08-16 16:32:46 - [TEST_STEP][PASSED] - verifyResponseStatusCode: Verify response status code successfully

2018-08-16 16:32:46 - [MESSAGE][PASSED] - Verify response status code successfully

2018-08-16 16:32:46 - [TEST_STEP][PASSED] - Statement - return response: null

2018-08-16 16:32:46 - [MESSAGE][PASSED] - Call Test Case 'Test Cases/Library/Community/Create discussion under community' successfully

2018-08-16 16:32:46 - [TEST_STEP][PASSED] - Statement - res1 = com.kms.katalon.core.webui.keyword.WebUiBuiltInKeywords.callTestCase(com.kms.katalon.core.testcase.TestCaseFactory.findTestCase(Library/Community/Get Discussions), ["CommunityID":CommunityID], STOP_ON_FAILURE): Call Test Case 'Test Cases/Library/Community/Get Discussions' successfully

2018-08-16 16:32:46 - [TEST_CASE][PASSED] - Test Cases/Library/Community/Get Discussions: Test Cases/Library/Community/Get Discussions

2018-08-16 16:32:46 - [TEST_STEP][PASSED] - Statement - request = com.kms.katalon.core.testobject.ObjectRepository.findTestObject(Object Repository/Community/Get Discussions, [host:internal.GlobalVariable.g_URL, CommunityID:CommunityID]): Finding Test Object with id 'Object Repository/Community/Get Discussions'

2018-08-16 16:32:46 - [TEST_STEP][PASSED] - Statement - request.setHttpHeaderProperties(CustomKeywords.requestHeaders.Headers.AddHeaders()): requestHeaders.Headers.AddHeaders is PASSED

2018-08-16 16:32:46 - [MESSAGE][PASSED] - requestHeaders.Headers.AddHeaders is PASSED

2018-08-16 16:32:46 - [TEST_STEP][PASSED] - Statement - response = com.kms.katalon.core.webservice.keyword.WSBuiltInKeywords.sendRequest(request): Send request successfully

2018-08-16 16:32:46 - [MESSAGE][PASSED] - Send request successfully

2018-08-16 16:32:46 - [TEST_STEP][PASSED] - Statement - return response: null

2018-08-16 16:32:46 - [MESSAGE][PASSED] - Call Test Case 'Test Cases/Library/Community/Get Discussions' successfully

2018-08-16 16:32:46 - [TEST_STEP][PASSED] - Statement - DiscussionId = discussions: getAttributeValue.GetAttributeValue.GetAttribute is PASSED

2018-08-16 16:32:46 - [MESSAGE][PASSED] - getAttributeValue.GetAttributeValue.GetAttribute is PASSED

2018-08-16 16:32:46 - [TEST_STEP][PASSED] - Statement - ResponseText = res1.getResponseText(): null

2018-08-16 16:32:46 - [TEST_STEP][PASSED] - Statement - id = ""id"": null

2018-08-16 16:32:46 - [TEST_STEP][PASSED] - Statement - firstIndex = ResponseText.indexOf(id) + id.length(): null

2018-08-16 16:32:46 - [TEST_STEP][PASSED] - Statement - name = ResponseText.substring(firstIndex): null

2018-08-16 16:32:46 - [TEST_STEP][PASSED] - Statement - lastIndex = name.indexOf(","): null

2018-08-16 16:32:46 - [TEST_STEP][PASSED] - Statement - finalString = name.substring(0, lastIndex).replace(""", "").replaceAll("[:]", "").trim(): null

2018-08-16 16:32:46 - [TEST_STEP][PASSED] - callTestCase: Call Test Case 'Test Cases/Library/Community/Create a discussion thread' successfully

2018-08-16 16:32:46 - [TEST_CASE][PASSED] - Test Cases/Library/Community/Create a discussion thread: Test Cases/Library/Community/Create a discussion thread

2018-08-16 16:32:46 - [TEST_STEP][PASSED] - Statement - request = com.kms.katalon.core.testobject.ObjectRepository.findTestObject(Object Repository/Community/Create a discussion thread, [host:internal.GlobalVariable.g_URL]): Finding Test Object with id 'Object Repository/Community/Create a discussion thread'

2018-08-16 16:32:46 - [TEST_STEP][PASSED] - Statement - request.setHttpHeaderProperties(CustomKeywords.requestHeaders.Headers.AddHeaders()): requestHeaders.Headers.AddHeaders is PASSED

2018-08-16 16:32:46 - [MESSAGE][PASSED] - requestHeaders.Headers.AddHeaders is PASSED

2018-08-16 16:32:46 - [TEST_STEP][PASSED] - Statement - response = <not implemented yet for class: org.codehaus.groovy.ast.expr.EmptyExpression>: null

2018-08-16 16:32:46 - [TEST_STEP][PASSED] - Statement - vsRequestBody = "": null

2018-08-16 16:32:46 - [TEST_STEP][PASSED] - Statement - vsRequestBody = request.getHttpBody(): null

2018-08-16 16:32:46 - [TEST_STEP][PASSED] - Statement - vsRequestBody = vsRequestBody.replace("${DiscussionID}", """ + DiscussionID + """): null

2018-08-16 16:32:46 - [TEST_STEP][PASSED] - Statement - vsRequestBody = vsRequestBody.replace("${Comment}", Comment): null

2018-08-16 16:32:46 - [TEST_STEP][PASSED] - Statement - request.setHttpBody(vsRequestBody): null

2018-08-16 16:32:46 - [TEST_STEP][PASSED] - Statement - response = com.kms.katalon.core.webservice.keyword.WSBuiltInKeywords.sendRequest(request): Send request successfully

2018-08-16 16:32:46 - [MESSAGE][PASSED] - Send request successfully

2018-08-16 16:32:46 - [TEST_STEP][PASSED] - verifyResponseStatusCode: Verify response status code successfully

2018-08-16 16:32:46 - [MESSAGE][PASSED] - Verify response status code successfully

2018-08-16 16:32:46 - [TEST_STEP][PASSED] - Statement - return response: null

2018-08-16 16:32:46 - [MESSAGE][PASSED] - Call Test Case 'Test Cases/Library/Community/Create a discussion thread' successfully

2018-08-16 16:32:46 - [TEST_STEP][PASSED] - callTestCase: Call Test Case 'Test Cases/Library/Community/Eidt Discussion' successfully

2018-08-16 16:32:46 - [TEST_CASE][PASSED] - Test Cases/Library/Community/Eidt Discussion: Test Cases/Library/Community/Eidt Discussion

2018-08-16 16:32:47 - [TEST_STEP][PASSED] - Statement - editResponse = com.kms.katalon.core.testobject.ObjectRepository.findTestObject(Object Repository/Community/Edit Discussion, [host:internal.GlobalVariable.g_URL]): Finding Test Object with id 'Object Repository/Community/Edit Discussion'

2018-08-16 16:32:47 - [TEST_STEP][PASSED] - Statement - editResponse.setHttpHeaderProperties(CustomKeywords.requestHeaders.Headers.AddHeaders()): requestHeaders.Headers.AddHeaders is PASSED

2018-08-16 16:32:47 - [MESSAGE][PASSED] - requestHeaders.Headers.AddHeaders is PASSED

2018-08-16 16:32:47 - [TEST_STEP][PASSED] - Statement - reponse = <not implemented yet for class: org.codehaus.groovy.ast.expr.EmptyExpression>: null

2018-08-16 16:32:47 - [TEST_STEP][PASSED] - Statement - vsRequestBody = "": null

2018-08-16 16:32:47 - [TEST_STEP][PASSED] - Statement - vsRequestBody = editResponse.getHttpBody(): null

2018-08-16 16:32:47 - [TEST_STEP][PASSED] - Statement - vsRequestBody = vsRequestBody.replace("${DiscussionName}", """ + DiscussionName + """): null

2018-08-16 16:32:47 - [TEST_STEP][PASSED] - Statement - vsRequestBody = vsRequestBody.replace("${DiscussionID}", """ + DiscussionID + """): null

2018-08-16 16:32:47 - [TEST_STEP][PASSED] - Statement - editResponse.setHttpBody(vsRequestBody): null

2018-08-16 16:32:47 - [TEST_STEP][PASSED] - Statement - response = com.kms.katalon.core.webservice.keyword.WSBuiltInKeywords.sendRequest(editResponse): Send request successfully

2018-08-16 16:32:47 - [MESSAGE][PASSED] - Send request successfully

2018-08-16 16:32:47 - [TEST_STEP][PASSED] - verifyResponseStatusCode: Verify response status code successfully

2018-08-16 16:32:47 - [MESSAGE][PASSED] - Verify response status code successfully

2018-08-16 16:32:47 - [TEST_STEP][PASSED] - Statement - return response: null

2018-08-16 16:32:47 - [MESSAGE][PASSED] - Call Test Case 'Test Cases/Library/Community/Eidt Discussion' successfully

2018-08-16 16:32:47 - [TEST_STEP][PASSED] - Statement - GetDiscussions = com.kms.katalon.core.webui.keyword.WebUiBuiltInKeywords.callTestCase(com.kms.katalon.core.testcase.TestCaseFactory.findTestCase(Library/Community/Get Discussions), ["CommunityID":CommunityID], STOP_ON_FAILURE): Call Test Case 'Test Cases/Library/Community/Get Discussions' successfully

2018-08-16 16:32:47 - [TEST_CASE][PASSED] - Test Cases/Library/Community/Get Discussions: Test Cases/Library/Community/Get Discussions

2018-08-16 16:32:47 - [TEST_STEP][PASSED] - Statement - request = com.kms.katalon.core.testobject.ObjectRepository.findTestObject(Object Repository/Community/Get Discussions, [host:internal.GlobalVariable.g_URL, CommunityID:CommunityID]): Finding Test Object with id 'Object Repository/Community/Get Discussions'

2018-08-16 16:32:47 - [TEST_STEP][PASSED] - Statement - request.setHttpHeaderProperties(CustomKeywords.requestHeaders.Headers.AddHeaders()): requestHeaders.Headers.AddHeaders is PASSED

2018-08-16 16:32:47 - [MESSAGE][PASSED] - requestHeaders.Headers.AddHeaders is PASSED

2018-08-16 16:32:47 - [TEST_STEP][PASSED] - Statement - response = com.kms.katalon.core.webservice.keyword.WSBuiltInKeywords.sendRequest(request): Send request successfully

2018-08-16 16:32:47 - [MESSAGE][PASSED] - Send request successfully

2018-08-16 16:32:47 - [TEST_STEP][PASSED] - Statement - return response: null

2018-08-16 16:32:47 - [MESSAGE][PASSED] - Call Test Case 'Test Cases/Library/Community/Get Discussions' successfully

2018-08-16 16:32:47 - [TEST_STEP][PASSED] - containsString: Check contain string successfully

2018-08-16 16:32:47 - [MESSAGE][PASSED] - Check contain string successfully

2018-08-16 16:32:47 - [TEST_STEP][PASSED] - Statement - res = com.kms.katalon.core.webui.keyword.WebUiBuiltInKeywords.callTestCase(com.kms.katalon.core.testcase.TestCaseFactory.findTestCase(Library/Community/Delete Community), ["communityID":CommunityID], STOP_ON_FAILURE): Call Test Case 'Test Cases/Library/Community/Delete Community' successfully

2018-08-16 16:32:47 - [TEST_CASE][PASSED] - Test Cases/Library/Community/Delete Community: Test Cases/Library/Community/Delete Community

2018-08-16 16:32:47 - [TEST_STEP][PASSED] - Statement - deleteCommunity = com.kms.katalon.core.testobject.ObjectRepository.findTestObject(Community/Delete Community, [host:internal.GlobalVariable.g_URL, communityID:communityID]): Finding Test Object with id 'Object Repository/Community/Delete Community'

2018-08-16 16:32:47 - [TEST_STEP][PASSED] - Statement - deleteCommunity.setHttpHeaderProperties(CustomKeywords.requestHeaders.Headers.AddHeaders()): requestHeaders.Headers.AddHeaders is PASSED

2018-08-16 16:32:47 - [MESSAGE][PASSED] - requestHeaders.Headers.AddHeaders is PASSED

2018-08-16 16:32:47 - [TEST_STEP][PASSED] - Statement - deleteCommunityRes = com.kms.katalon.core.webservice.keyword.WSBuiltInKeywords.sendRequest(deleteCommunity): Send request successfully

2018-08-16 16:32:47 - [MESSAGE][PASSED] - Send request successfully

2018-08-16 16:32:47 - [TEST_STEP][PASSED] - verifyResponseStatusCode: Verify response status code successfully

2018-08-16 16:32:47 - [MESSAGE][PASSED] - Verify response status code successfully

2018-08-16 16:32:47 - [TEST_STEP][PASSED] - delay: Delayed 10 second(s)

2018-08-16 16:32:57 - [MESSAGE][PASSED] - Delayed 10 second(s)

2018-08-16 16:32:57 - [TEST_STEP][PASSED] - Statement - reqObj = new com.kms.katalon.core.testobject.RequestObject(): null

2018-08-16 16:32:57 - [TEST_STEP][PASSED] - Statement - reqObj.setHttpHeaderProperties(CustomKeywords.requestHeaders.Headers.AddHeaders()): requestHeaders.Headers.AddHeaders is PASSED

2018-08-16 16:32:57 - [MESSAGE][PASSED] - requestHeaders.Headers.AddHeaders is PASSED

2018-08-16 16:32:57 - [TEST_STEP][PASSED] - Statement - reqObj.setRestRequestMethod("GET"): null

2018-08-16 16:32:57 - [TEST_STEP][PASSED] - Statement - reqObj.setRestUrl(g_URL + "/Services/api/sumtSocial/communities/" + communityID): null

2018-08-16 16:32:57 - [TEST_STEP][PASSED] - Statement - getResponse = com.kms.katalon.core.webservice.keyword.WSBuiltInKeywords.sendRequest(reqObj): Send request successfully

2018-08-16 16:32:57 - [MESSAGE][PASSED] - Send request successfully

2018-08-16 16:32:57 - [TEST_STEP][PASSED] - verifyResponseStatusCode: Verify response status code successfully

2018-08-16 16:32:57 - [MESSAGE][PASSED] - Verify response status code successfully

2018-08-16 16:32:57 - [TEST_STEP][PASSED] - Statement - boolVal = getResponse.getResponseText().equalsIgnoreCase("null"): null

2018-08-16 16:32:57 - [TEST_STEP][PASSED] - Statement - return boolVal: null

2018-08-16 16:32:57 - [MESSAGE][PASSED] - Call Test Case 'Test Cases/Library/Community/Delete Community' successfully]]></system-out>
         <system-err><![CDATA[]]></system-err>
      </testcase>
      <testcase name="Test Cases/TestCases/Social_SecurityAndRole_MOB-3489/TC-135405Verify the Community Owner is able to create a Blog page in that community page" classname="Test Cases/TestCases/Social_SecurityAndRole_MOB-3489/TC-135405Verify the Community Owner is able to create a Blog page in that community page" status="PASSED">
         <system-out><![CDATA[2018-08-16 16:32:57 - [TEST_CASE][PASSED] - Test Cases/TestCases/Social_SecurityAndRole_MOB-3489/TC-135405Verify the Community Owner is able to create a Blog page in that community page: Test Cases/TestCases/Social_SecurityAndRole_MOB-3489/TC-135405Verify the Community Owner is able to create a Blog page in that community page

2018-08-16 16:32:57 - [TEST_STEP][PASSED] - Statement - data = com.kms.katalon.core.testdata.TestDataFactory.findTestData(TestData): Reading CSV file with source file 'comma', separator 'containing header' and '{2}'

2018-08-16 16:32:57 - [TEST_STEP][PASSED] - Statement - response = com.kms.katalon.core.webui.keyword.WebUiBuiltInKeywords.callTestCase(com.kms.katalon.core.testcase.TestCaseFactory.findTestCase(Library/Community/Create Community), ["communityName":data.getValue("CommunityName", 32), "CommunityDesc":data.getValue("CommunityDesc", 32), "allowDiscussionBoards":true, ... ], STOP_ON_FAILURE): Call Test Case 'Test Cases/Library/Community/Create Community' successfully

2018-08-16 16:32:57 - [TEST_CASE][PASSED] - Test Cases/Library/Community/Create Community: Test Cases/Library/Community/Create Community

2018-08-16 16:32:57 - [TEST_STEP][PASSED] - Statement - request = com.kms.katalon.core.testobject.ObjectRepository.findTestObject(Community/POST Create Community, [host:internal.GlobalVariable.g_URL]): Finding Test Object with id 'Object Repository/Community/POST Create Community'

2018-08-16 16:32:57 - [TEST_STEP][PASSED] - Statement - request.setHttpHeaderProperties(CustomKeywords.requestHeaders.Headers.AddHeaders()): requestHeaders.Headers.AddHeaders is PASSED

2018-08-16 16:32:57 - [MESSAGE][PASSED] - requestHeaders.Headers.AddHeaders is PASSED

2018-08-16 16:32:57 - [TEST_STEP][PASSED] - Statement - reponse = <not implemented yet for class: org.codehaus.groovy.ast.expr.EmptyExpression>: null

2018-08-16 16:32:57 - [TEST_STEP][PASSED] - Statement - vsRequestBody = "": null

2018-08-16 16:32:57 - [TEST_STEP][PASSED] - Statement - vsRequestBody = request.getHttpBody(): null

2018-08-16 16:32:57 - [TEST_STEP][PASSED] - Statement - vsRequestBody = vsRequestBody.replace("${CommunityName}", """ + communityName + """): null

2018-08-16 16:32:57 - [TEST_STEP][PASSED] - Statement - vsRequestBody = vsRequestBody.replace("${CommunityDesc}", """ + CommunityDesc + """): null

2018-08-16 16:32:57 - [TEST_STEP][PASSED] - Statement - vsRequestBody = vsRequestBody.replace("${allowDiscussionBoards}", """ + allowDiscussionBoards + """): null

2018-08-16 16:32:57 - [TEST_STEP][PASSED] - Statement - vsRequestBody = vsRequestBody.replace("${allowBlogPosts}", """ + allowBlogPosts + """): null

2018-08-16 16:32:57 - [TEST_STEP][PASSED] - Statement - vsRequestBody = vsRequestBody.replace("${allowFileUploads}", """ + allowFileUploads + """): null

2018-08-16 16:32:57 - [TEST_STEP][PASSED] - Statement - vsRequestBody = vsRequestBody.replace("${isPrivate}", """ + isPrivate + """): null

2018-08-16 16:32:57 - [TEST_STEP][PASSED] - Statement - vsRequestBody = vsRequestBody.replace("${userName}", """ + userName + """): null

2018-08-16 16:32:57 - [TEST_STEP][PASSED] - Statement - vsRequestBody = vsRequestBody.replace("${userId}", """ + userId + """): null

2018-08-16 16:32:57 - [TEST_STEP][PASSED] - Statement - vsRequestBody = vsRequestBody.replace("${role}", """ + role + """): null

2018-08-16 16:32:57 - [TEST_STEP][PASSED] - Statement - vsRequestBody = vsRequestBody.replace("${userStatus}", """ + userStatus + """): null

2018-08-16 16:32:57 - [TEST_STEP][PASSED] - Statement - vsRequestBody = vsRequestBody.replace("${communityCode}", """ + communityCode + """): null

2018-08-16 16:32:57 - [TEST_STEP][PASSED] - Statement - vsRequestBody = vsRequestBody.replace("${hidden}", """ + isHidden + """): null

2018-08-16 16:32:57 - [TEST_STEP][PASSED] - Statement - request.setHttpBody(vsRequestBody): null

2018-08-16 16:32:57 - [TEST_STEP][PASSED] - Statement - response = com.kms.katalon.core.webservice.keyword.WSBuiltInKeywords.sendRequest(request): Send request successfully

2018-08-16 16:32:57 - [MESSAGE][PASSED] - Send request successfully

2018-08-16 16:32:57 - [TEST_STEP][PASSED] - verifyResponseStatusCode: Verify response status code successfully

2018-08-16 16:32:57 - [MESSAGE][PASSED] - Verify response status code successfully

2018-08-16 16:32:57 - [TEST_STEP][PASSED] - containsString: Check contain string successfully

2018-08-16 16:32:57 - [MESSAGE][PASSED] - Check contain string successfully

2018-08-16 16:32:57 - [TEST_STEP][PASSED] - Statement - return response: null

2018-08-16 16:32:57 - [MESSAGE][PASSED] - Call Test Case 'Test Cases/Library/Community/Create Community' successfully

2018-08-16 16:32:57 - [TEST_STEP][PASSED] - Statement - CommunityID = id: getAttributeValue.GetAttributeValue.GetAttribute is PASSED

2018-08-16 16:32:57 - [MESSAGE][PASSED] - getAttributeValue.GetAttributeValue.GetAttribute is PASSED

2018-08-16 16:32:57 - [TEST_STEP][PASSED] - Statement - res = com.kms.katalon.core.webui.keyword.WebUiBuiltInKeywords.callTestCase(com.kms.katalon.core.testcase.TestCaseFactory.findTestCase(Library/Community/Create a blog under community), ["blogName":data.getValue("BlogName", 32), "blogDesc":data.getValue("BlogDesc", 32), "CommunityID":CommunityID], STOP_ON_FAILURE): Call Test Case 'Test Cases/Library/Community/Create a blog under community' successfully

2018-08-16 16:32:57 - [TEST_CASE][PASSED] - Test Cases/Library/Community/Create a blog under community: Test Cases/Library/Community/Create a blog under community

2018-08-16 16:32:58 - [TEST_STEP][PASSED] - Statement - request = com.kms.katalon.core.testobject.ObjectRepository.findTestObject(Object Repository/Community/Create blog under community, [host:internal.GlobalVariable.g_URL, communityID:CommunityID]): Finding Test Object with id 'Object Repository/Community/Create blog under community'

2018-08-16 16:32:58 - [TEST_STEP][PASSED] - Statement - request.setHttpHeaderProperties(CustomKeywords.requestHeaders.Headers.AddHeaders()): requestHeaders.Headers.AddHeaders is PASSED

2018-08-16 16:32:58 - [MESSAGE][PASSED] - requestHeaders.Headers.AddHeaders is PASSED

2018-08-16 16:32:58 - [TEST_STEP][PASSED] - Statement - reponse = <not implemented yet for class: org.codehaus.groovy.ast.expr.EmptyExpression>: null

2018-08-16 16:32:58 - [TEST_STEP][PASSED] - Statement - vsRequestBody = "": null

2018-08-16 16:32:58 - [TEST_STEP][PASSED] - Statement - vsRequestBody = request.getHttpBody(): null

2018-08-16 16:32:58 - [TEST_STEP][PASSED] - Statement - vsRequestBody = vsRequestBody.replace("${blogName}", """ + blogName + """): null

2018-08-16 16:32:58 - [TEST_STEP][PASSED] - Statement - vsRequestBody = vsRequestBody.replace("${blogDesc}", """ + blogDesc + """): null

2018-08-16 16:32:58 - [TEST_STEP][PASSED] - Statement - vsRequestBody = vsRequestBody.replace("${CommunityID}", """ + CommunityID + """): null

2018-08-16 16:32:58 - [TEST_STEP][PASSED] - Statement - request.setHttpBody(vsRequestBody): null

2018-08-16 16:32:58 - [TEST_STEP][PASSED] - Statement - response = com.kms.katalon.core.webservice.keyword.WSBuiltInKeywords.sendRequest(request): Send request successfully

2018-08-16 16:32:58 - [MESSAGE][PASSED] - Send request successfully

2018-08-16 16:32:58 - [TEST_STEP][PASSED] - verifyResponseStatusCode: Verify response status code successfully

2018-08-16 16:32:58 - [MESSAGE][PASSED] - Verify response status code successfully

2018-08-16 16:32:58 - [TEST_STEP][PASSED] - Statement - return response: null

2018-08-16 16:32:58 - [MESSAGE][PASSED] - Call Test Case 'Test Cases/Library/Community/Create a blog under community' successfully

2018-08-16 16:32:58 - [TEST_STEP][PASSED] - verifyResponseStatusCode: Verify response status code successfully

2018-08-16 16:32:58 - [MESSAGE][PASSED] - Verify response status code successfully

2018-08-16 16:32:58 - [TEST_STEP][PASSED] - Statement - responseBlog = com.kms.katalon.core.webui.keyword.WebUiBuiltInKeywords.callTestCase(com.kms.katalon.core.testcase.TestCaseFactory.findTestCase(Library/Community/Get Blogs), ["CommunityID":CommunityID], STOP_ON_FAILURE): Call Test Case 'Test Cases/Library/Community/Get Blogs' successfully

2018-08-16 16:32:58 - [TEST_CASE][PASSED] - Test Cases/Library/Community/Get Blogs: Test Cases/Library/Community/Get Blogs

2018-08-16 16:32:58 - [TEST_STEP][PASSED] - Statement - request = com.kms.katalon.core.testobject.ObjectRepository.findTestObject(Object Repository/Community/Get Blogs, [host:internal.GlobalVariable.g_URL, CommunityID:CommunityID]): Finding Test Object with id 'Object Repository/Community/Get Blogs'

2018-08-16 16:32:58 - [TEST_STEP][PASSED] - Statement - request.setHttpHeaderProperties(CustomKeywords.requestHeaders.Headers.AddHeaders()): requestHeaders.Headers.AddHeaders is PASSED

2018-08-16 16:32:58 - [MESSAGE][PASSED] - requestHeaders.Headers.AddHeaders is PASSED

2018-08-16 16:32:58 - [TEST_STEP][PASSED] - Statement - response = com.kms.katalon.core.webservice.keyword.WSBuiltInKeywords.sendRequest(request): Send request successfully

2018-08-16 16:32:58 - [MESSAGE][PASSED] - Send request successfully

2018-08-16 16:32:58 - [TEST_STEP][PASSED] - Statement - return response: null

2018-08-16 16:32:58 - [MESSAGE][PASSED] - Call Test Case 'Test Cases/Library/Community/Get Blogs' successfully

2018-08-16 16:32:58 - [TEST_STEP][PASSED] - containsString: Check contain string successfully

2018-08-16 16:32:58 - [MESSAGE][PASSED] - Check contain string successfully

2018-08-16 16:32:58 - [TEST_STEP][PASSED] - callTestCase: Call Test Case 'Test Cases/Library/Community/Delete Community' successfully

2018-08-16 16:32:58 - [TEST_CASE][PASSED] - Test Cases/Library/Community/Delete Community: Test Cases/Library/Community/Delete Community

2018-08-16 16:32:58 - [TEST_STEP][PASSED] - Statement - deleteCommunity = com.kms.katalon.core.testobject.ObjectRepository.findTestObject(Community/Delete Community, [host:internal.GlobalVariable.g_URL, communityID:communityID]): Finding Test Object with id 'Object Repository/Community/Delete Community'

2018-08-16 16:32:58 - [TEST_STEP][PASSED] - Statement - deleteCommunity.setHttpHeaderProperties(CustomKeywords.requestHeaders.Headers.AddHeaders()): requestHeaders.Headers.AddHeaders is PASSED

2018-08-16 16:32:58 - [MESSAGE][PASSED] - requestHeaders.Headers.AddHeaders is PASSED

2018-08-16 16:32:58 - [TEST_STEP][PASSED] - Statement - deleteCommunityRes = com.kms.katalon.core.webservice.keyword.WSBuiltInKeywords.sendRequest(deleteCommunity): Send request successfully

2018-08-16 16:32:58 - [MESSAGE][PASSED] - Send request successfully

2018-08-16 16:32:58 - [TEST_STEP][PASSED] - verifyResponseStatusCode: Verify response status code successfully

2018-08-16 16:32:58 - [MESSAGE][PASSED] - Verify response status code successfully

2018-08-16 16:32:58 - [TEST_STEP][PASSED] - delay: Delayed 10 second(s)

2018-08-16 16:33:08 - [MESSAGE][PASSED] - Delayed 10 second(s)

2018-08-16 16:33:08 - [TEST_STEP][PASSED] - Statement - reqObj = new com.kms.katalon.core.testobject.RequestObject(): null

2018-08-16 16:33:08 - [TEST_STEP][PASSED] - Statement - reqObj.setHttpHeaderProperties(CustomKeywords.requestHeaders.Headers.AddHeaders()): requestHeaders.Headers.AddHeaders is PASSED

2018-08-16 16:33:08 - [MESSAGE][PASSED] - requestHeaders.Headers.AddHeaders is PASSED

2018-08-16 16:33:08 - [TEST_STEP][PASSED] - Statement - reqObj.setRestRequestMethod("GET"): null

2018-08-16 16:33:08 - [TEST_STEP][PASSED] - Statement - reqObj.setRestUrl(g_URL + "/Services/api/sumtSocial/communities/" + communityID): null

2018-08-16 16:33:08 - [TEST_STEP][PASSED] - Statement - getResponse = com.kms.katalon.core.webservice.keyword.WSBuiltInKeywords.sendRequest(reqObj): Send request successfully

2018-08-16 16:33:08 - [MESSAGE][PASSED] - Send request successfully

2018-08-16 16:33:08 - [TEST_STEP][PASSED] - verifyResponseStatusCode: Verify response status code successfully

2018-08-16 16:33:08 - [MESSAGE][PASSED] - Verify response status code successfully

2018-08-16 16:33:08 - [TEST_STEP][PASSED] - Statement - boolVal = getResponse.getResponseText().equalsIgnoreCase("null"): null

2018-08-16 16:33:08 - [TEST_STEP][PASSED] - Statement - return boolVal: null

2018-08-16 16:33:08 - [MESSAGE][PASSED] - Call Test Case 'Test Cases/Library/Community/Delete Community' successfully]]></system-out>
         <system-err><![CDATA[]]></system-err>
      </testcase>
      <testcase name="Test Cases/TestCases/Social_SecurityAndRole_MOB-3489/TC-135407Verify the Owner of the community page is able to add a blog post in the blog page" classname="Test Cases/TestCases/Social_SecurityAndRole_MOB-3489/TC-135407Verify the Owner of the community page is able to add a blog post in the blog page" status="PASSED">
         <system-out><![CDATA[2018-08-16 16:33:08 - [TEST_CASE][PASSED] - Test Cases/TestCases/Social_SecurityAndRole_MOB-3489/TC-135407Verify the Owner of the community page is able to add a blog post in the blog page: Test Cases/TestCases/Social_SecurityAndRole_MOB-3489/TC-135407Verify the Owner of the community page is able to add a blog post in the blog page

2018-08-16 16:33:08 - [TEST_STEP][PASSED] - Statement - data = com.kms.katalon.core.testdata.TestDataFactory.findTestData(TestData): Reading CSV file with source file 'comma', separator 'containing header' and '{2}'

2018-08-16 16:33:08 - [TEST_STEP][PASSED] - Statement - response = com.kms.katalon.core.webui.keyword.WebUiBuiltInKeywords.callTestCase(com.kms.katalon.core.testcase.TestCaseFactory.findTestCase(Library/Community/Create Community), ["communityName":data.getValue("CommunityName", 37), "CommunityDesc":data.getValue("CommunityDesc", 37), "allowDiscussionBoards":true, ... ], STOP_ON_FAILURE): Call Test Case 'Test Cases/Library/Community/Create Community' successfully

2018-08-16 16:33:08 - [TEST_CASE][PASSED] - Test Cases/Library/Community/Create Community: Test Cases/Library/Community/Create Community

2018-08-16 16:33:08 - [TEST_STEP][PASSED] - Statement - request = com.kms.katalon.core.testobject.ObjectRepository.findTestObject(Community/POST Create Community, [host:internal.GlobalVariable.g_URL]): Finding Test Object with id 'Object Repository/Community/POST Create Community'

2018-08-16 16:33:08 - [TEST_STEP][PASSED] - Statement - request.setHttpHeaderProperties(CustomKeywords.requestHeaders.Headers.AddHeaders()): requestHeaders.Headers.AddHeaders is PASSED

2018-08-16 16:33:08 - [MESSAGE][PASSED] - requestHeaders.Headers.AddHeaders is PASSED

2018-08-16 16:33:08 - [TEST_STEP][PASSED] - Statement - reponse = <not implemented yet for class: org.codehaus.groovy.ast.expr.EmptyExpression>: null

2018-08-16 16:33:08 - [TEST_STEP][PASSED] - Statement - vsRequestBody = "": null

2018-08-16 16:33:08 - [TEST_STEP][PASSED] - Statement - vsRequestBody = request.getHttpBody(): null

2018-08-16 16:33:08 - [TEST_STEP][PASSED] - Statement - vsRequestBody = vsRequestBody.replace("${CommunityName}", """ + communityName + """): null

2018-08-16 16:33:08 - [TEST_STEP][PASSED] - Statement - vsRequestBody = vsRequestBody.replace("${CommunityDesc}", """ + CommunityDesc + """): null

2018-08-16 16:33:08 - [TEST_STEP][PASSED] - Statement - vsRequestBody = vsRequestBody.replace("${allowDiscussionBoards}", """ + allowDiscussionBoards + """): null

2018-08-16 16:33:08 - [TEST_STEP][PASSED] - Statement - vsRequestBody = vsRequestBody.replace("${allowBlogPosts}", """ + allowBlogPosts + """): null

2018-08-16 16:33:08 - [TEST_STEP][PASSED] - Statement - vsRequestBody = vsRequestBody.replace("${allowFileUploads}", """ + allowFileUploads + """): null

2018-08-16 16:33:08 - [TEST_STEP][PASSED] - Statement - vsRequestBody = vsRequestBody.replace("${isPrivate}", """ + isPrivate + """): null

2018-08-16 16:33:08 - [TEST_STEP][PASSED] - Statement - vsRequestBody = vsRequestBody.replace("${userName}", """ + userName + """): null

2018-08-16 16:33:08 - [TEST_STEP][PASSED] - Statement - vsRequestBody = vsRequestBody.replace("${userId}", """ + userId + """): null

2018-08-16 16:33:08 - [TEST_STEP][PASSED] - Statement - vsRequestBody = vsRequestBody.replace("${role}", """ + role + """): null

2018-08-16 16:33:08 - [TEST_STEP][PASSED] - Statement - vsRequestBody = vsRequestBody.replace("${userStatus}", """ + userStatus + """): null

2018-08-16 16:33:08 - [TEST_STEP][PASSED] - Statement - vsRequestBody = vsRequestBody.replace("${communityCode}", """ + communityCode + """): null

2018-08-16 16:33:08 - [TEST_STEP][PASSED] - Statement - vsRequestBody = vsRequestBody.replace("${hidden}", """ + isHidden + """): null

2018-08-16 16:33:08 - [TEST_STEP][PASSED] - Statement - request.setHttpBody(vsRequestBody): null

2018-08-16 16:33:08 - [TEST_STEP][PASSED] - Statement - response = com.kms.katalon.core.webservice.keyword.WSBuiltInKeywords.sendRequest(request): Send request successfully

2018-08-16 16:33:08 - [MESSAGE][PASSED] - Send request successfully

2018-08-16 16:33:08 - [TEST_STEP][PASSED] - verifyResponseStatusCode: Verify response status code successfully

2018-08-16 16:33:08 - [MESSAGE][PASSED] - Verify response status code successfully

2018-08-16 16:33:08 - [TEST_STEP][PASSED] - containsString: Check contain string successfully

2018-08-16 16:33:08 - [MESSAGE][PASSED] - Check contain string successfully

2018-08-16 16:33:08 - [TEST_STEP][PASSED] - Statement - return response: null

2018-08-16 16:33:08 - [MESSAGE][PASSED] - Call Test Case 'Test Cases/Library/Community/Create Community' successfully

2018-08-16 16:33:08 - [TEST_STEP][PASSED] - Statement - CommunityID = id: getAttributeValue.GetAttributeValue.GetAttribute is PASSED

2018-08-16 16:33:08 - [MESSAGE][PASSED] - getAttributeValue.GetAttributeValue.GetAttribute is PASSED

2018-08-16 16:33:08 - [TEST_STEP][PASSED] - callTestCase: Call Test Case 'Test Cases/Library/Community/Create a blog under community' successfully

2018-08-16 16:33:08 - [TEST_CASE][PASSED] - Test Cases/Library/Community/Create a blog under community: Test Cases/Library/Community/Create a blog under community

2018-08-16 16:33:08 - [TEST_STEP][PASSED] - Statement - request = com.kms.katalon.core.testobject.ObjectRepository.findTestObject(Object Repository/Community/Create blog under community, [host:internal.GlobalVariable.g_URL, communityID:CommunityID]): Finding Test Object with id 'Object Repository/Community/Create blog under community'

2018-08-16 16:33:08 - [TEST_STEP][PASSED] - Statement - request.setHttpHeaderProperties(CustomKeywords.requestHeaders.Headers.AddHeaders()): requestHeaders.Headers.AddHeaders is PASSED

2018-08-16 16:33:08 - [MESSAGE][PASSED] - requestHeaders.Headers.AddHeaders is PASSED

2018-08-16 16:33:08 - [TEST_STEP][PASSED] - Statement - reponse = <not implemented yet for class: org.codehaus.groovy.ast.expr.EmptyExpression>: null

2018-08-16 16:33:08 - [TEST_STEP][PASSED] - Statement - vsRequestBody = "": null

2018-08-16 16:33:08 - [TEST_STEP][PASSED] - Statement - vsRequestBody = request.getHttpBody(): null

2018-08-16 16:33:08 - [TEST_STEP][PASSED] - Statement - vsRequestBody = vsRequestBody.replace("${blogName}", """ + blogName + """): null

2018-08-16 16:33:08 - [TEST_STEP][PASSED] - Statement - vsRequestBody = vsRequestBody.replace("${blogDesc}", """ + blogDesc + """): null

2018-08-16 16:33:08 - [TEST_STEP][PASSED] - Statement - vsRequestBody = vsRequestBody.replace("${CommunityID}", """ + CommunityID + """): null

2018-08-16 16:33:08 - [TEST_STEP][PASSED] - Statement - request.setHttpBody(vsRequestBody): null

2018-08-16 16:33:08 - [TEST_STEP][PASSED] - Statement - response = com.kms.katalon.core.webservice.keyword.WSBuiltInKeywords.sendRequest(request): Send request successfully

2018-08-16 16:33:09 - [MESSAGE][PASSED] - Send request successfully

2018-08-16 16:33:09 - [TEST_STEP][PASSED] - verifyResponseStatusCode: Verify response status code successfully

2018-08-16 16:33:09 - [MESSAGE][PASSED] - Verify response status code successfully

2018-08-16 16:33:09 - [TEST_STEP][PASSED] - Statement - return response: null

2018-08-16 16:33:09 - [MESSAGE][PASSED] - Call Test Case 'Test Cases/Library/Community/Create a blog under community' successfully

2018-08-16 16:33:09 - [TEST_STEP][PASSED] - Statement - responseBlogs = com.kms.katalon.core.webui.keyword.WebUiBuiltInKeywords.callTestCase(com.kms.katalon.core.testcase.TestCaseFactory.findTestCase(Library/Community/Get Blogs), ["CommunityID":CommunityID], STOP_ON_FAILURE): Call Test Case 'Test Cases/Library/Community/Get Blogs' successfully

2018-08-16 16:33:09 - [TEST_CASE][PASSED] - Test Cases/Library/Community/Get Blogs: Test Cases/Library/Community/Get Blogs

2018-08-16 16:33:09 - [TEST_STEP][PASSED] - Statement - request = com.kms.katalon.core.testobject.ObjectRepository.findTestObject(Object Repository/Community/Get Blogs, [host:internal.GlobalVariable.g_URL, CommunityID:CommunityID]): Finding Test Object with id 'Object Repository/Community/Get Blogs'

2018-08-16 16:33:09 - [TEST_STEP][PASSED] - Statement - request.setHttpHeaderProperties(CustomKeywords.requestHeaders.Headers.AddHeaders()): requestHeaders.Headers.AddHeaders is PASSED

2018-08-16 16:33:09 - [MESSAGE][PASSED] - requestHeaders.Headers.AddHeaders is PASSED

2018-08-16 16:33:09 - [TEST_STEP][PASSED] - Statement - response = com.kms.katalon.core.webservice.keyword.WSBuiltInKeywords.sendRequest(request): Send request successfully

2018-08-16 16:33:09 - [MESSAGE][PASSED] - Send request successfully

2018-08-16 16:33:09 - [TEST_STEP][PASSED] - Statement - return response: null

2018-08-16 16:33:09 - [MESSAGE][PASSED] - Call Test Case 'Test Cases/Library/Community/Get Blogs' successfully

2018-08-16 16:33:09 - [TEST_STEP][PASSED] - containsString: Check contain string successfully

2018-08-16 16:33:09 - [MESSAGE][PASSED] - Check contain string successfully

2018-08-16 16:33:09 - [TEST_STEP][PASSED] - Statement - res = com.kms.katalon.core.webui.keyword.WebUiBuiltInKeywords.callTestCase(com.kms.katalon.core.testcase.TestCaseFactory.findTestCase(Library/Community/Delete Community), ["communityID":CommunityID], STOP_ON_FAILURE): Call Test Case 'Test Cases/Library/Community/Delete Community' successfully

2018-08-16 16:33:09 - [TEST_CASE][PASSED] - Test Cases/Library/Community/Delete Community: Test Cases/Library/Community/Delete Community

2018-08-16 16:33:09 - [TEST_STEP][PASSED] - Statement - deleteCommunity = com.kms.katalon.core.testobject.ObjectRepository.findTestObject(Community/Delete Community, [host:internal.GlobalVariable.g_URL, communityID:communityID]): Finding Test Object with id 'Object Repository/Community/Delete Community'

2018-08-16 16:33:09 - [TEST_STEP][PASSED] - Statement - deleteCommunity.setHttpHeaderProperties(CustomKeywords.requestHeaders.Headers.AddHeaders()): requestHeaders.Headers.AddHeaders is PASSED

2018-08-16 16:33:09 - [MESSAGE][PASSED] - requestHeaders.Headers.AddHeaders is PASSED

2018-08-16 16:33:09 - [TEST_STEP][PASSED] - Statement - deleteCommunityRes = com.kms.katalon.core.webservice.keyword.WSBuiltInKeywords.sendRequest(deleteCommunity): Send request successfully

2018-08-16 16:33:09 - [MESSAGE][PASSED] - Send request successfully

2018-08-16 16:33:09 - [TEST_STEP][PASSED] - verifyResponseStatusCode: Verify response status code successfully

2018-08-16 16:33:09 - [MESSAGE][PASSED] - Verify response status code successfully

2018-08-16 16:33:09 - [TEST_STEP][PASSED] - delay: Delayed 10 second(s)

2018-08-16 16:33:19 - [MESSAGE][PASSED] - Delayed 10 second(s)

2018-08-16 16:33:19 - [TEST_STEP][PASSED] - Statement - reqObj = new com.kms.katalon.core.testobject.RequestObject(): null

2018-08-16 16:33:19 - [TEST_STEP][PASSED] - Statement - reqObj.setHttpHeaderProperties(CustomKeywords.requestHeaders.Headers.AddHeaders()): requestHeaders.Headers.AddHeaders is PASSED

2018-08-16 16:33:19 - [MESSAGE][PASSED] - requestHeaders.Headers.AddHeaders is PASSED

2018-08-16 16:33:19 - [TEST_STEP][PASSED] - Statement - reqObj.setRestRequestMethod("GET"): null

2018-08-16 16:33:19 - [TEST_STEP][PASSED] - Statement - reqObj.setRestUrl(g_URL + "/Services/api/sumtSocial/communities/" + communityID): null

2018-08-16 16:33:19 - [TEST_STEP][PASSED] - Statement - getResponse = com.kms.katalon.core.webservice.keyword.WSBuiltInKeywords.sendRequest(reqObj): Send request successfully

2018-08-16 16:33:19 - [MESSAGE][PASSED] - Send request successfully

2018-08-16 16:33:19 - [TEST_STEP][PASSED] - verifyResponseStatusCode: Verify response status code successfully

2018-08-16 16:33:19 - [MESSAGE][PASSED] - Verify response status code successfully

2018-08-16 16:33:19 - [TEST_STEP][PASSED] - Statement - boolVal = getResponse.getResponseText().equalsIgnoreCase("null"): null

2018-08-16 16:33:19 - [TEST_STEP][PASSED] - Statement - return boolVal: null

2018-08-16 16:33:19 - [MESSAGE][PASSED] - Call Test Case 'Test Cases/Library/Community/Delete Community' successfully]]></system-out>
         <system-err><![CDATA[]]></system-err>
      </testcase>
      <testcase name="Test Cases/TestCases/Social_SecurityAndRole_MOB-3489/TC-135428Verify the community owner can change his role himself in the community page" classname="Test Cases/TestCases/Social_SecurityAndRole_MOB-3489/TC-135428Verify the community owner can change his role himself in the community page" status="PASSED">
         <system-out><![CDATA[2018-08-16 16:33:19 - [TEST_CASE][PASSED] - Test Cases/TestCases/Social_SecurityAndRole_MOB-3489/TC-135428Verify the community owner can change his role himself in the community page: Test Cases/TestCases/Social_SecurityAndRole_MOB-3489/TC-135428Verify the community owner can change his role himself in the community page

2018-08-16 16:33:19 - [TEST_STEP][PASSED] - Statement - data = com.kms.katalon.core.testdata.TestDataFactory.findTestData(TestData): Reading CSV file with source file 'comma', separator 'containing header' and '{2}'

2018-08-16 16:33:19 - [TEST_STEP][PASSED] - Statement - response = com.kms.katalon.core.webui.keyword.WebUiBuiltInKeywords.callTestCase(com.kms.katalon.core.testcase.TestCaseFactory.findTestCase(Library/Community/Create Community), ["communityName":data.getValue("CommunityName", 33), "CommunityDesc":data.getValue("CommunityDesc", 33), "allowDiscussionBoards":true, ... ], STOP_ON_FAILURE): Call Test Case 'Test Cases/Library/Community/Create Community' successfully

2018-08-16 16:33:19 - [TEST_CASE][PASSED] - Test Cases/Library/Community/Create Community: Test Cases/Library/Community/Create Community

2018-08-16 16:33:19 - [TEST_STEP][PASSED] - Statement - request = com.kms.katalon.core.testobject.ObjectRepository.findTestObject(Community/POST Create Community, [host:internal.GlobalVariable.g_URL]): Finding Test Object with id 'Object Repository/Community/POST Create Community'

2018-08-16 16:33:19 - [TEST_STEP][PASSED] - Statement - request.setHttpHeaderProperties(CustomKeywords.requestHeaders.Headers.AddHeaders()): requestHeaders.Headers.AddHeaders is PASSED

2018-08-16 16:33:19 - [MESSAGE][PASSED] - requestHeaders.Headers.AddHeaders is PASSED

2018-08-16 16:33:19 - [TEST_STEP][PASSED] - Statement - reponse = <not implemented yet for class: org.codehaus.groovy.ast.expr.EmptyExpression>: null

2018-08-16 16:33:19 - [TEST_STEP][PASSED] - Statement - vsRequestBody = "": null

2018-08-16 16:33:19 - [TEST_STEP][PASSED] - Statement - vsRequestBody = request.getHttpBody(): null

2018-08-16 16:33:19 - [TEST_STEP][PASSED] - Statement - vsRequestBody = vsRequestBody.replace("${CommunityName}", """ + communityName + """): null

2018-08-16 16:33:19 - [TEST_STEP][PASSED] - Statement - vsRequestBody = vsRequestBody.replace("${CommunityDesc}", """ + CommunityDesc + """): null

2018-08-16 16:33:19 - [TEST_STEP][PASSED] - Statement - vsRequestBody = vsRequestBody.replace("${allowDiscussionBoards}", """ + allowDiscussionBoards + """): null

2018-08-16 16:33:19 - [TEST_STEP][PASSED] - Statement - vsRequestBody = vsRequestBody.replace("${allowBlogPosts}", """ + allowBlogPosts + """): null

2018-08-16 16:33:19 - [TEST_STEP][PASSED] - Statement - vsRequestBody = vsRequestBody.replace("${allowFileUploads}", """ + allowFileUploads + """): null

2018-08-16 16:33:19 - [TEST_STEP][PASSED] - Statement - vsRequestBody = vsRequestBody.replace("${isPrivate}", """ + isPrivate + """): null

2018-08-16 16:33:19 - [TEST_STEP][PASSED] - Statement - vsRequestBody = vsRequestBody.replace("${userName}", """ + userName + """): null

2018-08-16 16:33:19 - [TEST_STEP][PASSED] - Statement - vsRequestBody = vsRequestBody.replace("${userId}", """ + userId + """): null

2018-08-16 16:33:19 - [TEST_STEP][PASSED] - Statement - vsRequestBody = vsRequestBody.replace("${role}", """ + role + """): null

2018-08-16 16:33:19 - [TEST_STEP][PASSED] - Statement - vsRequestBody = vsRequestBody.replace("${userStatus}", """ + userStatus + """): null

2018-08-16 16:33:19 - [TEST_STEP][PASSED] - Statement - vsRequestBody = vsRequestBody.replace("${communityCode}", """ + communityCode + """): null

2018-08-16 16:33:19 - [TEST_STEP][PASSED] - Statement - vsRequestBody = vsRequestBody.replace("${hidden}", """ + isHidden + """): null

2018-08-16 16:33:19 - [TEST_STEP][PASSED] - Statement - request.setHttpBody(vsRequestBody): null

2018-08-16 16:33:19 - [TEST_STEP][PASSED] - Statement - response = com.kms.katalon.core.webservice.keyword.WSBuiltInKeywords.sendRequest(request): Send request successfully

2018-08-16 16:33:19 - [MESSAGE][PASSED] - Send request successfully

2018-08-16 16:33:19 - [TEST_STEP][PASSED] - verifyResponseStatusCode: Verify response status code successfully

2018-08-16 16:33:19 - [MESSAGE][PASSED] - Verify response status code successfully

2018-08-16 16:33:19 - [TEST_STEP][PASSED] - containsString: Check contain string successfully

2018-08-16 16:33:19 - [MESSAGE][PASSED] - Check contain string successfully

2018-08-16 16:33:19 - [TEST_STEP][PASSED] - Statement - return response: null

2018-08-16 16:33:19 - [MESSAGE][PASSED] - Call Test Case 'Test Cases/Library/Community/Create Community' successfully

2018-08-16 16:33:19 - [TEST_STEP][PASSED] - Statement - CommunityID = id: getAttributeValue.GetAttributeValue.GetAttribute is PASSED

2018-08-16 16:33:19 - [MESSAGE][PASSED] - getAttributeValue.GetAttributeValue.GetAttribute is PASSED

2018-08-16 16:33:19 - [TEST_STEP][PASSED] - Statement - res = com.kms.katalon.core.webui.keyword.WebUiBuiltInKeywords.callTestCase(com.kms.katalon.core.testcase.TestCaseFactory.findTestCase(Library/Community/Get Community details by ID), ["communityID":CommunityID], STOP_ON_FAILURE): Call Test Case 'Test Cases/Library/Community/Get Community details by ID' successfully

2018-08-16 16:33:19 - [TEST_CASE][PASSED] - Test Cases/Library/Community/Get Community details by ID: Test Cases/Library/Community/Get Community details by ID

2018-08-16 16:33:19 - [TEST_STEP][PASSED] - Statement - getCommunity = com.kms.katalon.core.testobject.ObjectRepository.findTestObject(Community/Get Community, [host:internal.GlobalVariable.g_URL, communityID:communityID]): Finding Test Object with id 'Object Repository/Community/Get Community'

2018-08-16 16:33:19 - [TEST_STEP][PASSED] - Statement - getCommunity.setHttpHeaderProperties(CustomKeywords.requestHeaders.Headers.AddHeaders()): requestHeaders.Headers.AddHeaders is PASSED

2018-08-16 16:33:19 - [MESSAGE][PASSED] - requestHeaders.Headers.AddHeaders is PASSED

2018-08-16 16:33:19 - [TEST_STEP][PASSED] - Statement - getResponse = com.kms.katalon.core.webservice.keyword.WSBuiltInKeywords.sendRequest(getCommunity): Send request successfully

2018-08-16 16:33:19 - [MESSAGE][PASSED] - Send request successfully

2018-08-16 16:33:19 - [TEST_STEP][PASSED] - verifyResponseStatusCode: Verify response status code successfully

2018-08-16 16:33:19 - [MESSAGE][PASSED] - Verify response status code successfully

2018-08-16 16:33:19 - [TEST_STEP][PASSED] - Statement - return getResponse: null

2018-08-16 16:33:19 - [MESSAGE][PASSED] - Call Test Case 'Test Cases/Library/Community/Get Community details by ID' successfully

2018-08-16 16:33:19 - [TEST_STEP][PASSED] - Statement - CommunityRole = userMembership: getAttributeValue.GetAttributeValue.GetAttribute is PASSED

2018-08-16 16:33:19 - [MESSAGE][PASSED] - getAttributeValue.GetAttributeValue.GetAttribute is PASSED

2018-08-16 16:33:19 - [TEST_STEP][PASSED] - Statement - firstIndex = CommunityRole.indexOf("role") + 5: null

2018-08-16 16:33:19 - [TEST_STEP][PASSED] - Statement - name = CommunityRole.substring(firstIndex): null

2018-08-16 16:33:19 - [TEST_STEP][PASSED] - Statement - lastIndex = name.indexOf(","): null

2018-08-16 16:33:19 - [TEST_STEP][PASSED] - Statement - finalString = name.substring(0, lastIndex): null

2018-08-16 16:33:19 - [TEST_STEP][PASSED] - Statement - If (finalString == "3"): null

2018-08-16 16:33:19 - [TEST_STEP][PASSED] - Statement - println("if conditions has to pass"): null

2018-08-16 16:33:19 - [TEST_STEP][PASSED] - callTestCase: Call Test Case 'Test Cases/Library/Community/Delete Community' successfully

2018-08-16 16:33:19 - [TEST_CASE][PASSED] - Test Cases/Library/Community/Delete Community: Test Cases/Library/Community/Delete Community

2018-08-16 16:33:19 - [TEST_STEP][PASSED] - Statement - deleteCommunity = com.kms.katalon.core.testobject.ObjectRepository.findTestObject(Community/Delete Community, [host:internal.GlobalVariable.g_URL, communityID:communityID]): Finding Test Object with id 'Object Repository/Community/Delete Community'

2018-08-16 16:33:19 - [TEST_STEP][PASSED] - Statement - deleteCommunity.setHttpHeaderProperties(CustomKeywords.requestHeaders.Headers.AddHeaders()): requestHeaders.Headers.AddHeaders is PASSED

2018-08-16 16:33:19 - [MESSAGE][PASSED] - requestHeaders.Headers.AddHeaders is PASSED

2018-08-16 16:33:19 - [TEST_STEP][PASSED] - Statement - deleteCommunityRes = com.kms.katalon.core.webservice.keyword.WSBuiltInKeywords.sendRequest(deleteCommunity): Send request successfully

2018-08-16 16:33:19 - [MESSAGE][PASSED] - Send request successfully

2018-08-16 16:33:19 - [TEST_STEP][PASSED] - verifyResponseStatusCode: Verify response status code successfully

2018-08-16 16:33:19 - [MESSAGE][PASSED] - Verify response status code successfully

2018-08-16 16:33:19 - [TEST_STEP][PASSED] - delay: Delayed 10 second(s)

2018-08-16 16:33:29 - [MESSAGE][PASSED] - Delayed 10 second(s)

2018-08-16 16:33:29 - [TEST_STEP][PASSED] - Statement - reqObj = new com.kms.katalon.core.testobject.RequestObject(): null

2018-08-16 16:33:29 - [TEST_STEP][PASSED] - Statement - reqObj.setHttpHeaderProperties(CustomKeywords.requestHeaders.Headers.AddHeaders()): requestHeaders.Headers.AddHeaders is PASSED

2018-08-16 16:33:29 - [MESSAGE][PASSED] - requestHeaders.Headers.AddHeaders is PASSED

2018-08-16 16:33:29 - [TEST_STEP][PASSED] - Statement - reqObj.setRestRequestMethod("GET"): null

2018-08-16 16:33:29 - [TEST_STEP][PASSED] - Statement - reqObj.setRestUrl(g_URL + "/Services/api/sumtSocial/communities/" + communityID): null

2018-08-16 16:33:29 - [TEST_STEP][PASSED] - Statement - getResponse = com.kms.katalon.core.webservice.keyword.WSBuiltInKeywords.sendRequest(reqObj): Send request successfully

2018-08-16 16:33:29 - [MESSAGE][PASSED] - Send request successfully

2018-08-16 16:33:29 - [TEST_STEP][PASSED] - verifyResponseStatusCode: Verify response status code successfully

2018-08-16 16:33:29 - [MESSAGE][PASSED] - Verify response status code successfully

2018-08-16 16:33:29 - [TEST_STEP][PASSED] - Statement - boolVal = getResponse.getResponseText().equalsIgnoreCase("null"): null

2018-08-16 16:33:29 - [TEST_STEP][PASSED] - Statement - return boolVal: null

2018-08-16 16:33:29 - [MESSAGE][PASSED] - Call Test Case 'Test Cases/Library/Community/Delete Community' successfully]]></system-out>
         <system-err><![CDATA[]]></system-err>
      </testcase>
      <testcase name="Test Cases/TestCases/Social_SecurityAndRole_MOB-3489/TC-135438Verify Community Moderator is able to remove the members from the community" classname="Test Cases/TestCases/Social_SecurityAndRole_MOB-3489/TC-135438Verify Community Moderator is able to remove the members from the community" status="PASSED">
         <system-out><![CDATA[2018-08-16 16:33:30 - [TEST_CASE][PASSED] - Test Cases/TestCases/Social_SecurityAndRole_MOB-3489/TC-135438Verify Community Moderator is able to remove the members from the community: Test Cases/TestCases/Social_SecurityAndRole_MOB-3489/TC-135438Verify Community Moderator is able to remove the members from the community

2018-08-16 16:33:30 - [TEST_STEP][PASSED] - Statement - data = com.kms.katalon.core.testdata.TestDataFactory.findTestData(TestData): Reading CSV file with source file 'comma', separator 'containing header' and '{2}'

2018-08-16 16:33:30 - [TEST_STEP][PASSED] - Statement - personpk = data.getValue("LMUser", 34): null

2018-08-16 16:33:30 - [TEST_STEP][PASSED] - Statement - pk = "'" + personpk + "'": null

2018-08-16 16:33:30 - [TEST_STEP][PASSED] - Statement - userid = "": null

2018-08-16 16:33:30 - [TEST_STEP][PASSED] - Statement - response = com.kms.katalon.core.webui.keyword.WebUiBuiltInKeywords.callTestCase(com.kms.katalon.core.testcase.TestCaseFactory.findTestCase(Library/Community/Create Community), ["communityName":data.getValue("CommunityName", 34), "CommunityDesc":data.getValue("CommunityDesc", 34), "allowDiscussionBoards":true, ... ], STOP_ON_FAILURE): Call Test Case 'Test Cases/Library/Community/Create Community' successfully

2018-08-16 16:33:30 - [TEST_CASE][PASSED] - Test Cases/Library/Community/Create Community: Test Cases/Library/Community/Create Community

2018-08-16 16:33:30 - [TEST_STEP][PASSED] - Statement - request = com.kms.katalon.core.testobject.ObjectRepository.findTestObject(Community/POST Create Community, [host:internal.GlobalVariable.g_URL]): Finding Test Object with id 'Object Repository/Community/POST Create Community'

2018-08-16 16:33:30 - [TEST_STEP][PASSED] - Statement - request.setHttpHeaderProperties(CustomKeywords.requestHeaders.Headers.AddHeaders()): requestHeaders.Headers.AddHeaders is PASSED

2018-08-16 16:33:30 - [MESSAGE][PASSED] - requestHeaders.Headers.AddHeaders is PASSED

2018-08-16 16:33:30 - [TEST_STEP][PASSED] - Statement - reponse = <not implemented yet for class: org.codehaus.groovy.ast.expr.EmptyExpression>: null

2018-08-16 16:33:30 - [TEST_STEP][PASSED] - Statement - vsRequestBody = "": null

2018-08-16 16:33:30 - [TEST_STEP][PASSED] - Statement - vsRequestBody = request.getHttpBody(): null

2018-08-16 16:33:30 - [TEST_STEP][PASSED] - Statement - vsRequestBody = vsRequestBody.replace("${CommunityName}", """ + communityName + """): null

2018-08-16 16:33:30 - [TEST_STEP][PASSED] - Statement - vsRequestBody = vsRequestBody.replace("${CommunityDesc}", """ + CommunityDesc + """): null

2018-08-16 16:33:30 - [TEST_STEP][PASSED] - Statement - vsRequestBody = vsRequestBody.replace("${allowDiscussionBoards}", """ + allowDiscussionBoards + """): null

2018-08-16 16:33:30 - [TEST_STEP][PASSED] - Statement - vsRequestBody = vsRequestBody.replace("${allowBlogPosts}", """ + allowBlogPosts + """): null

2018-08-16 16:33:30 - [TEST_STEP][PASSED] - Statement - vsRequestBody = vsRequestBody.replace("${allowFileUploads}", """ + allowFileUploads + """): null

2018-08-16 16:33:30 - [TEST_STEP][PASSED] - Statement - vsRequestBody = vsRequestBody.replace("${isPrivate}", """ + isPrivate + """): null

2018-08-16 16:33:30 - [TEST_STEP][PASSED] - Statement - vsRequestBody = vsRequestBody.replace("${userName}", """ + userName + """): null

2018-08-16 16:33:30 - [TEST_STEP][PASSED] - Statement - vsRequestBody = vsRequestBody.replace("${userId}", """ + userId + """): null

2018-08-16 16:33:30 - [TEST_STEP][PASSED] - Statement - vsRequestBody = vsRequestBody.replace("${role}", """ + role + """): null

2018-08-16 16:33:30 - [TEST_STEP][PASSED] - Statement - vsRequestBody = vsRequestBody.replace("${userStatus}", """ + userStatus + """): null

2018-08-16 16:33:30 - [TEST_STEP][PASSED] - Statement - vsRequestBody = vsRequestBody.replace("${communityCode}", """ + communityCode + """): null

2018-08-16 16:33:30 - [TEST_STEP][PASSED] - Statement - vsRequestBody = vsRequestBody.replace("${hidden}", """ + isHidden + """): null

2018-08-16 16:33:30 - [TEST_STEP][PASSED] - Statement - request.setHttpBody(vsRequestBody): null

2018-08-16 16:33:30 - [TEST_STEP][PASSED] - Statement - response = com.kms.katalon.core.webservice.keyword.WSBuiltInKeywords.sendRequest(request): Send request successfully

2018-08-16 16:33:30 - [MESSAGE][PASSED] - Send request successfully

2018-08-16 16:33:30 - [TEST_STEP][PASSED] - verifyResponseStatusCode: Verify response status code successfully

2018-08-16 16:33:30 - [MESSAGE][PASSED] - Verify response status code successfully

2018-08-16 16:33:30 - [TEST_STEP][PASSED] - containsString: Check contain string successfully

2018-08-16 16:33:30 - [MESSAGE][PASSED] - Check contain string successfully

2018-08-16 16:33:30 - [TEST_STEP][PASSED] - Statement - return response: null

2018-08-16 16:33:30 - [MESSAGE][PASSED] - Call Test Case 'Test Cases/Library/Community/Create Community' successfully

2018-08-16 16:33:30 - [TEST_STEP][PASSED] - Statement - CommunityID = id: getAttributeValue.GetAttributeValue.GetAttribute is PASSED

2018-08-16 16:33:30 - [MESSAGE][PASSED] - getAttributeValue.GetAttributeValue.GetAttribute is PASSED

2018-08-16 16:33:30 - [TEST_STEP][PASSED] - Statement - addContributerResponse = com.kms.katalon.core.webui.keyword.WebUiBuiltInKeywords.callTestCase(com.kms.katalon.core.testcase.TestCaseFactory.findTestCase(Library/Community/Add a member to community), ["rating":"3", "userID":ContributerID, "userName":data.getValue("Contributer", 34), "communityID":CommunityID], STOP_ON_FAILURE): Call Test Case 'Test Cases/Library/Community/Add a member to community' successfully

2018-08-16 16:33:30 - [TEST_CASE][PASSED] - Test Cases/Library/Community/Add a member to community: Test Cases/Library/Community/Add a member to community

2018-08-16 16:33:30 - [TEST_STEP][PASSED] - Statement - request = com.kms.katalon.core.testobject.ObjectRepository.findTestObject(Object Repository/Community/Add a member to community, [host:internal.GlobalVariable.g_URL, CommunityID:communityID]): Finding Test Object with id 'Object Repository/Community/Add a member to community'

2018-08-16 16:33:30 - [TEST_STEP][PASSED] - Statement - request.setHttpHeaderProperties(CustomKeywords.requestHeaders.Headers.AddHeaders()): requestHeaders.Headers.AddHeaders is PASSED

2018-08-16 16:33:30 - [MESSAGE][PASSED] - requestHeaders.Headers.AddHeaders is PASSED

2018-08-16 16:33:30 - [TEST_STEP][PASSED] - Statement - reponse = <not implemented yet for class: org.codehaus.groovy.ast.expr.EmptyExpression>: null

2018-08-16 16:33:30 - [TEST_STEP][PASSED] - Statement - vsRequestBody = "": null

2018-08-16 16:33:30 - [TEST_STEP][PASSED] - Statement - vsRequestBody = request.getHttpBody(): null

2018-08-16 16:33:30 - [TEST_STEP][PASSED] - Statement - vsRequestBody = vsRequestBody.replace("${rating}", """ + rating + """): null

2018-08-16 16:33:30 - [TEST_STEP][PASSED] - Statement - vsRequestBody = vsRequestBody.replace("${userID}", """ + userID + """): null

2018-08-16 16:33:30 - [TEST_STEP][PASSED] - Statement - vsRequestBody = vsRequestBody.replace("${userName}", """ + userName + """): null

2018-08-16 16:33:30 - [TEST_STEP][PASSED] - Statement - request.setHttpBody(vsRequestBody): null

2018-08-16 16:33:30 - [TEST_STEP][PASSED] - Statement - response = com.kms.katalon.core.webservice.keyword.WSBuiltInKeywords.sendRequest(request): Send request successfully

2018-08-16 16:33:30 - [MESSAGE][PASSED] - Send request successfully

2018-08-16 16:33:30 - [TEST_STEP][PASSED] - verifyResponseStatusCode: Verify response status code successfully

2018-08-16 16:33:30 - [MESSAGE][PASSED] - Verify response status code successfully

2018-08-16 16:33:30 - [TEST_STEP][PASSED] - Statement - return response: null

2018-08-16 16:33:30 - [MESSAGE][PASSED] - Call Test Case 'Test Cases/Library/Community/Add a member to community' successfully

2018-08-16 16:33:30 - [TEST_STEP][PASSED] - verifyResponseStatusCode: Verify response status code successfully

2018-08-16 16:33:30 - [MESSAGE][PASSED] - Verify response status code successfully

2018-08-16 16:33:30 - [TEST_STEP][PASSED] - Statement - addModeratorResposne = com.kms.katalon.core.webui.keyword.WebUiBuiltInKeywords.callTestCase(com.kms.katalon.core.testcase.TestCaseFactory.findTestCase(Library/Community/Add a member to community), ["rating":"2", "userID":g_NameTemp, "userName":data.getValue("Moderator", 34), "communityID":CommunityID], STOP_ON_FAILURE): Call Test Case 'Test Cases/Library/Community/Add a member to community' successfully

2018-08-16 16:33:30 - [TEST_CASE][PASSED] - Test Cases/Library/Community/Add a member to community: Test Cases/Library/Community/Add a member to community

2018-08-16 16:33:30 - [TEST_STEP][PASSED] - Statement - request = com.kms.katalon.core.testobject.ObjectRepository.findTestObject(Object Repository/Community/Add a member to community, [host:internal.GlobalVariable.g_URL, CommunityID:communityID]): Finding Test Object with id 'Object Repository/Community/Add a member to community'

2018-08-16 16:33:30 - [TEST_STEP][PASSED] - Statement - request.setHttpHeaderProperties(CustomKeywords.requestHeaders.Headers.AddHeaders()): requestHeaders.Headers.AddHeaders is PASSED

2018-08-16 16:33:30 - [MESSAGE][PASSED] - requestHeaders.Headers.AddHeaders is PASSED

2018-08-16 16:33:30 - [TEST_STEP][PASSED] - Statement - reponse = <not implemented yet for class: org.codehaus.groovy.ast.expr.EmptyExpression>: null

2018-08-16 16:33:30 - [TEST_STEP][PASSED] - Statement - vsRequestBody = "": null

2018-08-16 16:33:30 - [TEST_STEP][PASSED] - Statement - vsRequestBody = request.getHttpBody(): null

2018-08-16 16:33:30 - [TEST_STEP][PASSED] - Statement - vsRequestBody = vsRequestBody.replace("${rating}", """ + rating + """): null

2018-08-16 16:33:30 - [TEST_STEP][PASSED] - Statement - vsRequestBody = vsRequestBody.replace("${userID}", """ + userID + """): null

2018-08-16 16:33:30 - [TEST_STEP][PASSED] - Statement - vsRequestBody = vsRequestBody.replace("${userName}", """ + userName + """): null

2018-08-16 16:33:30 - [TEST_STEP][PASSED] - Statement - request.setHttpBody(vsRequestBody): null

2018-08-16 16:33:30 - [TEST_STEP][PASSED] - Statement - response = com.kms.katalon.core.webservice.keyword.WSBuiltInKeywords.sendRequest(request): Send request successfully

2018-08-16 16:33:30 - [MESSAGE][PASSED] - Send request successfully

2018-08-16 16:33:30 - [TEST_STEP][PASSED] - verifyResponseStatusCode: Verify response status code successfully

2018-08-16 16:33:30 - [MESSAGE][PASSED] - Verify response status code successfully

2018-08-16 16:33:30 - [TEST_STEP][PASSED] - Statement - return response: null

2018-08-16 16:33:30 - [MESSAGE][PASSED] - Call Test Case 'Test Cases/Library/Community/Add a member to community' successfully

2018-08-16 16:33:30 - [TEST_STEP][PASSED] - verifyResponseStatusCode: Verify response status code successfully

2018-08-16 16:33:30 - [MESSAGE][PASSED] - Verify response status code successfully

2018-08-16 16:33:30 - [TEST_STEP][PASSED] - Statement - res = com.kms.katalon.core.webui.keyword.WebUiBuiltInKeywords.callTestCase(com.kms.katalon.core.testcase.TestCaseFactory.findTestCase(Library/Moderator/Remove member from community), ["communityID":CommunityID, "userid":ContributerID], STOP_ON_FAILURE): Call Test Case 'Test Cases/Library/Moderator/Remove member from community' successfully

2018-08-16 16:33:30 - [TEST_CASE][PASSED] - Test Cases/Library/Moderator/Remove member from community: Test Cases/Library/Moderator/Remove member from community

2018-08-16 16:33:30 - [TEST_STEP][PASSED] - Statement - request = com.kms.katalon.core.testobject.ObjectRepository.findTestObject(Object Repository/Community/Remove member from community, [host:internal.GlobalVariable.g_URL, CommunityID:communityID]): Finding Test Object with id 'Object Repository/Community/Remove member from community'

2018-08-16 16:33:31 - [TEST_STEP][PASSED] - Statement - request.setHttpHeaderProperties(CustomKeywords.requestHeaders.Headers.AddHeaders(g_ModeratorToken)): requestHeaders.Headers.AddHeaders is PASSED

2018-08-16 16:33:31 - [MESSAGE][PASSED] - requestHeaders.Headers.AddHeaders is PASSED

2018-08-16 16:33:31 - [TEST_STEP][PASSED] - Statement - reponse = <not implemented yet for class: org.codehaus.groovy.ast.expr.EmptyExpression>: null

2018-08-16 16:33:31 - [TEST_STEP][PASSED] - Statement - vsRequestBody = "": null

2018-08-16 16:33:31 - [TEST_STEP][PASSED] - Statement - vsRequestBody = request.getHttpBody(): null

2018-08-16 16:33:31 - [TEST_STEP][PASSED] - Statement - vsRequestBody = vsRequestBody.replace("${userID}", """ + userid + """): null

2018-08-16 16:33:31 - [TEST_STEP][PASSED] - Statement - request.setHttpBody(vsRequestBody): null

2018-08-16 16:33:31 - [TEST_STEP][PASSED] - Statement - response = com.kms.katalon.core.webservice.keyword.WSBuiltInKeywords.sendRequest(request): Send request successfully

2018-08-16 16:33:31 - [MESSAGE][PASSED] - Send request successfully

2018-08-16 16:33:31 - [TEST_STEP][PASSED] - verifyResponseStatusCode: Verify response status code successfully

2018-08-16 16:33:31 - [MESSAGE][PASSED] - Verify response status code successfully

2018-08-16 16:33:31 - [TEST_STEP][PASSED] - Statement - return response: null

2018-08-16 16:33:31 - [MESSAGE][PASSED] - Call Test Case 'Test Cases/Library/Moderator/Remove member from community' successfully

2018-08-16 16:33:31 - [TEST_STEP][PASSED] - verifyResponseStatusCode: Verify response status code successfully

2018-08-16 16:33:31 - [MESSAGE][PASSED] - Verify response status code successfully

2018-08-16 16:33:31 - [TEST_STEP][PASSED] - callTestCase: Call Test Case 'Test Cases/Library/Community/Delete Community' successfully

2018-08-16 16:33:31 - [TEST_CASE][PASSED] - Test Cases/Library/Community/Delete Community: Test Cases/Library/Community/Delete Community

2018-08-16 16:33:31 - [TEST_STEP][PASSED] - Statement - deleteCommunity = com.kms.katalon.core.testobject.ObjectRepository.findTestObject(Community/Delete Community, [host:internal.GlobalVariable.g_URL, communityID:communityID]): Finding Test Object with id 'Object Repository/Community/Delete Community'

2018-08-16 16:33:31 - [TEST_STEP][PASSED] - Statement - deleteCommunity.setHttpHeaderProperties(CustomKeywords.requestHeaders.Headers.AddHeaders()): requestHeaders.Headers.AddHeaders is PASSED

2018-08-16 16:33:31 - [MESSAGE][PASSED] - requestHeaders.Headers.AddHeaders is PASSED

2018-08-16 16:33:31 - [TEST_STEP][PASSED] - Statement - deleteCommunityRes = com.kms.katalon.core.webservice.keyword.WSBuiltInKeywords.sendRequest(deleteCommunity): Send request successfully

2018-08-16 16:33:31 - [MESSAGE][PASSED] - Send request successfully

2018-08-16 16:33:31 - [TEST_STEP][PASSED] - verifyResponseStatusCode: Verify response status code successfully

2018-08-16 16:33:31 - [MESSAGE][PASSED] - Verify response status code successfully

2018-08-16 16:33:31 - [TEST_STEP][PASSED] - delay: Delayed 10 second(s)

2018-08-16 16:33:41 - [MESSAGE][PASSED] - Delayed 10 second(s)

2018-08-16 16:33:41 - [TEST_STEP][PASSED] - Statement - reqObj = new com.kms.katalon.core.testobject.RequestObject(): null

2018-08-16 16:33:41 - [TEST_STEP][PASSED] - Statement - reqObj.setHttpHeaderProperties(CustomKeywords.requestHeaders.Headers.AddHeaders()): requestHeaders.Headers.AddHeaders is PASSED

2018-08-16 16:33:41 - [MESSAGE][PASSED] - requestHeaders.Headers.AddHeaders is PASSED

2018-08-16 16:33:41 - [TEST_STEP][PASSED] - Statement - reqObj.setRestRequestMethod("GET"): null

2018-08-16 16:33:41 - [TEST_STEP][PASSED] - Statement - reqObj.setRestUrl(g_URL + "/Services/api/sumtSocial/communities/" + communityID): null

2018-08-16 16:33:41 - [TEST_STEP][PASSED] - Statement - getResponse = com.kms.katalon.core.webservice.keyword.WSBuiltInKeywords.sendRequest(reqObj): Send request successfully

2018-08-16 16:33:41 - [MESSAGE][PASSED] - Send request successfully

2018-08-16 16:33:41 - [TEST_STEP][PASSED] - verifyResponseStatusCode: Verify response status code successfully

2018-08-16 16:33:41 - [MESSAGE][PASSED] - Verify response status code successfully

2018-08-16 16:33:41 - [TEST_STEP][PASSED] - Statement - boolVal = getResponse.getResponseText().equalsIgnoreCase("null"): null

2018-08-16 16:33:41 - [TEST_STEP][PASSED] - Statement - return boolVal: null

2018-08-16 16:33:41 - [MESSAGE][PASSED] - Call Test Case 'Test Cases/Library/Community/Delete Community' successfully]]></system-out>
         <system-err><![CDATA[]]></system-err>
      </testcase>
      <testcase name="Test Cases/TestCases/Social_SecurityAndRole_MOB-3489/TC-135439Verify Community Moderator is able to modify the roles of the members of the community" classname="Test Cases/TestCases/Social_SecurityAndRole_MOB-3489/TC-135439Verify Community Moderator is able to modify the roles of the members of the community" status="PASSED">
         <system-out><![CDATA[2018-08-16 16:33:41 - [TEST_CASE][PASSED] - Test Cases/TestCases/Social_SecurityAndRole_MOB-3489/TC-135439Verify Community Moderator is able to modify the roles of the members of the community: Test Cases/TestCases/Social_SecurityAndRole_MOB-3489/TC-135439Verify Community Moderator is able to modify the roles of the members of the community

2018-08-16 16:33:41 - [TEST_STEP][PASSED] - Statement - data = com.kms.katalon.core.testdata.TestDataFactory.findTestData(TestData): Reading CSV file with source file 'comma', separator 'containing header' and '{2}'

2018-08-16 16:33:41 - [TEST_STEP][PASSED] - Statement - personpk = data.getValue("LMUser", 34): null

2018-08-16 16:33:41 - [TEST_STEP][PASSED] - Statement - pk = "'" + personpk + "'": null

2018-08-16 16:33:41 - [TEST_STEP][PASSED] - Statement - userid = "": null

2018-08-16 16:33:41 - [TEST_STEP][PASSED] - Statement - response = com.kms.katalon.core.webui.keyword.WebUiBuiltInKeywords.callTestCase(com.kms.katalon.core.testcase.TestCaseFactory.findTestCase(Library/Community/Create Community), ["communityName":data.getValue("CommunityName", 35), "CommunityDesc":data.getValue("CommunityDesc", 35), "allowDiscussionBoards":true, ... ], STOP_ON_FAILURE): Call Test Case 'Test Cases/Library/Community/Create Community' successfully

2018-08-16 16:33:41 - [TEST_CASE][PASSED] - Test Cases/Library/Community/Create Community: Test Cases/Library/Community/Create Community

2018-08-16 16:33:41 - [TEST_STEP][PASSED] - Statement - request = com.kms.katalon.core.testobject.ObjectRepository.findTestObject(Community/POST Create Community, [host:internal.GlobalVariable.g_URL]): Finding Test Object with id 'Object Repository/Community/POST Create Community'

2018-08-16 16:33:41 - [TEST_STEP][PASSED] - Statement - request.setHttpHeaderProperties(CustomKeywords.requestHeaders.Headers.AddHeaders()): requestHeaders.Headers.AddHeaders is PASSED

2018-08-16 16:33:41 - [MESSAGE][PASSED] - requestHeaders.Headers.AddHeaders is PASSED

2018-08-16 16:33:41 - [TEST_STEP][PASSED] - Statement - reponse = <not implemented yet for class: org.codehaus.groovy.ast.expr.EmptyExpression>: null

2018-08-16 16:33:41 - [TEST_STEP][PASSED] - Statement - vsRequestBody = "": null

2018-08-16 16:33:41 - [TEST_STEP][PASSED] - Statement - vsRequestBody = request.getHttpBody(): null

2018-08-16 16:33:41 - [TEST_STEP][PASSED] - Statement - vsRequestBody = vsRequestBody.replace("${CommunityName}", """ + communityName + """): null

2018-08-16 16:33:41 - [TEST_STEP][PASSED] - Statement - vsRequestBody = vsRequestBody.replace("${CommunityDesc}", """ + CommunityDesc + """): null

2018-08-16 16:33:41 - [TEST_STEP][PASSED] - Statement - vsRequestBody = vsRequestBody.replace("${allowDiscussionBoards}", """ + allowDiscussionBoards + """): null

2018-08-16 16:33:41 - [TEST_STEP][PASSED] - Statement - vsRequestBody = vsRequestBody.replace("${allowBlogPosts}", """ + allowBlogPosts + """): null

2018-08-16 16:33:41 - [TEST_STEP][PASSED] - Statement - vsRequestBody = vsRequestBody.replace("${allowFileUploads}", """ + allowFileUploads + """): null

2018-08-16 16:33:41 - [TEST_STEP][PASSED] - Statement - vsRequestBody = vsRequestBody.replace("${isPrivate}", """ + isPrivate + """): null

2018-08-16 16:33:41 - [TEST_STEP][PASSED] - Statement - vsRequestBody = vsRequestBody.replace("${userName}", """ + userName + """): null

2018-08-16 16:33:41 - [TEST_STEP][PASSED] - Statement - vsRequestBody = vsRequestBody.replace("${userId}", """ + userId + """): null

2018-08-16 16:33:41 - [TEST_STEP][PASSED] - Statement - vsRequestBody = vsRequestBody.replace("${role}", """ + role + """): null

2018-08-16 16:33:41 - [TEST_STEP][PASSED] - Statement - vsRequestBody = vsRequestBody.replace("${userStatus}", """ + userStatus + """): null

2018-08-16 16:33:41 - [TEST_STEP][PASSED] - Statement - vsRequestBody = vsRequestBody.replace("${communityCode}", """ + communityCode + """): null

2018-08-16 16:33:41 - [TEST_STEP][PASSED] - Statement - vsRequestBody = vsRequestBody.replace("${hidden}", """ + isHidden + """): null

2018-08-16 16:33:41 - [TEST_STEP][PASSED] - Statement - request.setHttpBody(vsRequestBody): null

2018-08-16 16:33:41 - [TEST_STEP][PASSED] - Statement - response = com.kms.katalon.core.webservice.keyword.WSBuiltInKeywords.sendRequest(request): Send request successfully

2018-08-16 16:33:41 - [MESSAGE][PASSED] - Send request successfully

2018-08-16 16:33:41 - [TEST_STEP][PASSED] - verifyResponseStatusCode: Verify response status code successfully

2018-08-16 16:33:41 - [MESSAGE][PASSED] - Verify response status code successfully

2018-08-16 16:33:41 - [TEST_STEP][PASSED] - containsString: Check contain string successfully

2018-08-16 16:33:41 - [MESSAGE][PASSED] - Check contain string successfully

2018-08-16 16:33:41 - [TEST_STEP][PASSED] - Statement - return response: null

2018-08-16 16:33:41 - [MESSAGE][PASSED] - Call Test Case 'Test Cases/Library/Community/Create Community' successfully

2018-08-16 16:33:41 - [TEST_STEP][PASSED] - Statement - CommunityID = id: getAttributeValue.GetAttributeValue.GetAttribute is PASSED

2018-08-16 16:33:41 - [MESSAGE][PASSED] - getAttributeValue.GetAttributeValue.GetAttribute is PASSED

2018-08-16 16:33:41 - [TEST_STEP][PASSED] - Statement - addContributerResponse = com.kms.katalon.core.webui.keyword.WebUiBuiltInKeywords.callTestCase(com.kms.katalon.core.testcase.TestCaseFactory.findTestCase(Library/Community/Add a member to community), ["rating":"3", "userID":ContributerID, "userName":data.getValue("Contributer", 35), "communityID":CommunityID], STOP_ON_FAILURE): Call Test Case 'Test Cases/Library/Community/Add a member to community' successfully

2018-08-16 16:33:41 - [TEST_CASE][PASSED] - Test Cases/Library/Community/Add a member to community: Test Cases/Library/Community/Add a member to community

2018-08-16 16:33:41 - [TEST_STEP][PASSED] - Statement - request = com.kms.katalon.core.testobject.ObjectRepository.findTestObject(Object Repository/Community/Add a member to community, [host:internal.GlobalVariable.g_URL, CommunityID:communityID]): Finding Test Object with id 'Object Repository/Community/Add a member to community'

2018-08-16 16:33:41 - [TEST_STEP][PASSED] - Statement - request.setHttpHeaderProperties(CustomKeywords.requestHeaders.Headers.AddHeaders()): requestHeaders.Headers.AddHeaders is PASSED

2018-08-16 16:33:41 - [MESSAGE][PASSED] - requestHeaders.Headers.AddHeaders is PASSED

2018-08-16 16:33:41 - [TEST_STEP][PASSED] - Statement - reponse = <not implemented yet for class: org.codehaus.groovy.ast.expr.EmptyExpression>: null

2018-08-16 16:33:41 - [TEST_STEP][PASSED] - Statement - vsRequestBody = "": null

2018-08-16 16:33:41 - [TEST_STEP][PASSED] - Statement - vsRequestBody = request.getHttpBody(): null

2018-08-16 16:33:41 - [TEST_STEP][PASSED] - Statement - vsRequestBody = vsRequestBody.replace("${rating}", """ + rating + """): null

2018-08-16 16:33:41 - [TEST_STEP][PASSED] - Statement - vsRequestBody = vsRequestBody.replace("${userID}", """ + userID + """): null

2018-08-16 16:33:41 - [TEST_STEP][PASSED] - Statement - vsRequestBody = vsRequestBody.replace("${userName}", """ + userName + """): null

2018-08-16 16:33:41 - [TEST_STEP][PASSED] - Statement - request.setHttpBody(vsRequestBody): null

2018-08-16 16:33:41 - [TEST_STEP][PASSED] - Statement - response = com.kms.katalon.core.webservice.keyword.WSBuiltInKeywords.sendRequest(request): Send request successfully

2018-08-16 16:33:41 - [MESSAGE][PASSED] - Send request successfully

2018-08-16 16:33:41 - [TEST_STEP][PASSED] - verifyResponseStatusCode: Verify response status code successfully

2018-08-16 16:33:41 - [MESSAGE][PASSED] - Verify response status code successfully

2018-08-16 16:33:41 - [TEST_STEP][PASSED] - Statement - return response: null

2018-08-16 16:33:41 - [MESSAGE][PASSED] - Call Test Case 'Test Cases/Library/Community/Add a member to community' successfully

2018-08-16 16:33:41 - [TEST_STEP][PASSED] - verifyResponseStatusCode: Verify response status code successfully

2018-08-16 16:33:41 - [MESSAGE][PASSED] - Verify response status code successfully

2018-08-16 16:33:41 - [TEST_STEP][PASSED] - Statement - addModeratorResposne = com.kms.katalon.core.webui.keyword.WebUiBuiltInKeywords.callTestCase(com.kms.katalon.core.testcase.TestCaseFactory.findTestCase(Library/Community/Add a member to community), ["rating":"2", "userID":g_NameTemp, "userName":data.getValue("Moderator", 34), "communityID":CommunityID], STOP_ON_FAILURE): Call Test Case 'Test Cases/Library/Community/Add a member to community' successfully

2018-08-16 16:33:41 - [TEST_CASE][PASSED] - Test Cases/Library/Community/Add a member to community: Test Cases/Library/Community/Add a member to community

2018-08-16 16:33:41 - [TEST_STEP][PASSED] - Statement - request = com.kms.katalon.core.testobject.ObjectRepository.findTestObject(Object Repository/Community/Add a member to community, [host:internal.GlobalVariable.g_URL, CommunityID:communityID]): Finding Test Object with id 'Object Repository/Community/Add a member to community'

2018-08-16 16:33:41 - [TEST_STEP][PASSED] - Statement - request.setHttpHeaderProperties(CustomKeywords.requestHeaders.Headers.AddHeaders()): requestHeaders.Headers.AddHeaders is PASSED

2018-08-16 16:33:41 - [MESSAGE][PASSED] - requestHeaders.Headers.AddHeaders is PASSED

2018-08-16 16:33:41 - [TEST_STEP][PASSED] - Statement - reponse = <not implemented yet for class: org.codehaus.groovy.ast.expr.EmptyExpression>: null

2018-08-16 16:33:41 - [TEST_STEP][PASSED] - Statement - vsRequestBody = "": null

2018-08-16 16:33:41 - [TEST_STEP][PASSED] - Statement - vsRequestBody = request.getHttpBody(): null

2018-08-16 16:33:41 - [TEST_STEP][PASSED] - Statement - vsRequestBody = vsRequestBody.replace("${rating}", """ + rating + """): null

2018-08-16 16:33:41 - [TEST_STEP][PASSED] - Statement - vsRequestBody = vsRequestBody.replace("${userID}", """ + userID + """): null

2018-08-16 16:33:41 - [TEST_STEP][PASSED] - Statement - vsRequestBody = vsRequestBody.replace("${userName}", """ + userName + """): null

2018-08-16 16:33:41 - [TEST_STEP][PASSED] - Statement - request.setHttpBody(vsRequestBody): null

2018-08-16 16:33:41 - [TEST_STEP][PASSED] - Statement - response = com.kms.katalon.core.webservice.keyword.WSBuiltInKeywords.sendRequest(request): Send request successfully

2018-08-16 16:33:42 - [MESSAGE][PASSED] - Send request successfully

2018-08-16 16:33:42 - [TEST_STEP][PASSED] - verifyResponseStatusCode: Verify response status code successfully

2018-08-16 16:33:42 - [MESSAGE][PASSED] - Verify response status code successfully

2018-08-16 16:33:42 - [TEST_STEP][PASSED] - Statement - return response: null

2018-08-16 16:33:42 - [MESSAGE][PASSED] - Call Test Case 'Test Cases/Library/Community/Add a member to community' successfully

2018-08-16 16:33:42 - [TEST_STEP][PASSED] - verifyResponseStatusCode: Verify response status code successfully

2018-08-16 16:33:42 - [MESSAGE][PASSED] - Verify response status code successfully

2018-08-16 16:33:42 - [TEST_STEP][PASSED] - Statement - res = com.kms.katalon.core.webui.keyword.WebUiBuiltInKeywords.callTestCase(com.kms.katalon.core.testcase.TestCaseFactory.findTestCase(Library/Moderator/Create or Update Rating), ["rating":"2", "userID":g_NameTemp, "communityID":CommunityID], STOP_ON_FAILURE): Call Test Case 'Test Cases/Library/Moderator/Create or Update Rating' successfully

2018-08-16 16:33:42 - [TEST_CASE][PASSED] - Test Cases/Library/Moderator/Create or Update Rating: Test Cases/Library/Moderator/Create or Update Rating

2018-08-16 16:33:42 - [TEST_STEP][PASSED] - Statement - request = com.kms.katalon.core.testobject.ObjectRepository.findTestObject(Object Repository/Community/Create or Update Rating, [host:internal.GlobalVariable.g_URL, communityID:communityID]): Finding Test Object with id 'Object Repository/Community/Create or Update Rating'

2018-08-16 16:33:42 - [TEST_STEP][PASSED] - Statement - request.setHttpHeaderProperties(CustomKeywords.requestHeaders.Headers.AddHeaders(g_ModeratorToken)): requestHeaders.Headers.AddHeaders is PASSED

2018-08-16 16:33:42 - [MESSAGE][PASSED] - requestHeaders.Headers.AddHeaders is PASSED

2018-08-16 16:33:42 - [TEST_STEP][PASSED] - Statement - reponse = <not implemented yet for class: org.codehaus.groovy.ast.expr.EmptyExpression>: null

2018-08-16 16:33:42 - [TEST_STEP][PASSED] - Statement - vsRequestBody = "": null

2018-08-16 16:33:42 - [TEST_STEP][PASSED] - Statement - vsRequestBody = request.getHttpBody(): null

2018-08-16 16:33:42 - [TEST_STEP][PASSED] - Statement - vsRequestBody = vsRequestBody.replace("${userID}", """ + userID + """): null

2018-08-16 16:33:42 - [TEST_STEP][PASSED] - Statement - vsRequestBody = vsRequestBody.replace("${CommunityID}", """ + communityID + """): null

2018-08-16 16:33:42 - [TEST_STEP][PASSED] - Statement - vsRequestBody = vsRequestBody.replace("${Rating}", """ + rating + """): null

2018-08-16 16:33:42 - [TEST_STEP][PASSED] - Statement - request.setHttpBody(vsRequestBody): null

2018-08-16 16:33:42 - [TEST_STEP][PASSED] - Statement - response = com.kms.katalon.core.webservice.keyword.WSBuiltInKeywords.sendRequest(request): Send request successfully

2018-08-16 16:33:42 - [MESSAGE][PASSED] - Send request successfully

2018-08-16 16:33:42 - [TEST_STEP][PASSED] - verifyResponseStatusCode: Verify response status code successfully

2018-08-16 16:33:42 - [MESSAGE][PASSED] - Verify response status code successfully

2018-08-16 16:33:42 - [TEST_STEP][PASSED] - Statement - return response: null

2018-08-16 16:33:42 - [MESSAGE][PASSED] - Call Test Case 'Test Cases/Library/Moderator/Create or Update Rating' successfully

2018-08-16 16:33:42 - [TEST_STEP][PASSED] - verifyResponseStatusCode: Verify response status code successfully

2018-08-16 16:33:42 - [MESSAGE][PASSED] - Verify response status code successfully

2018-08-16 16:33:42 - [TEST_STEP][PASSED] - callTestCase: Call Test Case 'Test Cases/Library/Community/Delete Community' successfully

2018-08-16 16:33:42 - [TEST_CASE][PASSED] - Test Cases/Library/Community/Delete Community: Test Cases/Library/Community/Delete Community

2018-08-16 16:33:42 - [TEST_STEP][PASSED] - Statement - deleteCommunity = com.kms.katalon.core.testobject.ObjectRepository.findTestObject(Community/Delete Community, [host:internal.GlobalVariable.g_URL, communityID:communityID]): Finding Test Object with id 'Object Repository/Community/Delete Community'

2018-08-16 16:33:42 - [TEST_STEP][PASSED] - Statement - deleteCommunity.setHttpHeaderProperties(CustomKeywords.requestHeaders.Headers.AddHeaders()): requestHeaders.Headers.AddHeaders is PASSED

2018-08-16 16:33:42 - [MESSAGE][PASSED] - requestHeaders.Headers.AddHeaders is PASSED

2018-08-16 16:33:42 - [TEST_STEP][PASSED] - Statement - deleteCommunityRes = com.kms.katalon.core.webservice.keyword.WSBuiltInKeywords.sendRequest(deleteCommunity): Send request successfully

2018-08-16 16:33:42 - [MESSAGE][PASSED] - Send request successfully

2018-08-16 16:33:42 - [TEST_STEP][PASSED] - verifyResponseStatusCode: Verify response status code successfully

2018-08-16 16:33:42 - [MESSAGE][PASSED] - Verify response status code successfully

2018-08-16 16:33:42 - [TEST_STEP][PASSED] - delay: Delayed 10 second(s)

2018-08-16 16:33:52 - [MESSAGE][PASSED] - Delayed 10 second(s)

2018-08-16 16:33:52 - [TEST_STEP][PASSED] - Statement - reqObj = new com.kms.katalon.core.testobject.RequestObject(): null

2018-08-16 16:33:52 - [TEST_STEP][PASSED] - Statement - reqObj.setHttpHeaderProperties(CustomKeywords.requestHeaders.Headers.AddHeaders()): requestHeaders.Headers.AddHeaders is PASSED

2018-08-16 16:33:52 - [MESSAGE][PASSED] - requestHeaders.Headers.AddHeaders is PASSED

2018-08-16 16:33:52 - [TEST_STEP][PASSED] - Statement - reqObj.setRestRequestMethod("GET"): null

2018-08-16 16:33:52 - [TEST_STEP][PASSED] - Statement - reqObj.setRestUrl(g_URL + "/Services/api/sumtSocial/communities/" + communityID): null

2018-08-16 16:33:52 - [TEST_STEP][PASSED] - Statement - getResponse = com.kms.katalon.core.webservice.keyword.WSBuiltInKeywords.sendRequest(reqObj): Send request successfully

2018-08-16 16:33:52 - [MESSAGE][PASSED] - Send request successfully

2018-08-16 16:33:52 - [TEST_STEP][PASSED] - verifyResponseStatusCode: Verify response status code successfully

2018-08-16 16:33:52 - [MESSAGE][PASSED] - Verify response status code successfully

2018-08-16 16:33:52 - [TEST_STEP][PASSED] - Statement - boolVal = getResponse.getResponseText().equalsIgnoreCase("null"): null

2018-08-16 16:33:52 - [TEST_STEP][PASSED] - Statement - return boolVal: null

2018-08-16 16:33:52 - [MESSAGE][PASSED] - Call Test Case 'Test Cases/Library/Community/Delete Community' successfully]]></system-out>
         <system-err><![CDATA[]]></system-err>
      </testcase>
      <testcase name="Test Cases/TestCases/Social_SecurityAndRole_MOB-3489/TC-135440Verify Community Moderator is able to add Users to the community" classname="Test Cases/TestCases/Social_SecurityAndRole_MOB-3489/TC-135440Verify Community Moderator is able to add Users to the community" status="PASSED">
         <system-out><![CDATA[2018-08-16 16:33:52 - [TEST_CASE][PASSED] - Test Cases/TestCases/Social_SecurityAndRole_MOB-3489/TC-135440Verify Community Moderator is able to add Users to the community: Test Cases/TestCases/Social_SecurityAndRole_MOB-3489/TC-135440Verify Community Moderator is able to add Users to the community

2018-08-16 16:33:52 - [TEST_STEP][PASSED] - Statement - data = com.kms.katalon.core.testdata.TestDataFactory.findTestData(TestData): Reading CSV file with source file 'comma', separator 'containing header' and '{2}'

2018-08-16 16:33:52 - [TEST_STEP][PASSED] - Statement - personpk = data.getValue("LMUser", 34): null

2018-08-16 16:33:52 - [TEST_STEP][PASSED] - Statement - pk = "'" + personpk + "'": null

2018-08-16 16:33:52 - [TEST_STEP][PASSED] - Statement - userid = "": null

2018-08-16 16:33:52 - [TEST_STEP][PASSED] - Statement - response = com.kms.katalon.core.webui.keyword.WebUiBuiltInKeywords.callTestCase(com.kms.katalon.core.testcase.TestCaseFactory.findTestCase(Library/Community/Create Community), ["communityName":data.getValue("CommunityName", 36), "CommunityDesc":data.getValue("CommunityDesc", 36), "allowDiscussionBoards":true, ... ], STOP_ON_FAILURE): Call Test Case 'Test Cases/Library/Community/Create Community' successfully

2018-08-16 16:33:52 - [TEST_CASE][PASSED] - Test Cases/Library/Community/Create Community: Test Cases/Library/Community/Create Community

2018-08-16 16:33:52 - [TEST_STEP][PASSED] - Statement - request = com.kms.katalon.core.testobject.ObjectRepository.findTestObject(Community/POST Create Community, [host:internal.GlobalVariable.g_URL]): Finding Test Object with id 'Object Repository/Community/POST Create Community'

2018-08-16 16:33:52 - [TEST_STEP][PASSED] - Statement - request.setHttpHeaderProperties(CustomKeywords.requestHeaders.Headers.AddHeaders()): requestHeaders.Headers.AddHeaders is PASSED

2018-08-16 16:33:52 - [MESSAGE][PASSED] - requestHeaders.Headers.AddHeaders is PASSED

2018-08-16 16:33:52 - [TEST_STEP][PASSED] - Statement - reponse = <not implemented yet for class: org.codehaus.groovy.ast.expr.EmptyExpression>: null

2018-08-16 16:33:52 - [TEST_STEP][PASSED] - Statement - vsRequestBody = "": null

2018-08-16 16:33:52 - [TEST_STEP][PASSED] - Statement - vsRequestBody = request.getHttpBody(): null

2018-08-16 16:33:52 - [TEST_STEP][PASSED] - Statement - vsRequestBody = vsRequestBody.replace("${CommunityName}", """ + communityName + """): null

2018-08-16 16:33:52 - [TEST_STEP][PASSED] - Statement - vsRequestBody = vsRequestBody.replace("${CommunityDesc}", """ + CommunityDesc + """): null

2018-08-16 16:33:52 - [TEST_STEP][PASSED] - Statement - vsRequestBody = vsRequestBody.replace("${allowDiscussionBoards}", """ + allowDiscussionBoards + """): null

2018-08-16 16:33:52 - [TEST_STEP][PASSED] - Statement - vsRequestBody = vsRequestBody.replace("${allowBlogPosts}", """ + allowBlogPosts + """): null

2018-08-16 16:33:52 - [TEST_STEP][PASSED] - Statement - vsRequestBody = vsRequestBody.replace("${allowFileUploads}", """ + allowFileUploads + """): null

2018-08-16 16:33:52 - [TEST_STEP][PASSED] - Statement - vsRequestBody = vsRequestBody.replace("${isPrivate}", """ + isPrivate + """): null

2018-08-16 16:33:52 - [TEST_STEP][PASSED] - Statement - vsRequestBody = vsRequestBody.replace("${userName}", """ + userName + """): null

2018-08-16 16:33:52 - [TEST_STEP][PASSED] - Statement - vsRequestBody = vsRequestBody.replace("${userId}", """ + userId + """): null

2018-08-16 16:33:52 - [TEST_STEP][PASSED] - Statement - vsRequestBody = vsRequestBody.replace("${role}", """ + role + """): null

2018-08-16 16:33:52 - [TEST_STEP][PASSED] - Statement - vsRequestBody = vsRequestBody.replace("${userStatus}", """ + userStatus + """): null

2018-08-16 16:33:52 - [TEST_STEP][PASSED] - Statement - vsRequestBody = vsRequestBody.replace("${communityCode}", """ + communityCode + """): null

2018-08-16 16:33:52 - [TEST_STEP][PASSED] - Statement - vsRequestBody = vsRequestBody.replace("${hidden}", """ + isHidden + """): null

2018-08-16 16:33:52 - [TEST_STEP][PASSED] - Statement - request.setHttpBody(vsRequestBody): null

2018-08-16 16:33:52 - [TEST_STEP][PASSED] - Statement - response = com.kms.katalon.core.webservice.keyword.WSBuiltInKeywords.sendRequest(request): Send request successfully

2018-08-16 16:33:52 - [MESSAGE][PASSED] - Send request successfully

2018-08-16 16:33:52 - [TEST_STEP][PASSED] - verifyResponseStatusCode: Verify response status code successfully

2018-08-16 16:33:52 - [MESSAGE][PASSED] - Verify response status code successfully

2018-08-16 16:33:52 - [TEST_STEP][PASSED] - containsString: Check contain string successfully

2018-08-16 16:33:52 - [MESSAGE][PASSED] - Check contain string successfully

2018-08-16 16:33:52 - [TEST_STEP][PASSED] - Statement - return response: null

2018-08-16 16:33:52 - [MESSAGE][PASSED] - Call Test Case 'Test Cases/Library/Community/Create Community' successfully

2018-08-16 16:33:52 - [TEST_STEP][PASSED] - Statement - CommunityID = id: getAttributeValue.GetAttributeValue.GetAttribute is PASSED

2018-08-16 16:33:52 - [MESSAGE][PASSED] - getAttributeValue.GetAttributeValue.GetAttribute is PASSED

2018-08-16 16:33:52 - [TEST_STEP][PASSED] - Statement - addModeratorResposne = com.kms.katalon.core.webui.keyword.WebUiBuiltInKeywords.callTestCase(com.kms.katalon.core.testcase.TestCaseFactory.findTestCase(Library/Community/Add a member to community), ["rating":"2", "userID":g_NameTemp, "userName":data.getValue("Contributer", 36), "communityID":CommunityID], STOP_ON_FAILURE): Call Test Case 'Test Cases/Library/Community/Add a member to community' successfully

2018-08-16 16:33:52 - [TEST_CASE][PASSED] - Test Cases/Library/Community/Add a member to community: Test Cases/Library/Community/Add a member to community

2018-08-16 16:33:52 - [TEST_STEP][PASSED] - Statement - request = com.kms.katalon.core.testobject.ObjectRepository.findTestObject(Object Repository/Community/Add a member to community, [host:internal.GlobalVariable.g_URL, CommunityID:communityID]): Finding Test Object with id 'Object Repository/Community/Add a member to community'

2018-08-16 16:33:52 - [TEST_STEP][PASSED] - Statement - request.setHttpHeaderProperties(CustomKeywords.requestHeaders.Headers.AddHeaders()): requestHeaders.Headers.AddHeaders is PASSED

2018-08-16 16:33:52 - [MESSAGE][PASSED] - requestHeaders.Headers.AddHeaders is PASSED

2018-08-16 16:33:52 - [TEST_STEP][PASSED] - Statement - reponse = <not implemented yet for class: org.codehaus.groovy.ast.expr.EmptyExpression>: null

2018-08-16 16:33:52 - [TEST_STEP][PASSED] - Statement - vsRequestBody = "": null

2018-08-16 16:33:52 - [TEST_STEP][PASSED] - Statement - vsRequestBody = request.getHttpBody(): null

2018-08-16 16:33:52 - [TEST_STEP][PASSED] - Statement - vsRequestBody = vsRequestBody.replace("${rating}", """ + rating + """): null

2018-08-16 16:33:52 - [TEST_STEP][PASSED] - Statement - vsRequestBody = vsRequestBody.replace("${userID}", """ + userID + """): null

2018-08-16 16:33:52 - [TEST_STEP][PASSED] - Statement - vsRequestBody = vsRequestBody.replace("${userName}", """ + userName + """): null

2018-08-16 16:33:52 - [TEST_STEP][PASSED] - Statement - request.setHttpBody(vsRequestBody): null

2018-08-16 16:33:53 - [TEST_STEP][PASSED] - Statement - response = com.kms.katalon.core.webservice.keyword.WSBuiltInKeywords.sendRequest(request): Send request successfully

2018-08-16 16:33:53 - [MESSAGE][PASSED] - Send request successfully

2018-08-16 16:33:53 - [TEST_STEP][PASSED] - verifyResponseStatusCode: Verify response status code successfully

2018-08-16 16:33:53 - [MESSAGE][PASSED] - Verify response status code successfully

2018-08-16 16:33:53 - [TEST_STEP][PASSED] - Statement - return response: null

2018-08-16 16:33:53 - [MESSAGE][PASSED] - Call Test Case 'Test Cases/Library/Community/Add a member to community' successfully

2018-08-16 16:33:53 - [TEST_STEP][PASSED] - verifyResponseStatusCode: Verify response status code successfully

2018-08-16 16:33:53 - [MESSAGE][PASSED] - Verify response status code successfully

2018-08-16 16:33:53 - [TEST_STEP][PASSED] - Statement - addContributerResponse = com.kms.katalon.core.webui.keyword.WebUiBuiltInKeywords.callTestCase(com.kms.katalon.core.testcase.TestCaseFactory.findTestCase(Library/Moderator/Add a member to community), ["rating":"2", "userID":ContributerID, "userName":ContributerUser, "communityID":CommunityID], STOP_ON_FAILURE): Call Test Case 'Test Cases/Library/Moderator/Add a member to community' successfully

2018-08-16 16:33:53 - [TEST_CASE][PASSED] - Test Cases/Library/Moderator/Add a member to community: Test Cases/Library/Moderator/Add a member to community

2018-08-16 16:33:53 - [TEST_STEP][PASSED] - Statement - request = com.kms.katalon.core.testobject.ObjectRepository.findTestObject(Object Repository/Community/Add a member to community, [host:internal.GlobalVariable.g_URL, CommunityID:communityID]): Finding Test Object with id 'Object Repository/Community/Add a member to community'

2018-08-16 16:33:53 - [TEST_STEP][PASSED] - Statement - request.setHttpHeaderProperties(CustomKeywords.requestHeaders.Headers.AddHeaders(g_ModeratorToken)): requestHeaders.Headers.AddHeaders is PASSED

2018-08-16 16:33:53 - [MESSAGE][PASSED] - requestHeaders.Headers.AddHeaders is PASSED

2018-08-16 16:33:53 - [TEST_STEP][PASSED] - Statement - reponse = <not implemented yet for class: org.codehaus.groovy.ast.expr.EmptyExpression>: null

2018-08-16 16:33:53 - [TEST_STEP][PASSED] - Statement - vsRequestBody = "": null

2018-08-16 16:33:53 - [TEST_STEP][PASSED] - Statement - vsRequestBody = request.getHttpBody(): null

2018-08-16 16:33:53 - [TEST_STEP][PASSED] - Statement - vsRequestBody = vsRequestBody.replace("${rating}", """ + rating + """): null

2018-08-16 16:33:53 - [TEST_STEP][PASSED] - Statement - vsRequestBody = vsRequestBody.replace("${userID}", """ + userID + """): null

2018-08-16 16:33:53 - [TEST_STEP][PASSED] - Statement - vsRequestBody = vsRequestBody.replace("${userName}", """ + userName + """): null

2018-08-16 16:33:53 - [TEST_STEP][PASSED] - Statement - request.setHttpBody(vsRequestBody): null

2018-08-16 16:33:53 - [TEST_STEP][PASSED] - Statement - response = com.kms.katalon.core.webservice.keyword.WSBuiltInKeywords.sendRequest(request): Send request successfully

2018-08-16 16:33:53 - [MESSAGE][PASSED] - Send request successfully

2018-08-16 16:33:53 - [TEST_STEP][PASSED] - verifyResponseStatusCode: Verify response status code successfully

2018-08-16 16:33:53 - [MESSAGE][PASSED] - Verify response status code successfully

2018-08-16 16:33:53 - [TEST_STEP][PASSED] - Statement - return response: null

2018-08-16 16:33:53 - [MESSAGE][PASSED] - Call Test Case 'Test Cases/Library/Moderator/Add a member to community' successfully

2018-08-16 16:33:53 - [TEST_STEP][PASSED] - verifyResponseStatusCode: Verify response status code successfully

2018-08-16 16:33:53 - [MESSAGE][PASSED] - Verify response status code successfully

2018-08-16 16:33:53 - [TEST_STEP][PASSED] - Statement - res = com.kms.katalon.core.webui.keyword.WebUiBuiltInKeywords.callTestCase(com.kms.katalon.core.testcase.TestCaseFactory.findTestCase(Library/Community/Delete Community), ["communityID":CommunityID], STOP_ON_FAILURE): Call Test Case 'Test Cases/Library/Community/Delete Community' successfully

2018-08-16 16:33:53 - [TEST_CASE][PASSED] - Test Cases/Library/Community/Delete Community: Test Cases/Library/Community/Delete Community

2018-08-16 16:33:53 - [TEST_STEP][PASSED] - Statement - deleteCommunity = com.kms.katalon.core.testobject.ObjectRepository.findTestObject(Community/Delete Community, [host:internal.GlobalVariable.g_URL, communityID:communityID]): Finding Test Object with id 'Object Repository/Community/Delete Community'

2018-08-16 16:33:53 - [TEST_STEP][PASSED] - Statement - deleteCommunity.setHttpHeaderProperties(CustomKeywords.requestHeaders.Headers.AddHeaders()): requestHeaders.Headers.AddHeaders is PASSED

2018-08-16 16:33:53 - [MESSAGE][PASSED] - requestHeaders.Headers.AddHeaders is PASSED

2018-08-16 16:33:53 - [TEST_STEP][PASSED] - Statement - deleteCommunityRes = com.kms.katalon.core.webservice.keyword.WSBuiltInKeywords.sendRequest(deleteCommunity): Send request successfully

2018-08-16 16:33:53 - [MESSAGE][PASSED] - Send request successfully

2018-08-16 16:33:53 - [TEST_STEP][PASSED] - verifyResponseStatusCode: Verify response status code successfully

2018-08-16 16:33:53 - [MESSAGE][PASSED] - Verify response status code successfully

2018-08-16 16:33:53 - [TEST_STEP][PASSED] - delay: Delayed 10 second(s)

2018-08-16 16:34:03 - [MESSAGE][PASSED] - Delayed 10 second(s)

2018-08-16 16:34:03 - [TEST_STEP][PASSED] - Statement - reqObj = new com.kms.katalon.core.testobject.RequestObject(): null

2018-08-16 16:34:03 - [TEST_STEP][PASSED] - Statement - reqObj.setHttpHeaderProperties(CustomKeywords.requestHeaders.Headers.AddHeaders()): requestHeaders.Headers.AddHeaders is PASSED

2018-08-16 16:34:03 - [MESSAGE][PASSED] - requestHeaders.Headers.AddHeaders is PASSED

2018-08-16 16:34:03 - [TEST_STEP][PASSED] - Statement - reqObj.setRestRequestMethod("GET"): null

2018-08-16 16:34:03 - [TEST_STEP][PASSED] - Statement - reqObj.setRestUrl(g_URL + "/Services/api/sumtSocial/communities/" + communityID): null

2018-08-16 16:34:03 - [TEST_STEP][PASSED] - Statement - getResponse = com.kms.katalon.core.webservice.keyword.WSBuiltInKeywords.sendRequest(reqObj): Send request successfully

2018-08-16 16:34:03 - [MESSAGE][PASSED] - Send request successfully

2018-08-16 16:34:03 - [TEST_STEP][PASSED] - verifyResponseStatusCode: Verify response status code successfully

2018-08-16 16:34:03 - [MESSAGE][PASSED] - Verify response status code successfully

2018-08-16 16:34:03 - [TEST_STEP][PASSED] - Statement - boolVal = getResponse.getResponseText().equalsIgnoreCase("null"): null

2018-08-16 16:34:03 - [TEST_STEP][PASSED] - Statement - return boolVal: null

2018-08-16 16:34:03 - [MESSAGE][PASSED] - Call Test Case 'Test Cases/Library/Community/Delete Community' successfully]]></system-out>
         <system-err><![CDATA[]]></system-err>
      </testcase>
      <testcase name="Test Cases/TestCases/Social_SecurityAndRole_MOB-3489/TC-135441Verify Community Moderator is able to create a discussion thread" classname="Test Cases/TestCases/Social_SecurityAndRole_MOB-3489/TC-135441Verify Community Moderator is able to create a discussion thread" status="PASSED">
         <system-out><![CDATA[2018-08-16 16:34:03 - [TEST_CASE][PASSED] - Test Cases/TestCases/Social_SecurityAndRole_MOB-3489/TC-135441Verify Community Moderator is able to create a discussion thread: Test Cases/TestCases/Social_SecurityAndRole_MOB-3489/TC-135441Verify Community Moderator is able to create a discussion thread

2018-08-16 16:34:03 - [TEST_STEP][PASSED] - Statement - data = com.kms.katalon.core.testdata.TestDataFactory.findTestData(TestData): Reading CSV file with source file 'comma', separator 'containing header' and '{2}'

2018-08-16 16:34:03 - [TEST_STEP][PASSED] - Statement - userName = "'" + data.getValue("Moderator", 38) + "'": null

2018-08-16 16:34:03 - [TEST_STEP][PASSED] - Statement - userid = "": null

2018-08-16 16:34:03 - [TEST_STEP][PASSED] - Statement - response = com.kms.katalon.core.webui.keyword.WebUiBuiltInKeywords.callTestCase(com.kms.katalon.core.testcase.TestCaseFactory.findTestCase(Library/Community/Create Community), ["communityName":data.getValue("CommunityName", 38), "CommunityDesc":data.getValue("CommunityDesc", 38), "allowDiscussionBoards":true, ... ], STOP_ON_FAILURE): Call Test Case 'Test Cases/Library/Community/Create Community' successfully

2018-08-16 16:34:03 - [TEST_CASE][PASSED] - Test Cases/Library/Community/Create Community: Test Cases/Library/Community/Create Community

2018-08-16 16:34:03 - [TEST_STEP][PASSED] - Statement - request = com.kms.katalon.core.testobject.ObjectRepository.findTestObject(Community/POST Create Community, [host:internal.GlobalVariable.g_URL]): Finding Test Object with id 'Object Repository/Community/POST Create Community'

2018-08-16 16:34:03 - [TEST_STEP][PASSED] - Statement - request.setHttpHeaderProperties(CustomKeywords.requestHeaders.Headers.AddHeaders()): requestHeaders.Headers.AddHeaders is PASSED

2018-08-16 16:34:03 - [MESSAGE][PASSED] - requestHeaders.Headers.AddHeaders is PASSED

2018-08-16 16:34:03 - [TEST_STEP][PASSED] - Statement - reponse = <not implemented yet for class: org.codehaus.groovy.ast.expr.EmptyExpression>: null

2018-08-16 16:34:03 - [TEST_STEP][PASSED] - Statement - vsRequestBody = "": null

2018-08-16 16:34:03 - [TEST_STEP][PASSED] - Statement - vsRequestBody = request.getHttpBody(): null

2018-08-16 16:34:03 - [TEST_STEP][PASSED] - Statement - vsRequestBody = vsRequestBody.replace("${CommunityName}", """ + communityName + """): null

2018-08-16 16:34:03 - [TEST_STEP][PASSED] - Statement - vsRequestBody = vsRequestBody.replace("${CommunityDesc}", """ + CommunityDesc + """): null

2018-08-16 16:34:03 - [TEST_STEP][PASSED] - Statement - vsRequestBody = vsRequestBody.replace("${allowDiscussionBoards}", """ + allowDiscussionBoards + """): null

2018-08-16 16:34:03 - [TEST_STEP][PASSED] - Statement - vsRequestBody = vsRequestBody.replace("${allowBlogPosts}", """ + allowBlogPosts + """): null

2018-08-16 16:34:03 - [TEST_STEP][PASSED] - Statement - vsRequestBody = vsRequestBody.replace("${allowFileUploads}", """ + allowFileUploads + """): null

2018-08-16 16:34:03 - [TEST_STEP][PASSED] - Statement - vsRequestBody = vsRequestBody.replace("${isPrivate}", """ + isPrivate + """): null

2018-08-16 16:34:03 - [TEST_STEP][PASSED] - Statement - vsRequestBody = vsRequestBody.replace("${userName}", """ + userName + """): null

2018-08-16 16:34:03 - [TEST_STEP][PASSED] - Statement - vsRequestBody = vsRequestBody.replace("${userId}", """ + userId + """): null

2018-08-16 16:34:03 - [TEST_STEP][PASSED] - Statement - vsRequestBody = vsRequestBody.replace("${role}", """ + role + """): null

2018-08-16 16:34:03 - [TEST_STEP][PASSED] - Statement - vsRequestBody = vsRequestBody.replace("${userStatus}", """ + userStatus + """): null

2018-08-16 16:34:03 - [TEST_STEP][PASSED] - Statement - vsRequestBody = vsRequestBody.replace("${communityCode}", """ + communityCode + """): null

2018-08-16 16:34:03 - [TEST_STEP][PASSED] - Statement - vsRequestBody = vsRequestBody.replace("${hidden}", """ + isHidden + """): null

2018-08-16 16:34:03 - [TEST_STEP][PASSED] - Statement - request.setHttpBody(vsRequestBody): null

2018-08-16 16:34:03 - [TEST_STEP][PASSED] - Statement - response = com.kms.katalon.core.webservice.keyword.WSBuiltInKeywords.sendRequest(request): Send request successfully

2018-08-16 16:34:04 - [MESSAGE][PASSED] - Send request successfully

2018-08-16 16:34:04 - [TEST_STEP][PASSED] - verifyResponseStatusCode: Verify response status code successfully

2018-08-16 16:34:04 - [MESSAGE][PASSED] - Verify response status code successfully

2018-08-16 16:34:04 - [TEST_STEP][PASSED] - containsString: Check contain string successfully

2018-08-16 16:34:04 - [MESSAGE][PASSED] - Check contain string successfully

2018-08-16 16:34:04 - [TEST_STEP][PASSED] - Statement - return response: null

2018-08-16 16:34:04 - [MESSAGE][PASSED] - Call Test Case 'Test Cases/Library/Community/Create Community' successfully

2018-08-16 16:34:04 - [TEST_STEP][PASSED] - Statement - CommunityID = id: getAttributeValue.GetAttributeValue.GetAttribute is PASSED

2018-08-16 16:34:04 - [MESSAGE][PASSED] - getAttributeValue.GetAttributeValue.GetAttribute is PASSED

2018-08-16 16:34:04 - [TEST_STEP][PASSED] - Statement - response1 = com.kms.katalon.core.webui.keyword.WebUiBuiltInKeywords.callTestCase(com.kms.katalon.core.testcase.TestCaseFactory.findTestCase(Library/Community/Add a member to community), ["rating":"2", "userID":g_NameTemp, "userName":data.getValue("Moderator", 38), "communityID":CommunityID], STOP_ON_FAILURE): Call Test Case 'Test Cases/Library/Community/Add a member to community' successfully

2018-08-16 16:34:04 - [TEST_CASE][PASSED] - Test Cases/Library/Community/Add a member to community: Test Cases/Library/Community/Add a member to community

2018-08-16 16:34:04 - [TEST_STEP][PASSED] - Statement - request = com.kms.katalon.core.testobject.ObjectRepository.findTestObject(Object Repository/Community/Add a member to community, [host:internal.GlobalVariable.g_URL, CommunityID:communityID]): Finding Test Object with id 'Object Repository/Community/Add a member to community'

2018-08-16 16:34:04 - [TEST_STEP][PASSED] - Statement - request.setHttpHeaderProperties(CustomKeywords.requestHeaders.Headers.AddHeaders()): requestHeaders.Headers.AddHeaders is PASSED

2018-08-16 16:34:04 - [MESSAGE][PASSED] - requestHeaders.Headers.AddHeaders is PASSED

2018-08-16 16:34:04 - [TEST_STEP][PASSED] - Statement - reponse = <not implemented yet for class: org.codehaus.groovy.ast.expr.EmptyExpression>: null

2018-08-16 16:34:04 - [TEST_STEP][PASSED] - Statement - vsRequestBody = "": null

2018-08-16 16:34:04 - [TEST_STEP][PASSED] - Statement - vsRequestBody = request.getHttpBody(): null

2018-08-16 16:34:04 - [TEST_STEP][PASSED] - Statement - vsRequestBody = vsRequestBody.replace("${rating}", """ + rating + """): null

2018-08-16 16:34:04 - [TEST_STEP][PASSED] - Statement - vsRequestBody = vsRequestBody.replace("${userID}", """ + userID + """): null

2018-08-16 16:34:04 - [TEST_STEP][PASSED] - Statement - vsRequestBody = vsRequestBody.replace("${userName}", """ + userName + """): null

2018-08-16 16:34:04 - [TEST_STEP][PASSED] - Statement - request.setHttpBody(vsRequestBody): null

2018-08-16 16:34:04 - [TEST_STEP][PASSED] - Statement - response = com.kms.katalon.core.webservice.keyword.WSBuiltInKeywords.sendRequest(request): Send request successfully

2018-08-16 16:34:04 - [MESSAGE][PASSED] - Send request successfully

2018-08-16 16:34:04 - [TEST_STEP][PASSED] - verifyResponseStatusCode: Verify response status code successfully

2018-08-16 16:34:04 - [MESSAGE][PASSED] - Verify response status code successfully

2018-08-16 16:34:04 - [TEST_STEP][PASSED] - Statement - return response: null

2018-08-16 16:34:04 - [MESSAGE][PASSED] - Call Test Case 'Test Cases/Library/Community/Add a member to community' successfully

2018-08-16 16:34:04 - [TEST_STEP][PASSED] - verifyResponseStatusCode: Verify response status code successfully

2018-08-16 16:34:04 - [MESSAGE][PASSED] - Verify response status code successfully

2018-08-16 16:34:04 - [TEST_STEP][PASSED] - Statement - res = com.kms.katalon.core.webui.keyword.WebUiBuiltInKeywords.callTestCase(com.kms.katalon.core.testcase.TestCaseFactory.findTestCase(Library/Moderator/Create discussion under community), ["CommunityID":CommunityID, "DiscussionName":data.getValue("DiscussionName", 38), "DiscussionDesc":data.getValue("DiscussionDesc", 38)], STOP_ON_FAILURE): Call Test Case 'Test Cases/Library/Moderator/Create discussion under community' successfully

2018-08-16 16:34:04 - [TEST_CASE][PASSED] - Test Cases/Library/Moderator/Create discussion under community: Test Cases/Library/Moderator/Create discussion under community

2018-08-16 16:34:04 - [TEST_STEP][PASSED] - Statement - request = com.kms.katalon.core.testobject.ObjectRepository.findTestObject(Object Repository/Community/Create discussion under community, [host:internal.GlobalVariable.g_URL]): Finding Test Object with id 'Object Repository/Community/Create discussion under community'

2018-08-16 16:34:04 - [TEST_STEP][PASSED] - Statement - request.setHttpHeaderProperties(CustomKeywords.requestHeaders.Headers.AddHeaders(g_ModeratorToken)): requestHeaders.Headers.AddHeaders is PASSED

2018-08-16 16:34:04 - [MESSAGE][PASSED] - requestHeaders.Headers.AddHeaders is PASSED

2018-08-16 16:34:04 - [TEST_STEP][PASSED] - Statement - response = <not implemented yet for class: org.codehaus.groovy.ast.expr.EmptyExpression>: null

2018-08-16 16:34:04 - [TEST_STEP][PASSED] - Statement - vsRequestBody = "": null

2018-08-16 16:34:04 - [TEST_STEP][PASSED] - Statement - vsRequestBody = request.getHttpBody(): null

2018-08-16 16:34:04 - [TEST_STEP][PASSED] - Statement - vsRequestBody = vsRequestBody.replace("${CommunityID}", """ + CommunityID + """): null

2018-08-16 16:34:04 - [TEST_STEP][PASSED] - Statement - vsRequestBody = vsRequestBody.replace("${DiscussionName}", DiscussionName): null

2018-08-16 16:34:04 - [TEST_STEP][PASSED] - Statement - vsRequestBody = vsRequestBody.replace("${DiscussionDesc}", """ + DiscussionDesc + """): null

2018-08-16 16:34:04 - [TEST_STEP][PASSED] - Statement - request.setHttpBody(vsRequestBody): null

2018-08-16 16:34:04 - [TEST_STEP][PASSED] - Statement - response = com.kms.katalon.core.webservice.keyword.WSBuiltInKeywords.sendRequest(request): Send request successfully

2018-08-16 16:34:04 - [MESSAGE][PASSED] - Send request successfully

2018-08-16 16:34:04 - [TEST_STEP][PASSED] - verifyResponseStatusCode: Verify response status code successfully

2018-08-16 16:34:04 - [MESSAGE][PASSED] - Verify response status code successfully

2018-08-16 16:34:04 - [TEST_STEP][PASSED] - Statement - return response: null

2018-08-16 16:34:04 - [MESSAGE][PASSED] - Call Test Case 'Test Cases/Library/Moderator/Create discussion under community' successfully

2018-08-16 16:34:04 - [TEST_STEP][PASSED] - Statement - res3 = com.kms.katalon.core.webui.keyword.WebUiBuiltInKeywords.callTestCase(com.kms.katalon.core.testcase.TestCaseFactory.findTestCase(Library/Community/Get Discussions), ["CommunityID":CommunityID], STOP_ON_FAILURE): Call Test Case 'Test Cases/Library/Community/Get Discussions' successfully

2018-08-16 16:34:04 - [TEST_CASE][PASSED] - Test Cases/Library/Community/Get Discussions: Test Cases/Library/Community/Get Discussions

2018-08-16 16:34:04 - [TEST_STEP][PASSED] - Statement - request = com.kms.katalon.core.testobject.ObjectRepository.findTestObject(Object Repository/Community/Get Discussions, [host:internal.GlobalVariable.g_URL, CommunityID:CommunityID]): Finding Test Object with id 'Object Repository/Community/Get Discussions'

2018-08-16 16:34:04 - [TEST_STEP][PASSED] - Statement - request.setHttpHeaderProperties(CustomKeywords.requestHeaders.Headers.AddHeaders()): requestHeaders.Headers.AddHeaders is PASSED

2018-08-16 16:34:04 - [MESSAGE][PASSED] - requestHeaders.Headers.AddHeaders is PASSED

2018-08-16 16:34:04 - [TEST_STEP][PASSED] - Statement - response = com.kms.katalon.core.webservice.keyword.WSBuiltInKeywords.sendRequest(request): Send request successfully

2018-08-16 16:34:04 - [MESSAGE][PASSED] - Send request successfully

2018-08-16 16:34:04 - [TEST_STEP][PASSED] - Statement - return response: null

2018-08-16 16:34:04 - [MESSAGE][PASSED] - Call Test Case 'Test Cases/Library/Community/Get Discussions' successfully

2018-08-16 16:34:04 - [TEST_STEP][PASSED] - Statement - ResponseText = res3.getResponseText(): null

2018-08-16 16:34:04 - [TEST_STEP][PASSED] - Statement - id = ""id"": null

2018-08-16 16:34:04 - [TEST_STEP][PASSED] - Statement - firstIndex = ResponseText.indexOf(id) + id.length(): null

2018-08-16 16:34:04 - [TEST_STEP][PASSED] - Statement - name = ResponseText.substring(firstIndex): null

2018-08-16 16:34:04 - [TEST_STEP][PASSED] - Statement - lastIndex = name.indexOf(","): null

2018-08-16 16:34:04 - [TEST_STEP][PASSED] - Statement - Discussionid = name.substring(0, lastIndex).replace(""", "").replaceAll("[:]", "").trim(): null

2018-08-16 16:34:04 - [TEST_STEP][PASSED] - Statement - res2 = com.kms.katalon.core.webui.keyword.WebUiBuiltInKeywords.callTestCase(com.kms.katalon.core.testcase.TestCaseFactory.findTestCase(Library/Moderator/Create a discussion thread), ["DiscussionID":Discussionid, "Comment":data.getValue("Comment", 38)], STOP_ON_FAILURE): Call Test Case 'Test Cases/Library/Moderator/Create a discussion thread' successfully

2018-08-16 16:34:04 - [TEST_CASE][PASSED] - Test Cases/Library/Moderator/Create a discussion thread: Test Cases/Library/Moderator/Create a discussion thread

2018-08-16 16:34:04 - [TEST_STEP][PASSED] - Statement - request = com.kms.katalon.core.testobject.ObjectRepository.findTestObject(Object Repository/Community/Create a discussion thread, [host:internal.GlobalVariable.g_URL]): Finding Test Object with id 'Object Repository/Community/Create a discussion thread'

2018-08-16 16:34:04 - [TEST_STEP][PASSED] - Statement - request.setHttpHeaderProperties(CustomKeywords.requestHeaders.Headers.AddHeaders(g_ModeratorToken)): requestHeaders.Headers.AddHeaders is PASSED

2018-08-16 16:34:04 - [MESSAGE][PASSED] - requestHeaders.Headers.AddHeaders is PASSED

2018-08-16 16:34:05 - [TEST_STEP][PASSED] - Statement - response = <not implemented yet for class: org.codehaus.groovy.ast.expr.EmptyExpression>: null

2018-08-16 16:34:05 - [TEST_STEP][PASSED] - Statement - vsRequestBody = "": null

2018-08-16 16:34:05 - [TEST_STEP][PASSED] - Statement - vsRequestBody = request.getHttpBody(): null

2018-08-16 16:34:05 - [TEST_STEP][PASSED] - Statement - vsRequestBody = vsRequestBody.replace("${DiscussionID}", """ + DiscussionID + """): null

2018-08-16 16:34:05 - [TEST_STEP][PASSED] - Statement - request.setHttpBody(vsRequestBody): null

2018-08-16 16:34:05 - [TEST_STEP][PASSED] - Statement - response = com.kms.katalon.core.webservice.keyword.WSBuiltInKeywords.sendRequest(request): Send request successfully

2018-08-16 16:34:05 - [MESSAGE][PASSED] - Send request successfully

2018-08-16 16:34:05 - [TEST_STEP][PASSED] - verifyResponseStatusCode: Verify response status code successfully

2018-08-16 16:34:05 - [MESSAGE][PASSED] - Verify response status code successfully

2018-08-16 16:34:05 - [TEST_STEP][PASSED] - Statement - return response: null

2018-08-16 16:34:05 - [MESSAGE][PASSED] - Call Test Case 'Test Cases/Library/Moderator/Create a discussion thread' successfully

2018-08-16 16:34:05 - [TEST_STEP][PASSED] - verifyResponseStatusCode: Verify response status code successfully

2018-08-16 16:34:05 - [MESSAGE][PASSED] - Verify response status code successfully

2018-08-16 16:34:05 - [TEST_STEP][PASSED] - callTestCase: Call Test Case 'Test Cases/Library/Community/Delete Community' successfully

2018-08-16 16:34:05 - [TEST_CASE][PASSED] - Test Cases/Library/Community/Delete Community: Test Cases/Library/Community/Delete Community

2018-08-16 16:34:05 - [TEST_STEP][PASSED] - Statement - deleteCommunity = com.kms.katalon.core.testobject.ObjectRepository.findTestObject(Community/Delete Community, [host:internal.GlobalVariable.g_URL, communityID:communityID]): Finding Test Object with id 'Object Repository/Community/Delete Community'

2018-08-16 16:34:05 - [TEST_STEP][PASSED] - Statement - deleteCommunity.setHttpHeaderProperties(CustomKeywords.requestHeaders.Headers.AddHeaders()): requestHeaders.Headers.AddHeaders is PASSED

2018-08-16 16:34:05 - [MESSAGE][PASSED] - requestHeaders.Headers.AddHeaders is PASSED

2018-08-16 16:34:05 - [TEST_STEP][PASSED] - Statement - deleteCommunityRes = com.kms.katalon.core.webservice.keyword.WSBuiltInKeywords.sendRequest(deleteCommunity): Send request successfully

2018-08-16 16:34:05 - [MESSAGE][PASSED] - Send request successfully

2018-08-16 16:34:05 - [TEST_STEP][PASSED] - verifyResponseStatusCode: Verify response status code successfully

2018-08-16 16:34:05 - [MESSAGE][PASSED] - Verify response status code successfully

2018-08-16 16:34:05 - [TEST_STEP][PASSED] - delay: Delayed 10 second(s)

2018-08-16 16:34:15 - [MESSAGE][PASSED] - Delayed 10 second(s)

2018-08-16 16:34:15 - [TEST_STEP][PASSED] - Statement - reqObj = new com.kms.katalon.core.testobject.RequestObject(): null

2018-08-16 16:34:15 - [TEST_STEP][PASSED] - Statement - reqObj.setHttpHeaderProperties(CustomKeywords.requestHeaders.Headers.AddHeaders()): requestHeaders.Headers.AddHeaders is PASSED

2018-08-16 16:34:15 - [MESSAGE][PASSED] - requestHeaders.Headers.AddHeaders is PASSED

2018-08-16 16:34:15 - [TEST_STEP][PASSED] - Statement - reqObj.setRestRequestMethod("GET"): null

2018-08-16 16:34:15 - [TEST_STEP][PASSED] - Statement - reqObj.setRestUrl(g_URL + "/Services/api/sumtSocial/communities/" + communityID): null

2018-08-16 16:34:15 - [TEST_STEP][PASSED] - Statement - getResponse = com.kms.katalon.core.webservice.keyword.WSBuiltInKeywords.sendRequest(reqObj): Send request successfully

2018-08-16 16:34:15 - [MESSAGE][PASSED] - Send request successfully

2018-08-16 16:34:15 - [TEST_STEP][PASSED] - verifyResponseStatusCode: Verify response status code successfully

2018-08-16 16:34:15 - [MESSAGE][PASSED] - Verify response status code successfully

2018-08-16 16:34:15 - [TEST_STEP][PASSED] - Statement - boolVal = getResponse.getResponseText().equalsIgnoreCase("null"): null

2018-08-16 16:34:15 - [TEST_STEP][PASSED] - Statement - return boolVal: null

2018-08-16 16:34:15 - [MESSAGE][PASSED] - Call Test Case 'Test Cases/Library/Community/Delete Community' successfully]]></system-out>
         <system-err><![CDATA[]]></system-err>
      </testcase>
      <testcase name="Test Cases/TestCases/Social_SecurityAndRole_MOB-3489/TC-135443Verify Community Moderator is able to view discussion thread in the community page" classname="Test Cases/TestCases/Social_SecurityAndRole_MOB-3489/TC-135443Verify Community Moderator is able to view discussion thread in the community page" status="PASSED">
         <system-out><![CDATA[2018-08-16 16:34:15 - [TEST_CASE][PASSED] - Test Cases/TestCases/Social_SecurityAndRole_MOB-3489/TC-135443Verify Community Moderator is able to view discussion thread in the community page: Test Cases/TestCases/Social_SecurityAndRole_MOB-3489/TC-135443Verify Community Moderator is able to view discussion thread in the community page

2018-08-16 16:34:15 - [TEST_STEP][PASSED] - Statement - data = com.kms.katalon.core.testdata.TestDataFactory.findTestData(TestData): Reading CSV file with source file 'comma', separator 'containing header' and '{2}'

2018-08-16 16:34:15 - [TEST_STEP][PASSED] - Statement - userName = "'" + data.getValue("Moderator", 38) + "'": null

2018-08-16 16:34:15 - [TEST_STEP][PASSED] - Statement - userid = "": null

2018-08-16 16:34:15 - [TEST_STEP][PASSED] - Statement - response = com.kms.katalon.core.webui.keyword.WebUiBuiltInKeywords.callTestCase(com.kms.katalon.core.testcase.TestCaseFactory.findTestCase(Library/Community/Create Community), ["communityName":data.getValue("CommunityName", 38), "CommunityDesc":data.getValue("CommunityDesc", 38), "allowDiscussionBoards":true, ... ], STOP_ON_FAILURE): Call Test Case 'Test Cases/Library/Community/Create Community' successfully

2018-08-16 16:34:15 - [TEST_CASE][PASSED] - Test Cases/Library/Community/Create Community: Test Cases/Library/Community/Create Community

2018-08-16 16:34:15 - [TEST_STEP][PASSED] - Statement - request = com.kms.katalon.core.testobject.ObjectRepository.findTestObject(Community/POST Create Community, [host:internal.GlobalVariable.g_URL]): Finding Test Object with id 'Object Repository/Community/POST Create Community'

2018-08-16 16:34:15 - [TEST_STEP][PASSED] - Statement - request.setHttpHeaderProperties(CustomKeywords.requestHeaders.Headers.AddHeaders()): requestHeaders.Headers.AddHeaders is PASSED

2018-08-16 16:34:15 - [MESSAGE][PASSED] - requestHeaders.Headers.AddHeaders is PASSED

2018-08-16 16:34:15 - [TEST_STEP][PASSED] - Statement - reponse = <not implemented yet for class: org.codehaus.groovy.ast.expr.EmptyExpression>: null

2018-08-16 16:34:15 - [TEST_STEP][PASSED] - Statement - vsRequestBody = "": null

2018-08-16 16:34:15 - [TEST_STEP][PASSED] - Statement - vsRequestBody = request.getHttpBody(): null

2018-08-16 16:34:15 - [TEST_STEP][PASSED] - Statement - vsRequestBody = vsRequestBody.replace("${CommunityName}", """ + communityName + """): null

2018-08-16 16:34:15 - [TEST_STEP][PASSED] - Statement - vsRequestBody = vsRequestBody.replace("${CommunityDesc}", """ + CommunityDesc + """): null

2018-08-16 16:34:15 - [TEST_STEP][PASSED] - Statement - vsRequestBody = vsRequestBody.replace("${allowDiscussionBoards}", """ + allowDiscussionBoards + """): null

2018-08-16 16:34:15 - [TEST_STEP][PASSED] - Statement - vsRequestBody = vsRequestBody.replace("${allowBlogPosts}", """ + allowBlogPosts + """): null

2018-08-16 16:34:15 - [TEST_STEP][PASSED] - Statement - vsRequestBody = vsRequestBody.replace("${allowFileUploads}", """ + allowFileUploads + """): null

2018-08-16 16:34:15 - [TEST_STEP][PASSED] - Statement - vsRequestBody = vsRequestBody.replace("${isPrivate}", """ + isPrivate + """): null

2018-08-16 16:34:15 - [TEST_STEP][PASSED] - Statement - vsRequestBody = vsRequestBody.replace("${userName}", """ + userName + """): null

2018-08-16 16:34:15 - [TEST_STEP][PASSED] - Statement - vsRequestBody = vsRequestBody.replace("${userId}", """ + userId + """): null

2018-08-16 16:34:15 - [TEST_STEP][PASSED] - Statement - vsRequestBody = vsRequestBody.replace("${role}", """ + role + """): null

2018-08-16 16:34:15 - [TEST_STEP][PASSED] - Statement - vsRequestBody = vsRequestBody.replace("${userStatus}", """ + userStatus + """): null

2018-08-16 16:34:15 - [TEST_STEP][PASSED] - Statement - vsRequestBody = vsRequestBody.replace("${communityCode}", """ + communityCode + """): null

2018-08-16 16:34:15 - [TEST_STEP][PASSED] - Statement - vsRequestBody = vsRequestBody.replace("${hidden}", """ + isHidden + """): null

2018-08-16 16:34:15 - [TEST_STEP][PASSED] - Statement - request.setHttpBody(vsRequestBody): null

2018-08-16 16:34:15 - [TEST_STEP][PASSED] - Statement - response = com.kms.katalon.core.webservice.keyword.WSBuiltInKeywords.sendRequest(request): Send request successfully

2018-08-16 16:34:15 - [MESSAGE][PASSED] - Send request successfully

2018-08-16 16:34:15 - [TEST_STEP][PASSED] - verifyResponseStatusCode: Verify response status code successfully

2018-08-16 16:34:15 - [MESSAGE][PASSED] - Verify response status code successfully

2018-08-16 16:34:15 - [TEST_STEP][PASSED] - containsString: Check contain string successfully

2018-08-16 16:34:15 - [MESSAGE][PASSED] - Check contain string successfully

2018-08-16 16:34:15 - [TEST_STEP][PASSED] - Statement - return response: null

2018-08-16 16:34:15 - [MESSAGE][PASSED] - Call Test Case 'Test Cases/Library/Community/Create Community' successfully

2018-08-16 16:34:15 - [TEST_STEP][PASSED] - Statement - CommunityID = id: getAttributeValue.GetAttributeValue.GetAttribute is PASSED

2018-08-16 16:34:15 - [MESSAGE][PASSED] - getAttributeValue.GetAttributeValue.GetAttribute is PASSED

2018-08-16 16:34:15 - [TEST_STEP][PASSED] - dbConnectionPackage.DBConnectionKeyword.CloseConnections: dbConnectionPackage.DBConnectionKeyword.CloseConnections is PASSED

2018-08-16 16:34:20 - [MESSAGE][PASSED] - Delayed 5 second(s)

2018-08-16 16:34:20 - [MESSAGE][PASSED] - dbConnectionPackage.DBConnectionKeyword.CloseConnections is PASSED

2018-08-16 16:34:20 - [TEST_STEP][PASSED] - Statement - response1 = com.kms.katalon.core.webui.keyword.WebUiBuiltInKeywords.callTestCase(com.kms.katalon.core.testcase.TestCaseFactory.findTestCase(Library/Community/Add a member to community), ["rating":"2", "userID":g_NameTemp, "userName":data.getValue("Moderator", 38), "communityID":CommunityID], STOP_ON_FAILURE): Call Test Case 'Test Cases/Library/Community/Add a member to community' successfully

2018-08-16 16:34:20 - [TEST_CASE][PASSED] - Test Cases/Library/Community/Add a member to community: Test Cases/Library/Community/Add a member to community

2018-08-16 16:34:20 - [TEST_STEP][PASSED] - Statement - request = com.kms.katalon.core.testobject.ObjectRepository.findTestObject(Object Repository/Community/Add a member to community, [host:internal.GlobalVariable.g_URL, CommunityID:communityID]): Finding Test Object with id 'Object Repository/Community/Add a member to community'

2018-08-16 16:34:20 - [TEST_STEP][PASSED] - Statement - request.setHttpHeaderProperties(CustomKeywords.requestHeaders.Headers.AddHeaders()): requestHeaders.Headers.AddHeaders is PASSED

2018-08-16 16:34:20 - [MESSAGE][PASSED] - requestHeaders.Headers.AddHeaders is PASSED

2018-08-16 16:34:20 - [TEST_STEP][PASSED] - Statement - reponse = <not implemented yet for class: org.codehaus.groovy.ast.expr.EmptyExpression>: null

2018-08-16 16:34:20 - [TEST_STEP][PASSED] - Statement - vsRequestBody = "": null

2018-08-16 16:34:20 - [TEST_STEP][PASSED] - Statement - vsRequestBody = request.getHttpBody(): null

2018-08-16 16:34:20 - [TEST_STEP][PASSED] - Statement - vsRequestBody = vsRequestBody.replace("${rating}", """ + rating + """): null

2018-08-16 16:34:20 - [TEST_STEP][PASSED] - Statement - vsRequestBody = vsRequestBody.replace("${userID}", """ + userID + """): null

2018-08-16 16:34:20 - [TEST_STEP][PASSED] - Statement - vsRequestBody = vsRequestBody.replace("${userName}", """ + userName + """): null

2018-08-16 16:34:20 - [TEST_STEP][PASSED] - Statement - request.setHttpBody(vsRequestBody): null

2018-08-16 16:34:20 - [TEST_STEP][PASSED] - Statement - response = com.kms.katalon.core.webservice.keyword.WSBuiltInKeywords.sendRequest(request): Send request successfully

2018-08-16 16:34:20 - [MESSAGE][PASSED] - Send request successfully

2018-08-16 16:34:20 - [TEST_STEP][PASSED] - verifyResponseStatusCode: Verify response status code successfully

2018-08-16 16:34:20 - [MESSAGE][PASSED] - Verify response status code successfully

2018-08-16 16:34:20 - [TEST_STEP][PASSED] - Statement - return response: null

2018-08-16 16:34:20 - [MESSAGE][PASSED] - Call Test Case 'Test Cases/Library/Community/Add a member to community' successfully

2018-08-16 16:34:20 - [TEST_STEP][PASSED] - verifyResponseStatusCode: Verify response status code successfully

2018-08-16 16:34:20 - [MESSAGE][PASSED] - Verify response status code successfully

2018-08-16 16:34:20 - [TEST_STEP][PASSED] - Statement - responseDis = com.kms.katalon.core.webui.keyword.WebUiBuiltInKeywords.callTestCase(com.kms.katalon.core.testcase.TestCaseFactory.findTestCase(Library/Community/Create discussion under community), ["CommunityID":CommunityID, "DiscussionName":data.getValue("DiscussionName", 31), "DiscussionDesc":data.getValue("DiscussionDesc", 31)], STOP_ON_FAILURE): Call Test Case 'Test Cases/Library/Community/Create discussion under community' successfully

2018-08-16 16:34:20 - [TEST_CASE][PASSED] - Test Cases/Library/Community/Create discussion under community: Test Cases/Library/Community/Create discussion under community

2018-08-16 16:34:20 - [TEST_STEP][PASSED] - Statement - request = com.kms.katalon.core.testobject.ObjectRepository.findTestObject(Object Repository/Community/Create discussion under community, [host:internal.GlobalVariable.g_URL]): Finding Test Object with id 'Object Repository/Community/Create discussion under community'

2018-08-16 16:34:20 - [TEST_STEP][PASSED] - Statement - request.setHttpHeaderProperties(CustomKeywords.requestHeaders.Headers.AddHeaders()): requestHeaders.Headers.AddHeaders is PASSED

2018-08-16 16:34:20 - [MESSAGE][PASSED] - requestHeaders.Headers.AddHeaders is PASSED

2018-08-16 16:34:20 - [TEST_STEP][PASSED] - Statement - response = <not implemented yet for class: org.codehaus.groovy.ast.expr.EmptyExpression>: null

2018-08-16 16:34:20 - [TEST_STEP][PASSED] - Statement - vsRequestBody = "": null

2018-08-16 16:34:20 - [TEST_STEP][PASSED] - Statement - vsRequestBody = request.getHttpBody(): null

2018-08-16 16:34:20 - [TEST_STEP][PASSED] - Statement - vsRequestBody = vsRequestBody.replace("${CommunityID}", """ + CommunityID + """): null

2018-08-16 16:34:20 - [TEST_STEP][PASSED] - Statement - vsRequestBody = vsRequestBody.replace("${DiscussionName}", DiscussionName): null

2018-08-16 16:34:20 - [TEST_STEP][PASSED] - Statement - vsRequestBody = vsRequestBody.replace("${DiscussionDesc}", """ + DiscussionDesc + """): null

2018-08-16 16:34:20 - [TEST_STEP][PASSED] - Statement - request.setHttpBody(vsRequestBody): null

2018-08-16 16:34:20 - [TEST_STEP][PASSED] - Statement - response = com.kms.katalon.core.webservice.keyword.WSBuiltInKeywords.sendRequest(request): Send request successfully

2018-08-16 16:34:21 - [MESSAGE][PASSED] - Send request successfully

2018-08-16 16:34:21 - [TEST_STEP][PASSED] - verifyResponseStatusCode: Verify response status code successfully

2018-08-16 16:34:21 - [MESSAGE][PASSED] - Verify response status code successfully

2018-08-16 16:34:21 - [TEST_STEP][PASSED] - Statement - return response: null

2018-08-16 16:34:21 - [MESSAGE][PASSED] - Call Test Case 'Test Cases/Library/Community/Create discussion under community' successfully

2018-08-16 16:34:21 - [TEST_STEP][PASSED] - Statement - res1 = com.kms.katalon.core.webui.keyword.WebUiBuiltInKeywords.callTestCase(com.kms.katalon.core.testcase.TestCaseFactory.findTestCase(Library/Community/Get Discussions), ["CommunityID":CommunityID], STOP_ON_FAILURE): Call Test Case 'Test Cases/Library/Community/Get Discussions' successfully

2018-08-16 16:34:21 - [TEST_CASE][PASSED] - Test Cases/Library/Community/Get Discussions: Test Cases/Library/Community/Get Discussions

2018-08-16 16:34:21 - [TEST_STEP][PASSED] - Statement - request = com.kms.katalon.core.testobject.ObjectRepository.findTestObject(Object Repository/Community/Get Discussions, [host:internal.GlobalVariable.g_URL, CommunityID:CommunityID]): Finding Test Object with id 'Object Repository/Community/Get Discussions'

2018-08-16 16:34:21 - [TEST_STEP][PASSED] - Statement - request.setHttpHeaderProperties(CustomKeywords.requestHeaders.Headers.AddHeaders()): requestHeaders.Headers.AddHeaders is PASSED

2018-08-16 16:34:21 - [MESSAGE][PASSED] - requestHeaders.Headers.AddHeaders is PASSED

2018-08-16 16:34:21 - [TEST_STEP][PASSED] - Statement - response = com.kms.katalon.core.webservice.keyword.WSBuiltInKeywords.sendRequest(request): Send request successfully

2018-08-16 16:34:21 - [MESSAGE][PASSED] - Send request successfully

2018-08-16 16:34:21 - [TEST_STEP][PASSED] - Statement - return response: null

2018-08-16 16:34:21 - [MESSAGE][PASSED] - Call Test Case 'Test Cases/Library/Community/Get Discussions' successfully

2018-08-16 16:34:21 - [TEST_STEP][PASSED] - Statement - DiscussionId = discussions: getAttributeValue.GetAttributeValue.GetAttribute is PASSED

2018-08-16 16:34:21 - [MESSAGE][PASSED] - getAttributeValue.GetAttributeValue.GetAttribute is PASSED

2018-08-16 16:34:21 - [TEST_STEP][PASSED] - Statement - ResponseText = res1.getResponseText(): null

2018-08-16 16:34:21 - [TEST_STEP][PASSED] - Statement - id = ""id"": null

2018-08-16 16:34:21 - [TEST_STEP][PASSED] - Statement - firstIndex = ResponseText.indexOf(id) + id.length(): null

2018-08-16 16:34:21 - [TEST_STEP][PASSED] - Statement - name = ResponseText.substring(firstIndex): null

2018-08-16 16:34:21 - [TEST_STEP][PASSED] - Statement - lastIndex = name.indexOf(","): null

2018-08-16 16:34:21 - [TEST_STEP][PASSED] - Statement - finalString = name.substring(0, lastIndex).replace(""", "").replaceAll("[:]", "").trim(): null

2018-08-16 16:34:21 - [TEST_STEP][PASSED] - Statement - disThread = com.kms.katalon.core.webui.keyword.WebUiBuiltInKeywords.callTestCase(com.kms.katalon.core.testcase.TestCaseFactory.findTestCase(Library/Community/Create a discussion thread), ["DiscussionID":finalString, "Comment":data.getValue("Comment", 31)], STOP_ON_FAILURE): Call Test Case 'Test Cases/Library/Community/Create a discussion thread' successfully

2018-08-16 16:34:21 - [TEST_CASE][PASSED] - Test Cases/Library/Community/Create a discussion thread: Test Cases/Library/Community/Create a discussion thread

2018-08-16 16:34:21 - [TEST_STEP][PASSED] - Statement - request = com.kms.katalon.core.testobject.ObjectRepository.findTestObject(Object Repository/Community/Create a discussion thread, [host:internal.GlobalVariable.g_URL]): Finding Test Object with id 'Object Repository/Community/Create a discussion thread'

2018-08-16 16:34:21 - [TEST_STEP][PASSED] - Statement - request.setHttpHeaderProperties(CustomKeywords.requestHeaders.Headers.AddHeaders()): requestHeaders.Headers.AddHeaders is PASSED

2018-08-16 16:34:21 - [MESSAGE][PASSED] - requestHeaders.Headers.AddHeaders is PASSED

2018-08-16 16:34:21 - [TEST_STEP][PASSED] - Statement - response = <not implemented yet for class: org.codehaus.groovy.ast.expr.EmptyExpression>: null

2018-08-16 16:34:21 - [TEST_STEP][PASSED] - Statement - vsRequestBody = "": null

2018-08-16 16:34:21 - [TEST_STEP][PASSED] - Statement - vsRequestBody = request.getHttpBody(): null

2018-08-16 16:34:21 - [TEST_STEP][PASSED] - Statement - vsRequestBody = vsRequestBody.replace("${DiscussionID}", """ + DiscussionID + """): null

2018-08-16 16:34:21 - [TEST_STEP][PASSED] - Statement - vsRequestBody = vsRequestBody.replace("${Comment}", Comment): null

2018-08-16 16:34:21 - [TEST_STEP][PASSED] - Statement - request.setHttpBody(vsRequestBody): null

2018-08-16 16:34:21 - [TEST_STEP][PASSED] - Statement - response = com.kms.katalon.core.webservice.keyword.WSBuiltInKeywords.sendRequest(request): Send request successfully

2018-08-16 16:34:21 - [MESSAGE][PASSED] - Send request successfully

2018-08-16 16:34:21 - [TEST_STEP][PASSED] - verifyResponseStatusCode: Verify response status code successfully

2018-08-16 16:34:21 - [MESSAGE][PASSED] - Verify response status code successfully

2018-08-16 16:34:21 - [TEST_STEP][PASSED] - Statement - return response: null

2018-08-16 16:34:21 - [MESSAGE][PASSED] - Call Test Case 'Test Cases/Library/Community/Create a discussion thread' successfully

2018-08-16 16:34:21 - [TEST_STEP][PASSED] - verifyResponseStatusCode: Verify response status code successfully

2018-08-16 16:34:21 - [MESSAGE][PASSED] - Verify response status code successfully

2018-08-16 16:34:21 - [TEST_STEP][PASSED] - Statement - getallDis = com.kms.katalon.core.webui.keyword.WebUiBuiltInKeywords.callTestCase(com.kms.katalon.core.testcase.TestCaseFactory.findTestCase(Library/Moderator/Get Discussions), ["CommunityID":CommunityID], STOP_ON_FAILURE): Call Test Case 'Test Cases/Library/Moderator/Get Discussions' successfully

2018-08-16 16:34:21 - [TEST_CASE][PASSED] - Test Cases/Library/Moderator/Get Discussions: Test Cases/Library/Moderator/Get Discussions

2018-08-16 16:34:21 - [TEST_STEP][PASSED] - Statement - request = com.kms.katalon.core.testobject.ObjectRepository.findTestObject(Object Repository/Community/Get Discussions, [host:internal.GlobalVariable.g_URL, CommunityID:CommunityID]): Finding Test Object with id 'Object Repository/Community/Get Discussions'

2018-08-16 16:34:21 - [TEST_STEP][PASSED] - Statement - request.setHttpHeaderProperties(CustomKeywords.requestHeaders.Headers.AddHeaders(g_ModeratorToken)): requestHeaders.Headers.AddHeaders is PASSED

2018-08-16 16:34:21 - [MESSAGE][PASSED] - requestHeaders.Headers.AddHeaders is PASSED

2018-08-16 16:34:21 - [TEST_STEP][PASSED] - Statement - response = com.kms.katalon.core.webservice.keyword.WSBuiltInKeywords.sendRequest(request): Send request successfully

2018-08-16 16:34:21 - [MESSAGE][PASSED] - Send request successfully

2018-08-16 16:34:21 - [TEST_STEP][PASSED] - Statement - return response: null

2018-08-16 16:34:21 - [MESSAGE][PASSED] - Call Test Case 'Test Cases/Library/Moderator/Get Discussions' successfully

2018-08-16 16:34:21 - [TEST_STEP][PASSED] - containsString: Check contain string successfully

2018-08-16 16:34:21 - [MESSAGE][PASSED] - Check contain string successfully

2018-08-16 16:34:21 - [TEST_STEP][PASSED] - Statement - res = com.kms.katalon.core.webui.keyword.WebUiBuiltInKeywords.callTestCase(com.kms.katalon.core.testcase.TestCaseFactory.findTestCase(Library/Community/Delete Community), ["communityID":CommunityID], STOP_ON_FAILURE): Call Test Case 'Test Cases/Library/Community/Delete Community' successfully

2018-08-16 16:34:21 - [TEST_CASE][PASSED] - Test Cases/Library/Community/Delete Community: Test Cases/Library/Community/Delete Community

2018-08-16 16:34:21 - [TEST_STEP][PASSED] - Statement - deleteCommunity = com.kms.katalon.core.testobject.ObjectRepository.findTestObject(Community/Delete Community, [host:internal.GlobalVariable.g_URL, communityID:communityID]): Finding Test Object with id 'Object Repository/Community/Delete Community'

2018-08-16 16:34:21 - [TEST_STEP][PASSED] - Statement - deleteCommunity.setHttpHeaderProperties(CustomKeywords.requestHeaders.Headers.AddHeaders()): requestHeaders.Headers.AddHeaders is PASSED

2018-08-16 16:34:21 - [MESSAGE][PASSED] - requestHeaders.Headers.AddHeaders is PASSED

2018-08-16 16:34:21 - [TEST_STEP][PASSED] - Statement - deleteCommunityRes = com.kms.katalon.core.webservice.keyword.WSBuiltInKeywords.sendRequest(deleteCommunity): Send request successfully

2018-08-16 16:34:21 - [MESSAGE][PASSED] - Send request successfully

2018-08-16 16:34:21 - [TEST_STEP][PASSED] - verifyResponseStatusCode: Verify response status code successfully

2018-08-16 16:34:21 - [MESSAGE][PASSED] - Verify response status code successfully

2018-08-16 16:34:21 - [TEST_STEP][PASSED] - delay: Delayed 10 second(s)

2018-08-16 16:34:31 - [MESSAGE][PASSED] - Delayed 10 second(s)

2018-08-16 16:34:31 - [TEST_STEP][PASSED] - Statement - reqObj = new com.kms.katalon.core.testobject.RequestObject(): null

2018-08-16 16:34:31 - [TEST_STEP][PASSED] - Statement - reqObj.setHttpHeaderProperties(CustomKeywords.requestHeaders.Headers.AddHeaders()): requestHeaders.Headers.AddHeaders is PASSED

2018-08-16 16:34:31 - [MESSAGE][PASSED] - requestHeaders.Headers.AddHeaders is PASSED

2018-08-16 16:34:31 - [TEST_STEP][PASSED] - Statement - reqObj.setRestRequestMethod("GET"): null

2018-08-16 16:34:31 - [TEST_STEP][PASSED] - Statement - reqObj.setRestUrl(g_URL + "/Services/api/sumtSocial/communities/" + communityID): null

2018-08-16 16:34:31 - [TEST_STEP][PASSED] - Statement - getResponse = com.kms.katalon.core.webservice.keyword.WSBuiltInKeywords.sendRequest(reqObj): Send request successfully

2018-08-16 16:34:31 - [MESSAGE][PASSED] - Send request successfully

2018-08-16 16:34:31 - [TEST_STEP][PASSED] - verifyResponseStatusCode: Verify response status code successfully

2018-08-16 16:34:31 - [MESSAGE][PASSED] - Verify response status code successfully

2018-08-16 16:34:31 - [TEST_STEP][PASSED] - Statement - boolVal = getResponse.getResponseText().equalsIgnoreCase("null"): null

2018-08-16 16:34:31 - [TEST_STEP][PASSED] - Statement - return boolVal: null

2018-08-16 16:34:31 - [MESSAGE][PASSED] - Call Test Case 'Test Cases/Library/Community/Delete Community' successfully]]></system-out>
         <system-err><![CDATA[]]></system-err>
      </testcase>
      <testcase name="Test Cases/TestCases/Social_SecurityAndRole_MOB-3489/TC-135444Verify Community moderator is able to delete discussion thread which is created by self" classname="Test Cases/TestCases/Social_SecurityAndRole_MOB-3489/TC-135444Verify Community moderator is able to delete discussion thread which is created by self" status="PASSED">
         <system-out><![CDATA[2018-08-16 16:34:31 - [TEST_CASE][PASSED] - Test Cases/TestCases/Social_SecurityAndRole_MOB-3489/TC-135444Verify Community moderator is able to delete discussion thread which is created by self: Test Cases/TestCases/Social_SecurityAndRole_MOB-3489/TC-135444Verify Community moderator is able to delete discussion thread which is created by self

2018-08-16 16:34:32 - [TEST_STEP][PASSED] - Statement - data = com.kms.katalon.core.testdata.TestDataFactory.findTestData(TestData): Reading CSV file with source file 'comma', separator 'containing header' and '{2}'

2018-08-16 16:34:32 - [TEST_STEP][PASSED] - Statement - userName = "'" + data.getValue("Moderator", 38) + "'": null

2018-08-16 16:34:32 - [TEST_STEP][PASSED] - Statement - userid = "": null

2018-08-16 16:34:32 - [TEST_STEP][PASSED] - Statement - response = com.kms.katalon.core.webui.keyword.WebUiBuiltInKeywords.callTestCase(com.kms.katalon.core.testcase.TestCaseFactory.findTestCase(Library/Community/Create Community), ["communityName":data.getValue("CommunityName", 38), "CommunityDesc":data.getValue("CommunityDesc", 38), "allowDiscussionBoards":true, ... ], STOP_ON_FAILURE): Call Test Case 'Test Cases/Library/Community/Create Community' successfully

2018-08-16 16:34:32 - [TEST_CASE][PASSED] - Test Cases/Library/Community/Create Community: Test Cases/Library/Community/Create Community

2018-08-16 16:34:32 - [TEST_STEP][PASSED] - Statement - request = com.kms.katalon.core.testobject.ObjectRepository.findTestObject(Community/POST Create Community, [host:internal.GlobalVariable.g_URL]): Finding Test Object with id 'Object Repository/Community/POST Create Community'

2018-08-16 16:34:32 - [TEST_STEP][PASSED] - Statement - request.setHttpHeaderProperties(CustomKeywords.requestHeaders.Headers.AddHeaders()): requestHeaders.Headers.AddHeaders is PASSED

2018-08-16 16:34:32 - [MESSAGE][PASSED] - requestHeaders.Headers.AddHeaders is PASSED

2018-08-16 16:34:32 - [TEST_STEP][PASSED] - Statement - reponse = <not implemented yet for class: org.codehaus.groovy.ast.expr.EmptyExpression>: null

2018-08-16 16:34:32 - [TEST_STEP][PASSED] - Statement - vsRequestBody = "": null

2018-08-16 16:34:32 - [TEST_STEP][PASSED] - Statement - vsRequestBody = request.getHttpBody(): null

2018-08-16 16:34:32 - [TEST_STEP][PASSED] - Statement - vsRequestBody = vsRequestBody.replace("${CommunityName}", """ + communityName + """): null

2018-08-16 16:34:32 - [TEST_STEP][PASSED] - Statement - vsRequestBody = vsRequestBody.replace("${CommunityDesc}", """ + CommunityDesc + """): null

2018-08-16 16:34:32 - [TEST_STEP][PASSED] - Statement - vsRequestBody = vsRequestBody.replace("${allowDiscussionBoards}", """ + allowDiscussionBoards + """): null

2018-08-16 16:34:32 - [TEST_STEP][PASSED] - Statement - vsRequestBody = vsRequestBody.replace("${allowBlogPosts}", """ + allowBlogPosts + """): null

2018-08-16 16:34:32 - [TEST_STEP][PASSED] - Statement - vsRequestBody = vsRequestBody.replace("${allowFileUploads}", """ + allowFileUploads + """): null

2018-08-16 16:34:32 - [TEST_STEP][PASSED] - Statement - vsRequestBody = vsRequestBody.replace("${isPrivate}", """ + isPrivate + """): null

2018-08-16 16:34:32 - [TEST_STEP][PASSED] - Statement - vsRequestBody = vsRequestBody.replace("${userName}", """ + userName + """): null

2018-08-16 16:34:32 - [TEST_STEP][PASSED] - Statement - vsRequestBody = vsRequestBody.replace("${userId}", """ + userId + """): null

2018-08-16 16:34:32 - [TEST_STEP][PASSED] - Statement - vsRequestBody = vsRequestBody.replace("${role}", """ + role + """): null

2018-08-16 16:34:32 - [TEST_STEP][PASSED] - Statement - vsRequestBody = vsRequestBody.replace("${userStatus}", """ + userStatus + """): null

2018-08-16 16:34:32 - [TEST_STEP][PASSED] - Statement - vsRequestBody = vsRequestBody.replace("${communityCode}", """ + communityCode + """): null

2018-08-16 16:34:32 - [TEST_STEP][PASSED] - Statement - vsRequestBody = vsRequestBody.replace("${hidden}", """ + isHidden + """): null

2018-08-16 16:34:32 - [TEST_STEP][PASSED] - Statement - request.setHttpBody(vsRequestBody): null

2018-08-16 16:34:32 - [TEST_STEP][PASSED] - Statement - response = com.kms.katalon.core.webservice.keyword.WSBuiltInKeywords.sendRequest(request): Send request successfully

2018-08-16 16:34:32 - [MESSAGE][PASSED] - Send request successfully

2018-08-16 16:34:32 - [TEST_STEP][PASSED] - verifyResponseStatusCode: Verify response status code successfully

2018-08-16 16:34:32 - [MESSAGE][PASSED] - Verify response status code successfully

2018-08-16 16:34:32 - [TEST_STEP][PASSED] - containsString: Check contain string successfully

2018-08-16 16:34:32 - [MESSAGE][PASSED] - Check contain string successfully

2018-08-16 16:34:32 - [TEST_STEP][PASSED] - Statement - return response: null

2018-08-16 16:34:32 - [MESSAGE][PASSED] - Call Test Case 'Test Cases/Library/Community/Create Community' successfully

2018-08-16 16:34:32 - [TEST_STEP][PASSED] - Statement - CommunityID = id: getAttributeValue.GetAttributeValue.GetAttribute is PASSED

2018-08-16 16:34:32 - [MESSAGE][PASSED] - getAttributeValue.GetAttributeValue.GetAttribute is PASSED

2018-08-16 16:34:32 - [TEST_STEP][PASSED] - dbConnectionPackage.DBConnectionKeyword.CloseConnections: dbConnectionPackage.DBConnectionKeyword.CloseConnections is PASSED

2018-08-16 16:34:37 - [MESSAGE][PASSED] - Delayed 5 second(s)

2018-08-16 16:34:37 - [MESSAGE][PASSED] - dbConnectionPackage.DBConnectionKeyword.CloseConnections is PASSED

2018-08-16 16:34:37 - [TEST_STEP][PASSED] - Statement - response1 = com.kms.katalon.core.webui.keyword.WebUiBuiltInKeywords.callTestCase(com.kms.katalon.core.testcase.TestCaseFactory.findTestCase(Library/Community/Add a member to community), ["rating":"2", "userID":g_NameTemp, "userName":data.getValue("Moderator", 38), "communityID":CommunityID], STOP_ON_FAILURE): Call Test Case 'Test Cases/Library/Community/Add a member to community' successfully

2018-08-16 16:34:37 - [TEST_CASE][PASSED] - Test Cases/Library/Community/Add a member to community: Test Cases/Library/Community/Add a member to community

2018-08-16 16:34:37 - [TEST_STEP][PASSED] - Statement - request = com.kms.katalon.core.testobject.ObjectRepository.findTestObject(Object Repository/Community/Add a member to community, [host:internal.GlobalVariable.g_URL, CommunityID:communityID]): Finding Test Object with id 'Object Repository/Community/Add a member to community'

2018-08-16 16:34:37 - [TEST_STEP][PASSED] - Statement - request.setHttpHeaderProperties(CustomKeywords.requestHeaders.Headers.AddHeaders()): requestHeaders.Headers.AddHeaders is PASSED

2018-08-16 16:34:37 - [MESSAGE][PASSED] - requestHeaders.Headers.AddHeaders is PASSED

2018-08-16 16:34:37 - [TEST_STEP][PASSED] - Statement - reponse = <not implemented yet for class: org.codehaus.groovy.ast.expr.EmptyExpression>: null

2018-08-16 16:34:37 - [TEST_STEP][PASSED] - Statement - vsRequestBody = "": null

2018-08-16 16:34:37 - [TEST_STEP][PASSED] - Statement - vsRequestBody = request.getHttpBody(): null

2018-08-16 16:34:37 - [TEST_STEP][PASSED] - Statement - vsRequestBody = vsRequestBody.replace("${rating}", """ + rating + """): null

2018-08-16 16:34:37 - [TEST_STEP][PASSED] - Statement - vsRequestBody = vsRequestBody.replace("${userID}", """ + userID + """): null

2018-08-16 16:34:37 - [TEST_STEP][PASSED] - Statement - vsRequestBody = vsRequestBody.replace("${userName}", """ + userName + """): null

2018-08-16 16:34:37 - [TEST_STEP][PASSED] - Statement - request.setHttpBody(vsRequestBody): null

2018-08-16 16:34:37 - [TEST_STEP][PASSED] - Statement - response = com.kms.katalon.core.webservice.keyword.WSBuiltInKeywords.sendRequest(request): Send request successfully

2018-08-16 16:34:37 - [MESSAGE][PASSED] - Send request successfully

2018-08-16 16:34:37 - [TEST_STEP][PASSED] - verifyResponseStatusCode: Verify response status code successfully

2018-08-16 16:34:37 - [MESSAGE][PASSED] - Verify response status code successfully

2018-08-16 16:34:37 - [TEST_STEP][PASSED] - Statement - return response: null

2018-08-16 16:34:37 - [MESSAGE][PASSED] - Call Test Case 'Test Cases/Library/Community/Add a member to community' successfully

2018-08-16 16:34:37 - [TEST_STEP][PASSED] - verifyResponseStatusCode: Verify response status code successfully

2018-08-16 16:34:37 - [MESSAGE][PASSED] - Verify response status code successfully

2018-08-16 16:34:37 - [TEST_STEP][PASSED] - Statement - createDis = com.kms.katalon.core.webui.keyword.WebUiBuiltInKeywords.callTestCase(com.kms.katalon.core.testcase.TestCaseFactory.findTestCase(Library/Community/Create discussion under community), ["CommunityID":CommunityID, "DiscussionName":data.getValue("DiscussionName", 38), "DiscussionDesc":data.getValue("DiscussionDesc", 38)], STOP_ON_FAILURE): Call Test Case 'Test Cases/Library/Community/Create discussion under community' successfully

2018-08-16 16:34:37 - [TEST_CASE][PASSED] - Test Cases/Library/Community/Create discussion under community: Test Cases/Library/Community/Create discussion under community

2018-08-16 16:34:37 - [TEST_STEP][PASSED] - Statement - request = com.kms.katalon.core.testobject.ObjectRepository.findTestObject(Object Repository/Community/Create discussion under community, [host:internal.GlobalVariable.g_URL]): Finding Test Object with id 'Object Repository/Community/Create discussion under community'

2018-08-16 16:34:37 - [TEST_STEP][PASSED] - Statement - request.setHttpHeaderProperties(CustomKeywords.requestHeaders.Headers.AddHeaders()): requestHeaders.Headers.AddHeaders is PASSED

2018-08-16 16:34:37 - [MESSAGE][PASSED] - requestHeaders.Headers.AddHeaders is PASSED

2018-08-16 16:34:37 - [TEST_STEP][PASSED] - Statement - response = <not implemented yet for class: org.codehaus.groovy.ast.expr.EmptyExpression>: null

2018-08-16 16:34:37 - [TEST_STEP][PASSED] - Statement - vsRequestBody = "": null

2018-08-16 16:34:37 - [TEST_STEP][PASSED] - Statement - vsRequestBody = request.getHttpBody(): null

2018-08-16 16:34:37 - [TEST_STEP][PASSED] - Statement - vsRequestBody = vsRequestBody.replace("${CommunityID}", """ + CommunityID + """): null

2018-08-16 16:34:37 - [TEST_STEP][PASSED] - Statement - vsRequestBody = vsRequestBody.replace("${DiscussionName}", DiscussionName): null

2018-08-16 16:34:37 - [TEST_STEP][PASSED] - Statement - vsRequestBody = vsRequestBody.replace("${DiscussionDesc}", """ + DiscussionDesc + """): null

2018-08-16 16:34:37 - [TEST_STEP][PASSED] - Statement - request.setHttpBody(vsRequestBody): null

2018-08-16 16:34:37 - [TEST_STEP][PASSED] - Statement - response = com.kms.katalon.core.webservice.keyword.WSBuiltInKeywords.sendRequest(request): Send request successfully

2018-08-16 16:34:37 - [MESSAGE][PASSED] - Send request successfully

2018-08-16 16:34:37 - [TEST_STEP][PASSED] - verifyResponseStatusCode: Verify response status code successfully

2018-08-16 16:34:37 - [MESSAGE][PASSED] - Verify response status code successfully

2018-08-16 16:34:37 - [TEST_STEP][PASSED] - Statement - return response: null

2018-08-16 16:34:37 - [MESSAGE][PASSED] - Call Test Case 'Test Cases/Library/Community/Create discussion under community' successfully

2018-08-16 16:34:37 - [TEST_STEP][PASSED] - verifyResponseStatusCode: Verify response status code successfully

2018-08-16 16:34:37 - [MESSAGE][PASSED] - Verify response status code successfully

2018-08-16 16:34:37 - [TEST_STEP][PASSED] - Statement - res1 = com.kms.katalon.core.webui.keyword.WebUiBuiltInKeywords.callTestCase(com.kms.katalon.core.testcase.TestCaseFactory.findTestCase(Library/Community/Get Discussions), ["CommunityID":CommunityID], STOP_ON_FAILURE): Call Test Case 'Test Cases/Library/Community/Get Discussions' successfully

2018-08-16 16:34:37 - [TEST_CASE][PASSED] - Test Cases/Library/Community/Get Discussions: Test Cases/Library/Community/Get Discussions

2018-08-16 16:34:37 - [TEST_STEP][PASSED] - Statement - request = com.kms.katalon.core.testobject.ObjectRepository.findTestObject(Object Repository/Community/Get Discussions, [host:internal.GlobalVariable.g_URL, CommunityID:CommunityID]): Finding Test Object with id 'Object Repository/Community/Get Discussions'

2018-08-16 16:34:37 - [TEST_STEP][PASSED] - Statement - request.setHttpHeaderProperties(CustomKeywords.requestHeaders.Headers.AddHeaders()): requestHeaders.Headers.AddHeaders is PASSED

2018-08-16 16:34:37 - [MESSAGE][PASSED] - requestHeaders.Headers.AddHeaders is PASSED

2018-08-16 16:34:37 - [TEST_STEP][PASSED] - Statement - response = com.kms.katalon.core.webservice.keyword.WSBuiltInKeywords.sendRequest(request): Send request successfully

2018-08-16 16:34:37 - [MESSAGE][PASSED] - Send request successfully

2018-08-16 16:34:37 - [TEST_STEP][PASSED] - Statement - return response: null

2018-08-16 16:34:37 - [MESSAGE][PASSED] - Call Test Case 'Test Cases/Library/Community/Get Discussions' successfully

2018-08-16 16:34:37 - [TEST_STEP][PASSED] - Statement - DiscussionId = discussions: getAttributeValue.GetAttributeValue.GetAttribute is PASSED

2018-08-16 16:34:37 - [MESSAGE][PASSED] - getAttributeValue.GetAttributeValue.GetAttribute is PASSED

2018-08-16 16:34:37 - [TEST_STEP][PASSED] - Statement - ResponseText = res1.getResponseText(): null

2018-08-16 16:34:37 - [TEST_STEP][PASSED] - Statement - id = ""id"": null

2018-08-16 16:34:37 - [TEST_STEP][PASSED] - Statement - firstIndex = ResponseText.indexOf(id) + id.length(): null

2018-08-16 16:34:37 - [TEST_STEP][PASSED] - Statement - name = ResponseText.substring(firstIndex): null

2018-08-16 16:34:37 - [TEST_STEP][PASSED] - Statement - lastIndex = name.indexOf(","): null

2018-08-16 16:34:37 - [TEST_STEP][PASSED] - Statement - finalString = name.substring(0, lastIndex).replace(""", "").replaceAll("[:]", "").trim(): null

2018-08-16 16:34:37 - [TEST_STEP][PASSED] - Statement - disThread = com.kms.katalon.core.webui.keyword.WebUiBuiltInKeywords.callTestCase(com.kms.katalon.core.testcase.TestCaseFactory.findTestCase(Library/Community/Create a discussion thread), ["DiscussionID":finalString, "Comment":data.getValue("Comment", 38)], STOP_ON_FAILURE): Call Test Case 'Test Cases/Library/Community/Create a discussion thread' successfully

2018-08-16 16:34:37 - [TEST_CASE][PASSED] - Test Cases/Library/Community/Create a discussion thread: Test Cases/Library/Community/Create a discussion thread

2018-08-16 16:34:37 - [TEST_STEP][PASSED] - Statement - request = com.kms.katalon.core.testobject.ObjectRepository.findTestObject(Object Repository/Community/Create a discussion thread, [host:internal.GlobalVariable.g_URL]): Finding Test Object with id 'Object Repository/Community/Create a discussion thread'

2018-08-16 16:34:37 - [TEST_STEP][PASSED] - Statement - request.setHttpHeaderProperties(CustomKeywords.requestHeaders.Headers.AddHeaders()): requestHeaders.Headers.AddHeaders is PASSED

2018-08-16 16:34:37 - [MESSAGE][PASSED] - requestHeaders.Headers.AddHeaders is PASSED

2018-08-16 16:34:37 - [TEST_STEP][PASSED] - Statement - response = <not implemented yet for class: org.codehaus.groovy.ast.expr.EmptyExpression>: null

2018-08-16 16:34:37 - [TEST_STEP][PASSED] - Statement - vsRequestBody = "": null

2018-08-16 16:34:37 - [TEST_STEP][PASSED] - Statement - vsRequestBody = request.getHttpBody(): null

2018-08-16 16:34:37 - [TEST_STEP][PASSED] - Statement - vsRequestBody = vsRequestBody.replace("${DiscussionID}", """ + DiscussionID + """): null

2018-08-16 16:34:37 - [TEST_STEP][PASSED] - Statement - vsRequestBody = vsRequestBody.replace("${Comment}", Comment): null

2018-08-16 16:34:37 - [TEST_STEP][PASSED] - Statement - request.setHttpBody(vsRequestBody): null

2018-08-16 16:34:37 - [TEST_STEP][PASSED] - Statement - response = com.kms.katalon.core.webservice.keyword.WSBuiltInKeywords.sendRequest(request): Send request successfully

2018-08-16 16:34:37 - [MESSAGE][PASSED] - Send request successfully

2018-08-16 16:34:37 - [TEST_STEP][PASSED] - verifyResponseStatusCode: Verify response status code successfully

2018-08-16 16:34:37 - [MESSAGE][PASSED] - Verify response status code successfully

2018-08-16 16:34:37 - [TEST_STEP][PASSED] - Statement - return response: null

2018-08-16 16:34:37 - [MESSAGE][PASSED] - Call Test Case 'Test Cases/Library/Community/Create a discussion thread' successfully

2018-08-16 16:34:37 - [TEST_STEP][PASSED] - verifyResponseStatusCode: Verify response status code successfully

2018-08-16 16:34:37 - [MESSAGE][PASSED] - Verify response status code successfully

2018-08-16 16:34:37 - [TEST_STEP][PASSED] - Statement - deleteDiss = com.kms.katalon.core.webui.keyword.WebUiBuiltInKeywords.callTestCase(com.kms.katalon.core.testcase.TestCaseFactory.findTestCase(Library/Moderator/Delete Discussion Thread), ["DiscussionID":finalString], STOP_ON_FAILURE): Call Test Case 'Test Cases/Library/Moderator/Delete Discussion Thread' successfully

2018-08-16 16:34:37 - [TEST_CASE][PASSED] - Test Cases/Library/Moderator/Delete Discussion Thread: Test Cases/Library/Moderator/Delete Discussion Thread

2018-08-16 16:34:38 - [TEST_STEP][PASSED] - Statement - request = com.kms.katalon.core.testobject.ObjectRepository.findTestObject(Object Repository/Community/Delete Discussion Thread, [host:internal.GlobalVariable.g_URL, DiscussionID:DiscussionID]): Finding Test Object with id 'Object Repository/Community/Delete Discussion Thread'

2018-08-16 16:34:38 - [TEST_STEP][PASSED] - Statement - request.setHttpHeaderProperties(CustomKeywords.requestHeaders.Headers.AddHeaders(g_ModeratorToken)): requestHeaders.Headers.AddHeaders is PASSED

2018-08-16 16:34:38 - [MESSAGE][PASSED] - requestHeaders.Headers.AddHeaders is PASSED

2018-08-16 16:34:38 - [TEST_STEP][PASSED] - Statement - response = com.kms.katalon.core.webservice.keyword.WSBuiltInKeywords.sendRequest(request): Send request successfully

2018-08-16 16:34:38 - [MESSAGE][PASSED] - Send request successfully

2018-08-16 16:34:38 - [TEST_STEP][PASSED] - verifyResponseStatusCode: Verify response status code successfully

2018-08-16 16:34:38 - [MESSAGE][PASSED] - Verify response status code successfully

2018-08-16 16:34:38 - [TEST_STEP][PASSED] - Statement - return response: null

2018-08-16 16:34:38 - [MESSAGE][PASSED] - Call Test Case 'Test Cases/Library/Moderator/Delete Discussion Thread' successfully

2018-08-16 16:34:38 - [TEST_STEP][PASSED] - verifyResponseStatusCode: Verify response status code successfully

2018-08-16 16:34:38 - [MESSAGE][PASSED] - Verify response status code successfully

2018-08-16 16:34:38 - [TEST_STEP][PASSED] - Statement - res = com.kms.katalon.core.webui.keyword.WebUiBuiltInKeywords.callTestCase(com.kms.katalon.core.testcase.TestCaseFactory.findTestCase(Library/Community/Delete Community), ["communityID":CommunityID], STOP_ON_FAILURE): Call Test Case 'Test Cases/Library/Community/Delete Community' successfully

2018-08-16 16:34:38 - [TEST_CASE][PASSED] - Test Cases/Library/Community/Delete Community: Test Cases/Library/Community/Delete Community

2018-08-16 16:34:38 - [TEST_STEP][PASSED] - Statement - deleteCommunity = com.kms.katalon.core.testobject.ObjectRepository.findTestObject(Community/Delete Community, [host:internal.GlobalVariable.g_URL, communityID:communityID]): Finding Test Object with id 'Object Repository/Community/Delete Community'

2018-08-16 16:34:38 - [TEST_STEP][PASSED] - Statement - deleteCommunity.setHttpHeaderProperties(CustomKeywords.requestHeaders.Headers.AddHeaders()): requestHeaders.Headers.AddHeaders is PASSED

2018-08-16 16:34:38 - [MESSAGE][PASSED] - requestHeaders.Headers.AddHeaders is PASSED

2018-08-16 16:34:38 - [TEST_STEP][PASSED] - Statement - deleteCommunityRes = com.kms.katalon.core.webservice.keyword.WSBuiltInKeywords.sendRequest(deleteCommunity): Send request successfully

2018-08-16 16:34:38 - [MESSAGE][PASSED] - Send request successfully

2018-08-16 16:34:38 - [TEST_STEP][PASSED] - verifyResponseStatusCode: Verify response status code successfully

2018-08-16 16:34:38 - [MESSAGE][PASSED] - Verify response status code successfully

2018-08-16 16:34:38 - [TEST_STEP][PASSED] - delay: Delayed 10 second(s)

2018-08-16 16:34:48 - [MESSAGE][PASSED] - Delayed 10 second(s)

2018-08-16 16:34:48 - [TEST_STEP][PASSED] - Statement - reqObj = new com.kms.katalon.core.testobject.RequestObject(): null

2018-08-16 16:34:48 - [TEST_STEP][PASSED] - Statement - reqObj.setHttpHeaderProperties(CustomKeywords.requestHeaders.Headers.AddHeaders()): requestHeaders.Headers.AddHeaders is PASSED

2018-08-16 16:34:48 - [MESSAGE][PASSED] - requestHeaders.Headers.AddHeaders is PASSED

2018-08-16 16:34:48 - [TEST_STEP][PASSED] - Statement - reqObj.setRestRequestMethod("GET"): null

2018-08-16 16:34:48 - [TEST_STEP][PASSED] - Statement - reqObj.setRestUrl(g_URL + "/Services/api/sumtSocial/communities/" + communityID): null

2018-08-16 16:34:48 - [TEST_STEP][PASSED] - Statement - getResponse = com.kms.katalon.core.webservice.keyword.WSBuiltInKeywords.sendRequest(reqObj): Send request successfully

2018-08-16 16:34:48 - [MESSAGE][PASSED] - Send request successfully

2018-08-16 16:34:48 - [TEST_STEP][PASSED] - verifyResponseStatusCode: Verify response status code successfully

2018-08-16 16:34:48 - [MESSAGE][PASSED] - Verify response status code successfully

2018-08-16 16:34:48 - [TEST_STEP][PASSED] - Statement - boolVal = getResponse.getResponseText().equalsIgnoreCase("null"): null

2018-08-16 16:34:48 - [TEST_STEP][PASSED] - Statement - return boolVal: null

2018-08-16 16:34:48 - [MESSAGE][PASSED] - Call Test Case 'Test Cases/Library/Community/Delete Community' successfully]]></system-out>
         <system-err><![CDATA[]]></system-err>
      </testcase>
      <testcase name="Test Cases/TestCases/Social_SecurityAndRole_MOB-3489/TC-135463Verify Community Moderator is able to provide rating to the community" classname="Test Cases/TestCases/Social_SecurityAndRole_MOB-3489/TC-135463Verify Community Moderator is able to provide rating to the community" status="PASSED">
         <system-out><![CDATA[2018-08-16 16:34:48 - [TEST_CASE][PASSED] - Test Cases/TestCases/Social_SecurityAndRole_MOB-3489/TC-135463Verify Community Moderator is able to provide rating to the community: Test Cases/TestCases/Social_SecurityAndRole_MOB-3489/TC-135463Verify Community Moderator is able to provide rating to the community

2018-08-16 16:34:48 - [TEST_STEP][PASSED] - Statement - data = com.kms.katalon.core.testdata.TestDataFactory.findTestData(TestData): Reading CSV file with source file 'comma', separator 'containing header' and '{2}'

2018-08-16 16:34:48 - [TEST_STEP][PASSED] - Statement - response = com.kms.katalon.core.webui.keyword.WebUiBuiltInKeywords.callTestCase(com.kms.katalon.core.testcase.TestCaseFactory.findTestCase(Library/Community/Create Community), ["communityName":data.getValue("CommunityName", 45), "CommunityDesc":data.getValue("CommunityDesc", 45), "allowDiscussionBoards":true, ... ], STOP_ON_FAILURE): Call Test Case 'Test Cases/Library/Community/Create Community' successfully

2018-08-16 16:34:48 - [TEST_CASE][PASSED] - Test Cases/Library/Community/Create Community: Test Cases/Library/Community/Create Community

2018-08-16 16:34:48 - [TEST_STEP][PASSED] - Statement - request = com.kms.katalon.core.testobject.ObjectRepository.findTestObject(Community/POST Create Community, [host:internal.GlobalVariable.g_URL]): Finding Test Object with id 'Object Repository/Community/POST Create Community'

2018-08-16 16:34:48 - [TEST_STEP][PASSED] - Statement - request.setHttpHeaderProperties(CustomKeywords.requestHeaders.Headers.AddHeaders()): requestHeaders.Headers.AddHeaders is PASSED

2018-08-16 16:34:48 - [MESSAGE][PASSED] - requestHeaders.Headers.AddHeaders is PASSED

2018-08-16 16:34:48 - [TEST_STEP][PASSED] - Statement - reponse = <not implemented yet for class: org.codehaus.groovy.ast.expr.EmptyExpression>: null

2018-08-16 16:34:48 - [TEST_STEP][PASSED] - Statement - vsRequestBody = "": null

2018-08-16 16:34:48 - [TEST_STEP][PASSED] - Statement - vsRequestBody = request.getHttpBody(): null

2018-08-16 16:34:48 - [TEST_STEP][PASSED] - Statement - vsRequestBody = vsRequestBody.replace("${CommunityName}", """ + communityName + """): null

2018-08-16 16:34:48 - [TEST_STEP][PASSED] - Statement - vsRequestBody = vsRequestBody.replace("${CommunityDesc}", """ + CommunityDesc + """): null

2018-08-16 16:34:48 - [TEST_STEP][PASSED] - Statement - vsRequestBody = vsRequestBody.replace("${allowDiscussionBoards}", """ + allowDiscussionBoards + """): null

2018-08-16 16:34:48 - [TEST_STEP][PASSED] - Statement - vsRequestBody = vsRequestBody.replace("${allowBlogPosts}", """ + allowBlogPosts + """): null

2018-08-16 16:34:48 - [TEST_STEP][PASSED] - Statement - vsRequestBody = vsRequestBody.replace("${allowFileUploads}", """ + allowFileUploads + """): null

2018-08-16 16:34:48 - [TEST_STEP][PASSED] - Statement - vsRequestBody = vsRequestBody.replace("${isPrivate}", """ + isPrivate + """): null

2018-08-16 16:34:48 - [TEST_STEP][PASSED] - Statement - vsRequestBody = vsRequestBody.replace("${userName}", """ + userName + """): null

2018-08-16 16:34:48 - [TEST_STEP][PASSED] - Statement - vsRequestBody = vsRequestBody.replace("${userId}", """ + userId + """): null

2018-08-16 16:34:48 - [TEST_STEP][PASSED] - Statement - vsRequestBody = vsRequestBody.replace("${role}", """ + role + """): null

2018-08-16 16:34:48 - [TEST_STEP][PASSED] - Statement - vsRequestBody = vsRequestBody.replace("${userStatus}", """ + userStatus + """): null

2018-08-16 16:34:48 - [TEST_STEP][PASSED] - Statement - vsRequestBody = vsRequestBody.replace("${communityCode}", """ + communityCode + """): null

2018-08-16 16:34:48 - [TEST_STEP][PASSED] - Statement - vsRequestBody = vsRequestBody.replace("${hidden}", """ + isHidden + """): null

2018-08-16 16:34:48 - [TEST_STEP][PASSED] - Statement - request.setHttpBody(vsRequestBody): null

2018-08-16 16:34:48 - [TEST_STEP][PASSED] - Statement - response = com.kms.katalon.core.webservice.keyword.WSBuiltInKeywords.sendRequest(request): Send request successfully

2018-08-16 16:34:48 - [MESSAGE][PASSED] - Send request successfully

2018-08-16 16:34:48 - [TEST_STEP][PASSED] - verifyResponseStatusCode: Verify response status code successfully

2018-08-16 16:34:48 - [MESSAGE][PASSED] - Verify response status code successfully

2018-08-16 16:34:48 - [TEST_STEP][PASSED] - containsString: Check contain string successfully

2018-08-16 16:34:48 - [MESSAGE][PASSED] - Check contain string successfully

2018-08-16 16:34:48 - [TEST_STEP][PASSED] - Statement - return response: null

2018-08-16 16:34:48 - [MESSAGE][PASSED] - Call Test Case 'Test Cases/Library/Community/Create Community' successfully

2018-08-16 16:34:48 - [TEST_STEP][PASSED] - Statement - CommunityID = id: getAttributeValue.GetAttributeValue.GetAttribute is PASSED

2018-08-16 16:34:48 - [MESSAGE][PASSED] - getAttributeValue.GetAttributeValue.GetAttribute is PASSED

2018-08-16 16:34:48 - [TEST_STEP][PASSED] - callTestCase: Call Test Case 'Test Cases/Library/Community/Add a member to community' successfully

2018-08-16 16:34:48 - [TEST_CASE][PASSED] - Test Cases/Library/Community/Add a member to community: Test Cases/Library/Community/Add a member to community

2018-08-16 16:34:48 - [TEST_STEP][PASSED] - Statement - request = com.kms.katalon.core.testobject.ObjectRepository.findTestObject(Object Repository/Community/Add a member to community, [host:internal.GlobalVariable.g_URL, CommunityID:communityID]): Finding Test Object with id 'Object Repository/Community/Add a member to community'

2018-08-16 16:34:48 - [TEST_STEP][PASSED] - Statement - request.setHttpHeaderProperties(CustomKeywords.requestHeaders.Headers.AddHeaders()): requestHeaders.Headers.AddHeaders is PASSED

2018-08-16 16:34:48 - [MESSAGE][PASSED] - requestHeaders.Headers.AddHeaders is PASSED

2018-08-16 16:34:48 - [TEST_STEP][PASSED] - Statement - reponse = <not implemented yet for class: org.codehaus.groovy.ast.expr.EmptyExpression>: null

2018-08-16 16:34:48 - [TEST_STEP][PASSED] - Statement - vsRequestBody = "": null

2018-08-16 16:34:48 - [TEST_STEP][PASSED] - Statement - vsRequestBody = request.getHttpBody(): null

2018-08-16 16:34:48 - [TEST_STEP][PASSED] - Statement - vsRequestBody = vsRequestBody.replace("${rating}", """ + rating + """): null

2018-08-16 16:34:48 - [TEST_STEP][PASSED] - Statement - vsRequestBody = vsRequestBody.replace("${userID}", """ + userID + """): null

2018-08-16 16:34:48 - [TEST_STEP][PASSED] - Statement - vsRequestBody = vsRequestBody.replace("${userName}", """ + userName + """): null

2018-08-16 16:34:48 - [TEST_STEP][PASSED] - Statement - request.setHttpBody(vsRequestBody): null

2018-08-16 16:34:48 - [TEST_STEP][PASSED] - Statement - response = com.kms.katalon.core.webservice.keyword.WSBuiltInKeywords.sendRequest(request): Send request successfully

2018-08-16 16:34:48 - [MESSAGE][PASSED] - Send request successfully

2018-08-16 16:34:48 - [TEST_STEP][PASSED] - verifyResponseStatusCode: Verify response status code successfully

2018-08-16 16:34:48 - [MESSAGE][PASSED] - Verify response status code successfully

2018-08-16 16:34:48 - [TEST_STEP][PASSED] - Statement - return response: null

2018-08-16 16:34:48 - [MESSAGE][PASSED] - Call Test Case 'Test Cases/Library/Community/Add a member to community' successfully

2018-08-16 16:34:48 - [TEST_STEP][PASSED] - Statement - response1 = com.kms.katalon.core.webui.keyword.WebUiBuiltInKeywords.callTestCase(com.kms.katalon.core.testcase.TestCaseFactory.findTestCase(Library/Moderator/Create or Update Rating), ["rating":"5", "userID":g_NameTemp, "communityID":CommunityID], STOP_ON_FAILURE): Call Test Case 'Test Cases/Library/Moderator/Create or Update Rating' successfully

2018-08-16 16:34:48 - [TEST_CASE][PASSED] - Test Cases/Library/Moderator/Create or Update Rating: Test Cases/Library/Moderator/Create or Update Rating

2018-08-16 16:34:48 - [TEST_STEP][PASSED] - Statement - request = com.kms.katalon.core.testobject.ObjectRepository.findTestObject(Object Repository/Community/Create or Update Rating, [host:internal.GlobalVariable.g_URL, communityID:communityID]): Finding Test Object with id 'Object Repository/Community/Create or Update Rating'

2018-08-16 16:34:48 - [TEST_STEP][PASSED] - Statement - request.setHttpHeaderProperties(CustomKeywords.requestHeaders.Headers.AddHeaders(g_ModeratorToken)): requestHeaders.Headers.AddHeaders is PASSED

2018-08-16 16:34:48 - [MESSAGE][PASSED] - requestHeaders.Headers.AddHeaders is PASSED

2018-08-16 16:34:48 - [TEST_STEP][PASSED] - Statement - reponse = <not implemented yet for class: org.codehaus.groovy.ast.expr.EmptyExpression>: null

2018-08-16 16:34:48 - [TEST_STEP][PASSED] - Statement - vsRequestBody = "": null

2018-08-16 16:34:48 - [TEST_STEP][PASSED] - Statement - vsRequestBody = request.getHttpBody(): null

2018-08-16 16:34:48 - [TEST_STEP][PASSED] - Statement - vsRequestBody = vsRequestBody.replace("${userID}", """ + userID + """): null

2018-08-16 16:34:48 - [TEST_STEP][PASSED] - Statement - vsRequestBody = vsRequestBody.replace("${CommunityID}", """ + communityID + """): null

2018-08-16 16:34:48 - [TEST_STEP][PASSED] - Statement - vsRequestBody = vsRequestBody.replace("${Rating}", """ + rating + """): null

2018-08-16 16:34:48 - [TEST_STEP][PASSED] - Statement - request.setHttpBody(vsRequestBody): null

2018-08-16 16:34:48 - [TEST_STEP][PASSED] - Statement - response = com.kms.katalon.core.webservice.keyword.WSBuiltInKeywords.sendRequest(request): Send request successfully

2018-08-16 16:34:48 - [MESSAGE][PASSED] - Send request successfully

2018-08-16 16:34:48 - [TEST_STEP][PASSED] - verifyResponseStatusCode: Verify response status code successfully

2018-08-16 16:34:48 - [MESSAGE][PASSED] - Verify response status code successfully

2018-08-16 16:34:48 - [TEST_STEP][PASSED] - Statement - return response: null

2018-08-16 16:34:48 - [MESSAGE][PASSED] - Call Test Case 'Test Cases/Library/Moderator/Create or Update Rating' successfully

2018-08-16 16:34:48 - [TEST_STEP][PASSED] - verifyResponseStatusCode: Verify response status code successfully

2018-08-16 16:34:48 - [MESSAGE][PASSED] - Verify response status code successfully

2018-08-16 16:34:48 - [TEST_STEP][PASSED] - Statement - com = com.kms.katalon.core.webui.keyword.WebUiBuiltInKeywords.callTestCase(com.kms.katalon.core.testcase.TestCaseFactory.findTestCase(Library/Moderator/Get Community details by ID), ["communityID":CommunityID], STOP_ON_FAILURE): Call Test Case 'Test Cases/Library/Moderator/Get Community details by ID' successfully

2018-08-16 16:34:49 - [TEST_CASE][PASSED] - Test Cases/Library/Moderator/Get Community details by ID: Test Cases/Library/Moderator/Get Community details by ID

2018-08-16 16:34:49 - [TEST_STEP][PASSED] - Statement - getCommunity = com.kms.katalon.core.testobject.ObjectRepository.findTestObject(Community/Get Community, [host:internal.GlobalVariable.g_URL, communityID:communityID]): Finding Test Object with id 'Object Repository/Community/Get Community'

2018-08-16 16:34:49 - [TEST_STEP][PASSED] - Statement - getCommunity.setHttpHeaderProperties(CustomKeywords.requestHeaders.Headers.AddHeaders(g_ModeratorToken)): requestHeaders.Headers.AddHeaders is PASSED

2018-08-16 16:34:49 - [MESSAGE][PASSED] - requestHeaders.Headers.AddHeaders is PASSED

2018-08-16 16:34:49 - [TEST_STEP][PASSED] - Statement - getResponse = com.kms.katalon.core.webservice.keyword.WSBuiltInKeywords.sendRequest(getCommunity): Send request successfully

2018-08-16 16:34:49 - [MESSAGE][PASSED] - Send request successfully

2018-08-16 16:34:49 - [TEST_STEP][PASSED] - verifyResponseStatusCode: Verify response status code successfully

2018-08-16 16:34:49 - [MESSAGE][PASSED] - Verify response status code successfully

2018-08-16 16:34:49 - [TEST_STEP][PASSED] - Statement - return getResponse: null

2018-08-16 16:34:49 - [MESSAGE][PASSED] - Call Test Case 'Test Cases/Library/Moderator/Get Community details by ID' successfully

2018-08-16 16:34:49 - [TEST_STEP][PASSED] - Statement - getRating = avgRating: getAttributeValue.GetAttributeValue.GetAttribute is PASSED

2018-08-16 16:34:49 - [MESSAGE][PASSED] - getAttributeValue.GetAttributeValue.GetAttribute is PASSED

2018-08-16 16:34:49 - [TEST_STEP][PASSED] - Statement - rating = java.lang.Math.round(getRating): null

2018-08-16 16:34:49 - [TEST_STEP][PASSED] - Statement - If (rating == "5"): null

2018-08-16 16:34:49 - [TEST_STEP][PASSED] - Statement - Else If (!(rating) == "5"): null

2018-08-16 16:34:49 - [TEST_STEP][PASSED] - Statement - Else: null

2018-08-16 16:34:49 - [TEST_STEP][PASSED] - Statement - println("if conditions shold not execute"): null

2018-08-16 16:34:49 - [TEST_STEP][PASSED] - Statement - res = com.kms.katalon.core.webui.keyword.WebUiBuiltInKeywords.callTestCase(com.kms.katalon.core.testcase.TestCaseFactory.findTestCase(Library/Community/Delete Community), ["communityID":CommunityID], STOP_ON_FAILURE): Call Test Case 'Test Cases/Library/Community/Delete Community' successfully

2018-08-16 16:34:49 - [TEST_CASE][PASSED] - Test Cases/Library/Community/Delete Community: Test Cases/Library/Community/Delete Community

2018-08-16 16:34:49 - [TEST_STEP][PASSED] - Statement - deleteCommunity = com.kms.katalon.core.testobject.ObjectRepository.findTestObject(Community/Delete Community, [host:internal.GlobalVariable.g_URL, communityID:communityID]): Finding Test Object with id 'Object Repository/Community/Delete Community'

2018-08-16 16:34:49 - [TEST_STEP][PASSED] - Statement - deleteCommunity.setHttpHeaderProperties(CustomKeywords.requestHeaders.Headers.AddHeaders()): requestHeaders.Headers.AddHeaders is PASSED

2018-08-16 16:34:49 - [MESSAGE][PASSED] - requestHeaders.Headers.AddHeaders is PASSED

2018-08-16 16:34:49 - [TEST_STEP][PASSED] - Statement - deleteCommunityRes = com.kms.katalon.core.webservice.keyword.WSBuiltInKeywords.sendRequest(deleteCommunity): Send request successfully

2018-08-16 16:34:49 - [MESSAGE][PASSED] - Send request successfully

2018-08-16 16:34:49 - [TEST_STEP][PASSED] - verifyResponseStatusCode: Verify response status code successfully

2018-08-16 16:34:49 - [MESSAGE][PASSED] - Verify response status code successfully

2018-08-16 16:34:49 - [TEST_STEP][PASSED] - delay: Delayed 10 second(s)

2018-08-16 16:34:59 - [MESSAGE][PASSED] - Delayed 10 second(s)

2018-08-16 16:34:59 - [TEST_STEP][PASSED] - Statement - reqObj = new com.kms.katalon.core.testobject.RequestObject(): null

2018-08-16 16:34:59 - [TEST_STEP][PASSED] - Statement - reqObj.setHttpHeaderProperties(CustomKeywords.requestHeaders.Headers.AddHeaders()): requestHeaders.Headers.AddHeaders is PASSED

2018-08-16 16:34:59 - [MESSAGE][PASSED] - requestHeaders.Headers.AddHeaders is PASSED

2018-08-16 16:34:59 - [TEST_STEP][PASSED] - Statement - reqObj.setRestRequestMethod("GET"): null

2018-08-16 16:34:59 - [TEST_STEP][PASSED] - Statement - reqObj.setRestUrl(g_URL + "/Services/api/sumtSocial/communities/" + communityID): null

2018-08-16 16:34:59 - [TEST_STEP][PASSED] - Statement - getResponse = com.kms.katalon.core.webservice.keyword.WSBuiltInKeywords.sendRequest(reqObj): Send request successfully

2018-08-16 16:34:59 - [MESSAGE][PASSED] - Send request successfully

2018-08-16 16:34:59 - [TEST_STEP][PASSED] - verifyResponseStatusCode: Verify response status code successfully

2018-08-16 16:34:59 - [MESSAGE][PASSED] - Verify response status code successfully

2018-08-16 16:34:59 - [TEST_STEP][PASSED] - Statement - boolVal = getResponse.getResponseText().equalsIgnoreCase("null"): null

2018-08-16 16:34:59 - [TEST_STEP][PASSED] - Statement - return boolVal: null

2018-08-16 16:34:59 - [MESSAGE][PASSED] - Call Test Case 'Test Cases/Library/Community/Delete Community' successfully]]></system-out>
         <system-err><![CDATA[]]></system-err>
      </testcase>
      <testcase name="Test Cases/TestCases/Social_SecurityAndRole_MOB-3489/TC-135477Verify non member of a public community can provide rating to the community" classname="Test Cases/TestCases/Social_SecurityAndRole_MOB-3489/TC-135477Verify non member of a public community can provide rating to the community" status="PASSED">
         <system-out><![CDATA[2018-08-16 16:34:59 - [TEST_CASE][PASSED] - Test Cases/TestCases/Social_SecurityAndRole_MOB-3489/TC-135477Verify non member of a public community can provide rating to the community: Test Cases/TestCases/Social_SecurityAndRole_MOB-3489/TC-135477Verify non member of a public community can provide rating to the community

2018-08-16 16:34:59 - [TEST_STEP][PASSED] - Statement - data = com.kms.katalon.core.testdata.TestDataFactory.findTestData(TestData): Reading CSV file with source file 'comma', separator 'containing header' and '{2}'

2018-08-16 16:34:59 - [TEST_STEP][PASSED] - Statement - response = com.kms.katalon.core.webui.keyword.WebUiBuiltInKeywords.callTestCase(com.kms.katalon.core.testcase.TestCaseFactory.findTestCase(Library/Community/Create Community), ["communityName":data.getValue("CommunityName", 40), "CommunityDesc":data.getValue("CommunityDesc", 40), "allowDiscussionBoards":true, ... ], STOP_ON_FAILURE): Call Test Case 'Test Cases/Library/Community/Create Community' successfully

2018-08-16 16:34:59 - [TEST_CASE][PASSED] - Test Cases/Library/Community/Create Community: Test Cases/Library/Community/Create Community

2018-08-16 16:34:59 - [TEST_STEP][PASSED] - Statement - request = com.kms.katalon.core.testobject.ObjectRepository.findTestObject(Community/POST Create Community, [host:internal.GlobalVariable.g_URL]): Finding Test Object with id 'Object Repository/Community/POST Create Community'

2018-08-16 16:34:59 - [TEST_STEP][PASSED] - Statement - request.setHttpHeaderProperties(CustomKeywords.requestHeaders.Headers.AddHeaders()): requestHeaders.Headers.AddHeaders is PASSED

2018-08-16 16:34:59 - [MESSAGE][PASSED] - requestHeaders.Headers.AddHeaders is PASSED

2018-08-16 16:34:59 - [TEST_STEP][PASSED] - Statement - reponse = <not implemented yet for class: org.codehaus.groovy.ast.expr.EmptyExpression>: null

2018-08-16 16:34:59 - [TEST_STEP][PASSED] - Statement - vsRequestBody = "": null

2018-08-16 16:34:59 - [TEST_STEP][PASSED] - Statement - vsRequestBody = request.getHttpBody(): null

2018-08-16 16:34:59 - [TEST_STEP][PASSED] - Statement - vsRequestBody = vsRequestBody.replace("${CommunityName}", """ + communityName + """): null

2018-08-16 16:34:59 - [TEST_STEP][PASSED] - Statement - vsRequestBody = vsRequestBody.replace("${CommunityDesc}", """ + CommunityDesc + """): null

2018-08-16 16:34:59 - [TEST_STEP][PASSED] - Statement - vsRequestBody = vsRequestBody.replace("${allowDiscussionBoards}", """ + allowDiscussionBoards + """): null

2018-08-16 16:34:59 - [TEST_STEP][PASSED] - Statement - vsRequestBody = vsRequestBody.replace("${allowBlogPosts}", """ + allowBlogPosts + """): null

2018-08-16 16:34:59 - [TEST_STEP][PASSED] - Statement - vsRequestBody = vsRequestBody.replace("${allowFileUploads}", """ + allowFileUploads + """): null

2018-08-16 16:34:59 - [TEST_STEP][PASSED] - Statement - vsRequestBody = vsRequestBody.replace("${isPrivate}", """ + isPrivate + """): null

2018-08-16 16:34:59 - [TEST_STEP][PASSED] - Statement - vsRequestBody = vsRequestBody.replace("${userName}", """ + userName + """): null

2018-08-16 16:34:59 - [TEST_STEP][PASSED] - Statement - vsRequestBody = vsRequestBody.replace("${userId}", """ + userId + """): null

2018-08-16 16:34:59 - [TEST_STEP][PASSED] - Statement - vsRequestBody = vsRequestBody.replace("${role}", """ + role + """): null

2018-08-16 16:34:59 - [TEST_STEP][PASSED] - Statement - vsRequestBody = vsRequestBody.replace("${userStatus}", """ + userStatus + """): null

2018-08-16 16:34:59 - [TEST_STEP][PASSED] - Statement - vsRequestBody = vsRequestBody.replace("${communityCode}", """ + communityCode + """): null

2018-08-16 16:34:59 - [TEST_STEP][PASSED] - Statement - vsRequestBody = vsRequestBody.replace("${hidden}", """ + isHidden + """): null

2018-08-16 16:34:59 - [TEST_STEP][PASSED] - Statement - request.setHttpBody(vsRequestBody): null

2018-08-16 16:34:59 - [TEST_STEP][PASSED] - Statement - response = com.kms.katalon.core.webservice.keyword.WSBuiltInKeywords.sendRequest(request): Send request successfully

2018-08-16 16:34:59 - [MESSAGE][PASSED] - Send request successfully

2018-08-16 16:34:59 - [TEST_STEP][PASSED] - verifyResponseStatusCode: Verify response status code successfully

2018-08-16 16:34:59 - [MESSAGE][PASSED] - Verify response status code successfully

2018-08-16 16:34:59 - [TEST_STEP][PASSED] - containsString: Check contain string successfully

2018-08-16 16:34:59 - [MESSAGE][PASSED] - Check contain string successfully

2018-08-16 16:34:59 - [TEST_STEP][PASSED] - Statement - return response: null

2018-08-16 16:34:59 - [MESSAGE][PASSED] - Call Test Case 'Test Cases/Library/Community/Create Community' successfully

2018-08-16 16:34:59 - [TEST_STEP][PASSED] - Statement - CommunityID = id: getAttributeValue.GetAttributeValue.GetAttribute is PASSED

2018-08-16 16:34:59 - [MESSAGE][PASSED] - getAttributeValue.GetAttributeValue.GetAttribute is PASSED

2018-08-16 16:34:59 - [TEST_STEP][PASSED] - Statement - res = com.kms.katalon.core.webui.keyword.WebUiBuiltInKeywords.callTestCase(com.kms.katalon.core.testcase.TestCaseFactory.findTestCase(Library/Moderator/Create or Update Rating), ["rating":"4", "userID":g_NameTemp, "communityID":CommunityID], STOP_ON_FAILURE): Call Test Case 'Test Cases/Library/Moderator/Create or Update Rating' successfully

2018-08-16 16:34:59 - [TEST_CASE][PASSED] - Test Cases/Library/Moderator/Create or Update Rating: Test Cases/Library/Moderator/Create or Update Rating

2018-08-16 16:34:59 - [TEST_STEP][PASSED] - Statement - request = com.kms.katalon.core.testobject.ObjectRepository.findTestObject(Object Repository/Community/Create or Update Rating, [host:internal.GlobalVariable.g_URL, communityID:communityID]): Finding Test Object with id 'Object Repository/Community/Create or Update Rating'

2018-08-16 16:34:59 - [TEST_STEP][PASSED] - Statement - request.setHttpHeaderProperties(CustomKeywords.requestHeaders.Headers.AddHeaders(g_ModeratorToken)): requestHeaders.Headers.AddHeaders is PASSED

2018-08-16 16:34:59 - [MESSAGE][PASSED] - requestHeaders.Headers.AddHeaders is PASSED

2018-08-16 16:34:59 - [TEST_STEP][PASSED] - Statement - reponse = <not implemented yet for class: org.codehaus.groovy.ast.expr.EmptyExpression>: null

2018-08-16 16:34:59 - [TEST_STEP][PASSED] - Statement - vsRequestBody = "": null

2018-08-16 16:34:59 - [TEST_STEP][PASSED] - Statement - vsRequestBody = request.getHttpBody(): null

2018-08-16 16:34:59 - [TEST_STEP][PASSED] - Statement - vsRequestBody = vsRequestBody.replace("${userID}", """ + userID + """): null

2018-08-16 16:34:59 - [TEST_STEP][PASSED] - Statement - vsRequestBody = vsRequestBody.replace("${CommunityID}", """ + communityID + """): null

2018-08-16 16:34:59 - [TEST_STEP][PASSED] - Statement - vsRequestBody = vsRequestBody.replace("${Rating}", """ + rating + """): null

2018-08-16 16:34:59 - [TEST_STEP][PASSED] - Statement - request.setHttpBody(vsRequestBody): null

2018-08-16 16:34:59 - [TEST_STEP][PASSED] - Statement - response = com.kms.katalon.core.webservice.keyword.WSBuiltInKeywords.sendRequest(request): Send request successfully

2018-08-16 16:34:59 - [MESSAGE][PASSED] - Send request successfully

2018-08-16 16:34:59 - [TEST_STEP][PASSED] - verifyResponseStatusCode: Verify response status code successfully

2018-08-16 16:34:59 - [MESSAGE][PASSED] - Verify response status code successfully

2018-08-16 16:34:59 - [TEST_STEP][PASSED] - Statement - return response: null

2018-08-16 16:34:59 - [MESSAGE][PASSED] - Call Test Case 'Test Cases/Library/Moderator/Create or Update Rating' successfully

2018-08-16 16:34:59 - [TEST_STEP][PASSED] - verifyResponseStatusCode: Verify response status code successfully

2018-08-16 16:34:59 - [MESSAGE][PASSED] - Verify response status code successfully

2018-08-16 16:34:59 - [TEST_STEP][PASSED] - Statement - com = com.kms.katalon.core.webui.keyword.WebUiBuiltInKeywords.callTestCase(com.kms.katalon.core.testcase.TestCaseFactory.findTestCase(Library/Community/Get Community details by ID), ["communityID":CommunityID], STOP_ON_FAILURE): Call Test Case 'Test Cases/Library/Community/Get Community details by ID' successfully

2018-08-16 16:35:00 - [TEST_CASE][PASSED] - Test Cases/Library/Community/Get Community details by ID: Test Cases/Library/Community/Get Community details by ID

2018-08-16 16:35:00 - [TEST_STEP][PASSED] - Statement - getCommunity = com.kms.katalon.core.testobject.ObjectRepository.findTestObject(Community/Get Community, [host:internal.GlobalVariable.g_URL, communityID:communityID]): Finding Test Object with id 'Object Repository/Community/Get Community'

2018-08-16 16:35:00 - [TEST_STEP][PASSED] - Statement - getCommunity.setHttpHeaderProperties(CustomKeywords.requestHeaders.Headers.AddHeaders()): requestHeaders.Headers.AddHeaders is PASSED

2018-08-16 16:35:00 - [MESSAGE][PASSED] - requestHeaders.Headers.AddHeaders is PASSED

2018-08-16 16:35:00 - [TEST_STEP][PASSED] - Statement - getResponse = com.kms.katalon.core.webservice.keyword.WSBuiltInKeywords.sendRequest(getCommunity): Send request successfully

2018-08-16 16:35:00 - [MESSAGE][PASSED] - Send request successfully

2018-08-16 16:35:00 - [TEST_STEP][PASSED] - verifyResponseStatusCode: Verify response status code successfully

2018-08-16 16:35:00 - [MESSAGE][PASSED] - Verify response status code successfully

2018-08-16 16:35:00 - [TEST_STEP][PASSED] - Statement - return getResponse: null

2018-08-16 16:35:00 - [MESSAGE][PASSED] - Call Test Case 'Test Cases/Library/Community/Get Community details by ID' successfully

2018-08-16 16:35:00 - [TEST_STEP][PASSED] - Statement - getRating = avgRating: getAttributeValue.GetAttributeValue.GetAttribute is PASSED

2018-08-16 16:35:00 - [MESSAGE][PASSED] - getAttributeValue.GetAttributeValue.GetAttribute is PASSED

2018-08-16 16:35:00 - [TEST_STEP][PASSED] - callTestCase: Call Test Case 'Test Cases/Library/Community/Delete Community' successfully

2018-08-16 16:35:00 - [TEST_CASE][PASSED] - Test Cases/Library/Community/Delete Community: Test Cases/Library/Community/Delete Community

2018-08-16 16:35:00 - [TEST_STEP][PASSED] - Statement - deleteCommunity = com.kms.katalon.core.testobject.ObjectRepository.findTestObject(Community/Delete Community, [host:internal.GlobalVariable.g_URL, communityID:communityID]): Finding Test Object with id 'Object Repository/Community/Delete Community'

2018-08-16 16:35:00 - [TEST_STEP][PASSED] - Statement - deleteCommunity.setHttpHeaderProperties(CustomKeywords.requestHeaders.Headers.AddHeaders()): requestHeaders.Headers.AddHeaders is PASSED

2018-08-16 16:35:00 - [MESSAGE][PASSED] - requestHeaders.Headers.AddHeaders is PASSED

2018-08-16 16:35:00 - [TEST_STEP][PASSED] - Statement - deleteCommunityRes = com.kms.katalon.core.webservice.keyword.WSBuiltInKeywords.sendRequest(deleteCommunity): Send request successfully

2018-08-16 16:35:00 - [MESSAGE][PASSED] - Send request successfully

2018-08-16 16:35:00 - [TEST_STEP][PASSED] - verifyResponseStatusCode: Verify response status code successfully

2018-08-16 16:35:00 - [MESSAGE][PASSED] - Verify response status code successfully

2018-08-16 16:35:00 - [TEST_STEP][PASSED] - delay: Delayed 10 second(s)

2018-08-16 16:35:10 - [MESSAGE][PASSED] - Delayed 10 second(s)

2018-08-16 16:35:10 - [TEST_STEP][PASSED] - Statement - reqObj = new com.kms.katalon.core.testobject.RequestObject(): null

2018-08-16 16:35:10 - [TEST_STEP][PASSED] - Statement - reqObj.setHttpHeaderProperties(CustomKeywords.requestHeaders.Headers.AddHeaders()): requestHeaders.Headers.AddHeaders is PASSED

2018-08-16 16:35:10 - [MESSAGE][PASSED] - requestHeaders.Headers.AddHeaders is PASSED

2018-08-16 16:35:10 - [TEST_STEP][PASSED] - Statement - reqObj.setRestRequestMethod("GET"): null

2018-08-16 16:35:10 - [TEST_STEP][PASSED] - Statement - reqObj.setRestUrl(g_URL + "/Services/api/sumtSocial/communities/" + communityID): null

2018-08-16 16:35:10 - [TEST_STEP][PASSED] - Statement - getResponse = com.kms.katalon.core.webservice.keyword.WSBuiltInKeywords.sendRequest(reqObj): Send request successfully

2018-08-16 16:35:10 - [MESSAGE][PASSED] - Send request successfully

2018-08-16 16:35:10 - [TEST_STEP][PASSED] - verifyResponseStatusCode: Verify response status code successfully

2018-08-16 16:35:10 - [MESSAGE][PASSED] - Verify response status code successfully

2018-08-16 16:35:10 - [TEST_STEP][PASSED] - Statement - boolVal = getResponse.getResponseText().equalsIgnoreCase("null"): null

2018-08-16 16:35:10 - [TEST_STEP][PASSED] - Statement - return boolVal: null

2018-08-16 16:35:10 - [MESSAGE][PASSED] - Call Test Case 'Test Cases/Library/Community/Delete Community' successfully

2018-08-16 16:35:10 - [TEST_STEP][PASSED] - Statement - rating = java.lang.Math.round(getRating): null

2018-08-16 16:35:10 - [TEST_STEP][PASSED] - Statement - If (rating == "4"): null

2018-08-16 16:35:10 - [TEST_STEP][PASSED] - Statement - Else If (!(rating) == "4"): null

2018-08-16 16:35:10 - [TEST_STEP][PASSED] - Statement - Else: null

2018-08-16 16:35:10 - [TEST_STEP][PASSED] - Statement - println("if conditions shold not execute"): null]]></system-out>
         <system-err><![CDATA[]]></system-err>
      </testcase>
      <testcase name="Test Cases/TestCases/Social_SecurityAndRole_MOB-3489/TC-135480Verify Contributor creating Discussion in a Community" classname="Test Cases/TestCases/Social_SecurityAndRole_MOB-3489/TC-135480Verify Contributor creating Discussion in a Community" status="PASSED">
         <system-out><![CDATA[2018-08-16 16:35:10 - [TEST_CASE][PASSED] - Test Cases/TestCases/Social_SecurityAndRole_MOB-3489/TC-135480Verify Contributor creating Discussion in a Community: Test Cases/TestCases/Social_SecurityAndRole_MOB-3489/TC-135480Verify Contributor creating Discussion in a Community

2018-08-16 16:35:10 - [TEST_STEP][PASSED] - Statement - data = com.kms.katalon.core.testdata.TestDataFactory.findTestData(TestData): Reading CSV file with source file 'comma', separator 'containing header' and '{2}'

2018-08-16 16:35:10 - [TEST_STEP][PASSED] - Statement - userName = "'" + data.getValue("Moderator", 38) + "'": null

2018-08-16 16:35:10 - [TEST_STEP][PASSED] - Statement - userid = "": null

2018-08-16 16:35:10 - [TEST_STEP][PASSED] - Statement - response = com.kms.katalon.core.webui.keyword.WebUiBuiltInKeywords.callTestCase(com.kms.katalon.core.testcase.TestCaseFactory.findTestCase(Library/Community/Create Community), ["communityName":data.getValue("CommunityName", 38), "CommunityDesc":data.getValue("CommunityDesc", 38), "allowDiscussionBoards":true, ... ], STOP_ON_FAILURE): Call Test Case 'Test Cases/Library/Community/Create Community' successfully

2018-08-16 16:35:10 - [TEST_CASE][PASSED] - Test Cases/Library/Community/Create Community: Test Cases/Library/Community/Create Community

2018-08-16 16:35:10 - [TEST_STEP][PASSED] - Statement - request = com.kms.katalon.core.testobject.ObjectRepository.findTestObject(Community/POST Create Community, [host:internal.GlobalVariable.g_URL]): Finding Test Object with id 'Object Repository/Community/POST Create Community'

2018-08-16 16:35:10 - [TEST_STEP][PASSED] - Statement - request.setHttpHeaderProperties(CustomKeywords.requestHeaders.Headers.AddHeaders()): requestHeaders.Headers.AddHeaders is PASSED

2018-08-16 16:35:10 - [MESSAGE][PASSED] - requestHeaders.Headers.AddHeaders is PASSED

2018-08-16 16:35:10 - [TEST_STEP][PASSED] - Statement - reponse = <not implemented yet for class: org.codehaus.groovy.ast.expr.EmptyExpression>: null

2018-08-16 16:35:10 - [TEST_STEP][PASSED] - Statement - vsRequestBody = "": null

2018-08-16 16:35:10 - [TEST_STEP][PASSED] - Statement - vsRequestBody = request.getHttpBody(): null

2018-08-16 16:35:10 - [TEST_STEP][PASSED] - Statement - vsRequestBody = vsRequestBody.replace("${CommunityName}", """ + communityName + """): null

2018-08-16 16:35:10 - [TEST_STEP][PASSED] - Statement - vsRequestBody = vsRequestBody.replace("${CommunityDesc}", """ + CommunityDesc + """): null

2018-08-16 16:35:10 - [TEST_STEP][PASSED] - Statement - vsRequestBody = vsRequestBody.replace("${allowDiscussionBoards}", """ + allowDiscussionBoards + """): null

2018-08-16 16:35:10 - [TEST_STEP][PASSED] - Statement - vsRequestBody = vsRequestBody.replace("${allowBlogPosts}", """ + allowBlogPosts + """): null

2018-08-16 16:35:10 - [TEST_STEP][PASSED] - Statement - vsRequestBody = vsRequestBody.replace("${allowFileUploads}", """ + allowFileUploads + """): null

2018-08-16 16:35:10 - [TEST_STEP][PASSED] - Statement - vsRequestBody = vsRequestBody.replace("${isPrivate}", """ + isPrivate + """): null

2018-08-16 16:35:10 - [TEST_STEP][PASSED] - Statement - vsRequestBody = vsRequestBody.replace("${userName}", """ + userName + """): null

2018-08-16 16:35:10 - [TEST_STEP][PASSED] - Statement - vsRequestBody = vsRequestBody.replace("${userId}", """ + userId + """): null

2018-08-16 16:35:10 - [TEST_STEP][PASSED] - Statement - vsRequestBody = vsRequestBody.replace("${role}", """ + role + """): null

2018-08-16 16:35:10 - [TEST_STEP][PASSED] - Statement - vsRequestBody = vsRequestBody.replace("${userStatus}", """ + userStatus + """): null

2018-08-16 16:35:10 - [TEST_STEP][PASSED] - Statement - vsRequestBody = vsRequestBody.replace("${communityCode}", """ + communityCode + """): null

2018-08-16 16:35:10 - [TEST_STEP][PASSED] - Statement - vsRequestBody = vsRequestBody.replace("${hidden}", """ + isHidden + """): null

2018-08-16 16:35:10 - [TEST_STEP][PASSED] - Statement - request.setHttpBody(vsRequestBody): null

2018-08-16 16:35:10 - [TEST_STEP][PASSED] - Statement - response = com.kms.katalon.core.webservice.keyword.WSBuiltInKeywords.sendRequest(request): Send request successfully

2018-08-16 16:35:10 - [MESSAGE][PASSED] - Send request successfully

2018-08-16 16:35:10 - [TEST_STEP][PASSED] - verifyResponseStatusCode: Verify response status code successfully

2018-08-16 16:35:10 - [MESSAGE][PASSED] - Verify response status code successfully

2018-08-16 16:35:10 - [TEST_STEP][PASSED] - containsString: Check contain string successfully

2018-08-16 16:35:10 - [MESSAGE][PASSED] - Check contain string successfully

2018-08-16 16:35:10 - [TEST_STEP][PASSED] - Statement - return response: null

2018-08-16 16:35:10 - [MESSAGE][PASSED] - Call Test Case 'Test Cases/Library/Community/Create Community' successfully

2018-08-16 16:35:10 - [TEST_STEP][PASSED] - Statement - CommunityID = id: getAttributeValue.GetAttributeValue.GetAttribute is PASSED

2018-08-16 16:35:10 - [MESSAGE][PASSED] - getAttributeValue.GetAttributeValue.GetAttribute is PASSED

2018-08-16 16:35:10 - [TEST_STEP][PASSED] - Statement - response1 = com.kms.katalon.core.webui.keyword.WebUiBuiltInKeywords.callTestCase(com.kms.katalon.core.testcase.TestCaseFactory.findTestCase(Library/Community/Add a member to community), ["rating":"3", "userID":ContributerID, "userName":data.getValue("Contributer", 38), "communityID":CommunityID], STOP_ON_FAILURE): Call Test Case 'Test Cases/Library/Community/Add a member to community' successfully

2018-08-16 16:35:10 - [TEST_CASE][PASSED] - Test Cases/Library/Community/Add a member to community: Test Cases/Library/Community/Add a member to community

2018-08-16 16:35:10 - [TEST_STEP][PASSED] - Statement - request = com.kms.katalon.core.testobject.ObjectRepository.findTestObject(Object Repository/Community/Add a member to community, [host:internal.GlobalVariable.g_URL, CommunityID:communityID]): Finding Test Object with id 'Object Repository/Community/Add a member to community'

2018-08-16 16:35:10 - [TEST_STEP][PASSED] - Statement - request.setHttpHeaderProperties(CustomKeywords.requestHeaders.Headers.AddHeaders()): requestHeaders.Headers.AddHeaders is PASSED

2018-08-16 16:35:10 - [MESSAGE][PASSED] - requestHeaders.Headers.AddHeaders is PASSED

2018-08-16 16:35:10 - [TEST_STEP][PASSED] - Statement - reponse = <not implemented yet for class: org.codehaus.groovy.ast.expr.EmptyExpression>: null

2018-08-16 16:35:10 - [TEST_STEP][PASSED] - Statement - vsRequestBody = "": null

2018-08-16 16:35:10 - [TEST_STEP][PASSED] - Statement - vsRequestBody = request.getHttpBody(): null

2018-08-16 16:35:10 - [TEST_STEP][PASSED] - Statement - vsRequestBody = vsRequestBody.replace("${rating}", """ + rating + """): null

2018-08-16 16:35:10 - [TEST_STEP][PASSED] - Statement - vsRequestBody = vsRequestBody.replace("${userID}", """ + userID + """): null

2018-08-16 16:35:10 - [TEST_STEP][PASSED] - Statement - vsRequestBody = vsRequestBody.replace("${userName}", """ + userName + """): null

2018-08-16 16:35:10 - [TEST_STEP][PASSED] - Statement - request.setHttpBody(vsRequestBody): null

2018-08-16 16:35:10 - [TEST_STEP][PASSED] - Statement - response = com.kms.katalon.core.webservice.keyword.WSBuiltInKeywords.sendRequest(request): Send request successfully

2018-08-16 16:35:10 - [MESSAGE][PASSED] - Send request successfully

2018-08-16 16:35:10 - [TEST_STEP][PASSED] - verifyResponseStatusCode: Verify response status code successfully

2018-08-16 16:35:10 - [MESSAGE][PASSED] - Verify response status code successfully

2018-08-16 16:35:10 - [TEST_STEP][PASSED] - Statement - return response: null

2018-08-16 16:35:10 - [MESSAGE][PASSED] - Call Test Case 'Test Cases/Library/Community/Add a member to community' successfully

2018-08-16 16:35:10 - [TEST_STEP][PASSED] - verifyResponseStatusCode: Verify response status code successfully

2018-08-16 16:35:10 - [MESSAGE][PASSED] - Verify response status code successfully

2018-08-16 16:35:10 - [TEST_STEP][PASSED] - Statement - res = com.kms.katalon.core.webui.keyword.WebUiBuiltInKeywords.callTestCase(com.kms.katalon.core.testcase.TestCaseFactory.findTestCase(Library/Contributer/Create discussion under community), ["CommunityID":CommunityID, "DiscussionName":data.getValue("DiscussionName", 38), "DiscussionDesc":data.getValue("DiscussionDesc", 38)], STOP_ON_FAILURE): Call Test Case 'Test Cases/Library/Contributer/Create discussion under community' successfully

2018-08-16 16:35:10 - [TEST_CASE][PASSED] - Test Cases/Library/Contributer/Create discussion under community: Test Cases/Library/Contributer/Create discussion under community

2018-08-16 16:35:11 - [TEST_STEP][PASSED] - Statement - request = com.kms.katalon.core.testobject.ObjectRepository.findTestObject(Object Repository/Community/Create discussion under community, [host:internal.GlobalVariable.g_URL]): Finding Test Object with id 'Object Repository/Community/Create discussion under community'

2018-08-16 16:35:11 - [TEST_STEP][PASSED] - Statement - request.setHttpHeaderProperties(CustomKeywords.requestHeaders.Headers.AddHeaders(ContributerToken)): requestHeaders.Headers.AddHeaders is PASSED

2018-08-16 16:35:11 - [MESSAGE][PASSED] - requestHeaders.Headers.AddHeaders is PASSED

2018-08-16 16:35:11 - [TEST_STEP][PASSED] - Statement - response = <not implemented yet for class: org.codehaus.groovy.ast.expr.EmptyExpression>: null

2018-08-16 16:35:11 - [TEST_STEP][PASSED] - Statement - vsRequestBody = "": null

2018-08-16 16:35:11 - [TEST_STEP][PASSED] - Statement - vsRequestBody = request.getHttpBody(): null

2018-08-16 16:35:11 - [TEST_STEP][PASSED] - Statement - vsRequestBody = vsRequestBody.replace("${CommunityID}", """ + CommunityID + """): null

2018-08-16 16:35:11 - [TEST_STEP][PASSED] - Statement - vsRequestBody = vsRequestBody.replace("${DiscussionName}", DiscussionName): null

2018-08-16 16:35:11 - [TEST_STEP][PASSED] - Statement - vsRequestBody = vsRequestBody.replace("${DiscussionDesc}", """ + DiscussionDesc + """): null

2018-08-16 16:35:11 - [TEST_STEP][PASSED] - Statement - request.setHttpBody(vsRequestBody): null

2018-08-16 16:35:11 - [TEST_STEP][PASSED] - Statement - response = com.kms.katalon.core.webservice.keyword.WSBuiltInKeywords.sendRequest(request): Send request successfully

2018-08-16 16:35:11 - [MESSAGE][PASSED] - Send request successfully

2018-08-16 16:35:11 - [TEST_STEP][PASSED] - verifyResponseStatusCode: Verify response status code successfully

2018-08-16 16:35:11 - [MESSAGE][PASSED] - Verify response status code successfully

2018-08-16 16:35:11 - [TEST_STEP][PASSED] - Statement - return response: null

2018-08-16 16:35:11 - [MESSAGE][PASSED] - Call Test Case 'Test Cases/Library/Contributer/Create discussion under community' successfully

2018-08-16 16:35:11 - [TEST_STEP][PASSED] - verifyResponseStatusCode: Verify response status code successfully

2018-08-16 16:35:11 - [MESSAGE][PASSED] - Verify response status code successfully

2018-08-16 16:35:11 - [TEST_STEP][PASSED] - Statement - getAllDis = com.kms.katalon.core.webui.keyword.WebUiBuiltInKeywords.callTestCase(com.kms.katalon.core.testcase.TestCaseFactory.findTestCase(Library/Contributer/Get Discussions), ["CommunityID":CommunityID], STOP_ON_FAILURE): Call Test Case 'Test Cases/Library/Contributer/Get Discussions' successfully

2018-08-16 16:35:11 - [TEST_CASE][PASSED] - Test Cases/Library/Contributer/Get Discussions: Test Cases/Library/Contributer/Get Discussions

2018-08-16 16:35:11 - [TEST_STEP][PASSED] - Statement - request = com.kms.katalon.core.testobject.ObjectRepository.findTestObject(Object Repository/Community/Get Discussions, [host:internal.GlobalVariable.g_URL, CommunityID:CommunityID]): Finding Test Object with id 'Object Repository/Community/Get Discussions'

2018-08-16 16:35:11 - [TEST_STEP][PASSED] - Statement - request.setHttpHeaderProperties(CustomKeywords.requestHeaders.Headers.AddHeaders(ContributerToken)): requestHeaders.Headers.AddHeaders is PASSED

2018-08-16 16:35:11 - [MESSAGE][PASSED] - requestHeaders.Headers.AddHeaders is PASSED

2018-08-16 16:35:11 - [TEST_STEP][PASSED] - Statement - response = com.kms.katalon.core.webservice.keyword.WSBuiltInKeywords.sendRequest(request): Send request successfully

2018-08-16 16:35:11 - [MESSAGE][PASSED] - Send request successfully

2018-08-16 16:35:11 - [TEST_STEP][PASSED] - Statement - return response: null

2018-08-16 16:35:11 - [MESSAGE][PASSED] - Call Test Case 'Test Cases/Library/Contributer/Get Discussions' successfully

2018-08-16 16:35:11 - [TEST_STEP][PASSED] - containsString: Check contain string successfully

2018-08-16 16:35:11 - [MESSAGE][PASSED] - Check contain string successfully

2018-08-16 16:35:11 - [TEST_STEP][PASSED] - callTestCase: Call Test Case 'Test Cases/Library/Community/Delete Community' successfully

2018-08-16 16:35:11 - [TEST_CASE][PASSED] - Test Cases/Library/Community/Delete Community: Test Cases/Library/Community/Delete Community

2018-08-16 16:35:11 - [TEST_STEP][PASSED] - Statement - deleteCommunity = com.kms.katalon.core.testobject.ObjectRepository.findTestObject(Community/Delete Community, [host:internal.GlobalVariable.g_URL, communityID:communityID]): Finding Test Object with id 'Object Repository/Community/Delete Community'

2018-08-16 16:35:11 - [TEST_STEP][PASSED] - Statement - deleteCommunity.setHttpHeaderProperties(CustomKeywords.requestHeaders.Headers.AddHeaders()): requestHeaders.Headers.AddHeaders is PASSED

2018-08-16 16:35:11 - [MESSAGE][PASSED] - requestHeaders.Headers.AddHeaders is PASSED

2018-08-16 16:35:11 - [TEST_STEP][PASSED] - Statement - deleteCommunityRes = com.kms.katalon.core.webservice.keyword.WSBuiltInKeywords.sendRequest(deleteCommunity): Send request successfully

2018-08-16 16:35:11 - [MESSAGE][PASSED] - Send request successfully

2018-08-16 16:35:11 - [TEST_STEP][PASSED] - verifyResponseStatusCode: Verify response status code successfully

2018-08-16 16:35:11 - [MESSAGE][PASSED] - Verify response status code successfully

2018-08-16 16:35:11 - [TEST_STEP][PASSED] - delay: Delayed 10 second(s)

2018-08-16 16:35:21 - [MESSAGE][PASSED] - Delayed 10 second(s)

2018-08-16 16:35:21 - [TEST_STEP][PASSED] - Statement - reqObj = new com.kms.katalon.core.testobject.RequestObject(): null

2018-08-16 16:35:21 - [TEST_STEP][PASSED] - Statement - reqObj.setHttpHeaderProperties(CustomKeywords.requestHeaders.Headers.AddHeaders()): requestHeaders.Headers.AddHeaders is PASSED

2018-08-16 16:35:21 - [MESSAGE][PASSED] - requestHeaders.Headers.AddHeaders is PASSED

2018-08-16 16:35:21 - [TEST_STEP][PASSED] - Statement - reqObj.setRestRequestMethod("GET"): null

2018-08-16 16:35:21 - [TEST_STEP][PASSED] - Statement - reqObj.setRestUrl(g_URL + "/Services/api/sumtSocial/communities/" + communityID): null

2018-08-16 16:35:21 - [TEST_STEP][PASSED] - Statement - getResponse = com.kms.katalon.core.webservice.keyword.WSBuiltInKeywords.sendRequest(reqObj): Send request successfully

2018-08-16 16:35:21 - [MESSAGE][PASSED] - Send request successfully

2018-08-16 16:35:21 - [TEST_STEP][PASSED] - verifyResponseStatusCode: Verify response status code successfully

2018-08-16 16:35:21 - [MESSAGE][PASSED] - Verify response status code successfully

2018-08-16 16:35:21 - [TEST_STEP][PASSED] - Statement - boolVal = getResponse.getResponseText().equalsIgnoreCase("null"): null

2018-08-16 16:35:21 - [TEST_STEP][PASSED] - Statement - return boolVal: null

2018-08-16 16:35:21 - [MESSAGE][PASSED] - Call Test Case 'Test Cases/Library/Community/Delete Community' successfully]]></system-out>
         <system-err><![CDATA[]]></system-err>
      </testcase>
      <testcase name="Test Cases/TestCases/Social_SecurityAndRole_MOB-3489/TC-135481Verify Contributor Editing Discussion in a Community" classname="Test Cases/TestCases/Social_SecurityAndRole_MOB-3489/TC-135481Verify Contributor Editing Discussion in a Community" status="PASSED">
         <system-out><![CDATA[2018-08-16 16:35:21 - [TEST_CASE][PASSED] - Test Cases/TestCases/Social_SecurityAndRole_MOB-3489/TC-135481Verify Contributor Editing Discussion in a Community: Test Cases/TestCases/Social_SecurityAndRole_MOB-3489/TC-135481Verify Contributor Editing Discussion in a Community

2018-08-16 16:35:21 - [TEST_STEP][PASSED] - delay: Delayed 5 second(s)

2018-08-16 16:35:26 - [MESSAGE][PASSED] - Delayed 5 second(s)

2018-08-16 16:35:26 - [TEST_STEP][PASSED] - Statement - data = com.kms.katalon.core.testdata.TestDataFactory.findTestData(TestData): Reading CSV file with source file 'comma', separator 'containing header' and '{2}'

2018-08-16 16:35:26 - [TEST_STEP][PASSED] - Statement - rand = new java.util.Random(): null

2018-08-16 16:35:26 - [TEST_STEP][PASSED] - Statement - newDiscussionName = data.getValue("DiscussionName", 38) + rand.nextInt(1000): null

2018-08-16 16:35:26 - [TEST_STEP][PASSED] - Statement - userName = "'" + data.getValue("Moderator", 38) + "'": null

2018-08-16 16:35:26 - [TEST_STEP][PASSED] - Statement - userid = "": null

2018-08-16 16:35:26 - [TEST_STEP][PASSED] - Statement - response = com.kms.katalon.core.webui.keyword.WebUiBuiltInKeywords.callTestCase(com.kms.katalon.core.testcase.TestCaseFactory.findTestCase(Library/Community/Create Community), ["communityName":data.getValue("CommunityName", 38), "CommunityDesc":data.getValue("CommunityDesc", 38), "allowDiscussionBoards":true, ... ], STOP_ON_FAILURE): Call Test Case 'Test Cases/Library/Community/Create Community' successfully

2018-08-16 16:35:26 - [TEST_CASE][PASSED] - Test Cases/Library/Community/Create Community: Test Cases/Library/Community/Create Community

2018-08-16 16:35:26 - [TEST_STEP][PASSED] - Statement - request = com.kms.katalon.core.testobject.ObjectRepository.findTestObject(Community/POST Create Community, [host:internal.GlobalVariable.g_URL]): Finding Test Object with id 'Object Repository/Community/POST Create Community'

2018-08-16 16:35:26 - [TEST_STEP][PASSED] - Statement - request.setHttpHeaderProperties(CustomKeywords.requestHeaders.Headers.AddHeaders()): requestHeaders.Headers.AddHeaders is PASSED

2018-08-16 16:35:26 - [MESSAGE][PASSED] - requestHeaders.Headers.AddHeaders is PASSED

2018-08-16 16:35:26 - [TEST_STEP][PASSED] - Statement - reponse = <not implemented yet for class: org.codehaus.groovy.ast.expr.EmptyExpression>: null

2018-08-16 16:35:26 - [TEST_STEP][PASSED] - Statement - vsRequestBody = "": null

2018-08-16 16:35:26 - [TEST_STEP][PASSED] - Statement - vsRequestBody = request.getHttpBody(): null

2018-08-16 16:35:26 - [TEST_STEP][PASSED] - Statement - vsRequestBody = vsRequestBody.replace("${CommunityName}", """ + communityName + """): null

2018-08-16 16:35:26 - [TEST_STEP][PASSED] - Statement - vsRequestBody = vsRequestBody.replace("${CommunityDesc}", """ + CommunityDesc + """): null

2018-08-16 16:35:26 - [TEST_STEP][PASSED] - Statement - vsRequestBody = vsRequestBody.replace("${allowDiscussionBoards}", """ + allowDiscussionBoards + """): null

2018-08-16 16:35:26 - [TEST_STEP][PASSED] - Statement - vsRequestBody = vsRequestBody.replace("${allowBlogPosts}", """ + allowBlogPosts + """): null

2018-08-16 16:35:26 - [TEST_STEP][PASSED] - Statement - vsRequestBody = vsRequestBody.replace("${allowFileUploads}", """ + allowFileUploads + """): null

2018-08-16 16:35:26 - [TEST_STEP][PASSED] - Statement - vsRequestBody = vsRequestBody.replace("${isPrivate}", """ + isPrivate + """): null

2018-08-16 16:35:26 - [TEST_STEP][PASSED] - Statement - vsRequestBody = vsRequestBody.replace("${userName}", """ + userName + """): null

2018-08-16 16:35:26 - [TEST_STEP][PASSED] - Statement - vsRequestBody = vsRequestBody.replace("${userId}", """ + userId + """): null

2018-08-16 16:35:26 - [TEST_STEP][PASSED] - Statement - vsRequestBody = vsRequestBody.replace("${role}", """ + role + """): null

2018-08-16 16:35:26 - [TEST_STEP][PASSED] - Statement - vsRequestBody = vsRequestBody.replace("${userStatus}", """ + userStatus + """): null

2018-08-16 16:35:26 - [TEST_STEP][PASSED] - Statement - vsRequestBody = vsRequestBody.replace("${communityCode}", """ + communityCode + """): null

2018-08-16 16:35:26 - [TEST_STEP][PASSED] - Statement - vsRequestBody = vsRequestBody.replace("${hidden}", """ + isHidden + """): null

2018-08-16 16:35:26 - [TEST_STEP][PASSED] - Statement - request.setHttpBody(vsRequestBody): null

2018-08-16 16:35:26 - [TEST_STEP][PASSED] - Statement - response = com.kms.katalon.core.webservice.keyword.WSBuiltInKeywords.sendRequest(request): Send request successfully

2018-08-16 16:35:26 - [MESSAGE][PASSED] - Send request successfully

2018-08-16 16:35:26 - [TEST_STEP][PASSED] - verifyResponseStatusCode: Verify response status code successfully

2018-08-16 16:35:26 - [MESSAGE][PASSED] - Verify response status code successfully

2018-08-16 16:35:26 - [TEST_STEP][PASSED] - containsString: Check contain string successfully

2018-08-16 16:35:26 - [MESSAGE][PASSED] - Check contain string successfully

2018-08-16 16:35:26 - [TEST_STEP][PASSED] - Statement - return response: null

2018-08-16 16:35:26 - [MESSAGE][PASSED] - Call Test Case 'Test Cases/Library/Community/Create Community' successfully

2018-08-16 16:35:26 - [TEST_STEP][PASSED] - Statement - CommunityID = id: getAttributeValue.GetAttributeValue.GetAttribute is PASSED

2018-08-16 16:35:26 - [MESSAGE][PASSED] - getAttributeValue.GetAttributeValue.GetAttribute is PASSED

2018-08-16 16:35:26 - [TEST_STEP][PASSED] - Statement - response1 = com.kms.katalon.core.webui.keyword.WebUiBuiltInKeywords.callTestCase(com.kms.katalon.core.testcase.TestCaseFactory.findTestCase(Library/Community/Add a member to community), ["rating":"3", "userID":ContributerID, "userName":data.getValue("Contributer", 38), "communityID":CommunityID], STOP_ON_FAILURE): Call Test Case 'Test Cases/Library/Community/Add a member to community' successfully

2018-08-16 16:35:27 - [TEST_CASE][PASSED] - Test Cases/Library/Community/Add a member to community: Test Cases/Library/Community/Add a member to community

2018-08-16 16:35:27 - [TEST_STEP][PASSED] - Statement - request = com.kms.katalon.core.testobject.ObjectRepository.findTestObject(Object Repository/Community/Add a member to community, [host:internal.GlobalVariable.g_URL, CommunityID:communityID]): Finding Test Object with id 'Object Repository/Community/Add a member to community'

2018-08-16 16:35:27 - [TEST_STEP][PASSED] - Statement - request.setHttpHeaderProperties(CustomKeywords.requestHeaders.Headers.AddHeaders()): requestHeaders.Headers.AddHeaders is PASSED

2018-08-16 16:35:27 - [MESSAGE][PASSED] - requestHeaders.Headers.AddHeaders is PASSED

2018-08-16 16:35:27 - [TEST_STEP][PASSED] - Statement - reponse = <not implemented yet for class: org.codehaus.groovy.ast.expr.EmptyExpression>: null

2018-08-16 16:35:27 - [TEST_STEP][PASSED] - Statement - vsRequestBody = "": null

2018-08-16 16:35:27 - [TEST_STEP][PASSED] - Statement - vsRequestBody = request.getHttpBody(): null

2018-08-16 16:35:27 - [TEST_STEP][PASSED] - Statement - vsRequestBody = vsRequestBody.replace("${rating}", """ + rating + """): null

2018-08-16 16:35:27 - [TEST_STEP][PASSED] - Statement - vsRequestBody = vsRequestBody.replace("${userID}", """ + userID + """): null

2018-08-16 16:35:27 - [TEST_STEP][PASSED] - Statement - vsRequestBody = vsRequestBody.replace("${userName}", """ + userName + """): null

2018-08-16 16:35:27 - [TEST_STEP][PASSED] - Statement - request.setHttpBody(vsRequestBody): null

2018-08-16 16:35:27 - [TEST_STEP][PASSED] - Statement - response = com.kms.katalon.core.webservice.keyword.WSBuiltInKeywords.sendRequest(request): Send request successfully

2018-08-16 16:35:27 - [MESSAGE][PASSED] - Send request successfully

2018-08-16 16:35:27 - [TEST_STEP][PASSED] - verifyResponseStatusCode: Verify response status code successfully

2018-08-16 16:35:27 - [MESSAGE][PASSED] - Verify response status code successfully

2018-08-16 16:35:27 - [TEST_STEP][PASSED] - Statement - return response: null

2018-08-16 16:35:27 - [MESSAGE][PASSED] - Call Test Case 'Test Cases/Library/Community/Add a member to community' successfully

2018-08-16 16:35:27 - [TEST_STEP][PASSED] - verifyResponseStatusCode: Verify response status code successfully

2018-08-16 16:35:27 - [MESSAGE][PASSED] - Verify response status code successfully

2018-08-16 16:35:27 - [TEST_STEP][PASSED] - Statement - res = com.kms.katalon.core.webui.keyword.WebUiBuiltInKeywords.callTestCase(com.kms.katalon.core.testcase.TestCaseFactory.findTestCase(Library/Contributer/Create discussion under community), ["CommunityID":CommunityID, "DiscussionName":data.getValue("DiscussionName", 38), "DiscussionDesc":data.getValue("DiscussionDesc", 38)], STOP_ON_FAILURE): Call Test Case 'Test Cases/Library/Contributer/Create discussion under community' successfully

2018-08-16 16:35:27 - [TEST_CASE][PASSED] - Test Cases/Library/Contributer/Create discussion under community: Test Cases/Library/Contributer/Create discussion under community

2018-08-16 16:35:27 - [TEST_STEP][PASSED] - Statement - request = com.kms.katalon.core.testobject.ObjectRepository.findTestObject(Object Repository/Community/Create discussion under community, [host:internal.GlobalVariable.g_URL]): Finding Test Object with id 'Object Repository/Community/Create discussion under community'

2018-08-16 16:35:27 - [TEST_STEP][PASSED] - Statement - request.setHttpHeaderProperties(CustomKeywords.requestHeaders.Headers.AddHeaders(ContributerToken)): requestHeaders.Headers.AddHeaders is PASSED

2018-08-16 16:35:27 - [MESSAGE][PASSED] - requestHeaders.Headers.AddHeaders is PASSED

2018-08-16 16:35:27 - [TEST_STEP][PASSED] - Statement - response = <not implemented yet for class: org.codehaus.groovy.ast.expr.EmptyExpression>: null

2018-08-16 16:35:27 - [TEST_STEP][PASSED] - Statement - vsRequestBody = "": null

2018-08-16 16:35:27 - [TEST_STEP][PASSED] - Statement - vsRequestBody = request.getHttpBody(): null

2018-08-16 16:35:27 - [TEST_STEP][PASSED] - Statement - vsRequestBody = vsRequestBody.replace("${CommunityID}", """ + CommunityID + """): null

2018-08-16 16:35:27 - [TEST_STEP][PASSED] - Statement - vsRequestBody = vsRequestBody.replace("${DiscussionName}", DiscussionName): null

2018-08-16 16:35:27 - [TEST_STEP][PASSED] - Statement - vsRequestBody = vsRequestBody.replace("${DiscussionDesc}", """ + DiscussionDesc + """): null

2018-08-16 16:35:27 - [TEST_STEP][PASSED] - Statement - request.setHttpBody(vsRequestBody): null

2018-08-16 16:35:27 - [TEST_STEP][PASSED] - Statement - response = com.kms.katalon.core.webservice.keyword.WSBuiltInKeywords.sendRequest(request): Send request successfully

2018-08-16 16:35:27 - [MESSAGE][PASSED] - Send request successfully

2018-08-16 16:35:27 - [TEST_STEP][PASSED] - verifyResponseStatusCode: Verify response status code successfully

2018-08-16 16:35:27 - [MESSAGE][PASSED] - Verify response status code successfully

2018-08-16 16:35:27 - [TEST_STEP][PASSED] - Statement - return response: null

2018-08-16 16:35:27 - [MESSAGE][PASSED] - Call Test Case 'Test Cases/Library/Contributer/Create discussion under community' successfully

2018-08-16 16:35:27 - [TEST_STEP][PASSED] - Statement - res1 = com.kms.katalon.core.webui.keyword.WebUiBuiltInKeywords.callTestCase(com.kms.katalon.core.testcase.TestCaseFactory.findTestCase(Library/Community/Get Discussions), ["CommunityID":CommunityID], STOP_ON_FAILURE): Call Test Case 'Test Cases/Library/Community/Get Discussions' successfully

2018-08-16 16:35:27 - [TEST_CASE][PASSED] - Test Cases/Library/Community/Get Discussions: Test Cases/Library/Community/Get Discussions

2018-08-16 16:35:27 - [TEST_STEP][PASSED] - Statement - request = com.kms.katalon.core.testobject.ObjectRepository.findTestObject(Object Repository/Community/Get Discussions, [host:internal.GlobalVariable.g_URL, CommunityID:CommunityID]): Finding Test Object with id 'Object Repository/Community/Get Discussions'

2018-08-16 16:35:27 - [TEST_STEP][PASSED] - Statement - request.setHttpHeaderProperties(CustomKeywords.requestHeaders.Headers.AddHeaders()): requestHeaders.Headers.AddHeaders is PASSED

2018-08-16 16:35:27 - [MESSAGE][PASSED] - requestHeaders.Headers.AddHeaders is PASSED

2018-08-16 16:35:27 - [TEST_STEP][PASSED] - Statement - response = com.kms.katalon.core.webservice.keyword.WSBuiltInKeywords.sendRequest(request): Send request successfully

2018-08-16 16:35:27 - [MESSAGE][PASSED] - Send request successfully

2018-08-16 16:35:27 - [TEST_STEP][PASSED] - Statement - return response: null

2018-08-16 16:35:27 - [MESSAGE][PASSED] - Call Test Case 'Test Cases/Library/Community/Get Discussions' successfully

2018-08-16 16:35:27 - [TEST_STEP][PASSED] - Statement - DiscussionId = discussions: getAttributeValue.GetAttributeValue.GetAttribute is PASSED

2018-08-16 16:35:27 - [MESSAGE][PASSED] - getAttributeValue.GetAttributeValue.GetAttribute is PASSED

2018-08-16 16:35:27 - [TEST_STEP][PASSED] - Statement - ResponseText = res1.getResponseText(): null

2018-08-16 16:35:27 - [TEST_STEP][PASSED] - Statement - id = ""id"": null

2018-08-16 16:35:27 - [TEST_STEP][PASSED] - Statement - firstIndex = ResponseText.indexOf(id) + id.length(): null

2018-08-16 16:35:27 - [TEST_STEP][PASSED] - Statement - name = ResponseText.substring(firstIndex): null

2018-08-16 16:35:27 - [TEST_STEP][PASSED] - Statement - lastIndex = name.indexOf(","): null

2018-08-16 16:35:27 - [TEST_STEP][PASSED] - Statement - finalString = name.substring(0, lastIndex).replace(""", "").replaceAll("[:]", "").trim(): null

2018-08-16 16:35:27 - [TEST_STEP][PASSED] - Statement - editDis = com.kms.katalon.core.webui.keyword.WebUiBuiltInKeywords.callTestCase(com.kms.katalon.core.testcase.TestCaseFactory.findTestCase(Library/Contributer/Eidt Discussion), ["DiscussionName":newDiscussionName, "DiscussionID":finalString], STOP_ON_FAILURE): Call Test Case 'Test Cases/Library/Contributer/Eidt Discussion' successfully

2018-08-16 16:35:27 - [TEST_CASE][PASSED] - Test Cases/Library/Contributer/Eidt Discussion: Test Cases/Library/Contributer/Eidt Discussion

2018-08-16 16:35:27 - [TEST_STEP][PASSED] - Statement - editResponse = com.kms.katalon.core.testobject.ObjectRepository.findTestObject(Object Repository/Community/Edit Discussion, [host:internal.GlobalVariable.g_URL]): Finding Test Object with id 'Object Repository/Community/Edit Discussion'

2018-08-16 16:35:27 - [TEST_STEP][PASSED] - Statement - editResponse.setHttpHeaderProperties(CustomKeywords.requestHeaders.Headers.AddHeaders(ContributerToken)): requestHeaders.Headers.AddHeaders is PASSED

2018-08-16 16:35:27 - [MESSAGE][PASSED] - requestHeaders.Headers.AddHeaders is PASSED

2018-08-16 16:35:27 - [TEST_STEP][PASSED] - Statement - reponse = <not implemented yet for class: org.codehaus.groovy.ast.expr.EmptyExpression>: null

2018-08-16 16:35:27 - [TEST_STEP][PASSED] - Statement - vsRequestBody = "": null

2018-08-16 16:35:27 - [TEST_STEP][PASSED] - Statement - vsRequestBody = editResponse.getHttpBody(): null

2018-08-16 16:35:27 - [TEST_STEP][PASSED] - Statement - vsRequestBody = vsRequestBody.replace("${DiscussionName}", """ + DiscussionName + """): null

2018-08-16 16:35:27 - [TEST_STEP][PASSED] - Statement - vsRequestBody = vsRequestBody.replace("${DiscussionID}", """ + DiscussionID + """): null

2018-08-16 16:35:27 - [TEST_STEP][PASSED] - Statement - editResponse.setHttpBody(vsRequestBody): null

2018-08-16 16:35:27 - [TEST_STEP][PASSED] - Statement - response = com.kms.katalon.core.webservice.keyword.WSBuiltInKeywords.sendRequest(editResponse): Send request successfully

2018-08-16 16:35:27 - [MESSAGE][PASSED] - Send request successfully

2018-08-16 16:35:27 - [TEST_STEP][PASSED] - verifyResponseStatusCode: Verify response status code successfully

2018-08-16 16:35:27 - [MESSAGE][PASSED] - Verify response status code successfully

2018-08-16 16:35:27 - [TEST_STEP][PASSED] - Statement - return response: null

2018-08-16 16:35:27 - [MESSAGE][PASSED] - Call Test Case 'Test Cases/Library/Contributer/Eidt Discussion' successfully

2018-08-16 16:35:27 - [TEST_STEP][PASSED] - verifyResponseStatusCode: Verify response status code successfully

2018-08-16 16:35:27 - [MESSAGE][PASSED] - Verify response status code successfully

2018-08-16 16:35:27 - [TEST_STEP][PASSED] - containsString: Check contain string successfully

2018-08-16 16:35:27 - [MESSAGE][PASSED] - Check contain string successfully

2018-08-16 16:35:27 - [TEST_STEP][PASSED] - callTestCase: Call Test Case 'Test Cases/Library/Community/Delete Community' successfully

2018-08-16 16:35:27 - [TEST_CASE][PASSED] - Test Cases/Library/Community/Delete Community: Test Cases/Library/Community/Delete Community

2018-08-16 16:35:27 - [TEST_STEP][PASSED] - Statement - deleteCommunity = com.kms.katalon.core.testobject.ObjectRepository.findTestObject(Community/Delete Community, [host:internal.GlobalVariable.g_URL, communityID:communityID]): Finding Test Object with id 'Object Repository/Community/Delete Community'

2018-08-16 16:35:27 - [TEST_STEP][PASSED] - Statement - deleteCommunity.setHttpHeaderProperties(CustomKeywords.requestHeaders.Headers.AddHeaders()): requestHeaders.Headers.AddHeaders is PASSED

2018-08-16 16:35:27 - [MESSAGE][PASSED] - requestHeaders.Headers.AddHeaders is PASSED

2018-08-16 16:35:27 - [TEST_STEP][PASSED] - Statement - deleteCommunityRes = com.kms.katalon.core.webservice.keyword.WSBuiltInKeywords.sendRequest(deleteCommunity): Send request successfully

2018-08-16 16:35:27 - [MESSAGE][PASSED] - Send request successfully

2018-08-16 16:35:27 - [TEST_STEP][PASSED] - verifyResponseStatusCode: Verify response status code successfully

2018-08-16 16:35:27 - [MESSAGE][PASSED] - Verify response status code successfully

2018-08-16 16:35:27 - [TEST_STEP][PASSED] - delay: Delayed 10 second(s)

2018-08-16 16:35:37 - [MESSAGE][PASSED] - Delayed 10 second(s)

2018-08-16 16:35:37 - [TEST_STEP][PASSED] - Statement - reqObj = new com.kms.katalon.core.testobject.RequestObject(): null

2018-08-16 16:35:37 - [TEST_STEP][PASSED] - Statement - reqObj.setHttpHeaderProperties(CustomKeywords.requestHeaders.Headers.AddHeaders()): requestHeaders.Headers.AddHeaders is PASSED

2018-08-16 16:35:37 - [MESSAGE][PASSED] - requestHeaders.Headers.AddHeaders is PASSED

2018-08-16 16:35:37 - [TEST_STEP][PASSED] - Statement - reqObj.setRestRequestMethod("GET"): null

2018-08-16 16:35:37 - [TEST_STEP][PASSED] - Statement - reqObj.setRestUrl(g_URL + "/Services/api/sumtSocial/communities/" + communityID): null

2018-08-16 16:35:37 - [TEST_STEP][PASSED] - Statement - getResponse = com.kms.katalon.core.webservice.keyword.WSBuiltInKeywords.sendRequest(reqObj): Send request successfully

2018-08-16 16:35:37 - [MESSAGE][PASSED] - Send request successfully

2018-08-16 16:35:37 - [TEST_STEP][PASSED] - verifyResponseStatusCode: Verify response status code successfully

2018-08-16 16:35:37 - [MESSAGE][PASSED] - Verify response status code successfully

2018-08-16 16:35:37 - [TEST_STEP][PASSED] - Statement - boolVal = getResponse.getResponseText().equalsIgnoreCase("null"): null

2018-08-16 16:35:37 - [TEST_STEP][PASSED] - Statement - return boolVal: null

2018-08-16 16:35:37 - [MESSAGE][PASSED] - Call Test Case 'Test Cases/Library/Community/Delete Community' successfully]]></system-out>
         <system-err><![CDATA[]]></system-err>
      </testcase>
      <testcase name="Test Cases/TestCases/Social_SecurityAndRole_MOB-3489/TC-135482Verify Contributor Deleting own Discussion in a Community" classname="Test Cases/TestCases/Social_SecurityAndRole_MOB-3489/TC-135482Verify Contributor Deleting own Discussion in a Community" status="PASSED">
         <system-out><![CDATA[2018-08-16 16:35:37 - [TEST_CASE][PASSED] - Test Cases/TestCases/Social_SecurityAndRole_MOB-3489/TC-135482Verify Contributor Deleting own Discussion in a Community: Test Cases/TestCases/Social_SecurityAndRole_MOB-3489/TC-135482Verify Contributor Deleting own Discussion in a Community

2018-08-16 16:35:38 - [TEST_STEP][PASSED] - Statement - data = com.kms.katalon.core.testdata.TestDataFactory.findTestData(TestData): Reading CSV file with source file 'comma', separator 'containing header' and '{2}'

2018-08-16 16:35:38 - [TEST_STEP][PASSED] - Statement - response = com.kms.katalon.core.webui.keyword.WebUiBuiltInKeywords.callTestCase(com.kms.katalon.core.testcase.TestCaseFactory.findTestCase(Library/Community/Create Community), ["communityName":data.getValue("CommunityName", 30), "CommunityDesc":data.getValue("CommunityDesc", 30), "allowDiscussionBoards":true, ... ], STOP_ON_FAILURE): Call Test Case 'Test Cases/Library/Community/Create Community' successfully

2018-08-16 16:35:38 - [TEST_CASE][PASSED] - Test Cases/Library/Community/Create Community: Test Cases/Library/Community/Create Community

2018-08-16 16:35:38 - [TEST_STEP][PASSED] - Statement - request = com.kms.katalon.core.testobject.ObjectRepository.findTestObject(Community/POST Create Community, [host:internal.GlobalVariable.g_URL]): Finding Test Object with id 'Object Repository/Community/POST Create Community'

2018-08-16 16:35:38 - [TEST_STEP][PASSED] - Statement - request.setHttpHeaderProperties(CustomKeywords.requestHeaders.Headers.AddHeaders()): requestHeaders.Headers.AddHeaders is PASSED

2018-08-16 16:35:38 - [MESSAGE][PASSED] - requestHeaders.Headers.AddHeaders is PASSED

2018-08-16 16:35:38 - [TEST_STEP][PASSED] - Statement - reponse = <not implemented yet for class: org.codehaus.groovy.ast.expr.EmptyExpression>: null

2018-08-16 16:35:38 - [TEST_STEP][PASSED] - Statement - vsRequestBody = "": null

2018-08-16 16:35:38 - [TEST_STEP][PASSED] - Statement - vsRequestBody = request.getHttpBody(): null

2018-08-16 16:35:38 - [TEST_STEP][PASSED] - Statement - vsRequestBody = vsRequestBody.replace("${CommunityName}", """ + communityName + """): null

2018-08-16 16:35:38 - [TEST_STEP][PASSED] - Statement - vsRequestBody = vsRequestBody.replace("${CommunityDesc}", """ + CommunityDesc + """): null

2018-08-16 16:35:38 - [TEST_STEP][PASSED] - Statement - vsRequestBody = vsRequestBody.replace("${allowDiscussionBoards}", """ + allowDiscussionBoards + """): null

2018-08-16 16:35:38 - [TEST_STEP][PASSED] - Statement - vsRequestBody = vsRequestBody.replace("${allowBlogPosts}", """ + allowBlogPosts + """): null

2018-08-16 16:35:38 - [TEST_STEP][PASSED] - Statement - vsRequestBody = vsRequestBody.replace("${allowFileUploads}", """ + allowFileUploads + """): null

2018-08-16 16:35:38 - [TEST_STEP][PASSED] - Statement - vsRequestBody = vsRequestBody.replace("${isPrivate}", """ + isPrivate + """): null

2018-08-16 16:35:38 - [TEST_STEP][PASSED] - Statement - vsRequestBody = vsRequestBody.replace("${userName}", """ + userName + """): null

2018-08-16 16:35:38 - [TEST_STEP][PASSED] - Statement - vsRequestBody = vsRequestBody.replace("${userId}", """ + userId + """): null

2018-08-16 16:35:38 - [TEST_STEP][PASSED] - Statement - vsRequestBody = vsRequestBody.replace("${role}", """ + role + """): null

2018-08-16 16:35:38 - [TEST_STEP][PASSED] - Statement - vsRequestBody = vsRequestBody.replace("${userStatus}", """ + userStatus + """): null

2018-08-16 16:35:38 - [TEST_STEP][PASSED] - Statement - vsRequestBody = vsRequestBody.replace("${communityCode}", """ + communityCode + """): null

2018-08-16 16:35:38 - [TEST_STEP][PASSED] - Statement - vsRequestBody = vsRequestBody.replace("${hidden}", """ + isHidden + """): null

2018-08-16 16:35:38 - [TEST_STEP][PASSED] - Statement - request.setHttpBody(vsRequestBody): null

2018-08-16 16:35:38 - [TEST_STEP][PASSED] - Statement - response = com.kms.katalon.core.webservice.keyword.WSBuiltInKeywords.sendRequest(request): Send request successfully

2018-08-16 16:35:38 - [MESSAGE][PASSED] - Send request successfully

2018-08-16 16:35:38 - [TEST_STEP][PASSED] - verifyResponseStatusCode: Verify response status code successfully

2018-08-16 16:35:38 - [MESSAGE][PASSED] - Verify response status code successfully

2018-08-16 16:35:38 - [TEST_STEP][PASSED] - containsString: Check contain string successfully

2018-08-16 16:35:38 - [MESSAGE][PASSED] - Check contain string successfully

2018-08-16 16:35:38 - [TEST_STEP][PASSED] - Statement - return response: null

2018-08-16 16:35:38 - [MESSAGE][PASSED] - Call Test Case 'Test Cases/Library/Community/Create Community' successfully

2018-08-16 16:35:38 - [TEST_STEP][PASSED] - Statement - CommunityID = id: getAttributeValue.GetAttributeValue.GetAttribute is PASSED

2018-08-16 16:35:38 - [MESSAGE][PASSED] - getAttributeValue.GetAttributeValue.GetAttribute is PASSED

2018-08-16 16:35:38 - [TEST_STEP][PASSED] - callTestCase: Call Test Case 'Test Cases/Library/Community/Add a member to community' successfully

2018-08-16 16:35:38 - [TEST_CASE][PASSED] - Test Cases/Library/Community/Add a member to community: Test Cases/Library/Community/Add a member to community

2018-08-16 16:35:38 - [TEST_STEP][PASSED] - Statement - request = com.kms.katalon.core.testobject.ObjectRepository.findTestObject(Object Repository/Community/Add a member to community, [host:internal.GlobalVariable.g_URL, CommunityID:communityID]): Finding Test Object with id 'Object Repository/Community/Add a member to community'

2018-08-16 16:35:38 - [TEST_STEP][PASSED] - Statement - request.setHttpHeaderProperties(CustomKeywords.requestHeaders.Headers.AddHeaders()): requestHeaders.Headers.AddHeaders is PASSED

2018-08-16 16:35:38 - [MESSAGE][PASSED] - requestHeaders.Headers.AddHeaders is PASSED

2018-08-16 16:35:38 - [TEST_STEP][PASSED] - Statement - reponse = <not implemented yet for class: org.codehaus.groovy.ast.expr.EmptyExpression>: null

2018-08-16 16:35:38 - [TEST_STEP][PASSED] - Statement - vsRequestBody = "": null

2018-08-16 16:35:38 - [TEST_STEP][PASSED] - Statement - vsRequestBody = request.getHttpBody(): null

2018-08-16 16:35:38 - [TEST_STEP][PASSED] - Statement - vsRequestBody = vsRequestBody.replace("${rating}", """ + rating + """): null

2018-08-16 16:35:38 - [TEST_STEP][PASSED] - Statement - vsRequestBody = vsRequestBody.replace("${userID}", """ + userID + """): null

2018-08-16 16:35:38 - [TEST_STEP][PASSED] - Statement - vsRequestBody = vsRequestBody.replace("${userName}", """ + userName + """): null

2018-08-16 16:35:38 - [TEST_STEP][PASSED] - Statement - request.setHttpBody(vsRequestBody): null

2018-08-16 16:35:38 - [TEST_STEP][PASSED] - Statement - response = com.kms.katalon.core.webservice.keyword.WSBuiltInKeywords.sendRequest(request): Send request successfully

2018-08-16 16:35:38 - [MESSAGE][PASSED] - Send request successfully

2018-08-16 16:35:38 - [TEST_STEP][PASSED] - verifyResponseStatusCode: Verify response status code successfully

2018-08-16 16:35:38 - [MESSAGE][PASSED] - Verify response status code successfully

2018-08-16 16:35:38 - [TEST_STEP][PASSED] - Statement - return response: null

2018-08-16 16:35:38 - [MESSAGE][PASSED] - Call Test Case 'Test Cases/Library/Community/Add a member to community' successfully

2018-08-16 16:35:38 - [TEST_STEP][PASSED] - callTestCase: Call Test Case 'Test Cases/Library/Contributer/Create discussion under community' successfully

2018-08-16 16:35:38 - [TEST_CASE][PASSED] - Test Cases/Library/Contributer/Create discussion under community: Test Cases/Library/Contributer/Create discussion under community

2018-08-16 16:35:38 - [TEST_STEP][PASSED] - Statement - request = com.kms.katalon.core.testobject.ObjectRepository.findTestObject(Object Repository/Community/Create discussion under community, [host:internal.GlobalVariable.g_URL]): Finding Test Object with id 'Object Repository/Community/Create discussion under community'

2018-08-16 16:35:38 - [TEST_STEP][PASSED] - Statement - request.setHttpHeaderProperties(CustomKeywords.requestHeaders.Headers.AddHeaders(ContributerToken)): requestHeaders.Headers.AddHeaders is PASSED

2018-08-16 16:35:38 - [MESSAGE][PASSED] - requestHeaders.Headers.AddHeaders is PASSED

2018-08-16 16:35:38 - [TEST_STEP][PASSED] - Statement - response = <not implemented yet for class: org.codehaus.groovy.ast.expr.EmptyExpression>: null

2018-08-16 16:35:38 - [TEST_STEP][PASSED] - Statement - vsRequestBody = "": null

2018-08-16 16:35:38 - [TEST_STEP][PASSED] - Statement - vsRequestBody = request.getHttpBody(): null

2018-08-16 16:35:38 - [TEST_STEP][PASSED] - Statement - vsRequestBody = vsRequestBody.replace("${CommunityID}", """ + CommunityID + """): null

2018-08-16 16:35:38 - [TEST_STEP][PASSED] - Statement - vsRequestBody = vsRequestBody.replace("${DiscussionName}", DiscussionName): null

2018-08-16 16:35:38 - [TEST_STEP][PASSED] - Statement - vsRequestBody = vsRequestBody.replace("${DiscussionDesc}", """ + DiscussionDesc + """): null

2018-08-16 16:35:38 - [TEST_STEP][PASSED] - Statement - request.setHttpBody(vsRequestBody): null

2018-08-16 16:35:38 - [TEST_STEP][PASSED] - Statement - response = com.kms.katalon.core.webservice.keyword.WSBuiltInKeywords.sendRequest(request): Send request successfully

2018-08-16 16:35:38 - [MESSAGE][PASSED] - Send request successfully

2018-08-16 16:35:38 - [TEST_STEP][PASSED] - verifyResponseStatusCode: Verify response status code successfully

2018-08-16 16:35:38 - [MESSAGE][PASSED] - Verify response status code successfully

2018-08-16 16:35:38 - [TEST_STEP][PASSED] - Statement - return response: null

2018-08-16 16:35:38 - [MESSAGE][PASSED] - Call Test Case 'Test Cases/Library/Contributer/Create discussion under community' successfully

2018-08-16 16:35:38 - [TEST_STEP][PASSED] - Statement - res1 = com.kms.katalon.core.webui.keyword.WebUiBuiltInKeywords.callTestCase(com.kms.katalon.core.testcase.TestCaseFactory.findTestCase(Library/Community/Get Discussions), ["CommunityID":CommunityID], STOP_ON_FAILURE): Call Test Case 'Test Cases/Library/Community/Get Discussions' successfully

2018-08-16 16:35:38 - [TEST_CASE][PASSED] - Test Cases/Library/Community/Get Discussions: Test Cases/Library/Community/Get Discussions

2018-08-16 16:35:38 - [TEST_STEP][PASSED] - Statement - request = com.kms.katalon.core.testobject.ObjectRepository.findTestObject(Object Repository/Community/Get Discussions, [host:internal.GlobalVariable.g_URL, CommunityID:CommunityID]): Finding Test Object with id 'Object Repository/Community/Get Discussions'

2018-08-16 16:35:38 - [TEST_STEP][PASSED] - Statement - request.setHttpHeaderProperties(CustomKeywords.requestHeaders.Headers.AddHeaders()): requestHeaders.Headers.AddHeaders is PASSED

2018-08-16 16:35:38 - [MESSAGE][PASSED] - requestHeaders.Headers.AddHeaders is PASSED

2018-08-16 16:35:38 - [TEST_STEP][PASSED] - Statement - response = com.kms.katalon.core.webservice.keyword.WSBuiltInKeywords.sendRequest(request): Send request successfully

2018-08-16 16:35:38 - [MESSAGE][PASSED] - Send request successfully

2018-08-16 16:35:38 - [TEST_STEP][PASSED] - Statement - return response: null

2018-08-16 16:35:38 - [MESSAGE][PASSED] - Call Test Case 'Test Cases/Library/Community/Get Discussions' successfully

2018-08-16 16:35:38 - [TEST_STEP][PASSED] - Statement - DiscussionId = discussions: getAttributeValue.GetAttributeValue.GetAttribute is PASSED

2018-08-16 16:35:38 - [MESSAGE][PASSED] - getAttributeValue.GetAttributeValue.GetAttribute is PASSED

2018-08-16 16:35:38 - [TEST_STEP][PASSED] - Statement - ResponseText = res1.getResponseText(): null

2018-08-16 16:35:38 - [TEST_STEP][PASSED] - Statement - id = ""id"": null

2018-08-16 16:35:38 - [TEST_STEP][PASSED] - Statement - firstIndex = ResponseText.indexOf(id) + id.length(): null

2018-08-16 16:35:38 - [TEST_STEP][PASSED] - Statement - name = ResponseText.substring(firstIndex): null

2018-08-16 16:35:38 - [TEST_STEP][PASSED] - Statement - lastIndex = name.indexOf(","): null

2018-08-16 16:35:38 - [TEST_STEP][PASSED] - Statement - finalString = name.substring(0, lastIndex).replace(""", "").replaceAll("[:]", "").trim(): null

2018-08-16 16:35:38 - [TEST_STEP][PASSED] - Statement - res = com.kms.katalon.core.webui.keyword.WebUiBuiltInKeywords.callTestCase(com.kms.katalon.core.testcase.TestCaseFactory.findTestCase(Library/Contributer/Delete Discussion Thread), ["DiscussionID":finalString], STOP_ON_FAILURE): Call Test Case 'Test Cases/Library/Contributer/Delete Discussion Thread' successfully

2018-08-16 16:35:38 - [TEST_CASE][PASSED] - Test Cases/Library/Contributer/Delete Discussion Thread: Test Cases/Library/Contributer/Delete Discussion Thread

2018-08-16 16:35:38 - [TEST_STEP][PASSED] - Statement - request = com.kms.katalon.core.testobject.ObjectRepository.findTestObject(Object Repository/Community/Delete Discussion Thread, [host:internal.GlobalVariable.g_URL, DiscussionID:DiscussionID]): Finding Test Object with id 'Object Repository/Community/Delete Discussion Thread'

2018-08-16 16:35:38 - [TEST_STEP][PASSED] - Statement - request.setHttpHeaderProperties(CustomKeywords.requestHeaders.Headers.AddHeaders(ContributerToken)): requestHeaders.Headers.AddHeaders is PASSED

2018-08-16 16:35:38 - [MESSAGE][PASSED] - requestHeaders.Headers.AddHeaders is PASSED

2018-08-16 16:35:38 - [TEST_STEP][PASSED] - Statement - response = com.kms.katalon.core.webservice.keyword.WSBuiltInKeywords.sendRequest(request): Send request successfully

2018-08-16 16:35:39 - [MESSAGE][PASSED] - Send request successfully

2018-08-16 16:35:39 - [TEST_STEP][PASSED] - verifyResponseStatusCode: Verify response status code successfully

2018-08-16 16:35:39 - [MESSAGE][PASSED] - Verify response status code successfully

2018-08-16 16:35:39 - [TEST_STEP][PASSED] - Statement - return response: null

2018-08-16 16:35:39 - [MESSAGE][PASSED] - Call Test Case 'Test Cases/Library/Contributer/Delete Discussion Thread' successfully

2018-08-16 16:35:39 - [TEST_STEP][PASSED] - verifyResponseStatusCode: Verify response status code successfully

2018-08-16 16:35:39 - [MESSAGE][PASSED] - Verify response status code successfully]]></system-out>
         <system-err><![CDATA[]]></system-err>
      </testcase>
      <testcase name="Test Cases/TestCases/Social_SecurityAndRole_MOB-3489/TC-135483Verify Contributor replying to Discussion in a Community" classname="Test Cases/TestCases/Social_SecurityAndRole_MOB-3489/TC-135483Verify Contributor replying to Discussion in a Community" status="PASSED">
         <system-out><![CDATA[2018-08-16 16:35:39 - [TEST_CASE][PASSED] - Test Cases/TestCases/Social_SecurityAndRole_MOB-3489/TC-135483Verify Contributor replying to Discussion in a Community: Test Cases/TestCases/Social_SecurityAndRole_MOB-3489/TC-135483Verify Contributor replying to Discussion in a Community

2018-08-16 16:35:39 - [TEST_STEP][PASSED] - Statement - data = com.kms.katalon.core.testdata.TestDataFactory.findTestData(TestData): Reading CSV file with source file 'comma', separator 'containing header' and '{2}'

2018-08-16 16:35:39 - [TEST_STEP][PASSED] - Statement - response = com.kms.katalon.core.webui.keyword.WebUiBuiltInKeywords.callTestCase(com.kms.katalon.core.testcase.TestCaseFactory.findTestCase(Library/Community/Create Community), ["communityName":data.getValue("CommunityName", 46), "CommunityDesc":data.getValue("CommunityDesc", 46), "allowDiscussionBoards":true, ... ], STOP_ON_FAILURE): Call Test Case 'Test Cases/Library/Community/Create Community' successfully

2018-08-16 16:35:39 - [TEST_CASE][PASSED] - Test Cases/Library/Community/Create Community: Test Cases/Library/Community/Create Community

2018-08-16 16:35:39 - [TEST_STEP][PASSED] - Statement - request = com.kms.katalon.core.testobject.ObjectRepository.findTestObject(Community/POST Create Community, [host:internal.GlobalVariable.g_URL]): Finding Test Object with id 'Object Repository/Community/POST Create Community'

2018-08-16 16:35:39 - [TEST_STEP][PASSED] - Statement - request.setHttpHeaderProperties(CustomKeywords.requestHeaders.Headers.AddHeaders()): requestHeaders.Headers.AddHeaders is PASSED

2018-08-16 16:35:39 - [MESSAGE][PASSED] - requestHeaders.Headers.AddHeaders is PASSED

2018-08-16 16:35:39 - [TEST_STEP][PASSED] - Statement - reponse = <not implemented yet for class: org.codehaus.groovy.ast.expr.EmptyExpression>: null

2018-08-16 16:35:39 - [TEST_STEP][PASSED] - Statement - vsRequestBody = "": null

2018-08-16 16:35:39 - [TEST_STEP][PASSED] - Statement - vsRequestBody = request.getHttpBody(): null

2018-08-16 16:35:39 - [TEST_STEP][PASSED] - Statement - vsRequestBody = vsRequestBody.replace("${CommunityName}", """ + communityName + """): null

2018-08-16 16:35:39 - [TEST_STEP][PASSED] - Statement - vsRequestBody = vsRequestBody.replace("${CommunityDesc}", """ + CommunityDesc + """): null

2018-08-16 16:35:39 - [TEST_STEP][PASSED] - Statement - vsRequestBody = vsRequestBody.replace("${allowDiscussionBoards}", """ + allowDiscussionBoards + """): null

2018-08-16 16:35:39 - [TEST_STEP][PASSED] - Statement - vsRequestBody = vsRequestBody.replace("${allowBlogPosts}", """ + allowBlogPosts + """): null

2018-08-16 16:35:39 - [TEST_STEP][PASSED] - Statement - vsRequestBody = vsRequestBody.replace("${allowFileUploads}", """ + allowFileUploads + """): null

2018-08-16 16:35:39 - [TEST_STEP][PASSED] - Statement - vsRequestBody = vsRequestBody.replace("${isPrivate}", """ + isPrivate + """): null

2018-08-16 16:35:39 - [TEST_STEP][PASSED] - Statement - vsRequestBody = vsRequestBody.replace("${userName}", """ + userName + """): null

2018-08-16 16:35:39 - [TEST_STEP][PASSED] - Statement - vsRequestBody = vsRequestBody.replace("${userId}", """ + userId + """): null

2018-08-16 16:35:39 - [TEST_STEP][PASSED] - Statement - vsRequestBody = vsRequestBody.replace("${role}", """ + role + """): null

2018-08-16 16:35:39 - [TEST_STEP][PASSED] - Statement - vsRequestBody = vsRequestBody.replace("${userStatus}", """ + userStatus + """): null

2018-08-16 16:35:39 - [TEST_STEP][PASSED] - Statement - vsRequestBody = vsRequestBody.replace("${communityCode}", """ + communityCode + """): null

2018-08-16 16:35:39 - [TEST_STEP][PASSED] - Statement - vsRequestBody = vsRequestBody.replace("${hidden}", """ + isHidden + """): null

2018-08-16 16:35:39 - [TEST_STEP][PASSED] - Statement - request.setHttpBody(vsRequestBody): null

2018-08-16 16:35:39 - [TEST_STEP][PASSED] - Statement - response = com.kms.katalon.core.webservice.keyword.WSBuiltInKeywords.sendRequest(request): Send request successfully

2018-08-16 16:35:39 - [MESSAGE][PASSED] - Send request successfully

2018-08-16 16:35:39 - [TEST_STEP][PASSED] - verifyResponseStatusCode: Verify response status code successfully

2018-08-16 16:35:39 - [MESSAGE][PASSED] - Verify response status code successfully

2018-08-16 16:35:39 - [TEST_STEP][PASSED] - containsString: Check contain string successfully

2018-08-16 16:35:39 - [MESSAGE][PASSED] - Check contain string successfully

2018-08-16 16:35:39 - [TEST_STEP][PASSED] - Statement - return response: null

2018-08-16 16:35:39 - [MESSAGE][PASSED] - Call Test Case 'Test Cases/Library/Community/Create Community' successfully

2018-08-16 16:35:39 - [TEST_STEP][PASSED] - Statement - CommunityID = id: getAttributeValue.GetAttributeValue.GetAttribute is PASSED

2018-08-16 16:35:39 - [MESSAGE][PASSED] - getAttributeValue.GetAttributeValue.GetAttribute is PASSED

2018-08-16 16:35:39 - [TEST_STEP][PASSED] - callTestCase: Call Test Case 'Test Cases/Library/Community/Add a member to community' successfully

2018-08-16 16:35:39 - [TEST_CASE][PASSED] - Test Cases/Library/Community/Add a member to community: Test Cases/Library/Community/Add a member to community

2018-08-16 16:35:39 - [TEST_STEP][PASSED] - Statement - request = com.kms.katalon.core.testobject.ObjectRepository.findTestObject(Object Repository/Community/Add a member to community, [host:internal.GlobalVariable.g_URL, CommunityID:communityID]): Finding Test Object with id 'Object Repository/Community/Add a member to community'

2018-08-16 16:35:39 - [TEST_STEP][PASSED] - Statement - request.setHttpHeaderProperties(CustomKeywords.requestHeaders.Headers.AddHeaders()): requestHeaders.Headers.AddHeaders is PASSED

2018-08-16 16:35:39 - [MESSAGE][PASSED] - requestHeaders.Headers.AddHeaders is PASSED

2018-08-16 16:35:39 - [TEST_STEP][PASSED] - Statement - reponse = <not implemented yet for class: org.codehaus.groovy.ast.expr.EmptyExpression>: null

2018-08-16 16:35:39 - [TEST_STEP][PASSED] - Statement - vsRequestBody = "": null

2018-08-16 16:35:39 - [TEST_STEP][PASSED] - Statement - vsRequestBody = request.getHttpBody(): null

2018-08-16 16:35:39 - [TEST_STEP][PASSED] - Statement - vsRequestBody = vsRequestBody.replace("${rating}", """ + rating + """): null

2018-08-16 16:35:39 - [TEST_STEP][PASSED] - Statement - vsRequestBody = vsRequestBody.replace("${userID}", """ + userID + """): null

2018-08-16 16:35:39 - [TEST_STEP][PASSED] - Statement - vsRequestBody = vsRequestBody.replace("${userName}", """ + userName + """): null

2018-08-16 16:35:39 - [TEST_STEP][PASSED] - Statement - request.setHttpBody(vsRequestBody): null

2018-08-16 16:35:39 - [TEST_STEP][PASSED] - Statement - response = com.kms.katalon.core.webservice.keyword.WSBuiltInKeywords.sendRequest(request): Send request successfully

2018-08-16 16:35:39 - [MESSAGE][PASSED] - Send request successfully

2018-08-16 16:35:39 - [TEST_STEP][PASSED] - verifyResponseStatusCode: Verify response status code successfully

2018-08-16 16:35:39 - [MESSAGE][PASSED] - Verify response status code successfully

2018-08-16 16:35:39 - [TEST_STEP][PASSED] - Statement - return response: null

2018-08-16 16:35:39 - [MESSAGE][PASSED] - Call Test Case 'Test Cases/Library/Community/Add a member to community' successfully

2018-08-16 16:35:39 - [TEST_STEP][PASSED] - callTestCase: Call Test Case 'Test Cases/Library/Community/Create discussion under community' successfully

2018-08-16 16:35:39 - [TEST_CASE][PASSED] - Test Cases/Library/Community/Create discussion under community: Test Cases/Library/Community/Create discussion under community

2018-08-16 16:35:39 - [TEST_STEP][PASSED] - Statement - request = com.kms.katalon.core.testobject.ObjectRepository.findTestObject(Object Repository/Community/Create discussion under community, [host:internal.GlobalVariable.g_URL]): Finding Test Object with id 'Object Repository/Community/Create discussion under community'

2018-08-16 16:35:39 - [TEST_STEP][PASSED] - Statement - request.setHttpHeaderProperties(CustomKeywords.requestHeaders.Headers.AddHeaders()): requestHeaders.Headers.AddHeaders is PASSED

2018-08-16 16:35:39 - [MESSAGE][PASSED] - requestHeaders.Headers.AddHeaders is PASSED

2018-08-16 16:35:39 - [TEST_STEP][PASSED] - Statement - response = <not implemented yet for class: org.codehaus.groovy.ast.expr.EmptyExpression>: null

2018-08-16 16:35:39 - [TEST_STEP][PASSED] - Statement - vsRequestBody = "": null

2018-08-16 16:35:39 - [TEST_STEP][PASSED] - Statement - vsRequestBody = request.getHttpBody(): null

2018-08-16 16:35:39 - [TEST_STEP][PASSED] - Statement - vsRequestBody = vsRequestBody.replace("${CommunityID}", """ + CommunityID + """): null

2018-08-16 16:35:39 - [TEST_STEP][PASSED] - Statement - vsRequestBody = vsRequestBody.replace("${DiscussionName}", DiscussionName): null

2018-08-16 16:35:39 - [TEST_STEP][PASSED] - Statement - vsRequestBody = vsRequestBody.replace("${DiscussionDesc}", """ + DiscussionDesc + """): null

2018-08-16 16:35:39 - [TEST_STEP][PASSED] - Statement - request.setHttpBody(vsRequestBody): null

2018-08-16 16:35:39 - [TEST_STEP][PASSED] - Statement - response = com.kms.katalon.core.webservice.keyword.WSBuiltInKeywords.sendRequest(request): Send request successfully

2018-08-16 16:35:39 - [MESSAGE][PASSED] - Send request successfully

2018-08-16 16:35:39 - [TEST_STEP][PASSED] - verifyResponseStatusCode: Verify response status code successfully

2018-08-16 16:35:39 - [MESSAGE][PASSED] - Verify response status code successfully

2018-08-16 16:35:39 - [TEST_STEP][PASSED] - Statement - return response: null

2018-08-16 16:35:39 - [MESSAGE][PASSED] - Call Test Case 'Test Cases/Library/Community/Create discussion under community' successfully

2018-08-16 16:35:39 - [TEST_STEP][PASSED] - Statement - res1 = com.kms.katalon.core.webui.keyword.WebUiBuiltInKeywords.callTestCase(com.kms.katalon.core.testcase.TestCaseFactory.findTestCase(Library/Community/Get Discussions), ["CommunityID":CommunityID], STOP_ON_FAILURE): Call Test Case 'Test Cases/Library/Community/Get Discussions' successfully

2018-08-16 16:35:39 - [TEST_CASE][PASSED] - Test Cases/Library/Community/Get Discussions: Test Cases/Library/Community/Get Discussions

2018-08-16 16:35:39 - [TEST_STEP][PASSED] - Statement - request = com.kms.katalon.core.testobject.ObjectRepository.findTestObject(Object Repository/Community/Get Discussions, [host:internal.GlobalVariable.g_URL, CommunityID:CommunityID]): Finding Test Object with id 'Object Repository/Community/Get Discussions'

2018-08-16 16:35:39 - [TEST_STEP][PASSED] - Statement - request.setHttpHeaderProperties(CustomKeywords.requestHeaders.Headers.AddHeaders()): requestHeaders.Headers.AddHeaders is PASSED

2018-08-16 16:35:39 - [MESSAGE][PASSED] - requestHeaders.Headers.AddHeaders is PASSED

2018-08-16 16:35:39 - [TEST_STEP][PASSED] - Statement - response = com.kms.katalon.core.webservice.keyword.WSBuiltInKeywords.sendRequest(request): Send request successfully

2018-08-16 16:35:39 - [MESSAGE][PASSED] - Send request successfully

2018-08-16 16:35:39 - [TEST_STEP][PASSED] - Statement - return response: null

2018-08-16 16:35:39 - [MESSAGE][PASSED] - Call Test Case 'Test Cases/Library/Community/Get Discussions' successfully

2018-08-16 16:35:39 - [TEST_STEP][PASSED] - Statement - DiscussionId = discussions: getAttributeValue.GetAttributeValue.GetAttribute is PASSED

2018-08-16 16:35:39 - [MESSAGE][PASSED] - getAttributeValue.GetAttributeValue.GetAttribute is PASSED

2018-08-16 16:35:39 - [TEST_STEP][PASSED] - Statement - ResponseText = res1.getResponseText(): null

2018-08-16 16:35:39 - [TEST_STEP][PASSED] - Statement - id = ""id"": null

2018-08-16 16:35:39 - [TEST_STEP][PASSED] - Statement - firstIndex = ResponseText.indexOf(id) + id.length(): null

2018-08-16 16:35:39 - [TEST_STEP][PASSED] - Statement - name = ResponseText.substring(firstIndex): null

2018-08-16 16:35:39 - [TEST_STEP][PASSED] - Statement - lastIndex = name.indexOf(","): null

2018-08-16 16:35:39 - [TEST_STEP][PASSED] - Statement - finalString = name.substring(0, lastIndex).replace(""", "").replaceAll("[:]", "").trim(): null

2018-08-16 16:35:39 - [TEST_STEP][PASSED] - Statement - res = com.kms.katalon.core.webui.keyword.WebUiBuiltInKeywords.callTestCase(com.kms.katalon.core.testcase.TestCaseFactory.findTestCase(Library/Contributer/Create a discussion thread), ["DiscussionID":finalString, "Comment":data.getValue("Comment", 46)], STOP_ON_FAILURE): Call Test Case 'Test Cases/Library/Contributer/Create a discussion thread' successfully

2018-08-16 16:35:39 - [TEST_CASE][PASSED] - Test Cases/Library/Contributer/Create a discussion thread: Test Cases/Library/Contributer/Create a discussion thread

2018-08-16 16:35:40 - [TEST_STEP][PASSED] - Statement - request = com.kms.katalon.core.testobject.ObjectRepository.findTestObject(Object Repository/Community/Create a discussion thread, [host:internal.GlobalVariable.g_URL]): Finding Test Object with id 'Object Repository/Community/Create a discussion thread'

2018-08-16 16:35:40 - [TEST_STEP][PASSED] - Statement - request.setHttpHeaderProperties(CustomKeywords.requestHeaders.Headers.AddHeaders(ContributerToken)): requestHeaders.Headers.AddHeaders is PASSED

2018-08-16 16:35:40 - [MESSAGE][PASSED] - requestHeaders.Headers.AddHeaders is PASSED

2018-08-16 16:35:40 - [TEST_STEP][PASSED] - Statement - response = <not implemented yet for class: org.codehaus.groovy.ast.expr.EmptyExpression>: null

2018-08-16 16:35:40 - [TEST_STEP][PASSED] - Statement - vsRequestBody = "": null

2018-08-16 16:35:40 - [TEST_STEP][PASSED] - Statement - vsRequestBody = request.getHttpBody(): null

2018-08-16 16:35:40 - [TEST_STEP][PASSED] - Statement - vsRequestBody = vsRequestBody.replace("${DiscussionID}", """ + DiscussionID + """): null

2018-08-16 16:35:40 - [TEST_STEP][PASSED] - Statement - request.setHttpBody(vsRequestBody): null

2018-08-16 16:35:40 - [TEST_STEP][PASSED] - Statement - response = com.kms.katalon.core.webservice.keyword.WSBuiltInKeywords.sendRequest(request): Send request successfully

2018-08-16 16:35:40 - [MESSAGE][PASSED] - Send request successfully

2018-08-16 16:35:40 - [TEST_STEP][PASSED] - verifyResponseStatusCode: Verify response status code successfully

2018-08-16 16:35:40 - [MESSAGE][PASSED] - Verify response status code successfully

2018-08-16 16:35:40 - [TEST_STEP][PASSED] - Statement - return response: null

2018-08-16 16:35:40 - [MESSAGE][PASSED] - Call Test Case 'Test Cases/Library/Contributer/Create a discussion thread' successfully

2018-08-16 16:35:40 - [TEST_STEP][PASSED] - verifyResponseStatusCode: Verify response status code successfully

2018-08-16 16:35:40 - [MESSAGE][PASSED] - Verify response status code successfully]]></system-out>
         <system-err><![CDATA[]]></system-err>
      </testcase>
      <testcase name="Test Cases/TestCases/Social_SecurityAndRole_MOB-3489/TC-135500Verify Contributor of a community is able to view discussions created by others" classname="Test Cases/TestCases/Social_SecurityAndRole_MOB-3489/TC-135500Verify Contributor of a community is able to view discussions created by others" status="PASSED">
         <system-out><![CDATA[2018-08-16 16:35:40 - [TEST_CASE][PASSED] - Test Cases/TestCases/Social_SecurityAndRole_MOB-3489/TC-135500Verify Contributor of a community is able to view discussions created by others: Test Cases/TestCases/Social_SecurityAndRole_MOB-3489/TC-135500Verify Contributor of a community is able to view discussions created by others

2018-08-16 16:35:40 - [TEST_STEP][PASSED] - Statement - data = com.kms.katalon.core.testdata.TestDataFactory.findTestData(TestData): Reading CSV file with source file 'comma', separator 'containing header' and '{2}'

2018-08-16 16:35:40 - [TEST_STEP][PASSED] - Statement - response = com.kms.katalon.core.webui.keyword.WebUiBuiltInKeywords.callTestCase(com.kms.katalon.core.testcase.TestCaseFactory.findTestCase(Library/Community/Create Community), ["communityName":data.getValue("CommunityName", 43), "CommunityDesc":data.getValue("CommunityDesc", 43), "allowDiscussionBoards":true, ... ], STOP_ON_FAILURE): Call Test Case 'Test Cases/Library/Community/Create Community' successfully

2018-08-16 16:35:40 - [TEST_CASE][PASSED] - Test Cases/Library/Community/Create Community: Test Cases/Library/Community/Create Community

2018-08-16 16:35:40 - [TEST_STEP][PASSED] - Statement - request = com.kms.katalon.core.testobject.ObjectRepository.findTestObject(Community/POST Create Community, [host:internal.GlobalVariable.g_URL]): Finding Test Object with id 'Object Repository/Community/POST Create Community'

2018-08-16 16:35:40 - [TEST_STEP][PASSED] - Statement - request.setHttpHeaderProperties(CustomKeywords.requestHeaders.Headers.AddHeaders()): requestHeaders.Headers.AddHeaders is PASSED

2018-08-16 16:35:40 - [MESSAGE][PASSED] - requestHeaders.Headers.AddHeaders is PASSED

2018-08-16 16:35:40 - [TEST_STEP][PASSED] - Statement - reponse = <not implemented yet for class: org.codehaus.groovy.ast.expr.EmptyExpression>: null

2018-08-16 16:35:42 - [TEST_STEP][PASSED] - Statement - vsRequestBody = "": null

2018-08-16 16:35:42 - [TEST_STEP][PASSED] - Statement - vsRequestBody = request.getHttpBody(): null

2018-08-16 16:35:42 - [TEST_STEP][PASSED] - Statement - vsRequestBody = vsRequestBody.replace("${CommunityName}", """ + communityName + """): null

2018-08-16 16:35:42 - [TEST_STEP][PASSED] - Statement - vsRequestBody = vsRequestBody.replace("${CommunityDesc}", """ + CommunityDesc + """): null

2018-08-16 16:35:42 - [TEST_STEP][PASSED] - Statement - vsRequestBody = vsRequestBody.replace("${allowDiscussionBoards}", """ + allowDiscussionBoards + """): null

2018-08-16 16:35:42 - [TEST_STEP][PASSED] - Statement - vsRequestBody = vsRequestBody.replace("${allowBlogPosts}", """ + allowBlogPosts + """): null

2018-08-16 16:35:42 - [TEST_STEP][PASSED] - Statement - vsRequestBody = vsRequestBody.replace("${allowFileUploads}", """ + allowFileUploads + """): null

2018-08-16 16:35:42 - [TEST_STEP][PASSED] - Statement - vsRequestBody = vsRequestBody.replace("${isPrivate}", """ + isPrivate + """): null

2018-08-16 16:35:42 - [TEST_STEP][PASSED] - Statement - vsRequestBody = vsRequestBody.replace("${userName}", """ + userName + """): null

2018-08-16 16:35:42 - [TEST_STEP][PASSED] - Statement - vsRequestBody = vsRequestBody.replace("${userId}", """ + userId + """): null

2018-08-16 16:35:42 - [TEST_STEP][PASSED] - Statement - vsRequestBody = vsRequestBody.replace("${role}", """ + role + """): null

2018-08-16 16:35:42 - [TEST_STEP][PASSED] - Statement - vsRequestBody = vsRequestBody.replace("${userStatus}", """ + userStatus + """): null

2018-08-16 16:35:42 - [TEST_STEP][PASSED] - Statement - vsRequestBody = vsRequestBody.replace("${communityCode}", """ + communityCode + """): null

2018-08-16 16:35:42 - [TEST_STEP][PASSED] - Statement - vsRequestBody = vsRequestBody.replace("${hidden}", """ + isHidden + """): null

2018-08-16 16:35:42 - [TEST_STEP][PASSED] - Statement - request.setHttpBody(vsRequestBody): null

2018-08-16 16:35:42 - [TEST_STEP][PASSED] - Statement - response = com.kms.katalon.core.webservice.keyword.WSBuiltInKeywords.sendRequest(request): Send request successfully

2018-08-16 16:35:42 - [MESSAGE][PASSED] - Send request successfully

2018-08-16 16:35:42 - [TEST_STEP][PASSED] - verifyResponseStatusCode: Verify response status code successfully

2018-08-16 16:35:42 - [MESSAGE][PASSED] - Verify response status code successfully

2018-08-16 16:35:42 - [TEST_STEP][PASSED] - containsString: Check contain string successfully

2018-08-16 16:35:42 - [MESSAGE][PASSED] - Check contain string successfully

2018-08-16 16:35:42 - [TEST_STEP][PASSED] - Statement - return response: null

2018-08-16 16:35:42 - [MESSAGE][PASSED] - Call Test Case 'Test Cases/Library/Community/Create Community' successfully

2018-08-16 16:35:42 - [TEST_STEP][PASSED] - Statement - CommunityID = id: getAttributeValue.GetAttributeValue.GetAttribute is PASSED

2018-08-16 16:35:42 - [MESSAGE][PASSED] - getAttributeValue.GetAttributeValue.GetAttribute is PASSED

2018-08-16 16:35:42 - [TEST_STEP][PASSED] - callTestCase: Call Test Case 'Test Cases/Library/Community/Create discussion under community' successfully

2018-08-16 16:35:42 - [TEST_CASE][PASSED] - Test Cases/Library/Community/Create discussion under community: Test Cases/Library/Community/Create discussion under community

2018-08-16 16:35:42 - [TEST_STEP][PASSED] - Statement - request = com.kms.katalon.core.testobject.ObjectRepository.findTestObject(Object Repository/Community/Create discussion under community, [host:internal.GlobalVariable.g_URL]): Finding Test Object with id 'Object Repository/Community/Create discussion under community'

2018-08-16 16:35:42 - [TEST_STEP][PASSED] - Statement - request.setHttpHeaderProperties(CustomKeywords.requestHeaders.Headers.AddHeaders()): requestHeaders.Headers.AddHeaders is PASSED

2018-08-16 16:35:42 - [MESSAGE][PASSED] - requestHeaders.Headers.AddHeaders is PASSED

2018-08-16 16:35:42 - [TEST_STEP][PASSED] - Statement - response = <not implemented yet for class: org.codehaus.groovy.ast.expr.EmptyExpression>: null

2018-08-16 16:35:42 - [TEST_STEP][PASSED] - Statement - vsRequestBody = "": null

2018-08-16 16:35:42 - [TEST_STEP][PASSED] - Statement - vsRequestBody = request.getHttpBody(): null

2018-08-16 16:35:42 - [TEST_STEP][PASSED] - Statement - vsRequestBody = vsRequestBody.replace("${CommunityID}", """ + CommunityID + """): null

2018-08-16 16:35:42 - [TEST_STEP][PASSED] - Statement - vsRequestBody = vsRequestBody.replace("${DiscussionName}", DiscussionName): null

2018-08-16 16:35:42 - [TEST_STEP][PASSED] - Statement - vsRequestBody = vsRequestBody.replace("${DiscussionDesc}", """ + DiscussionDesc + """): null

2018-08-16 16:35:42 - [TEST_STEP][PASSED] - Statement - request.setHttpBody(vsRequestBody): null

2018-08-16 16:35:42 - [TEST_STEP][PASSED] - Statement - response = com.kms.katalon.core.webservice.keyword.WSBuiltInKeywords.sendRequest(request): Send request successfully

2018-08-16 16:35:42 - [MESSAGE][PASSED] - Send request successfully

2018-08-16 16:35:42 - [TEST_STEP][PASSED] - verifyResponseStatusCode: Verify response status code successfully

2018-08-16 16:35:42 - [MESSAGE][PASSED] - Verify response status code successfully

2018-08-16 16:35:42 - [TEST_STEP][PASSED] - Statement - return response: null

2018-08-16 16:35:42 - [MESSAGE][PASSED] - Call Test Case 'Test Cases/Library/Community/Create discussion under community' successfully

2018-08-16 16:35:42 - [TEST_STEP][PASSED] - callTestCase: Call Test Case 'Test Cases/Library/Community/Add a member to community' successfully

2018-08-16 16:35:42 - [TEST_CASE][PASSED] - Test Cases/Library/Community/Add a member to community: Test Cases/Library/Community/Add a member to community

2018-08-16 16:35:42 - [TEST_STEP][PASSED] - Statement - request = com.kms.katalon.core.testobject.ObjectRepository.findTestObject(Object Repository/Community/Add a member to community, [host:internal.GlobalVariable.g_URL, CommunityID:communityID]): Finding Test Object with id 'Object Repository/Community/Add a member to community'

2018-08-16 16:35:42 - [TEST_STEP][PASSED] - Statement - request.setHttpHeaderProperties(CustomKeywords.requestHeaders.Headers.AddHeaders()): requestHeaders.Headers.AddHeaders is PASSED

2018-08-16 16:35:42 - [MESSAGE][PASSED] - requestHeaders.Headers.AddHeaders is PASSED

2018-08-16 16:35:42 - [TEST_STEP][PASSED] - Statement - reponse = <not implemented yet for class: org.codehaus.groovy.ast.expr.EmptyExpression>: null

2018-08-16 16:35:42 - [TEST_STEP][PASSED] - Statement - vsRequestBody = "": null

2018-08-16 16:35:42 - [TEST_STEP][PASSED] - Statement - vsRequestBody = request.getHttpBody(): null

2018-08-16 16:35:42 - [TEST_STEP][PASSED] - Statement - vsRequestBody = vsRequestBody.replace("${rating}", """ + rating + """): null

2018-08-16 16:35:42 - [TEST_STEP][PASSED] - Statement - vsRequestBody = vsRequestBody.replace("${userID}", """ + userID + """): null

2018-08-16 16:35:42 - [TEST_STEP][PASSED] - Statement - vsRequestBody = vsRequestBody.replace("${userName}", """ + userName + """): null

2018-08-16 16:35:42 - [TEST_STEP][PASSED] - Statement - request.setHttpBody(vsRequestBody): null

2018-08-16 16:35:42 - [TEST_STEP][PASSED] - Statement - response = com.kms.katalon.core.webservice.keyword.WSBuiltInKeywords.sendRequest(request): Send request successfully

2018-08-16 16:35:42 - [MESSAGE][PASSED] - Send request successfully

2018-08-16 16:35:42 - [TEST_STEP][PASSED] - verifyResponseStatusCode: Verify response status code successfully

2018-08-16 16:35:42 - [MESSAGE][PASSED] - Verify response status code successfully

2018-08-16 16:35:42 - [TEST_STEP][PASSED] - Statement - return response: null

2018-08-16 16:35:42 - [MESSAGE][PASSED] - Call Test Case 'Test Cases/Library/Community/Add a member to community' successfully

2018-08-16 16:35:42 - [TEST_STEP][PASSED] - Statement - res = com.kms.katalon.core.webui.keyword.WebUiBuiltInKeywords.callTestCase(com.kms.katalon.core.testcase.TestCaseFactory.findTestCase(Library/Contributer/Get Discussions), ["CommunityID":CommunityID], STOP_ON_FAILURE): Call Test Case 'Test Cases/Library/Contributer/Get Discussions' successfully

2018-08-16 16:35:42 - [TEST_CASE][PASSED] - Test Cases/Library/Contributer/Get Discussions: Test Cases/Library/Contributer/Get Discussions

2018-08-16 16:35:42 - [TEST_STEP][PASSED] - Statement - request = com.kms.katalon.core.testobject.ObjectRepository.findTestObject(Object Repository/Community/Get Discussions, [host:internal.GlobalVariable.g_URL, CommunityID:CommunityID]): Finding Test Object with id 'Object Repository/Community/Get Discussions'

2018-08-16 16:35:42 - [TEST_STEP][PASSED] - Statement - request.setHttpHeaderProperties(CustomKeywords.requestHeaders.Headers.AddHeaders(ContributerToken)): requestHeaders.Headers.AddHeaders is PASSED

2018-08-16 16:35:42 - [MESSAGE][PASSED] - requestHeaders.Headers.AddHeaders is PASSED

2018-08-16 16:35:42 - [TEST_STEP][PASSED] - Statement - response = com.kms.katalon.core.webservice.keyword.WSBuiltInKeywords.sendRequest(request): Send request successfully

2018-08-16 16:35:42 - [MESSAGE][PASSED] - Send request successfully

2018-08-16 16:35:42 - [TEST_STEP][PASSED] - Statement - return response: null

2018-08-16 16:35:42 - [MESSAGE][PASSED] - Call Test Case 'Test Cases/Library/Contributer/Get Discussions' successfully

2018-08-16 16:35:42 - [TEST_STEP][PASSED] - containsString: Check contain string successfully

2018-08-16 16:35:42 - [MESSAGE][PASSED] - Check contain string successfully]]></system-out>
         <system-err><![CDATA[]]></system-err>
      </testcase>
      <testcase name="Test Cases/TestCases/Social_SecurityAndRole_MOB-3489/TC-135505Verify Contributor of a community is able to provide rating to the community" classname="Test Cases/TestCases/Social_SecurityAndRole_MOB-3489/TC-135505Verify Contributor of a community is able to provide rating to the community" status="PASSED">
         <system-out><![CDATA[2018-08-16 16:35:42 - [TEST_CASE][PASSED] - Test Cases/TestCases/Social_SecurityAndRole_MOB-3489/TC-135505Verify Contributor of a community is able to provide rating to the community: Test Cases/TestCases/Social_SecurityAndRole_MOB-3489/TC-135505Verify Contributor of a community is able to provide rating to the community

2018-08-16 16:35:42 - [TEST_STEP][PASSED] - Statement - data = com.kms.katalon.core.testdata.TestDataFactory.findTestData(TestData): Reading CSV file with source file 'comma', separator 'containing header' and '{2}'

2018-08-16 16:35:42 - [TEST_STEP][PASSED] - Statement - response = com.kms.katalon.core.webui.keyword.WebUiBuiltInKeywords.callTestCase(com.kms.katalon.core.testcase.TestCaseFactory.findTestCase(Library/Community/Create Community), ["communityName":data.getValue("CommunityName", 42), "CommunityDesc":data.getValue("CommunityDesc", 42), "allowDiscussionBoards":true, ... ], STOP_ON_FAILURE): Call Test Case 'Test Cases/Library/Community/Create Community' successfully

2018-08-16 16:35:42 - [TEST_CASE][PASSED] - Test Cases/Library/Community/Create Community: Test Cases/Library/Community/Create Community

2018-08-16 16:35:42 - [TEST_STEP][PASSED] - Statement - request = com.kms.katalon.core.testobject.ObjectRepository.findTestObject(Community/POST Create Community, [host:internal.GlobalVariable.g_URL]): Finding Test Object with id 'Object Repository/Community/POST Create Community'

2018-08-16 16:35:42 - [TEST_STEP][PASSED] - Statement - request.setHttpHeaderProperties(CustomKeywords.requestHeaders.Headers.AddHeaders()): requestHeaders.Headers.AddHeaders is PASSED

2018-08-16 16:35:42 - [MESSAGE][PASSED] - requestHeaders.Headers.AddHeaders is PASSED

2018-08-16 16:35:42 - [TEST_STEP][PASSED] - Statement - reponse = <not implemented yet for class: org.codehaus.groovy.ast.expr.EmptyExpression>: null

2018-08-16 16:35:42 - [TEST_STEP][PASSED] - Statement - vsRequestBody = "": null

2018-08-16 16:35:42 - [TEST_STEP][PASSED] - Statement - vsRequestBody = request.getHttpBody(): null

2018-08-16 16:35:42 - [TEST_STEP][PASSED] - Statement - vsRequestBody = vsRequestBody.replace("${CommunityName}", """ + communityName + """): null

2018-08-16 16:35:42 - [TEST_STEP][PASSED] - Statement - vsRequestBody = vsRequestBody.replace("${CommunityDesc}", """ + CommunityDesc + """): null

2018-08-16 16:35:42 - [TEST_STEP][PASSED] - Statement - vsRequestBody = vsRequestBody.replace("${allowDiscussionBoards}", """ + allowDiscussionBoards + """): null

2018-08-16 16:35:42 - [TEST_STEP][PASSED] - Statement - vsRequestBody = vsRequestBody.replace("${allowBlogPosts}", """ + allowBlogPosts + """): null

2018-08-16 16:35:42 - [TEST_STEP][PASSED] - Statement - vsRequestBody = vsRequestBody.replace("${allowFileUploads}", """ + allowFileUploads + """): null

2018-08-16 16:35:42 - [TEST_STEP][PASSED] - Statement - vsRequestBody = vsRequestBody.replace("${isPrivate}", """ + isPrivate + """): null

2018-08-16 16:35:42 - [TEST_STEP][PASSED] - Statement - vsRequestBody = vsRequestBody.replace("${userName}", """ + userName + """): null

2018-08-16 16:35:42 - [TEST_STEP][PASSED] - Statement - vsRequestBody = vsRequestBody.replace("${userId}", """ + userId + """): null

2018-08-16 16:35:42 - [TEST_STEP][PASSED] - Statement - vsRequestBody = vsRequestBody.replace("${role}", """ + role + """): null

2018-08-16 16:35:42 - [TEST_STEP][PASSED] - Statement - vsRequestBody = vsRequestBody.replace("${userStatus}", """ + userStatus + """): null

2018-08-16 16:35:42 - [TEST_STEP][PASSED] - Statement - vsRequestBody = vsRequestBody.replace("${communityCode}", """ + communityCode + """): null

2018-08-16 16:35:42 - [TEST_STEP][PASSED] - Statement - vsRequestBody = vsRequestBody.replace("${hidden}", """ + isHidden + """): null

2018-08-16 16:35:42 - [TEST_STEP][PASSED] - Statement - request.setHttpBody(vsRequestBody): null

2018-08-16 16:35:42 - [TEST_STEP][PASSED] - Statement - response = com.kms.katalon.core.webservice.keyword.WSBuiltInKeywords.sendRequest(request): Send request successfully

2018-08-16 16:35:42 - [MESSAGE][PASSED] - Send request successfully

2018-08-16 16:35:42 - [TEST_STEP][PASSED] - verifyResponseStatusCode: Verify response status code successfully

2018-08-16 16:35:42 - [MESSAGE][PASSED] - Verify response status code successfully

2018-08-16 16:35:42 - [TEST_STEP][PASSED] - containsString: Check contain string successfully

2018-08-16 16:35:42 - [MESSAGE][PASSED] - Check contain string successfully

2018-08-16 16:35:42 - [TEST_STEP][PASSED] - Statement - return response: null

2018-08-16 16:35:42 - [MESSAGE][PASSED] - Call Test Case 'Test Cases/Library/Community/Create Community' successfully

2018-08-16 16:35:42 - [TEST_STEP][PASSED] - verifyResponseStatusCode: Verify response status code successfully

2018-08-16 16:35:42 - [MESSAGE][PASSED] - Verify response status code successfully

2018-08-16 16:35:42 - [TEST_STEP][PASSED] - Statement - CommunityID = id: getAttributeValue.GetAttributeValue.GetAttribute is PASSED

2018-08-16 16:35:42 - [MESSAGE][PASSED] - getAttributeValue.GetAttributeValue.GetAttribute is PASSED

2018-08-16 16:35:42 - [TEST_STEP][PASSED] - Statement - response4 = com.kms.katalon.core.webui.keyword.WebUiBuiltInKeywords.callTestCase(com.kms.katalon.core.testcase.TestCaseFactory.findTestCase(Library/Community/Add a member to community), ["rating":"3", "userID":ContributerID, "userName":ContributerUser, "communityID":CommunityID], STOP_ON_FAILURE): Call Test Case 'Test Cases/Library/Community/Add a member to community' successfully

2018-08-16 16:35:43 - [TEST_CASE][PASSED] - Test Cases/Library/Community/Add a member to community: Test Cases/Library/Community/Add a member to community

2018-08-16 16:35:43 - [TEST_STEP][PASSED] - Statement - request = com.kms.katalon.core.testobject.ObjectRepository.findTestObject(Object Repository/Community/Add a member to community, [host:internal.GlobalVariable.g_URL, CommunityID:communityID]): Finding Test Object with id 'Object Repository/Community/Add a member to community'

2018-08-16 16:35:43 - [TEST_STEP][PASSED] - Statement - request.setHttpHeaderProperties(CustomKeywords.requestHeaders.Headers.AddHeaders()): requestHeaders.Headers.AddHeaders is PASSED

2018-08-16 16:35:43 - [MESSAGE][PASSED] - requestHeaders.Headers.AddHeaders is PASSED

2018-08-16 16:35:43 - [TEST_STEP][PASSED] - Statement - reponse = <not implemented yet for class: org.codehaus.groovy.ast.expr.EmptyExpression>: null

2018-08-16 16:35:43 - [TEST_STEP][PASSED] - Statement - vsRequestBody = "": null

2018-08-16 16:35:43 - [TEST_STEP][PASSED] - Statement - vsRequestBody = request.getHttpBody(): null

2018-08-16 16:35:43 - [TEST_STEP][PASSED] - Statement - vsRequestBody = vsRequestBody.replace("${rating}", """ + rating + """): null

2018-08-16 16:35:43 - [TEST_STEP][PASSED] - Statement - vsRequestBody = vsRequestBody.replace("${userID}", """ + userID + """): null

2018-08-16 16:35:43 - [TEST_STEP][PASSED] - Statement - vsRequestBody = vsRequestBody.replace("${userName}", """ + userName + """): null

2018-08-16 16:35:43 - [TEST_STEP][PASSED] - Statement - request.setHttpBody(vsRequestBody): null

2018-08-16 16:35:43 - [TEST_STEP][PASSED] - Statement - response = com.kms.katalon.core.webservice.keyword.WSBuiltInKeywords.sendRequest(request): Send request successfully

2018-08-16 16:35:43 - [MESSAGE][PASSED] - Send request successfully

2018-08-16 16:35:43 - [TEST_STEP][PASSED] - verifyResponseStatusCode: Verify response status code successfully

2018-08-16 16:35:43 - [MESSAGE][PASSED] - Verify response status code successfully

2018-08-16 16:35:43 - [TEST_STEP][PASSED] - Statement - return response: null

2018-08-16 16:35:43 - [MESSAGE][PASSED] - Call Test Case 'Test Cases/Library/Community/Add a member to community' successfully

2018-08-16 16:35:47 - [TEST_STEP][PASSED] - verifyResponseStatusCode: Verify response status code successfully

2018-08-16 16:35:47 - [MESSAGE][PASSED] - Verify response status code successfully

2018-08-16 16:35:47 - [TEST_STEP][PASSED] - callTestCase: Call Test Case 'Test Cases/Library/Contributer/Create or Update Rating' successfully

2018-08-16 16:35:47 - [TEST_CASE][PASSED] - Test Cases/Library/Contributer/Create or Update Rating: Test Cases/Library/Contributer/Create or Update Rating

2018-08-16 16:35:48 - [TEST_STEP][PASSED] - Statement - request = com.kms.katalon.core.testobject.ObjectRepository.findTestObject(Object Repository/Community/Create or Update Rating, [host:internal.GlobalVariable.g_URL, communityID:communityID]): Finding Test Object with id 'Object Repository/Community/Create or Update Rating'

2018-08-16 16:35:48 - [TEST_STEP][PASSED] - Statement - request.setHttpHeaderProperties(CustomKeywords.requestHeaders.Headers.AddHeaders(ContributerToken)): requestHeaders.Headers.AddHeaders is PASSED

2018-08-16 16:35:48 - [MESSAGE][PASSED] - requestHeaders.Headers.AddHeaders is PASSED

2018-08-16 16:35:48 - [TEST_STEP][PASSED] - Statement - reponse = <not implemented yet for class: org.codehaus.groovy.ast.expr.EmptyExpression>: null

2018-08-16 16:35:48 - [TEST_STEP][PASSED] - Statement - vsRequestBody = "": null

2018-08-16 16:35:48 - [TEST_STEP][PASSED] - Statement - vsRequestBody = request.getHttpBody(): null

2018-08-16 16:35:48 - [TEST_STEP][PASSED] - Statement - vsRequestBody = vsRequestBody.replace("${userID}", """ + userID + """): null

2018-08-16 16:35:48 - [TEST_STEP][PASSED] - Statement - vsRequestBody = vsRequestBody.replace("${CommunityID}", """ + communityID + """): null

2018-08-16 16:35:48 - [TEST_STEP][PASSED] - Statement - vsRequestBody = vsRequestBody.replace("${Rating}", """ + rating + """): null

2018-08-16 16:35:48 - [TEST_STEP][PASSED] - Statement - request.setHttpBody(vsRequestBody): null

2018-08-16 16:35:48 - [TEST_STEP][PASSED] - Statement - response = com.kms.katalon.core.webservice.keyword.WSBuiltInKeywords.sendRequest(request): Send request successfully

2018-08-16 16:35:48 - [MESSAGE][PASSED] - Send request successfully

2018-08-16 16:35:48 - [TEST_STEP][PASSED] - verifyResponseStatusCode: Verify response status code successfully

2018-08-16 16:35:48 - [MESSAGE][PASSED] - Verify response status code successfully

2018-08-16 16:35:48 - [TEST_STEP][PASSED] - Statement - return response: null

2018-08-16 16:35:48 - [MESSAGE][PASSED] - Call Test Case 'Test Cases/Library/Contributer/Create or Update Rating' successfully

2018-08-16 16:35:48 - [TEST_STEP][PASSED] - Statement - com = com.kms.katalon.core.webui.keyword.WebUiBuiltInKeywords.callTestCase(com.kms.katalon.core.testcase.TestCaseFactory.findTestCase(Library/Community/Get Community details by ID), ["communityID":CommunityID], STOP_ON_FAILURE): Call Test Case 'Test Cases/Library/Community/Get Community details by ID' successfully

2018-08-16 16:35:48 - [TEST_CASE][PASSED] - Test Cases/Library/Community/Get Community details by ID: Test Cases/Library/Community/Get Community details by ID

2018-08-16 16:35:48 - [TEST_STEP][PASSED] - Statement - getCommunity = com.kms.katalon.core.testobject.ObjectRepository.findTestObject(Community/Get Community, [host:internal.GlobalVariable.g_URL, communityID:communityID]): Finding Test Object with id 'Object Repository/Community/Get Community'

2018-08-16 16:35:48 - [TEST_STEP][PASSED] - Statement - getCommunity.setHttpHeaderProperties(CustomKeywords.requestHeaders.Headers.AddHeaders()): requestHeaders.Headers.AddHeaders is PASSED

2018-08-16 16:35:48 - [MESSAGE][PASSED] - requestHeaders.Headers.AddHeaders is PASSED

2018-08-16 16:35:48 - [TEST_STEP][PASSED] - Statement - getResponse = com.kms.katalon.core.webservice.keyword.WSBuiltInKeywords.sendRequest(getCommunity): Send request successfully

2018-08-16 16:35:48 - [MESSAGE][PASSED] - Send request successfully

2018-08-16 16:35:48 - [TEST_STEP][PASSED] - verifyResponseStatusCode: Verify response status code successfully

2018-08-16 16:35:48 - [MESSAGE][PASSED] - Verify response status code successfully

2018-08-16 16:35:48 - [TEST_STEP][PASSED] - Statement - return getResponse: null

2018-08-16 16:35:48 - [MESSAGE][PASSED] - Call Test Case 'Test Cases/Library/Community/Get Community details by ID' successfully

2018-08-16 16:35:48 - [TEST_STEP][PASSED] - Statement - getRating = avgRating: getAttributeValue.GetAttributeValue.GetAttribute is PASSED

2018-08-16 16:35:48 - [MESSAGE][PASSED] - getAttributeValue.GetAttributeValue.GetAttribute is PASSED

2018-08-16 16:35:48 - [TEST_STEP][PASSED] - Statement - rating = java.lang.Math.round(getRating): null

2018-08-16 16:35:48 - [TEST_STEP][PASSED] - Statement - If (rating == "5"): null

2018-08-16 16:35:48 - [TEST_STEP][PASSED] - Statement - Else If (!(rating) == "5"): null

2018-08-16 16:35:48 - [TEST_STEP][PASSED] - Statement - Else: null

2018-08-16 16:35:48 - [TEST_STEP][PASSED] - Statement - println("if conditions shold not execute"): null]]></system-out>
         <system-err><![CDATA[]]></system-err>
      </testcase>
      <testcase name="Test Cases/TestCases/Social_SecurityAndRole_MOB-3489/TC-135509Verify Non Member can View the star rating but cannot edit it for private community" classname="Test Cases/TestCases/Social_SecurityAndRole_MOB-3489/TC-135509Verify Non Member can View the star rating but cannot edit it for private community" status="PASSED">
         <system-out><![CDATA[2018-08-16 16:35:48 - [TEST_CASE][PASSED] - Test Cases/TestCases/Social_SecurityAndRole_MOB-3489/TC-135509Verify Non Member can View the star rating but cannot edit it for private community: Test Cases/TestCases/Social_SecurityAndRole_MOB-3489/TC-135509Verify Non Member can View the star rating but cannot edit it for private community

2018-08-16 16:35:48 - [TEST_STEP][PASSED] - Statement - data = com.kms.katalon.core.testdata.TestDataFactory.findTestData(TestData): Reading CSV file with source file 'comma', separator 'containing header' and '{2}'

2018-08-16 16:35:48 - [TEST_STEP][PASSED] - Statement - response = com.kms.katalon.core.webui.keyword.WebUiBuiltInKeywords.callTestCase(com.kms.katalon.core.testcase.TestCaseFactory.findTestCase(Library/Community/Create Community), ["communityName":data.getValue("CommunityName", 41), "CommunityDesc":data.getValue("CommunityDesc", 41), "allowDiscussionBoards":true, ... ], STOP_ON_FAILURE): Call Test Case 'Test Cases/Library/Community/Create Community' successfully

2018-08-16 16:35:48 - [TEST_CASE][PASSED] - Test Cases/Library/Community/Create Community: Test Cases/Library/Community/Create Community

2018-08-16 16:35:48 - [TEST_STEP][PASSED] - Statement - request = com.kms.katalon.core.testobject.ObjectRepository.findTestObject(Community/POST Create Community, [host:internal.GlobalVariable.g_URL]): Finding Test Object with id 'Object Repository/Community/POST Create Community'

2018-08-16 16:35:48 - [TEST_STEP][PASSED] - Statement - request.setHttpHeaderProperties(CustomKeywords.requestHeaders.Headers.AddHeaders()): requestHeaders.Headers.AddHeaders is PASSED

2018-08-16 16:35:48 - [MESSAGE][PASSED] - requestHeaders.Headers.AddHeaders is PASSED

2018-08-16 16:35:48 - [TEST_STEP][PASSED] - Statement - reponse = <not implemented yet for class: org.codehaus.groovy.ast.expr.EmptyExpression>: null

2018-08-16 16:35:48 - [TEST_STEP][PASSED] - Statement - vsRequestBody = "": null

2018-08-16 16:35:48 - [TEST_STEP][PASSED] - Statement - vsRequestBody = request.getHttpBody(): null

2018-08-16 16:35:48 - [TEST_STEP][PASSED] - Statement - vsRequestBody = vsRequestBody.replace("${CommunityName}", """ + communityName + """): null

2018-08-16 16:35:48 - [TEST_STEP][PASSED] - Statement - vsRequestBody = vsRequestBody.replace("${CommunityDesc}", """ + CommunityDesc + """): null

2018-08-16 16:35:48 - [TEST_STEP][PASSED] - Statement - vsRequestBody = vsRequestBody.replace("${allowDiscussionBoards}", """ + allowDiscussionBoards + """): null

2018-08-16 16:35:48 - [TEST_STEP][PASSED] - Statement - vsRequestBody = vsRequestBody.replace("${allowBlogPosts}", """ + allowBlogPosts + """): null

2018-08-16 16:35:48 - [TEST_STEP][PASSED] - Statement - vsRequestBody = vsRequestBody.replace("${allowFileUploads}", """ + allowFileUploads + """): null

2018-08-16 16:35:48 - [TEST_STEP][PASSED] - Statement - vsRequestBody = vsRequestBody.replace("${isPrivate}", """ + isPrivate + """): null

2018-08-16 16:35:48 - [TEST_STEP][PASSED] - Statement - vsRequestBody = vsRequestBody.replace("${userName}", """ + userName + """): null

2018-08-16 16:35:48 - [TEST_STEP][PASSED] - Statement - vsRequestBody = vsRequestBody.replace("${userId}", """ + userId + """): null

2018-08-16 16:35:48 - [TEST_STEP][PASSED] - Statement - vsRequestBody = vsRequestBody.replace("${role}", """ + role + """): null

2018-08-16 16:35:48 - [TEST_STEP][PASSED] - Statement - vsRequestBody = vsRequestBody.replace("${userStatus}", """ + userStatus + """): null

2018-08-16 16:35:48 - [TEST_STEP][PASSED] - Statement - vsRequestBody = vsRequestBody.replace("${communityCode}", """ + communityCode + """): null

2018-08-16 16:35:48 - [TEST_STEP][PASSED] - Statement - vsRequestBody = vsRequestBody.replace("${hidden}", """ + isHidden + """): null

2018-08-16 16:35:54 - [TEST_STEP][PASSED] - Statement - request.setHttpBody(vsRequestBody): null

2018-08-16 16:35:54 - [TEST_STEP][PASSED] - Statement - response = com.kms.katalon.core.webservice.keyword.WSBuiltInKeywords.sendRequest(request): Send request successfully

2018-08-16 16:35:54 - [MESSAGE][PASSED] - Send request successfully

2018-08-16 16:35:54 - [TEST_STEP][PASSED] - verifyResponseStatusCode: Verify response status code successfully

2018-08-16 16:35:54 - [MESSAGE][PASSED] - Verify response status code successfully

2018-08-16 16:35:54 - [TEST_STEP][PASSED] - containsString: Check contain string successfully

2018-08-16 16:35:54 - [MESSAGE][PASSED] - Check contain string successfully

2018-08-16 16:35:54 - [TEST_STEP][PASSED] - Statement - return response: null

2018-08-16 16:35:54 - [MESSAGE][PASSED] - Call Test Case 'Test Cases/Library/Community/Create Community' successfully

2018-08-16 16:35:54 - [TEST_STEP][PASSED] - verifyResponseStatusCode: Verify response status code successfully

2018-08-16 16:35:54 - [MESSAGE][PASSED] - Verify response status code successfully

2018-08-16 16:35:54 - [TEST_STEP][PASSED] - Statement - CommunityID = id: getAttributeValue.GetAttributeValue.GetAttribute is PASSED

2018-08-16 16:35:54 - [MESSAGE][PASSED] - getAttributeValue.GetAttributeValue.GetAttribute is PASSED

2018-08-16 16:35:54 - [TEST_STEP][PASSED] - callTestCase: Call Test Case 'Test Cases/Library/Community/Create or Update Rating' successfully

2018-08-16 16:35:54 - [TEST_CASE][PASSED] - Test Cases/Library/Community/Create or Update Rating: Test Cases/Library/Community/Create or Update Rating

2018-08-16 16:35:54 - [TEST_STEP][PASSED] - Statement - request = com.kms.katalon.core.testobject.ObjectRepository.findTestObject(Object Repository/Community/Create or Update Rating, [host:internal.GlobalVariable.g_URL, communityID:communityID]): Finding Test Object with id 'Object Repository/Community/Create or Update Rating'

2018-08-16 16:35:54 - [TEST_STEP][PASSED] - Statement - request.setHttpHeaderProperties(CustomKeywords.requestHeaders.Headers.AddHeaders()): requestHeaders.Headers.AddHeaders is PASSED

2018-08-16 16:35:54 - [MESSAGE][PASSED] - requestHeaders.Headers.AddHeaders is PASSED

2018-08-16 16:35:54 - [TEST_STEP][PASSED] - Statement - reponse = <not implemented yet for class: org.codehaus.groovy.ast.expr.EmptyExpression>: null

2018-08-16 16:35:54 - [TEST_STEP][PASSED] - Statement - vsRequestBody = "": null

2018-08-16 16:35:54 - [TEST_STEP][PASSED] - Statement - vsRequestBody = request.getHttpBody(): null

2018-08-16 16:35:54 - [TEST_STEP][PASSED] - Statement - vsRequestBody = vsRequestBody.replace("${userID}", """ + userID + """): null

2018-08-16 16:35:54 - [TEST_STEP][PASSED] - Statement - vsRequestBody = vsRequestBody.replace("${CommunityID}", """ + communityID + """): null

2018-08-16 16:35:54 - [TEST_STEP][PASSED] - Statement - vsRequestBody = vsRequestBody.replace("${Rating}", """ + rating + """): null

2018-08-16 16:35:54 - [TEST_STEP][PASSED] - Statement - request.setHttpBody(vsRequestBody): null

2018-08-16 16:35:54 - [TEST_STEP][PASSED] - Statement - response = com.kms.katalon.core.webservice.keyword.WSBuiltInKeywords.sendRequest(request): Send request successfully

2018-08-16 16:35:55 - [MESSAGE][PASSED] - Send request successfully

2018-08-16 16:35:55 - [TEST_STEP][PASSED] - verifyResponseStatusCode: Verify response status code successfully

2018-08-16 16:35:55 - [MESSAGE][PASSED] - Verify response status code successfully

2018-08-16 16:35:55 - [TEST_STEP][PASSED] - Statement - return response: null

2018-08-16 16:35:55 - [MESSAGE][PASSED] - Call Test Case 'Test Cases/Library/Community/Create or Update Rating' successfully

2018-08-16 16:35:55 - [TEST_STEP][PASSED] - Statement - com = com.kms.katalon.core.webui.keyword.WebUiBuiltInKeywords.callTestCase(com.kms.katalon.core.testcase.TestCaseFactory.findTestCase(Library/Moderator/Get Community details by ID), ["communityID":CommunityID], STOP_ON_FAILURE): Call Test Case 'Test Cases/Library/Moderator/Get Community details by ID' successfully

2018-08-16 16:35:55 - [TEST_CASE][PASSED] - Test Cases/Library/Moderator/Get Community details by ID: Test Cases/Library/Moderator/Get Community details by ID

2018-08-16 16:35:55 - [TEST_STEP][PASSED] - Statement - getCommunity = com.kms.katalon.core.testobject.ObjectRepository.findTestObject(Community/Get Community, [host:internal.GlobalVariable.g_URL, communityID:communityID]): Finding Test Object with id 'Object Repository/Community/Get Community'

2018-08-16 16:35:55 - [TEST_STEP][PASSED] - Statement - getCommunity.setHttpHeaderProperties(CustomKeywords.requestHeaders.Headers.AddHeaders(g_ModeratorToken)): requestHeaders.Headers.AddHeaders is PASSED

2018-08-16 16:35:55 - [MESSAGE][PASSED] - requestHeaders.Headers.AddHeaders is PASSED

2018-08-16 16:35:55 - [TEST_STEP][PASSED] - Statement - getResponse = com.kms.katalon.core.webservice.keyword.WSBuiltInKeywords.sendRequest(getCommunity): Send request successfully

2018-08-16 16:35:55 - [MESSAGE][PASSED] - Send request successfully

2018-08-16 16:35:55 - [TEST_STEP][PASSED] - verifyResponseStatusCode: Verify response status code successfully

2018-08-16 16:35:55 - [MESSAGE][PASSED] - Verify response status code successfully

2018-08-16 16:35:55 - [TEST_STEP][PASSED] - Statement - return getResponse: null

2018-08-16 16:35:55 - [MESSAGE][PASSED] - Call Test Case 'Test Cases/Library/Moderator/Get Community details by ID' successfully

2018-08-16 16:35:55 - [TEST_STEP][PASSED] - Statement - getRating = avgRating: getAttributeValue.GetAttributeValue.GetAttribute is PASSED

2018-08-16 16:35:55 - [MESSAGE][PASSED] - getAttributeValue.GetAttributeValue.GetAttribute is PASSED

2018-08-16 16:35:55 - [TEST_STEP][PASSED] - Statement - rating = java.lang.Math.round(getRating): null

2018-08-16 16:35:55 - [TEST_STEP][PASSED] - Statement - If (rating == "5"): null

2018-08-16 16:35:55 - [TEST_STEP][PASSED] - Statement - Else If (!(rating) == "5"): null

2018-08-16 16:35:55 - [TEST_STEP][PASSED] - Statement - Else: null

2018-08-16 16:35:55 - [TEST_STEP][PASSED] - Statement - println("if conditions shold not execute"): null]]></system-out>
         <system-err><![CDATA[]]></system-err>
      </testcase>
      <testcase name="Test Cases/TestCases/Social_SecurityAndRole_MOB-3489/TC-135424Verify the default role of the user added to the community is a contributor role" classname="Test Cases/TestCases/Social_SecurityAndRole_MOB-3489/TC-135424Verify the default role of the user added to the community is a contributor role" status="PASSED">
         <system-out><![CDATA[2018-08-16 16:35:55 - [TEST_CASE][PASSED] - Test Cases/TestCases/Social_SecurityAndRole_MOB-3489/TC-135424Verify the default role of the user added to the community is a contributor role: Test Cases/TestCases/Social_SecurityAndRole_MOB-3489/TC-135424Verify the default role of the user added to the community is a contributor role

2018-08-16 16:35:55 - [TEST_STEP][PASSED] - Statement - retValue = com.kms.katalon.core.webui.keyword.WebUiBuiltInKeywords.callTestCase(com.kms.katalon.core.testcase.TestCaseFactory.findTestCase(TestCases/MD-2552 AdhocCommunity_MOB-3482/TC_19872Check the users who will get added to the community will became the contributor by default), [:], STOP_ON_FAILURE): Call Test Case 'Test Cases/TestCases/MD-2552 AdhocCommunity_MOB-3482/TC_19872Check the users who will get added to the community will became the contributor by default' successfully

2018-08-16 16:35:55 - [TEST_CASE][PASSED] - Test Cases/TestCases/MD-2552 AdhocCommunity_MOB-3482/TC_19872Check the users who will get added to the community will became the contributor by default: Test Cases/TestCases/MD-2552 AdhocCommunity_MOB-3482/TC_19872Check the users who will get added to the community will became the contributor by default

2018-08-16 16:35:55 - [TEST_STEP][PASSED] - Statement - personpk = "usercontrating3": null

2018-08-16 16:35:55 - [TEST_STEP][PASSED] - Statement - Activity = "NewActivity__20180719": null

2018-08-16 16:35:55 - [TEST_STEP][PASSED] - Statement - ActivityName = "'" + Activity + "'": null

2018-08-16 16:35:55 - [TEST_STEP][PASSED] - Statement - pk = "'" + personpk + "'": null

2018-08-16 16:35:55 - [TEST_STEP][PASSED] - Statement - ss = "": null

2018-08-16 16:35:55 - [TEST_STEP][PASSED] - Statement - data = com.kms.katalon.core.testdata.TestDataFactory.findTestData(TestData): Reading CSV file with source file 'comma', separator 'containing header' and '{2}'

2018-08-16 16:35:55 - [TEST_STEP][PASSED] - Statement - retValue = false: null

2018-08-16 16:35:55 - [TEST_STEP][PASSED] - Statement - response = com.kms.katalon.core.webui.keyword.WebUiBuiltInKeywords.callTestCase(com.kms.katalon.core.testcase.TestCaseFactory.findTestCase(Library/Community/Create Community), ["communityName":data.getValue("CommunityName", 18), "CommunityDesc":data.getValue("CommunityDesc", 18), "allowDiscussionBoards":true, ... ], STOP_ON_FAILURE): Call Test Case 'Test Cases/Library/Community/Create Community' successfully

2018-08-16 16:35:55 - [TEST_CASE][PASSED] - Test Cases/Library/Community/Create Community: Test Cases/Library/Community/Create Community

2018-08-16 16:36:00 - [TEST_STEP][PASSED] - Statement - request = com.kms.katalon.core.testobject.ObjectRepository.findTestObject(Community/POST Create Community, [host:internal.GlobalVariable.g_URL]): Finding Test Object with id 'Object Repository/Community/POST Create Community'

2018-08-16 16:36:00 - [TEST_STEP][PASSED] - Statement - request.setHttpHeaderProperties(CustomKeywords.requestHeaders.Headers.AddHeaders()): requestHeaders.Headers.AddHeaders is PASSED

2018-08-16 16:36:00 - [MESSAGE][PASSED] - requestHeaders.Headers.AddHeaders is PASSED

2018-08-16 16:36:00 - [TEST_STEP][PASSED] - Statement - reponse = <not implemented yet for class: org.codehaus.groovy.ast.expr.EmptyExpression>: null

2018-08-16 16:36:00 - [TEST_STEP][PASSED] - Statement - vsRequestBody = "": null

2018-08-16 16:36:00 - [TEST_STEP][PASSED] - Statement - vsRequestBody = request.getHttpBody(): null

2018-08-16 16:36:00 - [TEST_STEP][PASSED] - Statement - vsRequestBody = vsRequestBody.replace("${CommunityName}", """ + communityName + """): null

2018-08-16 16:36:00 - [TEST_STEP][PASSED] - Statement - vsRequestBody = vsRequestBody.replace("${CommunityDesc}", """ + CommunityDesc + """): null

2018-08-16 16:36:00 - [TEST_STEP][PASSED] - Statement - vsRequestBody = vsRequestBody.replace("${allowDiscussionBoards}", """ + allowDiscussionBoards + """): null

2018-08-16 16:36:00 - [TEST_STEP][PASSED] - Statement - vsRequestBody = vsRequestBody.replace("${allowBlogPosts}", """ + allowBlogPosts + """): null

2018-08-16 16:36:00 - [TEST_STEP][PASSED] - Statement - vsRequestBody = vsRequestBody.replace("${allowFileUploads}", """ + allowFileUploads + """): null

2018-08-16 16:36:00 - [TEST_STEP][PASSED] - Statement - vsRequestBody = vsRequestBody.replace("${isPrivate}", """ + isPrivate + """): null

2018-08-16 16:36:00 - [TEST_STEP][PASSED] - Statement - vsRequestBody = vsRequestBody.replace("${userName}", """ + userName + """): null

2018-08-16 16:36:00 - [TEST_STEP][PASSED] - Statement - vsRequestBody = vsRequestBody.replace("${userId}", """ + userId + """): null

2018-08-16 16:36:00 - [TEST_STEP][PASSED] - Statement - vsRequestBody = vsRequestBody.replace("${role}", """ + role + """): null

2018-08-16 16:36:00 - [TEST_STEP][PASSED] - Statement - vsRequestBody = vsRequestBody.replace("${userStatus}", """ + userStatus + """): null

2018-08-16 16:36:00 - [TEST_STEP][PASSED] - Statement - vsRequestBody = vsRequestBody.replace("${communityCode}", """ + communityCode + """): null

2018-08-16 16:36:01 - [TEST_STEP][PASSED] - Statement - vsRequestBody = vsRequestBody.replace("${hidden}", """ + isHidden + """): null

2018-08-16 16:36:01 - [TEST_STEP][PASSED] - Statement - request.setHttpBody(vsRequestBody): null

2018-08-16 16:36:01 - [TEST_STEP][PASSED] - Statement - response = com.kms.katalon.core.webservice.keyword.WSBuiltInKeywords.sendRequest(request): Send request successfully

2018-08-16 16:36:01 - [MESSAGE][PASSED] - Send request successfully

2018-08-16 16:36:01 - [TEST_STEP][PASSED] - verifyResponseStatusCode: Verify response status code successfully

2018-08-16 16:36:01 - [MESSAGE][PASSED] - Verify response status code successfully

2018-08-16 16:36:01 - [TEST_STEP][PASSED] - containsString: Check contain string successfully

2018-08-16 16:36:01 - [MESSAGE][PASSED] - Check contain string successfully

2018-08-16 16:36:01 - [TEST_STEP][PASSED] - Statement - return response: null

2018-08-16 16:36:01 - [MESSAGE][PASSED] - Call Test Case 'Test Cases/Library/Community/Create Community' successfully

2018-08-16 16:36:01 - [TEST_STEP][PASSED] - Statement - CommunityID = id: getAttributeValue.GetAttributeValue.GetAttribute is PASSED

2018-08-16 16:36:01 - [MESSAGE][PASSED] - getAttributeValue.GetAttributeValue.GetAttribute is PASSED

2018-08-16 16:36:01 - [TEST_STEP][PASSED] - Statement - recordset = CustomKeywords.dbConnectionPackage.DBConnectionKeyword.executeQuery("select * from PERSON where FirstName=" + pk): dbConnectionPackage.DBConnectionKeyword.executeQuery is PASSED

2018-08-16 16:36:16 - [MESSAGE][PASSED] - Delayed 15 second(s)

2018-08-16 16:36:16 - [MESSAGE][PASSED] - dbConnectionPackage.DBConnectionKeyword.executeQuery is PASSED

2018-08-16 16:36:16 - [TEST_STEP][PASSED] - Statement - While (recordset.next()): USERID IS 101302

2018-08-16 16:36:16 - [TEST_STEP][PASSED] - Statement - ss = recordset.getObject("PersonPK"): null

2018-08-16 16:36:16 - [TEST_STEP][PASSED] - comment: USERID IS 101302

2018-08-16 16:36:16 - [TEST_STEP][PASSED] - dbConnectionPackage.DBConnectionKeyword.CloseConnections: dbConnectionPackage.DBConnectionKeyword.CloseConnections is PASSED

2018-08-16 16:36:21 - [MESSAGE][PASSED] - Delayed 5 second(s)

2018-08-16 16:36:21 - [MESSAGE][PASSED] - dbConnectionPackage.DBConnectionKeyword.CloseConnections is PASSED

2018-08-16 16:36:21 - [TEST_STEP][PASSED] - Statement - response1 = com.kms.katalon.core.webui.keyword.WebUiBuiltInKeywords.callTestCase(com.kms.katalon.core.testcase.TestCaseFactory.findTestCase(Library/Community/Add a member to community), ["rating":"3", "userID":ss, "userName":personpk, "communityID":CommunityID], STOP_ON_FAILURE): Call Test Case 'Test Cases/Library/Community/Add a member to community' successfully

2018-08-16 16:36:21 - [TEST_CASE][PASSED] - Test Cases/Library/Community/Add a member to community: Test Cases/Library/Community/Add a member to community

2018-08-16 16:36:21 - [TEST_STEP][PASSED] - Statement - request = com.kms.katalon.core.testobject.ObjectRepository.findTestObject(Object Repository/Community/Add a member to community, [host:internal.GlobalVariable.g_URL, CommunityID:communityID]): Finding Test Object with id 'Object Repository/Community/Add a member to community'

2018-08-16 16:36:21 - [TEST_STEP][PASSED] - Statement - request.setHttpHeaderProperties(CustomKeywords.requestHeaders.Headers.AddHeaders()): requestHeaders.Headers.AddHeaders is PASSED

2018-08-16 16:36:21 - [MESSAGE][PASSED] - requestHeaders.Headers.AddHeaders is PASSED

2018-08-16 16:36:21 - [TEST_STEP][PASSED] - Statement - reponse = <not implemented yet for class: org.codehaus.groovy.ast.expr.EmptyExpression>: null

2018-08-16 16:36:21 - [TEST_STEP][PASSED] - Statement - vsRequestBody = "": null

2018-08-16 16:36:21 - [TEST_STEP][PASSED] - Statement - vsRequestBody = request.getHttpBody(): null

2018-08-16 16:36:21 - [TEST_STEP][PASSED] - Statement - vsRequestBody = vsRequestBody.replace("${rating}", """ + rating + """): null

2018-08-16 16:36:21 - [TEST_STEP][PASSED] - Statement - vsRequestBody = vsRequestBody.replace("${userID}", """ + userID + """): null

2018-08-16 16:36:21 - [TEST_STEP][PASSED] - Statement - vsRequestBody = vsRequestBody.replace("${userName}", """ + userName + """): null

2018-08-16 16:36:21 - [TEST_STEP][PASSED] - Statement - request.setHttpBody(vsRequestBody): null

2018-08-16 16:36:21 - [TEST_STEP][PASSED] - Statement - response = com.kms.katalon.core.webservice.keyword.WSBuiltInKeywords.sendRequest(request): Send request successfully

2018-08-16 16:36:21 - [MESSAGE][PASSED] - Send request successfully

2018-08-16 16:36:21 - [TEST_STEP][PASSED] - verifyResponseStatusCode: Verify response status code successfully

2018-08-16 16:36:21 - [MESSAGE][PASSED] - Verify response status code successfully

2018-08-16 16:36:21 - [TEST_STEP][PASSED] - Statement - return response: null

2018-08-16 16:36:21 - [MESSAGE][PASSED] - Call Test Case 'Test Cases/Library/Community/Add a member to community' successfully

2018-08-16 16:36:21 - [TEST_STEP][PASSED] - verifyResponseStatusCode: Verify response status code successfully

2018-08-16 16:36:21 - [MESSAGE][PASSED] - Verify response status code successfully

2018-08-16 16:36:21 - [TEST_STEP][PASSED] - Statement - communityDetailsRes = com.kms.katalon.core.webui.keyword.WebUiBuiltInKeywords.callTestCase(com.kms.katalon.core.testcase.TestCaseFactory.findTestCase(Library/Community/Get Community details by ID), ["communityID":CommunityID], STOP_ON_FAILURE): Call Test Case 'Test Cases/Library/Community/Get Community details by ID' successfully

2018-08-16 16:36:21 - [TEST_CASE][PASSED] - Test Cases/Library/Community/Get Community details by ID: Test Cases/Library/Community/Get Community details by ID

2018-08-16 16:36:21 - [TEST_STEP][PASSED] - Statement - getCommunity = com.kms.katalon.core.testobject.ObjectRepository.findTestObject(Community/Get Community, [host:internal.GlobalVariable.g_URL, communityID:communityID]): Finding Test Object with id 'Object Repository/Community/Get Community'

2018-08-16 16:36:21 - [TEST_STEP][PASSED] - Statement - getCommunity.setHttpHeaderProperties(CustomKeywords.requestHeaders.Headers.AddHeaders()): requestHeaders.Headers.AddHeaders is PASSED

2018-08-16 16:36:21 - [MESSAGE][PASSED] - requestHeaders.Headers.AddHeaders is PASSED

2018-08-16 16:36:21 - [TEST_STEP][PASSED] - Statement - getResponse = com.kms.katalon.core.webservice.keyword.WSBuiltInKeywords.sendRequest(getCommunity): Send request successfully

2018-08-16 16:36:21 - [MESSAGE][PASSED] - Send request successfully

2018-08-16 16:36:21 - [TEST_STEP][PASSED] - verifyResponseStatusCode: Verify response status code successfully

2018-08-16 16:36:21 - [MESSAGE][PASSED] - Verify response status code successfully

2018-08-16 16:36:21 - [TEST_STEP][PASSED] - Statement - return getResponse: null

2018-08-16 16:36:21 - [MESSAGE][PASSED] - Call Test Case 'Test Cases/Library/Community/Get Community details by ID' successfully

2018-08-16 16:36:21 - [TEST_STEP][PASSED] - verifyResponseStatusCode: Verify response status code successfully

2018-08-16 16:36:21 - [MESSAGE][PASSED] - Verify response status code successfully

2018-08-16 16:36:21 - [TEST_STEP][PASSED] - Statement - CommunityRole = userMembership: getAttributeValue.GetAttributeValue.GetAttribute is PASSED

2018-08-16 16:36:21 - [MESSAGE][PASSED] - getAttributeValue.GetAttributeValue.GetAttribute is PASSED

2018-08-16 16:36:21 - [TEST_STEP][PASSED] - Statement - firstIndex = CommunityRole.indexOf("role") + 5: null

2018-08-16 16:36:21 - [TEST_STEP][PASSED] - Statement - name = CommunityRole.substring(firstIndex): null

2018-08-16 16:36:21 - [TEST_STEP][PASSED] - Statement - lastIndex = name.indexOf(","): null

2018-08-16 16:36:21 - [TEST_STEP][PASSED] - Statement - finalString = name.substring(0, lastIndex): null

2018-08-16 16:36:21 - [TEST_STEP][PASSED] - Statement - If (finalString == "3"): null

2018-08-16 16:36:21 - [TEST_STEP][PASSED] - Statement - println("if conditions has to pass"): null

2018-08-16 16:36:21 - [TEST_STEP][PASSED] - Statement - retValue = true: null

2018-08-16 16:36:21 - [TEST_STEP][PASSED] - callTestCase: Call Test Case 'Test Cases/Library/Community/Delete Community' successfully

2018-08-16 16:36:22 - [TEST_CASE][PASSED] - Test Cases/Library/Community/Delete Community: Test Cases/Library/Community/Delete Community

2018-08-16 16:36:22 - [TEST_STEP][PASSED] - Statement - deleteCommunity = com.kms.katalon.core.testobject.ObjectRepository.findTestObject(Community/Delete Community, [host:internal.GlobalVariable.g_URL, communityID:communityID]): Finding Test Object with id 'Object Repository/Community/Delete Community'

2018-08-16 16:36:22 - [TEST_STEP][PASSED] - Statement - deleteCommunity.setHttpHeaderProperties(CustomKeywords.requestHeaders.Headers.AddHeaders()): requestHeaders.Headers.AddHeaders is PASSED

2018-08-16 16:36:22 - [MESSAGE][PASSED] - requestHeaders.Headers.AddHeaders is PASSED

2018-08-16 16:36:22 - [TEST_STEP][PASSED] - Statement - deleteCommunityRes = com.kms.katalon.core.webservice.keyword.WSBuiltInKeywords.sendRequest(deleteCommunity): Send request successfully

2018-08-16 16:36:22 - [MESSAGE][PASSED] - Send request successfully

2018-08-16 16:36:22 - [TEST_STEP][PASSED] - verifyResponseStatusCode: Verify response status code successfully

2018-08-16 16:36:22 - [MESSAGE][PASSED] - Verify response status code successfully

2018-08-16 16:36:22 - [TEST_STEP][PASSED] - delay: Delayed 10 second(s)

2018-08-16 16:36:32 - [MESSAGE][PASSED] - Delayed 10 second(s)

2018-08-16 16:36:32 - [TEST_STEP][PASSED] - Statement - reqObj = new com.kms.katalon.core.testobject.RequestObject(): null

2018-08-16 16:36:32 - [TEST_STEP][PASSED] - Statement - reqObj.setHttpHeaderProperties(CustomKeywords.requestHeaders.Headers.AddHeaders()): requestHeaders.Headers.AddHeaders is PASSED

2018-08-16 16:36:32 - [MESSAGE][PASSED] - requestHeaders.Headers.AddHeaders is PASSED

2018-08-16 16:36:32 - [TEST_STEP][PASSED] - Statement - reqObj.setRestRequestMethod("GET"): null

2018-08-16 16:36:32 - [TEST_STEP][PASSED] - Statement - reqObj.setRestUrl(g_URL + "/Services/api/sumtSocial/communities/" + communityID): null

2018-08-16 16:36:32 - [TEST_STEP][PASSED] - Statement - getResponse = com.kms.katalon.core.webservice.keyword.WSBuiltInKeywords.sendRequest(reqObj): Send request successfully

2018-08-16 16:36:32 - [MESSAGE][PASSED] - Send request successfully

2018-08-16 16:36:32 - [TEST_STEP][PASSED] - verifyResponseStatusCode: Verify response status code successfully

2018-08-16 16:36:32 - [MESSAGE][PASSED] - Verify response status code successfully

2018-08-16 16:36:32 - [TEST_STEP][PASSED] - Statement - boolVal = getResponse.getResponseText().equalsIgnoreCase("null"): null

2018-08-16 16:36:32 - [TEST_STEP][PASSED] - Statement - return boolVal: null

2018-08-16 16:36:32 - [MESSAGE][PASSED] - Call Test Case 'Test Cases/Library/Community/Delete Community' successfully

2018-08-16 16:36:32 - [TEST_STEP][PASSED] - Statement - return retValue: null

2018-08-16 16:36:32 - [MESSAGE][PASSED] - Call Test Case 'Test Cases/TestCases/MD-2552 AdhocCommunity_MOB-3482/TC_19872Check the users who will get added to the community will became the contributor by default' successfully

2018-08-16 16:36:32 - [TEST_STEP][PASSED] - Statement - If (retValue == true): null

2018-08-16 16:36:32 - [TEST_STEP][PASSED] - Statement - assert retValue == true: null]]></system-out>
         <system-err><![CDATA[]]></system-err>
      </testcase>
      <testcase name="Test Cases/TestCases/Social_SecurityAndRole_MOB-3489/TC-135456_TC-135457 Moderator is able to delete blog post in the Blog pcreated by self" classname="Test Cases/TestCases/Social_SecurityAndRole_MOB-3489/TC-135456_TC-135457 Moderator is able to delete blog post in the Blog pcreated by self" status="PASSED">
         <system-out><![CDATA[2018-08-16 16:36:32 - [TEST_CASE][PASSED] - Test Cases/TestCases/Social_SecurityAndRole_MOB-3489/TC-135456_TC-135457 Moderator is able to delete blog post in the Blog pcreated by self: Test Cases/TestCases/Social_SecurityAndRole_MOB-3489/TC-135456_TC-135457 Moderator is able to delete blog post in the Blog pcreated by self

2018-08-16 16:36:32 - [TEST_STEP][PASSED] - Statement - data = com.kms.katalon.core.testdata.TestDataFactory.findTestData(TestData): Reading CSV file with source file 'comma', separator 'containing header' and '{2}'

2018-08-16 16:36:32 - [TEST_STEP][PASSED] - Statement - res = com.kms.katalon.core.webui.keyword.WebUiBuiltInKeywords.callTestCase(com.kms.katalon.core.testcase.TestCaseFactory.findTestCase(Library/Community/Create Community), ["communityName":data.getValue("CommunityName", 48), "CommunityDesc":data.getValue("CommunityDesc", 48), "allowDiscussionBoards":true, ... ], STOP_ON_FAILURE): Call Test Case 'Test Cases/Library/Community/Create Community' successfully

2018-08-16 16:36:32 - [TEST_CASE][PASSED] - Test Cases/Library/Community/Create Community: Test Cases/Library/Community/Create Community

2018-08-16 16:36:32 - [TEST_STEP][PASSED] - Statement - request = com.kms.katalon.core.testobject.ObjectRepository.findTestObject(Community/POST Create Community, [host:internal.GlobalVariable.g_URL]): Finding Test Object with id 'Object Repository/Community/POST Create Community'

2018-08-16 16:36:32 - [TEST_STEP][PASSED] - Statement - request.setHttpHeaderProperties(CustomKeywords.requestHeaders.Headers.AddHeaders()): requestHeaders.Headers.AddHeaders is PASSED

2018-08-16 16:36:32 - [MESSAGE][PASSED] - requestHeaders.Headers.AddHeaders is PASSED

2018-08-16 16:36:32 - [TEST_STEP][PASSED] - Statement - reponse = <not implemented yet for class: org.codehaus.groovy.ast.expr.EmptyExpression>: null

2018-08-16 16:36:32 - [TEST_STEP][PASSED] - Statement - vsRequestBody = "": null

2018-08-16 16:36:32 - [TEST_STEP][PASSED] - Statement - vsRequestBody = request.getHttpBody(): null

2018-08-16 16:36:32 - [TEST_STEP][PASSED] - Statement - vsRequestBody = vsRequestBody.replace("${CommunityName}", """ + communityName + """): null

2018-08-16 16:36:32 - [TEST_STEP][PASSED] - Statement - vsRequestBody = vsRequestBody.replace("${CommunityDesc}", """ + CommunityDesc + """): null

2018-08-16 16:36:32 - [TEST_STEP][PASSED] - Statement - vsRequestBody = vsRequestBody.replace("${allowDiscussionBoards}", """ + allowDiscussionBoards + """): null

2018-08-16 16:36:32 - [TEST_STEP][PASSED] - Statement - vsRequestBody = vsRequestBody.replace("${allowBlogPosts}", """ + allowBlogPosts + """): null

2018-08-16 16:36:32 - [TEST_STEP][PASSED] - Statement - vsRequestBody = vsRequestBody.replace("${allowFileUploads}", """ + allowFileUploads + """): null

2018-08-16 16:36:32 - [TEST_STEP][PASSED] - Statement - vsRequestBody = vsRequestBody.replace("${isPrivate}", """ + isPrivate + """): null

2018-08-16 16:36:32 - [TEST_STEP][PASSED] - Statement - vsRequestBody = vsRequestBody.replace("${userName}", """ + userName + """): null

2018-08-16 16:36:32 - [TEST_STEP][PASSED] - Statement - vsRequestBody = vsRequestBody.replace("${userId}", """ + userId + """): null

2018-08-16 16:36:32 - [TEST_STEP][PASSED] - Statement - vsRequestBody = vsRequestBody.replace("${role}", """ + role + """): null

2018-08-16 16:36:32 - [TEST_STEP][PASSED] - Statement - vsRequestBody = vsRequestBody.replace("${userStatus}", """ + userStatus + """): null

2018-08-16 16:36:32 - [TEST_STEP][PASSED] - Statement - vsRequestBody = vsRequestBody.replace("${communityCode}", """ + communityCode + """): null

2018-08-16 16:36:32 - [TEST_STEP][PASSED] - Statement - vsRequestBody = vsRequestBody.replace("${hidden}", """ + isHidden + """): null

2018-08-16 16:36:32 - [TEST_STEP][PASSED] - Statement - request.setHttpBody(vsRequestBody): null

2018-08-16 16:36:32 - [TEST_STEP][PASSED] - Statement - response = com.kms.katalon.core.webservice.keyword.WSBuiltInKeywords.sendRequest(request): Send request successfully

2018-08-16 16:36:32 - [MESSAGE][PASSED] - Send request successfully

2018-08-16 16:36:32 - [TEST_STEP][PASSED] - verifyResponseStatusCode: Verify response status code successfully

2018-08-16 16:36:32 - [MESSAGE][PASSED] - Verify response status code successfully

2018-08-16 16:36:32 - [TEST_STEP][PASSED] - containsString: Check contain string successfully

2018-08-16 16:36:32 - [MESSAGE][PASSED] - Check contain string successfully

2018-08-16 16:36:32 - [TEST_STEP][PASSED] - Statement - return response: null

2018-08-16 16:36:32 - [MESSAGE][PASSED] - Call Test Case 'Test Cases/Library/Community/Create Community' successfully

2018-08-16 16:36:32 - [TEST_STEP][PASSED] - Statement - CommunityID = id: getAttributeValue.GetAttributeValue.GetAttribute is PASSED

2018-08-16 16:36:32 - [MESSAGE][PASSED] - getAttributeValue.GetAttributeValue.GetAttribute is PASSED

2018-08-16 16:36:32 - [TEST_STEP][PASSED] - Statement - res1 = com.kms.katalon.core.webui.keyword.WebUiBuiltInKeywords.callTestCase(com.kms.katalon.core.testcase.TestCaseFactory.findTestCase(Library/Community/Add a member to community), ["rating":"2", "userID":g_NameTemp, "userName":data.getValue("Moderator", 48), "communityID":CommunityID], STOP_ON_FAILURE): Call Test Case 'Test Cases/Library/Community/Add a member to community' successfully

2018-08-16 16:36:32 - [TEST_CASE][PASSED] - Test Cases/Library/Community/Add a member to community: Test Cases/Library/Community/Add a member to community

2018-08-16 16:36:32 - [TEST_STEP][PASSED] - Statement - request = com.kms.katalon.core.testobject.ObjectRepository.findTestObject(Object Repository/Community/Add a member to community, [host:internal.GlobalVariable.g_URL, CommunityID:communityID]): Finding Test Object with id 'Object Repository/Community/Add a member to community'

2018-08-16 16:36:32 - [TEST_STEP][PASSED] - Statement - request.setHttpHeaderProperties(CustomKeywords.requestHeaders.Headers.AddHeaders()): requestHeaders.Headers.AddHeaders is PASSED

2018-08-16 16:36:32 - [MESSAGE][PASSED] - requestHeaders.Headers.AddHeaders is PASSED

2018-08-16 16:36:32 - [TEST_STEP][PASSED] - Statement - reponse = <not implemented yet for class: org.codehaus.groovy.ast.expr.EmptyExpression>: null

2018-08-16 16:36:32 - [TEST_STEP][PASSED] - Statement - vsRequestBody = "": null

2018-08-16 16:36:32 - [TEST_STEP][PASSED] - Statement - vsRequestBody = request.getHttpBody(): null

2018-08-16 16:36:32 - [TEST_STEP][PASSED] - Statement - vsRequestBody = vsRequestBody.replace("${rating}", """ + rating + """): null

2018-08-16 16:36:32 - [TEST_STEP][PASSED] - Statement - vsRequestBody = vsRequestBody.replace("${userID}", """ + userID + """): null

2018-08-16 16:36:32 - [TEST_STEP][PASSED] - Statement - vsRequestBody = vsRequestBody.replace("${userName}", """ + userName + """): null

2018-08-16 16:36:32 - [TEST_STEP][PASSED] - Statement - request.setHttpBody(vsRequestBody): null

2018-08-16 16:36:32 - [TEST_STEP][PASSED] - Statement - response = com.kms.katalon.core.webservice.keyword.WSBuiltInKeywords.sendRequest(request): Send request successfully

2018-08-16 16:36:32 - [MESSAGE][PASSED] - Send request successfully

2018-08-16 16:36:32 - [TEST_STEP][PASSED] - verifyResponseStatusCode: Verify response status code successfully

2018-08-16 16:36:32 - [MESSAGE][PASSED] - Verify response status code successfully

2018-08-16 16:36:32 - [TEST_STEP][PASSED] - Statement - return response: null

2018-08-16 16:36:32 - [MESSAGE][PASSED] - Call Test Case 'Test Cases/Library/Community/Add a member to community' successfully

2018-08-16 16:36:32 - [TEST_STEP][PASSED] - verifyResponseStatusCode: Verify response status code successfully

2018-08-16 16:36:32 - [MESSAGE][PASSED] - Verify response status code successfully

2018-08-16 16:36:32 - [TEST_STEP][PASSED] - Statement - res2 = com.kms.katalon.core.webui.keyword.WebUiBuiltInKeywords.callTestCase(com.kms.katalon.core.testcase.TestCaseFactory.findTestCase(Library/Moderator/Create a blog under community), ["blogName":data.getValue("BlogName", 48), "blogDesc":data.getValue("BlogDesc", 48), "CommunityID":CommunityID], STOP_ON_FAILURE): Call Test Case 'Test Cases/Library/Moderator/Create a blog under community' successfully

2018-08-16 16:36:32 - [TEST_CASE][PASSED] - Test Cases/Library/Moderator/Create a blog under community: Test Cases/Library/Moderator/Create a blog under community

2018-08-16 16:36:32 - [TEST_STEP][PASSED] - Statement - request = com.kms.katalon.core.testobject.ObjectRepository.findTestObject(Object Repository/Community/Create blog under community, [host:internal.GlobalVariable.g_URL, communityID:CommunityID]): Finding Test Object with id 'Object Repository/Community/Create blog under community'

2018-08-16 16:36:32 - [TEST_STEP][PASSED] - Statement - request.setHttpHeaderProperties(CustomKeywords.requestHeaders.Headers.AddHeaders(g_ModeratorToken)): requestHeaders.Headers.AddHeaders is PASSED

2018-08-16 16:36:32 - [MESSAGE][PASSED] - requestHeaders.Headers.AddHeaders is PASSED

2018-08-16 16:36:32 - [TEST_STEP][PASSED] - Statement - reponse = <not implemented yet for class: org.codehaus.groovy.ast.expr.EmptyExpression>: null

2018-08-16 16:36:32 - [TEST_STEP][PASSED] - Statement - vsRequestBody = "": null

2018-08-16 16:36:32 - [TEST_STEP][PASSED] - Statement - vsRequestBody = request.getHttpBody(): null

2018-08-16 16:36:32 - [TEST_STEP][PASSED] - Statement - vsRequestBody = vsRequestBody.replace("${blogName}", """ + blogName + """): null

2018-08-16 16:36:32 - [TEST_STEP][PASSED] - Statement - vsRequestBody = vsRequestBody.replace("${blogDesc}", """ + blogDesc + """): null

2018-08-16 16:36:32 - [TEST_STEP][PASSED] - Statement - vsRequestBody = vsRequestBody.replace("${CommunityID}", """ + CommunityID + """): null

2018-08-16 16:36:32 - [TEST_STEP][PASSED] - Statement - request.setHttpBody(vsRequestBody): null

2018-08-16 16:36:32 - [TEST_STEP][PASSED] - Statement - response = com.kms.katalon.core.webservice.keyword.WSBuiltInKeywords.sendRequest(request): Send request successfully

2018-08-16 16:36:33 - [MESSAGE][PASSED] - Send request successfully

2018-08-16 16:36:33 - [TEST_STEP][PASSED] - verifyResponseStatusCode: Verify response status code successfully

2018-08-16 16:36:33 - [MESSAGE][PASSED] - Verify response status code successfully

2018-08-16 16:36:33 - [TEST_STEP][PASSED] - Statement - return response: null

2018-08-16 16:36:33 - [MESSAGE][PASSED] - Call Test Case 'Test Cases/Library/Moderator/Create a blog under community' successfully

2018-08-16 16:36:33 - [TEST_STEP][PASSED] - verifyResponseStatusCode: Verify response status code successfully

2018-08-16 16:36:33 - [MESSAGE][PASSED] - Verify response status code successfully

2018-08-16 16:36:33 - [TEST_STEP][PASSED] - Statement - res3 = com.kms.katalon.core.webui.keyword.WebUiBuiltInKeywords.callTestCase(com.kms.katalon.core.testcase.TestCaseFactory.findTestCase(Library/Moderator/Get Blog Details), ["CommunityID":CommunityID], STOP_ON_FAILURE): Call Test Case 'Test Cases/Library/Moderator/Get Blog Details' successfully

2018-08-16 16:36:33 - [TEST_CASE][PASSED] - Test Cases/Library/Moderator/Get Blog Details: Test Cases/Library/Moderator/Get Blog Details

2018-08-16 16:36:33 - [TEST_STEP][PASSED] - Statement - request = com.kms.katalon.core.testobject.ObjectRepository.findTestObject(Object Repository/Community/Get Blogs, [host:internal.GlobalVariable.g_URL, CommunityID:CommunityID]): Finding Test Object with id 'Object Repository/Community/Get Blogs'

2018-08-16 16:36:33 - [TEST_STEP][PASSED] - Statement - request.setHttpHeaderProperties(CustomKeywords.requestHeaders.Headers.AddHeaders(g_ModeratorToken)): requestHeaders.Headers.AddHeaders is PASSED

2018-08-16 16:36:33 - [MESSAGE][PASSED] - requestHeaders.Headers.AddHeaders is PASSED

2018-08-16 16:36:33 - [TEST_STEP][PASSED] - Statement - response = com.kms.katalon.core.webservice.keyword.WSBuiltInKeywords.sendRequest(request): Send request successfully

2018-08-16 16:36:33 - [MESSAGE][PASSED] - Send request successfully

2018-08-16 16:36:33 - [TEST_STEP][PASSED] - Statement - return response: null

2018-08-16 16:36:33 - [MESSAGE][PASSED] - Call Test Case 'Test Cases/Library/Moderator/Get Blog Details' successfully

2018-08-16 16:36:33 - [TEST_STEP][PASSED] - Statement - val = CustomKeywords.getString.GetString.GetStringFromResponse("id", res3): getString.GetString.GetStringFromResponse is PASSED

2018-08-16 16:36:33 - [MESSAGE][PASSED] - getString.GetString.GetStringFromResponse is PASSED

2018-08-16 16:36:33 - [TEST_STEP][PASSED] - Statement - res4 = com.kms.katalon.core.webui.keyword.WebUiBuiltInKeywords.callTestCase(com.kms.katalon.core.testcase.TestCaseFactory.findTestCase(Library/Moderator/Delete Blog), ["CommunityID":CommunityID, "BlogID":val], STOP_ON_FAILURE): Call Test Case 'Test Cases/Library/Moderator/Delete Blog' successfully

2018-08-16 16:36:33 - [TEST_CASE][PASSED] - Test Cases/Library/Moderator/Delete Blog: Test Cases/Library/Moderator/Delete Blog

2018-08-16 16:36:33 - [TEST_STEP][PASSED] - Statement - request = com.kms.katalon.core.testobject.ObjectRepository.findTestObject(Object Repository/Community/Delete Blog, [host:internal.GlobalVariable.g_URL, CommunityID:CommunityID, BlogID:BlogID]): Finding Test Object with id 'Object Repository/Community/Delete Blog'

2018-08-16 16:36:33 - [TEST_STEP][PASSED] - Statement - request.setHttpHeaderProperties(CustomKeywords.requestHeaders.Headers.AddHeaders(g_ModeratorToken)): requestHeaders.Headers.AddHeaders is PASSED

2018-08-16 16:36:33 - [MESSAGE][PASSED] - requestHeaders.Headers.AddHeaders is PASSED

2018-08-16 16:36:33 - [TEST_STEP][PASSED] - Statement - response = com.kms.katalon.core.webservice.keyword.WSBuiltInKeywords.sendRequest(request): Send request successfully

2018-08-16 16:36:33 - [MESSAGE][PASSED] - Send request successfully

2018-08-16 16:36:33 - [TEST_STEP][PASSED] - Statement - return response: null

2018-08-16 16:36:33 - [MESSAGE][PASSED] - Call Test Case 'Test Cases/Library/Moderator/Delete Blog' successfully

2018-08-16 16:36:33 - [TEST_STEP][PASSED] - verifyResponseStatusCode: Verify response status code successfully

2018-08-16 16:36:33 - [MESSAGE][PASSED] - Verify response status code successfully]]></system-out>
         <system-err><![CDATA[]]></system-err>
      </testcase>
      <system-out><![CDATA[2018-08-16 16:25:27 - [TEST_SUITE][FAILED] - All: Test Cases/TestCases/MD-2552 AdhocCommunity_MOB-3482/TC-19861Check user will not able to rate the community if rating is private FAILED because (of) Unable to verify response status code (Root cause: Expected status code is '200' but actual status code is '403')]]></system-out>
      <system-err><![CDATA[2018-08-16 16:25:27 - [TEST_SUITE][FAILED] - All: Test Cases/TestCases/MD-2552 AdhocCommunity_MOB-3482/TC-19861Check user will not able to rate the community if rating is private FAILED because (of) Unable to verify response status code (Root cause: Expected status code is '200' but actual status code is '403')]]></system-err>
   </testsuite>
</testsuites>
